{
    "start_time": "2024-03-11_11-18-29-638026",
    "task": "def text_starta_endb(text):\n'''Write a function that matches a string that has an 'a' followed by anything, ending in 'b'.\nassert text_starta_endb(\"aabbbb\")'''\n",
    "datetime": {
        "task": "2024-03-11 11:18:29",
        "task-id": "2024-03-11 11:18:29",
        "workflow": "2024-03-11 11:18:29",
        "Discussion": "2024-03-11 11:18:31",
        "DisorderedSprintMeetings": "2024-03-11 11:18:32",
        "UserStoryDraft0": "2024-03-11 11:19:27",
        "AnalyzeMeetings": "2024-03-11 11:19:29",
        "UserStory0": "2024-03-11 11:19:32",
        "CodeDraft0": "2024-03-11 11:19:33",
        "CodeReviewMeetings0": "2024-03-11 11:19:34",
        "Code0CR": "2024-03-11 11:19:35",
        "FinalCode": "2024-03-11 11:20:07",
        "Test Cases Draft": "2024-03-11 11:19:38",
        "Test Cases Meetings": "2024-03-11 11:19:39",
        "Test Cases": "2024-03-11 11:19:42",
        "Code0": "2024-03-11 11:19:42",
        "TestScriptOriginal": "2024-03-11 11:19:44",
        "TestScript": "2024-03-11 11:19:44",
        "ScriptResult0": "2024-03-11 11:19:44",
        "TestReport0": "2024-03-11 11:19:47",
        "SprintReview0": "2024-03-11 11:19:49",
        "SprintReviewMeetings0": "2024-03-11 11:19:51",
        "RepairResponse0": "2024-03-11 11:19:52",
        "Code1": "2024-03-11 11:19:52",
        "ScriptResult1": "2024-03-11 11:19:52",
        "TestReport1": "2024-03-11 11:19:55",
        "SprintReview1": "2024-03-11 11:19:57",
        "SprintReviewMeetings1": "2024-03-11 11:19:58",
        "RepairResponse1": "2024-03-11 11:20:00",
        "Code2": "2024-03-11 11:20:00",
        "ScriptResult2": "2024-03-11 11:20:00",
        "TestReport2": "2024-03-11 11:20:03",
        "SprintReview2": "2024-03-11 11:20:05",
        "SprintReviewMeetings2": "2024-03-11 11:20:06",
        "RepairResponse2": "2024-03-11 11:20:07",
        "Code3": "2024-03-11 11:20:07",
        "ScriptResult3": "2024-03-11 11:20:07",
        "TestReport3": "2024-03-11 11:20:10"
    },
    "task-id": 794,
    "workflow": "agile/agile_version_0.0.5_remove.json",
    "Discussion": "[ScrumMaster]says: We have a job: def text_starta_endb(text):\n'''Write a function that matches a string that has an 'a' followed by anything, ending in 'b'.\nassert text_starta_endb(\"aabbbb\")'''\n, do you have any ideas?\n-----\n\n[Tester]says: As a Tester, I would suggest writing multiple test cases to ensure the function handles different scenarios accurately.\n-----\n\n[Developer]says: As a Developer, I think we should start by defining the function and then use regular expressions to match the given pattern.\n-----\n\n[ProductOwner]says: As a Product Owner, I think we should consider the user requirements and prioritize creating a user-friendly solution.\n-----\n\n[Architect]says: As an architect, I think the first step is to define the architecture and design of the function to match the given criteria. It is important that we consider the scalability and efficiency of the solution.\n-----\n\n[Developer]says: As a Developer, I agree with using regular expressions to match the given pattern and I can start defining the function.\n-----\n\n[Tester]says: As a Tester, I would suggest writing multiple test cases to ensure the function handles different scenarios accurately.\n-----\n\n[ProductOwner]says: As a Product Owner, I believe we should prioritize creating a user-friendly solution that meets the user requirements.\n-----\n\n[Architect]says: As an architect, I think the first step is to define the architecture and design of the function to match the given criteria. It is important that we consider the scalability and efficiency of the solution.\n-----\n",
    "DisorderedSprintMeetings": "{\n  \"product-owner\":[\"Consider user requirements\",\"Prioritize user-friendly solution\"],\n  \"architect\":[\"Define function architecture and design\",\"Consider scalability and efficiency\"],\n  \"developer\":[\"Define the function\",\"Use regular expressions to match the given pattern\"],\n  \"tester\":[\"Write multiple test cases\",\"Ensure function handles different scenarios accurately\"]\n}",
    "DisorderedSprintMeetings_prompt": "{\"Role\": \"You are a professional scrum master. Your goal is to breakdown the Discussion History into a task list for the scrum team.\", \"Instruction\": \"1. Read and Understand the Discussion History. 2. Define the tasks for four roles: product-owner/architect/developer/tester. 3. Response in JSON format.\", \"Example\": \"{\\\"product-owner\\\":[\\\"task1\\\",\\\"task2\\\"],\\\"architect\\\":[\\\"task1\\\",\\\"task2\\\"], \\\"developer\\\":[\\\"task1\\\",\\\"task2\\\"], \\\"tester\\\":[\\\"task1\\\",\\\"task2\\\"]}\", \"Context\": \"[ScrumMaster]says: We have a job: def text_starta_endb(text):\\n'''Write a function that matches a string that has an 'a' followed by anything, ending in 'b'.\\nassert text_starta_endb(\\\"aabbbb\\\")'''\\n, do you have any ideas?\\n-----\\n\\n[Tester]says: As a Tester, I would suggest writing multiple test cases to ensure the function handles different scenarios accurately.\\n-----\\n\\n[Developer]says: As a Developer, I think we should start by defining the function and then use regular expressions to match the given pattern.\\n-----\\n\\n[ProductOwner]says: As a Product Owner, I think we should consider the user requirements and prioritize creating a user-friendly solution.\\n-----\\n\\n[Architect]says: As an architect, I think the first step is to define the architecture and design of the function to match the given criteria. It is important that we consider the scalability and efficiency of the solution.\\n-----\\n\\n[Developer]says: As a Developer, I agree with using regular expressions to match the given pattern and I can start defining the function.\\n-----\\n\\n[Tester]says: As a Tester, I would suggest writing multiple test cases to ensure the function handles different scenarios accurately.\\n-----\\n\\n[ProductOwner]says: As a Product Owner, I believe we should prioritize creating a user-friendly solution that meets the user requirements.\\n-----\\n\\n[Architect]says: As an architect, I think the first step is to define the architecture and design of the function to match the given criteria. It is important that we consider the scalability and efficiency of the solution.\\n-----\\n\", \"Question\": \"Follow the Instruction section. The Discussion History is in the Context section. You only need to return a task list as the Example section.\"}",
    "UserStoryDraft0": "{\n  \"UserStory\": {\n    \"As a user, I want to be able to input a text and have a function verify if the text starts with 'a' and ends with 'b', so that I can quickly determine if the text meets this specific pattern.\"\n \t\t\t\t\n \t\t\n \t\n \t\n \t\n \t\n \t\n \t\n \t\n \t\n \t\n \t\n \t\n \t\n \t\n \t\n \t\n \t\n \t\n \t\n \t\n \t\n \t\n \t\n \t\n \t\n \t\n \t\n \t\n \t\n \t\n \t\n \t\n \t\n \t\n \t\n \t\n \t\n \t\n \t\n \t\n \t\n \t\n \t\n \t\n \t\n \t\n \t\n \t\n \t\n \t\n \t\n \t\n \t\n \t\n \t\n \t\n \t\n \t\n \t\n \t\n \t\n \t\n \t\n \t\n \t\n \t\n \t\n \t\n \t\n \t\n \t\n \t\n \t\n \t\n \t\n \t\n \t\n \t\n \t\n \t\n \t\n \t\n \t\n \t\n \t\n \t\n \t\n \t\n \t\n \t\n \t\n \t\n \t\n \t\n \t\n \t\n \t\n \t\n \t\n \t\n ",
    "UserStoryDraft0_prompt": "{\"Role\": \"You need to act as a professional product owner. Your task is to write a UserStory\", \"Instruction\": \"According to the Context, please analyze the requirement and write your response. Response in JSON format. Your response should be high-level, rather than providing implementation details.\", \"Example\": \"\", \"Context\": [\"Consider user requirements\", \"Prioritize user-friendly solution\"], \"Question\": \"Follow the Instruction. The requirement is as follows:\\ndef text_starta_endb(text):\\n'''Write a function that matches a string that has an 'a' followed by anything, ending in 'b'.\\nassert text_starta_endb(\\\"aabbbb\\\")'''\\n\"}",
    "AnalyzeMeetings": "{\n  \"Architect\": \"To verify if the text starts with 'a' and ends with 'b', a simple regular expression can be used. The function should take the input text and apply the regular expression to check for the pattern. It should also handle the case where the input text is empty.\",\n  \"Tester\": \"The testing should include various scenarios such as input text starting with 'a' and ending with 'b', input text not starting with 'a' but ending with 'b', input text starting with 'a' but not ending with 'b', and input text not starting with 'a' and not ending with 'b'. Additionally, edge cases like empty input text should be tested as well.\"\n}",
    "UserStory0": "{\n  \"RevisedDocument\": {\n    \"UserStory\": \"As a user, I want to be able to input a text and have a function verify if the text starts with 'a' and ends with 'b', so that I can quickly determine if the text meets this specific pattern.\",\n    \"RevisedSuggestions\": {\n      \"Architect\": \"The function should be designed to take the input text and apply a regular expression to check for the specified pattern of starting with 'a' and ending with 'b'. It should handle the case where the input text is empty.\",\n      \"Tester\": \"The testing should cover various scenarios, including input text starting with 'a' and ending with 'b', input text not starting with 'a' but ending with 'b', input text starting with 'a' but not ending with 'b', input text not starting with 'a' and not ending with 'b', and edge cases like empty input text.\"\n    }\n  }\n}",
    "UserStory0_prompt": {
        "Role": "You need to act as a professional product owner. Your duty is to revise the document based on the suggestions.",
        "Instruction": "1. Read the suggestions. 2. Revise your draft version document. 3. Response in JSON format. 4. REMEMBER: Your analysis should be high-level, rather than providing implementation details.",
        "Example": "",
        "Context": "# Suggestion:\n{\n  \"Architect\": \"To verify if the text starts with 'a' and ends with 'b', a simple regular expression can be used. The function should take the input text and apply the regular expression to check for the pattern. It should also handle the case where the input text is empty.\",\n  \"Tester\": \"The testing should include various scenarios such as input text starting with 'a' and ending with 'b', input text not starting with 'a' but ending with 'b', input text starting with 'a' but not ending with 'b', and input text not starting with 'a' and not ending with 'b'. Additionally, edge cases like empty input text should be tested as well.\"\n}",
        "Question": "Follow the Instruction. Your colleague give you some suggestions(in the Context section) about this draft document:{\n  \"UserStory\": {\n    \"As a user, I want to be able to input a text and have a function verify if the text starts with 'a' and ends with 'b', so that I can quickly determine if the text meets this specific pattern.\"\n \t\t\t\t\n \t\t\n \t\n \t\n \t\n \t\n \t\n \t\n \t\n \t\n \t\n \t\n \t\n \t\n \t\n \t\n \t\n \t\n \t\n \t\n \t\n \t\n \t\n \t\n \t\n \t\n \t\n \t\n \t\n \t\n \t\n \t\n \t\n \t\n \t\n \t\n \t\n \t\n \t\n \t\n \t\n \t\n \t\n \t\n \t\n \t\n \t\n \t\n \t\n \t\n \t\n \t\n \t\n \t\n \t\n \t\n \t\n \t\n \t\n \t\n \t\n \t\n \t\n \t\n \t\n \t\n \t\n \t\n \t\n \t\n \t\n \t\n \t\n \t\n \t\n \t\n \t\n \t\n \t\n \t\n \t\n \t\n \t\n \t\n \t\n \t\n \t\n \t\n \t\n \t\n \t\n \t\n \t\n \t\n \t\n \t\n \t\n \t\n \t\n \t\n \t\n "
    },
    "CodeDraft0": "def text_starta_endb(text):\n    pattern = r'a.*b$'\n    if re.match(pattern, text):\n        return True\n    else:\n        return False",
    "CodeDraft0_prompt": {
        "Role": "You are a professional engineer. Your duty is to write code in Python that meets the requirements. Ensure that the code you write is efficient, readable, and follows best practices. Remember, do not need to explain the code you wrote.",
        "Instruction": "According to the Context section, write your code.",
        "Example": "",
        "Context": "# Tasks:\n['Define the function', 'Use regular expressions to match the given pattern']",
        "Question": "Follow the Instruction section. Complete the following code:\ndef text_starta_endb(text):\n'''Write a function that matches a string that has an 'a' followed by anything, ending in 'b'.\nassert text_starta_endb(\"aabbbb\")'''\n"
    },
    "CodeReviewMeetings0": "{\n  \"Architect\": \"The code can be improved by using a more descriptive function name and adding comments to explain the purpose of the regex pattern. Also, consider using a more specific regex pattern to match the text.\",\n  \"Tester\": \"Test the function with different input texts to ensure it returns the correct result. Also, test edge cases and invalid input to check for any potential issues.\"\n}",
    "Code0CR": "def match_pattern(text):\n    '''\n    Function to match a string that has an 'a' followed by anything, ending in 'b'.\n    '''\n    import re\n    pattern = r'a.*b$'\n    return re.match(pattern, text) is not None",
    "Code0CR_prompt": "{\"Role\": \"You are a professional software engineer. Your duty is to write code in Python that meets the requirements. Ensure that the code you write is efficient, readable, and follows best practices. Remember, do not need to explain the code you wrote.\", \"Instruction\": \"1. Understand the suggestions(in the Context section) about the original code. 2. Rewrite your code.\", \"Example\": \"\", \"Context\": \"# Tasks:\\n['Define the function', 'Use regular expressions to match the given pattern']\\n# Suggestions:\\n{\\n  \\\"Architect\\\": \\\"The code can be improved by using a more descriptive function name and adding comments to explain the purpose of the regex pattern. Also, consider using a more specific regex pattern to match the text.\\\",\\n  \\\"Tester\\\": \\\"Test the function with different input texts to ensure it returns the correct result. Also, test edge cases and invalid input to check for any potential issues.\\\"\\n}\", \"Question\": \"Follow the Instruction section. Complete the following code:\\ndef text_starta_endb(text):\\n'''Write a function that matches a string that has an 'a' followed by anything, ending in 'b'.\\nassert text_starta_endb(\\\"aabbbb\\\")'''\\n\"}",
    "FinalCode": "import re\n\ndef text_starta_endb(text):\n    pattern = 'a.*b'\n    if re.search(pattern, text):\n        return True\n    else:\n        return False\n\nassert text_starta_endb(\"aabbbb\")",
    "Test Cases Draft": "{\n  \"test_cases\": [\n    {\n      \"Test Title\": \"Input text starts with 'a' and ends with 'b'\",\n      \"Input Data\": \"text = 'aab'\",\n      \"Expected Output\": \"True\"\n    },\n    {\n      \"Test Title\": \"Input text does not start with 'a' but ends with 'b'\",\n      \"Input Data\": \"text = 'bbb'\",\n      \"Expected Output\": \"False\"\n    },\n    {\n      \"Test Title\": \"Input text starts with 'a' but does not end with 'b'\",\n      \"Input Data\": \"text = 'aaa'\",\n      \"Expected Output\": \"False\"\n    },\n    {\n      \"Test Title\": \"Input text does not start with 'a' and does not end with 'b'\",\n      \"Input Data\": \"text = 'ccc'\",\n      \"Expected Output\": \"False\"\n    },\n    {\n      \"Test Title\": \"Edge case: Empty input text\",\n      \"Input Data\": \"text = ''\",\n      \"Expected Output\": \"False\"\n    }\n  ]\n}",
    "Test Cases Draft_prompt": "{\"Role\": \"You are a quality assurance engineer. Your duty is to design test cases for the developers.\", \"Instruction\": \"According to the Context section, write test cases. Don't write long strings in your test cases. Response in JSON format.\", \"Example\": \"{\\\"requirement analysis\\\":\\\"analysis\\\",\\\"test_cases\\\":[{\\\"Test Title\\\":\\\"title\\\", \\\"Input Data\\\":\\\"parameter1=[1,2,3],parameter2='123'\\\", \\\"Expected Output\\\":\\\"456\\\"},]}\", \"Context\": \"# UsrtStory:\\n{\\n  \\\"RevisedDocument\\\": {\\n    \\\"UserStory\\\": \\\"As a user, I want to be able to input a text and have a function verify if the text starts with 'a' and ends with 'b', so that I can quickly determine if the text meets this specific pattern.\\\",\\n    \\\"RevisedSuggestions\\\": {\\n      \\\"Architect\\\": \\\"The function should be designed to take the input text and apply a regular expression to check for the specified pattern of starting with 'a' and ending with 'b'. It should handle the case where the input text is empty.\\\",\\n      \\\"Tester\\\": \\\"The testing should cover various scenarios, including input text starting with 'a' and ending with 'b', input text not starting with 'a' but ending with 'b', input text starting with 'a' but not ending with 'b', input text not starting with 'a' and not ending with 'b', and edge cases like empty input text.\\\"\\n    }\\n  }\\n}\\n# Tasks:\\n['Write multiple test cases', 'Ensure function handles different scenarios accurately']\\n\", \"Question\": \"def text_starta_endb(text):\\n'''Write a function that matches a string that has an 'a' followed by anything, ending in 'b'.\\nassert text_starta_endb(\\\"aabbbb\\\")'''\\n\"}",
    "Test Cases Meetings": "{\n  \"Architect\": \"As an Architect, I suggest revising the test cases to include boundary cases such as testing with long input text, special characters, and numbers to ensure comprehensive coverage of all possible scenarios.\"\n  ,\n  \"Developer\": \"As a Developer, I suggest revising the test cases to add negative test cases, such as testing for input text that contains both 'a' and 'b' but in a different order, to ensure robustness of the code.\"\n}",
    "Test Cases": "{\n  \"test_cases\": [\n    {\n      \"Test Title\": \"Input text starts with 'a' and ends with 'b'\",\n      \"Input Data\": \"text = 'aabbbb'\",\n      \"Expected Output\": \"True\"\n    },\n    {\n      \"Test Title\": \"Input text does not start with 'a' but ends with 'b'\",\n      \"Input Data\": \"text = 'bbba'\",\n      \"Expected Output\": \"False\"\n    },\n    {\n      \"Test Title\": \"Input text starts with 'a' but does not end with 'b'\",\n      \"Input Data\": \"text = 'aaa'\",\n      \"Expected Output\": \"False\"\n    },\n    {\n      \"Test Title\": \"Input text does not start with 'a' and does not end with 'b'\",\n      \"Input Data\": \"text = 'ccc'\",\n      \"Expected Output\": \"False\"\n    },\n    {\n      \"Test Title\": \"Edge case: Empty input text\",\n      \"Input Data\": \"text = ''\",\n      \"Expected Output\": \"False\"\n    }\n  ]\n}",
    "Test Cases_prompt": "{\"Role\": \"You are a quality assurance engineer. Your duty is to revise the test cases based on the suggestions.\", \"Instruction\": \"1. Your colleague give you some suggestions(in the Context section) about the draft test cases, read these suggestions. 2. Revise your draft version test cases, but don't use long parameters. 3. Response in JSON format.\", \"Example\": \"{\\\"requirement analysis\\\":\\\"analysis\\\",\\\"test_cases\\\":[{\\\"Test Title\\\":\\\"title\\\", \\\"Input Data\\\":\\\"parameter1=[1,2,3],parameter2='123'\\\", \\\"Expected Output\\\":\\\"456\\\"},]}\", \"Context\": \"# Suggestions:\\n{\\n  \\\"Architect\\\": \\\"As an Architect, I suggest revising the test cases to include boundary cases such as testing with long input text, special characters, and numbers to ensure comprehensive coverage of all possible scenarios.\\\"\\n  ,\\n  \\\"Developer\\\": \\\"As a Developer, I suggest revising the test cases to add negative test cases, such as testing for input text that contains both 'a' and 'b' but in a different order, to ensure robustness of the code.\\\"\\n}\\n # Draft Test cases:\\n{\\n  \\\"test_cases\\\": [\\n    {\\n      \\\"Test Title\\\": \\\"Input text starts with 'a' and ends with 'b'\\\",\\n      \\\"Input Data\\\": \\\"text = 'aab'\\\",\\n      \\\"Expected Output\\\": \\\"True\\\"\\n    },\\n    {\\n      \\\"Test Title\\\": \\\"Input text does not start with 'a' but ends with 'b'\\\",\\n      \\\"Input Data\\\": \\\"text = 'bbb'\\\",\\n      \\\"Expected Output\\\": \\\"False\\\"\\n    },\\n    {\\n      \\\"Test Title\\\": \\\"Input text starts with 'a' but does not end with 'b'\\\",\\n      \\\"Input Data\\\": \\\"text = 'aaa'\\\",\\n      \\\"Expected Output\\\": \\\"False\\\"\\n    },\\n    {\\n      \\\"Test Title\\\": \\\"Input text does not start with 'a' and does not end with 'b'\\\",\\n      \\\"Input Data\\\": \\\"text = 'ccc'\\\",\\n      \\\"Expected Output\\\": \\\"False\\\"\\n    },\\n    {\\n      \\\"Test Title\\\": \\\"Edge case: Empty input text\\\",\\n      \\\"Input Data\\\": \\\"text = ''\\\",\\n      \\\"Expected Output\\\": \\\"False\\\"\\n    }\\n  ]\\n}\", \"Question\": \"Follow the Instruction. Please make sure your response length are less than 512. Your test cases is for the below question:\\ndef text_starta_endb(text):\\n'''Write a function that matches a string that has an 'a' followed by anything, ending in 'b'.\\nassert text_starta_endb(\\\"aabbbb\\\")'''\\n\"}",
    "Code0": "def text_starta_endb(text):\n    import re\n    pattern = r'a.*b$'\n    return re.match(pattern, text) is not None",
    "Code0_prompt": {
        "Role": "You are a professional software engineer. Your duty is to write code in Python that meets the requirements. Ensure that the code you write is efficient, readable, and follows best practices. Remember, do not need to explain the code you wrote.",
        "Instruction": "1. Understand the test cases(in the Context section) about the original code. 2. Rewrite your code, make sure your code pass all test cases.",
        "Example": "",
        "Context": "# Original Code:\ndef match_pattern(text):\n    '''\n    Function to match a string that has an 'a' followed by anything, ending in 'b'.\n    '''\n    import re\n    pattern = r'a.*b$'\n    return re.match(pattern, text) is not None\n# Test Cases:\n{\n  \"test_cases\": [\n    {\n      \"Test Title\": \"Input text starts with 'a' and ends with 'b'\",\n      \"Input Data\": \"text = 'aabbbb'\",\n      \"Expected Output\": \"True\"\n    },\n    {\n      \"Test Title\": \"Input text does not start with 'a' but ends with 'b'\",\n      \"Input Data\": \"text = 'bbba'\",\n      \"Expected Output\": \"False\"\n    },\n    {\n      \"Test Title\": \"Input text starts with 'a' but does not end with 'b'\",\n      \"Input Data\": \"text = 'aaa'\",\n      \"Expected Output\": \"False\"\n    },\n    {\n      \"Test Title\": \"Input text does not start with 'a' and does not end with 'b'\",\n      \"Input Data\": \"text = 'ccc'\",\n      \"Expected Output\": \"False\"\n    },\n    {\n      \"Test Title\": \"Edge case: Empty input text\",\n      \"Input Data\": \"text = ''\",\n      \"Expected Output\": \"False\"\n    }\n  ]\n}",
        "Question": "def text_starta_endb(text):\n'''Write a function that matches a string that has an 'a' followed by anything, ending in 'b'.\nassert text_starta_endb(\"aabbbb\")'''\n"
    },
    "TestScriptOriginal": "import re\n\ndef text_starta_endb(text):\n    pattern = r'a.*b$'\n    if re.search(pattern, text):\n        return 1\n    else:\n        return 0\n\nimport unittest\n\nclass Test(unittest.TestCase):\n    def test(self):\n        self.assertEqual(text_starta_endb('aabbbb'), 1)\n\nif __name__ == '__main__':\n    unittest.main()",
    "TestScriptOriginal_prompt": "{\"Role\": \"You are a quality assurance engineer. Your duty is to write a python test script in unittest framework.\", \"Instruction\": \"1. Write a python test script. 2. Use the input and output given by the question.\", \"Example\": \"import unittest\\n\\nclass Test(unittest.TestCase):\\n    def test(self):\\n        self.assertEqual(function_under_test('a'), 1)\\n\\nif __name__ == '__main__':\\n    unittest.main()\", \"Context\": \"\", \"Question\": \"def text_starta_endb(text):\\n'''Write a function that matches a string that has an 'a' followed by anything, ending in 'b'.\\nassert text_starta_endb(\\\"aabbbb\\\")'''\\n\"}",
    "TestScript": "import re\n\nclass Test(unittest.TestCase):\n    def test(self):\n        self.assertEqual(text_starta_endb('aabbbb'), 1)\n\nif __name__ == '__main__':\n    unittest.main()",
    "ScriptResult0": "Traceback (most recent call last):\n  File \"/Users/watch/PycharmProjects/XXXX-1-LLM/workspace/2024-03-11_11-18-29-638026/test_script.py\", line 7, in <module>\n    class Test(unittest.TestCase):\nNameError: name 'unittest' is not defined\n",
    "TestReport0": "Test Report\n\nContext:\nThe test script's output is as follows:\nTraceback (most recent call last):\n  File \"/Users/watch/PycharmProjects/XXXX-1-LLM/workspace/2024-03-11_11-18-29-638026/test_script.py\", line 7, in <module>\n    class Test(unittest.TestCase):\nNameError: name 'unittest' is not defined\n\nAnalysis:\nThe test script encountered a NameError indicating that the 'unittest' module is not defined. This error occurred at line 7 in the test_script.py file.\n\nConclusion:\nCode Test Failed\n\nInput and Expected Output Example:\ndef text_starta_endb(text):\n    import re\n    pattern = r'a.*b$'\n    return re.match(pattern, text) is not None\n\nRecommendation:\nThe 'unittest' module needs to be properly defined in the test script in order to successfully run the test cases.\n\nTest Engineer:\n[Your Name]",
    "SprintReview0": "[ScrumMaster]says: Here is our test Report: Test Report\n\nContext:\nThe test script's output is as follows:\nTraceback (most recent call last):\n  File \"/Users/watch/PycharmProjects/XXXX-1-LLM/workspace/2024-03-11_11-18-29-638026/test_script.py\", line 7, in <module>\n    class Test(unittest.TestCase):\nNameError: name 'unittest' is not defined\n\nAnalysis:\nThe test script encountered a NameError indicating that the 'unittest' module is not defined. This error occurred at line 7 in the test_script.py file.\n\nConclusion:\nCode Test Failed\n\nInput and Expected Output Example:\ndef text_starta_endb(text):\n    import re\n    pattern = r'a.*b$'\n    return re.match(pattern, text) is not None\n\nRecommendation:\nThe 'unittest' module needs to be properly defined in the test script in order to successfully run the test cases.\n\nTest Engineer:\n[Your Name], do you have any ideas?\n-----\n\n[Tester]says: As a Tester, I recommend defining the 'unittest' module properly in the test script to successfully run the test cases.\n-----\n\n[ProductOwner]says: As a Product Owner, I will work with the team to prioritize and plan the implementation of the recommendation to define the 'unittest' module in the test script.\n-----\n\n[Architect]says: As an Architect, I recommend ensuring that the 'unittest' module is properly defined in the test script to address the NameError and successfully run the test cases.\n-----\n\n[Developer]says: As a Developer, I will make sure to properly define the 'unittest' module in the test script to address the NameError issue and ensure the successful running of test cases.\n-----\n\n[Tester]says: As a Tester, I recommend defining the 'unittest' module properly in the test script to successfully run the test cases.\n-----\n\n[ProductOwner]says: As a Product Owner, I will work with the team to prioritize and plan the implementation of the recommendation to define the 'unittest' module in the test script.\n-----\n\n[Developer]says: As a Developer, I will make sure to properly define the 'unittest' module in the test script to address the NameError issue and ensure the successful running of test cases.\n-----\n\n[Architect]says: As an Architect, I recommend ensuring that the 'unittest' module is properly defined in the test script to address the NameError and successfully run the test cases.\n-----\n",
    "SprintReviewMeetings0": "{\n  \"product-owner\": [\n    \"I will work with the team to prioritize and plan the implementation of the recommendation to define the 'unittest' module in the test script.\"\n  ],\n  \"architect\": [\n    \"I recommend ensuring that the 'unittest' module is properly defined in the test script to address the NameError and successfully run the test cases.\"\n  ],\n  \"developer\": [\n    \"I will make sure to properly define the 'unittest' module in the test script to address the NameError issue and ensure the successful running of test cases.\"\n  ],\n  \"tester\": [\n    \"I recommend defining the 'unittest' module properly in the test script to successfully run the test cases.\"\n  ]\n}",
    "SprintReviewMeetings0_prompt": "{\"Role\": \"You are a professional scrum master. Your goal is to summary the Discussion History into a suggestions list for the scrum team.\", \"Instruction\": \"1. Read and Understand the Discussion History. 2. Summary the suggestions from four roles: product-owner/architect/developer/tester. 3. Response in JSON format.\", \"Example\": \"{\\\"product-owner\\\":[\\\"suggestion1\\\",\\\"suggestion2\\\"],\\\"architect\\\":[\\\"suggestion1\\\",\\\"suggestion2\\\"], \\\"developer\\\":[\\\"suggestion1\\\",\\\"suggestion2\\\"], \\\"tester\\\":[\\\"suggestion1\\\",\\\"suggestion2\\\"]}\", \"Context\": \"[ScrumMaster]says: Here is our test Report: Test Report\\n\\nContext:\\nThe test script's output is as follows:\\nTraceback (most recent call last):\\n  File \\\"/Users/watch/PycharmProjects/XXXX-1-LLM/workspace/2024-03-11_11-18-29-638026/test_script.py\\\", line 7, in <module>\\n    class Test(unittest.TestCase):\\nNameError: name 'unittest' is not defined\\n\\nAnalysis:\\nThe test script encountered a NameError indicating that the 'unittest' module is not defined. This error occurred at line 7 in the test_script.py file.\\n\\nConclusion:\\nCode Test Failed\\n\\nInput and Expected Output Example:\\ndef text_starta_endb(text):\\n    import re\\n    pattern = r'a.*b$'\\n    return re.match(pattern, text) is not None\\n\\nRecommendation:\\nThe 'unittest' module needs to be properly defined in the test script in order to successfully run the test cases.\\n\\nTest Engineer:\\n[Your Name], do you have any ideas?\\n-----\\n\\n[Tester]says: As a Tester, I recommend defining the 'unittest' module properly in the test script to successfully run the test cases.\\n-----\\n\\n[ProductOwner]says: As a Product Owner, I will work with the team to prioritize and plan the implementation of the recommendation to define the 'unittest' module in the test script.\\n-----\\n\\n[Architect]says: As an Architect, I recommend ensuring that the 'unittest' module is properly defined in the test script to address the NameError and successfully run the test cases.\\n-----\\n\\n[Developer]says: As a Developer, I will make sure to properly define the 'unittest' module in the test script to address the NameError issue and ensure the successful running of test cases.\\n-----\\n\\n[Tester]says: As a Tester, I recommend defining the 'unittest' module properly in the test script to successfully run the test cases.\\n-----\\n\\n[ProductOwner]says: As a Product Owner, I will work with the team to prioritize and plan the implementation of the recommendation to define the 'unittest' module in the test script.\\n-----\\n\\n[Developer]says: As a Developer, I will make sure to properly define the 'unittest' module in the test script to address the NameError issue and ensure the successful running of test cases.\\n-----\\n\\n[Architect]says: As an Architect, I recommend ensuring that the 'unittest' module is properly defined in the test script to address the NameError and successfully run the test cases.\\n-----\\n\", \"Question\": \"Follow the Instruction section. The Discussion History is in the Context section. You only need to return a list as the Example section.\"}",
    "RepairResponse0": "{\n  \"revised_code\": \"import re\\n\\ndef text_starta_endb(text):\\n    pattern = r'a.*b$'\\n    return re.match(pattern, text) is not None\\n\\n# Test the function\\nassert text_starta_endb(\\\"aabbbb\\\")\"\n}",
    "RepairResponse0_prompt": {
        "Role": "You are a professional software engineer. Your duty is to write code in Python that meets the requirements. Ensure that the code you write is efficient, readable, and follows best practices. Remember, do not need to explain the code you wrote.",
        "Instruction": "1. Rewrite a bug fix version of the original code. 2. Response in JSON format.",
        "Example": "{\"revised_code\":\"...\"}",
        "Context": "# Test Report:\nTest Report\n\nContext:\nThe test script's output is as follows:\nTraceback (most recent call last):\n  File \"/Users/watch/PycharmProjects/XXXX-1-LLM/workspace/2024-03-11_11-18-29-638026/test_script.py\", line 7, in <module>\n    class Test(unittest.TestCase):\nNameError: name 'unittest' is not defined\n\nAnalysis:\nThe test script encountered a NameError indicating that the 'unittest' module is not defined. This error occurred at line 7 in the test_script.py file.\n\nConclusion:\nCode Test Failed\n\nInput and Expected Output Example:\ndef text_starta_endb(text):\n    import re\n    pattern = r'a.*b$'\n    return re.match(pattern, text) is not None\n\nRecommendation:\nThe 'unittest' module needs to be properly defined in the test script in order to successfully run the test cases.\n\nTest Engineer:\n[Your Name]# suggestions:\n{\"product-owner\": [\"I will work with the team to prioritize and plan the implementation of the recommendation to define the 'unittest' module in the test script.\"], \"architect\": [\"I recommend ensuring that the 'unittest' module is properly defined in the test script to address the NameError and successfully run the test cases.\"], \"developer\": [\"I will make sure to properly define the 'unittest' module in the test script to address the NameError issue and ensure the successful running of test cases.\"], \"tester\": [\"I recommend defining the 'unittest' module properly in the test script to successfully run the test cases.\"]}",
        "Question": "The original code has some bugs, according to the test report and suggestions, rewrite the code. Complete the following code:\ndef text_starta_endb(text):\n'''Write a function that matches a string that has an 'a' followed by anything, ending in 'b'.\nassert text_starta_endb(\"aabbbb\")'''\n"
    },
    "Code1": "import re\n\ndef text_starta_endb(text):\n    pattern = r'a.*b$'\n    return re.match(pattern, text) is not None\n\n# Test the function\nassert text_starta_endb(\"aabbbb\")",
    "ScriptResult1": "Traceback (most recent call last):\n  File \"/Users/watch/PycharmProjects/XXXX-1-LLM/workspace/2024-03-11_11-18-29-638026/test_script.py\", line 11, in <module>\n    class Test(unittest.TestCase):\nNameError: name 'unittest' is not defined\n",
    "TestReport1": "Test Report:\n\nContext:\nThe test script's output shows a traceback error with a NameError stating that 'unittest' is not defined.\n\nAnalysis:\nThe test script encountered an error due to the undefined 'unittest' module. This indicates a failure in the code execution.\n\nConclusion:\nCode Test Failed\n\nInput and Expected Output Example:\nimport re\n\ndef text_starta_endb(text):\n    pattern = r'a.*b$'\n    return re.match(pattern, text) is not None\n\n# Test the function\nassert text_starta_endb(\"aabbbb\")\n\nThe test script should have returned True for the given input \"aabbbb\", indicating that the text starts with 'a' and ends with 'b'. However, due to the NameError, the code failed to execute as expected.",
    "SprintReview1": "[ScrumMaster]says: Here is our test Report: Test Report:\n\nContext:\nThe test script's output shows a traceback error with a NameError stating that 'unittest' is not defined.\n\nAnalysis:\nThe test script encountered an error due to the undefined 'unittest' module. This indicates a failure in the code execution.\n\nConclusion:\nCode Test Failed\n\nInput and Expected Output Example:\nimport re\n\ndef text_starta_endb(text):\n    pattern = r'a.*b$'\n    return re.match(pattern, text) is not None\n\n# Test the function\nassert text_starta_endb(\"aabbbb\")\n\nThe test script should have returned True for the given input \"aabbbb\", indicating that the text starts with 'a' and ends with 'b'. However, due to the NameError, the code failed to execute as expected., do you have any ideas?\n-----\n\n[Developer]says: As a Developer, I will investigate the code and ensure that the 'unittest' module is properly defined to prevent the NameError and fix the code execution failure.\n-----\n\n[Tester]says: As a Tester, it seems like the test script encountered an error due to the undefined 'unittest' module, which caused the code to fail to execute as expected.\n-----\n\n[ProductOwner]says: As a Product Owner, I think we need to prioritize fixing the NameError issue in the code to ensure the product's functionality and reliability.\n-----\n\n[Architect]says: As an Architect, I recommend reviewing the code to ensure that the 'unittest' module is properly imported and utilized for testing. It is important to ensure that the code is robust and can handle various test cases.\n-----\n\n[ProductOwner]says: As a Product Owner, I think we need to prioritize fixing the NameError issue in the code to ensure the product's functionality and reliability.\n-----\n\n[Tester]says: As a Tester, it seems like the test script encountered an error due to the undefined 'unittest' module, which caused the code to fail to execute as expected.\n-----\n\n[Architect]says: As an Architect, I recommend reviewing the code to ensure that the 'unittest' module is properly imported and utilized for testing. It is important to ensure that the code is robust and can handle various test cases.\n-----\n\n[Developer]says: As a Developer, I will investigate the code and ensure that the 'unittest' module is properly defined to prevent the NameError and fix the code execution failure.\n-----\n",
    "SprintReviewMeetings1": "{\n  \"product-owner\":[\"We need to prioritize fixing the NameError issue in the code to ensure the product's functionality and reliability.\"],\n  \"architect\":[\"Review the code to ensure that the 'unittest' module is properly imported and utilized for testing.\"],\n  \"developer\":[\"Investigate the code and ensure that the 'unittest' module is properly defined to prevent the NameError and fix the code execution failure.\"],\n  \"tester\":[\"The test script encountered an error due to the undefined 'unittest' module, which caused the code to fail to execute as expected.\"]\n}",
    "SprintReviewMeetings1_prompt": "{\"Role\": \"You are a professional scrum master. Your goal is to summary the Discussion History into a suggestions list for the scrum team.\", \"Instruction\": \"1. Read and Understand the Discussion History. 2. Summary the suggestions from four roles: product-owner/architect/developer/tester. 3. Response in JSON format.\", \"Example\": \"{\\\"product-owner\\\":[\\\"suggestion1\\\",\\\"suggestion2\\\"],\\\"architect\\\":[\\\"suggestion1\\\",\\\"suggestion2\\\"], \\\"developer\\\":[\\\"suggestion1\\\",\\\"suggestion2\\\"], \\\"tester\\\":[\\\"suggestion1\\\",\\\"suggestion2\\\"]}\", \"Context\": \"[ScrumMaster]says: Here is our test Report: Test Report:\\n\\nContext:\\nThe test script's output shows a traceback error with a NameError stating that 'unittest' is not defined.\\n\\nAnalysis:\\nThe test script encountered an error due to the undefined 'unittest' module. This indicates a failure in the code execution.\\n\\nConclusion:\\nCode Test Failed\\n\\nInput and Expected Output Example:\\nimport re\\n\\ndef text_starta_endb(text):\\n    pattern = r'a.*b$'\\n    return re.match(pattern, text) is not None\\n\\n# Test the function\\nassert text_starta_endb(\\\"aabbbb\\\")\\n\\nThe test script should have returned True for the given input \\\"aabbbb\\\", indicating that the text starts with 'a' and ends with 'b'. However, due to the NameError, the code failed to execute as expected., do you have any ideas?\\n-----\\n\\n[Developer]says: As a Developer, I will investigate the code and ensure that the 'unittest' module is properly defined to prevent the NameError and fix the code execution failure.\\n-----\\n\\n[Tester]says: As a Tester, it seems like the test script encountered an error due to the undefined 'unittest' module, which caused the code to fail to execute as expected.\\n-----\\n\\n[ProductOwner]says: As a Product Owner, I think we need to prioritize fixing the NameError issue in the code to ensure the product's functionality and reliability.\\n-----\\n\\n[Architect]says: As an Architect, I recommend reviewing the code to ensure that the 'unittest' module is properly imported and utilized for testing. It is important to ensure that the code is robust and can handle various test cases.\\n-----\\n\\n[ProductOwner]says: As a Product Owner, I think we need to prioritize fixing the NameError issue in the code to ensure the product's functionality and reliability.\\n-----\\n\\n[Tester]says: As a Tester, it seems like the test script encountered an error due to the undefined 'unittest' module, which caused the code to fail to execute as expected.\\n-----\\n\\n[Architect]says: As an Architect, I recommend reviewing the code to ensure that the 'unittest' module is properly imported and utilized for testing. It is important to ensure that the code is robust and can handle various test cases.\\n-----\\n\\n[Developer]says: As a Developer, I will investigate the code and ensure that the 'unittest' module is properly defined to prevent the NameError and fix the code execution failure.\\n-----\\n\", \"Question\": \"Follow the Instruction section. The Discussion History is in the Context section. You only need to return a list as the Example section.\"}",
    "RepairResponse1": "{\n  \"revised_code\": \"import re\\n\\ndef text_starta_endb(text):\\n    pattern = r'a.*b$'\\n    return re.match(pattern, text) is not None\"\n}",
    "RepairResponse1_prompt": {
        "Role": "You are a professional software engineer. Your duty is to write code in Python that meets the requirements. Ensure that the code you write is efficient, readable, and follows best practices. Remember, do not need to explain the code you wrote.",
        "Instruction": "1. Rewrite a bug fix version of the original code. 2. Response in JSON format.",
        "Example": "{\"revised_code\":\"...\"}",
        "Context": "# Test Report:\nTest Report:\n\nContext:\nThe test script's output shows a traceback error with a NameError stating that 'unittest' is not defined.\n\nAnalysis:\nThe test script encountered an error due to the undefined 'unittest' module. This indicates a failure in the code execution.\n\nConclusion:\nCode Test Failed\n\nInput and Expected Output Example:\nimport re\n\ndef text_starta_endb(text):\n    pattern = r'a.*b$'\n    return re.match(pattern, text) is not None\n\n# Test the function\nassert text_starta_endb(\"aabbbb\")\n\nThe test script should have returned True for the given input \"aabbbb\", indicating that the text starts with 'a' and ends with 'b'. However, due to the NameError, the code failed to execute as expected.# suggestions:\n{\"product-owner\": [\"We need to prioritize fixing the NameError issue in the code to ensure the product's functionality and reliability.\"], \"architect\": [\"Review the code to ensure that the 'unittest' module is properly imported and utilized for testing.\"], \"developer\": [\"Investigate the code and ensure that the 'unittest' module is properly defined to prevent the NameError and fix the code execution failure.\"], \"tester\": [\"The test script encountered an error due to the undefined 'unittest' module, which caused the code to fail to execute as expected.\"]}",
        "Question": "The original code has some bugs, according to the test report and suggestions, rewrite the code. Complete the following code:\ndef text_starta_endb(text):\n'''Write a function that matches a string that has an 'a' followed by anything, ending in 'b'.\nassert text_starta_endb(\"aabbbb\")'''\n"
    },
    "Code2": "import re\n\ndef text_starta_endb(text):\n    pattern = r'a.*b$'\n    return re.match(pattern, text) is not None",
    "ScriptResult2": "Traceback (most recent call last):\n  File \"/Users/watch/PycharmProjects/XXXX-1-LLM/workspace/2024-03-11_11-18-29-638026/test_script.py\", line 8, in <module>\n    class Test(unittest.TestCase):\nNameError: name 'unittest' is not defined\n",
    "TestReport2": "Test Report\n\nDate: [Insert Date]\n\nTest Script Output:\nTraceback (most recent call last):\n  File \"/Users/watch/PycharmProjects/XXXX-1-LLM/workspace/2024-03-11_11-18-29-638026/test_script.py\", line 8, in <module>\n    class Test(unittest.TestCase):\nNameError: name 'unittest' is not defined\n\nAnalysis:\nThe test script output indicates a NameError, specifically 'unittest' is not defined. This suggests that there is an issue with the import or usage of the 'unittest' module in the code.\n\nConclusion:\nCode Test Failed\n\nInput and Expected Output Example:\nThe code provided for the test script is attempting to use the 'unittest' module, but it is not defined or imported correctly. An example of the input and expected output is not applicable in this case due to the failure of the code.\n\nRecommendation:\nThe code should be reviewed to ensure that the 'unittest' module is correctly imported and utilized. The necessary corrections should be made to resolve the NameError and ensure the successful execution of the test script.\n\nSigned,\n[Your Name]\nQuality Assurance Engineer",
    "SprintReview2": "[ScrumMaster]says: Here is our test Report: Test Report\n\nDate: [Insert Date]\n\nTest Script Output:\nTraceback (most recent call last):\n  File \"/Users/watch/PycharmProjects/XXXX-1-LLM/workspace/2024-03-11_11-18-29-638026/test_script.py\", line 8, in <module>\n    class Test(unittest.TestCase):\nNameError: name 'unittest' is not defined\n\nAnalysis:\nThe test script output indicates a NameError, specifically 'unittest' is not defined. This suggests that there is an issue with the import or usage of the 'unittest' module in the code.\n\nConclusion:\nCode Test Failed\n\nInput and Expected Output Example:\nThe code provided for the test script is attempting to use the 'unittest' module, but it is not defined or imported correctly. An example of the input and expected output is not applicable in this case due to the failure of the code.\n\nRecommendation:\nThe code should be reviewed to ensure that the 'unittest' module is correctly imported and utilized. The necessary corrections should be made to resolve the NameError and ensure the successful execution of the test script.\n\nSigned,\n[Your Name]\nQuality Assurance Engineer, do you have any ideas?\n-----\n\n[ProductOwner]says: As a Product Owner, I believe it's crucial to prioritize fixing the issue with the 'unittest' module in order to ensure the successful execution of the test script.\n-----\n\n[Architect]says: As an Architect, I recommend reviewing the code to ensure proper import and usage of the 'unittest' module to resolve the NameError and ensure successful test script execution.\n-----\n\n[Tester]says: As a Tester, I recommend reviewing the code to ensure the 'unittest' module is correctly imported and utilized to resolve the NameError issue.\n-----\n\n[Developer]says: As a Developer, I believe we need to review the code and ensure the 'unittest' module is correctly imported and utilized to resolve the NameError.\n-----\n\n[Developer]says: As a Developer, I agree that we need to review the code and ensure the 'unittest' module is correctly imported and utilized to resolve the NameError.\n-----\n\n[ProductOwner]says: As a Product Owner, I believe it's crucial to prioritize fixing the issue with the 'unittest' module in order to ensure the successful execution of the test script.\n-----\n\n[Architect]says: As an Architect, I recommend reviewing the code to ensure proper import and usage of the 'unittest' module to resolve the NameError and ensure successful test script execution.\n-----\n\n[Tester]says: As a Tester, I recommend reviewing the code to ensure the 'unittest' module is correctly imported and utilized to resolve the NameError issue.\n-----\n",
    "SprintReviewMeetings2": "{\n  \"product-owner\": [\"It's crucial to prioritize fixing the issue with the 'unittest' module in order to ensure the successful execution of the test script.\"],\n  \"architect\": [\"Recommend reviewing the code to ensure proper import and usage of the 'unittest' module to resolve the NameError and ensure successful test script execution.\"],\n  \"developer\": [\"Review the code and ensure the 'unittest' module is correctly imported and utilized to resolve the NameError.\"],\n  \"tester\": [\"Reviewing the code to ensure the 'unittest' module is correctly imported and utilized to resolve the NameError issue.\"]\n}",
    "SprintReviewMeetings2_prompt": "{\"Role\": \"You are a professional scrum master. Your goal is to summary the Discussion History into a suggestions list for the scrum team.\", \"Instruction\": \"1. Read and Understand the Discussion History. 2. Summary the suggestions from four roles: product-owner/architect/developer/tester. 3. Response in JSON format.\", \"Example\": \"{\\\"product-owner\\\":[\\\"suggestion1\\\",\\\"suggestion2\\\"],\\\"architect\\\":[\\\"suggestion1\\\",\\\"suggestion2\\\"], \\\"developer\\\":[\\\"suggestion1\\\",\\\"suggestion2\\\"], \\\"tester\\\":[\\\"suggestion1\\\",\\\"suggestion2\\\"]}\", \"Context\": \"[ScrumMaster]says: Here is our test Report: Test Report\\n\\nDate: [Insert Date]\\n\\nTest Script Output:\\nTraceback (most recent call last):\\n  File \\\"/Users/watch/PycharmProjects/XXXX-1-LLM/workspace/2024-03-11_11-18-29-638026/test_script.py\\\", line 8, in <module>\\n    class Test(unittest.TestCase):\\nNameError: name 'unittest' is not defined\\n\\nAnalysis:\\nThe test script output indicates a NameError, specifically 'unittest' is not defined. This suggests that there is an issue with the import or usage of the 'unittest' module in the code.\\n\\nConclusion:\\nCode Test Failed\\n\\nInput and Expected Output Example:\\nThe code provided for the test script is attempting to use the 'unittest' module, but it is not defined or imported correctly. An example of the input and expected output is not applicable in this case due to the failure of the code.\\n\\nRecommendation:\\nThe code should be reviewed to ensure that the 'unittest' module is correctly imported and utilized. The necessary corrections should be made to resolve the NameError and ensure the successful execution of the test script.\\n\\nSigned,\\n[Your Name]\\nQuality Assurance Engineer, do you have any ideas?\\n-----\\n\\n[ProductOwner]says: As a Product Owner, I believe it's crucial to prioritize fixing the issue with the 'unittest' module in order to ensure the successful execution of the test script.\\n-----\\n\\n[Architect]says: As an Architect, I recommend reviewing the code to ensure proper import and usage of the 'unittest' module to resolve the NameError and ensure successful test script execution.\\n-----\\n\\n[Tester]says: As a Tester, I recommend reviewing the code to ensure the 'unittest' module is correctly imported and utilized to resolve the NameError issue.\\n-----\\n\\n[Developer]says: As a Developer, I believe we need to review the code and ensure the 'unittest' module is correctly imported and utilized to resolve the NameError.\\n-----\\n\\n[Developer]says: As a Developer, I agree that we need to review the code and ensure the 'unittest' module is correctly imported and utilized to resolve the NameError.\\n-----\\n\\n[ProductOwner]says: As a Product Owner, I believe it's crucial to prioritize fixing the issue with the 'unittest' module in order to ensure the successful execution of the test script.\\n-----\\n\\n[Architect]says: As an Architect, I recommend reviewing the code to ensure proper import and usage of the 'unittest' module to resolve the NameError and ensure successful test script execution.\\n-----\\n\\n[Tester]says: As a Tester, I recommend reviewing the code to ensure the 'unittest' module is correctly imported and utilized to resolve the NameError issue.\\n-----\\n\", \"Question\": \"Follow the Instruction section. The Discussion History is in the Context section. You only need to return a list as the Example section.\"}",
    "RepairResponse2": "{\n  \"revised_code\": \"import re\\n\\ndef text_starta_endb(text):\\n    pattern = 'a.*b'\\n    if re.search(pattern, text):\\n        return True\\n    else:\\n        return False\\n\\nassert text_starta_endb(\\\"aabbbb\\\")\"\n}",
    "RepairResponse2_prompt": {
        "Role": "You are a professional software engineer. Your duty is to write code in Python that meets the requirements. Ensure that the code you write is efficient, readable, and follows best practices. Remember, do not need to explain the code you wrote.",
        "Instruction": "1. Rewrite a bug fix version of the original code. 2. Response in JSON format.",
        "Example": "{\"revised_code\":\"...\"}",
        "Context": "# Test Report:\nTest Report\n\nDate: [Insert Date]\n\nTest Script Output:\nTraceback (most recent call last):\n  File \"/Users/watch/PycharmProjects/XXXX-1-LLM/workspace/2024-03-11_11-18-29-638026/test_script.py\", line 8, in <module>\n    class Test(unittest.TestCase):\nNameError: name 'unittest' is not defined\n\nAnalysis:\nThe test script output indicates a NameError, specifically 'unittest' is not defined. This suggests that there is an issue with the import or usage of the 'unittest' module in the code.\n\nConclusion:\nCode Test Failed\n\nInput and Expected Output Example:\nThe code provided for the test script is attempting to use the 'unittest' module, but it is not defined or imported correctly. An example of the input and expected output is not applicable in this case due to the failure of the code.\n\nRecommendation:\nThe code should be reviewed to ensure that the 'unittest' module is correctly imported and utilized. The necessary corrections should be made to resolve the NameError and ensure the successful execution of the test script.\n\nSigned,\n[Your Name]\nQuality Assurance Engineer# suggestions:\n{\"product-owner\": [\"It's crucial to prioritize fixing the issue with the 'unittest' module in order to ensure the successful execution of the test script.\"], \"architect\": [\"Recommend reviewing the code to ensure proper import and usage of the 'unittest' module to resolve the NameError and ensure successful test script execution.\"], \"developer\": [\"Review the code and ensure the 'unittest' module is correctly imported and utilized to resolve the NameError.\"], \"tester\": [\"Reviewing the code to ensure the 'unittest' module is correctly imported and utilized to resolve the NameError issue.\"]}",
        "Question": "The original code has some bugs, according to the test report and suggestions, rewrite the code. Complete the following code:\ndef text_starta_endb(text):\n'''Write a function that matches a string that has an 'a' followed by anything, ending in 'b'.\nassert text_starta_endb(\"aabbbb\")'''\n"
    },
    "Code3": "import re\n\ndef text_starta_endb(text):\n    pattern = 'a.*b'\n    if re.search(pattern, text):\n        return True\n    else:\n        return False\n\nassert text_starta_endb(\"aabbbb\")",
    "ScriptResult3": "Traceback (most recent call last):\n  File \"/Users/watch/PycharmProjects/XXXX-1-LLM/workspace/2024-03-11_11-18-29-638026/test_script.py\", line 13, in <module>\n    class Test(unittest.TestCase):\nNameError: name 'unittest' is not defined\n",
    "TestReport3": "Test Report\n\nContext:\nThe test script's output shows a NameError indicating that 'unittest' is not defined. This error occurred in the test_script.py file on line 13.\n\nAnalysis:\nThe test script is trying to import and use the unittest module, but it is encountering a NameError. This means that the code is failing to execute due to the absence of the 'unittest' module.\n\nConclusion:\nCode Test Failed\n\nInput and Expected Output Example:\nimport re\n\ndef text_starta_endb(text):\n    pattern = 'a.*b'\n    if re.search(pattern, text):\n        return True\n    else:\n        return False\n\nassert text_starta_endb(\"aabbbb\")\n\nThe code is expected to return True for the input \"aabbbb\", but it is not being tested due to the NameError in the test script.\n\nRecommendation:\nThe code needs to be tested in an environment where the 'unittest' module is properly defined and imported. Additionally, the NameError in the test script needs to be addressed before further testing can be conducted."
}