{
    "start_time": "2024-02-13_15-28-10-219211",
    "task": "\ndef words_in_sentence(sentence):\n    \"\"\"\n    You are given a string representing a sentence,\n    the sentence contains some words separated by a space,\n    and you have to return a string that contains the words from the original sentence,\n    whose lengths are prime numbers,\n    the order of the words in the new string should be the same as the original one.\n\n    Example 1:\n        Input: sentence = \"This is a test\"\n        Output: \"is\"\n\n    Example 2:\n        Input: sentence = \"lets go for swimming\"\n        Output: \"go for\"\n\n    Constraints:\n        * 1 <= len(sentence) <= 100\n        * sentence contains only letters\n    \"\"\"\n",
    "datetime": {
        "task": "2024-02-13 15:28:10",
        "task-id": "2024-02-13 15:28:10",
        "workflow": "2024-02-13 15:28:10",
        "Discussion": "2024-02-13 15:28:16",
        "DisorderedSprintMeetings": "2024-02-13 15:28:17",
        "DesignDraft0": "2024-02-13 15:28:21",
        "DesignMeetings0": "2024-02-13 15:28:23",
        "Design0": "2024-02-13 15:28:28",
        "CodeDraft0": "2024-02-13 15:28:29",
        "CodeReviewMeetings0": "2024-02-13 15:28:34",
        "Code0CR": "2024-02-13 15:28:37",
        "FinalCode": "2024-02-13 15:29:49",
        "Test Cases Draft": "2024-02-13 15:28:40",
        "Test Cases Meetings": "2024-02-13 15:28:44",
        "Test Cases": "2024-02-13 15:28:50",
        "Code0": "2024-02-13 15:28:53",
        "TestScriptOriginal": "2024-02-13 15:28:58",
        "TestScript": "2024-02-13 15:28:58",
        "ScriptResult0": "2024-02-13 15:28:58",
        "TestReport0": "2024-02-13 15:29:03",
        "SprintReview0": "2024-02-13 15:29:08",
        "SprintReviewMeetings0": "2024-02-13 15:29:13",
        "RepairResponse0": "2024-02-13 15:29:17",
        "Code1": "2024-02-13 15:29:17",
        "ScriptResult1": "2024-02-13 15:29:17",
        "TestReport1": "2024-02-13 15:29:20",
        "SprintReview1": "2024-02-13 15:29:26",
        "SprintReviewMeetings1": "2024-02-13 15:29:30",
        "RepairResponse1": "2024-02-13 15:29:34",
        "Code2": "2024-02-13 15:29:34",
        "ScriptResult2": "2024-02-13 15:29:34",
        "TestReport2": "2024-02-13 15:29:40",
        "SprintReview2": "2024-02-13 15:29:44",
        "SprintReviewMeetings2": "2024-02-13 15:29:46",
        "RepairResponse2": "2024-02-13 15:29:49",
        "Code3": "2024-02-13 15:29:49",
        "ScriptResult3": "2024-02-13 15:29:49",
        "TestReport3": "2024-02-13 15:29:51"
    },
    "task-id": "HumanEval/143",
    "workflow": "agile/agile_version_0.0.5_remove_stage.json",
    "Discussion": "[ScrumMaster]says: We have a job: \ndef words_in_sentence(sentence):\n    \"\"\"\n    You are given a string representing a sentence,\n    the sentence contains some words separated by a space,\n    and you have to return a string that contains the words from the original sentence,\n    whose lengths are prime numbers,\n    the order of the words in the new string should be the same as the original one.\n\n    Example 1:\n        Input: sentence = \"This is a test\"\n        Output: \"is\"\n\n    Example 2:\n        Input: sentence = \"lets go for swimming\"\n        Output: \"go for\"\n\n    Constraints:\n        * 1 <= len(sentence) <= 100\n        * sentence contains only letters\n    \"\"\"\n, do you have any ideas?\n-----\n\n[Tester]says: As a Tester, I think it would be important to validate the solution with different test cases to ensure it returns the correct output for all scenarios mentioned in the problem statement.\n-----\n\n[Developer]says: As a developer, I think we should start by creating a function to check for prime numbers in the length of words and then filter the words accordingly.\n-----\n\n[Architect]says: As an architect, I suggest that we create a function to determine the length of each word and then filter out the prime number lengths to form the new string.\n-----\n\n[ProductOwner]says: As a Product Owner, I think the first step is to prioritize the user stories and define the acceptance criteria for this feature.\n-----\n\n[ProductOwner]says: As a Product Owner, I believe the first step is to prioritize the user stories and define the acceptance criteria for this feature.\n-----\n\n[Tester]says: As a Tester, I think it would be important to validate the solution with different test cases to ensure it returns the correct output for all scenarios mentioned in the problem statement.\n-----\n\n[Architect]says: As an architect, I will design the structure for the function to determine the length of each word and filter out the prime number lengths to form the new string.\n-----\n\n[Developer]says: As a developer, I will start by creating a function to check for prime numbers in the length of words and then filter the words accordingly.\n-----\n",
    "DisorderedSprintMeetings": "{\n  \"product-owner\":[\"Prioritize user stories\", \"Define acceptance criteria\"],\n  \"architect\":[\"Design function to determine word length\", \"Filter prime number lengths\"],\n  \"developer\":[\"Create function to check prime numbers in word length\", \"Filter words accordingly\"],\n  \"tester\":[\"Validate solution with different test cases\", \"Ensure correct output for all scenarios\"]\n}",
    "DisorderedSprintMeetings_prompt": "{\"Role\": \"You are a professional scrum master. Your goal is to breakdown the Discussion History into a task list for the scrum team.\", \"Instruction\": \"1. Read and Understand the Discussion History. 2. Define the tasks for four roles: product-owner/architect/developer/tester. 3. Response in JSON format.\", \"Example\": \"{\\\"product-owner\\\":[\\\"task1\\\",\\\"task2\\\"],\\\"architect\\\":[\\\"task1\\\",\\\"task2\\\"], \\\"developer\\\":[\\\"task1\\\",\\\"task2\\\"], \\\"tester\\\":[\\\"task1\\\",\\\"task2\\\"]}\", \"Context\": \"[ScrumMaster]says: We have a job: \\ndef words_in_sentence(sentence):\\n    \\\"\\\"\\\"\\n    You are given a string representing a sentence,\\n    the sentence contains some words separated by a space,\\n    and you have to return a string that contains the words from the original sentence,\\n    whose lengths are prime numbers,\\n    the order of the words in the new string should be the same as the original one.\\n\\n    Example 1:\\n        Input: sentence = \\\"This is a test\\\"\\n        Output: \\\"is\\\"\\n\\n    Example 2:\\n        Input: sentence = \\\"lets go for swimming\\\"\\n        Output: \\\"go for\\\"\\n\\n    Constraints:\\n        * 1 <= len(sentence) <= 100\\n        * sentence contains only letters\\n    \\\"\\\"\\\"\\n, do you have any ideas?\\n-----\\n\\n[Tester]says: As a Tester, I think it would be important to validate the solution with different test cases to ensure it returns the correct output for all scenarios mentioned in the problem statement.\\n-----\\n\\n[Developer]says: As a developer, I think we should start by creating a function to check for prime numbers in the length of words and then filter the words accordingly.\\n-----\\n\\n[Architect]says: As an architect, I suggest that we create a function to determine the length of each word and then filter out the prime number lengths to form the new string.\\n-----\\n\\n[ProductOwner]says: As a Product Owner, I think the first step is to prioritize the user stories and define the acceptance criteria for this feature.\\n-----\\n\\n[ProductOwner]says: As a Product Owner, I believe the first step is to prioritize the user stories and define the acceptance criteria for this feature.\\n-----\\n\\n[Tester]says: As a Tester, I think it would be important to validate the solution with different test cases to ensure it returns the correct output for all scenarios mentioned in the problem statement.\\n-----\\n\\n[Architect]says: As an architect, I will design the structure for the function to determine the length of each word and filter out the prime number lengths to form the new string.\\n-----\\n\\n[Developer]says: As a developer, I will start by creating a function to check for prime numbers in the length of words and then filter the words accordingly.\\n-----\\n\", \"Question\": \"Follow the Instruction section. The Discussion History is in the Context section. You only need to return a task list as the Example section.\"}",
    "DesignDraft0": "Design:\n\n- Create a function called `words_in_sentence` that takes a `sentence` as input.\n- Split the `sentence` into individual words using the space character as the delimiter.\n- Create a new list to store words with prime lengths.\n- Iterate through each word in the list and check if its length is a prime number.\n- If the length of the word is a prime number, add it to the new list.\n- Join the words in the new list into a string using space as the delimiter.\n- Return the resulting string.\n\nThis design provides a high-level overview of the steps the developer should take to implement the function. It focuses on the logic and algorithm without getting into specific implementation details.",
    "DesignMeetings0": "{\n  \"Developer\": \"Instead of just checking if the length of the word is a prime number, also consider creating a separate function to check for prime numbers. This will improve the modularity and reusability of the code.\",\n  \"Tester\": \"Test the function with different types of sentences, including sentences with no words, one word, and multiple words with prime and non-prime lengths. Also, test edge cases such as empty string inputs to ensure the function handles them correctly.\"\n}",
    "Design0": "Based on the suggestions, I have revised the design as follows:\n\nDesign:\n\n- Create a function called `words_in_sentence` that takes a `sentence` as input.\n- Split the `sentence` into individual words using the space character as the delimiter.\n- Create a new list to store words with prime lengths.\n- Create a separate function called `is_prime` to check if a number is prime.\n- Iterate through each word in the list and check if its length is a prime number using the `is_prime` function.\n- If the length of the word is a prime number, add it to the new list.\n- Join the words in the new list into a string using space as the delimiter.\n- Return the resulting string.\n\nThis design now includes a separate function for checking prime numbers, as suggested by the Developer, and also includes additional testing scenarios as suggested by the Tester.",
    "CodeDraft0": "def is_prime(n):\n    if n <= 1:\n        return False\n    for i in range(2, int(n**0.5) + 1):\n        if n % i == 0:\n            return False\n    return True\n\ndef words_in_sentence(sentence):\n    words = sentence.split()\n    prime_length_words = [word for word in words if is_prime(len(word))]\n    return ' '.join(prime_length_words)",
    "CodeDraft0_prompt": {
        "Role": "You are a professional engineer. Your duty is to write code in Python that meets the requirements. Ensure that the code you write is efficient, readable, and follows best practices. Remember, do not need to explain the code you wrote.",
        "Instruction": "According to the Context section, write your code.",
        "Example": "",
        "Context": "# Tasks:\n['Create function to check prime numbers in word length', 'Filter words accordingly']\n# Design:\nBased on the suggestions, I have revised the design as follows:\n\nDesign:\n\n- Create a function called `words_in_sentence` that takes a `sentence` as input.\n- Split the `sentence` into individual words using the space character as the delimiter.\n- Create a new list to store words with prime lengths.\n- Create a separate function called `is_prime` to check if a number is prime.\n- Iterate through each word in the list and check if its length is a prime number using the `is_prime` function.\n- If the length of the word is a prime number, add it to the new list.\n- Join the words in the new list into a string using space as the delimiter.\n- Return the resulting string.\n\nThis design now includes a separate function for checking prime numbers, as suggested by the Developer, and also includes additional testing scenarios as suggested by the Tester.",
        "Question": "Follow the Instruction section. Complete the following code:\n\ndef words_in_sentence(sentence):\n    \"\"\"\n    You are given a string representing a sentence,\n    the sentence contains some words separated by a space,\n    and you have to return a string that contains the words from the original sentence,\n    whose lengths are prime numbers,\n    the order of the words in the new string should be the same as the original one.\n\n    Example 1:\n        Input: sentence = \"This is a test\"\n        Output: \"is\"\n\n    Example 2:\n        Input: sentence = \"lets go for swimming\"\n        Output: \"go for\"\n\n    Constraints:\n        * 1 <= len(sentence) <= 100\n        * sentence contains only letters\n    \"\"\"\n"
    },
    "CodeReviewMeetings0": "{\n  \"Architect\": \"For the is_prime function, consider adding a check for even numbers to return False, as all even numbers greater than 2 are not prime. Also, consider optimizing the prime checking algorithm for better performance. For the words_in_sentence function, consider adding input validation to check if the input is a string and handle edge cases such as empty string or no prime length words found.\",\n  \"Tester\": \"For the is_prime function, test with various input values including prime and non-prime numbers to ensure correct behavior. Also, test with edge cases such as 0 and 1 to ensure the function handles them properly. For the words_in_sentence function, test with different sentences containing prime length words, no prime length words, and empty string input to ensure the function works as expected in different scenarios.\"\n}",
    "Code0CR": "def is_prime(num):\n    if num <= 1:\n        return False\n    for i in range(2, int(num**0.5) + 1):\n        if num % i == 0:\n            return False\n    return True\n\ndef words_in_sentence(sentence):\n    words = sentence.split()\n    prime_length_words = [word for word in words if is_prime(len(word))]\n    return ' '.join(prime_length_words)",
    "Code0CR_prompt": "{\"Role\": \"You are a professional software engineer. Your duty is to write code in Python that meets the requirements. Ensure that the code you write is efficient, readable, and follows best practices. Remember, do not need to explain the code you wrote.\", \"Instruction\": \"1. Understand the suggestions(in the Context section) about the original code. 2. Rewrite your code.\", \"Example\": \"\", \"Context\": \"# Tasks:\\n['Create function to check prime numbers in word length', 'Filter words accordingly']\\n# Design:\\nBased on the suggestions, I have revised the design as follows:\\n\\nDesign:\\n\\n- Create a function called `words_in_sentence` that takes a `sentence` as input.\\n- Split the `sentence` into individual words using the space character as the delimiter.\\n- Create a new list to store words with prime lengths.\\n- Create a separate function called `is_prime` to check if a number is prime.\\n- Iterate through each word in the list and check if its length is a prime number using the `is_prime` function.\\n- If the length of the word is a prime number, add it to the new list.\\n- Join the words in the new list into a string using space as the delimiter.\\n- Return the resulting string.\\n\\nThis design now includes a separate function for checking prime numbers, as suggested by the Developer, and also includes additional testing scenarios as suggested by the Tester.# Suggestions:\\n{\\n  \\\"Architect\\\": \\\"For the is_prime function, consider adding a check for even numbers to return False, as all even numbers greater than 2 are not prime. Also, consider optimizing the prime checking algorithm for better performance. For the words_in_sentence function, consider adding input validation to check if the input is a string and handle edge cases such as empty string or no prime length words found.\\\",\\n  \\\"Tester\\\": \\\"For the is_prime function, test with various input values including prime and non-prime numbers to ensure correct behavior. Also, test with edge cases such as 0 and 1 to ensure the function handles them properly. For the words_in_sentence function, test with different sentences containing prime length words, no prime length words, and empty string input to ensure the function works as expected in different scenarios.\\\"\\n}\", \"Question\": \"Follow the Instruction section. Complete the following code:\\n\\ndef words_in_sentence(sentence):\\n    \\\"\\\"\\\"\\n    You are given a string representing a sentence,\\n    the sentence contains some words separated by a space,\\n    and you have to return a string that contains the words from the original sentence,\\n    whose lengths are prime numbers,\\n    the order of the words in the new string should be the same as the original one.\\n\\n    Example 1:\\n        Input: sentence = \\\"This is a test\\\"\\n        Output: \\\"is\\\"\\n\\n    Example 2:\\n        Input: sentence = \\\"lets go for swimming\\\"\\n        Output: \\\"go for\\\"\\n\\n    Constraints:\\n        * 1 <= len(sentence) <= 100\\n        * sentence contains only letters\\n    \\\"\\\"\\\"\\n\"}",
    "FinalCode": "def words_in_sentence(sentence):\n    def is_prime(n):\n        if n <= 1:\n            return False\n        for i in range(2, int(n ** 0.5) + 1):\n            if n % i == 0:\n                return False\n        return True\n    words = sentence.split()\n    prime_words = [word for word in words if is_prime(len(word))]\n    return ' '.join(prime_words)",
    "Test Cases Draft": "{\n  \"requirement analysis\": \"analysis\",\n  \"test_cases\": [\n    {\n      \"Test Title\": \"Test for prime length words in sentence\",\n      \"Input Data\": \"sentence = 'This is a test'\",\n      \"Expected Output\": \"is\"\n    },\n    {\n      \"Test Title\": \"Test for prime length words in sentence\",\n      \"Input Data\": \"sentence = 'lets go for swimming'\",\n      \"Expected Output\": \"go for\"\n    }\n  ]\n}",
    "Test Cases Draft_prompt": "{\"Role\": \"You are a quality assurance engineer. Your duty is to design test cases for the developers.\", \"Instruction\": \"According to the Context section, write test cases. Don't write long strings in your test cases. Response in JSON format.\", \"Example\": \"{\\\"requirement analysis\\\":\\\"analysis\\\",\\\"test_cases\\\":[{\\\"Test Title\\\":\\\"title\\\", \\\"Input Data\\\":\\\"parameter1=[1,2,3],parameter2='123'\\\", \\\"Expected Output\\\":\\\"456\\\"},]}\", \"Context\": \"# Tasks:\\n['Validate solution with different test cases', 'Ensure correct output for all scenarios']\\n# Design:\\nBased on the suggestions, I have revised the design as follows:\\n\\nDesign:\\n\\n- Create a function called `words_in_sentence` that takes a `sentence` as input.\\n- Split the `sentence` into individual words using the space character as the delimiter.\\n- Create a new list to store words with prime lengths.\\n- Create a separate function called `is_prime` to check if a number is prime.\\n- Iterate through each word in the list and check if its length is a prime number using the `is_prime` function.\\n- If the length of the word is a prime number, add it to the new list.\\n- Join the words in the new list into a string using space as the delimiter.\\n- Return the resulting string.\\n\\nThis design now includes a separate function for checking prime numbers, as suggested by the Developer, and also includes additional testing scenarios as suggested by the Tester.\", \"Question\": \"\\ndef words_in_sentence(sentence):\\n    \\\"\\\"\\\"\\n    You are given a string representing a sentence,\\n    the sentence contains some words separated by a space,\\n    and you have to return a string that contains the words from the original sentence,\\n    whose lengths are prime numbers,\\n    the order of the words in the new string should be the same as the original one.\\n\\n    Example 1:\\n        Input: sentence = \\\"This is a test\\\"\\n        Output: \\\"is\\\"\\n\\n    Example 2:\\n        Input: sentence = \\\"lets go for swimming\\\"\\n        Output: \\\"go for\\\"\\n\\n    Constraints:\\n        * 1 <= len(sentence) <= 100\\n        * sentence contains only letters\\n    \\\"\\\"\\\"\\n\"}",
    "Test Cases Meetings": "{\n  \"Architect\": \"As an Architect, I suggest adding more test cases to cover different scenarios such as empty input, input with special characters, and input with numbers. Also, we need to consider edge cases like when the sentence has only one word.\",\n  \"Developer\": \"As a Developer, I recommend revising the test cases to include boundary testing and negative testing. Additionally, it would be beneficial to add assertions for handling exceptions and errors.\"\n}",
    "Test Cases": "{\n  \"requirement analysis\": \"analysis\",\n  \"test_cases\": [\n    {\n      \"Test Title\": \"Test for prime length words in sentence - Case 1\",\n      \"Input Data\": \"sentence = 'This is a test'\",\n      \"Expected Output\": \"is\"\n    },\n    {\n      \"Test Title\": \"Test for prime length words in sentence - Case 2\",\n      \"Input Data\": \"sentence = 'lets go for swimming'\",\n      \"Expected Output\": \"go for\"\n    },\n    {\n      \"Test Title\": \"Test for empty input\",\n      \"Input Data\": \"sentence = ''\",\n      \"Expected Output\": \"\"\n    },\n    {\n      \"Test Title\": \"Test for input with special characters\",\n      \"Input Data\": \"sentence = 'This is @ test!'\",\n      \"Expected Output\": \"is\"\n    },\n    {\n      \"Test Title\": \"Test for input with numbers\",\n      \"Input Data\": \"sentence = '1234 56789'\",\n      \"Expected Output\": \"1234\"\n    },\n    {\n      \"Test Title\": \"Test for sentence with only one word\",\n      \"Input Data\": \"sentence = 'Testing'\",\n      \"Expected Output\": \"Testing\"\n    },\n    {\n      \"Test Title\": \"Test for boundary testing\",\n      \"Input Data\": \"sentence = 'a'\",\n      \"Expected Output\": \"\"\n    },\n    {\n      \"Test Title\": \"Test for negative testing\",\n      \"Input Data\": \"sentence = 'This is not a test'\",\n      \"Expected Output\": \"\"\n    }\n  ]\n}",
    "Test Cases_prompt": "{\"Role\": \"You are a quality assurance engineer. Your duty is to revise the test cases based on the suggestions.\", \"Instruction\": \"1. Your colleague give you some suggestions(in the Context section) about the draft test cases, read these suggestions. 2. Revise your draft version test cases, but don't use long parameters. 3. Response in JSON format.\", \"Example\": \"{\\\"requirement analysis\\\":\\\"analysis\\\",\\\"test_cases\\\":[{\\\"Test Title\\\":\\\"title\\\", \\\"Input Data\\\":\\\"parameter1=[1,2,3],parameter2='123'\\\", \\\"Expected Output\\\":\\\"456\\\"},]}\", \"Context\": \"# Suggestions:\\n{\\n  \\\"Architect\\\": \\\"As an Architect, I suggest adding more test cases to cover different scenarios such as empty input, input with special characters, and input with numbers. Also, we need to consider edge cases like when the sentence has only one word.\\\",\\n  \\\"Developer\\\": \\\"As a Developer, I recommend revising the test cases to include boundary testing and negative testing. Additionally, it would be beneficial to add assertions for handling exceptions and errors.\\\"\\n}\\n # Draft Test cases:\\n{\\n  \\\"requirement analysis\\\": \\\"analysis\\\",\\n  \\\"test_cases\\\": [\\n    {\\n      \\\"Test Title\\\": \\\"Test for prime length words in sentence\\\",\\n      \\\"Input Data\\\": \\\"sentence = 'This is a test'\\\",\\n      \\\"Expected Output\\\": \\\"is\\\"\\n    },\\n    {\\n      \\\"Test Title\\\": \\\"Test for prime length words in sentence\\\",\\n      \\\"Input Data\\\": \\\"sentence = 'lets go for swimming'\\\",\\n      \\\"Expected Output\\\": \\\"go for\\\"\\n    }\\n  ]\\n}\", \"Question\": \"Follow the Instruction. Please make sure your response length are less than 512. Your test cases is for the below question:\\n\\ndef words_in_sentence(sentence):\\n    \\\"\\\"\\\"\\n    You are given a string representing a sentence,\\n    the sentence contains some words separated by a space,\\n    and you have to return a string that contains the words from the original sentence,\\n    whose lengths are prime numbers,\\n    the order of the words in the new string should be the same as the original one.\\n\\n    Example 1:\\n        Input: sentence = \\\"This is a test\\\"\\n        Output: \\\"is\\\"\\n\\n    Example 2:\\n        Input: sentence = \\\"lets go for swimming\\\"\\n        Output: \\\"go for\\\"\\n\\n    Constraints:\\n        * 1 <= len(sentence) <= 100\\n        * sentence contains only letters\\n    \\\"\\\"\\\"\\n\"}",
    "Code0": "def is_prime(num):\n    if num <= 1:\n        return False\n    for i in range(2, int(num**0.5) + 1):\n        if num % i == 0:\n            return False\n    return True\n\ndef words_in_sentence(sentence):\n    words = sentence.split()\n    prime_length_words = [word for word in words if is_prime(len(word))]\n    return ' '.join(prime_length_words)",
    "Code0_prompt": {
        "Role": "You are a professional software engineer. Your duty is to write code in Python that meets the requirements. Ensure that the code you write is efficient, readable, and follows best practices. Remember, do not need to explain the code you wrote.",
        "Instruction": "1. Understand the test cases(in the Context section) about the original code. 2. Rewrite your code, make sure your code pass all test cases.",
        "Example": "",
        "Context": "# Original Code:\ndef is_prime(num):\n    if num <= 1:\n        return False\n    for i in range(2, int(num**0.5) + 1):\n        if num % i == 0:\n            return False\n    return True\n\ndef words_in_sentence(sentence):\n    words = sentence.split()\n    prime_length_words = [word for word in words if is_prime(len(word))]\n    return ' '.join(prime_length_words)\n# Test Cases:\n{\n  \"requirement analysis\": \"analysis\",\n  \"test_cases\": [\n    {\n      \"Test Title\": \"Test for prime length words in sentence - Case 1\",\n      \"Input Data\": \"sentence = 'This is a test'\",\n      \"Expected Output\": \"is\"\n    },\n    {\n      \"Test Title\": \"Test for prime length words in sentence - Case 2\",\n      \"Input Data\": \"sentence = 'lets go for swimming'\",\n      \"Expected Output\": \"go for\"\n    },\n    {\n      \"Test Title\": \"Test for empty input\",\n      \"Input Data\": \"sentence = ''\",\n      \"Expected Output\": \"\"\n    },\n    {\n      \"Test Title\": \"Test for input with special characters\",\n      \"Input Data\": \"sentence = 'This is @ test!'\",\n      \"Expected Output\": \"is\"\n    },\n    {\n      \"Test Title\": \"Test for input with numbers\",\n      \"Input Data\": \"sentence = '1234 56789'\",\n      \"Expected Output\": \"1234\"\n    },\n    {\n      \"Test Title\": \"Test for sentence with only one word\",\n      \"Input Data\": \"sentence = 'Testing'\",\n      \"Expected Output\": \"Testing\"\n    },\n    {\n      \"Test Title\": \"Test for boundary testing\",\n      \"Input Data\": \"sentence = 'a'\",\n      \"Expected Output\": \"\"\n    },\n    {\n      \"Test Title\": \"Test for negative testing\",\n      \"Input Data\": \"sentence = 'This is not a test'\",\n      \"Expected Output\": \"\"\n    }\n  ]\n}",
        "Question": "\ndef words_in_sentence(sentence):\n    \"\"\"\n    You are given a string representing a sentence,\n    the sentence contains some words separated by a space,\n    and you have to return a string that contains the words from the original sentence,\n    whose lengths are prime numbers,\n    the order of the words in the new string should be the same as the original one.\n\n    Example 1:\n        Input: sentence = \"This is a test\"\n        Output: \"is\"\n\n    Example 2:\n        Input: sentence = \"lets go for swimming\"\n        Output: \"go for\"\n\n    Constraints:\n        * 1 <= len(sentence) <= 100\n        * sentence contains only letters\n    \"\"\"\n"
    },
    "TestScriptOriginal": "import unittest\n\ndef is_prime(n):\n    if n <= 1:\n        return False\n    for i in range(2, int(n**0.5) + 1):\n        if n % i == 0:\n            return False\n    return True\n\ndef function_under_test(sentence):\n    words = sentence.split()\n    prime_words = [word for word in words if is_prime(len(word))]\n    return ' '.join(prime_words)\n\nclass Test(unittest.TestCase):\n    def test_example1(self):\n        self.assertEqual(function_under_test('This is a test'), 'is')\n\n    def test_example2(self):\n        self.assertEqual(function_under_test('lets go for swimming'), 'go for')\n\nif __name__ == '__main__':\n    unittest.main()",
    "TestScriptOriginal_prompt": "{\"Role\": \"You are a quality assurance engineer. Your duty is to write a python test script in unittest framework.\", \"Instruction\": \"1. Write a python test script. 2. Use the input and output given by the question.\", \"Example\": \"import unittest\\n\\nclass Test(unittest.TestCase):\\n    def test(self):\\n        self.assertEqual(function_under_test('a'), 1)\\n\\nif __name__ == '__main__':\\n    unittest.main()\", \"Context\": \"\", \"Question\": \"\\ndef words_in_sentence(sentence):\\n    \\\"\\\"\\\"\\n    You are given a string representing a sentence,\\n    the sentence contains some words separated by a space,\\n    and you have to return a string that contains the words from the original sentence,\\n    whose lengths are prime numbers,\\n    the order of the words in the new string should be the same as the original one.\\n\\n    Example 1:\\n        Input: sentence = \\\"This is a test\\\"\\n        Output: \\\"is\\\"\\n\\n    Example 2:\\n        Input: sentence = \\\"lets go for swimming\\\"\\n        Output: \\\"go for\\\"\\n\\n    Constraints:\\n        * 1 <= len(sentence) <= 100\\n        * sentence contains only letters\\n    \\\"\\\"\\\"\\n\"}",
    "TestScript": "import unittest\n\nclass Test(unittest.TestCase):\n    def test_example1(self):\n        self.assertEqual(function_under_test('This is a test'), 'is')\n\n    def test_example2(self):\n        self.assertEqual(function_under_test('lets go for swimming'), 'go for')\n\nif __name__ == '__main__':\n    unittest.main()",
    "ScriptResult0": "EE\n======================================================================\nERROR: test_example1 (__main__.Test)\n----------------------------------------------------------------------\nTraceback (most recent call last):\n  File \"/Users/watch/PycharmProjects/XXXX-1-LLM/workspace/2024-02-13_15-28-10-219211/test_script.py\", line 17, in test_example1\n    self.assertEqual(function_under_test('This is a test'), 'is')\nNameError: name 'function_under_test' is not defined\n\n======================================================================\nERROR: test_example2 (__main__.Test)\n----------------------------------------------------------------------\nTraceback (most recent call last):\n  File \"/Users/watch/PycharmProjects/XXXX-1-LLM/workspace/2024-02-13_15-28-10-219211/test_script.py\", line 20, in test_example2\n    self.assertEqual(function_under_test('lets go for swimming'), 'go for')\nNameError: name 'function_under_test' is not defined\n\n----------------------------------------------------------------------\nRan 2 tests in 0.000s\n\nFAILED (errors=2)\n",
    "TestReport0": "Test Report:\n\nContext:\nThe test script's output indicates that there are errors in the code being tested. The errors occur in the test_example1 and test_example2 functions, resulting in a NameError due to 'function_under_test' not being defined. The overall result of the test script is a failure with 2 errors.\n\nAnalysis:\nThe test script output clearly shows that the code has failed the tests. The errors are related to the 'function_under_test' not being defined, which is causing the test cases to fail.\n\nConclusion:\nBased on the analysis of the test script's output, it is evident that the code has failed the tests.\n\nInput and Expected Output Example:\nGiven the nature of the errors in the test script's output, it is not possible to provide specific input and expected output examples as the code is failing due to a NameError.\n\nIn conclusion, the code has not passed the tests.\n\nCode Test Failed.",
    "SprintReview0": "[ScrumMaster]says: Here is our test Report: Test Report:\n\nContext:\nThe test script's output indicates that there are errors in the code being tested. The errors occur in the test_example1 and test_example2 functions, resulting in a NameError due to 'function_under_test' not being defined. The overall result of the test script is a failure with 2 errors.\n\nAnalysis:\nThe test script output clearly shows that the code has failed the tests. The errors are related to the 'function_under_test' not being defined, which is causing the test cases to fail.\n\nConclusion:\nBased on the analysis of the test script's output, it is evident that the code has failed the tests.\n\nInput and Expected Output Example:\nGiven the nature of the errors in the test script's output, it is not possible to provide specific input and expected output examples as the code is failing due to a NameError.\n\nIn conclusion, the code has not passed the tests.\n\nCode Test Failed., do you have any ideas?\n-----\n\n[Developer]says: As a Developer, I will review the test script and check the 'function_under_test' to see if it is properly defined and utilized in the code.\n-----\n\n[ProductOwner]says: As a Product Owner, I think we should prioritize fixing the errors in the test script before moving forward with any further development.\n-----\n\n[Tester]says: As a Tester, I suggest reviewing the test_example1 and test_example2 functions to ensure that the 'function_under_test' is properly defined to resolve the NameError issue.\n-----\n\n[Tester]says: As a Tester, I suggest reviewing the test_example1 and test_example2 functions to ensure that the 'function_under_test' is properly defined to resolve the NameError issue.\n-----\n\n[Architect]says: As an Architect, it is important to review the code and identify the root cause of the 'function_under_test' not being defined in order to address the test failures.\n-----\n\n[Architect]says: As an Architect, I will review the code and identify the root cause of the 'function_under_test' not being defined in order to address the test failures.\n-----\n\n[ProductOwner]says: As a Product Owner, I suggest prioritizing fixing the errors in the test script before proceeding with further development.\n-----\n\n[Developer]says: As a Developer, I will review the test script and check the 'function_under_test' to see if it is properly defined and utilized in the code.\n-----\n",
    "SprintReviewMeetings0": "{\n  \"product-owner\": [\"I think we should prioritize fixing the errors in the test script before moving forward with any further development.\", \"I suggest prioritizing fixing the errors in the test script before proceeding with further development.\"],\n  \"architect\": [\"It is important to review the code and identify the root cause of the 'function_under_test' not being defined in order to address the test failures.\", \"I will review the code and identify the root cause of the 'function_under_test' not being defined in order to address the test failures.\"],\n  \"developer\": [\"I will review the test script and check the 'function_under_test' to see if it is properly defined and utilized in the code.\"],\n  \"tester\": [\"I suggest reviewing the test_example1 and test_example2 functions to ensure that the 'function_under_test' is properly defined to resolve the NameError issue.\"]\n}",
    "SprintReviewMeetings0_prompt": "{\"Role\": \"You are a professional scrum master. Your goal is to summary the Discussion History into a suggestions list for the scrum team.\", \"Instruction\": \"1. Read and Understand the Discussion History. 2. Summary the suggestions from four roles: product-owner/architect/developer/tester. 3. Response in JSON format.\", \"Example\": \"{\\\"product-owner\\\":[\\\"suggestion1\\\",\\\"suggestion2\\\"],\\\"architect\\\":[\\\"suggestion1\\\",\\\"suggestion2\\\"], \\\"developer\\\":[\\\"suggestion1\\\",\\\"suggestion2\\\"], \\\"tester\\\":[\\\"suggestion1\\\",\\\"suggestion2\\\"]}\", \"Context\": \"[ScrumMaster]says: Here is our test Report: Test Report:\\n\\nContext:\\nThe test script's output indicates that there are errors in the code being tested. The errors occur in the test_example1 and test_example2 functions, resulting in a NameError due to 'function_under_test' not being defined. The overall result of the test script is a failure with 2 errors.\\n\\nAnalysis:\\nThe test script output clearly shows that the code has failed the tests. The errors are related to the 'function_under_test' not being defined, which is causing the test cases to fail.\\n\\nConclusion:\\nBased on the analysis of the test script's output, it is evident that the code has failed the tests.\\n\\nInput and Expected Output Example:\\nGiven the nature of the errors in the test script's output, it is not possible to provide specific input and expected output examples as the code is failing due to a NameError.\\n\\nIn conclusion, the code has not passed the tests.\\n\\nCode Test Failed., do you have any ideas?\\n-----\\n\\n[Developer]says: As a Developer, I will review the test script and check the 'function_under_test' to see if it is properly defined and utilized in the code.\\n-----\\n\\n[ProductOwner]says: As a Product Owner, I think we should prioritize fixing the errors in the test script before moving forward with any further development.\\n-----\\n\\n[Tester]says: As a Tester, I suggest reviewing the test_example1 and test_example2 functions to ensure that the 'function_under_test' is properly defined to resolve the NameError issue.\\n-----\\n\\n[Tester]says: As a Tester, I suggest reviewing the test_example1 and test_example2 functions to ensure that the 'function_under_test' is properly defined to resolve the NameError issue.\\n-----\\n\\n[Architect]says: As an Architect, it is important to review the code and identify the root cause of the 'function_under_test' not being defined in order to address the test failures.\\n-----\\n\\n[Architect]says: As an Architect, I will review the code and identify the root cause of the 'function_under_test' not being defined in order to address the test failures.\\n-----\\n\\n[ProductOwner]says: As a Product Owner, I suggest prioritizing fixing the errors in the test script before proceeding with further development.\\n-----\\n\\n[Developer]says: As a Developer, I will review the test script and check the 'function_under_test' to see if it is properly defined and utilized in the code.\\n-----\\n\", \"Question\": \"Follow the Instruction section. The Discussion History is in the Context section. You only need to return a list as the Example section.\"}",
    "RepairResponse0": "{\n\t\"revised_code\": \"def is_prime(n):\\n    if n < 2:\\n        return False\\n    for i in range(2, int(n**0.5) + 1):\\n        if n % i == 0:\\n            return False\\n    return True\\n\\n\\ndef words_in_sentence(sentence):\\n    words = sentence.split()\\n    prime_words = [word for word in words if is_prime(len(word))]\\n    return ' '.join(prime_words)\"\n}",
    "RepairResponse0_prompt": {
        "Role": "You are a professional software engineer. Your duty is to write code in Python that meets the requirements. Ensure that the code you write is efficient, readable, and follows best practices. Remember, do not need to explain the code you wrote.",
        "Instruction": "1. Rewrite a bug fix version of the original code. 2. Response in JSON format.",
        "Example": "{\"revised_code\":\"...\"}",
        "Context": "# Test Report:\nTest Report:\n\nContext:\nThe test script's output indicates that there are errors in the code being tested. The errors occur in the test_example1 and test_example2 functions, resulting in a NameError due to 'function_under_test' not being defined. The overall result of the test script is a failure with 2 errors.\n\nAnalysis:\nThe test script output clearly shows that the code has failed the tests. The errors are related to the 'function_under_test' not being defined, which is causing the test cases to fail.\n\nConclusion:\nBased on the analysis of the test script's output, it is evident that the code has failed the tests.\n\nInput and Expected Output Example:\nGiven the nature of the errors in the test script's output, it is not possible to provide specific input and expected output examples as the code is failing due to a NameError.\n\nIn conclusion, the code has not passed the tests.\n\nCode Test Failed.# suggestions:\n{\"product-owner\": [\"I think we should prioritize fixing the errors in the test script before moving forward with any further development.\", \"I suggest prioritizing fixing the errors in the test script before proceeding with further development.\"], \"architect\": [\"It is important to review the code and identify the root cause of the 'function_under_test' not being defined in order to address the test failures.\", \"I will review the code and identify the root cause of the 'function_under_test' not being defined in order to address the test failures.\"], \"developer\": [\"I will review the test script and check the 'function_under_test' to see if it is properly defined and utilized in the code.\"], \"tester\": [\"I suggest reviewing the test_example1 and test_example2 functions to ensure that the 'function_under_test' is properly defined to resolve the NameError issue.\"]}",
        "Question": "The original code has some bugs, according to the test report and suggestions, rewrite the code. Complete the following code:\n\ndef words_in_sentence(sentence):\n    \"\"\"\n    You are given a string representing a sentence,\n    the sentence contains some words separated by a space,\n    and you have to return a string that contains the words from the original sentence,\n    whose lengths are prime numbers,\n    the order of the words in the new string should be the same as the original one.\n\n    Example 1:\n        Input: sentence = \"This is a test\"\n        Output: \"is\"\n\n    Example 2:\n        Input: sentence = \"lets go for swimming\"\n        Output: \"go for\"\n\n    Constraints:\n        * 1 <= len(sentence) <= 100\n        * sentence contains only letters\n    \"\"\"\n"
    },
    "Code1": "def is_prime(n):\n    if n < 2:\n        return False\n    for i in range(2, int(n**0.5) + 1):\n        if n % i == 0:\n            return False\n    return True\n\n\ndef words_in_sentence(sentence):\n    words = sentence.split()\n    prime_words = [word for word in words if is_prime(len(word))]\n    return ' '.join(prime_words)",
    "ScriptResult1": "EE\n======================================================================\nERROR: test_example1 (__main__.Test)\n----------------------------------------------------------------------\nTraceback (most recent call last):\n  File \"/Users/watch/PycharmProjects/XXXX-1-LLM/workspace/2024-02-13_15-28-10-219211/test_script.py\", line 18, in test_example1\n    self.assertEqual(function_under_test('This is a test'), 'is')\nNameError: name 'function_under_test' is not defined\n\n======================================================================\nERROR: test_example2 (__main__.Test)\n----------------------------------------------------------------------\nTraceback (most recent call last):\n  File \"/Users/watch/PycharmProjects/XXXX-1-LLM/workspace/2024-02-13_15-28-10-219211/test_script.py\", line 21, in test_example2\n    self.assertEqual(function_under_test('lets go for swimming'), 'go for')\nNameError: name 'function_under_test' is not defined\n\n----------------------------------------------------------------------\nRan 2 tests in 0.000s\n\nFAILED (errors=2)\n",
    "TestReport1": "Test Report:\n\nThe test script's output indicates that there are 2 errors in the code. The errors are related to the undefined function 'function_under_test'. The test cases 'test_example1' and 'test_example2' both failed due to this issue.\n\nExample of input and expected output:\nInput: 'This is a test'\nExpected Output: 'is'\nInput: 'lets go for swimming'\nExpected Output: 'go for'\n\nConclusion: Code Test Failed.",
    "SprintReview1": "[ScrumMaster]says: Here is our test Report: Test Report:\n\nThe test script's output indicates that there are 2 errors in the code. The errors are related to the undefined function 'function_under_test'. The test cases 'test_example1' and 'test_example2' both failed due to this issue.\n\nExample of input and expected output:\nInput: 'This is a test'\nExpected Output: 'is'\nInput: 'lets go for swimming'\nExpected Output: 'go for'\n\nConclusion: Code Test Failed., do you have any ideas?\n-----\n\n[Tester]says: As a Tester, I suggest conducting a code review to identify and fix the undefined function 'function_under_test' and ensure that the test cases 'test_example1' and 'test_example2' pass successfully.\n-----\n\n[Tester]says: As a Tester, I suggest conducting a code review to identify and fix the undefined function 'function_under_test' and ensure that the test cases 'test_example1' and 'test_example2' pass successfully.\n-----\n\n[Developer]says: As a Developer, I believe we need to review the code and ensure that the 'function_under_test' is properly defined and implemented to address the errors in the test script's output.\n-----\n\n[ProductOwner]says: As the Product Owner, I believe we need to prioritize fixing the undefined function 'function_under_test' in order to address the failed test cases and move forward with the development.\n-----\n\n[Architect]says: As an Architect, I suggest reviewing the code to ensure that the 'function_under_test' is defined and functioning correctly before running the test cases.\n-----\n\n[Architect]says: As an Architect, I suggest reviewing the code to ensure that the 'function_under_test' is defined and functioning correctly before running the test cases.\n-----\n\n[ProductOwner]says: As the Product Owner, I believe we need to prioritize fixing the undefined function 'function_under_test' in order to address the failed test cases and move forward with the development.\n-----\n\n[Developer]says: [Developer] To address the errors, I will review the code and ensure that the 'function_under_test' is properly defined and implemented.\n-----\n",
    "SprintReviewMeetings1": "{\n  \"product-owner\": [\n    \"I believe we need to prioritize fixing the undefined function 'function_under_test' in order to address the failed test cases and move forward with the development.\"\n  ],\n  \"architect\": [\n    \"I suggest reviewing the code to ensure that the 'function_under_test' is defined and functioning correctly before running the test cases.\"\n  ],\n  \"developer\": [\n    \"I believe we need to review the code and ensure that the 'function_under_test' is properly defined and implemented to address the errors in the test script's output.\"\n  ],\n  \"tester\": [\n    \"I suggest conducting a code review to identify and fix the undefined function 'function_under_test' and ensure that the test cases 'test_example1' and 'test_example2' pass successfully.\"\n  ]\n}",
    "SprintReviewMeetings1_prompt": "{\"Role\": \"You are a professional scrum master. Your goal is to summary the Discussion History into a suggestions list for the scrum team.\", \"Instruction\": \"1. Read and Understand the Discussion History. 2. Summary the suggestions from four roles: product-owner/architect/developer/tester. 3. Response in JSON format.\", \"Example\": \"{\\\"product-owner\\\":[\\\"suggestion1\\\",\\\"suggestion2\\\"],\\\"architect\\\":[\\\"suggestion1\\\",\\\"suggestion2\\\"], \\\"developer\\\":[\\\"suggestion1\\\",\\\"suggestion2\\\"], \\\"tester\\\":[\\\"suggestion1\\\",\\\"suggestion2\\\"]}\", \"Context\": \"[ScrumMaster]says: Here is our test Report: Test Report:\\n\\nThe test script's output indicates that there are 2 errors in the code. The errors are related to the undefined function 'function_under_test'. The test cases 'test_example1' and 'test_example2' both failed due to this issue.\\n\\nExample of input and expected output:\\nInput: 'This is a test'\\nExpected Output: 'is'\\nInput: 'lets go for swimming'\\nExpected Output: 'go for'\\n\\nConclusion: Code Test Failed., do you have any ideas?\\n-----\\n\\n[Tester]says: As a Tester, I suggest conducting a code review to identify and fix the undefined function 'function_under_test' and ensure that the test cases 'test_example1' and 'test_example2' pass successfully.\\n-----\\n\\n[Tester]says: As a Tester, I suggest conducting a code review to identify and fix the undefined function 'function_under_test' and ensure that the test cases 'test_example1' and 'test_example2' pass successfully.\\n-----\\n\\n[Developer]says: As a Developer, I believe we need to review the code and ensure that the 'function_under_test' is properly defined and implemented to address the errors in the test script's output.\\n-----\\n\\n[ProductOwner]says: As the Product Owner, I believe we need to prioritize fixing the undefined function 'function_under_test' in order to address the failed test cases and move forward with the development.\\n-----\\n\\n[Architect]says: As an Architect, I suggest reviewing the code to ensure that the 'function_under_test' is defined and functioning correctly before running the test cases.\\n-----\\n\\n[Architect]says: As an Architect, I suggest reviewing the code to ensure that the 'function_under_test' is defined and functioning correctly before running the test cases.\\n-----\\n\\n[ProductOwner]says: As the Product Owner, I believe we need to prioritize fixing the undefined function 'function_under_test' in order to address the failed test cases and move forward with the development.\\n-----\\n\\n[Developer]says: [Developer] To address the errors, I will review the code and ensure that the 'function_under_test' is properly defined and implemented.\\n-----\\n\", \"Question\": \"Follow the Instruction section. The Discussion History is in the Context section. You only need to return a list as the Example section.\"}",
    "RepairResponse1": "{\n  \"revised_code\": \"def is_prime(num):\\n    if num < 2:\\n        return False\\n    for i in range(2, int(num ** 0.5) + 1):\\n        if num % i == 0:\\n            return False\\n    return True\\n\\ndef words_in_sentence(sentence):\\n    words = sentence.split()\\n    prime_words = [word for word in words if is_prime(len(word))]\\n    return ' '.join(prime_words)\"\n}",
    "RepairResponse1_prompt": {
        "Role": "You are a professional software engineer. Your duty is to write code in Python that meets the requirements. Ensure that the code you write is efficient, readable, and follows best practices. Remember, do not need to explain the code you wrote.",
        "Instruction": "1. Rewrite a bug fix version of the original code. 2. Response in JSON format.",
        "Example": "{\"revised_code\":\"...\"}",
        "Context": "# Test Report:\nTest Report:\n\nThe test script's output indicates that there are 2 errors in the code. The errors are related to the undefined function 'function_under_test'. The test cases 'test_example1' and 'test_example2' both failed due to this issue.\n\nExample of input and expected output:\nInput: 'This is a test'\nExpected Output: 'is'\nInput: 'lets go for swimming'\nExpected Output: 'go for'\n\nConclusion: Code Test Failed.# suggestions:\n{\"product-owner\": [\"I believe we need to prioritize fixing the undefined function 'function_under_test' in order to address the failed test cases and move forward with the development.\"], \"architect\": [\"I suggest reviewing the code to ensure that the 'function_under_test' is defined and functioning correctly before running the test cases.\"], \"developer\": [\"I believe we need to review the code and ensure that the 'function_under_test' is properly defined and implemented to address the errors in the test script's output.\"], \"tester\": [\"I suggest conducting a code review to identify and fix the undefined function 'function_under_test' and ensure that the test cases 'test_example1' and 'test_example2' pass successfully.\"]}",
        "Question": "The original code has some bugs, according to the test report and suggestions, rewrite the code. Complete the following code:\n\ndef words_in_sentence(sentence):\n    \"\"\"\n    You are given a string representing a sentence,\n    the sentence contains some words separated by a space,\n    and you have to return a string that contains the words from the original sentence,\n    whose lengths are prime numbers,\n    the order of the words in the new string should be the same as the original one.\n\n    Example 1:\n        Input: sentence = \"This is a test\"\n        Output: \"is\"\n\n    Example 2:\n        Input: sentence = \"lets go for swimming\"\n        Output: \"go for\"\n\n    Constraints:\n        * 1 <= len(sentence) <= 100\n        * sentence contains only letters\n    \"\"\"\n"
    },
    "Code2": "def is_prime(num):\n    if num < 2:\n        return False\n    for i in range(2, int(num ** 0.5) + 1):\n        if num % i == 0:\n            return False\n    return True\n\ndef words_in_sentence(sentence):\n    words = sentence.split()\n    prime_words = [word for word in words if is_prime(len(word))]\n    return ' '.join(prime_words)",
    "ScriptResult2": "EE\n======================================================================\nERROR: test_example1 (__main__.Test)\n----------------------------------------------------------------------\nTraceback (most recent call last):\n  File \"/Users/watch/PycharmProjects/XXXX-1-LLM/workspace/2024-02-13_15-28-10-219211/test_script.py\", line 17, in test_example1\n    self.assertEqual(function_under_test('This is a test'), 'is')\nNameError: name 'function_under_test' is not defined\n\n======================================================================\nERROR: test_example2 (__main__.Test)\n----------------------------------------------------------------------\nTraceback (most recent call last):\n  File \"/Users/watch/PycharmProjects/XXXX-1-LLM/workspace/2024-02-13_15-28-10-219211/test_script.py\", line 20, in test_example2\n    self.assertEqual(function_under_test('lets go for swimming'), 'go for')\nNameError: name 'function_under_test' is not defined\n\n----------------------------------------------------------------------\nRan 2 tests in 0.000s\n\nFAILED (errors=2)\n",
    "TestReport2": "Test Report:\n\nTest Script's Output:\n\nEE\n======================================================================\nERROR: test_example1 (__main__.Test)\n----------------------------------------------------------------------\nTraceback (most recent call last):\n  File \"/Users/watch/PycharmProjects/XXXX-1-LLM/workspace/2024-02-13_15-28-10-219211/test_script.py\", line 17, in test_example1\n    self.assertEqual(function_under_test('This is a test'), 'is')\nNameError: name 'function_under_test' is not defined\n\n======================================================================\nERROR: test_example2 (__main__.Test)\n----------------------------------------------------------------------\nTraceback (most recent call last):\n  File \"/Users/watch/PycharmProjects/XXXX-1-LLM/workspace/2024-02-13_15-28-10-219211/test_script.py\", line 20, in test_example2\n    self.assertEqual(function_under_test('lets go for swimming'), 'go for')\nNameError: name 'function_under_test' is not defined\n\n----------------------------------------------------------------------\nRan 2 tests in 0.000s\n\nFAILED (errors=2)\n\n\nTest Report:\n\nThe test script output indicates that there are errors in the code. The 'function_under_test' is not defined, leading to a NameError in both test examples. As a result, the code has failed the tests.\n\nInput and Expected Output Example:\n- Input: This is a test\n- Expected Output: is\n\n- Input: lets go for swimming\n- Expected Output: go for\n\nConclusion: Code Test Failed.",
    "SprintReview2": "[ScrumMaster]says: Here is our test Report: Test Report:\n\nTest Script's Output:\n\nEE\n======================================================================\nERROR: test_example1 (__main__.Test)\n----------------------------------------------------------------------\nTraceback (most recent call last):\n  File \"/Users/watch/PycharmProjects/XXXX-1-LLM/workspace/2024-02-13_15-28-10-219211/test_script.py\", line 17, in test_example1\n    self.assertEqual(function_under_test('This is a test'), 'is')\nNameError: name 'function_under_test' is not defined\n\n======================================================================\nERROR: test_example2 (__main__.Test)\n----------------------------------------------------------------------\nTraceback (most recent call last):\n  File \"/Users/watch/PycharmProjects/XXXX-1-LLM/workspace/2024-02-13_15-28-10-219211/test_script.py\", line 20, in test_example2\n    self.assertEqual(function_under_test('lets go for swimming'), 'go for')\nNameError: name 'function_under_test' is not defined\n\n----------------------------------------------------------------------\nRan 2 tests in 0.000s\n\nFAILED (errors=2)\n\n\nTest Report:\n\nThe test script output indicates that there are errors in the code. The 'function_under_test' is not defined, leading to a NameError in both test examples. As a result, the code has failed the tests.\n\nInput and Expected Output Example:\n- Input: This is a test\n- Expected Output: is\n\n- Input: lets go for swimming\n- Expected Output: go for\n\nConclusion: Code Test Failed., do you have any ideas?\n-----\n\n[Developer]says: As a Developer, I suggest that we need to define the function_under_test in order to address the NameError and pass the tests.\n-----\n\n[ProductOwner]says: As a Product Owner, we need to address the issue with the code testing and define the 'function_under_test' in order to move forward with the development process.\n-----\n\n[ProductOwner]says: As a Product Owner, I agree that we need to address the issue with the code testing and define the 'function_under_test' in order to move forward with the development process.\n-----\n\n[Tester]says: As a Tester, I recommend reviewing the code to ensure that the 'function_under_test' is defined correctly before running the tests.\n-----\n\n[Developer]says: As a Developer, I suggest that we need to define the function_under_test in order to address the NameError and pass the tests.\n-----\n\n[Architect]says: As an Architect, to create a product, we should first define the functions and ensure they are properly implemented. Let's review the code and identify where the 'function_under_test' should be defined.\n-----\n\n[Tester]says: As a Tester, I recommend reviewing the code to ensure that the 'function_under_test' is defined correctly before running the tests.\n-----\n\n[Architect]says: As an Architect, I believe the first step is to review the code and identify where the 'function_under_test' should be defined.\n-----\n",
    "SprintReviewMeetings2": "{\n  \"product-owner\": [\n    \"we need to address the issue with the code testing and define the 'function_under_test' in order to move forward with the development process.\"\n  ],\n  \"architect\": [\n    \"to create a product, we should first define the functions and ensure they are properly implemented. Let's review the code and identify where the 'function_under_test' should be defined.\"\n  ],\n  \"developer\": [\n    \"we need to define the function_under_test in order to address the NameError and pass the tests.\"\n  ],\n  \"tester\": [\n    \"I recommend reviewing the code to ensure that the 'function_under_test' is defined correctly before running the tests.\"\n  ]\n}",
    "SprintReviewMeetings2_prompt": "{\"Role\": \"You are a professional scrum master. Your goal is to summary the Discussion History into a suggestions list for the scrum team.\", \"Instruction\": \"1. Read and Understand the Discussion History. 2. Summary the suggestions from four roles: product-owner/architect/developer/tester. 3. Response in JSON format.\", \"Example\": \"{\\\"product-owner\\\":[\\\"suggestion1\\\",\\\"suggestion2\\\"],\\\"architect\\\":[\\\"suggestion1\\\",\\\"suggestion2\\\"], \\\"developer\\\":[\\\"suggestion1\\\",\\\"suggestion2\\\"], \\\"tester\\\":[\\\"suggestion1\\\",\\\"suggestion2\\\"]}\", \"Context\": \"[ScrumMaster]says: Here is our test Report: Test Report:\\n\\nTest Script's Output:\\n\\nEE\\n======================================================================\\nERROR: test_example1 (__main__.Test)\\n----------------------------------------------------------------------\\nTraceback (most recent call last):\\n  File \\\"/Users/watch/PycharmProjects/XXXX-1-LLM/workspace/2024-02-13_15-28-10-219211/test_script.py\\\", line 17, in test_example1\\n    self.assertEqual(function_under_test('This is a test'), 'is')\\nNameError: name 'function_under_test' is not defined\\n\\n======================================================================\\nERROR: test_example2 (__main__.Test)\\n----------------------------------------------------------------------\\nTraceback (most recent call last):\\n  File \\\"/Users/watch/PycharmProjects/XXXX-1-LLM/workspace/2024-02-13_15-28-10-219211/test_script.py\\\", line 20, in test_example2\\n    self.assertEqual(function_under_test('lets go for swimming'), 'go for')\\nNameError: name 'function_under_test' is not defined\\n\\n----------------------------------------------------------------------\\nRan 2 tests in 0.000s\\n\\nFAILED (errors=2)\\n\\n\\nTest Report:\\n\\nThe test script output indicates that there are errors in the code. The 'function_under_test' is not defined, leading to a NameError in both test examples. As a result, the code has failed the tests.\\n\\nInput and Expected Output Example:\\n- Input: This is a test\\n- Expected Output: is\\n\\n- Input: lets go for swimming\\n- Expected Output: go for\\n\\nConclusion: Code Test Failed., do you have any ideas?\\n-----\\n\\n[Developer]says: As a Developer, I suggest that we need to define the function_under_test in order to address the NameError and pass the tests.\\n-----\\n\\n[ProductOwner]says: As a Product Owner, we need to address the issue with the code testing and define the 'function_under_test' in order to move forward with the development process.\\n-----\\n\\n[ProductOwner]says: As a Product Owner, I agree that we need to address the issue with the code testing and define the 'function_under_test' in order to move forward with the development process.\\n-----\\n\\n[Tester]says: As a Tester, I recommend reviewing the code to ensure that the 'function_under_test' is defined correctly before running the tests.\\n-----\\n\\n[Developer]says: As a Developer, I suggest that we need to define the function_under_test in order to address the NameError and pass the tests.\\n-----\\n\\n[Architect]says: As an Architect, to create a product, we should first define the functions and ensure they are properly implemented. Let's review the code and identify where the 'function_under_test' should be defined.\\n-----\\n\\n[Tester]says: As a Tester, I recommend reviewing the code to ensure that the 'function_under_test' is defined correctly before running the tests.\\n-----\\n\\n[Architect]says: As an Architect, I believe the first step is to review the code and identify where the 'function_under_test' should be defined.\\n-----\\n\", \"Question\": \"Follow the Instruction section. The Discussion History is in the Context section. You only need to return a list as the Example section.\"}",
    "RepairResponse2": "{\n\t\"revised_code\": \"def words_in_sentence(sentence):\\n    def is_prime(n):\\n        if n <= 1:\\n            return False\\n        for i in range(2, int(n ** 0.5) + 1):\\n            if n % i == 0:\\n                return False\\n        return True\\n    words = sentence.split()\\n    prime_words = [word for word in words if is_prime(len(word))]\\n    return ' '.join(prime_words)\"\n}",
    "RepairResponse2_prompt": {
        "Role": "You are a professional software engineer. Your duty is to write code in Python that meets the requirements. Ensure that the code you write is efficient, readable, and follows best practices. Remember, do not need to explain the code you wrote.",
        "Instruction": "1. Rewrite a bug fix version of the original code. 2. Response in JSON format.",
        "Example": "{\"revised_code\":\"...\"}",
        "Context": "# Test Report:\nTest Report:\n\nTest Script's Output:\n\nEE\n======================================================================\nERROR: test_example1 (__main__.Test)\n----------------------------------------------------------------------\nTraceback (most recent call last):\n  File \"/Users/watch/PycharmProjects/XXXX-1-LLM/workspace/2024-02-13_15-28-10-219211/test_script.py\", line 17, in test_example1\n    self.assertEqual(function_under_test('This is a test'), 'is')\nNameError: name 'function_under_test' is not defined\n\n======================================================================\nERROR: test_example2 (__main__.Test)\n----------------------------------------------------------------------\nTraceback (most recent call last):\n  File \"/Users/watch/PycharmProjects/XXXX-1-LLM/workspace/2024-02-13_15-28-10-219211/test_script.py\", line 20, in test_example2\n    self.assertEqual(function_under_test('lets go for swimming'), 'go for')\nNameError: name 'function_under_test' is not defined\n\n----------------------------------------------------------------------\nRan 2 tests in 0.000s\n\nFAILED (errors=2)\n\n\nTest Report:\n\nThe test script output indicates that there are errors in the code. The 'function_under_test' is not defined, leading to a NameError in both test examples. As a result, the code has failed the tests.\n\nInput and Expected Output Example:\n- Input: This is a test\n- Expected Output: is\n\n- Input: lets go for swimming\n- Expected Output: go for\n\nConclusion: Code Test Failed.# suggestions:\n{\"product-owner\": [\"we need to address the issue with the code testing and define the 'function_under_test' in order to move forward with the development process.\"], \"architect\": [\"to create a product, we should first define the functions and ensure they are properly implemented. Let's review the code and identify where the 'function_under_test' should be defined.\"], \"developer\": [\"we need to define the function_under_test in order to address the NameError and pass the tests.\"], \"tester\": [\"I recommend reviewing the code to ensure that the 'function_under_test' is defined correctly before running the tests.\"]}",
        "Question": "The original code has some bugs, according to the test report and suggestions, rewrite the code. Complete the following code:\n\ndef words_in_sentence(sentence):\n    \"\"\"\n    You are given a string representing a sentence,\n    the sentence contains some words separated by a space,\n    and you have to return a string that contains the words from the original sentence,\n    whose lengths are prime numbers,\n    the order of the words in the new string should be the same as the original one.\n\n    Example 1:\n        Input: sentence = \"This is a test\"\n        Output: \"is\"\n\n    Example 2:\n        Input: sentence = \"lets go for swimming\"\n        Output: \"go for\"\n\n    Constraints:\n        * 1 <= len(sentence) <= 100\n        * sentence contains only letters\n    \"\"\"\n"
    },
    "Code3": "def words_in_sentence(sentence):\n    def is_prime(n):\n        if n <= 1:\n            return False\n        for i in range(2, int(n ** 0.5) + 1):\n            if n % i == 0:\n                return False\n        return True\n    words = sentence.split()\n    prime_words = [word for word in words if is_prime(len(word))]\n    return ' '.join(prime_words)",
    "ScriptResult3": "EE\n======================================================================\nERROR: test_example1 (__main__.Test)\n----------------------------------------------------------------------\nTraceback (most recent call last):\n  File \"/Users/watch/PycharmProjects/XXXX-1-LLM/workspace/2024-02-13_15-28-10-219211/test_script.py\", line 16, in test_example1\n    self.assertEqual(function_under_test('This is a test'), 'is')\nNameError: name 'function_under_test' is not defined\n\n======================================================================\nERROR: test_example2 (__main__.Test)\n----------------------------------------------------------------------\nTraceback (most recent call last):\n  File \"/Users/watch/PycharmProjects/XXXX-1-LLM/workspace/2024-02-13_15-28-10-219211/test_script.py\", line 19, in test_example2\n    self.assertEqual(function_under_test('lets go for swimming'), 'go for')\nNameError: name 'function_under_test' is not defined\n\n----------------------------------------------------------------------\nRan 2 tests in 0.000s\n\nFAILED (errors=2)\n",
    "TestReport3": "Test Report:\n\nCode Test Failed\n\nInput Example:\nsentence = \"This is a test\"\nExpected Output: \"is\"\nActual Output: NameError: name 'function_under_test' is not defined\n\nInput Example:\nsentence = \"lets go for swimming\"\nExpected Output: \"go for\"\nActual Output: NameError: name 'function_under_test' is not defined"
}