{
    "start_time": "2024-03-11_08-57-39-103621",
    "task": "def area_polygon(s, l):\n'''Write a function to calculate the area of a regular polygon given the length and number of its sides.\nassert math.isclose(area_polygon(4, 20), 400., rel_tol=0.001)'''\n",
    "datetime": {
        "task": "2024-03-11 08:57:39",
        "task-id": "2024-03-11 08:57:39",
        "workflow": "2024-03-11 08:57:39",
        "Discussion": "2024-03-11 08:57:40",
        "DisorderedSprintMeetings": "2024-03-11 08:57:42",
        "DesignDraft0": "2024-03-11 08:57:44",
        "DesignMeetings0": "2024-03-11 08:57:47",
        "Design0": "2024-03-11 08:57:51",
        "CodeDraft0": "2024-03-11 08:57:52",
        "CodeReviewMeetings0": "2024-03-11 08:57:54",
        "Code0CR": "2024-03-11 08:57:57",
        "FinalCode": "2024-03-11 08:58:19",
        "Test Cases Draft": "2024-03-11 08:57:59",
        "Test Cases Meetings": "2024-03-11 08:58:00",
        "Test Cases": "2024-03-11 08:58:04",
        "Code0": "2024-03-11 08:58:05",
        "TestScriptOriginal": "2024-03-11 08:58:06",
        "TestScript": "2024-03-11 08:58:06",
        "ScriptResult0": "2024-03-11 08:58:06",
        "TestReport0": "2024-03-11 08:58:08",
        "SprintReview0": "2024-03-11 08:58:09",
        "SprintReviewMeetings0": "2024-03-11 08:58:11",
        "RepairResponse0": "2024-03-11 08:58:12",
        "Code1": "2024-03-11 08:58:12",
        "ScriptResult1": "2024-03-11 08:58:12",
        "TestReport1": "2024-03-11 08:58:14",
        "SprintReview1": "2024-03-11 08:58:16",
        "SprintReviewMeetings1": "2024-03-11 08:58:19",
        "RepairResponse1": "2024-03-11 08:58:19",
        "Code2": "2024-03-11 08:58:19",
        "ScriptResult2": "2024-03-11 08:58:19",
        "TestReport2": "2024-03-11 08:58:22",
        "SprintReview2": "2024-03-11 08:58:23",
        "SprintReviewMeetings2": "2024-03-11 08:58:25",
        "RepairResponse2": "2024-03-11 08:58:27"
    },
    "task-id": 163,
    "workflow": "agile/agile_version_0.0.5_remove.json",
    "Discussion": "[ScrumMaster]says: We have a job: def area_polygon(s, l):\n'''Write a function to calculate the area of a regular polygon given the length and number of its sides.\nassert math.isclose(area_polygon(4, 20), 400., rel_tol=0.001)'''\n, do you have any ideas?\n-----\n\n[ProductOwner]says: As a Product Owner, I think we should consider the user requirements when designing the function.\n-----\n\n[Architect]says: As an Architect, I think the first step is to analyze the requirements and constraints of the area_polygon function before designing the solution.\n-----\n\n[Tester]says: As a Tester, I will test the area_polygon function with different inputs to ensure it calculates the area of a regular polygon accurately.\n-----\n\n[Developer]says: As a Developer, I think we should start by defining the formula to calculate the area of a regular polygon and then implement it in the function.\n-----\n\n[ProductOwner]says: [ProductOwner] To create a product, we should prioritize the user requirements and make sure the function meets their needs.\n-----\n\n[Architect]says: As an Architect, I think it is important to consider the scalability and performance implications of the area_polygon function in our design.\n-----\n\n[Developer]says: As a Developer, I think we should start by defining the formula to calculate the area of a regular polygon and then implement it in the function.\n-----\n\n[Tester]says: As a Tester, I will test the area_polygon function with different inputs to ensure it calculates the area of a regular polygon accurately.\n-----\n",
    "DisorderedSprintMeetings": "{\n  \"product-owner\":[\"Consider user requirements when designing the function\", \"Prioritize user requirements and ensure the function meets their needs\"],\n  \"architect\":[\"Analyze the requirements and constraints of the area_polygon function before designing the solution\", \"Consider scalability and performance implications of the area_polygon function in the design\"],\n  \"developer\":[\"Define the formula to calculate the area of a regular polygon\", \"Implement the formula in the function\"],\n  \"tester\":[\"Test the area_polygon function with different inputs to ensure accurate calculation of the area of a regular polygon\"]\n}",
    "DisorderedSprintMeetings_prompt": "{\"Role\": \"You are a professional scrum master. Your goal is to breakdown the Discussion History into a task list for the scrum team.\", \"Instruction\": \"1. Read and Understand the Discussion History. 2. Define the tasks for four roles: product-owner/architect/developer/tester. 3. Response in JSON format.\", \"Example\": \"{\\\"product-owner\\\":[\\\"task1\\\",\\\"task2\\\"],\\\"architect\\\":[\\\"task1\\\",\\\"task2\\\"], \\\"developer\\\":[\\\"task1\\\",\\\"task2\\\"], \\\"tester\\\":[\\\"task1\\\",\\\"task2\\\"]}\", \"Context\": \"[ScrumMaster]says: We have a job: def area_polygon(s, l):\\n'''Write a function to calculate the area of a regular polygon given the length and number of its sides.\\nassert math.isclose(area_polygon(4, 20), 400., rel_tol=0.001)'''\\n, do you have any ideas?\\n-----\\n\\n[ProductOwner]says: As a Product Owner, I think we should consider the user requirements when designing the function.\\n-----\\n\\n[Architect]says: As an Architect, I think the first step is to analyze the requirements and constraints of the area_polygon function before designing the solution.\\n-----\\n\\n[Tester]says: As a Tester, I will test the area_polygon function with different inputs to ensure it calculates the area of a regular polygon accurately.\\n-----\\n\\n[Developer]says: As a Developer, I think we should start by defining the formula to calculate the area of a regular polygon and then implement it in the function.\\n-----\\n\\n[ProductOwner]says: [ProductOwner] To create a product, we should prioritize the user requirements and make sure the function meets their needs.\\n-----\\n\\n[Architect]says: As an Architect, I think it is important to consider the scalability and performance implications of the area_polygon function in our design.\\n-----\\n\\n[Developer]says: As a Developer, I think we should start by defining the formula to calculate the area of a regular polygon and then implement it in the function.\\n-----\\n\\n[Tester]says: As a Tester, I will test the area_polygon function with different inputs to ensure it calculates the area of a regular polygon accurately.\\n-----\\n\", \"Question\": \"Follow the Instruction section. The Discussion History is in the Context section. You only need to return a task list as the Example section.\"}",
    "DesignDraft0": "Design:\n\nThe area_polygon function needs to be designed to calculate the area of a regular polygon given the length (l) and number of its sides (s). The function should adhere to the following requirements and constraints:\n\n1. Input Validation: The function should validate the input parameters to ensure that the length and number of sides are valid and within acceptable ranges. This will prevent any unexpected behavior or errors.\n\n2. Mathematical Calculation: The function should use the appropriate mathematical formula to calculate the area of a regular polygon based on its length and number of sides.\n\n3. Scalability and Performance: Consider the scalability and performance implications of the area_polygon function in the design. Optimize the algorithm to ensure efficient calculation, especially for large inputs.\n\n4. Error Handling: Implement error handling to gracefully handle any exceptional scenarios, such as invalid input parameters, to provide informative error messages.\n\n5. Documentation: Provide clear and concise documentation for the function, including its purpose, input parameters, return value, and any assumptions made in the design.\n\nBy focusing on these high-level design aspects, the developer will have clear guidance on how to implement the area_polygon function while allowing flexibility in the actual code implementation.",
    "DesignMeetings0": "{\n  \"Developer\": \"Suggestion: 1. Use assert statements to validate the input parameters and throw custom exceptions for invalid inputs. 2. Implement the appropriate mathematical formula for calculating the area of a regular polygon. Consider using a pre-existing library or algorithm for efficient calculation. 3. Optimize the algorithm for scalability and performance, considering the time complexity and space complexity. 4. Implement try-catch blocks for error handling and provide informative error messages. 5. Create clear and concise documentation for the function, including examples and edge cases.\",\n  \"Tester\": \"Suggestion: 1. Test the function with valid and invalid input parameters to ensure proper input validation. 2. Verify the accuracy of the mathematical calculation by comparing the output with manually calculated values for different regular polygons. 3. Perform scalability testing by providing large inputs and measuring the performance of the function. 4. Test error handling by passing invalid input parameters and verifying that informative error messages are displayed. 5. Review the documentation to ensure it is clear and covers all necessary details for using the function.\"\n}",
    "Design0": "Based on the suggestions provided, the new design for the area_polygon function is as follows:\n\nDesign:\n\n1. Input Validation:\n   - Use assert statements to validate the input parameters and throw custom exceptions for invalid inputs. \n   - Ensure that the length and number of sides are within acceptable ranges to prevent unexpected behavior or errors.\n\n2. Mathematical Calculation:\n   - Implement the appropriate mathematical formula for calculating the area of a regular polygon based on its length and number of sides.\n\n3. Scalability and Performance:\n   - Optimize the algorithm for scalability and performance, considering the time complexity and space complexity, especially for large inputs.\n\n4. Error Handling:\n   - Implement try-catch blocks for error handling to provide informative error messages for exceptional scenarios such as invalid input parameters.\n\n5. Documentation:\n   - Provide clear and concise documentation for the function, including its purpose, input parameters, return value, and any assumptions made in the design. Include examples and edge cases for comprehensive understanding.\n\nBy incorporating these high-level design aspects, the developer will have clear guidance on how to implement the area_polygon function while allowing flexibility in the actual code implementation.",
    "CodeDraft0": "def area_polygon(s, l):\n    '''\n    Write a function to calculate the area of a regular polygon given the length and number of its sides.\n    assert math.isclose(area_polygon(4, 20), 400., rel_tol=0.001)\n    '''\n    import math\n    \n    # Input Validation\n    assert s > 2, \"Number of sides must be greater than 2\"\n    assert l > 0, \"Length must be a positive number\"\n    \n    # Mathematical Calculation\n    area = (s * l**2) / (4 * math.tan(math.pi / s))\n    \n    return area",
    "CodeDraft0_prompt": {
        "Role": "You are a professional engineer. Your duty is to write code in Python that meets the requirements. Ensure that the code you write is efficient, readable, and follows best practices. Remember, do not need to explain the code you wrote.",
        "Instruction": "According to the Context section, write your code.",
        "Example": "",
        "Context": "# Tasks:\n['Define the formula to calculate the area of a regular polygon', 'Implement the formula in the function']\n# Design:\nBased on the suggestions provided, the new design for the area_polygon function is as follows:\n\nDesign:\n\n1. Input Validation:\n   - Use assert statements to validate the input parameters and throw custom exceptions for invalid inputs. \n   - Ensure that the length and number of sides are within acceptable ranges to prevent unexpected behavior or errors.\n\n2. Mathematical Calculation:\n   - Implement the appropriate mathematical formula for calculating the area of a regular polygon based on its length and number of sides.\n\n3. Scalability and Performance:\n   - Optimize the algorithm for scalability and performance, considering the time complexity and space complexity, especially for large inputs.\n\n4. Error Handling:\n   - Implement try-catch blocks for error handling to provide informative error messages for exceptional scenarios such as invalid input parameters.\n\n5. Documentation:\n   - Provide clear and concise documentation for the function, including its purpose, input parameters, return value, and any assumptions made in the design. Include examples and edge cases for comprehensive understanding.\n\nBy incorporating these high-level design aspects, the developer will have clear guidance on how to implement the area_polygon function while allowing flexibility in the actual code implementation.",
        "Question": "Follow the Instruction section. Complete the following code:\ndef area_polygon(s, l):\n'''Write a function to calculate the area of a regular polygon given the length and number of its sides.\nassert math.isclose(area_polygon(4, 20), 400., rel_tol=0.001)'''\n"
    },
    "CodeReviewMeetings0": "{\n  \"Architect\": \"The code is missing proper documentation such as function description and parameter explanation. It would be helpful to add comments to explain the mathematical calculation. Also, it's a good practice to handle potential division by zero error when calculating the area.\",\n  \"Tester\": \"It's important to include more comprehensive test cases, such as testing with different combinations of number of sides and length values. Additionally, the code should be tested with edge cases and boundary values to ensure it handles all possible scenarios.\"\n}",
    "Code0CR": "def area_polygon(sides, length):\n    '''\n    Calculate the area of a regular polygon given the length and number of sides.\n    \n    Args:\n    sides: Number of sides of the polygon\n    length: Length of each side of the polygon\n    \n    Returns:\n    Area of the regular polygon\n    '''\n    \n    if sides <= 2:\n        raise ValueError(\"Number of sides should be greater than 2\")\n    \n    if length <= 0:\n        raise ValueError(\"Length of each side should be positive\")\n    \n    area = (sides * length**2) / (4 * math.tan(math.pi / sides))\n    return area\n\n# Comprehensive test cases\nassert math.isclose(area_polygon(4, 20), 400., rel_tol=0.001)\nassert math.isclose(area_polygon(6, 10), 259.8076, rel_tol=0.001)\nassert math.isclose(area_polygon(3, 15), 97.4279, rel_tol=0.001)\nassert math.isclose(area_polygon(5, 12), 276.3932, rel_tol=0.001)\nassert math.isclose(area_polygon(8, 18), 777.8175, rel_tol=0.001)",
    "Code0CR_prompt": "{\"Role\": \"You are a professional software engineer. Your duty is to write code in Python that meets the requirements. Ensure that the code you write is efficient, readable, and follows best practices. Remember, do not need to explain the code you wrote.\", \"Instruction\": \"1. Understand the suggestions(in the Context section) about the original code. 2. Rewrite your code.\", \"Example\": \"\", \"Context\": \"# Tasks:\\n['Define the formula to calculate the area of a regular polygon', 'Implement the formula in the function']\\n# Design:\\nBased on the suggestions provided, the new design for the area_polygon function is as follows:\\n\\nDesign:\\n\\n1. Input Validation:\\n   - Use assert statements to validate the input parameters and throw custom exceptions for invalid inputs. \\n   - Ensure that the length and number of sides are within acceptable ranges to prevent unexpected behavior or errors.\\n\\n2. Mathematical Calculation:\\n   - Implement the appropriate mathematical formula for calculating the area of a regular polygon based on its length and number of sides.\\n\\n3. Scalability and Performance:\\n   - Optimize the algorithm for scalability and performance, considering the time complexity and space complexity, especially for large inputs.\\n\\n4. Error Handling:\\n   - Implement try-catch blocks for error handling to provide informative error messages for exceptional scenarios such as invalid input parameters.\\n\\n5. Documentation:\\n   - Provide clear and concise documentation for the function, including its purpose, input parameters, return value, and any assumptions made in the design. Include examples and edge cases for comprehensive understanding.\\n\\nBy incorporating these high-level design aspects, the developer will have clear guidance on how to implement the area_polygon function while allowing flexibility in the actual code implementation.# Suggestions:\\n{\\n  \\\"Architect\\\": \\\"The code is missing proper documentation such as function description and parameter explanation. It would be helpful to add comments to explain the mathematical calculation. Also, it's a good practice to handle potential division by zero error when calculating the area.\\\",\\n  \\\"Tester\\\": \\\"It's important to include more comprehensive test cases, such as testing with different combinations of number of sides and length values. Additionally, the code should be tested with edge cases and boundary values to ensure it handles all possible scenarios.\\\"\\n}\", \"Question\": \"Follow the Instruction section. Complete the following code:\\ndef area_polygon(s, l):\\n'''Write a function to calculate the area of a regular polygon given the length and number of its sides.\\nassert math.isclose(area_polygon(4, 20), 400., rel_tol=0.001)'''\\n\"}",
    "FinalCode": "import math\n\ndef area_polygon(s, l):\n    return (l * s ** 2) / (4 * math.tan(math.pi / s))",
    "Test Cases Draft": "{\n  \"requirement analysis\": \"analysis\",\n  \"test_cases\": [\n    {\n      \"Test Title\": \"valid input test\",\n      \"Input Data\": \"s=4, l=20\",\n      \"Expected Output\": \"400\"\n    },\n    {\n      \"Test Title\": \"invalid input test - length out of range\",\n      \"Input Data\": \"s=4, l=-20\",\n      \"Expected Output\": \"Invalid input\"\n    },\n    {\n      \"Test Title\": \"invalid input test - non-integer length\",\n      \"Input Data\": \"s=4, l='twenty'\",\n      \"Expected Output\": \"Invalid input\"\n    }\n  ]\n}",
    "Test Cases Draft_prompt": "{\"Role\": \"You are a quality assurance engineer. Your duty is to design test cases for the developers.\", \"Instruction\": \"According to the Context section, write test cases. Don't write long strings in your test cases. Response in JSON format.\", \"Example\": \"{\\\"requirement analysis\\\":\\\"analysis\\\",\\\"test_cases\\\":[{\\\"Test Title\\\":\\\"title\\\", \\\"Input Data\\\":\\\"parameter1=[1,2,3],parameter2='123'\\\", \\\"Expected Output\\\":\\\"456\\\"},]}\", \"Context\": \"# Tasks:\\n['Test the area_polygon function with different inputs to ensure accurate calculation of the area of a regular polygon']\\n# Design:\\nBased on the suggestions provided, the new design for the area_polygon function is as follows:\\n\\nDesign:\\n\\n1. Input Validation:\\n   - Use assert statements to validate the input parameters and throw custom exceptions for invalid inputs. \\n   - Ensure that the length and number of sides are within acceptable ranges to prevent unexpected behavior or errors.\\n\\n2. Mathematical Calculation:\\n   - Implement the appropriate mathematical formula for calculating the area of a regular polygon based on its length and number of sides.\\n\\n3. Scalability and Performance:\\n   - Optimize the algorithm for scalability and performance, considering the time complexity and space complexity, especially for large inputs.\\n\\n4. Error Handling:\\n   - Implement try-catch blocks for error handling to provide informative error messages for exceptional scenarios such as invalid input parameters.\\n\\n5. Documentation:\\n   - Provide clear and concise documentation for the function, including its purpose, input parameters, return value, and any assumptions made in the design. Include examples and edge cases for comprehensive understanding.\\n\\nBy incorporating these high-level design aspects, the developer will have clear guidance on how to implement the area_polygon function while allowing flexibility in the actual code implementation.\", \"Question\": \"def area_polygon(s, l):\\n'''Write a function to calculate the area of a regular polygon given the length and number of its sides.\\nassert math.isclose(area_polygon(4, 20), 400., rel_tol=0.001)'''\\n\"}",
    "Test Cases Meetings": "{\n  \"Architect\": \"As an Architect, I would suggest revising the test cases to include boundary and edge cases, such as maximum and minimum values for input data. Also, it would be beneficial to add test cases for different combinations of input data to ensure comprehensive coverage of the functionality.\"\n  ,\n  \"Developer\": \"As a Developer, I would suggest revising the test cases to include negative test cases, such as testing for unexpected input data or error handling scenarios. Additionally, adding assertions to verify the expected output against the actual output would improve the robustness of the test cases.\"\n}",
    "Test Cases": "{\n  \"requirement analysis\": \"analysis\",\n  \"test_cases\": [\n    {\n      \"Test Title\": \"valid input test\",\n      \"Input Data\": \"s=4, l=20\",\n      \"Expected Output\": \"400\"\n    },\n    {\n      \"Test Title\": \"invalid input test - length out of range\",\n      \"Input Data\": \"s=4, l=-20\",\n      \"Expected Output\": \"Invalid input\"\n    },\n    {\n      \"Test Title\": \"invalid input test - non-integer length\",\n      \"Input Data\": \"s=4, l='twenty'\",\n      \"Expected Output\": \"Invalid input\"\n    },\n    {\n      \"Test Title\": \"boundary test - maximum values\",\n      \"Input Data\": \"s=100, l=100\",\n      \"Expected Output\": \"100000\"\n    },\n    {\n      \"Test Title\": \"boundary test - minimum values\",\n      \"Input Data\": \"s=1, l=1\",\n      \"Expected Output\": \"0.25\"\n    },\n    {\n      \"Test Title\": \"negative test - unexpected input data\",\n      \"Input Data\": \"s='string', l=20\",\n      \"Expected Output\": \"Invalid input\"\n    }\n  ]\n}",
    "Test Cases_prompt": "{\"Role\": \"You are a quality assurance engineer. Your duty is to revise the test cases based on the suggestions.\", \"Instruction\": \"1. Your colleague give you some suggestions(in the Context section) about the draft test cases, read these suggestions. 2. Revise your draft version test cases, but don't use long parameters. 3. Response in JSON format.\", \"Example\": \"{\\\"requirement analysis\\\":\\\"analysis\\\",\\\"test_cases\\\":[{\\\"Test Title\\\":\\\"title\\\", \\\"Input Data\\\":\\\"parameter1=[1,2,3],parameter2='123'\\\", \\\"Expected Output\\\":\\\"456\\\"},]}\", \"Context\": \"# Suggestions:\\n{\\n  \\\"Architect\\\": \\\"As an Architect, I would suggest revising the test cases to include boundary and edge cases, such as maximum and minimum values for input data. Also, it would be beneficial to add test cases for different combinations of input data to ensure comprehensive coverage of the functionality.\\\"\\n  ,\\n  \\\"Developer\\\": \\\"As a Developer, I would suggest revising the test cases to include negative test cases, such as testing for unexpected input data or error handling scenarios. Additionally, adding assertions to verify the expected output against the actual output would improve the robustness of the test cases.\\\"\\n}\\n # Draft Test cases:\\n{\\n  \\\"requirement analysis\\\": \\\"analysis\\\",\\n  \\\"test_cases\\\": [\\n    {\\n      \\\"Test Title\\\": \\\"valid input test\\\",\\n      \\\"Input Data\\\": \\\"s=4, l=20\\\",\\n      \\\"Expected Output\\\": \\\"400\\\"\\n    },\\n    {\\n      \\\"Test Title\\\": \\\"invalid input test - length out of range\\\",\\n      \\\"Input Data\\\": \\\"s=4, l=-20\\\",\\n      \\\"Expected Output\\\": \\\"Invalid input\\\"\\n    },\\n    {\\n      \\\"Test Title\\\": \\\"invalid input test - non-integer length\\\",\\n      \\\"Input Data\\\": \\\"s=4, l='twenty'\\\",\\n      \\\"Expected Output\\\": \\\"Invalid input\\\"\\n    }\\n  ]\\n}\", \"Question\": \"Follow the Instruction. Please make sure your response length are less than 512. Your test cases is for the below question:\\ndef area_polygon(s, l):\\n'''Write a function to calculate the area of a regular polygon given the length and number of its sides.\\nassert math.isclose(area_polygon(4, 20), 400., rel_tol=0.001)'''\\n\"}",
    "Code0": "def area_polygon(s, l):\n    if type(s) != int or type(l) != int or s <= 2 or l <= 0:\n        return \"Invalid input\"\n    area = (s * l ** 2) / (4 * math.tan(math.pi / s))\n    return area",
    "Code0_prompt": {
        "Role": "You are a professional software engineer. Your duty is to write code in Python that meets the requirements. Ensure that the code you write is efficient, readable, and follows best practices. Remember, do not need to explain the code you wrote.",
        "Instruction": "1. Understand the test cases(in the Context section) about the original code. 2. Rewrite your code, make sure your code pass all test cases.",
        "Example": "",
        "Context": "# Original Code:\ndef area_polygon(sides, length):\n    '''\n    Calculate the area of a regular polygon given the length and number of sides.\n    \n    Args:\n    sides: Number of sides of the polygon\n    length: Length of each side of the polygon\n    \n    Returns:\n    Area of the regular polygon\n    '''\n    \n    if sides <= 2:\n        raise ValueError(\"Number of sides should be greater than 2\")\n    \n    if length <= 0:\n        raise ValueError(\"Length of each side should be positive\")\n    \n    area = (sides * length**2) / (4 * math.tan(math.pi / sides))\n    return area\n\n# Comprehensive test cases\nassert math.isclose(area_polygon(4, 20), 400., rel_tol=0.001)\nassert math.isclose(area_polygon(6, 10), 259.8076, rel_tol=0.001)\nassert math.isclose(area_polygon(3, 15), 97.4279, rel_tol=0.001)\nassert math.isclose(area_polygon(5, 12), 276.3932, rel_tol=0.001)\nassert math.isclose(area_polygon(8, 18), 777.8175, rel_tol=0.001)\n# Test Cases:\n{\n  \"requirement analysis\": \"analysis\",\n  \"test_cases\": [\n    {\n      \"Test Title\": \"valid input test\",\n      \"Input Data\": \"s=4, l=20\",\n      \"Expected Output\": \"400\"\n    },\n    {\n      \"Test Title\": \"invalid input test - length out of range\",\n      \"Input Data\": \"s=4, l=-20\",\n      \"Expected Output\": \"Invalid input\"\n    },\n    {\n      \"Test Title\": \"invalid input test - non-integer length\",\n      \"Input Data\": \"s=4, l='twenty'\",\n      \"Expected Output\": \"Invalid input\"\n    },\n    {\n      \"Test Title\": \"boundary test - maximum values\",\n      \"Input Data\": \"s=100, l=100\",\n      \"Expected Output\": \"100000\"\n    },\n    {\n      \"Test Title\": \"boundary test - minimum values\",\n      \"Input Data\": \"s=1, l=1\",\n      \"Expected Output\": \"0.25\"\n    },\n    {\n      \"Test Title\": \"negative test - unexpected input data\",\n      \"Input Data\": \"s='string', l=20\",\n      \"Expected Output\": \"Invalid input\"\n    }\n  ]\n}",
        "Question": "def area_polygon(s, l):\n'''Write a function to calculate the area of a regular polygon given the length and number of its sides.\nassert math.isclose(area_polygon(4, 20), 400., rel_tol=0.001)'''\n"
    },
    "TestScriptOriginal": "import math\n\ndef area_polygon(s, l):\n    return (s * l * l) / (4 * math.tan(math.pi / s))\n\nimport unittest\n\nclass Test(unittest.TestCase):\n    def test(self):\n        self.assertAlmostEqual(area_polygon(4, 20), 400., delta=0.001)\n\nif __name__ == '__main__':\n    unittest.main()",
    "TestScriptOriginal_prompt": "{\"Role\": \"You are a quality assurance engineer. Your duty is to write a python test script in unittest framework.\", \"Instruction\": \"1. Write a python test script. 2. Use the input and output given by the question.\", \"Example\": \"import unittest\\n\\nclass Test(unittest.TestCase):\\n    def test(self):\\n        self.assertEqual(function_under_test('a'), 1)\\n\\nif __name__ == '__main__':\\n    unittest.main()\", \"Context\": \"\", \"Question\": \"def area_polygon(s, l):\\n'''Write a function to calculate the area of a regular polygon given the length and number of its sides.\\nassert math.isclose(area_polygon(4, 20), 400., rel_tol=0.001)'''\\n\"}",
    "TestScript": "import math\n\nclass Test(unittest.TestCase):\n    def test(self):\n        self.assertAlmostEqual(area_polygon(4, 20), 400., delta=0.001)\n\nif __name__ == '__main__':\n    unittest.main()",
    "ScriptResult0": "Traceback (most recent call last):\n  File \"/Users/watch/PycharmProjects/XXXX-1-LLM/workspace/2024-03-11_08-57-39-103621/test_script.py\", line 8, in <module>\n    class Test(unittest.TestCase):\nNameError: name 'unittest' is not defined\n",
    "TestReport0": "Test Report:\n\nContext:\nThe test script's output shows a NameError indicating that 'unittest' is not defined.\n\nAnalysis:\nBased on the test script's output, it appears that there is an error related to the 'unittest' module not being defined. This error is likely causing the test case to fail.\n\nConclusion:\nCode Test Failed\n\nInput and Expected Output Example:\nExample input: \ns = 5\nl = 10\n\nExpected output: \nInvalid input\n\nQuestion:\ndef area_polygon(s, l):\n    if type(s) != int or type(l) != int or s <= 2 or l <= 0:\n        return \"Invalid input\"\n    area = (s * l ** 2) / (4 * math.tan(math.pi / s))\n    return area",
    "SprintReview0": "[ScrumMaster]says: Here is our test Report: Test Report:\n\nContext:\nThe test script's output shows a NameError indicating that 'unittest' is not defined.\n\nAnalysis:\nBased on the test script's output, it appears that there is an error related to the 'unittest' module not being defined. This error is likely causing the test case to fail.\n\nConclusion:\nCode Test Failed\n\nInput and Expected Output Example:\nExample input: \ns = 5\nl = 10\n\nExpected output: \nInvalid input\n\nQuestion:\ndef area_polygon(s, l):\n    if type(s) != int or type(l) != int or s <= 2 or l <= 0:\n        return \"Invalid input\"\n    area = (s * l ** 2) / (4 * math.tan(math.pi / s))\n    return area, do you have any ideas?\n-----\n\n[Tester]says: As a Tester, it is important to ensure that the 'unittest' module is properly defined in the code to avoid the NameError and accurately test the code functionality.\n-----\n\n[Architect]says: As an Architect, I recommend checking the code for proper import of the 'unittest' module and ensuring it is defined correctly for the test script to pass.\n-----\n\n[Developer]says: As a Developer, I suggest that we check if the 'unittest' module is properly installed and imported in the test script.\n-----\n\n[ProductOwner]says: As a Product Owner, I think we should prioritize fixing the 'unittest' module error to ensure the test case passes successfully.\n-----\n\n[ProductOwner]says: I will prioritize fixing the 'unittest' module error to ensure the test case passes successfully.\n-----\n\n[Architect]says: As an Architect, I recommend checking the code for proper import of the 'unittest' module and ensuring it is defined correctly for the test script to pass.\n-----\n\n[Developer]says: As a Developer, I will review the code to ensure that the 'unittest' module is properly installed and imported in the test script.\n-----\n\n[Tester]says: As a Tester, it is important to ensure that the 'unittest' module is properly defined in the code to avoid the NameError and accurately test the code functionality.\n-----\n",
    "SprintReviewMeetings0": "{\n  \"product-owner\": [\"I think we should prioritize fixing the 'unittest' module error to ensure the test case passes successfully.\"],\n  \"architect\": [\"I recommend checking the code for proper import of the 'unittest' module and ensuring it is defined correctly for the test script to pass.\"],\n  \"developer\": [\"I suggest that we check if the 'unittest' module is properly installed and imported in the test script.\"],\n  \"tester\": [\"It is important to ensure that the 'unittest' module is properly defined in the code to avoid the NameError and accurately test the code functionality.\"]\n}",
    "SprintReviewMeetings0_prompt": "{\"Role\": \"You are a professional scrum master. Your goal is to summary the Discussion History into a suggestions list for the scrum team.\", \"Instruction\": \"1. Read and Understand the Discussion History. 2. Summary the suggestions from four roles: product-owner/architect/developer/tester. 3. Response in JSON format.\", \"Example\": \"{\\\"product-owner\\\":[\\\"suggestion1\\\",\\\"suggestion2\\\"],\\\"architect\\\":[\\\"suggestion1\\\",\\\"suggestion2\\\"], \\\"developer\\\":[\\\"suggestion1\\\",\\\"suggestion2\\\"], \\\"tester\\\":[\\\"suggestion1\\\",\\\"suggestion2\\\"]}\", \"Context\": \"[ScrumMaster]says: Here is our test Report: Test Report:\\n\\nContext:\\nThe test script's output shows a NameError indicating that 'unittest' is not defined.\\n\\nAnalysis:\\nBased on the test script's output, it appears that there is an error related to the 'unittest' module not being defined. This error is likely causing the test case to fail.\\n\\nConclusion:\\nCode Test Failed\\n\\nInput and Expected Output Example:\\nExample input: \\ns = 5\\nl = 10\\n\\nExpected output: \\nInvalid input\\n\\nQuestion:\\ndef area_polygon(s, l):\\n    if type(s) != int or type(l) != int or s <= 2 or l <= 0:\\n        return \\\"Invalid input\\\"\\n    area = (s * l ** 2) / (4 * math.tan(math.pi / s))\\n    return area, do you have any ideas?\\n-----\\n\\n[Tester]says: As a Tester, it is important to ensure that the 'unittest' module is properly defined in the code to avoid the NameError and accurately test the code functionality.\\n-----\\n\\n[Architect]says: As an Architect, I recommend checking the code for proper import of the 'unittest' module and ensuring it is defined correctly for the test script to pass.\\n-----\\n\\n[Developer]says: As a Developer, I suggest that we check if the 'unittest' module is properly installed and imported in the test script.\\n-----\\n\\n[ProductOwner]says: As a Product Owner, I think we should prioritize fixing the 'unittest' module error to ensure the test case passes successfully.\\n-----\\n\\n[ProductOwner]says: I will prioritize fixing the 'unittest' module error to ensure the test case passes successfully.\\n-----\\n\\n[Architect]says: As an Architect, I recommend checking the code for proper import of the 'unittest' module and ensuring it is defined correctly for the test script to pass.\\n-----\\n\\n[Developer]says: As a Developer, I will review the code to ensure that the 'unittest' module is properly installed and imported in the test script.\\n-----\\n\\n[Tester]says: As a Tester, it is important to ensure that the 'unittest' module is properly defined in the code to avoid the NameError and accurately test the code functionality.\\n-----\\n\", \"Question\": \"Follow the Instruction section. The Discussion History is in the Context section. You only need to return a list as the Example section.\"}",
    "RepairResponse0": "{\n  \"revised_code\": \"import math\\n\\n\\ndef area_polygon(s, l):\\n    if type(s) != int or type(l) != int or s <= 2 or l <= 0:\\n        return \\\"Invalid input\\\"\\n    area = (s * l ** 2) / (4 * math.tan(math.pi / s))\\n    return area\"\n}",
    "RepairResponse0_prompt": {
        "Role": "You are a professional software engineer. Your duty is to write code in Python that meets the requirements. Ensure that the code you write is efficient, readable, and follows best practices. Remember, do not need to explain the code you wrote.",
        "Instruction": "1. Rewrite a bug fix version of the original code. 2. Response in JSON format.",
        "Example": "{\"revised_code\":\"...\"}",
        "Context": "# Test Report:\nTest Report:\n\nContext:\nThe test script's output shows a NameError indicating that 'unittest' is not defined.\n\nAnalysis:\nBased on the test script's output, it appears that there is an error related to the 'unittest' module not being defined. This error is likely causing the test case to fail.\n\nConclusion:\nCode Test Failed\n\nInput and Expected Output Example:\nExample input: \ns = 5\nl = 10\n\nExpected output: \nInvalid input\n\nQuestion:\ndef area_polygon(s, l):\n    if type(s) != int or type(l) != int or s <= 2 or l <= 0:\n        return \"Invalid input\"\n    area = (s * l ** 2) / (4 * math.tan(math.pi / s))\n    return area# suggestions:\n{\"product-owner\": [\"I think we should prioritize fixing the 'unittest' module error to ensure the test case passes successfully.\"], \"architect\": [\"I recommend checking the code for proper import of the 'unittest' module and ensuring it is defined correctly for the test script to pass.\"], \"developer\": [\"I suggest that we check if the 'unittest' module is properly installed and imported in the test script.\"], \"tester\": [\"It is important to ensure that the 'unittest' module is properly defined in the code to avoid the NameError and accurately test the code functionality.\"]}",
        "Question": "The original code has some bugs, according to the test report and suggestions, rewrite the code. Complete the following code:\ndef area_polygon(s, l):\n'''Write a function to calculate the area of a regular polygon given the length and number of its sides.\nassert math.isclose(area_polygon(4, 20), 400., rel_tol=0.001)'''\n"
    },
    "Code1": "import math\n\n\ndef area_polygon(s, l):\n    if type(s) != int or type(l) != int or s <= 2 or l <= 0:\n        return \"Invalid input\"\n    area = (s * l ** 2) / (4 * math.tan(math.pi / s))\n    return area",
    "ScriptResult1": "Traceback (most recent call last):\n  File \"/Users/watch/PycharmProjects/XXXX-1-LLM/workspace/2024-03-11_08-57-39-103621/test_script.py\", line 11, in <module>\n    class Test(unittest.TestCase):\nNameError: name 'unittest' is not defined\n",
    "TestReport1": "Test Report:\n\nContext:\nThe test script's output shows a traceback error with a NameError stating that 'unittest' is not defined.\n\nAnalysis:\nThe code appears to be attempting to use the 'unittest' module, but it is not properly defined or imported, leading to the error.\n\nConclusion:\nThe code has failed the test due to the NameError with 'unittest' not being defined.\n\nInput and Expected Output Example:\nInput: \ns = 5\nl = 10\nExpected Output: \nArea = 96.82458365518542\n\nCode Test Failed",
    "SprintReview1": "[ScrumMaster]says: Here is our test Report: Test Report:\n\nContext:\nThe test script's output shows a traceback error with a NameError stating that 'unittest' is not defined.\n\nAnalysis:\nThe code appears to be attempting to use the 'unittest' module, but it is not properly defined or imported, leading to the error.\n\nConclusion:\nThe code has failed the test due to the NameError with 'unittest' not being defined.\n\nInput and Expected Output Example:\nInput: \ns = 5\nl = 10\nExpected Output: \nArea = 96.82458365518542\n\nCode Test Failed, do you have any ideas?\n-----\n\n[Architect]says: As an Architect, I recommend conducting a review of the code to ensure that the unittest module is properly defined and imported.\n-----\n\n[Developer]says: As a Developer, I suggest checking the code for the proper import statement for the 'unittest' module and ensuring it is properly defined before use.\n-----\n\n[Tester]says: As a Tester, it seems that the code is failing the test due to the NameError with 'unittest' not being defined. I suggest checking the code to ensure that the 'unittest' module is properly defined and imported to resolve the error.\n-----\n\n[Architect]says: As an Architect, I recommend conducting a review of the code to ensure that the unittest module is properly defined and imported.\n-----\n\n[ProductOwner]says: As a Product Owner, I think we should prioritize fixing the issue with the 'unittest' module as it is crucial for the code to pass the test.\n-----\n\n[Developer]says: As a Developer, I will review the code to check for the proper import statement for the 'unittest' module and ensure it is properly defined before use.\n-----\n\n[Tester]says: As a Tester, it seems that the code is failing the test due to the NameError with 'unittest' not being defined. I suggest checking the code to ensure that the 'unittest' module is properly defined and imported to resolve the error.\n-----\n\n[ProductOwner]says: [ProductOwner]says: To create a product, we should prioritize fixing the issue with the 'unittest' module as it is crucial for the code to pass the test.\n-----\n",
    "SprintReviewMeetings1": "{\n  \"product-owner\":[\"I think we should prioritize fixing the issue with the 'unittest' module as it is crucial for the code to pass the test.\",\"To create a product, we should prioritize fixing the issue with the 'unittest' module as it is crucial for the code to pass the test.\"],\n  \"architect\":[\"I recommend conducting a review of the code to ensure that the unittest module is properly defined and imported.\"],\n  \"developer\":[\"I suggest checking the code for the proper import statement for the 'unittest' module and ensuring it is properly defined before use.\",\"I will review the code to check for the proper import statement for the 'unittest' module and ensure it is properly defined before use.\"],\n  \"tester\":[\"It seems that the code is failing the test due to the NameError with 'unittest' not being defined. I suggest checking the code to ensure that the 'unittest' module is properly defined and imported to resolve the error.\"]\n}",
    "SprintReviewMeetings1_prompt": "{\"Role\": \"You are a professional scrum master. Your goal is to summary the Discussion History into a suggestions list for the scrum team.\", \"Instruction\": \"1. Read and Understand the Discussion History. 2. Summary the suggestions from four roles: product-owner/architect/developer/tester. 3. Response in JSON format.\", \"Example\": \"{\\\"product-owner\\\":[\\\"suggestion1\\\",\\\"suggestion2\\\"],\\\"architect\\\":[\\\"suggestion1\\\",\\\"suggestion2\\\"], \\\"developer\\\":[\\\"suggestion1\\\",\\\"suggestion2\\\"], \\\"tester\\\":[\\\"suggestion1\\\",\\\"suggestion2\\\"]}\", \"Context\": \"[ScrumMaster]says: Here is our test Report: Test Report:\\n\\nContext:\\nThe test script's output shows a traceback error with a NameError stating that 'unittest' is not defined.\\n\\nAnalysis:\\nThe code appears to be attempting to use the 'unittest' module, but it is not properly defined or imported, leading to the error.\\n\\nConclusion:\\nThe code has failed the test due to the NameError with 'unittest' not being defined.\\n\\nInput and Expected Output Example:\\nInput: \\ns = 5\\nl = 10\\nExpected Output: \\nArea = 96.82458365518542\\n\\nCode Test Failed, do you have any ideas?\\n-----\\n\\n[Architect]says: As an Architect, I recommend conducting a review of the code to ensure that the unittest module is properly defined and imported.\\n-----\\n\\n[Developer]says: As a Developer, I suggest checking the code for the proper import statement for the 'unittest' module and ensuring it is properly defined before use.\\n-----\\n\\n[Tester]says: As a Tester, it seems that the code is failing the test due to the NameError with 'unittest' not being defined. I suggest checking the code to ensure that the 'unittest' module is properly defined and imported to resolve the error.\\n-----\\n\\n[Architect]says: As an Architect, I recommend conducting a review of the code to ensure that the unittest module is properly defined and imported.\\n-----\\n\\n[ProductOwner]says: As a Product Owner, I think we should prioritize fixing the issue with the 'unittest' module as it is crucial for the code to pass the test.\\n-----\\n\\n[Developer]says: As a Developer, I will review the code to check for the proper import statement for the 'unittest' module and ensure it is properly defined before use.\\n-----\\n\\n[Tester]says: As a Tester, it seems that the code is failing the test due to the NameError with 'unittest' not being defined. I suggest checking the code to ensure that the 'unittest' module is properly defined and imported to resolve the error.\\n-----\\n\\n[ProductOwner]says: [ProductOwner]says: To create a product, we should prioritize fixing the issue with the 'unittest' module as it is crucial for the code to pass the test.\\n-----\\n\", \"Question\": \"Follow the Instruction section. The Discussion History is in the Context section. You only need to return a list as the Example section.\"}",
    "RepairResponse1": "{\n  \"revised_code\": \"import math\\n\\ndef area_polygon(s, l):\\n    return (l * s ** 2) / (4 * math.tan(math.pi / s))\"\n}",
    "RepairResponse1_prompt": {
        "Role": "You are a professional software engineer. Your duty is to write code in Python that meets the requirements. Ensure that the code you write is efficient, readable, and follows best practices. Remember, do not need to explain the code you wrote.",
        "Instruction": "1. Rewrite a bug fix version of the original code. 2. Response in JSON format.",
        "Example": "{\"revised_code\":\"...\"}",
        "Context": "# Test Report:\nTest Report:\n\nContext:\nThe test script's output shows a traceback error with a NameError stating that 'unittest' is not defined.\n\nAnalysis:\nThe code appears to be attempting to use the 'unittest' module, but it is not properly defined or imported, leading to the error.\n\nConclusion:\nThe code has failed the test due to the NameError with 'unittest' not being defined.\n\nInput and Expected Output Example:\nInput: \ns = 5\nl = 10\nExpected Output: \nArea = 96.82458365518542\n\nCode Test Failed# suggestions:\n{\"product-owner\": [\"I think we should prioritize fixing the issue with the 'unittest' module as it is crucial for the code to pass the test.\", \"To create a product, we should prioritize fixing the issue with the 'unittest' module as it is crucial for the code to pass the test.\"], \"architect\": [\"I recommend conducting a review of the code to ensure that the unittest module is properly defined and imported.\"], \"developer\": [\"I suggest checking the code for the proper import statement for the 'unittest' module and ensuring it is properly defined before use.\", \"I will review the code to check for the proper import statement for the 'unittest' module and ensure it is properly defined before use.\"], \"tester\": [\"It seems that the code is failing the test due to the NameError with 'unittest' not being defined. I suggest checking the code to ensure that the 'unittest' module is properly defined and imported to resolve the error.\"]}",
        "Question": "The original code has some bugs, according to the test report and suggestions, rewrite the code. Complete the following code:\ndef area_polygon(s, l):\n'''Write a function to calculate the area of a regular polygon given the length and number of its sides.\nassert math.isclose(area_polygon(4, 20), 400., rel_tol=0.001)'''\n"
    },
    "Code2": "import math\n\ndef area_polygon(s, l):\n    return (l * s ** 2) / (4 * math.tan(math.pi / s))",
    "ScriptResult2": "Traceback (most recent call last):\n  File \"/Users/watch/PycharmProjects/XXXX-1-LLM/workspace/2024-03-11_08-57-39-103621/test_script.py\", line 7, in <module>\n    class Test(unittest.TestCase):\nNameError: name 'unittest' is not defined\n",
    "TestReport2": "Test Report\n\nTest script's output:\nTraceback (most recent call last):\n  File \"/Users/watch/PycharmProjects/XXXX-1-LLM/workspace/2024-03-11_08-57-39-103621/test_script.py\", line 7, in <module>\n    class Test(unittest.TestCase):\nNameError: name 'unittest' is not defined\n\nAnalysis:\nThe test script encountered a NameError due to the 'unittest' module not being defined. This error prevents the test script from running successfully.\n\nConclusion:\nCode Test Failed\n\nInput and Expected Output Example:\nimport math\n\ndef area_polygon(s, l):\n    return (l * s ** 2) / (4 * math.tan(math.pi / s))\n\nSides (s) = 5\nLength (l) = 10\nExpected output = 25.710250932772954\n\nSince the code failed the test, the specific input and expected output example is provided for reference.",
    "SprintReview2": "[ScrumMaster]says: Here is our test Report: Test Report\n\nTest script's output:\nTraceback (most recent call last):\n  File \"/Users/watch/PycharmProjects/XXXX-1-LLM/workspace/2024-03-11_08-57-39-103621/test_script.py\", line 7, in <module>\n    class Test(unittest.TestCase):\nNameError: name 'unittest' is not defined\n\nAnalysis:\nThe test script encountered a NameError due to the 'unittest' module not being defined. This error prevents the test script from running successfully.\n\nConclusion:\nCode Test Failed\n\nInput and Expected Output Example:\nimport math\n\ndef area_polygon(s, l):\n    return (l * s ** 2) / (4 * math.tan(math.pi / s))\n\nSides (s) = 5\nLength (l) = 10\nExpected output = 25.710250932772954\n\nSince the code failed the test, the specific input and expected output example is provided for reference., do you have any ideas?\n-----\n\n[Developer]says: As a Developer, I will address the NameError issue by ensuring that the 'unittest' module is properly defined in the test script.\n-----\n\n[Architect]says: As an architect, it is important to ensure that the 'unittest' module is properly defined to prevent NameError and ensure successful test script execution.\n-----\n\n[ProductOwner]says: As a Product Owner, I think we should prioritize fixing the NameError issue with the 'unittest' module in order to ensure successful test runs.\n-----\n\n[Tester]says: As a Tester, I would suggest checking if the 'unittest' module is properly installed and imported in the test script to resolve the NameError issue.\n-----\n\n[Developer]says: As a Developer, I will address the NameError issue by ensuring that the 'unittest' module is properly defined in the test script.\n-----\n\n[Architect]says: As an architect, I will ensure that the 'unittest' module is properly defined to prevent NameError and ensure successful test script execution.\n-----\n\n[ProductOwner]says: As a Product Owner, I think we should prioritize fixing the NameError issue with the 'unittest' module in order to ensure successful test runs.\n-----\n\n[Tester]says: As a Tester, I would suggest checking if the 'unittest' module is properly installed and imported in the test script to resolve the NameError issue.\n-----\n",
    "SprintReviewMeetings2": "{\n  \"product-owner\": [\n    \"I think we should prioritize fixing the NameError issue with the 'unittest' module in order to ensure successful test runs.\"\n  ],\n  \"architect\": [\n   \"It is important to ensure that the 'unittest' module is properly defined to prevent NameError and ensure successful test script execution.\"\n  ],\n  \"developer\": [\n   \"I will address the NameError issue by ensuring that the 'unittest' module is properly defined in the test script.\"\n  ],\n  \"tester\": [\n   \"I would suggest checking if the 'unittest' module is properly installed and imported in the test script to resolve the NameError issue.\"\n  ]\n}",
    "SprintReviewMeetings2_prompt": "{\"Role\": \"You are a professional scrum master. Your goal is to summary the Discussion History into a suggestions list for the scrum team.\", \"Instruction\": \"1. Read and Understand the Discussion History. 2. Summary the suggestions from four roles: product-owner/architect/developer/tester. 3. Response in JSON format.\", \"Example\": \"{\\\"product-owner\\\":[\\\"suggestion1\\\",\\\"suggestion2\\\"],\\\"architect\\\":[\\\"suggestion1\\\",\\\"suggestion2\\\"], \\\"developer\\\":[\\\"suggestion1\\\",\\\"suggestion2\\\"], \\\"tester\\\":[\\\"suggestion1\\\",\\\"suggestion2\\\"]}\", \"Context\": \"[ScrumMaster]says: Here is our test Report: Test Report\\n\\nTest script's output:\\nTraceback (most recent call last):\\n  File \\\"/Users/watch/PycharmProjects/XXXX-1-LLM/workspace/2024-03-11_08-57-39-103621/test_script.py\\\", line 7, in <module>\\n    class Test(unittest.TestCase):\\nNameError: name 'unittest' is not defined\\n\\nAnalysis:\\nThe test script encountered a NameError due to the 'unittest' module not being defined. This error prevents the test script from running successfully.\\n\\nConclusion:\\nCode Test Failed\\n\\nInput and Expected Output Example:\\nimport math\\n\\ndef area_polygon(s, l):\\n    return (l * s ** 2) / (4 * math.tan(math.pi / s))\\n\\nSides (s) = 5\\nLength (l) = 10\\nExpected output = 25.710250932772954\\n\\nSince the code failed the test, the specific input and expected output example is provided for reference., do you have any ideas?\\n-----\\n\\n[Developer]says: As a Developer, I will address the NameError issue by ensuring that the 'unittest' module is properly defined in the test script.\\n-----\\n\\n[Architect]says: As an architect, it is important to ensure that the 'unittest' module is properly defined to prevent NameError and ensure successful test script execution.\\n-----\\n\\n[ProductOwner]says: As a Product Owner, I think we should prioritize fixing the NameError issue with the 'unittest' module in order to ensure successful test runs.\\n-----\\n\\n[Tester]says: As a Tester, I would suggest checking if the 'unittest' module is properly installed and imported in the test script to resolve the NameError issue.\\n-----\\n\\n[Developer]says: As a Developer, I will address the NameError issue by ensuring that the 'unittest' module is properly defined in the test script.\\n-----\\n\\n[Architect]says: As an architect, I will ensure that the 'unittest' module is properly defined to prevent NameError and ensure successful test script execution.\\n-----\\n\\n[ProductOwner]says: As a Product Owner, I think we should prioritize fixing the NameError issue with the 'unittest' module in order to ensure successful test runs.\\n-----\\n\\n[Tester]says: As a Tester, I would suggest checking if the 'unittest' module is properly installed and imported in the test script to resolve the NameError issue.\\n-----\\n\", \"Question\": \"Follow the Instruction section. The Discussion History is in the Context section. You only need to return a list as the Example section.\"}",
    "RepairResponse2": "{\n    \"revised_code\": \"import math\\n\\ndef area_polygon(s, l):\\n    return (l * s ** 2) / (4 * math.tan(math.pi / s))\"\n}",
    "RepairResponse2_prompt": {
        "Role": "You are a professional software engineer. Your duty is to write code in Python that meets the requirements. Ensure that the code you write is efficient, readable, and follows best practices. Remember, do not need to explain the code you wrote.",
        "Instruction": "1. Rewrite a bug fix version of the original code. 2. Response in JSON format.",
        "Example": "{\"revised_code\":\"...\"}",
        "Context": "# Test Report:\nTest Report\n\nTest script's output:\nTraceback (most recent call last):\n  File \"/Users/watch/PycharmProjects/XXXX-1-LLM/workspace/2024-03-11_08-57-39-103621/test_script.py\", line 7, in <module>\n    class Test(unittest.TestCase):\nNameError: name 'unittest' is not defined\n\nAnalysis:\nThe test script encountered a NameError due to the 'unittest' module not being defined. This error prevents the test script from running successfully.\n\nConclusion:\nCode Test Failed\n\nInput and Expected Output Example:\nimport math\n\ndef area_polygon(s, l):\n    return (l * s ** 2) / (4 * math.tan(math.pi / s))\n\nSides (s) = 5\nLength (l) = 10\nExpected output = 25.710250932772954\n\nSince the code failed the test, the specific input and expected output example is provided for reference.# suggestions:\n{\"product-owner\": [\"I think we should prioritize fixing the NameError issue with the 'unittest' module in order to ensure successful test runs.\"], \"architect\": [\"It is important to ensure that the 'unittest' module is properly defined to prevent NameError and ensure successful test script execution.\"], \"developer\": [\"I will address the NameError issue by ensuring that the 'unittest' module is properly defined in the test script.\"], \"tester\": [\"I would suggest checking if the 'unittest' module is properly installed and imported in the test script to resolve the NameError issue.\"]}",
        "Question": "The original code has some bugs, according to the test report and suggestions, rewrite the code. Complete the following code:\ndef area_polygon(s, l):\n'''Write a function to calculate the area of a regular polygon given the length and number of its sides.\nassert math.isclose(area_polygon(4, 20), 400., rel_tol=0.001)'''\n"
    }
}