{
    "start_time": "2024-01-14_13-23-43-168151",
    "task": "\n\ndef sum_squares(lst):\n    \"\"\"You are given a list of numbers.\n    You need to return the sum of squared numbers in the given list,\n    round each element in the list to the upper int(Ceiling) first.\n    Examples:\n    For lst = [1,2,3] the output should be 14\n    For lst = [1,4,9] the output should be 98\n    For lst = [1,3,5,7] the output should be 84\n    For lst = [1.4,4.2,0] the output should be 29\n    For lst = [-2.4,1,1] the output should be 6\n    \n\n    \"\"\"\n",
    "datetime": {
        "task": "2024-01-14 13:23:43",
        "task-id": "2024-01-14 13:23:43",
        "workflow": "2024-01-14 13:23:43",
        "Original PRD": "2024-01-14 13:23:47",
        "PRD Review": "2024-01-14 13:23:48",
        "Final PRD": "2024-01-14 13:23:54",
        "Code0Draft": "2024-01-14 13:23:56",
        "Code Review": "2024-01-14 13:23:59",
        "Code0Revise": "2024-01-14 13:24:00",
        "Test Cases": "2024-01-14 13:24:05",
        "Test Cases Review": "2024-01-14 13:24:08",
        "Final Test Cases": "2024-01-14 13:24:18",
        "Code0": "2024-01-14 13:24:20",
        "TestScriptOriginal": "2024-01-14 13:24:23",
        "TestScript": "2024-01-14 13:24:23",
        "ScriptResult0": "2024-01-14 13:24:23",
        "TestReport0": "2024-01-14 13:24:27",
        "RepairResponse1": "2024-01-14 13:24:29",
        "Code1": "2024-01-14 13:24:29",
        "ScriptResult1": "2024-01-14 13:24:29",
        "TestReport1": "2024-01-14 13:24:32",
        "RepairResponse2": "2024-01-14 13:24:36",
        "Code2": "2024-01-14 13:24:36",
        "ScriptResult2": "2024-01-14 13:24:36",
        "TestReport2": "2024-01-14 13:24:39",
        "FinalCode": "2024-01-14 13:24:39"
    },
    "task-id": "HumanEval/133",
    "workflow": "waterfall/waterfall_version_0.0.6.json",
    "Original PRD": "{\n  \"ProductRequirementDocument\": {\n    \"Title\": \"Sum of Squared Numbers\",\n    \"Description\": \"The system should have a function that takes a list of numbers as input and returns the sum of the squares of the rounded-up numbers in the list\",\n    \"Examples\": [\n      {\n        \"Input\": [1, 2, 3],\n        \"Output\": 14\n      },\n      {\n        \"Input\": [1, 4, 9],\n        \"Output\": 98\n      },\n      {\n        \"Input\": [1, 3, 5, 7],\n        \"Output\": 84\n      },\n      {\n        \"Input\": [1.4, 4.2, 0],\n        \"Output\": 29\n      },\n      {\n        \"Input\": [-2.4, 1, 1],\n        \"Output\": 6\n      }\n    ]\n  }\n}",
    "Original PRD_prompt": "{\"Role\": \"You need to act as a professional product owner. Your task is to write a Product Requirement Document\", \"Instruction\": \"According to the Context, please analyze the requirement and write your response. Response in JSON format. Your response should be high-level, rather than providing implementation details.\", \"Example\": \"\", \"Context\": \"\", \"Question\": \"Follow the Instruction. The requirement is as follows:\\n\\n\\ndef sum_squares(lst):\\n    \\\"\\\"\\\"You are given a list of numbers.\\n    You need to return the sum of squared numbers in the given list,\\n    round each element in the list to the upper int(Ceiling) first.\\n    Examples:\\n    For lst = [1,2,3] the output should be 14\\n    For lst = [1,4,9] the output should be 98\\n    For lst = [1,3,5,7] the output should be 84\\n    For lst = [1.4,4.2,0] the output should be 29\\n    For lst = [-2.4,1,1] the output should be 6\\n    \\n\\n    \\\"\\\"\\\"\\n\"}",
    "PRD Review": "{\n  \"Architect\": \"The product requirement document should include the technical specifications for how the function will be implemented, such as the programming language to be used, any specific libraries or frameworks required, and any potential challenges or limitations in implementing the function.\",\n  \"Tester\": \"It would be helpful to have a section in the document outlining the test cases for the function, including the expected inputs and outputs for various scenarios, edge cases, and potential error conditions.\"\n}",
    "Final PRD": "{\n  \"RevisedProductRequirementDocument\": {\n    \"Title\": \"Sum of Squared Numbers\",\n    \"Description\": \"The system should have a function that takes a list of numbers as input and returns the sum of the squares of the rounded-up numbers in the list\",\n    \"Examples\": [\n      {\n        \"Input\": [1, 2, 3],\n        \"Output\": 14\n      },\n      {\n        \"Input\": [1, 4, 9],\n        \"Output\": 98\n      },\n      {\n        \"Input\": [1, 3, 5, 7],\n        \"Output\": 84\n      },\n      {\n        \"Input\": [1.4, 4.2, 0],\n        \"Output\": 29\n      },\n      {\n        \"Input\": [-2.4, 1, 1],\n        \"Output\": 6\n      }\n    ],\n    \"TechnicalSpecifications\": {\n      \"ProgrammingLanguage\": \"Python\",\n      \"LibrariesFrameworks\": \"Math\",\n      \"ChallengesLimitations\": \"Potential challenges include handling large inputs and maintaining performance\"\n    },\n    \"TestCases\": {\n      \"Scenario1\": {\n        \"Input\": [1, 2, 3],\n        \"ExpectedOutput\": 14\n      },\n      \"Scenario2\": {\n        \"Input\": [1, 4, 9],\n        \"ExpectedOutput\": 98\n      },\n      \"Scenario3\": {\n        \"Input\": [1, 3, 5, 7],\n        \"ExpectedOutput\": 84\n      },\n      \"Scenario4\": {\n        \"Input\": [1.4, 4.2, 0],\n        \"ExpectedOutput\": 29\n      },\n      \"Scenario5\": {\n        \"Input\": [-2.4, 1, 1],\n        \"ExpectedOutput\": 6\n      },\n      \"EdgeCases\": {\n        \"Input\": [0, 0, 0],\n        \"ExpectedOutput\": 0\n      },\n      \"ErrorConditions\": {\n        \"Input\": [\"abc\", \"def\"],\n        \"ExpectedOutput\": \"Invalid input\"\n      }\n    }\n  }\n}",
    "Final PRD_prompt": {
        "Role": "You need to act as a professional product owner. Your duty is to revise the document based on the suggestions.",
        "Instruction": "1. Read the suggestions. 2. Revise your draft version document. 3. Response in JSON format. 4. REMEMBER: Your analysis should be high-level, rather than providing implementation details.",
        "Example": "",
        "Context": "# Suggestion:\n{\n  \"Architect\": \"The product requirement document should include the technical specifications for how the function will be implemented, such as the programming language to be used, any specific libraries or frameworks required, and any potential challenges or limitations in implementing the function.\",\n  \"Tester\": \"It would be helpful to have a section in the document outlining the test cases for the function, including the expected inputs and outputs for various scenarios, edge cases, and potential error conditions.\"\n}",
        "Question": "Follow the Instruction. Your colleague give you some suggestions(in the Context section) about this draft document:{\n  \"ProductRequirementDocument\": {\n    \"Title\": \"Sum of Squared Numbers\",\n    \"Description\": \"The system should have a function that takes a list of numbers as input and returns the sum of the squares of the rounded-up numbers in the list\",\n    \"Examples\": [\n      {\n        \"Input\": [1, 2, 3],\n        \"Output\": 14\n      },\n      {\n        \"Input\": [1, 4, 9],\n        \"Output\": 98\n      },\n      {\n        \"Input\": [1, 3, 5, 7],\n        \"Output\": 84\n      },\n      {\n        \"Input\": [1.4, 4.2, 0],\n        \"Output\": 29\n      },\n      {\n        \"Input\": [-2.4, 1, 1],\n        \"Output\": 6\n      }\n    ]\n  }\n}"
    },
    "Code0Draft": "def sum_squares(lst):\n    total = 0\n    for num in lst:\n        total += (int(num + 0.5)) ** 2\n    return total",
    "Code0Draft_prompt": "{\"Role\": \"You are a professional engineer. Your duty is to write code in Python that meets the requirements. Ensure that the code you write is efficient, readable, and follows best practices. Remember, do not need to explain the code you wrote.\", \"Instruction\": \"According to the Context section, write your code.\", \"Example\": \"\", \"Context\": \"\", \"Question\": \"Follow the Instruction section. Complete the following code:\\n\\n\\ndef sum_squares(lst):\\n    \\\"\\\"\\\"You are given a list of numbers.\\n    You need to return the sum of squared numbers in the given list,\\n    round each element in the list to the upper int(Ceiling) first.\\n    Examples:\\n    For lst = [1,2,3] the output should be 14\\n    For lst = [1,4,9] the output should be 98\\n    For lst = [1,3,5,7] the output should be 84\\n    For lst = [1.4,4.2,0] the output should be 29\\n    For lst = [-2.4,1,1] the output should be 6\\n    \\n\\n    \\\"\\\"\\\"\\n\"}",
    "Code Review": "{\n  \"Architect\": \"The code seems to be calculating the sum of squares of the elements in the given list. It is recommended to add comments to explain the purpose of the function and the variable names. Additionally, consider using more descriptive variable names for better readability and maintainability of the code.\",\n  \"Tester\": \"While testing the code, ensure to cover different test cases including empty list, negative numbers, and large numbers to validate the correctness of the function. Also, consider testing with floating point numbers to check for any potential issues with precision.\"\n}",
    "Code Review_prompt": "{\"Role\": \"I want you to act as a different roles and then give some suggestions about how to revise the code.\", \"Instruction\": \"1. Read the Context section. 2. Act as an architect, give your suggestions. 3. Act as a tester, give your suggestions. 4. Response in JSON format.\", \"Example\": \"{\\\"Architect\\\":\\\"Suggestion\\\",\\\"Tester\\\":\\\"Suggestion\\\"}\", \"Context\": \"def sum_squares(lst):\\n    total = 0\\n    for num in lst:\\n        total += (int(num + 0.5)) ** 2\\n    return total\", \"Question\": \"Follow the Instruction. The Context section include the code.\"}",
    "Code0Revise": "def sum_of_squares(input_list):\n    \"\"\"\n    This function calculates the sum of squares of the elements in the given list.\n    :param input_list: List of numbers\n    :return: Total sum of squares\n    \"\"\"\n    total_sum = 0\n    for number in input_list:\n        total_sum += int(number + 0.5) ** 2\n    return total_sum",
    "Code0Revise_prompt": "{\"Role\": \"You are a professional software engineer. Your duty is to write code in Python that meets the requirements. Ensure that the code you write is efficient, readable, and follows best practices. Remember, do not need to explain the code you wrote.\", \"Instruction\": \"1. Understand the suggestions(in the Context section) about the original code. 2. Rewrite your code.\", \"Example\": \"\", \"Context\": \"# Original Code:\\ndef sum_squares(lst):\\n    total = 0\\n    for num in lst:\\n        total += (int(num + 0.5)) ** 2\\n    return total\\n# Advices:\\n\\\"{\\\\n  \\\\\\\"Architect\\\\\\\": \\\\\\\"The code seems to be calculating the sum of squares of the elements in the given list. It is recommended to add comments to explain the purpose of the function and the variable names. Additionally, consider using more descriptive variable names for better readability and maintainability of the code.\\\\\\\",\\\\n  \\\\\\\"Tester\\\\\\\": \\\\\\\"While testing the code, ensure to cover different test cases including empty list, negative numbers, and large numbers to validate the correctness of the function. Also, consider testing with floating point numbers to check for any potential issues with precision.\\\\\\\"\\\\n}\\\"\", \"Question\": \"Follow the Instruction section. Complete the following code:\\n\"}",
    "Test Cases": "{\n  \"requirement analysis\": \"The system should have a function that takes a list of numbers as input and returns the sum of the squares of the rounded-up numbers in the list\",\n  \"test_cases\": [\n    {\n      \"Test Title\": \"Scenario1\",\n      \"Input Data\": \"parameter1=[1,2,3]\",\n      \"Expected Output\": 14\n    },\n    {\n      \"Test Title\": \"Scenario2\",\n      \"Input Data\": \"parameter1=[1,4,9]\",\n      \"Expected Output\": 98\n    },\n    {\n      \"Test Title\": \"Scenario3\",\n      \"Input Data\": \"parameter1=[1,3,5,7]\",\n      \"Expected Output\": 84\n    },\n    {\n      \"Test Title\": \"Scenario4\",\n      \"Input Data\": \"parameter1=[1.4,4.2,0]\",\n      \"Expected Output\": 29\n    },\n    {\n      \"Test Title\": \"Scenario5\",\n      \"Input Data\": \"parameter1=[-2.4,1,1]\",\n      \"Expected Output\": 6\n    },\n    {\n      \"Test Title\": \"EdgeCases\",\n      \"Input Data\": \"parameter1=[0,0,0]\",\n      \"Expected Output\": 0\n    },\n    {\n      \"Test Title\": \"ErrorConditions\",\n      \"Input Data\": \"parameter1=[\\\"abc\\\",\\\"def\\\"]\",\n      \"Expected Output\": \"Invalid input\"\n    }\n  ]\n}",
    "Test Cases_prompt": "{\"Role\": \"You are a quality assurance engineer. Your duty is to design test cases for the developers.\", \"Instruction\": \"According to the Context section, write test cases. Don't write long strings in your test cases. Response in JSON format.\", \"Example\": \"{\\\"requirement analysis\\\":\\\"analysis\\\",\\\"test_cases\\\":[{\\\"Test Title\\\":\\\"title\\\", \\\"Input Data\\\":\\\"parameter1=[1,2,3],parameter2='123'\\\", \\\"Expected Output\\\":\\\"456\\\"},]}\", \"Context\": \"# ProductRequirementDocument:\\n{\\n  \\\"RevisedProductRequirementDocument\\\": {\\n    \\\"Title\\\": \\\"Sum of Squared Numbers\\\",\\n    \\\"Description\\\": \\\"The system should have a function that takes a list of numbers as input and returns the sum of the squares of the rounded-up numbers in the list\\\",\\n    \\\"Examples\\\": [\\n      {\\n        \\\"Input\\\": [1, 2, 3],\\n        \\\"Output\\\": 14\\n      },\\n      {\\n        \\\"Input\\\": [1, 4, 9],\\n        \\\"Output\\\": 98\\n      },\\n      {\\n        \\\"Input\\\": [1, 3, 5, 7],\\n        \\\"Output\\\": 84\\n      },\\n      {\\n        \\\"Input\\\": [1.4, 4.2, 0],\\n        \\\"Output\\\": 29\\n      },\\n      {\\n        \\\"Input\\\": [-2.4, 1, 1],\\n        \\\"Output\\\": 6\\n      }\\n    ],\\n    \\\"TechnicalSpecifications\\\": {\\n      \\\"ProgrammingLanguage\\\": \\\"Python\\\",\\n      \\\"LibrariesFrameworks\\\": \\\"Math\\\",\\n      \\\"ChallengesLimitations\\\": \\\"Potential challenges include handling large inputs and maintaining performance\\\"\\n    },\\n    \\\"TestCases\\\": {\\n      \\\"Scenario1\\\": {\\n        \\\"Input\\\": [1, 2, 3],\\n        \\\"ExpectedOutput\\\": 14\\n      },\\n      \\\"Scenario2\\\": {\\n        \\\"Input\\\": [1, 4, 9],\\n        \\\"ExpectedOutput\\\": 98\\n      },\\n      \\\"Scenario3\\\": {\\n        \\\"Input\\\": [1, 3, 5, 7],\\n        \\\"ExpectedOutput\\\": 84\\n      },\\n      \\\"Scenario4\\\": {\\n        \\\"Input\\\": [1.4, 4.2, 0],\\n        \\\"ExpectedOutput\\\": 29\\n      },\\n      \\\"Scenario5\\\": {\\n        \\\"Input\\\": [-2.4, 1, 1],\\n        \\\"ExpectedOutput\\\": 6\\n      },\\n      \\\"EdgeCases\\\": {\\n        \\\"Input\\\": [0, 0, 0],\\n        \\\"ExpectedOutput\\\": 0\\n      },\\n      \\\"ErrorConditions\\\": {\\n        \\\"Input\\\": [\\\"abc\\\", \\\"def\\\"],\\n        \\\"ExpectedOutput\\\": \\\"Invalid input\\\"\\n      }\\n    }\\n  }\\n}\", \"Question\": \"\\n\\ndef sum_squares(lst):\\n    \\\"\\\"\\\"You are given a list of numbers.\\n    You need to return the sum of squared numbers in the given list,\\n    round each element in the list to the upper int(Ceiling) first.\\n    Examples:\\n    For lst = [1,2,3] the output should be 14\\n    For lst = [1,4,9] the output should be 98\\n    For lst = [1,3,5,7] the output should be 84\\n    For lst = [1.4,4.2,0] the output should be 29\\n    For lst = [-2.4,1,1] the output should be 6\\n    \\n\\n    \\\"\\\"\\\"\\n\"}",
    "Test Cases Review": "{\n  \"Architect\": \"The test cases cover a good range of scenarios including normal input, edge cases, and error conditions. However, it would be beneficial to add more specific test cases for boundary values and negative numbers to ensure thorough coverage.\",\n  \"Developer\": \"The test cases provided cover most of the basic scenarios, but it would be helpful to include more detailed test cases for specific data types, such as negative numbers and floats, to ensure comprehensive testing.\"\n}",
    "Test Cases Review_prompt": "{\"Role\": \"I want you to act as a different roles and then give some suggestions about how to revise the test cases.\", \"Instruction\": \"1. Read the Context section. 2. Act as an Architect, give your suggestions. 3. Act as a Developer, give your suggestions. 4. Response in JSON format.\", \"Example\": \"{\\\"Architect\\\":\\\"Suggestion\\\",\\\"Developer\\\":\\\"Suggestion\\\"}\", \"Context\": \"{\\n  \\\"requirement analysis\\\": \\\"The system should have a function that takes a list of numbers as input and returns the sum of the squares of the rounded-up numbers in the list\\\",\\n  \\\"test_cases\\\": [\\n    {\\n      \\\"Test Title\\\": \\\"Scenario1\\\",\\n      \\\"Input Data\\\": \\\"parameter1=[1,2,3]\\\",\\n      \\\"Expected Output\\\": 14\\n    },\\n    {\\n      \\\"Test Title\\\": \\\"Scenario2\\\",\\n      \\\"Input Data\\\": \\\"parameter1=[1,4,9]\\\",\\n      \\\"Expected Output\\\": 98\\n    },\\n    {\\n      \\\"Test Title\\\": \\\"Scenario3\\\",\\n      \\\"Input Data\\\": \\\"parameter1=[1,3,5,7]\\\",\\n      \\\"Expected Output\\\": 84\\n    },\\n    {\\n      \\\"Test Title\\\": \\\"Scenario4\\\",\\n      \\\"Input Data\\\": \\\"parameter1=[1.4,4.2,0]\\\",\\n      \\\"Expected Output\\\": 29\\n    },\\n    {\\n      \\\"Test Title\\\": \\\"Scenario5\\\",\\n      \\\"Input Data\\\": \\\"parameter1=[-2.4,1,1]\\\",\\n      \\\"Expected Output\\\": 6\\n    },\\n    {\\n      \\\"Test Title\\\": \\\"EdgeCases\\\",\\n      \\\"Input Data\\\": \\\"parameter1=[0,0,0]\\\",\\n      \\\"Expected Output\\\": 0\\n    },\\n    {\\n      \\\"Test Title\\\": \\\"ErrorConditions\\\",\\n      \\\"Input Data\\\": \\\"parameter1=[\\\\\\\"abc\\\\\\\",\\\\\\\"def\\\\\\\"]\\\",\\n      \\\"Expected Output\\\": \\\"Invalid input\\\"\\n    }\\n  ]\\n}\", \"Question\": \"Follow the Instruction. The Context section include the test cases.\"}",
    "Final Test Cases": "{\n  \"requirement analysis\": \"The system should have a function that takes a list of numbers as input and returns the sum of the squares of the rounded-up numbers in the list\",\n  \"test_cases\": [\n    {\n      \"Test Title\": \"Scenario1\",\n      \"Input Data\": \"parameter1=[1,2,3]\",\n      \"Expected Output\": 14\n    },\n    {\n      \"Test Title\": \"Scenario2\",\n      \"Input Data\": \"parameter1=[1,4,9]\",\n      \"Expected Output\": 98\n    },\n    {\n      \"Test Title\": \"Scenario3\",\n      \"Input Data\": \"parameter1=[1,3,5,7]\",\n      \"Expected Output\": 84\n    },\n    {\n      \"Test Title\": \"Scenario4\",\n      \"Input Data\": \"parameter1=[1.4,4.2,0]\",\n      \"Expected Output\": 29\n    },\n    {\n      \"Test Title\": \"Scenario5\",\n      \"Input Data\": \"parameter1=[-2.4,1,1]\",\n      \"Expected Output\": 6\n    },\n    {\n      \"Test Title\": \"EdgeCases\",\n      \"Input Data\": \"parameter1=[0,0,0]\",\n      \"Expected Output\": 0\n    },\n    {\n      \"Test Title\": \"ErrorConditions\",\n      \"Input Data\": \"parameter1=[\\\"abc\\\",\\\"def\\\"]\",\n      \"Expected Output\": \"Invalid input\"\n    },\n    {\n      \"Test Title\": \"BoundaryValues1\",\n      \"Input Data\": \"parameter1=[1,1,1]\",\n      \"Expected Output\": 3\n    },\n    {\n      \"Test Title\": \"BoundaryValues2\",\n      \"Input Data\": \"parameter1=[100,100,100]\",\n      \"Expected Output\": 30000\n    },\n    {\n      \"Test Title\": \"NegativeNumbers1\",\n      \"Input Data\": \"parameter1=[-1,-2,-3]\",\n      \"Expected Output\": 14\n    },\n    {\n      \"Test Title\": \"NegativeNumbers2\",\n      \"Input Data\": \"parameter1=[-1,-4,-9]\",\n      \"Expected Output\": 98\n    }\n  ]\n}",
    "Final Test Cases_prompt": "{\"Role\": \"You are a quality assurance engineer. Your duty is to revise the test cases based on the suggestions.\", \"Instruction\": \"1. Your colleague give you some suggestions(in the Context section) about the draft test cases, read these suggestions. 2. Revise your draft version test cases, but don't use long parameters. 3. Response in JSON format.\", \"Example\": \"{\\\"requirement analysis\\\":\\\"analysis\\\",\\\"test_cases\\\":[{\\\"Test Title\\\":\\\"title\\\", \\\"Input Data\\\":\\\"parameter1=[1,2,3],parameter2='123'\\\", \\\"Expected Output\\\":\\\"456\\\"},]}\", \"Context\": \"# Suggestions:\\n{\\n  \\\"Architect\\\": \\\"The test cases cover a good range of scenarios including normal input, edge cases, and error conditions. However, it would be beneficial to add more specific test cases for boundary values and negative numbers to ensure thorough coverage.\\\",\\n  \\\"Developer\\\": \\\"The test cases provided cover most of the basic scenarios, but it would be helpful to include more detailed test cases for specific data types, such as negative numbers and floats, to ensure comprehensive testing.\\\"\\n}\\n # Draft Test cases:\\n{\\n  \\\"requirement analysis\\\": \\\"The system should have a function that takes a list of numbers as input and returns the sum of the squares of the rounded-up numbers in the list\\\",\\n  \\\"test_cases\\\": [\\n    {\\n      \\\"Test Title\\\": \\\"Scenario1\\\",\\n      \\\"Input Data\\\": \\\"parameter1=[1,2,3]\\\",\\n      \\\"Expected Output\\\": 14\\n    },\\n    {\\n      \\\"Test Title\\\": \\\"Scenario2\\\",\\n      \\\"Input Data\\\": \\\"parameter1=[1,4,9]\\\",\\n      \\\"Expected Output\\\": 98\\n    },\\n    {\\n      \\\"Test Title\\\": \\\"Scenario3\\\",\\n      \\\"Input Data\\\": \\\"parameter1=[1,3,5,7]\\\",\\n      \\\"Expected Output\\\": 84\\n    },\\n    {\\n      \\\"Test Title\\\": \\\"Scenario4\\\",\\n      \\\"Input Data\\\": \\\"parameter1=[1.4,4.2,0]\\\",\\n      \\\"Expected Output\\\": 29\\n    },\\n    {\\n      \\\"Test Title\\\": \\\"Scenario5\\\",\\n      \\\"Input Data\\\": \\\"parameter1=[-2.4,1,1]\\\",\\n      \\\"Expected Output\\\": 6\\n    },\\n    {\\n      \\\"Test Title\\\": \\\"EdgeCases\\\",\\n      \\\"Input Data\\\": \\\"parameter1=[0,0,0]\\\",\\n      \\\"Expected Output\\\": 0\\n    },\\n    {\\n      \\\"Test Title\\\": \\\"ErrorConditions\\\",\\n      \\\"Input Data\\\": \\\"parameter1=[\\\\\\\"abc\\\\\\\",\\\\\\\"def\\\\\\\"]\\\",\\n      \\\"Expected Output\\\": \\\"Invalid input\\\"\\n    }\\n  ]\\n}\", \"Question\": \"Follow the Instruction. Please make sure your response length are less than 512. Your test cases is for the below question:\\n\\n\\ndef sum_squares(lst):\\n    \\\"\\\"\\\"You are given a list of numbers.\\n    You need to return the sum of squared numbers in the given list,\\n    round each element in the list to the upper int(Ceiling) first.\\n    Examples:\\n    For lst = [1,2,3] the output should be 14\\n    For lst = [1,4,9] the output should be 98\\n    For lst = [1,3,5,7] the output should be 84\\n    For lst = [1.4,4.2,0] the output should be 29\\n    For lst = [-2.4,1,1] the output should be 6\\n    \\n\\n    \\\"\\\"\\\"\\n\"}",
    "Code0": "def sum_squares(lst):\n    total_sum = 0\n    for number in lst:\n        total_sum += int(number + 0.5) ** 2\n    return total_sum",
    "Code0_prompt": "{\"Role\": \"You are a professional software engineer. Your duty is to write code in Python that meets the requirements. Ensure that the code you write is efficient, readable, and follows best practices. Remember, do not need to explain the code you wrote.\", \"Instruction\": \"1. Understand the test cases(in the Context section) about the original code. 2. Rewrite your code, make sure your code pass all test cases.\", \"Example\": \"\", \"Context\": \"# Original Code:\\ndef sum_of_squares(input_list):\\n    \\\"\\\"\\\"\\n    This function calculates the sum of squares of the elements in the given list.\\n    :param input_list: List of numbers\\n    :return: Total sum of squares\\n    \\\"\\\"\\\"\\n    total_sum = 0\\n    for number in input_list:\\n        total_sum += int(number + 0.5) ** 2\\n    return total_sum\\n# Test Cases:\\n{\\n  \\\"requirement analysis\\\": \\\"The system should have a function that takes a list of numbers as input and returns the sum of the squares of the rounded-up numbers in the list\\\",\\n  \\\"test_cases\\\": [\\n    {\\n      \\\"Test Title\\\": \\\"Scenario1\\\",\\n      \\\"Input Data\\\": \\\"parameter1=[1,2,3]\\\",\\n      \\\"Expected Output\\\": 14\\n    },\\n    {\\n      \\\"Test Title\\\": \\\"Scenario2\\\",\\n      \\\"Input Data\\\": \\\"parameter1=[1,4,9]\\\",\\n      \\\"Expected Output\\\": 98\\n    },\\n    {\\n      \\\"Test Title\\\": \\\"Scenario3\\\",\\n      \\\"Input Data\\\": \\\"parameter1=[1,3,5,7]\\\",\\n      \\\"Expected Output\\\": 84\\n    },\\n    {\\n      \\\"Test Title\\\": \\\"Scenario4\\\",\\n      \\\"Input Data\\\": \\\"parameter1=[1.4,4.2,0]\\\",\\n      \\\"Expected Output\\\": 29\\n    },\\n    {\\n      \\\"Test Title\\\": \\\"Scenario5\\\",\\n      \\\"Input Data\\\": \\\"parameter1=[-2.4,1,1]\\\",\\n      \\\"Expected Output\\\": 6\\n    },\\n    {\\n      \\\"Test Title\\\": \\\"EdgeCases\\\",\\n      \\\"Input Data\\\": \\\"parameter1=[0,0,0]\\\",\\n      \\\"Expected Output\\\": 0\\n    },\\n    {\\n      \\\"Test Title\\\": \\\"ErrorConditions\\\",\\n      \\\"Input Data\\\": \\\"parameter1=[\\\\\\\"abc\\\\\\\",\\\\\\\"def\\\\\\\"]\\\",\\n      \\\"Expected Output\\\": \\\"Invalid input\\\"\\n    },\\n    {\\n      \\\"Test Title\\\": \\\"BoundaryValues1\\\",\\n      \\\"Input Data\\\": \\\"parameter1=[1,1,1]\\\",\\n      \\\"Expected Output\\\": 3\\n    },\\n    {\\n      \\\"Test Title\\\": \\\"BoundaryValues2\\\",\\n      \\\"Input Data\\\": \\\"parameter1=[100,100,100]\\\",\\n      \\\"Expected Output\\\": 30000\\n    },\\n    {\\n      \\\"Test Title\\\": \\\"NegativeNumbers1\\\",\\n      \\\"Input Data\\\": \\\"parameter1=[-1,-2,-3]\\\",\\n      \\\"Expected Output\\\": 14\\n    },\\n    {\\n      \\\"Test Title\\\": \\\"NegativeNumbers2\\\",\\n      \\\"Input Data\\\": \\\"parameter1=[-1,-4,-9]\\\",\\n      \\\"Expected Output\\\": 98\\n    }\\n  ]\\n}\", \"Question\": \"\\n\\ndef sum_squares(lst):\\n    \\\"\\\"\\\"You are given a list of numbers.\\n    You need to return the sum of squared numbers in the given list,\\n    round each element in the list to the upper int(Ceiling) first.\\n    Examples:\\n    For lst = [1,2,3] the output should be 14\\n    For lst = [1,4,9] the output should be 98\\n    For lst = [1,3,5,7] the output should be 84\\n    For lst = [1.4,4.2,0] the output should be 29\\n    For lst = [-2.4,1,1] the output should be 6\\n    \\n\\n    \\\"\\\"\\\"\\n\"}",
    "TestScriptOriginal": "import math\n\ndef sum_squares(lst):\n    total = 0\n    for num in lst:\n        total += math.ceil(num) ** 2\n    return total\n\nimport unittest\n\nclass Test(unittest.TestCase):\n    def test_sum_squares(self):\n        self.assertEqual(sum_squares([1,2,3]), 14)\n        self.assertEqual(sum_squares([1,4,9]), 98)\n        self.assertEqual(sum_squares([1,3,5,7]), 84)\n        self.assertEqual(sum_squares([1.4,4.2,0]), 29)\n        self.assertEqual(sum_squares([-2.4,1,1]), 6)\n\nif __name__ == '__main__':\n    unittest.main()",
    "TestScriptOriginal_prompt": "{\"Role\": \"You are a quality assurance engineer. Your duty is to write a python test script in unittest framework.\", \"Instruction\": \"1. Write a python test script. 2. Use the input and output given by the question.\", \"Example\": \"import unittest\\n\\nclass Test(unittest.TestCase):\\n    def test(self):\\n        self.assertEqual(function_under_test('a'), 1)\\n\\nif __name__ == '__main__':\\n    unittest.main()\", \"Context\": \"\", \"Question\": \"\\n\\ndef sum_squares(lst):\\n    \\\"\\\"\\\"You are given a list of numbers.\\n    You need to return the sum of squared numbers in the given list,\\n    round each element in the list to the upper int(Ceiling) first.\\n    Examples:\\n    For lst = [1,2,3] the output should be 14\\n    For lst = [1,4,9] the output should be 98\\n    For lst = [1,3,5,7] the output should be 84\\n    For lst = [1.4,4.2,0] the output should be 29\\n    For lst = [-2.4,1,1] the output should be 6\\n    \\n\\n    \\\"\\\"\\\"\\n\"}",
    "TestScript": "import math\n\nclass Test(unittest.TestCase):\n    def test_sum_squares(self):\n        self.assertEqual(sum_squares([1,2,3]), 14)\n        self.assertEqual(sum_squares([1,4,9]), 98)\n        self.assertEqual(sum_squares([1,3,5,7]), 84)\n        self.assertEqual(sum_squares([1.4,4.2,0]), 29)\n        self.assertEqual(sum_squares([-2.4,1,1]), 6)\n\nif __name__ == '__main__':\n    unittest.main()",
    "TestScript_prompt": "{\"Role\": \"You are a quality assurance engineer. Your duty is to write a python test script in unittest framework.\", \"Instruction\": \"1. Write a python test script. 2. Use the input and output given by the question.\", \"Example\": \"import unittest\\n\\nclass Test(unittest.TestCase):\\n    def test(self):\\n        self.assertEqual(function_under_test('a'), 1)\\n\\nif __name__ == '__main__':\\n    unittest.main()\", \"Context\": \"\", \"Question\": \"\\n\\ndef sum_squares(lst):\\n    \\\"\\\"\\\"You are given a list of numbers.\\n    You need to return the sum of squared numbers in the given list,\\n    round each element in the list to the upper int(Ceiling) first.\\n    Examples:\\n    For lst = [1,2,3] the output should be 14\\n    For lst = [1,4,9] the output should be 98\\n    For lst = [1,3,5,7] the output should be 84\\n    For lst = [1.4,4.2,0] the output should be 29\\n    For lst = [-2.4,1,1] the output should be 6\\n    \\n\\n    \\\"\\\"\\\"\\n\"}",
    "ScriptResult0": "Traceback (most recent call last):\n  File \"/Users/watch/PycharmProjects/XXXX-1-LLM/workspace/2024-01-14_13-23-43-168151/test_script.py\", line 8, in <module>\n    class Test(unittest.TestCase):\nNameError: name 'unittest' is not defined\n",
    "TestReport0": "Test Report:\n\nTest Script Output:\nTraceback (most recent call last):\nFile \"/Users/watch/PycharmProjects/XXXX-1-LLM/workspace/2024-01-14_13-23-43-168151/test_script.py\", line 8, in <module>\nclass Test(unittest.TestCase):\nNameError: name 'unittest' is not defined\n\nAnalysis:\nBased on the output of the test script, it appears that there is a NameError as the 'unittest' module is not defined. This indicates that the code has failed to execute the test due to the missing 'unittest' module.\n\nConclusion:\nCode Test Failed\n\nExpected Output Example:\nInput:\nimport unittest\nclass Test(unittest.TestCase):\n# code implementation\n\nExpected Output:\nSuccessful execution of the test script without any NameError related to 'unittest' module.\n\nNote: The test report includes the details of the code failure and the expected input and output examples.",
    "RepairResponse1": "{\n  \"revised_code\": \"import math\\n\\ndef sum_squares(lst):\\n    total_sum = 0\\n    for number in lst:\\n        total_sum += math.ceil(number) ** 2\\n    return total_sum\"\n}",
    "RepairResponse1_prompt": "{\"Role\": \"You are a professional software engineer. Your duty is to write code in Python that meets the requirements. Ensure that the code you write is efficient, readable, and follows best practices. Remember, do not need to explain the code you wrote.\", \"Instruction\": \"1. Rewrite a bug fix version of the original code. 2. Response in JSON format.\", \"Example\": \"{\\\"revised_code\\\":\\\"...\\\"}\", \"Context\": \"# the original code:\\ndef sum_squares(lst):\\n    total_sum = 0\\n    for number in lst:\\n        total_sum += int(number + 0.5) ** 2\\n    return total_sum\\n# test report:\\nTest Report:\\n\\nTest Script Output:\\nTraceback (most recent call last):\\nFile \\\"/Users/watch/PycharmProjects/XXXX-1-LLM/workspace/2024-01-14_13-23-43-168151/test_script.py\\\", line 8, in <module>\\nclass Test(unittest.TestCase):\\nNameError: name 'unittest' is not defined\\n\\nAnalysis:\\nBased on the output of the test script, it appears that there is a NameError as the 'unittest' module is not defined. This indicates that the code has failed to execute the test due to the missing 'unittest' module.\\n\\nConclusion:\\nCode Test Failed\\n\\nExpected Output Example:\\nInput:\\nimport unittest\\nclass Test(unittest.TestCase):\\n# code implementation\\n\\nExpected Output:\\nSuccessful execution of the test script without any NameError related to 'unittest' module.\\n\\nNote: The test report includes the details of the code failure and the expected input and output examples.\", \"Question\": \"The original code has some bugs, according to the test report and suggestions, rewrite the code. Complete the following code:\\n\\n\\ndef sum_squares(lst):\\n    \\\"\\\"\\\"You are given a list of numbers.\\n    You need to return the sum of squared numbers in the given list,\\n    round each element in the list to the upper int(Ceiling) first.\\n    Examples:\\n    For lst = [1,2,3] the output should be 14\\n    For lst = [1,4,9] the output should be 98\\n    For lst = [1,3,5,7] the output should be 84\\n    For lst = [1.4,4.2,0] the output should be 29\\n    For lst = [-2.4,1,1] the output should be 6\\n    \\n\\n    \\\"\\\"\\\"\\n\"}",
    "Code1": "import math\n\ndef sum_squares(lst):\n    total_sum = 0\n    for number in lst:\n        total_sum += math.ceil(number) ** 2\n    return total_sum",
    "ScriptResult1": "Traceback (most recent call last):\n  File \"/Users/watch/PycharmProjects/XXXX-1-LLM/workspace/2024-01-14_13-23-43-168151/test_script.py\", line 10, in <module>\n    class Test(unittest.TestCase):\nNameError: name 'unittest' is not defined\n",
    "TestReport1": "Test Report:\n\nTest script's output:\nTraceback (most recent call last):\n  File \"/Users/watch/PycharmProjects/XXXX-1-LLM/workspace/2024-01-14_13-23-43-168151/test_script.py\", line 10, in <module>\n    class Test(unittest.TestCase):\nNameError: name 'unittest' is not defined\n\nAnalysis:\nBased on the test script's output, it is evident that there is a NameError as 'unittest' is not defined. This indicates that the code has failed the tests.\n\nConclusion:\nCode Test Failed\n\nInput and Expected Output Example:\nInput: \ntest_script.py\n\nExpected Output: \nNameError: name 'unittest' is not defined\n\nRecommendation:\nThe code needs to be modified to define 'unittest' in order to pass the tests.\n\nNote: Please refer to the actual test script for a detailed analysis of the test failure.",
    "RepairResponse2": "{\n  \"revised_code\": \"def sum_squares(lst):\\n    total_sum = 0\\n    for number in lst:\\n        total_sum += math.ceil(number) ** 2\\n    return total_sum\"\n}",
    "RepairResponse2_prompt": "{\"Role\": \"You are a professional software engineer. Your duty is to write code in Python that meets the requirements. Ensure that the code you write is efficient, readable, and follows best practices. Remember, do not need to explain the code you wrote.\", \"Instruction\": \"1. Rewrite a bug fix version of the original code. 2. Response in JSON format.\", \"Example\": \"{\\\"revised_code\\\":\\\"...\\\"}\", \"Context\": \"# the original code:\\nimport math\\n\\ndef sum_squares(lst):\\n    total_sum = 0\\n    for number in lst:\\n        total_sum += math.ceil(number) ** 2\\n    return total_sum\\n# test report:\\nTest Report:\\n\\nTest script's output:\\nTraceback (most recent call last):\\n  File \\\"/Users/watch/PycharmProjects/XXXX-1-LLM/workspace/2024-01-14_13-23-43-168151/test_script.py\\\", line 10, in <module>\\n    class Test(unittest.TestCase):\\nNameError: name 'unittest' is not defined\\n\\nAnalysis:\\nBased on the test script's output, it is evident that there is a NameError as 'unittest' is not defined. This indicates that the code has failed the tests.\\n\\nConclusion:\\nCode Test Failed\\n\\nInput and Expected Output Example:\\nInput: \\ntest_script.py\\n\\nExpected Output: \\nNameError: name 'unittest' is not defined\\n\\nRecommendation:\\nThe code needs to be modified to define 'unittest' in order to pass the tests.\\n\\nNote: Please refer to the actual test script for a detailed analysis of the test failure.\", \"Question\": \"The original code has some bugs, according to the test report and suggestions, rewrite the code. Complete the following code:\\n\\n\\ndef sum_squares(lst):\\n    \\\"\\\"\\\"You are given a list of numbers.\\n    You need to return the sum of squared numbers in the given list,\\n    round each element in the list to the upper int(Ceiling) first.\\n    Examples:\\n    For lst = [1,2,3] the output should be 14\\n    For lst = [1,4,9] the output should be 98\\n    For lst = [1,3,5,7] the output should be 84\\n    For lst = [1.4,4.2,0] the output should be 29\\n    For lst = [-2.4,1,1] the output should be 6\\n    \\n\\n    \\\"\\\"\\\"\\n\"}",
    "Code2": "def sum_squares(lst):\n    total_sum = 0\n    for number in lst:\n        total_sum += math.ceil(number) ** 2\n    return total_sum",
    "ScriptResult2": "Traceback (most recent call last):\n  File \"/Users/watch/PycharmProjects/XXXX-1-LLM/workspace/2024-01-14_13-23-43-168151/test_script.py\", line 8, in <module>\n    class Test(unittest.TestCase):\nNameError: name 'unittest' is not defined\n",
    "TestReport2": "Test Report\n\nTest Script Output:\nTraceback (most recent call last):\n  File \"/Users/watch/PycharmProjects/XXXX-1-LLM/workspace/2024-01-14_13-23-43-168151/test_script.py\", line 8, in <module>\n    class Test(unittest.TestCase):\nNameError: name 'unittest' is not defined\n\nAnalysis:\nBased on the test script's output, it appears that there is a NameError indicating that 'unittest' is not defined. This suggests that the code has failed to execute due to the undefined 'unittest' module.\n\nConclusion:\nCode Test Failed\n\nInput and Expected Output Example:\nInput: \nimport unittest\nclass Test(unittest.TestCase):\n\nExpected Output: \nNameError: name 'unittest' is not defined\n\nRecommendation:\nTo address this issue, the 'unittest' module should be properly defined and imported in the code to ensure its functionality.\n\nCode Test Failed.",
    "FinalCode": "def sum_squares(lst):\n    total_sum = 0\n    for number in lst:\n        total_sum += math.ceil(number) ** 2\n    return total_sum"
}