{
    "start_time": "2024-03-11_09-31-05-622031",
    "task": "def max_sum_increasing_subseq(a, n, index, k):\n'''Write a function to find the maximum sum of increasing subsequence from prefix until ith index and also including a given kth element which is after i, i.e., k > i .\nassert max_sum_increasing_subseq([1, 101, 2, 3, 100, 4, 5 ], 7, 4, 6) == 11'''\n",
    "datetime": {
        "task": "2024-03-11 09:31:05",
        "task-id": "2024-03-11 09:31:05",
        "workflow": "2024-03-11 09:31:05",
        "Discussion": "2024-03-11 09:31:07",
        "DisorderedSprintMeetings": "2024-03-11 09:31:08",
        "DesignDraft0": "2024-03-11 09:31:10",
        "DesignMeetings0": "2024-03-11 09:31:14",
        "Design0": "2024-03-11 09:31:16",
        "CodeDraft0": "2024-03-11 09:31:18",
        "CodeReviewMeetings0": "2024-03-11 09:31:20",
        "Code0CR": "2024-03-11 09:31:21",
        "FinalCode": "2024-03-11 09:31:56",
        "Test Cases Draft": "2024-03-11 09:31:25",
        "Test Cases Meetings": "2024-03-11 09:31:26",
        "Test Cases": "2024-03-11 09:31:29",
        "Code0": "2024-03-11 09:31:30",
        "TestScriptOriginal": "2024-03-11 09:31:32",
        "TestScript": "2024-03-11 09:31:32",
        "ScriptResult0": "2024-03-11 09:31:32",
        "TestReport0": "2024-03-11 09:31:37",
        "SprintReview0": "2024-03-11 09:31:38",
        "SprintReviewMeetings0": "2024-03-11 09:31:40",
        "RepairResponse0": "2024-03-11 09:31:42",
        "Code1": "2024-03-11 09:31:42",
        "ScriptResult1": "2024-03-11 09:31:42",
        "TestReport1": "2024-03-11 09:31:43",
        "SprintReview1": "2024-03-11 09:31:44",
        "SprintReviewMeetings1": "2024-03-11 09:31:47",
        "RepairResponse1": "2024-03-11 09:31:49",
        "Code2": "2024-03-11 09:31:49",
        "ScriptResult2": "2024-03-11 09:31:49",
        "TestReport2": "2024-03-11 09:31:52",
        "SprintReview2": "2024-03-11 09:31:53",
        "SprintReviewMeetings2": "2024-03-11 09:31:55",
        "RepairResponse2": "2024-03-11 09:31:56",
        "Code3": "2024-03-11 09:31:56",
        "ScriptResult3": "2024-03-11 09:31:56",
        "TestReport3": "2024-03-11 09:32:00"
    },
    "task-id": 306,
    "workflow": "agile/agile_version_0.0.5_remove.json",
    "Discussion": "[ScrumMaster]says: We have a job: def max_sum_increasing_subseq(a, n, index, k):\n'''Write a function to find the maximum sum of increasing subsequence from prefix until ith index and also including a given kth element which is after i, i.e., k > i .\nassert max_sum_increasing_subseq([1, 101, 2, 3, 100, 4, 5 ], 7, 4, 6) == 11'''\n, do you have any ideas?\n-----\n\n[Tester]says: As a Tester, I would suggest writing test cases for the function to cover different scenarios and edge cases.\n-----\n\n[Architect]says: As an architect, I think we should start by analyzing the current code structure and identifying areas for improvement in order to efficiently implement the required function.\n-----\n\n[ProductOwner]says: As a Product Owner, to create a product, we should prioritize developing a user-friendly interface and efficient algorithm to meet the requirements.\n-----\n\n[Developer]says: As a Developer, I suggest breaking down the problem into smaller sub-problems and then combining the solutions to find the maximum sum of the increasing subsequence.\n-----\n\n[Tester]says: As a Tester, I would suggest writing test cases for the function to cover different scenarios and edge cases.\n-----\n\n[Architect]says: As an Architect, I think we should start by analyzing the current code structure and identifying areas for improvement in order to efficiently implement the required function.\n-----\n\n[ProductOwner]says: As a Product Owner, I think the first step is to prioritize developing a user-friendly interface and efficient algorithm to meet the requirements.\n-----\n\n[Developer]says: As a Developer, I suggest breaking down the problem into smaller sub-problems and then combining the solutions to find the maximum sum of the increasing subsequence.\n-----\n",
    "DisorderedSprintMeetings": "{\n  \"product-owner\":[\"Prioritize developing a user-friendly interface\",\"Develop an efficient algorithm\"],\n  \"architect\":[\"Analyze the current code structure\",\"Identify areas for improvement\"],\n  \"developer\":[\"Break down the problem into smaller sub-problems\",\"Combine the solutions to find the maximum sum of the increasing subsequence\"],\n  \"tester\":[\"Write test cases for different scenarios and edge cases\"]\n}",
    "DisorderedSprintMeetings_prompt": "{\"Role\": \"You are a professional scrum master. Your goal is to breakdown the Discussion History into a task list for the scrum team.\", \"Instruction\": \"1. Read and Understand the Discussion History. 2. Define the tasks for four roles: product-owner/architect/developer/tester. 3. Response in JSON format.\", \"Example\": \"{\\\"product-owner\\\":[\\\"task1\\\",\\\"task2\\\"],\\\"architect\\\":[\\\"task1\\\",\\\"task2\\\"], \\\"developer\\\":[\\\"task1\\\",\\\"task2\\\"], \\\"tester\\\":[\\\"task1\\\",\\\"task2\\\"]}\", \"Context\": \"[ScrumMaster]says: We have a job: def max_sum_increasing_subseq(a, n, index, k):\\n'''Write a function to find the maximum sum of increasing subsequence from prefix until ith index and also including a given kth element which is after i, i.e., k > i .\\nassert max_sum_increasing_subseq([1, 101, 2, 3, 100, 4, 5 ], 7, 4, 6) == 11'''\\n, do you have any ideas?\\n-----\\n\\n[Tester]says: As a Tester, I would suggest writing test cases for the function to cover different scenarios and edge cases.\\n-----\\n\\n[Architect]says: As an architect, I think we should start by analyzing the current code structure and identifying areas for improvement in order to efficiently implement the required function.\\n-----\\n\\n[ProductOwner]says: As a Product Owner, to create a product, we should prioritize developing a user-friendly interface and efficient algorithm to meet the requirements.\\n-----\\n\\n[Developer]says: As a Developer, I suggest breaking down the problem into smaller sub-problems and then combining the solutions to find the maximum sum of the increasing subsequence.\\n-----\\n\\n[Tester]says: As a Tester, I would suggest writing test cases for the function to cover different scenarios and edge cases.\\n-----\\n\\n[Architect]says: As an Architect, I think we should start by analyzing the current code structure and identifying areas for improvement in order to efficiently implement the required function.\\n-----\\n\\n[ProductOwner]says: As a Product Owner, I think the first step is to prioritize developing a user-friendly interface and efficient algorithm to meet the requirements.\\n-----\\n\\n[Developer]says: As a Developer, I suggest breaking down the problem into smaller sub-problems and then combining the solutions to find the maximum sum of the increasing subsequence.\\n-----\\n\", \"Question\": \"Follow the Instruction section. The Discussion History is in the Context section. You only need to return a task list as the Example section.\"}",
    "DesignDraft0": "Design:\n- Analyze the current code structure to understand the functionality of the max_sum_increasing_subseq function.\n- Identify areas for improvement, such as potential performance bottlenecks or code readability issues.\n- Define clear input and output requirements for the function, including the expected behavior for edge cases and invalid inputs.\n- Consider the use of appropriate data structures and algorithms to efficiently compute the maximum sum of increasing subsequence.\n- Provide guidance on error handling and edge case scenarios to ensure robustness of the function.\n- Consider potential optimizations to improve the efficiency of the function, such as memoization or dynamic programming techniques.",
    "DesignMeetings0": "{\n  \"Developer\": \"1. The current code structure should be thoroughly analyzed and documented to understand the functionality of the max_sum_increasing_subseq function. 2. Potential performance bottlenecks should be identified and addressed through code refactoring or optimization. 3. Clear input and output requirements, including edge cases and invalid inputs, should be defined to ensure the function behaves as expected. 4. Appropriate data structures and algorithms should be utilized to efficiently compute the maximum sum of increasing subsequence. 5. Error handling and edge case scenarios should be carefully considered and implemented to ensure the robustness of the function. 6. Memoization or dynamic programming techniques should be explored for potential optimizations to improve the efficiency of the function.\",\n  \"Tester\": \"1. Test cases should cover a wide range of input scenarios, including edge cases and invalid inputs, to ensure the function behaves as expected. 2. Performance testing should be conducted to identify potential bottlenecks and ensure the function operates efficiently. 3. Error handling and edge case scenarios should be thoroughly tested to confirm the robustness of the function. 4. The use of appropriate data structures and algorithms should be validated through testing to ensure the accuracy of the computed maximum sum of increasing subsequence. 5. Test for potential optimizations, such as memoization or dynamic programming techniques, to verify their impact on the efficiency of the function.\"\n}",
    "Design0": "Based on the suggestions provided by the developer and tester, the new design for the max_sum_increasing_subseq function should include the following:\n\n1. Thorough analysis and documentation of the current code structure to understand the functionality of the function.\n2. Identification and addressing of potential performance bottlenecks through code refactoring or optimization.\n3. Clear definition of input and output requirements, including edge cases and invalid inputs, to ensure expected function behavior.\n4. Utilization of appropriate data structures and algorithms to efficiently compute the maximum sum of increasing subsequence.\n5. Careful consideration and implementation of error handling and edge case scenarios to ensure the robustness of the function.\n6. Exploration of memoization or dynamic programming techniques for potential optimizations to improve the efficiency of the function.\n\nThis new design takes into account the suggestions provided and aims to address the concerns raised by both the developer and tester.",
    "CodeDraft0": "def max_sum_increasing_subseq(a, n, index, k):\n    max_sum = [0] * n\n    max_sum[index] = a[index]\n\n    for i in range(index+1, k+1):\n        for j in range(index, i):\n            if a[i] > a[j]:\n                max_sum[i] = max(max_sum[i], max_sum[j] + a[i])\n\n    return max(max_sum) if max_sum else 0\n\nassert max_sum_increasing_subseq([1, 101, 2, 3, 100, 4, 5 ], 7, 4, 6) == 11",
    "CodeDraft0_prompt": {
        "Role": "You are a professional engineer. Your duty is to write code in Python that meets the requirements. Ensure that the code you write is efficient, readable, and follows best practices. Remember, do not need to explain the code you wrote.",
        "Instruction": "According to the Context section, write your code.",
        "Example": "",
        "Context": "# Tasks:\n['Break down the problem into smaller sub-problems', 'Combine the solutions to find the maximum sum of the increasing subsequence']\n# Design:\nBased on the suggestions provided by the developer and tester, the new design for the max_sum_increasing_subseq function should include the following:\n\n1. Thorough analysis and documentation of the current code structure to understand the functionality of the function.\n2. Identification and addressing of potential performance bottlenecks through code refactoring or optimization.\n3. Clear definition of input and output requirements, including edge cases and invalid inputs, to ensure expected function behavior.\n4. Utilization of appropriate data structures and algorithms to efficiently compute the maximum sum of increasing subsequence.\n5. Careful consideration and implementation of error handling and edge case scenarios to ensure the robustness of the function.\n6. Exploration of memoization or dynamic programming techniques for potential optimizations to improve the efficiency of the function.\n\nThis new design takes into account the suggestions provided and aims to address the concerns raised by both the developer and tester.",
        "Question": "Follow the Instruction section. Complete the following code:\ndef max_sum_increasing_subseq(a, n, index, k):\n'''Write a function to find the maximum sum of increasing subsequence from prefix until ith index and also including a given kth element which is after i, i.e., k > i .\nassert max_sum_increasing_subseq([1, 101, 2, 3, 100, 4, 5 ], 7, 4, 6) == 11'''\n"
    },
    "CodeReviewMeetings0": "{\n  \"Architect\": \"The code can be optimized by using dynamic programming to solve the maximum sum increasing subsequence problem. This can be achieved by storing the maximum sum ending at each index and then using that information to calculate the maximum sum at the next index. This approach would improve the time complexity of the code.\",\n  \"Tester\": \"It is important to test the function with different input arrays and edge cases to ensure that it produces the correct results. Also, the assert statement should be replaced with proper unit tests to cover different scenarios.\"\n}",
    "Code0CR": "def max_sum_increasing_subseq(a, n, index, k):\n    max_sum = [0] * n\n    max_sum[index] = a[index]\n    \n    for i in range(index+1, k+1):\n        for j in range(index, i):\n            if a[i] > a[j]:\n                max_sum[i] = max(max_sum[i], max_sum[j] + a[i])\n    \n    return max(max_sum) + a[k] if k > index else max(max_sum)",
    "Code0CR_prompt": "{\"Role\": \"You are a professional software engineer. Your duty is to write code in Python that meets the requirements. Ensure that the code you write is efficient, readable, and follows best practices. Remember, do not need to explain the code you wrote.\", \"Instruction\": \"1. Understand the suggestions(in the Context section) about the original code. 2. Rewrite your code.\", \"Example\": \"\", \"Context\": \"# Tasks:\\n['Break down the problem into smaller sub-problems', 'Combine the solutions to find the maximum sum of the increasing subsequence']\\n# Design:\\nBased on the suggestions provided by the developer and tester, the new design for the max_sum_increasing_subseq function should include the following:\\n\\n1. Thorough analysis and documentation of the current code structure to understand the functionality of the function.\\n2. Identification and addressing of potential performance bottlenecks through code refactoring or optimization.\\n3. Clear definition of input and output requirements, including edge cases and invalid inputs, to ensure expected function behavior.\\n4. Utilization of appropriate data structures and algorithms to efficiently compute the maximum sum of increasing subsequence.\\n5. Careful consideration and implementation of error handling and edge case scenarios to ensure the robustness of the function.\\n6. Exploration of memoization or dynamic programming techniques for potential optimizations to improve the efficiency of the function.\\n\\nThis new design takes into account the suggestions provided and aims to address the concerns raised by both the developer and tester.# Suggestions:\\n{\\n  \\\"Architect\\\": \\\"The code can be optimized by using dynamic programming to solve the maximum sum increasing subsequence problem. This can be achieved by storing the maximum sum ending at each index and then using that information to calculate the maximum sum at the next index. This approach would improve the time complexity of the code.\\\",\\n  \\\"Tester\\\": \\\"It is important to test the function with different input arrays and edge cases to ensure that it produces the correct results. Also, the assert statement should be replaced with proper unit tests to cover different scenarios.\\\"\\n}\", \"Question\": \"Follow the Instruction section. Complete the following code:\\ndef max_sum_increasing_subseq(a, n, index, k):\\n'''Write a function to find the maximum sum of increasing subsequence from prefix until ith index and also including a given kth element which is after i, i.e., k > i .\\nassert max_sum_increasing_subseq([1, 101, 2, 3, 100, 4, 5 ], 7, 4, 6) == 11'''\\n\"}",
    "FinalCode": "def max_sum_increasing_subseq(a, n, index, k):\n    dp = [0]*n\n    dp[index] = a[index]\n    for i in range(index+1,k):\n        for j in range(index,i):\n            if a[i]>a[j]:\n                dp[i]=max(dp[i],dp[j]+a[i])\n    return dp[k-1]",
    "Test Cases Draft": "{\n  \"requirement analysis\": \"Thorough analysis and documentation of the current code structure to understand the functionality of the function.\",\n  \"test_cases\": [\n    {\n      \"Test Title\": \"valid_input_1\",\n      \"Input Data\": \"a=[1, 101, 2, 3, 100, 4, 5], n=7, index=4, k=6\",\n      \"Expected Output\": \"11\"\n    },\n    {\n      \"Test Title\": \"valid_input_2\",\n      \"Input Data\": \"a=[10, 20, 30, 40, 50], n=5, index=2, k=4\",\n      \"Expected Output\": \"100\"\n    },\n    {\n      \"Test Title\": \"invalid_input_1\",\n      \"Input Data\": \"a=[5, 4, 3, 2, 1], n=5, index=2, k=4\",\n      \"Expected Output\": \"5\"\n    }\n  ]\n}",
    "Test Cases Draft_prompt": "{\"Role\": \"You are a quality assurance engineer. Your duty is to design test cases for the developers.\", \"Instruction\": \"According to the Context section, write test cases. Don't write long strings in your test cases. Response in JSON format.\", \"Example\": \"{\\\"requirement analysis\\\":\\\"analysis\\\",\\\"test_cases\\\":[{\\\"Test Title\\\":\\\"title\\\", \\\"Input Data\\\":\\\"parameter1=[1,2,3],parameter2='123'\\\", \\\"Expected Output\\\":\\\"456\\\"},]}\", \"Context\": \"# Tasks:\\n['Write test cases for different scenarios and edge cases']\\n# Design:\\nBased on the suggestions provided by the developer and tester, the new design for the max_sum_increasing_subseq function should include the following:\\n\\n1. Thorough analysis and documentation of the current code structure to understand the functionality of the function.\\n2. Identification and addressing of potential performance bottlenecks through code refactoring or optimization.\\n3. Clear definition of input and output requirements, including edge cases and invalid inputs, to ensure expected function behavior.\\n4. Utilization of appropriate data structures and algorithms to efficiently compute the maximum sum of increasing subsequence.\\n5. Careful consideration and implementation of error handling and edge case scenarios to ensure the robustness of the function.\\n6. Exploration of memoization or dynamic programming techniques for potential optimizations to improve the efficiency of the function.\\n\\nThis new design takes into account the suggestions provided and aims to address the concerns raised by both the developer and tester.\", \"Question\": \"def max_sum_increasing_subseq(a, n, index, k):\\n'''Write a function to find the maximum sum of increasing subsequence from prefix until ith index and also including a given kth element which is after i, i.e., k > i .\\nassert max_sum_increasing_subseq([1, 101, 2, 3, 100, 4, 5 ], 7, 4, 6) == 11'''\\n\"}",
    "Test Cases Meetings": "{\n  \"Architect\": \"As an Architect, I would suggest revising the test cases to include edge cases and boundary conditions to ensure comprehensive test coverage. Additionally, I would recommend adding test cases for negative scenarios and error handling.\",\n  \"Developer\": \"As a Developer, I would suggest revising the test cases to include more descriptive test titles and input data. It would also be helpful to include the rationale behind the input data and expected output to provide better context for the test cases.\"\n}",
    "Test Cases": "{\n  \"requirement analysis\": \"Thorough analysis and documentation of the current code structure to understand the functionality of the function.\",\n  \"test_cases\": [\n    {\n      \"Test Title\": \"max_sum_increasing_subseq_valid_1\",\n      \"Input Data\": \"a=[1, 101, 2, 3, 100, 4, 5], n=7, index=4, k=6\",\n      \"Expected Output\": \"11\"\n    },\n    {\n      \"Test Title\": \"max_sum_increasing_subseq_valid_2\",\n      \"Input Data\": \"a=[10, 20, 30, 40, 50], n=5, index=2, k=4\",\n      \"Expected Output\": \"100\"\n    },\n    {\n      \"Test Title\": \"max_sum_increasing_subseq_invalid_1\",\n      \"Input Data\": \"a=[5, 4, 3, 2, 1], n=5, index=2, k=4\",\n      \"Expected Output\": \"5\"\n    }\n  ]\n}",
    "Test Cases_prompt": "{\"Role\": \"You are a quality assurance engineer. Your duty is to revise the test cases based on the suggestions.\", \"Instruction\": \"1. Your colleague give you some suggestions(in the Context section) about the draft test cases, read these suggestions. 2. Revise your draft version test cases, but don't use long parameters. 3. Response in JSON format.\", \"Example\": \"{\\\"requirement analysis\\\":\\\"analysis\\\",\\\"test_cases\\\":[{\\\"Test Title\\\":\\\"title\\\", \\\"Input Data\\\":\\\"parameter1=[1,2,3],parameter2='123'\\\", \\\"Expected Output\\\":\\\"456\\\"},]}\", \"Context\": \"# Suggestions:\\n{\\n  \\\"Architect\\\": \\\"As an Architect, I would suggest revising the test cases to include edge cases and boundary conditions to ensure comprehensive test coverage. Additionally, I would recommend adding test cases for negative scenarios and error handling.\\\",\\n  \\\"Developer\\\": \\\"As a Developer, I would suggest revising the test cases to include more descriptive test titles and input data. It would also be helpful to include the rationale behind the input data and expected output to provide better context for the test cases.\\\"\\n}\\n # Draft Test cases:\\n{\\n  \\\"requirement analysis\\\": \\\"Thorough analysis and documentation of the current code structure to understand the functionality of the function.\\\",\\n  \\\"test_cases\\\": [\\n    {\\n      \\\"Test Title\\\": \\\"valid_input_1\\\",\\n      \\\"Input Data\\\": \\\"a=[1, 101, 2, 3, 100, 4, 5], n=7, index=4, k=6\\\",\\n      \\\"Expected Output\\\": \\\"11\\\"\\n    },\\n    {\\n      \\\"Test Title\\\": \\\"valid_input_2\\\",\\n      \\\"Input Data\\\": \\\"a=[10, 20, 30, 40, 50], n=5, index=2, k=4\\\",\\n      \\\"Expected Output\\\": \\\"100\\\"\\n    },\\n    {\\n      \\\"Test Title\\\": \\\"invalid_input_1\\\",\\n      \\\"Input Data\\\": \\\"a=[5, 4, 3, 2, 1], n=5, index=2, k=4\\\",\\n      \\\"Expected Output\\\": \\\"5\\\"\\n    }\\n  ]\\n}\", \"Question\": \"Follow the Instruction. Please make sure your response length are less than 512. Your test cases is for the below question:\\ndef max_sum_increasing_subseq(a, n, index, k):\\n'''Write a function to find the maximum sum of increasing subsequence from prefix until ith index and also including a given kth element which is after i, i.e., k > i .\\nassert max_sum_increasing_subseq([1, 101, 2, 3, 100, 4, 5 ], 7, 4, 6) == 11'''\\n\"}",
    "Code0": "def max_sum_increasing_subseq(a, n, index, k):\n    max_sum = [0] * n\n    max_sum[index] = a[index]\n    \n    for i in range(index+1, k+1):\n        for j in range(index, i):\n            if a[i] > a[j]:\n                max_sum[i] = max(max_sum[i], max_sum[j] + a[i])\n    \n    return max(max_sum) + a[k] if k > index else max(max_sum)",
    "Code0_prompt": {
        "Role": "You are a professional software engineer. Your duty is to write code in Python that meets the requirements. Ensure that the code you write is efficient, readable, and follows best practices. Remember, do not need to explain the code you wrote.",
        "Instruction": "1. Understand the test cases(in the Context section) about the original code. 2. Rewrite your code, make sure your code pass all test cases.",
        "Example": "",
        "Context": "# Original Code:\ndef max_sum_increasing_subseq(a, n, index, k):\n    max_sum = [0] * n\n    max_sum[index] = a[index]\n    \n    for i in range(index+1, k+1):\n        for j in range(index, i):\n            if a[i] > a[j]:\n                max_sum[i] = max(max_sum[i], max_sum[j] + a[i])\n    \n    return max(max_sum) + a[k] if k > index else max(max_sum)\n# Test Cases:\n{\n  \"requirement analysis\": \"Thorough analysis and documentation of the current code structure to understand the functionality of the function.\",\n  \"test_cases\": [\n    {\n      \"Test Title\": \"max_sum_increasing_subseq_valid_1\",\n      \"Input Data\": \"a=[1, 101, 2, 3, 100, 4, 5], n=7, index=4, k=6\",\n      \"Expected Output\": \"11\"\n    },\n    {\n      \"Test Title\": \"max_sum_increasing_subseq_valid_2\",\n      \"Input Data\": \"a=[10, 20, 30, 40, 50], n=5, index=2, k=4\",\n      \"Expected Output\": \"100\"\n    },\n    {\n      \"Test Title\": \"max_sum_increasing_subseq_invalid_1\",\n      \"Input Data\": \"a=[5, 4, 3, 2, 1], n=5, index=2, k=4\",\n      \"Expected Output\": \"5\"\n    }\n  ]\n}",
        "Question": "def max_sum_increasing_subseq(a, n, index, k):\n'''Write a function to find the maximum sum of increasing subsequence from prefix until ith index and also including a given kth element which is after i, i.e., k > i .\nassert max_sum_increasing_subseq([1, 101, 2, 3, 100, 4, 5 ], 7, 4, 6) == 11'''\n"
    },
    "TestScriptOriginal": "import unittest\n\ndef max_sum_increasing_subseq(a, n, index, k):\n    # Your implementation of the max_sum_increasing_subseq function here\n    pass\n\nclass Test(unittest.TestCase):\n    def test(self):\n        self.assertEqual(max_sum_increasing_subseq([1, 101, 2, 3, 100, 4, 5 ], 7, 4, 6), 11)\n\nif __name__ == '__main__':\n    unittest.main()",
    "TestScriptOriginal_prompt": "{\"Role\": \"You are a quality assurance engineer. Your duty is to write a python test script in unittest framework.\", \"Instruction\": \"1. Write a python test script. 2. Use the input and output given by the question.\", \"Example\": \"import unittest\\n\\nclass Test(unittest.TestCase):\\n    def test(self):\\n        self.assertEqual(function_under_test('a'), 1)\\n\\nif __name__ == '__main__':\\n    unittest.main()\", \"Context\": \"\", \"Question\": \"def max_sum_increasing_subseq(a, n, index, k):\\n'''Write a function to find the maximum sum of increasing subsequence from prefix until ith index and also including a given kth element which is after i, i.e., k > i .\\nassert max_sum_increasing_subseq([1, 101, 2, 3, 100, 4, 5 ], 7, 4, 6) == 11'''\\n\"}",
    "TestScript": "import unittest\n\nclass Test(unittest.TestCase):\n    def test(self):\n        self.assertEqual(max_sum_increasing_subseq([1, 101, 2, 3, 100, 4, 5 ], 7, 4, 6), 11)\n\nif __name__ == '__main__':\n    unittest.main()",
    "ScriptResult0": "F\n======================================================================\nFAIL: test (__main__.Test)\n----------------------------------------------------------------------\nTraceback (most recent call last):\n  File \"/Users/watch/PycharmProjects/XXXX-1-LLM/workspace/2024-03-11_09-31-05-622031/test_script.py\", line 15, in test\n    self.assertEqual(max_sum_increasing_subseq([1, 101, 2, 3, 100, 4, 5 ], 7, 4, 6), 11)\nAssertionError: 105 != 11\n\n----------------------------------------------------------------------\nRan 1 test in 0.000s\n\nFAILED (failures=1)\n",
    "TestReport0": "Test Report\n\nTest Script's Output:\nF\n======================================================================\nFAIL: test (__main__.Test)\n----------------------------------------------------------------------\nTraceback (most recent call last):\n  File \"/Users/watch/PycharmProjects/XXXX-1-LLM/workspace/2024-03-11_09-31-05-622031/test_script.py\", line 15, in test\n    self.assertEqual(max_sum_increasing_subseq([1, 101, 2, 3, 100, 4, 5 ], 7, 4, 6), 11)\nAssertionError: 105 != 11\n\n----------------------------------------------------------------------\nRan 1 test in 0.000s\n\nFAILED (failures=1)\n\nAnalysis:\nThe test script output indicates that the code has failed the test. The example input and expected output are as follows:\nInput: max_sum_increasing_subseq([1, 101, 2, 3, 100, 4, 5 ], 7, 4, 6)\nExpected Output: 11\nActual Output: 105\n\nConclusion:\nCode Test Failed\n\nCode:\ndef max_sum_increasing_subseq(a, n, index, k):\n    max_sum = [0] * n\n    max_sum[index] = a[index]\n    \n    for i in range(index+1, k+1):\n        for j in range(index, i):\n            if a[i] > a[j]:\n                max_sum[i] = max(max_sum[i], max_sum[j] + a[i])\n    \n    return max(max_sum) + a[k] if k > index else max(max_sum)",
    "SprintReview0": "[ScrumMaster]says: Here is our test Report: Test Report\n\nTest Script's Output:\nF\n======================================================================\nFAIL: test (__main__.Test)\n----------------------------------------------------------------------\nTraceback (most recent call last):\n  File \"/Users/watch/PycharmProjects/XXXX-1-LLM/workspace/2024-03-11_09-31-05-622031/test_script.py\", line 15, in test\n    self.assertEqual(max_sum_increasing_subseq([1, 101, 2, 3, 100, 4, 5 ], 7, 4, 6), 11)\nAssertionError: 105 != 11\n\n----------------------------------------------------------------------\nRan 1 test in 0.000s\n\nFAILED (failures=1)\n\nAnalysis:\nThe test script output indicates that the code has failed the test. The example input and expected output are as follows:\nInput: max_sum_increasing_subseq([1, 101, 2, 3, 100, 4, 5 ], 7, 4, 6)\nExpected Output: 11\nActual Output: 105\n\nConclusion:\nCode Test Failed\n\nCode:\ndef max_sum_increasing_subseq(a, n, index, k):\n    max_sum = [0] * n\n    max_sum[index] = a[index]\n    \n    for i in range(index+1, k+1):\n        for j in range(index, i):\n            if a[i] > a[j]:\n                max_sum[i] = max(max_sum[i], max_sum[j] + a[i])\n    \n    return max(max_sum) + a[k] if k > index else max(max_sum), do you have any ideas?\n-----\n\n[ProductOwner]says: As a Product Owner, I think we need to prioritize fixing this failed test in order to ensure the quality of the product.\n-----\n\n[Developer]says: As a Developer, I think we should review the max_sum_increasing_subseq function and check for any logical errors.\n-----\n\n[Tester]says: As a Tester, I suggest reviewing the logic of the max_sum_increasing_subseq function to identify the issue causing the test failure and make necessary corrections.\n-----\n\n[Architect]says: As an Architect, I think we need to review the code and identify the reasons for the test failure before making any changes to the product.\n-----\n\n[Developer]says: As a Developer, I will review the max_sum_increasing_subseq function and check for any logical errors.\n-----\n\n[ProductOwner]says: As a Product Owner, I think we need to prioritize fixing this failed test in order to ensure the quality of the product.\n-----\n\n[Architect]says: As an Architect, I agree that we need to review the code and identify the reasons for the test failure before making any changes to the product.\n-----\n\n[Tester]says: As a Tester, I suggest reviewing the logic of the max_sum_increasing_subseq function to identify the issue causing the test failure and make necessary corrections.\n-----\n",
    "SprintReviewMeetings0": "{\n  \"product-owner\": [\"We need to prioritize fixing this failed test to ensure product quality\"],\n  \"architect\": [\"Review the code and identify reasons for test failure before making changes\"],\n  \"developer\": [\"Review the max_sum_increasing_subseq function for logical errors\"],\n  \"tester\": [\"Review the logic of the max_sum_increasing_subseq function to identify the issue causing the test failure\"]\n}",
    "SprintReviewMeetings0_prompt": "{\"Role\": \"You are a professional scrum master. Your goal is to summary the Discussion History into a suggestions list for the scrum team.\", \"Instruction\": \"1. Read and Understand the Discussion History. 2. Summary the suggestions from four roles: product-owner/architect/developer/tester. 3. Response in JSON format.\", \"Example\": \"{\\\"product-owner\\\":[\\\"suggestion1\\\",\\\"suggestion2\\\"],\\\"architect\\\":[\\\"suggestion1\\\",\\\"suggestion2\\\"], \\\"developer\\\":[\\\"suggestion1\\\",\\\"suggestion2\\\"], \\\"tester\\\":[\\\"suggestion1\\\",\\\"suggestion2\\\"]}\", \"Context\": \"[ScrumMaster]says: Here is our test Report: Test Report\\n\\nTest Script's Output:\\nF\\n======================================================================\\nFAIL: test (__main__.Test)\\n----------------------------------------------------------------------\\nTraceback (most recent call last):\\n  File \\\"/Users/watch/PycharmProjects/XXXX-1-LLM/workspace/2024-03-11_09-31-05-622031/test_script.py\\\", line 15, in test\\n    self.assertEqual(max_sum_increasing_subseq([1, 101, 2, 3, 100, 4, 5 ], 7, 4, 6), 11)\\nAssertionError: 105 != 11\\n\\n----------------------------------------------------------------------\\nRan 1 test in 0.000s\\n\\nFAILED (failures=1)\\n\\nAnalysis:\\nThe test script output indicates that the code has failed the test. The example input and expected output are as follows:\\nInput: max_sum_increasing_subseq([1, 101, 2, 3, 100, 4, 5 ], 7, 4, 6)\\nExpected Output: 11\\nActual Output: 105\\n\\nConclusion:\\nCode Test Failed\\n\\nCode:\\ndef max_sum_increasing_subseq(a, n, index, k):\\n    max_sum = [0] * n\\n    max_sum[index] = a[index]\\n    \\n    for i in range(index+1, k+1):\\n        for j in range(index, i):\\n            if a[i] > a[j]:\\n                max_sum[i] = max(max_sum[i], max_sum[j] + a[i])\\n    \\n    return max(max_sum) + a[k] if k > index else max(max_sum), do you have any ideas?\\n-----\\n\\n[ProductOwner]says: As a Product Owner, I think we need to prioritize fixing this failed test in order to ensure the quality of the product.\\n-----\\n\\n[Developer]says: As a Developer, I think we should review the max_sum_increasing_subseq function and check for any logical errors.\\n-----\\n\\n[Tester]says: As a Tester, I suggest reviewing the logic of the max_sum_increasing_subseq function to identify the issue causing the test failure and make necessary corrections.\\n-----\\n\\n[Architect]says: As an Architect, I think we need to review the code and identify the reasons for the test failure before making any changes to the product.\\n-----\\n\\n[Developer]says: As a Developer, I will review the max_sum_increasing_subseq function and check for any logical errors.\\n-----\\n\\n[ProductOwner]says: As a Product Owner, I think we need to prioritize fixing this failed test in order to ensure the quality of the product.\\n-----\\n\\n[Architect]says: As an Architect, I agree that we need to review the code and identify the reasons for the test failure before making any changes to the product.\\n-----\\n\\n[Tester]says: As a Tester, I suggest reviewing the logic of the max_sum_increasing_subseq function to identify the issue causing the test failure and make necessary corrections.\\n-----\\n\", \"Question\": \"Follow the Instruction section. The Discussion History is in the Context section. You only need to return a list as the Example section.\"}",
    "RepairResponse0": "{\n  \"revised_code\": \"def max_sum_increasing_subseq(a, n, index, k):\\n    max_sum = [0] * n\\n    max_sum[index] = a[index]\\n    \\n    for i in range(index+1, k+1):\\n        for j in range(index, i):\\n            if a[i] > a[j]:\\n                max_sum[i] = max(max_sum[i], max_sum[j] + a[i])\\n    \\n    return max_sum[k] # Changed to return max_sum[k] instead of max(max_sum) + a[k] if k > index else max(max_sum)\"\n}",
    "RepairResponse0_prompt": {
        "Role": "You are a professional software engineer. Your duty is to write code in Python that meets the requirements. Ensure that the code you write is efficient, readable, and follows best practices. Remember, do not need to explain the code you wrote.",
        "Instruction": "1. Rewrite a bug fix version of the original code. 2. Response in JSON format.",
        "Example": "{\"revised_code\":\"...\"}",
        "Context": "# Test Report:\nTest Report\n\nTest Script's Output:\nF\n======================================================================\nFAIL: test (__main__.Test)\n----------------------------------------------------------------------\nTraceback (most recent call last):\n  File \"/Users/watch/PycharmProjects/XXXX-1-LLM/workspace/2024-03-11_09-31-05-622031/test_script.py\", line 15, in test\n    self.assertEqual(max_sum_increasing_subseq([1, 101, 2, 3, 100, 4, 5 ], 7, 4, 6), 11)\nAssertionError: 105 != 11\n\n----------------------------------------------------------------------\nRan 1 test in 0.000s\n\nFAILED (failures=1)\n\nAnalysis:\nThe test script output indicates that the code has failed the test. The example input and expected output are as follows:\nInput: max_sum_increasing_subseq([1, 101, 2, 3, 100, 4, 5 ], 7, 4, 6)\nExpected Output: 11\nActual Output: 105\n\nConclusion:\nCode Test Failed\n\nCode:\ndef max_sum_increasing_subseq(a, n, index, k):\n    max_sum = [0] * n\n    max_sum[index] = a[index]\n    \n    for i in range(index+1, k+1):\n        for j in range(index, i):\n            if a[i] > a[j]:\n                max_sum[i] = max(max_sum[i], max_sum[j] + a[i])\n    \n    return max(max_sum) + a[k] if k > index else max(max_sum)# suggestions:\n{\"product-owner\": [\"We need to prioritize fixing this failed test to ensure product quality\"], \"architect\": [\"Review the code and identify reasons for test failure before making changes\"], \"developer\": [\"Review the max_sum_increasing_subseq function for logical errors\"], \"tester\": [\"Review the logic of the max_sum_increasing_subseq function to identify the issue causing the test failure\"]}",
        "Question": "The original code has some bugs, according to the test report and suggestions, rewrite the code. Complete the following code:\ndef max_sum_increasing_subseq(a, n, index, k):\n'''Write a function to find the maximum sum of increasing subsequence from prefix until ith index and also including a given kth element which is after i, i.e., k > i .\nassert max_sum_increasing_subseq([1, 101, 2, 3, 100, 4, 5 ], 7, 4, 6) == 11'''\n"
    },
    "Code1": "def max_sum_increasing_subseq(a, n, index, k):\n    max_sum = [0] * n\n    max_sum[index] = a[index]\n    \n    for i in range(index+1, k+1):\n        for j in range(index, i):\n            if a[i] > a[j]:\n                max_sum[i] = max(max_sum[i], max_sum[j] + a[i])\n    \n    return max_sum[k] # Changed to return max_sum[k] instead of max(max_sum) + a[k] if k > index else max(max_sum)",
    "ScriptResult1": "F\n======================================================================\nFAIL: test (__main__.Test)\n----------------------------------------------------------------------\nTraceback (most recent call last):\n  File \"/Users/watch/PycharmProjects/XXXX-1-LLM/workspace/2024-03-11_09-31-05-622031/test_script.py\", line 15, in test\n    self.assertEqual(max_sum_increasing_subseq([1, 101, 2, 3, 100, 4, 5 ], 7, 4, 6), 11)\nAssertionError: 5 != 11\n\n----------------------------------------------------------------------\nRan 1 test in 0.000s\n\nFAILED (failures=1)\n",
    "TestReport1": "Test Report:\n\nThe test script's output indicates a failure in the test case. The example input and expected output are as follows:\n\nInput: max_sum_increasing_subseq([1, 101, 2, 3, 100, 4, 5 ], 7, 4, 6)\nExpected Output: 11\nActual Output: 5\n\nConclusion: Code Test Failed",
    "SprintReview1": "[ScrumMaster]says: Here is our test Report: Test Report:\n\nThe test script's output indicates a failure in the test case. The example input and expected output are as follows:\n\nInput: max_sum_increasing_subseq([1, 101, 2, 3, 100, 4, 5 ], 7, 4, 6)\nExpected Output: 11\nActual Output: 5\n\nConclusion: Code Test Failed, do you have any ideas?\n-----\n\n[ProductOwner]says: As a Product Owner, we should prioritize fixing the failed test case and ensure the code meets the expected output.\n-----\n\n[Tester]says: As a Tester, it seems like there might be a bug in the code that needs to be addressed.\n-----\n\n[Developer]says: As a Developer, I suggest reviewing the code for the max_sum_increasing_subseq function to identify and fix the issue causing the test failure.\n-----\n\n[Architect]says: As an architect, it is important to review the code implementation and identify any potential design issues that could be causing the test failures.\n-----\n\n[Tester]says: [Tester] As a Tester, I think we should review the code and run more test cases to identify the bug and fix it.\n-----\n\n[ProductOwner]says: [ProductOwner] To create a product, we should prioritize fixing the failed test case and ensure the code meets the expected output.\n-----\n\n[Developer]says: As a Developer, I suggest reviewing the code for the max_sum_increasing_subseq function to identify and fix the issue causing the test failure.\n-----\n\n[Architect]says: As an architect, I will review the code implementation and identify any potential design issues that could be causing the test failures.\n-----\n",
    "SprintReviewMeetings1": "{\n  \"product-owner\": [\"We should prioritize fixing the failed test case and ensure the code meets the expected output.\", \"To create a product, we should prioritize fixing the failed test case and ensure the code meets the expected output.\"],\n  \"architect\": [\"It is important to review the code implementation and identify any potential design issues that could be causing the test failures.\", \"I will review the code implementation and identify any potential design issues that could be causing the test failures.\"],\n  \"developer\": [\"I suggest reviewing the code for the max_sum_increasing_subseq function to identify and fix the issue causing the test failure.\", \"I suggest reviewing the code for the max_sum_increasing_subseq function to identify and fix the issue causing the test failure.\"],\n  \"tester\": [\"It seems like there might be a bug in the code that needs to be addressed.\", \"We should review the code and run more test cases to identify the bug and fix it.\"]\n}",
    "SprintReviewMeetings1_prompt": "{\"Role\": \"You are a professional scrum master. Your goal is to summary the Discussion History into a suggestions list for the scrum team.\", \"Instruction\": \"1. Read and Understand the Discussion History. 2. Summary the suggestions from four roles: product-owner/architect/developer/tester. 3. Response in JSON format.\", \"Example\": \"{\\\"product-owner\\\":[\\\"suggestion1\\\",\\\"suggestion2\\\"],\\\"architect\\\":[\\\"suggestion1\\\",\\\"suggestion2\\\"], \\\"developer\\\":[\\\"suggestion1\\\",\\\"suggestion2\\\"], \\\"tester\\\":[\\\"suggestion1\\\",\\\"suggestion2\\\"]}\", \"Context\": \"[ScrumMaster]says: Here is our test Report: Test Report:\\n\\nThe test script's output indicates a failure in the test case. The example input and expected output are as follows:\\n\\nInput: max_sum_increasing_subseq([1, 101, 2, 3, 100, 4, 5 ], 7, 4, 6)\\nExpected Output: 11\\nActual Output: 5\\n\\nConclusion: Code Test Failed, do you have any ideas?\\n-----\\n\\n[ProductOwner]says: As a Product Owner, we should prioritize fixing the failed test case and ensure the code meets the expected output.\\n-----\\n\\n[Tester]says: As a Tester, it seems like there might be a bug in the code that needs to be addressed.\\n-----\\n\\n[Developer]says: As a Developer, I suggest reviewing the code for the max_sum_increasing_subseq function to identify and fix the issue causing the test failure.\\n-----\\n\\n[Architect]says: As an architect, it is important to review the code implementation and identify any potential design issues that could be causing the test failures.\\n-----\\n\\n[Tester]says: [Tester] As a Tester, I think we should review the code and run more test cases to identify the bug and fix it.\\n-----\\n\\n[ProductOwner]says: [ProductOwner] To create a product, we should prioritize fixing the failed test case and ensure the code meets the expected output.\\n-----\\n\\n[Developer]says: As a Developer, I suggest reviewing the code for the max_sum_increasing_subseq function to identify and fix the issue causing the test failure.\\n-----\\n\\n[Architect]says: As an architect, I will review the code implementation and identify any potential design issues that could be causing the test failures.\\n-----\\n\", \"Question\": \"Follow the Instruction section. The Discussion History is in the Context section. You only need to return a list as the Example section.\"}",
    "RepairResponse1": "{\n  \"revised_code\": \"def max_sum_increasing_subseq(a, n, index, k):\\n    dp = [0]*n\\n    dp[index] = a[index]\\n    for i in range(index+1,k):\\n        for j in range(index,i):\\n            if a[i]>a[j]:\\n                dp[i]=max(dp[i],dp[j]+a[i])\\n    return max(dp)\"\n}",
    "RepairResponse1_prompt": {
        "Role": "You are a professional software engineer. Your duty is to write code in Python that meets the requirements. Ensure that the code you write is efficient, readable, and follows best practices. Remember, do not need to explain the code you wrote.",
        "Instruction": "1. Rewrite a bug fix version of the original code. 2. Response in JSON format.",
        "Example": "{\"revised_code\":\"...\"}",
        "Context": "# Test Report:\nTest Report:\n\nThe test script's output indicates a failure in the test case. The example input and expected output are as follows:\n\nInput: max_sum_increasing_subseq([1, 101, 2, 3, 100, 4, 5 ], 7, 4, 6)\nExpected Output: 11\nActual Output: 5\n\nConclusion: Code Test Failed# suggestions:\n{\"product-owner\": [\"We should prioritize fixing the failed test case and ensure the code meets the expected output.\", \"To create a product, we should prioritize fixing the failed test case and ensure the code meets the expected output.\"], \"architect\": [\"It is important to review the code implementation and identify any potential design issues that could be causing the test failures.\", \"I will review the code implementation and identify any potential design issues that could be causing the test failures.\"], \"developer\": [\"I suggest reviewing the code for the max_sum_increasing_subseq function to identify and fix the issue causing the test failure.\", \"I suggest reviewing the code for the max_sum_increasing_subseq function to identify and fix the issue causing the test failure.\"], \"tester\": [\"It seems like there might be a bug in the code that needs to be addressed.\", \"We should review the code and run more test cases to identify the bug and fix it.\"]}",
        "Question": "The original code has some bugs, according to the test report and suggestions, rewrite the code. Complete the following code:\ndef max_sum_increasing_subseq(a, n, index, k):\n'''Write a function to find the maximum sum of increasing subsequence from prefix until ith index and also including a given kth element which is after i, i.e., k > i .\nassert max_sum_increasing_subseq([1, 101, 2, 3, 100, 4, 5 ], 7, 4, 6) == 11'''\n"
    },
    "Code2": "def max_sum_increasing_subseq(a, n, index, k):\n    dp = [0]*n\n    dp[index] = a[index]\n    for i in range(index+1,k):\n        for j in range(index,i):\n            if a[i]>a[j]:\n                dp[i]=max(dp[i],dp[j]+a[i])\n    return max(dp)",
    "ScriptResult2": "F\n======================================================================\nFAIL: test (__main__.Test)\n----------------------------------------------------------------------\nTraceback (most recent call last):\n  File \"/Users/watch/PycharmProjects/XXXX-1-LLM/workspace/2024-03-11_09-31-05-622031/test_script.py\", line 13, in test\n    self.assertEqual(max_sum_increasing_subseq([1, 101, 2, 3, 100, 4, 5 ], 7, 4, 6), 11)\nAssertionError: 100 != 11\n\n----------------------------------------------------------------------\nRan 1 test in 0.000s\n\nFAILED (failures=1)\n",
    "TestReport2": "Test Report:\n\nTest script's output:\nF\n======================================================================\nFAIL: test (__main__.Test)\n----------------------------------------------------------------------\nTraceback (most recent call last):\n  File \"/Users/watch/PycharmProjects/XXXX-1-LLM/workspace/2024-03-11_09-31-05-622031/test_script.py\", line 13, in test\n    self.assertEqual(max_sum_increasing_subseq([1, 101, 2, 3, 100, 4, 5 ], 7, 4, 6), 11)\nAssertionError: 100 != 11\n\n----------------------------------------------------------------------\nRan 1 test in 0.000s\n\nFAILED (failures=1)\n\nInput: [1, 101, 2, 3, 100, 4, 5 ]\nExpected Output: 11\n\nConclusion: Code Test Failed\n\nCode Example:\ndef max_sum_increasing_subseq(a, n, index, k):\n    dp = [0]*n\n    dp[index] = a[index]\n    for i in range(index+1,k):\n        for j in range(index,i):\n            if a[i]>a[j]:\n                dp[i]=max(dp[i],dp[j]+a[i])\n    return max(dp)\n\nNote: The test has failed as the expected output (11) does not match the actual output (100). Further investigation and debugging is required to resolve this issue.",
    "SprintReview2": "[ScrumMaster]says: Here is our test Report: Test Report:\n\nTest script's output:\nF\n======================================================================\nFAIL: test (__main__.Test)\n----------------------------------------------------------------------\nTraceback (most recent call last):\n  File \"/Users/watch/PycharmProjects/XXXX-1-LLM/workspace/2024-03-11_09-31-05-622031/test_script.py\", line 13, in test\n    self.assertEqual(max_sum_increasing_subseq([1, 101, 2, 3, 100, 4, 5 ], 7, 4, 6), 11)\nAssertionError: 100 != 11\n\n----------------------------------------------------------------------\nRan 1 test in 0.000s\n\nFAILED (failures=1)\n\nInput: [1, 101, 2, 3, 100, 4, 5 ]\nExpected Output: 11\n\nConclusion: Code Test Failed\n\nCode Example:\ndef max_sum_increasing_subseq(a, n, index, k):\n    dp = [0]*n\n    dp[index] = a[index]\n    for i in range(index+1,k):\n        for j in range(index,i):\n            if a[i]>a[j]:\n                dp[i]=max(dp[i],dp[j]+a[i])\n    return max(dp)\n\nNote: The test has failed as the expected output (11) does not match the actual output (100). Further investigation and debugging is required to resolve this issue., do you have any ideas?\n-----\n\n[Developer]says: As a Developer, I will review the code and run some debugging to identify and fix the issue with the max_sum_increasing_subseq function.\n-----\n\n[Tester]says: As a Tester, I suggest conducting further investigation and debugging to resolve the issue with the test script.\n-----\n\n[Architect]says: As an architect, it is important to review the code and identify any potential issues in the max_sum_increasing_subseq function to resolve the test failure.\n-----\n\n[ProductOwner]says: As a Product Owner, I believe we should prioritize debugging and resolving the issue to ensure the product meets the expected output.\n-----\n\n[Tester]says: As a Tester, I suggest conducting further investigation and debugging to resolve the issue with the test script.\n-----\n\n[ProductOwner]says: As a Product Owner, I believe we should prioritize debugging and resolving the issue to ensure the product meets the expected output.\n-----\n\n[Architect]says: As an architect, I will review the code and identify any potential issues in the max_sum_increasing_subseq function to resolve the test failure.\n-----\n\n[Developer]says: As a Developer, I will review the code and run some debugging to identify and fix the issue with the max_sum_increasing_subseq function.\n-----\n",
    "SprintReviewMeetings2": "{\n  \"product-owner\": [\"I believe we should prioritize debugging and resolving the issue to ensure the product meets the expected output.\"],\n  \"architect\": [\"It is important to review the code and identify any potential issues in the max_sum_increasing_subseq function to resolve the test failure.\"],\n  \"developer\": [\"I will review the code and run some debugging to identify and fix the issue with the max_sum_increasing_subseq function.\"],\n  \"tester\": [\"I suggest conducting further investigation and debugging to resolve the issue with the test script.\"]\n}",
    "SprintReviewMeetings2_prompt": "{\"Role\": \"You are a professional scrum master. Your goal is to summary the Discussion History into a suggestions list for the scrum team.\", \"Instruction\": \"1. Read and Understand the Discussion History. 2. Summary the suggestions from four roles: product-owner/architect/developer/tester. 3. Response in JSON format.\", \"Example\": \"{\\\"product-owner\\\":[\\\"suggestion1\\\",\\\"suggestion2\\\"],\\\"architect\\\":[\\\"suggestion1\\\",\\\"suggestion2\\\"], \\\"developer\\\":[\\\"suggestion1\\\",\\\"suggestion2\\\"], \\\"tester\\\":[\\\"suggestion1\\\",\\\"suggestion2\\\"]}\", \"Context\": \"[ScrumMaster]says: Here is our test Report: Test Report:\\n\\nTest script's output:\\nF\\n======================================================================\\nFAIL: test (__main__.Test)\\n----------------------------------------------------------------------\\nTraceback (most recent call last):\\n  File \\\"/Users/watch/PycharmProjects/XXXX-1-LLM/workspace/2024-03-11_09-31-05-622031/test_script.py\\\", line 13, in test\\n    self.assertEqual(max_sum_increasing_subseq([1, 101, 2, 3, 100, 4, 5 ], 7, 4, 6), 11)\\nAssertionError: 100 != 11\\n\\n----------------------------------------------------------------------\\nRan 1 test in 0.000s\\n\\nFAILED (failures=1)\\n\\nInput: [1, 101, 2, 3, 100, 4, 5 ]\\nExpected Output: 11\\n\\nConclusion: Code Test Failed\\n\\nCode Example:\\ndef max_sum_increasing_subseq(a, n, index, k):\\n    dp = [0]*n\\n    dp[index] = a[index]\\n    for i in range(index+1,k):\\n        for j in range(index,i):\\n            if a[i]>a[j]:\\n                dp[i]=max(dp[i],dp[j]+a[i])\\n    return max(dp)\\n\\nNote: The test has failed as the expected output (11) does not match the actual output (100). Further investigation and debugging is required to resolve this issue., do you have any ideas?\\n-----\\n\\n[Developer]says: As a Developer, I will review the code and run some debugging to identify and fix the issue with the max_sum_increasing_subseq function.\\n-----\\n\\n[Tester]says: As a Tester, I suggest conducting further investigation and debugging to resolve the issue with the test script.\\n-----\\n\\n[Architect]says: As an architect, it is important to review the code and identify any potential issues in the max_sum_increasing_subseq function to resolve the test failure.\\n-----\\n\\n[ProductOwner]says: As a Product Owner, I believe we should prioritize debugging and resolving the issue to ensure the product meets the expected output.\\n-----\\n\\n[Tester]says: As a Tester, I suggest conducting further investigation and debugging to resolve the issue with the test script.\\n-----\\n\\n[ProductOwner]says: As a Product Owner, I believe we should prioritize debugging and resolving the issue to ensure the product meets the expected output.\\n-----\\n\\n[Architect]says: As an architect, I will review the code and identify any potential issues in the max_sum_increasing_subseq function to resolve the test failure.\\n-----\\n\\n[Developer]says: As a Developer, I will review the code and run some debugging to identify and fix the issue with the max_sum_increasing_subseq function.\\n-----\\n\", \"Question\": \"Follow the Instruction section. The Discussion History is in the Context section. You only need to return a list as the Example section.\"}",
    "RepairResponse2": "{\n  \"revised_code\": \"def max_sum_increasing_subseq(a, n, index, k):\\n    dp = [0]*n\\n    dp[index] = a[index]\\n    for i in range(index+1,k):\\n        for j in range(index,i):\\n            if a[i]>a[j]:\\n                dp[i]=max(dp[i],dp[j]+a[i])\\n    return dp[k-1]\"\n}",
    "RepairResponse2_prompt": {
        "Role": "You are a professional software engineer. Your duty is to write code in Python that meets the requirements. Ensure that the code you write is efficient, readable, and follows best practices. Remember, do not need to explain the code you wrote.",
        "Instruction": "1. Rewrite a bug fix version of the original code. 2. Response in JSON format.",
        "Example": "{\"revised_code\":\"...\"}",
        "Context": "# Test Report:\nTest Report:\n\nTest script's output:\nF\n======================================================================\nFAIL: test (__main__.Test)\n----------------------------------------------------------------------\nTraceback (most recent call last):\n  File \"/Users/watch/PycharmProjects/XXXX-1-LLM/workspace/2024-03-11_09-31-05-622031/test_script.py\", line 13, in test\n    self.assertEqual(max_sum_increasing_subseq([1, 101, 2, 3, 100, 4, 5 ], 7, 4, 6), 11)\nAssertionError: 100 != 11\n\n----------------------------------------------------------------------\nRan 1 test in 0.000s\n\nFAILED (failures=1)\n\nInput: [1, 101, 2, 3, 100, 4, 5 ]\nExpected Output: 11\n\nConclusion: Code Test Failed\n\nCode Example:\ndef max_sum_increasing_subseq(a, n, index, k):\n    dp = [0]*n\n    dp[index] = a[index]\n    for i in range(index+1,k):\n        for j in range(index,i):\n            if a[i]>a[j]:\n                dp[i]=max(dp[i],dp[j]+a[i])\n    return max(dp)\n\nNote: The test has failed as the expected output (11) does not match the actual output (100). Further investigation and debugging is required to resolve this issue.# suggestions:\n{\"product-owner\": [\"I believe we should prioritize debugging and resolving the issue to ensure the product meets the expected output.\"], \"architect\": [\"It is important to review the code and identify any potential issues in the max_sum_increasing_subseq function to resolve the test failure.\"], \"developer\": [\"I will review the code and run some debugging to identify and fix the issue with the max_sum_increasing_subseq function.\"], \"tester\": [\"I suggest conducting further investigation and debugging to resolve the issue with the test script.\"]}",
        "Question": "The original code has some bugs, according to the test report and suggestions, rewrite the code. Complete the following code:\ndef max_sum_increasing_subseq(a, n, index, k):\n'''Write a function to find the maximum sum of increasing subsequence from prefix until ith index and also including a given kth element which is after i, i.e., k > i .\nassert max_sum_increasing_subseq([1, 101, 2, 3, 100, 4, 5 ], 7, 4, 6) == 11'''\n"
    },
    "Code3": "def max_sum_increasing_subseq(a, n, index, k):\n    dp = [0]*n\n    dp[index] = a[index]\n    for i in range(index+1,k):\n        for j in range(index,i):\n            if a[i]>a[j]:\n                dp[i]=max(dp[i],dp[j]+a[i])\n    return dp[k-1]",
    "ScriptResult3": "F\n======================================================================\nFAIL: test (__main__.Test)\n----------------------------------------------------------------------\nTraceback (most recent call last):\n  File \"/Users/watch/PycharmProjects/XXXX-1-LLM/workspace/2024-03-11_09-31-05-622031/test_script.py\", line 13, in test\n    self.assertEqual(max_sum_increasing_subseq([1, 101, 2, 3, 100, 4, 5 ], 7, 4, 6), 11)\nAssertionError: 0 != 11\n\n----------------------------------------------------------------------\nRan 1 test in 0.000s\n\nFAILED (failures=1)\n",
    "TestReport3": "Test Report:\n\nThe test script's output indicates a failure during the test execution. The specific failure occurred in the test method \"__main__.Test\". The failure was due to an assertion error where the expected output was 11, but the actual output was 0. \n\nCode Test Result: FAIL\n\nInput Example:\n- Input array: [1, 101, 2, 3, 100, 4, 5]\n- Length of array: 7\n- Index: 4\n- K: 6\n\nExpected Output Example: 11\n\nConclusion: Code Test Failed\n\nCode Inspection:\nThe max_sum_increasing_subseq function appears to have issues with the logic for calculating the maximum sum of increasing subsequence. Further examination of the code and debugging is recommended to address the failure in the test.\n\nAdditional Notes:\n- The test script output highlighted the failure in the assertion of the test case.\n- The code logic for calculating the maximum sum of increasing subsequence needs to be reviewed and potentially revised to address the test failure.\n\nRecommendation:\nReview and revise the max_sum_increasing_subseq function to ensure accurate calculation of the maximum sum of increasing subsequence. Conduct additional testing after making the necessary changes to verify the functionality and correctness of the code.\n\nEnd of Test Report"
}