{
    "start_time": "2024-03-11_18-26-21-803884",
    "task": "def count_occurance(s):\n'''Write a function to count the number of occurence of the string 'std' in a given string.\nassert count_occurance(\"letstdlenstdporstd\") == 3'''\n",
    "datetime": {
        "task": "2024-03-11 18:26:21",
        "task-id": "2024-03-11 18:26:21",
        "workflow": "2024-03-11 18:26:21",
        "UserStoryDraft0": "2024-03-11 18:27:17",
        "AnalyzeMeetings": "2024-03-11 18:27:18",
        "UserStory0": "2024-03-11 18:27:19",
        "DesignDraft0": "2024-03-11 18:27:21",
        "DesignMeetings0": "2024-03-11 18:27:23",
        "Design0": "2024-03-11 18:27:24",
        "CodeDraft0": "2024-03-11 18:27:25",
        "CodeReviewMeetings0": "2024-03-11 18:27:26",
        "Code0CR": "2024-03-11 18:27:27",
        "FinalCode": "2024-03-11 18:28:01",
        "Test Cases Draft": "2024-03-11 18:27:29",
        "Test Cases Meetings": "2024-03-11 18:27:29",
        "Test Cases": "2024-03-11 18:27:32",
        "Code0": "2024-03-11 18:27:35",
        "TestScriptOriginal": "2024-03-11 18:27:36",
        "TestScript": "2024-03-11 18:27:36",
        "ScriptResult0": "2024-03-11 18:27:36",
        "TestReport0": "2024-03-11 18:27:40",
        "SprintReview0": "2024-03-11 18:27:41",
        "SprintReviewMeetings0": "2024-03-11 18:27:43",
        "RepairResponse0": "2024-03-11 18:27:43",
        "Code1": "2024-03-11 18:27:43",
        "ScriptResult1": "2024-03-11 18:27:44",
        "TestReport1": "2024-03-11 18:27:46",
        "SprintReview1": "2024-03-11 18:27:48",
        "SprintReviewMeetings1": "2024-03-11 18:27:52",
        "RepairResponse1": "2024-03-11 18:27:52",
        "Code2": "2024-03-11 18:27:52",
        "ScriptResult2": "2024-03-11 18:27:52",
        "TestReport2": "2024-03-11 18:27:57",
        "SprintReview2": "2024-03-11 18:27:59",
        "SprintReviewMeetings2": "2024-03-11 18:28:01",
        "RepairResponse2": "2024-03-11 18:28:01",
        "Code3": "2024-03-11 18:28:01",
        "ScriptResult3": "2024-03-11 18:28:02",
        "TestReport3": "2024-03-11 18:28:03"
    },
    "task-id": 172,
    "workflow": "agile/agile_version_0.0.5_remove.json",
    "UserStoryDraft0": "{\n  \"UserStory\": {\n    \"As a product owner, I want a function that counts the number of occurrences of the string 'std' in a given string, so that I can efficiently analyze and manipulate the input data in my application.\"\n \t \n \t\n \t\n \t\n \t\n \t\n \t\n \t\n \t\n \t\n \t\n \t\n \t\n \t\n \t\n \t\n \t\n \t\n \t\n \t\n \t\n \t\n \t\n \t\n \t\n \t\n \t\n \t\n \t\n \t\n \t\n \t\n \t\n \t\n \t\n \t\n \t\n \t\n \t\n \t\n \t\n \t\n \t\n \t\n \t\n \t\n \t\n \t\n \t\n \t\n \t\n \t\n \t\n \t\n \t\n \t\n \t\n \t\n \t\n \t\n \t\n \t\n \t\n \t\n \t\n \t\n \t\n \t\n \t\n \t\n \t\n \t\n \t\n \t\n \t\n \t\n \t\n \t\n \t\n \t\n \t\n \t\n \t\n \t\n \t\n \t\n \t\n \t\n \t\n \t\n \t\n \t\n \t\n \t\n \t\n \t\n \t\n \t\n \t\n \t\n \t\n ",
    "UserStoryDraft0_prompt": "{\"Role\": \"You need to act as a professional product owner. Your task is to write a UserStory\", \"Instruction\": \"According to the Context, please analyze the requirement and write your response. Response in JSON format. Your response should be high-level, rather than providing implementation details.\", \"Example\": \"\", \"Context\": [], \"Question\": \"Follow the Instruction. The requirement is as follows:\\ndef count_occurance(s):\\n'''Write a function to count the number of occurence of the string 'std' in a given string.\\nassert count_occurance(\\\"letstdlenstdporstd\\\") == 3'''\\n\"}",
    "AnalyzeMeetings": "{\n  \"Architect\": \"It would be beneficial to provide more details about the expected input and output of the function. Additionally, consider clarifying whether the function should be case-sensitive or case-insensitive when counting occurrences of the 'std' string.\"\n}",
    "UserStory0": "{\n  \"RevisedDocument\": {\n    \"UserStory\": {\n      \"As a product owner, I want a function that counts the number of occurrences of the string 'std' in a given string, so that I can efficiently analyze and manipulate the input data in my application.\"\n   \t\t:\n   \t{\n   \t\t\"ExpectedInput\": \"The given string in which occurrences of 'std' need to be counted\",\n   \t\t\"ExpectedOutput\": \"The count of occurrences of the string 'std' in the given string\",\n   \t\t\"CaseSensitivity\": \"Clarify whether the function should be case-sensitive or case-insensitive when counting occurrences of the 'std' string.\"\n   \t}\n    }\n  }\n}",
    "UserStory0_prompt": {
        "Role": "You need to act as a professional product owner. Your duty is to revise the document based on the suggestions.",
        "Instruction": "1. Read the suggestions. 2. Revise your draft version document. 3. Response in JSON format. 4. REMEMBER: Your analysis should be high-level, rather than providing implementation details.",
        "Example": "",
        "Context": "# Suggestion:\n{\n  \"Architect\": \"It would be beneficial to provide more details about the expected input and output of the function. Additionally, consider clarifying whether the function should be case-sensitive or case-insensitive when counting occurrences of the 'std' string.\"\n}",
        "Question": "Follow the Instruction. Your colleague give you some suggestions(in the Context section) about this draft document:{\n  \"UserStory\": {\n    \"As a product owner, I want a function that counts the number of occurrences of the string 'std' in a given string, so that I can efficiently analyze and manipulate the input data in my application.\"\n \t \n \t\n \t\n \t\n \t\n \t\n \t\n \t\n \t\n \t\n \t\n \t\n \t\n \t\n \t\n \t\n \t\n \t\n \t\n \t\n \t\n \t\n \t\n \t\n \t\n \t\n \t\n \t\n \t\n \t\n \t\n \t\n \t\n \t\n \t\n \t\n \t\n \t\n \t\n \t\n \t\n \t\n \t\n \t\n \t\n \t\n \t\n \t\n \t\n \t\n \t\n \t\n \t\n \t\n \t\n \t\n \t\n \t\n \t\n \t\n \t\n \t\n \t\n \t\n \t\n \t\n \t\n \t\n \t\n \t\n \t\n \t\n \t\n \t\n \t\n \t\n \t\n \t\n \t\n \t\n \t\n \t\n \t\n \t\n \t\n \t\n \t\n \t\n \t\n \t\n \t\n \t\n \t\n \t\n \t\n \t\n \t\n \t\n \t\n \t\n \t\n "
    },
    "DesignDraft0": "Design:\n- Create a function called count_occurrence that takes a string as input.\n- Inside the function, use a loop to iterate through the input string and count the occurrences of the substring 'std'.\n- Return the count of occurrences as the output.\n- Consider the case sensitivity of the function and provide an option to specify whether the function should be case-sensitive or case-insensitive when counting occurrences of the 'std' string.\n- Write a test case to verify the functionality of the function, such as assert count_occurrence(\"letstdlenstdporstd\") == 3.",
    "DesignMeetings0": "{\n  \"Developer\": \"I think the function should have an additional parameter to specify the case sensitivity, such as a boolean parameter 'caseSensitive'. This way, the function can be more flexible and handle different scenarios. Also, it would be good to handle the case where the input string is empty.\",\n  \"Requirement Engineer\": \"I suggest adding a requirement for the function to handle empty input strings and to provide an option for case sensitivity when counting occurrences of the 'std' string. Additionally, it would be beneficial to include a requirement for writing multiple test cases to cover different scenarios, such as case-sensitive and case-insensitive input strings.\"\n}",
    "Design0": "Based on the suggestions, here is the new design for the function:\n\n```python\ndef count_occurrence(input_string, case_sensitive=True):\n    if case_sensitive:\n        return input_string.count('std')\n    else:\n        return input_string.lower().count('std')\n```\n\nThis new design includes an additional parameter to specify the case sensitivity, allowing for more flexibility in handling different scenarios. It also handles the case where the input string is empty. Additionally, I will include multiple test cases to cover different scenarios, such as case-sensitive and case-insensitive input strings to verify the functionality of the function.",
    "CodeDraft0": "def count_occurance(input_string, case_sensitive=True):\n    if case_sensitive:\n        return input_string.count('std')\n    else:\n        return input_string.lower().count('std')\n",
    "CodeDraft0_prompt": {
        "Role": "You are a professional engineer. Your duty is to write code in Python that meets the requirements. Ensure that the code you write is efficient, readable, and follows best practices. Remember, do not need to explain the code you wrote.",
        "Instruction": "According to the Context section, write your code.",
        "Example": "",
        "Context": "# Tasks:\n[]\n# Design:\nBased on the suggestions, here is the new design for the function:\n\n```python\ndef count_occurrence(input_string, case_sensitive=True):\n    if case_sensitive:\n        return input_string.count('std')\n    else:\n        return input_string.lower().count('std')\n```\n\nThis new design includes an additional parameter to specify the case sensitivity, allowing for more flexibility in handling different scenarios. It also handles the case where the input string is empty. Additionally, I will include multiple test cases to cover different scenarios, such as case-sensitive and case-insensitive input strings to verify the functionality of the function.",
        "Question": "Follow the Instruction section. Complete the following code:\ndef count_occurance(s):\n'''Write a function to count the number of occurence of the string 'std' in a given string.\nassert count_occurance(\"letstdlenstdporstd\") == 3'''\n"
    },
    "CodeReviewMeetings0": "{\n  \"Architect\": \"I suggest using a more descriptive function name, like 'count_occurrence_of_string'. Also, it would be beneficial to add comments to explain the purpose of the code and the parameters accepted.\",\n  \"Tester\": \"I suggest writing test cases to cover different scenarios, such as testing with different input strings and case sensitivity options. Additionally, it would be helpful to test for edge cases and unexpected inputs.\"\n}",
    "Code0CR": "```python\ndef count_occurrence(input_string, case_sensitive=True):\n    if case_sensitive:\n        return input_string.count('std')\n    else:\n        return input_string.lower().count('std')\n```",
    "Code0CR_prompt": "{\"Role\": \"You are a professional software engineer. Your duty is to write code in Python that meets the requirements. Ensure that the code you write is efficient, readable, and follows best practices. Remember, do not need to explain the code you wrote.\", \"Instruction\": \"1. Understand the suggestions(in the Context section) about the original code. 2. Rewrite your code.\", \"Example\": \"\", \"Context\": \"# Tasks:\\n[]\\n# Design:\\nBased on the suggestions, here is the new design for the function:\\n\\n```python\\ndef count_occurrence(input_string, case_sensitive=True):\\n    if case_sensitive:\\n        return input_string.count('std')\\n    else:\\n        return input_string.lower().count('std')\\n```\\n\\nThis new design includes an additional parameter to specify the case sensitivity, allowing for more flexibility in handling different scenarios. It also handles the case where the input string is empty. Additionally, I will include multiple test cases to cover different scenarios, such as case-sensitive and case-insensitive input strings to verify the functionality of the function.# Suggestions:\\n{\\n  \\\"Architect\\\": \\\"I suggest using a more descriptive function name, like 'count_occurrence_of_string'. Also, it would be beneficial to add comments to explain the purpose of the code and the parameters accepted.\\\",\\n  \\\"Tester\\\": \\\"I suggest writing test cases to cover different scenarios, such as testing with different input strings and case sensitivity options. Additionally, it would be helpful to test for edge cases and unexpected inputs.\\\"\\n}\", \"Question\": \"Follow the Instruction section. Complete the following code:\\ndef count_occurance(s):\\n'''Write a function to count the number of occurence of the string 'std' in a given string.\\nassert count_occurance(\\\"letstdlenstdporstd\\\") == 3'''\\n\"}",
    "FinalCode": "def count_occurrence(s):\n    '''Write a function to count the number of occurrences of the string 'std' in a given string.'''\n    return s.count('std')\n",
    "Test Cases Draft": "{\n  \"test_cases\": [\n    {\n      \"Test Title\": \"Count occurrences of 'std' in a given string\",\n      \"Input Data\": \"parameter1='letstdlenstdporstd', parameter2=True\",\n      \"Expected Output\": 3\n    },\n    {\n      \"Test Title\": \"Count occurrences of 'std' in a given string (case insensitive)\",\n      \"Input Data\": \"parameter1='letstdlenstdporstd', parameter2=False\",\n      \"Expected Output\": 3\n    },\n    {\n      \"Test Title\": \"Count occurrences of 'std' in an empty string\",\n      \"Input Data\": \"parameter1='', parameter2=True\",\n      \"Expected Output\": 0\n    }\n  ]\n}",
    "Test Cases Draft_prompt": "{\"Role\": \"You are a quality assurance engineer. Your duty is to design test cases for the developers.\", \"Instruction\": \"According to the Context section, write test cases. Don't write long strings in your test cases. Response in JSON format.\", \"Example\": \"{\\\"requirement analysis\\\":\\\"analysis\\\",\\\"test_cases\\\":[{\\\"Test Title\\\":\\\"title\\\", \\\"Input Data\\\":\\\"parameter1=[1,2,3],parameter2='123'\\\", \\\"Expected Output\\\":\\\"456\\\"},]}\", \"Context\": \"# UsrtStory:\\n{\\n  \\\"RevisedDocument\\\": {\\n    \\\"UserStory\\\": {\\n      \\\"As a product owner, I want a function that counts the number of occurrences of the string 'std' in a given string, so that I can efficiently analyze and manipulate the input data in my application.\\\"\\n   \\t\\t:\\n   \\t{\\n   \\t\\t\\\"ExpectedInput\\\": \\\"The given string in which occurrences of 'std' need to be counted\\\",\\n   \\t\\t\\\"ExpectedOutput\\\": \\\"The count of occurrences of the string 'std' in the given string\\\",\\n   \\t\\t\\\"CaseSensitivity\\\": \\\"Clarify whether the function should be case-sensitive or case-insensitive when counting occurrences of the 'std' string.\\\"\\n   \\t}\\n    }\\n  }\\n}\\n# Tasks:\\n[]\\n# Design:\\nBased on the suggestions, here is the new design for the function:\\n\\n```python\\ndef count_occurrence(input_string, case_sensitive=True):\\n    if case_sensitive:\\n        return input_string.count('std')\\n    else:\\n        return input_string.lower().count('std')\\n```\\n\\nThis new design includes an additional parameter to specify the case sensitivity, allowing for more flexibility in handling different scenarios. It also handles the case where the input string is empty. Additionally, I will include multiple test cases to cover different scenarios, such as case-sensitive and case-insensitive input strings to verify the functionality of the function.\", \"Question\": \"def count_occurance(s):\\n'''Write a function to count the number of occurence of the string 'std' in a given string.\\nassert count_occurance(\\\"letstdlenstdporstd\\\") == 3'''\\n\"}",
    "Test Cases Meetings": "{\n  \"Developer\": \"The test cases are missing edge cases such as handling of null input or input with special characters. Also, it would be beneficial to include a test case with a longer string to ensure the function can handle larger inputs efficiently.\"\n}",
    "Test Cases": "{\n  \"test_cases\": [\n    {\n      \"Test Title\": \"Count occurrences of 'std' in a given string with null input\",\n      \"Input Data\": \"parameter1=None, parameter2=True\",\n      \"Expected Output\": 0\n    },\n    {\n      \"Test Title\": \"Count occurrences of 'std' in a given string with special characters\",\n      \"Input Data\": \"parameter1='let@std#len%stdporstd', parameter2=True\",\n      \"Expected Output\": 3\n    },\n    {\n      \"Test Title\": \"Count occurrences of 'std' in a given string with a longer string\",\n      \"Input Data\": \"parameter1='letstdlenstdporstdletstdlenstdporstdletstdlenstdporstdletstdlenstdporstdletstdlenstdporstdletstdlenstdporstdletstdlenstdporstdletstdlenstdporstdletstdlenstdporstdletstdlenstdporstdletstdlenstdporstd', parameter2=True\",\n      \"Expected Output\": 12\n    }\n  ]\n}",
    "Test Cases_prompt": "{\"Role\": \"You are a quality assurance engineer. Your duty is to revise the test cases based on the suggestions.\", \"Instruction\": \"1. Your colleague give you some suggestions(in the Context section) about the draft test cases, read these suggestions. 2. Revise your draft version test cases, but don't use long parameters. 3. Response in JSON format.\", \"Example\": \"{\\\"requirement analysis\\\":\\\"analysis\\\",\\\"test_cases\\\":[{\\\"Test Title\\\":\\\"title\\\", \\\"Input Data\\\":\\\"parameter1=[1,2,3],parameter2='123'\\\", \\\"Expected Output\\\":\\\"456\\\"},]}\", \"Context\": \"# Suggestions:\\n{\\n  \\\"Developer\\\": \\\"The test cases are missing edge cases such as handling of null input or input with special characters. Also, it would be beneficial to include a test case with a longer string to ensure the function can handle larger inputs efficiently.\\\"\\n}\\n # Draft Test cases:\\n{\\n  \\\"test_cases\\\": [\\n    {\\n      \\\"Test Title\\\": \\\"Count occurrences of 'std' in a given string\\\",\\n      \\\"Input Data\\\": \\\"parameter1='letstdlenstdporstd', parameter2=True\\\",\\n      \\\"Expected Output\\\": 3\\n    },\\n    {\\n      \\\"Test Title\\\": \\\"Count occurrences of 'std' in a given string (case insensitive)\\\",\\n      \\\"Input Data\\\": \\\"parameter1='letstdlenstdporstd', parameter2=False\\\",\\n      \\\"Expected Output\\\": 3\\n    },\\n    {\\n      \\\"Test Title\\\": \\\"Count occurrences of 'std' in an empty string\\\",\\n      \\\"Input Data\\\": \\\"parameter1='', parameter2=True\\\",\\n      \\\"Expected Output\\\": 0\\n    }\\n  ]\\n}\", \"Question\": \"Follow the Instruction. Please make sure your response length are less than 512. Your test cases is for the below question:\\ndef count_occurance(s):\\n'''Write a function to count the number of occurence of the string 'std' in a given string.\\nassert count_occurance(\\\"letstdlenstdporstd\\\") == 3'''\\n\"}",
    "Code0": "def count_occurrence(input_string):\n    return input_string.count('std')\n\n# Test Cases:\n{\n  \"test_cases\": [\n    {\n      \"Test Title\": \"Count occurrences of 'std' in a given string with null input\",\n      \"Input Data\": \"parameter1=None\",\n      \"Expected Output\": 0\n    },\n    {\n      \"Test Title\": \"Count occurrences of 'std' in a given string with special characters\",\n      \"Input Data\": \"parameter1='let@std#len%stdporstd'\",\n      \"Expected Output\": 3\n    },\n    {\n      \"Test Title\": \"Count occurrences of 'std' in a given string with a longer string\",\n      \"Input Data\": \"parameter1='letstdlenstdporstdletstdlenstdporstdletstdlenstdporstdletstdlenstdporstdletstdlenstdporstdletstdlenstdporstdletstdlenstdporstdletstdlenstdporstdletstdlenstdporstdletstdlenstdporstdletstdlenstdporstdletstdlenstdporstd'\",\n      \"Expected Output\": 12\n    }\n  ]\n}",
    "Code0_prompt": {
        "Role": "You are a professional software engineer. Your duty is to write code in Python that meets the requirements. Ensure that the code you write is efficient, readable, and follows best practices. Remember, do not need to explain the code you wrote.",
        "Instruction": "1. Understand the test cases(in the Context section) about the original code. 2. Rewrite your code, make sure your code pass all test cases.",
        "Example": "",
        "Context": "# Original Code:\n```python\ndef count_occurrence(input_string, case_sensitive=True):\n    if case_sensitive:\n        return input_string.count('std')\n    else:\n        return input_string.lower().count('std')\n```\n# Test Cases:\n{\n  \"test_cases\": [\n    {\n      \"Test Title\": \"Count occurrences of 'std' in a given string with null input\",\n      \"Input Data\": \"parameter1=None, parameter2=True\",\n      \"Expected Output\": 0\n    },\n    {\n      \"Test Title\": \"Count occurrences of 'std' in a given string with special characters\",\n      \"Input Data\": \"parameter1='let@std#len%stdporstd', parameter2=True\",\n      \"Expected Output\": 3\n    },\n    {\n      \"Test Title\": \"Count occurrences of 'std' in a given string with a longer string\",\n      \"Input Data\": \"parameter1='letstdlenstdporstdletstdlenstdporstdletstdlenstdporstdletstdlenstdporstdletstdlenstdporstdletstdlenstdporstdletstdlenstdporstdletstdlenstdporstdletstdlenstdporstdletstdlenstdporstdletstdlenstdporstd', parameter2=True\",\n      \"Expected Output\": 12\n    }\n  ]\n}",
        "Question": "def count_occurance(s):\n'''Write a function to count the number of occurence of the string 'std' in a given string.\nassert count_occurance(\"letstdlenstdporstd\") == 3'''\n"
    },
    "TestScriptOriginal": "import unittest\n\ndef count_occurance(s):\n    '''Write a function to count the number of occurence of the string 'std' in a given string.'''\n    count = s.count('std')\n    return count\n\nclass Test(unittest.TestCase):\n    def test(self):\n        self.assertEqual(count_occurance(\"letstdlenstdporstd\"), 3)\n\nif __name__ == '__main__':\n    unittest.main()",
    "TestScriptOriginal_prompt": "{\"Role\": \"You are a quality assurance engineer. Your duty is to write a python test script in unittest framework.\", \"Instruction\": \"1. Write a python test script. 2. Use the input and output given by the question.\", \"Example\": \"import unittest\\n\\nclass Test(unittest.TestCase):\\n    def test(self):\\n        self.assertEqual(function_under_test('a'), 1)\\n\\nif __name__ == '__main__':\\n    unittest.main()\", \"Context\": \"\", \"Question\": \"def count_occurance(s):\\n'''Write a function to count the number of occurence of the string 'std' in a given string.\\nassert count_occurance(\\\"letstdlenstdporstd\\\") == 3'''\\n\"}",
    "TestScript": "import unittest\n\nclass Test(unittest.TestCase):\n    def test(self):\n        self.assertEqual(count_occurance(\"letstdlenstdporstd\"), 3)\n\nif __name__ == '__main__':\n    unittest.main()",
    "ScriptResult0": "E\n======================================================================\nERROR: test (__main__.Test)\n----------------------------------------------------------------------\nTraceback (most recent call last):\n  File \"/Users/watch/PycharmProjects/XXXX-1-LLM/workspace/2024-03-11_18-26-21-803884/test_script.py\", line 28, in test\n    self.assertEqual(count_occurance(\"letstdlenstdporstd\"), 3)\nNameError: name 'count_occurance' is not defined\n\n----------------------------------------------------------------------\nRan 1 test in 0.000s\n\nFAILED (errors=1)\n",
    "TestReport0": "Test Report:\n\nTest Script Output:\nE\n======================================================================\nERROR: test (__main__.Test)\n----------------------------------------------------------------------\nTraceback (most recent call last):\n  File \"/Users/watch/PycharmProjects/XXXX-1-LLM/workspace/2024-03-11_18-26-21-803884/test_script.py\", line 28, in test\n    self.assertEqual(count_occurance(\"letstdlenstdporstd\"), 3)\nNameError: name 'count_occurance' is not defined\n\n----------------------------------------------------------------------\nRan 1 test in 0.000s\n\nFAILED (errors=1)\n\nTest Cases:\n1. Test Title: Count occurrences of 'std' in a given string with null input\n   Input Data: parameter1=None\n   Expected Output: 0\n\n2. Test Title: Count occurrences of 'std' in a given string with special characters\n   Input Data: parameter1='let@std#len%stdporstd'\n   Expected Output: 3\n\n3. Test Title: Count occurrences of 'std' in a given string with a longer string\n   Input Data: parameter1='letstdlenstdporstdletstdlenstdporstdletstdlenstdporstdletstdlenstdporstdletstdlenstdporstdletstdlenstdporstdletstdlenstdporstdletstdlenstdporstdletstdlenstdporstdletstdlenstdporstdletstdlenstdporstdletstdlenstdporstd'\n   Expected Output: 12\n\nConclusion: Code Test Failed\n\nExample of Test Failure:\nInput: count_occurrence(\"letstdlenstdporstd\")\nExpected Output: 3\n\nThe code has failed the tests due to a NameError for 'count_occurrence'. The function is not defined, which causes the test to fail.",
    "SprintReview0": "[ScrumMaster]says: Here is our test Report: Test Report:\n\nTest Script Output:\nE\n======================================================================\nERROR: test (__main__.Test)\n----------------------------------------------------------------------\nTraceback (most recent call last):\n  File \"/Users/watch/PycharmProjects/XXXX-1-LLM/workspace/2024-03-11_18-26-21-803884/test_script.py\", line 28, in test\n    self.assertEqual(count_occurance(\"letstdlenstdporstd\"), 3)\nNameError: name 'count_occurance' is not defined\n\n----------------------------------------------------------------------\nRan 1 test in 0.000s\n\nFAILED (errors=1)\n\nTest Cases:\n1. Test Title: Count occurrences of 'std' in a given string with null input\n   Input Data: parameter1=None\n   Expected Output: 0\n\n2. Test Title: Count occurrences of 'std' in a given string with special characters\n   Input Data: parameter1='let@std#len%stdporstd'\n   Expected Output: 3\n\n3. Test Title: Count occurrences of 'std' in a given string with a longer string\n   Input Data: parameter1='letstdlenstdporstdletstdlenstdporstdletstdlenstdporstdletstdlenstdporstdletstdlenstdporstdletstdlenstdporstdletstdlenstdporstdletstdlenstdporstdletstdlenstdporstdletstdlenstdporstdletstdlenstdporstdletstdlenstdporstd'\n   Expected Output: 12\n\nConclusion: Code Test Failed\n\nExample of Test Failure:\nInput: count_occurrence(\"letstdlenstdporstd\")\nExpected Output: 3\n\nThe code has failed the tests due to a NameError for 'count_occurrence'. The function is not defined, which causes the test to fail., do you have any ideas?\n-----\n\n[Tester]says: As a Tester, it is important to ensure that the function count_occurrence is defined and implemented correctly in order to pass the test cases.\n-----\n\n[Developer]says: As a Developer, we need to define the function count_occurrence to address the NameError issue and pass the test cases.\n-----\n\n[Architect]says: As an Architect, I think the first step is to define the requirements for the count_occurrence function and ensure it is properly implemented in the code.\n-----\n\n[ProductOwner]says: As a Product Owner, I think we should prioritize fixing the NameError issue for 'count_occurrence' to ensure the code passes the tests.\n-----\n\n[Tester]says: [Tester] I agree, we need to define and implement the count_occurrence function to pass the test cases.\n-----\n\n[Developer]says: [Developer] To address the NameError issue and pass the test cases, we need to define the function count_occurrence.\n-----\n\n[Architect]says: As an Architect, to create a product, we should define the requirements for the count_occurrence function and ensure it is properly implemented in the code.\n-----\n\n[ProductOwner]says: As a Product Owner, I will prioritize fixing the NameError issue for 'count_occurrence' to ensure the code passes the tests.\n-----\n",
    "SprintReviewMeetings0": "{\n  \"product-owner\": [\"Prioritize fixing the NameError issue for 'count_occurrence' to ensure the code passes the tests.\"],\n  \"architect\": [\"Define the requirements for the count_occurrence function and ensure it is properly implemented in the code.\"],\n  \"developer\": [\"Define the function count_occurrence to address the NameError issue and pass the test cases.\"],\n  \"tester\": [\"Ensure that the function count_occurrence is defined and implemented correctly in order to pass the test cases.\"]\n}",
    "SprintReviewMeetings0_prompt": "{\"Role\": \"You are a professional scrum master. Your goal is to summary the Discussion History into a suggestions list for the scrum team.\", \"Instruction\": \"1. Read and Understand the Discussion History. 2. Summary the suggestions from four roles: product-owner/architect/developer/tester. 3. Response in JSON format.\", \"Example\": \"{\\\"product-owner\\\":[\\\"suggestion1\\\",\\\"suggestion2\\\"],\\\"architect\\\":[\\\"suggestion1\\\",\\\"suggestion2\\\"], \\\"developer\\\":[\\\"suggestion1\\\",\\\"suggestion2\\\"], \\\"tester\\\":[\\\"suggestion1\\\",\\\"suggestion2\\\"]}\", \"Context\": \"[ScrumMaster]says: Here is our test Report: Test Report:\\n\\nTest Script Output:\\nE\\n======================================================================\\nERROR: test (__main__.Test)\\n----------------------------------------------------------------------\\nTraceback (most recent call last):\\n  File \\\"/Users/watch/PycharmProjects/XXXX-1-LLM/workspace/2024-03-11_18-26-21-803884/test_script.py\\\", line 28, in test\\n    self.assertEqual(count_occurance(\\\"letstdlenstdporstd\\\"), 3)\\nNameError: name 'count_occurance' is not defined\\n\\n----------------------------------------------------------------------\\nRan 1 test in 0.000s\\n\\nFAILED (errors=1)\\n\\nTest Cases:\\n1. Test Title: Count occurrences of 'std' in a given string with null input\\n   Input Data: parameter1=None\\n   Expected Output: 0\\n\\n2. Test Title: Count occurrences of 'std' in a given string with special characters\\n   Input Data: parameter1='let@std#len%stdporstd'\\n   Expected Output: 3\\n\\n3. Test Title: Count occurrences of 'std' in a given string with a longer string\\n   Input Data: parameter1='letstdlenstdporstdletstdlenstdporstdletstdlenstdporstdletstdlenstdporstdletstdlenstdporstdletstdlenstdporstdletstdlenstdporstdletstdlenstdporstdletstdlenstdporstdletstdlenstdporstdletstdlenstdporstdletstdlenstdporstd'\\n   Expected Output: 12\\n\\nConclusion: Code Test Failed\\n\\nExample of Test Failure:\\nInput: count_occurrence(\\\"letstdlenstdporstd\\\")\\nExpected Output: 3\\n\\nThe code has failed the tests due to a NameError for 'count_occurrence'. The function is not defined, which causes the test to fail., do you have any ideas?\\n-----\\n\\n[Tester]says: As a Tester, it is important to ensure that the function count_occurrence is defined and implemented correctly in order to pass the test cases.\\n-----\\n\\n[Developer]says: As a Developer, we need to define the function count_occurrence to address the NameError issue and pass the test cases.\\n-----\\n\\n[Architect]says: As an Architect, I think the first step is to define the requirements for the count_occurrence function and ensure it is properly implemented in the code.\\n-----\\n\\n[ProductOwner]says: As a Product Owner, I think we should prioritize fixing the NameError issue for 'count_occurrence' to ensure the code passes the tests.\\n-----\\n\\n[Tester]says: [Tester] I agree, we need to define and implement the count_occurrence function to pass the test cases.\\n-----\\n\\n[Developer]says: [Developer] To address the NameError issue and pass the test cases, we need to define the function count_occurrence.\\n-----\\n\\n[Architect]says: As an Architect, to create a product, we should define the requirements for the count_occurrence function and ensure it is properly implemented in the code.\\n-----\\n\\n[ProductOwner]says: As a Product Owner, I will prioritize fixing the NameError issue for 'count_occurrence' to ensure the code passes the tests.\\n-----\\n\", \"Question\": \"Follow the Instruction section. The Discussion History is in the Context section. You only need to return a list as the Example section.\"}",
    "RepairResponse0": "{\n  \"revised_code\": \"def count_occurrence(s):\\n  return s.count('std')\"\n}",
    "RepairResponse0_prompt": {
        "Role": "You are a professional software engineer. Your duty is to write code in Python that meets the requirements. Ensure that the code you write is efficient, readable, and follows best practices. Remember, do not need to explain the code you wrote.",
        "Instruction": "1. Rewrite a bug fix version of the original code. 2. Response in JSON format.",
        "Example": "{\"revised_code\":\"...\"}",
        "Context": "# Test Report:\nTest Report:\n\nTest Script Output:\nE\n======================================================================\nERROR: test (__main__.Test)\n----------------------------------------------------------------------\nTraceback (most recent call last):\n  File \"/Users/watch/PycharmProjects/XXXX-1-LLM/workspace/2024-03-11_18-26-21-803884/test_script.py\", line 28, in test\n    self.assertEqual(count_occurance(\"letstdlenstdporstd\"), 3)\nNameError: name 'count_occurance' is not defined\n\n----------------------------------------------------------------------\nRan 1 test in 0.000s\n\nFAILED (errors=1)\n\nTest Cases:\n1. Test Title: Count occurrences of 'std' in a given string with null input\n   Input Data: parameter1=None\n   Expected Output: 0\n\n2. Test Title: Count occurrences of 'std' in a given string with special characters\n   Input Data: parameter1='let@std#len%stdporstd'\n   Expected Output: 3\n\n3. Test Title: Count occurrences of 'std' in a given string with a longer string\n   Input Data: parameter1='letstdlenstdporstdletstdlenstdporstdletstdlenstdporstdletstdlenstdporstdletstdlenstdporstdletstdlenstdporstdletstdlenstdporstdletstdlenstdporstdletstdlenstdporstdletstdlenstdporstdletstdlenstdporstdletstdlenstdporstd'\n   Expected Output: 12\n\nConclusion: Code Test Failed\n\nExample of Test Failure:\nInput: count_occurrence(\"letstdlenstdporstd\")\nExpected Output: 3\n\nThe code has failed the tests due to a NameError for 'count_occurrence'. The function is not defined, which causes the test to fail.# suggestions:\n{\"product-owner\": [\"Prioritize fixing the NameError issue for 'count_occurrence' to ensure the code passes the tests.\"], \"architect\": [\"Define the requirements for the count_occurrence function and ensure it is properly implemented in the code.\"], \"developer\": [\"Define the function count_occurrence to address the NameError issue and pass the test cases.\"], \"tester\": [\"Ensure that the function count_occurrence is defined and implemented correctly in order to pass the test cases.\"]}",
        "Question": "The original code has some bugs, according to the test report and suggestions, rewrite the code. Complete the following code:\ndef count_occurance(s):\n'''Write a function to count the number of occurence of the string 'std' in a given string.\nassert count_occurance(\"letstdlenstdporstd\") == 3'''\n"
    },
    "Code1": "def count_occurrence(s):\n  return s.count('std')",
    "ScriptResult1": "E\n======================================================================\nERROR: test (__main__.Test)\n----------------------------------------------------------------------\nTraceback (most recent call last):\n  File \"/Users/watch/PycharmProjects/XXXX-1-LLM/workspace/2024-03-11_18-26-21-803884/test_script.py\", line 7, in test\n    self.assertEqual(count_occurance(\"letstdlenstdporstd\"), 3)\nNameError: name 'count_occurance' is not defined\n\n----------------------------------------------------------------------\nRan 1 test in 0.000s\n\nFAILED (errors=1)\n",
    "TestReport1": "Test Report\n\nTest Script's Output:\n\nE\n======================================================================\nERROR: test (__main__.Test)\n----------------------------------------------------------------------\nTraceback (most recent call last):\n  File \"/Users/watch/PycharmProjects/XXXX-1-LLM/workspace/2024-03-11_18-26-21-803884/test_script.py\", line 7, in test\n    self.assertEqual(count_occurance(\"letstdlenstdporstd\"), 3)\nNameError: name 'count_occurance' is not defined\n\n----------------------------------------------------------------------\nRan 1 test in 0.000s\n\nFAILED (errors=1)\n\nTest Conclusion: Code Test Failed\n\nExample of Input and Expected Output:\nInput: \"letstdlenstdporstd\"\nExpected Output: 3\n\nIn the given test output, it is evident that the code has failed the test due to a NameError for the function name 'count_occurance' which should be 'count_occurrence'. The expected output was not achieved as the function was not defined correctly.\n\nCode Test Failed",
    "SprintReview1": "[ScrumMaster]says: Here is our test Report: Test Report\n\nTest Script's Output:\n\nE\n======================================================================\nERROR: test (__main__.Test)\n----------------------------------------------------------------------\nTraceback (most recent call last):\n  File \"/Users/watch/PycharmProjects/XXXX-1-LLM/workspace/2024-03-11_18-26-21-803884/test_script.py\", line 7, in test\n    self.assertEqual(count_occurance(\"letstdlenstdporstd\"), 3)\nNameError: name 'count_occurance' is not defined\n\n----------------------------------------------------------------------\nRan 1 test in 0.000s\n\nFAILED (errors=1)\n\nTest Conclusion: Code Test Failed\n\nExample of Input and Expected Output:\nInput: \"letstdlenstdporstd\"\nExpected Output: 3\n\nIn the given test output, it is evident that the code has failed the test due to a NameError for the function name 'count_occurance' which should be 'count_occurrence'. The expected output was not achieved as the function was not defined correctly.\n\nCode Test Failed, do you have any ideas?\n-----\n\n[Tester]says: As a Tester, it is important to ensure that the function names are correctly defined and match the expected input and output for the test cases.\n-----\n\n[Architect]says: As an architect, we should review the code and ensure that all functions are defined correctly before running the test.\n-----\n\n[Developer]says: As a Developer, I will review the test report and investigate the NameError for the function name 'count_occurance' and suggest correcting it to 'count_occurrence'.\n-----\n\n[ProductOwner]says: As a Product Owner, I think we should prioritize fixing the function name 'count_occurance' to 'count_occurrence' as the first step to address the test failure.\n-----\n\n[Tester]says: [Tester] To ensure the code passes the test, we need to correct the function name to 'count_occurrence' to match the expected input and output for the test cases.\n-----\n\n[Architect]says: As an architect, we should review the code and ensure that all functions are defined correctly before running the test.\n-----\n\n[Developer]says: [Developer]says: I will review the test report and investigate the NameError for the function name 'count_occurance' and suggest correcting it to 'count_occurrence'.\n-----\n\n[ProductOwner]says: As a Product Owner, I think we should prioritize fixing the function name 'count_occurance' to 'count_occurrence' as the first step to address the test failure.\n-----\n",
    "SprintReviewMeetings1": "{\n  \"product-owner\": [\n    \"I think we should prioritize fixing the function name 'count_occurance' to 'count_occurrence' as the first step to address the test failure.\"\n  ],\n  \"architect\": [\n    \"We should review the code and ensure that all functions are defined correctly before running the test.\"\n  ],\n  \"developer\": [\n   \"I will review the test report and investigate the NameError for the function name 'count_occurance' and suggest correcting it to 'count_occurrence'.\"\n  ],\n  \"tester\": [\n   \"It is important to ensure that the function names are correctly defined and match the expected input and output for the test cases.\",\n   \"To ensure the code passes the test, we need to correct the function name to 'count_occurrence' to match the expected input and output for the test cases.\"\n  ]\n}",
    "SprintReviewMeetings1_prompt": "{\"Role\": \"You are a professional scrum master. Your goal is to summary the Discussion History into a suggestions list for the scrum team.\", \"Instruction\": \"1. Read and Understand the Discussion History. 2. Summary the suggestions from four roles: product-owner/architect/developer/tester. 3. Response in JSON format.\", \"Example\": \"{\\\"product-owner\\\":[\\\"suggestion1\\\",\\\"suggestion2\\\"],\\\"architect\\\":[\\\"suggestion1\\\",\\\"suggestion2\\\"], \\\"developer\\\":[\\\"suggestion1\\\",\\\"suggestion2\\\"], \\\"tester\\\":[\\\"suggestion1\\\",\\\"suggestion2\\\"]}\", \"Context\": \"[ScrumMaster]says: Here is our test Report: Test Report\\n\\nTest Script's Output:\\n\\nE\\n======================================================================\\nERROR: test (__main__.Test)\\n----------------------------------------------------------------------\\nTraceback (most recent call last):\\n  File \\\"/Users/watch/PycharmProjects/XXXX-1-LLM/workspace/2024-03-11_18-26-21-803884/test_script.py\\\", line 7, in test\\n    self.assertEqual(count_occurance(\\\"letstdlenstdporstd\\\"), 3)\\nNameError: name 'count_occurance' is not defined\\n\\n----------------------------------------------------------------------\\nRan 1 test in 0.000s\\n\\nFAILED (errors=1)\\n\\nTest Conclusion: Code Test Failed\\n\\nExample of Input and Expected Output:\\nInput: \\\"letstdlenstdporstd\\\"\\nExpected Output: 3\\n\\nIn the given test output, it is evident that the code has failed the test due to a NameError for the function name 'count_occurance' which should be 'count_occurrence'. The expected output was not achieved as the function was not defined correctly.\\n\\nCode Test Failed, do you have any ideas?\\n-----\\n\\n[Tester]says: As a Tester, it is important to ensure that the function names are correctly defined and match the expected input and output for the test cases.\\n-----\\n\\n[Architect]says: As an architect, we should review the code and ensure that all functions are defined correctly before running the test.\\n-----\\n\\n[Developer]says: As a Developer, I will review the test report and investigate the NameError for the function name 'count_occurance' and suggest correcting it to 'count_occurrence'.\\n-----\\n\\n[ProductOwner]says: As a Product Owner, I think we should prioritize fixing the function name 'count_occurance' to 'count_occurrence' as the first step to address the test failure.\\n-----\\n\\n[Tester]says: [Tester] To ensure the code passes the test, we need to correct the function name to 'count_occurrence' to match the expected input and output for the test cases.\\n-----\\n\\n[Architect]says: As an architect, we should review the code and ensure that all functions are defined correctly before running the test.\\n-----\\n\\n[Developer]says: [Developer]says: I will review the test report and investigate the NameError for the function name 'count_occurance' and suggest correcting it to 'count_occurrence'.\\n-----\\n\\n[ProductOwner]says: As a Product Owner, I think we should prioritize fixing the function name 'count_occurance' to 'count_occurrence' as the first step to address the test failure.\\n-----\\n\", \"Question\": \"Follow the Instruction section. The Discussion History is in the Context section. You only need to return a list as the Example section.\"}",
    "RepairResponse1": "{\n  \"revised_code\": \"def count_occurrence(s):\\n    return s.count('std')\"\n}",
    "RepairResponse1_prompt": {
        "Role": "You are a professional software engineer. Your duty is to write code in Python that meets the requirements. Ensure that the code you write is efficient, readable, and follows best practices. Remember, do not need to explain the code you wrote.",
        "Instruction": "1. Rewrite a bug fix version of the original code. 2. Response in JSON format.",
        "Example": "{\"revised_code\":\"...\"}",
        "Context": "# Test Report:\nTest Report\n\nTest Script's Output:\n\nE\n======================================================================\nERROR: test (__main__.Test)\n----------------------------------------------------------------------\nTraceback (most recent call last):\n  File \"/Users/watch/PycharmProjects/XXXX-1-LLM/workspace/2024-03-11_18-26-21-803884/test_script.py\", line 7, in test\n    self.assertEqual(count_occurance(\"letstdlenstdporstd\"), 3)\nNameError: name 'count_occurance' is not defined\n\n----------------------------------------------------------------------\nRan 1 test in 0.000s\n\nFAILED (errors=1)\n\nTest Conclusion: Code Test Failed\n\nExample of Input and Expected Output:\nInput: \"letstdlenstdporstd\"\nExpected Output: 3\n\nIn the given test output, it is evident that the code has failed the test due to a NameError for the function name 'count_occurance' which should be 'count_occurrence'. The expected output was not achieved as the function was not defined correctly.\n\nCode Test Failed# suggestions:\n{\"product-owner\": [\"I think we should prioritize fixing the function name 'count_occurance' to 'count_occurrence' as the first step to address the test failure.\"], \"architect\": [\"We should review the code and ensure that all functions are defined correctly before running the test.\"], \"developer\": [\"I will review the test report and investigate the NameError for the function name 'count_occurance' and suggest correcting it to 'count_occurrence'.\"], \"tester\": [\"It is important to ensure that the function names are correctly defined and match the expected input and output for the test cases.\", \"To ensure the code passes the test, we need to correct the function name to 'count_occurrence' to match the expected input and output for the test cases.\"]}",
        "Question": "The original code has some bugs, according to the test report and suggestions, rewrite the code. Complete the following code:\ndef count_occurance(s):\n'''Write a function to count the number of occurence of the string 'std' in a given string.\nassert count_occurance(\"letstdlenstdporstd\") == 3'''\n"
    },
    "Code2": "def count_occurrence(s):\n    return s.count('std')",
    "ScriptResult2": "E\n======================================================================\nERROR: test (__main__.Test)\n----------------------------------------------------------------------\nTraceback (most recent call last):\n  File \"/Users/watch/PycharmProjects/XXXX-1-LLM/workspace/2024-03-11_18-26-21-803884/test_script.py\", line 7, in test\n    self.assertEqual(count_occurance(\"letstdlenstdporstd\"), 3)\nNameError: name 'count_occurance' is not defined\n\n----------------------------------------------------------------------\nRan 1 test in 0.000s\n\nFAILED (errors=1)\n",
    "TestReport2": "Test Report:\n\n# test script's output:\nE\n======================================================================\nERROR: test (__main__.Test)\n----------------------------------------------------------------------\nTraceback (most recent call last):\n  File \"/Users/watch/PycharmProjects/XXXX-1-LLM/workspace/2024-03-11_18-26-21-803884/test_script.py\", line 7, in test\n    self.assertEqual(count_occurance(\"letstdlenstdporstd\"), 3)\nNameError: name 'count_occurance' is not defined\n\n----------------------------------------------------------------------\nRan 1 test in 0.000s\n\nFAILED (errors=1)\n\nBased on the test script's output, it is evident that there is an error in the code. The function count_occurrence is misspelled as count_occurance, which results in a NameError. The expected output for the input \"letstdlenstdporstd\" is 3, but the function count_occurrence is not defined correctly, leading to a failure in the test.\n\nConclusion: Code Test Failed.",
    "SprintReview2": "[ScrumMaster]says: Here is our test Report: Test Report:\n\n# test script's output:\nE\n======================================================================\nERROR: test (__main__.Test)\n----------------------------------------------------------------------\nTraceback (most recent call last):\n  File \"/Users/watch/PycharmProjects/XXXX-1-LLM/workspace/2024-03-11_18-26-21-803884/test_script.py\", line 7, in test\n    self.assertEqual(count_occurance(\"letstdlenstdporstd\"), 3)\nNameError: name 'count_occurance' is not defined\n\n----------------------------------------------------------------------\nRan 1 test in 0.000s\n\nFAILED (errors=1)\n\nBased on the test script's output, it is evident that there is an error in the code. The function count_occurrence is misspelled as count_occurance, which results in a NameError. The expected output for the input \"letstdlenstdporstd\" is 3, but the function count_occurrence is not defined correctly, leading to a failure in the test.\n\nConclusion: Code Test Failed., do you have any ideas?\n-----\n\n[Architect]says: As an Architect, I would recommend reviewing the code to ensure that the function count_occurrence is defined correctly and addressing the misspelling issue to fix the NameError.\n-----\n\n[Developer]says: As a Developer, I will review the test script and correct the misspelled function name to resolve the NameError and ensure the test passes successfully.\n-----\n\n[ProductOwner]says: As a Product Owner, I think we should prioritize fixing the misspelled function name and defining count_occurrence correctly to ensure the test passes.\n-----\n\n[Tester]says: As a Tester, I recommend reviewing and correcting the misspelling of the function name \"count_occurance\" to \"count_occurrence\" in the code to resolve the NameError and ensure the test passes successfully.\n-----\n\n[Architect]says: As an Architect, I would recommend reviewing the code to ensure that the function count_occurrence is defined correctly and addressing the misspelling issue to fix the NameError.\n-----\n\n[ProductOwner]says: As a Product Owner, I think we should prioritize fixing the misspelled function name and defining count_occurrence correctly to ensure the test passes.\n-----\n\n[Developer]says: As a Developer, I will review the test script and correct the misspelled function name to resolve the NameError and ensure the test passes successfully.\n-----\n\n[Tester]says: As a Tester, I recommend reviewing and correcting the misspelling of the function name \"count_occurance\" to \"count_occurrence\" in the code to resolve the NameError and ensure the test passes successfully.\n-----\n",
    "SprintReviewMeetings2": "{\n  \"product-owner\": [\"I think we should prioritize fixing the misspelled function name and defining count_occurrence correctly to ensure the test passes.\"],\n  \"architect\": [\"I would recommend reviewing the code to ensure that the function count_occurrence is defined correctly and addressing the misspelling issue to fix the NameError.\"],\n  \"developer\": [\"I will review the test script and correct the misspelled function name to resolve the NameError and ensure the test passes successfully.\"],\n  \"tester\": [\"I recommend reviewing and correcting the misspelling of the function name 'count_occurance' to 'count_occurrence' in the code to resolve the NameError and ensure the test passes successfully.\"]\n}",
    "SprintReviewMeetings2_prompt": "{\"Role\": \"You are a professional scrum master. Your goal is to summary the Discussion History into a suggestions list for the scrum team.\", \"Instruction\": \"1. Read and Understand the Discussion History. 2. Summary the suggestions from four roles: product-owner/architect/developer/tester. 3. Response in JSON format.\", \"Example\": \"{\\\"product-owner\\\":[\\\"suggestion1\\\",\\\"suggestion2\\\"],\\\"architect\\\":[\\\"suggestion1\\\",\\\"suggestion2\\\"], \\\"developer\\\":[\\\"suggestion1\\\",\\\"suggestion2\\\"], \\\"tester\\\":[\\\"suggestion1\\\",\\\"suggestion2\\\"]}\", \"Context\": \"[ScrumMaster]says: Here is our test Report: Test Report:\\n\\n# test script's output:\\nE\\n======================================================================\\nERROR: test (__main__.Test)\\n----------------------------------------------------------------------\\nTraceback (most recent call last):\\n  File \\\"/Users/watch/PycharmProjects/XXXX-1-LLM/workspace/2024-03-11_18-26-21-803884/test_script.py\\\", line 7, in test\\n    self.assertEqual(count_occurance(\\\"letstdlenstdporstd\\\"), 3)\\nNameError: name 'count_occurance' is not defined\\n\\n----------------------------------------------------------------------\\nRan 1 test in 0.000s\\n\\nFAILED (errors=1)\\n\\nBased on the test script's output, it is evident that there is an error in the code. The function count_occurrence is misspelled as count_occurance, which results in a NameError. The expected output for the input \\\"letstdlenstdporstd\\\" is 3, but the function count_occurrence is not defined correctly, leading to a failure in the test.\\n\\nConclusion: Code Test Failed., do you have any ideas?\\n-----\\n\\n[Architect]says: As an Architect, I would recommend reviewing the code to ensure that the function count_occurrence is defined correctly and addressing the misspelling issue to fix the NameError.\\n-----\\n\\n[Developer]says: As a Developer, I will review the test script and correct the misspelled function name to resolve the NameError and ensure the test passes successfully.\\n-----\\n\\n[ProductOwner]says: As a Product Owner, I think we should prioritize fixing the misspelled function name and defining count_occurrence correctly to ensure the test passes.\\n-----\\n\\n[Tester]says: As a Tester, I recommend reviewing and correcting the misspelling of the function name \\\"count_occurance\\\" to \\\"count_occurrence\\\" in the code to resolve the NameError and ensure the test passes successfully.\\n-----\\n\\n[Architect]says: As an Architect, I would recommend reviewing the code to ensure that the function count_occurrence is defined correctly and addressing the misspelling issue to fix the NameError.\\n-----\\n\\n[ProductOwner]says: As a Product Owner, I think we should prioritize fixing the misspelled function name and defining count_occurrence correctly to ensure the test passes.\\n-----\\n\\n[Developer]says: As a Developer, I will review the test script and correct the misspelled function name to resolve the NameError and ensure the test passes successfully.\\n-----\\n\\n[Tester]says: As a Tester, I recommend reviewing and correcting the misspelling of the function name \\\"count_occurance\\\" to \\\"count_occurrence\\\" in the code to resolve the NameError and ensure the test passes successfully.\\n-----\\n\", \"Question\": \"Follow the Instruction section. The Discussion History is in the Context section. You only need to return a list as the Example section.\"}",
    "RepairResponse2": "{\n  \"revised_code\": \"def count_occurrence(s):\\n    '''Write a function to count the number of occurrences of the string 'std' in a given string.'''\\n    return s.count('std')\\n\"\n}",
    "RepairResponse2_prompt": {
        "Role": "You are a professional software engineer. Your duty is to write code in Python that meets the requirements. Ensure that the code you write is efficient, readable, and follows best practices. Remember, do not need to explain the code you wrote.",
        "Instruction": "1. Rewrite a bug fix version of the original code. 2. Response in JSON format.",
        "Example": "{\"revised_code\":\"...\"}",
        "Context": "# Test Report:\nTest Report:\n\n# test script's output:\nE\n======================================================================\nERROR: test (__main__.Test)\n----------------------------------------------------------------------\nTraceback (most recent call last):\n  File \"/Users/watch/PycharmProjects/XXXX-1-LLM/workspace/2024-03-11_18-26-21-803884/test_script.py\", line 7, in test\n    self.assertEqual(count_occurance(\"letstdlenstdporstd\"), 3)\nNameError: name 'count_occurance' is not defined\n\n----------------------------------------------------------------------\nRan 1 test in 0.000s\n\nFAILED (errors=1)\n\nBased on the test script's output, it is evident that there is an error in the code. The function count_occurrence is misspelled as count_occurance, which results in a NameError. The expected output for the input \"letstdlenstdporstd\" is 3, but the function count_occurrence is not defined correctly, leading to a failure in the test.\n\nConclusion: Code Test Failed.# suggestions:\n{\"product-owner\": [\"I think we should prioritize fixing the misspelled function name and defining count_occurrence correctly to ensure the test passes.\"], \"architect\": [\"I would recommend reviewing the code to ensure that the function count_occurrence is defined correctly and addressing the misspelling issue to fix the NameError.\"], \"developer\": [\"I will review the test script and correct the misspelled function name to resolve the NameError and ensure the test passes successfully.\"], \"tester\": [\"I recommend reviewing and correcting the misspelling of the function name 'count_occurance' to 'count_occurrence' in the code to resolve the NameError and ensure the test passes successfully.\"]}",
        "Question": "The original code has some bugs, according to the test report and suggestions, rewrite the code. Complete the following code:\ndef count_occurance(s):\n'''Write a function to count the number of occurence of the string 'std' in a given string.\nassert count_occurance(\"letstdlenstdporstd\") == 3'''\n"
    },
    "Code3": "def count_occurrence(s):\n    '''Write a function to count the number of occurrences of the string 'std' in a given string.'''\n    return s.count('std')\n",
    "ScriptResult3": "E\n======================================================================\nERROR: test (__main__.Test)\n----------------------------------------------------------------------\nTraceback (most recent call last):\n  File \"/Users/watch/PycharmProjects/XXXX-1-LLM/workspace/2024-03-11_18-26-21-803884/test_script.py\", line 9, in test\n    self.assertEqual(count_occurance(\"letstdlenstdporstd\"), 3)\nNameError: name 'count_occurance' is not defined\n\n----------------------------------------------------------------------\nRan 1 test in 0.000s\n\nFAILED (errors=1)\n",
    "TestReport3": "Test Report:\n\nContext:\nThe test script's output shows an error when running the test for the count_occurrence function.\n\nAnalysis:\nThe error is caused by a NameError where 'count_occurrence' is not defined.\n\nConclusion:\nCode Test Failed\n\nInput and Expected Output Example:\nExample Input: \"letstdlenstdporstd\"\nExpected Output: 3"
}