{
    "start_time": "2024-03-10_21-15-31-225790",
    "task": "def is_num_decagonal(n): \n'''Write a function to find the nth decagonal number.\nassert is_num_decagonal(3) == 27'''\n",
    "datetime": {
        "task": "2024-03-10 21:15:31",
        "task-id": "2024-03-10 21:15:31",
        "workflow": "2024-03-10 21:15:31",
        "DesignDraft": "2024-03-10 21:15:32",
        "DesignMeetings": "2024-03-10 21:15:33",
        "Design": "2024-03-10 21:15:35",
        "Test Cases Draft": "2024-03-10 21:15:36",
        "Test Cases Meetings": "2024-03-10 21:15:38",
        "Test Cases": "2024-03-10 21:15:40",
        "Code0draft": "2024-03-10 21:15:40",
        "Code Review Meetings": "2024-03-10 21:15:42",
        "Code0": "2024-03-10 21:15:42",
        "TestScriptOriginal": "2024-03-10 21:15:43",
        "TestScript": "2024-03-10 21:15:43",
        "ScriptResult0": "2024-03-10 21:15:43",
        "TestReport0": "2024-03-10 21:15:45",
        "RepairResponse1": "2024-03-10 21:15:46",
        "Code1": "2024-03-10 21:15:46",
        "ScriptResult1": "2024-03-10 21:15:46",
        "TestReport1": "2024-03-10 21:15:48",
        "RepairResponse2": "2024-03-10 21:15:49",
        "Code2": "2024-03-10 21:15:49",
        "ScriptResult2": "2024-03-10 21:15:49",
        "TestReport2": "2024-03-10 21:15:50",
        "FinalCode": "2024-03-10 21:15:50"
    },
    "task-id": 279,
    "workflow": "testdriven/testdriven_version_0.0.5_remove.json",
    "DesignDraft": "Design:\n- Create a function named is_num_decagonal(n) that takes an integer n as input.\n- Inside the function, calculate the nth decagonal number using the formula: (7 * n^2) - (5 * n)\n- Return the calculated value as the output of the function.\n\nGuidance for Developer:\n- Use the provided formula to calculate the nth decagonal number.\n- Ensure that the input n is an integer.\n- Write tests to verify the correctness of the function, such as the given example assertion is_num_decagonal(3) == 27.",
    "DesignMeetings": "{\n  \"Developer\": \"Ensure that the input n is validated to be an integer before using it in the calculation. This can be done by using the isinstance() function in Python to check if n is of type int. Additionally, consider adding error handling to the function in case the input is not an integer.\",\n  \"Tester\": \"Create test cases to cover different scenarios, such as testing the function with both positive and negative integer inputs, zero, and non-integer inputs. Also, verify that the function returns the expected result for the given example assertion is_num_decagonal(3) == 27.\"\n}",
    "Design": "Based on the suggestions provided, I have made the following changes to the draft version design:\n\nDesign:\n- Create a function named is_num_decagonal(n) that takes an integer n as input.\n- Inside the function, calculate the nth decagonal number using the formula: (7 * n^2) - (5 * n)\n- Return the calculated value as the output of the function.\n\nGuidance for Developer:\n- Use the provided formula to calculate the nth decagonal number.\n- Ensure that the input n is validated to be an integer before using it in the calculation. This can be done by using the isinstance() function in Python to check if n is of type int. Additionally, consider adding error handling to the function in case the input is not an integer.\n\nGuidance for Tester:\n- Create test cases to cover different scenarios, such as testing the function with both positive and negative integer inputs, zero, and non-integer inputs. Also, verify that the function returns the expected result for the given example assertion is_num_decagonal(3) == 27.",
    "Test Cases Draft": "{\n  \"requirement analysis\": \"The requirement is to write a function to find the nth decagonal number.\",\n  \"test_cases\": [\n    {\n      \"Test Title\": \"Test for n=3\",\n      \"Input Data\": \"n=3\",\n      \"Expected Output\": \"27\"\n    },\n    {\n      \"Test Title\": \"Test for n=5\",\n      \"Input Data\": \"n=5\",\n      \"Expected Output\": \"75\"\n    }\n  ]\n}",
    "Test Cases Draft_prompt": "{\"Role\": \"You are a quality assurance engineer. Your duty is to design test cases for the developers.\", \"Instruction\": \"According to the Context section, write test cases. Don't write long strings in your test cases. Response in JSON format.\", \"Example\": \"{\\\"requirement analysis\\\":\\\"analysis\\\",\\\"test_cases\\\":[{\\\"Test Title\\\":\\\"title\\\", \\\"Input Data\\\":\\\"parameter1=[1,2,3],parameter2='123'\\\", \\\"Expected Output\\\":\\\"456\\\"},]}\", \"Context\": \"\", \"Question\": \"def is_num_decagonal(n): \\n'''Write a function to find the nth decagonal number.\\nassert is_num_decagonal(3) == 27'''\\n\"}",
    "Test Cases Meetings": "{\n  \"Architect\": \"I suggest adding test cases for boundary values such as n=0 and n=1 to ensure the function can handle edge cases. Additionally, we should consider adding negative test cases to check the function's behavior with invalid inputs.\",\n  \"Developer\": \"I recommend revising the test cases to include more comprehensive input data, such as n=0 and n=1, and their corresponding expected outputs. This will help in validating the function's behavior with edge cases.\"\n}",
    "Test Cases Meetings_prompt": "{\"Role\": \"I want you to act as a different roles and then give some suggestions about how to revise the test cases.\", \"Instruction\": \"1. Read the Context section. 2. Act as an Architect, give your suggestions. 3. Act as a Developer, give your suggestions. 4. Response in JSON format.\", \"Example\": \"{\\\"Architect\\\":\\\"Suggestion\\\",\\\"Developer\\\":\\\"Suggestion\\\"}\", \"Context\": \"{\\n  \\\"requirement analysis\\\": \\\"The requirement is to write a function to find the nth decagonal number.\\\",\\n  \\\"test_cases\\\": [\\n    {\\n      \\\"Test Title\\\": \\\"Test for n=3\\\",\\n      \\\"Input Data\\\": \\\"n=3\\\",\\n      \\\"Expected Output\\\": \\\"27\\\"\\n    },\\n    {\\n      \\\"Test Title\\\": \\\"Test for n=5\\\",\\n      \\\"Input Data\\\": \\\"n=5\\\",\\n      \\\"Expected Output\\\": \\\"75\\\"\\n    }\\n  ]\\n}\", \"Question\": \"Follow the Instruction. The Context section include the test cases.\"}",
    "Test Cases": "{\n  \"requirement analysis\": \"The requirement is to write a function to find the nth decagonal number.\",\n  \"test_cases\": [\n    {\n      \"Test Title\": \"Test for n=3\",\n      \"Input Data\": \"n=3\",\n      \"Expected Output\": \"27\"\n    },\n    {\n      \"Test Title\": \"Test for n=5\",\n      \"Input Data\": \"n=5\",\n      \"Expected Output\": \"75\"\n    },\n    {\n      \"Test Title\": \"Test for n=0\",\n      \"Input Data\": \"n=0\",\n      \"Expected Output\": \"0\"\n    },\n    {\n      \"Test Title\": \"Test for n=1\",\n      \"Input Data\": \"n=1\",\n      \"Expected Output\": \"1\"\n    },\n    {\n      \"Test Title\": \"Test for negative input\",\n      \"Input Data\": \"n=-1\",\n      \"Expected Output\": \"Invalid input\"\n    }\n  ]\n}",
    "Test Cases_prompt": "{\"Role\": \"You are a quality assurance engineer. Your duty is to revise the test cases based on the suggestions.\", \"Instruction\": \"1. Your colleague give you some suggestions(in the Context section) about the draft test cases, read these suggestions. 2. Revise your draft version test cases, but don't use long parameters. 3. Response in JSON format.\", \"Example\": \"{\\\"requirement analysis\\\":\\\"analysis\\\",\\\"test_cases\\\":[{\\\"Test Title\\\":\\\"title\\\", \\\"Input Data\\\":\\\"parameter1=[1,2,3],parameter2='123'\\\", \\\"Expected Output\\\":\\\"456\\\"},]}\", \"Context\": \"# Suggestions:\\n{\\n  \\\"Architect\\\": \\\"I suggest adding test cases for boundary values such as n=0 and n=1 to ensure the function can handle edge cases. Additionally, we should consider adding negative test cases to check the function's behavior with invalid inputs.\\\",\\n  \\\"Developer\\\": \\\"I recommend revising the test cases to include more comprehensive input data, such as n=0 and n=1, and their corresponding expected outputs. This will help in validating the function's behavior with edge cases.\\\"\\n}\\n # Draft Test cases:\\n{\\n  \\\"requirement analysis\\\": \\\"The requirement is to write a function to find the nth decagonal number.\\\",\\n  \\\"test_cases\\\": [\\n    {\\n      \\\"Test Title\\\": \\\"Test for n=3\\\",\\n      \\\"Input Data\\\": \\\"n=3\\\",\\n      \\\"Expected Output\\\": \\\"27\\\"\\n    },\\n    {\\n      \\\"Test Title\\\": \\\"Test for n=5\\\",\\n      \\\"Input Data\\\": \\\"n=5\\\",\\n      \\\"Expected Output\\\": \\\"75\\\"\\n    }\\n  ]\\n}\", \"Question\": \"Follow the Instruction. Please make sure your response length are less than 512. Your test cases is for the below question:\\ndef is_num_decagonal(n): \\n'''Write a function to find the nth decagonal number.\\nassert is_num_decagonal(3) == 27'''\\n\"}",
    "Code0draft": "def is_num_decagonal(n):\n    if not isinstance(n, int):\n        return \"Invalid input\"\n    return (7 * n**2) - (5 * n)",
    "Code0draft_prompt": "{\"Role\": \"You are a professional engineer. Your duty is to write code in Python that meets the requirements. Ensure that the code you write is efficient, readable, and follows best practices. Remember, do not need to explain the code you wrote.\", \"Instruction\": \"According to the Context section, write your code.\", \"Example\": \"\", \"Context\": \"# Test Cases:\\n{\\n  \\\"requirement analysis\\\": \\\"The requirement is to write a function to find the nth decagonal number.\\\",\\n  \\\"test_cases\\\": [\\n    {\\n      \\\"Test Title\\\": \\\"Test for n=3\\\",\\n      \\\"Input Data\\\": \\\"n=3\\\",\\n      \\\"Expected Output\\\": \\\"27\\\"\\n    },\\n    {\\n      \\\"Test Title\\\": \\\"Test for n=5\\\",\\n      \\\"Input Data\\\": \\\"n=5\\\",\\n      \\\"Expected Output\\\": \\\"75\\\"\\n    },\\n    {\\n      \\\"Test Title\\\": \\\"Test for n=0\\\",\\n      \\\"Input Data\\\": \\\"n=0\\\",\\n      \\\"Expected Output\\\": \\\"0\\\"\\n    },\\n    {\\n      \\\"Test Title\\\": \\\"Test for n=1\\\",\\n      \\\"Input Data\\\": \\\"n=1\\\",\\n      \\\"Expected Output\\\": \\\"1\\\"\\n    },\\n    {\\n      \\\"Test Title\\\": \\\"Test for negative input\\\",\\n      \\\"Input Data\\\": \\\"n=-1\\\",\\n      \\\"Expected Output\\\": \\\"Invalid input\\\"\\n    }\\n  ]\\n}\\n# Design:\\nBased on the suggestions provided, I have made the following changes to the draft version design:\\n\\nDesign:\\n- Create a function named is_num_decagonal(n) that takes an integer n as input.\\n- Inside the function, calculate the nth decagonal number using the formula: (7 * n^2) - (5 * n)\\n- Return the calculated value as the output of the function.\\n\\nGuidance for Developer:\\n- Use the provided formula to calculate the nth decagonal number.\\n- Ensure that the input n is validated to be an integer before using it in the calculation. This can be done by using the isinstance() function in Python to check if n is of type int. Additionally, consider adding error handling to the function in case the input is not an integer.\\n\\nGuidance for Tester:\\n- Create test cases to cover different scenarios, such as testing the function with both positive and negative integer inputs, zero, and non-integer inputs. Also, verify that the function returns the expected result for the given example assertion is_num_decagonal(3) == 27.\", \"Question\": \"Follow the Instruction section. Complete the following code:\\ndef is_num_decagonal(n): \\n'''Write a function to find the nth decagonal number.\\nassert is_num_decagonal(3) == 27'''\\n\"}",
    "Code Review Meetings": "{\n  \"Architect\": \"The code is missing error handling for negative numbers which should be addressed. Additionally, the function name 'is_num_decagonal' is misleading as it is actually calculating a formula, so it should be renamed for clarity.\",\n  \"Tester\": \"The code should be tested with negative numbers, floating point numbers, and non-integer inputs to ensure that the error handling is working correctly. Also, the formula should be validated with known decagonal numbers to verify its accuracy.\"\n}",
    "Code0": "def calculate_decagonal_number(n):\n    if not isinstance(n, int):\n        return \"Invalid input\"\n    return (7 * n**2) - (5 * n)",
    "Code0_prompt": "{\"Role\": \"You are a professional software engineer. Your duty is to write code in Python that meets the requirements. Ensure that the code you write is efficient, readable, and follows best practices. Remember, do not need to explain the code you wrote.\", \"Instruction\": \"1. Understand the suggestions(in the Context section) about the original code. 2. Rewrite your code.\", \"Example\": \"\", \"Context\": \"# Suggestions:\\n{\\n  \\\"Architect\\\": \\\"The code is missing error handling for negative numbers which should be addressed. Additionally, the function name 'is_num_decagonal' is misleading as it is actually calculating a formula, so it should be renamed for clarity.\\\",\\n  \\\"Tester\\\": \\\"The code should be tested with negative numbers, floating point numbers, and non-integer inputs to ensure that the error handling is working correctly. Also, the formula should be validated with known decagonal numbers to verify its accuracy.\\\"\\n}\\n# Original code:\\ndef is_num_decagonal(n):\\n    if not isinstance(n, int):\\n        return \\\"Invalid input\\\"\\n    return (7 * n**2) - (5 * n)\", \"Question\": \"Follow the Instruction section. Complete the following code:\\ndef is_num_decagonal(n): \\n'''Write a function to find the nth decagonal number.\\nassert is_num_decagonal(3) == 27'''\\n\"}",
    "TestScriptOriginal": "import unittest\n\ndef is_num_decagonal(n):\n    return n * (7 * n - 5)\n\nclass Test(unittest.TestCase):\n    def test(self):\n        self.assertEqual(is_num_decagonal(3), 27)\n\nif __name__ == '__main__':\n    unittest.main()",
    "TestScriptOriginal_prompt": "{\"Role\": \"You are a quality assurance engineer. Your duty is to write a python test script in unittest framework.\", \"Instruction\": \"1. Write a python test script. 2. Use the input and output given by the question.\", \"Example\": \"import unittest\\n\\nclass Test(unittest.TestCase):\\n    def test(self):\\n        self.assertEqual(function_under_test('a'), 1)\\n\\nif __name__ == '__main__':\\n    unittest.main()\", \"Context\": \"\", \"Question\": \"def is_num_decagonal(n): \\n'''Write a function to find the nth decagonal number.\\nassert is_num_decagonal(3) == 27'''\\n\"}",
    "TestScript": "import unittest\n\nclass Test(unittest.TestCase):\n    def test(self):\n        self.assertEqual(is_num_decagonal(3), 27)\n\nif __name__ == '__main__':\n    unittest.main()",
    "TestScript_prompt": "{\"Role\": \"You are a quality assurance engineer. Your duty is to write a python test script in unittest framework.\", \"Instruction\": \"1. Write a python test script. 2. Use the input and output given by the question.\", \"Example\": \"import unittest\\n\\nclass Test(unittest.TestCase):\\n    def test(self):\\n        self.assertEqual(function_under_test('a'), 1)\\n\\nif __name__ == '__main__':\\n    unittest.main()\", \"Context\": \"\", \"Question\": \"def is_num_decagonal(n): \\n'''Write a function to find the nth decagonal number.\\nassert is_num_decagonal(3) == 27'''\\n\"}",
    "ScriptResult0": "E\n======================================================================\nERROR: test (__main__.Test)\n----------------------------------------------------------------------\nTraceback (most recent call last):\n  File \"/Users/watch/PycharmProjects/XXXX-1-LLM/workspace/2024-03-10_21-15-31-225790/test_script.py\", line 9, in test\n    self.assertEqual(is_num_decagonal(3), 27)\nNameError: name 'is_num_decagonal' is not defined\n\n----------------------------------------------------------------------\nRan 1 test in 0.000s\n\nFAILED (errors=1)\n",
    "TestReport0": "Test Report:\n\nTest Script Output:\nE\n======================================================================\nERROR: test (__main__.Test)\n----------------------------------------------------------------------\nTraceback (most recent call last):\n  File \"/Users/watch/PycharmProjects/XXXX-1-LLM/workspace/2024-03-10_21-15-31-225790/test_script.py\", line 9, in test\n    self.assertEqual(is_num_decagonal(3), 27)\nNameError: name 'is_num_decagonal' is not defined\n\n----------------------------------------------------------------------\nRan 1 test in 0.000s\n\nFAILED (errors=1)\n\nConclusion: Code Test Failed\n\nInput and Expected Output Example:\nInput: is_num_decagonal(3)\nExpected Output: 27\n\nThe test script failed due to a NameError as 'is_num_decagonal' is not defined. As a result, the test script did not pass.\n\nEnd of Test Report.",
    "RepairResponse1": "{\n  \"revised_code\": \"def is_num_decagonal(n):\\n    if not isinstance(n, int):\\n        return \\\"Invalid input\\\"\\n    return (7 * n**2) - (5 * n)\"\n}",
    "RepairResponse1_prompt": "{\"Role\": \"You are a professional software engineer. Your duty is to write code in Python that meets the requirements. Ensure that the code you write is efficient, readable, and follows best practices. Remember, do not need to explain the code you wrote.\", \"Instruction\": \"1. Rewrite a bug fix version of the original code. 2. Response in JSON format.\", \"Example\": \"{\\\"revised_code\\\":\\\"...\\\"}\", \"Context\": \"# the original code:\\ndef calculate_decagonal_number(n):\\n    if not isinstance(n, int):\\n        return \\\"Invalid input\\\"\\n    return (7 * n**2) - (5 * n)\\n# test report:\\nTest Report:\\n\\nTest Script Output:\\nE\\n======================================================================\\nERROR: test (__main__.Test)\\n----------------------------------------------------------------------\\nTraceback (most recent call last):\\n  File \\\"/Users/watch/PycharmProjects/XXXX-1-LLM/workspace/2024-03-10_21-15-31-225790/test_script.py\\\", line 9, in test\\n    self.assertEqual(is_num_decagonal(3), 27)\\nNameError: name 'is_num_decagonal' is not defined\\n\\n----------------------------------------------------------------------\\nRan 1 test in 0.000s\\n\\nFAILED (errors=1)\\n\\nConclusion: Code Test Failed\\n\\nInput and Expected Output Example:\\nInput: is_num_decagonal(3)\\nExpected Output: 27\\n\\nThe test script failed due to a NameError as 'is_num_decagonal' is not defined. As a result, the test script did not pass.\\n\\nEnd of Test Report.\", \"Question\": \"The original code has some bugs, according to the test report and suggestions, rewrite the code. Complete the following code:\\ndef is_num_decagonal(n): \\n'''Write a function to find the nth decagonal number.\\nassert is_num_decagonal(3) == 27'''\\n\"}",
    "Code1": "def is_num_decagonal(n):\n    if not isinstance(n, int):\n        return \"Invalid input\"\n    return (7 * n**2) - (5 * n)",
    "ScriptResult1": "F\n======================================================================\nFAIL: test (__main__.Test)\n----------------------------------------------------------------------\nTraceback (most recent call last):\n  File \"/Users/watch/PycharmProjects/XXXX-1-LLM/workspace/2024-03-10_21-15-31-225790/test_script.py\", line 9, in test\n    self.assertEqual(is_num_decagonal(3), 27)\nAssertionError: 48 != 27\n\n----------------------------------------------------------------------\nRan 1 test in 0.000s\n\nFAILED (failures=1)\n",
    "TestReport1": "Test Report\n\nTest Script Output:\n======================================================================\nFAIL: test (__main__.Test)\n----------------------------------------------------------------------\nTraceback (most recent call last):\n  File \"/Users/watch/PycharmProjects/XXXX-1-LLM/workspace/2024-03-10_21-15-31-225790/test_script.py\", line 9, in test\n    self.assertEqual(is_num_decagonal(3), 27)\nAssertionError: 48 != 27\n\n----------------------------------------------------------------------\nRan 1 test in 0.000s\n\nFAILED (failures=1)\n\nTest Report:\nThe test script has failed. The input example is is_num_decagonal(3) and the expected output is 27. However, the actual output is 48. \n\nConclusion:\nCode Test Failed.",
    "RepairResponse2": "{\n  \"revised_code\": \"def is_num_decagonal(n):\\n    if not isinstance(n, int) or n <= 0:\\n        return \\\"Invalid input\\\"\\n    return (7 * n**2) - (5 * n)\"\n}",
    "RepairResponse2_prompt": "{\"Role\": \"You are a professional software engineer. Your duty is to write code in Python that meets the requirements. Ensure that the code you write is efficient, readable, and follows best practices. Remember, do not need to explain the code you wrote.\", \"Instruction\": \"1. Rewrite a bug fix version of the original code. 2. Response in JSON format.\", \"Example\": \"{\\\"revised_code\\\":\\\"...\\\"}\", \"Context\": \"# the original code:\\ndef is_num_decagonal(n):\\n    if not isinstance(n, int):\\n        return \\\"Invalid input\\\"\\n    return (7 * n**2) - (5 * n)\\n# test report:\\nTest Report\\n\\nTest Script Output:\\n======================================================================\\nFAIL: test (__main__.Test)\\n----------------------------------------------------------------------\\nTraceback (most recent call last):\\n  File \\\"/Users/watch/PycharmProjects/XXXX-1-LLM/workspace/2024-03-10_21-15-31-225790/test_script.py\\\", line 9, in test\\n    self.assertEqual(is_num_decagonal(3), 27)\\nAssertionError: 48 != 27\\n\\n----------------------------------------------------------------------\\nRan 1 test in 0.000s\\n\\nFAILED (failures=1)\\n\\nTest Report:\\nThe test script has failed. The input example is is_num_decagonal(3) and the expected output is 27. However, the actual output is 48. \\n\\nConclusion:\\nCode Test Failed.\", \"Question\": \"The original code has some bugs, according to the test report and suggestions, rewrite the code. Complete the following code:\\ndef is_num_decagonal(n): \\n'''Write a function to find the nth decagonal number.\\nassert is_num_decagonal(3) == 27'''\\n\"}",
    "Code2": "def is_num_decagonal(n):\n    if not isinstance(n, int) or n <= 0:\n        return \"Invalid input\"\n    return (7 * n**2) - (5 * n)",
    "ScriptResult2": "F\n======================================================================\nFAIL: test (__main__.Test)\n----------------------------------------------------------------------\nTraceback (most recent call last):\n  File \"/Users/watch/PycharmProjects/XXXX-1-LLM/workspace/2024-03-10_21-15-31-225790/test_script.py\", line 9, in test\n    self.assertEqual(is_num_decagonal(3), 27)\nAssertionError: 48 != 27\n\n----------------------------------------------------------------------\nRan 1 test in 0.000s\n\nFAILED (failures=1)\n",
    "TestReport2": "Test Report\n\nTest Script Output:\n======================================================================\nFAIL: test (__main__.Test)\n----------------------------------------------------------------------\nTraceback (most recent call last):\n  File \"/Users/watch/PycharmProjects/XXXX-1-LLM/workspace/2024-03-10_21-15-31-225790/test_script.py\", line 9, in test\n    self.assertEqual(is_num_decagonal(3), 27)\nAssertionError: 48 != 27\n\n----------------------------------------------------------------------\nRan 1 test in 0.000s\n\nFAILED (failures=1)\n\nTest Report:\nThe test script has failed with the following output. The expected output for the input of 3 was 27, but the actual output was 48. This indicates that the code has failed to pass the test.\n\nConclusion:\nCode Test Failed. \n\nNote: Please review the input and expected output example to identify and resolve the issue.",
    "FinalCode": "def is_num_decagonal(n):\n    if not isinstance(n, int) or n <= 0:\n        return \"Invalid input\"\n    return (7 * n**2) - (5 * n)"
}