{
    "start_time": "2024-03-10_22-29-15-702120",
    "task": "def get_Char(strr):  \n'''Write a python function to find the character made by adding the ASCII value of all the characters of the given string modulo 26.\nassert get_Char(\"abc\") == \"f\"'''\n",
    "datetime": {
        "task": "2024-03-10 22:29:15",
        "task-id": "2024-03-10 22:29:15",
        "workflow": "2024-03-10 22:29:15",
        "AnalyzeDraft": "2024-03-10 22:29:17",
        "AnalyzeMeetings": "2024-03-10 22:29:18",
        "Analyze": "2024-03-10 22:29:22",
        "DesignDraft": "2024-03-10 22:29:23",
        "DesignMeetings": "2024-03-10 22:29:25",
        "Design": "2024-03-10 22:29:26",
        "Test Cases Draft": "2024-03-10 22:29:29",
        "Test Cases Meetings": "2024-03-10 22:29:30",
        "Test Cases": "2024-03-10 22:29:33",
        "Code0draft": "2024-03-10 22:29:34",
        "Code0": "2024-03-10 22:29:34",
        "TestScriptOriginal": "2024-03-10 22:29:35",
        "TestScript": "2024-03-10 22:29:35",
        "ScriptResult0": "2024-03-10 22:29:35",
        "TestReport0": "2024-03-10 22:29:37",
        "RepairResponse1": "2024-03-10 22:29:38",
        "Code1": "2024-03-10 22:29:38",
        "ScriptResult1": "2024-03-10 22:29:38",
        "TestReport1": "2024-03-10 22:29:40",
        "RepairResponse2": "2024-03-10 22:29:41",
        "Code2": "2024-03-10 22:29:41",
        "ScriptResult2": "2024-03-10 22:29:41",
        "TestReport2": "2024-03-10 22:29:43",
        "FinalCode": "2024-03-10 22:29:43"
    },
    "task-id": 83,
    "workflow": "testdriven/testdriven_version_0.0.5_remove.json",
    "AnalyzeDraft": "{\n  \"Requirement\": \"The requirement is to create a Python function called get_Char which takes a string as input and calculates the character made by adding the ASCII value of all the characters of the given string and then taking the modulo 26 of the result. The function should return the resulting character. Also, there is an assertion to test the function with input \\\"abc\\\" which should return \\\"f\\\".\",\n  \"Priority\": \"High\",\n  \"UserStory\": \"As a user, I want to be able to input a string and get the resulting character after performing the specified calculation, so that I can use this function in my Python programs for further processing.\",\n  \"AcceptanceCriteria\": \"The function should take a string as input, calculate the character as per the specified method, and return the resulting character. The function should pass the given assertion test for input \\\"abc\\\" which should return \\\"f\\\".\"\n}",
    "AnalyzeMeetings": "{\n  \"Architect\": \"I suggest creating a detailed design document outlining the steps involved in the calculation process, including the conversion of characters to ASCII values, addition, and modulo 26 operation. This will help in maintaining clarity and consistency in the code implementation.\",\n  \"Tester\": \"I recommend writing test cases to cover various scenarios such as empty input, special characters, and input with different lengths. Additionally, it would be beneficial to include negative test cases to ensure that the function handles unexpected inputs appropriately.\"\n}",
    "Analyze": "{\n  \"RevisedDocument\": {\n    \"Requirement\": \"The requirement is to create a Python function called get_Char which takes a string as input and calculates the character made by adding the ASCII value of all the characters of the given string and then taking the modulo 26 of the result. The function should return the resulting character. Also, there is an assertion to test the function with input 'abc' which should return 'f'.\",\n    \"Priority\": \"High\",\n    \"UserStory\": \"As a user, I want to be able to input a string and get the resulting character after performing the specified calculation, so that I can use this function in my Python programs for further processing.\",\n    \"AcceptanceCriteria\": \"The function should take a string as input, calculate the character as per the specified method, and return the resulting character. The function should pass the given assertion test for input 'abc' which should return 'f'.\",\n    \"ArchitectRevision\": \"I have created a detailed design document outlining the steps involved in the calculation process, including the conversion of characters to ASCII values, addition, and modulo 26 operation. This will help in maintaining clarity and consistency in the code implementation.\",\n    \"TesterRevision\": \"I have written test cases to cover various scenarios such as empty input, special characters, and input with different lengths. Additionally, I have included negative test cases to ensure that the function handles unexpected inputs appropriately.\"\n  }\n}",
    "DesignDraft": "Design:\n\n```python\ndef get_Char(strr):\n    '''\n    This Python function takes a string as input and calculates the character made by adding the ASCII value of all the characters of the given string and then taking the modulo 26 of the result. The function returns the resulting character.\n\n    Parameters:\n    strr (str): The input string for which the character needs to be calculated.\n\n    Returns:\n    char (str): The resulting character after performing the specified calculation.\n\n    Example:\n    assert get_Char(\"abc\") == \"f\"\n    '''\n    # Implementation details go here\n```\n\nThis design provides a high-level overview of the Python function to be created. It clearly outlines the purpose of the function, its input parameters, return value, and includes an example assertion to test the function. The design is focused on guiding the developer in writing the code and does not provide specific implementation details.",
    "DesignMeetings": "{\n  \"Developer\": \"The design is clear and provides a good overview of the function to be created. However, it would be helpful to include more specific implementation details and potential edge cases that the developer should consider while writing the code. Additionally, providing more examples of input and expected output would help in understanding the function's behavior.\",\n  \"Tester\": \"The design is clear and provides a good understanding of the function's purpose and expected behavior. However, it would be beneficial to include specific test cases for both normal and edge cases to ensure comprehensive testing of the function. Additionally, providing more information on the expected behavior in case of invalid input would be helpful in testing the function thoroughly.\"\n}",
    "Design": "Based on the suggestions provided by the developer and tester, the new design will include more specific implementation details, potential edge cases, and additional examples of input and expected output to aid in understanding the function's behavior. It will also include specific test cases for both normal and edge cases to ensure comprehensive testing of the function, as well as information on the expected behavior in case of invalid input to thoroughly test the function. The new design will focus on providing a clear understanding of the function's purpose and expected behavior, while also guiding the developer in writing the code by providing more detailed information and examples.",
    "Test Cases Draft": "{\n  \"test_cases\": [\n    {\n      \"Test Title\": \"Empty Input\",\n      \"Input Data\": \"parameter1='', parameter2=''\",\n      \"Expected Output\": \"Error Message\"\n    },\n    {\n      \"Test Title\": \"Input with Special Characters\",\n      \"Input Data\": \"parameter1='!@#', parameter2='123'\",\n      \"Expected Output\": \"Error Message\"\n    },\n    {\n      \"Test Title\": \"Input with Different Lengths\",\n      \"Input Data\": \"parameter1='abcd', parameter2='123'\",\n      \"Expected Output\": \"Character\"\n    },\n    {\n      \"Test Title\": \"Negative Test Case\",\n      \"Input Data\": \"parameter1='123', parameter2='abc'\",\n      \"Expected Output\": \"Error Message\"\n    }\n  ]\n}",
    "Test Cases Draft_prompt": "{\"Role\": \"You are a quality assurance engineer. Your duty is to design test cases for the developers.\", \"Instruction\": \"According to the Context section, write test cases. Don't write long strings in your test cases. Response in JSON format.\", \"Example\": \"{\\\"requirement analysis\\\":\\\"analysis\\\",\\\"test_cases\\\":[{\\\"Test Title\\\":\\\"title\\\", \\\"Input Data\\\":\\\"parameter1=[1,2,3],parameter2='123'\\\", \\\"Expected Output\\\":\\\"456\\\"},]}\", \"Context\": \"# Requirement Analysis:\\n{\\n  \\\"RevisedDocument\\\": {\\n    \\\"Requirement\\\": \\\"The requirement is to create a Python function called get_Char which takes a string as input and calculates the character made by adding the ASCII value of all the characters of the given string and then taking the modulo 26 of the result. The function should return the resulting character. Also, there is an assertion to test the function with input 'abc' which should return 'f'.\\\",\\n    \\\"Priority\\\": \\\"High\\\",\\n    \\\"UserStory\\\": \\\"As a user, I want to be able to input a string and get the resulting character after performing the specified calculation, so that I can use this function in my Python programs for further processing.\\\",\\n    \\\"AcceptanceCriteria\\\": \\\"The function should take a string as input, calculate the character as per the specified method, and return the resulting character. The function should pass the given assertion test for input 'abc' which should return 'f'.\\\",\\n    \\\"ArchitectRevision\\\": \\\"I have created a detailed design document outlining the steps involved in the calculation process, including the conversion of characters to ASCII values, addition, and modulo 26 operation. This will help in maintaining clarity and consistency in the code implementation.\\\",\\n    \\\"TesterRevision\\\": \\\"I have written test cases to cover various scenarios such as empty input, special characters, and input with different lengths. Additionally, I have included negative test cases to ensure that the function handles unexpected inputs appropriately.\\\"\\n  }\\n}\", \"Question\": \"def get_Char(strr):  \\n'''Write a python function to find the character made by adding the ASCII value of all the characters of the given string modulo 26.\\nassert get_Char(\\\"abc\\\") == \\\"f\\\"'''\\n\"}",
    "Test Cases Meetings": "{\n  \"Architect\": \"As an Architect, I would suggest to add test cases for boundary values and edge cases to ensure comprehensive test coverage. Also, consider adding test cases for performance and scalability of the system.\"\n\n  ,\n  \"Developer\": \"As a Developer, I would suggest to review the test cases and ensure that they cover all possible scenarios and edge cases. Also, consider adding test cases for negative testing and error handling to make sure the system behaves as expected in exceptional situations.\"\n}",
    "Test Cases Meetings_prompt": "{\"Role\": \"I want you to act as a different roles and then give some suggestions about how to revise the test cases.\", \"Instruction\": \"1. Read the Context section. 2. Act as an Architect, give your suggestions. 3. Act as a Developer, give your suggestions. 4. Response in JSON format.\", \"Example\": \"{\\\"Architect\\\":\\\"Suggestion\\\",\\\"Developer\\\":\\\"Suggestion\\\"}\", \"Context\": \"{\\n  \\\"test_cases\\\": [\\n    {\\n      \\\"Test Title\\\": \\\"Empty Input\\\",\\n      \\\"Input Data\\\": \\\"parameter1='', parameter2=''\\\",\\n      \\\"Expected Output\\\": \\\"Error Message\\\"\\n    },\\n    {\\n      \\\"Test Title\\\": \\\"Input with Special Characters\\\",\\n      \\\"Input Data\\\": \\\"parameter1='!@#', parameter2='123'\\\",\\n      \\\"Expected Output\\\": \\\"Error Message\\\"\\n    },\\n    {\\n      \\\"Test Title\\\": \\\"Input with Different Lengths\\\",\\n      \\\"Input Data\\\": \\\"parameter1='abcd', parameter2='123'\\\",\\n      \\\"Expected Output\\\": \\\"Character\\\"\\n    },\\n    {\\n      \\\"Test Title\\\": \\\"Negative Test Case\\\",\\n      \\\"Input Data\\\": \\\"parameter1='123', parameter2='abc'\\\",\\n      \\\"Expected Output\\\": \\\"Error Message\\\"\\n    }\\n  ]\\n}\", \"Question\": \"Follow the Instruction. The Context section include the test cases.\"}",
    "Test Cases": "{\n  \"test_cases\": [\n    {\n      \"Test Title\": \"Empty Input\",\n      \"Input Data\": \"parameter1='', parameter2=''\",\n      \"Expected Output\": \"Error Message\"\n    },\n    {\n      \"Test Title\": \"Input with Special Characters\",\n      \"Input Data\": \"parameter1='!@#', parameter2='123'\",\n      \"Expected Output\": \"Error Message\"\n    },\n    {\n      \"Test Title\": \"Input with Different Lengths\",\n      \"Input Data\": \"parameter1='abcd', parameter2='123'\",\n      \"Expected Output\": \"Character\"\n    },\n    {\n      \"Test Title\": \"Negative Test Case\",\n      \"Input Data\": \"parameter1='123', parameter2='abc'\",\n      \"Expected Output\": \"Error Message\"\n    },\n    {\n      \"Test Title\": \"Boundary Values and Edge Cases\",\n      \"Input Data\": \"parameter1='a', parameter2='z'\",\n      \"Expected Output\": \"Character\"\n    },\n    {\n      \"Test Title\": \"Performance and Scalability\",\n      \"Input Data\": \"parameter1='a'*1000, parameter2='z'*1000\",\n      \"Expected Output\": \"Character\"\n    },\n    {\n      \"Test Title\": \"Negative Testing and Error Handling\",\n      \"Input Data\": \"parameter1='123', parameter2='123'\",\n      \"Expected Output\": \"Error Message\"\n    }\n  ]\n}",
    "Test Cases_prompt": "{\"Role\": \"You are a quality assurance engineer. Your duty is to revise the test cases based on the suggestions.\", \"Instruction\": \"1. Your colleague give you some suggestions(in the Context section) about the draft test cases, read these suggestions. 2. Revise your draft version test cases, but don't use long parameters. 3. Response in JSON format.\", \"Example\": \"{\\\"requirement analysis\\\":\\\"analysis\\\",\\\"test_cases\\\":[{\\\"Test Title\\\":\\\"title\\\", \\\"Input Data\\\":\\\"parameter1=[1,2,3],parameter2='123'\\\", \\\"Expected Output\\\":\\\"456\\\"},]}\", \"Context\": \"# Suggestions:\\n{\\n  \\\"Architect\\\": \\\"As an Architect, I would suggest to add test cases for boundary values and edge cases to ensure comprehensive test coverage. Also, consider adding test cases for performance and scalability of the system.\\\"\\n\\n  ,\\n  \\\"Developer\\\": \\\"As a Developer, I would suggest to review the test cases and ensure that they cover all possible scenarios and edge cases. Also, consider adding test cases for negative testing and error handling to make sure the system behaves as expected in exceptional situations.\\\"\\n}\\n # Draft Test cases:\\n{\\n  \\\"test_cases\\\": [\\n    {\\n      \\\"Test Title\\\": \\\"Empty Input\\\",\\n      \\\"Input Data\\\": \\\"parameter1='', parameter2=''\\\",\\n      \\\"Expected Output\\\": \\\"Error Message\\\"\\n    },\\n    {\\n      \\\"Test Title\\\": \\\"Input with Special Characters\\\",\\n      \\\"Input Data\\\": \\\"parameter1='!@#', parameter2='123'\\\",\\n      \\\"Expected Output\\\": \\\"Error Message\\\"\\n    },\\n    {\\n      \\\"Test Title\\\": \\\"Input with Different Lengths\\\",\\n      \\\"Input Data\\\": \\\"parameter1='abcd', parameter2='123'\\\",\\n      \\\"Expected Output\\\": \\\"Character\\\"\\n    },\\n    {\\n      \\\"Test Title\\\": \\\"Negative Test Case\\\",\\n      \\\"Input Data\\\": \\\"parameter1='123', parameter2='abc'\\\",\\n      \\\"Expected Output\\\": \\\"Error Message\\\"\\n    }\\n  ]\\n}\", \"Question\": \"Follow the Instruction. Please make sure your response length are less than 512. Your test cases is for the below question:\\ndef get_Char(strr):  \\n'''Write a python function to find the character made by adding the ASCII value of all the characters of the given string modulo 26.\\nassert get_Char(\\\"abc\\\") == \\\"f\\\"'''\\n\"}",
    "Code0draft": "def get_Char(strr):  \n    total_ascii = 0\n    for char in strr:\n        total_ascii += ord(char)\n    result = chr((total_ascii % 26) + 97)\n    return result",
    "Code0draft_prompt": "{\"Role\": \"You are a professional engineer. Your duty is to write code in Python that meets the requirements. Ensure that the code you write is efficient, readable, and follows best practices. Remember, do not need to explain the code you wrote.\", \"Instruction\": \"According to the Context section, write your code.\", \"Example\": \"\", \"Context\": \"# Test Cases:\\n{\\n  \\\"test_cases\\\": [\\n    {\\n      \\\"Test Title\\\": \\\"Empty Input\\\",\\n      \\\"Input Data\\\": \\\"parameter1='', parameter2=''\\\",\\n      \\\"Expected Output\\\": \\\"Error Message\\\"\\n    },\\n    {\\n      \\\"Test Title\\\": \\\"Input with Special Characters\\\",\\n      \\\"Input Data\\\": \\\"parameter1='!@#', parameter2='123'\\\",\\n      \\\"Expected Output\\\": \\\"Error Message\\\"\\n    },\\n    {\\n      \\\"Test Title\\\": \\\"Input with Different Lengths\\\",\\n      \\\"Input Data\\\": \\\"parameter1='abcd', parameter2='123'\\\",\\n      \\\"Expected Output\\\": \\\"Character\\\"\\n    },\\n    {\\n      \\\"Test Title\\\": \\\"Negative Test Case\\\",\\n      \\\"Input Data\\\": \\\"parameter1='123', parameter2='abc'\\\",\\n      \\\"Expected Output\\\": \\\"Error Message\\\"\\n    },\\n    {\\n      \\\"Test Title\\\": \\\"Boundary Values and Edge Cases\\\",\\n      \\\"Input Data\\\": \\\"parameter1='a', parameter2='z'\\\",\\n      \\\"Expected Output\\\": \\\"Character\\\"\\n    },\\n    {\\n      \\\"Test Title\\\": \\\"Performance and Scalability\\\",\\n      \\\"Input Data\\\": \\\"parameter1='a'*1000, parameter2='z'*1000\\\",\\n      \\\"Expected Output\\\": \\\"Character\\\"\\n    },\\n    {\\n      \\\"Test Title\\\": \\\"Negative Testing and Error Handling\\\",\\n      \\\"Input Data\\\": \\\"parameter1='123', parameter2='123'\\\",\\n      \\\"Expected Output\\\": \\\"Error Message\\\"\\n    }\\n  ]\\n}\\n# Design:\\nBased on the suggestions provided by the developer and tester, the new design will include more specific implementation details, potential edge cases, and additional examples of input and expected output to aid in understanding the function's behavior. It will also include specific test cases for both normal and edge cases to ensure comprehensive testing of the function, as well as information on the expected behavior in case of invalid input to thoroughly test the function. The new design will focus on providing a clear understanding of the function's purpose and expected behavior, while also guiding the developer in writing the code by providing more detailed information and examples.\", \"Question\": \"Follow the Instruction section. Complete the following code:\\ndef get_Char(strr):  \\n'''Write a python function to find the character made by adding the ASCII value of all the characters of the given string modulo 26.\\nassert get_Char(\\\"abc\\\") == \\\"f\\\"'''\\n\"}",
    "Code0": "def get_Char(strr):  \n    total_ascii = 0\n    for char in strr:\n        total_ascii += ord(char)\n    result = chr((total_ascii % 26) + 97)\n    return result",
    "TestScriptOriginal": "import unittest\n\ndef get_Char(strr):\n    total_ascii = sum(ord(char) for char in strr)\n    return chr((total_ascii % 26) + 97)\n\nclass Test(unittest.TestCase):\n    def test(self):\n        self.assertEqual(get_Char('abc'), 'f')\n\nif __name__ == '__main__':\n    unittest.main()",
    "TestScriptOriginal_prompt": "{\"Role\": \"You are a quality assurance engineer. Your duty is to write a python test script in unittest framework.\", \"Instruction\": \"1. Write a python test script. 2. Use the input and output given by the question.\", \"Example\": \"import unittest\\n\\nclass Test(unittest.TestCase):\\n    def test(self):\\n        self.assertEqual(function_under_test('a'), 1)\\n\\nif __name__ == '__main__':\\n    unittest.main()\", \"Context\": \"\", \"Question\": \"def get_Char(strr):  \\n'''Write a python function to find the character made by adding the ASCII value of all the characters of the given string modulo 26.\\nassert get_Char(\\\"abc\\\") == \\\"f\\\"'''\\n\"}",
    "TestScript": "import unittest\n\nclass Test(unittest.TestCase):\n    def test(self):\n        self.assertEqual(get_Char('abc'), 'f')\n\nif __name__ == '__main__':\n    unittest.main()",
    "TestScript_prompt": "{\"Role\": \"You are a quality assurance engineer. Your duty is to write a python test script in unittest framework.\", \"Instruction\": \"1. Write a python test script. 2. Use the input and output given by the question.\", \"Example\": \"import unittest\\n\\nclass Test(unittest.TestCase):\\n    def test(self):\\n        self.assertEqual(function_under_test('a'), 1)\\n\\nif __name__ == '__main__':\\n    unittest.main()\", \"Context\": \"\", \"Question\": \"def get_Char(strr):  \\n'''Write a python function to find the character made by adding the ASCII value of all the characters of the given string modulo 26.\\nassert get_Char(\\\"abc\\\") == \\\"f\\\"'''\\n\"}",
    "ScriptResult0": "F\n======================================================================\nFAIL: test (__main__.Test)\n----------------------------------------------------------------------\nTraceback (most recent call last):\n  File \"/Users/watch/PycharmProjects/XXXX-1-LLM/workspace/2024-03-10_22-29-15-702120/test_script.py\", line 11, in test\n    self.assertEqual(get_Char('abc'), 'f')\nAssertionError: 'i' != 'f'\n- i\n+ f\n\n\n----------------------------------------------------------------------\nRan 1 test in 0.000s\n\nFAILED (failures=1)\n",
    "TestReport0": "Test Report\n\nTest script output:\n======================================================================\nFAIL: test (__main__.Test)\n----------------------------------------------------------------------\nTraceback (most recent call last):\n  File \"/Users/watch/PycharmProjects/XXXX-1-LLM/workspace/2024-03-10_22-29-15-702120/test_script.py\", line 11, in test\n    self.assertEqual(get_Char('abc'), 'f')\nAssertionError: 'i' != 'f'\n- i\n+ f\n\nRan 1 test in 0.000s\n\nFAILED (failures=1)\n\nConclusion: Code Test Failed\n\nInput and expected output example:\nInput: 'abc'\nExpected output: 'f'\n\nRecommendation: The code needs to be reviewed and fixed to match the expected output.\n\nEnd of Test Report",
    "RepairResponse1": "{\n  \"revised_code\": \"def get_char(strr):\\n    total_ascii = 0\\n    for char in strr:\\n        total_ascii += ord(char)\\n    result = chr(((total_ascii - len(strr)*97) % 26) + 97)\\n    return result\"\n}",
    "RepairResponse1_prompt": "{\"Role\": \"You are a professional software engineer. Your duty is to write code in Python that meets the requirements. Ensure that the code you write is efficient, readable, and follows best practices. Remember, do not need to explain the code you wrote.\", \"Instruction\": \"1. Rewrite a bug fix version of the original code. 2. Response in JSON format.\", \"Example\": \"{\\\"revised_code\\\":\\\"...\\\"}\", \"Context\": \"# the original code:\\ndef get_Char(strr):  \\n    total_ascii = 0\\n    for char in strr:\\n        total_ascii += ord(char)\\n    result = chr((total_ascii % 26) + 97)\\n    return result\\n# test report:\\nTest Report\\n\\nTest script output:\\n======================================================================\\nFAIL: test (__main__.Test)\\n----------------------------------------------------------------------\\nTraceback (most recent call last):\\n  File \\\"/Users/watch/PycharmProjects/XXXX-1-LLM/workspace/2024-03-10_22-29-15-702120/test_script.py\\\", line 11, in test\\n    self.assertEqual(get_Char('abc'), 'f')\\nAssertionError: 'i' != 'f'\\n- i\\n+ f\\n\\nRan 1 test in 0.000s\\n\\nFAILED (failures=1)\\n\\nConclusion: Code Test Failed\\n\\nInput and expected output example:\\nInput: 'abc'\\nExpected output: 'f'\\n\\nRecommendation: The code needs to be reviewed and fixed to match the expected output.\\n\\nEnd of Test Report\", \"Question\": \"The original code has some bugs, according to the test report and suggestions, rewrite the code. Complete the following code:\\ndef get_Char(strr):  \\n'''Write a python function to find the character made by adding the ASCII value of all the characters of the given string modulo 26.\\nassert get_Char(\\\"abc\\\") == \\\"f\\\"'''\\n\"}",
    "Code1": "def get_char(strr):\n    total_ascii = 0\n    for char in strr:\n        total_ascii += ord(char)\n    result = chr(((total_ascii - len(strr)*97) % 26) + 97)\n    return result",
    "ScriptResult1": "E\n======================================================================\nERROR: test (__main__.Test)\n----------------------------------------------------------------------\nTraceback (most recent call last):\n  File \"/Users/watch/PycharmProjects/XXXX-1-LLM/workspace/2024-03-10_22-29-15-702120/test_script.py\", line 11, in test\n    self.assertEqual(get_Char('abc'), 'f')\nNameError: name 'get_Char' is not defined\n\n----------------------------------------------------------------------\nRan 1 test in 0.000s\n\nFAILED (errors=1)\n",
    "TestReport1": "Test Report\n\nTest Script Output:\nE\n======================================================================\nERROR: test (__main__.Test)\n----------------------------------------------------------------------\nTraceback (most recent call last):\n  File \"/Users/watch/PycharmProjects/XXXX-1-LLM/workspace/2024-03-10_22-29-15-702120/test_script.py\", line 11, in test\n    self.assertEqual(get_Char('abc'), 'f')\nNameError: name 'get_Char' is not defined\n\n----------------------------------------------------------------------\nRan 1 test in 0.000s\n\nFAILED (errors=1)\n\nTest Report:\nThe test script output indicates that there is an error in the code. The 'get_Char' function is not defined, which caused the test to fail.\n\nConclusion:\nCode Test Failed\n\nInput Example:\nInput: 'abc'\nExpected Output: 'f'\n\nPlease review the code and ensure that the 'get_Char' function is properly defined to pass the test.",
    "RepairResponse2": "{\n  \"revised_code\": \"def get_Char(strr):\\n    total_ascii = 0\\n    for char in strr:\\n        total_ascii += ord(char)\\n    result = chr(((total_ascii - len(strr)*97) % 26) + 97)\\n    return result\\n\"\n}",
    "RepairResponse2_prompt": "{\"Role\": \"You are a professional software engineer. Your duty is to write code in Python that meets the requirements. Ensure that the code you write is efficient, readable, and follows best practices. Remember, do not need to explain the code you wrote.\", \"Instruction\": \"1. Rewrite a bug fix version of the original code. 2. Response in JSON format.\", \"Example\": \"{\\\"revised_code\\\":\\\"...\\\"}\", \"Context\": \"# the original code:\\ndef get_char(strr):\\n    total_ascii = 0\\n    for char in strr:\\n        total_ascii += ord(char)\\n    result = chr(((total_ascii - len(strr)*97) % 26) + 97)\\n    return result\\n# test report:\\nTest Report\\n\\nTest Script Output:\\nE\\n======================================================================\\nERROR: test (__main__.Test)\\n----------------------------------------------------------------------\\nTraceback (most recent call last):\\n  File \\\"/Users/watch/PycharmProjects/XXXX-1-LLM/workspace/2024-03-10_22-29-15-702120/test_script.py\\\", line 11, in test\\n    self.assertEqual(get_Char('abc'), 'f')\\nNameError: name 'get_Char' is not defined\\n\\n----------------------------------------------------------------------\\nRan 1 test in 0.000s\\n\\nFAILED (errors=1)\\n\\nTest Report:\\nThe test script output indicates that there is an error in the code. The 'get_Char' function is not defined, which caused the test to fail.\\n\\nConclusion:\\nCode Test Failed\\n\\nInput Example:\\nInput: 'abc'\\nExpected Output: 'f'\\n\\nPlease review the code and ensure that the 'get_Char' function is properly defined to pass the test.\", \"Question\": \"The original code has some bugs, according to the test report and suggestions, rewrite the code. Complete the following code:\\ndef get_Char(strr):  \\n'''Write a python function to find the character made by adding the ASCII value of all the characters of the given string modulo 26.\\nassert get_Char(\\\"abc\\\") == \\\"f\\\"'''\\n\"}",
    "Code2": "def get_Char(strr):\n    total_ascii = 0\n    for char in strr:\n        total_ascii += ord(char)\n    result = chr(((total_ascii - len(strr)*97) % 26) + 97)\n    return result\n",
    "ScriptResult2": "F\n======================================================================\nFAIL: test (__main__.Test)\n----------------------------------------------------------------------\nTraceback (most recent call last):\n  File \"/Users/watch/PycharmProjects/XXXX-1-LLM/workspace/2024-03-10_22-29-15-702120/test_script.py\", line 12, in test\n    self.assertEqual(get_Char('abc'), 'f')\nAssertionError: 'd' != 'f'\n- d\n+ f\n\n\n----------------------------------------------------------------------\nRan 1 test in 0.000s\n\nFAILED (failures=1)\n",
    "TestReport2": "Test Report:\n\nTest Case Result: FAILED\nTest Case Description: Test to get character from the input string\nTest Script Output:\n======================================================================\nFAIL: test (__main__.Test)\n----------------------------------------------------------------------\nTraceback (most recent call last):\n  File \"/Users/watch/PycharmProjects/XXXX-1-LLM/workspace/2024-03-10_22-29-15-702120/test_script.py\", line 12, in test\n    self.assertEqual(get_Char('abc'), 'f')\nAssertionError: 'd' != 'f'\n- d\n+ f\n\nRan 1 test in 0.000s\n\nFAILED (failures=1)\n\nInput Example: 'abc'\nExpected Output: 'f'\n\nConclusion: Code Test FAILED\nThe test script output indicates that the code has failed the test case. The input example 'abc' should have produced the expected output 'f', but the actual output was 'd'. Therefore, the code test has failed.",
    "FinalCode": "def get_Char(strr):\n    total_ascii = 0\n    for char in strr:\n        total_ascii += ord(char)\n    result = chr(((total_ascii - len(strr)*97) % 26) + 97)\n    return result\n"
}