{
    "start_time": "2024-02-13_16-28-46-469888",
    "task": "\ndef solve(s):\n    \"\"\"You are given a string s.\n    if s[i] is a letter, reverse its case from lower to upper or vise versa, \n    otherwise keep it as it is.\n    If the string contains no letters, reverse the string.\n    The function should return the resulted string.\n    Examples\n    solve(\"1234\") = \"4321\"\n    solve(\"ab\") = \"AB\"\n    solve(\"#a@C\") = \"#A@c\"\n    \"\"\"\n",
    "datetime": {
        "task": "2024-02-13 16:28:46",
        "task-id": "2024-02-13 16:28:46",
        "workflow": "2024-02-13 16:28:46",
        "Discussion": "2024-02-13 16:28:47",
        "DisorderedSprintMeetings": "2024-02-13 16:28:49",
        "UserStoryDraft0": "2024-02-13 16:29:48",
        "AnalyzeMeetings": "2024-02-13 16:29:50",
        "UserStory0": "2024-02-13 16:29:53",
        "CodeDraft0": "2024-02-13 16:29:54",
        "CodeReviewMeetings0": "2024-02-13 16:29:55",
        "Code0CR": "2024-02-13 16:29:56",
        "FinalCode": "2024-02-13 16:30:32",
        "Test Cases Draft": "2024-02-13 16:29:58",
        "Test Cases Meetings": "2024-02-13 16:30:01",
        "Test Cases": "2024-02-13 16:30:06",
        "Code0": "2024-02-13 16:30:07",
        "TestScriptOriginal": "2024-02-13 16:30:10",
        "TestScript": "2024-02-13 16:30:10",
        "ScriptResult0": "2024-02-13 16:30:10",
        "TestReport0": "2024-02-13 16:30:12",
        "SprintReview0": "2024-02-13 16:30:13",
        "SprintReviewMeetings0": "2024-02-13 16:30:15",
        "RepairResponse0": "2024-02-13 16:30:16",
        "Code1": "2024-02-13 16:30:16",
        "ScriptResult1": "2024-02-13 16:30:16",
        "TestReport1": "2024-02-13 16:30:19",
        "SprintReview1": "2024-02-13 16:30:21",
        "SprintReviewMeetings1": "2024-02-13 16:30:23",
        "RepairResponse1": "2024-02-13 16:30:24",
        "Code2": "2024-02-13 16:30:24",
        "ScriptResult2": "2024-02-13 16:30:25",
        "TestReport2": "2024-02-13 16:30:27",
        "SprintReview2": "2024-02-13 16:30:28",
        "SprintReviewMeetings2": "2024-02-13 16:30:30",
        "RepairResponse2": "2024-02-13 16:30:32",
        "Code3": "2024-02-13 16:30:32",
        "ScriptResult3": "2024-02-13 16:30:32",
        "TestReport3": "2024-02-13 16:30:35"
    },
    "task-id": "HumanEval/161",
    "workflow": "agile/agile_version_0.0.5_remove_stage.json",
    "Discussion": "[ScrumMaster]says: We have a job: \ndef solve(s):\n    \"\"\"You are given a string s.\n    if s[i] is a letter, reverse its case from lower to upper or vise versa, \n    otherwise keep it as it is.\n    If the string contains no letters, reverse the string.\n    The function should return the resulted string.\n    Examples\n    solve(\"1234\") = \"4321\"\n    solve(\"ab\") = \"AB\"\n    solve(\"#a@C\") = \"#A@c\"\n    \"\"\"\n, do you have any ideas?\n-----\n\n[ProductOwner]says: As a Product Owner, I think the first step is to define the user stories and prioritize the features for this product.\n-----\n\n[Architect]says: As an Architect, to develop a product, it is important that we design a well-structured and efficient algorithm to solve the given problem.\n-----\n\n[Tester]says: As a Tester, I suggest testing the function with various test cases including special characters, numbers, and different combinations of upper and lower case letters to ensure it returns the correct result in all scenarios.\n-----\n\n[Developer]says: As a Developer, to solve the problem, I would create a function that iterates through the string, checking each character and applying the necessary case reversal or leaving it unchanged.\n-----\n\n[ProductOwner]says: As a Product Owner, I will prioritize the features for this product and define the user stories.\n-----\n\n[Developer]says: As a Developer, I will implement the function to iterate through the string and apply the necessary case reversal or leave it unchanged.\n-----\n\n[Tester]says: As a Tester, I suggest testing the function with various test cases including special characters, numbers, and different combinations of upper and lower case letters to ensure it returns the correct result in all scenarios.\n-----\n\n[Architect]says: As an Architect, I think the first step is to create a clear and detailed technical design for the algorithm to solve the given problem.\n-----\n",
    "DisorderedSprintMeetings": "{\n  \"product-owner\":[\"Define user stories\",\"Prioritize features\"],\n  \"architect\":[\"Design well-structured algorithm\",\"Create clear and detailed technical design\"],\n  \"developer\":[\"Implement function to iterate through string\",\"Apply necessary case reversal or leave unchanged\"],\n  \"tester\":[\"Test function with various test cases\",\"Ensure correct result in all scenarios\"]\n}",
    "DisorderedSprintMeetings_prompt": "{\"Role\": \"You are a professional scrum master. Your goal is to breakdown the Discussion History into a task list for the scrum team.\", \"Instruction\": \"1. Read and Understand the Discussion History. 2. Define the tasks for four roles: product-owner/architect/developer/tester. 3. Response in JSON format.\", \"Example\": \"{\\\"product-owner\\\":[\\\"task1\\\",\\\"task2\\\"],\\\"architect\\\":[\\\"task1\\\",\\\"task2\\\"], \\\"developer\\\":[\\\"task1\\\",\\\"task2\\\"], \\\"tester\\\":[\\\"task1\\\",\\\"task2\\\"]}\", \"Context\": \"[ScrumMaster]says: We have a job: \\ndef solve(s):\\n    \\\"\\\"\\\"You are given a string s.\\n    if s[i] is a letter, reverse its case from lower to upper or vise versa, \\n    otherwise keep it as it is.\\n    If the string contains no letters, reverse the string.\\n    The function should return the resulted string.\\n    Examples\\n    solve(\\\"1234\\\") = \\\"4321\\\"\\n    solve(\\\"ab\\\") = \\\"AB\\\"\\n    solve(\\\"#a@C\\\") = \\\"#A@c\\\"\\n    \\\"\\\"\\\"\\n, do you have any ideas?\\n-----\\n\\n[ProductOwner]says: As a Product Owner, I think the first step is to define the user stories and prioritize the features for this product.\\n-----\\n\\n[Architect]says: As an Architect, to develop a product, it is important that we design a well-structured and efficient algorithm to solve the given problem.\\n-----\\n\\n[Tester]says: As a Tester, I suggest testing the function with various test cases including special characters, numbers, and different combinations of upper and lower case letters to ensure it returns the correct result in all scenarios.\\n-----\\n\\n[Developer]says: As a Developer, to solve the problem, I would create a function that iterates through the string, checking each character and applying the necessary case reversal or leaving it unchanged.\\n-----\\n\\n[ProductOwner]says: As a Product Owner, I will prioritize the features for this product and define the user stories.\\n-----\\n\\n[Developer]says: As a Developer, I will implement the function to iterate through the string and apply the necessary case reversal or leave it unchanged.\\n-----\\n\\n[Tester]says: As a Tester, I suggest testing the function with various test cases including special characters, numbers, and different combinations of upper and lower case letters to ensure it returns the correct result in all scenarios.\\n-----\\n\\n[Architect]says: As an Architect, I think the first step is to create a clear and detailed technical design for the algorithm to solve the given problem.\\n-----\\n\", \"Question\": \"Follow the Instruction section. The Discussion History is in the Context section. You only need to return a task list as the Example section.\"}",
    "UserStoryDraft0": "{\n  \"UserStory\": {\n    \"As a product owner, I want to define a user story for the requirement of solving a string manipulation problem so that the development team can understand and prioritize the feature.\"\n  \n   \n  \n  \n  \n  \n  \n  \n  \n  \n  \n  \n  \n  \n  \n  \n  \n  \n  \n  \n  \n  \n  \n  \n  \n  \n  \n  \n  \n  \n  \n  \n  \n  \n  \n  \n  \n  \n  \n  \n  \n  \n  \n  \n  \n  \n  \n  \n  \n  \n  \n  \n  \n  \n  \n  \n  \n  \n  \n  \n  \n  \n  \n  \n  \n  \n  \n  \n  \n  \n  \n  \n  \n  \n  \n  \n  \n  \n  \n  \n  \n  \n  \n  \n  \n  \n  \n  \n  \n  \n  \n  \n  \n  \n  \n  \n  \n  ",
    "UserStoryDraft0_prompt": "{\"Role\": \"You need to act as a professional product owner. Your task is to write a UserStory\", \"Instruction\": \"According to the Context, please analyze the requirement and write your response. Response in JSON format. Your response should be high-level, rather than providing implementation details.\", \"Example\": \"\", \"Context\": [\"Define user stories\", \"Prioritize features\"], \"Question\": \"Follow the Instruction. The requirement is as follows:\\n\\ndef solve(s):\\n    \\\"\\\"\\\"You are given a string s.\\n    if s[i] is a letter, reverse its case from lower to upper or vise versa, \\n    otherwise keep it as it is.\\n    If the string contains no letters, reverse the string.\\n    The function should return the resulted string.\\n    Examples\\n    solve(\\\"1234\\\") = \\\"4321\\\"\\n    solve(\\\"ab\\\") = \\\"AB\\\"\\n    solve(\\\"#a@C\\\") = \\\"#A@c\\\"\\n    \\\"\\\"\\\"\\n\"}",
    "AnalyzeMeetings": "{\n  \"Architect\": \"As an architect, I would suggest providing more specific details about the string manipulation problem, such as the types of operations that need to be supported (e.g. concatenation, substring extraction, etc.) and any constraints or performance requirements. This will help the development team to have a clear understanding of the scope and complexity of the feature.\",\n  \"Tester\": \"As a tester, I would suggest including some example test cases or scenarios for the string manipulation problem. This will help the development team to understand the expected behavior and will also guide the testing efforts during development.\"\n}",
    "UserStory0": "{\n  \"RevisedDocument\": {\n    \"UserStory\": \"As a product owner, I want to define a user story for the requirement of solving a string manipulation problem so that the development team can understand and prioritize the feature.\",\n    \"Suggestions\": {\n      \"Architect\": \"Provide specific details about the string manipulation problem, such as the types of operations that need to be supported and any constraints or performance requirements.\",\n      \"Tester\": \"Include example test cases or scenarios for the string manipulation problem to guide the testing efforts during development.\"\n    }\n  }\n}",
    "UserStory0_prompt": {
        "Role": "You need to act as a professional product owner. Your duty is to revise the document based on the suggestions.",
        "Instruction": "1. Read the suggestions. 2. Revise your draft version document. 3. Response in JSON format. 4. REMEMBER: Your analysis should be high-level, rather than providing implementation details.",
        "Example": "",
        "Context": "# Suggestion:\n{\n  \"Architect\": \"As an architect, I would suggest providing more specific details about the string manipulation problem, such as the types of operations that need to be supported (e.g. concatenation, substring extraction, etc.) and any constraints or performance requirements. This will help the development team to have a clear understanding of the scope and complexity of the feature.\",\n  \"Tester\": \"As a tester, I would suggest including some example test cases or scenarios for the string manipulation problem. This will help the development team to understand the expected behavior and will also guide the testing efforts during development.\"\n}",
        "Question": "Follow the Instruction. Your colleague give you some suggestions(in the Context section) about this draft document:{\n  \"UserStory\": {\n    \"As a product owner, I want to define a user story for the requirement of solving a string manipulation problem so that the development team can understand and prioritize the feature.\"\n  \n   \n  \n  \n  \n  \n  \n  \n  \n  \n  \n  \n  \n  \n  \n  \n  \n  \n  \n  \n  \n  \n  \n  \n  \n  \n  \n  \n  \n  \n  \n  \n  \n  \n  \n  \n  \n  \n  \n  \n  \n  \n  \n  \n  \n  \n  \n  \n  \n  \n  \n  \n  \n  \n  \n  \n  \n  \n  \n  \n  \n  \n  \n  \n  \n  \n  \n  \n  \n  \n  \n  \n  \n  \n  \n  \n  \n  \n  \n  \n  \n  \n  \n  \n  \n  \n  \n  \n  \n  \n  \n  \n  \n  \n  \n  \n  \n  "
    },
    "CodeDraft0": "def solve(s):\n    result = ''\n    for char in s:\n        if char.isalpha():\n            if char.islower():\n                result += char.upper()\n            else:\n                result += char.lower()\n        else:\n            result += char\n    if result.isalpha():\n        return result[::-1]\n    else:\n        return result",
    "CodeDraft0_prompt": {
        "Role": "You are a professional engineer. Your duty is to write code in Python that meets the requirements. Ensure that the code you write is efficient, readable, and follows best practices. Remember, do not need to explain the code you wrote.",
        "Instruction": "According to the Context section, write your code.",
        "Example": "",
        "Context": "# Tasks:\n['Implement function to iterate through string', 'Apply necessary case reversal or leave unchanged']\n",
        "Question": "Follow the Instruction section. Complete the following code:\n\ndef solve(s):\n    \"\"\"You are given a string s.\n    if s[i] is a letter, reverse its case from lower to upper or vise versa, \n    otherwise keep it as it is.\n    If the string contains no letters, reverse the string.\n    The function should return the resulted string.\n    Examples\n    solve(\"1234\") = \"4321\"\n    solve(\"ab\") = \"AB\"\n    solve(\"#a@C\") = \"#A@c\"\n    \"\"\"\n"
    },
    "CodeReviewMeetings0": "{\n  \"Architect\": \"Instead of using a loop to iterate through the characters in the string, consider using the built-in functions available in Python like .upper() and .lower() to convert the characters. This will make the code more concise and efficient.\",\n  \"Tester\": \"Test the function with a variety of input strings including empty strings, strings with special characters, and strings with numbers to ensure that the function handles all cases correctly.\"\n}",
    "Code0CR": "def solve(s):\n    result = \"\"\n    for char in s:\n        if char.isalpha():\n            if char.islower():\n                result += char.upper()\n            else:\n                result += char.lower()\n        else:\n            result += char\n    if not any(char.isalpha() for char in s):\n        result = result[::-1]\n    return result",
    "Code0CR_prompt": "{\"Role\": \"You are a professional software engineer. Your duty is to write code in Python that meets the requirements. Ensure that the code you write is efficient, readable, and follows best practices. Remember, do not need to explain the code you wrote.\", \"Instruction\": \"1. Understand the suggestions(in the Context section) about the original code. 2. Rewrite your code.\", \"Example\": \"\", \"Context\": \"# Tasks:\\n['Implement function to iterate through string', 'Apply necessary case reversal or leave unchanged']\\n# Suggestions:\\n{\\n  \\\"Architect\\\": \\\"Instead of using a loop to iterate through the characters in the string, consider using the built-in functions available in Python like .upper() and .lower() to convert the characters. This will make the code more concise and efficient.\\\",\\n  \\\"Tester\\\": \\\"Test the function with a variety of input strings including empty strings, strings with special characters, and strings with numbers to ensure that the function handles all cases correctly.\\\"\\n}\", \"Question\": \"Follow the Instruction section. Complete the following code:\\n\\ndef solve(s):\\n    \\\"\\\"\\\"You are given a string s.\\n    if s[i] is a letter, reverse its case from lower to upper or vise versa, \\n    otherwise keep it as it is.\\n    If the string contains no letters, reverse the string.\\n    The function should return the resulted string.\\n    Examples\\n    solve(\\\"1234\\\") = \\\"4321\\\"\\n    solve(\\\"ab\\\") = \\\"AB\\\"\\n    solve(\\\"#a@C\\\") = \\\"#A@c\\\"\\n    \\\"\\\"\\\"\\n\"}",
    "FinalCode": "def solve(s):\n    result = ''\n    for char in s:\n        if char.isalpha():\n            if char.islower():\n                result += char.upper()\n            else:\n                result += char.lower()\n        else:\n            result = s[::-1]\n            break\n    return result",
    "Test Cases Draft": "{\n  \"test_cases\": [\n    {\n      \"Test Title\": \"No letters in the string\",\n      \"Input Data\": \"s=\\\"1234\\\"\",\n      \"Expected Output\": \"4321\"\n    },\n    {\n      \"Test Title\": \"Letters in the string\",\n      \"Input Data\": \"s=\\\"ab\\\"\",\n      \"Expected Output\": \"AB\"\n    },\n    {\n      \"Test Title\": \"Special characters and letters in the string\",\n      \"Input Data\": \"s=\\\"#a@C\\\"\",\n      \"Expected Output\": \"#A@c\"\n    }\n  ]\n}",
    "Test Cases Draft_prompt": "{\"Role\": \"You are a quality assurance engineer. Your duty is to design test cases for the developers.\", \"Instruction\": \"According to the Context section, write test cases. Don't write long strings in your test cases. Response in JSON format.\", \"Example\": \"{\\\"requirement analysis\\\":\\\"analysis\\\",\\\"test_cases\\\":[{\\\"Test Title\\\":\\\"title\\\", \\\"Input Data\\\":\\\"parameter1=[1,2,3],parameter2='123'\\\", \\\"Expected Output\\\":\\\"456\\\"},]}\", \"Context\": \"# UsrtStory:\\n{\\n  \\\"RevisedDocument\\\": {\\n    \\\"UserStory\\\": \\\"As a product owner, I want to define a user story for the requirement of solving a string manipulation problem so that the development team can understand and prioritize the feature.\\\",\\n    \\\"Suggestions\\\": {\\n      \\\"Architect\\\": \\\"Provide specific details about the string manipulation problem, such as the types of operations that need to be supported and any constraints or performance requirements.\\\",\\n      \\\"Tester\\\": \\\"Include example test cases or scenarios for the string manipulation problem to guide the testing efforts during development.\\\"\\n    }\\n  }\\n}\\n# Tasks:\\n['Test function with various test cases', 'Ensure correct result in all scenarios']\\n\", \"Question\": \"\\ndef solve(s):\\n    \\\"\\\"\\\"You are given a string s.\\n    if s[i] is a letter, reverse its case from lower to upper or vise versa, \\n    otherwise keep it as it is.\\n    If the string contains no letters, reverse the string.\\n    The function should return the resulted string.\\n    Examples\\n    solve(\\\"1234\\\") = \\\"4321\\\"\\n    solve(\\\"ab\\\") = \\\"AB\\\"\\n    solve(\\\"#a@C\\\") = \\\"#A@c\\\"\\n    \\\"\\\"\\\"\\n\"}",
    "Test Cases Meetings": "{\n  \"Architect\": \"As an Architect, I suggest adding more test cases to cover edge cases such as empty string input, long string input, and input with different combinations of special characters, numbers, and letters. It's also important to consider test cases for different encodings such as UTF-8 and UTF-16.\",\n  \"Developer\": \"As a Developer, I suggest revising the test cases to include negative test cases such as passing null or undefined input, passing non-string input, and passing input with invalid characters. Additionally, it would be helpful to include test cases for performance and scalability by testing with a large number of input data.\"\n}",
    "Test Cases": "{\n  \"test_cases\": [\n    {\n      \"Test Title\": \"No letters in the string\",\n      \"Input Data\": \"s=\\\"1234\\\"\",\n      \"Expected Output\": \"4321\"\n    },\n    {\n      \"Test Title\": \"Letters in the string\",\n      \"Input Data\": \"s=\\\"ab\\\"\",\n      \"Expected Output\": \"AB\"\n    },\n    {\n      \"Test Title\": \"Special characters and letters in the string\",\n      \"Input Data\": \"s=\\\"#a@C\\\"\",\n      \"Expected Output\": \"#A@c\"\n    },\n    {\n      \"Test Title\": \"Empty string input\",\n      \"Input Data\": \"s=\\\"\\\"\",\n      \"Expected Output\": \"\"\n    },\n    {\n      \"Test Title\": \"Long string input\",\n      \"Input Data\": \"s=\\\"abcdefghijklmnopqrstuvwxyz\\\"\",\n      \"Expected Output\": \"ZYXWVUTSRQPONMLKJIHGFEDCBA\"\n    },\n    {\n      \"Test Title\": \"Input with different combinations of special characters, numbers, and letters\",\n      \"Input Data\": \"s=\\\"#a1Bc2D\\\"\",\n      \"Expected Output\": \"#A1bC2d\"\n    },\n    {\n      \"Test Title\": \"Null input\",\n      \"Input Data\": \"s=null\",\n      \"Expected Output\": \"llun\"\n    },\n    {\n      \"Test Title\": \"Undefined input\",\n      \"Input Data\": \"s=undefined\",\n      \"Expected Output\": \"denifednu\"\n    },\n    {\n      \"Test Title\": \"Non-string input\",\n      \"Input Data\": \"s=123\",\n      \"Expected Output\": \"321\"\n    },\n    {\n      \"Test Title\": \"Input with invalid characters\",\n      \"Input Data\": \"s=\\\"*&^%$\\\"\",\n      \"Expected Output\": \"$%^&*\"\n    },\n    {\n      \"Test Title\": \"Performance and scalability test\",\n      \"Input Data\": \"s=\\\"abcdefghijklmnopqrstuvwxyz\\\" repeated 1000 times\",\n      \"Expected Output\": \"ZYXWVUTSRQPONMLKJIHGFEDCBA repeated 1000 times\"\n    },\n    {\n      \"Test Title\": \"UTF-8 encoding test\",\n      \"Input Data\": \"s=\\\"\u00e4\u00f6\u00fc\\\"\",\n      \"Expected Output\": \"\u00dc\u00d6\u00c4\"\n    },\n    {\n      \"Test Title\": \"UTF-16 encoding test\",\n      \"Input Data\": \"s=\\\"\u00e4\u00f6\u00fc\\\" with UTF-16 encoding\",\n      \"Expected Output\": \"\u00dc\u00d6\u00c4 with UTF-16 encoding\"\n    }\n  ]\n}",
    "Test Cases_prompt": "{\"Role\": \"You are a quality assurance engineer. Your duty is to revise the test cases based on the suggestions.\", \"Instruction\": \"1. Your colleague give you some suggestions(in the Context section) about the draft test cases, read these suggestions. 2. Revise your draft version test cases, but don't use long parameters. 3. Response in JSON format.\", \"Example\": \"{\\\"requirement analysis\\\":\\\"analysis\\\",\\\"test_cases\\\":[{\\\"Test Title\\\":\\\"title\\\", \\\"Input Data\\\":\\\"parameter1=[1,2,3],parameter2='123'\\\", \\\"Expected Output\\\":\\\"456\\\"},]}\", \"Context\": \"# Suggestions:\\n{\\n  \\\"Architect\\\": \\\"As an Architect, I suggest adding more test cases to cover edge cases such as empty string input, long string input, and input with different combinations of special characters, numbers, and letters. It's also important to consider test cases for different encodings such as UTF-8 and UTF-16.\\\",\\n  \\\"Developer\\\": \\\"As a Developer, I suggest revising the test cases to include negative test cases such as passing null or undefined input, passing non-string input, and passing input with invalid characters. Additionally, it would be helpful to include test cases for performance and scalability by testing with a large number of input data.\\\"\\n}\\n # Draft Test cases:\\n{\\n  \\\"test_cases\\\": [\\n    {\\n      \\\"Test Title\\\": \\\"No letters in the string\\\",\\n      \\\"Input Data\\\": \\\"s=\\\\\\\"1234\\\\\\\"\\\",\\n      \\\"Expected Output\\\": \\\"4321\\\"\\n    },\\n    {\\n      \\\"Test Title\\\": \\\"Letters in the string\\\",\\n      \\\"Input Data\\\": \\\"s=\\\\\\\"ab\\\\\\\"\\\",\\n      \\\"Expected Output\\\": \\\"AB\\\"\\n    },\\n    {\\n      \\\"Test Title\\\": \\\"Special characters and letters in the string\\\",\\n      \\\"Input Data\\\": \\\"s=\\\\\\\"#a@C\\\\\\\"\\\",\\n      \\\"Expected Output\\\": \\\"#A@c\\\"\\n    }\\n  ]\\n}\", \"Question\": \"Follow the Instruction. Please make sure your response length are less than 512. Your test cases is for the below question:\\n\\ndef solve(s):\\n    \\\"\\\"\\\"You are given a string s.\\n    if s[i] is a letter, reverse its case from lower to upper or vise versa, \\n    otherwise keep it as it is.\\n    If the string contains no letters, reverse the string.\\n    The function should return the resulted string.\\n    Examples\\n    solve(\\\"1234\\\") = \\\"4321\\\"\\n    solve(\\\"ab\\\") = \\\"AB\\\"\\n    solve(\\\"#a@C\\\") = \\\"#A@c\\\"\\n    \\\"\\\"\\\"\\n\"}",
    "Code0": "def solve(s):\n    result = \"\"\n    for char in s:\n        if char.isalpha():\n            if char.islower():\n                result += char.upper()\n            else:\n                result += char.lower()\n        else:\n            result += char\n    if not any(char.isalpha() for char in s):\n        result = result[::-1]\n    return result",
    "Code0_prompt": {
        "Role": "You are a professional software engineer. Your duty is to write code in Python that meets the requirements. Ensure that the code you write is efficient, readable, and follows best practices. Remember, do not need to explain the code you wrote.",
        "Instruction": "1. Understand the test cases(in the Context section) about the original code. 2. Rewrite your code, make sure your code pass all test cases.",
        "Example": "",
        "Context": "# Original Code:\ndef solve(s):\n    result = \"\"\n    for char in s:\n        if char.isalpha():\n            if char.islower():\n                result += char.upper()\n            else:\n                result += char.lower()\n        else:\n            result += char\n    if not any(char.isalpha() for char in s):\n        result = result[::-1]\n    return result\n# Test Cases:\n{\n  \"test_cases\": [\n    {\n      \"Test Title\": \"No letters in the string\",\n      \"Input Data\": \"s=\\\"1234\\\"\",\n      \"Expected Output\": \"4321\"\n    },\n    {\n      \"Test Title\": \"Letters in the string\",\n      \"Input Data\": \"s=\\\"ab\\\"\",\n      \"Expected Output\": \"AB\"\n    },\n    {\n      \"Test Title\": \"Special characters and letters in the string\",\n      \"Input Data\": \"s=\\\"#a@C\\\"\",\n      \"Expected Output\": \"#A@c\"\n    },\n    {\n      \"Test Title\": \"Empty string input\",\n      \"Input Data\": \"s=\\\"\\\"\",\n      \"Expected Output\": \"\"\n    },\n    {\n      \"Test Title\": \"Long string input\",\n      \"Input Data\": \"s=\\\"abcdefghijklmnopqrstuvwxyz\\\"\",\n      \"Expected Output\": \"ZYXWVUTSRQPONMLKJIHGFEDCBA\"\n    },\n    {\n      \"Test Title\": \"Input with different combinations of special characters, numbers, and letters\",\n      \"Input Data\": \"s=\\\"#a1Bc2D\\\"\",\n      \"Expected Output\": \"#A1bC2d\"\n    },\n    {\n      \"Test Title\": \"Null input\",\n      \"Input Data\": \"s=null\",\n      \"Expected Output\": \"llun\"\n    },\n    {\n      \"Test Title\": \"Undefined input\",\n      \"Input Data\": \"s=undefined\",\n      \"Expected Output\": \"denifednu\"\n    },\n    {\n      \"Test Title\": \"Non-string input\",\n      \"Input Data\": \"s=123\",\n      \"Expected Output\": \"321\"\n    },\n    {\n      \"Test Title\": \"Input with invalid characters\",\n      \"Input Data\": \"s=\\\"*&^%$\\\"\",\n      \"Expected Output\": \"$%^&*\"\n    },\n    {\n      \"Test Title\": \"Performance and scalability test\",\n      \"Input Data\": \"s=\\\"abcdefghijklmnopqrstuvwxyz\\\" repeated 1000 times\",\n      \"Expected Output\": \"ZYXWVUTSRQPONMLKJIHGFEDCBA repeated 1000 times\"\n    },\n    {\n      \"Test Title\": \"UTF-8 encoding test\",\n      \"Input Data\": \"s=\\\"\u00e4\u00f6\u00fc\\\"\",\n      \"Expected Output\": \"\u00dc\u00d6\u00c4\"\n    },\n    {\n      \"Test Title\": \"UTF-16 encoding test\",\n      \"Input Data\": \"s=\\\"\u00e4\u00f6\u00fc\\\" with UTF-16 encoding\",\n      \"Expected Output\": \"\u00dc\u00d6\u00c4 with UTF-16 encoding\"\n    }\n  ]\n}",
        "Question": "\ndef solve(s):\n    \"\"\"You are given a string s.\n    if s[i] is a letter, reverse its case from lower to upper or vise versa, \n    otherwise keep it as it is.\n    If the string contains no letters, reverse the string.\n    The function should return the resulted string.\n    Examples\n    solve(\"1234\") = \"4321\"\n    solve(\"ab\") = \"AB\"\n    solve(\"#a@C\") = \"#A@c\"\n    \"\"\"\n"
    },
    "TestScriptOriginal": "import unittest\n\ndef function_under_test(s):\n    result = ''\n    for char in s:\n        if char.isalpha():\n            if char.islower():\n                result += char.upper()\n            else:\n                result += char.lower()\n        else:\n            result += char\n    if result.isalpha():\n        return result[::-1]\n    return result\n\nclass Test(unittest.TestCase):\n    def test(self):\n        self.assertEqual(function_under_test('1234'), '4321')\n        self.assertEqual(function_under_test('ab'), 'AB')\n        self.assertEqual(function_under_test('#a@C'), '#A@c')\n\nif __name__ == '__main__':\n    unittest.main()",
    "TestScriptOriginal_prompt": "{\"Role\": \"You are a quality assurance engineer. Your duty is to write a python test script in unittest framework.\", \"Instruction\": \"1. Write a python test script. 2. Use the input and output given by the question.\", \"Example\": \"import unittest\\n\\nclass Test(unittest.TestCase):\\n    def test(self):\\n        self.assertEqual(function_under_test('a'), 1)\\n\\nif __name__ == '__main__':\\n    unittest.main()\", \"Context\": \"\", \"Question\": \"\\ndef solve(s):\\n    \\\"\\\"\\\"You are given a string s.\\n    if s[i] is a letter, reverse its case from lower to upper or vise versa, \\n    otherwise keep it as it is.\\n    If the string contains no letters, reverse the string.\\n    The function should return the resulted string.\\n    Examples\\n    solve(\\\"1234\\\") = \\\"4321\\\"\\n    solve(\\\"ab\\\") = \\\"AB\\\"\\n    solve(\\\"#a@C\\\") = \\\"#A@c\\\"\\n    \\\"\\\"\\\"\\n\"}",
    "TestScript": "import unittest\n\nclass Test(unittest.TestCase):\n    def test(self):\n        self.assertEqual(function_under_test('1234'), '4321')\n        self.assertEqual(function_under_test('ab'), 'AB')\n        self.assertEqual(function_under_test('#a@C'), '#A@c')\n\nif __name__ == '__main__':\n    unittest.main()",
    "ScriptResult0": "E\n======================================================================\nERROR: test (__main__.Test)\n----------------------------------------------------------------------\nTraceback (most recent call last):\n  File \"/Users/watch/PycharmProjects/XXXX-1-LLM/workspace/2024-02-13_16-28-46-469888/test_script.py\", line 18, in test\n    self.assertEqual(function_under_test('1234'), '4321')\nNameError: name 'function_under_test' is not defined\n\n----------------------------------------------------------------------\nRan 1 test in 0.000s\n\nFAILED (errors=1)\n",
    "TestReport0": "Test Report:\n\nTest script's output:\nE\n======================================================================\nERROR: test (__main__.Test)\n----------------------------------------------------------------------\nTraceback (most recent call last):\n  File \"/Users/watch/PycharmProjects/XXXX-1-LLM/workspace/2024-02-13_16-28-46-469888/test_script.py\", line 18, in test\n    self.assertEqual(function_under_test('1234'), '4321')\nNameError: name 'function_under_test' is not defined\n\n----------------------------------------------------------------------\nRan 1 test in 0.000s\n\nFAILED (errors=1)\n\nConclusion: Code Test Failed\n\nInput and Expected Output Example:\nInput: '1234'\nExpected Output: '4321'\n\nInstruction followed.",
    "SprintReview0": "[ScrumMaster]says: Here is our test Report: Test Report:\n\nTest script's output:\nE\n======================================================================\nERROR: test (__main__.Test)\n----------------------------------------------------------------------\nTraceback (most recent call last):\n  File \"/Users/watch/PycharmProjects/XXXX-1-LLM/workspace/2024-02-13_16-28-46-469888/test_script.py\", line 18, in test\n    self.assertEqual(function_under_test('1234'), '4321')\nNameError: name 'function_under_test' is not defined\n\n----------------------------------------------------------------------\nRan 1 test in 0.000s\n\nFAILED (errors=1)\n\nConclusion: Code Test Failed\n\nInput and Expected Output Example:\nInput: '1234'\nExpected Output: '4321'\n\nInstruction followed., do you have any ideas?\n-----\n\n[Developer]says: As a Developer, I will review the test script and ensure that the function_under_test is defined correctly before running the test.\n-----\n\n[ProductOwner]says: As a Product Owner, I think we should prioritize fixing the code test failure as our first step in order to ensure the quality of our product.\n-----\n\n[Tester]says: As a Tester, it seems that the test script failed because the function_under_test was not defined properly.\n-----\n\n[Architect]says: As an architect, it is important to ensure that the necessary functions are defined and implemented correctly in the code to avoid errors like the one in the test report.\n-----\n\n[ProductOwner]says: As a Product Owner, I think we should prioritize fixing the code test failure as our first step in order to ensure the quality of our product.\n-----\n\n[Tester]says: [Tester]says: To create a product, we should prioritize fixing the code test failure as our first step to ensure the quality of our product.\n-----\n\n[Developer]says: As a Developer, I will review the test script and ensure that the function_under_test is defined correctly before running the test.\n-----\n\n[Architect]says: As an architect, I will ensure that the necessary functions are properly defined and implemented to prevent errors in the test report.\n-----\n",
    "SprintReviewMeetings0": "{\n  \"product-owner\": [\"Prioritize fixing the code test failure as the first step to ensure product quality\"],\n  \"architect\": [\"Ensure necessary functions are defined and implemented correctly to avoid errors in the test report\"],\n  \"developer\": [\"Review the test script and ensure that the function_under_test is defined correctly before running the test\"],\n  \"tester\": [\"Identify that the test script failed due to the function_under_test not being defined properly\"]\n}",
    "SprintReviewMeetings0_prompt": "{\"Role\": \"You are a professional scrum master. Your goal is to summary the Discussion History into a suggestions list for the scrum team.\", \"Instruction\": \"1. Read and Understand the Discussion History. 2. Summary the suggestions from four roles: product-owner/architect/developer/tester. 3. Response in JSON format.\", \"Example\": \"{\\\"product-owner\\\":[\\\"suggestion1\\\",\\\"suggestion2\\\"],\\\"architect\\\":[\\\"suggestion1\\\",\\\"suggestion2\\\"], \\\"developer\\\":[\\\"suggestion1\\\",\\\"suggestion2\\\"], \\\"tester\\\":[\\\"suggestion1\\\",\\\"suggestion2\\\"]}\", \"Context\": \"[ScrumMaster]says: Here is our test Report: Test Report:\\n\\nTest script's output:\\nE\\n======================================================================\\nERROR: test (__main__.Test)\\n----------------------------------------------------------------------\\nTraceback (most recent call last):\\n  File \\\"/Users/watch/PycharmProjects/XXXX-1-LLM/workspace/2024-02-13_16-28-46-469888/test_script.py\\\", line 18, in test\\n    self.assertEqual(function_under_test('1234'), '4321')\\nNameError: name 'function_under_test' is not defined\\n\\n----------------------------------------------------------------------\\nRan 1 test in 0.000s\\n\\nFAILED (errors=1)\\n\\nConclusion: Code Test Failed\\n\\nInput and Expected Output Example:\\nInput: '1234'\\nExpected Output: '4321'\\n\\nInstruction followed., do you have any ideas?\\n-----\\n\\n[Developer]says: As a Developer, I will review the test script and ensure that the function_under_test is defined correctly before running the test.\\n-----\\n\\n[ProductOwner]says: As a Product Owner, I think we should prioritize fixing the code test failure as our first step in order to ensure the quality of our product.\\n-----\\n\\n[Tester]says: As a Tester, it seems that the test script failed because the function_under_test was not defined properly.\\n-----\\n\\n[Architect]says: As an architect, it is important to ensure that the necessary functions are defined and implemented correctly in the code to avoid errors like the one in the test report.\\n-----\\n\\n[ProductOwner]says: As a Product Owner, I think we should prioritize fixing the code test failure as our first step in order to ensure the quality of our product.\\n-----\\n\\n[Tester]says: [Tester]says: To create a product, we should prioritize fixing the code test failure as our first step to ensure the quality of our product.\\n-----\\n\\n[Developer]says: As a Developer, I will review the test script and ensure that the function_under_test is defined correctly before running the test.\\n-----\\n\\n[Architect]says: As an architect, I will ensure that the necessary functions are properly defined and implemented to prevent errors in the test report.\\n-----\\n\", \"Question\": \"Follow the Instruction section. The Discussion History is in the Context section. You only need to return a list as the Example section.\"}",
    "RepairResponse0": "{\n  \"revised_code\": \"def solve(s):\\n    result = \\\"\\\"\\n    for char in s:\\n        if char.isalpha():\\n            if char.islower():\\n                result += char.upper()\\n            else:\\n                result += char.lower()\\n        else:\\n            result = char + result\\n    if result.isalpha():\\n        return result[::-1]\\n    else:\\n        return result\"\n}",
    "RepairResponse0_prompt": {
        "Role": "You are a professional software engineer. Your duty is to write code in Python that meets the requirements. Ensure that the code you write is efficient, readable, and follows best practices. Remember, do not need to explain the code you wrote.",
        "Instruction": "1. Rewrite a bug fix version of the original code. 2. Response in JSON format.",
        "Example": "{\"revised_code\":\"...\"}",
        "Context": "# Test Report:\nTest Report:\n\nTest script's output:\nE\n======================================================================\nERROR: test (__main__.Test)\n----------------------------------------------------------------------\nTraceback (most recent call last):\n  File \"/Users/watch/PycharmProjects/XXXX-1-LLM/workspace/2024-02-13_16-28-46-469888/test_script.py\", line 18, in test\n    self.assertEqual(function_under_test('1234'), '4321')\nNameError: name 'function_under_test' is not defined\n\n----------------------------------------------------------------------\nRan 1 test in 0.000s\n\nFAILED (errors=1)\n\nConclusion: Code Test Failed\n\nInput and Expected Output Example:\nInput: '1234'\nExpected Output: '4321'\n\nInstruction followed.# suggestions:\n{\"product-owner\": [\"Prioritize fixing the code test failure as the first step to ensure product quality\"], \"architect\": [\"Ensure necessary functions are defined and implemented correctly to avoid errors in the test report\"], \"developer\": [\"Review the test script and ensure that the function_under_test is defined correctly before running the test\"], \"tester\": [\"Identify that the test script failed due to the function_under_test not being defined properly\"]}",
        "Question": "The original code has some bugs, according to the test report and suggestions, rewrite the code. Complete the following code:\n\ndef solve(s):\n    \"\"\"You are given a string s.\n    if s[i] is a letter, reverse its case from lower to upper or vise versa, \n    otherwise keep it as it is.\n    If the string contains no letters, reverse the string.\n    The function should return the resulted string.\n    Examples\n    solve(\"1234\") = \"4321\"\n    solve(\"ab\") = \"AB\"\n    solve(\"#a@C\") = \"#A@c\"\n    \"\"\"\n"
    },
    "Code1": "def solve(s):\n    result = \"\"\n    for char in s:\n        if char.isalpha():\n            if char.islower():\n                result += char.upper()\n            else:\n                result += char.lower()\n        else:\n            result = char + result\n    if result.isalpha():\n        return result[::-1]\n    else:\n        return result",
    "ScriptResult1": "E\n======================================================================\nERROR: test (__main__.Test)\n----------------------------------------------------------------------\nTraceback (most recent call last):\n  File \"/Users/watch/PycharmProjects/XXXX-1-LLM/workspace/2024-02-13_16-28-46-469888/test_script.py\", line 19, in test\n    self.assertEqual(function_under_test('1234'), '4321')\nNameError: name 'function_under_test' is not defined\n\n----------------------------------------------------------------------\nRan 1 test in 0.000s\n\nFAILED (errors=1)\n",
    "TestReport1": "Test Report:\n\nTest script's output:\nE\n======================================================================\nERROR: test (__main__.Test)\n----------------------------------------------------------------------\nTraceback (most recent call last):\n  File \"/Users/watch/PycharmProjects/XXXX-1-LLM/workspace/2024-02-13_16-28-46-469888/test_script.py\", line 19, in test\n    self.assertEqual(function_under_test('1234'), '4321')\nNameError: name 'function_under_test' is not defined\n\n----------------------------------------------------------------------\nRan 1 test in 0.000s\n\nFAILED (errors=1)\n\nConclusion: Code Test Failed\n\nInput and Expected Output Example:\nInput: '1234'\nExpected Output: '4321'\n\nCode:\ndef solve(s):\n    result = \"\"\n    for char in s:\n        if char.isalpha():\n            if char.islower():\n                result += char.upper()\n            else:\n                result += char.lower()\n        else:\n            result = char + result\n    if result.isalpha():\n        return result[::-1]\n    else:\n        return result",
    "SprintReview1": "[ScrumMaster]says: Here is our test Report: Test Report:\n\nTest script's output:\nE\n======================================================================\nERROR: test (__main__.Test)\n----------------------------------------------------------------------\nTraceback (most recent call last):\n  File \"/Users/watch/PycharmProjects/XXXX-1-LLM/workspace/2024-02-13_16-28-46-469888/test_script.py\", line 19, in test\n    self.assertEqual(function_under_test('1234'), '4321')\nNameError: name 'function_under_test' is not defined\n\n----------------------------------------------------------------------\nRan 1 test in 0.000s\n\nFAILED (errors=1)\n\nConclusion: Code Test Failed\n\nInput and Expected Output Example:\nInput: '1234'\nExpected Output: '4321'\n\nCode:\ndef solve(s):\n    result = \"\"\n    for char in s:\n        if char.isalpha():\n            if char.islower():\n                result += char.upper()\n            else:\n                result += char.lower()\n        else:\n            result = char + result\n    if result.isalpha():\n        return result[::-1]\n    else:\n        return result, do you have any ideas?\n-----\n\n[Developer]says: As a Developer, I think the first step is to define the function_under_test before running the test script.\n-----\n\n[ProductOwner]says: As a Product Owner, I think the first step is to review the code and identify the specific areas that need improvement before retesting.\n-----\n\n[Tester]says: As a Tester, it seems that the code is failing due to a NameError for the function_under_test. It's important to ensure that all functions are properly defined and called within the test script.\n-----\n\n[Architect]says: As an Architect, it is important that we review the test report and identify the root cause of the error in the code. We should also ensure that the code follows best practices and standards to prevent similar issues in the future.\n-----\n\n[ProductOwner]says: As a Product Owner, I will prioritize reviewing the code and identifying specific areas for improvement before retesting.\n-----\n\n[Developer]says: [Developer] To create a product, we should define the function_under_test before running the test script. Let's fix the function and rerun the test script to see if it passes.\n-----\n\n[Tester]says: As a Tester, it seems that the code is failing due to a NameError for the function_under_test. It's important to ensure that all functions are properly defined and called within the test script.\n-----\n\n[Architect]says: As an Architect, it is important that we review the test report and identify the root cause of the error in the code. We should also ensure that the code follows best practices and standards to prevent similar issues in the future.\n-----\n",
    "SprintReviewMeetings1": "{\n  \"product-owner\": [\n    \"Review the code and identify specific areas for improvement before retesting\"\n  ],\n  \"architect\": [\n    \"Review the test report and identify the root cause of the error\",\n    \"Ensure the code follows best practices and standards\"\n  ],\n  \"developer\": [\n    \"Define the function_under_test before running the test script\",\n    \"Fix the function and rerun the test script\"\n  ],\n  \"tester\": [\n    \"Ensure all functions are properly defined and called within the test script\"\n  ]\n}",
    "SprintReviewMeetings1_prompt": "{\"Role\": \"You are a professional scrum master. Your goal is to summary the Discussion History into a suggestions list for the scrum team.\", \"Instruction\": \"1. Read and Understand the Discussion History. 2. Summary the suggestions from four roles: product-owner/architect/developer/tester. 3. Response in JSON format.\", \"Example\": \"{\\\"product-owner\\\":[\\\"suggestion1\\\",\\\"suggestion2\\\"],\\\"architect\\\":[\\\"suggestion1\\\",\\\"suggestion2\\\"], \\\"developer\\\":[\\\"suggestion1\\\",\\\"suggestion2\\\"], \\\"tester\\\":[\\\"suggestion1\\\",\\\"suggestion2\\\"]}\", \"Context\": \"[ScrumMaster]says: Here is our test Report: Test Report:\\n\\nTest script's output:\\nE\\n======================================================================\\nERROR: test (__main__.Test)\\n----------------------------------------------------------------------\\nTraceback (most recent call last):\\n  File \\\"/Users/watch/PycharmProjects/XXXX-1-LLM/workspace/2024-02-13_16-28-46-469888/test_script.py\\\", line 19, in test\\n    self.assertEqual(function_under_test('1234'), '4321')\\nNameError: name 'function_under_test' is not defined\\n\\n----------------------------------------------------------------------\\nRan 1 test in 0.000s\\n\\nFAILED (errors=1)\\n\\nConclusion: Code Test Failed\\n\\nInput and Expected Output Example:\\nInput: '1234'\\nExpected Output: '4321'\\n\\nCode:\\ndef solve(s):\\n    result = \\\"\\\"\\n    for char in s:\\n        if char.isalpha():\\n            if char.islower():\\n                result += char.upper()\\n            else:\\n                result += char.lower()\\n        else:\\n            result = char + result\\n    if result.isalpha():\\n        return result[::-1]\\n    else:\\n        return result, do you have any ideas?\\n-----\\n\\n[Developer]says: As a Developer, I think the first step is to define the function_under_test before running the test script.\\n-----\\n\\n[ProductOwner]says: As a Product Owner, I think the first step is to review the code and identify the specific areas that need improvement before retesting.\\n-----\\n\\n[Tester]says: As a Tester, it seems that the code is failing due to a NameError for the function_under_test. It's important to ensure that all functions are properly defined and called within the test script.\\n-----\\n\\n[Architect]says: As an Architect, it is important that we review the test report and identify the root cause of the error in the code. We should also ensure that the code follows best practices and standards to prevent similar issues in the future.\\n-----\\n\\n[ProductOwner]says: As a Product Owner, I will prioritize reviewing the code and identifying specific areas for improvement before retesting.\\n-----\\n\\n[Developer]says: [Developer] To create a product, we should define the function_under_test before running the test script. Let's fix the function and rerun the test script to see if it passes.\\n-----\\n\\n[Tester]says: As a Tester, it seems that the code is failing due to a NameError for the function_under_test. It's important to ensure that all functions are properly defined and called within the test script.\\n-----\\n\\n[Architect]says: As an Architect, it is important that we review the test report and identify the root cause of the error in the code. We should also ensure that the code follows best practices and standards to prevent similar issues in the future.\\n-----\\n\", \"Question\": \"Follow the Instruction section. The Discussion History is in the Context section. You only need to return a list as the Example section.\"}",
    "RepairResponse1": "{\n  \"revised_code\": \"def solve(s):\\n    result = \\\"\\\"\\n    for char in s:\\n        if char.isalpha():\\n            if char.islower():\\n                result += char.upper()\\n            else:\\n                result += char.lower()\\n        else:\\n            result = char + result\\n    if not any(char.isalpha() for char in s):\\n        return s[::-1]\\n    else:\\n        return result\"\n}",
    "RepairResponse1_prompt": {
        "Role": "You are a professional software engineer. Your duty is to write code in Python that meets the requirements. Ensure that the code you write is efficient, readable, and follows best practices. Remember, do not need to explain the code you wrote.",
        "Instruction": "1. Rewrite a bug fix version of the original code. 2. Response in JSON format.",
        "Example": "{\"revised_code\":\"...\"}",
        "Context": "# Test Report:\nTest Report:\n\nTest script's output:\nE\n======================================================================\nERROR: test (__main__.Test)\n----------------------------------------------------------------------\nTraceback (most recent call last):\n  File \"/Users/watch/PycharmProjects/XXXX-1-LLM/workspace/2024-02-13_16-28-46-469888/test_script.py\", line 19, in test\n    self.assertEqual(function_under_test('1234'), '4321')\nNameError: name 'function_under_test' is not defined\n\n----------------------------------------------------------------------\nRan 1 test in 0.000s\n\nFAILED (errors=1)\n\nConclusion: Code Test Failed\n\nInput and Expected Output Example:\nInput: '1234'\nExpected Output: '4321'\n\nCode:\ndef solve(s):\n    result = \"\"\n    for char in s:\n        if char.isalpha():\n            if char.islower():\n                result += char.upper()\n            else:\n                result += char.lower()\n        else:\n            result = char + result\n    if result.isalpha():\n        return result[::-1]\n    else:\n        return result# suggestions:\n{\"product-owner\": [\"Review the code and identify specific areas for improvement before retesting\"], \"architect\": [\"Review the test report and identify the root cause of the error\", \"Ensure the code follows best practices and standards\"], \"developer\": [\"Define the function_under_test before running the test script\", \"Fix the function and rerun the test script\"], \"tester\": [\"Ensure all functions are properly defined and called within the test script\"]}",
        "Question": "The original code has some bugs, according to the test report and suggestions, rewrite the code. Complete the following code:\n\ndef solve(s):\n    \"\"\"You are given a string s.\n    if s[i] is a letter, reverse its case from lower to upper or vise versa, \n    otherwise keep it as it is.\n    If the string contains no letters, reverse the string.\n    The function should return the resulted string.\n    Examples\n    solve(\"1234\") = \"4321\"\n    solve(\"ab\") = \"AB\"\n    solve(\"#a@C\") = \"#A@c\"\n    \"\"\"\n"
    },
    "Code2": "def solve(s):\n    result = \"\"\n    for char in s:\n        if char.isalpha():\n            if char.islower():\n                result += char.upper()\n            else:\n                result += char.lower()\n        else:\n            result = char + result\n    if not any(char.isalpha() for char in s):\n        return s[::-1]\n    else:\n        return result",
    "ScriptResult2": "E\n======================================================================\nERROR: test (__main__.Test)\n----------------------------------------------------------------------\nTraceback (most recent call last):\n  File \"/Users/watch/PycharmProjects/XXXX-1-LLM/workspace/2024-02-13_16-28-46-469888/test_script.py\", line 19, in test\n    self.assertEqual(function_under_test('1234'), '4321')\nNameError: name 'function_under_test' is not defined\n\n----------------------------------------------------------------------\nRan 1 test in 0.000s\n\nFAILED (errors=1)\n",
    "TestReport2": "Test Report:\n\nTest Script's Output:\nE\n======================================================================\nERROR: test (__main__.Test)\n----------------------------------------------------------------------\nTraceback (most recent call last):\n  File \"/Users/watch/PycharmProjects/XXXX-1-LLM/workspace/2024-02-13_16-28-46-469888/test_script.py\", line 19, in test\n    self.assertEqual(function_under_test('1234'), '4321')\nNameError: name 'function_under_test' is not defined\n\n----------------------------------------------------------------------\nRan 1 test in 0.000s\n\nFAILED (errors=1)\n\nConclusion:\nCode Test Failed\n\nInput and Expected Output Example:\nInput: '1234'\nExpected Output: '4321'",
    "SprintReview2": "[ScrumMaster]says: Here is our test Report: Test Report:\n\nTest Script's Output:\nE\n======================================================================\nERROR: test (__main__.Test)\n----------------------------------------------------------------------\nTraceback (most recent call last):\n  File \"/Users/watch/PycharmProjects/XXXX-1-LLM/workspace/2024-02-13_16-28-46-469888/test_script.py\", line 19, in test\n    self.assertEqual(function_under_test('1234'), '4321')\nNameError: name 'function_under_test' is not defined\n\n----------------------------------------------------------------------\nRan 1 test in 0.000s\n\nFAILED (errors=1)\n\nConclusion:\nCode Test Failed\n\nInput and Expected Output Example:\nInput: '1234'\nExpected Output: '4321', do you have any ideas?\n-----\n\n[ProductOwner]says: As a Product Owner, I think we should prioritize fixing the code test failure to ensure the quality of our product.\n-----\n\n[Tester]says: As a Tester, it seems like the code test failed due to a NameError, so we need to define the function_under_test.\n-----\n\n[Architect]says: As an architect, I recommend reviewing the code to ensure that the function_under_test is properly defined and implemented before running the test script.\n-----\n\n[Developer]says: As a Developer, I think the first step is to define the function_under_test in the code in order to address the NameError issue.\n-----\n\n[ProductOwner]says: As a Product Owner, I agree that fixing the code test failure should be our priority to ensure the quality of our product.\n-----\n\n[Tester]says: As a Tester, it seems like the code test failed due to a NameError, so we need to define the function_under_test.\n-----\n\n[Architect]says: As an architect, I recommend reviewing the code to ensure that the function_under_test is properly defined and implemented before running the test script.\n-----\n\n[Developer]says: As a Developer, I will take the first step to define the function_under_test in the code to address the NameError issue.\n-----\n",
    "SprintReviewMeetings2": "{\n  \"product-owner\":[\"I think we should prioritize fixing the code test failure to ensure the quality of our product.\", \"I agree that fixing the code test failure should be our priority to ensure the quality of our product.\"],\n  \"architect\":[\"I recommend reviewing the code to ensure that the function_under_test is properly defined and implemented before running the test script.\"],\n  \"developer\":[\"I think the first step is to define the function_under_test in the code in order to address the NameError issue.\", \"I will take the first step to define the function_under_test in the code to address the NameError issue.\"],\n  \"tester\":[\"It seems like the code test failed due to a NameError, so we need to define the function_under_test.\"]\n}",
    "SprintReviewMeetings2_prompt": "{\"Role\": \"You are a professional scrum master. Your goal is to summary the Discussion History into a suggestions list for the scrum team.\", \"Instruction\": \"1. Read and Understand the Discussion History. 2. Summary the suggestions from four roles: product-owner/architect/developer/tester. 3. Response in JSON format.\", \"Example\": \"{\\\"product-owner\\\":[\\\"suggestion1\\\",\\\"suggestion2\\\"],\\\"architect\\\":[\\\"suggestion1\\\",\\\"suggestion2\\\"], \\\"developer\\\":[\\\"suggestion1\\\",\\\"suggestion2\\\"], \\\"tester\\\":[\\\"suggestion1\\\",\\\"suggestion2\\\"]}\", \"Context\": \"[ScrumMaster]says: Here is our test Report: Test Report:\\n\\nTest Script's Output:\\nE\\n======================================================================\\nERROR: test (__main__.Test)\\n----------------------------------------------------------------------\\nTraceback (most recent call last):\\n  File \\\"/Users/watch/PycharmProjects/XXXX-1-LLM/workspace/2024-02-13_16-28-46-469888/test_script.py\\\", line 19, in test\\n    self.assertEqual(function_under_test('1234'), '4321')\\nNameError: name 'function_under_test' is not defined\\n\\n----------------------------------------------------------------------\\nRan 1 test in 0.000s\\n\\nFAILED (errors=1)\\n\\nConclusion:\\nCode Test Failed\\n\\nInput and Expected Output Example:\\nInput: '1234'\\nExpected Output: '4321', do you have any ideas?\\n-----\\n\\n[ProductOwner]says: As a Product Owner, I think we should prioritize fixing the code test failure to ensure the quality of our product.\\n-----\\n\\n[Tester]says: As a Tester, it seems like the code test failed due to a NameError, so we need to define the function_under_test.\\n-----\\n\\n[Architect]says: As an architect, I recommend reviewing the code to ensure that the function_under_test is properly defined and implemented before running the test script.\\n-----\\n\\n[Developer]says: As a Developer, I think the first step is to define the function_under_test in the code in order to address the NameError issue.\\n-----\\n\\n[ProductOwner]says: As a Product Owner, I agree that fixing the code test failure should be our priority to ensure the quality of our product.\\n-----\\n\\n[Tester]says: As a Tester, it seems like the code test failed due to a NameError, so we need to define the function_under_test.\\n-----\\n\\n[Architect]says: As an architect, I recommend reviewing the code to ensure that the function_under_test is properly defined and implemented before running the test script.\\n-----\\n\\n[Developer]says: As a Developer, I will take the first step to define the function_under_test in the code to address the NameError issue.\\n-----\\n\", \"Question\": \"Follow the Instruction section. The Discussion History is in the Context section. You only need to return a list as the Example section.\"}",
    "RepairResponse2": "{\n\t\"revised_code\": \"def solve(s):\\n    result = ''\\n    for char in s:\\n        if char.isalpha():\\n            if char.islower():\\n                result += char.upper()\\n            else:\\n                result += char.lower()\\n        else:\\n            result = s[::-1]\\n            break\\n    return result\"\n}",
    "RepairResponse2_prompt": {
        "Role": "You are a professional software engineer. Your duty is to write code in Python that meets the requirements. Ensure that the code you write is efficient, readable, and follows best practices. Remember, do not need to explain the code you wrote.",
        "Instruction": "1. Rewrite a bug fix version of the original code. 2. Response in JSON format.",
        "Example": "{\"revised_code\":\"...\"}",
        "Context": "# Test Report:\nTest Report:\n\nTest Script's Output:\nE\n======================================================================\nERROR: test (__main__.Test)\n----------------------------------------------------------------------\nTraceback (most recent call last):\n  File \"/Users/watch/PycharmProjects/XXXX-1-LLM/workspace/2024-02-13_16-28-46-469888/test_script.py\", line 19, in test\n    self.assertEqual(function_under_test('1234'), '4321')\nNameError: name 'function_under_test' is not defined\n\n----------------------------------------------------------------------\nRan 1 test in 0.000s\n\nFAILED (errors=1)\n\nConclusion:\nCode Test Failed\n\nInput and Expected Output Example:\nInput: '1234'\nExpected Output: '4321'# suggestions:\n{\"product-owner\": [\"I think we should prioritize fixing the code test failure to ensure the quality of our product.\", \"I agree that fixing the code test failure should be our priority to ensure the quality of our product.\"], \"architect\": [\"I recommend reviewing the code to ensure that the function_under_test is properly defined and implemented before running the test script.\"], \"developer\": [\"I think the first step is to define the function_under_test in the code in order to address the NameError issue.\", \"I will take the first step to define the function_under_test in the code to address the NameError issue.\"], \"tester\": [\"It seems like the code test failed due to a NameError, so we need to define the function_under_test.\"]}",
        "Question": "The original code has some bugs, according to the test report and suggestions, rewrite the code. Complete the following code:\n\ndef solve(s):\n    \"\"\"You are given a string s.\n    if s[i] is a letter, reverse its case from lower to upper or vise versa, \n    otherwise keep it as it is.\n    If the string contains no letters, reverse the string.\n    The function should return the resulted string.\n    Examples\n    solve(\"1234\") = \"4321\"\n    solve(\"ab\") = \"AB\"\n    solve(\"#a@C\") = \"#A@c\"\n    \"\"\"\n"
    },
    "Code3": "def solve(s):\n    result = ''\n    for char in s:\n        if char.isalpha():\n            if char.islower():\n                result += char.upper()\n            else:\n                result += char.lower()\n        else:\n            result = s[::-1]\n            break\n    return result",
    "ScriptResult3": "E\n======================================================================\nERROR: test (__main__.Test)\n----------------------------------------------------------------------\nTraceback (most recent call last):\n  File \"/Users/watch/PycharmProjects/XXXX-1-LLM/workspace/2024-02-13_16-28-46-469888/test_script.py\", line 17, in test\n    self.assertEqual(function_under_test('1234'), '4321')\nNameError: name 'function_under_test' is not defined\n\n----------------------------------------------------------------------\nRan 1 test in 0.000s\n\nFAILED (errors=1)\n",
    "TestReport3": "Test Report:\n\nTest script's output:\nE\n======================================================================\nERROR: test (__main__.Test)\n----------------------------------------------------------------------\nTraceback (most recent call last):\n  File \"/Users/watch/PycharmProjects/XXXX-1-LLM/workspace/2024-02-13_16-28-46-469888/test_script.py\", line 17, in test\n    self.assertEqual(function_under_test('1234'), '4321')\nNameError: name 'function_under_test' is not defined\n\n----------------------------------------------------------------------\nRan 1 test in 0.000s\n\nFAILED (errors=1)\n\nConclusion: Code Test Failed\n\nInput and Expected Output Example:\nInput: '1234'\nExpected Output: '4321'\n\nCode:\ndef solve(s):\n    result = ''\n    for char in s:\n        if char.isalpha():\n            if char.islower():\n                result += char.upper()\n            else:\n                result += char.lower()\n        else:\n            result = s[::-1]\n            break\n    return result\n\nNote: The code has failed the test due to a NameError as 'function_under_test' is not defined. Additionally, the input and expected output example has been provided for reference."
}