{
    "start_time": "2024-03-11_09-00-29-068014",
    "task": "def lps(str): \n'''Write a function to find the length of the longest palindromic subsequence in the given string.\nassert lps(\"TENS FOR TENS\") == 5'''\n",
    "datetime": {
        "task": "2024-03-11 09:00:29",
        "task-id": "2024-03-11 09:00:29",
        "workflow": "2024-03-11 09:00:29",
        "Discussion": "2024-03-11 09:00:30",
        "DisorderedSprintMeetings": "2024-03-11 09:00:31",
        "DesignDraft0": "2024-03-11 09:00:33",
        "DesignMeetings0": "2024-03-11 09:00:35",
        "Design0": "2024-03-11 09:00:36",
        "CodeDraft0": "2024-03-11 09:00:39",
        "CodeReviewMeetings0": "2024-03-11 09:00:40",
        "Code0CR": "2024-03-11 09:00:43",
        "FinalCode": "2024-03-11 09:01:15",
        "Test Cases Draft": "2024-03-11 09:00:45",
        "Test Cases Meetings": "2024-03-11 09:00:46",
        "Test Cases": "2024-03-11 09:00:49",
        "Code0": "2024-03-11 09:00:52",
        "TestScriptOriginal": "2024-03-11 09:00:55",
        "TestScript": "2024-03-11 09:00:55",
        "ScriptResult0": "2024-03-11 09:00:55",
        "TestReport0": "2024-03-11 09:00:57",
        "SprintReview0": "2024-03-11 09:00:59",
        "SprintReviewMeetings0": "2024-03-11 09:01:01",
        "RepairResponse0": "2024-03-11 09:01:03",
        "Code1": "2024-03-11 09:01:03",
        "ScriptResult1": "2024-03-11 09:01:03",
        "TestReport1": "2024-03-11 09:01:07",
        "SprintReview1": "2024-03-11 09:01:09",
        "SprintReviewMeetings1": "2024-03-11 09:01:13",
        "RepairResponse1": "2024-03-11 09:01:15",
        "Code2": "2024-03-11 09:01:15",
        "ScriptResult2": "2024-03-11 09:01:15",
        "TestReport2": "2024-03-11 09:01:16"
    },
    "task-id": 247,
    "workflow": "agile/agile_version_0.0.5_remove.json",
    "Discussion": "[ScrumMaster]says: We have a job: def lps(str): \n'''Write a function to find the length of the longest palindromic subsequence in the given string.\nassert lps(\"TENS FOR TENS\") == 5'''\n, do you have any ideas?\n-----\n\n[Developer]says: As a Developer, I will start by analyzing the problem and coming up with a plan to approach it.\n-----\n\n[Tester]says: As a Tester, I think we should consider edge cases and invalid inputs when testing the function.\n-----\n\n[ProductOwner]says: As a Product Owner, I think we should start by discussing the user requirements and prioritize the features that will add the most value to the product.\n-----\n\n[Architect]says: As an architect, in order to develop a product, it is important that we analyze the problem and design a solution that is efficient and scalable.\n-----\n\n[Tester]says: As a Tester, I agree with the Developer's approach and will also consider edge cases and invalid inputs when testing the function.\n-----\n\n[ProductOwner]says: As a Product Owner, I think we should prioritize the user requirements and features that will add the most value to the product.\n-----\n\n[Architect]says: As an architect, I will prioritize designing a solution that is efficient and scalable to address the user requirements.\n-----\n\n[Developer]says: [Developer] To create a product, we should start by analyzing the problem and coming up with a plan to approach it. I think the first step is to break down the problem into smaller, manageable subproblems. In order to develop a product, it is important that we consider the efficiency and correctness of our solution. I will begin by researching different strategies for finding the longest palindromic subsequence.\n-----\n",
    "DisorderedSprintMeetings": "{\n  \"product-owner\": [\"Discuss user requirements\", \"Prioritize features\"],\n  \"architect\": [\"Analyze problem\", \"Design efficient solution\"],\n  \"developer\": [\"Analyze problem\", \"Research strategies\"],\n  \"tester\": [\"Consider edge cases\", \"Test function\"]\n}",
    "DisorderedSprintMeetings_prompt": "{\"Role\": \"You are a professional scrum master. Your goal is to breakdown the Discussion History into a task list for the scrum team.\", \"Instruction\": \"1. Read and Understand the Discussion History. 2. Define the tasks for four roles: product-owner/architect/developer/tester. 3. Response in JSON format.\", \"Example\": \"{\\\"product-owner\\\":[\\\"task1\\\",\\\"task2\\\"],\\\"architect\\\":[\\\"task1\\\",\\\"task2\\\"], \\\"developer\\\":[\\\"task1\\\",\\\"task2\\\"], \\\"tester\\\":[\\\"task1\\\",\\\"task2\\\"]}\", \"Context\": \"[ScrumMaster]says: We have a job: def lps(str): \\n'''Write a function to find the length of the longest palindromic subsequence in the given string.\\nassert lps(\\\"TENS FOR TENS\\\") == 5'''\\n, do you have any ideas?\\n-----\\n\\n[Developer]says: As a Developer, I will start by analyzing the problem and coming up with a plan to approach it.\\n-----\\n\\n[Tester]says: As a Tester, I think we should consider edge cases and invalid inputs when testing the function.\\n-----\\n\\n[ProductOwner]says: As a Product Owner, I think we should start by discussing the user requirements and prioritize the features that will add the most value to the product.\\n-----\\n\\n[Architect]says: As an architect, in order to develop a product, it is important that we analyze the problem and design a solution that is efficient and scalable.\\n-----\\n\\n[Tester]says: As a Tester, I agree with the Developer's approach and will also consider edge cases and invalid inputs when testing the function.\\n-----\\n\\n[ProductOwner]says: As a Product Owner, I think we should prioritize the user requirements and features that will add the most value to the product.\\n-----\\n\\n[Architect]says: As an architect, I will prioritize designing a solution that is efficient and scalable to address the user requirements.\\n-----\\n\\n[Developer]says: [Developer] To create a product, we should start by analyzing the problem and coming up with a plan to approach it. I think the first step is to break down the problem into smaller, manageable subproblems. In order to develop a product, it is important that we consider the efficiency and correctness of our solution. I will begin by researching different strategies for finding the longest palindromic subsequence.\\n-----\\n\", \"Question\": \"Follow the Instruction section. The Discussion History is in the Context section. You only need to return a task list as the Example section.\"}",
    "DesignDraft0": "Design:\n\n- Define a function called lps that takes a string as input.\n- Analyze the problem and identify the need to find the length of the longest palindromic subsequence in the given string.\n- Use dynamic programming to efficiently solve the problem.\n- Guide the developer to utilize appropriate data structures and algorithms for finding the longest palindromic subsequence.\n- Encourage the developer to consider edge cases and handle them appropriately in the code.\n\nBy following this high-level design, the developer can write code that efficiently finds the length of the longest palindromic subsequence in the given string.",
    "DesignMeetings0": "{\n  \"Developer\": \"As a developer, I would suggest using dynamic programming to efficiently solve the problem. I would also recommend utilizing appropriate data structures and algorithms for finding the longest palindromic subsequence. Additionally, handling edge cases appropriately in the code is crucial for accurate results.\",\n  \"Tester\": \"As a tester, I would suggest thoroughly testing the function lps with various input strings including edge cases to ensure it returns the correct length of the longest palindromic subsequence. Testing for performance with large input strings is also important to ensure efficiency.\"\n}",
    "Design0": "Based on the suggestions provided, I have updated the design as follows:\n\nDesign:\n- Define a function called lps that takes a string as input.\n- Utilize dynamic programming to efficiently solve the problem of finding the length of the longest palindromic subsequence in the given string.\n- Guide the developer to utilize appropriate data structures and algorithms for finding the longest palindromic subsequence.\n- Encourage the developer to thoroughly test the lps function with various input strings, including edge cases, to ensure it returns the correct length of the longest palindromic subsequence.\n- Additionally, testing for performance with large input strings is important to ensure efficiency.\n- Consider and handle edge cases appropriately in the code for accurate results.\n\nBy following this updated design, the developer can efficiently find the length of the longest palindromic subsequence in the given string while considering appropriate data structures, algorithms, and thorough testing.",
    "CodeDraft0": "def lps(s):\n    n = len(s)\n    dp = [[0]*n for _ in range(n)]\n    for i in range(n-1, -1, -1):\n        dp[i][i] = 1\n        for j in range(i+1, n):\n            if s[i] == s[j]:\n                dp[i][j] = dp[i+1][j-1] + 2\n            else:\n                dp[i][j] = max(dp[i+1][j], dp[i][j-1])\n    return dp[0][n-1]\n\nassert lps(\"TENS FOR TENS\") == 5",
    "CodeDraft0_prompt": {
        "Role": "You are a professional engineer. Your duty is to write code in Python that meets the requirements. Ensure that the code you write is efficient, readable, and follows best practices. Remember, do not need to explain the code you wrote.",
        "Instruction": "According to the Context section, write your code.",
        "Example": "",
        "Context": "# Tasks:\n['Analyze problem', 'Research strategies']\n# Design:\nBased on the suggestions provided, I have updated the design as follows:\n\nDesign:\n- Define a function called lps that takes a string as input.\n- Utilize dynamic programming to efficiently solve the problem of finding the length of the longest palindromic subsequence in the given string.\n- Guide the developer to utilize appropriate data structures and algorithms for finding the longest palindromic subsequence.\n- Encourage the developer to thoroughly test the lps function with various input strings, including edge cases, to ensure it returns the correct length of the longest palindromic subsequence.\n- Additionally, testing for performance with large input strings is important to ensure efficiency.\n- Consider and handle edge cases appropriately in the code for accurate results.\n\nBy following this updated design, the developer can efficiently find the length of the longest palindromic subsequence in the given string while considering appropriate data structures, algorithms, and thorough testing.",
        "Question": "Follow the Instruction section. Complete the following code:\ndef lps(str): \n'''Write a function to find the length of the longest palindromic subsequence in the given string.\nassert lps(\"TENS FOR TENS\") == 5'''\n"
    },
    "CodeReviewMeetings0": "{\n  \"Architect\": \"Consider using a more descriptive function name instead of 'lps'. Add comments to explain the purpose of the code and the algorithm used. Consider breaking the code into smaller functions for better readability and maintainability.\",\n  \"Tester\": \"Test the function with different input strings, including empty string, single character string, and long string. Verify the correctness of the function by comparing the output with manually calculated longest palindromic subsequence for each input.\"\n}",
    "Code0CR": "def longest_palindromic_subsequence_length(s):\n    # Write a function to find the length of the longest palindromic subsequence in the given string.\n    n = len(s)\n    dp = [[0] * n for _ in range(n)]\n    \n    for i in range(n):\n        dp[i][i] = 1\n    \n    for cl in range(2, n + 1):\n        for i in range(n - cl + 1):\n            j = i + cl - 1\n            if s[i] == s[j] and cl == 2:\n                dp[i][j] = 2\n            elif s[i] == s[j]:\n                dp[i][j] = dp[i + 1][j - 1] + 2\n            else:\n                dp[i][j] = max(dp[i][j - 1], dp[i + 1][j])\n    \n    return dp[0][n - 1]\n\nassert longest_palindromic_subsequence_length(\"TENS FOR TENS\") == 5",
    "Code0CR_prompt": "{\"Role\": \"You are a professional software engineer. Your duty is to write code in Python that meets the requirements. Ensure that the code you write is efficient, readable, and follows best practices. Remember, do not need to explain the code you wrote.\", \"Instruction\": \"1. Understand the suggestions(in the Context section) about the original code. 2. Rewrite your code.\", \"Example\": \"\", \"Context\": \"# Tasks:\\n['Analyze problem', 'Research strategies']\\n# Design:\\nBased on the suggestions provided, I have updated the design as follows:\\n\\nDesign:\\n- Define a function called lps that takes a string as input.\\n- Utilize dynamic programming to efficiently solve the problem of finding the length of the longest palindromic subsequence in the given string.\\n- Guide the developer to utilize appropriate data structures and algorithms for finding the longest palindromic subsequence.\\n- Encourage the developer to thoroughly test the lps function with various input strings, including edge cases, to ensure it returns the correct length of the longest palindromic subsequence.\\n- Additionally, testing for performance with large input strings is important to ensure efficiency.\\n- Consider and handle edge cases appropriately in the code for accurate results.\\n\\nBy following this updated design, the developer can efficiently find the length of the longest palindromic subsequence in the given string while considering appropriate data structures, algorithms, and thorough testing.# Suggestions:\\n{\\n  \\\"Architect\\\": \\\"Consider using a more descriptive function name instead of 'lps'. Add comments to explain the purpose of the code and the algorithm used. Consider breaking the code into smaller functions for better readability and maintainability.\\\",\\n  \\\"Tester\\\": \\\"Test the function with different input strings, including empty string, single character string, and long string. Verify the correctness of the function by comparing the output with manually calculated longest palindromic subsequence for each input.\\\"\\n}\", \"Question\": \"Follow the Instruction section. Complete the following code:\\ndef lps(str): \\n'''Write a function to find the length of the longest palindromic subsequence in the given string.\\nassert lps(\\\"TENS FOR TENS\\\") == 5'''\\n\"}",
    "FinalCode": "def lps(s): \n    n = len(s)\n    if n == 0:\n        return 0\n    dp = [[0]*n for _ in range(n)]\n    for i in range(n-1, -1, -1):\n        dp[i][i] = 1\n        for j in range(i+1, n):\n            if s[i] == s[j]:\n                dp[i][j] = 2 + dp[i+1][j-1]\n            else:\n                dp[i][j] = max(dp[i+1][j], dp[i][j-1])\n    return dp[0][n-1]",
    "Test Cases Draft": "{\n  \"test_cases\": [\n    {\n      \"Test Title\": \"Empty String Test\",\n      \"Input Data\": \"parameter1='', parameter2=''\",\n      \"Expected Output\": \"0\"\n    },\n    {\n      \"Test Title\": \"Single Character String Test\",\n      \"Input Data\": \"parameter1='a', parameter2=''\",\n      \"Expected Output\": \"1\"\n    },\n    {\n      \"Test Title\": \"General Case Test\",\n      \"Input Data\": \"parameter1='TENS FOR TENS', parameter2=''\",\n      \"Expected Output\": \"5\"\n    },\n    {\n      \"Test Title\": \"Case Insensitivity Test\",\n      \"Input Data\": \"parameter1='TenS For tEnS', parameter2=''\",\n      \"Expected Output\": \"5\"\n    },\n    {\n      \"Test Title\": \"Long String Test\",\n      \"Input Data\": \"parameter1='abcdeedcba', parameter2=''\",\n      \"Expected Output\": \"9\"\n    }\n  ]\n}",
    "Test Cases Draft_prompt": "{\"Role\": \"You are a quality assurance engineer. Your duty is to design test cases for the developers.\", \"Instruction\": \"According to the Context section, write test cases. Don't write long strings in your test cases. Response in JSON format.\", \"Example\": \"{\\\"requirement analysis\\\":\\\"analysis\\\",\\\"test_cases\\\":[{\\\"Test Title\\\":\\\"title\\\", \\\"Input Data\\\":\\\"parameter1=[1,2,3],parameter2='123'\\\", \\\"Expected Output\\\":\\\"456\\\"},]}\", \"Context\": \"# Tasks:\\n['Consider edge cases', 'Test function']\\n# Design:\\nBased on the suggestions provided, I have updated the design as follows:\\n\\nDesign:\\n- Define a function called lps that takes a string as input.\\n- Utilize dynamic programming to efficiently solve the problem of finding the length of the longest palindromic subsequence in the given string.\\n- Guide the developer to utilize appropriate data structures and algorithms for finding the longest palindromic subsequence.\\n- Encourage the developer to thoroughly test the lps function with various input strings, including edge cases, to ensure it returns the correct length of the longest palindromic subsequence.\\n- Additionally, testing for performance with large input strings is important to ensure efficiency.\\n- Consider and handle edge cases appropriately in the code for accurate results.\\n\\nBy following this updated design, the developer can efficiently find the length of the longest palindromic subsequence in the given string while considering appropriate data structures, algorithms, and thorough testing.\", \"Question\": \"def lps(str): \\n'''Write a function to find the length of the longest palindromic subsequence in the given string.\\nassert lps(\\\"TENS FOR TENS\\\") == 5'''\\n\"}",
    "Test Cases Meetings": "{\n  \"Architect\": \"As an Architect, I would suggest revising the test cases to include boundary value tests such as input with special characters, numbers, and longer strings to ensure the robustness of the solution. Additionally, I would recommend adding test cases for error handling and edge cases to cover all possible scenarios.\"\n  ,\n  \"Developer\": \"As a Developer, I would suggest revising the test cases to include negative test cases such as input with null values, invalid characters, and unexpected input formats. I would also recommend adding test cases for performance testing with large input data to ensure the efficiency of the solution.\"\n}",
    "Test Cases": "{\n  \"test_cases\": [\n    {\n      \"Test Title\": \"Empty String Test\",\n      \"Input Data\": \"parameter1='', parameter2=''\",\n      \"Expected Output\": \"0\"\n    },\n    {\n      \"Test Title\": \"Single Character String Test\",\n      \"Input Data\": \"parameter1='a', parameter2=''\",\n      \"Expected Output\": \"1\"\n    },\n    {\n      \"Test Title\": \"General Case Test\",\n      \"Input Data\": \"parameter1='TENS FOR TENS', parameter2=''\",\n      \"Expected Output\": \"5\"\n    },\n    {\n      \"Test Title\": \"Case Insensitivity Test\",\n      \"Input Data\": \"parameter1='TenS For tEnS', parameter2=''\",\n      \"Expected Output\": \"5\"\n    },\n    {\n      \"Test Title\": \"Long String Test\",\n      \"Input Data\": \"parameter1='abcdeedcba', parameter2=''\",\n      \"Expected Output\": \"9\"\n    }\n  ]\n}",
    "Test Cases_prompt": "{\"Role\": \"You are a quality assurance engineer. Your duty is to revise the test cases based on the suggestions.\", \"Instruction\": \"1. Your colleague give you some suggestions(in the Context section) about the draft test cases, read these suggestions. 2. Revise your draft version test cases, but don't use long parameters. 3. Response in JSON format.\", \"Example\": \"{\\\"requirement analysis\\\":\\\"analysis\\\",\\\"test_cases\\\":[{\\\"Test Title\\\":\\\"title\\\", \\\"Input Data\\\":\\\"parameter1=[1,2,3],parameter2='123'\\\", \\\"Expected Output\\\":\\\"456\\\"},]}\", \"Context\": \"# Suggestions:\\n{\\n  \\\"Architect\\\": \\\"As an Architect, I would suggest revising the test cases to include boundary value tests such as input with special characters, numbers, and longer strings to ensure the robustness of the solution. Additionally, I would recommend adding test cases for error handling and edge cases to cover all possible scenarios.\\\"\\n  ,\\n  \\\"Developer\\\": \\\"As a Developer, I would suggest revising the test cases to include negative test cases such as input with null values, invalid characters, and unexpected input formats. I would also recommend adding test cases for performance testing with large input data to ensure the efficiency of the solution.\\\"\\n}\\n # Draft Test cases:\\n{\\n  \\\"test_cases\\\": [\\n    {\\n      \\\"Test Title\\\": \\\"Empty String Test\\\",\\n      \\\"Input Data\\\": \\\"parameter1='', parameter2=''\\\",\\n      \\\"Expected Output\\\": \\\"0\\\"\\n    },\\n    {\\n      \\\"Test Title\\\": \\\"Single Character String Test\\\",\\n      \\\"Input Data\\\": \\\"parameter1='a', parameter2=''\\\",\\n      \\\"Expected Output\\\": \\\"1\\\"\\n    },\\n    {\\n      \\\"Test Title\\\": \\\"General Case Test\\\",\\n      \\\"Input Data\\\": \\\"parameter1='TENS FOR TENS', parameter2=''\\\",\\n      \\\"Expected Output\\\": \\\"5\\\"\\n    },\\n    {\\n      \\\"Test Title\\\": \\\"Case Insensitivity Test\\\",\\n      \\\"Input Data\\\": \\\"parameter1='TenS For tEnS', parameter2=''\\\",\\n      \\\"Expected Output\\\": \\\"5\\\"\\n    },\\n    {\\n      \\\"Test Title\\\": \\\"Long String Test\\\",\\n      \\\"Input Data\\\": \\\"parameter1='abcdeedcba', parameter2=''\\\",\\n      \\\"Expected Output\\\": \\\"9\\\"\\n    }\\n  ]\\n}\", \"Question\": \"Follow the Instruction. Please make sure your response length are less than 512. Your test cases is for the below question:\\ndef lps(str): \\n'''Write a function to find the length of the longest palindromic subsequence in the given string.\\nassert lps(\\\"TENS FOR TENS\\\") == 5'''\\n\"}",
    "Code0": "def longest_palindromic_subsequence_length(s):\n    n = len(s)\n    dp = [[0] * n for _ in range(n)]\n    \n    for i in range(n):\n        dp[i][i] = 1\n    \n    for cl in range(2, n + 1):\n        for i in range(n - cl + 1):\n            j = i + cl - 1\n            if s[i] == s[j] and cl == 2:\n                dp[i][j] = 2\n            elif s[i] == s[j]:\n                dp[i][j] = dp[i + 1][j - 1] + 2\n            else:\n                dp[i][j] = max(dp[i][j - 1], dp[i + 1][j])\n    \n    return dp[0][n - 1]\n\nassert longest_palindromic_subsequence_length(\"TENS FOR TENS\") == 5\nassert longest_palindromic_subsequence_length(\"\") == 0\nassert longest_palindromic_subsequence_length(\"a\") == 1\nassert longest_palindromic_subsequence_length(\"TENS FOR TENS\") == 5\nassert longest_palindromic_subsequence_length(\"TenS For tEnS\") == 5\nassert longest_palindromic_subsequence_length(\"abcdeedcba\") == 9",
    "Code0_prompt": {
        "Role": "You are a professional software engineer. Your duty is to write code in Python that meets the requirements. Ensure that the code you write is efficient, readable, and follows best practices. Remember, do not need to explain the code you wrote.",
        "Instruction": "1. Understand the test cases(in the Context section) about the original code. 2. Rewrite your code, make sure your code pass all test cases.",
        "Example": "",
        "Context": "# Original Code:\ndef longest_palindromic_subsequence_length(s):\n    # Write a function to find the length of the longest palindromic subsequence in the given string.\n    n = len(s)\n    dp = [[0] * n for _ in range(n)]\n    \n    for i in range(n):\n        dp[i][i] = 1\n    \n    for cl in range(2, n + 1):\n        for i in range(n - cl + 1):\n            j = i + cl - 1\n            if s[i] == s[j] and cl == 2:\n                dp[i][j] = 2\n            elif s[i] == s[j]:\n                dp[i][j] = dp[i + 1][j - 1] + 2\n            else:\n                dp[i][j] = max(dp[i][j - 1], dp[i + 1][j])\n    \n    return dp[0][n - 1]\n\nassert longest_palindromic_subsequence_length(\"TENS FOR TENS\") == 5\n# Test Cases:\n{\n  \"test_cases\": [\n    {\n      \"Test Title\": \"Empty String Test\",\n      \"Input Data\": \"parameter1='', parameter2=''\",\n      \"Expected Output\": \"0\"\n    },\n    {\n      \"Test Title\": \"Single Character String Test\",\n      \"Input Data\": \"parameter1='a', parameter2=''\",\n      \"Expected Output\": \"1\"\n    },\n    {\n      \"Test Title\": \"General Case Test\",\n      \"Input Data\": \"parameter1='TENS FOR TENS', parameter2=''\",\n      \"Expected Output\": \"5\"\n    },\n    {\n      \"Test Title\": \"Case Insensitivity Test\",\n      \"Input Data\": \"parameter1='TenS For tEnS', parameter2=''\",\n      \"Expected Output\": \"5\"\n    },\n    {\n      \"Test Title\": \"Long String Test\",\n      \"Input Data\": \"parameter1='abcdeedcba', parameter2=''\",\n      \"Expected Output\": \"9\"\n    }\n  ]\n}",
        "Question": "def lps(str): \n'''Write a function to find the length of the longest palindromic subsequence in the given string.\nassert lps(\"TENS FOR TENS\") == 5'''\n"
    },
    "TestScriptOriginal": "import unittest\n\ndef lps(s):\n    n = len(s)\n    dp = [[0 for x in range(n)] for y in range(n)]\n    \n    for i in range(n):\n        dp[i][i] = 1\n    \n    for cl in range(2, n+1):\n        for i in range(n - cl + 1):\n            j = i + cl - 1\n            if s[i] == s[j] and cl == 2:\n                dp[i][j] = 2\n            elif s[i] == s[j]:\n                dp[i][j] = dp[i + 1][j - 1] + 2\n            else:\n                dp[i][j] = max(dp[i][j - 1], dp[i + 1][j])\n    \n    return dp[0][n - 1]\n\nclass Test(unittest.TestCase):\n    def test_lps(self):\n        self.assertEqual(lps(\"TENS FOR TENS\"), 5)\n\nif __name__ == '__main__':\n    unittest.main()",
    "TestScriptOriginal_prompt": "{\"Role\": \"You are a quality assurance engineer. Your duty is to write a python test script in unittest framework.\", \"Instruction\": \"1. Write a python test script. 2. Use the input and output given by the question.\", \"Example\": \"import unittest\\n\\nclass Test(unittest.TestCase):\\n    def test(self):\\n        self.assertEqual(function_under_test('a'), 1)\\n\\nif __name__ == '__main__':\\n    unittest.main()\", \"Context\": \"\", \"Question\": \"def lps(str): \\n'''Write a function to find the length of the longest palindromic subsequence in the given string.\\nassert lps(\\\"TENS FOR TENS\\\") == 5'''\\n\"}",
    "TestScript": "import unittest\n\nclass Test(unittest.TestCase):\n    def test_lps(self):\n        self.assertEqual(lps(\"TENS FOR TENS\"), 5)\n\nif __name__ == '__main__':\n    unittest.main()",
    "ScriptResult0": "Traceback (most recent call last):\n  File \"/Users/watch/PycharmProjects/XXXX-1-LLM/workspace/2024-03-11_09-00-29-068014/test_script.py\", line 21, in <module>\n    assert longest_palindromic_subsequence_length(\"\") == 0\n  File \"/Users/watch/PycharmProjects/XXXX-1-LLM/workspace/2024-03-11_09-00-29-068014/test_script.py\", line 18, in longest_palindromic_subsequence_length\n    return dp[0][n - 1]\nIndexError: list index out of range\n",
    "TestReport0": "Test Report:\n\nTest script's output:\nTraceback (most recent call last):\n  File \"/Users/watch/PycharmProjects/XXXX-1-LLM/workspace/2024-03-11_09-00-29-068014/test_script.py\", line 21, in <module>\n    assert longest_palindromic_subsequence_length(\"\") == 0\n  File \"/Users/watch/PycharmProjects/XXXX-1-LLM/workspace/2024-03-11_09-00-29-068014/test_script.py\", line 18, in longest_palindromic_subsequence_length\n    return dp[0][n - 1]\nIndexError: list index out of range\n\nBased on the output of the test script, it is clear that the code has failed the tests. The specific error encountered is an \"IndexError\" indicating that the list index is out of range.\n\nExample of Input and Expected Output:\nInput: \"\"\nExpected Output: 0\n\nConclusion:\nCode Test Failed.",
    "SprintReview0": "[ScrumMaster]says: Here is our test Report: Test Report:\n\nTest script's output:\nTraceback (most recent call last):\n  File \"/Users/watch/PycharmProjects/XXXX-1-LLM/workspace/2024-03-11_09-00-29-068014/test_script.py\", line 21, in <module>\n    assert longest_palindromic_subsequence_length(\"\") == 0\n  File \"/Users/watch/PycharmProjects/XXXX-1-LLM/workspace/2024-03-11_09-00-29-068014/test_script.py\", line 18, in longest_palindromic_subsequence_length\n    return dp[0][n - 1]\nIndexError: list index out of range\n\nBased on the output of the test script, it is clear that the code has failed the tests. The specific error encountered is an \"IndexError\" indicating that the list index is out of range.\n\nExample of Input and Expected Output:\nInput: \"\"\nExpected Output: 0\n\nConclusion:\nCode Test Failed., do you have any ideas?\n-----\n\n[Architect]says: As an Architect, I would suggest reviewing the code to ensure that the list index is properly handled and that the function returns the expected output for the given input.\n-----\n\n[ProductOwner]says: As a Product Owner, I think we should prioritize fixing the code to address the IndexError issue and ensure the test cases pass before moving forward with any new development.\n-----\n\n[Tester]says: As a Tester, it seems like there is an issue with the code encountering an IndexError, possibly due to the list index being out of range. We should investigate and fix this issue before proceeding further.\n-----\n\n[Developer]says: As a Developer, it seems like the code is encountering an \"IndexError\" due to a list index being out of range. I suggest reviewing the code to ensure proper boundary conditions are being handled.\n-----\n\n[Developer]says: As a Developer, I suggest reviewing the code to ensure proper boundary conditions are being handled.\n-----\n\n[Architect]says: As an Architect, I would suggest reviewing the code to ensure that the list index is properly handled and that the function returns the expected output for the given input.\n-----\n\n[ProductOwner]says: As a Product Owner, I think we should prioritize fixing the code to address the IndexError issue and ensure the test cases pass before moving forward with any new development.\n-----\n\n[Tester]says: As a Tester, it seems like there is an issue with the code encountering an IndexError, possibly due to the list index being out of range. We should investigate and fix this issue before proceeding further.\n-----\n",
    "SprintReviewMeetings0": "{\n  \"product-owner\":[\"I think we should prioritize fixing the code to address the IndexError issue and ensure the test cases pass before moving forward with any new development.\"],\n  \"architect\":[\"I would suggest reviewing the code to ensure that the list index is properly handled and that the function returns the expected output for the given input.\"],\n  \"developer\":[\"It seems like the code is encountering an \\\"IndexError\\\" due to a list index being out of range. I suggest reviewing the code to ensure proper boundary conditions are being handled.\"],\n  \"tester\":[\"It seems like there is an issue with the code encountering an IndexError, possibly due to the list index being out of range. We should investigate and fix this issue before proceeding further.\"]\n}",
    "SprintReviewMeetings0_prompt": "{\"Role\": \"You are a professional scrum master. Your goal is to summary the Discussion History into a suggestions list for the scrum team.\", \"Instruction\": \"1. Read and Understand the Discussion History. 2. Summary the suggestions from four roles: product-owner/architect/developer/tester. 3. Response in JSON format.\", \"Example\": \"{\\\"product-owner\\\":[\\\"suggestion1\\\",\\\"suggestion2\\\"],\\\"architect\\\":[\\\"suggestion1\\\",\\\"suggestion2\\\"], \\\"developer\\\":[\\\"suggestion1\\\",\\\"suggestion2\\\"], \\\"tester\\\":[\\\"suggestion1\\\",\\\"suggestion2\\\"]}\", \"Context\": \"[ScrumMaster]says: Here is our test Report: Test Report:\\n\\nTest script's output:\\nTraceback (most recent call last):\\n  File \\\"/Users/watch/PycharmProjects/XXXX-1-LLM/workspace/2024-03-11_09-00-29-068014/test_script.py\\\", line 21, in <module>\\n    assert longest_palindromic_subsequence_length(\\\"\\\") == 0\\n  File \\\"/Users/watch/PycharmProjects/XXXX-1-LLM/workspace/2024-03-11_09-00-29-068014/test_script.py\\\", line 18, in longest_palindromic_subsequence_length\\n    return dp[0][n - 1]\\nIndexError: list index out of range\\n\\nBased on the output of the test script, it is clear that the code has failed the tests. The specific error encountered is an \\\"IndexError\\\" indicating that the list index is out of range.\\n\\nExample of Input and Expected Output:\\nInput: \\\"\\\"\\nExpected Output: 0\\n\\nConclusion:\\nCode Test Failed., do you have any ideas?\\n-----\\n\\n[Architect]says: As an Architect, I would suggest reviewing the code to ensure that the list index is properly handled and that the function returns the expected output for the given input.\\n-----\\n\\n[ProductOwner]says: As a Product Owner, I think we should prioritize fixing the code to address the IndexError issue and ensure the test cases pass before moving forward with any new development.\\n-----\\n\\n[Tester]says: As a Tester, it seems like there is an issue with the code encountering an IndexError, possibly due to the list index being out of range. We should investigate and fix this issue before proceeding further.\\n-----\\n\\n[Developer]says: As a Developer, it seems like the code is encountering an \\\"IndexError\\\" due to a list index being out of range. I suggest reviewing the code to ensure proper boundary conditions are being handled.\\n-----\\n\\n[Developer]says: As a Developer, I suggest reviewing the code to ensure proper boundary conditions are being handled.\\n-----\\n\\n[Architect]says: As an Architect, I would suggest reviewing the code to ensure that the list index is properly handled and that the function returns the expected output for the given input.\\n-----\\n\\n[ProductOwner]says: As a Product Owner, I think we should prioritize fixing the code to address the IndexError issue and ensure the test cases pass before moving forward with any new development.\\n-----\\n\\n[Tester]says: As a Tester, it seems like there is an issue with the code encountering an IndexError, possibly due to the list index being out of range. We should investigate and fix this issue before proceeding further.\\n-----\\n\", \"Question\": \"Follow the Instruction section. The Discussion History is in the Context section. You only need to return a list as the Example section.\"}",
    "RepairResponse0": "{\n\t\"revised_code\": \"def longest_palindromic_subsequence_length(s):\\n    n = len(s)\\n    if n == 0:\\n        return 0\\n    dp = [[0]*n for _ in range(n)]\\n    for i in range(n-1, -1, -1):\\n        dp[i][i] = 1\\n        for j in range(i+1, n):\\n            if s[i] == s[j]:\\n                dp[i][j] = 2 + dp[i+1][j-1]\\n            else:\\n                dp[i][j] = max(dp[i+1][j], dp[i][j-1])\\n    return dp[0][n-1]\"\n}",
    "RepairResponse0_prompt": {
        "Role": "You are a professional software engineer. Your duty is to write code in Python that meets the requirements. Ensure that the code you write is efficient, readable, and follows best practices. Remember, do not need to explain the code you wrote.",
        "Instruction": "1. Rewrite a bug fix version of the original code. 2. Response in JSON format.",
        "Example": "{\"revised_code\":\"...\"}",
        "Context": "# Test Report:\nTest Report:\n\nTest script's output:\nTraceback (most recent call last):\n  File \"/Users/watch/PycharmProjects/XXXX-1-LLM/workspace/2024-03-11_09-00-29-068014/test_script.py\", line 21, in <module>\n    assert longest_palindromic_subsequence_length(\"\") == 0\n  File \"/Users/watch/PycharmProjects/XXXX-1-LLM/workspace/2024-03-11_09-00-29-068014/test_script.py\", line 18, in longest_palindromic_subsequence_length\n    return dp[0][n - 1]\nIndexError: list index out of range\n\nBased on the output of the test script, it is clear that the code has failed the tests. The specific error encountered is an \"IndexError\" indicating that the list index is out of range.\n\nExample of Input and Expected Output:\nInput: \"\"\nExpected Output: 0\n\nConclusion:\nCode Test Failed.# suggestions:\n{\"product-owner\": [\"I think we should prioritize fixing the code to address the IndexError issue and ensure the test cases pass before moving forward with any new development.\"], \"architect\": [\"I would suggest reviewing the code to ensure that the list index is properly handled and that the function returns the expected output for the given input.\"], \"developer\": [\"It seems like the code is encountering an \\\"IndexError\\\" due to a list index being out of range. I suggest reviewing the code to ensure proper boundary conditions are being handled.\"], \"tester\": [\"It seems like there is an issue with the code encountering an IndexError, possibly due to the list index being out of range. We should investigate and fix this issue before proceeding further.\"]}",
        "Question": "The original code has some bugs, according to the test report and suggestions, rewrite the code. Complete the following code:\ndef lps(str): \n'''Write a function to find the length of the longest palindromic subsequence in the given string.\nassert lps(\"TENS FOR TENS\") == 5'''\n"
    },
    "Code1": "def longest_palindromic_subsequence_length(s):\n    n = len(s)\n    if n == 0:\n        return 0\n    dp = [[0]*n for _ in range(n)]\n    for i in range(n-1, -1, -1):\n        dp[i][i] = 1\n        for j in range(i+1, n):\n            if s[i] == s[j]:\n                dp[i][j] = 2 + dp[i+1][j-1]\n            else:\n                dp[i][j] = max(dp[i+1][j], dp[i][j-1])\n    return dp[0][n-1]",
    "ScriptResult1": "E\n======================================================================\nERROR: test_lps (__main__.Test)\n----------------------------------------------------------------------\nTraceback (most recent call last):\n  File \"/Users/watch/PycharmProjects/XXXX-1-LLM/workspace/2024-03-11_09-00-29-068014/test_script.py\", line 18, in test_lps\n    self.assertEqual(lps(\"TENS FOR TENS\"), 5)\nNameError: name 'lps' is not defined\n\n----------------------------------------------------------------------\nRan 1 test in 0.000s\n\nFAILED (errors=1)\n",
    "TestReport1": "Test Report\n\nTest script's output:\nE\n======================================================================\nERROR: test_lps (__main__.Test)\n----------------------------------------------------------------------\nTraceback (most recent call last):\n  File \"/Users/watch/PycharmProjects/XXXX-1-LLM/workspace/2024-03-11_09-00-29-068014/test_script.py\", line 18, in test_lps\n    self.assertEqual(lps(\"TENS FOR TENS\"), 5)\nNameError: name 'lps' is not defined\n\n----------------------------------------------------------------------\nRan 1 test in 0.000s\n\nFAILED (errors=1)\n\nConclusion: Code Test Failed\n\nInput and Expected Output Example:\ndef longest_palindromic_subsequence_length(s):\n    n = len(s)\n    if n == 0:\n        return 0\n    dp = [[0]*n for _ in range(n)]\n    for i in range(n-1, -1, -1):\n        dp[i][i] = 1\n        for j in range(i+1, n):\n            if s[i] == s[j]:\n                dp[i][j] = 2 + dp[i+1][j-1]\n            else:\n                dp[i][j] = max(dp[i+1][j], dp[i][j-1])\n    return dp[0][n-1]\n\nThe code failed the test due to a NameError: name 'lps' is not defined. The expected output was not achieved.\n\nCode Test Failed",
    "SprintReview1": "[ScrumMaster]says: Here is our test Report: Test Report\n\nTest script's output:\nE\n======================================================================\nERROR: test_lps (__main__.Test)\n----------------------------------------------------------------------\nTraceback (most recent call last):\n  File \"/Users/watch/PycharmProjects/XXXX-1-LLM/workspace/2024-03-11_09-00-29-068014/test_script.py\", line 18, in test_lps\n    self.assertEqual(lps(\"TENS FOR TENS\"), 5)\nNameError: name 'lps' is not defined\n\n----------------------------------------------------------------------\nRan 1 test in 0.000s\n\nFAILED (errors=1)\n\nConclusion: Code Test Failed\n\nInput and Expected Output Example:\ndef longest_palindromic_subsequence_length(s):\n    n = len(s)\n    if n == 0:\n        return 0\n    dp = [[0]*n for _ in range(n)]\n    for i in range(n-1, -1, -1):\n        dp[i][i] = 1\n        for j in range(i+1, n):\n            if s[i] == s[j]:\n                dp[i][j] = 2 + dp[i+1][j-1]\n            else:\n                dp[i][j] = max(dp[i+1][j], dp[i][j-1])\n    return dp[0][n-1]\n\nThe code failed the test due to a NameError: name 'lps' is not defined. The expected output was not achieved.\n\nCode Test Failed, do you have any ideas?\n-----\n\n[Architect]says: As an architect, it is important to ensure that the code is properly defined and all necessary functions are included before running the test script.\n-----\n\n[Developer]says: As a Developer, I will review the test script and check for any errors in the code that could be causing the NameError.\n-----\n\n[ProductOwner]says: As a Product Owner, it is important to ensure that the test cases cover all possible scenarios and that the code is properly defined before conducting tests.\n-----\n\n[Tester]says: As a Tester, it seems that the code failed due to a NameError: name 'lps' is not defined. We should check the code to ensure that the 'lps' function is properly defined and called.\n-----\n\n[Architect]says: As an architect, to prevent NameError, we should define the 'lps' function before running the test script.\n-----\n\n[ProductOwner]says: As a Product Owner, I will prioritize creating clear and comprehensive test cases to cover all possible scenarios before conducting any tests.\n-----\n\n[Developer]says: As a Developer, I will review the test script and check for any errors in the code that could be causing the NameError.\n-----\n\n[Tester]says: As a Tester, it seems that the code failed due to a NameError: name 'lps' is not defined. We should check the code to ensure that the 'lps' function is properly defined and called.\n-----\n",
    "SprintReviewMeetings1": "{\n  \"product-owner\": [\n    \"It is important to ensure that the test cases cover all possible scenarios and that the code is properly defined before conducting tests.\",\n    \"I will prioritize creating clear and comprehensive test cases to cover all possible scenarios before conducting any tests.\"\n  ],\n  \"architect\": [\n    \"As an architect, it is important to ensure that the code is properly defined and all necessary functions are included before running the test script.\",\n    \"To prevent NameError, we should define the 'lps' function before running the test script.\"\n  ],\n  \"developer\": [\n    \"I will review the test script and check for any errors in the code that could be causing the NameError.\",\n    \"I will review the test script and check for any errors in the code that could be causing the NameError.\"\n  ],\n  \"tester\": [\n    \"It seems that the code failed due to a NameError: name 'lps' is not defined. We should check the code to ensure that the 'lps' function is properly defined and called.\",\n    \"It seems that the code failed due to a NameError: name 'lps' is not defined. We should check the code to ensure that the 'lps' function is properly defined and called.\"\n  ]\n}",
    "SprintReviewMeetings1_prompt": "{\"Role\": \"You are a professional scrum master. Your goal is to summary the Discussion History into a suggestions list for the scrum team.\", \"Instruction\": \"1. Read and Understand the Discussion History. 2. Summary the suggestions from four roles: product-owner/architect/developer/tester. 3. Response in JSON format.\", \"Example\": \"{\\\"product-owner\\\":[\\\"suggestion1\\\",\\\"suggestion2\\\"],\\\"architect\\\":[\\\"suggestion1\\\",\\\"suggestion2\\\"], \\\"developer\\\":[\\\"suggestion1\\\",\\\"suggestion2\\\"], \\\"tester\\\":[\\\"suggestion1\\\",\\\"suggestion2\\\"]}\", \"Context\": \"[ScrumMaster]says: Here is our test Report: Test Report\\n\\nTest script's output:\\nE\\n======================================================================\\nERROR: test_lps (__main__.Test)\\n----------------------------------------------------------------------\\nTraceback (most recent call last):\\n  File \\\"/Users/watch/PycharmProjects/XXXX-1-LLM/workspace/2024-03-11_09-00-29-068014/test_script.py\\\", line 18, in test_lps\\n    self.assertEqual(lps(\\\"TENS FOR TENS\\\"), 5)\\nNameError: name 'lps' is not defined\\n\\n----------------------------------------------------------------------\\nRan 1 test in 0.000s\\n\\nFAILED (errors=1)\\n\\nConclusion: Code Test Failed\\n\\nInput and Expected Output Example:\\ndef longest_palindromic_subsequence_length(s):\\n    n = len(s)\\n    if n == 0:\\n        return 0\\n    dp = [[0]*n for _ in range(n)]\\n    for i in range(n-1, -1, -1):\\n        dp[i][i] = 1\\n        for j in range(i+1, n):\\n            if s[i] == s[j]:\\n                dp[i][j] = 2 + dp[i+1][j-1]\\n            else:\\n                dp[i][j] = max(dp[i+1][j], dp[i][j-1])\\n    return dp[0][n-1]\\n\\nThe code failed the test due to a NameError: name 'lps' is not defined. The expected output was not achieved.\\n\\nCode Test Failed, do you have any ideas?\\n-----\\n\\n[Architect]says: As an architect, it is important to ensure that the code is properly defined and all necessary functions are included before running the test script.\\n-----\\n\\n[Developer]says: As a Developer, I will review the test script and check for any errors in the code that could be causing the NameError.\\n-----\\n\\n[ProductOwner]says: As a Product Owner, it is important to ensure that the test cases cover all possible scenarios and that the code is properly defined before conducting tests.\\n-----\\n\\n[Tester]says: As a Tester, it seems that the code failed due to a NameError: name 'lps' is not defined. We should check the code to ensure that the 'lps' function is properly defined and called.\\n-----\\n\\n[Architect]says: As an architect, to prevent NameError, we should define the 'lps' function before running the test script.\\n-----\\n\\n[ProductOwner]says: As a Product Owner, I will prioritize creating clear and comprehensive test cases to cover all possible scenarios before conducting any tests.\\n-----\\n\\n[Developer]says: As a Developer, I will review the test script and check for any errors in the code that could be causing the NameError.\\n-----\\n\\n[Tester]says: As a Tester, it seems that the code failed due to a NameError: name 'lps' is not defined. We should check the code to ensure that the 'lps' function is properly defined and called.\\n-----\\n\", \"Question\": \"Follow the Instruction section. The Discussion History is in the Context section. You only need to return a list as the Example section.\"}",
    "RepairResponse1": "{\n  \"revised_code\": \"def lps(s): \\n    n = len(s)\\n    if n == 0:\\n        return 0\\n    dp = [[0]*n for _ in range(n)]\\n    for i in range(n-1, -1, -1):\\n        dp[i][i] = 1\\n        for j in range(i+1, n):\\n            if s[i] == s[j]:\\n                dp[i][j] = 2 + dp[i+1][j-1]\\n            else:\\n                dp[i][j] = max(dp[i+1][j], dp[i][j-1])\\n    return dp[0][n-1]\"\n}",
    "RepairResponse1_prompt": {
        "Role": "You are a professional software engineer. Your duty is to write code in Python that meets the requirements. Ensure that the code you write is efficient, readable, and follows best practices. Remember, do not need to explain the code you wrote.",
        "Instruction": "1. Rewrite a bug fix version of the original code. 2. Response in JSON format.",
        "Example": "{\"revised_code\":\"...\"}",
        "Context": "# Test Report:\nTest Report\n\nTest script's output:\nE\n======================================================================\nERROR: test_lps (__main__.Test)\n----------------------------------------------------------------------\nTraceback (most recent call last):\n  File \"/Users/watch/PycharmProjects/XXXX-1-LLM/workspace/2024-03-11_09-00-29-068014/test_script.py\", line 18, in test_lps\n    self.assertEqual(lps(\"TENS FOR TENS\"), 5)\nNameError: name 'lps' is not defined\n\n----------------------------------------------------------------------\nRan 1 test in 0.000s\n\nFAILED (errors=1)\n\nConclusion: Code Test Failed\n\nInput and Expected Output Example:\ndef longest_palindromic_subsequence_length(s):\n    n = len(s)\n    if n == 0:\n        return 0\n    dp = [[0]*n for _ in range(n)]\n    for i in range(n-1, -1, -1):\n        dp[i][i] = 1\n        for j in range(i+1, n):\n            if s[i] == s[j]:\n                dp[i][j] = 2 + dp[i+1][j-1]\n            else:\n                dp[i][j] = max(dp[i+1][j], dp[i][j-1])\n    return dp[0][n-1]\n\nThe code failed the test due to a NameError: name 'lps' is not defined. The expected output was not achieved.\n\nCode Test Failed# suggestions:\n{\"product-owner\": [\"It is important to ensure that the test cases cover all possible scenarios and that the code is properly defined before conducting tests.\", \"I will prioritize creating clear and comprehensive test cases to cover all possible scenarios before conducting any tests.\"], \"architect\": [\"As an architect, it is important to ensure that the code is properly defined and all necessary functions are included before running the test script.\", \"To prevent NameError, we should define the 'lps' function before running the test script.\"], \"developer\": [\"I will review the test script and check for any errors in the code that could be causing the NameError.\", \"I will review the test script and check for any errors in the code that could be causing the NameError.\"], \"tester\": [\"It seems that the code failed due to a NameError: name 'lps' is not defined. We should check the code to ensure that the 'lps' function is properly defined and called.\", \"It seems that the code failed due to a NameError: name 'lps' is not defined. We should check the code to ensure that the 'lps' function is properly defined and called.\"]}",
        "Question": "The original code has some bugs, according to the test report and suggestions, rewrite the code. Complete the following code:\ndef lps(str): \n'''Write a function to find the length of the longest palindromic subsequence in the given string.\nassert lps(\"TENS FOR TENS\") == 5'''\n"
    },
    "Code2": "def lps(s): \n    n = len(s)\n    if n == 0:\n        return 0\n    dp = [[0]*n for _ in range(n)]\n    for i in range(n-1, -1, -1):\n        dp[i][i] = 1\n        for j in range(i+1, n):\n            if s[i] == s[j]:\n                dp[i][j] = 2 + dp[i+1][j-1]\n            else:\n                dp[i][j] = max(dp[i+1][j], dp[i][j-1])\n    return dp[0][n-1]",
    "ScriptResult2": ".\n----------------------------------------------------------------------\nRan 1 test in 0.000s\n\nOK\n",
    "TestReport2": "Test Report\n------------\n\nContext:\n# test script's output:\n.\n----------------------------------------------------------------------\nRan 1 test in 0.000s\n\nOK\n\nTest Report:\nThe test script ran 1 test in 0.000s and the output was 'OK'. Based on this output, the code has passed the test.\n\nConclusion:\nCode Test Passed"
}