{
    "start_time": "2024-03-10_21-56-53-083932",
    "task": "def get_Char(strr):  \n'''Write a python function to find the character made by adding the ASCII value of all the characters of the given string modulo 26.\nassert get_Char(\"abc\") == \"f\"'''\n",
    "datetime": {
        "task": "2024-03-10 21:56:53",
        "task-id": "2024-03-10 21:56:53",
        "workflow": "2024-03-10 21:56:53",
        "AnalyzeDraft": "2024-03-10 21:56:54",
        "AnalyzeMeetings": "2024-03-10 21:56:55",
        "Analyze": "2024-03-10 21:56:57",
        "Test Cases Draft": "2024-03-10 21:56:59",
        "Test Cases Meetings": "2024-03-10 21:57:00",
        "Test Cases": "2024-03-10 21:57:03",
        "Code0draft": "2024-03-10 21:57:04",
        "Code Review Meetings": "2024-03-10 21:57:06",
        "Code0": "2024-03-10 21:57:08",
        "TestScriptOriginal": "2024-03-10 21:57:09",
        "TestScript": "2024-03-10 21:57:09",
        "ScriptResult0": "2024-03-10 21:57:09",
        "TestReport0": "2024-03-10 21:57:10",
        "RepairResponse1": "2024-03-10 21:57:12",
        "Code1": "2024-03-10 21:57:12",
        "ScriptResult1": "2024-03-10 21:57:12",
        "TestReport1": "2024-03-10 21:57:14",
        "RepairResponse2": "2024-03-10 21:57:16",
        "Code2": "2024-03-10 21:57:16",
        "ScriptResult2": "2024-03-10 21:57:16",
        "TestReport2": "2024-03-10 21:57:17",
        "FinalCode": "2024-03-10 21:57:17"
    },
    "task-id": 83,
    "workflow": "testdriven/testdriven_version_0.0.5_remove.json",
    "AnalyzeDraft": "{\n  \"Requirement\": \"The system should have a Python function called get_Char which takes a string as input and returns the character made by adding the ASCII value of all the characters of the given string modulo 26. For example, get_Char(\\\"abc\\\") should return \\\"f\\\".\"\n}",
    "AnalyzeMeetings": "{\n  \"Architect\": \"As an architect, I suggest adding more detailed specifications for the input validation and error handling. For example, what should happen if the input string is empty or if it contains non-alphabetic characters?\",\n  \"Tester\": \"As a tester, I suggest creating test cases for different scenarios such as empty input, input with non-alphabetic characters, and input with different lengths to ensure the function handles all cases correctly.\"\n}",
    "Analyze": "{\n  \"RevisedDocument\": {\n    \"Requirement\": \"The system should have a Python function called get_Char which takes a string as input and returns the character made by adding the ASCII value of all the characters of the given string modulo 26. For example, get_Char(\\\"abc\\\") should return \\\"f\\\".\",\n    \"SuggestedChanges\": {\n      \"Architect\": \"The detailed specifications for input validation and error handling have been added. If the input string is empty, the function should return an error message indicating invalid input. If the input contains non-alphabetic characters, the function should return an error message indicating invalid input.\",\n      \"Tester\": \"Test cases for different scenarios such as empty input, input with non-alphabetic characters, and input with different lengths have been created to ensure the function handles all cases correctly.\"\n    }\n  }\n}",
    "Test Cases Draft": "{\n  \"test_cases\": [\n    {\n      \"Test Title\": \"Empty Input Test\",\n      \"Input Data\": \"parameter1='', parameter2=''\",\n      \"Expected Output\": \"Error message indicating invalid input\"\n    },\n    {\n      \"Test Title\": \"Non-Alphabetic Characters Test\",\n      \"Input Data\": \"parameter1='123', parameter2='xyz'\",\n      \"Expected Output\": \"Error message indicating invalid input\"\n    },\n    {\n      \"Test Title\": \"Input Length Test\",\n      \"Input Data\": \"parameter1='abcd', parameter2='efgh'\",\n      \"Expected Output\": \"Expected character based on the ASCII value modulo 26\"\n    }\n  ]\n}",
    "Test Cases Draft_prompt": "{\"Role\": \"You are a quality assurance engineer. Your duty is to design test cases for the developers.\", \"Instruction\": \"According to the Context section, write test cases. Don't write long strings in your test cases. Response in JSON format.\", \"Example\": \"{\\\"requirement analysis\\\":\\\"analysis\\\",\\\"test_cases\\\":[{\\\"Test Title\\\":\\\"title\\\", \\\"Input Data\\\":\\\"parameter1=[1,2,3],parameter2='123'\\\", \\\"Expected Output\\\":\\\"456\\\"},]}\", \"Context\": \"# Requirement Analysis:\\n{\\n  \\\"RevisedDocument\\\": {\\n    \\\"Requirement\\\": \\\"The system should have a Python function called get_Char which takes a string as input and returns the character made by adding the ASCII value of all the characters of the given string modulo 26. For example, get_Char(\\\\\\\"abc\\\\\\\") should return \\\\\\\"f\\\\\\\".\\\",\\n    \\\"SuggestedChanges\\\": {\\n      \\\"Architect\\\": \\\"The detailed specifications for input validation and error handling have been added. If the input string is empty, the function should return an error message indicating invalid input. If the input contains non-alphabetic characters, the function should return an error message indicating invalid input.\\\",\\n      \\\"Tester\\\": \\\"Test cases for different scenarios such as empty input, input with non-alphabetic characters, and input with different lengths have been created to ensure the function handles all cases correctly.\\\"\\n    }\\n  }\\n}\", \"Question\": \"def get_Char(strr):  \\n'''Write a python function to find the character made by adding the ASCII value of all the characters of the given string modulo 26.\\nassert get_Char(\\\"abc\\\") == \\\"f\\\"'''\\n\"}",
    "Test Cases Meetings": "{\n  \"Architect\": \"As an Architect, I suggest revising the test cases to include boundary value testing for the input data. For example, testing for the minimum and maximum input length, as well as special characters and edge cases.\",\n  \"Developer\": \"As a Developer, I suggest revising the test cases to include negative testing scenarios, such as testing for unexpected input formats or combinations of input values that could potentially cause issues in the system.\"\n}",
    "Test Cases Meetings_prompt": "{\"Role\": \"I want you to act as a different roles and then give some suggestions about how to revise the test cases.\", \"Instruction\": \"1. Read the Context section. 2. Act as an Architect, give your suggestions. 3. Act as a Developer, give your suggestions. 4. Response in JSON format.\", \"Example\": \"{\\\"Architect\\\":\\\"Suggestion\\\",\\\"Developer\\\":\\\"Suggestion\\\"}\", \"Context\": \"{\\n  \\\"test_cases\\\": [\\n    {\\n      \\\"Test Title\\\": \\\"Empty Input Test\\\",\\n      \\\"Input Data\\\": \\\"parameter1='', parameter2=''\\\",\\n      \\\"Expected Output\\\": \\\"Error message indicating invalid input\\\"\\n    },\\n    {\\n      \\\"Test Title\\\": \\\"Non-Alphabetic Characters Test\\\",\\n      \\\"Input Data\\\": \\\"parameter1='123', parameter2='xyz'\\\",\\n      \\\"Expected Output\\\": \\\"Error message indicating invalid input\\\"\\n    },\\n    {\\n      \\\"Test Title\\\": \\\"Input Length Test\\\",\\n      \\\"Input Data\\\": \\\"parameter1='abcd', parameter2='efgh'\\\",\\n      \\\"Expected Output\\\": \\\"Expected character based on the ASCII value modulo 26\\\"\\n    }\\n  ]\\n}\", \"Question\": \"Follow the Instruction. The Context section include the test cases.\"}",
    "Test Cases": "{\n  \"test_cases\": [\n    {\n      \"Test Title\": \"Empty Input Test\",\n      \"Input Data\": \"parameter1='', parameter2=''\",\n      \"Expected Output\": \"Error message indicating invalid input\"\n    },\n    {\n      \"Test Title\": \"Non-Alphabetic Characters Test\",\n      \"Input Data\": \"parameter1='123', parameter2='xyz'\",\n      \"Expected Output\": \"Error message indicating invalid input\"\n    },\n    {\n      \"Test Title\": \"Input Length Test\",\n      \"Input Data\": \"parameter1='abcd', parameter2='efgh'\",\n      \"Expected Output\": \"Expected character based on the ASCII value modulo 26\"\n    },\n    {\n      \"Test Title\": \"Boundary Value Testing for Input Length\",\n      \"Input Data\": \"parameter1='a', parameter2='abcdefghijklmnopqrstuvwxyzabcdefghijklmnopqrstuvwxyz'\",\n      \"Expected Output\": \"Expected character based on the ASCII value modulo 26\"\n    },\n    {\n      \"Test Title\": \"Negative Testing for Unexpected Input Format\",\n      \"Input Data\": \"parameter1='123', parameter2='!@#'\",\n      \"Expected Output\": \"Error message indicating invalid input\"\n    }\n  ]\n}",
    "Test Cases_prompt": "{\"Role\": \"You are a quality assurance engineer. Your duty is to revise the test cases based on the suggestions.\", \"Instruction\": \"1. Your colleague give you some suggestions(in the Context section) about the draft test cases, read these suggestions. 2. Revise your draft version test cases, but don't use long parameters. 3. Response in JSON format.\", \"Example\": \"{\\\"requirement analysis\\\":\\\"analysis\\\",\\\"test_cases\\\":[{\\\"Test Title\\\":\\\"title\\\", \\\"Input Data\\\":\\\"parameter1=[1,2,3],parameter2='123'\\\", \\\"Expected Output\\\":\\\"456\\\"},]}\", \"Context\": \"# Suggestions:\\n{\\n  \\\"Architect\\\": \\\"As an Architect, I suggest revising the test cases to include boundary value testing for the input data. For example, testing for the minimum and maximum input length, as well as special characters and edge cases.\\\",\\n  \\\"Developer\\\": \\\"As a Developer, I suggest revising the test cases to include negative testing scenarios, such as testing for unexpected input formats or combinations of input values that could potentially cause issues in the system.\\\"\\n}\\n # Draft Test cases:\\n{\\n  \\\"test_cases\\\": [\\n    {\\n      \\\"Test Title\\\": \\\"Empty Input Test\\\",\\n      \\\"Input Data\\\": \\\"parameter1='', parameter2=''\\\",\\n      \\\"Expected Output\\\": \\\"Error message indicating invalid input\\\"\\n    },\\n    {\\n      \\\"Test Title\\\": \\\"Non-Alphabetic Characters Test\\\",\\n      \\\"Input Data\\\": \\\"parameter1='123', parameter2='xyz'\\\",\\n      \\\"Expected Output\\\": \\\"Error message indicating invalid input\\\"\\n    },\\n    {\\n      \\\"Test Title\\\": \\\"Input Length Test\\\",\\n      \\\"Input Data\\\": \\\"parameter1='abcd', parameter2='efgh'\\\",\\n      \\\"Expected Output\\\": \\\"Expected character based on the ASCII value modulo 26\\\"\\n    }\\n  ]\\n}\", \"Question\": \"Follow the Instruction. Please make sure your response length are less than 512. Your test cases is for the below question:\\ndef get_Char(strr):  \\n'''Write a python function to find the character made by adding the ASCII value of all the characters of the given string modulo 26.\\nassert get_Char(\\\"abc\\\") == \\\"f\\\"'''\\n\"}",
    "Code0draft": "def get_Char(strr):\n    if not strr.isalpha():\n        return \"Error message indicating invalid input\"\n    elif len(strr) == 0:\n        return \"Error message indicating invalid input\"\n    elif len(strr) > 100:\n        return \"Error message indicating invalid input\"\n    else:\n        total_ascii = sum(ord(char) for char in strr)\n        return chr((total_ascii % 26) + 97)",
    "Code0draft_prompt": "{\"Role\": \"You are a professional engineer. Your duty is to write code in Python that meets the requirements. Ensure that the code you write is efficient, readable, and follows best practices. Remember, do not need to explain the code you wrote.\", \"Instruction\": \"According to the Context section, write your code.\", \"Example\": \"\", \"Context\": \"# Test Cases:\\n{\\n  \\\"test_cases\\\": [\\n    {\\n      \\\"Test Title\\\": \\\"Empty Input Test\\\",\\n      \\\"Input Data\\\": \\\"parameter1='', parameter2=''\\\",\\n      \\\"Expected Output\\\": \\\"Error message indicating invalid input\\\"\\n    },\\n    {\\n      \\\"Test Title\\\": \\\"Non-Alphabetic Characters Test\\\",\\n      \\\"Input Data\\\": \\\"parameter1='123', parameter2='xyz'\\\",\\n      \\\"Expected Output\\\": \\\"Error message indicating invalid input\\\"\\n    },\\n    {\\n      \\\"Test Title\\\": \\\"Input Length Test\\\",\\n      \\\"Input Data\\\": \\\"parameter1='abcd', parameter2='efgh'\\\",\\n      \\\"Expected Output\\\": \\\"Expected character based on the ASCII value modulo 26\\\"\\n    },\\n    {\\n      \\\"Test Title\\\": \\\"Boundary Value Testing for Input Length\\\",\\n      \\\"Input Data\\\": \\\"parameter1='a', parameter2='abcdefghijklmnopqrstuvwxyzabcdefghijklmnopqrstuvwxyz'\\\",\\n      \\\"Expected Output\\\": \\\"Expected character based on the ASCII value modulo 26\\\"\\n    },\\n    {\\n      \\\"Test Title\\\": \\\"Negative Testing for Unexpected Input Format\\\",\\n      \\\"Input Data\\\": \\\"parameter1='123', parameter2='!@#'\\\",\\n      \\\"Expected Output\\\": \\\"Error message indicating invalid input\\\"\\n    }\\n  ]\\n}\", \"Question\": \"Follow the Instruction section. Complete the following code:\\ndef get_Char(strr):  \\n'''Write a python function to find the character made by adding the ASCII value of all the characters of the given string modulo 26.\\nassert get_Char(\\\"abc\\\") == \\\"f\\\"'''\\n\"}",
    "Code Review Meetings": "{\n  \"Architect\": \"Consider breaking down the code into smaller, more manageable functions with clear responsibilities. This will make the code easier to understand, test, and maintain. Also, consider adding comments to explain the purpose of each part of the code.\",\n  \"Tester\": \"Make sure to test the function with different types of input, including valid and invalid input. Pay attention to edge cases such as empty strings, very long strings, and non-alphabetic characters. Also, consider testing the function with special characters that may affect the calculation of total_ascii.\"\n}",
    "Code0": "def get_Char(strr):  \n    '''\n    Write a python function to find the character made by adding the ASCII value of all the characters of the given string modulo 26.\n    assert get_Char(\"abc\") == \"f\"\n    '''\n    if not strr.isalpha():\n        return \"Error message indicating invalid input\"\n    elif len(strr) == 0:\n        return \"Error message indicating invalid input\"\n    elif len(strr) > 100:\n        return \"Error message indicating invalid input\"\n    else:\n        total_ascii = sum(ord(char) for char in strr)\n        return chr((total_ascii % 26) + 97)",
    "Code0_prompt": "{\"Role\": \"You are a professional software engineer. Your duty is to write code in Python that meets the requirements. Ensure that the code you write is efficient, readable, and follows best practices. Remember, do not need to explain the code you wrote.\", \"Instruction\": \"1. Understand the suggestions(in the Context section) about the original code. 2. Rewrite your code.\", \"Example\": \"\", \"Context\": \"# Suggestions:\\n{\\n  \\\"Architect\\\": \\\"Consider breaking down the code into smaller, more manageable functions with clear responsibilities. This will make the code easier to understand, test, and maintain. Also, consider adding comments to explain the purpose of each part of the code.\\\",\\n  \\\"Tester\\\": \\\"Make sure to test the function with different types of input, including valid and invalid input. Pay attention to edge cases such as empty strings, very long strings, and non-alphabetic characters. Also, consider testing the function with special characters that may affect the calculation of total_ascii.\\\"\\n}\\n# Original code:\\ndef get_Char(strr):\\n    if not strr.isalpha():\\n        return \\\"Error message indicating invalid input\\\"\\n    elif len(strr) == 0:\\n        return \\\"Error message indicating invalid input\\\"\\n    elif len(strr) > 100:\\n        return \\\"Error message indicating invalid input\\\"\\n    else:\\n        total_ascii = sum(ord(char) for char in strr)\\n        return chr((total_ascii % 26) + 97)\", \"Question\": \"Follow the Instruction section. Complete the following code:\\ndef get_Char(strr):  \\n'''Write a python function to find the character made by adding the ASCII value of all the characters of the given string modulo 26.\\nassert get_Char(\\\"abc\\\") == \\\"f\\\"'''\\n\"}",
    "TestScriptOriginal": "import unittest\n\ndef get_Char(strr):\n    total_ascii = sum(ord(char) for char in strr)\n    return chr((total_ascii % 26) + 97)\n\nclass Test(unittest.TestCase):\n    def test(self):\n        self.assertEqual(get_Char('abc'), 'f')\n\nif __name__ == '__main__':\n    unittest.main()",
    "TestScriptOriginal_prompt": "{\"Role\": \"You are a quality assurance engineer. Your duty is to write a python test script in unittest framework.\", \"Instruction\": \"1. Write a python test script. 2. Use the input and output given by the question.\", \"Example\": \"import unittest\\n\\nclass Test(unittest.TestCase):\\n    def test(self):\\n        self.assertEqual(function_under_test('a'), 1)\\n\\nif __name__ == '__main__':\\n    unittest.main()\", \"Context\": \"\", \"Question\": \"def get_Char(strr):  \\n'''Write a python function to find the character made by adding the ASCII value of all the characters of the given string modulo 26.\\nassert get_Char(\\\"abc\\\") == \\\"f\\\"'''\\n\"}",
    "TestScript": "import unittest\n\nclass Test(unittest.TestCase):\n    def test(self):\n        self.assertEqual(get_Char('abc'), 'f')\n\nif __name__ == '__main__':\n    unittest.main()",
    "TestScript_prompt": "{\"Role\": \"You are a quality assurance engineer. Your duty is to write a python test script in unittest framework.\", \"Instruction\": \"1. Write a python test script. 2. Use the input and output given by the question.\", \"Example\": \"import unittest\\n\\nclass Test(unittest.TestCase):\\n    def test(self):\\n        self.assertEqual(function_under_test('a'), 1)\\n\\nif __name__ == '__main__':\\n    unittest.main()\", \"Context\": \"\", \"Question\": \"def get_Char(strr):  \\n'''Write a python function to find the character made by adding the ASCII value of all the characters of the given string modulo 26.\\nassert get_Char(\\\"abc\\\") == \\\"f\\\"'''\\n\"}",
    "ScriptResult0": "F\n======================================================================\nFAIL: test (__main__.Test)\n----------------------------------------------------------------------\nTraceback (most recent call last):\n  File \"/Users/watch/PycharmProjects/XXXX-1-LLM/workspace/2024-03-10_21-56-53-083932/test_script.py\", line 19, in test\n    self.assertEqual(get_Char('abc'), 'f')\nAssertionError: 'i' != 'f'\n- i\n+ f\n\n\n----------------------------------------------------------------------\nRan 1 test in 0.000s\n\nFAILED (failures=1)\n",
    "TestReport0": "Test Report:\n\nTest Script Output:\n- The test script output shows that the test case for the function get_Char('abc') has failed.\n- The expected output was 'f' but the actual output was 'i'.\n\nConclusion:\n- Code Test Failed\n\nInput and Expected Output Example:\n- Input: 'abc'\n- Expected Output: 'f'\n\nAdditional Notes:\n- The test ran 1 test in 0.000s and the result was FAILED with 1 failure.\n\nRecommendations:\n- The code for the function get_Char('abc') needs to be reviewed and corrected to ensure it produces the expected output.\n\nSigned,\n[Your Name]\nQuality Assurance Engineer",
    "RepairResponse1": "{\n  \"revised_code\": \"def get_Char(strr):\\n    '''\\n    Write a python function to find the character made by adding the ASCII value of all the characters of the given string modulo 26.\\n    assert get_Char(\\\"abc\\\") == \\\"f\\\"\\n    '''\\n    if not strr.isalpha() or len(strr) == 0 or len(strr) > 100:\\n        return \\\"Error message indicating invalid input\\\"\\n    total_ascii = sum(ord(char) for char in strr)\\n    return chr(((total_ascii % 26) + 97) if total_ascii else 97)\"\n}",
    "RepairResponse1_prompt": "{\"Role\": \"You are a professional software engineer. Your duty is to write code in Python that meets the requirements. Ensure that the code you write is efficient, readable, and follows best practices. Remember, do not need to explain the code you wrote.\", \"Instruction\": \"1. Rewrite a bug fix version of the original code. 2. Response in JSON format.\", \"Example\": \"{\\\"revised_code\\\":\\\"...\\\"}\", \"Context\": \"# the original code:\\ndef get_Char(strr):  \\n    '''\\n    Write a python function to find the character made by adding the ASCII value of all the characters of the given string modulo 26.\\n    assert get_Char(\\\"abc\\\") == \\\"f\\\"\\n    '''\\n    if not strr.isalpha():\\n        return \\\"Error message indicating invalid input\\\"\\n    elif len(strr) == 0:\\n        return \\\"Error message indicating invalid input\\\"\\n    elif len(strr) > 100:\\n        return \\\"Error message indicating invalid input\\\"\\n    else:\\n        total_ascii = sum(ord(char) for char in strr)\\n        return chr((total_ascii % 26) + 97)\\n# test report:\\nTest Report:\\n\\nTest Script Output:\\n- The test script output shows that the test case for the function get_Char('abc') has failed.\\n- The expected output was 'f' but the actual output was 'i'.\\n\\nConclusion:\\n- Code Test Failed\\n\\nInput and Expected Output Example:\\n- Input: 'abc'\\n- Expected Output: 'f'\\n\\nAdditional Notes:\\n- The test ran 1 test in 0.000s and the result was FAILED with 1 failure.\\n\\nRecommendations:\\n- The code for the function get_Char('abc') needs to be reviewed and corrected to ensure it produces the expected output.\\n\\nSigned,\\n[Your Name]\\nQuality Assurance Engineer\", \"Question\": \"The original code has some bugs, according to the test report and suggestions, rewrite the code. Complete the following code:\\ndef get_Char(strr):  \\n'''Write a python function to find the character made by adding the ASCII value of all the characters of the given string modulo 26.\\nassert get_Char(\\\"abc\\\") == \\\"f\\\"'''\\n\"}",
    "Code1": "def get_Char(strr):\n    '''\n    Write a python function to find the character made by adding the ASCII value of all the characters of the given string modulo 26.\n    assert get_Char(\"abc\") == \"f\"\n    '''\n    if not strr.isalpha() or len(strr) == 0 or len(strr) > 100:\n        return \"Error message indicating invalid input\"\n    total_ascii = sum(ord(char) for char in strr)\n    return chr(((total_ascii % 26) + 97) if total_ascii else 97)",
    "ScriptResult1": "F\n======================================================================\nFAIL: test (__main__.Test)\n----------------------------------------------------------------------\nTraceback (most recent call last):\n  File \"/Users/watch/PycharmProjects/XXXX-1-LLM/workspace/2024-03-10_21-56-53-083932/test_script.py\", line 14, in test\n    self.assertEqual(get_Char('abc'), 'f')\nAssertionError: 'i' != 'f'\n- i\n+ f\n\n\n----------------------------------------------------------------------\nRan 1 test in 0.000s\n\nFAILED (failures=1)\n",
    "TestReport1": "Test Report\n\nTest Script Output:\n======================================================================\nFAIL: test (__main__.Test)\n----------------------------------------------------------------------\nTraceback (most recent call last):\n  File \"/Users/watch/PycharmProjects/XXXX-1-LLM/workspace/2024-03-10_21-56-53-083932/test_script.py\", line 14, in test\n    self.assertEqual(get_Char('abc'), 'f')\nAssertionError: 'i' != 'f'\n- i\n+ f\n----------------------------------------------------------------------\nRan 1 test in 0.000s\n\nFAILED (failures=1)\n\nTest Report Analysis:\nThe test script has failed with the following output:\n- The test for the function get_Char('abc') has failed.\n- The expected output was 'f' but the actual output was 'i'.\n\nConclusion:\nCode Test Failed. The input and expected output example are:\nInput: 'abc'\nExpected Output: 'f'\n\nRecommendation:\nFurther debugging and correction are required to fix the failing test.\n\nEnd of Test Report",
    "RepairResponse2": "{\n  \"revised_code\": \"def get_char(strr):\\n    '''\\n    Write a python function to find the character made by adding the ASCII value of all the characters of the given string modulo 26.\\n    assert get_char(\\\"abc\\\") == \\\"f\\\"\\n    '''\\n    if not strr.isalpha() or len(strr) == 0 or len(strr) > 100:\\n        return \\\"Error message indicating invalid input\\\"\\n    total_ascii = sum(ord(char) for char in strr)\\n    return chr(((total_ascii % 26) + 97) if total_ascii else 97)\\n\"\n}",
    "RepairResponse2_prompt": "{\"Role\": \"You are a professional software engineer. Your duty is to write code in Python that meets the requirements. Ensure that the code you write is efficient, readable, and follows best practices. Remember, do not need to explain the code you wrote.\", \"Instruction\": \"1. Rewrite a bug fix version of the original code. 2. Response in JSON format.\", \"Example\": \"{\\\"revised_code\\\":\\\"...\\\"}\", \"Context\": \"# the original code:\\ndef get_Char(strr):\\n    '''\\n    Write a python function to find the character made by adding the ASCII value of all the characters of the given string modulo 26.\\n    assert get_Char(\\\"abc\\\") == \\\"f\\\"\\n    '''\\n    if not strr.isalpha() or len(strr) == 0 or len(strr) > 100:\\n        return \\\"Error message indicating invalid input\\\"\\n    total_ascii = sum(ord(char) for char in strr)\\n    return chr(((total_ascii % 26) + 97) if total_ascii else 97)\\n# test report:\\nTest Report\\n\\nTest Script Output:\\n======================================================================\\nFAIL: test (__main__.Test)\\n----------------------------------------------------------------------\\nTraceback (most recent call last):\\n  File \\\"/Users/watch/PycharmProjects/XXXX-1-LLM/workspace/2024-03-10_21-56-53-083932/test_script.py\\\", line 14, in test\\n    self.assertEqual(get_Char('abc'), 'f')\\nAssertionError: 'i' != 'f'\\n- i\\n+ f\\n----------------------------------------------------------------------\\nRan 1 test in 0.000s\\n\\nFAILED (failures=1)\\n\\nTest Report Analysis:\\nThe test script has failed with the following output:\\n- The test for the function get_Char('abc') has failed.\\n- The expected output was 'f' but the actual output was 'i'.\\n\\nConclusion:\\nCode Test Failed. The input and expected output example are:\\nInput: 'abc'\\nExpected Output: 'f'\\n\\nRecommendation:\\nFurther debugging and correction are required to fix the failing test.\\n\\nEnd of Test Report\", \"Question\": \"The original code has some bugs, according to the test report and suggestions, rewrite the code. Complete the following code:\\ndef get_Char(strr):  \\n'''Write a python function to find the character made by adding the ASCII value of all the characters of the given string modulo 26.\\nassert get_Char(\\\"abc\\\") == \\\"f\\\"'''\\n\"}",
    "Code2": "def get_char(strr):\n    '''\n    Write a python function to find the character made by adding the ASCII value of all the characters of the given string modulo 26.\n    assert get_char(\"abc\") == \"f\"\n    '''\n    if not strr.isalpha() or len(strr) == 0 or len(strr) > 100:\n        return \"Error message indicating invalid input\"\n    total_ascii = sum(ord(char) for char in strr)\n    return chr(((total_ascii % 26) + 97) if total_ascii else 97)\n",
    "ScriptResult2": "E\n======================================================================\nERROR: test (__main__.Test)\n----------------------------------------------------------------------\nTraceback (most recent call last):\n  File \"/Users/watch/PycharmProjects/XXXX-1-LLM/workspace/2024-03-10_21-56-53-083932/test_script.py\", line 15, in test\n    self.assertEqual(get_Char('abc'), 'f')\nNameError: name 'get_Char' is not defined\n\n----------------------------------------------------------------------\nRan 1 test in 0.000s\n\nFAILED (errors=1)\n",
    "TestReport2": "Test Report:\n\nContext:\nThe test script's output shows that there is an error in the code. The error is a NameError, indicating that the function 'get_Char' is not defined. The test has failed with 1 error.\n\nTest Report:\n- Error: NameError\n- Test Result: Failed\n- Input Example: 'abc'\n- Expected Output Example: 'f'\n\nConclusion:\nBased on the test script's output, the code has failed the tests.\n\nNote: It is essential to define the 'get_Char' function to resolve the NameError and pass the tests.\n\nCode Test Result: Failed",
    "FinalCode": "def get_char(strr):\n    '''\n    Write a python function to find the character made by adding the ASCII value of all the characters of the given string modulo 26.\n    assert get_char(\"abc\") == \"f\"\n    '''\n    if not strr.isalpha() or len(strr) == 0 or len(strr) > 100:\n        return \"Error message indicating invalid input\"\n    total_ascii = sum(ord(char) for char in strr)\n    return chr(((total_ascii % 26) + 97) if total_ascii else 97)\n"
}