{
    "start_time": "2024-02-01_12-48-44-873801",
    "task": "def sumofFactors(n) : \n'''Write a python function to find the sum of even factors of a number.\nassert sumofFactors(18) == 26'''\n",
    "datetime": {
        "task": "2024-02-01 12:48:44",
        "task-id": "2024-02-01 12:48:44",
        "workflow": "2024-02-01 12:48:44",
        "AnalyzeDraft": "2024-02-01 12:48:46",
        "AnalyzeMeetings": "2024-02-01 12:48:52",
        "Analyze": "2024-02-01 12:48:58",
        "DesignDraft": "2024-02-01 12:49:05",
        "DesignMeetings": "2024-02-01 12:49:08",
        "Design": "2024-02-01 12:49:18",
        "Test Cases Draft": "2024-02-01 12:49:25",
        "Test Cases Meetings": "2024-02-01 12:49:29",
        "Test Cases": "2024-02-01 12:49:37",
        "Code0draft": "2024-02-01 12:49:39",
        "Code Review Meetings": "2024-02-01 12:49:41",
        "Code0": "2024-02-01 12:49:52",
        "TestScriptOriginal": "2024-02-01 12:49:54",
        "TestScript": "2024-02-01 12:49:54",
        "ScriptResult0": "2024-02-01 12:49:54",
        "TestReport0": "2024-02-01 12:49:57",
        "RepairResponse1": "2024-02-01 12:50:02",
        "Code1": "2024-02-01 12:50:02",
        "ScriptResult1": "2024-02-01 12:50:02",
        "TestReport1": "2024-02-01 12:50:06",
        "RepairResponse2": "2024-02-01 12:50:32"
    },
    "task-id": 453,
    "workflow": "testdriven/testdriven_version_0.0.4.json",
    "AnalyzeDraft": "{\n  \"Requirement\": \"The system shall have a Python function named sumofFactors(n) that calculates the sum of even factors of a given number n.\",\n  \"Example\": \"assert sumofFactors(18) == 26\",\n  \"Priority\": \"High\",\n  \"Rationale\": \"Calculating the sum of even factors of a number is a common mathematical operation, and having a function to perform this calculation can be beneficial for various applications.\"\n}",
    "AnalyzeMeetings": "{\n  \"Architect\": \"The requirement for the system to have a Python function named sumofFactors(n) is clear and specific. It would be beneficial to also include input validation requirements to ensure that the function can handle different types of input and provide appropriate error messages. Additionally, considering the high priority, it's important to ensure that the function is efficient and can handle large numbers without performance issues.\",\n  \"Tester\": \"When testing the sumofFactors(n) function, it's important to consider test cases for both even and odd numbers, as well as edge cases such as zero and negative numbers. Additionally, testing for performance with large input numbers will be crucial to ensure that the function meets the high priority requirement for efficiency.\"\n}",
    "Analyze": "{\n  \"RevisedDocument\": {\n    \"Requirement\": \"The system shall have a Python function named sumofFactors(n) that calculates the sum of even factors of a given number n. The function should also include input validation requirements to handle different types of input and provide appropriate error messages. Additionally, the function should be efficient and able to handle large numbers without performance issues.\",\n    \"Example\": \"assert sumofFactors(18) == 26\",\n    \"Priority\": \"High\",\n    \"Rationale\": \"Calculating the sum of even factors of a number is a common mathematical operation, and having a function to perform this calculation can be beneficial for various applications.\"\n  }\n}",
    "DesignDraft": "Design:\n\n- The Python function named sumofFactors(n) will be responsible for calculating the sum of even factors of a given number n.\n- The function will include input validation requirements to handle different types of input and provide appropriate error messages.\n- The function will be designed to be efficient and able to handle large numbers without performance issues.\n\n```python\ndef sumofFactors(n) :\n    '''\n    Write a python function to find the sum of even factors of a number.\n    assert sumofFactors(18) == 26\n    '''\n```",
    "DesignMeetings": "{\n  \"Developer\": \"1. Add input validation checks to ensure that the input n is a positive integer. 2. Use efficient algorithms to calculate the sum of even factors, such as iterating through the factors of n and checking if they're even. 3. Consider using memoization or dynamic programming to improve performance for large numbers.\",\n  \"Tester\": \"1. Test the function with various input values including positive integers, zero, and negative numbers to ensure that the input validation works correctly. 2. Test the function with large input values to verify that it performs efficiently and without any performance issues. 3. Verify that appropriate error messages are displayed for invalid input.\"\n}",
    "Design": "Based on the suggestions provided by the Developer and Tester, I have updated the design as follows:\n\nDesign:\n\n- The Python function named sumofFactors(n) will include input validation checks to ensure that the input n is a positive integer. It will also display appropriate error messages for invalid input.\n- Efficient algorithms will be used to calculate the sum of even factors. This will involve iterating through the factors of n and checking if they're even.\n- Memoization or dynamic programming will be considered to improve performance for large numbers.\n\n```python\ndef sumofFactors(n) :\n    ''' \n    Write a python function to find the sum of even factors of a number.\n    Input validation checks to ensure that the input n is a positive integer and display appropriate error messages for invalid input.\n    Efficient algorithms to calculate the sum of even factors will be used, such as iterating through the factors of n and checking if they're even.\n    Consider using memoization or dynamic programming to improve performance for large numbers.\n    assert sumofFactors(18) == 26\n    '''\n```",
    "Test Cases Draft": "{\n  \"requirement analysis\": \"analysis\",\n  \"test_cases\": [\n    {\n      \"Test Title\": \"Valid input - Even factors\",\n      \"Input Data\": \"parameter1=18\",\n      \"Expected Output\": \"26\"\n    },\n    {\n      \"Test Title\": \"Invalid input - Non-integer\",\n      \"Input Data\": \"parameter1='abc'\",\n      \"Expected Output\": \"Error: Input must be an integer\"\n    },\n    {\n      \"Test Title\": \"Boundary input - Large number\",\n      \"Input Data\": \"parameter1=1000000\",\n      \"Expected Output\": \"Some expected output\"\n    }\n  ]\n}",
    "Test Cases Draft_prompt": "{\"Role\": \"You are a quality assurance engineer. Your duty is to design test cases for the developers.\", \"Instruction\": \"According to the Context section, write test cases. Don't write long strings in your test cases. Response in JSON format.\", \"Example\": \"{\\\"requirement analysis\\\":\\\"analysis\\\",\\\"test_cases\\\":[{\\\"Test Title\\\":\\\"title\\\", \\\"Input Data\\\":\\\"parameter1=[1,2,3],parameter2='123'\\\", \\\"Expected Output\\\":\\\"456\\\"},]}\", \"Context\": \"# Requirement Analysis:\\n{\\n  \\\"RevisedDocument\\\": {\\n    \\\"Requirement\\\": \\\"The system shall have a Python function named sumofFactors(n) that calculates the sum of even factors of a given number n. The function should also include input validation requirements to handle different types of input and provide appropriate error messages. Additionally, the function should be efficient and able to handle large numbers without performance issues.\\\",\\n    \\\"Example\\\": \\\"assert sumofFactors(18) == 26\\\",\\n    \\\"Priority\\\": \\\"High\\\",\\n    \\\"Rationale\\\": \\\"Calculating the sum of even factors of a number is a common mathematical operation, and having a function to perform this calculation can be beneficial for various applications.\\\"\\n  }\\n}\", \"Question\": \"def sumofFactors(n) : \\n'''Write a python function to find the sum of even factors of a number.\\nassert sumofFactors(18) == 26'''\\n\"}",
    "Test Cases Meetings": "{\n  \"Architect\": \"As an Architect, I suggest revising the test cases to include more edge cases and boundary conditions. Additionally, it would be beneficial to include test cases for negative input values and zero input values to ensure comprehensive test coverage.\"\n  ,\n  \"Developer\": \"As a Developer, I suggest revising the test cases to include more descriptive test titles that clearly indicate the purpose of each test case. Additionally, it would be helpful to include test cases with multiple input parameters to test the system's ability to handle complex input scenarios.\"\n}",
    "Test Cases Meetings_prompt": "{\"Role\": \"I want you to act as a different roles and then give some suggestions about how to revise the test cases.\", \"Instruction\": \"1. Read the Context section. 2. Act as an Architect, give your suggestions. 3. Act as a Developer, give your suggestions. 4. Response in JSON format.\", \"Example\": \"{\\\"Architect\\\":\\\"Suggestion\\\",\\\"Developer\\\":\\\"Suggestion\\\"}\", \"Context\": \"{\\n  \\\"requirement analysis\\\": \\\"analysis\\\",\\n  \\\"test_cases\\\": [\\n    {\\n      \\\"Test Title\\\": \\\"Valid input - Even factors\\\",\\n      \\\"Input Data\\\": \\\"parameter1=18\\\",\\n      \\\"Expected Output\\\": \\\"26\\\"\\n    },\\n    {\\n      \\\"Test Title\\\": \\\"Invalid input - Non-integer\\\",\\n      \\\"Input Data\\\": \\\"parameter1='abc'\\\",\\n      \\\"Expected Output\\\": \\\"Error: Input must be an integer\\\"\\n    },\\n    {\\n      \\\"Test Title\\\": \\\"Boundary input - Large number\\\",\\n      \\\"Input Data\\\": \\\"parameter1=1000000\\\",\\n      \\\"Expected Output\\\": \\\"Some expected output\\\"\\n    }\\n  ]\\n}\", \"Question\": \"Follow the Instruction. The Context section include the test cases.\"}",
    "Test Cases": "{\n  \"requirement analysis\": \"analysis\",\n  \"test_cases\": [\n    {\n      \"Test Title\": \"Valid input - Even factors\",\n      \"Input Data\": \"parameter1=18\",\n      \"Expected Output\": \"26\"\n    },\n    {\n      \"Test Title\": \"Invalid input - Non-integer\",\n      \"Input Data\": \"parameter1='abc'\",\n      \"Expected Output\": \"Error: Input must be an integer\"\n    },\n    {\n      \"Test Title\": \"Boundary input - Large number\",\n      \"Input Data\": \"parameter1=1000000\",\n      \"Expected Output\": \"Some expected output\"\n    },\n    {\n      \"Test Title\": \"Edge case - Zero input\",\n      \"Input Data\": \"parameter1=0\",\n      \"Expected Output\": \"0\"\n    },\n    {\n      \"Test Title\": \"Edge case - Negative input\",\n      \"Input Data\": \"parameter1=-18\",\n      \"Expected Output\": \"Error: Input must be a positive integer\"\n    },\n    {\n      \"Test Title\": \"Multiple input parameters - Even factors\",\n      \"Input Data\": \"parameter1=18, parameter2='abc'\",\n      \"Expected Output\": \"Error: Input must be an integer\"\n    }\n  ]\n}",
    "Test Cases_prompt": "{\"Role\": \"You are a quality assurance engineer. Your duty is to revise the test cases based on the suggestions.\", \"Instruction\": \"1. Your colleague give you some suggestions(in the Context section) about the draft test cases, read these suggestions. 2. Revise your draft version test cases, but don't use long parameters. 3. Response in JSON format.\", \"Example\": \"{\\\"requirement analysis\\\":\\\"analysis\\\",\\\"test_cases\\\":[{\\\"Test Title\\\":\\\"title\\\", \\\"Input Data\\\":\\\"parameter1=[1,2,3],parameter2='123'\\\", \\\"Expected Output\\\":\\\"456\\\"},]}\", \"Context\": \"# Suggestions:\\n{\\n  \\\"Architect\\\": \\\"As an Architect, I suggest revising the test cases to include more edge cases and boundary conditions. Additionally, it would be beneficial to include test cases for negative input values and zero input values to ensure comprehensive test coverage.\\\"\\n  ,\\n  \\\"Developer\\\": \\\"As a Developer, I suggest revising the test cases to include more descriptive test titles that clearly indicate the purpose of each test case. Additionally, it would be helpful to include test cases with multiple input parameters to test the system's ability to handle complex input scenarios.\\\"\\n}\\n # Draft Test cases:\\n{\\n  \\\"requirement analysis\\\": \\\"analysis\\\",\\n  \\\"test_cases\\\": [\\n    {\\n      \\\"Test Title\\\": \\\"Valid input - Even factors\\\",\\n      \\\"Input Data\\\": \\\"parameter1=18\\\",\\n      \\\"Expected Output\\\": \\\"26\\\"\\n    },\\n    {\\n      \\\"Test Title\\\": \\\"Invalid input - Non-integer\\\",\\n      \\\"Input Data\\\": \\\"parameter1='abc'\\\",\\n      \\\"Expected Output\\\": \\\"Error: Input must be an integer\\\"\\n    },\\n    {\\n      \\\"Test Title\\\": \\\"Boundary input - Large number\\\",\\n      \\\"Input Data\\\": \\\"parameter1=1000000\\\",\\n      \\\"Expected Output\\\": \\\"Some expected output\\\"\\n    }\\n  ]\\n}\", \"Question\": \"Follow the Instruction. Please make sure your response length are less than 512. Your test cases is for the below question:\\ndef sumofFactors(n) : \\n'''Write a python function to find the sum of even factors of a number.\\nassert sumofFactors(18) == 26'''\\n\"}",
    "Code0draft": "def sumofFactors(n) :\n    ''' \n    Write a python function to find the sum of even factors of a number.\n    assert sumofFactors(18) == 26\n    '''\n    if not isinstance(n, int) or n < 0:\n        return \"Error: Input must be a positive integer\"\n    \n    sum = 0\n    for i in range(1, n+1):\n        if n % i == 0 and i % 2 == 0:\n            sum += i\n    \n    return sum",
    "Code0draft_prompt": "{\"Role\": \"You are a professional engineer. Your duty is to write code in Python that meets the requirements. Ensure that the code you write is efficient, readable, and follows best practices. Remember, do not need to explain the code you wrote.\", \"Instruction\": \"According to the Context section, write your code.\", \"Example\": \"\", \"Context\": \"# Test Cases:\\n{\\n  \\\"requirement analysis\\\": \\\"analysis\\\",\\n  \\\"test_cases\\\": [\\n    {\\n      \\\"Test Title\\\": \\\"Valid input - Even factors\\\",\\n      \\\"Input Data\\\": \\\"parameter1=18\\\",\\n      \\\"Expected Output\\\": \\\"26\\\"\\n    },\\n    {\\n      \\\"Test Title\\\": \\\"Invalid input - Non-integer\\\",\\n      \\\"Input Data\\\": \\\"parameter1='abc'\\\",\\n      \\\"Expected Output\\\": \\\"Error: Input must be an integer\\\"\\n    },\\n    {\\n      \\\"Test Title\\\": \\\"Boundary input - Large number\\\",\\n      \\\"Input Data\\\": \\\"parameter1=1000000\\\",\\n      \\\"Expected Output\\\": \\\"Some expected output\\\"\\n    },\\n    {\\n      \\\"Test Title\\\": \\\"Edge case - Zero input\\\",\\n      \\\"Input Data\\\": \\\"parameter1=0\\\",\\n      \\\"Expected Output\\\": \\\"0\\\"\\n    },\\n    {\\n      \\\"Test Title\\\": \\\"Edge case - Negative input\\\",\\n      \\\"Input Data\\\": \\\"parameter1=-18\\\",\\n      \\\"Expected Output\\\": \\\"Error: Input must be a positive integer\\\"\\n    },\\n    {\\n      \\\"Test Title\\\": \\\"Multiple input parameters - Even factors\\\",\\n      \\\"Input Data\\\": \\\"parameter1=18, parameter2='abc'\\\",\\n      \\\"Expected Output\\\": \\\"Error: Input must be an integer\\\"\\n    }\\n  ]\\n}\\n# Design:\\nBased on the suggestions provided by the Developer and Tester, I have updated the design as follows:\\n\\nDesign:\\n\\n- The Python function named sumofFactors(n) will include input validation checks to ensure that the input n is a positive integer. It will also display appropriate error messages for invalid input.\\n- Efficient algorithms will be used to calculate the sum of even factors. This will involve iterating through the factors of n and checking if they're even.\\n- Memoization or dynamic programming will be considered to improve performance for large numbers.\\n\\n```python\\ndef sumofFactors(n) :\\n    ''' \\n    Write a python function to find the sum of even factors of a number.\\n    Input validation checks to ensure that the input n is a positive integer and display appropriate error messages for invalid input.\\n    Efficient algorithms to calculate the sum of even factors will be used, such as iterating through the factors of n and checking if they're even.\\n    Consider using memoization or dynamic programming to improve performance for large numbers.\\n    assert sumofFactors(18) == 26\\n    '''\\n```\", \"Question\": \"Follow the Instruction section. Complete the following code:\\ndef sumofFactors(n) : \\n'''Write a python function to find the sum of even factors of a number.\\nassert sumofFactors(18) == 26'''\\n\"}",
    "Code Review Meetings": "{\n  \"Architect\": \"The code is not following the best practice of using meaningful variable names. It would be better to use a more descriptive name for the variable 'n' such as 'number' or 'input_number'. Also, it's a good idea to include comments explaining the purpose of the code and any complex logic involved.\",\n  \"Tester\": \"The function should have more comprehensive test cases to cover various scenarios, such as when the input is a prime number or when the input is 0. Additionally, it's important to test the function with negative numbers and non-integer inputs to ensure proper error handling.\"\n}",
    "Code0": "def sum_of_even_factors(input_number):\n    ''' \n    Write a python function to find the sum of even factors of a number.\n    assert sum_of_even_factors(18) == 26\n    '''\n    if not isinstance(input_number, int) or input_number < 0:\n        return \"Error: Input must be a positive integer\"\n    \n    sum_of_factors = 0\n    for i in range(1, input_number + 1):\n        if input_number % i == 0 and i % 2 == 0:\n            sum_of_factors += i\n    \n    return sum_of_factors",
    "Code0_prompt": "{\"Role\": \"You are a professional software engineer. Your duty is to write code in Python that meets the requirements. Ensure that the code you write is efficient, readable, and follows best practices. Remember, do not need to explain the code you wrote.\", \"Instruction\": \"1. Understand the suggestions(in the Context section) about the original code. 2. Rewrite your code.\", \"Example\": \"\", \"Context\": \"# Suggestions:\\n{\\n  \\\"Architect\\\": \\\"The code is not following the best practice of using meaningful variable names. It would be better to use a more descriptive name for the variable 'n' such as 'number' or 'input_number'. Also, it's a good idea to include comments explaining the purpose of the code and any complex logic involved.\\\",\\n  \\\"Tester\\\": \\\"The function should have more comprehensive test cases to cover various scenarios, such as when the input is a prime number or when the input is 0. Additionally, it's important to test the function with negative numbers and non-integer inputs to ensure proper error handling.\\\"\\n}\\n# Original code:\\ndef sumofFactors(n) :\\n    ''' \\n    Write a python function to find the sum of even factors of a number.\\n    assert sumofFactors(18) == 26\\n    '''\\n    if not isinstance(n, int) or n < 0:\\n        return \\\"Error: Input must be a positive integer\\\"\\n    \\n    sum = 0\\n    for i in range(1, n+1):\\n        if n % i == 0 and i % 2 == 0:\\n            sum += i\\n    \\n    return sum\", \"Question\": \"Follow the Instruction section. Complete the following code:\\ndef sumofFactors(n) : \\n'''Write a python function to find the sum of even factors of a number.\\nassert sumofFactors(18) == 26'''\\n\"}",
    "TestScriptOriginal": "import unittest\n\ndef sumofFactors(n) :\n    sum = 0\n    for i in range(1, n+1):\n        if n % i == 0 and i % 2 == 0:\n            sum += i\n    return sum\n\nclass Test(unittest.TestCase):\n    def test(self):\n        self.assertEqual(sumofFactors(18), 26)\n\nif __name__ == '__main__':\n    unittest.main()",
    "TestScriptOriginal_prompt": "{\"Role\": \"You are a quality assurance engineer. Your duty is to write a python test script in unittest framework.\", \"Instruction\": \"1. Write a python test script. 2. Use the input and output given by the question.\", \"Example\": \"import unittest\\n\\nclass Test(unittest.TestCase):\\n    def test(self):\\n        self.assertEqual(function_under_test('a'), 1)\\n\\nif __name__ == '__main__':\\n    unittest.main()\", \"Context\": \"\", \"Question\": \"def sumofFactors(n) : \\n'''Write a python function to find the sum of even factors of a number.\\nassert sumofFactors(18) == 26'''\\n\"}",
    "TestScript": "import unittest\n\nclass Test(unittest.TestCase):\n    def test(self):\n        self.assertEqual(sumofFactors(18), 26)\n\nif __name__ == '__main__':\n    unittest.main()",
    "TestScript_prompt": "{\"Role\": \"You are a quality assurance engineer. Your duty is to write a python test script in unittest framework.\", \"Instruction\": \"1. Write a python test script. 2. Use the input and output given by the question.\", \"Example\": \"import unittest\\n\\nclass Test(unittest.TestCase):\\n    def test(self):\\n        self.assertEqual(function_under_test('a'), 1)\\n\\nif __name__ == '__main__':\\n    unittest.main()\", \"Context\": \"\", \"Question\": \"def sumofFactors(n) : \\n'''Write a python function to find the sum of even factors of a number.\\nassert sumofFactors(18) == 26'''\\n\"}",
    "ScriptResult0": "E\n======================================================================\nERROR: test (__main__.Test)\n----------------------------------------------------------------------\nTraceback (most recent call last):\n  File \"/Users/watch/PycharmProjects/XXXX-1-LLM/workspace/2024-02-01_12-48-44-873801/test_script.py\", line 19, in test\n    self.assertEqual(sumofFactors(18), 26)\nNameError: name 'sumofFactors' is not defined\n\n----------------------------------------------------------------------\nRan 1 test in 0.000s\n\nFAILED (errors=1)\n",
    "TestReport0": "Test Report\n\nTest Script Output:\nE\n======================================================================\nERROR: test (__main__.Test)\n----------------------------------------------------------------------\nTraceback (most recent call last):\n  File \"/Users/watch/PycharmProjects/XXXX-1-LLM/workspace/2024-02-01_12-48-44-873801/test_script.py\", line 19, in test\n    self.assertEqual(sumofFactors(18), 26)\nNameError: name 'sumofFactors' is not defined\n\n----------------------------------------------------------------------\nRan 1 test in 0.000s\n\nFAILED (errors=1)\n\nConclusion:\nCode Test Failed\n\nInput and Expected Output Example:\nInput: 18\nExpected Output: 26\n\nRecommendations:\nThe code needs to define the function 'sumofFactors' to pass the test. Additionally, it is recommended to review and fix the errors in the test_script.py file.\n\nSigned,\n[Your Name]\nQuality Assurance Engineer",
    "RepairResponse1": "{\n\t\"revised_code\": \"def sum_of_even_factors(input_number):\\n    if not isinstance(input_number, int) or input_number < 0:\\n        return \\\"Error: Input must be a positive integer\\\"\\n    \\n    sum_of_factors = 0\\n    for i in range(1, input_number + 1):\\n        if input_number % i == 0 and i % 2 == 0:\\n            sum_of_factors += i\\n    \\n    return sum_of_factors\"\n}",
    "RepairResponse1_prompt": "{\"Role\": \"You are a professional software engineer. Your duty is to write code in Python that meets the requirements. Ensure that the code you write is efficient, readable, and follows best practices. Remember, do not need to explain the code you wrote.\", \"Instruction\": \"1. Rewrite a bug fix version of the original code. 2. Response in JSON format.\", \"Example\": \"{\\\"revised_code\\\":\\\"...\\\"}\", \"Context\": \"# the original code:\\ndef sum_of_even_factors(input_number):\\n    ''' \\n    Write a python function to find the sum of even factors of a number.\\n    assert sum_of_even_factors(18) == 26\\n    '''\\n    if not isinstance(input_number, int) or input_number < 0:\\n        return \\\"Error: Input must be a positive integer\\\"\\n    \\n    sum_of_factors = 0\\n    for i in range(1, input_number + 1):\\n        if input_number % i == 0 and i % 2 == 0:\\n            sum_of_factors += i\\n    \\n    return sum_of_factors\\n# test report:\\nTest Report\\n\\nTest Script Output:\\nE\\n======================================================================\\nERROR: test (__main__.Test)\\n----------------------------------------------------------------------\\nTraceback (most recent call last):\\n  File \\\"/Users/watch/PycharmProjects/XXXX-1-LLM/workspace/2024-02-01_12-48-44-873801/test_script.py\\\", line 19, in test\\n    self.assertEqual(sumofFactors(18), 26)\\nNameError: name 'sumofFactors' is not defined\\n\\n----------------------------------------------------------------------\\nRan 1 test in 0.000s\\n\\nFAILED (errors=1)\\n\\nConclusion:\\nCode Test Failed\\n\\nInput and Expected Output Example:\\nInput: 18\\nExpected Output: 26\\n\\nRecommendations:\\nThe code needs to define the function 'sumofFactors' to pass the test. Additionally, it is recommended to review and fix the errors in the test_script.py file.\\n\\nSigned,\\n[Your Name]\\nQuality Assurance Engineer\", \"Question\": \"The original code has some bugs, according to the test report and suggestions, rewrite the code. Complete the following code:\\ndef sumofFactors(n) : \\n'''Write a python function to find the sum of even factors of a number.\\nassert sumofFactors(18) == 26'''\\n\"}",
    "Code1": "def sum_of_even_factors(input_number):\n    if not isinstance(input_number, int) or input_number < 0:\n        return \"Error: Input must be a positive integer\"\n    \n    sum_of_factors = 0\n    for i in range(1, input_number + 1):\n        if input_number % i == 0 and i % 2 == 0:\n            sum_of_factors += i\n    \n    return sum_of_factors",
    "ScriptResult1": "E\n======================================================================\nERROR: test (__main__.Test)\n----------------------------------------------------------------------\nTraceback (most recent call last):\n  File \"/Users/watch/PycharmProjects/XXXX-1-LLM/workspace/2024-02-01_12-48-44-873801/test_script.py\", line 15, in test\n    self.assertEqual(sumofFactors(18), 26)\nNameError: name 'sumofFactors' is not defined\n\n----------------------------------------------------------------------\nRan 1 test in 0.000s\n\nFAILED (errors=1)\n",
    "TestReport1": "Test Report:\n\nTest script's output:\n\nE\n======================================================================\nERROR: test (__main__.Test)\n----------------------------------------------------------------------\nTraceback (most recent call last):\n  File \"/Users/watch/PycharmProjects/XXXX-1-LLM/workspace/2024-02-01_12-48-44-873801/test_script.py\", line 15, in test\n    self.assertEqual(sumofFactors(18), 26)\nNameError: name 'sumofFactors' is not defined\n\n----------------------------------------------------------------------\nRan 1 test in 0.000s\n\nFAILED (errors=1)\n\nAnalysis:\nThe test script output shows that there was an error during the test. The error occurred in the test method where the 'sumofFactors' function is not defined, resulting in a NameError.\n\nConclusion:\nCode Test Failed\n\nInput and Expected Output Example:\nInput: sumofFactors(18)\nExpected Output: 26\n\nSince the code has failed the test, the input and expected output example are provided in the report for reference.",
    "RepairResponse2": "{\n  \"revised_code\": \"def sum_of_even_factors(input_number):\\n    if not isinstance(input_number, int) or input_number < 0:\\n        return \\\"Error: Input must be a positive integer\\\"\\n    \\n    sum_of_factors = 0\\n    for i in range(1, input_number + 1):\\n        if input_number % i == 0 and i % 2 == 0:\\n            sum_of_factors += i\\n    \\n    return sum_of_factors\"\n}",
    "RepairResponse2_prompt": "{\"Role\": \"You are a professional software engineer. Your duty is to write code in Python that meets the requirements. Ensure that the code you write is efficient, readable, and follows best practices. Remember, do not need to explain the code you wrote.\", \"Instruction\": \"1. Rewrite a bug fix version of the original code. 2. Response in JSON format.\", \"Example\": \"{\\\"revised_code\\\":\\\"...\\\"}\", \"Context\": \"# the original code:\\ndef sum_of_even_factors(input_number):\\n    if not isinstance(input_number, int) or input_number < 0:\\n        return \\\"Error: Input must be a positive integer\\\"\\n    \\n    sum_of_factors = 0\\n    for i in range(1, input_number + 1):\\n        if input_number % i == 0 and i % 2 == 0:\\n            sum_of_factors += i\\n    \\n    return sum_of_factors\\n# test report:\\nTest Report:\\n\\nTest script's output:\\n\\nE\\n======================================================================\\nERROR: test (__main__.Test)\\n----------------------------------------------------------------------\\nTraceback (most recent call last):\\n  File \\\"/Users/watch/PycharmProjects/XXXX-1-LLM/workspace/2024-02-01_12-48-44-873801/test_script.py\\\", line 15, in test\\n    self.assertEqual(sumofFactors(18), 26)\\nNameError: name 'sumofFactors' is not defined\\n\\n----------------------------------------------------------------------\\nRan 1 test in 0.000s\\n\\nFAILED (errors=1)\\n\\nAnalysis:\\nThe test script output shows that there was an error during the test. The error occurred in the test method where the 'sumofFactors' function is not defined, resulting in a NameError.\\n\\nConclusion:\\nCode Test Failed\\n\\nInput and Expected Output Example:\\nInput: sumofFactors(18)\\nExpected Output: 26\\n\\nSince the code has failed the test, the input and expected output example are provided in the report for reference.\", \"Question\": \"The original code has some bugs, according to the test report and suggestions, rewrite the code. Complete the following code:\\ndef sumofFactors(n) : \\n'''Write a python function to find the sum of even factors of a number.\\nassert sumofFactors(18) == 26'''\\n\"}"
}