{
    "start_time": "2024-03-11_11-16-08-661287",
    "task": "def find_combinations(test_list):\n'''Write a function to find the combinations of sums with tuples in the given tuple list. https://www.geeksforgeeks.org/python-combinations-of-sum-with-tuples-in-tuple-list/\nassert find_combinations([(2, 4), (6, 7), (5, 1), (6, 10)]) == [(8, 11), (7, 5), (8, 14), (11, 8), (12, 17), (11, 11)]'''\n",
    "datetime": {
        "task": "2024-03-11 11:16:08",
        "task-id": "2024-03-11 11:16:08",
        "workflow": "2024-03-11 11:16:08",
        "Discussion": "2024-03-11 11:16:10",
        "DisorderedSprintMeetings": "2024-03-11 11:16:11",
        "UserStoryDraft0": "2024-03-11 11:16:54",
        "AnalyzeMeetings": "2024-03-11 11:16:56",
        "UserStory0": "2024-03-11 11:17:48",
        "CodeDraft0": "2024-03-11 11:17:49",
        "CodeReviewMeetings0": "2024-03-11 11:17:50",
        "Code0CR": "2024-03-11 11:17:51",
        "FinalCode": "2024-03-11 11:18:22",
        "Test Cases Draft": "2024-03-11 11:17:54",
        "Test Cases Meetings": "2024-03-11 11:17:56",
        "Test Cases": "2024-03-11 11:17:59",
        "Code0": "2024-03-11 11:17:59",
        "TestScriptOriginal": "2024-03-11 11:18:01",
        "TestScript": "2024-03-11 11:18:01",
        "ScriptResult0": "2024-03-11 11:18:01",
        "TestReport0": "2024-03-11 11:18:06",
        "SprintReview0": "2024-03-11 11:18:07",
        "SprintReviewMeetings0": "2024-03-11 11:18:09",
        "RepairResponse0": "2024-03-11 11:18:10",
        "Code1": "2024-03-11 11:18:10",
        "ScriptResult1": "2024-03-11 11:18:10",
        "TestReport1": "2024-03-11 11:18:17",
        "SprintReview1": "2024-03-11 11:18:19",
        "SprintReviewMeetings1": "2024-03-11 11:18:20",
        "RepairResponse1": "2024-03-11 11:18:22",
        "Code2": "2024-03-11 11:18:22",
        "ScriptResult2": "2024-03-11 11:18:22",
        "TestReport2": "2024-03-11 11:18:23"
    },
    "task-id": 780,
    "workflow": "agile/agile_version_0.0.5_remove.json",
    "Discussion": "[ScrumMaster]says: We have a job: def find_combinations(test_list):\n'''Write a function to find the combinations of sums with tuples in the given tuple list. https://www.geeksforgeeks.org/python-combinations-of-sum-with-tuples-in-tuple-list/\nassert find_combinations([(2, 4), (6, 7), (5, 1), (6, 10)]) == [(8, 11), (7, 5), (8, 14), (11, 8), (12, 17), (11, 11)]'''\n, do you have any ideas?\n-----\n\n[Developer]says: I will start by researching and understanding the problem, and then I will propose a plan for implementing the find_combinations function.\n-----\n\n[Tester]says: As a Tester, I suggest considering edge cases and boundary conditions to ensure the function works accurately in all scenarios.\n-----\n\n[ProductOwner]says: As a Product Owner, I think it's important to prioritize this task and ensure that it aligns with our product goals and user needs.\n-----\n\n[Architect]says: As an Architect, I will analyze the requirements and design a solution that efficiently finds combinations of sums with tuples in the given tuple list, taking into consideration the performance and scalability of the solution.\n-----\n\n[Tester]says: As a Tester, I agree with the suggestion to consider edge cases and boundary conditions to ensure the function works accurately in all scenarios.\n-----\n\n[ProductOwner]says: As a Product Owner, I believe we should prioritize this task and ensure it aligns with our product goals and user needs.\n-----\n\n[Developer]says: As a Developer, I will start researching and understanding the problem, and then propose a plan for implementing the find_combinations function.\n-----\n\n[Architect]says: As an Architect, I will analyze the requirements and design a solution that efficiently finds combinations of sums with tuples in the given tuple list, taking into consideration the performance and scalability of the solution.\n-----\n",
    "DisorderedSprintMeetings": "{\n  \"product-owner\": [\"Prioritize task\", \"Align with product goals and user needs\"],\n  \"architect\": [\"Analyze requirements\", \"Design efficient solution\"],\n  \"developer\": [\"Research and understand the problem\", \"Propose plan for implementation\"],\n  \"tester\": [\"Consider edge cases and boundary conditions\", \"Ensure function works accurately\"]\n}",
    "DisorderedSprintMeetings_prompt": "{\"Role\": \"You are a professional scrum master. Your goal is to breakdown the Discussion History into a task list for the scrum team.\", \"Instruction\": \"1. Read and Understand the Discussion History. 2. Define the tasks for four roles: product-owner/architect/developer/tester. 3. Response in JSON format.\", \"Example\": \"{\\\"product-owner\\\":[\\\"task1\\\",\\\"task2\\\"],\\\"architect\\\":[\\\"task1\\\",\\\"task2\\\"], \\\"developer\\\":[\\\"task1\\\",\\\"task2\\\"], \\\"tester\\\":[\\\"task1\\\",\\\"task2\\\"]}\", \"Context\": \"[ScrumMaster]says: We have a job: def find_combinations(test_list):\\n'''Write a function to find the combinations of sums with tuples in the given tuple list. https://www.geeksforgeeks.org/python-combinations-of-sum-with-tuples-in-tuple-list/\\nassert find_combinations([(2, 4), (6, 7), (5, 1), (6, 10)]) == [(8, 11), (7, 5), (8, 14), (11, 8), (12, 17), (11, 11)]'''\\n, do you have any ideas?\\n-----\\n\\n[Developer]says: I will start by researching and understanding the problem, and then I will propose a plan for implementing the find_combinations function.\\n-----\\n\\n[Tester]says: As a Tester, I suggest considering edge cases and boundary conditions to ensure the function works accurately in all scenarios.\\n-----\\n\\n[ProductOwner]says: As a Product Owner, I think it's important to prioritize this task and ensure that it aligns with our product goals and user needs.\\n-----\\n\\n[Architect]says: As an Architect, I will analyze the requirements and design a solution that efficiently finds combinations of sums with tuples in the given tuple list, taking into consideration the performance and scalability of the solution.\\n-----\\n\\n[Tester]says: As a Tester, I agree with the suggestion to consider edge cases and boundary conditions to ensure the function works accurately in all scenarios.\\n-----\\n\\n[ProductOwner]says: As a Product Owner, I believe we should prioritize this task and ensure it aligns with our product goals and user needs.\\n-----\\n\\n[Developer]says: As a Developer, I will start researching and understanding the problem, and then propose a plan for implementing the find_combinations function.\\n-----\\n\\n[Architect]says: As an Architect, I will analyze the requirements and design a solution that efficiently finds combinations of sums with tuples in the given tuple list, taking into consideration the performance and scalability of the solution.\\n-----\\n\", \"Question\": \"Follow the Instruction section. The Discussion History is in the Context section. You only need to return a task list as the Example section.\"}",
    "UserStoryDraft0": "{\n  \"UserStory\": {\n    \"As a product owner, I want to prioritize the task of writing a function to find the combinations of sums with tuples in a given tuple list, in order to align with the product goals and user needs.\"\n \t\t\t\t\t\n \t\t\n \t\n \t\n \t\n \t\n \t\n \t\n \t\n \t\n \t\n  \t\n \t\n \t\n \t\n \t\n \t\n \t\n \t\n \t\n \t\n \t\n \t\n \t\n \t\n \t\n \t\n \t\n \t\n \t\n \t\n \t\n \t\n \t\n \t\n \t\n \t\n \t\n \t\n \t\n \t\n \t\n \t\n \t\n \t\n \t\n \t\n \t\n \t\n \t\n \t\n \t\n \t\n \t\n \t\n \t\n \t\n \t\n \t\n \t\n \t\n \t\n \t\n \t\n \t\n \t\n \t\n \t\n \t\n \t\n \t\n \t\n \t\n \t\n \t\n \t\n \t\n \t\n \t\n \t\n \t\n \t\n \t\n \t\n \t\n \t\n \t\n \t\n \t\n \t\n \t\n \t\n \t\n \t\n \t\n \t\n \t\n \t\n \t\n \t\n \t\n \t\n \t\n \t",
    "UserStoryDraft0_prompt": "{\"Role\": \"You need to act as a professional product owner. Your task is to write a UserStory\", \"Instruction\": \"According to the Context, please analyze the requirement and write your response. Response in JSON format. Your response should be high-level, rather than providing implementation details.\", \"Example\": \"\", \"Context\": [\"Prioritize task\", \"Align with product goals and user needs\"], \"Question\": \"Follow the Instruction. The requirement is as follows:\\ndef find_combinations(test_list):\\n'''Write a function to find the combinations of sums with tuples in the given tuple list. https://www.geeksforgeeks.org/python-combinations-of-sum-with-tuples-in-tuple-list/\\nassert find_combinations([(2, 4), (6, 7), (5, 1), (6, 10)]) == [(8, 11), (7, 5), (8, 14), (11, 8), (12, 17), (11, 11)]'''\\n\"}",
    "AnalyzeMeetings": "{\n  \"Architect\": \"As an architect, I suggest breaking down the task of writing a function to find combinations of sums with tuples into smaller, more manageable sub-tasks. This can help in better understanding the requirements and designing a more efficient and modular solution.\",\n  \"Tester\": \"As a tester, I suggest creating comprehensive test cases for the function to cover various scenarios such as empty tuple list, tuples with different data types, and edge cases for input combinations. This will help in ensuring the robustness and accuracy of the function.\"\n}",
    "UserStory0": "{\n  \"RevisedDocument\": {\n    \"UserStory\": {\n      \"As a product owner, I want to prioritize the task of breaking down the function to find combinations of sums with tuples into smaller, more manageable sub-tasks, in order to align with the product goals and user needs.\"\n   \t\t\t\t\n   \t\t\n   \t\n   \t\n   \t\n \t\n \t\n \t\n \t\n \t\n\t\n\t\n\t\n\t\n\t\n\t\n\t\n\t\n\t\n\t\n\t\n\t\n\t\n\t\n\t\n\t\n\t\n\t\n\t\n\t\n\t\n\t\n\t\n\t\n\t\n\t\n\t\n\t\n\t\n\t\n\t\n\t\n\t\n\t\n\t\n\t\n\t\n\t\n\t\n\t\n\t\n\t\n\t\n\t\n\t\n\t\n\t\n\t\n\t\n\t\n\t\n\t\n\t\n\t\n\t\n\t\n\t\n\t\n\t\n\t\n\t\n\t\n\t\n\t\n\t\n\t\n\t\n\t\n\t\n\t\n\t\n\t\n\t\n\t\n\t\n\t\n\t\n\t\n\t\n\t\n\t\n\t\n\t\n\t\n\t\n\t\n\t\n\t\n\t\n\t\n\t\n\t\n\t\n\t\n\t\n\t\n\t\n\t\n\t\n",
    "UserStory0_prompt": {
        "Role": "You need to act as a professional product owner. Your duty is to revise the document based on the suggestions.",
        "Instruction": "1. Read the suggestions. 2. Revise your draft version document. 3. Response in JSON format. 4. REMEMBER: Your analysis should be high-level, rather than providing implementation details.",
        "Example": "",
        "Context": "# Suggestion:\n{\n  \"Architect\": \"As an architect, I suggest breaking down the task of writing a function to find combinations of sums with tuples into smaller, more manageable sub-tasks. This can help in better understanding the requirements and designing a more efficient and modular solution.\",\n  \"Tester\": \"As a tester, I suggest creating comprehensive test cases for the function to cover various scenarios such as empty tuple list, tuples with different data types, and edge cases for input combinations. This will help in ensuring the robustness and accuracy of the function.\"\n}",
        "Question": "Follow the Instruction. Your colleague give you some suggestions(in the Context section) about this draft document:{\n  \"UserStory\": {\n    \"As a product owner, I want to prioritize the task of writing a function to find the combinations of sums with tuples in a given tuple list, in order to align with the product goals and user needs.\"\n \t\t\t\t\t\n \t\t\n \t\n \t\n \t\n \t\n \t\n \t\n \t\n \t\n \t\n  \t\n \t\n \t\n \t\n \t\n \t\n \t\n \t\n \t\n \t\n \t\n \t\n \t\n \t\n \t\n \t\n \t\n \t\n \t\n \t\n \t\n \t\n \t\n \t\n \t\n \t\n \t\n \t\n \t\n \t\n \t\n \t\n \t\n \t\n \t\n \t\n \t\n \t\n \t\n \t\n \t\n \t\n \t\n \t\n \t\n \t\n \t\n \t\n \t\n \t\n \t\n \t\n \t\n \t\n \t\n \t\n \t\n \t\n \t\n \t\n \t\n \t\n \t\n \t\n \t\n \t\n \t\n \t\n \t\n \t\n \t\n \t\n \t\n \t\n \t\n \t\n \t\n \t\n \t\n \t\n \t\n \t\n \t\n \t\n \t\n \t\n \t\n \t\n \t\n \t\n \t\n \t\n \t"
    },
    "CodeDraft0": "def find_combinations(test_list):\n    result = []\n    for i in range(len(test_list)):\n        for j in range(len(test_list)):\n            if i != j:\n                res = (test_list[i][0] + test_list[j][0], test_list[i][1] + test_list[j][1])\n                result.append(res)\n    return result",
    "CodeDraft0_prompt": {
        "Role": "You are a professional engineer. Your duty is to write code in Python that meets the requirements. Ensure that the code you write is efficient, readable, and follows best practices. Remember, do not need to explain the code you wrote.",
        "Instruction": "According to the Context section, write your code.",
        "Example": "",
        "Context": "# Tasks:\n['Research and understand the problem', 'Propose plan for implementation']",
        "Question": "Follow the Instruction section. Complete the following code:\ndef find_combinations(test_list):\n'''Write a function to find the combinations of sums with tuples in the given tuple list. https://www.geeksforgeeks.org/python-combinations-of-sum-with-tuples-in-tuple-list/\nassert find_combinations([(2, 4), (6, 7), (5, 1), (6, 10)]) == [(8, 11), (7, 5), (8, 14), (11, 8), (12, 17), (11, 11)]'''\n"
    },
    "CodeReviewMeetings0": "{\n  \"Architect\": \"The code can be optimized by using itertools.combinations() to generate all possible combinations of the input list. This will make the code more readable and efficient.\",\n  \"Tester\": \"It is important to test the function with various input lists including empty lists, lists with single elements, and lists with multiple elements to ensure that the function is handling edge cases correctly. Additionally, the output of the function should be compared with expected results for accuracy.\"\n}",
    "Code0CR": "def find_combinations(test_list):\n    result = []\n    for i in range(1, len(test_list)+1):\n        result.extend([sum(comb) for comb in itertools.combinations(test_list, i)])\n    return result",
    "Code0CR_prompt": "{\"Role\": \"You are a professional software engineer. Your duty is to write code in Python that meets the requirements. Ensure that the code you write is efficient, readable, and follows best practices. Remember, do not need to explain the code you wrote.\", \"Instruction\": \"1. Understand the suggestions(in the Context section) about the original code. 2. Rewrite your code.\", \"Example\": \"\", \"Context\": \"# Tasks:\\n['Research and understand the problem', 'Propose plan for implementation']\\n# Suggestions:\\n{\\n  \\\"Architect\\\": \\\"The code can be optimized by using itertools.combinations() to generate all possible combinations of the input list. This will make the code more readable and efficient.\\\",\\n  \\\"Tester\\\": \\\"It is important to test the function with various input lists including empty lists, lists with single elements, and lists with multiple elements to ensure that the function is handling edge cases correctly. Additionally, the output of the function should be compared with expected results for accuracy.\\\"\\n}\", \"Question\": \"Follow the Instruction section. Complete the following code:\\ndef find_combinations(test_list):\\n'''Write a function to find the combinations of sums with tuples in the given tuple list. https://www.geeksforgeeks.org/python-combinations-of-sum-with-tuples-in-tuple-list/\\nassert find_combinations([(2, 4), (6, 7), (5, 1), (6, 10)]) == [(8, 11), (7, 5), (8, 14), (11, 8), (12, 17), (11, 11)]'''\\n\"}",
    "FinalCode": "def find_combinations(test_list):\n    result = []\n    for i in range(len(test_list)):\n        for j in range(i+1, len(test_list)):\n            sum_tuple = (test_list[i][0] + test_list[j][0], test_list[i][1] + test_list[j][1])\n            result.append(sum_tuple)\n    return result",
    "Test Cases Draft": "{\n  \"test_cases\": [\n    {\n      \"Test Title\": \"Empty List\",\n      \"Input Data\": \"test_list=[]\",\n      \"Expected Output\": \"[]\"\n    },\n    {\n      \"Test Title\": \"Single Tuple\",\n      \"Input Data\": \"test_list=[(2, 4)]\",\n      \"Expected Output\": \"[]\"\n    },\n    {\n      \"Test Title\": \"Two Tuples\",\n      \"Input Data\": \"test_list=[(2, 4), (6, 7)]\",\n      \"Expected Output\": \"[(8, 11)]\"\n    },\n    {\n      \"Test Title\": \"Multiple Tuples\",\n      \"Input Data\": \"test_list=[(2, 4), (6, 7), (5, 1), (6, 10)]\",\n      \"Expected Output\": \"[(8, 11), (7, 5), (8, 14), (11, 8), (12, 17), (11, 11)]\"\n    }\n  ]\n}",
    "Test Cases Draft_prompt": "{\"Role\": \"You are a quality assurance engineer. Your duty is to design test cases for the developers.\", \"Instruction\": \"According to the Context section, write test cases. Don't write long strings in your test cases. Response in JSON format.\", \"Example\": \"{\\\"requirement analysis\\\":\\\"analysis\\\",\\\"test_cases\\\":[{\\\"Test Title\\\":\\\"title\\\", \\\"Input Data\\\":\\\"parameter1=[1,2,3],parameter2='123'\\\", \\\"Expected Output\\\":\\\"456\\\"},]}\", \"Context\": \"# UsrtStory:\\n{\\n  \\\"RevisedDocument\\\": {\\n    \\\"UserStory\\\": {\\n      \\\"As a product owner, I want to prioritize the task of breaking down the function to find combinations of sums with tuples into smaller, more manageable sub-tasks, in order to align with the product goals and user needs.\\\"\\n   \\t\\t\\t\\t\\n   \\t\\t\\n   \\t\\n   \\t\\n   \\t\\n \\t\\n \\t\\n \\t\\n \\t\\n \\t\\n\\t\\n\\t\\n\\t\\n\\t\\n\\t\\n\\t\\n\\t\\n\\t\\n\\t\\n\\t\\n\\t\\n\\t\\n\\t\\n\\t\\n\\t\\n\\t\\n\\t\\n\\t\\n\\t\\n\\t\\n\\t\\n\\t\\n\\t\\n\\t\\n\\t\\n\\t\\n\\t\\n\\t\\n\\t\\n\\t\\n\\t\\n\\t\\n\\t\\n\\t\\n\\t\\n\\t\\n\\t\\n\\t\\n\\t\\n\\t\\n\\t\\n\\t\\n\\t\\n\\t\\n\\t\\n\\t\\n\\t\\n\\t\\n\\t\\n\\t\\n\\t\\n\\t\\n\\t\\n\\t\\n\\t\\n\\t\\n\\t\\n\\t\\n\\t\\n\\t\\n\\t\\n\\t\\n\\t\\n\\t\\n\\t\\n\\t\\n\\t\\n\\t\\n\\t\\n\\t\\n\\t\\n\\t\\n\\t\\n\\t\\n\\t\\n\\t\\n\\t\\n\\t\\n\\t\\n\\t\\n\\t\\n\\t\\n\\t\\n\\t\\n\\t\\n\\t\\n\\t\\n\\t\\n\\t\\n\\t\\n\\t\\n\\t\\n\\t\\n\\t\\n\\t\\n\\t\\n\\t\\n\\t\\n\\t\\n\\n# Tasks:\\n['Consider edge cases and boundary conditions', 'Ensure function works accurately']\\n\", \"Question\": \"def find_combinations(test_list):\\n'''Write a function to find the combinations of sums with tuples in the given tuple list. https://www.geeksforgeeks.org/python-combinations-of-sum-with-tuples-in-tuple-list/\\nassert find_combinations([(2, 4), (6, 7), (5, 1), (6, 10)]) == [(8, 11), (7, 5), (8, 14), (11, 8), (12, 17), (11, 11)]'''\\n\"}",
    "Test Cases Meetings": "{\n  \"Architect\": \"As an Architect, I suggest revising the test cases to include edge cases such as an input data with negative numbers, empty input data, and large input data. It's also important to include boundary test cases to ensure the function handles all possible scenarios.\"\n  ,\n  \"Developer\": \"As a Developer, I suggest revising the test cases to include more descriptive test titles that clearly state the purpose of the test case. Additionally, I recommend adding comments to the test cases to explain the reasoning behind the input data and expected output.\"\n}",
    "Test Cases": "{\n  \"test_cases\": [\n    {\n      \"Test Title\": \"Empty List\",\n      \"Input Data\": \"test_list=[]\",\n      \"Expected Output\": \"[]\"\n    },\n    {\n      \"Test Title\": \"Single Tuple\",\n      \"Input Data\": \"test_list=[(2, 4)]\",\n      \"Expected Output\": \"[]\"\n    },\n    {\n      \"Test Title\": \"Two Tuples\",\n      \"Input Data\": \"test_list=[(2, 4), (6, 7)]\",\n      \"Expected Output\": \"[(8, 11)]\"\n    },\n    {\n      \"Test Title\": \"Multiple Tuples\",\n      \"Input Data\": \"test_list=[(2, 4), (6, 7), (5, 1), (6, 10)]\",\n      \"Expected Output\": \"[(8, 11), (7, 5), (8, 14), (11, 8), (12, 17), (11, 11)]\"\n    }\n  ]\n}",
    "Test Cases_prompt": "{\"Role\": \"You are a quality assurance engineer. Your duty is to revise the test cases based on the suggestions.\", \"Instruction\": \"1. Your colleague give you some suggestions(in the Context section) about the draft test cases, read these suggestions. 2. Revise your draft version test cases, but don't use long parameters. 3. Response in JSON format.\", \"Example\": \"{\\\"requirement analysis\\\":\\\"analysis\\\",\\\"test_cases\\\":[{\\\"Test Title\\\":\\\"title\\\", \\\"Input Data\\\":\\\"parameter1=[1,2,3],parameter2='123'\\\", \\\"Expected Output\\\":\\\"456\\\"},]}\", \"Context\": \"# Suggestions:\\n{\\n  \\\"Architect\\\": \\\"As an Architect, I suggest revising the test cases to include edge cases such as an input data with negative numbers, empty input data, and large input data. It's also important to include boundary test cases to ensure the function handles all possible scenarios.\\\"\\n  ,\\n  \\\"Developer\\\": \\\"As a Developer, I suggest revising the test cases to include more descriptive test titles that clearly state the purpose of the test case. Additionally, I recommend adding comments to the test cases to explain the reasoning behind the input data and expected output.\\\"\\n}\\n # Draft Test cases:\\n{\\n  \\\"test_cases\\\": [\\n    {\\n      \\\"Test Title\\\": \\\"Empty List\\\",\\n      \\\"Input Data\\\": \\\"test_list=[]\\\",\\n      \\\"Expected Output\\\": \\\"[]\\\"\\n    },\\n    {\\n      \\\"Test Title\\\": \\\"Single Tuple\\\",\\n      \\\"Input Data\\\": \\\"test_list=[(2, 4)]\\\",\\n      \\\"Expected Output\\\": \\\"[]\\\"\\n    },\\n    {\\n      \\\"Test Title\\\": \\\"Two Tuples\\\",\\n      \\\"Input Data\\\": \\\"test_list=[(2, 4), (6, 7)]\\\",\\n      \\\"Expected Output\\\": \\\"[(8, 11)]\\\"\\n    },\\n    {\\n      \\\"Test Title\\\": \\\"Multiple Tuples\\\",\\n      \\\"Input Data\\\": \\\"test_list=[(2, 4), (6, 7), (5, 1), (6, 10)]\\\",\\n      \\\"Expected Output\\\": \\\"[(8, 11), (7, 5), (8, 14), (11, 8), (12, 17), (11, 11)]\\\"\\n    }\\n  ]\\n}\", \"Question\": \"Follow the Instruction. Please make sure your response length are less than 512. Your test cases is for the below question:\\ndef find_combinations(test_list):\\n'''Write a function to find the combinations of sums with tuples in the given tuple list. https://www.geeksforgeeks.org/python-combinations-of-sum-with-tuples-in-tuple-list/\\nassert find_combinations([(2, 4), (6, 7), (5, 1), (6, 10)]) == [(8, 11), (7, 5), (8, 14), (11, 8), (12, 17), (11, 11)]'''\\n\"}",
    "Code0": "def find_combinations(test_list):\n    result = []\n    for i in range(1, len(test_list)+1):\n        result.extend([tuple(map(sum, zip(*comb))) for comb in itertools.combinations(test_list, i)])\n    return result",
    "Code0_prompt": {
        "Role": "You are a professional software engineer. Your duty is to write code in Python that meets the requirements. Ensure that the code you write is efficient, readable, and follows best practices. Remember, do not need to explain the code you wrote.",
        "Instruction": "1. Understand the test cases(in the Context section) about the original code. 2. Rewrite your code, make sure your code pass all test cases.",
        "Example": "",
        "Context": "# Original Code:\ndef find_combinations(test_list):\n    result = []\n    for i in range(1, len(test_list)+1):\n        result.extend([sum(comb) for comb in itertools.combinations(test_list, i)])\n    return result\n# Test Cases:\n{\n  \"test_cases\": [\n    {\n      \"Test Title\": \"Empty List\",\n      \"Input Data\": \"test_list=[]\",\n      \"Expected Output\": \"[]\"\n    },\n    {\n      \"Test Title\": \"Single Tuple\",\n      \"Input Data\": \"test_list=[(2, 4)]\",\n      \"Expected Output\": \"[]\"\n    },\n    {\n      \"Test Title\": \"Two Tuples\",\n      \"Input Data\": \"test_list=[(2, 4), (6, 7)]\",\n      \"Expected Output\": \"[(8, 11)]\"\n    },\n    {\n      \"Test Title\": \"Multiple Tuples\",\n      \"Input Data\": \"test_list=[(2, 4), (6, 7), (5, 1), (6, 10)]\",\n      \"Expected Output\": \"[(8, 11), (7, 5), (8, 14), (11, 8), (12, 17), (11, 11)]\"\n    }\n  ]\n}",
        "Question": "def find_combinations(test_list):\n'''Write a function to find the combinations of sums with tuples in the given tuple list. https://www.geeksforgeeks.org/python-combinations-of-sum-with-tuples-in-tuple-list/\nassert find_combinations([(2, 4), (6, 7), (5, 1), (6, 10)]) == [(8, 11), (7, 5), (8, 14), (11, 8), (12, 17), (11, 11)]'''\n"
    },
    "TestScriptOriginal": "import unittest\n\nclass Test(unittest.TestCase):\n    def test_find_combinations(self):\n        self.assertEqual(find_combinations([(2, 4), (6, 7), (5, 1), (6, 10)]), [(8, 11), (7, 5), (8, 14), (11, 8), (12, 17), (11, 11)])\n\nif __name__ == '__main__':\n    unittest.main()",
    "TestScriptOriginal_prompt": "{\"Role\": \"You are a quality assurance engineer. Your duty is to write a python test script in unittest framework.\", \"Instruction\": \"1. Write a python test script. 2. Use the input and output given by the question.\", \"Example\": \"import unittest\\n\\nclass Test(unittest.TestCase):\\n    def test(self):\\n        self.assertEqual(function_under_test('a'), 1)\\n\\nif __name__ == '__main__':\\n    unittest.main()\", \"Context\": \"\", \"Question\": \"def find_combinations(test_list):\\n'''Write a function to find the combinations of sums with tuples in the given tuple list. https://www.geeksforgeeks.org/python-combinations-of-sum-with-tuples-in-tuple-list/\\nassert find_combinations([(2, 4), (6, 7), (5, 1), (6, 10)]) == [(8, 11), (7, 5), (8, 14), (11, 8), (12, 17), (11, 11)]'''\\n\"}",
    "TestScript": "import unittest\n\nclass Test(unittest.TestCase):\n    def test_find_combinations(self):\n        self.assertEqual(find_combinations([(2, 4), (6, 7), (5, 1), (6, 10)]), [(8, 11), (7, 5), (8, 14), (11, 8), (12, 17), (11, 11)])\n\nif __name__ == '__main__':\n    unittest.main()",
    "ScriptResult0": "E\n======================================================================\nERROR: test_find_combinations (__main__.Test)\n----------------------------------------------------------------------\nTraceback (most recent call last):\n  File \"/Users/watch/PycharmProjects/XXXX-1-LLM/workspace/2024-03-11_11-16-08-661287/test_script.py\", line 10, in test_find_combinations\n    self.assertEqual(find_combinations([(2, 4), (6, 7), (5, 1), (6, 10)]), [(8, 11), (7, 5), (8, 14), (11, 8), (12, 17), (11, 11)])\n  File \"/Users/watch/PycharmProjects/XXXX-1-LLM/workspace/2024-03-11_11-16-08-661287/test_script.py\", line 4, in find_combinations\n    result.extend([tuple(map(sum, zip(*comb))) for comb in itertools.combinations(test_list, i)])\nNameError: name 'itertools' is not defined\n\n----------------------------------------------------------------------\nRan 1 test in 0.000s\n\nFAILED (errors=1)\n",
    "TestReport0": "Test Report:\n\nTest Script Output:\n# test script's output:\nE\n======================================================================\nERROR: test_find_combinations (__main__.Test)\n----------------------------------------------------------------------\nTraceback (most recent call last):\n  File \"/Users/watch/PycharmProjects/XXXX-1-LLM/workspace/2024-03-11_11-16-08-661287/test_script.py\", line 10, in test_find_combinations\n    self.assertEqual(find_combinations([(2, 4), (6, 7), (5, 1), (6, 10)]), [(8, 11), (7, 5), (8, 14), (11, 8), (12, 17), (11, 11)])\n  File \"/Users/watch/PycharmProjects/XXXX-1-LLM/workspace/2024-03-11_11-16-08-661287/test_script.py\", line 4, in find_combinations\n    result.extend([tuple(map(sum, zip(*comb))) for comb in itertools.combinations(test_list, i)])\nNameError: name 'itertools' is not defined\n\n----------------------------------------------------------------------\nRan 1 test in 0.000s\n\nFAILED (errors=1)\n\nConclusion:\nThe code has failed the test. The error is due to the name 'itertools' not being defined in the test_script.py. \n\nInput and Expected Output Example:\ndef find_combinations(test_list):\n    result = []\n    for i in range(1, len(test_list)+1):\n        result.extend([tuple(map(sum, zip(*comb))) for comb in itertools.combinations(test_list, i)])\n    return result\n\nCode Test Failed.",
    "SprintReview0": "[ScrumMaster]says: Here is our test Report: Test Report:\n\nTest Script Output:\n# test script's output:\nE\n======================================================================\nERROR: test_find_combinations (__main__.Test)\n----------------------------------------------------------------------\nTraceback (most recent call last):\n  File \"/Users/watch/PycharmProjects/XXXX-1-LLM/workspace/2024-03-11_11-16-08-661287/test_script.py\", line 10, in test_find_combinations\n    self.assertEqual(find_combinations([(2, 4), (6, 7), (5, 1), (6, 10)]), [(8, 11), (7, 5), (8, 14), (11, 8), (12, 17), (11, 11)])\n  File \"/Users/watch/PycharmProjects/XXXX-1-LLM/workspace/2024-03-11_11-16-08-661287/test_script.py\", line 4, in find_combinations\n    result.extend([tuple(map(sum, zip(*comb))) for comb in itertools.combinations(test_list, i)])\nNameError: name 'itertools' is not defined\n\n----------------------------------------------------------------------\nRan 1 test in 0.000s\n\nFAILED (errors=1)\n\nConclusion:\nThe code has failed the test. The error is due to the name 'itertools' not being defined in the test_script.py. \n\nInput and Expected Output Example:\ndef find_combinations(test_list):\n    result = []\n    for i in range(1, len(test_list)+1):\n        result.extend([tuple(map(sum, zip(*comb))) for comb in itertools.combinations(test_list, i)])\n    return result\n\nCode Test Failed., do you have any ideas?\n-----\n\n[Developer]says: As a Developer, I think we should import the itertools module in the test_script.py file to resolve the 'NameError' issue.\n-----\n\n[Architect]says: As an Architect, I believe we should review the code and ensure that all necessary libraries and modules are properly imported before running the test.\n-----\n\n[ProductOwner]says: As a Product Owner, I think we should prioritize fixing the error related to 'itertools' and ensure that the code passes the test script.\n-----\n\n[Tester]says: As a Tester, it is important to ensure that the necessary libraries, such as itertools, are imported and defined in the test_script.py file to avoid errors in the code.\n-----\n\n[ProductOwner]says: As a Product Owner, I think we should prioritize fixing the error related to 'itertools' and ensure that the code passes the test script.\n-----\n\n[Developer]says: As a Developer, I think we should import the itertools module in the test_script.py file to resolve the 'NameError' issue.\n-----\n\n[Architect]says: As an Architect, I believe we should review the code and ensure that all necessary libraries and modules are properly imported before running the test.\n-----\n\n[Tester]says: As a Tester, I agree that it is important to ensure that the necessary libraries, such as itertools, are imported and defined in the test_script.py file to avoid errors in the code.\n-----\n",
    "SprintReviewMeetings0": "{\n  \"product-owner\":[\"We should prioritize fixing the error related to 'itertools' and ensure that the code passes the test script.\"],\n  \"architect\":[\"We should review the code and ensure that all necessary libraries and modules are properly imported before running the test.\"],\n  \"developer\":[\"We should import the itertools module in the test_script.py file to resolve the 'NameError' issue.\"],\n  \"tester\":[\"It is important to ensure that the necessary libraries, such as itertools, are imported and defined in the test_script.py file to avoid errors in the code.\"]\n}",
    "SprintReviewMeetings0_prompt": "{\"Role\": \"You are a professional scrum master. Your goal is to summary the Discussion History into a suggestions list for the scrum team.\", \"Instruction\": \"1. Read and Understand the Discussion History. 2. Summary the suggestions from four roles: product-owner/architect/developer/tester. 3. Response in JSON format.\", \"Example\": \"{\\\"product-owner\\\":[\\\"suggestion1\\\",\\\"suggestion2\\\"],\\\"architect\\\":[\\\"suggestion1\\\",\\\"suggestion2\\\"], \\\"developer\\\":[\\\"suggestion1\\\",\\\"suggestion2\\\"], \\\"tester\\\":[\\\"suggestion1\\\",\\\"suggestion2\\\"]}\", \"Context\": \"[ScrumMaster]says: Here is our test Report: Test Report:\\n\\nTest Script Output:\\n# test script's output:\\nE\\n======================================================================\\nERROR: test_find_combinations (__main__.Test)\\n----------------------------------------------------------------------\\nTraceback (most recent call last):\\n  File \\\"/Users/watch/PycharmProjects/XXXX-1-LLM/workspace/2024-03-11_11-16-08-661287/test_script.py\\\", line 10, in test_find_combinations\\n    self.assertEqual(find_combinations([(2, 4), (6, 7), (5, 1), (6, 10)]), [(8, 11), (7, 5), (8, 14), (11, 8), (12, 17), (11, 11)])\\n  File \\\"/Users/watch/PycharmProjects/XXXX-1-LLM/workspace/2024-03-11_11-16-08-661287/test_script.py\\\", line 4, in find_combinations\\n    result.extend([tuple(map(sum, zip(*comb))) for comb in itertools.combinations(test_list, i)])\\nNameError: name 'itertools' is not defined\\n\\n----------------------------------------------------------------------\\nRan 1 test in 0.000s\\n\\nFAILED (errors=1)\\n\\nConclusion:\\nThe code has failed the test. The error is due to the name 'itertools' not being defined in the test_script.py. \\n\\nInput and Expected Output Example:\\ndef find_combinations(test_list):\\n    result = []\\n    for i in range(1, len(test_list)+1):\\n        result.extend([tuple(map(sum, zip(*comb))) for comb in itertools.combinations(test_list, i)])\\n    return result\\n\\nCode Test Failed., do you have any ideas?\\n-----\\n\\n[Developer]says: As a Developer, I think we should import the itertools module in the test_script.py file to resolve the 'NameError' issue.\\n-----\\n\\n[Architect]says: As an Architect, I believe we should review the code and ensure that all necessary libraries and modules are properly imported before running the test.\\n-----\\n\\n[ProductOwner]says: As a Product Owner, I think we should prioritize fixing the error related to 'itertools' and ensure that the code passes the test script.\\n-----\\n\\n[Tester]says: As a Tester, it is important to ensure that the necessary libraries, such as itertools, are imported and defined in the test_script.py file to avoid errors in the code.\\n-----\\n\\n[ProductOwner]says: As a Product Owner, I think we should prioritize fixing the error related to 'itertools' and ensure that the code passes the test script.\\n-----\\n\\n[Developer]says: As a Developer, I think we should import the itertools module in the test_script.py file to resolve the 'NameError' issue.\\n-----\\n\\n[Architect]says: As an Architect, I believe we should review the code and ensure that all necessary libraries and modules are properly imported before running the test.\\n-----\\n\\n[Tester]says: As a Tester, I agree that it is important to ensure that the necessary libraries, such as itertools, are imported and defined in the test_script.py file to avoid errors in the code.\\n-----\\n\", \"Question\": \"Follow the Instruction section. The Discussion History is in the Context section. You only need to return a list as the Example section.\"}",
    "RepairResponse0": "{\n  \"revised_code\": \"def find_combinations(test_list):\\n    import itertools\\n    result = []\\n    for i in range(1, len(test_list)+1):\\n        result.extend([tuple(map(sum, zip(*comb))) for comb in itertools.combinations(test_list, i)])\\n    return result\"\n}",
    "RepairResponse0_prompt": {
        "Role": "You are a professional software engineer. Your duty is to write code in Python that meets the requirements. Ensure that the code you write is efficient, readable, and follows best practices. Remember, do not need to explain the code you wrote.",
        "Instruction": "1. Rewrite a bug fix version of the original code. 2. Response in JSON format.",
        "Example": "{\"revised_code\":\"...\"}",
        "Context": "# Test Report:\nTest Report:\n\nTest Script Output:\n# test script's output:\nE\n======================================================================\nERROR: test_find_combinations (__main__.Test)\n----------------------------------------------------------------------\nTraceback (most recent call last):\n  File \"/Users/watch/PycharmProjects/XXXX-1-LLM/workspace/2024-03-11_11-16-08-661287/test_script.py\", line 10, in test_find_combinations\n    self.assertEqual(find_combinations([(2, 4), (6, 7), (5, 1), (6, 10)]), [(8, 11), (7, 5), (8, 14), (11, 8), (12, 17), (11, 11)])\n  File \"/Users/watch/PycharmProjects/XXXX-1-LLM/workspace/2024-03-11_11-16-08-661287/test_script.py\", line 4, in find_combinations\n    result.extend([tuple(map(sum, zip(*comb))) for comb in itertools.combinations(test_list, i)])\nNameError: name 'itertools' is not defined\n\n----------------------------------------------------------------------\nRan 1 test in 0.000s\n\nFAILED (errors=1)\n\nConclusion:\nThe code has failed the test. The error is due to the name 'itertools' not being defined in the test_script.py. \n\nInput and Expected Output Example:\ndef find_combinations(test_list):\n    result = []\n    for i in range(1, len(test_list)+1):\n        result.extend([tuple(map(sum, zip(*comb))) for comb in itertools.combinations(test_list, i)])\n    return result\n\nCode Test Failed.# suggestions:\n{\"product-owner\": [\"We should prioritize fixing the error related to 'itertools' and ensure that the code passes the test script.\"], \"architect\": [\"We should review the code and ensure that all necessary libraries and modules are properly imported before running the test.\"], \"developer\": [\"We should import the itertools module in the test_script.py file to resolve the 'NameError' issue.\"], \"tester\": [\"It is important to ensure that the necessary libraries, such as itertools, are imported and defined in the test_script.py file to avoid errors in the code.\"]}",
        "Question": "The original code has some bugs, according to the test report and suggestions, rewrite the code. Complete the following code:\ndef find_combinations(test_list):\n'''Write a function to find the combinations of sums with tuples in the given tuple list. https://www.geeksforgeeks.org/python-combinations-of-sum-with-tuples-in-tuple-list/\nassert find_combinations([(2, 4), (6, 7), (5, 1), (6, 10)]) == [(8, 11), (7, 5), (8, 14), (11, 8), (12, 17), (11, 11)]'''\n"
    },
    "Code1": "def find_combinations(test_list):\n    import itertools\n    result = []\n    for i in range(1, len(test_list)+1):\n        result.extend([tuple(map(sum, zip(*comb))) for comb in itertools.combinations(test_list, i)])\n    return result",
    "ScriptResult1": "F\n======================================================================\nFAIL: test_find_combinations (__main__.Test)\n----------------------------------------------------------------------\nTraceback (most recent call last):\n  File \"/Users/watch/PycharmProjects/XXXX-1-LLM/workspace/2024-03-11_11-16-08-661287/test_script.py\", line 11, in test_find_combinations\n    self.assertEqual(find_combinations([(2, 4), (6, 7), (5, 1), (6, 10)]), [(8, 11), (7, 5), (8, 14), (11, 8), (12, 17), (11, 11)])\nAssertionError: Lists differ: [(2, 4), (6, 7), (5, 1), (6, 10), (8, 11), [90 chars] 22)] != [(8, 11), (7, 5), (8, 14), (11, 8), (12, 17), (11, 11)]\n\nFirst differing element 0:\n(2, 4)\n(8, 11)\n\nFirst list contains 9 additional elements.\nFirst extra element 6:\n(8, 14)\n\n+ [(8, 11), (7, 5), (8, 14), (11, 8), (12, 17), (11, 11)]\n- [(2, 4),\n-  (6, 7),\n-  (5, 1),\n-  (6, 10),\n-  (8, 11),\n-  (7, 5),\n-  (8, 14),\n-  (11, 8),\n-  (12, 17),\n-  (11, 11),\n-  (13, 12),\n-  (14, 21),\n-  (13, 15),\n-  (17, 18),\n-  (19, 22)]\n\n----------------------------------------------------------------------\nRan 1 test in 0.000s\n\nFAILED (failures=1)\n",
    "TestReport1": "Test Report:\n\nTest Script Output:\nFAIL: test_find_combinations (__main__.Test)\nTraceback (most recent call last):\n  File \"/Users/watch/PycharmProjects/XXXX-1-LLM/workspace/2024-03-11_11-16-08-661287/test_script.py\", line 11, in test_find_combinations\n    self.assertEqual(find_combinations([(2, 4), (6, 7), (5, 1), (6, 10)]), [(8, 11), (7, 5), (8, 14), (11, 8), (12, 17), (11, 11)])\nAssertionError: Lists differ: [(2, 4), (6, 7), (5, 1), (6, 10), (8, 11), ...] != [(8, 11), (7, 5), (8, 14), (11, 8), (12, 17), (11, 11)]\n\nFirst differing element 0:\n(2, 4)\n(8, 11)\n\nFirst list contains 9 additional elements.\n\nFirst extra element 6:\n(8, 14)\n\n+ [(8, 11), (7, 5), (8, 14), (11, 8), (12, 17), (11, 11)]\n- [(2, 4),\n-  (6, 7),\n-  (5, 1),\n-  (6, 10),\n-  (8, 11),\n-  (7, 5),\n-  (8, 14),\n-  (11, 8),\n-  (12, 17),\n-  (11, 11),\n-  (13, 12),\n-  (14, 21),\n-  (13, 15),\n-  (17, 18),\n-  (19, 22)]\n\nRan 1 test in 0.000s\n\nFAILED (failures=1)\n\nCode Test Result: FAIL\n\nInput Example: \nTest list: [(2, 4), (6, 7), (5, 1), (6, 10)]\n\nExpected Output: \n[(8, 11), (7, 5), (8, 14), (11, 8), (12, 17), (11, 11)]\n\nConclusion: The code test has failed. The input example and the expected output example have been included in the report.\n\nCode Test Result: FAIL",
    "SprintReview1": "[ScrumMaster]says: Here is our test Report: Test Report:\n\nTest Script Output:\nFAIL: test_find_combinations (__main__.Test)\nTraceback (most recent call last):\n  File \"/Users/watch/PycharmProjects/XXXX-1-LLM/workspace/2024-03-11_11-16-08-661287/test_script.py\", line 11, in test_find_combinations\n    self.assertEqual(find_combinations([(2, 4), (6, 7), (5, 1), (6, 10)]), [(8, 11), (7, 5), (8, 14), (11, 8), (12, 17), (11, 11)])\nAssertionError: Lists differ: [(2, 4), (6, 7), (5, 1), (6, 10), (8, 11), ...] != [(8, 11), (7, 5), (8, 14), (11, 8), (12, 17), (11, 11)]\n\nFirst differing element 0:\n(2, 4)\n(8, 11)\n\nFirst list contains 9 additional elements.\n\nFirst extra element 6:\n(8, 14)\n\n+ [(8, 11), (7, 5), (8, 14), (11, 8), (12, 17), (11, 11)]\n- [(2, 4),\n-  (6, 7),\n-  (5, 1),\n-  (6, 10),\n-  (8, 11),\n-  (7, 5),\n-  (8, 14),\n-  (11, 8),\n-  (12, 17),\n-  (11, 11),\n-  (13, 12),\n-  (14, 21),\n-  (13, 15),\n-  (17, 18),\n-  (19, 22)]\n\nRan 1 test in 0.000s\n\nFAILED (failures=1)\n\nCode Test Result: FAIL\n\nInput Example: \nTest list: [(2, 4), (6, 7), (5, 1), (6, 10)]\n\nExpected Output: \n[(8, 11), (7, 5), (8, 14), (11, 8), (12, 17), (11, 11)]\n\nConclusion: The code test has failed. The input example and the expected output example have been included in the report.\n\nCode Test Result: FAIL, do you have any ideas?\n-----\n\n[Architect]says: As an Architect, I suggest reviewing the test script and debugging the code to identify the root cause of the failure.\n-----\n\n[ProductOwner]says: As the Product Owner, it is important for us to review the test report and prioritize fixing the failing test case to ensure the quality of the product.\n-----\n\n[Tester]says: As a Tester, it seems like the code test has failed because the expected output does not match the actual output. It might be worth reviewing the code to identify the issue.\n-----\n\n[Developer]says: As a Developer, it seems there is an issue with the code test failing, I will review the test report and debug the code to identify the root cause of the failure.\n-----\n\n[Architect]says: As an Architect, I suggest reviewing the test script and debugging the code to identify the root cause of the failure.\n-----\n\n[ProductOwner]says: As the Product Owner, I think we should prioritize fixing the failing test case to ensure the quality of the product.\n-----\n\n[Tester]says: As a Tester, it seems like the code test has failed because the expected output does not match the actual output. It might be worth reviewing the code to identify the issue.\n-----\n\n[Developer]says: As a Developer, I will review the test report and debug the code to identify the root cause of the failure.\n-----\n",
    "SprintReviewMeetings1": "{\n  \"product-owner\": [\n    \"Review the test report and prioritize fixing the failing test case\"\n  ],\n  \"architect\": [\n    \"Review the test script and debug the code to identify the root cause of the failure\"\n  ],\n  \"developer\": [\n    \"Review the test report and debug the code to identify the root cause of the failure\"\n  ],\n  \"tester\": [\n    \"Review the code to identify the issue\"\n  ]\n}",
    "SprintReviewMeetings1_prompt": "{\"Role\": \"You are a professional scrum master. Your goal is to summary the Discussion History into a suggestions list for the scrum team.\", \"Instruction\": \"1. Read and Understand the Discussion History. 2. Summary the suggestions from four roles: product-owner/architect/developer/tester. 3. Response in JSON format.\", \"Example\": \"{\\\"product-owner\\\":[\\\"suggestion1\\\",\\\"suggestion2\\\"],\\\"architect\\\":[\\\"suggestion1\\\",\\\"suggestion2\\\"], \\\"developer\\\":[\\\"suggestion1\\\",\\\"suggestion2\\\"], \\\"tester\\\":[\\\"suggestion1\\\",\\\"suggestion2\\\"]}\", \"Context\": \"[ScrumMaster]says: Here is our test Report: Test Report:\\n\\nTest Script Output:\\nFAIL: test_find_combinations (__main__.Test)\\nTraceback (most recent call last):\\n  File \\\"/Users/watch/PycharmProjects/XXXX-1-LLM/workspace/2024-03-11_11-16-08-661287/test_script.py\\\", line 11, in test_find_combinations\\n    self.assertEqual(find_combinations([(2, 4), (6, 7), (5, 1), (6, 10)]), [(8, 11), (7, 5), (8, 14), (11, 8), (12, 17), (11, 11)])\\nAssertionError: Lists differ: [(2, 4), (6, 7), (5, 1), (6, 10), (8, 11), ...] != [(8, 11), (7, 5), (8, 14), (11, 8), (12, 17), (11, 11)]\\n\\nFirst differing element 0:\\n(2, 4)\\n(8, 11)\\n\\nFirst list contains 9 additional elements.\\n\\nFirst extra element 6:\\n(8, 14)\\n\\n+ [(8, 11), (7, 5), (8, 14), (11, 8), (12, 17), (11, 11)]\\n- [(2, 4),\\n-  (6, 7),\\n-  (5, 1),\\n-  (6, 10),\\n-  (8, 11),\\n-  (7, 5),\\n-  (8, 14),\\n-  (11, 8),\\n-  (12, 17),\\n-  (11, 11),\\n-  (13, 12),\\n-  (14, 21),\\n-  (13, 15),\\n-  (17, 18),\\n-  (19, 22)]\\n\\nRan 1 test in 0.000s\\n\\nFAILED (failures=1)\\n\\nCode Test Result: FAIL\\n\\nInput Example: \\nTest list: [(2, 4), (6, 7), (5, 1), (6, 10)]\\n\\nExpected Output: \\n[(8, 11), (7, 5), (8, 14), (11, 8), (12, 17), (11, 11)]\\n\\nConclusion: The code test has failed. The input example and the expected output example have been included in the report.\\n\\nCode Test Result: FAIL, do you have any ideas?\\n-----\\n\\n[Architect]says: As an Architect, I suggest reviewing the test script and debugging the code to identify the root cause of the failure.\\n-----\\n\\n[ProductOwner]says: As the Product Owner, it is important for us to review the test report and prioritize fixing the failing test case to ensure the quality of the product.\\n-----\\n\\n[Tester]says: As a Tester, it seems like the code test has failed because the expected output does not match the actual output. It might be worth reviewing the code to identify the issue.\\n-----\\n\\n[Developer]says: As a Developer, it seems there is an issue with the code test failing, I will review the test report and debug the code to identify the root cause of the failure.\\n-----\\n\\n[Architect]says: As an Architect, I suggest reviewing the test script and debugging the code to identify the root cause of the failure.\\n-----\\n\\n[ProductOwner]says: As the Product Owner, I think we should prioritize fixing the failing test case to ensure the quality of the product.\\n-----\\n\\n[Tester]says: As a Tester, it seems like the code test has failed because the expected output does not match the actual output. It might be worth reviewing the code to identify the issue.\\n-----\\n\\n[Developer]says: As a Developer, I will review the test report and debug the code to identify the root cause of the failure.\\n-----\\n\", \"Question\": \"Follow the Instruction section. The Discussion History is in the Context section. You only need to return a list as the Example section.\"}",
    "RepairResponse1": "{\n  \"revised_code\": \"def find_combinations(test_list):\\n    result = []\\n    for i in range(len(test_list)):\\n        for j in range(i+1, len(test_list)):\\n            sum_tuple = (test_list[i][0] + test_list[j][0], test_list[i][1] + test_list[j][1])\\n            result.append(sum_tuple)\\n    return result\"\n}",
    "RepairResponse1_prompt": {
        "Role": "You are a professional software engineer. Your duty is to write code in Python that meets the requirements. Ensure that the code you write is efficient, readable, and follows best practices. Remember, do not need to explain the code you wrote.",
        "Instruction": "1. Rewrite a bug fix version of the original code. 2. Response in JSON format.",
        "Example": "{\"revised_code\":\"...\"}",
        "Context": "# Test Report:\nTest Report:\n\nTest Script Output:\nFAIL: test_find_combinations (__main__.Test)\nTraceback (most recent call last):\n  File \"/Users/watch/PycharmProjects/XXXX-1-LLM/workspace/2024-03-11_11-16-08-661287/test_script.py\", line 11, in test_find_combinations\n    self.assertEqual(find_combinations([(2, 4), (6, 7), (5, 1), (6, 10)]), [(8, 11), (7, 5), (8, 14), (11, 8), (12, 17), (11, 11)])\nAssertionError: Lists differ: [(2, 4), (6, 7), (5, 1), (6, 10), (8, 11), ...] != [(8, 11), (7, 5), (8, 14), (11, 8), (12, 17), (11, 11)]\n\nFirst differing element 0:\n(2, 4)\n(8, 11)\n\nFirst list contains 9 additional elements.\n\nFirst extra element 6:\n(8, 14)\n\n+ [(8, 11), (7, 5), (8, 14), (11, 8), (12, 17), (11, 11)]\n- [(2, 4),\n-  (6, 7),\n-  (5, 1),\n-  (6, 10),\n-  (8, 11),\n-  (7, 5),\n-  (8, 14),\n-  (11, 8),\n-  (12, 17),\n-  (11, 11),\n-  (13, 12),\n-  (14, 21),\n-  (13, 15),\n-  (17, 18),\n-  (19, 22)]\n\nRan 1 test in 0.000s\n\nFAILED (failures=1)\n\nCode Test Result: FAIL\n\nInput Example: \nTest list: [(2, 4), (6, 7), (5, 1), (6, 10)]\n\nExpected Output: \n[(8, 11), (7, 5), (8, 14), (11, 8), (12, 17), (11, 11)]\n\nConclusion: The code test has failed. The input example and the expected output example have been included in the report.\n\nCode Test Result: FAIL# suggestions:\n{\"product-owner\": [\"Review the test report and prioritize fixing the failing test case\"], \"architect\": [\"Review the test script and debug the code to identify the root cause of the failure\"], \"developer\": [\"Review the test report and debug the code to identify the root cause of the failure\"], \"tester\": [\"Review the code to identify the issue\"]}",
        "Question": "The original code has some bugs, according to the test report and suggestions, rewrite the code. Complete the following code:\ndef find_combinations(test_list):\n'''Write a function to find the combinations of sums with tuples in the given tuple list. https://www.geeksforgeeks.org/python-combinations-of-sum-with-tuples-in-tuple-list/\nassert find_combinations([(2, 4), (6, 7), (5, 1), (6, 10)]) == [(8, 11), (7, 5), (8, 14), (11, 8), (12, 17), (11, 11)]'''\n"
    },
    "Code2": "def find_combinations(test_list):\n    result = []\n    for i in range(len(test_list)):\n        for j in range(i+1, len(test_list)):\n            sum_tuple = (test_list[i][0] + test_list[j][0], test_list[i][1] + test_list[j][1])\n            result.append(sum_tuple)\n    return result",
    "ScriptResult2": ".\n----------------------------------------------------------------------\nRan 1 test in 0.000s\n\nOK\n",
    "TestReport2": "Test Report:\n\nTest script's output:\n.\n----------------------------------------------------------------------\nRan 1 test in 0.000s\n\nOK\n\nConclusion: Code Test Passed\n\nNote: The given test script has passed successfully without any issues."
}