{
    "start_time": "2024-02-01_16-47-09-530226",
    "task": "def check_monthnumber_number(monthnum3):\n'''Write a function to check whether the given month number contains 30 days or not. Months are given as number from 1 to 12.\nassert check_monthnumber_number(6)==True'''\n",
    "datetime": {
        "task": "2024-02-01 16:47:09",
        "task-id": "2024-02-01 16:47:09",
        "workflow": "2024-02-01 16:47:09",
        "Discussion": "2024-02-01 16:47:19",
        "DisorderedSprintMeetings": "2024-02-01 16:47:21",
        "UserStoryDraft0": "2024-02-01 16:48:27",
        "AnalyzeMeetings": "2024-02-01 16:48:32",
        "UserStory0": "2024-02-01 16:48:35",
        "DesignDraft0": "2024-02-01 16:48:38",
        "DesignMeetings0": "2024-02-01 16:48:41",
        "Design0": "2024-02-01 16:48:48",
        "CodeDraft0": "2024-02-01 16:48:50",
        "CodeReviewMeetings0": "2024-02-01 16:48:52",
        "Code0CR": "2024-02-01 16:48:56",
        "FinalCode": "2024-02-01 16:50:39",
        "Test Cases Draft": "2024-02-01 16:49:00",
        "Test Cases Meetings": "2024-02-01 16:49:02",
        "Test Cases": "2024-02-01 16:49:12",
        "Code0": "2024-02-01 16:49:15",
        "TestScriptOriginal": "2024-02-01 16:49:18",
        "TestScript": "2024-02-01 16:49:18",
        "ScriptResult0": "2024-02-01 16:49:18",
        "TestReport0": "2024-02-01 16:49:35",
        "SprintReview0": "2024-02-01 16:49:45",
        "SprintReviewMeetings0": "2024-02-01 16:49:50",
        "RepairResponse0": "2024-02-01 16:49:54",
        "Code1": "2024-02-01 16:49:54",
        "ScriptResult1": "2024-02-01 16:49:54",
        "TestReport1": "2024-02-01 16:50:00",
        "SprintReview1": "2024-02-01 16:50:06",
        "SprintReviewMeetings1": "2024-02-01 16:50:15",
        "RepairResponse1": "2024-02-01 16:50:24",
        "Code2": "2024-02-01 16:50:24",
        "ScriptResult2": "2024-02-01 16:50:24",
        "TestReport2": "2024-02-01 16:50:30",
        "SprintReview2": "2024-02-01 16:50:35",
        "SprintReviewMeetings2": "2024-02-01 16:50:37",
        "RepairResponse2": "2024-02-01 16:50:39",
        "Code3": "2024-02-01 16:50:39",
        "ScriptResult3": "2024-02-01 16:50:39",
        "TestReport3": "2024-02-01 16:50:46"
    },
    "task-id": 762,
    "workflow": "agile/agile_version_0.0.4.json",
    "Discussion": "[ScrumMaster]says: We have a job: def check_monthnumber_number(monthnum3):\n'''Write a function to check whether the given month number contains 30 days or not. Months are given as number from 1 to 12.\nassert check_monthnumber_number(6)==True'''\n, do you have any ideas?\n-----\n\n[Tester]says: As a Tester, I would suggest writing test cases to cover all possible scenarios for the check_monthnumber_number function.\n-----\n\n[Tester]says: As a Tester, I would suggest writing test cases to cover all possible scenarios for the check_monthnumber_number function.\n-----\n\n[ProductOwner]says: As a Product Owner, I think we should prioritize creating a user story for this functionality and have the development team estimate the effort required.\n-----\n\n[Developer]says: As a Developer, I think we should start by creating a function that takes the month number as input and returns True if the month has 30 days, otherwise False.\n-----\n\n[ProductOwner]says: [ProductOwner] To create a product, we should prioritize creating a user story for this functionality and have the development team estimate the effort required.\n-----\n\n[Architect]says: As an Architect, I think the first step is to analyze the requirements and design a solution that can efficiently check the number of days in a given month.\n-----\n\n[Developer]says: As a Developer, I think we should start by creating a function that takes the month number as input and returns True if the month has 30 days, otherwise False.\n-----\n\n[Architect]says: As an Architect, I think the first step is to analyze the requirements and design a solution that can efficiently check the number of days in a given month.\n-----\n",
    "DisorderedSprintMeetings": "{\n  \"product-owner\":[\"Prioritize creating a user story for the functionality\", \"Have the development team estimate the effort required\"],\n  \"architect\":[\"Analyze the requirements\", \"Design a solution to efficiently check the number of days in a given month\"],\n  \"developer\":[\"Create a function that takes the month number as input and returns True if the month has 30 days\", \"Write test cases to cover all possible scenarios for the function\"],\n  \"tester\":[\"Write test cases to cover all possible scenarios for the function\"]\n}",
    "DisorderedSprintMeetings_prompt": "{\"Role\": \"You are a professional scrum master. Your goal is to breakdown the Discussion History into a task list for the scrum team.\", \"Instruction\": \"1. Read and Understand the Discussion History. 2. Define the tasks for four roles: product-owner/architect/developer/tester. 3. Response in JSON format.\", \"Example\": \"{\\\"product-owner\\\":[\\\"task1\\\",\\\"task2\\\"],\\\"architect\\\":[\\\"task1\\\",\\\"task2\\\"], \\\"developer\\\":[\\\"task1\\\",\\\"task2\\\"], \\\"tester\\\":[\\\"task1\\\",\\\"task2\\\"]}\", \"Context\": \"[ScrumMaster]says: We have a job: def check_monthnumber_number(monthnum3):\\n'''Write a function to check whether the given month number contains 30 days or not. Months are given as number from 1 to 12.\\nassert check_monthnumber_number(6)==True'''\\n, do you have any ideas?\\n-----\\n\\n[Tester]says: As a Tester, I would suggest writing test cases to cover all possible scenarios for the check_monthnumber_number function.\\n-----\\n\\n[Tester]says: As a Tester, I would suggest writing test cases to cover all possible scenarios for the check_monthnumber_number function.\\n-----\\n\\n[ProductOwner]says: As a Product Owner, I think we should prioritize creating a user story for this functionality and have the development team estimate the effort required.\\n-----\\n\\n[Developer]says: As a Developer, I think we should start by creating a function that takes the month number as input and returns True if the month has 30 days, otherwise False.\\n-----\\n\\n[ProductOwner]says: [ProductOwner] To create a product, we should prioritize creating a user story for this functionality and have the development team estimate the effort required.\\n-----\\n\\n[Architect]says: As an Architect, I think the first step is to analyze the requirements and design a solution that can efficiently check the number of days in a given month.\\n-----\\n\\n[Developer]says: As a Developer, I think we should start by creating a function that takes the month number as input and returns True if the month has 30 days, otherwise False.\\n-----\\n\\n[Architect]says: As an Architect, I think the first step is to analyze the requirements and design a solution that can efficiently check the number of days in a given month.\\n-----\\n\", \"Question\": \"Follow the Instruction section. The Discussion History is in the Context section. You only need to return a task list as the Example section.\"}",
    "UserStoryDraft0": "{\n  \"UserStory\": \"As a user, I want to have a function that can check whether a given month number contains 30 days or not, so that I can easily determine the number of days in a specific month.\"\n}",
    "UserStoryDraft0_prompt": "{\"Role\": \"You need to act as a professional product owner. Your task is to write a UserStory\", \"Instruction\": \"According to the Context, please analyze the requirement and write your response. Response in JSON format. Your response should be high-level, rather than providing implementation details.\", \"Example\": \"\", \"Context\": [\"Prioritize creating a user story for the functionality\", \"Have the development team estimate the effort required\"], \"Question\": \"Follow the Instruction. The requirement is as follows:\\ndef check_monthnumber_number(monthnum3):\\n'''Write a function to check whether the given month number contains 30 days or not. Months are given as number from 1 to 12.\\nassert check_monthnumber_number(6)==True'''\\n\"}",
    "AnalyzeMeetings": "{\n  \"Architect\": \"As an architect, I suggest creating a separate utility function that takes the month number as input and returns a boolean value indicating whether the month contains 30 days or not. This function can be reusable and easily maintainable.\",\n  \"Tester\": \"As a tester, I suggest writing test cases to cover different scenarios such as valid month numbers, invalid month numbers, leap year considerations, etc. This will ensure that the function works accurately in all cases.\"\n}",
    "UserStory0": "{\n  \"RevisedDocument\": {\n    \"UserStory\": \"As a user, I want to have a function that can check whether a given month number contains 30 days or not, so that I can easily determine the number of days in a specific month.\",\n    \"Suggestions\": {\n      \"Architect\": \"A separate utility function will be created to take the month number as input and return a boolean value indicating whether the month contains 30 days or not. This will make the function reusable and easily maintainable.\",\n      \"Tester\": \"Test cases will be written to cover different scenarios such as valid month numbers, invalid month numbers, leap year considerations, etc. This will ensure that the function works accurately in all cases.\"\n    }\n  }\n}",
    "UserStory0_prompt": {
        "Role": "You need to act as a professional product owner. Your duty is to revise the document based on the suggestions.",
        "Instruction": "1. Read the suggestions. 2. Revise your draft version document. 3. Response in JSON format. 4. REMEMBER: Your analysis should be high-level, rather than providing implementation details.",
        "Example": "",
        "Context": "# Suggestion:\n{\n  \"Architect\": \"As an architect, I suggest creating a separate utility function that takes the month number as input and returns a boolean value indicating whether the month contains 30 days or not. This function can be reusable and easily maintainable.\",\n  \"Tester\": \"As a tester, I suggest writing test cases to cover different scenarios such as valid month numbers, invalid month numbers, leap year considerations, etc. This will ensure that the function works accurately in all cases.\"\n}",
        "Question": "Follow the Instruction. Your colleague give you some suggestions(in the Context section) about this draft document:{\n  \"UserStory\": \"As a user, I want to have a function that can check whether a given month number contains 30 days or not, so that I can easily determine the number of days in a specific month.\"\n}"
    },
    "DesignDraft0": "Design:\n- Create a separate utility function named \"check_month_number\" that takes the month number as input and returns a boolean value indicating whether the month contains 30 days or not.\n- The function should handle month numbers from 1 to 12.\n- The function should be designed to be reusable and easily maintainable.\n\nGuidelines for the developer:\n- The function should be named \"check_month_number\".\n- It should take the month number as a parameter.\n- It should return a boolean value indicating whether the month contains 30 days or not.\n- The function should handle inputs within the range of 1 to 12.\n- Write test cases to cover different scenarios such as valid month numbers, invalid month numbers, leap year considerations, etc. This will ensure that the function works accurately in all cases.",
    "DesignMeetings0": "{\n  \"Developer\": \"The design looks good as it clearly defines the requirements for the utility function. I would suggest writing the function using a switch statement to handle the different month numbers efficiently. Also, writing comprehensive test cases to cover various scenarios as mentioned in the guidelines is crucial for ensuring the accuracy and reliability of the function.\",\n  \"Tester\": \"As a tester, I would recommend thoroughly testing the function with valid and invalid month numbers, as well as considering leap year considerations. It's important to ensure that the function returns the correct boolean value for each scenario and handles inputs within the specified range. Additionally, testing the reusability and maintainability of the function in different contexts would be beneficial.\"\n}",
    "Design0": "After reviewing the suggestions, I have updated the design for the utility function \"check_month_number\":\n\n```javascript\nfunction check_month_number(monthNumber) {\n  switch(monthNumber) {\n    case 4:\n    case 6:\n    case 9:\n    case 11:\n      return true;\n    default:\n      return false;\n  }\n}\n```\n\nThis updated design uses a switch statement to efficiently handle different month numbers and returns a boolean value indicating whether the month contains 30 days or not. It also ensures reusability and maintainability by following the guidelines provided.\n\nI will now proceed with writing comprehensive test cases to cover various scenarios such as valid month numbers, invalid month numbers, leap year considerations, and different contexts to ensure the accuracy and reliability of the function.",
    "CodeDraft0": "def check_month_number(month_number):\n    if month_number in [4, 6, 9, 11]:\n        return True\n    else:\n        return False\n```\n```python\n# Test cases\nassert check_month_number(6) == True\nassert check_month_number(2) == False\nassert check_month_number(4) == True\nassert check_month_number(11) == True\n",
    "CodeDraft0_prompt": {
        "Role": "You are a professional engineer. Your duty is to write code in Python that meets the requirements. Ensure that the code you write is efficient, readable, and follows best practices. Remember, do not need to explain the code you wrote.",
        "Instruction": "According to the Context section, write your code.",
        "Example": "",
        "Context": "# Tasks:\n['Create a function that takes the month number as input and returns True if the month has 30 days', 'Write test cases to cover all possible scenarios for the function']\n# Design:\nAfter reviewing the suggestions, I have updated the design for the utility function \"check_month_number\":\n\n```javascript\nfunction check_month_number(monthNumber) {\n  switch(monthNumber) {\n    case 4:\n    case 6:\n    case 9:\n    case 11:\n      return true;\n    default:\n      return false;\n  }\n}\n```\n\nThis updated design uses a switch statement to efficiently handle different month numbers and returns a boolean value indicating whether the month contains 30 days or not. It also ensures reusability and maintainability by following the guidelines provided.\n\nI will now proceed with writing comprehensive test cases to cover various scenarios such as valid month numbers, invalid month numbers, leap year considerations, and different contexts to ensure the accuracy and reliability of the function.",
        "Question": "Follow the Instruction section. Complete the following code:\ndef check_monthnumber_number(monthnum3):\n'''Write a function to check whether the given month number contains 30 days or not. Months are given as number from 1 to 12.\nassert check_monthnumber_number(6)==True'''\n"
    },
    "CodeReviewMeetings0": "{\n  \"Architect\": \"Consider using a dictionary to store the months and their corresponding days. This would make the code more scalable and easier to maintain.\",\n  \"Tester\": \"Add test cases for edge cases such as negative numbers, zero, and numbers greater than 12 to ensure the function handles all possible inputs correctly.\"\n}",
    "Code0CR": "def check_month_number(monthNumber):\n    month_dict = {4: 30, 6: 30, 9: 30, 11: 30}\n    if monthNumber in month_dict:\n        return True\n    else:\n        return False\n\n# Test cases\nassert check_month_number(6) == True\nassert check_month_number(4) == True\nassert check_month_number(9) == True\nassert check_month_number(11) == True\nassert check_month_number(2) == False\nassert check_month_number(1) == False\nassert check_month_number(12) == False\nassert check_month_number(0) == False\nassert check_month_number(13) == False",
    "Code0CR_prompt": "{\"Role\": \"You are a professional software engineer. Your duty is to write code in Python that meets the requirements. Ensure that the code you write is efficient, readable, and follows best practices. Remember, do not need to explain the code you wrote.\", \"Instruction\": \"1. Understand the suggestions(in the Context section) about the original code. 2. Rewrite your code.\", \"Example\": \"\", \"Context\": \"# Tasks:\\n['Create a function that takes the month number as input and returns True if the month has 30 days', 'Write test cases to cover all possible scenarios for the function']\\n# Design:\\nAfter reviewing the suggestions, I have updated the design for the utility function \\\"check_month_number\\\":\\n\\n```javascript\\nfunction check_month_number(monthNumber) {\\n  switch(monthNumber) {\\n    case 4:\\n    case 6:\\n    case 9:\\n    case 11:\\n      return true;\\n    default:\\n      return false;\\n  }\\n}\\n```\\n\\nThis updated design uses a switch statement to efficiently handle different month numbers and returns a boolean value indicating whether the month contains 30 days or not. It also ensures reusability and maintainability by following the guidelines provided.\\n\\nI will now proceed with writing comprehensive test cases to cover various scenarios such as valid month numbers, invalid month numbers, leap year considerations, and different contexts to ensure the accuracy and reliability of the function.# Suggestions:\\n{\\n  \\\"Architect\\\": \\\"Consider using a dictionary to store the months and their corresponding days. This would make the code more scalable and easier to maintain.\\\",\\n  \\\"Tester\\\": \\\"Add test cases for edge cases such as negative numbers, zero, and numbers greater than 12 to ensure the function handles all possible inputs correctly.\\\"\\n}\", \"Question\": \"Follow the Instruction section. Complete the following code:\\ndef check_monthnumber_number(monthnum3):\\n'''Write a function to check whether the given month number contains 30 days or not. Months are given as number from 1 to 12.\\nassert check_monthnumber_number(6)==True'''\\n\"}",
    "FinalCode": "def check_month_number(monthnum):\n    '''Write a function to check whether the given month number contains 30 days or not. Months are given as number from 1 to 12.'''\n    if monthnum in [4, 6, 9, 11]:\n        return True\n    else:\n        return False\n",
    "Test Cases Draft": "{\n  \"test_cases\": [\n    {\n      \"Test Title\": \"Valid Month Number (April)\",\n      \"Input Data\": \"monthNumber=4\",\n      \"Expected Output\": \"true\"\n    },\n    {\n      \"Test Title\": \"Valid Month Number (June)\",\n      \"Input Data\": \"monthNumber=6\",\n      \"Expected Output\": \"true\"\n    },\n    {\n      \"Test Title\": \"Valid Month Number (September)\",\n      \"Input Data\": \"monthNumber=9\",\n      \"Expected Output\": \"true\"\n    },\n    {\n      \"Test Title\": \"Valid Month Number (November)\",\n      \"Input Data\": \"monthNumber=11\",\n      \"Expected Output\": \"true\"\n    },\n    {\n      \"Test Title\": \"Invalid Month Number (February)\",\n      \"Input Data\": \"monthNumber=2\",\n      \"Expected Output\": \"false\"\n    },\n    {\n      \"Test Title\": \"Invalid Month Number (Negative Number)\",\n      \"Input Data\": \"monthNumber=-3\",\n      \"Expected Output\": \"false\"\n    },\n    {\n      \"Test Title\": \"Leap Year February\",\n      \"Input Data\": \"monthNumber=2 (leap year)\",\n      \"Expected Output\": \"false\"\n    }\n  ]\n}",
    "Test Cases Draft_prompt": "{\"Role\": \"You are a quality assurance engineer. Your duty is to design test cases for the developers.\", \"Instruction\": \"According to the Context section, write test cases. Don't write long strings in your test cases. Response in JSON format.\", \"Example\": \"{\\\"requirement analysis\\\":\\\"analysis\\\",\\\"test_cases\\\":[{\\\"Test Title\\\":\\\"title\\\", \\\"Input Data\\\":\\\"parameter1=[1,2,3],parameter2='123'\\\", \\\"Expected Output\\\":\\\"456\\\"},]}\", \"Context\": \"# UsrtStory:\\n{\\n  \\\"RevisedDocument\\\": {\\n    \\\"UserStory\\\": \\\"As a user, I want to have a function that can check whether a given month number contains 30 days or not, so that I can easily determine the number of days in a specific month.\\\",\\n    \\\"Suggestions\\\": {\\n      \\\"Architect\\\": \\\"A separate utility function will be created to take the month number as input and return a boolean value indicating whether the month contains 30 days or not. This will make the function reusable and easily maintainable.\\\",\\n      \\\"Tester\\\": \\\"Test cases will be written to cover different scenarios such as valid month numbers, invalid month numbers, leap year considerations, etc. This will ensure that the function works accurately in all cases.\\\"\\n    }\\n  }\\n}\\n# Tasks:\\n['Write test cases to cover all possible scenarios for the function']\\n# Design:\\nAfter reviewing the suggestions, I have updated the design for the utility function \\\"check_month_number\\\":\\n\\n```javascript\\nfunction check_month_number(monthNumber) {\\n  switch(monthNumber) {\\n    case 4:\\n    case 6:\\n    case 9:\\n    case 11:\\n      return true;\\n    default:\\n      return false;\\n  }\\n}\\n```\\n\\nThis updated design uses a switch statement to efficiently handle different month numbers and returns a boolean value indicating whether the month contains 30 days or not. It also ensures reusability and maintainability by following the guidelines provided.\\n\\nI will now proceed with writing comprehensive test cases to cover various scenarios such as valid month numbers, invalid month numbers, leap year considerations, and different contexts to ensure the accuracy and reliability of the function.\", \"Question\": \"def check_monthnumber_number(monthnum3):\\n'''Write a function to check whether the given month number contains 30 days or not. Months are given as number from 1 to 12.\\nassert check_monthnumber_number(6)==True'''\\n\"}",
    "Test Cases Meetings": "{\n  \"Architect\": \"As an Architect, I would suggest revising the test cases to include boundary and edge cases such as the maximum and minimum valid month numbers, and also consider including test cases for invalid input data such as non-numeric values.\",\n  \"Developer\": \"As a Developer, I would suggest revising the test cases to include more descriptive titles that clearly indicate the purpose of each test case, and also consider adding additional test cases to cover different scenarios such as leap year February with valid month numbers.\"\n}",
    "Test Cases": "{\n  \"test_cases\": [\n    {\n      \"Test Title\": \"Valid Month Number (April)\",\n      \"Input Data\": \"monthNumber=4\",\n      \"Expected Output\": \"true\"\n    },\n    {\n      \"Test Title\": \"Valid Month Number (June)\",\n      \"Input Data\": \"monthNumber=6\",\n      \"Expected Output\": \"true\"\n    },\n    {\n      \"Test Title\": \"Valid Month Number (September)\",\n      \"Input Data\": \"monthNumber=9\",\n      \"Expected Output\": \"true\"\n    },\n    {\n      \"Test Title\": \"Valid Month Number (November)\",\n      \"Input Data\": \"monthNumber=11\",\n      \"Expected Output\": \"true\"\n    },\n    {\n      \"Test Title\": \"Invalid Month Number (February)\",\n      \"Input Data\": \"monthNumber=2\",\n      \"Expected Output\": \"false\"\n    },\n    {\n      \"Test Title\": \"Invalid Month Number (Negative Number)\",\n      \"Input Data\": \"monthNumber=-3\",\n      \"Expected Output\": \"false\"\n    },\n    {\n      \"Test Title\": \"Leap Year February\",\n      \"Input Data\": \"monthNumber=2 (leap year)\",\n      \"Expected Output\": \"false\"\n    },\n    {\n      \"Test Title\": \"Valid Month Number (January)\",\n      \"Input Data\": \"monthNumber=1\",\n      \"Expected Output\": \"true\"\n    },\n    {\n      \"Test Title\": \"Valid Month Number (February)\",\n      \"Input Data\": \"monthNumber=2\",\n      \"Expected Output\": \"true\"\n    },\n    {\n      \"Test Title\": \"Valid Month Number (March)\",\n      \"Input Data\": \"monthNumber=3\",\n      \"Expected Output\": \"true\"\n    },\n    {\n      \"Test Title\": \"Valid Month Number (May)\",\n      \"Input Data\": \"monthNumber=5\",\n      \"Expected Output\": \"true\"\n    },\n    {\n      \"Test Title\": \"Valid Month Number (July)\",\n      \"Input Data\": \"monthNumber=7\",\n      \"Expected Output\": \"true\"\n    },\n    {\n      \"Test Title\": \"Valid Month Number (August)\",\n      \"Input Data\": \"monthNumber=8\",\n      \"Expected Output\": \"true\"\n    },\n    {\n      \"Test Title\": \"Valid Month Number (October)\",\n      \"Input Data\": \"monthNumber=10\",\n      \"Expected Output\": \"true\"\n    },\n    {\n      \"Test Title\": \"Valid Month Number (December)\",\n      \"Input Data\": \"monthNumber=12\",\n      \"Expected Output\": \"true\"\n    }\n  ]\n}",
    "Test Cases_prompt": "{\"Role\": \"You are a quality assurance engineer. Your duty is to revise the test cases based on the suggestions.\", \"Instruction\": \"1. Your colleague give you some suggestions(in the Context section) about the draft test cases, read these suggestions. 2. Revise your draft version test cases, but don't use long parameters. 3. Response in JSON format.\", \"Example\": \"{\\\"requirement analysis\\\":\\\"analysis\\\",\\\"test_cases\\\":[{\\\"Test Title\\\":\\\"title\\\", \\\"Input Data\\\":\\\"parameter1=[1,2,3],parameter2='123'\\\", \\\"Expected Output\\\":\\\"456\\\"},]}\", \"Context\": \"# Suggestions:\\n{\\n  \\\"Architect\\\": \\\"As an Architect, I would suggest revising the test cases to include boundary and edge cases such as the maximum and minimum valid month numbers, and also consider including test cases for invalid input data such as non-numeric values.\\\",\\n  \\\"Developer\\\": \\\"As a Developer, I would suggest revising the test cases to include more descriptive titles that clearly indicate the purpose of each test case, and also consider adding additional test cases to cover different scenarios such as leap year February with valid month numbers.\\\"\\n}\\n # Draft Test cases:\\n{\\n  \\\"test_cases\\\": [\\n    {\\n      \\\"Test Title\\\": \\\"Valid Month Number (April)\\\",\\n      \\\"Input Data\\\": \\\"monthNumber=4\\\",\\n      \\\"Expected Output\\\": \\\"true\\\"\\n    },\\n    {\\n      \\\"Test Title\\\": \\\"Valid Month Number (June)\\\",\\n      \\\"Input Data\\\": \\\"monthNumber=6\\\",\\n      \\\"Expected Output\\\": \\\"true\\\"\\n    },\\n    {\\n      \\\"Test Title\\\": \\\"Valid Month Number (September)\\\",\\n      \\\"Input Data\\\": \\\"monthNumber=9\\\",\\n      \\\"Expected Output\\\": \\\"true\\\"\\n    },\\n    {\\n      \\\"Test Title\\\": \\\"Valid Month Number (November)\\\",\\n      \\\"Input Data\\\": \\\"monthNumber=11\\\",\\n      \\\"Expected Output\\\": \\\"true\\\"\\n    },\\n    {\\n      \\\"Test Title\\\": \\\"Invalid Month Number (February)\\\",\\n      \\\"Input Data\\\": \\\"monthNumber=2\\\",\\n      \\\"Expected Output\\\": \\\"false\\\"\\n    },\\n    {\\n      \\\"Test Title\\\": \\\"Invalid Month Number (Negative Number)\\\",\\n      \\\"Input Data\\\": \\\"monthNumber=-3\\\",\\n      \\\"Expected Output\\\": \\\"false\\\"\\n    },\\n    {\\n      \\\"Test Title\\\": \\\"Leap Year February\\\",\\n      \\\"Input Data\\\": \\\"monthNumber=2 (leap year)\\\",\\n      \\\"Expected Output\\\": \\\"false\\\"\\n    }\\n  ]\\n}\", \"Question\": \"Follow the Instruction. Please make sure your response length are less than 512. Your test cases is for the below question:\\ndef check_monthnumber_number(monthnum3):\\n'''Write a function to check whether the given month number contains 30 days or not. Months are given as number from 1 to 12.\\nassert check_monthnumber_number(6)==True'''\\n\"}",
    "Code0": "def check_month_number(monthNumber):\n    thirty_days_months = [4, 6, 9, 11]\n    if monthNumber in thirty_days_months:\n        return True\n    else:\n        return False\n\n# Test cases\nassert check_month_number(6) == True\nassert check_month_number(4) == True\nassert check_month_number(9) == True\nassert check_month_number(11) == True\nassert check_month_number(2) == False\nassert check_month_number(1) == False\nassert check_month_number(12) == False\nassert check_month_number(0) == False\nassert check_month_number(13) == False",
    "Code0_prompt": {
        "Role": "You are a professional software engineer. Your duty is to write code in Python that meets the requirements. Ensure that the code you write is efficient, readable, and follows best practices. Remember, do not need to explain the code you wrote.",
        "Instruction": "1. Understand the test cases(in the Context section) about the original code. 2. Rewrite your code, make sure your code pass all test cases.",
        "Example": "",
        "Context": "# Original Code:\ndef check_month_number(monthNumber):\n    month_dict = {4: 30, 6: 30, 9: 30, 11: 30}\n    if monthNumber in month_dict:\n        return True\n    else:\n        return False\n\n# Test cases\nassert check_month_number(6) == True\nassert check_month_number(4) == True\nassert check_month_number(9) == True\nassert check_month_number(11) == True\nassert check_month_number(2) == False\nassert check_month_number(1) == False\nassert check_month_number(12) == False\nassert check_month_number(0) == False\nassert check_month_number(13) == False\n# Test Cases:\n{\n  \"test_cases\": [\n    {\n      \"Test Title\": \"Valid Month Number (April)\",\n      \"Input Data\": \"monthNumber=4\",\n      \"Expected Output\": \"true\"\n    },\n    {\n      \"Test Title\": \"Valid Month Number (June)\",\n      \"Input Data\": \"monthNumber=6\",\n      \"Expected Output\": \"true\"\n    },\n    {\n      \"Test Title\": \"Valid Month Number (September)\",\n      \"Input Data\": \"monthNumber=9\",\n      \"Expected Output\": \"true\"\n    },\n    {\n      \"Test Title\": \"Valid Month Number (November)\",\n      \"Input Data\": \"monthNumber=11\",\n      \"Expected Output\": \"true\"\n    },\n    {\n      \"Test Title\": \"Invalid Month Number (February)\",\n      \"Input Data\": \"monthNumber=2\",\n      \"Expected Output\": \"false\"\n    },\n    {\n      \"Test Title\": \"Invalid Month Number (Negative Number)\",\n      \"Input Data\": \"monthNumber=-3\",\n      \"Expected Output\": \"false\"\n    },\n    {\n      \"Test Title\": \"Leap Year February\",\n      \"Input Data\": \"monthNumber=2 (leap year)\",\n      \"Expected Output\": \"false\"\n    },\n    {\n      \"Test Title\": \"Valid Month Number (January)\",\n      \"Input Data\": \"monthNumber=1\",\n      \"Expected Output\": \"true\"\n    },\n    {\n      \"Test Title\": \"Valid Month Number (February)\",\n      \"Input Data\": \"monthNumber=2\",\n      \"Expected Output\": \"true\"\n    },\n    {\n      \"Test Title\": \"Valid Month Number (March)\",\n      \"Input Data\": \"monthNumber=3\",\n      \"Expected Output\": \"true\"\n    },\n    {\n      \"Test Title\": \"Valid Month Number (May)\",\n      \"Input Data\": \"monthNumber=5\",\n      \"Expected Output\": \"true\"\n    },\n    {\n      \"Test Title\": \"Valid Month Number (July)\",\n      \"Input Data\": \"monthNumber=7\",\n      \"Expected Output\": \"true\"\n    },\n    {\n      \"Test Title\": \"Valid Month Number (August)\",\n      \"Input Data\": \"monthNumber=8\",\n      \"Expected Output\": \"true\"\n    },\n    {\n      \"Test Title\": \"Valid Month Number (October)\",\n      \"Input Data\": \"monthNumber=10\",\n      \"Expected Output\": \"true\"\n    },\n    {\n      \"Test Title\": \"Valid Month Number (December)\",\n      \"Input Data\": \"monthNumber=12\",\n      \"Expected Output\": \"true\"\n    }\n  ]\n}",
        "Question": "def check_monthnumber_number(monthnum3):\n'''Write a function to check whether the given month number contains 30 days or not. Months are given as number from 1 to 12.\nassert check_monthnumber_number(6)==True'''\n"
    },
    "TestScriptOriginal": "import unittest\n\ndef check_monthnumber_number(monthnum):\n    thirty_days_months = [4, 6, 9, 11]\n    if monthnum in thirty_days_months:\n        return True\n    else:\n        return False\n\nclass Test(unittest.TestCase):\n    def test(self):\n        self.assertEqual(check_monthnumber_number(6), True)\n\nif __name__ == '__main__':\n    unittest.main()",
    "TestScriptOriginal_prompt": "{\"Role\": \"You are a quality assurance engineer. Your duty is to write a python test script in unittest framework.\", \"Instruction\": \"1. Write a python test script. 2. Use the input and output given by the question.\", \"Example\": \"import unittest\\n\\nclass Test(unittest.TestCase):\\n    def test(self):\\n        self.assertEqual(function_under_test('a'), 1)\\n\\nif __name__ == '__main__':\\n    unittest.main()\", \"Context\": \"\", \"Question\": \"def check_monthnumber_number(monthnum3):\\n'''Write a function to check whether the given month number contains 30 days or not. Months are given as number from 1 to 12.\\nassert check_monthnumber_number(6)==True'''\\n\"}",
    "TestScript": "import unittest\n\nclass Test(unittest.TestCase):\n    def test(self):\n        self.assertEqual(check_monthnumber_number(6), True)\n\nif __name__ == '__main__':\n    unittest.main()",
    "ScriptResult0": "E\n======================================================================\nERROR: test (__main__.Test)\n----------------------------------------------------------------------\nTraceback (most recent call last):\n  File \"/Users/watch/PycharmProjects/XXXX-1-LLM/workspace/2024-02-01_16-47-09-530226/test_script.py\", line 22, in test\n    self.assertEqual(check_monthnumber_number(6), True)\nNameError: name 'check_monthnumber_number' is not defined\n\n----------------------------------------------------------------------\nRan 1 test in 0.000s\n\nFAILED (errors=1)\n",
    "TestReport0": "Test Report\n\nTest Script's Output:\nE\n======================================================================\nERROR: test (__main__.Test)\n----------------------------------------------------------------------\nTraceback (most recent call last):\n  File \"/Users/watch/PycharmProjects/XXXX-1-LLM/workspace/2024-02-01_16-47-09-530226/test_script.py\", line 22, in test\n    self.assertEqual(check_monthnumber_number(6), True)\nNameError: name 'check_monthnumber_number' is not defined\n\n----------------------------------------------------------------------\nRan 1 test in 0.000s\n\nFAILED (errors=1)\n\nAnalysis:\nThe test script has encountered an error due to a NameError. It seems that the function name used in the test script is incorrect, leading to the failure of the test.\n\nConclusion:\nCode Test Failed\n\nInput and Expected Output Example:\ndef check_month_number(monthNumber):\n    thirty_days_months = [4, 6, 9, 11]\n    if monthNumber in thirty_days_months:\n        return True\n    else:\n        return False\n\n# Test cases\nassert check_month_number(6) == True\nassert check_month_number(4) == True\nassert check_month_number(9) == True\nassert check_month_number(11) == True\nassert check_month_number(2) == False\nassert check_month_number(1) == False\nassert check_month_number(12) == False\nassert check_month_number(0) == False\nassert check_month_number(13) == False\n\nRecommendations:\nThe test script should use the correct function name 'check_month_number' instead of 'check_monthnumber_number' to avoid the NameError and ensure proper testing of the code.",
    "SprintReview0": "[ScrumMaster]says: Here is our test Report: Test Report\n\nTest Script's Output:\nE\n======================================================================\nERROR: test (__main__.Test)\n----------------------------------------------------------------------\nTraceback (most recent call last):\n  File \"/Users/watch/PycharmProjects/XXXX-1-LLM/workspace/2024-02-01_16-47-09-530226/test_script.py\", line 22, in test\n    self.assertEqual(check_monthnumber_number(6), True)\nNameError: name 'check_monthnumber_number' is not defined\n\n----------------------------------------------------------------------\nRan 1 test in 0.000s\n\nFAILED (errors=1)\n\nAnalysis:\nThe test script has encountered an error due to a NameError. It seems that the function name used in the test script is incorrect, leading to the failure of the test.\n\nConclusion:\nCode Test Failed\n\nInput and Expected Output Example:\ndef check_month_number(monthNumber):\n    thirty_days_months = [4, 6, 9, 11]\n    if monthNumber in thirty_days_months:\n        return True\n    else:\n        return False\n\n# Test cases\nassert check_month_number(6) == True\nassert check_month_number(4) == True\nassert check_month_number(9) == True\nassert check_month_number(11) == True\nassert check_month_number(2) == False\nassert check_month_number(1) == False\nassert check_month_number(12) == False\nassert check_month_number(0) == False\nassert check_month_number(13) == False\n\nRecommendations:\nThe test script should use the correct function name 'check_month_number' instead of 'check_monthnumber_number' to avoid the NameError and ensure proper testing of the code., do you have any ideas?\n-----\n\n[ProductOwner]says: As a Product Owner, I think we should prioritize fixing the function name error in the test script before moving forward with any further development.\n-----\n\n[Architect]says: As an architect, I think we need to review the test script and ensure that the correct function name 'check_month_number' is used to avoid the NameError and ensure proper testing of the code.\n-----\n\n[Architect]says: As an architect, I think we need to review the test script and ensure that the correct function name 'check_month_number' is used to avoid the NameError and ensure proper testing of the code.\n-----\n\n[ProductOwner]says: As a Product Owner, I think we should prioritize fixing the function name error in the test script before moving forward with any further development.\n-----\n\n[Developer]says: As a Developer, I think we should update the function name in the test script to 'check_month_number' to resolve the NameError issue.\n-----\n\n[Tester]says: As a Tester, I recommend correcting the function name in the test script to 'check_month_number' to avoid the NameError and ensure proper testing of the code.\n-----\n\n[Developer]says: As a Developer, I think we should update the function name in the test script to 'check_month_number' to resolve the NameError issue.\n-----\n\n[Tester]says: As a Tester, I recommend correcting the function name in the test script to 'check_month_number' to avoid the NameError and ensure proper testing of the code.\n-----\n",
    "SprintReviewMeetings0": "{\n  \"product-owner\":[\"We should prioritize fixing the function name error in the test script before moving forward with any further development.\"],\n  \"architect\":[\"We need to review the test script and ensure that the correct function name 'check_month_number' is used to avoid the NameError and ensure proper testing of the code.\"],\n  \"developer\":[\"We should update the function name in the test script to 'check_month_number' to resolve the NameError issue.\"],\n  \"tester\":[\"Correct the function name in the test script to 'check_month_number' to avoid the NameError and ensure proper testing of the code.\"]\n}",
    "SprintReviewMeetings0_prompt": "{\"Role\": \"You are a professional scrum master. Your goal is to summary the Discussion History into a suggestions list for the scrum team.\", \"Instruction\": \"1. Read and Understand the Discussion History. 2. Summary the suggestions from four roles: product-owner/architect/developer/tester. 3. Response in JSON format.\", \"Example\": \"{\\\"product-owner\\\":[\\\"suggestion1\\\",\\\"suggestion2\\\"],\\\"architect\\\":[\\\"suggestion1\\\",\\\"suggestion2\\\"], \\\"developer\\\":[\\\"suggestion1\\\",\\\"suggestion2\\\"], \\\"tester\\\":[\\\"suggestion1\\\",\\\"suggestion2\\\"]}\", \"Context\": \"[ScrumMaster]says: Here is our test Report: Test Report\\n\\nTest Script's Output:\\nE\\n======================================================================\\nERROR: test (__main__.Test)\\n----------------------------------------------------------------------\\nTraceback (most recent call last):\\n  File \\\"/Users/watch/PycharmProjects/XXXX-1-LLM/workspace/2024-02-01_16-47-09-530226/test_script.py\\\", line 22, in test\\n    self.assertEqual(check_monthnumber_number(6), True)\\nNameError: name 'check_monthnumber_number' is not defined\\n\\n----------------------------------------------------------------------\\nRan 1 test in 0.000s\\n\\nFAILED (errors=1)\\n\\nAnalysis:\\nThe test script has encountered an error due to a NameError. It seems that the function name used in the test script is incorrect, leading to the failure of the test.\\n\\nConclusion:\\nCode Test Failed\\n\\nInput and Expected Output Example:\\ndef check_month_number(monthNumber):\\n    thirty_days_months = [4, 6, 9, 11]\\n    if monthNumber in thirty_days_months:\\n        return True\\n    else:\\n        return False\\n\\n# Test cases\\nassert check_month_number(6) == True\\nassert check_month_number(4) == True\\nassert check_month_number(9) == True\\nassert check_month_number(11) == True\\nassert check_month_number(2) == False\\nassert check_month_number(1) == False\\nassert check_month_number(12) == False\\nassert check_month_number(0) == False\\nassert check_month_number(13) == False\\n\\nRecommendations:\\nThe test script should use the correct function name 'check_month_number' instead of 'check_monthnumber_number' to avoid the NameError and ensure proper testing of the code., do you have any ideas?\\n-----\\n\\n[ProductOwner]says: As a Product Owner, I think we should prioritize fixing the function name error in the test script before moving forward with any further development.\\n-----\\n\\n[Architect]says: As an architect, I think we need to review the test script and ensure that the correct function name 'check_month_number' is used to avoid the NameError and ensure proper testing of the code.\\n-----\\n\\n[Architect]says: As an architect, I think we need to review the test script and ensure that the correct function name 'check_month_number' is used to avoid the NameError and ensure proper testing of the code.\\n-----\\n\\n[ProductOwner]says: As a Product Owner, I think we should prioritize fixing the function name error in the test script before moving forward with any further development.\\n-----\\n\\n[Developer]says: As a Developer, I think we should update the function name in the test script to 'check_month_number' to resolve the NameError issue.\\n-----\\n\\n[Tester]says: As a Tester, I recommend correcting the function name in the test script to 'check_month_number' to avoid the NameError and ensure proper testing of the code.\\n-----\\n\\n[Developer]says: As a Developer, I think we should update the function name in the test script to 'check_month_number' to resolve the NameError issue.\\n-----\\n\\n[Tester]says: As a Tester, I recommend correcting the function name in the test script to 'check_month_number' to avoid the NameError and ensure proper testing of the code.\\n-----\\n\", \"Question\": \"Follow the Instruction section. The Discussion History is in the Context section. You only need to return a list as the Example section.\"}",
    "RepairResponse0": "{\n  \"revised_code\": \"def check_month_number(monthNumber):\\n    thirty_days_months = [4, 6, 9, 11]\\n    if monthNumber in thirty_days_months:\\n        return True\\n    else:\\n        return False\"\n}",
    "RepairResponse0_prompt": {
        "Role": "You are a professional software engineer. Your duty is to write code in Python that meets the requirements. Ensure that the code you write is efficient, readable, and follows best practices. Remember, do not need to explain the code you wrote.",
        "Instruction": "1. Rewrite a bug fix version of the original code. 2. Response in JSON format.",
        "Example": "{\"revised_code\":\"...\"}",
        "Context": "# Test Report:\nTest Report\n\nTest Script's Output:\nE\n======================================================================\nERROR: test (__main__.Test)\n----------------------------------------------------------------------\nTraceback (most recent call last):\n  File \"/Users/watch/PycharmProjects/XXXX-1-LLM/workspace/2024-02-01_16-47-09-530226/test_script.py\", line 22, in test\n    self.assertEqual(check_monthnumber_number(6), True)\nNameError: name 'check_monthnumber_number' is not defined\n\n----------------------------------------------------------------------\nRan 1 test in 0.000s\n\nFAILED (errors=1)\n\nAnalysis:\nThe test script has encountered an error due to a NameError. It seems that the function name used in the test script is incorrect, leading to the failure of the test.\n\nConclusion:\nCode Test Failed\n\nInput and Expected Output Example:\ndef check_month_number(monthNumber):\n    thirty_days_months = [4, 6, 9, 11]\n    if monthNumber in thirty_days_months:\n        return True\n    else:\n        return False\n\n# Test cases\nassert check_month_number(6) == True\nassert check_month_number(4) == True\nassert check_month_number(9) == True\nassert check_month_number(11) == True\nassert check_month_number(2) == False\nassert check_month_number(1) == False\nassert check_month_number(12) == False\nassert check_month_number(0) == False\nassert check_month_number(13) == False\n\nRecommendations:\nThe test script should use the correct function name 'check_month_number' instead of 'check_monthnumber_number' to avoid the NameError and ensure proper testing of the code.# suggestions:\n{\"product-owner\": [\"We should prioritize fixing the function name error in the test script before moving forward with any further development.\"], \"architect\": [\"We need to review the test script and ensure that the correct function name 'check_month_number' is used to avoid the NameError and ensure proper testing of the code.\"], \"developer\": [\"We should update the function name in the test script to 'check_month_number' to resolve the NameError issue.\"], \"tester\": [\"Correct the function name in the test script to 'check_month_number' to avoid the NameError and ensure proper testing of the code.\"]}",
        "Question": "The original code has some bugs, according to the test report and suggestions, rewrite the code. Complete the following code:\ndef check_monthnumber_number(monthnum3):\n'''Write a function to check whether the given month number contains 30 days or not. Months are given as number from 1 to 12.\nassert check_monthnumber_number(6)==True'''\n"
    },
    "Code1": "def check_month_number(monthNumber):\n    thirty_days_months = [4, 6, 9, 11]\n    if monthNumber in thirty_days_months:\n        return True\n    else:\n        return False",
    "ScriptResult1": "E\n======================================================================\nERROR: test (__main__.Test)\n----------------------------------------------------------------------\nTraceback (most recent call last):\n  File \"/Users/watch/PycharmProjects/XXXX-1-LLM/workspace/2024-02-01_16-47-09-530226/test_script.py\", line 11, in test\n    self.assertEqual(check_monthnumber_number(6), True)\nNameError: name 'check_monthnumber_number' is not defined\n\n----------------------------------------------------------------------\nRan 1 test in 0.000s\n\nFAILED (errors=1)\n",
    "TestReport1": "Test Report:\n\nContext:\nTest script's output:\nE\n======================================================================\nERROR: test (__main__.Test)\n----------------------------------------------------------------------\nTraceback (most recent call last):\n  File \"/Users/watch/PycharmProjects/XXXX-1-LLM/workspace/2024-02-01_16-47-09-530226/test_script.py\", line 11, in test\n    self.assertEqual(check_monthnumber_number(6), True)\nNameError: name 'check_monthnumber_number' is not defined\n\n----------------------------------------------------------------------\nRan 1 test in 0.000s\n\nFAILED (errors=1)\n\nAnalysis:\nThe test script output indicates that there is an error in the code. The error is related to the name 'check_monthnumber_number' not being defined. This suggests that there is a typo or a missing function definition in the code.\n\nConclusion:\nCode Test Failed\n\nInput and Expected Output Example:\ndef check_month_number(monthNumber):\n    thirty_days_months = [4, 6, 9, 11]\n    if monthNumber in thirty_days_months:\n        return True\n    else:\n        return False\n\nRecommendation:\nThe code needs to be reviewed and the function 'check_month_number' needs to be defined correctly to resolve the error. Further testing and debugging are required to ensure the code functions as intended.",
    "SprintReview1": "[ScrumMaster]says: Here is our test Report: Test Report:\n\nContext:\nTest script's output:\nE\n======================================================================\nERROR: test (__main__.Test)\n----------------------------------------------------------------------\nTraceback (most recent call last):\n  File \"/Users/watch/PycharmProjects/XXXX-1-LLM/workspace/2024-02-01_16-47-09-530226/test_script.py\", line 11, in test\n    self.assertEqual(check_monthnumber_number(6), True)\nNameError: name 'check_monthnumber_number' is not defined\n\n----------------------------------------------------------------------\nRan 1 test in 0.000s\n\nFAILED (errors=1)\n\nAnalysis:\nThe test script output indicates that there is an error in the code. The error is related to the name 'check_monthnumber_number' not being defined. This suggests that there is a typo or a missing function definition in the code.\n\nConclusion:\nCode Test Failed\n\nInput and Expected Output Example:\ndef check_month_number(monthNumber):\n    thirty_days_months = [4, 6, 9, 11]\n    if monthNumber in thirty_days_months:\n        return True\n    else:\n        return False\n\nRecommendation:\nThe code needs to be reviewed and the function 'check_month_number' needs to be defined correctly to resolve the error. Further testing and debugging are required to ensure the code functions as intended., do you have any ideas?\n-----\n\n[Architect]says: As an Architect, I believe the first step is to review the code and define the 'check_month_number' function correctly to resolve the error. Further testing and debugging are required to ensure the code functions as intended.\n-----\n\n[ProductOwner]says: As a Product Owner, I think we should prioritize reviewing the code and defining the 'check_month_number' function to resolve the error and ensure the code functions as intended.\n-----\n\n[Architect]says: As an Architect, I believe the first step is to review the code and define the 'check_month_number' function correctly to resolve the error. Further testing and debugging are required to ensure the code functions as intended.\n-----\n\n[Developer]says: As a Developer, I will review the code and make sure the function 'check_month_number' is defined correctly to resolve the error.\n-----\n\n[Developer]says: As a Developer, I will review the code and make sure the function 'check_month_number' is defined correctly to resolve the error.\n-----\n\n[Tester]says: As a Tester, I would suggest reviewing the code and defining the 'check_month_number' function correctly to resolve the error. Further testing and debugging are required to ensure the code functions as intended.\n-----\n\n[Tester]says: As a Tester, I would suggest reviewing the code and defining the 'check_month_number' function correctly to resolve the error. Further testing and debugging are required to ensure the code functions as intended.\n-----\n\n[ProductOwner]says: As a Product Owner, I agree with the Architect's suggestion to prioritize reviewing the code and defining the 'check_month_number' function to resolve the error and ensure the code functions as intended.\n-----\n",
    "SprintReviewMeetings1": "{\n  \"product-owner\": [\n    \"I think we should prioritize reviewing the code and defining the 'check_month_number' function to resolve the error and ensure the code functions as intended.\",\n    \"I agree with the Architect's suggestion to prioritize reviewing the code and defining the 'check_month_number' function to resolve the error and ensure the code functions as intended.\"\n  ],\n  \"architect\": [\n    \"I believe the first step is to review the code and define the 'check_month_number' function correctly to resolve the error. Further testing and debugging are required to ensure the code functions as intended.\"\n  ],\n  \"developer\": [\n    \"I will review the code and make sure the function 'check_month_number' is defined correctly to resolve the error.\"\n  ],\n  \"tester\": [\n    \"I would suggest reviewing the code and defining the 'check_month_number' function correctly to resolve the error. Further testing and debugging are required to ensure the code functions as intended.\"\n  ]\n}",
    "SprintReviewMeetings1_prompt": "{\"Role\": \"You are a professional scrum master. Your goal is to summary the Discussion History into a suggestions list for the scrum team.\", \"Instruction\": \"1. Read and Understand the Discussion History. 2. Summary the suggestions from four roles: product-owner/architect/developer/tester. 3. Response in JSON format.\", \"Example\": \"{\\\"product-owner\\\":[\\\"suggestion1\\\",\\\"suggestion2\\\"],\\\"architect\\\":[\\\"suggestion1\\\",\\\"suggestion2\\\"], \\\"developer\\\":[\\\"suggestion1\\\",\\\"suggestion2\\\"], \\\"tester\\\":[\\\"suggestion1\\\",\\\"suggestion2\\\"]}\", \"Context\": \"[ScrumMaster]says: Here is our test Report: Test Report:\\n\\nContext:\\nTest script's output:\\nE\\n======================================================================\\nERROR: test (__main__.Test)\\n----------------------------------------------------------------------\\nTraceback (most recent call last):\\n  File \\\"/Users/watch/PycharmProjects/XXXX-1-LLM/workspace/2024-02-01_16-47-09-530226/test_script.py\\\", line 11, in test\\n    self.assertEqual(check_monthnumber_number(6), True)\\nNameError: name 'check_monthnumber_number' is not defined\\n\\n----------------------------------------------------------------------\\nRan 1 test in 0.000s\\n\\nFAILED (errors=1)\\n\\nAnalysis:\\nThe test script output indicates that there is an error in the code. The error is related to the name 'check_monthnumber_number' not being defined. This suggests that there is a typo or a missing function definition in the code.\\n\\nConclusion:\\nCode Test Failed\\n\\nInput and Expected Output Example:\\ndef check_month_number(monthNumber):\\n    thirty_days_months = [4, 6, 9, 11]\\n    if monthNumber in thirty_days_months:\\n        return True\\n    else:\\n        return False\\n\\nRecommendation:\\nThe code needs to be reviewed and the function 'check_month_number' needs to be defined correctly to resolve the error. Further testing and debugging are required to ensure the code functions as intended., do you have any ideas?\\n-----\\n\\n[Architect]says: As an Architect, I believe the first step is to review the code and define the 'check_month_number' function correctly to resolve the error. Further testing and debugging are required to ensure the code functions as intended.\\n-----\\n\\n[ProductOwner]says: As a Product Owner, I think we should prioritize reviewing the code and defining the 'check_month_number' function to resolve the error and ensure the code functions as intended.\\n-----\\n\\n[Architect]says: As an Architect, I believe the first step is to review the code and define the 'check_month_number' function correctly to resolve the error. Further testing and debugging are required to ensure the code functions as intended.\\n-----\\n\\n[Developer]says: As a Developer, I will review the code and make sure the function 'check_month_number' is defined correctly to resolve the error.\\n-----\\n\\n[Developer]says: As a Developer, I will review the code and make sure the function 'check_month_number' is defined correctly to resolve the error.\\n-----\\n\\n[Tester]says: As a Tester, I would suggest reviewing the code and defining the 'check_month_number' function correctly to resolve the error. Further testing and debugging are required to ensure the code functions as intended.\\n-----\\n\\n[Tester]says: As a Tester, I would suggest reviewing the code and defining the 'check_month_number' function correctly to resolve the error. Further testing and debugging are required to ensure the code functions as intended.\\n-----\\n\\n[ProductOwner]says: As a Product Owner, I agree with the Architect's suggestion to prioritize reviewing the code and defining the 'check_month_number' function to resolve the error and ensure the code functions as intended.\\n-----\\n\", \"Question\": \"Follow the Instruction section. The Discussion History is in the Context section. You only need to return a list as the Example section.\"}",
    "RepairResponse1": "{\n  \"revised_code\": \"def check_month_number(month_number):\\n    thirty_days_months = [4, 6, 9, 11]\\n    if month_number in thirty_days_months:\\n        return True\\n    else:\\n        return False\"\n}",
    "RepairResponse1_prompt": {
        "Role": "You are a professional software engineer. Your duty is to write code in Python that meets the requirements. Ensure that the code you write is efficient, readable, and follows best practices. Remember, do not need to explain the code you wrote.",
        "Instruction": "1. Rewrite a bug fix version of the original code. 2. Response in JSON format.",
        "Example": "{\"revised_code\":\"...\"}",
        "Context": "# Test Report:\nTest Report:\n\nContext:\nTest script's output:\nE\n======================================================================\nERROR: test (__main__.Test)\n----------------------------------------------------------------------\nTraceback (most recent call last):\n  File \"/Users/watch/PycharmProjects/XXXX-1-LLM/workspace/2024-02-01_16-47-09-530226/test_script.py\", line 11, in test\n    self.assertEqual(check_monthnumber_number(6), True)\nNameError: name 'check_monthnumber_number' is not defined\n\n----------------------------------------------------------------------\nRan 1 test in 0.000s\n\nFAILED (errors=1)\n\nAnalysis:\nThe test script output indicates that there is an error in the code. The error is related to the name 'check_monthnumber_number' not being defined. This suggests that there is a typo or a missing function definition in the code.\n\nConclusion:\nCode Test Failed\n\nInput and Expected Output Example:\ndef check_month_number(monthNumber):\n    thirty_days_months = [4, 6, 9, 11]\n    if monthNumber in thirty_days_months:\n        return True\n    else:\n        return False\n\nRecommendation:\nThe code needs to be reviewed and the function 'check_month_number' needs to be defined correctly to resolve the error. Further testing and debugging are required to ensure the code functions as intended.# suggestions:\n{\"product-owner\": [\"I think we should prioritize reviewing the code and defining the 'check_month_number' function to resolve the error and ensure the code functions as intended.\", \"I agree with the Architect's suggestion to prioritize reviewing the code and defining the 'check_month_number' function to resolve the error and ensure the code functions as intended.\"], \"architect\": [\"I believe the first step is to review the code and define the 'check_month_number' function correctly to resolve the error. Further testing and debugging are required to ensure the code functions as intended.\"], \"developer\": [\"I will review the code and make sure the function 'check_month_number' is defined correctly to resolve the error.\"], \"tester\": [\"I would suggest reviewing the code and defining the 'check_month_number' function correctly to resolve the error. Further testing and debugging are required to ensure the code functions as intended.\"]}",
        "Question": "The original code has some bugs, according to the test report and suggestions, rewrite the code. Complete the following code:\ndef check_monthnumber_number(monthnum3):\n'''Write a function to check whether the given month number contains 30 days or not. Months are given as number from 1 to 12.\nassert check_monthnumber_number(6)==True'''\n"
    },
    "Code2": "def check_month_number(month_number):\n    thirty_days_months = [4, 6, 9, 11]\n    if month_number in thirty_days_months:\n        return True\n    else:\n        return False",
    "ScriptResult2": "E\n======================================================================\nERROR: test (__main__.Test)\n----------------------------------------------------------------------\nTraceback (most recent call last):\n  File \"/Users/watch/PycharmProjects/XXXX-1-LLM/workspace/2024-02-01_16-47-09-530226/test_script.py\", line 11, in test\n    self.assertEqual(check_monthnumber_number(6), True)\nNameError: name 'check_monthnumber_number' is not defined\n\n----------------------------------------------------------------------\nRan 1 test in 0.000s\n\nFAILED (errors=1)\n",
    "TestReport2": "Test Report:\n\nTest script's output:\nE\n======================================================================\nERROR: test (__main__.Test)\n----------------------------------------------------------------------\nTraceback (most recent call last):\n  File \"/Users/watch/PycharmProjects/XXXX-1-LLM/workspace/2024-02-01_16-47-09-530226/test_script.py\", line 11, in test\n    self.assertEqual(check_monthnumber_number(6), True)\nNameError: name 'check_monthnumber_number' is not defined\n\n----------------------------------------------------------------------\nRan 1 test in 0.000s\n\nFAILED (errors=1)\n\nCode Test Failed\n\nInput and Expected Output Example:\nInput: check_month_number(6)\nExpected Output: True\n\nConclusion: Code Test Failed. The function check_month_number has encountered a NameError as 'check_monthnumber_number' is not defined, causing the test to fail. The expected output for input 6 was True, but the function failed to execute due to the NameError.\n\nRecommendation: The function 'check_month_number' should be reviewed and corrected to address the NameError and ensure the expected output is achieved.\n\nCode Test Failed.",
    "SprintReview2": "[ScrumMaster]says: Here is our test Report: Test Report:\n\nTest script's output:\nE\n======================================================================\nERROR: test (__main__.Test)\n----------------------------------------------------------------------\nTraceback (most recent call last):\n  File \"/Users/watch/PycharmProjects/XXXX-1-LLM/workspace/2024-02-01_16-47-09-530226/test_script.py\", line 11, in test\n    self.assertEqual(check_monthnumber_number(6), True)\nNameError: name 'check_monthnumber_number' is not defined\n\n----------------------------------------------------------------------\nRan 1 test in 0.000s\n\nFAILED (errors=1)\n\nCode Test Failed\n\nInput and Expected Output Example:\nInput: check_month_number(6)\nExpected Output: True\n\nConclusion: Code Test Failed. The function check_month_number has encountered a NameError as 'check_monthnumber_number' is not defined, causing the test to fail. The expected output for input 6 was True, but the function failed to execute due to the NameError.\n\nRecommendation: The function 'check_month_number' should be reviewed and corrected to address the NameError and ensure the expected output is achieved.\n\nCode Test Failed., do you have any ideas?\n-----\n\n[ProductOwner]says: As a Product Owner, I think we need to prioritize fixing the NameError in the function 'check_month_number' to ensure the code test passes.\n-----\n\n[Tester]says: As a Tester, I would recommend reviewing and correcting the function 'check_month_number' to address the NameError and ensure the expected output is achieved.\n-----\n\n[Tester]says: As a Tester, I would recommend reviewing and correcting the function 'check_month_number' to address the NameError and ensure the expected output is achieved.\n-----\n\n[ProductOwner]says: As a Product Owner, I think we need to prioritize fixing the NameError in the function 'check_month_number' to ensure the code test passes.\n-----\n\n[Architect]says: As an Architect, I recommend reviewing the function 'check_month_number' to address the NameError and ensure the expected output is achieved.\n-----\n\n[Developer]says: As a Developer, I will review the function 'check_month_number' and correct the NameError to ensure the expected output is achieved.\n-----\n\n[Developer]says: As a Developer, I will review the function 'check_month_number' and correct the NameError to ensure the expected output is achieved.\n-----\n\n[Architect]says: As an Architect, I suggest reviewing the function 'check_month_number' to address the NameError and ensure the expected output is achieved.\n-----\n",
    "SprintReviewMeetings2": "{\n  \"product-owner\":[\"We need to prioritize fixing the NameError in the function 'check_month_number' to ensure the code test passes.\"],\n  \"architect\":[\"I recommend reviewing the function 'check_month_number' to address the NameError and ensure the expected output is achieved.\"],\n  \"developer\":[\"I will review the function 'check_month_number' and correct the NameError to ensure the expected output is achieved.\"],\n  \"tester\":[\"I would recommend reviewing and correcting the function 'check_month_number' to address the NameError and ensure the expected output is achieved.\"]\n}",
    "SprintReviewMeetings2_prompt": "{\"Role\": \"You are a professional scrum master. Your goal is to summary the Discussion History into a suggestions list for the scrum team.\", \"Instruction\": \"1. Read and Understand the Discussion History. 2. Summary the suggestions from four roles: product-owner/architect/developer/tester. 3. Response in JSON format.\", \"Example\": \"{\\\"product-owner\\\":[\\\"suggestion1\\\",\\\"suggestion2\\\"],\\\"architect\\\":[\\\"suggestion1\\\",\\\"suggestion2\\\"], \\\"developer\\\":[\\\"suggestion1\\\",\\\"suggestion2\\\"], \\\"tester\\\":[\\\"suggestion1\\\",\\\"suggestion2\\\"]}\", \"Context\": \"[ScrumMaster]says: Here is our test Report: Test Report:\\n\\nTest script's output:\\nE\\n======================================================================\\nERROR: test (__main__.Test)\\n----------------------------------------------------------------------\\nTraceback (most recent call last):\\n  File \\\"/Users/watch/PycharmProjects/XXXX-1-LLM/workspace/2024-02-01_16-47-09-530226/test_script.py\\\", line 11, in test\\n    self.assertEqual(check_monthnumber_number(6), True)\\nNameError: name 'check_monthnumber_number' is not defined\\n\\n----------------------------------------------------------------------\\nRan 1 test in 0.000s\\n\\nFAILED (errors=1)\\n\\nCode Test Failed\\n\\nInput and Expected Output Example:\\nInput: check_month_number(6)\\nExpected Output: True\\n\\nConclusion: Code Test Failed. The function check_month_number has encountered a NameError as 'check_monthnumber_number' is not defined, causing the test to fail. The expected output for input 6 was True, but the function failed to execute due to the NameError.\\n\\nRecommendation: The function 'check_month_number' should be reviewed and corrected to address the NameError and ensure the expected output is achieved.\\n\\nCode Test Failed., do you have any ideas?\\n-----\\n\\n[ProductOwner]says: As a Product Owner, I think we need to prioritize fixing the NameError in the function 'check_month_number' to ensure the code test passes.\\n-----\\n\\n[Tester]says: As a Tester, I would recommend reviewing and correcting the function 'check_month_number' to address the NameError and ensure the expected output is achieved.\\n-----\\n\\n[Tester]says: As a Tester, I would recommend reviewing and correcting the function 'check_month_number' to address the NameError and ensure the expected output is achieved.\\n-----\\n\\n[ProductOwner]says: As a Product Owner, I think we need to prioritize fixing the NameError in the function 'check_month_number' to ensure the code test passes.\\n-----\\n\\n[Architect]says: As an Architect, I recommend reviewing the function 'check_month_number' to address the NameError and ensure the expected output is achieved.\\n-----\\n\\n[Developer]says: As a Developer, I will review the function 'check_month_number' and correct the NameError to ensure the expected output is achieved.\\n-----\\n\\n[Developer]says: As a Developer, I will review the function 'check_month_number' and correct the NameError to ensure the expected output is achieved.\\n-----\\n\\n[Architect]says: As an Architect, I suggest reviewing the function 'check_month_number' to address the NameError and ensure the expected output is achieved.\\n-----\\n\", \"Question\": \"Follow the Instruction section. The Discussion History is in the Context section. You only need to return a list as the Example section.\"}",
    "RepairResponse2": "{\n  \"revised_code\": \"def check_month_number(monthnum):\\n    '''Write a function to check whether the given month number contains 30 days or not. Months are given as number from 1 to 12.'''\\n    if monthnum in [4, 6, 9, 11]:\\n        return True\\n    else:\\n        return False\\n\"\n}",
    "RepairResponse2_prompt": {
        "Role": "You are a professional software engineer. Your duty is to write code in Python that meets the requirements. Ensure that the code you write is efficient, readable, and follows best practices. Remember, do not need to explain the code you wrote.",
        "Instruction": "1. Rewrite a bug fix version of the original code. 2. Response in JSON format.",
        "Example": "{\"revised_code\":\"...\"}",
        "Context": "# Test Report:\nTest Report:\n\nTest script's output:\nE\n======================================================================\nERROR: test (__main__.Test)\n----------------------------------------------------------------------\nTraceback (most recent call last):\n  File \"/Users/watch/PycharmProjects/XXXX-1-LLM/workspace/2024-02-01_16-47-09-530226/test_script.py\", line 11, in test\n    self.assertEqual(check_monthnumber_number(6), True)\nNameError: name 'check_monthnumber_number' is not defined\n\n----------------------------------------------------------------------\nRan 1 test in 0.000s\n\nFAILED (errors=1)\n\nCode Test Failed\n\nInput and Expected Output Example:\nInput: check_month_number(6)\nExpected Output: True\n\nConclusion: Code Test Failed. The function check_month_number has encountered a NameError as 'check_monthnumber_number' is not defined, causing the test to fail. The expected output for input 6 was True, but the function failed to execute due to the NameError.\n\nRecommendation: The function 'check_month_number' should be reviewed and corrected to address the NameError and ensure the expected output is achieved.\n\nCode Test Failed.# suggestions:\n{\"product-owner\": [\"We need to prioritize fixing the NameError in the function 'check_month_number' to ensure the code test passes.\"], \"architect\": [\"I recommend reviewing the function 'check_month_number' to address the NameError and ensure the expected output is achieved.\"], \"developer\": [\"I will review the function 'check_month_number' and correct the NameError to ensure the expected output is achieved.\"], \"tester\": [\"I would recommend reviewing and correcting the function 'check_month_number' to address the NameError and ensure the expected output is achieved.\"]}",
        "Question": "The original code has some bugs, according to the test report and suggestions, rewrite the code. Complete the following code:\ndef check_monthnumber_number(monthnum3):\n'''Write a function to check whether the given month number contains 30 days or not. Months are given as number from 1 to 12.\nassert check_monthnumber_number(6)==True'''\n"
    },
    "Code3": "def check_month_number(monthnum):\n    '''Write a function to check whether the given month number contains 30 days or not. Months are given as number from 1 to 12.'''\n    if monthnum in [4, 6, 9, 11]:\n        return True\n    else:\n        return False\n",
    "ScriptResult3": "E\n======================================================================\nERROR: test (__main__.Test)\n----------------------------------------------------------------------\nTraceback (most recent call last):\n  File \"/Users/watch/PycharmProjects/XXXX-1-LLM/workspace/2024-02-01_16-47-09-530226/test_script.py\", line 12, in test\n    self.assertEqual(check_monthnumber_number(6), True)\nNameError: name 'check_monthnumber_number' is not defined\n\n----------------------------------------------------------------------\nRan 1 test in 0.000s\n\nFAILED (errors=1)\n",
    "TestReport3": "Test Report\n\nTest script's output:\nE\n======================================================================\nERROR: test (__main__.Test)\n----------------------------------------------------------------------\nTraceback (most recent call last):\n  File \"/Users/watch/PycharmProjects/XXXX-1-LLM/workspace/2024-02-01_16-47-09-530226/test_script.py\", line 12, in test\n    self.assertEqual(check_monthnumber_number(6), True)\nNameError: name 'check_monthnumber_number' is not defined\n\n----------------------------------------------------------------------\nRan 1 test in 0.000s\n\nFAILED (errors=1)\n\nAnalysis:\nThe test script output indicates that there is an error in the code. The name 'check_monthnumber_number' is not defined, which is causing the test to fail.\n\nConclusion:\nThe code has FAILED the tests.\n\nInput and Expected Output Example:\ndef check_month_number(monthnum):\n    '''Write a function to check whether the given month number contains 30 days or not. Months are given as number from 1 to 12.'''\n    if monthnum in [4, 6, 9, 11]:\n        return True\n    else:\n        return False\n\nCode Test Failed\n\nEnd of Report"
}