{
    "start_time": "2024-03-10_22-14-22-402276",
    "task": "def min_Jumps(steps, d): \n'''Write a function to check for the number of jumps required of given length to reach a point of form (d, 0) from origin in a 2d plane.\nassert min_Jumps((3,4),11)==3.5'''\n",
    "datetime": {
        "task": "2024-03-10 22:14:22",
        "task-id": "2024-03-10 22:14:22",
        "workflow": "2024-03-10 22:14:22",
        "AnalyzeDraft": "2024-03-10 22:14:24",
        "AnalyzeMeetings": "2024-03-10 22:14:25",
        "Analyze": "2024-03-10 22:14:28",
        "Test Cases Draft": "2024-03-10 22:14:30",
        "Test Cases Meetings": "2024-03-10 22:14:31",
        "Test Cases": "2024-03-10 22:14:35",
        "Code0draft": "2024-03-10 22:14:36",
        "Code Review Meetings": "2024-03-10 22:14:38",
        "Code0": "2024-03-10 22:14:39",
        "TestScriptOriginal": "2024-03-10 22:14:40",
        "TestScript": "2024-03-10 22:14:40",
        "ScriptResult0": "2024-03-10 22:14:40",
        "TestReport0": "2024-03-10 22:14:42",
        "RepairResponse1": "2024-03-10 22:14:43",
        "Code1": "2024-03-10 22:14:43",
        "ScriptResult1": "2024-03-10 22:14:43",
        "TestReport1": "2024-03-10 22:14:45",
        "RepairResponse2": "2024-03-10 22:14:47",
        "Code2": "2024-03-10 22:14:47",
        "ScriptResult2": "2024-03-10 22:14:48",
        "TestReport2": "2024-03-10 22:14:49",
        "FinalCode": "2024-03-10 22:14:49"
    },
    "task-id": 617,
    "workflow": "testdriven/testdriven_version_0.0.5_remove.json",
    "AnalyzeDraft": "{\n  \"Requirement\": \"The requirement is to create a function min_Jumps(steps, d) that calculates the number of jumps required to reach a point of form (d, 0) from the origin in a 2D plane. The function should take the input parameters steps and d, where steps is a tuple representing the x and y coordinates of the point and d is the total distance to be covered. The function should return the number of jumps required, with a half jump allowed if needed.\",\n  \"Constraints\": \"The function should handle both positive and negative distances. It should also handle cases where a half jump is needed to cover the remaining distance.\",\n  \"Example\": \"assert min_Jumps((3,4),11)==3.5\"\n}",
    "AnalyzeMeetings": "{\n  \"Architect\": \"I suggest adding input validation to ensure that the steps tuple contains exactly two elements representing the x and y coordinates. Additionally, we should consider adding error handling for cases where the total distance to be covered is negative or zero.\",\n  \"Tester\": \"I suggest creating test cases for different scenarios such as positive distances, negative distances, and cases where a half jump is needed to cover the remaining distance. We should also test for edge cases and boundary conditions to ensure the function handles all scenarios correctly.\"\n}",
    "Analyze": "{\n  \"Response\": {\n    \"Requirement\": \"The requirement is to create a function min_Jumps(steps, d) that calculates the number of jumps required to reach a point of form (d, 0) from the origin in a 2D plane. The function should take the input parameters steps and d, where steps is a tuple representing the x and y coordinates of the point and d is the total distance to be covered. The function should return the number of jumps required, with a half jump allowed if needed.\",\n    \"Constraints\": \"The function should handle both positive and negative distances. It should also handle cases where a half jump is needed to cover the remaining distance.\",\n    \"Example\": \"assert min_Jumps((3,4),11)==3.5\",\n    \"Revised Suggestion\": {\n      \"Architect\": \"Revised document to include input validation to ensure that the steps tuple contains exactly two elements representing the x and y coordinates. Also added error handling for cases where the total distance to be covered is negative or zero.\",\n      \"Tester\": \"Updated the draft to include test cases for different scenarios such as positive distances, negative distances, and cases where a half jump is needed to cover the remaining distance. Also added test cases for edge cases and boundary conditions to ensure the function handles all scenarios correctly.\"\n    }\n  }\n}",
    "Test Cases Draft": "{\n  \"test_cases\": [\n    {\n      \"Test Title\": \"Positive Distance Test\",\n      \"Input Data\": \"parameter1=(3,4), parameter2=11\",\n      \"Expected Output\": \"3.5\"\n    },\n    {\n      \"Test Title\": \"Negative Distance Test\",\n      \"Input Data\": \"parameter1=(-3,-4), parameter2=10\",\n      \"Expected Output\": \"3.0\"\n    },\n    {\n      \"Test Title\": \"Half Jump Test\",\n      \"Input Data\": \"parameter1=(2,2), parameter2=3\",\n      \"Expected Output\": \"1.5\"\n    },\n    {\n      \"Test Title\": \"Zero Distance Test\",\n      \"Input Data\": \"parameter1=(0,0), parameter2=0\",\n      \"Expected Output\": \"0.0\"\n    }\n  ]\n}",
    "Test Cases Draft_prompt": "{\"Role\": \"You are a quality assurance engineer. Your duty is to design test cases for the developers.\", \"Instruction\": \"According to the Context section, write test cases. Don't write long strings in your test cases. Response in JSON format.\", \"Example\": \"{\\\"requirement analysis\\\":\\\"analysis\\\",\\\"test_cases\\\":[{\\\"Test Title\\\":\\\"title\\\", \\\"Input Data\\\":\\\"parameter1=[1,2,3],parameter2='123'\\\", \\\"Expected Output\\\":\\\"456\\\"},]}\", \"Context\": \"# Requirement Analysis:\\n{\\n  \\\"Response\\\": {\\n    \\\"Requirement\\\": \\\"The requirement is to create a function min_Jumps(steps, d) that calculates the number of jumps required to reach a point of form (d, 0) from the origin in a 2D plane. The function should take the input parameters steps and d, where steps is a tuple representing the x and y coordinates of the point and d is the total distance to be covered. The function should return the number of jumps required, with a half jump allowed if needed.\\\",\\n    \\\"Constraints\\\": \\\"The function should handle both positive and negative distances. It should also handle cases where a half jump is needed to cover the remaining distance.\\\",\\n    \\\"Example\\\": \\\"assert min_Jumps((3,4),11)==3.5\\\",\\n    \\\"Revised Suggestion\\\": {\\n      \\\"Architect\\\": \\\"Revised document to include input validation to ensure that the steps tuple contains exactly two elements representing the x and y coordinates. Also added error handling for cases where the total distance to be covered is negative or zero.\\\",\\n      \\\"Tester\\\": \\\"Updated the draft to include test cases for different scenarios such as positive distances, negative distances, and cases where a half jump is needed to cover the remaining distance. Also added test cases for edge cases and boundary conditions to ensure the function handles all scenarios correctly.\\\"\\n    }\\n  }\\n}\", \"Question\": \"def min_Jumps(steps, d): \\n'''Write a function to check for the number of jumps required of given length to reach a point of form (d, 0) from origin in a 2d plane.\\nassert min_Jumps((3,4),11)==3.5'''\\n\"}",
    "Test Cases Meetings": "{\n  \"Architect\": \"As an Architect, I would suggest revising the test cases to include edge cases and boundary conditions. For example, testing with large numbers, testing with null or empty input, and testing with negative numbers could provide more comprehensive coverage.\",\n  \"Developer\": \"As a Developer, I would suggest revising the test cases to include more detailed descriptions of the input data and expected output. Additionally, adding preconditions and postconditions for each test case would help in understanding the specific conditions under which the test is being performed.\"\n}",
    "Test Cases Meetings_prompt": "{\"Role\": \"I want you to act as a different roles and then give some suggestions about how to revise the test cases.\", \"Instruction\": \"1. Read the Context section. 2. Act as an Architect, give your suggestions. 3. Act as a Developer, give your suggestions. 4. Response in JSON format.\", \"Example\": \"{\\\"Architect\\\":\\\"Suggestion\\\",\\\"Developer\\\":\\\"Suggestion\\\"}\", \"Context\": \"{\\n  \\\"test_cases\\\": [\\n    {\\n      \\\"Test Title\\\": \\\"Positive Distance Test\\\",\\n      \\\"Input Data\\\": \\\"parameter1=(3,4), parameter2=11\\\",\\n      \\\"Expected Output\\\": \\\"3.5\\\"\\n    },\\n    {\\n      \\\"Test Title\\\": \\\"Negative Distance Test\\\",\\n      \\\"Input Data\\\": \\\"parameter1=(-3,-4), parameter2=10\\\",\\n      \\\"Expected Output\\\": \\\"3.0\\\"\\n    },\\n    {\\n      \\\"Test Title\\\": \\\"Half Jump Test\\\",\\n      \\\"Input Data\\\": \\\"parameter1=(2,2), parameter2=3\\\",\\n      \\\"Expected Output\\\": \\\"1.5\\\"\\n    },\\n    {\\n      \\\"Test Title\\\": \\\"Zero Distance Test\\\",\\n      \\\"Input Data\\\": \\\"parameter1=(0,0), parameter2=0\\\",\\n      \\\"Expected Output\\\": \\\"0.0\\\"\\n    }\\n  ]\\n}\", \"Question\": \"Follow the Instruction. The Context section include the test cases.\"}",
    "Test Cases": "{\n  \"revised_test_cases\": {\n    \"test_cases\": [\n      {\n        \"Test Title\": \"Positive Distance Test\",\n        \"Input Data\": \"steps=(3,4), d=11\",\n        \"Expected Output\": \"3.5\"\n      },\n      {\n        \"Test Title\": \"Negative Distance Test\",\n        \"Input Data\": \"steps=(-3,-4), d=10\",\n        \"Expected Output\": \"3.0\"\n      },\n      {\n        \"Test Title\": \"Half Jump Test\",\n        \"Input Data\": \"steps=(2,2), d=3\",\n        \"Expected Output\": \"1.5\"\n      },\n      {\n        \"Test Title\": \"Zero Distance Test\",\n        \"Input Data\": \"steps=(0,0), d=0\",\n        \"Expected Output\": \"0.0\"\n      }\n    ]\n  }\n}",
    "Test Cases_prompt": "{\"Role\": \"You are a quality assurance engineer. Your duty is to revise the test cases based on the suggestions.\", \"Instruction\": \"1. Your colleague give you some suggestions(in the Context section) about the draft test cases, read these suggestions. 2. Revise your draft version test cases, but don't use long parameters. 3. Response in JSON format.\", \"Example\": \"{\\\"requirement analysis\\\":\\\"analysis\\\",\\\"test_cases\\\":[{\\\"Test Title\\\":\\\"title\\\", \\\"Input Data\\\":\\\"parameter1=[1,2,3],parameter2='123'\\\", \\\"Expected Output\\\":\\\"456\\\"},]}\", \"Context\": \"# Suggestions:\\n{\\n  \\\"Architect\\\": \\\"As an Architect, I would suggest revising the test cases to include edge cases and boundary conditions. For example, testing with large numbers, testing with null or empty input, and testing with negative numbers could provide more comprehensive coverage.\\\",\\n  \\\"Developer\\\": \\\"As a Developer, I would suggest revising the test cases to include more detailed descriptions of the input data and expected output. Additionally, adding preconditions and postconditions for each test case would help in understanding the specific conditions under which the test is being performed.\\\"\\n}\\n # Draft Test cases:\\n{\\n  \\\"test_cases\\\": [\\n    {\\n      \\\"Test Title\\\": \\\"Positive Distance Test\\\",\\n      \\\"Input Data\\\": \\\"parameter1=(3,4), parameter2=11\\\",\\n      \\\"Expected Output\\\": \\\"3.5\\\"\\n    },\\n    {\\n      \\\"Test Title\\\": \\\"Negative Distance Test\\\",\\n      \\\"Input Data\\\": \\\"parameter1=(-3,-4), parameter2=10\\\",\\n      \\\"Expected Output\\\": \\\"3.0\\\"\\n    },\\n    {\\n      \\\"Test Title\\\": \\\"Half Jump Test\\\",\\n      \\\"Input Data\\\": \\\"parameter1=(2,2), parameter2=3\\\",\\n      \\\"Expected Output\\\": \\\"1.5\\\"\\n    },\\n    {\\n      \\\"Test Title\\\": \\\"Zero Distance Test\\\",\\n      \\\"Input Data\\\": \\\"parameter1=(0,0), parameter2=0\\\",\\n      \\\"Expected Output\\\": \\\"0.0\\\"\\n    }\\n  ]\\n}\", \"Question\": \"Follow the Instruction. Please make sure your response length are less than 512. Your test cases is for the below question:\\ndef min_Jumps(steps, d): \\n'''Write a function to check for the number of jumps required of given length to reach a point of form (d, 0) from origin in a 2d plane.\\nassert min_Jumps((3,4),11)==3.5'''\\n\"}",
    "Code0draft": "def min_Jumps(steps, d): \n    def distance(x, y):\n        return ((x**2) + (y**2)) ** 0.5\n    \n    total_distance = distance(steps[0], steps[1])\n    num_jumps = total_distance / d\n    return num_jumps\n\n# Test the function with the given test cases\nassert min_Jumps((3,4),11)==3.5",
    "Code0draft_prompt": "{\"Role\": \"You are a professional engineer. Your duty is to write code in Python that meets the requirements. Ensure that the code you write is efficient, readable, and follows best practices. Remember, do not need to explain the code you wrote.\", \"Instruction\": \"According to the Context section, write your code.\", \"Example\": \"\", \"Context\": \"# Test Cases:\\n{\\n  \\\"revised_test_cases\\\": {\\n    \\\"test_cases\\\": [\\n      {\\n        \\\"Test Title\\\": \\\"Positive Distance Test\\\",\\n        \\\"Input Data\\\": \\\"steps=(3,4), d=11\\\",\\n        \\\"Expected Output\\\": \\\"3.5\\\"\\n      },\\n      {\\n        \\\"Test Title\\\": \\\"Negative Distance Test\\\",\\n        \\\"Input Data\\\": \\\"steps=(-3,-4), d=10\\\",\\n        \\\"Expected Output\\\": \\\"3.0\\\"\\n      },\\n      {\\n        \\\"Test Title\\\": \\\"Half Jump Test\\\",\\n        \\\"Input Data\\\": \\\"steps=(2,2), d=3\\\",\\n        \\\"Expected Output\\\": \\\"1.5\\\"\\n      },\\n      {\\n        \\\"Test Title\\\": \\\"Zero Distance Test\\\",\\n        \\\"Input Data\\\": \\\"steps=(0,0), d=0\\\",\\n        \\\"Expected Output\\\": \\\"0.0\\\"\\n      }\\n    ]\\n  }\\n}\", \"Question\": \"Follow the Instruction section. Complete the following code:\\ndef min_Jumps(steps, d): \\n'''Write a function to check for the number of jumps required of given length to reach a point of form (d, 0) from origin in a 2d plane.\\nassert min_Jumps((3,4),11)==3.5'''\\n\"}",
    "Code Review Meetings": "{\n  \"Architect\": \"The distance function could be moved outside of the min_Jumps function to make it reusable for other parts of the code. Additionally, the variable names could be more descriptive to improve readability.\",\n  \"Tester\": \"It's important to test the function with multiple test cases to ensure its correctness. Also, the assertion statement should be wrapped in a try-except block to handle any potential exceptions.\"\n}",
    "Code0": "def min_Jumps(steps, d): \n    def calculate_distance(x, y):\n        return ((x**2) + (y**2)) ** 0.5\n    \n    total_distance = calculate_distance(steps[0], steps[1])\n    num_jumps = total_distance / d\n    return num_jumps",
    "Code0_prompt": "{\"Role\": \"You are a professional software engineer. Your duty is to write code in Python that meets the requirements. Ensure that the code you write is efficient, readable, and follows best practices. Remember, do not need to explain the code you wrote.\", \"Instruction\": \"1. Understand the suggestions(in the Context section) about the original code. 2. Rewrite your code.\", \"Example\": \"\", \"Context\": \"# Suggestions:\\n{\\n  \\\"Architect\\\": \\\"The distance function could be moved outside of the min_Jumps function to make it reusable for other parts of the code. Additionally, the variable names could be more descriptive to improve readability.\\\",\\n  \\\"Tester\\\": \\\"It's important to test the function with multiple test cases to ensure its correctness. Also, the assertion statement should be wrapped in a try-except block to handle any potential exceptions.\\\"\\n}\\n# Original code:\\ndef min_Jumps(steps, d): \\n    def distance(x, y):\\n        return ((x**2) + (y**2)) ** 0.5\\n    \\n    total_distance = distance(steps[0], steps[1])\\n    num_jumps = total_distance / d\\n    return num_jumps\\n\\n# Test the function with the given test cases\\nassert min_Jumps((3,4),11)==3.5\", \"Question\": \"Follow the Instruction section. Complete the following code:\\ndef min_Jumps(steps, d): \\n'''Write a function to check for the number of jumps required of given length to reach a point of form (d, 0) from origin in a 2d plane.\\nassert min_Jumps((3,4),11)==3.5'''\\n\"}",
    "TestScriptOriginal": "import unittest\n\ndef min_Jumps(steps, d):\n    x, y = steps\n    distance = (x**2 + y**2)**0.5\n    return distance / d\n\nclass Test(unittest.TestCase):\n    def test(self):\n        self.assertEqual(min_Jumps((3,4), 11), 3.5)\n\nif __name__ == '__main__':\n    unittest.main()",
    "TestScriptOriginal_prompt": "{\"Role\": \"You are a quality assurance engineer. Your duty is to write a python test script in unittest framework.\", \"Instruction\": \"1. Write a python test script. 2. Use the input and output given by the question.\", \"Example\": \"import unittest\\n\\nclass Test(unittest.TestCase):\\n    def test(self):\\n        self.assertEqual(function_under_test('a'), 1)\\n\\nif __name__ == '__main__':\\n    unittest.main()\", \"Context\": \"\", \"Question\": \"def min_Jumps(steps, d): \\n'''Write a function to check for the number of jumps required of given length to reach a point of form (d, 0) from origin in a 2d plane.\\nassert min_Jumps((3,4),11)==3.5'''\\n\"}",
    "TestScript": "import unittest\n\nclass Test(unittest.TestCase):\n    def test(self):\n        self.assertEqual(min_Jumps((3,4), 11), 3.5)\n\nif __name__ == '__main__':\n    unittest.main()",
    "TestScript_prompt": "{\"Role\": \"You are a quality assurance engineer. Your duty is to write a python test script in unittest framework.\", \"Instruction\": \"1. Write a python test script. 2. Use the input and output given by the question.\", \"Example\": \"import unittest\\n\\nclass Test(unittest.TestCase):\\n    def test(self):\\n        self.assertEqual(function_under_test('a'), 1)\\n\\nif __name__ == '__main__':\\n    unittest.main()\", \"Context\": \"\", \"Question\": \"def min_Jumps(steps, d): \\n'''Write a function to check for the number of jumps required of given length to reach a point of form (d, 0) from origin in a 2d plane.\\nassert min_Jumps((3,4),11)==3.5'''\\n\"}",
    "ScriptResult0": "F\n======================================================================\nFAIL: test (__main__.Test)\n----------------------------------------------------------------------\nTraceback (most recent call last):\n  File \"/Users/watch/PycharmProjects/XXXX-1-LLM/workspace/2024-03-10_22-14-22-402276/test_script.py\", line 12, in test\n    self.assertEqual(min_Jumps((3,4), 11), 3.5)\nAssertionError: 0.45454545454545453 != 3.5\n\n----------------------------------------------------------------------\nRan 1 test in 0.000s\n\nFAILED (failures=1)\n",
    "TestReport0": "Test Report:\n\nTest script's output:\n======================================================================\nFAIL: test (__main__.Test)\n----------------------------------------------------------------------\nTraceback (most recent call last):\n  File \"/Users/watch/PycharmProjects/XXXX-1-LLM/workspace/2024-03-10_22-14-22-402276/test_script.py\", line 12, in test\n    self.assertEqual(min_Jumps((3,4), 11), 3.5)\nAssertionError: 0.45454545454545453 != 3.5\n\n----------------------------------------------------------------------\nRan 1 test in 0.000s\n\nFAILED (failures=1)\n\nConclusion:\nThe code has failed the test. The example of the input and expected output is:\nmin_Jumps((3,4), 11) -> Expected output: 3.5, Actual output: 0.45454545454545453\n\nRecommendations:\nThe code needs to be reviewed and fixed to pass the test.\n\nCode Test Failed.",
    "RepairResponse1": "{\n\t\"revised_code\": \"def min_Jumps(steps, d):\\n    def calculate_distance(x, y):\\n        return ((x**2) + (y**2)) ** 0.5\\n    \\n    total_distance = calculate_distance(steps[0], steps[1])\\n    num_jumps = total_distance / d\\n    return round(num_jumps, 2)\"\n}",
    "RepairResponse1_prompt": "{\"Role\": \"You are a professional software engineer. Your duty is to write code in Python that meets the requirements. Ensure that the code you write is efficient, readable, and follows best practices. Remember, do not need to explain the code you wrote.\", \"Instruction\": \"1. Rewrite a bug fix version of the original code. 2. Response in JSON format.\", \"Example\": \"{\\\"revised_code\\\":\\\"...\\\"}\", \"Context\": \"# the original code:\\ndef min_Jumps(steps, d): \\n    def calculate_distance(x, y):\\n        return ((x**2) + (y**2)) ** 0.5\\n    \\n    total_distance = calculate_distance(steps[0], steps[1])\\n    num_jumps = total_distance / d\\n    return num_jumps\\n# test report:\\nTest Report:\\n\\nTest script's output:\\n======================================================================\\nFAIL: test (__main__.Test)\\n----------------------------------------------------------------------\\nTraceback (most recent call last):\\n  File \\\"/Users/watch/PycharmProjects/XXXX-1-LLM/workspace/2024-03-10_22-14-22-402276/test_script.py\\\", line 12, in test\\n    self.assertEqual(min_Jumps((3,4), 11), 3.5)\\nAssertionError: 0.45454545454545453 != 3.5\\n\\n----------------------------------------------------------------------\\nRan 1 test in 0.000s\\n\\nFAILED (failures=1)\\n\\nConclusion:\\nThe code has failed the test. The example of the input and expected output is:\\nmin_Jumps((3,4), 11) -> Expected output: 3.5, Actual output: 0.45454545454545453\\n\\nRecommendations:\\nThe code needs to be reviewed and fixed to pass the test.\\n\\nCode Test Failed.\", \"Question\": \"The original code has some bugs, according to the test report and suggestions, rewrite the code. Complete the following code:\\ndef min_Jumps(steps, d): \\n'''Write a function to check for the number of jumps required of given length to reach a point of form (d, 0) from origin in a 2d plane.\\nassert min_Jumps((3,4),11)==3.5'''\\n\"}",
    "Code1": "def min_Jumps(steps, d):\n    def calculate_distance(x, y):\n        return ((x**2) + (y**2)) ** 0.5\n    \n    total_distance = calculate_distance(steps[0], steps[1])\n    num_jumps = total_distance / d\n    return round(num_jumps, 2)",
    "ScriptResult1": "F\n======================================================================\nFAIL: test (__main__.Test)\n----------------------------------------------------------------------\nTraceback (most recent call last):\n  File \"/Users/watch/PycharmProjects/XXXX-1-LLM/workspace/2024-03-10_22-14-22-402276/test_script.py\", line 12, in test\n    self.assertEqual(min_Jumps((3,4), 11), 3.5)\nAssertionError: 0.45 != 3.5\n\n----------------------------------------------------------------------\nRan 1 test in 0.000s\n\nFAILED (failures=1)\n",
    "TestReport1": "Test Report:\n\nTest Script Output:\n======================================================================\nFAIL: test (__main__.Test)\n----------------------------------------------------------------------\nTraceback (most recent call last):\n  File \"/Users/watch/PycharmProjects/XXXX-1-LLM/workspace/2024-03-10_22-14-22-402276/test_script.py\", line 12, in test\n    self.assertEqual(min_Jumps((3,4), 11), 3.5)\nAssertionError: 0.45 != 3.5\n\n----------------------------------------------------------------------\nRan 1 test in 0.000s\n\nFAILED (failures=1)\n\nConclusion:\nThe code has failed the test. The input and expected output example are as follows:\nInput: (3, 4), 11\nExpected Output: 3.5\n\nTest Result: FAIL\n\nPlease review the code and make the necessary corrections.\n\nEnd of Test Report.",
    "RepairResponse2": "{\n  \"revised_code\": \"def min_Jumps(steps, d): \\n    def calculate_distance(x, y): \\n        return ((x**2) + (y**2)) ** 0.5 \\n    \\n    total_distance = calculate_distance(steps[0], steps[1]) \\n    num_jumps = total_distance / d \\n    return round(num_jumps, 1)\"\n}",
    "RepairResponse2_prompt": "{\"Role\": \"You are a professional software engineer. Your duty is to write code in Python that meets the requirements. Ensure that the code you write is efficient, readable, and follows best practices. Remember, do not need to explain the code you wrote.\", \"Instruction\": \"1. Rewrite a bug fix version of the original code. 2. Response in JSON format.\", \"Example\": \"{\\\"revised_code\\\":\\\"...\\\"}\", \"Context\": \"# the original code:\\ndef min_Jumps(steps, d):\\n    def calculate_distance(x, y):\\n        return ((x**2) + (y**2)) ** 0.5\\n    \\n    total_distance = calculate_distance(steps[0], steps[1])\\n    num_jumps = total_distance / d\\n    return round(num_jumps, 2)\\n# test report:\\nTest Report:\\n\\nTest Script Output:\\n======================================================================\\nFAIL: test (__main__.Test)\\n----------------------------------------------------------------------\\nTraceback (most recent call last):\\n  File \\\"/Users/watch/PycharmProjects/XXXX-1-LLM/workspace/2024-03-10_22-14-22-402276/test_script.py\\\", line 12, in test\\n    self.assertEqual(min_Jumps((3,4), 11), 3.5)\\nAssertionError: 0.45 != 3.5\\n\\n----------------------------------------------------------------------\\nRan 1 test in 0.000s\\n\\nFAILED (failures=1)\\n\\nConclusion:\\nThe code has failed the test. The input and expected output example are as follows:\\nInput: (3, 4), 11\\nExpected Output: 3.5\\n\\nTest Result: FAIL\\n\\nPlease review the code and make the necessary corrections.\\n\\nEnd of Test Report.\", \"Question\": \"The original code has some bugs, according to the test report and suggestions, rewrite the code. Complete the following code:\\ndef min_Jumps(steps, d): \\n'''Write a function to check for the number of jumps required of given length to reach a point of form (d, 0) from origin in a 2d plane.\\nassert min_Jumps((3,4),11)==3.5'''\\n\"}",
    "Code2": "def min_Jumps(steps, d): \n    def calculate_distance(x, y): \n        return ((x**2) + (y**2)) ** 0.5 \n    \n    total_distance = calculate_distance(steps[0], steps[1]) \n    num_jumps = total_distance / d \n    return round(num_jumps, 1)",
    "ScriptResult2": "F\n======================================================================\nFAIL: test (__main__.Test)\n----------------------------------------------------------------------\nTraceback (most recent call last):\n  File \"/Users/watch/PycharmProjects/XXXX-1-LLM/workspace/2024-03-10_22-14-22-402276/test_script.py\", line 12, in test\n    self.assertEqual(min_Jumps((3,4), 11), 3.5)\nAssertionError: 0.5 != 3.5\n\n----------------------------------------------------------------------\nRan 1 test in 0.000s\n\nFAILED (failures=1)\n",
    "TestReport2": "Test Report:\n======================================================================\nTest Result: FAIL\n\nTest Script Output:\n======================================================================\nFAIL: test (__main__.Test)\n----------------------------------------------------------------------\nTraceback (most recent call last):\n  File \"/Users/watch/PycharmProjects/XXXX-1-LLM/workspace/2024-03-10_22-14-22-402276/test_script.py\", line 12, in test\n    self.assertEqual(min_Jumps((3,4), 11), 3.5)\nAssertionError: 0.5 != 3.5\n\n----------------------------------------------------------------------\nRan 1 test in 0.000s\n\nFAILED (failures=1)\n\nInput Example:\nmin_Jumps((3,4), 11)\nExpected Output: 3.5\n\nConclusion: \nCode Test Failed",
    "FinalCode": "def min_Jumps(steps, d): \n    def calculate_distance(x, y): \n        return ((x**2) + (y**2)) ** 0.5 \n    \n    total_distance = calculate_distance(steps[0], steps[1]) \n    num_jumps = total_distance / d \n    return round(num_jumps, 1)"
}