{
    "start_time": "2024-03-10_22-12-48-048585",
    "task": "def polar_rect(x,y):\n'''Write a function to convert polar coordinates to rectangular coordinates.\nassert polar_rect(3,4)==((5.0, 0.9272952180016122), (-2+2.4492935982947064e-16j))'''\n",
    "datetime": {
        "task": "2024-03-10 22:12:48",
        "task-id": "2024-03-10 22:12:48",
        "workflow": "2024-03-10 22:12:48",
        "AnalyzeDraft": "2024-03-10 22:12:49",
        "AnalyzeMeetings": "2024-03-10 22:12:51",
        "Analyze": "2024-03-10 22:12:52",
        "Test Cases Draft": "2024-03-10 22:12:54",
        "Test Cases Meetings": "2024-03-10 22:12:56",
        "Test Cases": "2024-03-10 22:12:59",
        "Code0draft": "2024-03-10 22:13:00",
        "Code Review Meetings": "2024-03-10 22:13:01",
        "Code0": "2024-03-10 22:13:03",
        "TestScriptOriginal": "2024-03-10 22:13:04",
        "TestScript": "2024-03-10 22:13:04",
        "ScriptResult0": "2024-03-10 22:13:04",
        "TestReport0": "2024-03-10 22:13:08",
        "RepairResponse1": "2024-03-10 22:13:11",
        "Code1": "2024-03-10 22:13:11",
        "ScriptResult1": "2024-03-10 22:13:12",
        "TestReport1": "2024-03-10 22:13:16",
        "RepairResponse2": "2024-03-10 22:13:18",
        "Code2": "2024-03-10 22:13:18",
        "ScriptResult2": "2024-03-10 22:13:18",
        "TestReport2": "2024-03-10 22:13:22",
        "FinalCode": "2024-03-10 22:13:22"
    },
    "task-id": 590,
    "workflow": "testdriven/testdriven_version_0.0.5_remove.json",
    "AnalyzeDraft": "{\n  \"Requirement\": \"The system should have a function named polar_rect that takes polar coordinates (x, y) as input and returns rectangular coordinates in the form of a tuple ((r, theta), (x, y)).\",\n  \"Priority\": \"High\",\n  \"Justification\": \"This requirement is important as it defines a key functionality of the system in terms of coordinate conversion which is essential for various applications.\",\n  \"Constraints\": \"The function should handle the conversion accurately and efficiently. It should also be able to handle a variety of input values.\"\n}",
    "AnalyzeMeetings": "{\n  \"Architect\": \"As an architect, I suggest ensuring that the polar_rect function is designed in a way that accurately and efficiently handles the conversion of polar coordinates to rectangular coordinates. It should also be designed to handle a variety of input values to make it versatile and suitable for various applications.\",\n  \"Tester\": \"As a tester, I suggest conducting thorough testing of the polar_rect function to ensure that it accurately converts polar coordinates to rectangular coordinates. Testing should cover a variety of input values to verify its versatility and reliability in handling different scenarios.\"\n}",
    "Analyze": "{\n  \"RevisedDocument\": {\n    \"Requirement\": \"The system should have a function named polar_rect that takes polar coordinates (r, theta) as input and returns rectangular coordinates in the form of a tuple ((x, y), (r, theta)).\",\n    \"Priority\": \"High\",\n    \"Justification\": \"This requirement is important as it defines a key functionality of the system in terms of coordinate conversion which is essential for various applications.\",\n    \"Constraints\": \"The function should be designed to accurately and efficiently convert polar coordinates to rectangular coordinates. It should also be able to handle a variety of input values to make it versatile and suitable for various applications.\"\n  }\n}",
    "Test Cases Draft": "{\n  \"requirement analysis\": \"polar_rect function should accurately convert polar coordinates to rectangular coordinates.\",\n  \"test_cases\": [\n    {\n      \"Test Title\": \"Valid input\",\n      \"Input Data\": \"parameter1=3,parameter2=4\",\n      \"Expected Output\": \"((5.0, 0.9272952180016122), (-2+2.4492935982947064e-16j))\"\n    },\n    {\n      \"Test Title\": \"Invalid input\",\n      \"Input Data\": \"parameter1='abc',parameter2='def'\",\n      \"Expected Output\": \"Error: Invalid input\"\n    }\n  ]\n}",
    "Test Cases Draft_prompt": "{\"Role\": \"You are a quality assurance engineer. Your duty is to design test cases for the developers.\", \"Instruction\": \"According to the Context section, write test cases. Don't write long strings in your test cases. Response in JSON format.\", \"Example\": \"{\\\"requirement analysis\\\":\\\"analysis\\\",\\\"test_cases\\\":[{\\\"Test Title\\\":\\\"title\\\", \\\"Input Data\\\":\\\"parameter1=[1,2,3],parameter2='123'\\\", \\\"Expected Output\\\":\\\"456\\\"},]}\", \"Context\": \"# Requirement Analysis:\\n{\\n  \\\"RevisedDocument\\\": {\\n    \\\"Requirement\\\": \\\"The system should have a function named polar_rect that takes polar coordinates (r, theta) as input and returns rectangular coordinates in the form of a tuple ((x, y), (r, theta)).\\\",\\n    \\\"Priority\\\": \\\"High\\\",\\n    \\\"Justification\\\": \\\"This requirement is important as it defines a key functionality of the system in terms of coordinate conversion which is essential for various applications.\\\",\\n    \\\"Constraints\\\": \\\"The function should be designed to accurately and efficiently convert polar coordinates to rectangular coordinates. It should also be able to handle a variety of input values to make it versatile and suitable for various applications.\\\"\\n  }\\n}\", \"Question\": \"def polar_rect(x,y):\\n'''Write a function to convert polar coordinates to rectangular coordinates.\\nassert polar_rect(3,4)==((5.0, 0.9272952180016122), (-2+2.4492935982947064e-16j))'''\\n\"}",
    "Test Cases Meetings": "{\n  \"Architect\": \"As an architect, I suggest adding more test cases to cover a wider range of inputs, such as negative numbers and edge cases. It's important to ensure the function works correctly in all scenarios.\",\n  \"Developer\": \"As a developer, I suggest revising the test cases to include boundary values, such as parameter1=0 and parameter2=0, as these are common edge cases that need to be tested for accurate conversion.\"\n}",
    "Test Cases Meetings_prompt": "{\"Role\": \"I want you to act as a different roles and then give some suggestions about how to revise the test cases.\", \"Instruction\": \"1. Read the Context section. 2. Act as an Architect, give your suggestions. 3. Act as a Developer, give your suggestions. 4. Response in JSON format.\", \"Example\": \"{\\\"Architect\\\":\\\"Suggestion\\\",\\\"Developer\\\":\\\"Suggestion\\\"}\", \"Context\": \"{\\n  \\\"requirement analysis\\\": \\\"polar_rect function should accurately convert polar coordinates to rectangular coordinates.\\\",\\n  \\\"test_cases\\\": [\\n    {\\n      \\\"Test Title\\\": \\\"Valid input\\\",\\n      \\\"Input Data\\\": \\\"parameter1=3,parameter2=4\\\",\\n      \\\"Expected Output\\\": \\\"((5.0, 0.9272952180016122), (-2+2.4492935982947064e-16j))\\\"\\n    },\\n    {\\n      \\\"Test Title\\\": \\\"Invalid input\\\",\\n      \\\"Input Data\\\": \\\"parameter1='abc',parameter2='def'\\\",\\n      \\\"Expected Output\\\": \\\"Error: Invalid input\\\"\\n    }\\n  ]\\n}\", \"Question\": \"Follow the Instruction. The Context section include the test cases.\"}",
    "Test Cases": "{\n  \"requirement analysis\": \"polar_rect function should accurately convert polar coordinates to rectangular coordinates.\",\n  \"test_cases\": [\n    {\n      \"Test Title\": \"Valid input\",\n      \"Input Data\": \"parameter1=3,parameter2=4\",\n      \"Expected Output\": \"((5.0, 0.9272952180016122), (-2+2.4492935982947064e-16j))\"\n    },\n    {\n      \"Test Title\": \"Invalid input\",\n      \"Input Data\": \"parameter1='abc',parameter2='def'\",\n      \"Expected Output\": \"Error: Invalid input\"\n    },\n    {\n      \"Test Title\": \"Negative numbers\",\n      \"Input Data\": \"parameter1=-3,parameter2=4\",\n      \"Expected Output\": \"((5.0, -0.9272952180016122), (-2-2.4492935982947064e-16j))\"\n    },\n    {\n      \"Test Title\": \"Boundary value 1\",\n      \"Input Data\": \"parameter1=0,parameter2=4\",\n      \"Expected Output\": \"((4.0, 1.5707963267948966), 4j)\"\n    },\n    {\n      \"Test Title\": \"Boundary value 2\",\n      \"Input Data\": \"parameter1=3,parameter2=0\",\n      \"Expected Output\": \"((3.0, 0.0), 3)\"\n    }\n  ]\n}",
    "Test Cases_prompt": "{\"Role\": \"You are a quality assurance engineer. Your duty is to revise the test cases based on the suggestions.\", \"Instruction\": \"1. Your colleague give you some suggestions(in the Context section) about the draft test cases, read these suggestions. 2. Revise your draft version test cases, but don't use long parameters. 3. Response in JSON format.\", \"Example\": \"{\\\"requirement analysis\\\":\\\"analysis\\\",\\\"test_cases\\\":[{\\\"Test Title\\\":\\\"title\\\", \\\"Input Data\\\":\\\"parameter1=[1,2,3],parameter2='123'\\\", \\\"Expected Output\\\":\\\"456\\\"},]}\", \"Context\": \"# Suggestions:\\n{\\n  \\\"Architect\\\": \\\"As an architect, I suggest adding more test cases to cover a wider range of inputs, such as negative numbers and edge cases. It's important to ensure the function works correctly in all scenarios.\\\",\\n  \\\"Developer\\\": \\\"As a developer, I suggest revising the test cases to include boundary values, such as parameter1=0 and parameter2=0, as these are common edge cases that need to be tested for accurate conversion.\\\"\\n}\\n # Draft Test cases:\\n{\\n  \\\"requirement analysis\\\": \\\"polar_rect function should accurately convert polar coordinates to rectangular coordinates.\\\",\\n  \\\"test_cases\\\": [\\n    {\\n      \\\"Test Title\\\": \\\"Valid input\\\",\\n      \\\"Input Data\\\": \\\"parameter1=3,parameter2=4\\\",\\n      \\\"Expected Output\\\": \\\"((5.0, 0.9272952180016122), (-2+2.4492935982947064e-16j))\\\"\\n    },\\n    {\\n      \\\"Test Title\\\": \\\"Invalid input\\\",\\n      \\\"Input Data\\\": \\\"parameter1='abc',parameter2='def'\\\",\\n      \\\"Expected Output\\\": \\\"Error: Invalid input\\\"\\n    }\\n  ]\\n}\", \"Question\": \"Follow the Instruction. Please make sure your response length are less than 512. Your test cases is for the below question:\\ndef polar_rect(x,y):\\n'''Write a function to convert polar coordinates to rectangular coordinates.\\nassert polar_rect(3,4)==((5.0, 0.9272952180016122), (-2+2.4492935982947064e-16j))'''\\n\"}",
    "Code0draft": "def polar_rect(x, y):\n    import cmath\n    import math\n    \n    # Check for invalid input\n    if type(x) != int or type(y) != int:\n        return \"Error: Invalid input\"\n    \n    # Convert polar to rectangular\n    r = math.sqrt(x**2 + y**2)\n    theta = math.atan2(y, x)\n    rect = (r, theta)\n    rect_complex = r * cmath.exp(1j*theta)\n    \n    return rect, rect_complex",
    "Code0draft_prompt": "{\"Role\": \"You are a professional engineer. Your duty is to write code in Python that meets the requirements. Ensure that the code you write is efficient, readable, and follows best practices. Remember, do not need to explain the code you wrote.\", \"Instruction\": \"According to the Context section, write your code.\", \"Example\": \"\", \"Context\": \"# Test Cases:\\n{\\n  \\\"requirement analysis\\\": \\\"polar_rect function should accurately convert polar coordinates to rectangular coordinates.\\\",\\n  \\\"test_cases\\\": [\\n    {\\n      \\\"Test Title\\\": \\\"Valid input\\\",\\n      \\\"Input Data\\\": \\\"parameter1=3,parameter2=4\\\",\\n      \\\"Expected Output\\\": \\\"((5.0, 0.9272952180016122), (-2+2.4492935982947064e-16j))\\\"\\n    },\\n    {\\n      \\\"Test Title\\\": \\\"Invalid input\\\",\\n      \\\"Input Data\\\": \\\"parameter1='abc',parameter2='def'\\\",\\n      \\\"Expected Output\\\": \\\"Error: Invalid input\\\"\\n    },\\n    {\\n      \\\"Test Title\\\": \\\"Negative numbers\\\",\\n      \\\"Input Data\\\": \\\"parameter1=-3,parameter2=4\\\",\\n      \\\"Expected Output\\\": \\\"((5.0, -0.9272952180016122), (-2-2.4492935982947064e-16j))\\\"\\n    },\\n    {\\n      \\\"Test Title\\\": \\\"Boundary value 1\\\",\\n      \\\"Input Data\\\": \\\"parameter1=0,parameter2=4\\\",\\n      \\\"Expected Output\\\": \\\"((4.0, 1.5707963267948966), 4j)\\\"\\n    },\\n    {\\n      \\\"Test Title\\\": \\\"Boundary value 2\\\",\\n      \\\"Input Data\\\": \\\"parameter1=3,parameter2=0\\\",\\n      \\\"Expected Output\\\": \\\"((3.0, 0.0), 3)\\\"\\n    }\\n  ]\\n}\", \"Question\": \"Follow the Instruction section. Complete the following code:\\ndef polar_rect(x,y):\\n'''Write a function to convert polar coordinates to rectangular coordinates.\\nassert polar_rect(3,4)==((5.0, 0.9272952180016122), (-2+2.4492935982947064e-16j))'''\\n\"}",
    "Code Review Meetings": "{\n  \"Architect\": \"1. Separate the import statements from the function and move them to the top of the file for better organization. 2. Consider adding input validation for negative values of x and y. 3. Use descriptive variable names for better readability, such as radius instead of r and angle instead of theta.\",\n  \"Tester\": \"1. Test the function with different types of input, such as integers, floats, and strings to ensure proper error handling. 2. Test with negative values of x and y to check if the function handles them correctly. 3. Verify the accuracy of the conversion from polar to rectangular coordinates by comparing the results with known values.\"\n}",
    "Code0": "def polar_rect(x, y):\n    import cmath\n    import math\n    \n    if x < 0 or y < 0:\n        return \"Error: Invalid input\"\n    \n    radius = math.sqrt(x**2 + y**2)\n    angle = math.atan2(y, x)\n    rectangular_coords = (radius, angle)\n    rectangular_complex = radius * cmath.exp(1j*angle)\n    \n    return rectangular_coords, rectangular_complex",
    "Code0_prompt": "{\"Role\": \"You are a professional software engineer. Your duty is to write code in Python that meets the requirements. Ensure that the code you write is efficient, readable, and follows best practices. Remember, do not need to explain the code you wrote.\", \"Instruction\": \"1. Understand the suggestions(in the Context section) about the original code. 2. Rewrite your code.\", \"Example\": \"\", \"Context\": \"# Suggestions:\\n{\\n  \\\"Architect\\\": \\\"1. Separate the import statements from the function and move them to the top of the file for better organization. 2. Consider adding input validation for negative values of x and y. 3. Use descriptive variable names for better readability, such as radius instead of r and angle instead of theta.\\\",\\n  \\\"Tester\\\": \\\"1. Test the function with different types of input, such as integers, floats, and strings to ensure proper error handling. 2. Test with negative values of x and y to check if the function handles them correctly. 3. Verify the accuracy of the conversion from polar to rectangular coordinates by comparing the results with known values.\\\"\\n}\\n# Original code:\\ndef polar_rect(x, y):\\n    import cmath\\n    import math\\n    \\n    # Check for invalid input\\n    if type(x) != int or type(y) != int:\\n        return \\\"Error: Invalid input\\\"\\n    \\n    # Convert polar to rectangular\\n    r = math.sqrt(x**2 + y**2)\\n    theta = math.atan2(y, x)\\n    rect = (r, theta)\\n    rect_complex = r * cmath.exp(1j*theta)\\n    \\n    return rect, rect_complex\", \"Question\": \"Follow the Instruction section. Complete the following code:\\ndef polar_rect(x,y):\\n'''Write a function to convert polar coordinates to rectangular coordinates.\\nassert polar_rect(3,4)==((5.0, 0.9272952180016122), (-2+2.4492935982947064e-16j))'''\\n\"}",
    "TestScriptOriginal": "import unittest\n\ndef polar_rect(x, y):\n    # Your implementation of the function here\n    pass\n\nclass Test(unittest.TestCase):\n    def test(self):\n        self.assertEqual(polar_rect(3, 4), ((5.0, 0.9272952180016122), (-2 + 2.4492935982947064e-16j)))\n\nif __name__ == '__main__':\n    unittest.main()",
    "TestScriptOriginal_prompt": "{\"Role\": \"You are a quality assurance engineer. Your duty is to write a python test script in unittest framework.\", \"Instruction\": \"1. Write a python test script. 2. Use the input and output given by the question.\", \"Example\": \"import unittest\\n\\nclass Test(unittest.TestCase):\\n    def test(self):\\n        self.assertEqual(function_under_test('a'), 1)\\n\\nif __name__ == '__main__':\\n    unittest.main()\", \"Context\": \"\", \"Question\": \"def polar_rect(x,y):\\n'''Write a function to convert polar coordinates to rectangular coordinates.\\nassert polar_rect(3,4)==((5.0, 0.9272952180016122), (-2+2.4492935982947064e-16j))'''\\n\"}",
    "TestScript": "import unittest\n\nclass Test(unittest.TestCase):\n    def test(self):\n        self.assertEqual(polar_rect(3, 4), ((5.0, 0.9272952180016122), (-2 + 2.4492935982947064e-16j)))\n\nif __name__ == '__main__':\n    unittest.main()",
    "TestScript_prompt": "{\"Role\": \"You are a quality assurance engineer. Your duty is to write a python test script in unittest framework.\", \"Instruction\": \"1. Write a python test script. 2. Use the input and output given by the question.\", \"Example\": \"import unittest\\n\\nclass Test(unittest.TestCase):\\n    def test(self):\\n        self.assertEqual(function_under_test('a'), 1)\\n\\nif __name__ == '__main__':\\n    unittest.main()\", \"Context\": \"\", \"Question\": \"def polar_rect(x,y):\\n'''Write a function to convert polar coordinates to rectangular coordinates.\\nassert polar_rect(3,4)==((5.0, 0.9272952180016122), (-2+2.4492935982947064e-16j))'''\\n\"}",
    "ScriptResult0": "F\n======================================================================\nFAIL: test (__main__.Test)\n----------------------------------------------------------------------\nTraceback (most recent call last):\n  File \"/Users/watch/PycharmProjects/XXXX-1-LLM/workspace/2024-03-10_22-12-48-048585/test_script.py\", line 18, in test\n    self.assertEqual(polar_rect(3, 4), ((5.0, 0.9272952180016122), (-2 + 2.4492935982947064e-16j)))\nAssertionError: Tuples differ: ((5.0, 0.9272952180016122), (3+3.9999999999999996j)) != ((5.0, 0.9272952180016122), (-2+2.4492935982947064e-16j))\n\nFirst differing element 1:\n(3+3.9999999999999996j)\n(-2+2.4492935982947064e-16j)\n\n- ((5.0, 0.9272952180016122), (3+3.9999999999999996j))\n+ ((5.0, 0.9272952180016122), (-2+2.4492935982947064e-16j))\n\n----------------------------------------------------------------------\nRan 1 test in 0.001s\n\nFAILED (failures=1)\n",
    "TestReport0": "Test Report:\n\nTest Script Output:\nF\n======================================================================\nFAIL: test (__main__.Test)\n----------------------------------------------------------------------\nTraceback (most recent call last):\n  File \"/Users/watch/PycharmProjects/XXXX-1-LLM/workspace/2024-03-10_22-12-48-048585/test_script.py\", line 18, in test\n    self.assertEqual(polar_rect(3, 4), ((5.0, 0.9272952180016122), (-2 + 2.4492935982947064e-16j)))\nAssertionError: Tuples differ: ((5.0, 0.9272952180016122), (3+3.9999999999999996j)) != ((5.0, 0.9272952180016122), (-2+2.4492935982947064e-16j))\n\nFirst differing element 1:\n(3+3.9999999999999996j)\n(-2+2.4492935982947064e-16j)\n\n- ((5.0, 0.9272952180016122), (3+3.9999999999999996j))\n+ ((5.0, 0.9272952180016122), (-2+2.4492935982947064e-16j))\n\n----------------------------------------------------------------------\nRan 1 test in 0.001s\n\nFAILED (failures=1)\n\nTest Report:\nThe test script has failed with the following output:\n- The test failed with an assertion error, showing that the actual output does not match the expected output.\n- The first differing element in the tuples is (3+3.9999999999999996j) instead of (-2+2.4492935982947064e-16j).\n\nConclusion:\nThe code test has FAILED.\n\nExample:\nInput: polar_rect(3, 4)\nExpected Output: ((5.0, 0.9272952180016122), (-2+2.4492935982947064e-16j)\n\nPlease review the test script and make necessary corrections.\n\nNote: Follow the Instruction section.",
    "RepairResponse1": "{\"revised_code\":\"def polar_rect(x, y):\\n    import cmath\\n    import math\\n    \\n    if x <= 0 or y <= 0:\\n        return \\\"Error: Invalid input\\\"\\n    \\n    radius = math.sqrt(x**2 + y**2)\\n    angle = math.atan2(y, x)\\n    rectangular_coords = (radius, angle)\\n    rectangular_complex = radius * cmath.exp(1j*angle)\\n    \\n    return rectangular_coords, rectangular_complex\\n\"}",
    "RepairResponse1_prompt": "{\"Role\": \"You are a professional software engineer. Your duty is to write code in Python that meets the requirements. Ensure that the code you write is efficient, readable, and follows best practices. Remember, do not need to explain the code you wrote.\", \"Instruction\": \"1. Rewrite a bug fix version of the original code. 2. Response in JSON format.\", \"Example\": \"{\\\"revised_code\\\":\\\"...\\\"}\", \"Context\": \"# the original code:\\ndef polar_rect(x, y):\\n    import cmath\\n    import math\\n    \\n    if x < 0 or y < 0:\\n        return \\\"Error: Invalid input\\\"\\n    \\n    radius = math.sqrt(x**2 + y**2)\\n    angle = math.atan2(y, x)\\n    rectangular_coords = (radius, angle)\\n    rectangular_complex = radius * cmath.exp(1j*angle)\\n    \\n    return rectangular_coords, rectangular_complex\\n# test report:\\nTest Report:\\n\\nTest Script Output:\\nF\\n======================================================================\\nFAIL: test (__main__.Test)\\n----------------------------------------------------------------------\\nTraceback (most recent call last):\\n  File \\\"/Users/watch/PycharmProjects/XXXX-1-LLM/workspace/2024-03-10_22-12-48-048585/test_script.py\\\", line 18, in test\\n    self.assertEqual(polar_rect(3, 4), ((5.0, 0.9272952180016122), (-2 + 2.4492935982947064e-16j)))\\nAssertionError: Tuples differ: ((5.0, 0.9272952180016122), (3+3.9999999999999996j)) != ((5.0, 0.9272952180016122), (-2+2.4492935982947064e-16j))\\n\\nFirst differing element 1:\\n(3+3.9999999999999996j)\\n(-2+2.4492935982947064e-16j)\\n\\n- ((5.0, 0.9272952180016122), (3+3.9999999999999996j))\\n+ ((5.0, 0.9272952180016122), (-2+2.4492935982947064e-16j))\\n\\n----------------------------------------------------------------------\\nRan 1 test in 0.001s\\n\\nFAILED (failures=1)\\n\\nTest Report:\\nThe test script has failed with the following output:\\n- The test failed with an assertion error, showing that the actual output does not match the expected output.\\n- The first differing element in the tuples is (3+3.9999999999999996j) instead of (-2+2.4492935982947064e-16j).\\n\\nConclusion:\\nThe code test has FAILED.\\n\\nExample:\\nInput: polar_rect(3, 4)\\nExpected Output: ((5.0, 0.9272952180016122), (-2+2.4492935982947064e-16j)\\n\\nPlease review the test script and make necessary corrections.\\n\\nNote: Follow the Instruction section.\", \"Question\": \"The original code has some bugs, according to the test report and suggestions, rewrite the code. Complete the following code:\\ndef polar_rect(x,y):\\n'''Write a function to convert polar coordinates to rectangular coordinates.\\nassert polar_rect(3,4)==((5.0, 0.9272952180016122), (-2+2.4492935982947064e-16j))'''\\n\"}",
    "Code1": "def polar_rect(x, y):\n    import cmath\n    import math\n    \n    if x <= 0 or y <= 0:\n        return \"Error: Invalid input\"\n    \n    radius = math.sqrt(x**2 + y**2)\n    angle = math.atan2(y, x)\n    rectangular_coords = (radius, angle)\n    rectangular_complex = radius * cmath.exp(1j*angle)\n    \n    return rectangular_coords, rectangular_complex\n",
    "ScriptResult1": "F\n======================================================================\nFAIL: test (__main__.Test)\n----------------------------------------------------------------------\nTraceback (most recent call last):\n  File \"/Users/watch/PycharmProjects/XXXX-1-LLM/workspace/2024-03-10_22-12-48-048585/test_script.py\", line 19, in test\n    self.assertEqual(polar_rect(3, 4), ((5.0, 0.9272952180016122), (-2 + 2.4492935982947064e-16j)))\nAssertionError: Tuples differ: ((5.0, 0.9272952180016122), (3+3.9999999999999996j)) != ((5.0, 0.9272952180016122), (-2+2.4492935982947064e-16j))\n\nFirst differing element 1:\n(3+3.9999999999999996j)\n(-2+2.4492935982947064e-16j)\n\n- ((5.0, 0.9272952180016122), (3+3.9999999999999996j))\n+ ((5.0, 0.9272952180016122), (-2+2.4492935982947064e-16j))\n\n----------------------------------------------------------------------\nRan 1 test in 0.001s\n\nFAILED (failures=1)\n",
    "TestReport1": "Test Report:\n\nTest Script Output:\n======================================================================\nFAIL: test (__main__.Test)\n----------------------------------------------------------------------\nTraceback (most recent call last):\n  File \"/Users/watch/PycharmProjects/XXXX-1-LLM/workspace/2024-03-10_22-12-48-048585/test_script.py\", line 19, in test\n    self.assertEqual(polar_rect(3, 4), ((5.0, 0.9272952180016122), (-2 + 2.4492935982947064e-16j)))\nAssertionError: Tuples differ: ((5.0, 0.9272952180016122), (3+3.9999999999999996j)) != ((5.0, 0.9272952180016122), (-2+2.4492935982947064e-16j))\n\nFirst differing element 1:\n(3+3.9999999999999996j)\n(-2+2.4492935982947064e-16j)\n\n- ((5.0, 0.9272952180016122), (3+3.9999999999999996j))\n+ ((5.0, 0.9272952180016122), (-2+2.4492935982947064e-16j))\n\n----------------------------------------------------------------------\nRan 1 test in 0.001s\n\nFAILED (failures=1)\n\nTest Report:\nThe test script has failed. The code did not pass the test. The input example was polar_rect(3, 4) and the expected output was ((5.0, 0.9272952180016122), (-2 + 2.4492935982947064e-16j)). However, the actual output was ((5.0, 0.9272952180016122), (3+3.9999999999999996j)). \n\nConclusion:\nCode Test Failed",
    "RepairResponse2": "{\n  \"revised_code\": \"def polar_rect(x, y):\\n    import cmath\\n    import math\\n    \\n    if x <= 0 or y <= 0:\\n        return \\\"Error: Invalid input\\\"\\n    \\n    radius = math.sqrt(x**2 + y**2)\\n    angle = math.atan2(y, x)\\n    rectangular_coords = (radius, angle)\\n    rectangular_complex = cmath.rect(radius, angle)\\n    \\n    return rectangular_coords, rectangular_complex\\n\"\n}",
    "RepairResponse2_prompt": "{\"Role\": \"You are a professional software engineer. Your duty is to write code in Python that meets the requirements. Ensure that the code you write is efficient, readable, and follows best practices. Remember, do not need to explain the code you wrote.\", \"Instruction\": \"1. Rewrite a bug fix version of the original code. 2. Response in JSON format.\", \"Example\": \"{\\\"revised_code\\\":\\\"...\\\"}\", \"Context\": \"# the original code:\\ndef polar_rect(x, y):\\n    import cmath\\n    import math\\n    \\n    if x <= 0 or y <= 0:\\n        return \\\"Error: Invalid input\\\"\\n    \\n    radius = math.sqrt(x**2 + y**2)\\n    angle = math.atan2(y, x)\\n    rectangular_coords = (radius, angle)\\n    rectangular_complex = radius * cmath.exp(1j*angle)\\n    \\n    return rectangular_coords, rectangular_complex\\n\\n# test report:\\nTest Report:\\n\\nTest Script Output:\\n======================================================================\\nFAIL: test (__main__.Test)\\n----------------------------------------------------------------------\\nTraceback (most recent call last):\\n  File \\\"/Users/watch/PycharmProjects/XXXX-1-LLM/workspace/2024-03-10_22-12-48-048585/test_script.py\\\", line 19, in test\\n    self.assertEqual(polar_rect(3, 4), ((5.0, 0.9272952180016122), (-2 + 2.4492935982947064e-16j)))\\nAssertionError: Tuples differ: ((5.0, 0.9272952180016122), (3+3.9999999999999996j)) != ((5.0, 0.9272952180016122), (-2+2.4492935982947064e-16j))\\n\\nFirst differing element 1:\\n(3+3.9999999999999996j)\\n(-2+2.4492935982947064e-16j)\\n\\n- ((5.0, 0.9272952180016122), (3+3.9999999999999996j))\\n+ ((5.0, 0.9272952180016122), (-2+2.4492935982947064e-16j))\\n\\n----------------------------------------------------------------------\\nRan 1 test in 0.001s\\n\\nFAILED (failures=1)\\n\\nTest Report:\\nThe test script has failed. The code did not pass the test. The input example was polar_rect(3, 4) and the expected output was ((5.0, 0.9272952180016122), (-2 + 2.4492935982947064e-16j)). However, the actual output was ((5.0, 0.9272952180016122), (3+3.9999999999999996j)). \\n\\nConclusion:\\nCode Test Failed\", \"Question\": \"The original code has some bugs, according to the test report and suggestions, rewrite the code. Complete the following code:\\ndef polar_rect(x,y):\\n'''Write a function to convert polar coordinates to rectangular coordinates.\\nassert polar_rect(3,4)==((5.0, 0.9272952180016122), (-2+2.4492935982947064e-16j))'''\\n\"}",
    "Code2": "def polar_rect(x, y):\n    import cmath\n    import math\n    \n    if x <= 0 or y <= 0:\n        return \"Error: Invalid input\"\n    \n    radius = math.sqrt(x**2 + y**2)\n    angle = math.atan2(y, x)\n    rectangular_coords = (radius, angle)\n    rectangular_complex = cmath.rect(radius, angle)\n    \n    return rectangular_coords, rectangular_complex\n",
    "ScriptResult2": "F\n======================================================================\nFAIL: test (__main__.Test)\n----------------------------------------------------------------------\nTraceback (most recent call last):\n  File \"/Users/watch/PycharmProjects/XXXX-1-LLM/workspace/2024-03-10_22-12-48-048585/test_script.py\", line 19, in test\n    self.assertEqual(polar_rect(3, 4), ((5.0, 0.9272952180016122), (-2 + 2.4492935982947064e-16j)))\nAssertionError: Tuples differ: ((5.0, 0.9272952180016122), (3+3.9999999999999996j)) != ((5.0, 0.9272952180016122), (-2+2.4492935982947064e-16j))\n\nFirst differing element 1:\n(3+3.9999999999999996j)\n(-2+2.4492935982947064e-16j)\n\n- ((5.0, 0.9272952180016122), (3+3.9999999999999996j))\n+ ((5.0, 0.9272952180016122), (-2+2.4492935982947064e-16j))\n\n----------------------------------------------------------------------\nRan 1 test in 0.001s\n\nFAILED (failures=1)\n",
    "TestReport2": "Test Report:\n\nTest Script Output:\nF\n======================================================================\nFAIL: test (__main__.Test)\n----------------------------------------------------------------------\nTraceback (most recent call last):\n  File \"/Users/watch/PycharmProjects/XXXX-1-LLM/workspace/2024-03-10_22-12-48-048585/test_script.py\", line 19, in test\n    self.assertEqual(polar_rect(3, 4), ((5.0, 0.9272952180016122), (-2 + 2.4492935982947064e-16j)))\nAssertionError: Tuples differ: ((5.0, 0.9272952180016122), (3+3.9999999999999996j)) != ((5.0, 0.9272952180016122), (-2+2.4492935982947064e-16j))\n\nFirst differing element 1:\n(3+3.9999999999999996j)\n(-2+2.4492935982947064e-16j)\n\n- ((5.0, 0.9272952180016122), (3+3.9999999999999996j))\n+ ((5.0, 0.9272952180016122), (-2+2.4492935982947064e-16j))\n\n----------------------------------------------------------------------\nRan 1 test in 0.001s\n\nFAILED (failures=1)\n\nTest Report:\nThe test script has failed. The input (3, 4) did not produce the expected output ((5.0, 0.9272952180016122), (-2 + 2.4492935982947064e-16j)). Instead, it resulted in ((5.0, 0.9272952180016122), (3+3.9999999999999996j)). \n\nConclusion:\nCode Test Failed",
    "FinalCode": "def polar_rect(x, y):\n    import cmath\n    import math\n    \n    if x <= 0 or y <= 0:\n        return \"Error: Invalid input\"\n    \n    radius = math.sqrt(x**2 + y**2)\n    angle = math.atan2(y, x)\n    rectangular_coords = (radius, angle)\n    rectangular_complex = cmath.rect(radius, angle)\n    \n    return rectangular_coords, rectangular_complex\n"
}