{
    "start_time": "2024-03-10_22-38-03-588125",
    "task": "def max_sum_increasing_subseq(a, n, index, k):\n'''Write a function to find the maximum sum of increasing subsequence from prefix until ith index and also including a given kth element which is after i, i.e., k > i .\nassert max_sum_increasing_subseq([1, 101, 2, 3, 100, 4, 5 ], 7, 4, 6) == 11'''\n",
    "datetime": {
        "task": "2024-03-10 22:38:03",
        "task-id": "2024-03-10 22:38:03",
        "workflow": "2024-03-10 22:38:03",
        "AnalyzeDraft": "2024-03-10 22:38:04",
        "AnalyzeMeetings": "2024-03-10 22:38:06",
        "Analyze": "2024-03-10 22:38:09",
        "DesignDraft": "2024-03-10 22:38:12",
        "DesignMeetings": "2024-03-10 22:38:14",
        "Design": "2024-03-10 22:38:16",
        "Test Cases Draft": "2024-03-10 22:38:19",
        "Test Cases Meetings": "2024-03-10 22:38:20",
        "Test Cases": "2024-03-10 22:38:23",
        "Code0draft": "2024-03-10 22:38:25",
        "Code0": "2024-03-10 22:38:25",
        "TestScriptOriginal": "2024-03-10 22:38:26",
        "TestScript": "2024-03-10 22:38:26",
        "ScriptResult0": "2024-03-10 22:38:26",
        "TestReport0": "2024-03-10 22:38:29",
        "RepairResponse1": "2024-03-10 22:38:30",
        "Code1": "2024-03-10 22:38:30",
        "ScriptResult1": "2024-03-10 22:38:30",
        "TestReport1": "2024-03-10 22:38:34",
        "RepairResponse2": "2024-03-10 22:38:35",
        "Code2": "2024-03-10 22:38:35",
        "ScriptResult2": "2024-03-10 22:38:35",
        "TestReport2": "2024-03-10 22:38:38",
        "FinalCode": "2024-03-10 22:38:38"
    },
    "task-id": 306,
    "workflow": "testdriven/testdriven_version_0.0.5_remove.json",
    "AnalyzeDraft": "{\n  \"Requirement\": \"The system must have a function called max_sum_increasing_subseq that takes an array 'a', an integer 'n', an index 'index', and a value 'k' as input parameters. The function should find the maximum sum of increasing subsequence from the prefix until the ith index and also include a given kth element which is after i (i.e., k > i). The function should return the maximum sum.\"\n}",
    "AnalyzeMeetings": "{\n  \"Architect\": \"The function should have proper input validation to ensure that the array 'a' is not empty and that 'n' and 'index' are within the bounds of the array. Additionally, it should handle cases where 'k' is greater than the length of the array.\",\n  \"Tester\": \"Test cases should include arrays with both positive and negative numbers, as well as edge cases such as an empty array, single-element array, and arrays with all equal elements. Test cases should also cover scenarios where 'k' is greater than 'index' and where there are multiple increasing subsequences with the same sum.\"\n}",
    "Analyze": "{\n  \"RevisedDocument\": {\n    \"Requirement\": \"The system must have a function called max_sum_increasing_subseq that takes an array 'a', an integer 'n', an index 'index', and a value 'k' as input parameters. The function should find the maximum sum of increasing subsequence from the prefix until the ith index and also include a given kth element which is after i (i.e., k > i). The function should have proper input validation to ensure that the array 'a' is not empty and that 'n' and 'index' are within the bounds of the array. Additionally, it should handle cases where 'k' is greater than the length of the array. The function should return the maximum sum.\",\n    \"TesterSuggestions\": \"Test cases should include arrays with both positive and negative numbers, as well as edge cases such as an empty array, single-element array, and arrays with all equal elements. Test cases should also cover scenarios where 'k' is greater than 'index' and where there are multiple increasing subsequences with the same sum.\"\n  }\n}",
    "DesignDraft": "High-level Design:\n\n1. Input Validation:\n   - Ensure that the array 'a' is not empty.\n   - Validate that the values of 'n' and 'index' are within the bounds of the array.\n   - Handle cases where 'k' is greater than the length of the array.\n\n2. Function max_sum_increasing_subseq:\n   - Parameters: array 'a', integer 'n', index 'index', value 'k'\n   - Output: maximum sum of increasing subsequence\n\n3. Algorithm:\n   - Initialize a list 'dp' of size 'n' with all elements as 0.\n   - Iterate over the array 'a' from 0 to 'index':\n     - For each element at index 'i', iterate over the elements from 0 to 'i':\n       - If 'a[i] > a[j]' and 'dp[i] < dp[j] + a[i]', update 'dp[i]' to 'dp[j] + a[i]'.\n   - Return the maximum value in the 'dp' list.\n\n4. Test Cases:\n   - Test the function with arrays containing positive and negative numbers.\n   - Include test cases for edge scenarios such as an empty array, single-element array, and arrays with all equal elements.\n   - Test scenarios where 'k' is greater than 'index' and where there are multiple increasing subsequences with the same sum.",
    "DesignMeetings": "{\n  \"Developer\": \"1. Add input validation checks for the parameters 'n', 'index', and 'k' to ensure they are within valid bounds. 2. Consider adding error handling for cases where 'k' is greater than the length of the array. 3. Consider optimizing the algorithm for better performance, as the current approach may have a high time complexity.\",\n  \"Tester\": \"1. Create test cases to specifically test the input validation checks for the parameters 'n', 'index', and 'k'. 2. Test the algorithm with arrays containing positive and negative numbers to ensure it handles different scenarios. 3. Test edge scenarios such as an empty array, single-element array, and arrays with all equal elements to verify the function's behavior in these cases.\"\n}",
    "Design": "Based on the suggestions provided, I have made the following changes to the draft version design:\n\n1. Input Validation:\n   - Ensured input validation checks for the parameters 'n', 'index', and 'k' to ensure they are within valid bounds.\n   - Added error handling for cases where 'k' is greater than the length of the array.\n\n2. Function max_sum_increasing_subseq:\n   - Parameters: array 'a', integer 'n', index 'index', value 'k'\n   - Output: maximum sum of increasing subsequence\n\n3. Algorithm:\n   - Initialized a list 'dp' of size 'n' with all elements as 0.\n   - Iterated over the array 'a' from 0 to 'index':\n     - For each element at index 'i', iterated over the elements from 0 to 'i':\n       - If 'a[i] > a[j]' and 'dp[i] < dp[j] + a[i]', updated 'dp[i]' to 'dp[j] + a[i]'.\n   - Returned the maximum value in the 'dp' list.\n\n4. Test Cases:\n   - Created test cases to specifically test the input validation checks for the parameters 'n', 'index', and 'k'.\n   - Tested the algorithm with arrays containing positive and negative numbers to ensure it handles different scenarios.\n   - Included test cases for edge scenarios such as an empty array, single-element array, and arrays with all equal elements.\n   - Tested scenarios where 'k' is greater than 'index' and where there are multiple increasing subsequences with the same sum.",
    "Test Cases Draft": "{\n  \"requirement analysis\": \"analysis\",\n  \"test_cases\": [\n    {\n      \"Test Title\": \"Empty Array Test\",\n      \"Input Data\": \"a=[], n=0, index=0, k=1\",\n      \"Expected Output\": \"0\"\n    },\n    {\n      \"Test Title\": \"Single Element Array Test\",\n      \"Input Data\": \"a=[5], n=1, index=0, k=1\",\n      \"Expected Output\": \"5\"\n    },\n    {\n      \"Test Title\": \"Positive Numbers Test\",\n      \"Input Data\": \"a=[1, 101, 2, 3, 100, 4, 5], n=7, index=4, k=6\",\n      \"Expected Output\": \"11\"\n    },\n    {\n      \"Test Title\": \"Negative Numbers Test\",\n      \"Input Data\": \"a=[-5, -3, -8, -2, -1], n=5, index=4, k=5\",\n      \"Expected Output\": \"-6\"\n    },\n    {\n      \"Test Title\": \"Equal Elements Test\",\n      \"Input Data\": \"a=[3, 3, 3, 3, 3], n=5, index=4, k=5\",\n      \"Expected Output\": \"9\"\n    }\n  ]\n}",
    "Test Cases Draft_prompt": "{\"Role\": \"You are a quality assurance engineer. Your duty is to design test cases for the developers.\", \"Instruction\": \"According to the Context section, write test cases. Don't write long strings in your test cases. Response in JSON format.\", \"Example\": \"{\\\"requirement analysis\\\":\\\"analysis\\\",\\\"test_cases\\\":[{\\\"Test Title\\\":\\\"title\\\", \\\"Input Data\\\":\\\"parameter1=[1,2,3],parameter2='123'\\\", \\\"Expected Output\\\":\\\"456\\\"},]}\", \"Context\": \"# Requirement Analysis:\\n{\\n  \\\"RevisedDocument\\\": {\\n    \\\"Requirement\\\": \\\"The system must have a function called max_sum_increasing_subseq that takes an array 'a', an integer 'n', an index 'index', and a value 'k' as input parameters. The function should find the maximum sum of increasing subsequence from the prefix until the ith index and also include a given kth element which is after i (i.e., k > i). The function should have proper input validation to ensure that the array 'a' is not empty and that 'n' and 'index' are within the bounds of the array. Additionally, it should handle cases where 'k' is greater than the length of the array. The function should return the maximum sum.\\\",\\n    \\\"TesterSuggestions\\\": \\\"Test cases should include arrays with both positive and negative numbers, as well as edge cases such as an empty array, single-element array, and arrays with all equal elements. Test cases should also cover scenarios where 'k' is greater than 'index' and where there are multiple increasing subsequences with the same sum.\\\"\\n  }\\n}\", \"Question\": \"def max_sum_increasing_subseq(a, n, index, k):\\n'''Write a function to find the maximum sum of increasing subsequence from prefix until ith index and also including a given kth element which is after i, i.e., k > i .\\nassert max_sum_increasing_subseq([1, 101, 2, 3, 100, 4, 5 ], 7, 4, 6) == 11'''\\n\"}",
    "Test Cases Meetings": "{\n  \"Architect\": \"As an architect, I would suggest revising the test cases to include boundary and edge cases such as empty input, large input data, and negative input data to ensure comprehensive test coverage.\"\n  ,\n  \"Developer\": \"As a developer, I would suggest revising the test cases to include more descriptive input data and expected output to provide clear understanding of the test scenarios. Additionally, including boundary and edge cases for input data would be beneficial for thorough testing.\"\n}",
    "Test Cases Meetings_prompt": "{\"Role\": \"I want you to act as a different roles and then give some suggestions about how to revise the test cases.\", \"Instruction\": \"1. Read the Context section. 2. Act as an Architect, give your suggestions. 3. Act as a Developer, give your suggestions. 4. Response in JSON format.\", \"Example\": \"{\\\"Architect\\\":\\\"Suggestion\\\",\\\"Developer\\\":\\\"Suggestion\\\"}\", \"Context\": \"{\\n  \\\"requirement analysis\\\": \\\"analysis\\\",\\n  \\\"test_cases\\\": [\\n    {\\n      \\\"Test Title\\\": \\\"Empty Array Test\\\",\\n      \\\"Input Data\\\": \\\"a=[], n=0, index=0, k=1\\\",\\n      \\\"Expected Output\\\": \\\"0\\\"\\n    },\\n    {\\n      \\\"Test Title\\\": \\\"Single Element Array Test\\\",\\n      \\\"Input Data\\\": \\\"a=[5], n=1, index=0, k=1\\\",\\n      \\\"Expected Output\\\": \\\"5\\\"\\n    },\\n    {\\n      \\\"Test Title\\\": \\\"Positive Numbers Test\\\",\\n      \\\"Input Data\\\": \\\"a=[1, 101, 2, 3, 100, 4, 5], n=7, index=4, k=6\\\",\\n      \\\"Expected Output\\\": \\\"11\\\"\\n    },\\n    {\\n      \\\"Test Title\\\": \\\"Negative Numbers Test\\\",\\n      \\\"Input Data\\\": \\\"a=[-5, -3, -8, -2, -1], n=5, index=4, k=5\\\",\\n      \\\"Expected Output\\\": \\\"-6\\\"\\n    },\\n    {\\n      \\\"Test Title\\\": \\\"Equal Elements Test\\\",\\n      \\\"Input Data\\\": \\\"a=[3, 3, 3, 3, 3], n=5, index=4, k=5\\\",\\n      \\\"Expected Output\\\": \\\"9\\\"\\n    }\\n  ]\\n}\", \"Question\": \"Follow the Instruction. The Context section include the test cases.\"}",
    "Test Cases": "{\n  \"requirement analysis\": \"analysis\",\n  \"test_cases\": [\n    {\n      \"Test Title\": \"Empty Array Test\",\n      \"Input Data\": \"a=[], n=0, index=0, k=1\",\n      \"Expected Output\": \"0\"\n    },\n    {\n      \"Test Title\": \"Single Element Array Test\",\n      \"Input Data\": \"a=[5], n=1, index=0, k=1\",\n      \"Expected Output\": \"5\"\n    },\n    {\n      \"Test Title\": \"Positive Numbers Test\",\n      \"Input Data\": \"a=[1, 101, 2, 3, 100, 4, 5], n=7, index=4, k=6\",\n      \"Expected Output\": \"11\"\n    },\n    {\n      \"Test Title\": \"Negative Numbers Test\",\n      \"Input Data\": \"a=[-5, -3, -8, -2, -1], n=5, index=4, k=5\",\n      \"Expected Output\": \"-6\"\n    },\n    {\n      \"Test Title\": \"Equal Elements Test\",\n      \"Input Data\": \"a=[3, 3, 3, 3, 3], n=5, index=4, k=5\",\n      \"Expected Output\": \"9\"\n    }\n  ]\n}",
    "Test Cases_prompt": "{\"Role\": \"You are a quality assurance engineer. Your duty is to revise the test cases based on the suggestions.\", \"Instruction\": \"1. Your colleague give you some suggestions(in the Context section) about the draft test cases, read these suggestions. 2. Revise your draft version test cases, but don't use long parameters. 3. Response in JSON format.\", \"Example\": \"{\\\"requirement analysis\\\":\\\"analysis\\\",\\\"test_cases\\\":[{\\\"Test Title\\\":\\\"title\\\", \\\"Input Data\\\":\\\"parameter1=[1,2,3],parameter2='123'\\\", \\\"Expected Output\\\":\\\"456\\\"},]}\", \"Context\": \"# Suggestions:\\n{\\n  \\\"Architect\\\": \\\"As an architect, I would suggest revising the test cases to include boundary and edge cases such as empty input, large input data, and negative input data to ensure comprehensive test coverage.\\\"\\n  ,\\n  \\\"Developer\\\": \\\"As a developer, I would suggest revising the test cases to include more descriptive input data and expected output to provide clear understanding of the test scenarios. Additionally, including boundary and edge cases for input data would be beneficial for thorough testing.\\\"\\n}\\n # Draft Test cases:\\n{\\n  \\\"requirement analysis\\\": \\\"analysis\\\",\\n  \\\"test_cases\\\": [\\n    {\\n      \\\"Test Title\\\": \\\"Empty Array Test\\\",\\n      \\\"Input Data\\\": \\\"a=[], n=0, index=0, k=1\\\",\\n      \\\"Expected Output\\\": \\\"0\\\"\\n    },\\n    {\\n      \\\"Test Title\\\": \\\"Single Element Array Test\\\",\\n      \\\"Input Data\\\": \\\"a=[5], n=1, index=0, k=1\\\",\\n      \\\"Expected Output\\\": \\\"5\\\"\\n    },\\n    {\\n      \\\"Test Title\\\": \\\"Positive Numbers Test\\\",\\n      \\\"Input Data\\\": \\\"a=[1, 101, 2, 3, 100, 4, 5], n=7, index=4, k=6\\\",\\n      \\\"Expected Output\\\": \\\"11\\\"\\n    },\\n    {\\n      \\\"Test Title\\\": \\\"Negative Numbers Test\\\",\\n      \\\"Input Data\\\": \\\"a=[-5, -3, -8, -2, -1], n=5, index=4, k=5\\\",\\n      \\\"Expected Output\\\": \\\"-6\\\"\\n    },\\n    {\\n      \\\"Test Title\\\": \\\"Equal Elements Test\\\",\\n      \\\"Input Data\\\": \\\"a=[3, 3, 3, 3, 3], n=5, index=4, k=5\\\",\\n      \\\"Expected Output\\\": \\\"9\\\"\\n    }\\n  ]\\n}\", \"Question\": \"Follow the Instruction. Please make sure your response length are less than 512. Your test cases is for the below question:\\ndef max_sum_increasing_subseq(a, n, index, k):\\n'''Write a function to find the maximum sum of increasing subsequence from prefix until ith index and also including a given kth element which is after i, i.e., k > i .\\nassert max_sum_increasing_subseq([1, 101, 2, 3, 100, 4, 5 ], 7, 4, 6) == 11'''\\n\"}",
    "Code0draft": "def max_sum_increasing_subseq(a, n, index, k):\n    dp = [0] * n\n    for i in range(index):\n        for j in range(i):\n            if a[i] > a[j] and dp[i] < dp[j] + a[i]:\n                dp[i] = dp[j] + a[i]\n    return max(dp)",
    "Code0draft_prompt": "{\"Role\": \"You are a professional engineer. Your duty is to write code in Python that meets the requirements. Ensure that the code you write is efficient, readable, and follows best practices. Remember, do not need to explain the code you wrote.\", \"Instruction\": \"According to the Context section, write your code.\", \"Example\": \"\", \"Context\": \"# Test Cases:\\n{\\n  \\\"requirement analysis\\\": \\\"analysis\\\",\\n  \\\"test_cases\\\": [\\n    {\\n      \\\"Test Title\\\": \\\"Empty Array Test\\\",\\n      \\\"Input Data\\\": \\\"a=[], n=0, index=0, k=1\\\",\\n      \\\"Expected Output\\\": \\\"0\\\"\\n    },\\n    {\\n      \\\"Test Title\\\": \\\"Single Element Array Test\\\",\\n      \\\"Input Data\\\": \\\"a=[5], n=1, index=0, k=1\\\",\\n      \\\"Expected Output\\\": \\\"5\\\"\\n    },\\n    {\\n      \\\"Test Title\\\": \\\"Positive Numbers Test\\\",\\n      \\\"Input Data\\\": \\\"a=[1, 101, 2, 3, 100, 4, 5], n=7, index=4, k=6\\\",\\n      \\\"Expected Output\\\": \\\"11\\\"\\n    },\\n    {\\n      \\\"Test Title\\\": \\\"Negative Numbers Test\\\",\\n      \\\"Input Data\\\": \\\"a=[-5, -3, -8, -2, -1], n=5, index=4, k=5\\\",\\n      \\\"Expected Output\\\": \\\"-6\\\"\\n    },\\n    {\\n      \\\"Test Title\\\": \\\"Equal Elements Test\\\",\\n      \\\"Input Data\\\": \\\"a=[3, 3, 3, 3, 3], n=5, index=4, k=5\\\",\\n      \\\"Expected Output\\\": \\\"9\\\"\\n    }\\n  ]\\n}\\n# Design:\\nBased on the suggestions provided, I have made the following changes to the draft version design:\\n\\n1. Input Validation:\\n   - Ensured input validation checks for the parameters 'n', 'index', and 'k' to ensure they are within valid bounds.\\n   - Added error handling for cases where 'k' is greater than the length of the array.\\n\\n2. Function max_sum_increasing_subseq:\\n   - Parameters: array 'a', integer 'n', index 'index', value 'k'\\n   - Output: maximum sum of increasing subsequence\\n\\n3. Algorithm:\\n   - Initialized a list 'dp' of size 'n' with all elements as 0.\\n   - Iterated over the array 'a' from 0 to 'index':\\n     - For each element at index 'i', iterated over the elements from 0 to 'i':\\n       - If 'a[i] > a[j]' and 'dp[i] < dp[j] + a[i]', updated 'dp[i]' to 'dp[j] + a[i]'.\\n   - Returned the maximum value in the 'dp' list.\\n\\n4. Test Cases:\\n   - Created test cases to specifically test the input validation checks for the parameters 'n', 'index', and 'k'.\\n   - Tested the algorithm with arrays containing positive and negative numbers to ensure it handles different scenarios.\\n   - Included test cases for edge scenarios such as an empty array, single-element array, and arrays with all equal elements.\\n   - Tested scenarios where 'k' is greater than 'index' and where there are multiple increasing subsequences with the same sum.\", \"Question\": \"Follow the Instruction section. Complete the following code:\\ndef max_sum_increasing_subseq(a, n, index, k):\\n'''Write a function to find the maximum sum of increasing subsequence from prefix until ith index and also including a given kth element which is after i, i.e., k > i .\\nassert max_sum_increasing_subseq([1, 101, 2, 3, 100, 4, 5 ], 7, 4, 6) == 11'''\\n\"}",
    "Code0": "def max_sum_increasing_subseq(a, n, index, k):\n    dp = [0] * n\n    for i in range(index):\n        for j in range(i):\n            if a[i] > a[j] and dp[i] < dp[j] + a[i]:\n                dp[i] = dp[j] + a[i]\n    return max(dp)",
    "TestScriptOriginal": "import unittest\n\ndef max_sum_increasing_subseq(a, n, index, k):\n    '''Write a function to find the maximum sum of increasing subsequence from prefix until ith index and also including a given kth element which is after i, i.e., k > i .'''\n    # Logic to find maximum sum of increasing subsequence\n    # ...\n    return max_sum\n\nclass Test(unittest.TestCase):\n    def test_max_sum_increasing_subseq(self):\n        self.assertEqual(max_sum_increasing_subseq([1, 101, 2, 3, 100, 4, 5], 7, 4, 6), 11)\n\nif __name__ == '__main__':\n    unittest.main()",
    "TestScriptOriginal_prompt": "{\"Role\": \"You are a quality assurance engineer. Your duty is to write a python test script in unittest framework.\", \"Instruction\": \"1. Write a python test script. 2. Use the input and output given by the question.\", \"Example\": \"import unittest\\n\\nclass Test(unittest.TestCase):\\n    def test(self):\\n        self.assertEqual(function_under_test('a'), 1)\\n\\nif __name__ == '__main__':\\n    unittest.main()\", \"Context\": \"\", \"Question\": \"def max_sum_increasing_subseq(a, n, index, k):\\n'''Write a function to find the maximum sum of increasing subsequence from prefix until ith index and also including a given kth element which is after i, i.e., k > i .\\nassert max_sum_increasing_subseq([1, 101, 2, 3, 100, 4, 5 ], 7, 4, 6) == 11'''\\n\"}",
    "TestScript": "import unittest\n\nclass Test(unittest.TestCase):\n    def test_max_sum_increasing_subseq(self):\n        self.assertEqual(max_sum_increasing_subseq([1, 101, 2, 3, 100, 4, 5], 7, 4, 6), 11)\n\nif __name__ == '__main__':\n    unittest.main()",
    "TestScript_prompt": "{\"Role\": \"You are a quality assurance engineer. Your duty is to write a python test script in unittest framework.\", \"Instruction\": \"1. Write a python test script. 2. Use the input and output given by the question.\", \"Example\": \"import unittest\\n\\nclass Test(unittest.TestCase):\\n    def test(self):\\n        self.assertEqual(function_under_test('a'), 1)\\n\\nif __name__ == '__main__':\\n    unittest.main()\", \"Context\": \"\", \"Question\": \"def max_sum_increasing_subseq(a, n, index, k):\\n'''Write a function to find the maximum sum of increasing subsequence from prefix until ith index and also including a given kth element which is after i, i.e., k > i .\\nassert max_sum_increasing_subseq([1, 101, 2, 3, 100, 4, 5 ], 7, 4, 6) == 11'''\\n\"}",
    "ScriptResult0": "F\n======================================================================\nFAIL: test_max_sum_increasing_subseq (__main__.Test)\n----------------------------------------------------------------------\nTraceback (most recent call last):\n  File \"/Users/watch/PycharmProjects/XXXX-1-LLM/workspace/2024-03-10_22-38-03-588125/test_script.py\", line 12, in test_max_sum_increasing_subseq\n    self.assertEqual(max_sum_increasing_subseq([1, 101, 2, 3, 100, 4, 5], 7, 4, 6), 11)\nAssertionError: 101 != 11\n\n----------------------------------------------------------------------\nRan 1 test in 0.000s\n\nFAILED (failures=1)\n",
    "TestReport0": "Test Report:\n\nTest Script Output:\n======================================================================\nFAIL: test_max_sum_increasing_subseq (__main__.Test)\n----------------------------------------------------------------------\nTraceback (most recent call last):\n  File \"/Users/watch/PycharmProjects/XXXX-1-LLM/workspace/2024-03-10_22-38-03-588125/test_script.py\", line 12, in test_max_sum_increasing_subseq\n    self.assertEqual(max_sum_increasing_subseq([1, 101, 2, 3, 100, 4, 5], 7, 4, 6), 11)\nAssertionError: 101 != 11\n\n----------------------------------------------------------------------\nRan 1 test in 0.000s\n\nFAILED (failures=1)\n\nAnalysis:\nThe test case \"test_max_sum_increasing_subseq\" has failed. The expected output was 11, but the actual output was 101.\n\nConclusion:\nCode Test Failed\n\nInput and Expected Output Example:\nInput: [1, 101, 2, 3, 100, 4, 5]\nExpected Output: 11\nActual Output: 101",
    "RepairResponse1": "{\n  \"revised_code\": \"def max_sum_increasing_subseq(a, n, index, k):\\n    dp = [0] * n\\n    for i in range(index, k):\\n        for j in range(i):\\n            if a[i] > a[j] and dp[i] < dp[j] + a[i]:\\n                dp[i] = dp[j] + a[i]\\n    return max(dp)\"\n}",
    "RepairResponse1_prompt": "{\"Role\": \"You are a professional software engineer. Your duty is to write code in Python that meets the requirements. Ensure that the code you write is efficient, readable, and follows best practices. Remember, do not need to explain the code you wrote.\", \"Instruction\": \"1. Rewrite a bug fix version of the original code. 2. Response in JSON format.\", \"Example\": \"{\\\"revised_code\\\":\\\"...\\\"}\", \"Context\": \"# the original code:\\ndef max_sum_increasing_subseq(a, n, index, k):\\n    dp = [0] * n\\n    for i in range(index):\\n        for j in range(i):\\n            if a[i] > a[j] and dp[i] < dp[j] + a[i]:\\n                dp[i] = dp[j] + a[i]\\n    return max(dp)\\n# test report:\\nTest Report:\\n\\nTest Script Output:\\n======================================================================\\nFAIL: test_max_sum_increasing_subseq (__main__.Test)\\n----------------------------------------------------------------------\\nTraceback (most recent call last):\\n  File \\\"/Users/watch/PycharmProjects/XXXX-1-LLM/workspace/2024-03-10_22-38-03-588125/test_script.py\\\", line 12, in test_max_sum_increasing_subseq\\n    self.assertEqual(max_sum_increasing_subseq([1, 101, 2, 3, 100, 4, 5], 7, 4, 6), 11)\\nAssertionError: 101 != 11\\n\\n----------------------------------------------------------------------\\nRan 1 test in 0.000s\\n\\nFAILED (failures=1)\\n\\nAnalysis:\\nThe test case \\\"test_max_sum_increasing_subseq\\\" has failed. The expected output was 11, but the actual output was 101.\\n\\nConclusion:\\nCode Test Failed\\n\\nInput and Expected Output Example:\\nInput: [1, 101, 2, 3, 100, 4, 5]\\nExpected Output: 11\\nActual Output: 101\", \"Question\": \"The original code has some bugs, according to the test report and suggestions, rewrite the code. Complete the following code:\\ndef max_sum_increasing_subseq(a, n, index, k):\\n'''Write a function to find the maximum sum of increasing subsequence from prefix until ith index and also including a given kth element which is after i, i.e., k > i .\\nassert max_sum_increasing_subseq([1, 101, 2, 3, 100, 4, 5 ], 7, 4, 6) == 11'''\\n\"}",
    "Code1": "def max_sum_increasing_subseq(a, n, index, k):\n    dp = [0] * n\n    for i in range(index, k):\n        for j in range(i):\n            if a[i] > a[j] and dp[i] < dp[j] + a[i]:\n                dp[i] = dp[j] + a[i]\n    return max(dp)",
    "ScriptResult1": "F\n======================================================================\nFAIL: test_max_sum_increasing_subseq (__main__.Test)\n----------------------------------------------------------------------\nTraceback (most recent call last):\n  File \"/Users/watch/PycharmProjects/XXXX-1-LLM/workspace/2024-03-10_22-38-03-588125/test_script.py\", line 12, in test_max_sum_increasing_subseq\n    self.assertEqual(max_sum_increasing_subseq([1, 101, 2, 3, 100, 4, 5], 7, 4, 6), 11)\nAssertionError: 100 != 11\n\n----------------------------------------------------------------------\nRan 1 test in 0.000s\n\nFAILED (failures=1)\n",
    "TestReport1": "Test Report:\n\nTest Script Output:\n======================================================================\nFAIL: test_max_sum_increasing_subseq (__main__.Test)\n----------------------------------------------------------------------\nTraceback (most recent call last):\n  File \"/Users/watch/PycharmProjects/XXXX-1-LLM/workspace/2024-03-10_22-38-03-588125/test_script.py\", line 12, in test_max_sum_increasing_subseq\n    self.assertEqual(max_sum_increasing_subseq([1, 101, 2, 3, 100, 4, 5], 7, 4, 6), 11)\nAssertionError: 100 != 11\n\n----------------------------------------------------------------------\nRan 1 test in 0.000s\n\nFAILED (failures=1)\n\nTest Report:\nThe code failed the test for the function test_max_sum_increasing_subseq. The expected output was 11, but the actual output was 100. The input example was [1, 101, 2, 3, 100, 4, 5] with parameters 7, 4, 6.\n\nConclusion:\nCode Test Failed.",
    "RepairResponse2": "{\n  \"revised_code\": \"def max_sum_increasing_subseq(a, n, index, k):\\n    dp = [0] * n\\n    for i in range(index, k):\\n        for j in range(index, i):\\n            if a[i] > a[j] and dp[i] < dp[j] + a[i]:\\n                dp[i] = dp[j] + a[i]\\n    return max(dp)\"\n}",
    "RepairResponse2_prompt": "{\"Role\": \"You are a professional software engineer. Your duty is to write code in Python that meets the requirements. Ensure that the code you write is efficient, readable, and follows best practices. Remember, do not need to explain the code you wrote.\", \"Instruction\": \"1. Rewrite a bug fix version of the original code. 2. Response in JSON format.\", \"Example\": \"{\\\"revised_code\\\":\\\"...\\\"}\", \"Context\": \"# the original code:\\ndef max_sum_increasing_subseq(a, n, index, k):\\n    dp = [0] * n\\n    for i in range(index, k):\\n        for j in range(i):\\n            if a[i] > a[j] and dp[i] < dp[j] + a[i]:\\n                dp[i] = dp[j] + a[i]\\n    return max(dp)\\n# test report:\\nTest Report:\\n\\nTest Script Output:\\n======================================================================\\nFAIL: test_max_sum_increasing_subseq (__main__.Test)\\n----------------------------------------------------------------------\\nTraceback (most recent call last):\\n  File \\\"/Users/watch/PycharmProjects/XXXX-1-LLM/workspace/2024-03-10_22-38-03-588125/test_script.py\\\", line 12, in test_max_sum_increasing_subseq\\n    self.assertEqual(max_sum_increasing_subseq([1, 101, 2, 3, 100, 4, 5], 7, 4, 6), 11)\\nAssertionError: 100 != 11\\n\\n----------------------------------------------------------------------\\nRan 1 test in 0.000s\\n\\nFAILED (failures=1)\\n\\nTest Report:\\nThe code failed the test for the function test_max_sum_increasing_subseq. The expected output was 11, but the actual output was 100. The input example was [1, 101, 2, 3, 100, 4, 5] with parameters 7, 4, 6.\\n\\nConclusion:\\nCode Test Failed.\", \"Question\": \"The original code has some bugs, according to the test report and suggestions, rewrite the code. Complete the following code:\\ndef max_sum_increasing_subseq(a, n, index, k):\\n'''Write a function to find the maximum sum of increasing subsequence from prefix until ith index and also including a given kth element which is after i, i.e., k > i .\\nassert max_sum_increasing_subseq([1, 101, 2, 3, 100, 4, 5 ], 7, 4, 6) == 11'''\\n\"}",
    "Code2": "def max_sum_increasing_subseq(a, n, index, k):\n    dp = [0] * n\n    for i in range(index, k):\n        for j in range(index, i):\n            if a[i] > a[j] and dp[i] < dp[j] + a[i]:\n                dp[i] = dp[j] + a[i]\n    return max(dp)",
    "ScriptResult2": "F\n======================================================================\nFAIL: test_max_sum_increasing_subseq (__main__.Test)\n----------------------------------------------------------------------\nTraceback (most recent call last):\n  File \"/Users/watch/PycharmProjects/XXXX-1-LLM/workspace/2024-03-10_22-38-03-588125/test_script.py\", line 12, in test_max_sum_increasing_subseq\n    self.assertEqual(max_sum_increasing_subseq([1, 101, 2, 3, 100, 4, 5], 7, 4, 6), 11)\nAssertionError: 0 != 11\n\n----------------------------------------------------------------------\nRan 1 test in 0.000s\n\nFAILED (failures=1)\n",
    "TestReport2": "Test Report\n\nTest Script Output:\n======================================================================\nFAIL: test_max_sum_increasing_subseq (__main__.Test)\n----------------------------------------------------------------------\nTraceback (most recent call last):\n  File \"/Users/watch/PycharmProjects/XXXX-1-LLM/workspace/2024-03-10_22-38-03-588125/test_script.py\", line 12, in test_max_sum_increasing_subseq\n    self.assertEqual(max_sum_increasing_subseq([1, 101, 2, 3, 100, 4, 5], 7, 4, 6), 11)\nAssertionError: 0 != 11\n\n----------------------------------------------------------------------\nRan 1 test in 0.000s\n\nFAILED (failures=1)\n\nTest Report:\nThe test script output indicates that the test case \"test_max_sum_increasing_subseq\" has failed. The assertion error shows that the expected output was 11, but the actual output was 0. This indicates a failure in the code.\n\nConclusion:\nThe code FAILS the test.\n\nNote: Input and expected output example should be included in the report for further analysis and code improvement.\n\nCode Test Failed",
    "FinalCode": "def max_sum_increasing_subseq(a, n, index, k):\n    dp = [0] * n\n    for i in range(index, k):\n        for j in range(index, i):\n            if a[i] > a[j] and dp[i] < dp[j] + a[i]:\n                dp[i] = dp[j] + a[i]\n    return max(dp)"
}