{
    "start_time": "2024-03-10_22-08-56-463800",
    "task": "def cal_sum(n): \n'''Write a function to calculate the sum of perrin numbers.\nassert cal_sum(9) == 49'''\n",
    "datetime": {
        "task": "2024-03-10 22:08:56",
        "task-id": "2024-03-10 22:08:56",
        "workflow": "2024-03-10 22:08:56",
        "AnalyzeDraft": "2024-03-10 22:08:57",
        "AnalyzeMeetings": "2024-03-10 22:08:58",
        "Analyze": "2024-03-10 22:09:00",
        "Test Cases Draft": "2024-03-10 22:09:01",
        "Test Cases Meetings": "2024-03-10 22:09:03",
        "Test Cases": "2024-03-10 22:09:07",
        "Code0draft": "2024-03-10 22:09:09",
        "Code Review Meetings": "2024-03-10 22:09:10",
        "Code0": "2024-03-10 22:09:11",
        "TestScriptOriginal": "2024-03-10 22:09:14",
        "TestScript": "2024-03-10 22:09:14",
        "ScriptResult0": "2024-03-10 22:09:14",
        "TestReport0": "2024-03-10 22:09:15",
        "RepairResponse1": "2024-03-10 22:09:17",
        "Code1": "2024-03-10 22:09:17",
        "ScriptResult1": "2024-03-10 22:09:17",
        "TestReport1": "2024-03-10 22:09:18",
        "RepairResponse2": "2024-03-10 22:09:20",
        "Code2": "2024-03-10 22:09:20",
        "ScriptResult2": "2024-03-10 22:09:20",
        "TestReport2": "2024-03-10 22:09:22",
        "FinalCode": "2024-03-10 22:09:22"
    },
    "task-id": 448,
    "workflow": "testdriven/testdriven_version_0.0.5_remove.json",
    "AnalyzeDraft": "{\n  \"Requirement\": \"The system should have a function named 'cal_sum' that takes a number 'n' as input and calculates the sum of the first 'n' Perrin numbers.\",\n  \"Assertion\": \"The function should return the sum of 9 Perrin numbers as 49 when called with the input 9.\"\n}",
    "AnalyzeMeetings": "{\n  \"Architect\": \"I suggest adding more details about the Perrin numbers and their calculation method to ensure a clear understanding of the 'cal_sum' function's requirements. Additionally, we should consider error handling for invalid input values.\",\n  \"Tester\": \"I suggest creating test cases for various input values to ensure the 'cal_sum' function returns the correct sum of Perrin numbers. Additionally, we should verify the function's behavior when given invalid input.\"\n}",
    "Analyze": "{\n  \"RevisedDocument\": {\n    \"Requirement\": \"The system should have a function named 'cal_sum' that takes a number 'n' as input and calculates the sum of the first 'n' Perrin numbers. This function should also include more details about the Perrin numbers and their calculation method to ensure a clear understanding of the 'cal_sum' function's requirements. Additionally, error handling for invalid input values should be considered.\",\n    \"Assertion\": \"The function should return the sum of 9 Perrin numbers as 49 when called with the input 9. Test cases for various input values should be created to ensure the 'cal_sum' function returns the correct sum of Perrin numbers and to verify the function's behavior when given invalid input.\"\n  }\n}",
    "Test Cases Draft": "{\n  \"test_cases\": [\n    {\n      \"Test Title\": \"Valid Input Test\",\n      \"Input Data\": \"parameter1=9\",\n      \"Expected Output\": \"49\"\n    },\n    {\n      \"Test Title\": \"Invalid Input Test\",\n      \"Input Data\": \"parameter1='abc'\",\n      \"Expected Output\": \"Error\"\n    }\n  ]\n}",
    "Test Cases Draft_prompt": "{\"Role\": \"You are a quality assurance engineer. Your duty is to design test cases for the developers.\", \"Instruction\": \"According to the Context section, write test cases. Don't write long strings in your test cases. Response in JSON format.\", \"Example\": \"{\\\"requirement analysis\\\":\\\"analysis\\\",\\\"test_cases\\\":[{\\\"Test Title\\\":\\\"title\\\", \\\"Input Data\\\":\\\"parameter1=[1,2,3],parameter2='123'\\\", \\\"Expected Output\\\":\\\"456\\\"},]}\", \"Context\": \"# Requirement Analysis:\\n{\\n  \\\"RevisedDocument\\\": {\\n    \\\"Requirement\\\": \\\"The system should have a function named 'cal_sum' that takes a number 'n' as input and calculates the sum of the first 'n' Perrin numbers. This function should also include more details about the Perrin numbers and their calculation method to ensure a clear understanding of the 'cal_sum' function's requirements. Additionally, error handling for invalid input values should be considered.\\\",\\n    \\\"Assertion\\\": \\\"The function should return the sum of 9 Perrin numbers as 49 when called with the input 9. Test cases for various input values should be created to ensure the 'cal_sum' function returns the correct sum of Perrin numbers and to verify the function's behavior when given invalid input.\\\"\\n  }\\n}\", \"Question\": \"def cal_sum(n): \\n'''Write a function to calculate the sum of perrin numbers.\\nassert cal_sum(9) == 49'''\\n\"}",
    "Test Cases Meetings": "{\n  \"Architect\": \"As an Architect, I suggest revising the test cases to include edge cases and boundary conditions. For example, testing with negative input values, testing with null or empty input values, and testing with maximum allowed input values. This will help ensure the robustness of the code.\",\n  \"Developer\": \"As a Developer, I suggest revising the test cases to include more detailed descriptions of the expected output. For example, instead of just 'Error' as the expected output for invalid input, specify the type of error expected (e.g. 'Invalid input type error'). This will help in writing more accurate and meaningful test cases.\"\n}",
    "Test Cases Meetings_prompt": "{\"Role\": \"I want you to act as a different roles and then give some suggestions about how to revise the test cases.\", \"Instruction\": \"1. Read the Context section. 2. Act as an Architect, give your suggestions. 3. Act as a Developer, give your suggestions. 4. Response in JSON format.\", \"Example\": \"{\\\"Architect\\\":\\\"Suggestion\\\",\\\"Developer\\\":\\\"Suggestion\\\"}\", \"Context\": \"{\\n  \\\"test_cases\\\": [\\n    {\\n      \\\"Test Title\\\": \\\"Valid Input Test\\\",\\n      \\\"Input Data\\\": \\\"parameter1=9\\\",\\n      \\\"Expected Output\\\": \\\"49\\\"\\n    },\\n    {\\n      \\\"Test Title\\\": \\\"Invalid Input Test\\\",\\n      \\\"Input Data\\\": \\\"parameter1='abc'\\\",\\n      \\\"Expected Output\\\": \\\"Error\\\"\\n    }\\n  ]\\n}\", \"Question\": \"Follow the Instruction. The Context section include the test cases.\"}",
    "Test Cases": "{\n  \"test_cases\": [\n    {\n      \"Test Title\": \"Valid Input Test\",\n      \"Input Data\": \"parameter1=9\",\n      \"Expected Output\": \"49\"\n    },\n    {\n      \"Test Title\": \"Invalid Input Test\",\n      \"Input Data\": \"parameter1='abc'\",\n      \"Expected Output\": \"Error\"\n    },\n    {\n      \"Test Title\": \"Edge Case Test\",\n      \"Input Data\": \"parameter1=-1\",\n      \"Expected Output\": \"Error\"\n    },\n    {\n      \"Test Title\": \"Boundary Condition Test\",\n      \"Input Data\": \"parameter1=1000\",\n      \"Expected Output\": \"Error\"\n    },\n    {\n      \"Test Title\": \"Detailed Output Test\",\n      \"Input Data\": \"parameter1=0\",\n      \"Expected Output\": \"Invalid input type error\"\n    }\n  ]\n}",
    "Test Cases_prompt": "{\"Role\": \"You are a quality assurance engineer. Your duty is to revise the test cases based on the suggestions.\", \"Instruction\": \"1. Your colleague give you some suggestions(in the Context section) about the draft test cases, read these suggestions. 2. Revise your draft version test cases, but don't use long parameters. 3. Response in JSON format.\", \"Example\": \"{\\\"requirement analysis\\\":\\\"analysis\\\",\\\"test_cases\\\":[{\\\"Test Title\\\":\\\"title\\\", \\\"Input Data\\\":\\\"parameter1=[1,2,3],parameter2='123'\\\", \\\"Expected Output\\\":\\\"456\\\"},]}\", \"Context\": \"# Suggestions:\\n{\\n  \\\"Architect\\\": \\\"As an Architect, I suggest revising the test cases to include edge cases and boundary conditions. For example, testing with negative input values, testing with null or empty input values, and testing with maximum allowed input values. This will help ensure the robustness of the code.\\\",\\n  \\\"Developer\\\": \\\"As a Developer, I suggest revising the test cases to include more detailed descriptions of the expected output. For example, instead of just 'Error' as the expected output for invalid input, specify the type of error expected (e.g. 'Invalid input type error'). This will help in writing more accurate and meaningful test cases.\\\"\\n}\\n # Draft Test cases:\\n{\\n  \\\"test_cases\\\": [\\n    {\\n      \\\"Test Title\\\": \\\"Valid Input Test\\\",\\n      \\\"Input Data\\\": \\\"parameter1=9\\\",\\n      \\\"Expected Output\\\": \\\"49\\\"\\n    },\\n    {\\n      \\\"Test Title\\\": \\\"Invalid Input Test\\\",\\n      \\\"Input Data\\\": \\\"parameter1='abc'\\\",\\n      \\\"Expected Output\\\": \\\"Error\\\"\\n    }\\n  ]\\n}\", \"Question\": \"Follow the Instruction. Please make sure your response length are less than 512. Your test cases is for the below question:\\ndef cal_sum(n): \\n'''Write a function to calculate the sum of perrin numbers.\\nassert cal_sum(9) == 49'''\\n\"}",
    "Code0draft": "def cal_sum(n):\n    if isinstance(n, int):\n        if n < 0 or n > 100:\n            return \"Error\"\n        elif n == 0:\n            return \"Invalid input type error\"\n        else:\n            a, b, c = 3, 0, 2\n            for i in range(3, n + 1):\n                a, b, c = b, c, a + b\n            return a\n    else:\n        return \"Error\"",
    "Code0draft_prompt": "{\"Role\": \"You are a professional engineer. Your duty is to write code in Python that meets the requirements. Ensure that the code you write is efficient, readable, and follows best practices. Remember, do not need to explain the code you wrote.\", \"Instruction\": \"According to the Context section, write your code.\", \"Example\": \"\", \"Context\": \"# Test Cases:\\n{\\n  \\\"test_cases\\\": [\\n    {\\n      \\\"Test Title\\\": \\\"Valid Input Test\\\",\\n      \\\"Input Data\\\": \\\"parameter1=9\\\",\\n      \\\"Expected Output\\\": \\\"49\\\"\\n    },\\n    {\\n      \\\"Test Title\\\": \\\"Invalid Input Test\\\",\\n      \\\"Input Data\\\": \\\"parameter1='abc'\\\",\\n      \\\"Expected Output\\\": \\\"Error\\\"\\n    },\\n    {\\n      \\\"Test Title\\\": \\\"Edge Case Test\\\",\\n      \\\"Input Data\\\": \\\"parameter1=-1\\\",\\n      \\\"Expected Output\\\": \\\"Error\\\"\\n    },\\n    {\\n      \\\"Test Title\\\": \\\"Boundary Condition Test\\\",\\n      \\\"Input Data\\\": \\\"parameter1=1000\\\",\\n      \\\"Expected Output\\\": \\\"Error\\\"\\n    },\\n    {\\n      \\\"Test Title\\\": \\\"Detailed Output Test\\\",\\n      \\\"Input Data\\\": \\\"parameter1=0\\\",\\n      \\\"Expected Output\\\": \\\"Invalid input type error\\\"\\n    }\\n  ]\\n}\", \"Question\": \"Follow the Instruction section. Complete the following code:\\ndef cal_sum(n): \\n'''Write a function to calculate the sum of perrin numbers.\\nassert cal_sum(9) == 49'''\\n\"}",
    "Code Review Meetings": "{\n  \"Architect\": \"Consider adding input validation to handle non-integer inputs and inputs outside the range of 0 to 100. Additionally, break down the function into smaller, more manageable parts to improve readability and maintainability.\",\n  \"Tester\": \"Test the function with different types of input (e.g. integers, non-integers, negative numbers, numbers outside the range of 0 to 100) to ensure it handles them correctly. Also, consider testing the function with edge cases to ensure it behaves as expected.\"\n}",
    "Code0": "def is_valid_input(n):\n    if not isinstance(n, int):\n        return False\n    if n < 0 or n > 100:\n        return False\n    return True\n\ndef cal_sum(n):\n    if not is_valid_input(n):\n        return \"Error\"\n    if n == 0:\n        return \"Invalid input type error\"\n    \n    a, b, c = 3, 0, 2\n    for i in range(3, n + 1):\n        a, b, c = b, c, a + b\n    return a\n",
    "Code0_prompt": "{\"Role\": \"You are a professional software engineer. Your duty is to write code in Python that meets the requirements. Ensure that the code you write is efficient, readable, and follows best practices. Remember, do not need to explain the code you wrote.\", \"Instruction\": \"1. Understand the suggestions(in the Context section) about the original code. 2. Rewrite your code.\", \"Example\": \"\", \"Context\": \"# Suggestions:\\n{\\n  \\\"Architect\\\": \\\"Consider adding input validation to handle non-integer inputs and inputs outside the range of 0 to 100. Additionally, break down the function into smaller, more manageable parts to improve readability and maintainability.\\\",\\n  \\\"Tester\\\": \\\"Test the function with different types of input (e.g. integers, non-integers, negative numbers, numbers outside the range of 0 to 100) to ensure it handles them correctly. Also, consider testing the function with edge cases to ensure it behaves as expected.\\\"\\n}\\n# Original code:\\ndef cal_sum(n):\\n    if isinstance(n, int):\\n        if n < 0 or n > 100:\\n            return \\\"Error\\\"\\n        elif n == 0:\\n            return \\\"Invalid input type error\\\"\\n        else:\\n            a, b, c = 3, 0, 2\\n            for i in range(3, n + 1):\\n                a, b, c = b, c, a + b\\n            return a\\n    else:\\n        return \\\"Error\\\"\", \"Question\": \"Follow the Instruction section. Complete the following code:\\ndef cal_sum(n): \\n'''Write a function to calculate the sum of perrin numbers.\\nassert cal_sum(9) == 49'''\\n\"}",
    "TestScriptOriginal": "import unittest\n\ndef cal_sum(n):\n    # Function to calculate the sum of perrin numbers\n    perrin_numbers = [3, 0, 2, 3, 2, 5, 5, 7, 10, 12, 17, 22, 29, 39, 51, 68, 90, 119, 158, 209, 277]\n    return sum(perrin_numbers[:n])\n\nclass Test(unittest.TestCase):\n    def test(self):\n        self.assertEqual(cal_sum(9), 49)\n\nif __name__ == '__main__':\n    unittest.main()",
    "TestScriptOriginal_prompt": "{\"Role\": \"You are a quality assurance engineer. Your duty is to write a python test script in unittest framework.\", \"Instruction\": \"1. Write a python test script. 2. Use the input and output given by the question.\", \"Example\": \"import unittest\\n\\nclass Test(unittest.TestCase):\\n    def test(self):\\n        self.assertEqual(function_under_test('a'), 1)\\n\\nif __name__ == '__main__':\\n    unittest.main()\", \"Context\": \"\", \"Question\": \"def cal_sum(n): \\n'''Write a function to calculate the sum of perrin numbers.\\nassert cal_sum(9) == 49'''\\n\"}",
    "TestScript": "import unittest\n\nclass Test(unittest.TestCase):\n    def test(self):\n        self.assertEqual(cal_sum(9), 49)\n\nif __name__ == '__main__':\n    unittest.main()",
    "TestScript_prompt": "{\"Role\": \"You are a quality assurance engineer. Your duty is to write a python test script in unittest framework.\", \"Instruction\": \"1. Write a python test script. 2. Use the input and output given by the question.\", \"Example\": \"import unittest\\n\\nclass Test(unittest.TestCase):\\n    def test(self):\\n        self.assertEqual(function_under_test('a'), 1)\\n\\nif __name__ == '__main__':\\n    unittest.main()\", \"Context\": \"\", \"Question\": \"def cal_sum(n): \\n'''Write a function to calculate the sum of perrin numbers.\\nassert cal_sum(9) == 49'''\\n\"}",
    "ScriptResult0": "F\n======================================================================\nFAIL: test (__main__.Test)\n----------------------------------------------------------------------\nTraceback (most recent call last):\n  File \"/Users/watch/PycharmProjects/XXXX-1-LLM/workspace/2024-03-10_22-08-56-463800/test_script.py\", line 23, in test\n    self.assertEqual(cal_sum(9), 49)\nAssertionError: 7 != 49\n\n----------------------------------------------------------------------\nRan 1 test in 0.000s\n\nFAILED (failures=1)\n",
    "TestReport0": "Test Report:\n\nTest Script Output:\n======================================================================\nFAIL: test (__main__.Test)\n----------------------------------------------------------------------\nTraceback (most recent call last):\n  File \"/Users/watch/PycharmProjects/XXXX-1-LLM/workspace/2024-03-10_22-08-56-463800/test_script.py\", line 23, in test\n    self.assertEqual(cal_sum(9), 49)\nAssertionError: 7 != 49\n\n----------------------------------------------------------------------\nRan 1 test in 0.000s\n\nFAILED (failures=1)\n\nTest Report Analysis:\nThe test script failed with the following error:\n- Test case cal_sum(9) failed with an assertion error: 7 != 49\n\nConclusion:\nCode Test Failed. \n\nExample:\nInput: 9\nExpected Output: 49",
    "RepairResponse1": "{\n  \"revised_code\": \"def is_valid_input(n):\\n    if not isinstance(n, int) or n < 0 or n > 100:\\n        return False\\n    return True\\n\\ndef cal_sum(n): \\n    if not is_valid_input(n):\\n        return \\\"Error\\\"\\n    if n == 0:\\n        return \\\"Invalid input type error\\\"\\n    \\n    a, b, c = 3, 0, 2\\n    for i in range(3, n + 1):\\n        a, b, c = b, c, a + b\\n    return a\"\n}",
    "RepairResponse1_prompt": "{\"Role\": \"You are a professional software engineer. Your duty is to write code in Python that meets the requirements. Ensure that the code you write is efficient, readable, and follows best practices. Remember, do not need to explain the code you wrote.\", \"Instruction\": \"1. Rewrite a bug fix version of the original code. 2. Response in JSON format.\", \"Example\": \"{\\\"revised_code\\\":\\\"...\\\"}\", \"Context\": \"# the original code:\\ndef is_valid_input(n):\\n    if not isinstance(n, int):\\n        return False\\n    if n < 0 or n > 100:\\n        return False\\n    return True\\n\\ndef cal_sum(n):\\n    if not is_valid_input(n):\\n        return \\\"Error\\\"\\n    if n == 0:\\n        return \\\"Invalid input type error\\\"\\n    \\n    a, b, c = 3, 0, 2\\n    for i in range(3, n + 1):\\n        a, b, c = b, c, a + b\\n    return a\\n\\n# test report:\\nTest Report:\\n\\nTest Script Output:\\n======================================================================\\nFAIL: test (__main__.Test)\\n----------------------------------------------------------------------\\nTraceback (most recent call last):\\n  File \\\"/Users/watch/PycharmProjects/XXXX-1-LLM/workspace/2024-03-10_22-08-56-463800/test_script.py\\\", line 23, in test\\n    self.assertEqual(cal_sum(9), 49)\\nAssertionError: 7 != 49\\n\\n----------------------------------------------------------------------\\nRan 1 test in 0.000s\\n\\nFAILED (failures=1)\\n\\nTest Report Analysis:\\nThe test script failed with the following error:\\n- Test case cal_sum(9) failed with an assertion error: 7 != 49\\n\\nConclusion:\\nCode Test Failed. \\n\\nExample:\\nInput: 9\\nExpected Output: 49\", \"Question\": \"The original code has some bugs, according to the test report and suggestions, rewrite the code. Complete the following code:\\ndef cal_sum(n): \\n'''Write a function to calculate the sum of perrin numbers.\\nassert cal_sum(9) == 49'''\\n\"}",
    "Code1": "def is_valid_input(n):\n    if not isinstance(n, int) or n < 0 or n > 100:\n        return False\n    return True\n\ndef cal_sum(n): \n    if not is_valid_input(n):\n        return \"Error\"\n    if n == 0:\n        return \"Invalid input type error\"\n    \n    a, b, c = 3, 0, 2\n    for i in range(3, n + 1):\n        a, b, c = b, c, a + b\n    return a",
    "ScriptResult1": "F\n======================================================================\nFAIL: test (__main__.Test)\n----------------------------------------------------------------------\nTraceback (most recent call last):\n  File \"/Users/watch/PycharmProjects/XXXX-1-LLM/workspace/2024-03-10_22-08-56-463800/test_script.py\", line 20, in test\n    self.assertEqual(cal_sum(9), 49)\nAssertionError: 7 != 49\n\n----------------------------------------------------------------------\nRan 1 test in 0.000s\n\nFAILED (failures=1)\n",
    "TestReport1": "Test Report:\n\nTest Case: test (__main__.Test)\n\nTest Script Output:\nTraceback (most recent call last):\n  File \"/Users/watch/PycharmProjects/XXXX-1-LLM/workspace/2024-03-10_22-08-56-463800/test_script.py\", line 20, in test\n    self.assertEqual(cal_sum(9), 49)\nAssertionError: 7 != 49\n\nConclusion: Code Test FAIL\n\nInput Example:\ncal_sum(9)\nExpected Output: 49\n\nActual Output: 7\n\nNote: The test case failed as the actual output (7) does not match the expected output (49). The code needs to be reviewed and corrected.\n\nEnd of Test Report.",
    "RepairResponse2": "{\n  \"revised_code\": \"def is_valid_input(n):\\n    if not isinstance(n, int) or n < 0 or n > 100:\\n        return False\\n    return True\\n\\ndef cal_sum(n): \\n    if not is_valid_input(n):\\n        return \\\"Error\\\"\\n    if n == 0:\\n        return \\\"Invalid input type error\\\"\\n    \\n    a, b, c = 3, 0, 2\\n    for i in range(3, n + 1):\\n        a, b, c = b, c, a + b\\n    return a\\n\"\n}",
    "RepairResponse2_prompt": "{\"Role\": \"You are a professional software engineer. Your duty is to write code in Python that meets the requirements. Ensure that the code you write is efficient, readable, and follows best practices. Remember, do not need to explain the code you wrote.\", \"Instruction\": \"1. Rewrite a bug fix version of the original code. 2. Response in JSON format.\", \"Example\": \"{\\\"revised_code\\\":\\\"...\\\"}\", \"Context\": \"# the original code:\\ndef is_valid_input(n):\\n    if not isinstance(n, int) or n < 0 or n > 100:\\n        return False\\n    return True\\n\\ndef cal_sum(n): \\n    if not is_valid_input(n):\\n        return \\\"Error\\\"\\n    if n == 0:\\n        return \\\"Invalid input type error\\\"\\n    \\n    a, b, c = 3, 0, 2\\n    for i in range(3, n + 1):\\n        a, b, c = b, c, a + b\\n    return a\\n# test report:\\nTest Report:\\n\\nTest Case: test (__main__.Test)\\n\\nTest Script Output:\\nTraceback (most recent call last):\\n  File \\\"/Users/watch/PycharmProjects/XXXX-1-LLM/workspace/2024-03-10_22-08-56-463800/test_script.py\\\", line 20, in test\\n    self.assertEqual(cal_sum(9), 49)\\nAssertionError: 7 != 49\\n\\nConclusion: Code Test FAIL\\n\\nInput Example:\\ncal_sum(9)\\nExpected Output: 49\\n\\nActual Output: 7\\n\\nNote: The test case failed as the actual output (7) does not match the expected output (49). The code needs to be reviewed and corrected.\\n\\nEnd of Test Report.\", \"Question\": \"The original code has some bugs, according to the test report and suggestions, rewrite the code. Complete the following code:\\ndef cal_sum(n): \\n'''Write a function to calculate the sum of perrin numbers.\\nassert cal_sum(9) == 49'''\\n\"}",
    "Code2": "def is_valid_input(n):\n    if not isinstance(n, int) or n < 0 or n > 100:\n        return False\n    return True\n\ndef cal_sum(n): \n    if not is_valid_input(n):\n        return \"Error\"\n    if n == 0:\n        return \"Invalid input type error\"\n    \n    a, b, c = 3, 0, 2\n    for i in range(3, n + 1):\n        a, b, c = b, c, a + b\n    return a\n",
    "ScriptResult2": "F\n======================================================================\nFAIL: test (__main__.Test)\n----------------------------------------------------------------------\nTraceback (most recent call last):\n  File \"/Users/watch/PycharmProjects/XXXX-1-LLM/workspace/2024-03-10_22-08-56-463800/test_script.py\", line 21, in test\n    self.assertEqual(cal_sum(9), 49)\nAssertionError: 7 != 49\n\n----------------------------------------------------------------------\nRan 1 test in 0.000s\n\nFAILED (failures=1)\n",
    "TestReport2": "Test Report:\n- Test script's output:\n  - FAIL: test (__main__.Test)\n  - Traceback (most recent call last):\n    - File \"/Users/watch/PycharmProjects/XXXX-1-LLM/workspace/2024-03-10_22-08-56-463800/test_script.py\", line 21, in test\n      - self.assertEqual(cal_sum(9), 49)\n    - AssertionError: 7 != 49\n  - Ran 1 test in 0.000s\n  - FAILED (failures=1)\n\nConclusion: \nThe code has failed the test due to the assertion error where the expected output was 49 but the actual output was 7. Therefore, the code has failed the tests.\n\nExample of input and expected output:\nInput: 9\nExpected Output: 49\n\nCode Test Failed",
    "FinalCode": "def is_valid_input(n):\n    if not isinstance(n, int) or n < 0 or n > 100:\n        return False\n    return True\n\ndef cal_sum(n): \n    if not is_valid_input(n):\n        return \"Error\"\n    if n == 0:\n        return \"Invalid input type error\"\n    \n    a, b, c = 3, 0, 2\n    for i in range(3, n + 1):\n        a, b, c = b, c, a + b\n    return a\n"
}