{
    "start_time": "2024-03-11_12-54-44-118738",
    "task": "def get_total_number_of_sequences(m,n): \n'''Write a function that takes in positive integers m and n and finds the number of possible sequences of length n, such that each element is a positive integer and is greater than or equal to twice the previous element but less than or equal to m.\nassert get_total_number_of_sequences(10, 4) == 4'''\n",
    "datetime": {
        "task": "2024-03-11 12:54:44",
        "task-id": "2024-03-11 12:54:44",
        "workflow": "2024-03-11 12:54:44",
        "Discussion": "2024-03-11 12:54:45",
        "DisorderedSprintMeetings": "2024-03-11 12:54:46",
        "UserStoryDraft0": "2024-03-11 12:55:42",
        "AnalyzeMeetings": "2024-03-11 12:55:44",
        "UserStory0": "2024-03-11 12:57:42",
        "DesignDraft0": "2024-03-11 12:57:43",
        "DesignMeetings0": "2024-03-11 12:57:44",
        "Design0": "2024-03-11 12:57:46",
        "CodeDraft0": "2024-03-11 12:57:47",
        "Code0CR": "2024-03-11 12:57:47",
        "FinalCode": "2024-03-11 12:58:21",
        "Test Cases Draft": "2024-03-11 12:57:49",
        "Test Cases Meetings": "2024-03-11 12:57:51",
        "Test Cases": "2024-03-11 12:57:54",
        "Code0": "2024-03-11 12:57:58",
        "TestScriptOriginal": "2024-03-11 12:58:00",
        "TestScript": "2024-03-11 12:58:00",
        "ScriptResult0": "2024-03-11 12:58:00",
        "TestReport0": "2024-03-11 12:58:03",
        "SprintReview0": "2024-03-11 12:58:05",
        "SprintReviewMeetings0": "2024-03-11 12:58:07",
        "RepairResponse0": "2024-03-11 12:58:08",
        "Code1": "2024-03-11 12:58:08",
        "ScriptResult1": "2024-03-11 12:58:08",
        "TestReport1": "2024-03-11 12:58:11",
        "SprintReview1": "2024-03-11 12:58:12",
        "SprintReviewMeetings1": "2024-03-11 12:58:14",
        "RepairResponse1": "2024-03-11 12:58:15",
        "Code2": "2024-03-11 12:58:15",
        "ScriptResult2": "2024-03-11 12:58:15",
        "TestReport2": "2024-03-11 12:58:17",
        "SprintReview2": "2024-03-11 12:58:19",
        "SprintReviewMeetings2": "2024-03-11 12:58:20",
        "RepairResponse2": "2024-03-11 12:58:21",
        "Code3": "2024-03-11 12:58:21",
        "ScriptResult3": "2024-03-11 12:58:21",
        "TestReport3": "2024-03-11 12:58:24"
    },
    "task-id": 239,
    "workflow": "agile/agile_version_0.0.5_remove.json",
    "Discussion": "[ScrumMaster]says: We have a job: def get_total_number_of_sequences(m,n): \n'''Write a function that takes in positive integers m and n and finds the number of possible sequences of length n, such that each element is a positive integer and is greater than or equal to twice the previous element but less than or equal to m.\nassert get_total_number_of_sequences(10, 4) == 4'''\n, do you have any ideas?\n-----\n\n[Tester]says: As a Tester, I would suggest considering boundary cases and edge cases to ensure the function covers all possible scenarios.\n-----\n\n[Developer]says: As a Developer, I think we should start by breaking down the problem and identifying the possible sequence patterns to meet the requirements.\n-----\n\n[Architect]says: As an architect, I think the first step is to define the data structure and algorithm for generating the sequences. We should also consider the efficiency and scalability of the solution.\n-----\n\n[ProductOwner]says: As a Product Owner, I think the first step is to understand the user requirements and the market demand for this function.\n-----\n\n[Developer]says: As a Developer, I believe the first step is to analyze the problem and identify the possible sequence patterns to meet the requirements.\n-----\n\n[Tester]says: As a Tester, I would suggest considering boundary cases and edge cases to ensure the function covers all possible scenarios.\n-----\n\n[ProductOwner]says: As a Product Owner, I will prioritize understanding the user requirements and market demand for this function before proceeding with development.\n-----\n\n[Architect]says: As an architect, we should focus on defining the data structure and algorithm for generating the sequences and consider the efficiency and scalability of the solution.\n-----\n",
    "DisorderedSprintMeetings": "{\n  \"product-owner\":[\"Understand user requirements and market demand for the function\", \"Prioritize user requirements and market demand before development\"],\n  \"architect\":[\"Define data structure and algorithm for generating sequences\", \"Consider efficiency and scalability of the solution\"],\n  \"developer\":[\"Break down the problem and identify possible sequence patterns\", \"Analyze the problem and identify possible sequence patterns to meet requirements\"],\n  \"tester\":[\"Consider boundary and edge cases to ensure function covers all possible scenarios\"]\n}",
    "DisorderedSprintMeetings_prompt": "{\"Role\": \"You are a professional scrum master. Your goal is to breakdown the Discussion History into a task list for the scrum team.\", \"Instruction\": \"1. Read and Understand the Discussion History. 2. Define the tasks for four roles: product-owner/architect/developer/tester. 3. Response in JSON format.\", \"Example\": \"{\\\"product-owner\\\":[\\\"task1\\\",\\\"task2\\\"],\\\"architect\\\":[\\\"task1\\\",\\\"task2\\\"], \\\"developer\\\":[\\\"task1\\\",\\\"task2\\\"], \\\"tester\\\":[\\\"task1\\\",\\\"task2\\\"]}\", \"Context\": \"[ScrumMaster]says: We have a job: def get_total_number_of_sequences(m,n): \\n'''Write a function that takes in positive integers m and n and finds the number of possible sequences of length n, such that each element is a positive integer and is greater than or equal to twice the previous element but less than or equal to m.\\nassert get_total_number_of_sequences(10, 4) == 4'''\\n, do you have any ideas?\\n-----\\n\\n[Tester]says: As a Tester, I would suggest considering boundary cases and edge cases to ensure the function covers all possible scenarios.\\n-----\\n\\n[Developer]says: As a Developer, I think we should start by breaking down the problem and identifying the possible sequence patterns to meet the requirements.\\n-----\\n\\n[Architect]says: As an architect, I think the first step is to define the data structure and algorithm for generating the sequences. We should also consider the efficiency and scalability of the solution.\\n-----\\n\\n[ProductOwner]says: As a Product Owner, I think the first step is to understand the user requirements and the market demand for this function.\\n-----\\n\\n[Developer]says: As a Developer, I believe the first step is to analyze the problem and identify the possible sequence patterns to meet the requirements.\\n-----\\n\\n[Tester]says: As a Tester, I would suggest considering boundary cases and edge cases to ensure the function covers all possible scenarios.\\n-----\\n\\n[ProductOwner]says: As a Product Owner, I will prioritize understanding the user requirements and market demand for this function before proceeding with development.\\n-----\\n\\n[Architect]says: As an architect, we should focus on defining the data structure and algorithm for generating the sequences and consider the efficiency and scalability of the solution.\\n-----\\n\", \"Question\": \"Follow the Instruction section. The Discussion History is in the Context section. You only need to return a task list as the Example section.\"}",
    "UserStoryDraft0": "{\n  \"UserStory\": {\n    \"As a product owner, I want to create a function that takes in positive integers m and n and finds the number of possible sequences of length n, such that each element is a positive integer and is greater than or equal to twice the previous element but less than or equal to m. This will help users to efficiently calculate the total number of sequences meeting the given conditions.\"\n \t\t\t\n \t\t\n \t\n \t\n \t\n \t\n \t\n \t\n \t\n \t\n \t\n \t\n \t\n \t\n \t\n \t\n \t\n \t\n \t\n \t\n \t\n \t\n \t\n \t\n \t\n \t\n \t\n \t\n \t\n \t\n \t\n \t\n \t\n \t\n \t\n \t\n \t\n \t\n \t\n \t\n \t\n \t\n \t\n \t\n \t\n \t\n \t\n \t\n \t\n \t\n \t\n \t\n \t\n \t\n \t\n \t\n \t\n \t\n \t\n \t\n \t\n \t\n \t\n \t\n \t\n \t\n \t\n \t\n \t\n \t\n \t\n \t\n \t\n \t\n \t\n \t\n \t\n \t\n \t\n \t\n \t\n \t\n \t\n \t\n \t\n \t\n \t\n \t\n \t\n \t\n \t\n \t\n \t\n \t\n \t\n \t\n \t\n \t\n \t\n \t\n \t\n ",
    "UserStoryDraft0_prompt": "{\"Role\": \"You need to act as a professional product owner. Your task is to write a UserStory\", \"Instruction\": \"According to the Context, please analyze the requirement and write your response. Response in JSON format. Your response should be high-level, rather than providing implementation details.\", \"Example\": \"\", \"Context\": [\"Understand user requirements and market demand for the function\", \"Prioritize user requirements and market demand before development\"], \"Question\": \"Follow the Instruction. The requirement is as follows:\\ndef get_total_number_of_sequences(m,n): \\n'''Write a function that takes in positive integers m and n and finds the number of possible sequences of length n, such that each element is a positive integer and is greater than or equal to twice the previous element but less than or equal to m.\\nassert get_total_number_of_sequences(10, 4) == 4'''\\n\"}",
    "AnalyzeMeetings": "{\n  \"Architect\": \"The function should take in two parameters, m and n, and return the number of possible sequences meeting the given conditions. It should use a recursive approach to generate all possible sequences and then filter out the ones that do not meet the conditions. This will ensure that the function efficiently calculates the total number of sequences.\",\n  \"Tester\": \"The function needs to be tested with various input combinations, including different values for m and n. It should be tested with edge cases such as large values for m and n, as well as with invalid inputs to ensure that it handles errors properly.\"\n}",
    "UserStory0": "{\n  \"RevisedUserStory\": {\n    \"As a product owner, I want to create a function that takes in positive integers m and n and finds the number of possible sequences of length n, such that each element is a positive integer and is greater than or equal to twice the previous element but less than or equal to m. This will help users to efficiently calculate the total number of sequences meeting the given conditions.\"\n  \n  \n \n \n \n \n \n \n \n \n \n \n \n \n \n \n \n \n \n \n \n \n \n \n \n \n \n \n \n \n \n \n \n \n \n \n \n \n \n \n \n \n \n \n \n \n \n \n \n \n \n \n \n \n \n \n \n \n \n \n \n \n \n \n \n \n \n \n \n \n \n \n \n \n \n \n \n \n \n \n \n \n \n \n \n \n \n \n \n \n \n \n \n \n \n \n \n \n \n \n \n ",
    "UserStory0_prompt": {
        "Role": "You need to act as a professional product owner. Your duty is to revise the document based on the suggestions.",
        "Instruction": "1. Read the suggestions. 2. Revise your draft version document. 3. Response in JSON format. 4. REMEMBER: Your analysis should be high-level, rather than providing implementation details.",
        "Example": "",
        "Context": "# Suggestion:\n{\n  \"Architect\": \"The function should take in two parameters, m and n, and return the number of possible sequences meeting the given conditions. It should use a recursive approach to generate all possible sequences and then filter out the ones that do not meet the conditions. This will ensure that the function efficiently calculates the total number of sequences.\",\n  \"Tester\": \"The function needs to be tested with various input combinations, including different values for m and n. It should be tested with edge cases such as large values for m and n, as well as with invalid inputs to ensure that it handles errors properly.\"\n}",
        "Question": "Follow the Instruction. Your colleague give you some suggestions(in the Context section) about this draft document:{\n  \"UserStory\": {\n    \"As a product owner, I want to create a function that takes in positive integers m and n and finds the number of possible sequences of length n, such that each element is a positive integer and is greater than or equal to twice the previous element but less than or equal to m. This will help users to efficiently calculate the total number of sequences meeting the given conditions.\"\n \t\t\t\n \t\t\n \t\n \t\n \t\n \t\n \t\n \t\n \t\n \t\n \t\n \t\n \t\n \t\n \t\n \t\n \t\n \t\n \t\n \t\n \t\n \t\n \t\n \t\n \t\n \t\n \t\n \t\n \t\n \t\n \t\n \t\n \t\n \t\n \t\n \t\n \t\n \t\n \t\n \t\n \t\n \t\n \t\n \t\n \t\n \t\n \t\n \t\n \t\n \t\n \t\n \t\n \t\n \t\n \t\n \t\n \t\n \t\n \t\n \t\n \t\n \t\n \t\n \t\n \t\n \t\n \t\n \t\n \t\n \t\n \t\n \t\n \t\n \t\n \t\n \t\n \t\n \t\n \t\n \t\n \t\n \t\n \t\n \t\n \t\n \t\n \t\n \t\n \t\n \t\n \t\n \t\n \t\n \t\n \t\n \t\n \t\n \t\n \t\n \t\n \t\n "
    },
    "DesignDraft0": "Design:\n- Define a function get_total_number_of_sequences(m, n) that takes in positive integers m and n as input parameters.\n- Implement a data structure to represent sequences of length n that satisfy the given conditions.\n- Use an algorithm to generate all possible sequences meeting the conditions.\n- Consider efficiency and scalability of the solution to handle large values of m and n.\n- Provide clear documentation and comments to guide the developer in writing code for the function.\n- Include assertions or test cases to verify the correctness of the function.",
    "DesignMeetings0": "{\n  \"Developer\": \"I suggest using dynamic programming to efficiently generate all possible sequences meeting the conditions. Also, provide clear documentation and comments to guide the developer in writing code for the function.\",\n  \"Tester\": \"I suggest creating a comprehensive set of test cases to verify the correctness of the function, including edge cases and large values of m and n. Additionally, consider testing the efficiency and scalability of the solution with large inputs.\"\n}",
    "Design0": "Based on the suggestions provided, I have made the following updates to the draft version design:\n\nDesign:\n- Define a function get_total_number_of_sequences(m, n) that takes in positive integers m and n as input parameters.\n- Use dynamic programming to efficiently generate all possible sequences meeting the conditions.\n- Create a comprehensive set of test cases to verify the correctness of the function, including edge cases and large values of m and n.\n- Consider testing the efficiency and scalability of the solution with large inputs.\n- Provide clear documentation and comments to guide the developer in writing code for the function.\n\nI believe these updates address the suggestions provided and improve the overall design of the solution.",
    "CodeDraft0": "def get_total_number_of_sequences(m, n):\n    # Write your code here\n    pass",
    "CodeDraft0_prompt": {
        "Role": "You are a professional engineer. Your duty is to write code in Python that meets the requirements. Ensure that the code you write is efficient, readable, and follows best practices. Remember, do not need to explain the code you wrote.",
        "Instruction": "According to the Context section, write your code.",
        "Example": "",
        "Context": "# Tasks:\n['Break down the problem and identify possible sequence patterns', 'Analyze the problem and identify possible sequence patterns to meet requirements']\n# Design:\nBased on the suggestions provided, I have made the following updates to the draft version design:\n\nDesign:\n- Define a function get_total_number_of_sequences(m, n) that takes in positive integers m and n as input parameters.\n- Use dynamic programming to efficiently generate all possible sequences meeting the conditions.\n- Create a comprehensive set of test cases to verify the correctness of the function, including edge cases and large values of m and n.\n- Consider testing the efficiency and scalability of the solution with large inputs.\n- Provide clear documentation and comments to guide the developer in writing code for the function.\n\nI believe these updates address the suggestions provided and improve the overall design of the solution.",
        "Question": "Follow the Instruction section. Complete the following code:\ndef get_total_number_of_sequences(m,n): \n'''Write a function that takes in positive integers m and n and finds the number of possible sequences of length n, such that each element is a positive integer and is greater than or equal to twice the previous element but less than or equal to m.\nassert get_total_number_of_sequences(10, 4) == 4'''\n"
    },
    "Code0CR": "def get_total_number_of_sequences(m, n):\n    # Write your code here\n    pass",
    "FinalCode": "def get_total_number_of_sequences(m, n):\n    count = 0\n    if n == 1:\n        return m // 2\n    for i in range(1, m // 2 + 1):\n        count += get_total_number_of_sequences(i, n - 1)\n    return count",
    "Test Cases Draft": "{\n  \"test_cases\": [\n    {\n      \"Test Title\": \"Valid input\",\n      \"Input Data\": \"m=10, n=4\",\n      \"Expected Output\": \"4\"\n    },\n    {\n      \"Test Title\": \"Boundary case\",\n      \"Input Data\": \"m=1, n=1\",\n      \"Expected Output\": \"1\"\n    },\n    {\n      \"Test Title\": \"Large input\",\n      \"Input Data\": \"m=100, n=10\",\n      \"Expected Output\": \"401\"\n    }\n  ]\n}",
    "Test Cases Draft_prompt": "{\"Role\": \"You are a quality assurance engineer. Your duty is to design test cases for the developers.\", \"Instruction\": \"According to the Context section, write test cases. Don't write long strings in your test cases. Response in JSON format.\", \"Example\": \"{\\\"requirement analysis\\\":\\\"analysis\\\",\\\"test_cases\\\":[{\\\"Test Title\\\":\\\"title\\\", \\\"Input Data\\\":\\\"parameter1=[1,2,3],parameter2='123'\\\", \\\"Expected Output\\\":\\\"456\\\"},]}\", \"Context\": \"# UsrtStory:\\n{\\n  \\\"RevisedUserStory\\\": {\\n    \\\"As a product owner, I want to create a function that takes in positive integers m and n and finds the number of possible sequences of length n, such that each element is a positive integer and is greater than or equal to twice the previous element but less than or equal to m. This will help users to efficiently calculate the total number of sequences meeting the given conditions.\\\"\\n  \\n  \\n \\n \\n \\n \\n \\n \\n \\n \\n \\n \\n \\n \\n \\n \\n \\n \\n \\n \\n \\n \\n \\n \\n \\n \\n \\n \\n \\n \\n \\n \\n \\n \\n \\n \\n \\n \\n \\n \\n \\n \\n \\n \\n \\n \\n \\n \\n \\n \\n \\n \\n \\n \\n \\n \\n \\n \\n \\n \\n \\n \\n \\n \\n \\n \\n \\n \\n \\n \\n \\n \\n \\n \\n \\n \\n \\n \\n \\n \\n \\n \\n \\n \\n \\n \\n \\n \\n \\n \\n \\n \\n \\n \\n \\n \\n \\n \\n \\n \\n \\n \\n# Tasks:\\n['Consider boundary and edge cases to ensure function covers all possible scenarios']\\n# Design:\\nBased on the suggestions provided, I have made the following updates to the draft version design:\\n\\nDesign:\\n- Define a function get_total_number_of_sequences(m, n) that takes in positive integers m and n as input parameters.\\n- Use dynamic programming to efficiently generate all possible sequences meeting the conditions.\\n- Create a comprehensive set of test cases to verify the correctness of the function, including edge cases and large values of m and n.\\n- Consider testing the efficiency and scalability of the solution with large inputs.\\n- Provide clear documentation and comments to guide the developer in writing code for the function.\\n\\nI believe these updates address the suggestions provided and improve the overall design of the solution.\", \"Question\": \"def get_total_number_of_sequences(m,n): \\n'''Write a function that takes in positive integers m and n and finds the number of possible sequences of length n, such that each element is a positive integer and is greater than or equal to twice the previous element but less than or equal to m.\\nassert get_total_number_of_sequences(10, 4) == 4'''\\n\"}",
    "Test Cases Meetings": "{\n  \"Architect\": \"The test cases cover various scenarios such as valid input, boundary cases, and large input. However, it would be beneficial to include edge cases and negative test cases to ensure comprehensive coverage. Additionally, the expected output should be clarified for each test case to avoid ambiguity.\",\n  \"Developer\": \"The test cases provided are a good starting point, but we should consider adding edge cases and negative test cases to cover all possible scenarios. It would also be helpful to have clearer expected outputs for each test case to avoid any confusion during testing.\"\n}",
    "Test Cases": "{\n  \"revised_test_cases\": [\n    {\n      \"Test Title\": \"Valid input\",\n      \"Input Data\": \"m=10, n=4\",\n      \"Expected Output\": \"4\"\n    },\n    {\n      \"Test Title\": \"Boundary case\",\n      \"Input Data\": \"m=1, n=1\",\n      \"Expected Output\": \"1\"\n    },\n    {\n      \"Test Title\": \"Large input\",\n      \"Input Data\": \"m=100, n=10\",\n      \"Expected Output\": \"401\"\n    },\n    {\n      \"Test Title\": \"Edge case\",\n      \"Input Data\": \"m=2, n=1\",\n      \"Expected Output\": \"1\"\n    },\n    {\n      \"Test Title\": \"Negative test case\",\n      \"Input Data\": \"m=10, n=4\",\n      \"Expected Output\": \"0\"\n    }\n  ]\n}",
    "Test Cases_prompt": "{\"Role\": \"You are a quality assurance engineer. Your duty is to revise the test cases based on the suggestions.\", \"Instruction\": \"1. Your colleague give you some suggestions(in the Context section) about the draft test cases, read these suggestions. 2. Revise your draft version test cases, but don't use long parameters. 3. Response in JSON format.\", \"Example\": \"{\\\"requirement analysis\\\":\\\"analysis\\\",\\\"test_cases\\\":[{\\\"Test Title\\\":\\\"title\\\", \\\"Input Data\\\":\\\"parameter1=[1,2,3],parameter2='123'\\\", \\\"Expected Output\\\":\\\"456\\\"},]}\", \"Context\": \"# Suggestions:\\n{\\n  \\\"Architect\\\": \\\"The test cases cover various scenarios such as valid input, boundary cases, and large input. However, it would be beneficial to include edge cases and negative test cases to ensure comprehensive coverage. Additionally, the expected output should be clarified for each test case to avoid ambiguity.\\\",\\n  \\\"Developer\\\": \\\"The test cases provided are a good starting point, but we should consider adding edge cases and negative test cases to cover all possible scenarios. It would also be helpful to have clearer expected outputs for each test case to avoid any confusion during testing.\\\"\\n}\\n # Draft Test cases:\\n{\\n  \\\"test_cases\\\": [\\n    {\\n      \\\"Test Title\\\": \\\"Valid input\\\",\\n      \\\"Input Data\\\": \\\"m=10, n=4\\\",\\n      \\\"Expected Output\\\": \\\"4\\\"\\n    },\\n    {\\n      \\\"Test Title\\\": \\\"Boundary case\\\",\\n      \\\"Input Data\\\": \\\"m=1, n=1\\\",\\n      \\\"Expected Output\\\": \\\"1\\\"\\n    },\\n    {\\n      \\\"Test Title\\\": \\\"Large input\\\",\\n      \\\"Input Data\\\": \\\"m=100, n=10\\\",\\n      \\\"Expected Output\\\": \\\"401\\\"\\n    }\\n  ]\\n}\", \"Question\": \"Follow the Instruction. Please make sure your response length are less than 512. Your test cases is for the below question:\\ndef get_total_number_of_sequences(m,n): \\n'''Write a function that takes in positive integers m and n and finds the number of possible sequences of length n, such that each element is a positive integer and is greater than or equal to twice the previous element but less than or equal to m.\\nassert get_total_number_of_sequences(10, 4) == 4'''\\n\"}",
    "Code0": "def get_total_number_of_sequences(m, n):\n    if n == 1:\n        return m\n    if n == 2:\n        return m // 2\n    total = 0\n    for i in range(1, m // 2 + 1):\n        total += get_total_number_of_sequences(i, n - 1)\n    return total\n\n# Test Cases:\n{\n  \"revised_test_cases\": [\n    {\n      \"Test Title\": \"Valid input\",\n      \"Input Data\": \"m=10, n=4\",\n      \"Expected Output\": \"4\"\n    },\n    {\n      \"Test Title\": \"Boundary case\",\n      \"Input Data\": \"m=1, n=1\",\n      \"Expected Output\": \"1\"\n    },\n    {\n      \"Test Title\": \"Large input\",\n      \"Input Data\": \"m=100, n=10\",\n      \"Expected Output\": \"401\"\n    },\n    {\n      \"Test Title\": \"Edge case\",\n      \"Input Data\": \"m=2, n=1\",\n      \"Expected Output\": \"1\"\n    },\n    {\n      \"Test Title\": \"Negative test case\",\n      \"Input Data\": \"m=10, n=4\",\n      \"Expected Output\": \"0\"\n    }\n  ]\n}",
    "Code0_prompt": {
        "Role": "You are a professional software engineer. Your duty is to write code in Python that meets the requirements. Ensure that the code you write is efficient, readable, and follows best practices. Remember, do not need to explain the code you wrote.",
        "Instruction": "1. Understand the test cases(in the Context section) about the original code. 2. Rewrite your code, make sure your code pass all test cases.",
        "Example": "",
        "Context": "# Original Code:\ndef get_total_number_of_sequences(m, n):\n    # Write your code here\n    pass\n# Test Cases:\n{\n  \"revised_test_cases\": [\n    {\n      \"Test Title\": \"Valid input\",\n      \"Input Data\": \"m=10, n=4\",\n      \"Expected Output\": \"4\"\n    },\n    {\n      \"Test Title\": \"Boundary case\",\n      \"Input Data\": \"m=1, n=1\",\n      \"Expected Output\": \"1\"\n    },\n    {\n      \"Test Title\": \"Large input\",\n      \"Input Data\": \"m=100, n=10\",\n      \"Expected Output\": \"401\"\n    },\n    {\n      \"Test Title\": \"Edge case\",\n      \"Input Data\": \"m=2, n=1\",\n      \"Expected Output\": \"1\"\n    },\n    {\n      \"Test Title\": \"Negative test case\",\n      \"Input Data\": \"m=10, n=4\",\n      \"Expected Output\": \"0\"\n    }\n  ]\n}",
        "Question": "def get_total_number_of_sequences(m,n): \n'''Write a function that takes in positive integers m and n and finds the number of possible sequences of length n, such that each element is a positive integer and is greater than or equal to twice the previous element but less than or equal to m.\nassert get_total_number_of_sequences(10, 4) == 4'''\n"
    },
    "TestScriptOriginal": "import unittest\n\ndef get_total_number_of_sequences(m, n):\n    # Your implementation of get_total_number_of_sequences function here\n    pass\n\nclass Test(unittest.TestCase):\n    def test(self):\n        self.assertEqual(get_total_number_of_sequences(10, 4), 4)\n\nif __name__ == '__main__':\n    unittest.main()",
    "TestScriptOriginal_prompt": "{\"Role\": \"You are a quality assurance engineer. Your duty is to write a python test script in unittest framework.\", \"Instruction\": \"1. Write a python test script. 2. Use the input and output given by the question.\", \"Example\": \"import unittest\\n\\nclass Test(unittest.TestCase):\\n    def test(self):\\n        self.assertEqual(function_under_test('a'), 1)\\n\\nif __name__ == '__main__':\\n    unittest.main()\", \"Context\": \"\", \"Question\": \"def get_total_number_of_sequences(m,n): \\n'''Write a function that takes in positive integers m and n and finds the number of possible sequences of length n, such that each element is a positive integer and is greater than or equal to twice the previous element but less than or equal to m.\\nassert get_total_number_of_sequences(10, 4) == 4'''\\n\"}",
    "TestScript": "import unittest\n\nclass Test(unittest.TestCase):\n    def test(self):\n        self.assertEqual(get_total_number_of_sequences(10, 4), 4)\n\nif __name__ == '__main__':\n    unittest.main()",
    "ScriptResult0": "F\n======================================================================\nFAIL: test (__main__.Test)\n----------------------------------------------------------------------\nTraceback (most recent call last):\n  File \"/Users/watch/PycharmProjects/XXXX-1-LLM/workspace/2024-03-11_12-54-44-118738/test_script.py\", line 45, in test\n    self.assertEqual(get_total_number_of_sequences(10, 4), 4)\nAssertionError: 2 != 4\n\n----------------------------------------------------------------------\nRan 1 test in 0.000s\n\nFAILED (failures=1)\n",
    "TestReport0": "Test Report\n\nTest Script Output:\nF\n======================================================================\nFAIL: test (__main__.Test)\n----------------------------------------------------------------------\nTraceback (most recent call last):\n  File \"/Users/watch/PycharmProjects/XXXX-1-LLM/workspace/2024-03-11_12-54-44-118738/test_script.py\", line 45, in test\n    self.assertEqual(get_total_number_of_sequences(10, 4), 4)\nAssertionError: 2 != 4\n----------------------------------------------------------------------\n\nRan 1 test in 0.000s\n\nFAILED (failures=1)\n\nTest Case Information:\n- Test Title: Valid input\n- Input Data: m=10, n=4\n- Expected Output: 4\n\nConclusion: Code Test Failed\n\nInput and Expected Output Example:\n- Input: m=10, n=4\n- Expected Output: 4\n\nThe test script has failed for the valid input test case with the input data m=10, n=4. The expected output was 4, but the actual output was 2. Therefore, the code test has failed.\n\nEnd of Test Report",
    "SprintReview0": "[ScrumMaster]says: Here is our test Report: Test Report\n\nTest Script Output:\nF\n======================================================================\nFAIL: test (__main__.Test)\n----------------------------------------------------------------------\nTraceback (most recent call last):\n  File \"/Users/watch/PycharmProjects/XXXX-1-LLM/workspace/2024-03-11_12-54-44-118738/test_script.py\", line 45, in test\n    self.assertEqual(get_total_number_of_sequences(10, 4), 4)\nAssertionError: 2 != 4\n----------------------------------------------------------------------\n\nRan 1 test in 0.000s\n\nFAILED (failures=1)\n\nTest Case Information:\n- Test Title: Valid input\n- Input Data: m=10, n=4\n- Expected Output: 4\n\nConclusion: Code Test Failed\n\nInput and Expected Output Example:\n- Input: m=10, n=4\n- Expected Output: 4\n\nThe test script has failed for the valid input test case with the input data m=10, n=4. The expected output was 4, but the actual output was 2. Therefore, the code test has failed.\n\nEnd of Test Report, do you have any ideas?\n-----\n\n[Architect]says: As an Architect, we should review the code and identify the root cause of the test failure before making any changes to the product.\n-----\n\n[Developer]says: As a Developer, I will review the code and debug the test to identify and fix the issue.\n-----\n\n[ProductOwner]says: As a Product Owner, I think we need to prioritize fixing the failing test case and ensure the expected output matches the actual output.\n-----\n\n[Tester]says: As a Tester, I suggest reviewing the code implementation to identify the issue and make the necessary corrections to ensure the expected output is achieved.\n-----\n\n[Developer]says: As a Developer, I will review the code and debug the test to identify and fix the issue.\n-----\n\n[ProductOwner]says: As a Product Owner, I think we need to prioritize fixing the failing test case and ensure the expected output matches the actual output.\n-----\n\n[Architect]says: As an Architect, we should review the code and identify the root cause of the test failure before making any changes to the product.\n-----\n\n[Tester]says: As a Tester, I suggest reviewing the code implementation to identify the issue and make the necessary corrections to ensure the expected output is achieved.\n-----\n",
    "SprintReviewMeetings0": "{\n  \"product-owner\": [\"I think we need to prioritize fixing the failing test case and ensure the expected output matches the actual output.\"],\n  \"architect\": [\"We should review the code and identify the root cause of the test failure before making any changes to the product.\"],\n  \"developer\": [\"I will review the code and debug the test to identify and fix the issue.\"],\n  \"tester\": [\"I suggest reviewing the code implementation to identify the issue and make the necessary corrections to ensure the expected output is achieved.\"]\n}",
    "SprintReviewMeetings0_prompt": "{\"Role\": \"You are a professional scrum master. Your goal is to summary the Discussion History into a suggestions list for the scrum team.\", \"Instruction\": \"1. Read and Understand the Discussion History. 2. Summary the suggestions from four roles: product-owner/architect/developer/tester. 3. Response in JSON format.\", \"Example\": \"{\\\"product-owner\\\":[\\\"suggestion1\\\",\\\"suggestion2\\\"],\\\"architect\\\":[\\\"suggestion1\\\",\\\"suggestion2\\\"], \\\"developer\\\":[\\\"suggestion1\\\",\\\"suggestion2\\\"], \\\"tester\\\":[\\\"suggestion1\\\",\\\"suggestion2\\\"]}\", \"Context\": \"[ScrumMaster]says: Here is our test Report: Test Report\\n\\nTest Script Output:\\nF\\n======================================================================\\nFAIL: test (__main__.Test)\\n----------------------------------------------------------------------\\nTraceback (most recent call last):\\n  File \\\"/Users/watch/PycharmProjects/XXXX-1-LLM/workspace/2024-03-11_12-54-44-118738/test_script.py\\\", line 45, in test\\n    self.assertEqual(get_total_number_of_sequences(10, 4), 4)\\nAssertionError: 2 != 4\\n----------------------------------------------------------------------\\n\\nRan 1 test in 0.000s\\n\\nFAILED (failures=1)\\n\\nTest Case Information:\\n- Test Title: Valid input\\n- Input Data: m=10, n=4\\n- Expected Output: 4\\n\\nConclusion: Code Test Failed\\n\\nInput and Expected Output Example:\\n- Input: m=10, n=4\\n- Expected Output: 4\\n\\nThe test script has failed for the valid input test case with the input data m=10, n=4. The expected output was 4, but the actual output was 2. Therefore, the code test has failed.\\n\\nEnd of Test Report, do you have any ideas?\\n-----\\n\\n[Architect]says: As an Architect, we should review the code and identify the root cause of the test failure before making any changes to the product.\\n-----\\n\\n[Developer]says: As a Developer, I will review the code and debug the test to identify and fix the issue.\\n-----\\n\\n[ProductOwner]says: As a Product Owner, I think we need to prioritize fixing the failing test case and ensure the expected output matches the actual output.\\n-----\\n\\n[Tester]says: As a Tester, I suggest reviewing the code implementation to identify the issue and make the necessary corrections to ensure the expected output is achieved.\\n-----\\n\\n[Developer]says: As a Developer, I will review the code and debug the test to identify and fix the issue.\\n-----\\n\\n[ProductOwner]says: As a Product Owner, I think we need to prioritize fixing the failing test case and ensure the expected output matches the actual output.\\n-----\\n\\n[Architect]says: As an Architect, we should review the code and identify the root cause of the test failure before making any changes to the product.\\n-----\\n\\n[Tester]says: As a Tester, I suggest reviewing the code implementation to identify the issue and make the necessary corrections to ensure the expected output is achieved.\\n-----\\n\", \"Question\": \"Follow the Instruction section. The Discussion History is in the Context section. You only need to return a list as the Example section.\"}",
    "RepairResponse0": "{\n  \"revised_code\": \"def get_total_number_of_sequences(m, n):\\n    def count_sequences(current, m, n):\\n        if n == 0:\\n            return 1\\n        total = 0\\n        for i in range(current * 2, m + 1):\\n            total += count_sequences(i, m, n - 1)\\n        return total\\n    return count_sequences(1, m, n)\"\n}",
    "RepairResponse0_prompt": {
        "Role": "You are a professional software engineer. Your duty is to write code in Python that meets the requirements. Ensure that the code you write is efficient, readable, and follows best practices. Remember, do not need to explain the code you wrote.",
        "Instruction": "1. Rewrite a bug fix version of the original code. 2. Response in JSON format.",
        "Example": "{\"revised_code\":\"...\"}",
        "Context": "# Test Report:\nTest Report\n\nTest Script Output:\nF\n======================================================================\nFAIL: test (__main__.Test)\n----------------------------------------------------------------------\nTraceback (most recent call last):\n  File \"/Users/watch/PycharmProjects/XXXX-1-LLM/workspace/2024-03-11_12-54-44-118738/test_script.py\", line 45, in test\n    self.assertEqual(get_total_number_of_sequences(10, 4), 4)\nAssertionError: 2 != 4\n----------------------------------------------------------------------\n\nRan 1 test in 0.000s\n\nFAILED (failures=1)\n\nTest Case Information:\n- Test Title: Valid input\n- Input Data: m=10, n=4\n- Expected Output: 4\n\nConclusion: Code Test Failed\n\nInput and Expected Output Example:\n- Input: m=10, n=4\n- Expected Output: 4\n\nThe test script has failed for the valid input test case with the input data m=10, n=4. The expected output was 4, but the actual output was 2. Therefore, the code test has failed.\n\nEnd of Test Report# suggestions:\n{\"product-owner\": [\"I think we need to prioritize fixing the failing test case and ensure the expected output matches the actual output.\"], \"architect\": [\"We should review the code and identify the root cause of the test failure before making any changes to the product.\"], \"developer\": [\"I will review the code and debug the test to identify and fix the issue.\"], \"tester\": [\"I suggest reviewing the code implementation to identify the issue and make the necessary corrections to ensure the expected output is achieved.\"]}",
        "Question": "The original code has some bugs, according to the test report and suggestions, rewrite the code. Complete the following code:\ndef get_total_number_of_sequences(m,n): \n'''Write a function that takes in positive integers m and n and finds the number of possible sequences of length n, such that each element is a positive integer and is greater than or equal to twice the previous element but less than or equal to m.\nassert get_total_number_of_sequences(10, 4) == 4'''\n"
    },
    "Code1": "def get_total_number_of_sequences(m, n):\n    def count_sequences(current, m, n):\n        if n == 0:\n            return 1\n        total = 0\n        for i in range(current * 2, m + 1):\n            total += count_sequences(i, m, n - 1)\n        return total\n    return count_sequences(1, m, n)",
    "ScriptResult1": "F\n======================================================================\nFAIL: test (__main__.Test)\n----------------------------------------------------------------------\nTraceback (most recent call last):\n  File \"/Users/watch/PycharmProjects/XXXX-1-LLM/workspace/2024-03-11_12-54-44-118738/test_script.py\", line 14, in test\n    self.assertEqual(get_total_number_of_sequences(10, 4), 4)\nAssertionError: 0 != 4\n\n----------------------------------------------------------------------\nRan 1 test in 0.000s\n\nFAILED (failures=1)\n",
    "TestReport1": "Test Report:\n\n# test script's output:\nF\n======================================================================\nFAIL: test (__main__.Test)\n----------------------------------------------------------------------\nTraceback (most recent call last):\n  File \"/Users/watch/PycharmProjects/XXXX-1-LLM/workspace/2024-03-11_12-54-44-118738/test_script.py\", line 14, in test\n    self.assertEqual(get_total_number_of_sequences(10, 4), 4)\nAssertionError: 0 != 4\n\n----------------------------------------------------------------------\nRan 1 test in 0.000s\n\nFAILED (failures=1)\n\nTest Report Conclusion: \nThe code has FAILED the test. \n\nInput Example: \nget_total_number_of_sequences(10, 4)\n\nExpected Output: \n4",
    "SprintReview1": "[ScrumMaster]says: Here is our test Report: Test Report:\n\n# test script's output:\nF\n======================================================================\nFAIL: test (__main__.Test)\n----------------------------------------------------------------------\nTraceback (most recent call last):\n  File \"/Users/watch/PycharmProjects/XXXX-1-LLM/workspace/2024-03-11_12-54-44-118738/test_script.py\", line 14, in test\n    self.assertEqual(get_total_number_of_sequences(10, 4), 4)\nAssertionError: 0 != 4\n\n----------------------------------------------------------------------\nRan 1 test in 0.000s\n\nFAILED (failures=1)\n\nTest Report Conclusion: \nThe code has FAILED the test. \n\nInput Example: \nget_total_number_of_sequences(10, 4)\n\nExpected Output: \n4, do you have any ideas?\n-----\n\n[ProductOwner]says: As a Product Owner, it is important that we prioritize fixing the failed test to ensure the quality and functionality of our product.\n-----\n\n[Developer]says: As a Developer, I will review the test script and identify the issue to make necessary changes for the expected output.\n-----\n\n[Architect]says: As an Architect, I think we need to review the code to identify the issue and make necessary changes before retesting.\n-----\n\n[Tester]says: As a Tester, it seems like there might be an issue with the get_total_number_of_sequences function, possibly not returning the expected output of 4.\n-----\n\n[ProductOwner]says: As a Product Owner, it is important that we prioritize fixing the failed test to ensure the quality and functionality of our product.\n-----\n\n[Developer]says: As a Developer, I will review the test script and identify the issue to make necessary changes for the expected output.\n-----\n\n[Architect]says: As an Architect, I think we need to review the code to identify the issue and make necessary changes before retesting.\n-----\n\n[Tester]says: As a Tester, it seems like there might be an issue with the get_total_number_of_sequences function, possibly not returning the expected output of 4.\n-----\n",
    "SprintReviewMeetings1": "{\n  \"product-owner\": [\"It is important that we prioritize fixing the failed test to ensure the quality and functionality of our product.\"],\n  \"architect\": [\"We need to review the code to identify the issue and make necessary changes before retesting.\"],\n  \"developer\": [\"I will review the test script and identify the issue to make necessary changes for the expected output.\"],\n  \"tester\": [\"There might be an issue with the get_total_number_of_sequences function, possibly not returning the expected output of 4.\"]\n}",
    "SprintReviewMeetings1_prompt": "{\"Role\": \"You are a professional scrum master. Your goal is to summary the Discussion History into a suggestions list for the scrum team.\", \"Instruction\": \"1. Read and Understand the Discussion History. 2. Summary the suggestions from four roles: product-owner/architect/developer/tester. 3. Response in JSON format.\", \"Example\": \"{\\\"product-owner\\\":[\\\"suggestion1\\\",\\\"suggestion2\\\"],\\\"architect\\\":[\\\"suggestion1\\\",\\\"suggestion2\\\"], \\\"developer\\\":[\\\"suggestion1\\\",\\\"suggestion2\\\"], \\\"tester\\\":[\\\"suggestion1\\\",\\\"suggestion2\\\"]}\", \"Context\": \"[ScrumMaster]says: Here is our test Report: Test Report:\\n\\n# test script's output:\\nF\\n======================================================================\\nFAIL: test (__main__.Test)\\n----------------------------------------------------------------------\\nTraceback (most recent call last):\\n  File \\\"/Users/watch/PycharmProjects/XXXX-1-LLM/workspace/2024-03-11_12-54-44-118738/test_script.py\\\", line 14, in test\\n    self.assertEqual(get_total_number_of_sequences(10, 4), 4)\\nAssertionError: 0 != 4\\n\\n----------------------------------------------------------------------\\nRan 1 test in 0.000s\\n\\nFAILED (failures=1)\\n\\nTest Report Conclusion: \\nThe code has FAILED the test. \\n\\nInput Example: \\nget_total_number_of_sequences(10, 4)\\n\\nExpected Output: \\n4, do you have any ideas?\\n-----\\n\\n[ProductOwner]says: As a Product Owner, it is important that we prioritize fixing the failed test to ensure the quality and functionality of our product.\\n-----\\n\\n[Developer]says: As a Developer, I will review the test script and identify the issue to make necessary changes for the expected output.\\n-----\\n\\n[Architect]says: As an Architect, I think we need to review the code to identify the issue and make necessary changes before retesting.\\n-----\\n\\n[Tester]says: As a Tester, it seems like there might be an issue with the get_total_number_of_sequences function, possibly not returning the expected output of 4.\\n-----\\n\\n[ProductOwner]says: As a Product Owner, it is important that we prioritize fixing the failed test to ensure the quality and functionality of our product.\\n-----\\n\\n[Developer]says: As a Developer, I will review the test script and identify the issue to make necessary changes for the expected output.\\n-----\\n\\n[Architect]says: As an Architect, I think we need to review the code to identify the issue and make necessary changes before retesting.\\n-----\\n\\n[Tester]says: As a Tester, it seems like there might be an issue with the get_total_number_of_sequences function, possibly not returning the expected output of 4.\\n-----\\n\", \"Question\": \"Follow the Instruction section. The Discussion History is in the Context section. You only need to return a list as the Example section.\"}",
    "RepairResponse1": "{\n  \"revised_code\": \"def get_total_number_of_sequences(m, n):\\n    count = 0\\n    for i in range(1, m // 2 + 1):\\n        if n == 1:\\n            count += 1\\n        else:\\n            count += get_total_number_of_sequences(i, n - 1)\\n    return count\"\n}",
    "RepairResponse1_prompt": {
        "Role": "You are a professional software engineer. Your duty is to write code in Python that meets the requirements. Ensure that the code you write is efficient, readable, and follows best practices. Remember, do not need to explain the code you wrote.",
        "Instruction": "1. Rewrite a bug fix version of the original code. 2. Response in JSON format.",
        "Example": "{\"revised_code\":\"...\"}",
        "Context": "# Test Report:\nTest Report:\n\n# test script's output:\nF\n======================================================================\nFAIL: test (__main__.Test)\n----------------------------------------------------------------------\nTraceback (most recent call last):\n  File \"/Users/watch/PycharmProjects/XXXX-1-LLM/workspace/2024-03-11_12-54-44-118738/test_script.py\", line 14, in test\n    self.assertEqual(get_total_number_of_sequences(10, 4), 4)\nAssertionError: 0 != 4\n\n----------------------------------------------------------------------\nRan 1 test in 0.000s\n\nFAILED (failures=1)\n\nTest Report Conclusion: \nThe code has FAILED the test. \n\nInput Example: \nget_total_number_of_sequences(10, 4)\n\nExpected Output: \n4# suggestions:\n{\"product-owner\": [\"It is important that we prioritize fixing the failed test to ensure the quality and functionality of our product.\"], \"architect\": [\"We need to review the code to identify the issue and make necessary changes before retesting.\"], \"developer\": [\"I will review the test script and identify the issue to make necessary changes for the expected output.\"], \"tester\": [\"There might be an issue with the get_total_number_of_sequences function, possibly not returning the expected output of 4.\"]}",
        "Question": "The original code has some bugs, according to the test report and suggestions, rewrite the code. Complete the following code:\ndef get_total_number_of_sequences(m,n): \n'''Write a function that takes in positive integers m and n and finds the number of possible sequences of length n, such that each element is a positive integer and is greater than or equal to twice the previous element but less than or equal to m.\nassert get_total_number_of_sequences(10, 4) == 4'''\n"
    },
    "Code2": "def get_total_number_of_sequences(m, n):\n    count = 0\n    for i in range(1, m // 2 + 1):\n        if n == 1:\n            count += 1\n        else:\n            count += get_total_number_of_sequences(i, n - 1)\n    return count",
    "ScriptResult2": "F\n======================================================================\nFAIL: test (__main__.Test)\n----------------------------------------------------------------------\nTraceback (most recent call last):\n  File \"/Users/watch/PycharmProjects/XXXX-1-LLM/workspace/2024-03-11_12-54-44-118738/test_script.py\", line 13, in test\n    self.assertEqual(get_total_number_of_sequences(10, 4), 4)\nAssertionError: 0 != 4\n\n----------------------------------------------------------------------\nRan 1 test in 0.000s\n\nFAILED (failures=1)\n",
    "TestReport2": "Test Report:\n\nTest Case: get_total_number_of_sequences\n\n1. Test Result: FAIL\n2. Input Example: m=10, n=4\n3. Expected Output Example: 4\n4. Actual Output: 0\n\nConclusion: Code Test Failed\n\nCode:\n\ndef get_total_number_of_sequences(m, n):\n    count = 0\n    for i in range(1, m // 2 + 1):\n        if n == 1:\n            count += 1\n        else:\n            count += get_total_number_of_sequences(i, n - 1)\n    return count",
    "SprintReview2": "[ScrumMaster]says: Here is our test Report: Test Report:\n\nTest Case: get_total_number_of_sequences\n\n1. Test Result: FAIL\n2. Input Example: m=10, n=4\n3. Expected Output Example: 4\n4. Actual Output: 0\n\nConclusion: Code Test Failed\n\nCode:\n\ndef get_total_number_of_sequences(m, n):\n    count = 0\n    for i in range(1, m // 2 + 1):\n        if n == 1:\n            count += 1\n        else:\n            count += get_total_number_of_sequences(i, n - 1)\n    return count, do you have any ideas?\n-----\n\n[Tester]says: As a Tester, it is important to review the code and consider potential edge cases that may be causing the test to fail.\n-----\n\n[Architect]says: As an Architect, I think we should review the code and identify potential issues with the recursive function. We may need to optimize the code to resolve the test failure.\n-----\n\n[ProductOwner]says: As a Product Owner, we need to prioritize fixing the code test failure in order to deliver a quality product.\n-----\n\n[Developer]says: As a developer, I think we need to review the code for the get_total_number_of_sequences function and consider optimizing it to fix the test failure.\n-----\n\n[Tester]says: As a Tester, it is important to review the code and consider potential edge cases that may be causing the test to fail.\n-----\n\n[Developer]says: As a developer, I think we should review the code for the get_total_number_of_sequences function and optimize it to fix the test failure.\n-----\n\n[ProductOwner]says: [ProductOwner] To create a product, we should prioritize fixing the code test failure in order to deliver a quality product.\n-----\n\n[Architect]says: As an Architect, I think we should review the code and identify potential issues with the recursive function. We may need to optimize the code to resolve the test failure.\n-----\n",
    "SprintReviewMeetings2": "{\n  \"product-owner\":[\"We need to prioritize fixing the code test failure in order to deliver a quality product.\"],\n  \"architect\":[\"We should review the code and identify potential issues with the recursive function. We may need to optimize the code to resolve the test failure.\"],\n  \"developer\":[\"We need to review the code for the get_total_number_of_sequences function and consider optimizing it to fix the test failure.\"],\n  \"tester\":[\"It is important to review the code and consider potential edge cases that may be causing the test to fail.\"]\n}",
    "SprintReviewMeetings2_prompt": "{\"Role\": \"You are a professional scrum master. Your goal is to summary the Discussion History into a suggestions list for the scrum team.\", \"Instruction\": \"1. Read and Understand the Discussion History. 2. Summary the suggestions from four roles: product-owner/architect/developer/tester. 3. Response in JSON format.\", \"Example\": \"{\\\"product-owner\\\":[\\\"suggestion1\\\",\\\"suggestion2\\\"],\\\"architect\\\":[\\\"suggestion1\\\",\\\"suggestion2\\\"], \\\"developer\\\":[\\\"suggestion1\\\",\\\"suggestion2\\\"], \\\"tester\\\":[\\\"suggestion1\\\",\\\"suggestion2\\\"]}\", \"Context\": \"[ScrumMaster]says: Here is our test Report: Test Report:\\n\\nTest Case: get_total_number_of_sequences\\n\\n1. Test Result: FAIL\\n2. Input Example: m=10, n=4\\n3. Expected Output Example: 4\\n4. Actual Output: 0\\n\\nConclusion: Code Test Failed\\n\\nCode:\\n\\ndef get_total_number_of_sequences(m, n):\\n    count = 0\\n    for i in range(1, m // 2 + 1):\\n        if n == 1:\\n            count += 1\\n        else:\\n            count += get_total_number_of_sequences(i, n - 1)\\n    return count, do you have any ideas?\\n-----\\n\\n[Tester]says: As a Tester, it is important to review the code and consider potential edge cases that may be causing the test to fail.\\n-----\\n\\n[Architect]says: As an Architect, I think we should review the code and identify potential issues with the recursive function. We may need to optimize the code to resolve the test failure.\\n-----\\n\\n[ProductOwner]says: As a Product Owner, we need to prioritize fixing the code test failure in order to deliver a quality product.\\n-----\\n\\n[Developer]says: As a developer, I think we need to review the code for the get_total_number_of_sequences function and consider optimizing it to fix the test failure.\\n-----\\n\\n[Tester]says: As a Tester, it is important to review the code and consider potential edge cases that may be causing the test to fail.\\n-----\\n\\n[Developer]says: As a developer, I think we should review the code for the get_total_number_of_sequences function and optimize it to fix the test failure.\\n-----\\n\\n[ProductOwner]says: [ProductOwner] To create a product, we should prioritize fixing the code test failure in order to deliver a quality product.\\n-----\\n\\n[Architect]says: As an Architect, I think we should review the code and identify potential issues with the recursive function. We may need to optimize the code to resolve the test failure.\\n-----\\n\", \"Question\": \"Follow the Instruction section. The Discussion History is in the Context section. You only need to return a list as the Example section.\"}",
    "RepairResponse2": "{\n  \"revised_code\": \"def get_total_number_of_sequences(m, n):\\n    count = 0\\n    if n == 1:\\n        return m // 2\\n    for i in range(1, m // 2 + 1):\\n        count += get_total_number_of_sequences(i, n - 1)\\n    return count\"\n}",
    "RepairResponse2_prompt": {
        "Role": "You are a professional software engineer. Your duty is to write code in Python that meets the requirements. Ensure that the code you write is efficient, readable, and follows best practices. Remember, do not need to explain the code you wrote.",
        "Instruction": "1. Rewrite a bug fix version of the original code. 2. Response in JSON format.",
        "Example": "{\"revised_code\":\"...\"}",
        "Context": "# Test Report:\nTest Report:\n\nTest Case: get_total_number_of_sequences\n\n1. Test Result: FAIL\n2. Input Example: m=10, n=4\n3. Expected Output Example: 4\n4. Actual Output: 0\n\nConclusion: Code Test Failed\n\nCode:\n\ndef get_total_number_of_sequences(m, n):\n    count = 0\n    for i in range(1, m // 2 + 1):\n        if n == 1:\n            count += 1\n        else:\n            count += get_total_number_of_sequences(i, n - 1)\n    return count# suggestions:\n{\"product-owner\": [\"We need to prioritize fixing the code test failure in order to deliver a quality product.\"], \"architect\": [\"We should review the code and identify potential issues with the recursive function. We may need to optimize the code to resolve the test failure.\"], \"developer\": [\"We need to review the code for the get_total_number_of_sequences function and consider optimizing it to fix the test failure.\"], \"tester\": [\"It is important to review the code and consider potential edge cases that may be causing the test to fail.\"]}",
        "Question": "The original code has some bugs, according to the test report and suggestions, rewrite the code. Complete the following code:\ndef get_total_number_of_sequences(m,n): \n'''Write a function that takes in positive integers m and n and finds the number of possible sequences of length n, such that each element is a positive integer and is greater than or equal to twice the previous element but less than or equal to m.\nassert get_total_number_of_sequences(10, 4) == 4'''\n"
    },
    "Code3": "def get_total_number_of_sequences(m, n):\n    count = 0\n    if n == 1:\n        return m // 2\n    for i in range(1, m // 2 + 1):\n        count += get_total_number_of_sequences(i, n - 1)\n    return count",
    "ScriptResult3": "F\n======================================================================\nFAIL: test (__main__.Test)\n----------------------------------------------------------------------\nTraceback (most recent call last):\n  File \"/Users/watch/PycharmProjects/XXXX-1-LLM/workspace/2024-03-11_12-54-44-118738/test_script.py\", line 12, in test\n    self.assertEqual(get_total_number_of_sequences(10, 4), 4)\nAssertionError: 0 != 4\n\n----------------------------------------------------------------------\nRan 1 test in 0.000s\n\nFAILED (failures=1)\n",
    "TestReport3": "Test Report:\n\nTest Script Output:\nF\n======================================================================\nFAIL: test (__main__.Test)\n----------------------------------------------------------------------\nTraceback (most recent call last):\n  File \"/Users/watch/PycharmProjects/XXXX-1-LLM/workspace/2024-03-11_12-54-44-118738/test_script.py\", line 12, in test\n    self.assertEqual(get_total_number_of_sequences(10, 4), 4)\nAssertionError: 0 != 4\n\n----------------------------------------------------------------------\nRan 1 test in 0.000s\n\nFAILED (failures=1)\n\nAnalysis:\nThe test script output indicates a failure in the test case. It is expected that the function get_total_number_of_sequences(10, 4) should return 4, but the actual output was 0.\n\nConclusion:\nCode Test Failed\n\nInput and Expected Output Example:\nFor the input get_total_number_of_sequences(10, 4), the expected output is 4. However, the actual output was 0."
}