{
    "HumanEval/0": ".\n----------------------------------------------------------------------\nRan 1 test in 0.000s\n\nOK\n",
    "HumanEval/1": "['( )', '( )', '( )', '( )']\nF\n======================================================================\nFAIL: test (__main__.Test)\n----------------------------------------------------------------------\nTraceback (most recent call last):\n  File \"/Users/watch/PycharmProjects/XXXX-1-LLM/Temps/ET-extra-test/test_scripts/test1.py\", line 21, in test\n    assert separate_paren_groups(\"(()())(()())(())\") == ['(()())', '(()())', '(())']\nAssertionError\n\n----------------------------------------------------------------------\nRan 1 test in 0.000s\n\nFAILED (failures=1)\n",
    "HumanEval/2": "F\n======================================================================\nFAIL: test (__main__.Test)\n----------------------------------------------------------------------\nTraceback (most recent call last):\n  File \"/Users/watch/PycharmProjects/XXXX-1-LLM/Temps/ET-extra-test/test_scripts/test2.py\", line 19, in test\n    assert truncate_number(3.452) == 0.452\nAssertionError\n\n----------------------------------------------------------------------\nRan 1 test in 0.000s\n\nFAILED (failures=1)\n",
    "HumanEval/3": ".\n----------------------------------------------------------------------\nRan 1 test in 0.000s\n\nOK\n",
    "HumanEval/4": ".\n----------------------------------------------------------------------\nRan 1 test in 0.002s\n\nOK\n",
    "HumanEval/5": ".\n----------------------------------------------------------------------\nRan 1 test in 0.000s\n\nOK\n",
    "HumanEval/6": ".\n----------------------------------------------------------------------\nRan 1 test in 0.001s\n\nOK\n",
    "HumanEval/7": ".\n----------------------------------------------------------------------\nRan 1 test in 0.000s\n\nOK\n",
    "HumanEval/8": ".\n----------------------------------------------------------------------\nRan 1 test in 0.000s\n\nOK\n",
    "HumanEval/9": "F\n======================================================================\nFAIL: test (__main__.Test)\n----------------------------------------------------------------------\nTraceback (most recent call last):\n  File \"/Users/watch/PycharmProjects/XXXX-1-LLM/Temps/ET-extra-test/test_scripts/test9.py\", line 34, in test\n    assert rolling_max([5, 1, 4, 2]) == [5, 5, 5, 5]\nAssertionError\n\n----------------------------------------------------------------------\nRan 1 test in 0.000s\n\nFAILED (failures=1)\n",
    "HumanEval/13": ".\n----------------------------------------------------------------------\nRan 1 test in 0.000s\n\nOK\n",
    "HumanEval/14": "E\n======================================================================\nERROR: test (__main__.Test)\n----------------------------------------------------------------------\nTraceback (most recent call last):\n  File \"/Users/watch/PycharmProjects/XXXX-1-LLM/Temps/ET-extra-test/test_scripts/test14.py\", line 67, in test\n    assert all_prefixes('') == []\n  File \"/Users/watch/PycharmProjects/XXXX-1-LLM/Temps/ET-extra-test/test_scripts/test14.py\", line 8, in all_prefixes\n    raise ValueError(\"Input string must contain only alphanumeric characters\")\nValueError: Input string must contain only alphanumeric characters\n\n----------------------------------------------------------------------\nRan 1 test in 0.000s\n\nFAILED (errors=1)\n",
    "HumanEval/10": "F\n======================================================================\nFAIL: test (__main__.Test)\n----------------------------------------------------------------------\nTraceback (most recent call last):\n  File \"/Users/watch/PycharmProjects/XXXX-1-LLM/Temps/ET-extra-test/test_scripts/test10.py\", line 29, in test\n    assert make_palindrome(\"ukbpbbvnc\") == 'ukbpbbvncnvbbpbku'\nAssertionError\n\n----------------------------------------------------------------------\nRan 1 test in 0.000s\n\nFAILED (failures=1)\n",
    "HumanEval/11": "E\n======================================================================\nERROR: test (__main__.Test)\n----------------------------------------------------------------------\nTraceback (most recent call last):\n  File \"/Users/watch/PycharmProjects/XXXX-1-LLM/Temps/ET-extra-test/test_scripts/test11.py\", line 27, in test\n    assert string_xor('9899538', '0376864') == '1111111'\n  File \"/Users/watch/PycharmProjects/XXXX-1-LLM/Temps/ET-extra-test/test_scripts/test11.py\", line 19, in string_xor\n    raise ValueError(\"Input strings must consist only of 1s and 0s\")\nValueError: Input strings must consist only of 1s and 0s\n\n----------------------------------------------------------------------\nRan 1 test in 0.000s\n\nFAILED (errors=1)\n",
    "HumanEval/12": "F\n======================================================================\nFAIL: test (__main__.Test)\n----------------------------------------------------------------------\nTraceback (most recent call last):\n  File \"/Users/watch/PycharmProjects/XXXX-1-LLM/Temps/ET-extra-test/test_scripts/test12.py\", line 20, in test\n    assert longest(['s', 'e', 'q']) == 's'\nAssertionError\n\n----------------------------------------------------------------------\nRan 1 test in 0.000s\n\nFAILED (failures=1)\n",
    "HumanEval/15": ".\n----------------------------------------------------------------------\nRan 1 test in 0.000s\n\nOK\n",
    "HumanEval/16": "F\n======================================================================\nFAIL: test (__main__.Test)\n----------------------------------------------------------------------\nTraceback (most recent call last):\n  File \"/Users/watch/PycharmProjects/XXXX-1-LLM/Temps/ET-extra-test/test_scripts/test16.py\", line 41, in test\n    assert count_distinct_characters(\"s iRxpKsyfxPoWQMD\") == 14\nAssertionError\n\n----------------------------------------------------------------------\nRan 1 test in 0.000s\n\nFAILED (failures=1)\n",
    "HumanEval/17": "E\n======================================================================\nERROR: test (__main__.Test)\n----------------------------------------------------------------------\nTraceback (most recent call last):\n  File \"/Users/watch/PycharmProjects/XXXX-1-LLM/Temps/ET-extra-test/test_scripts/test17.py\", line 107, in test\n    assert parse_music('') == []\n  File \"/Users/watch/PycharmProjects/XXXX-1-LLM/Temps/ET-extra-test/test_scripts/test17.py\", line 8, in parse_music\n    raise ValueError(\"Input string cannot be empty\")\nValueError: Input string cannot be empty\n\n----------------------------------------------------------------------\nRan 1 test in 0.000s\n\nFAILED (errors=1)\n",
    "HumanEval/18": "F\n======================================================================\nFAIL: test (__main__.Test)\n----------------------------------------------------------------------\nTraceback (most recent call last):\n  File \"/Users/watch/PycharmProjects/XXXX-1-LLM/Temps/ET-extra-test/test_scripts/test18.py\", line 36, in test\n    assert how_many_times('z', '') == 2\nAssertionError\n\n----------------------------------------------------------------------\nRan 1 test in 0.000s\n\nFAILED (failures=1)\n",
    "HumanEval/19": ".\n----------------------------------------------------------------------\nRan 1 test in 0.000s\n\nOK\n",
    "HumanEval/20": "(2.0, 2.2)\n(2.0, 2.0)\n.\n----------------------------------------------------------------------\nRan 1 test in 0.000s\n\nOK\n",
    "HumanEval/21": ".\n----------------------------------------------------------------------\nRan 1 test in 0.000s\n\nOK\n",
    "HumanEval/22": ".\n----------------------------------------------------------------------\nRan 1 test in 0.000s\n\nOK\n",
    "HumanEval/23": ".\n----------------------------------------------------------------------\nRan 1 test in 0.000s\n\nOK\n",
    "HumanEval/24": ".\n----------------------------------------------------------------------\nRan 1 test in 0.000s\n\nOK\n",
    "HumanEval/25": ".\n----------------------------------------------------------------------\nRan 1 test in 0.016s\n\nOK\n",
    "HumanEval/26": ".\n----------------------------------------------------------------------\nRan 1 test in 0.000s\n\nOK\n",
    "HumanEval/27": ".\n----------------------------------------------------------------------\nRan 1 test in 0.000s\n\nOK\n",
    "HumanEval/28": ".\n----------------------------------------------------------------------\nRan 1 test in 0.000s\n\nOK\n",
    "HumanEval/29": ".\n----------------------------------------------------------------------\nRan 1 test in 0.000s\n\nOK\n",
    "HumanEval/30": ".\n----------------------------------------------------------------------\nRan 1 test in 0.000s\n\nOK\n",
    "HumanEval/31": "False\nTrue\nTrue\nTrue\nTrue\nFalse\nFalse\n.\n----------------------------------------------------------------------\nRan 1 test in 0.000s\n\nOK\n",
    "HumanEval/32": "  File \"/Users/watch/PycharmProjects/XXXX-1-LLM/Temps/ET-extra-test/test_scripts/test32.py\", line 6\n    def poly(xs: list, x: float):\\n    \\\"\\\"\\\"\\n    Evaluates polynomial with coefficients xs at point x.\\n    return xs[0] + xs[1] * x + xs[2] * x^2 + .... xs[n] * x^n\\n    \\\"\\\"\\\"\\n    return sum([coeff * math.pow(x, i) for i, coeff in enumerate(xs)])\n                                                                                                                                                                                                                                                          ^\nSyntaxError: unexpected character after line continuation character\n",
    "HumanEval/33": ".\n----------------------------------------------------------------------\nRan 1 test in 0.000s\n\nOK\n",
    "HumanEval/34": ".\n----------------------------------------------------------------------\nRan 1 test in 0.000s\n\nOK\n",
    "HumanEval/35": ".\n----------------------------------------------------------------------\nRan 1 test in 0.000s\n\nOK\n",
    "HumanEval/36": ".\n----------------------------------------------------------------------\nRan 1 test in 0.134s\n\nOK\n",
    "HumanEval/37": ".\n----------------------------------------------------------------------\nRan 1 test in 0.001s\n\nOK\n",
    "HumanEval/38": "E\n======================================================================\nERROR: test (__main__.Test)\n----------------------------------------------------------------------\nTraceback (most recent call last):\n  File \"/Users/watch/PycharmProjects/XXXX-1-LLM/Temps/ET-extra-test/test_scripts/test38.py\", line 99, in test\n    assert decode_cyclic(encoded_str) == str\nNameError: name 'encoded_str' is not defined\n\n----------------------------------------------------------------------\nRan 1 test in 0.000s\n\nFAILED (errors=1)\n",
    "HumanEval/39": "TimeOut",
    "HumanEval/40": ".\n----------------------------------------------------------------------\nRan 1 test in 0.000s\n\nOK\n",
    "HumanEval/41": "F\n======================================================================\nFAIL: test (__main__.Test)\n----------------------------------------------------------------------\nTraceback (most recent call last):\n  File \"/Users/watch/PycharmProjects/XXXX-1-LLM/Temps/ET-extra-test/test_scripts/test41.py\", line 12, in test\n    assert car_race_collision(79) == 6241\nAssertionError\n\n----------------------------------------------------------------------\nRan 1 test in 0.000s\n\nFAILED (failures=1)\n",
    "HumanEval/42": "[2, 3, 4]\n[6, 4, 6, 3, 4, 4, 10, 1, 124]\n.\n----------------------------------------------------------------------\nRan 1 test in 0.000s\n\nOK\n",
    "HumanEval/43": ".\n----------------------------------------------------------------------\nRan 1 test in 0.000s\n\nOK\n",
    "HumanEval/44": "E\n======================================================================\nERROR: test (__main__.Test)\n----------------------------------------------------------------------\nTraceback (most recent call last):\n  File \"/Users/watch/PycharmProjects/XXXX-1-LLM/Temps/ET-extra-test/test_scripts/test44.py\", line 82, in test\n    assert change_base(x, x + 1) == str(x)\nNameError: name 'x' is not defined\n\n----------------------------------------------------------------------\nRan 1 test in 0.000s\n\nFAILED (errors=1)\n",
    "HumanEval/45": ".\n----------------------------------------------------------------------\nRan 1 test in 0.000s\n\nOK\n",
    "HumanEval/46": ".\n----------------------------------------------------------------------\nRan 1 test in 0.000s\n\nOK\n",
    "HumanEval/47": ".\n----------------------------------------------------------------------\nRan 1 test in 0.000s\n\nOK\n",
    "HumanEval/48": ".\n----------------------------------------------------------------------\nRan 1 test in 0.000s\n\nOK\n",
    "HumanEval/49": ".\n----------------------------------------------------------------------\nRan 1 test in 0.000s\n\nOK\n",
    "HumanEval/50": "F\n======================================================================\nFAIL: test (__main__.Test)\n----------------------------------------------------------------------\nTraceback (most recent call last):\n  File \"/Users/watch/PycharmProjects/XXXX-1-LLM/Temps/ET-extra-test/test_scripts/test50.py\", line 40, in test\n    assert decode_shift(\"ce#wkoapw.[bev%^o=bgyd+lvczhy)\") == 'xzlrfjvkrwpwzqnsjlwbtytgqxuctr'\nAssertionError\n\n----------------------------------------------------------------------\nRan 1 test in 0.000s\n\nFAILED (failures=1)\n",
    "HumanEval/51": ".\n----------------------------------------------------------------------\nRan 1 test in 0.000s\n\nOK\n",
    "HumanEval/52": ".\n----------------------------------------------------------------------\nRan 1 test in 0.000s\n\nOK\n",
    "HumanEval/53": "E\n======================================================================\nERROR: test (__main__.Test)\n----------------------------------------------------------------------\nTraceback (most recent call last):\n  File \"/Users/watch/PycharmProjects/XXXX-1-LLM/Temps/ET-extra-test/test_scripts/test53.py\", line 19, in test\n    assert add(x, y) == x + y\nNameError: name 'x' is not defined\n\n----------------------------------------------------------------------\nRan 1 test in 0.000s\n\nFAILED (errors=1)\n",
    "HumanEval/54": ".\n----------------------------------------------------------------------\nRan 1 test in 0.000s\n\nOK\n",
    "HumanEval/55": ".\n----------------------------------------------------------------------\nRan 1 test in 0.000s\n\nOK\n",
    "HumanEval/56": "False\nTrue\nTrue\nFalse\nTrue\nFalse\nTrue\nFalse\nTrue\n.\n----------------------------------------------------------------------\nRan 1 test in 0.000s\n\nOK\n",
    "HumanEval/57": ".\n----------------------------------------------------------------------\nRan 1 test in 0.000s\n\nOK\n",
    "HumanEval/58": ".\n----------------------------------------------------------------------\nRan 1 test in 0.000s\n\nOK\n",
    "HumanEval/59": "F\n======================================================================\nFAIL: test (__main__.Test)\n----------------------------------------------------------------------\nTraceback (most recent call last):\n  File \"/Users/watch/PycharmProjects/XXXX-1-LLM/Temps/ET-extra-test/test_scripts/test59.py\", line 44, in test\n    assert largest_prime_factor(72216) == 59\nAssertionError\n\n----------------------------------------------------------------------\nRan 1 test in 0.001s\n\nFAILED (failures=1)\n",
    "HumanEval/60": ".\n----------------------------------------------------------------------\nRan 1 test in 0.000s\n\nOK\n",
    "HumanEval/61": ".\n----------------------------------------------------------------------\nRan 1 test in 0.000s\n\nOK\n",
    "HumanEval/62": "[1, 4, 12, 20]\n[2, 6]\n.\n----------------------------------------------------------------------\nRan 1 test in 0.000s\n\nOK\n",
    "HumanEval/63": ".\n----------------------------------------------------------------------\nRan 1 test in 0.000s\n\nOK\n",
    "HumanEval/64": "F\n======================================================================\nFAIL: test (__main__.Test)\n----------------------------------------------------------------------\nTraceback (most recent call last):\n  File \"/Users/watch/PycharmProjects/XXXX-1-LLM/Temps/ET-extra-test/test_scripts/test64.py\", line 49, in test\n    assert vowels_count(\"uisRpsKyZ\") == 2\nAssertionError\n\n----------------------------------------------------------------------\nRan 1 test in 0.000s\n\nFAILED (failures=1)\n",
    "HumanEval/65": "F\n======================================================================\nFAIL: test (__main__.Test)\n----------------------------------------------------------------------\nTraceback (most recent call last):\n  File \"/Users/watch/PycharmProjects/XXXX-1-LLM/Temps/ET-extra-test/test_scripts/test65.py\", line 22, in test\n    assert circular_shift(100, 2) == '001'\nAssertionError\n\n----------------------------------------------------------------------\nRan 1 test in 0.000s\n\nFAILED (failures=1)\n",
    "HumanEval/66": ".\n----------------------------------------------------------------------\nRan 1 test in 0.000s\n\nOK\n",
    "HumanEval/67": "E\n======================================================================\nERROR: test (__main__.Test)\n----------------------------------------------------------------------\nTraceback (most recent call last):\n  File \"/Users/watch/PycharmProjects/XXXX-1-LLM/Temps/ET-extra-test/test_scripts/test67.py\", line 19, in test\n    assert fruit_distribution('2 apples and 3 oranges', 525) == 520\n  File \"/Users/watch/PycharmProjects/XXXX-1-LLM/Temps/ET-extra-test/test_scripts/test67.py\", line 11, in fruit_distribution\n    apples, oranges = map(int, s.split(\" apples and \")[0].split(\" \"))\nValueError: not enough values to unpack (expected 2, got 1)\n\n----------------------------------------------------------------------\nRan 1 test in 0.000s\n\nFAILED (errors=1)\n",
    "HumanEval/68": ".\n----------------------------------------------------------------------\nRan 1 test in 0.000s\n\nOK\n",
    "HumanEval/69": "2\n3\n-1\n.\n----------------------------------------------------------------------\nRan 1 test in 0.000s\n\nOK\n",
    "HumanEval/70": ".\n----------------------------------------------------------------------\nRan 1 test in 0.000s\n\nOK\n",
    "HumanEval/71": ".\n----------------------------------------------------------------------\nRan 1 test in 0.000s\n\nOK\n",
    "HumanEval/72": ".\n----------------------------------------------------------------------\nRan 1 test in 0.000s\n\nOK\n",
    "HumanEval/73": ".\n----------------------------------------------------------------------\nRan 1 test in 0.000s\n\nOK\n",
    "HumanEval/74": ".\n----------------------------------------------------------------------\nRan 1 test in 0.000s\n\nOK\n",
    "HumanEval/75": "F\n======================================================================\nFAIL: test (__main__.Test)\n----------------------------------------------------------------------\nTraceback (most recent call last):\n  File \"/Users/watch/PycharmProjects/XXXX-1-LLM/Temps/ET-extra-test/test_scripts/test75.py\", line 29, in test\n    assert is_multiply_prime(890) == True\nAssertionError\n\n----------------------------------------------------------------------\nRan 1 test in 0.000s\n\nFAILED (failures=1)\n",
    "HumanEval/76": "F\n======================================================================\nFAIL: test (__main__.Test)\n----------------------------------------------------------------------\nTraceback (most recent call last):\n  File \"/Users/watch/PycharmProjects/XXXX-1-LLM/Temps/ET-extra-test/test_scripts/test76.py\", line 18, in test\n    assert is_simple_power(32, 2) == True\nAssertionError\n\n----------------------------------------------------------------------\nRan 1 test in 0.000s\n\nFAILED (failures=1)\n",
    "HumanEval/77": "F\n======================================================================\nFAIL: test (__main__.Test)\n----------------------------------------------------------------------\nTraceback (most recent call last):\n  File \"/Users/watch/PycharmProjects/XXXX-1-LLM/Temps/ET-extra-test/test_scripts/test77.py\", line 91, in test\n    assert iscube(-1) == True, \"Third test error: \" + str(iscube(-1))\nAssertionError: Third test error: False\n\n----------------------------------------------------------------------\nRan 1 test in 0.000s\n\nFAILED (failures=1)\n",
    "HumanEval/78": ".\n----------------------------------------------------------------------\nRan 1 test in 0.000s\n\nOK\n",
    "HumanEval/79": ".\n----------------------------------------------------------------------\nRan 1 test in 0.000s\n\nOK\n",
    "HumanEval/80": "F\n======================================================================\nFAIL: test (__main__.Test)\n----------------------------------------------------------------------\nTraceback (most recent call last):\n  File \"/Users/watch/PycharmProjects/XXXX-1-LLM/Temps/ET-extra-test/test_scripts/test80.py\", line 50, in test\n    assert is_happy(\"kjcceshvfwai\") == False\nAssertionError\n\n----------------------------------------------------------------------\nRan 1 test in 0.000s\n\nFAILED (failures=1)\n",
    "HumanEval/81": "F\n======================================================================\nFAIL: test (__main__.Test)\n----------------------------------------------------------------------\nTraceback (most recent call last):\n  File \"/Users/watch/PycharmProjects/XXXX-1-LLM/Temps/ET-extra-test/test_scripts/test81.py\", line 34, in test\n    assert numerical_letter_grade([6.042, 3, 5.935, 5, 5.423]) == ['A', 'B', 'A', 'A', 'A']\nAssertionError\n\n----------------------------------------------------------------------\nRan 1 test in 0.000s\n\nFAILED (failures=1)\n",
    "HumanEval/82": ".\n----------------------------------------------------------------------\nRan 1 test in 0.000s\n\nOK\n",
    "HumanEval/83": "F\n======================================================================\nFAIL: test (__main__.Test)\n----------------------------------------------------------------------\nTraceback (most recent call last):\n  File \"/Users/watch/PycharmProjects/XXXX-1-LLM/Temps/ET-extra-test/test_scripts/test83.py\", line 12, in test\n    assert starts_one_ends(12) == 180000000000\nAssertionError\n\n----------------------------------------------------------------------\nRan 1 test in 0.000s\n\nFAILED (failures=1)\n",
    "HumanEval/84": ".\n----------------------------------------------------------------------\nRan 1 test in 0.000s\n\nOK\n",
    "HumanEval/85": ".\n----------------------------------------------------------------------\nRan 1 test in 0.000s\n\nOK\n",
    "HumanEval/86": "F\n======================================================================\nFAIL: test (__main__.Test)\n----------------------------------------------------------------------\nTraceback (most recent call last):\n  File \"/Users/watch/PycharmProjects/XXXX-1-LLM/Temps/ET-extra-test/test_scripts/test86.py\", line 15, in test\n    assert anti_shuffle(\"*Q*J@CV#c \") == '#**@CJQVc '\nAssertionError\n\n----------------------------------------------------------------------\nRan 1 test in 0.000s\n\nFAILED (failures=1)\n",
    "HumanEval/87": ".\n----------------------------------------------------------------------\nRan 1 test in 0.000s\n\nOK\n",
    "HumanEval/88": ".\n----------------------------------------------------------------------\nRan 1 test in 0.000s\n\nOK\n",
    "HumanEval/89": ".\n----------------------------------------------------------------------\nRan 1 test in 0.000s\n\nOK\n",
    "HumanEval/90": ".\n----------------------------------------------------------------------\nRan 1 test in 0.000s\n\nOK\n",
    "HumanEval/91": "F\n======================================================================\nFAIL: test (__main__.Test)\n----------------------------------------------------------------------\nTraceback (most recent call last):\n  File \"/Users/watch/PycharmProjects/XXXX-1-LLM/Temps/ET-extra-test/test_scripts/test91.py\", line 21, in test\n    assert is_bored(\"Hello I sky blue? I\") == 0\nAssertionError\n\n----------------------------------------------------------------------\nRan 1 test in 0.000s\n\nFAILED (failures=1)\n",
    "HumanEval/92": ".\n----------------------------------------------------------------------\nRan 1 test in 0.000s\n\nOK\n",
    "HumanEval/93": "F\n======================================================================\nFAIL: test (__main__.Test)\n----------------------------------------------------------------------\nTraceback (most recent call last):\n  File \"/Users/watch/PycharmProjects/XXXX-1-LLM/Temps/ET-extra-test/test_scripts/test93.py\", line 19, in test\n    assert encode(\"ZUvOnpFUjJGGWcJQYQmTY W\") == 'zwVqNPfwJjggwCjqyqMty w'\nAssertionError\n\n----------------------------------------------------------------------\nRan 1 test in 0.000s\n\nFAILED (failures=1)\n",
    "HumanEval/94": "E\n======================================================================\nERROR: test (__main__.Test)\n----------------------------------------------------------------------\nTraceback (most recent call last):\n  File \"/Users/watch/PycharmProjects/XXXX-1-LLM/Temps/ET-extra-test/test_scripts/test94.py\", line 24, in test\n    assert skjkasdkd([0,81,12,3,1,21]) == 3\nNameError: name 'skjkasdkd' is not defined\n\n----------------------------------------------------------------------\nRan 1 test in 0.000s\n\nFAILED (errors=1)\n",
    "HumanEval/95": ".\n----------------------------------------------------------------------\nRan 1 test in 0.000s\n\nOK\n",
    "HumanEval/96": "[2, 3]\n[2, 3, 5, 7]\n[]\n[2, 3, 5, 7, 11, 13, 17, 19]\n[]\n[2, 3, 5, 7, 11, 13, 17]\n.\n----------------------------------------------------------------------\nRan 1 test in 0.015s\n\nOK\n",
    "HumanEval/97": "F\n======================================================================\nFAIL: test (__main__.Test)\n----------------------------------------------------------------------\nTraceback (most recent call last):\n  File \"/Users/watch/PycharmProjects/XXXX-1-LLM/Temps/ET-extra-test/test_scripts/test97.py\", line 66, in test\n    assert multiply(18, -17) == 24\nAssertionError\n\n----------------------------------------------------------------------\nRan 1 test in 0.000s\n\nFAILED (failures=1)\n",
    "HumanEval/98": ".\n----------------------------------------------------------------------\nRan 1 test in 0.000s\n\nOK\n",
    "HumanEval/99": ".\n----------------------------------------------------------------------\nRan 1 test in 0.000s\n\nOK\n",
    "HumanEval/100": "F\n======================================================================\nFAIL: test (__main__.Test)\n----------------------------------------------------------------------\nTraceback (most recent call last):\n  File \"/Users/watch/PycharmProjects/XXXX-1-LLM/Temps/ET-extra-test/test_scripts/test100.py\", line 19, in test\n    assert make_a_pile(7) == [7, 9, 11, 13, 15, 17, 19]\nAssertionError\n\n----------------------------------------------------------------------\nRan 1 test in 0.000s\n\nFAILED (failures=1)\n",
    "HumanEval/101": ".\n----------------------------------------------------------------------\nRan 1 test in 0.000s\n\nOK\n",
    "HumanEval/102": "F\n======================================================================\nFAIL: test (__main__.Test)\n----------------------------------------------------------------------\nTraceback (most recent call last):\n  File \"/Users/watch/PycharmProjects/XXXX-1-LLM/Temps/ET-extra-test/test_scripts/test102.py\", line 35, in test\n    assert choose_num(4249, 4823) == 4822\nAssertionError\n\n----------------------------------------------------------------------\nRan 1 test in 0.000s\n\nFAILED (failures=1)\n",
    "HumanEval/103": "F\n======================================================================\nFAIL: test (__main__.Test)\n----------------------------------------------------------------------\nTraceback (most recent call last):\n  File \"/Users/watch/PycharmProjects/XXXX-1-LLM/Temps/ET-extra-test/test_scripts/test103.py\", line 19, in test\n    assert rounded_avg(3, 3) == '0b11'\nAssertionError\n\n----------------------------------------------------------------------\nRan 1 test in 0.000s\n\nFAILED (failures=1)\n",
    "HumanEval/104": ".\n----------------------------------------------------------------------\nRan 1 test in 0.000s\n\nOK\n",
    "HumanEval/105": ".\n----------------------------------------------------------------------\nRan 1 test in 0.000s\n\nOK\n",
    "HumanEval/106": ".\n----------------------------------------------------------------------\nRan 1 test in 0.000s\n\nOK\n",
    "HumanEval/107": ".\n----------------------------------------------------------------------\nRan 1 test in 0.017s\n\nOK\n",
    "HumanEval/108": "F\n======================================================================\nFAIL: test (__main__.Test)\n----------------------------------------------------------------------\nTraceback (most recent call last):\n  File \"/Users/watch/PycharmProjects/XXXX-1-LLM/Temps/ET-extra-test/test_scripts/test108.py\", line 23, in test\n    assert count_nums([-2, -5, 1]) == 1\nAssertionError\n\n----------------------------------------------------------------------\nRan 1 test in 0.000s\n\nFAILED (failures=1)\n",
    "HumanEval/109": ".\n----------------------------------------------------------------------\nRan 1 test in 0.000s\n\nOK\n",
    "HumanEval/110": "F\n======================================================================\nFAIL: test (__main__.Test)\n----------------------------------------------------------------------\nTraceback (most recent call last):\n  File \"/Users/watch/PycharmProjects/XXXX-1-LLM/Temps/ET-extra-test/test_scripts/test110.py\", line 20, in test\n    assert exchange([2, 7, 8, 8], [1, 8, 6, 7]) == 'YES'\nAssertionError\n\n----------------------------------------------------------------------\nRan 1 test in 0.000s\n\nFAILED (failures=1)\n",
    "HumanEval/111": "F\n======================================================================\nFAIL: test (__main__.Test)\n----------------------------------------------------------------------\nTraceback (most recent call last):\n  File \"/Users/watch/PycharmProjects/XXXX-1-LLM/Temps/ET-extra-test/test_scripts/test111.py\", line 42, in test\n    assert histogram(\" hgtjtrox\") == {'': 1, 'hgtjtrox': 1}\nAssertionError\n\n----------------------------------------------------------------------\nRan 1 test in 0.000s\n\nFAILED (failures=1)\n",
    "HumanEval/112": "F\n======================================================================\nFAIL: test (__main__.Test)\n----------------------------------------------------------------------\nTraceback (most recent call last):\n  File \"/Users/watch/PycharmProjects/XXXX-1-LLM/Temps/ET-extra-test/test_scripts/test112.py\", line 79, in test\n    assert reverse_delete(\"abcdedcba\",\"\") == ('abcdedcba',True)\nAssertionError\n\n----------------------------------------------------------------------\nRan 1 test in 0.000s\n\nFAILED (failures=1)\n",
    "HumanEval/113": ".\n----------------------------------------------------------------------\nRan 1 test in 0.000s\n\nOK\n",
    "HumanEval/114": ".\n----------------------------------------------------------------------\nRan 1 test in 0.000s\n\nOK\n",
    "HumanEval/115": "F\n======================================================================\nFAIL: test (__main__.Test)\n----------------------------------------------------------------------\nTraceback (most recent call last):\n  File \"/Users/watch/PycharmProjects/XXXX-1-LLM/Temps/ET-extra-test/test_scripts/test115.py\", line 31, in test\n    assert max_fill([[1, 1, 5, 2], [4, 2, 4, 3], [1, 2, 5, 2]], 2) == 17\nAssertionError\n\n----------------------------------------------------------------------\nRan 1 test in 0.000s\n\nFAILED (failures=1)\n",
    "HumanEval/116": ".\n----------------------------------------------------------------------\nRan 1 test in 0.000s\n\nOK\n",
    "HumanEval/117": ".\n----------------------------------------------------------------------\nRan 1 test in 0.000s\n\nOK\n",
    "HumanEval/118": "F\n======================================================================\nFAIL: test (__main__.Test)\n----------------------------------------------------------------------\nTraceback (most recent call last):\n  File \"/Users/watch/PycharmProjects/XXXX-1-LLM/Temps/ET-extra-test/test_scripts/test118.py\", line 24, in test\n    assert get_closest_vowel(\"tGFYIJD\") == 'I'\nAssertionError\n\n----------------------------------------------------------------------\nRan 1 test in 0.000s\n\nFAILED (failures=1)\n",
    "HumanEval/119": "F\n======================================================================\nFAIL: test (__main__.Test)\n----------------------------------------------------------------------\nTraceback (most recent call last):\n  File \"/Users/watch/PycharmProjects/XXXX-1-LLM/Temps/ET-extra-test/test_scripts/test119.py\", line 25, in test\n    assert match_parens((')())', '(()()(')) == 'Yes'\nAssertionError\n\n----------------------------------------------------------------------\nRan 1 test in 0.000s\n\nFAILED (failures=1)\n",
    "HumanEval/120": "F\n======================================================================\nFAIL: test (__main__.Test)\n----------------------------------------------------------------------\nTraceback (most recent call last):\n  File \"/Users/watch/PycharmProjects/XXXX-1-LLM/Temps/ET-extra-test/test_scripts/test120.py\", line 13, in test\n    assert maximum([5, 5, 4, -12], 4) == [-12, 4, 5, 5]\nAssertionError\n\n----------------------------------------------------------------------\nRan 1 test in 0.000s\n\nFAILED (failures=1)\n",
    "HumanEval/121": ".\n----------------------------------------------------------------------\nRan 1 test in 0.000s\n\nOK\n",
    "HumanEval/122": "F\n======================================================================\nFAIL: test (__main__.Test)\n----------------------------------------------------------------------\nTraceback (most recent call last):\n  File \"/Users/watch/PycharmProjects/XXXX-1-LLM/Temps/ET-extra-test/test_scripts/test122.py\", line 22, in test\n    assert add_elements([3], 4) == 3\nAssertionError\n\n----------------------------------------------------------------------\nRan 1 test in 0.000s\n\nFAILED (failures=1)\n",
    "HumanEval/123": "[1, 5]\nF\n======================================================================\nFAIL: test (__main__.Test)\n----------------------------------------------------------------------\nTraceback (most recent call last):\n  File \"/Users/watch/PycharmProjects/XXXX-1-LLM/Temps/ET-extra-test/test_scripts/test123.py\", line 17, in test\n    assert get_odd_collatz(12) == [1, 3, 5]\nAssertionError\n\n----------------------------------------------------------------------\nRan 1 test in 0.000s\n\nFAILED (failures=1)\n",
    "HumanEval/124": "F\n======================================================================\nFAIL: test (__main__.Test)\n----------------------------------------------------------------------\nTraceback (most recent call last):\n  File \"/Users/watch/PycharmProjects/XXXX-1-LLM/Temps/ET-extra-test/test_scripts/test124.py\", line 73, in test\n    assert valid_date(\"03-15-957\") == True\nAssertionError\n\n----------------------------------------------------------------------\nRan 1 test in 0.001s\n\nFAILED (failures=1)\n",
    "HumanEval/125": "E\n======================================================================\nERROR: test (__main__.Test)\n----------------------------------------------------------------------\nTraceback (most recent call last):\n  File \"/Users/watch/PycharmProjects/XXXX-1-LLM/Temps/ET-extra-test/test_scripts/test125.py\", line 21, in test\n    assert split_words(\"nqovy\") == 2\n  File \"/Users/watch/PycharmProjects/XXXX-1-LLM/Temps/ET-extra-test/test_scripts/test125.py\", line 9, in split_words\n    raise ValueError(\"Invalid input. Special characters are not allowed.\")\nValueError: Invalid input. Special characters are not allowed.\n\n----------------------------------------------------------------------\nRan 1 test in 0.000s\n\nFAILED (errors=1)\n",
    "HumanEval/126": ".\n----------------------------------------------------------------------\nRan 1 test in 0.000s\n\nOK\n",
    "HumanEval/127": "F\n======================================================================\nFAIL: test (__main__.Test)\n----------------------------------------------------------------------\nTraceback (most recent call last):\n  File \"/Users/watch/PycharmProjects/XXXX-1-LLM/Temps/ET-extra-test/test_scripts/test127.py\", line 38, in test\n    assert intersection((-1, 1), (0, 4)) == \"NO\"\nAssertionError\n\n----------------------------------------------------------------------\nRan 1 test in 0.000s\n\nFAILED (failures=1)\n",
    "HumanEval/128": "F\n======================================================================\nFAIL: test (__main__.Test)\n----------------------------------------------------------------------\nTraceback (most recent call last):\n  File \"/Users/watch/PycharmProjects/XXXX-1-LLM/Temps/ET-extra-test/test_scripts/test128.py\", line 14, in test\n    assert prod_signs([4, 1, -3, 4]) == -12\nAssertionError\n\n----------------------------------------------------------------------\nRan 1 test in 0.000s\n\nFAILED (failures=1)\n",
    "HumanEval/129": "E\n======================================================================\nERROR: test (__main__.Test)\n----------------------------------------------------------------------\nTraceback (most recent call last):\n  File \"/Users/watch/PycharmProjects/XXXX-1-LLM/Temps/ET-extra-test/test_scripts/test129.py\", line 35, in test\n    assert minPath([[13, 16, 6, 5], [2, 4, 15, 19], [3, 5, 1, 9], [2, 5, 10, 14]], 7) == [1, 5, 1, 5, 1, 5, 1]\n  File \"/Users/watch/PycharmProjects/XXXX-1-LLM/Temps/ET-extra-test/test_scripts/test129.py\", line 25, in minPath\n    return [grid[i][j] for i, j in path]\nNameError: name 'path' is not defined\n\n----------------------------------------------------------------------\nRan 1 test in 0.000s\n\nFAILED (errors=1)\n",
    "HumanEval/130": "F\n======================================================================\nFAIL: test (__main__.Test)\n----------------------------------------------------------------------\nTraceback (most recent call last):\n  File \"/Users/watch/PycharmProjects/XXXX-1-LLM/Temps/ET-extra-test/test_scripts/test130.py\", line 20, in test\n    assert tri(4) == [1, 3, 2.0, 8.0, 3.0]\nAssertionError\n\n----------------------------------------------------------------------\nRan 1 test in 0.000s\n\nFAILED (failures=1)\n",
    "HumanEval/131": ".\n----------------------------------------------------------------------\nRan 1 test in 0.000s\n\nOK\n",
    "HumanEval/132": "F\n======================================================================\nFAIL: test (__main__.Test)\n----------------------------------------------------------------------\nTraceback (most recent call last):\n  File \"/Users/watch/PycharmProjects/XXXX-1-LLM/Temps/ET-extra-test/test_scripts/test132.py\", line 15, in test\n    assert is_nested('[[]') == False\nAssertionError\n\n----------------------------------------------------------------------\nRan 1 test in 0.000s\n\nFAILED (failures=1)\n",
    "HumanEval/133": ".\n----------------------------------------------------------------------\nRan 1 test in 0.000s\n\nOK\n",
    "HumanEval/134": "F\n======================================================================\nFAIL: test (__main__.Test)\n----------------------------------------------------------------------\nTraceback (most recent call last):\n  File \"/Users/watch/PycharmProjects/XXXX-1-LLM/Temps/ET-extra-test/test_scripts/test134.py\", line 18, in test\n    assert check_if_last_char_is_a_letter(\"\") == False\nAssertionError\n\n----------------------------------------------------------------------\nRan 1 test in 0.000s\n\nFAILED (failures=1)\n",
    "HumanEval/135": ".\n----------------------------------------------------------------------\nRan 1 test in 0.000s\n\nOK\n",
    "HumanEval/136": ".\n----------------------------------------------------------------------\nRan 1 test in 0.000s\n\nOK\n",
    "HumanEval/137": ".\n----------------------------------------------------------------------\nRan 1 test in 0.000s\n\nOK\n",
    "HumanEval/138": "F\n======================================================================\nFAIL: test (__main__.Test)\n----------------------------------------------------------------------\nTraceback (most recent call last):\n  File \"/Users/watch/PycharmProjects/XXXX-1-LLM/Temps/ET-extra-test/test_scripts/test138.py\", line 32, in test\n    assert is_equal_to_sum_even(337) == False\nAssertionError\n\n----------------------------------------------------------------------\nRan 1 test in 0.000s\n\nFAILED (failures=1)\n",
    "HumanEval/139": ".\n----------------------------------------------------------------------\nRan 1 test in 0.000s\n\nOK\n",
    "HumanEval/140": "F\n======================================================================\nFAIL: test (__main__.Test)\n----------------------------------------------------------------------\nTraceback (most recent call last):\n  File \"/Users/watch/PycharmProjects/XXXX-1-LLM/Temps/ET-extra-test/test_scripts/test140.py\", line 30, in test\n    assert fix_spaces(\"lfzgnYOWZP HeUYnmXviC  q u  \") == 'lfzgnYOWZP_HeUYnmXviC__q_u_'\nAssertionError\n\n----------------------------------------------------------------------\nRan 1 test in 0.000s\n\nFAILED (failures=1)\n",
    "HumanEval/141": "F\n======================================================================\nFAIL: test (__main__.Test)\n----------------------------------------------------------------------\nTraceback (most recent call last):\n  File \"/Users/watch/PycharmProjects/XXXX-1-LLM/Temps/ET-extra-test/test_scripts/test141.py\", line 31, in test\n    assert file_name_check(\"T|x@:8vC6.exe\") == 'Yes'\nAssertionError\n\n----------------------------------------------------------------------\nRan 1 test in 0.000s\n\nFAILED (failures=1)\n",
    "HumanEval/142": ".\n----------------------------------------------------------------------\nRan 1 test in 0.000s\n\nOK\n",
    "HumanEval/143": ".\n----------------------------------------------------------------------\nRan 1 test in 0.000s\n\nOK\n",
    "HumanEval/144": ".\n----------------------------------------------------------------------\nRan 1 test in 0.001s\n\nOK\n",
    "HumanEval/145": "F\n======================================================================\nFAIL: test (__main__.Test)\n----------------------------------------------------------------------\nTraceback (most recent call last):\n  File \"/Users/watch/PycharmProjects/XXXX-1-LLM/Temps/ET-extra-test/test_scripts/test145.py\", line 16, in test\n    assert order_by_points([2, 5, 4, -79, -25, 20, 8]) == [2, -79, 20, -25, 4, 5, 8]\nAssertionError\n\n----------------------------------------------------------------------\nRan 1 test in 0.000s\n\nFAILED (failures=1)\n",
    "HumanEval/146": ".\n----------------------------------------------------------------------\nRan 1 test in 0.000s\n\nOK\n",
    "HumanEval/147": ".\n----------------------------------------------------------------------\nRan 1 test in 2.799s\n\nOK\n",
    "HumanEval/148": ".\n----------------------------------------------------------------------\nRan 1 test in 0.000s\n\nOK\n",
    "HumanEval/149": ".\n----------------------------------------------------------------------\nRan 1 test in 0.000s\n\nOK\n",
    "HumanEval/150": ".\n----------------------------------------------------------------------\nRan 1 test in 0.000s\n\nOK\n",
    "HumanEval/151": "10\n0\n81\n0\n0\nE\n======================================================================\nERROR: test (__main__.Test)\n----------------------------------------------------------------------\nTraceback (most recent call last):\n  File \"/Users/watch/PycharmProjects/XXXX-1-LLM/Temps/ET-extra-test/test_scripts/test151.py\", line 52, in test\n    assert double_the_difference(lst) == odd_sum\nNameError: name 'lst' is not defined\n\n----------------------------------------------------------------------\nRan 1 test in 0.000s\n\nFAILED (errors=1)\n",
    "HumanEval/152": ".\n----------------------------------------------------------------------\nRan 1 test in 0.000s\n\nOK\n",
    "HumanEval/153": "F\n======================================================================\nFAIL: test (__main__.Test)\n----------------------------------------------------------------------\nTraceback (most recent call last):\n  File \"/Users/watch/PycharmProjects/XXXX-1-LLM/Temps/ET-extra-test/test_scripts/test153.py\", line 23, in test\n    assert Strongest_Extension('T?W+E:', ['w', 'HOzGtHHnX', 'wtu', 'M7KE', '&udG', 'mMS9yg95vFTSmmYS6']) == 'T?W+E:.HOzGtHHnX'\nAssertionError\n\n----------------------------------------------------------------------\nRan 1 test in 0.000s\n\nFAILED (failures=1)\n",
    "HumanEval/154": "F\n======================================================================\nFAIL: test (__main__.Test)\n----------------------------------------------------------------------\nTraceback (most recent call last):\n  File \"/Users/watch/PycharmProjects/XXXX-1-LLM/Temps/ET-extra-test/test_scripts/test154.py\", line 20, in test\n    assert cycpattern_check('miuckhm', 'u') == True\nAssertionError\n\n----------------------------------------------------------------------\nRan 1 test in 0.000s\n\nFAILED (failures=1)\n",
    "HumanEval/155": ".\n----------------------------------------------------------------------\nRan 1 test in 0.000s\n\nOK\n",
    "HumanEval/156": ".\n----------------------------------------------------------------------\nRan 1 test in 0.000s\n\nOK\n",
    "HumanEval/157": ".\n----------------------------------------------------------------------\nRan 1 test in 0.000s\n\nOK\n",
    "HumanEval/158": ".\n----------------------------------------------------------------------\nRan 1 test in 0.000s\n\nOK\n",
    "HumanEval/159": "F\n======================================================================\nFAIL: test (__main__.Test)\n----------------------------------------------------------------------\nTraceback (most recent call last):\n  File \"/Users/watch/PycharmProjects/XXXX-1-LLM/Temps/ET-extra-test/test_scripts/test159.py\", line 23, in test\n    assert eat(5, 11, 12) == [16, 1]\nAssertionError\n\n----------------------------------------------------------------------\nRan 1 test in 0.000s\n\nFAILED (failures=1)\n",
    "HumanEval/160": ".\n----------------------------------------------------------------------\nRan 1 test in 0.001s\n\nOK\n",
    "HumanEval/161": ".\n----------------------------------------------------------------------\nRan 1 test in 0.000s\n\nOK\n",
    "HumanEval/162": "F\n======================================================================\nFAIL: test (__main__.Test)\n----------------------------------------------------------------------\nTraceback (most recent call last):\n  File \"/Users/watch/PycharmProjects/XXXX-1-LLM/Temps/ET-extra-test/test_scripts/test162.py\", line 24, in test\n    assert string_to_md5(\"ObKvFxRMBLPbwVt\") == '7811a108f0faba7b80722f1bfd79f5b5'\nAssertionError\n\n----------------------------------------------------------------------\nRan 1 test in 0.000s\n\nFAILED (failures=1)\n",
    "HumanEval/163": "F\n======================================================================\nFAIL: test (__main__.Test)\n----------------------------------------------------------------------\nTraceback (most recent call last):\n  File \"/Users/watch/PycharmProjects/XXXX-1-LLM/Temps/ET-extra-test/test_scripts/test163.py\", line 18, in test\n    assert generate_integers(16, 88) == []\nAssertionError\n\n----------------------------------------------------------------------\nRan 1 test in 0.000s\n\nFAILED (failures=1)\n"
}