{
    "HumanEval/0": ".\n----------------------------------------------------------------------\nRan 1 test in 0.000s\n\nOK\n",
    "HumanEval/1": "F\n======================================================================\nFAIL: test (__main__.Test)\n----------------------------------------------------------------------\nTraceback (most recent call last):\n  File \"/Users/watch/PycharmProjects/XXXX-1-LLM/Temps/ET-extra-test/test_scripts/test1.py\", line 65, in test\n    assert separate_paren_groups('(()()) ((())) () ((())()())') == [\nAssertionError\n\n----------------------------------------------------------------------\nRan 1 test in 0.000s\n\nFAILED (failures=1)\n",
    "HumanEval/2": "F\n======================================================================\nFAIL: test (__main__.Test)\n----------------------------------------------------------------------\nTraceback (most recent call last):\n  File \"/Users/watch/PycharmProjects/XXXX-1-LLM/Temps/ET-extra-test/test_scripts/test2.py\", line 19, in test\n    assert truncate_number(3.452) == 0.452\nAssertionError\n\n----------------------------------------------------------------------\nRan 1 test in 0.000s\n\nFAILED (failures=1)\n",
    "HumanEval/3": ".\n----------------------------------------------------------------------\nRan 1 test in 0.000s\n\nOK\n",
    "HumanEval/4": "F\n======================================================================\nFAIL: test (__main__.Test)\n----------------------------------------------------------------------\nTraceback (most recent call last):\n  File \"/Users/watch/PycharmProjects/XXXX-1-LLM/Temps/ET-extra-test/test_scripts/test4.py\", line 29, in test\n    assert abs(mean_absolute_deviation([1.072, 7.932, 1.603]) - 2.930888888888889) < 1e-6\nAssertionError\n\n----------------------------------------------------------------------\nRan 1 test in 0.000s\n\nFAILED (failures=1)\n",
    "HumanEval/5": ".\n----------------------------------------------------------------------\nRan 1 test in 0.000s\n\nOK\n",
    "HumanEval/6": ".\n----------------------------------------------------------------------\nRan 1 test in 0.001s\n\nOK\n",
    "HumanEval/7": "F\n======================================================================\nFAIL: test (__main__.Test)\n----------------------------------------------------------------------\nTraceback (most recent call last):\n  File \"/Users/watch/PycharmProjects/XXXX-1-LLM/Temps/ET-extra-test/test_scripts/test7.py\", line 41, in test\n    assert filter_by_substring(['usqvhbm', 'igpyd', 'gszactxzm', 'vqiyslsqnfe', 'vOhpjWbUu', 'awuwl'], 'w') == ['awuwl']\nAssertionError\n\n----------------------------------------------------------------------\nRan 1 test in 0.000s\n\nFAILED (failures=1)\n",
    "HumanEval/8": ".\n----------------------------------------------------------------------\nRan 1 test in 0.000s\n\nOK\n",
    "HumanEval/9": ".\n----------------------------------------------------------------------\nRan 1 test in 0.000s\n\nOK\n",
    "HumanEval/13": ".\n----------------------------------------------------------------------\nRan 1 test in 0.000s\n\nOK\n",
    "HumanEval/14": ".\n----------------------------------------------------------------------\nRan 1 test in 0.000s\n\nOK\n",
    "HumanEval/10": "F\n======================================================================\nFAIL: test (__main__.Test)\n----------------------------------------------------------------------\nTraceback (most recent call last):\n  File \"/Users/watch/PycharmProjects/XXXX-1-LLM/Temps/ET-extra-test/test_scripts/test10.py\", line 21, in test\n    assert make_palindrome(\"ukbpbbvnc\") == 'ukbpbbvncnvbbpbku'\nAssertionError\n\n----------------------------------------------------------------------\nRan 1 test in 0.000s\n\nFAILED (failures=1)\n",
    "HumanEval/11": "100\n0\n0111\n11\n1111\nE\n======================================================================\nERROR: test (__main__.Test)\n----------------------------------------------------------------------\nTraceback (most recent call last):\n  File \"/Users/watch/PycharmProjects/XXXX-1-LLM/Temps/ET-extra-test/test_scripts/test11.py\", line 33, in test\n    assert string_xor('9899538', '0376864') == '1111111'\n  File \"/Users/watch/PycharmProjects/XXXX-1-LLM/Temps/ET-extra-test/test_scripts/test11.py\", line 12, in string_xor\n    raise ValueError(\"Error: Input strings can only contain 1s and 0s.\")\nValueError: Error: Input strings can only contain 1s and 0s.\n\n----------------------------------------------------------------------\nRan 1 test in 0.000s\n\nFAILED (errors=1)\n",
    "HumanEval/12": ".\n----------------------------------------------------------------------\nRan 1 test in 0.000s\n\nOK\n",
    "HumanEval/15": ".\n----------------------------------------------------------------------\nRan 1 test in 0.000s\n\nOK\n",
    "HumanEval/16": "F\n======================================================================\nFAIL: test (__main__.Test)\n----------------------------------------------------------------------\nTraceback (most recent call last):\n  File \"/Users/watch/PycharmProjects/XXXX-1-LLM/Temps/ET-extra-test/test_scripts/test16.py\", line 39, in test\n    assert count_distinct_characters(\"s iRxpKsyfxPoWQMD\") == 14\nAssertionError\n\n----------------------------------------------------------------------\nRan 1 test in 0.000s\n\nFAILED (failures=1)\n",
    "HumanEval/17": ".\n----------------------------------------------------------------------\nRan 1 test in 0.000s\n\nOK\n",
    "HumanEval/18": "F\n======================================================================\nFAIL: test (__main__.Test)\n----------------------------------------------------------------------\nTraceback (most recent call last):\n  File \"/Users/watch/PycharmProjects/XXXX-1-LLM/Temps/ET-extra-test/test_scripts/test18.py\", line 36, in test\n    assert how_many_times('z', '') == 2\nAssertionError\n\n----------------------------------------------------------------------\nRan 1 test in 0.000s\n\nFAILED (failures=1)\n",
    "HumanEval/19": ".\n----------------------------------------------------------------------\nRan 1 test in 0.001s\n\nOK\n",
    "HumanEval/20": ".\n----------------------------------------------------------------------\nRan 1 test in 0.000s\n\nOK\n",
    "HumanEval/21": ".\n----------------------------------------------------------------------\nRan 1 test in 0.000s\n\nOK\n",
    "HumanEval/22": ".\n----------------------------------------------------------------------\nRan 1 test in 0.000s\n\nOK\n",
    "HumanEval/23": ".\n----------------------------------------------------------------------\nRan 1 test in 0.000s\n\nOK\n",
    "HumanEval/24": ".\n----------------------------------------------------------------------\nRan 1 test in 0.000s\n\nOK\n",
    "HumanEval/25": "E\n======================================================================\nERROR: test (__main__.Test)\n----------------------------------------------------------------------\nTraceback (most recent call last):\n  File \"/Users/watch/PycharmProjects/XXXX-1-LLM/Temps/ET-extra-test/test_scripts/test25.py\", line 63, in test\n    assert factorize(1) == []\n  File \"/Users/watch/PycharmProjects/XXXX-1-LLM/Temps/ET-extra-test/test_scripts/test25.py\", line 21, in factorize\n    raise ValueError(\"Input must be a positive integer greater than 1.\")\nValueError: Input must be a positive integer greater than 1.\n\n----------------------------------------------------------------------\nRan 1 test in 0.000s\n\nFAILED (errors=1)\n",
    "HumanEval/26": ".\n----------------------------------------------------------------------\nRan 1 test in 0.000s\n\nOK\n",
    "HumanEval/27": ".\n----------------------------------------------------------------------\nRan 1 test in 0.000s\n\nOK\n",
    "HumanEval/28": ".\n----------------------------------------------------------------------\nRan 1 test in 0.000s\n\nOK\n",
    "HumanEval/29": ".\n----------------------------------------------------------------------\nRan 1 test in 0.000s\n\nOK\n",
    "HumanEval/30": ".\n----------------------------------------------------------------------\nRan 1 test in 0.000s\n\nOK\n",
    "HumanEval/31": ".\n----------------------------------------------------------------------\nRan 1 test in 0.000s\n\nOK\n",
    "HumanEval/32": "E\n======================================================================\nERROR: test (__main__.Test)\n----------------------------------------------------------------------\nTraceback (most recent call last):\n  File \"/Users/watch/PycharmProjects/XXXX-1-LLM/Temps/ET-extra-test/test_scripts/test32.py\", line 40, in test\n    assert abs(find_zero([11, 4, -10, 12, 7, -4]) - -0.77267882990418) < 1e-6\nTypeError: unsupported operand type(s) for -: 'NoneType' and 'float'\n\n----------------------------------------------------------------------\nRan 1 test in 0.002s\n\nFAILED (errors=1)\n",
    "HumanEval/33": "F\n======================================================================\nFAIL: test (__main__.Test)\n----------------------------------------------------------------------\nTraceback (most recent call last):\n  File \"/Users/watch/PycharmProjects/XXXX-1-LLM/Temps/ET-extra-test/test_scripts/test33.py\", line 20, in test\n    assert sort_third([4, 11, 7, 4, 13, 12, 6]) == [4, 11, 7, 4, 13, 12, 6]\nAssertionError\n\n----------------------------------------------------------------------\nRan 1 test in 0.000s\n\nFAILED (failures=1)\n",
    "HumanEval/34": ".\n----------------------------------------------------------------------\nRan 1 test in 0.000s\n\nOK\n",
    "HumanEval/35": "None\n5\n-1\n4\n5\n5\n5\n.\n----------------------------------------------------------------------\nRan 1 test in 0.000s\n\nOK\n",
    "HumanEval/36": "F\n======================================================================\nFAIL: test (__main__.Test)\n----------------------------------------------------------------------\nTraceback (most recent call last):\n  File \"/Users/watch/PycharmProjects/XXXX-1-LLM/Temps/ET-extra-test/test_scripts/test36.py\", line 20, in test\n    assert fizz_buzz(99862) == 8022\nAssertionError\n\n----------------------------------------------------------------------\nRan 1 test in 0.010s\n\nFAILED (failures=1)\n",
    "HumanEval/37": ".\n----------------------------------------------------------------------\nRan 1 test in 0.000s\n\nOK\n",
    "HumanEval/38": "E\n======================================================================\nERROR: test (__main__.Test)\n----------------------------------------------------------------------\nTraceback (most recent call last):\n  File \"/Users/watch/PycharmProjects/XXXX-1-LLM/Temps/ET-extra-test/test_scripts/test38.py\", line 103, in test\n    assert decode_cyclic(encoded_str) == str\nNameError: name 'encoded_str' is not defined\n\n----------------------------------------------------------------------\nRan 1 test in 0.000s\n\nFAILED (errors=1)\n",
    "HumanEval/39": "TimeOut",
    "HumanEval/40": ".\n----------------------------------------------------------------------\nRan 1 test in 0.000s\n\nOK\n",
    "HumanEval/41": "F\n======================================================================\nFAIL: test (__main__.Test)\n----------------------------------------------------------------------\nTraceback (most recent call last):\n  File \"/Users/watch/PycharmProjects/XXXX-1-LLM/Temps/ET-extra-test/test_scripts/test41.py\", line 19, in test\n    assert car_race_collision(79) == 6241\nAssertionError\n\n----------------------------------------------------------------------\nRan 1 test in 0.000s\n\nFAILED (failures=1)\n",
    "HumanEval/42": ".\n----------------------------------------------------------------------\nRan 1 test in 0.000s\n\nOK\n",
    "HumanEval/43": ".\n----------------------------------------------------------------------\nRan 1 test in 0.000s\n\nOK\n",
    "HumanEval/44": "E\n======================================================================\nERROR: test (__main__.Test)\n----------------------------------------------------------------------\nTraceback (most recent call last):\n  File \"/Users/watch/PycharmProjects/XXXX-1-LLM/Temps/ET-extra-test/test_scripts/test44.py\", line 82, in test\n    assert change_base(x, x + 1) == str(x)\nNameError: name 'x' is not defined\n\n----------------------------------------------------------------------\nRan 1 test in 0.000s\n\nFAILED (errors=1)\n",
    "HumanEval/45": ".\n----------------------------------------------------------------------\nRan 1 test in 0.000s\n\nOK\n",
    "HumanEval/46": ".\n----------------------------------------------------------------------\nRan 1 test in 0.001s\n\nOK\n",
    "HumanEval/47": ".\n----------------------------------------------------------------------\nRan 1 test in 0.000s\n\nOK\n",
    "HumanEval/48": ".\n----------------------------------------------------------------------\nRan 1 test in 0.000s\n\nOK\n",
    "HumanEval/49": "E\n======================================================================\nERROR: test (__main__.Test)\n----------------------------------------------------------------------\nTraceback (most recent call last):\n  File \"/Users/watch/PycharmProjects/XXXX-1-LLM/Temps/ET-extra-test/test_scripts/test49.py\", line 23, in test\n    assert modp(104, 97) == 62\n  File \"/Users/watch/PycharmProjects/XXXX-1-LLM/Temps/ET-extra-test/test_scripts/test49.py\", line 16, in modp\n    p = (p * p) % p\nZeroDivisionError: integer division or modulo by zero\n\n----------------------------------------------------------------------\nRan 1 test in 0.000s\n\nFAILED (errors=1)\n",
    "HumanEval/50": "E\n======================================================================\nERROR: test (__main__.Test)\n----------------------------------------------------------------------\nTraceback (most recent call last):\n  File \"/Users/watch/PycharmProjects/XXXX-1-LLM/Temps/ET-extra-test/test_scripts/test50.py\", line 81, in test\n    assert decode_shift(copy.deepcopy(encoded_str)) == str\nNameError: name 'copy' is not defined\n\n----------------------------------------------------------------------\nRan 1 test in 0.000s\n\nFAILED (errors=1)\n",
    "HumanEval/51": "\nbcdf\nghjklm\nbcdf\n\nB\nzbcd\n.\n----------------------------------------------------------------------\nRan 1 test in 0.000s\n\nOK\n",
    "HumanEval/52": ".\n----------------------------------------------------------------------\nRan 1 test in 0.000s\n\nOK\n",
    "HumanEval/53": "E\n======================================================================\nERROR: test (__main__.Test)\n----------------------------------------------------------------------\nTraceback (most recent call last):\n  File \"/Users/watch/PycharmProjects/XXXX-1-LLM/Temps/ET-extra-test/test_scripts/test53.py\", line 26, in test\n    assert add(x, y) == x + y\nNameError: name 'x' is not defined\n\n----------------------------------------------------------------------\nRan 1 test in 0.000s\n\nFAILED (errors=1)\n",
    "HumanEval/54": "F\n======================================================================\nFAIL: test (__main__.Test)\n----------------------------------------------------------------------\nTraceback (most recent call last):\n  File \"/Users/watch/PycharmProjects/XXXX-1-LLM/Temps/ET-extra-test/test_scripts/test54.py\", line 30, in test\n    assert same_chars('objfowzejfy', 'zeyzjobfowf') == True\nAssertionError\n\n----------------------------------------------------------------------\nRan 1 test in 0.000s\n\nFAILED (failures=1)\n",
    "HumanEval/55": ".\n----------------------------------------------------------------------\nRan 1 test in 0.000s\n\nOK\n",
    "HumanEval/56": ".\n----------------------------------------------------------------------\nRan 1 test in 0.000s\n\nOK\n",
    "HumanEval/57": ".\n----------------------------------------------------------------------\nRan 1 test in 0.000s\n\nOK\n",
    "HumanEval/58": ".\n----------------------------------------------------------------------\nRan 1 test in 0.000s\n\nOK\n",
    "HumanEval/59": ".\n----------------------------------------------------------------------\nRan 1 test in 0.001s\n\nOK\n",
    "HumanEval/60": ".\n----------------------------------------------------------------------\nRan 1 test in 0.000s\n\nOK\n",
    "HumanEval/61": "All test cases pass\n.\n----------------------------------------------------------------------\nRan 1 test in 0.000s\n\nOK\n",
    "HumanEval/62": ".\n----------------------------------------------------------------------\nRan 1 test in 0.000s\n\nOK\n",
    "HumanEval/63": ".\n----------------------------------------------------------------------\nRan 1 test in 0.000s\n\nOK\n",
    "HumanEval/64": "2\n1\nF\n======================================================================\nFAIL: test (__main__.Test)\n----------------------------------------------------------------------\nTraceback (most recent call last):\n  File \"/Users/watch/PycharmProjects/XXXX-1-LLM/Temps/ET-extra-test/test_scripts/test64.py\", line 29, in test\n    assert vowels_count(\"zxey\") == 2\nAssertionError\n\n----------------------------------------------------------------------\nRan 1 test in 0.000s\n\nFAILED (failures=1)\n",
    "HumanEval/65": "F\n======================================================================\nFAIL: test (__main__.Test)\n----------------------------------------------------------------------\nTraceback (most recent call last):\n  File \"/Users/watch/PycharmProjects/XXXX-1-LLM/Temps/ET-extra-test/test_scripts/test65.py\", line 31, in test\n    assert circular_shift(15, 2) == '15'\nAssertionError\n\n----------------------------------------------------------------------\nRan 1 test in 0.000s\n\nFAILED (failures=1)\n",
    "HumanEval/66": ".\n----------------------------------------------------------------------\nRan 1 test in 0.000s\n\nOK\n",
    "HumanEval/67": ".\n----------------------------------------------------------------------\nRan 1 test in 0.000s\n\nOK\n",
    "HumanEval/68": ".\n----------------------------------------------------------------------\nRan 1 test in 0.000s\n\nOK\n",
    "HumanEval/69": ".\n----------------------------------------------------------------------\nRan 1 test in 0.000s\n\nOK\n",
    "HumanEval/70": ".\n----------------------------------------------------------------------\nRan 1 test in 0.000s\n\nOK\n",
    "HumanEval/71": ".\n----------------------------------------------------------------------\nRan 1 test in 0.000s\n\nOK\n",
    "HumanEval/72": ".\n----------------------------------------------------------------------\nRan 1 test in 0.000s\n\nOK\n",
    "HumanEval/73": "4\n1\n0\n.\n----------------------------------------------------------------------\nRan 1 test in 0.000s\n\nOK\n",
    "HumanEval/74": "F\n======================================================================\nFAIL: test (__main__.Test)\n----------------------------------------------------------------------\nTraceback (most recent call last):\n  File \"/Users/watch/PycharmProjects/XXXX-1-LLM/Temps/ET-extra-test/test_scripts/test74.py\", line 35, in test\n    assert total_match([], ['jnk']) == []\nAssertionError\n\n----------------------------------------------------------------------\nRan 1 test in 0.000s\n\nFAILED (failures=1)\n",
    "HumanEval/75": "F\n======================================================================\nFAIL: test (__main__.Test)\n----------------------------------------------------------------------\nTraceback (most recent call last):\n  File \"/Users/watch/PycharmProjects/XXXX-1-LLM/Temps/ET-extra-test/test_scripts/test75.py\", line 46, in test\n    assert is_multiply_prime(890) == True\nAssertionError\n\n----------------------------------------------------------------------\nRan 1 test in 0.000s\n\nFAILED (failures=1)\n",
    "HumanEval/76": ".\n----------------------------------------------------------------------\nRan 1 test in 0.000s\n\nOK\n",
    "HumanEval/77": "F\n======================================================================\nFAIL: test (__main__.Test)\n----------------------------------------------------------------------\nTraceback (most recent call last):\n  File \"/Users/watch/PycharmProjects/XXXX-1-LLM/Temps/ET-extra-test/test_scripts/test77.py\", line 88, in test\n    assert iscube(-1) == True, \"Third test error: \" + str(iscube(-1))\nAssertionError: Third test error: False\n\n----------------------------------------------------------------------\nRan 1 test in 0.000s\n\nFAILED (failures=1)\n",
    "HumanEval/78": ".\n----------------------------------------------------------------------\nRan 1 test in 0.000s\n\nOK\n",
    "HumanEval/79": "db1010db\ndb11001db\ndb0db\ndb111010110111100110100010101db\n.\n----------------------------------------------------------------------\nRan 1 test in 0.000s\n\nOK\n",
    "HumanEval/80": ".\n----------------------------------------------------------------------\nRan 1 test in 0.000s\n\nOK\n",
    "HumanEval/81": "F\n======================================================================\nFAIL: test (__main__.Test)\n----------------------------------------------------------------------\nTraceback (most recent call last):\n  File \"/Users/watch/PycharmProjects/XXXX-1-LLM/Temps/ET-extra-test/test_scripts/test81.py\", line 45, in test\n    assert numerical_letter_grade([6.042, 3, 5.935, 5, 5.423]) == ['A', 'B', 'A', 'A', 'A']\nAssertionError\n\n----------------------------------------------------------------------\nRan 1 test in 0.000s\n\nFAILED (failures=1)\n",
    "HumanEval/82": "F\n======================================================================\nFAIL: test (__main__.Test)\n----------------------------------------------------------------------\nTraceback (most recent call last):\n  File \"/Users/watch/PycharmProjects/XXXX-1-LLM/Temps/ET-extra-test/test_scripts/test82.py\", line 77, in test\n    assert prime_length('HI') == True\nAssertionError\n\n----------------------------------------------------------------------\nRan 1 test in 0.000s\n\nFAILED (failures=1)\n",
    "HumanEval/83": "TimeOut",
    "HumanEval/84": ".\n----------------------------------------------------------------------\nRan 1 test in 0.000s\n\nOK\n",
    "HumanEval/85": ".\n----------------------------------------------------------------------\nRan 1 test in 0.000s\n\nOK\n",
    "HumanEval/86": "F\n======================================================================\nFAIL: test (__main__.Test)\n----------------------------------------------------------------------\nTraceback (most recent call last):\n  File \"/Users/watch/PycharmProjects/XXXX-1-LLM/Temps/ET-extra-test/test_scripts/test86.py\", line 22, in test\n    assert anti_shuffle(\"*Q*J@CV#c \") == '#**@CJQVc '\nAssertionError\n\n----------------------------------------------------------------------\nRan 1 test in 0.000s\n\nFAILED (failures=1)\n",
    "HumanEval/87": ".\n----------------------------------------------------------------------\nRan 1 test in 0.000s\n\nOK\n",
    "HumanEval/88": ".\n----------------------------------------------------------------------\nRan 1 test in 0.000s\n\nOK\n",
    "HumanEval/89": ".\n----------------------------------------------------------------------\nRan 1 test in 0.000s\n\nOK\n",
    "HumanEval/90": ".\n----------------------------------------------------------------------\nRan 1 test in 0.000s\n\nOK\n",
    "HumanEval/91": "F\n======================================================================\nFAIL: test (__main__.Test)\n----------------------------------------------------------------------\nTraceback (most recent call last):\n  File \"/Users/watch/PycharmProjects/XXXX-1-LLM/Temps/ET-extra-test/test_scripts/test91.py\", line 23, in test\n    assert is_bored(\"I I I . I I the . I be I I\") == 3\nAssertionError\n\n----------------------------------------------------------------------\nRan 1 test in 0.000s\n\nFAILED (failures=1)\n",
    "HumanEval/92": "F\n======================================================================\nFAIL: test (__main__.Test)\n----------------------------------------------------------------------\nTraceback (most recent call last):\n  File \"/Users/watch/PycharmProjects/XXXX-1-LLM/Temps/ET-extra-test/test_scripts/test92.py\", line 30, in test\n    assert any_int(-1, 0, 1) == True\nAssertionError\n\n----------------------------------------------------------------------\nRan 1 test in 0.000s\n\nFAILED (failures=1)\n",
    "HumanEval/93": "F\n======================================================================\nFAIL: test (__main__.Test)\n----------------------------------------------------------------------\nTraceback (most recent call last):\n  File \"/Users/watch/PycharmProjects/XXXX-1-LLM/Temps/ET-extra-test/test_scripts/test93.py\", line 28, in test\n    assert encode(\"ZUvOnpFUjJGGWcJQYQmTY W\") == 'zwVqNPfwJjggwCjqyqMty w'\nAssertionError\n\n----------------------------------------------------------------------\nRan 1 test in 0.000s\n\nFAILED (failures=1)\n",
    "HumanEval/94": "E\n======================================================================\nERROR: test (__main__.Test)\n----------------------------------------------------------------------\nTraceback (most recent call last):\n  File \"/Users/watch/PycharmProjects/XXXX-1-LLM/Temps/ET-extra-test/test_scripts/test94.py\", line 33, in test\n    assert skjkasdkd([0,81,12,3,1,21]) == 3\nNameError: name 'skjkasdkd' is not defined\n\n----------------------------------------------------------------------\nRan 1 test in 0.000s\n\nFAILED (errors=1)\n",
    "HumanEval/95": "F\n======================================================================\nFAIL: test (__main__.Test)\n----------------------------------------------------------------------\nTraceback (most recent call last):\n  File \"/Users/watch/PycharmProjects/XXXX-1-LLM/Temps/ET-extra-test/test_scripts/test95.py\", line 24, in test\n    assert check_dict_case({'o': 'oop', 5: 'jcdvmy'}) == False\nAssertionError\n\n----------------------------------------------------------------------\nRan 1 test in 0.000s\n\nFAILED (failures=1)\n",
    "HumanEval/96": ".\n----------------------------------------------------------------------\nRan 1 test in 0.021s\n\nOK\n",
    "HumanEval/97": ".\n----------------------------------------------------------------------\nRan 1 test in 0.000s\n\nOK\n",
    "HumanEval/98": "F\n======================================================================\nFAIL: test (__main__.Test)\n----------------------------------------------------------------------\nTraceback (most recent call last):\n  File \"/Users/watch/PycharmProjects/XXXX-1-LLM/Temps/ET-extra-test/test_scripts/test98.py\", line 26, in test\n    assert count_upper(\"aBEdEI\") == 2\nAssertionError\n\n----------------------------------------------------------------------\nRan 1 test in 0.000s\n\nFAILED (failures=1)\n",
    "HumanEval/99": ".\n----------------------------------------------------------------------\nRan 1 test in 0.000s\n\nOK\n",
    "HumanEval/100": "F\n======================================================================\nFAIL: test (__main__.Test)\n----------------------------------------------------------------------\nTraceback (most recent call last):\n  File \"/Users/watch/PycharmProjects/XXXX-1-LLM/Temps/ET-extra-test/test_scripts/test100.py\", line 39, in test\n    assert make_a_pile(66) == [66, 68, 70, 72, 74, 76, 78, 80, 82, 84, 86, 88, 90, 92, 94, 96, 98, 100, 102, 104, 106, 108, 110, 112, 114, 116, 118, 120, 122, 124, 126, 128, 130, 132, 134, 136, 138, 140, 142, 144, 146, 148, 150, 152, 154, 156, 158, 160, 162, 164, 166, 168, 170, 172, 174, 176, 178, 180, 182, 184, 186, 188, 190, 192, 194, 196]\nAssertionError\n\n----------------------------------------------------------------------\nRan 1 test in 0.000s\n\nFAILED (failures=1)\n",
    "HumanEval/101": "F\n======================================================================\nFAIL: test (__main__.Test)\n----------------------------------------------------------------------\nTraceback (most recent call last):\n  File \"/Users/watch/PycharmProjects/XXXX-1-LLM/Temps/ET-extra-test/test_scripts/test101.py\", line 56, in test\n    assert words_string(\"kvrvqAfyGQii,LRqxgnsSKZuCPlRVdLSSoPL\") == ['kvrvqAfyGQii', 'LRqxgnsSKZuCPlRVdLSSoPL']\nAssertionError\n\n----------------------------------------------------------------------\nRan 1 test in 0.000s\n\nFAILED (failures=1)\n",
    "HumanEval/102": ".\n----------------------------------------------------------------------\nRan 1 test in 0.008s\n\nOK\n",
    "HumanEval/103": "F\n======================================================================\nFAIL: test (__main__.Test)\n----------------------------------------------------------------------\nTraceback (most recent call last):\n  File \"/Users/watch/PycharmProjects/XXXX-1-LLM/Temps/ET-extra-test/test_scripts/test103.py\", line 33, in test\n    assert rounded_avg(3, 3) == '0b11'\nAssertionError\n\n----------------------------------------------------------------------\nRan 1 test in 0.000s\n\nFAILED (failures=1)\n",
    "HumanEval/104": ".\n----------------------------------------------------------------------\nRan 1 test in 0.000s\n\nOK\n",
    "HumanEval/105": ".\n----------------------------------------------------------------------\nRan 1 test in 0.000s\n\nOK\n",
    "HumanEval/106": ".\n----------------------------------------------------------------------\nRan 1 test in 0.000s\n\nOK\n",
    "HumanEval/107": ".\n----------------------------------------------------------------------\nRan 1 test in 0.015s\n\nOK\n",
    "HumanEval/108": "F\n======================================================================\nFAIL: test (__main__.Test)\n----------------------------------------------------------------------\nTraceback (most recent call last):\n  File \"/Users/watch/PycharmProjects/XXXX-1-LLM/Temps/ET-extra-test/test_scripts/test108.py\", line 29, in test\n    assert count_nums([-2, -5, 1]) == 1\nAssertionError\n\n----------------------------------------------------------------------\nRan 1 test in 0.000s\n\nFAILED (failures=1)\n",
    "HumanEval/109": "F\n======================================================================\nFAIL: test (__main__.Test)\n----------------------------------------------------------------------\nTraceback (most recent call last):\n  File \"/Users/watch/PycharmProjects/XXXX-1-LLM/Temps/ET-extra-test/test_scripts/test109.py\", line 27, in test\n    assert move_one_ball([5, 5, 2, 7]) == False\nAssertionError\n\n----------------------------------------------------------------------\nRan 1 test in 0.000s\n\nFAILED (failures=1)\n",
    "HumanEval/110": "F\n======================================================================\nFAIL: test (__main__.Test)\n----------------------------------------------------------------------\nTraceback (most recent call last):\n  File \"/Users/watch/PycharmProjects/XXXX-1-LLM/Temps/ET-extra-test/test_scripts/test110.py\", line 28, in test\n    assert exchange([1, 6, 7, 1], [3, 9, 1, 2]) == 'NO'\nAssertionError\n\n----------------------------------------------------------------------\nRan 1 test in 0.000s\n\nFAILED (failures=1)\n",
    "HumanEval/111": "F\n======================================================================\nFAIL: test (__main__.Test)\n----------------------------------------------------------------------\nTraceback (most recent call last):\n  File \"/Users/watch/PycharmProjects/XXXX-1-LLM/Temps/ET-extra-test/test_scripts/test111.py\", line 16, in test\n    assert histogram(\"hqfrif u\") == {'hqfrif': 1, 'u': 1}\nAssertionError\n\n----------------------------------------------------------------------\nRan 1 test in 0.000s\n\nFAILED (failures=1)\n",
    "HumanEval/112": ".\n----------------------------------------------------------------------\nRan 1 test in 0.000s\n\nOK\n",
    "HumanEval/113": ".\n----------------------------------------------------------------------\nRan 1 test in 0.000s\n\nOK\n",
    "HumanEval/114": ".\n----------------------------------------------------------------------\nRan 1 test in 0.000s\n\nOK\n",
    "HumanEval/115": "E\n======================================================================\nERROR: test (__main__.Test)\n----------------------------------------------------------------------\nTraceback (most recent call last):\n  File \"/Users/watch/PycharmProjects/XXXX-1-LLM/Temps/ET-extra-test/test_scripts/test115.py\", line 27, in test\n    assert max_fill([[1, 1, 5, 2], [4, 2, 4, 3], [1, 2, 5, 2]], 2) == 17\n  File \"/Users/watch/PycharmProjects/XXXX-1-LLM/Temps/ET-extra-test/test_scripts/test115.py\", line 14, in max_fill\n    raise ValueError(\"Invalid input: grid elements must be 0 or 1\")\nValueError: Invalid input: grid elements must be 0 or 1\n\n----------------------------------------------------------------------\nRan 1 test in 0.000s\n\nFAILED (errors=1)\n",
    "HumanEval/116": ".\n----------------------------------------------------------------------\nRan 1 test in 0.000s\n\nOK\n",
    "HumanEval/117": ".\n----------------------------------------------------------------------\nRan 1 test in 0.000s\n\nOK\n",
    "HumanEval/118": "F\n======================================================================\nFAIL: test (__main__.Test)\n----------------------------------------------------------------------\nTraceback (most recent call last):\n  File \"/Users/watch/PycharmProjects/XXXX-1-LLM/Temps/ET-extra-test/test_scripts/test118.py\", line 17, in test\n    assert get_closest_vowel(\"tGFYIJD\") == 'I'\nAssertionError\n\n----------------------------------------------------------------------\nRan 1 test in 0.000s\n\nFAILED (failures=1)\n",
    "HumanEval/119": "F\n======================================================================\nFAIL: test (__main__.Test)\n----------------------------------------------------------------------\nTraceback (most recent call last):\n  File \"/Users/watch/PycharmProjects/XXXX-1-LLM/Temps/ET-extra-test/test_scripts/test119.py\", line 33, in test\n    assert match_parens((')())', '(()()(')) == 'Yes'\nAssertionError\n\n----------------------------------------------------------------------\nRan 1 test in 0.000s\n\nFAILED (failures=1)\n",
    "HumanEval/120": "E\n======================================================================\nERROR: test (__main__.Test)\n----------------------------------------------------------------------\nTraceback (most recent call last):\n  File \"/Users/watch/PycharmProjects/XXXX-1-LLM/Temps/ET-extra-test/test_scripts/test120.py\", line 30, in test\n    assert maximum([8, 13, 4, 2, -11, -4, 1], 11) == [-11, -4, 1, 2, 4, 8, 13]\n  File \"/Users/watch/PycharmProjects/XXXX-1-LLM/Temps/ET-extra-test/test_scripts/test120.py\", line 15, in maximum\n    raise ValueError(\"Invalid value of k. It should be between 0 and the length of the array\")\nValueError: Invalid value of k. It should be between 0 and the length of the array\n\n----------------------------------------------------------------------\nRan 1 test in 0.000s\n\nFAILED (errors=1)\n",
    "HumanEval/121": ".\n----------------------------------------------------------------------\nRan 1 test in 0.000s\n\nOK\n",
    "HumanEval/122": "E\n======================================================================\nERROR: test (__main__.Test)\n----------------------------------------------------------------------\nTraceback (most recent call last):\n  File \"/Users/watch/PycharmProjects/XXXX-1-LLM/Temps/ET-extra-test/test_scripts/test122.py\", line 26, in test\n    assert add_elements([3], 4) == 3\n  File \"/Users/watch/PycharmProjects/XXXX-1-LLM/Temps/ET-extra-test/test_scripts/test122.py\", line 9, in add_elements\n    raise ValueError(\"k must be a valid index for arr\")\nValueError: k must be a valid index for arr\n\n----------------------------------------------------------------------\nRan 1 test in 0.000s\n\nFAILED (errors=1)\n",
    "HumanEval/123": "F\n======================================================================\nFAIL: test (__main__.Test)\n----------------------------------------------------------------------\nTraceback (most recent call last):\n  File \"/Users/watch/PycharmProjects/XXXX-1-LLM/Temps/ET-extra-test/test_scripts/test123.py\", line 24, in test\n    assert get_odd_collatz(57) == [1, 5, 7, 11, 13, 17, 37, 43, 49, 57, 65]\nAssertionError\n\n----------------------------------------------------------------------\nRan 1 test in 0.000s\n\nFAILED (failures=1)\n",
    "HumanEval/124": "F\n======================================================================\nFAIL: test (__main__.Test)\n----------------------------------------------------------------------\nTraceback (most recent call last):\n  File \"/Users/watch/PycharmProjects/XXXX-1-LLM/Temps/ET-extra-test/test_scripts/test124.py\", line 44, in test\n    assert valid_date(\"03-15-957\") == True\nAssertionError\n\n----------------------------------------------------------------------\nRan 1 test in 0.000s\n\nFAILED (failures=1)\n",
    "HumanEval/125": "['Hello,', 'how', 'are', 'you?', \"I'm\", 'fine.']\n['Python', 'is', 'awesome!']\n['This', 'is', 'a', 'test', 'string.']\n0\nF\n======================================================================\nFAIL: test (__main__.Test)\n----------------------------------------------------------------------\nTraceback (most recent call last):\n  File \"/Users/watch/PycharmProjects/XXXX-1-LLM/Temps/ET-extra-test/test_scripts/test125.py\", line 38, in test\n    assert split_words(\"nqovy\") == 2\nAssertionError\n\n----------------------------------------------------------------------\nRan 1 test in 0.000s\n\nFAILED (failures=1)\n",
    "HumanEval/126": ".\n----------------------------------------------------------------------\nRan 1 test in 0.000s\n\nOK\n",
    "HumanEval/127": "F\n======================================================================\nFAIL: test (__main__.Test)\n----------------------------------------------------------------------\nTraceback (most recent call last):\n  File \"/Users/watch/PycharmProjects/XXXX-1-LLM/Temps/ET-extra-test/test_scripts/test127.py\", line 28, in test\n    assert intersection((-1, 1), (0, 4)) == \"NO\"\nAssertionError\n\n----------------------------------------------------------------------\nRan 1 test in 0.000s\n\nFAILED (failures=1)\n",
    "HumanEval/128": ".\n----------------------------------------------------------------------\nRan 1 test in 0.000s\n\nOK\n",
    "HumanEval/129": "F\n======================================================================\nFAIL: test (__main__.Test)\n----------------------------------------------------------------------\nTraceback (most recent call last):\n  File \"/Users/watch/PycharmProjects/XXXX-1-LLM/Temps/ET-extra-test/test_scripts/test129.py\", line 49, in test\n    assert minPath([[13, 16, 6, 5], [2, 4, 15, 19], [3, 5, 1, 9], [2, 5, 10, 14]], 7) == [1, 5, 1, 5, 1, 5, 1]\nAssertionError\n\n----------------------------------------------------------------------\nRan 1 test in 0.000s\n\nFAILED (failures=1)\n",
    "HumanEval/130": "E\n======================================================================\nERROR: test (__main__.Test)\n----------------------------------------------------------------------\nTraceback (most recent call last):\n  File \"/Users/watch/PycharmProjects/XXXX-1-LLM/Temps/ET-extra-test/test_scripts/test130.py\", line 19, in test\n    assert tri(4) == [1, 3, 2.0, 8.0, 3.0]\n  File \"/Users/watch/PycharmProjects/XXXX-1-LLM/Temps/ET-extra-test/test_scripts/test130.py\", line 13, in tri\n    tribonacci_sequence.append(tribonacci_sequence[i - 1] + tribonacci_sequence[i - 2] + tribonacci_sequence[i])\nIndexError: list index out of range\n\n----------------------------------------------------------------------\nRan 1 test in 0.000s\n\nFAILED (errors=1)\n",
    "HumanEval/131": "F\n======================================================================\nFAIL: test (__main__.Test)\n----------------------------------------------------------------------\nTraceback (most recent call last):\n  File \"/Users/watch/PycharmProjects/XXXX-1-LLM/Temps/ET-extra-test/test_scripts/test131.py\", line 39, in test\n    assert digits(2621) == 1\nAssertionError\n\n----------------------------------------------------------------------\nRan 1 test in 0.000s\n\nFAILED (failures=1)\n",
    "HumanEval/132": "F\n======================================================================\nFAIL: test (__main__.Test)\n----------------------------------------------------------------------\nTraceback (most recent call last):\n  File \"/Users/watch/PycharmProjects/XXXX-1-LLM/Temps/ET-extra-test/test_scripts/test132.py\", line 21, in test\n    assert is_nested('[[]') == False\nAssertionError\n\n----------------------------------------------------------------------\nRan 1 test in 0.000s\n\nFAILED (failures=1)\n",
    "HumanEval/133": ".\n----------------------------------------------------------------------\nRan 1 test in 0.000s\n\nOK\n",
    "HumanEval/134": "F\n======================================================================\nFAIL: test (__main__.Test)\n----------------------------------------------------------------------\nTraceback (most recent call last):\n  File \"/Users/watch/PycharmProjects/XXXX-1-LLM/Temps/ET-extra-test/test_scripts/test134.py\", line 14, in test\n    assert check_if_last_char_is_a_letter(\"VqqRDdbPXFl\") == False\nAssertionError\n\n----------------------------------------------------------------------\nRan 1 test in 0.000s\n\nFAILED (failures=1)\n",
    "HumanEval/135": "F\n======================================================================\nFAIL: test (__main__.Test)\n----------------------------------------------------------------------\nTraceback (most recent call last):\n  File \"/Users/watch/PycharmProjects/XXXX-1-LLM/Temps/ET-extra-test/test_scripts/test135.py\", line 18, in test\n    assert can_arrange([3, 2, 5, 9, 6, 10, 10, 9, 9]) == 7\nAssertionError\n\n----------------------------------------------------------------------\nRan 1 test in 0.000s\n\nFAILED (failures=1)\n",
    "HumanEval/136": ".\n----------------------------------------------------------------------\nRan 1 test in 0.000s\n\nOK\n",
    "HumanEval/137": "F\n======================================================================\nFAIL: test (__main__.Test)\n----------------------------------------------------------------------\nTraceback (most recent call last):\n  File \"/Users/watch/PycharmProjects/XXXX-1-LLM/Temps/ET-extra-test/test_scripts/test137.py\", line 32, in test\n    assert compare_one(1, \"2,3\") == \"2,3\"\nAssertionError\n\n----------------------------------------------------------------------\nRan 1 test in 0.000s\n\nFAILED (failures=1)\n",
    "HumanEval/138": ".\n----------------------------------------------------------------------\nRan 1 test in 0.000s\n\nOK\n",
    "HumanEval/139": ".\n----------------------------------------------------------------------\nRan 1 test in 0.000s\n\nOK\n",
    "HumanEval/140": "F\n======================================================================\nFAIL: test (__main__.Test)\n----------------------------------------------------------------------\nTraceback (most recent call last):\n  File \"/Users/watch/PycharmProjects/XXXX-1-LLM/Temps/ET-extra-test/test_scripts/test140.py\", line 15, in test\n    assert fix_spaces(\"lfzgnYOWZP HeUYnmXviC  q u  \") == 'lfzgnYOWZP_HeUYnmXviC__q_u_'\nAssertionError\n\n----------------------------------------------------------------------\nRan 1 test in 0.000s\n\nFAILED (failures=1)\n",
    "HumanEval/141": "F\n======================================================================\nFAIL: test (__main__.Test)\n----------------------------------------------------------------------\nTraceback (most recent call last):\n  File \"/Users/watch/PycharmProjects/XXXX-1-LLM/Temps/ET-extra-test/test_scripts/test141.py\", line 37, in test\n    assert file_name_check(\"zmz1h1ZW5.txt\") == 'Yes'\nAssertionError\n\n----------------------------------------------------------------------\nRan 1 test in 0.000s\n\nFAILED (failures=1)\n",
    "HumanEval/142": ".\n----------------------------------------------------------------------\nRan 1 test in 0.000s\n\nOK\n",
    "HumanEval/143": ".\n----------------------------------------------------------------------\nRan 1 test in 0.000s\n\nOK\n",
    "HumanEval/144": ".\n----------------------------------------------------------------------\nRan 1 test in 0.000s\n\nOK\n",
    "HumanEval/145": "F\n======================================================================\nFAIL: test (__main__.Test)\n----------------------------------------------------------------------\nTraceback (most recent call last):\n  File \"/Users/watch/PycharmProjects/XXXX-1-LLM/Temps/ET-extra-test/test_scripts/test145.py\", line 15, in test\n    assert order_by_points([2, 5, 4, -79, -25, 20, 8]) == [2, -79, 20, -25, 4, 5, 8]\nAssertionError\n\n----------------------------------------------------------------------\nRan 1 test in 0.000s\n\nFAILED (failures=1)\n",
    "HumanEval/146": ".\n----------------------------------------------------------------------\nRan 1 test in 0.000s\n\nOK\n",
    "HumanEval/147": ".\n----------------------------------------------------------------------\nRan 1 test in 2.719s\n\nOK\n",
    "HumanEval/148": "F\n======================================================================\nFAIL: test (__main__.Test)\n----------------------------------------------------------------------\nTraceback (most recent call last):\n  File \"/Users/watch/PycharmProjects/XXXX-1-LLM/Temps/ET-extra-test/test_scripts/test148.py\", line 29, in test\n    assert bf('Mercury', 'Uranus') == ('Venus', 'Earth', 'Mars', 'Jupiter', 'Saturn')\nAssertionError\n\n----------------------------------------------------------------------\nRan 1 test in 0.000s\n\nFAILED (failures=1)\n",
    "HumanEval/149": "F\n======================================================================\nFAIL: test (__main__.Test)\n----------------------------------------------------------------------\nTraceback (most recent call last):\n  File \"/Users/watch/PycharmProjects/XXXX-1-LLM/Temps/ET-extra-test/test_scripts/test149.py\", line 9, in test\n    assert sorted_list_sum(['boalfyu', 'PTGHMN', 'pwgh', 't']) == ['pwgh', 'PTGHMN']\nAssertionError\n\n----------------------------------------------------------------------\nRan 1 test in 0.000s\n\nFAILED (failures=1)\n",
    "HumanEval/150": ".\n----------------------------------------------------------------------\nRan 1 test in 0.000s\n\nOK\n",
    "HumanEval/151": "E\n======================================================================\nERROR: test (__main__.Test)\n----------------------------------------------------------------------\nTraceback (most recent call last):\n  File \"/Users/watch/PycharmProjects/XXXX-1-LLM/Temps/ET-extra-test/test_scripts/test151.py\", line 90, in test\n    assert double_the_difference(lst) == odd_sum\nNameError: name 'lst' is not defined\n\n----------------------------------------------------------------------\nRan 1 test in 0.000s\n\nFAILED (errors=1)\n",
    "HumanEval/152": "[0, 0, 0, 0, 3, 3]\n[4, 4, 1, 0, 0, 6]\n.\n----------------------------------------------------------------------\nRan 1 test in 0.000s\n\nOK\n",
    "HumanEval/153": "E\n======================================================================\nERROR: test (__main__.Test)\n----------------------------------------------------------------------\nTraceback (most recent call last):\n  File \"/Users/watch/PycharmProjects/XXXX-1-LLM/Temps/ET-extra-test/test_scripts/test153.py\", line 31, in test\n    assert Strongest_Extension('*+F_BQJP', ['GvS', '618674', '81358', '%|**&/%%~']) == '*+F_BQJP.GvS'\n  File \"/Users/watch/PycharmProjects/XXXX-1-LLM/Temps/ET-extra-test/test_scripts/test153.py\", line 19, in Strongest_Extension\n    raise ValueError(\"Extension names should only contain alphabetic characters\")\nValueError: Extension names should only contain alphabetic characters\n\n----------------------------------------------------------------------\nRan 1 test in 0.000s\n\nFAILED (errors=1)\n",
    "HumanEval/154": "E\n======================================================================\nERROR: test (__main__.Test)\n----------------------------------------------------------------------\nTraceback (most recent call last):\n  File \"/Users/watch/PycharmProjects/XXXX-1-LLM/Temps/ET-extra-test/test_scripts/test154.py\", line 17, in test\n    assert cycpattern_check('mswt', '') == True\n  File \"/Users/watch/PycharmProjects/XXXX-1-LLM/Temps/ET-extra-test/test_scripts/test154.py\", line 6, in cycpattern_check\n    raise ValueError(\"Error: Input strings cannot be empty.\")\nValueError: Error: Input strings cannot be empty.\n\n----------------------------------------------------------------------\nRan 1 test in 0.000s\n\nFAILED (errors=1)\n",
    "HumanEval/155": ".\n----------------------------------------------------------------------\nRan 1 test in 0.000s\n\nOK\n",
    "HumanEval/156": ".\n----------------------------------------------------------------------\nRan 1 test in 0.000s\n\nOK\n",
    "HumanEval/157": ".\n----------------------------------------------------------------------\nRan 1 test in 0.000s\n\nOK\n",
    "HumanEval/158": ".\n----------------------------------------------------------------------\nRan 1 test in 0.000s\n\nOK\n",
    "HumanEval/159": ".\n----------------------------------------------------------------------\nRan 1 test in 0.000s\n\nOK\n",
    "HumanEval/160": "F\n======================================================================\nFAIL: test (__main__.Test)\n----------------------------------------------------------------------\nTraceback (most recent call last):\n  File \"/Users/watch/PycharmProjects/XXXX-1-LLM/Temps/ET-extra-test/test_scripts/test160.py\", line 32, in test\n    assert do_algebra(['-', '*', '-'], [1, 1, 2, 3]) == -4\nAssertionError\n\n----------------------------------------------------------------------\nRan 1 test in 0.000s\n\nFAILED (failures=1)\n",
    "HumanEval/161": "F\n======================================================================\nFAIL: test (__main__.Test)\n----------------------------------------------------------------------\nTraceback (most recent call last):\n  File \"/Users/watch/PycharmProjects/XXXX-1-LLM/Temps/ET-extra-test/test_scripts/test161.py\", line 28, in test\n    assert solve(\"$883%3/\") == '/3%388$'\nAssertionError\n\n----------------------------------------------------------------------\nRan 1 test in 0.000s\n\nFAILED (failures=1)\n",
    "HumanEval/162": ".\n----------------------------------------------------------------------\nRan 1 test in 0.000s\n\nOK\n",
    "HumanEval/163": "F\n======================================================================\nFAIL: test (__main__.Test)\n----------------------------------------------------------------------\nTraceback (most recent call last):\n  File \"/Users/watch/PycharmProjects/XXXX-1-LLM/Temps/ET-extra-test/test_scripts/test163.py\", line 19, in test\n    assert generate_integers(16, 88) == []\nAssertionError\n\n----------------------------------------------------------------------\nRan 1 test in 0.000s\n\nFAILED (failures=1)\n"
}