{
    "start_time": "2024-03-10_21-55-37-487549",
    "task": "def rev(num):    \n'''Write a python function to check if a given number is one less than twice its reverse.\nassert check(70) == False'''\n",
    "datetime": {
        "task": "2024-03-10 21:55:37",
        "task-id": "2024-03-10 21:55:37",
        "workflow": "2024-03-10 21:55:37",
        "AnalyzeDraft": "2024-03-10 21:55:38",
        "AnalyzeMeetings": "2024-03-10 21:55:39",
        "Analyze": "2024-03-10 21:55:40",
        "Test Cases Draft": "2024-03-10 21:55:43",
        "Test Cases Meetings": "2024-03-10 21:55:44",
        "Test Cases": "2024-03-10 21:55:46",
        "Code0draft": "2024-03-10 21:55:46",
        "Code Review Meetings": "2024-03-10 21:55:47",
        "Code0": "2024-03-10 21:55:48",
        "TestScriptOriginal": "2024-03-10 21:55:49",
        "TestScript": "2024-03-10 21:55:49",
        "ScriptResult0": "2024-03-10 21:55:49",
        "TestReport0": "2024-03-10 21:55:51",
        "RepairResponse1": "2024-03-10 21:55:53",
        "Code1": "2024-03-10 21:55:53",
        "ScriptResult1": "2024-03-10 21:55:53",
        "TestReport1": "2024-03-10 21:55:55",
        "RepairResponse2": "2024-03-10 21:55:59",
        "Code2": "2024-03-10 21:55:59",
        "ScriptResult2": "2024-03-10 21:55:59",
        "TestReport2": "2024-03-10 21:56:00",
        "FinalCode": "2024-03-10 21:56:00"
    },
    "task-id": 56,
    "workflow": "testdriven/testdriven_version_0.0.5_remove.json",
    "AnalyzeDraft": "{\n  \"Requirement\": \"The system should have a python function named 'check' that takes in a number as input and returns true if the given number is one less than twice its reverse, otherwise returns false.\"\n}",
    "AnalyzeMeetings": "{\n  \"Architect\": \"As an architect, I suggest providing more clarity on the input and output requirements for the 'check' function. Additionally, consider breaking down the function into smaller, more reusable components for better maintainability and reusability.\",\n  \"Tester\": \"As a tester, I suggest creating comprehensive test cases to cover all possible scenarios, including positive and negative test cases, boundary values, and edge cases. Additionally, consider incorporating unit testing and integration testing to ensure the reliability and robustness of the 'check' function.\"\n}",
    "Analyze": "{\n  \"RevisedDocument\": \"The 'check' function should have clear input and output requirements. It should take in a number as input and return true if the given number is one less than twice its reverse, otherwise return false. Additionally, the function should be broken down into smaller, more reusable components for better maintainability and reusability. Comprehensive test cases should be created to cover all possible scenarios, including positive and negative test cases, boundary values, and edge cases. Unit testing and integration testing should be incorporated to ensure the reliability and robustness of the 'check' function.\"\n}",
    "Test Cases Draft": "{\n  \"requirement analysis\": \"analysis\",\n  \"test_cases\": [\n    {\n      \"Test Title\": \"positive test case\",\n      \"Input Data\": \"parameter1=5, parameter2='52'\",\n      \"Expected Output\": \"True\"\n    },\n    {\n      \"Test Title\": \"negative test case\",\n      \"Input Data\": \"parameter1=10, parameter2='01'\",\n      \"Expected Output\": \"False\"\n    },\n    {\n      \"Test Title\": \"boundary value test case\",\n      \"Input Data\": \"parameter1=0, parameter2='0'\",\n      \"Expected Output\": \"False\"\n    },\n    {\n      \"Test Title\": \"edge case test case\",\n      \"Input Data\": \"parameter1=1000000, parameter2='0000001'\",\n      \"Expected Output\": \"True\"\n    }\n  ]\n}",
    "Test Cases Draft_prompt": "{\"Role\": \"You are a quality assurance engineer. Your duty is to design test cases for the developers.\", \"Instruction\": \"According to the Context section, write test cases. Don't write long strings in your test cases. Response in JSON format.\", \"Example\": \"{\\\"requirement analysis\\\":\\\"analysis\\\",\\\"test_cases\\\":[{\\\"Test Title\\\":\\\"title\\\", \\\"Input Data\\\":\\\"parameter1=[1,2,3],parameter2='123'\\\", \\\"Expected Output\\\":\\\"456\\\"},]}\", \"Context\": \"# Requirement Analysis:\\n{\\n  \\\"RevisedDocument\\\": \\\"The 'check' function should have clear input and output requirements. It should take in a number as input and return true if the given number is one less than twice its reverse, otherwise return false. Additionally, the function should be broken down into smaller, more reusable components for better maintainability and reusability. Comprehensive test cases should be created to cover all possible scenarios, including positive and negative test cases, boundary values, and edge cases. Unit testing and integration testing should be incorporated to ensure the reliability and robustness of the 'check' function.\\\"\\n}\", \"Question\": \"def rev(num):    \\n'''Write a python function to check if a given number is one less than twice its reverse.\\nassert check(70) == False'''\\n\"}",
    "Test Cases Meetings": "{\n  \"Architect\": \"As an Architect, I suggest revising the test cases to include more diverse input data and edge cases to ensure thorough testing of the system. Additionally, it would be beneficial to include test cases for error handling and exception scenarios.\",\n  \"Developer\": \"As a Developer, I recommend revising the test cases to include more detailed descriptions of the expected outputs, as well as clarifying the input data and its format. It would also be helpful to include test cases for different combinations of input parameters to cover a wider range of scenarios.\"\n}",
    "Test Cases Meetings_prompt": "{\"Role\": \"I want you to act as a different roles and then give some suggestions about how to revise the test cases.\", \"Instruction\": \"1. Read the Context section. 2. Act as an Architect, give your suggestions. 3. Act as a Developer, give your suggestions. 4. Response in JSON format.\", \"Example\": \"{\\\"Architect\\\":\\\"Suggestion\\\",\\\"Developer\\\":\\\"Suggestion\\\"}\", \"Context\": \"{\\n  \\\"requirement analysis\\\": \\\"analysis\\\",\\n  \\\"test_cases\\\": [\\n    {\\n      \\\"Test Title\\\": \\\"positive test case\\\",\\n      \\\"Input Data\\\": \\\"parameter1=5, parameter2='52'\\\",\\n      \\\"Expected Output\\\": \\\"True\\\"\\n    },\\n    {\\n      \\\"Test Title\\\": \\\"negative test case\\\",\\n      \\\"Input Data\\\": \\\"parameter1=10, parameter2='01'\\\",\\n      \\\"Expected Output\\\": \\\"False\\\"\\n    },\\n    {\\n      \\\"Test Title\\\": \\\"boundary value test case\\\",\\n      \\\"Input Data\\\": \\\"parameter1=0, parameter2='0'\\\",\\n      \\\"Expected Output\\\": \\\"False\\\"\\n    },\\n    {\\n      \\\"Test Title\\\": \\\"edge case test case\\\",\\n      \\\"Input Data\\\": \\\"parameter1=1000000, parameter2='0000001'\\\",\\n      \\\"Expected Output\\\": \\\"True\\\"\\n    }\\n  ]\\n}\", \"Question\": \"Follow the Instruction. The Context section include the test cases.\"}",
    "Test Cases": "{\n  \"requirement analysis\": \"analysis\",\n  \"test_cases\": [\n    {\n      \"Test Title\": \"positive test case\",\n      \"Input Data\": \"parameter1=5, parameter2='52'\",\n      \"Expected Output\": \"False\"\n    },\n    {\n      \"Test Title\": \"negative test case\",\n      \"Input Data\": \"parameter1=10, parameter2='01'\",\n      \"Expected Output\": \"True\"\n    },\n    {\n      \"Test Title\": \"boundary value test case\",\n      \"Input Data\": \"parameter1=0, parameter2='0'\",\n      \"Expected Output\": \"True\"\n    },\n    {\n      \"Test Title\": \"edge case test case\",\n      \"Input Data\": \"parameter1=1000000, parameter2='0000001'\",\n      \"Expected Output\": \"False\"\n    }\n  ]\n}",
    "Test Cases_prompt": "{\"Role\": \"You are a quality assurance engineer. Your duty is to revise the test cases based on the suggestions.\", \"Instruction\": \"1. Your colleague give you some suggestions(in the Context section) about the draft test cases, read these suggestions. 2. Revise your draft version test cases, but don't use long parameters. 3. Response in JSON format.\", \"Example\": \"{\\\"requirement analysis\\\":\\\"analysis\\\",\\\"test_cases\\\":[{\\\"Test Title\\\":\\\"title\\\", \\\"Input Data\\\":\\\"parameter1=[1,2,3],parameter2='123'\\\", \\\"Expected Output\\\":\\\"456\\\"},]}\", \"Context\": \"# Suggestions:\\n{\\n  \\\"Architect\\\": \\\"As an Architect, I suggest revising the test cases to include more diverse input data and edge cases to ensure thorough testing of the system. Additionally, it would be beneficial to include test cases for error handling and exception scenarios.\\\",\\n  \\\"Developer\\\": \\\"As a Developer, I recommend revising the test cases to include more detailed descriptions of the expected outputs, as well as clarifying the input data and its format. It would also be helpful to include test cases for different combinations of input parameters to cover a wider range of scenarios.\\\"\\n}\\n # Draft Test cases:\\n{\\n  \\\"requirement analysis\\\": \\\"analysis\\\",\\n  \\\"test_cases\\\": [\\n    {\\n      \\\"Test Title\\\": \\\"positive test case\\\",\\n      \\\"Input Data\\\": \\\"parameter1=5, parameter2='52'\\\",\\n      \\\"Expected Output\\\": \\\"True\\\"\\n    },\\n    {\\n      \\\"Test Title\\\": \\\"negative test case\\\",\\n      \\\"Input Data\\\": \\\"parameter1=10, parameter2='01'\\\",\\n      \\\"Expected Output\\\": \\\"False\\\"\\n    },\\n    {\\n      \\\"Test Title\\\": \\\"boundary value test case\\\",\\n      \\\"Input Data\\\": \\\"parameter1=0, parameter2='0'\\\",\\n      \\\"Expected Output\\\": \\\"False\\\"\\n    },\\n    {\\n      \\\"Test Title\\\": \\\"edge case test case\\\",\\n      \\\"Input Data\\\": \\\"parameter1=1000000, parameter2='0000001'\\\",\\n      \\\"Expected Output\\\": \\\"True\\\"\\n    }\\n  ]\\n}\", \"Question\": \"Follow the Instruction. Please make sure your response length are less than 512. Your test cases is for the below question:\\ndef rev(num):    \\n'''Write a python function to check if a given number is one less than twice its reverse.\\nassert check(70) == False'''\\n\"}",
    "Code0draft": "def rev(num): \n    reverse_num = int(str(num)[::-1])\n    if num == (2 * reverse_num) - 1:\n        return True\n    else:\n        return False",
    "Code0draft_prompt": "{\"Role\": \"You are a professional engineer. Your duty is to write code in Python that meets the requirements. Ensure that the code you write is efficient, readable, and follows best practices. Remember, do not need to explain the code you wrote.\", \"Instruction\": \"According to the Context section, write your code.\", \"Example\": \"\", \"Context\": \"# Test Cases:\\n{\\n  \\\"requirement analysis\\\": \\\"analysis\\\",\\n  \\\"test_cases\\\": [\\n    {\\n      \\\"Test Title\\\": \\\"positive test case\\\",\\n      \\\"Input Data\\\": \\\"parameter1=5, parameter2='52'\\\",\\n      \\\"Expected Output\\\": \\\"False\\\"\\n    },\\n    {\\n      \\\"Test Title\\\": \\\"negative test case\\\",\\n      \\\"Input Data\\\": \\\"parameter1=10, parameter2='01'\\\",\\n      \\\"Expected Output\\\": \\\"True\\\"\\n    },\\n    {\\n      \\\"Test Title\\\": \\\"boundary value test case\\\",\\n      \\\"Input Data\\\": \\\"parameter1=0, parameter2='0'\\\",\\n      \\\"Expected Output\\\": \\\"True\\\"\\n    },\\n    {\\n      \\\"Test Title\\\": \\\"edge case test case\\\",\\n      \\\"Input Data\\\": \\\"parameter1=1000000, parameter2='0000001'\\\",\\n      \\\"Expected Output\\\": \\\"False\\\"\\n    }\\n  ]\\n}\", \"Question\": \"Follow the Instruction section. Complete the following code:\\ndef rev(num):    \\n'''Write a python function to check if a given number is one less than twice its reverse.\\nassert check(70) == False'''\\n\"}",
    "Code Review Meetings": "{\n  \"Architect\": \"Instead of using int(str(num)[::-1]) to reverse the number, use a more efficient algorithm to reverse the number.\",\n  \"Tester\": \"Test for edge cases such as 0, negative numbers, and large numbers to ensure the function handles them correctly.\"\n}",
    "Code0": "def rev(num):\n    reverse_num = 0\n    temp = num\n    while temp > 0:\n        remainder = temp % 10\n        reverse_num = (reverse_num * 10) + remainder\n        temp = temp // 10\n    \n    if num == (2 * reverse_num) - 1:\n        return True\n    else:\n        return False",
    "Code0_prompt": "{\"Role\": \"You are a professional software engineer. Your duty is to write code in Python that meets the requirements. Ensure that the code you write is efficient, readable, and follows best practices. Remember, do not need to explain the code you wrote.\", \"Instruction\": \"1. Understand the suggestions(in the Context section) about the original code. 2. Rewrite your code.\", \"Example\": \"\", \"Context\": \"# Suggestions:\\n{\\n  \\\"Architect\\\": \\\"Instead of using int(str(num)[::-1]) to reverse the number, use a more efficient algorithm to reverse the number.\\\",\\n  \\\"Tester\\\": \\\"Test for edge cases such as 0, negative numbers, and large numbers to ensure the function handles them correctly.\\\"\\n}\\n# Original code:\\ndef rev(num): \\n    reverse_num = int(str(num)[::-1])\\n    if num == (2 * reverse_num) - 1:\\n        return True\\n    else:\\n        return False\", \"Question\": \"Follow the Instruction section. Complete the following code:\\ndef rev(num):    \\n'''Write a python function to check if a given number is one less than twice its reverse.\\nassert check(70) == False'''\\n\"}",
    "TestScriptOriginal": "import unittest\n\ndef check(num):\n    return num == (2 * int(str(num)[::-1]) - 1)\n\nclass Test(unittest.TestCase):\n    def test(self):\n        self.assertEqual(check(70), False)\n\nif __name__ == '__main__':\n    unittest.main()",
    "TestScriptOriginal_prompt": "{\"Role\": \"You are a quality assurance engineer. Your duty is to write a python test script in unittest framework.\", \"Instruction\": \"1. Write a python test script. 2. Use the input and output given by the question.\", \"Example\": \"import unittest\\n\\nclass Test(unittest.TestCase):\\n    def test(self):\\n        self.assertEqual(function_under_test('a'), 1)\\n\\nif __name__ == '__main__':\\n    unittest.main()\", \"Context\": \"\", \"Question\": \"def rev(num):    \\n'''Write a python function to check if a given number is one less than twice its reverse.\\nassert check(70) == False'''\\n\"}",
    "TestScript": "import unittest\n\nclass Test(unittest.TestCase):\n    def test(self):\n        self.assertEqual(check(70), False)\n\nif __name__ == '__main__':\n    unittest.main()",
    "TestScript_prompt": "{\"Role\": \"You are a quality assurance engineer. Your duty is to write a python test script in unittest framework.\", \"Instruction\": \"1. Write a python test script. 2. Use the input and output given by the question.\", \"Example\": \"import unittest\\n\\nclass Test(unittest.TestCase):\\n    def test(self):\\n        self.assertEqual(function_under_test('a'), 1)\\n\\nif __name__ == '__main__':\\n    unittest.main()\", \"Context\": \"\", \"Question\": \"def rev(num):    \\n'''Write a python function to check if a given number is one less than twice its reverse.\\nassert check(70) == False'''\\n\"}",
    "ScriptResult0": "E\n======================================================================\nERROR: test (__main__.Test)\n----------------------------------------------------------------------\nTraceback (most recent call last):\n  File \"/Users/watch/PycharmProjects/XXXX-1-LLM/workspace/2024-03-10_21-55-37-487549/test_script.py\", line 17, in test\n    self.assertEqual(check(70), False)\nNameError: name 'check' is not defined\n\n----------------------------------------------------------------------\nRan 1 test in 0.000s\n\nFAILED (errors=1)\n",
    "TestReport0": "Test Report:\n\nTest Script Output:\nE\n======================================================================\nERROR: test (__main__.Test)\n----------------------------------------------------------------------\nTraceback (most recent call last):\n  File \"/Users/watch/PycharmProjects/XXXX-1-LLM/workspace/2024-03-10_21-55-37-487549/test_script.py\", line 17, in test\n    self.assertEqual(check(70), False)\nNameError: name 'check' is not defined\n\n----------------------------------------------------------------------\nRan 1 test in 0.000s\n\nFAILED (errors=1)\n\nConclusion:\nThe code has FAILED the test. The 'check' function is not defined, which resulted in the test failure.\n\nInput and Expected Output Example:\nInput: 70\nExpected Output: False\n\nBased on the test script's output, the code has FAILED the test.\n\nCode Test FAILED",
    "RepairResponse1": "{\n\t\"revised_code\": \"def rev(num):\\n    reverse_num = 0\\n    temp = num\\n    while temp > 0:\\n        remainder = temp % 10\\n        reverse_num = (reverse_num * 10) + remainder\\n        temp = temp // 10\\n    \\n    if num == (reverse_num * 2) - 1:\\n        return True\\n    else:\\n        return False\"\n}",
    "RepairResponse1_prompt": "{\"Role\": \"You are a professional software engineer. Your duty is to write code in Python that meets the requirements. Ensure that the code you write is efficient, readable, and follows best practices. Remember, do not need to explain the code you wrote.\", \"Instruction\": \"1. Rewrite a bug fix version of the original code. 2. Response in JSON format.\", \"Example\": \"{\\\"revised_code\\\":\\\"...\\\"}\", \"Context\": \"# the original code:\\ndef rev(num):\\n    reverse_num = 0\\n    temp = num\\n    while temp > 0:\\n        remainder = temp % 10\\n        reverse_num = (reverse_num * 10) + remainder\\n        temp = temp // 10\\n    \\n    if num == (2 * reverse_num) - 1:\\n        return True\\n    else:\\n        return False\\n# test report:\\nTest Report:\\n\\nTest Script Output:\\nE\\n======================================================================\\nERROR: test (__main__.Test)\\n----------------------------------------------------------------------\\nTraceback (most recent call last):\\n  File \\\"/Users/watch/PycharmProjects/XXXX-1-LLM/workspace/2024-03-10_21-55-37-487549/test_script.py\\\", line 17, in test\\n    self.assertEqual(check(70), False)\\nNameError: name 'check' is not defined\\n\\n----------------------------------------------------------------------\\nRan 1 test in 0.000s\\n\\nFAILED (errors=1)\\n\\nConclusion:\\nThe code has FAILED the test. The 'check' function is not defined, which resulted in the test failure.\\n\\nInput and Expected Output Example:\\nInput: 70\\nExpected Output: False\\n\\nBased on the test script's output, the code has FAILED the test.\\n\\nCode Test FAILED\", \"Question\": \"The original code has some bugs, according to the test report and suggestions, rewrite the code. Complete the following code:\\ndef rev(num):    \\n'''Write a python function to check if a given number is one less than twice its reverse.\\nassert check(70) == False'''\\n\"}",
    "Code1": "def rev(num):\n    reverse_num = 0\n    temp = num\n    while temp > 0:\n        remainder = temp % 10\n        reverse_num = (reverse_num * 10) + remainder\n        temp = temp // 10\n    \n    if num == (reverse_num * 2) - 1:\n        return True\n    else:\n        return False",
    "ScriptResult1": "E\n======================================================================\nERROR: test (__main__.Test)\n----------------------------------------------------------------------\nTraceback (most recent call last):\n  File \"/Users/watch/PycharmProjects/XXXX-1-LLM/workspace/2024-03-10_21-55-37-487549/test_script.py\", line 17, in test\n    self.assertEqual(check(70), False)\nNameError: name 'check' is not defined\n\n----------------------------------------------------------------------\nRan 1 test in 0.000s\n\nFAILED (errors=1)\n",
    "TestReport1": "Test Report\n\nTest Script Output:\n\nE\n======================================================================\nERROR: test (__main__.Test)\n----------------------------------------------------------------------\nTraceback (most recent call last):\n  File \"/Users/watch/PycharmProjects/XXXX-1-LLM/workspace/2024-03-10_21-55-37-487549/test_script.py\", line 17, in test\n    self.assertEqual(check(70), False)\nNameError: name 'check' is not defined\n\n----------------------------------------------------------------------\nRan 1 test in 0.000s\n\nFAILED (errors=1)\n\nTest Report:\n\nThe test script has failed with the following error:\n- NameError: name 'check' is not defined\n\nExample of Input and Expected Output:\n- Input: 70\n- Expected Output: False\n\nConclusion:\nThe code test has failed.\n\nNote: Please define the 'check' function to fix the error and rerun the test.\n\nCode Test Failed",
    "RepairResponse2": "{\n  \"revised_code\": \"def rev(num):\\n    reverse_num = 0\\n    temp = num\\n    while temp > 0:\\n        remainder = temp % 10\\n        reverse_num = (reverse_num * 10) + remainder\\n        temp = temp // 10\\n    \\n    if num == ((reverse_num * 2) - 1):\\n        return True\\n    else:\\n        return False\"\n}",
    "RepairResponse2_prompt": "{\"Role\": \"You are a professional software engineer. Your duty is to write code in Python that meets the requirements. Ensure that the code you write is efficient, readable, and follows best practices. Remember, do not need to explain the code you wrote.\", \"Instruction\": \"1. Rewrite a bug fix version of the original code. 2. Response in JSON format.\", \"Example\": \"{\\\"revised_code\\\":\\\"...\\\"}\", \"Context\": \"# the original code:\\ndef rev(num):\\n    reverse_num = 0\\n    temp = num\\n    while temp > 0:\\n        remainder = temp % 10\\n        reverse_num = (reverse_num * 10) + remainder\\n        temp = temp // 10\\n    \\n    if num == (reverse_num * 2) - 1:\\n        return True\\n    else:\\n        return False\\n# test report:\\nTest Report\\n\\nTest Script Output:\\n\\nE\\n======================================================================\\nERROR: test (__main__.Test)\\n----------------------------------------------------------------------\\nTraceback (most recent call last):\\n  File \\\"/Users/watch/PycharmProjects/XXXX-1-LLM/workspace/2024-03-10_21-55-37-487549/test_script.py\\\", line 17, in test\\n    self.assertEqual(check(70), False)\\nNameError: name 'check' is not defined\\n\\n----------------------------------------------------------------------\\nRan 1 test in 0.000s\\n\\nFAILED (errors=1)\\n\\nTest Report:\\n\\nThe test script has failed with the following error:\\n- NameError: name 'check' is not defined\\n\\nExample of Input and Expected Output:\\n- Input: 70\\n- Expected Output: False\\n\\nConclusion:\\nThe code test has failed.\\n\\nNote: Please define the 'check' function to fix the error and rerun the test.\\n\\nCode Test Failed\", \"Question\": \"The original code has some bugs, according to the test report and suggestions, rewrite the code. Complete the following code:\\ndef rev(num):    \\n'''Write a python function to check if a given number is one less than twice its reverse.\\nassert check(70) == False'''\\n\"}",
    "Code2": "def rev(num):\n    reverse_num = 0\n    temp = num\n    while temp > 0:\n        remainder = temp % 10\n        reverse_num = (reverse_num * 10) + remainder\n        temp = temp // 10\n    \n    if num == ((reverse_num * 2) - 1):\n        return True\n    else:\n        return False",
    "ScriptResult2": "E\n======================================================================\nERROR: test (__main__.Test)\n----------------------------------------------------------------------\nTraceback (most recent call last):\n  File \"/Users/watch/PycharmProjects/XXXX-1-LLM/workspace/2024-03-10_21-55-37-487549/test_script.py\", line 17, in test\n    self.assertEqual(check(70), False)\nNameError: name 'check' is not defined\n\n----------------------------------------------------------------------\nRan 1 test in 0.000s\n\nFAILED (errors=1)\n",
    "TestReport2": "Test Report:\n\nContext:\nThe test script's output shows an error related to the 'check' function, which is not defined. The error occurred in line 17 of the test_script.py file during the execution of the test.\n\nAnalysis:\nBased on the output, it is evident that the code has failed the test due to a NameError caused by the 'check' function not being defined.\n\nConclusion:\nCode Test Failed\n\nInput and Expected Output Example:\nIn the test case where the input is 70, the expected output is False. However, the 'check' function is not defined, leading to the failure of the test.\n\nNote: The code needs to be updated to define the 'check' function in order to pass the test.",
    "FinalCode": "def rev(num):\n    reverse_num = 0\n    temp = num\n    while temp > 0:\n        remainder = temp % 10\n        reverse_num = (reverse_num * 10) + remainder\n        temp = temp // 10\n    \n    if num == ((reverse_num * 2) - 1):\n        return True\n    else:\n        return False"
}