{
    "start_time": "2024-03-10_22-36-47-052932",
    "task": "def sequential_search(dlist, item):\n'''Write a function that takes in an array and element and returns a tuple containing a boolean that indicates if the element is in the array and the index position of the element (or -1 if the element is not found).\nassert sequential_search([11,23,58,31,56,77,43,12,65,19],31) == (True, 3)'''\n",
    "datetime": {
        "task": "2024-03-10 22:36:47",
        "task-id": "2024-03-10 22:36:47",
        "workflow": "2024-03-10 22:36:47",
        "AnalyzeDraft": "2024-03-10 22:36:48",
        "AnalyzeMeetings": "2024-03-10 22:36:49",
        "Analyze": "2024-03-10 22:36:52",
        "DesignDraft": "2024-03-10 22:36:55",
        "DesignMeetings": "2024-03-10 22:36:56",
        "Design": "2024-03-10 22:36:59",
        "Test Cases Draft": "2024-03-10 22:37:01",
        "Test Cases Meetings": "2024-03-10 22:37:03",
        "Test Cases": "2024-03-10 22:37:07",
        "Code0draft": "2024-03-10 22:37:08",
        "Code0": "2024-03-10 22:37:08",
        "TestScriptOriginal": "2024-03-10 22:37:09",
        "TestScript": "2024-03-10 22:37:09",
        "ScriptResult0": "2024-03-10 22:37:09",
        "TestReport0": "2024-03-10 22:37:11",
        "RepairResponse1": "2024-03-10 22:37:12",
        "Code1": "2024-03-10 22:37:12",
        "ScriptResult1": "2024-03-10 22:37:12",
        "TestReport1": "2024-03-10 22:37:13",
        "FinalCode": "2024-03-10 22:37:13"
    },
    "task-id": 280,
    "workflow": "testdriven/testdriven_version_0.0.5_remove.json",
    "AnalyzeDraft": "{\n  \"Requirement\": \"The requirement is to write a function that takes in an array and an element and returns a tuple containing a boolean that indicates if the element is in the array and the index position of the element (or -1 if the element is not found). The function should assert that sequential_search([11,23,58,31,56,77,43,12,65,19],31) returns (True, 3).\"\n}",
    "AnalyzeMeetings": "{\n  \"Architect\": \"To improve the function, I suggest using a more efficient algorithm such as binary search to improve the time complexity. Additionally, we should consider handling edge cases such as empty arrays and non-existent elements in the array.\",\n  \"Tester\": \"As a tester, I recommend writing test cases for various scenarios such as empty arrays, non-existent elements, and large arrays to ensure the function handles all cases correctly. It's also important to test for performance to ensure the function runs efficiently for large inputs.\"\n}",
    "Analyze": "{\n  \"Revised Document\": {\n    \"Requirement\": \"The requirement is to write a function that takes in an array and an element and returns a tuple containing a boolean that indicates if the element is in the array and the index position of the element (or -1 if the element is not found). The function should assert that sequential_search([11,23,58,31,56,77,43,12,65,19],31) returns (True, 3).\",\n    \"Analysis\": \"Based on the suggestions provided by the architect and tester, it is recommended to consider using a more efficient algorithm such as binary search to improve the time complexity of the function. Additionally, handling edge cases such as empty arrays and non-existent elements in the array is essential for robustness. Test cases for various scenarios such as empty arrays, non-existent elements, and large arrays should be written to ensure the function handles all cases correctly. Performance testing for efficient execution with large inputs is also important.\"\n  }\n}",
    "DesignDraft": "Design:\n\nTo address the requirement, we will design a function named sequential_search that takes in an array (dlist) and an element (item) as input parameters. The function will return a tuple containing a boolean that indicates if the element is in the array and the index position of the element (or -1 if the element is not found).\n\nThe high-level algorithm for the sequential_search function will initially check if the array is empty, and if so, return (False, -1) since the element cannot exist in an empty array. If the array is not empty, the function will employ an efficient search algorithm, such as binary search, to locate the element within the array. Upon finding the element, the function will return (True, index) where index is the position of the element in the array. If the element is not found, the function will return (False, -1).\n\nAdditionally, the design will include a set of test cases for various scenarios such as empty arrays, non-existent elements, and large arrays to ensure the function handles all cases correctly. Performance testing will also be conducted to verify efficient execution with large inputs.\n\nFollowing this design, the developer should implement the sequential_search function with a focus on efficient search algorithms, handling edge cases, and thorough testing to ensure robustness and performance.",
    "DesignMeetings": "{\n  \"Developer\": \"The design mentions using an efficient search algorithm such as binary search, but the function name is sequential_search. It's important to clarify if the function should actually use sequential search or if it should use a more efficient algorithm as mentioned in the design. Also, the design should specify the programming language and any specific requirements for handling edge cases.\",\n  \"Tester\": \"The test cases should cover not only the basic scenarios mentioned in the design (empty arrays, non-existent elements, and large arrays) but also boundary cases, negative test cases, and any specific scenarios mentioned in the requirements. Additionally, the performance testing plan should be detailed, including the expected response times for different input sizes.\"\n}",
    "Design": "Based on the suggestions provided, the new design for the function named sequential_search will include the following updates:\n\n1. Clarification on the use of an efficient search algorithm: The function will use an efficient search algorithm such as binary search instead of sequential search as mentioned in the design. The function name will be updated to reflect this change.\n\n2. Specification of the programming language and specific requirements for handling edge cases: The design will specify the programming language to be used and outline specific requirements for handling edge cases to ensure comprehensive implementation.\n\n3. Expansion of test cases: The test cases will cover not only the basic scenarios mentioned in the design (empty arrays, non-existent elements, and large arrays) but also boundary cases, negative test cases, and any specific scenarios mentioned in the requirements to ensure thorough testing.\n\n4. Detailed performance testing plan: The performance testing plan will be detailed, including the expected response times for different input sizes, to verify efficient execution with large inputs.\n\nBy incorporating these updates, the new design will ensure the implementation of the sequential_search function with a focus on efficient search algorithms, handling edge cases, and thorough testing to ensure robustness and performance.",
    "Test Cases Draft": "{\n  \"requirement_analysis\": \"function should assert that sequential_search([11,23,58,31,56,77,43,12,65,19],31) returns (True, 3)\",\n  \"test_cases\": [\n    {\n      \"Test Title\": \"Empty array\",\n      \"Input Data\": \"parameter1=[], parameter2=5\",\n      \"Expected Output\": \"(False, -1)\"\n    },\n    {\n      \"Test Title\": \"Non-existent element in array\",\n      \"Input Data\": \"parameter1=[1,2,3,4,5], parameter2=6\",\n      \"Expected Output\": \"(False, -1)\"\n    },\n    {\n      \"Test Title\": \"Exist element in large array\",\n      \"Input Data\": \"parameter1=[1,2,3,4,5,...,1000], parameter2=500\",\n      \"Expected Output\": \"(True, 499)\"\n    },\n    {\n      \"Test Title\": \"Performance testing\",\n      \"Input Data\": \"parameter1=[1,2,3,4,5,...,10000000], parameter2=5000000\",\n      \"Expected Output\": \"(True, 4999999)\"\n    }\n  ]\n}",
    "Test Cases Draft_prompt": "{\"Role\": \"You are a quality assurance engineer. Your duty is to design test cases for the developers.\", \"Instruction\": \"According to the Context section, write test cases. Don't write long strings in your test cases. Response in JSON format.\", \"Example\": \"{\\\"requirement analysis\\\":\\\"analysis\\\",\\\"test_cases\\\":[{\\\"Test Title\\\":\\\"title\\\", \\\"Input Data\\\":\\\"parameter1=[1,2,3],parameter2='123'\\\", \\\"Expected Output\\\":\\\"456\\\"},]}\", \"Context\": \"# Requirement Analysis:\\n{\\n  \\\"Revised Document\\\": {\\n    \\\"Requirement\\\": \\\"The requirement is to write a function that takes in an array and an element and returns a tuple containing a boolean that indicates if the element is in the array and the index position of the element (or -1 if the element is not found). The function should assert that sequential_search([11,23,58,31,56,77,43,12,65,19],31) returns (True, 3).\\\",\\n    \\\"Analysis\\\": \\\"Based on the suggestions provided by the architect and tester, it is recommended to consider using a more efficient algorithm such as binary search to improve the time complexity of the function. Additionally, handling edge cases such as empty arrays and non-existent elements in the array is essential for robustness. Test cases for various scenarios such as empty arrays, non-existent elements, and large arrays should be written to ensure the function handles all cases correctly. Performance testing for efficient execution with large inputs is also important.\\\"\\n  }\\n}\", \"Question\": \"def sequential_search(dlist, item):\\n'''Write a function that takes in an array and element and returns a tuple containing a boolean that indicates if the element is in the array and the index position of the element (or -1 if the element is not found).\\nassert sequential_search([11,23,58,31,56,77,43,12,65,19],31) == (True, 3)'''\\n\"}",
    "Test Cases Meetings": "{\n  \"Architect\": \"The test cases cover a good range of scenarios including an empty array, non-existent element, existent element in a large array, and performance testing. However, I would suggest adding a test case for a scenario where the element to be searched is at the beginning or end of the array to ensure the function handles boundary cases properly.\",\n  \"Developer\": \"The test cases are comprehensive and cover a good range of scenarios. However, I would suggest adding more specific test cases for edge cases, such as when the element to be searched is at the beginning or end of the array, to ensure the function handles boundary cases properly.\"\n}",
    "Test Cases Meetings_prompt": "{\"Role\": \"I want you to act as a different roles and then give some suggestions about how to revise the test cases.\", \"Instruction\": \"1. Read the Context section. 2. Act as an Architect, give your suggestions. 3. Act as a Developer, give your suggestions. 4. Response in JSON format.\", \"Example\": \"{\\\"Architect\\\":\\\"Suggestion\\\",\\\"Developer\\\":\\\"Suggestion\\\"}\", \"Context\": \"{\\n  \\\"requirement_analysis\\\": \\\"function should assert that sequential_search([11,23,58,31,56,77,43,12,65,19],31) returns (True, 3)\\\",\\n  \\\"test_cases\\\": [\\n    {\\n      \\\"Test Title\\\": \\\"Empty array\\\",\\n      \\\"Input Data\\\": \\\"parameter1=[], parameter2=5\\\",\\n      \\\"Expected Output\\\": \\\"(False, -1)\\\"\\n    },\\n    {\\n      \\\"Test Title\\\": \\\"Non-existent element in array\\\",\\n      \\\"Input Data\\\": \\\"parameter1=[1,2,3,4,5], parameter2=6\\\",\\n      \\\"Expected Output\\\": \\\"(False, -1)\\\"\\n    },\\n    {\\n      \\\"Test Title\\\": \\\"Exist element in large array\\\",\\n      \\\"Input Data\\\": \\\"parameter1=[1,2,3,4,5,...,1000], parameter2=500\\\",\\n      \\\"Expected Output\\\": \\\"(True, 499)\\\"\\n    },\\n    {\\n      \\\"Test Title\\\": \\\"Performance testing\\\",\\n      \\\"Input Data\\\": \\\"parameter1=[1,2,3,4,5,...,10000000], parameter2=5000000\\\",\\n      \\\"Expected Output\\\": \\\"(True, 4999999)\\\"\\n    }\\n  ]\\n}\", \"Question\": \"Follow the Instruction. The Context section include the test cases.\"}",
    "Test Cases": "{\n  \"requirement_analysis\": \"function should assert that sequential_search([11,23,58,31,56,77,43,12,65,19],31) returns (True, 3)\",\n  \"test_cases\": [\n    {\n      \"Test Title\": \"Empty array\",\n      \"Input Data\": \"parameter1=[], parameter2=5\",\n      \"Expected Output\": \"(False, -1)\"\n    },\n    {\n      \"Test Title\": \"Non-existent element in array\",\n      \"Input Data\": \"parameter1=[1,2,3,4,5], parameter2=6\",\n      \"Expected Output\": \"(False, -1)\"\n    },\n    {\n      \"Test Title\": \"Exist element in large array\",\n      \"Input Data\": \"parameter1=[1,2,3,4,5,...,1000], parameter2=500\",\n      \"Expected Output\": \"(True, 499)\"\n    },\n    {\n      \"Test Title\": \"Performance testing\",\n      \"Input Data\": \"parameter1=[1,2,3,4,5,...,10000000], parameter2=5000000\",\n      \"Expected Output\": \"(True, 4999999)\"\n    },\n    {\n      \"Test Title\": \"Element at the beginning of the array\",\n      \"Input Data\": \"parameter1=[1,2,3,4,5], parameter2=1\",\n      \"Expected Output\": \"(True, 0)\"\n    },\n    {\n      \"Test Title\": \"Element at the end of the array\",\n      \"Input Data\": \"parameter1=[1,2,3,4,5], parameter2=5\",\n      \"Expected Output\": \"(True, 4)\"\n    }\n  ]\n}",
    "Test Cases_prompt": "{\"Role\": \"You are a quality assurance engineer. Your duty is to revise the test cases based on the suggestions.\", \"Instruction\": \"1. Your colleague give you some suggestions(in the Context section) about the draft test cases, read these suggestions. 2. Revise your draft version test cases, but don't use long parameters. 3. Response in JSON format.\", \"Example\": \"{\\\"requirement analysis\\\":\\\"analysis\\\",\\\"test_cases\\\":[{\\\"Test Title\\\":\\\"title\\\", \\\"Input Data\\\":\\\"parameter1=[1,2,3],parameter2='123'\\\", \\\"Expected Output\\\":\\\"456\\\"},]}\", \"Context\": \"# Suggestions:\\n{\\n  \\\"Architect\\\": \\\"The test cases cover a good range of scenarios including an empty array, non-existent element, existent element in a large array, and performance testing. However, I would suggest adding a test case for a scenario where the element to be searched is at the beginning or end of the array to ensure the function handles boundary cases properly.\\\",\\n  \\\"Developer\\\": \\\"The test cases are comprehensive and cover a good range of scenarios. However, I would suggest adding more specific test cases for edge cases, such as when the element to be searched is at the beginning or end of the array, to ensure the function handles boundary cases properly.\\\"\\n}\\n # Draft Test cases:\\n{\\n  \\\"requirement_analysis\\\": \\\"function should assert that sequential_search([11,23,58,31,56,77,43,12,65,19],31) returns (True, 3)\\\",\\n  \\\"test_cases\\\": [\\n    {\\n      \\\"Test Title\\\": \\\"Empty array\\\",\\n      \\\"Input Data\\\": \\\"parameter1=[], parameter2=5\\\",\\n      \\\"Expected Output\\\": \\\"(False, -1)\\\"\\n    },\\n    {\\n      \\\"Test Title\\\": \\\"Non-existent element in array\\\",\\n      \\\"Input Data\\\": \\\"parameter1=[1,2,3,4,5], parameter2=6\\\",\\n      \\\"Expected Output\\\": \\\"(False, -1)\\\"\\n    },\\n    {\\n      \\\"Test Title\\\": \\\"Exist element in large array\\\",\\n      \\\"Input Data\\\": \\\"parameter1=[1,2,3,4,5,...,1000], parameter2=500\\\",\\n      \\\"Expected Output\\\": \\\"(True, 499)\\\"\\n    },\\n    {\\n      \\\"Test Title\\\": \\\"Performance testing\\\",\\n      \\\"Input Data\\\": \\\"parameter1=[1,2,3,4,5,...,10000000], parameter2=5000000\\\",\\n      \\\"Expected Output\\\": \\\"(True, 4999999)\\\"\\n    }\\n  ]\\n}\", \"Question\": \"Follow the Instruction. Please make sure your response length are less than 512. Your test cases is for the below question:\\ndef sequential_search(dlist, item):\\n'''Write a function that takes in an array and element and returns a tuple containing a boolean that indicates if the element is in the array and the index position of the element (or -1 if the element is not found).\\nassert sequential_search([11,23,58,31,56,77,43,12,65,19],31) == (True, 3)'''\\n\"}",
    "Code0draft": "def sequential_search(dlist, item):\n    # Write your code here\n    pass",
    "Code0draft_prompt": "{\"Role\": \"You are a professional engineer. Your duty is to write code in Python that meets the requirements. Ensure that the code you write is efficient, readable, and follows best practices. Remember, do not need to explain the code you wrote.\", \"Instruction\": \"According to the Context section, write your code.\", \"Example\": \"\", \"Context\": \"# Test Cases:\\n{\\n  \\\"requirement_analysis\\\": \\\"function should assert that sequential_search([11,23,58,31,56,77,43,12,65,19],31) returns (True, 3)\\\",\\n  \\\"test_cases\\\": [\\n    {\\n      \\\"Test Title\\\": \\\"Empty array\\\",\\n      \\\"Input Data\\\": \\\"parameter1=[], parameter2=5\\\",\\n      \\\"Expected Output\\\": \\\"(False, -1)\\\"\\n    },\\n    {\\n      \\\"Test Title\\\": \\\"Non-existent element in array\\\",\\n      \\\"Input Data\\\": \\\"parameter1=[1,2,3,4,5], parameter2=6\\\",\\n      \\\"Expected Output\\\": \\\"(False, -1)\\\"\\n    },\\n    {\\n      \\\"Test Title\\\": \\\"Exist element in large array\\\",\\n      \\\"Input Data\\\": \\\"parameter1=[1,2,3,4,5,...,1000], parameter2=500\\\",\\n      \\\"Expected Output\\\": \\\"(True, 499)\\\"\\n    },\\n    {\\n      \\\"Test Title\\\": \\\"Performance testing\\\",\\n      \\\"Input Data\\\": \\\"parameter1=[1,2,3,4,5,...,10000000], parameter2=5000000\\\",\\n      \\\"Expected Output\\\": \\\"(True, 4999999)\\\"\\n    },\\n    {\\n      \\\"Test Title\\\": \\\"Element at the beginning of the array\\\",\\n      \\\"Input Data\\\": \\\"parameter1=[1,2,3,4,5], parameter2=1\\\",\\n      \\\"Expected Output\\\": \\\"(True, 0)\\\"\\n    },\\n    {\\n      \\\"Test Title\\\": \\\"Element at the end of the array\\\",\\n      \\\"Input Data\\\": \\\"parameter1=[1,2,3,4,5], parameter2=5\\\",\\n      \\\"Expected Output\\\": \\\"(True, 4)\\\"\\n    }\\n  ]\\n}\\n# Design:\\nBased on the suggestions provided, the new design for the function named sequential_search will include the following updates:\\n\\n1. Clarification on the use of an efficient search algorithm: The function will use an efficient search algorithm such as binary search instead of sequential search as mentioned in the design. The function name will be updated to reflect this change.\\n\\n2. Specification of the programming language and specific requirements for handling edge cases: The design will specify the programming language to be used and outline specific requirements for handling edge cases to ensure comprehensive implementation.\\n\\n3. Expansion of test cases: The test cases will cover not only the basic scenarios mentioned in the design (empty arrays, non-existent elements, and large arrays) but also boundary cases, negative test cases, and any specific scenarios mentioned in the requirements to ensure thorough testing.\\n\\n4. Detailed performance testing plan: The performance testing plan will be detailed, including the expected response times for different input sizes, to verify efficient execution with large inputs.\\n\\nBy incorporating these updates, the new design will ensure the implementation of the sequential_search function with a focus on efficient search algorithms, handling edge cases, and thorough testing to ensure robustness and performance.\", \"Question\": \"Follow the Instruction section. Complete the following code:\\ndef sequential_search(dlist, item):\\n'''Write a function that takes in an array and element and returns a tuple containing a boolean that indicates if the element is in the array and the index position of the element (or -1 if the element is not found).\\nassert sequential_search([11,23,58,31,56,77,43,12,65,19],31) == (True, 3)'''\\n\"}",
    "Code0": "def sequential_search(dlist, item):\n    # Write your code here\n    pass",
    "TestScriptOriginal": "import unittest\n\ndef sequential_search(dlist, item):\n    for i in range(len(dlist)):\n        if dlist[i] == item:\n            return (True, i)\n    return (False, -1)\n\nclass Test(unittest.TestCase):\n    def test(self):\n        self.assertEqual(sequential_search([11,23,58,31,56,77,43,12,65,19], 31), (True, 3))\n\nif __name__ == '__main__':\n    unittest.main()",
    "TestScriptOriginal_prompt": "{\"Role\": \"You are a quality assurance engineer. Your duty is to write a python test script in unittest framework.\", \"Instruction\": \"1. Write a python test script. 2. Use the input and output given by the question.\", \"Example\": \"import unittest\\n\\nclass Test(unittest.TestCase):\\n    def test(self):\\n        self.assertEqual(function_under_test('a'), 1)\\n\\nif __name__ == '__main__':\\n    unittest.main()\", \"Context\": \"\", \"Question\": \"def sequential_search(dlist, item):\\n'''Write a function that takes in an array and element and returns a tuple containing a boolean that indicates if the element is in the array and the index position of the element (or -1 if the element is not found).\\nassert sequential_search([11,23,58,31,56,77,43,12,65,19],31) == (True, 3)'''\\n\"}",
    "TestScript": "import unittest\n\nclass Test(unittest.TestCase):\n    def test(self):\n        self.assertEqual(sequential_search([11,23,58,31,56,77,43,12,65,19], 31), (True, 3))\n\nif __name__ == '__main__':\n    unittest.main()",
    "TestScript_prompt": "{\"Role\": \"You are a quality assurance engineer. Your duty is to write a python test script in unittest framework.\", \"Instruction\": \"1. Write a python test script. 2. Use the input and output given by the question.\", \"Example\": \"import unittest\\n\\nclass Test(unittest.TestCase):\\n    def test(self):\\n        self.assertEqual(function_under_test('a'), 1)\\n\\nif __name__ == '__main__':\\n    unittest.main()\", \"Context\": \"\", \"Question\": \"def sequential_search(dlist, item):\\n'''Write a function that takes in an array and element and returns a tuple containing a boolean that indicates if the element is in the array and the index position of the element (or -1 if the element is not found).\\nassert sequential_search([11,23,58,31,56,77,43,12,65,19],31) == (True, 3)'''\\n\"}",
    "ScriptResult0": "F\n======================================================================\nFAIL: test (__main__.Test)\n----------------------------------------------------------------------\nTraceback (most recent call last):\n  File \"/Users/watch/PycharmProjects/XXXX-1-LLM/workspace/2024-03-10_22-36-47-052932/test_script.py\", line 8, in test\n    self.assertEqual(sequential_search([11,23,58,31,56,77,43,12,65,19], 31), (True, 3))\nAssertionError: None != (True, 3)\n\n----------------------------------------------------------------------\nRan 1 test in 0.000s\n\nFAILED (failures=1)\n",
    "TestReport0": "Test Report\n\nTest Script Output:\n======================================================================\nFAIL: test (__main__.Test)\n----------------------------------------------------------------------\nTraceback (most recent call last):\n  File \"/Users/watch/PycharmProjects/XXXX-1-LLM/workspace/2024-03-10_22-36-47-052932/test_script.py\", line 8, in test\n    self.assertEqual(sequential_search([11,23,58,31,56,77,43,12,65,19], 31), (True, 3))\nAssertionError: None != (True, 3)\n\n----------------------------------------------------------------------\nRan 1 test in 0.000s\n\nFAILED (failures=1)\n\nTest Report:\nThe test script has failed. The input example that caused the failure is sequential_search([11,23,58,31,56,77,43,12,65,19], 31), and the expected output was (True, 3). However, the actual output was None.\n\nConclusion:\nCode Test Failed.",
    "RepairResponse1": "{\n  \"revised_code\": \"def sequential_search(dlist, item):\\n    for i in range(len(dlist)):\\n        if dlist[i] == item:\\n            return (True, i)\\n    return (False, -1)\"\n}",
    "RepairResponse1_prompt": "{\"Role\": \"You are a professional software engineer. Your duty is to write code in Python that meets the requirements. Ensure that the code you write is efficient, readable, and follows best practices. Remember, do not need to explain the code you wrote.\", \"Instruction\": \"1. Rewrite a bug fix version of the original code. 2. Response in JSON format.\", \"Example\": \"{\\\"revised_code\\\":\\\"...\\\"}\", \"Context\": \"# the original code:\\ndef sequential_search(dlist, item):\\n    # Write your code here\\n    pass\\n# test report:\\nTest Report\\n\\nTest Script Output:\\n======================================================================\\nFAIL: test (__main__.Test)\\n----------------------------------------------------------------------\\nTraceback (most recent call last):\\n  File \\\"/Users/watch/PycharmProjects/XXXX-1-LLM/workspace/2024-03-10_22-36-47-052932/test_script.py\\\", line 8, in test\\n    self.assertEqual(sequential_search([11,23,58,31,56,77,43,12,65,19], 31), (True, 3))\\nAssertionError: None != (True, 3)\\n\\n----------------------------------------------------------------------\\nRan 1 test in 0.000s\\n\\nFAILED (failures=1)\\n\\nTest Report:\\nThe test script has failed. The input example that caused the failure is sequential_search([11,23,58,31,56,77,43,12,65,19], 31), and the expected output was (True, 3). However, the actual output was None.\\n\\nConclusion:\\nCode Test Failed.\", \"Question\": \"The original code has some bugs, according to the test report and suggestions, rewrite the code. Complete the following code:\\ndef sequential_search(dlist, item):\\n'''Write a function that takes in an array and element and returns a tuple containing a boolean that indicates if the element is in the array and the index position of the element (or -1 if the element is not found).\\nassert sequential_search([11,23,58,31,56,77,43,12,65,19],31) == (True, 3)'''\\n\"}",
    "Code1": "def sequential_search(dlist, item):\n    for i in range(len(dlist)):\n        if dlist[i] == item:\n            return (True, i)\n    return (False, -1)",
    "ScriptResult1": ".\n----------------------------------------------------------------------\nRan 1 test in 0.000s\n\nOK\n",
    "TestReport1": "Test Report\n\nContext:\nRan 1 test in 0.000s\n\nOK\n\nConclusion:\nCode Test Passed\n\nReport Generated by:\n[Your Name]\n[Date]\n\nNote: If the code had failed the test, the input and expected output example would have been provided in the report.",
    "FinalCode": "def sequential_search(dlist, item):\n    for i in range(len(dlist)):\n        if dlist[i] == item:\n            return (True, i)\n    return (False, -1)"
}