{
    "2": "E\n======================================================================\nERROR: test (__main__.Test)\n----------------------------------------------------------------------\nTraceback (most recent call last):\n  File \"/Users/watch/PycharmProjects/XXXX-1-LLM/Temps/mbpp/test_scripts/test2.py\", line 21, in test\n    assert set(similar_elements((3, 4, 5, 6),(5, 7, 4, 10,))) == set((4, 5,))\n  File \"/Users/watch/PycharmProjects/XXXX-1-LLM/Temps/mbpp/test_scripts/test2.py\", line 9, in similar_elements\n    raise TypeError(\"Inputs must be lists\")\nTypeError: Inputs must be lists\n\n----------------------------------------------------------------------\nRan 1 test in 0.000s\n\nFAILED (errors=1)\n",
    "3": ".\n----------------------------------------------------------------------\nRan 1 test in 0.000s\n\nOK\n",
    "4": ".\n----------------------------------------------------------------------\nRan 1 test in 0.000s\n\nOK\n",
    "6": ".\n----------------------------------------------------------------------\nRan 1 test in 0.000s\n\nOK\n",
    "7": ".\n----------------------------------------------------------------------\nRan 1 test in 0.000s\n\nOK\n",
    "8": "[1, 4, 9]\n.\n----------------------------------------------------------------------\nRan 1 test in 0.000s\n\nOK\n",
    "9": ".\n----------------------------------------------------------------------\nRan 1 test in 0.000s\n\nOK\n",
    "11": ".\n----------------------------------------------------------------------\nRan 1 test in 0.000s\n\nOK\n",
    "12": ".\n----------------------------------------------------------------------\nRan 1 test in 0.000s\n\nOK\n",
    "14": ".\n----------------------------------------------------------------------\nRan 1 test in 0.000s\n\nOK\n",
    "16": ".\n----------------------------------------------------------------------\nRan 1 test in 0.000s\n\nOK\n",
    "17": ".\n----------------------------------------------------------------------\nRan 1 test in 0.000s\n\nOK\n",
    "18": ".\n----------------------------------------------------------------------\nRan 1 test in 0.000s\n\nOK\n",
    "19": "E\n======================================================================\nERROR: test (__main__.Test)\n----------------------------------------------------------------------\nTraceback (most recent call last):\n  File \"/Users/watch/PycharmProjects/XXXX-1-LLM/Temps/mbpp/test_scripts/test19.py\", line 18, in test\n    assert test_duplicate(([1,2,3,4,5],))==False\n  File \"/Users/watch/PycharmProjects/XXXX-1-LLM/Temps/mbpp/test_scripts/test19.py\", line 10, in test_duplicate\n    if num in seen:\nTypeError: unhashable type: 'list'\n\n----------------------------------------------------------------------\nRan 1 test in 0.000s\n\nFAILED (errors=1)\n",
    "20": "F\n======================================================================\nFAIL: test (__main__.Test)\n----------------------------------------------------------------------\nTraceback (most recent call last):\n  File \"/Users/watch/PycharmProjects/XXXX-1-LLM/Temps/mbpp/test_scripts/test20.py\", line 23, in test\n    assert is_woodall(383) == True\nAssertionError\n\n----------------------------------------------------------------------\nRan 1 test in 0.000s\n\nFAILED (failures=1)\n",
    "56": ".\n----------------------------------------------------------------------\nRan 1 test in 0.000s\n\nOK\n",
    "57": ".\n----------------------------------------------------------------------\nRan 1 test in 0.000s\n\nOK\n",
    "58": ".\n----------------------------------------------------------------------\nRan 1 test in 0.000s\n\nOK\n",
    "59": ".\n----------------------------------------------------------------------\nRan 1 test in 0.000s\n\nOK\n",
    "61": ".\n----------------------------------------------------------------------\nRan 1 test in 0.000s\n\nOK\n",
    "62": ".\n----------------------------------------------------------------------\nRan 1 test in 0.000s\n\nOK\n",
    "63": ".\n----------------------------------------------------------------------\nRan 1 test in 0.000s\n\nOK\n",
    "64": ".\n----------------------------------------------------------------------\nRan 1 test in 0.000s\n\nOK\n",
    "65": ".\n----------------------------------------------------------------------\nRan 1 test in 0.000s\n\nOK\n",
    "66": ".\n----------------------------------------------------------------------\nRan 1 test in 0.000s\n\nOK\n",
    "67": "F\n======================================================================\nFAIL: test (__main__.Test)\n----------------------------------------------------------------------\nTraceback (most recent call last):\n  File \"/Users/watch/PycharmProjects/XXXX-1-LLM/Temps/mbpp/test_scripts/test67.py\", line 25, in test\n    assert bell_number(10)==115975\nAssertionError\n\n----------------------------------------------------------------------\nRan 1 test in 0.000s\n\nFAILED (failures=1)\n",
    "68": ".\n----------------------------------------------------------------------\nRan 1 test in 0.000s\n\nOK\n",
    "69": ".\n----------------------------------------------------------------------\nRan 1 test in 0.000s\n\nOK\n",
    "70": "Traceback (most recent call last):\n  File \"/Users/watch/PycharmProjects/XXXX-1-LLM/Temps/mbpp/test_scripts/test70.py\", line 28, in <module>\n    assert find_equal_tuple([]) == False\nNameError: name 'find_equal_tuple' is not defined\n",
    "71": ".\n----------------------------------------------------------------------\nRan 1 test in 0.000s\n\nOK\n",
    "72": ".\n----------------------------------------------------------------------\nRan 1 test in 0.000s\n\nOK\n",
    "74": ".\n----------------------------------------------------------------------\nRan 1 test in 0.000s\n\nOK\n",
    "75": ".\n----------------------------------------------------------------------\nRan 1 test in 0.000s\n\nOK\n",
    "77": ".\n----------------------------------------------------------------------\nRan 1 test in 0.000s\n\nOK\n",
    "79": ".\n----------------------------------------------------------------------\nRan 1 test in 0.000s\n\nOK\n",
    "80": "35\nInput value is not within the specified range (1 to 10^5). Please provide a valid input.\n.\n----------------------------------------------------------------------\nRan 1 test in 0.000s\n\nOK\n",
    "82": ".\n----------------------------------------------------------------------\nRan 1 test in 0.000s\n\nOK\n",
    "83": "F\n======================================================================\nFAIL: test (__main__.Test)\n----------------------------------------------------------------------\nTraceback (most recent call last):\n  File \"/Users/watch/PycharmProjects/XXXX-1-LLM/Temps/mbpp/test_scripts/test83.py\", line 21, in test\n    assert get_Char(\"abc\") == \"f\"\nAssertionError\n\n----------------------------------------------------------------------\nRan 1 test in 0.000s\n\nFAILED (failures=1)\n",
    "84": ".\n----------------------------------------------------------------------\nRan 1 test in 0.000s\n\nOK\n",
    "85": ".\n----------------------------------------------------------------------\nRan 1 test in 0.000s\n\nOK\n",
    "86": ".\n----------------------------------------------------------------------\nRan 1 test in 0.000s\n\nOK\n",
    "87": "F\n======================================================================\nFAIL: test (__main__.Test)\n----------------------------------------------------------------------\nTraceback (most recent call last):\n  File \"/Users/watch/PycharmProjects/XXXX-1-LLM/Temps/mbpp/test_scripts/test87.py\", line 23, in test\n    assert merge_dictionaries_three({ \"R\": \"Red\", \"B\": \"Black\", \"P\": \"Pink\" }, { \"G\": \"Green\", \"W\": \"White\" },{\"L\":\"lavender\",\"B\":\"Blue\"})=={'W': 'White', 'P': 'Pink', 'B': 'Black', 'R': 'Red', 'G': 'Green', 'L': 'lavender'}\nAssertionError\n\n----------------------------------------------------------------------\nRan 1 test in 0.000s\n\nFAILED (failures=1)\n",
    "88": ".\n----------------------------------------------------------------------\nRan 1 test in 0.000s\n\nOK\n",
    "89": ".\n----------------------------------------------------------------------\nRan 1 test in 0.000s\n\nOK\n",
    "90": ".\n----------------------------------------------------------------------\nRan 1 test in 0.000s\n\nOK\n",
    "91": ".\n----------------------------------------------------------------------\nRan 1 test in 0.000s\n\nOK\n",
    "92": ".\n----------------------------------------------------------------------\nRan 1 test in 0.000s\n\nOK\n",
    "93": ".\n----------------------------------------------------------------------\nRan 1 test in 0.000s\n\nOK\n",
    "94": ".\n----------------------------------------------------------------------\nRan 1 test in 0.000s\n\nOK\n",
    "95": ".\n----------------------------------------------------------------------\nRan 1 test in 0.000s\n\nOK\n",
    "96": ".\n----------------------------------------------------------------------\nRan 1 test in 0.000s\n\nOK\n",
    "97": ".\n----------------------------------------------------------------------\nRan 1 test in 0.000s\n\nOK\n",
    "98": ".\n----------------------------------------------------------------------\nRan 1 test in 0.000s\n\nOK\n",
    "99": ".\n----------------------------------------------------------------------\nRan 1 test in 0.000s\n\nOK\n",
    "100": "F\n======================================================================\nFAIL: test (__main__.Test)\n----------------------------------------------------------------------\nTraceback (most recent call last):\n  File \"/Users/watch/PycharmProjects/XXXX-1-LLM/Temps/mbpp/test_scripts/test100.py\", line 29, in test\n    assert next_smallest_palindrome(99)==101\nAssertionError\n\n----------------------------------------------------------------------\nRan 1 test in 0.000s\n\nFAILED (failures=1)\n",
    "101": "F\n======================================================================\nFAIL: test (__main__.Test)\n----------------------------------------------------------------------\nTraceback (most recent call last):\n  File \"/Users/watch/PycharmProjects/XXXX-1-LLM/Temps/mbpp/test_scripts/test101.py\", line 16, in test\n    assert kth_element([12,3,5,7,19], 2) == 3\nAssertionError\n\n----------------------------------------------------------------------\nRan 1 test in 0.000s\n\nFAILED (failures=1)\n",
    "102": ".\n----------------------------------------------------------------------\nRan 1 test in 0.000s\n\nOK\n",
    "103": "F\n======================================================================\nFAIL: test (__main__.Test)\n----------------------------------------------------------------------\nTraceback (most recent call last):\n  File \"/Users/watch/PycharmProjects/XXXX-1-LLM/Temps/mbpp/test_scripts/test103.py\", line 32, in test\n    assert eulerian_num(3, 1) == 4\nAssertionError\n\n----------------------------------------------------------------------\nRan 1 test in 0.000s\n\nFAILED (failures=1)\n",
    "104": "E\n======================================================================\nERROR: test (__main__.Test)\n----------------------------------------------------------------------\nTraceback (most recent call last):\n  File \"/Users/watch/PycharmProjects/XXXX-1-LLM/Temps/mbpp/test_scripts/test104.py\", line 25, in test\n    assert sort_sublists(([\"green\", \"orange\"], [\"black\", \"white\"], [\"white\", \"black\", \"orange\"],))==[['green', 'orange'], ['black', 'white'], ['black', 'orange', 'white']]\n  File \"/Users/watch/PycharmProjects/XXXX-1-LLM/Temps/mbpp/test_scripts/test104.py\", line 9, in sort_sublists\n    raise TypeError(\"Input_list should be a list\")\nTypeError: Input_list should be a list\n\n----------------------------------------------------------------------\nRan 1 test in 0.000s\n\nFAILED (errors=1)\n",
    "105": ".\n----------------------------------------------------------------------\nRan 1 test in 0.000s\n\nOK\n",
    "106": ".\n----------------------------------------------------------------------\nRan 1 test in 0.000s\n\nOK\n",
    "108": ".\n----------------------------------------------------------------------\nRan 1 test in 0.000s\n\nOK\n",
    "109": ".\n----------------------------------------------------------------------\nRan 1 test in 0.000s\n\nOK\n",
    "111": ".\n----------------------------------------------------------------------\nRan 1 test in 0.000s\n\nOK\n",
    "113": ".\n----------------------------------------------------------------------\nRan 1 test in 0.000s\n\nOK\n",
    "115": ".\n----------------------------------------------------------------------\nRan 1 test in 0.000s\n\nOK\n",
    "116": ".\n----------------------------------------------------------------------\nRan 1 test in 0.000s\n\nOK\n",
    "117": ".\n----------------------------------------------------------------------\nRan 1 test in 0.000s\n\nOK\n",
    "118": ".\n----------------------------------------------------------------------\nRan 1 test in 0.000s\n\nOK\n",
    "119": ".\n----------------------------------------------------------------------\nRan 1 test in 0.000s\n\nOK\n",
    "120": ".\n----------------------------------------------------------------------\nRan 1 test in 0.000s\n\nOK\n",
    "123": ".\n----------------------------------------------------------------------\nRan 1 test in 0.037s\n\nOK\n",
    "124": "E\n======================================================================\nERROR: test (__main__.Test)\n----------------------------------------------------------------------\nTraceback (most recent call last):\n  File \"/Users/watch/PycharmProjects/XXXX-1-LLM/Temps/mbpp/test_scripts/test124.py\", line 36, in test\n    assert math.isclose(angle_complex(0,1j), 1.5707963267948966, rel_tol=0.001)\n  File \"/Users/watch/PycharmProjects/XXXX-1-LLM/Temps/mbpp/test_scripts/test124.py\", line 22, in angle_complex\n    if b > 0:\nTypeError: '>' not supported between instances of 'complex' and 'int'\n\n----------------------------------------------------------------------\nRan 1 test in 0.000s\n\nFAILED (errors=1)\n",
    "125": ".\n----------------------------------------------------------------------\nRan 1 test in 0.000s\n\nOK\n",
    "126": "E\n======================================================================\nERROR: test (__main__.Test)\n----------------------------------------------------------------------\nTraceback (most recent call last):\n  File \"/Users/watch/PycharmProjects/XXXX-1-LLM/Temps/mbpp/test_scripts/test126.py\", line 23, in test\n    assert sum(10,15) == 6\n  File \"/Users/watch/PycharmProjects/XXXX-1-LLM/Temps/mbpp/test_scripts/test126.py\", line 18, in sum\n    return sum(common_divisors, 0)\n  File \"/Users/watch/PycharmProjects/XXXX-1-LLM/Temps/mbpp/test_scripts/test126.py\", line 15, in sum\n    divisors_a = find_divisors(a)\n  File \"/Users/watch/PycharmProjects/XXXX-1-LLM/Temps/mbpp/test_scripts/test126.py\", line 10, in find_divisors\n    for i in range(1, min(a, b) + 1):\nTypeError: '<' not supported between instances of 'int' and 'list'\n\n----------------------------------------------------------------------\nRan 1 test in 0.000s\n\nFAILED (errors=1)\n",
    "127": ".\n----------------------------------------------------------------------\nRan 1 test in 0.000s\n\nOK\n",
    "128": "E\n======================================================================\nERROR: test (__main__.Test)\n----------------------------------------------------------------------\nTraceback (most recent call last):\n  File \"/Users/watch/PycharmProjects/XXXX-1-LLM/Temps/mbpp/test_scripts/test128.py\", line 17, in test\n    assert long_words(3,\"python is a programming language\")==['python','programming','language']\n  File \"/Users/watch/PycharmProjects/XXXX-1-LLM/Temps/mbpp/test_scripts/test128.py\", line 9, in long_words\n    raise ValueError(\"The 'words' parameter must be a list of strings\")\nValueError: The 'words' parameter must be a list of strings\n\n----------------------------------------------------------------------\nRan 1 test in 0.000s\n\nFAILED (errors=1)\n",
    "129": ".\n----------------------------------------------------------------------\nRan 1 test in 0.000s\n\nOK\n",
    "130": ".\n----------------------------------------------------------------------\nRan 1 test in 0.000s\n\nOK\n",
    "131": ".\n----------------------------------------------------------------------\nRan 1 test in 0.000s\n\nOK\n",
    "132": ".\n----------------------------------------------------------------------\nRan 1 test in 0.000s\n\nOK\n",
    "133": ".\n----------------------------------------------------------------------\nRan 1 test in 0.000s\n\nOK\n",
    "135": ".\n----------------------------------------------------------------------\nRan 1 test in 0.000s\n\nOK\n",
    "137": ".\n----------------------------------------------------------------------\nRan 1 test in 0.000s\n\nOK\n",
    "138": "F\n======================================================================\nFAIL: test (__main__.Test)\n----------------------------------------------------------------------\nTraceback (most recent call last):\n  File \"/Users/watch/PycharmProjects/XXXX-1-LLM/Temps/mbpp/test_scripts/test138.py\", line 22, in test\n    assert is_Sum_Of_Powers_Of_Two(10) == True\nAssertionError\n\n----------------------------------------------------------------------\nRan 1 test in 0.000s\n\nFAILED (failures=1)\n",
    "139": ".\n----------------------------------------------------------------------\nRan 1 test in 0.000s\n\nOK\n",
    "140": ".\n----------------------------------------------------------------------\nRan 1 test in 0.000s\n\nOK\n",
    "141": ".\n----------------------------------------------------------------------\nRan 1 test in 0.000s\n\nOK\n",
    "142": ".\n----------------------------------------------------------------------\nRan 1 test in 0.000s\n\nOK\n",
    "143": ".\n----------------------------------------------------------------------\nRan 1 test in 0.000s\n\nOK\n",
    "145": ".\n----------------------------------------------------------------------\nRan 1 test in 0.000s\n\nOK\n",
    "160": ".\n----------------------------------------------------------------------\nRan 1 test in 0.000s\n\nOK\n",
    "161": ".\n----------------------------------------------------------------------\nRan 1 test in 0.000s\n\nOK\n",
    "162": ".\n----------------------------------------------------------------------\nRan 1 test in 0.000s\n\nOK\n",
    "163": ".\n----------------------------------------------------------------------\nRan 1 test in 0.000s\n\nOK\n",
    "164": ".\n----------------------------------------------------------------------\nRan 1 test in 0.000s\n\nOK\n",
    "165": ".\n----------------------------------------------------------------------\nRan 1 test in 0.000s\n\nOK\n",
    "166": ".\n----------------------------------------------------------------------\nRan 1 test in 0.000s\n\nOK\n",
    "167": ".\n----------------------------------------------------------------------\nRan 1 test in 0.000s\n\nOK\n",
    "168": "E\n======================================================================\nERROR: test (__main__.Test)\n----------------------------------------------------------------------\nTraceback (most recent call last):\n  File \"/Users/watch/PycharmProjects/XXXX-1-LLM/Temps/mbpp/test_scripts/test168.py\", line 16, in test\n    assert frequency([1,2,3], 4) == 0\n  File \"/Users/watch/PycharmProjects/XXXX-1-LLM/Temps/mbpp/test_scripts/test168.py\", line 9, in frequency\n    raise TypeError(\"Input must be a list\")\nTypeError: Input must be a list\n\n----------------------------------------------------------------------\nRan 1 test in 0.000s\n\nFAILED (errors=1)\n",
    "170": ".\n----------------------------------------------------------------------\nRan 1 test in 0.000s\n\nOK\n",
    "171": ".\n----------------------------------------------------------------------\nRan 1 test in 0.000s\n\nOK\n",
    "172": "E\n======================================================================\nERROR: test (__main__.Test)\n----------------------------------------------------------------------\nTraceback (most recent call last):\n  File \"/Users/watch/PycharmProjects/XXXX-1-LLM/Temps/mbpp/test_scripts/test172.py\", line 25, in test\n    assert count_occurance(\"letstdlenstdporstd\") == 3\nTypeError: count_occurance() missing 1 required positional argument: 'substring'\n\n----------------------------------------------------------------------\nRan 1 test in 0.000s\n\nFAILED (errors=1)\n",
    "222": ".\n----------------------------------------------------------------------\nRan 1 test in 0.000s\n\nOK\n",
    "223": "E\n======================================================================\nERROR: test (__main__.Test)\n----------------------------------------------------------------------\nTraceback (most recent call last):\n  File \"/Users/watch/PycharmProjects/XXXX-1-LLM/Temps/mbpp/test_scripts/test223.py\", line 20, in test\n    assert is_majority([1, 1, 2, 2], 5, 1) == False\n  File \"/Users/watch/PycharmProjects/XXXX-1-LLM/Temps/mbpp/test_scripts/test223.py\", line 10, in is_majority\n    if arr[i] == x:\nIndexError: list index out of range\n\n----------------------------------------------------------------------\nRan 1 test in 0.000s\n\nFAILED (errors=1)\n",
    "224": ".\n----------------------------------------------------------------------\nRan 1 test in 0.000s\n\nOK\n",
    "226": ".\n----------------------------------------------------------------------\nRan 1 test in 0.000s\n\nOK\n",
    "227": ".\n----------------------------------------------------------------------\nRan 1 test in 0.000s\n\nOK\n",
    "228": "F\n======================================================================\nFAIL: test (__main__.Test)\n----------------------------------------------------------------------\nTraceback (most recent call last):\n  File \"/Users/watch/PycharmProjects/XXXX-1-LLM/Temps/mbpp/test_scripts/test228.py\", line 20, in test\n    assert all_Bits_Set_In_The_Given_Range(4,1,2) == True\nAssertionError\n\n----------------------------------------------------------------------\nRan 1 test in 0.000s\n\nFAILED (failures=1)\n",
    "229": "F\n======================================================================\nFAIL: test (__main__.Test)\n----------------------------------------------------------------------\nTraceback (most recent call last):\n  File \"/Users/watch/PycharmProjects/XXXX-1-LLM/Temps/mbpp/test_scripts/test229.py\", line 18, in test\n    assert re_arrange_array([-1, 2, -3, 4, 5, 6, -7, 8, 9], 9) == [-1, -3, -7, 4, 5, 6, 2, 8, 9]\nAssertionError\n\n----------------------------------------------------------------------\nRan 1 test in 0.000s\n\nFAILED (failures=1)\n",
    "230": ".\n----------------------------------------------------------------------\nRan 1 test in 0.000s\n\nOK\n",
    "232": ".\n----------------------------------------------------------------------\nRan 1 test in 0.000s\n\nOK\n",
    "233": ".\n----------------------------------------------------------------------\nRan 1 test in 0.000s\n\nOK\n",
    "234": ".\n----------------------------------------------------------------------\nRan 1 test in 0.000s\n\nOK\n",
    "235": "F\n======================================================================\nFAIL: test (__main__.Test)\n----------------------------------------------------------------------\nTraceback (most recent call last):\n  File \"/Users/watch/PycharmProjects/XXXX-1-LLM/Temps/mbpp/test_scripts/test235.py\", line 14, in test\n    assert even_bit_set_number(20) == 30\nAssertionError\n\n----------------------------------------------------------------------\nRan 1 test in 0.000s\n\nFAILED (failures=1)\n",
    "237": "F\n======================================================================\nFAIL: test (__main__.Test)\n----------------------------------------------------------------------\nTraceback (most recent call last):\n  File \"/Users/watch/PycharmProjects/XXXX-1-LLM/Temps/mbpp/test_scripts/test237.py\", line 29, in test\n    assert check_occurences([(3, 1), (1, 3), (2, 5), (5, 2), (6, 3)] ) == {(1, 3): 2, (2, 5): 2, (3, 6): 1}\nAssertionError\n\n----------------------------------------------------------------------\nRan 1 test in 0.000s\n\nFAILED (failures=1)\n",
    "238": ".\n----------------------------------------------------------------------\nRan 1 test in 0.000s\n\nOK\n",
    "239": ".\n----------------------------------------------------------------------\nRan 1 test in 0.000s\n\nOK\n",
    "240": "F\n======================================================================\nFAIL: test (__main__.Test)\n----------------------------------------------------------------------\nTraceback (most recent call last):\n  File \"/Users/watch/PycharmProjects/XXXX-1-LLM/Temps/mbpp/test_scripts/test240.py\", line 18, in test\n    assert replace_list([1, 3, 5, 7, 9, 10],[2, 4, 6, 8])==[1, 3, 5, 7, 9, 2, 4, 6, 8]\nAssertionError\n\n----------------------------------------------------------------------\nRan 1 test in 0.000s\n\nFAILED (failures=1)\n",
    "242": ".\n----------------------------------------------------------------------\nRan 1 test in 0.000s\n\nOK\n",
    "244": ".\n----------------------------------------------------------------------\nRan 1 test in 0.000s\n\nOK\n",
    "245": ".\n----------------------------------------------------------------------\nRan 1 test in 0.000s\n\nOK\n",
    "246": ".\n----------------------------------------------------------------------\nRan 1 test in 0.000s\n\nOK\n",
    "247": ".\n----------------------------------------------------------------------\nRan 1 test in 0.000s\n\nOK\n",
    "248": ".\n----------------------------------------------------------------------\nRan 1 test in 0.000s\n\nOK\n",
    "249": ".\n----------------------------------------------------------------------\nRan 1 test in 0.000s\n\nOK\n",
    "250": ".\n----------------------------------------------------------------------\nRan 1 test in 0.000s\n\nOK\n",
    "251": ".\n----------------------------------------------------------------------\nRan 1 test in 0.000s\n\nOK\n",
    "252": "E\n======================================================================\nERROR: test (__main__.Test)\n----------------------------------------------------------------------\nTraceback (most recent call last):\n  File \"/Users/watch/PycharmProjects/XXXX-1-LLM/Temps/mbpp/test_scripts/test252.py\", line 22, in test\n    assert convert(1) == (1.0, 0.0)\n  File \"/Users/watch/PycharmProjects/XXXX-1-LLM/Temps/mbpp/test_scripts/test252.py\", line 12, in convert\n    raise ValueError(\"Input must be a complex number\")\nValueError: Input must be a complex number\n\n----------------------------------------------------------------------\nRan 1 test in 0.000s\n\nFAILED (errors=1)\n",
    "253": ".\n----------------------------------------------------------------------\nRan 1 test in 0.000s\n\nOK\n",
    "255": "F\n======================================================================\nFAIL: test (__main__.Test)\n----------------------------------------------------------------------\nTraceback (most recent call last):\n  File \"/Users/watch/PycharmProjects/XXXX-1-LLM/Temps/mbpp/test_scripts/test255.py\", line 29, in test\n    assert combinations_colors( [\"Red\",\"Green\",\"Blue\"],2)==[('Red', 'Red'), ('Red', 'Green'), ('Red', 'Blue'), ('Green', 'Green'), ('Green', 'Blue'), ('Blue', 'Blue')]\nAssertionError\n\n----------------------------------------------------------------------\nRan 1 test in 0.000s\n\nFAILED (failures=1)\n",
    "256": ".\n----------------------------------------------------------------------\nRan 1 test in 0.000s\n\nOK\n",
    "257": ".\n----------------------------------------------------------------------\nRan 1 test in 0.000s\n\nOK\n",
    "259": ".\n----------------------------------------------------------------------\nRan 1 test in 0.000s\n\nOK\n",
    "260": "F\n======================================================================\nFAIL: test (__main__.Test)\n----------------------------------------------------------------------\nTraceback (most recent call last):\n  File \"/Users/watch/PycharmProjects/XXXX-1-LLM/Temps/mbpp/test_scripts/test260.py\", line 24, in test\n    assert newman_prime(3) == 7\nAssertionError\n\n----------------------------------------------------------------------\nRan 1 test in 0.000s\n\nFAILED (failures=1)\n",
    "261": ".\n----------------------------------------------------------------------\nRan 1 test in 0.000s\n\nOK\n",
    "262": ".\n----------------------------------------------------------------------\nRan 1 test in 0.000s\n\nOK\n",
    "264": "F\n======================================================================\nFAIL: test (__main__.Test)\n----------------------------------------------------------------------\nTraceback (most recent call last):\n  File \"/Users/watch/PycharmProjects/XXXX-1-LLM/Temps/mbpp/test_scripts/test264.py\", line 18, in test\n    assert dog_age(12)==61\nAssertionError\n\n----------------------------------------------------------------------\nRan 1 test in 0.000s\n\nFAILED (failures=1)\n",
    "265": ".\n----------------------------------------------------------------------\nRan 1 test in 0.000s\n\nOK\n",
    "266": ".\n----------------------------------------------------------------------\nRan 1 test in 0.000s\n\nOK\n",
    "267": ".\n----------------------------------------------------------------------\nRan 1 test in 0.000s\n\nOK\n",
    "268": "F\n======================================================================\nFAIL: test (__main__.Test)\n----------------------------------------------------------------------\nTraceback (most recent call last):\n  File \"/Users/watch/PycharmProjects/XXXX-1-LLM/Temps/mbpp/test_scripts/test268.py\", line 33, in test\n    assert find_star_num(3) == 37\nAssertionError\n\n----------------------------------------------------------------------\nRan 1 test in 0.000s\n\nFAILED (failures=1)\n",
    "269": ".\n----------------------------------------------------------------------\nRan 1 test in 0.000s\n\nOK\n",
    "270": ".\n----------------------------------------------------------------------\nRan 1 test in 0.000s\n\nOK\n",
    "271": "F\n======================================================================\nFAIL: test (__main__.Test)\n----------------------------------------------------------------------\nTraceback (most recent call last):\n  File \"/Users/watch/PycharmProjects/XXXX-1-LLM/Temps/mbpp/test_scripts/test271.py\", line 14, in test\n    assert even_Power_Sum(2) == 1056\nAssertionError\n\n----------------------------------------------------------------------\nRan 1 test in 0.000s\n\nFAILED (failures=1)\n",
    "272": ".\n----------------------------------------------------------------------\nRan 1 test in 0.000s\n\nOK\n",
    "273": ".\n----------------------------------------------------------------------\nRan 1 test in 0.000s\n\nOK\n",
    "274": ".\n----------------------------------------------------------------------\nRan 1 test in 0.000s\n\nOK\n",
    "276": ".\n----------------------------------------------------------------------\nRan 1 test in 0.000s\n\nOK\n",
    "277": ".\n----------------------------------------------------------------------\nRan 1 test in 0.000s\n\nOK\n",
    "278": ".\n----------------------------------------------------------------------\nRan 1 test in 0.000s\n\nOK\n",
    "279": "F\n======================================================================\nFAIL: test (__main__.Test)\n----------------------------------------------------------------------\nTraceback (most recent call last):\n  File \"/Users/watch/PycharmProjects/XXXX-1-LLM/Temps/mbpp/test_scripts/test279.py\", line 19, in test\n    assert is_num_decagonal(3) == 27\nAssertionError\n\n----------------------------------------------------------------------\nRan 1 test in 0.000s\n\nFAILED (failures=1)\n",
    "280": ".\n----------------------------------------------------------------------\nRan 1 test in 0.000s\n\nOK\n",
    "281": ".\n----------------------------------------------------------------------\nRan 1 test in 0.000s\n\nOK\n",
    "282": ".\n----------------------------------------------------------------------\nRan 1 test in 0.000s\n\nOK\n",
    "283": ".\n----------------------------------------------------------------------\nRan 1 test in 0.000s\n\nOK\n",
    "284": ".\n----------------------------------------------------------------------\nRan 1 test in 0.000s\n\nOK\n",
    "285": "E\n======================================================================\nERROR: test (__main__.Test)\n----------------------------------------------------------------------\nTraceback (most recent call last):\n  File \"/Users/watch/PycharmProjects/XXXX-1-LLM/Temps/mbpp/test_scripts/test285.py\", line 25, in test\n    assert text_match_two_three(\"ac\")==(False)\n  File \"/Users/watch/PycharmProjects/XXXX-1-LLM/Temps/mbpp/test_scripts/test285.py\", line 14, in text_match_two_three\n    raise ValueError(\"Input string should only contain 'a' and 'b' characters\")\nValueError: Input string should only contain 'a' and 'b' characters\n\n----------------------------------------------------------------------\nRan 1 test in 0.000s\n\nFAILED (errors=1)\n",
    "286": ".\n----------------------------------------------------------------------\nRan 1 test in 0.000s\n\nOK\n",
    "287": "E\n======================================================================\nERROR: test (__main__.Test)\n----------------------------------------------------------------------\nTraceback (most recent call last):\n  File \"/Users/watch/PycharmProjects/XXXX-1-LLM/Temps/mbpp/test_scripts/test287.py\", line 21, in test\n    assert square_Sum(3) == 56\n  File \"/Users/watch/PycharmProjects/XXXX-1-LLM/Temps/mbpp/test_scripts/test287.py\", line 9, in square_Sum\n    raise ValueError(\"Input must be a positive even integer\")\nValueError: Input must be a positive even integer\n\n----------------------------------------------------------------------\nRan 1 test in 0.000s\n\nFAILED (errors=1)\n",
    "290": ".\n----------------------------------------------------------------------\nRan 1 test in 0.000s\n\nOK\n",
    "291": ".\n----------------------------------------------------------------------\nRan 1 test in 0.000s\n\nOK\n",
    "292": ".\n----------------------------------------------------------------------\nRan 1 test in 0.000s\n\nOK\n",
    "293": ".\n----------------------------------------------------------------------\nRan 1 test in 0.000s\n\nOK\n",
    "294": ".\n----------------------------------------------------------------------\nRan 1 test in 0.000s\n\nOK\n",
    "295": ".\n----------------------------------------------------------------------\nRan 1 test in 0.000s\n\nOK\n",
    "296": ".\n----------------------------------------------------------------------\nRan 1 test in 0.000s\n\nOK\n",
    "297": ".\n----------------------------------------------------------------------\nRan 1 test in 0.000s\n\nOK\n",
    "299": ".\n----------------------------------------------------------------------\nRan 1 test in 0.000s\n\nOK\n",
    "300": "F\n======================================================================\nFAIL: test (__main__.Test)\n----------------------------------------------------------------------\nTraceback (most recent call last):\n  File \"/Users/watch/PycharmProjects/XXXX-1-LLM/Temps/mbpp/test_scripts/test300.py\", line 22, in test\n    assert math.isclose(count_binary_seq(2), 6.0, rel_tol=0.001)\nAssertionError\n\n----------------------------------------------------------------------\nRan 1 test in 0.000s\n\nFAILED (failures=1)\n",
    "301": "E\n======================================================================\nERROR: test (__main__.Test)\n----------------------------------------------------------------------\nTraceback (most recent call last):\n  File \"/Users/watch/PycharmProjects/XXXX-1-LLM/Temps/mbpp/test_scripts/test301.py\", line 20, in test\n    assert dict_depth({'a':1, 'b': {'c':'python'}})==2\n  File \"/Users/watch/PycharmProjects/XXXX-1-LLM/Temps/mbpp/test_scripts/test301.py\", line 12, in dict_depth\n    return max(\n  File \"/Users/watch/PycharmProjects/XXXX-1-LLM/Temps/mbpp/test_scripts/test301.py\", line 13, in <genexpr>\n    dict_depth(value, depth + 1) for value in d.values() if isinstance(value, dict)\n  File \"/Users/watch/PycharmProjects/XXXX-1-LLM/Temps/mbpp/test_scripts/test301.py\", line 12, in dict_depth\n    return max(\nValueError: max() arg is an empty sequence\n\n----------------------------------------------------------------------\nRan 1 test in 0.000s\n\nFAILED (errors=1)\n",
    "304": "E\n======================================================================\nERROR: test (__main__.Test)\n----------------------------------------------------------------------\nTraceback (most recent call last):\n  File \"/Users/watch/PycharmProjects/XXXX-1-LLM/Temps/mbpp/test_scripts/test304.py\", line 24, in test\n    assert find_Element([1,2,3,4,5],[[0,2],[0,3]],2,1) == 3\n  File \"/Users/watch/PycharmProjects/XXXX-1-LLM/Temps/mbpp/test_scripts/test304.py\", line 16, in find_Element\n    arr[r[0] + 1 : r[1] + 1], arr[r[0]] = arr[r[0 : r[1] + 1]], temp\nTypeError: list indices must be integers or slices, not list\n\n----------------------------------------------------------------------\nRan 1 test in 0.000s\n\nFAILED (errors=1)\n",
    "305": "F\n======================================================================\nFAIL: test (__main__.Test)\n----------------------------------------------------------------------\nTraceback (most recent call last):\n  File \"/Users/watch/PycharmProjects/XXXX-1-LLM/Temps/mbpp/test_scripts/test305.py\", line 15, in test\n    assert start_withp([\"Python PHP\", \"Java JavaScript\", \"c c++\"])==('Python', 'PHP')\nAssertionError\n\n----------------------------------------------------------------------\nRan 1 test in 0.000s\n\nFAILED (failures=1)\n",
    "306": "F\n======================================================================\nFAIL: test (__main__.Test)\n----------------------------------------------------------------------\nTraceback (most recent call last):\n  File \"/Users/watch/PycharmProjects/XXXX-1-LLM/Temps/mbpp/test_scripts/test306.py\", line 18, in test\n    assert max_sum_increasing_subseq([1, 101, 2, 3, 100, 4, 5 ], 7, 4, 6) == 11\nAssertionError\n\n----------------------------------------------------------------------\nRan 1 test in 0.000s\n\nFAILED (failures=1)\n",
    "307": "F\n======================================================================\nFAIL: test (__main__.Test)\n----------------------------------------------------------------------\nTraceback (most recent call last):\n  File \"/Users/watch/PycharmProjects/XXXX-1-LLM/Temps/mbpp/test_scripts/test307.py\", line 22, in test\n    assert colon_tuplex((\"HELLO\", 5, [], True) ,2,50)==(\"HELLO\", 5, [50], True)\nAssertionError\n\n----------------------------------------------------------------------\nRan 1 test in 0.000s\n\nFAILED (failures=1)\n",
    "308": ".\n----------------------------------------------------------------------\nRan 1 test in 0.000s\n\nOK\n",
    "309": ".\n----------------------------------------------------------------------\nRan 1 test in 0.000s\n\nOK\n",
    "310": "F\n======================================================================\nFAIL: test (__main__.Test)\n----------------------------------------------------------------------\nTraceback (most recent call last):\n  File \"/Users/watch/PycharmProjects/XXXX-1-LLM/Temps/mbpp/test_scripts/test310.py\", line 23, in test\n    assert string_to_tuple(\"python 3.0\")==('p', 'y', 't', 'h', 'o', 'n', '3', '.', '0')\nAssertionError\n\n----------------------------------------------------------------------\nRan 1 test in 0.000s\n\nFAILED (failures=1)\n",
    "311": "F\n======================================================================\nFAIL: test (__main__.Test)\n----------------------------------------------------------------------\nTraceback (most recent call last):\n  File \"/Users/watch/PycharmProjects/XXXX-1-LLM/Temps/mbpp/test_scripts/test311.py\", line 17, in test\n    assert set_left_most_unset_bit(10) == 14\nAssertionError\n\n----------------------------------------------------------------------\nRan 1 test in 0.000s\n\nFAILED (failures=1)\n",
    "312": ".\n----------------------------------------------------------------------\nRan 1 test in 0.000s\n\nOK\n",
    "388": ".\n----------------------------------------------------------------------\nRan 1 test in 0.000s\n\nOK\n",
    "389": ".\n----------------------------------------------------------------------\nRan 1 test in 0.000s\n\nOK\n",
    "390": ".\n----------------------------------------------------------------------\nRan 1 test in 0.000s\n\nOK\n",
    "391": ".\n----------------------------------------------------------------------\nRan 1 test in 0.000s\n\nOK\n",
    "392": ".\n----------------------------------------------------------------------\nRan 1 test in 0.000s\n\nOK\n",
    "393": ".\n----------------------------------------------------------------------\nRan 1 test in 0.000s\n\nOK\n",
    "394": ".\n----------------------------------------------------------------------\nRan 1 test in 0.000s\n\nOK\n",
    "395": ".\n----------------------------------------------------------------------\nRan 1 test in 0.000s\n\nOK\n",
    "396": ".\n----------------------------------------------------------------------\nRan 1 test in 0.000s\n\nOK\n",
    "397": ".\n----------------------------------------------------------------------\nRan 1 test in 0.000s\n\nOK\n",
    "398": "E\n======================================================================\nERROR: test (__main__.Test)\n----------------------------------------------------------------------\nTraceback (most recent call last):\n  File \"/Users/watch/PycharmProjects/XXXX-1-LLM/Temps/mbpp/test_scripts/test398.py\", line 17, in test\n    assert sum_of_digits([[10,20,4,5,'b',70,'a']])==19\n  File \"/Users/watch/PycharmProjects/XXXX-1-LLM/Temps/mbpp/test_scripts/test398.py\", line 10, in sum_of_digits\n    total_sum += sum(int(digit) for digit in str(num))\n  File \"/Users/watch/PycharmProjects/XXXX-1-LLM/Temps/mbpp/test_scripts/test398.py\", line 10, in <genexpr>\n    total_sum += sum(int(digit) for digit in str(num))\nValueError: invalid literal for int() with base 10: '['\n\n----------------------------------------------------------------------\nRan 1 test in 0.000s\n\nFAILED (errors=1)\n",
    "399": ".\n----------------------------------------------------------------------\nRan 1 test in 0.000s\n\nOK\n",
    "400": "F\n======================================================================\nFAIL: test (__main__.Test)\n----------------------------------------------------------------------\nTraceback (most recent call last):\n  File \"/Users/watch/PycharmProjects/XXXX-1-LLM/Temps/mbpp/test_scripts/test400.py\", line 14, in test\n    assert extract_freq([(3, 4), (1, 2), (4, 3), (5, 6)] ) == 3\nAssertionError\n\n----------------------------------------------------------------------\nRan 1 test in 0.000s\n\nFAILED (failures=1)\n",
    "401": ".\n----------------------------------------------------------------------\nRan 1 test in 0.000s\n\nOK\n",
    "404": "F\n======================================================================\nFAIL: test (__main__.Test)\n----------------------------------------------------------------------\nTraceback (most recent call last):\n  File \"/Users/watch/PycharmProjects/XXXX-1-LLM/Temps/mbpp/test_scripts/test404.py\", line 22, in test\n    assert minimum(0,0) == 0\nAssertionError\n\n----------------------------------------------------------------------\nRan 1 test in 0.000s\n\nFAILED (failures=1)\n",
    "405": ".\n----------------------------------------------------------------------\nRan 1 test in 0.000s\n\nOK\n",
    "406": ".\n----------------------------------------------------------------------\nRan 1 test in 0.000s\n\nOK\n",
    "407": "F\n======================================================================\nFAIL: test (__main__.Test)\n----------------------------------------------------------------------\nTraceback (most recent call last):\n  File \"/Users/watch/PycharmProjects/XXXX-1-LLM/Temps/mbpp/test_scripts/test407.py\", line 30, in test\n    assert rearrange_bigger(10)==False\nAssertionError\n\n----------------------------------------------------------------------\nRan 1 test in 0.000s\n\nFAILED (failures=1)\n",
    "408": ".\n----------------------------------------------------------------------\nRan 1 test in 0.000s\n\nOK\n",
    "409": ".\n----------------------------------------------------------------------\nRan 1 test in 0.000s\n\nOK\n",
    "410": ".\n----------------------------------------------------------------------\nRan 1 test in 0.000s\n\nOK\n",
    "411": ".\n----------------------------------------------------------------------\nRan 1 test in 0.000s\n\nOK\n",
    "412": ".\n----------------------------------------------------------------------\nRan 1 test in 0.000s\n\nOK\n",
    "413": ".\n----------------------------------------------------------------------\nRan 1 test in 0.000s\n\nOK\n",
    "414": ".\n----------------------------------------------------------------------\nRan 1 test in 0.000s\n\nOK\n",
    "415": ".\n----------------------------------------------------------------------\nRan 1 test in 0.000s\n\nOK\n",
    "417": ".\n----------------------------------------------------------------------\nRan 1 test in 0.000s\n\nOK\n",
    "418": ".\n----------------------------------------------------------------------\nRan 1 test in 0.000s\n\nOK\n",
    "419": ".\n----------------------------------------------------------------------\nRan 1 test in 0.000s\n\nOK\n",
    "420": ".\n----------------------------------------------------------------------\nRan 1 test in 0.000s\n\nOK\n",
    "421": ".\n----------------------------------------------------------------------\nRan 1 test in 0.000s\n\nOK\n",
    "422": ".\n----------------------------------------------------------------------\nRan 1 test in 0.000s\n\nOK\n",
    "424": ".\n----------------------------------------------------------------------\nRan 1 test in 0.000s\n\nOK\n",
    "425": ".\n----------------------------------------------------------------------\nRan 1 test in 0.000s\n\nOK\n",
    "426": ".\n----------------------------------------------------------------------\nRan 1 test in 0.000s\n\nOK\n",
    "427": ".\n----------------------------------------------------------------------\nRan 1 test in 0.000s\n\nOK\n",
    "428": ".\n----------------------------------------------------------------------\nRan 1 test in 0.000s\n\nOK\n",
    "429": ".\n----------------------------------------------------------------------\nRan 1 test in 0.000s\n\nOK\n",
    "430": "  File \"/Users/watch/PycharmProjects/XXXX-1-LLM/Temps/mbpp/test_scripts/test430.py\", line 10\n    directrix = # calculation using the given coefficients\n                ^\nSyntaxError: invalid syntax\n",
    "431": "F\n======================================================================\nFAIL: test (__main__.Test)\n----------------------------------------------------------------------\nTraceback (most recent call last):\n  File \"/Users/watch/PycharmProjects/XXXX-1-LLM/Temps/mbpp/test_scripts/test431.py\", line 20, in test\n    assert common_element([1,2,3,4,5], [6,7,8,9])==None\nAssertionError\n\n----------------------------------------------------------------------\nRan 1 test in 0.000s\n\nFAILED (failures=1)\n",
    "432": ".\n----------------------------------------------------------------------\nRan 1 test in 0.000s\n\nOK\n",
    "433": ".\n----------------------------------------------------------------------\nRan 1 test in 0.000s\n\nOK\n",
    "434": ".\n----------------------------------------------------------------------\nRan 1 test in 0.000s\n\nOK\n",
    "435": ".\n----------------------------------------------------------------------\nRan 1 test in 0.000s\n\nOK\n",
    "436": ".\n----------------------------------------------------------------------\nRan 1 test in 0.000s\n\nOK\n",
    "437": ".\n----------------------------------------------------------------------\nRan 1 test in 0.000s\n\nOK\n",
    "438": "F\n======================================================================\nFAIL: test (__main__.Test)\n----------------------------------------------------------------------\nTraceback (most recent call last):\n  File \"/Users/watch/PycharmProjects/XXXX-1-LLM/Temps/mbpp/test_scripts/test438.py\", line 22, in test\n    assert count_bidirectional([(5, 6), (1, 2), (6, 5), (9, 2), (6, 5), (2, 1)] ) == 4\nAssertionError\n\n----------------------------------------------------------------------\nRan 1 test in 0.000s\n\nFAILED (failures=1)\n",
    "439": ".\n----------------------------------------------------------------------\nRan 1 test in 0.000s\n\nOK\n",
    "440": "F\n======================================================================\nFAIL: test (__main__.Test)\n----------------------------------------------------------------------\nTraceback (most recent call last):\n  File \"/Users/watch/PycharmProjects/XXXX-1-LLM/Temps/mbpp/test_scripts/test440.py\", line 26, in test\n    assert find_adverb_position(\"seriously!! there are many roses\")==(0, 9, 'seriously')\nAssertionError\n\n----------------------------------------------------------------------\nRan 1 test in 0.000s\n\nFAILED (failures=1)\n",
    "441": ".\n----------------------------------------------------------------------\nRan 1 test in 0.000s\n\nOK\n",
    "442": ".\n----------------------------------------------------------------------\nRan 1 test in 0.000s\n\nOK\n",
    "443": ".\n----------------------------------------------------------------------\nRan 1 test in 0.000s\n\nOK\n",
    "444": "F\n======================================================================\nFAIL: test (__main__.Test)\n----------------------------------------------------------------------\nTraceback (most recent call last):\n  File \"/Users/watch/PycharmProjects/XXXX-1-LLM/Temps/mbpp/test_scripts/test444.py\", line 18, in test\n    assert trim_tuple([(5, 3, 2, 1, 4), (3, 4, 9, 2, 1),(9, 1, 2, 3, 5), (4, 8, 2, 1, 7)], 2) == '[(2,), (9,), (2,), (2,)]'\nAssertionError\n\n----------------------------------------------------------------------\nRan 1 test in 0.000s\n\nFAILED (failures=1)\n",
    "445": ".\n----------------------------------------------------------------------\nRan 1 test in 0.000s\n\nOK\n",
    "446": ".\n----------------------------------------------------------------------\nRan 1 test in 0.000s\n\nOK\n",
    "447": ".\n----------------------------------------------------------------------\nRan 1 test in 0.000s\n\nOK\n",
    "448": "F\n======================================================================\nFAIL: test (__main__.Test)\n----------------------------------------------------------------------\nTraceback (most recent call last):\n  File \"/Users/watch/PycharmProjects/XXXX-1-LLM/Temps/mbpp/test_scripts/test448.py\", line 41, in test\n    assert cal_sum(9) == 49\nAssertionError\n\n----------------------------------------------------------------------\nRan 1 test in 0.000s\n\nFAILED (failures=1)\n",
    "450": ".\n----------------------------------------------------------------------\nRan 1 test in 0.000s\n\nOK\n",
    "451": ".\n----------------------------------------------------------------------\nRan 1 test in 0.000s\n\nOK\n",
    "452": ".\n----------------------------------------------------------------------\nRan 1 test in 0.000s\n\nOK\n",
    "453": ".\n----------------------------------------------------------------------\nRan 1 test in 0.000s\n\nOK\n",
    "454": ".\n----------------------------------------------------------------------\nRan 1 test in 0.000s\n\nOK\n",
    "455": ".\n----------------------------------------------------------------------\nRan 1 test in 0.000s\n\nOK\n",
    "456": ".\n----------------------------------------------------------------------\nRan 1 test in 0.000s\n\nOK\n",
    "457": "E\n======================================================================\nERROR: test (__main__.Test)\n----------------------------------------------------------------------\nTraceback (most recent call last):\n  File \"/Users/watch/PycharmProjects/XXXX-1-LLM/Temps/mbpp/test_scripts/test457.py\", line 29, in test\n    assert Find_Min([['x'],['x','y'],['x','y','z']]) == ['x']\n  File \"/Users/watch/PycharmProjects/XXXX-1-LLM/Temps/mbpp/test_scripts/test457.py\", line 15, in Find_Min\n    raise ValueError(\"Sublists should only contain integers\")\nValueError: Sublists should only contain integers\n\n----------------------------------------------------------------------\nRan 1 test in 0.000s\n\nFAILED (errors=1)\n",
    "458": ".\n----------------------------------------------------------------------\nRan 1 test in 0.000s\n\nOK\n",
    "459": ".\n----------------------------------------------------------------------\nRan 1 test in 0.000s\n\nOK\n",
    "460": ".\n----------------------------------------------------------------------\nRan 1 test in 0.000s\n\nOK\n",
    "461": "F\n======================================================================\nFAIL: test (__main__.Test)\n----------------------------------------------------------------------\nTraceback (most recent call last):\n  File \"/Users/watch/PycharmProjects/XXXX-1-LLM/Temps/mbpp/test_scripts/test461.py\", line 19, in test\n    assert upper_ctr('PYthon') == 1\nAssertionError\n\n----------------------------------------------------------------------\nRan 1 test in 0.000s\n\nFAILED (failures=1)\n",
    "462": "F\n======================================================================\nFAIL: test (__main__.Test)\n----------------------------------------------------------------------\nTraceback (most recent call last):\n  File \"/Users/watch/PycharmProjects/XXXX-1-LLM/Temps/mbpp/test_scripts/test462.py\", line 29, in test\n    assert combinations_list(['orange', 'red', 'green', 'blue'])==[[], ['orange'], ['red'], ['red', 'orange'], ['green'], ['green', 'orange'], ['green', 'red'], ['green', 'red', 'orange'], ['blue'], ['blue', 'orange'], ['blue', 'red'], ['blue', 'red', 'orange'], ['blue', 'green'], ['blue', 'green', 'orange'], ['blue', 'green', 'red'], ['blue', 'green', 'red', 'orange']]\nAssertionError\n\n----------------------------------------------------------------------\nRan 1 test in 0.000s\n\nFAILED (failures=1)\n",
    "463": ".\n----------------------------------------------------------------------\nRan 1 test in 0.000s\n\nOK\n",
    "464": ".\n----------------------------------------------------------------------\nRan 1 test in 0.000s\n\nOK\n",
    "465": ".\n----------------------------------------------------------------------\nRan 1 test in 0.000s\n\nOK\n",
    "468": "F\n======================================================================\nFAIL: test (__main__.Test)\n----------------------------------------------------------------------\nTraceback (most recent call last):\n  File \"/Users/watch/PycharmProjects/XXXX-1-LLM/Temps/mbpp/test_scripts/test468.py\", line 28, in test\n    assert max_product([3, 100, 4, 5, 150, 6]) == 3000\nAssertionError\n\n----------------------------------------------------------------------\nRan 1 test in 0.000s\n\nFAILED (failures=1)\n",
    "470": ".\n----------------------------------------------------------------------\nRan 1 test in 0.000s\n\nOK\n",
    "471": ".\n----------------------------------------------------------------------\nRan 1 test in 0.000s\n\nOK\n",
    "472": ".\n----------------------------------------------------------------------\nRan 1 test in 0.000s\n\nOK\n",
    "473": "F\n======================================================================\nFAIL: test (__main__.Test)\n----------------------------------------------------------------------\nTraceback (most recent call last):\n  File \"/Users/watch/PycharmProjects/XXXX-1-LLM/Temps/mbpp/test_scripts/test473.py\", line 21, in test\n    assert tuple_intersection([(3, 4), (5, 6), (9, 10), (4, 5)] , [(5, 4), (3, 4), (6, 5), (9, 11)]) == {(4, 5), (3, 4), (5, 6)}\nAssertionError\n\n----------------------------------------------------------------------\nRan 1 test in 0.000s\n\nFAILED (failures=1)\n",
    "474": ".\n----------------------------------------------------------------------\nRan 1 test in 0.000s\n\nOK\n",
    "475": ".\n----------------------------------------------------------------------\nRan 1 test in 0.000s\n\nOK\n",
    "476": ".\n----------------------------------------------------------------------\nRan 1 test in 0.000s\n\nOK\n",
    "477": ".\n----------------------------------------------------------------------\nRan 1 test in 0.000s\n\nOK\n",
    "478": ".\n----------------------------------------------------------------------\nRan 1 test in 0.000s\n\nOK\n",
    "479": ".\n----------------------------------------------------------------------\nRan 1 test in 0.000s\n\nOK\n",
    "554": ".\n----------------------------------------------------------------------\nRan 1 test in 0.000s\n\nOK\n",
    "555": ".\n----------------------------------------------------------------------\nRan 1 test in 0.000s\n\nOK\n",
    "556": ".\n----------------------------------------------------------------------\nRan 1 test in 0.000s\n\nOK\n",
    "557": ".\n----------------------------------------------------------------------\nRan 1 test in 0.000s\n\nOK\n",
    "558": ".\n----------------------------------------------------------------------\nRan 1 test in 0.000s\n\nOK\n",
    "559": ".\n----------------------------------------------------------------------\nRan 1 test in 0.000s\n\nOK\n",
    "560": ".\n----------------------------------------------------------------------\nRan 1 test in 0.000s\n\nOK\n",
    "562": ".\n----------------------------------------------------------------------\nRan 1 test in 0.000s\n\nOK\n",
    "563": ".\n----------------------------------------------------------------------\nRan 1 test in 0.000s\n\nOK\n",
    "564": ".\n----------------------------------------------------------------------\nRan 1 test in 0.000s\n\nOK\n",
    "565": ".\n----------------------------------------------------------------------\nRan 1 test in 0.000s\n\nOK\n",
    "566": ".\n----------------------------------------------------------------------\nRan 1 test in 0.000s\n\nOK\n",
    "567": ".\n----------------------------------------------------------------------\nRan 1 test in 0.000s\n\nOK\n",
    "568": ".\n----------------------------------------------------------------------\nRan 1 test in 0.000s\n\nOK\n",
    "569": ".\n----------------------------------------------------------------------\nRan 1 test in 0.000s\n\nOK\n",
    "572": ".\n----------------------------------------------------------------------\nRan 1 test in 0.000s\n\nOK\n",
    "573": ".\n----------------------------------------------------------------------\nRan 1 test in 0.000s\n\nOK\n",
    "574": "F\n======================================================================\nFAIL: test (__main__.Test)\n----------------------------------------------------------------------\nTraceback (most recent call last):\n  File \"/Users/watch/PycharmProjects/XXXX-1-LLM/Temps/mbpp/test_scripts/test574.py\", line 25, in test\n    assert surfacearea_cylinder(10,5)==942.45\nAssertionError\n\n----------------------------------------------------------------------\nRan 1 test in 0.000s\n\nFAILED (failures=1)\n",
    "576": ".\n----------------------------------------------------------------------\nRan 1 test in 0.000s\n\nOK\n",
    "577": ".\n----------------------------------------------------------------------\nRan 1 test in 0.000s\n\nOK\n",
    "578": ".\n----------------------------------------------------------------------\nRan 1 test in 0.000s\n\nOK\n",
    "579": ".\n----------------------------------------------------------------------\nRan 1 test in 0.000s\n\nOK\n",
    "580": "E\n======================================================================\nERROR: test (__main__.Test)\n----------------------------------------------------------------------\nTraceback (most recent call last):\n  File \"/Users/watch/PycharmProjects/XXXX-1-LLM/Temps/mbpp/test_scripts/test580.py\", line 20, in test\n    assert extract_even((4, 5, (7, 6, (2, 4,)), 6, 8,)) == (4, (6, (2, 4,)), 6, 8)\nTypeError: extract_even() missing 1 required positional argument: 'even_fnc'\n\n----------------------------------------------------------------------\nRan 1 test in 0.000s\n\nFAILED (errors=1)\n",
    "581": "F\n======================================================================\nFAIL: test (__main__.Test)\n----------------------------------------------------------------------\nTraceback (most recent call last):\n  File \"/Users/watch/PycharmProjects/XXXX-1-LLM/Temps/mbpp/test_scripts/test581.py\", line 22, in test\n    assert surface_Area(3,4) == 33\nAssertionError\n\n----------------------------------------------------------------------\nRan 1 test in 0.000s\n\nFAILED (failures=1)\n",
    "582": "E\n======================================================================\nERROR: test (__main__.Test)\n----------------------------------------------------------------------\nTraceback (most recent call last):\n  File \"/Users/watch/PycharmProjects/XXXX-1-LLM/Temps/mbpp/test_scripts/test582.py\", line 16, in test\n    assert my_dict({10})==False\n  File \"/Users/watch/PycharmProjects/XXXX-1-LLM/Temps/mbpp/test_scripts/test582.py\", line 9, in my_dict\n    raise TypeError(\"Input is not a dictionary\")\nTypeError: Input is not a dictionary\n\n----------------------------------------------------------------------\nRan 1 test in 0.000s\n\nFAILED (errors=1)\n",
    "583": ".\n----------------------------------------------------------------------\nRan 1 test in 0.000s\n\nOK\n",
    "584": "F\n======================================================================\nFAIL: test (__main__.Test)\n----------------------------------------------------------------------\nTraceback (most recent call last):\n  File \"/Users/watch/PycharmProjects/XXXX-1-LLM/Temps/mbpp/test_scripts/test584.py\", line 24, in test\n    assert find_adverbs(\"Clearly, he has no excuse for such behavior.\") == '0-7: Clearly'\nAssertionError\n\n----------------------------------------------------------------------\nRan 1 test in 0.000s\n\nFAILED (failures=1)\n",
    "585": ".\n----------------------------------------------------------------------\nRan 1 test in 0.000s\n\nOK\n",
    "586": ".\n----------------------------------------------------------------------\nRan 1 test in 0.000s\n\nOK\n",
    "587": ".\n----------------------------------------------------------------------\nRan 1 test in 0.000s\n\nOK\n",
    "588": ".\n----------------------------------------------------------------------\nRan 1 test in 0.000s\n\nOK\n",
    "589": "F\n======================================================================\nFAIL: test (__main__.Test)\n----------------------------------------------------------------------\nTraceback (most recent call last):\n  File \"/Users/watch/PycharmProjects/XXXX-1-LLM/Temps/mbpp/test_scripts/test589.py\", line 21, in test\n    assert perfect_squares(50,100)==[64, 81, 100]\nAssertionError\n\n----------------------------------------------------------------------\nRan 1 test in 0.000s\n\nFAILED (failures=1)\n",
    "590": "F\n======================================================================\nFAIL: test (__main__.Test)\n----------------------------------------------------------------------\nTraceback (most recent call last):\n  File \"/Users/watch/PycharmProjects/XXXX-1-LLM/Temps/mbpp/test_scripts/test590.py\", line 29, in test\n    assert polar_rect(3,4)==((5.0, 0.9272952180016122), (-2+2.4492935982947064e-16j,))\nAssertionError\n\n----------------------------------------------------------------------\nRan 1 test in 0.001s\n\nFAILED (failures=1)\n",
    "591": ".\n----------------------------------------------------------------------\nRan 1 test in 0.000s\n\nOK\n",
    "592": "F\n======================================================================\nFAIL: test (__main__.Test)\n----------------------------------------------------------------------\nTraceback (most recent call last):\n  File \"/Users/watch/PycharmProjects/XXXX-1-LLM/Temps/mbpp/test_scripts/test592.py\", line 26, in test\n    assert sum_Of_product(4) == 56\nAssertionError\n\n----------------------------------------------------------------------\nRan 1 test in 0.000s\n\nFAILED (failures=1)\n",
    "593": "F\n======================================================================\nFAIL: test (__main__.Test)\n----------------------------------------------------------------------\nTraceback (most recent call last):\n  File \"/Users/watch/PycharmProjects/XXXX-1-LLM/Temps/mbpp/test_scripts/test593.py\", line 32, in test\n    assert removezero_ip(\"12.01.024\")==('12.1.24')\nAssertionError\n\n----------------------------------------------------------------------\nRan 1 test in 0.000s\n\nFAILED (failures=1)\n",
    "594": ".\n----------------------------------------------------------------------\nRan 1 test in 0.000s\n\nOK\n",
    "595": "F\n======================================================================\nFAIL: test (__main__.Test)\n----------------------------------------------------------------------\nTraceback (most recent call last):\n  File \"/Users/watch/PycharmProjects/XXXX-1-LLM/Temps/mbpp/test_scripts/test595.py\", line 35, in test\n    assert min_Swaps(\"1101\",\"1110\") == 1\nAssertionError\n\n----------------------------------------------------------------------\nRan 1 test in 0.000s\n\nFAILED (failures=1)\n",
    "596": ".\n----------------------------------------------------------------------\nRan 1 test in 0.000s\n\nOK\n",
    "597": "F\n======================================================================\nFAIL: test (__main__.Test)\n----------------------------------------------------------------------\nTraceback (most recent call last):\n  File \"/Users/watch/PycharmProjects/XXXX-1-LLM/Temps/mbpp/test_scripts/test597.py\", line 29, in test\n    assert find_kth([100, 112, 256, 349, 770], [72, 86, 113, 119, 265, 445, 892], 7) == 256\nAssertionError\n\n----------------------------------------------------------------------\nRan 1 test in 0.000s\n\nFAILED (failures=1)\n",
    "598": ".\n----------------------------------------------------------------------\nRan 1 test in 0.000s\n\nOK\n",
    "599": ".\n----------------------------------------------------------------------\nRan 1 test in 0.000s\n\nOK\n",
    "600": ".\n----------------------------------------------------------------------\nRan 1 test in 0.000s\n\nOK\n",
    "602": "F\n======================================================================\nFAIL: test (__main__.Test)\n----------------------------------------------------------------------\nTraceback (most recent call last):\n  File \"/Users/watch/PycharmProjects/XXXX-1-LLM/Temps/mbpp/test_scripts/test602.py\", line 23, in test\n    assert first_repeated_char(\"abc\") == None\nAssertionError\n\n----------------------------------------------------------------------\nRan 1 test in 0.000s\n\nFAILED (failures=1)\n",
    "603": "F\n======================================================================\nFAIL: test (__main__.Test)\n----------------------------------------------------------------------\nTraceback (most recent call last):\n  File \"/Users/watch/PycharmProjects/XXXX-1-LLM/Temps/mbpp/test_scripts/test603.py\", line 26, in test\n    assert get_ludic(10) == [1, 2, 3, 5, 7]\nAssertionError\n\n----------------------------------------------------------------------\nRan 1 test in 0.000s\n\nFAILED (failures=1)\n",
    "604": ".\n----------------------------------------------------------------------\nRan 1 test in 0.000s\n\nOK\n",
    "605": ".\n----------------------------------------------------------------------\nRan 1 test in 0.000s\n\nOK\n",
    "606": ".\n----------------------------------------------------------------------\nRan 1 test in 0.000s\n\nOK\n",
    "607": ".\n----------------------------------------------------------------------\nRan 1 test in 0.000s\n\nOK\n",
    "608": ".\n----------------------------------------------------------------------\nRan 1 test in 0.000s\n\nOK\n",
    "610": ".\n----------------------------------------------------------------------\nRan 1 test in 0.000s\n\nOK\n",
    "611": "F\n======================================================================\nFAIL: test (__main__.Test)\n----------------------------------------------------------------------\nTraceback (most recent call last):\n  File \"/Users/watch/PycharmProjects/XXXX-1-LLM/Temps/mbpp/test_scripts/test611.py\", line 20, in test\n    assert max_of_nth([[5, 6, 7], [1, 3, 5], [8, 9, 19]], 2) == 19\nAssertionError\n\n----------------------------------------------------------------------\nRan 1 test in 0.000s\n\nFAILED (failures=1)\n",
    "612": "F\n======================================================================\nFAIL: test (__main__.Test)\n----------------------------------------------------------------------\nTraceback (most recent call last):\n  File \"/Users/watch/PycharmProjects/XXXX-1-LLM/Temps/mbpp/test_scripts/test612.py\", line 18, in test\n    assert merge([['x', 'y','z' ], ['a', 'b','c'], ['m', 'n','o']]) == [['x', 'a', 'm'], ['y', 'b', 'n'],['z', 'c','o']]\nAssertionError\n\n----------------------------------------------------------------------\nRan 1 test in 0.000s\n\nFAILED (failures=1)\n",
    "614": ".\n----------------------------------------------------------------------\nRan 1 test in 0.000s\n\nOK\n",
    "615": "F\n======================================================================\nFAIL: test (__main__.Test)\n----------------------------------------------------------------------\nTraceback (most recent call last):\n  File \"/Users/watch/PycharmProjects/XXXX-1-LLM/Temps/mbpp/test_scripts/test615.py\", line 25, in test\n    assert average_tuple(((10, 10, 10, 12), (30, 45, 56, 45), (81, 80, 39, 32), (1, 2, 3, 4,)))==[30.5, 34.25, 27.0, 23.25]\nAssertionError\n\n----------------------------------------------------------------------\nRan 1 test in 0.000s\n\nFAILED (failures=1)\n",
    "616": ".\n----------------------------------------------------------------------\nRan 1 test in 0.000s\n\nOK\n",
    "617": "F\n======================================================================\nFAIL: test (__main__.Test)\n----------------------------------------------------------------------\nTraceback (most recent call last):\n  File \"/Users/watch/PycharmProjects/XXXX-1-LLM/Temps/mbpp/test_scripts/test617.py\", line 23, in test\n    assert min_Jumps((3,4),11)==3.5\nAssertionError\n\n----------------------------------------------------------------------\nRan 1 test in 0.000s\n\nFAILED (failures=1)\n",
    "618": ".\n----------------------------------------------------------------------\nRan 1 test in 0.000s\n\nOK\n",
    "619": ".\n----------------------------------------------------------------------\nRan 1 test in 0.000s\n\nOK\n",
    "620": "F\n======================================================================\nFAIL: test (__main__.Test)\n----------------------------------------------------------------------\nTraceback (most recent call last):\n  File \"/Users/watch/PycharmProjects/XXXX-1-LLM/Temps/mbpp/test_scripts/test620.py\", line 29, in test\n    assert largest_subset([ 1, 3, 6, 13, 17, 18 ]) == 4\nAssertionError\n\n----------------------------------------------------------------------\nRan 1 test in 0.000s\n\nFAILED (failures=1)\n",
    "622": "F\n======================================================================\nFAIL: test (__main__.Test)\n----------------------------------------------------------------------\nTraceback (most recent call last):\n  File \"/Users/watch/PycharmProjects/XXXX-1-LLM/Temps/mbpp/test_scripts/test622.py\", line 36, in test\n    assert get_median([1, 12, 15, 26, 38], [2, 13, 17, 30, 45], 5) == 16.0\nAssertionError\n\n----------------------------------------------------------------------\nRan 1 test in 0.000s\n\nFAILED (failures=1)\n",
    "623": ".\n----------------------------------------------------------------------\nRan 1 test in 0.000s\n\nOK\n",
    "624": ".\n----------------------------------------------------------------------\nRan 1 test in 0.000s\n\nOK\n",
    "625": ".\n----------------------------------------------------------------------\nRan 1 test in 0.000s\n\nOK\n",
    "626": "F\n======================================================================\nFAIL: test (__main__.Test)\n----------------------------------------------------------------------\nTraceback (most recent call last):\n  File \"/Users/watch/PycharmProjects/XXXX-1-LLM/Temps/mbpp/test_scripts/test626.py\", line 25, in test\n    assert triangle_area(2) == 4\nAssertionError\n\n----------------------------------------------------------------------\nRan 1 test in 0.000s\n\nFAILED (failures=1)\n",
    "627": ".\n----------------------------------------------------------------------\nRan 1 test in 0.000s\n\nOK\n",
    "628": ".\n----------------------------------------------------------------------\nRan 1 test in 0.000s\n\nOK\n",
    "629": ".\n----------------------------------------------------------------------\nRan 1 test in 0.000s\n\nOK\n",
    "630": "Traceback (most recent call last):\n  File \"/Users/watch/PycharmProjects/XXXX-1-LLM/Temps/mbpp/test_scripts/test630.py\", line 19, in <module>\n    assert get_adjacent_coordinates((3, 4), (5, 5)) == [\nNameError: name 'get_adjacent_coordinates' is not defined\n",
    "631": "F\n======================================================================\nFAIL: test (__main__.Test)\n----------------------------------------------------------------------\nTraceback (most recent call last):\n  File \"/Users/watch/PycharmProjects/XXXX-1-LLM/Temps/mbpp/test_scripts/test631.py\", line 14, in test\n    assert replace_spaces('The_Avengers') == 'The Avengers'\nAssertionError\n\n----------------------------------------------------------------------\nRan 1 test in 0.000s\n\nFAILED (failures=1)\n",
    "632": ".\n----------------------------------------------------------------------\nRan 1 test in 0.000s\n\nOK\n",
    "633": ".\n----------------------------------------------------------------------\nRan 1 test in 0.000s\n\nOK\n",
    "635": ".\n----------------------------------------------------------------------\nRan 1 test in 0.000s\n\nOK\n",
    "637": ".\n----------------------------------------------------------------------\nRan 1 test in 0.000s\n\nOK\n",
    "638": "F\n======================================================================\nFAIL: test (__main__.Test)\n----------------------------------------------------------------------\nTraceback (most recent call last):\n  File \"/Users/watch/PycharmProjects/XXXX-1-LLM/Temps/mbpp/test_scripts/test638.py\", line 22, in test\n    assert wind_chill(120,35)==40\nAssertionError\n\n----------------------------------------------------------------------\nRan 1 test in 0.000s\n\nFAILED (failures=1)\n",
    "639": ".\n----------------------------------------------------------------------\nRan 1 test in 0.000s\n\nOK\n",
    "640": "F\n======================================================================\nFAIL: test (__main__.Test)\n----------------------------------------------------------------------\nTraceback (most recent call last):\n  File \"/Users/watch/PycharmProjects/XXXX-1-LLM/Temps/mbpp/test_scripts/test640.py\", line 25, in test\n    assert remove_parenthesis([\"python (chrome)\"])==(\"python\")\nAssertionError\n\n----------------------------------------------------------------------\nRan 1 test in 0.000s\n\nFAILED (failures=1)\n",
    "641": ".\n----------------------------------------------------------------------\nRan 1 test in 0.000s\n\nOK\n",
    "643": "F\n======================================================================\nFAIL: test (__main__.Test)\n----------------------------------------------------------------------\nTraceback (most recent call last):\n  File \"/Users/watch/PycharmProjects/XXXX-1-LLM/Temps/mbpp/test_scripts/test643.py\", line 24, in test\n    assert text_match_wordz_middle(\"zxyabc.\")==False\nAssertionError\n\n----------------------------------------------------------------------\nRan 1 test in 0.000s\n\nFAILED (failures=1)\n",
    "644": ".\n----------------------------------------------------------------------\nRan 1 test in 0.000s\n\nOK\n",
    "720": ".\n----------------------------------------------------------------------\nRan 1 test in 0.000s\n\nOK\n",
    "721": ".\n----------------------------------------------------------------------\nRan 1 test in 0.000s\n\nOK\n",
    "722": ".\n----------------------------------------------------------------------\nRan 1 test in 0.000s\n\nOK\n",
    "723": "F\n======================================================================\nFAIL: test (__main__.Test)\n----------------------------------------------------------------------\nTraceback (most recent call last):\n  File \"/Users/watch/PycharmProjects/XXXX-1-LLM/Temps/mbpp/test_scripts/test723.py\", line 22, in test\n    assert count_same_pair([2, 4, -6, -9, 11, -12, 14, -5, 17],[2, 1, 2, -1, -5, 6, 4, -3, -2, 3, 4, 6, 8])==1\nAssertionError\n\n----------------------------------------------------------------------\nRan 1 test in 0.000s\n\nFAILED (failures=1)\n",
    "724": ".\n----------------------------------------------------------------------\nRan 1 test in 0.000s\n\nOK\n",
    "725": ".\n----------------------------------------------------------------------\nRan 1 test in 0.000s\n\nOK\n",
    "726": "  File \"/Users/watch/PycharmProjects/XXXX-1-LLM/Temps/mbpp/test_scripts/test726.py\", line 25\n    assert multiply_elements((12,,)) == ()\n                                 ^\nSyntaxError: invalid syntax\n",
    "728": "[5, 7, 9]\n[]\nInput lists must be of the same length\n.\n----------------------------------------------------------------------\nRan 1 test in 0.000s\n\nOK\n",
    "730": ".\n----------------------------------------------------------------------\nRan 1 test in 0.000s\n\nOK\n",
    "731": "F\n======================================================================\nFAIL: test (__main__.Test)\n----------------------------------------------------------------------\nTraceback (most recent call last):\n  File \"/Users/watch/PycharmProjects/XXXX-1-LLM/Temps/mbpp/test_scripts/test731.py\", line 19, in test\n    assert lateralsurface_cone(5,12)==204.20352248333654\nAssertionError\n\n----------------------------------------------------------------------\nRan 1 test in 0.000s\n\nFAILED (failures=1)\n",
    "732": ".\n----------------------------------------------------------------------\nRan 1 test in 0.000s\n\nOK\n",
    "733": ".\n----------------------------------------------------------------------\nRan 1 test in 0.000s\n\nOK\n",
    "734": ".\n----------------------------------------------------------------------\nRan 1 test in 0.000s\n\nOK\n",
    "735": ".\n----------------------------------------------------------------------\nRan 1 test in 0.000s\n\nOK\n",
    "736": ".\n----------------------------------------------------------------------\nRan 1 test in 0.000s\n\nOK\n",
    "737": ".\n----------------------------------------------------------------------\nRan 1 test in 0.000s\n\nOK\n",
    "738": "F\n======================================================================\nFAIL: test (__main__.Test)\n----------------------------------------------------------------------\nTraceback (most recent call last):\n  File \"/Users/watch/PycharmProjects/XXXX-1-LLM/Temps/mbpp/test_scripts/test738.py\", line 30, in test\n    assert geometric_sum(8) == 1.99609375\nAssertionError\n\n----------------------------------------------------------------------\nRan 1 test in 0.000s\n\nFAILED (failures=1)\n",
    "739": ".\n----------------------------------------------------------------------\nRan 1 test in 0.000s\n\nOK\n",
    "740": ".\n----------------------------------------------------------------------\nRan 1 test in 0.000s\n\nOK\n",
    "741": ".\n----------------------------------------------------------------------\nRan 1 test in 0.000s\n\nOK\n",
    "742": ".\n----------------------------------------------------------------------\nRan 1 test in 0.000s\n\nOK\n",
    "743": ".\n----------------------------------------------------------------------\nRan 1 test in 0.000s\n\nOK\n",
    "744": ".\n----------------------------------------------------------------------\nRan 1 test in 0.000s\n\nOK\n",
    "745": "F\n======================================================================\nFAIL: test (__main__.Test)\n----------------------------------------------------------------------\nTraceback (most recent call last):\n  File \"/Users/watch/PycharmProjects/concordia-LLM/Temps/mbpp/test_scripts/test745.py\", line 21, in test\n    assert divisible_by_digits(1,22)==[1, 2, 3, 4, 5, 6, 7, 8, 9, 11, 12, 15, 22]\nAssertionError\n\n----------------------------------------------------------------------\nRan 1 test in 0.000s\n\nFAILED (failures=1)\n",
    "746": "F\n======================================================================\nFAIL: test (__main__.Test)\n----------------------------------------------------------------------\nTraceback (most recent call last):\n  File \"/Users/watch/PycharmProjects/XXXX-1-LLM/Temps/mbpp/test_scripts/test746.py\", line 17, in test\n    assert sector_area(4,45)==6.283185307179586\nAssertionError\n\n----------------------------------------------------------------------\nRan 1 test in 0.000s\n\nFAILED (failures=1)\n",
    "747": ".\n----------------------------------------------------------------------\nRan 1 test in 0.000s\n\nOK\n",
    "748": ".\n----------------------------------------------------------------------\nRan 1 test in 0.000s\n\nOK\n",
    "749": ".\n----------------------------------------------------------------------\nRan 1 test in 0.000s\n\nOK\n",
    "750": ".\n----------------------------------------------------------------------\nRan 1 test in 0.000s\n\nOK\n",
    "751": ".\n----------------------------------------------------------------------\nRan 1 test in 0.000s\n\nOK\n",
    "752": "F\n======================================================================\nFAIL: test (__main__.Test)\n----------------------------------------------------------------------\nTraceback (most recent call last):\n  File \"/Users/watch/PycharmProjects/XXXX-1-LLM/Temps/mbpp/test_scripts/test752.py\", line 23, in test\n    assert jacobsthal_num(5) == 11\nAssertionError\n\n----------------------------------------------------------------------\nRan 1 test in 0.000s\n\nFAILED (failures=1)\n",
    "753": ".\n----------------------------------------------------------------------\nRan 1 test in 0.000s\n\nOK\n",
    "754": ".\n----------------------------------------------------------------------\nRan 1 test in 0.000s\n\nOK\n",
    "755": ".\n----------------------------------------------------------------------\nRan 1 test in 0.000s\n\nOK\n",
    "756": ".\n----------------------------------------------------------------------\nRan 1 test in 0.000s\n\nOK\n",
    "757": ".\n----------------------------------------------------------------------\nRan 1 test in 0.000s\n\nOK\n",
    "758": ".\n----------------------------------------------------------------------\nRan 1 test in 0.000s\n\nOK\n",
    "759": ".\n----------------------------------------------------------------------\nRan 1 test in 0.000s\n\nOK\n",
    "760": ".\n----------------------------------------------------------------------\nRan 1 test in 0.000s\n\nOK\n",
    "762": "F\n======================================================================\nFAIL: test (__main__.Test)\n----------------------------------------------------------------------\nTraceback (most recent call last):\n  File \"/Users/watch/PycharmProjects/XXXX-1-LLM/Temps/mbpp/test_scripts/test762.py\", line 28, in test\n    assert check_monthnumber_number(2)==False\nAssertionError\n\n----------------------------------------------------------------------\nRan 1 test in 0.000s\n\nFAILED (failures=1)\n",
    "763": "E\n======================================================================\nERROR: test (__main__.Test)\n----------------------------------------------------------------------\nTraceback (most recent call last):\n  File \"/Users/watch/PycharmProjects/XXXX-1-LLM/Temps/mbpp/test_scripts/test763.py\", line 19, in test\n    assert find_min_diff((1,5,3,19,18,25),6) == 1\n  File \"/Users/watch/PycharmProjects/XXXX-1-LLM/Temps/mbpp/test_scripts/test763.py\", line 8, in find_min_diff\n    arr.sort()\nAttributeError: 'tuple' object has no attribute 'sort'\n\n----------------------------------------------------------------------\nRan 1 test in 0.000s\n\nFAILED (errors=1)\n",
    "764": ".\n----------------------------------------------------------------------\nRan 1 test in 0.000s\n\nOK\n",
    "765": "F\n======================================================================\nFAIL: test (__main__.Test)\n----------------------------------------------------------------------\nTraceback (most recent call last):\n  File \"/Users/watch/PycharmProjects/XXXX-1-LLM/Temps/mbpp/test_scripts/test765.py\", line 26, in test\n    assert is_polite(7) == 11\nAssertionError\n\n----------------------------------------------------------------------\nRan 1 test in 0.000s\n\nFAILED (failures=1)\n",
    "766": ".\n----------------------------------------------------------------------\nRan 1 test in 0.000s\n\nOK\n",
    "767": ".\n----------------------------------------------------------------------\nRan 1 test in 0.000s\n\nOK\n",
    "769": "F\n======================================================================\nFAIL: test (__main__.Test)\n----------------------------------------------------------------------\nTraceback (most recent call last):\n  File \"/Users/watch/PycharmProjects/XXXX-1-LLM/Temps/mbpp/test_scripts/test769.py\", line 17, in test\n    assert (Diff([10, 15, 20, 25, 30, 35, 40], [25, 40, 35],)) == [10, 20, 30, 15]\nAssertionError\n\n----------------------------------------------------------------------\nRan 1 test in 0.000s\n\nFAILED (failures=1)\n",
    "770": ".\n----------------------------------------------------------------------\nRan 1 test in 0.000s\n\nOK\n",
    "771": ".\n----------------------------------------------------------------------\nRan 1 test in 0.000s\n\nOK\n",
    "772": ".\n----------------------------------------------------------------------\nRan 1 test in 0.000s\n\nOK\n",
    "773": "Traceback (most recent call last):\n  File \"/Users/watch/PycharmProjects/XXXX-1-LLM/Temps/mbpp/test_scripts/test773.py\", line 30, in <module>\n    assert occurrence_substring(\"python programming, python language\", \"python\") == (\nNameError: name 'occurrence_substring' is not defined\n",
    "775": ".\n----------------------------------------------------------------------\nRan 1 test in 0.000s\n\nOK\n",
    "776": "F\n======================================================================\nFAIL: test (__main__.Test)\n----------------------------------------------------------------------\nTraceback (most recent call last):\n  File \"/Users/watch/PycharmProjects/XXXX-1-LLM/Temps/mbpp/test_scripts/test776.py\", line 20, in test\n    assert count_vowels('bestinstareels') == 7\nAssertionError\n\n----------------------------------------------------------------------\nRan 1 test in 0.000s\n\nFAILED (failures=1)\n",
    "777": "F\n======================================================================\nFAIL: test (__main__.Test)\n----------------------------------------------------------------------\nTraceback (most recent call last):\n  File \"/Users/watch/PycharmProjects/XXXX-1-LLM/Temps/mbpp/test_scripts/test777.py\", line 24, in test\n    assert find_sum([1,2,3,1,1,4,5,6]) == 21\nAssertionError\n\n----------------------------------------------------------------------\nRan 1 test in 0.000s\n\nFAILED (failures=1)\n",
    "778": ".\n----------------------------------------------------------------------\nRan 1 test in 0.000s\n\nOK\n",
    "779": ".\n----------------------------------------------------------------------\nRan 1 test in 0.000s\n\nOK\n",
    "780": ".\n----------------------------------------------------------------------\nRan 1 test in 0.000s\n\nOK\n",
    "781": ".\n----------------------------------------------------------------------\nRan 1 test in 0.000s\n\nOK\n",
    "782": ".\n----------------------------------------------------------------------\nRan 1 test in 0.000s\n\nOK\n",
    "783": "F\n======================================================================\nFAIL: test (__main__.Test)\n----------------------------------------------------------------------\nTraceback (most recent call last):\n  File \"/Users/watch/PycharmProjects/XXXX-1-LLM/Temps/mbpp/test_scripts/test783.py\", line 45, in test\n    assert rgb_to_hsv(0, 215, 0)==(120.0, 100.0, 84.31372549019608)\nAssertionError\n\n----------------------------------------------------------------------\nRan 1 test in 0.000s\n\nFAILED (failures=1)\n",
    "784": "4\nNone\nNone\nNone\nNone\nError\nError\n999999000000\n999999000000\n.\n----------------------------------------------------------------------\nRan 1 test in 0.000s\n\nOK\n",
    "785": ".\n----------------------------------------------------------------------\nRan 1 test in 0.000s\n\nOK\n",
    "786": ".\n----------------------------------------------------------------------\nRan 1 test in 0.000s\n\nOK\n",
    "787": "F\n======================================================================\nFAIL: test (__main__.Test)\n----------------------------------------------------------------------\nTraceback (most recent call last):\n  File \"/Users/watch/PycharmProjects/XXXX-1-LLM/Temps/mbpp/test_scripts/test787.py\", line 23, in test\n    assert text_match_three(\"abbbba\")\nAssertionError\n\n----------------------------------------------------------------------\nRan 1 test in 0.000s\n\nFAILED (failures=1)\n",
    "788": ".\n----------------------------------------------------------------------\nRan 1 test in 0.000s\n\nOK\n",
    "790": ".\n----------------------------------------------------------------------\nRan 1 test in 0.000s\n\nOK\n",
    "791": "F\n======================================================================\nFAIL: test (__main__.Test)\n----------------------------------------------------------------------\nTraceback (most recent call last):\n  File \"/Users/watch/PycharmProjects/XXXX-1-LLM/Temps/mbpp/test_scripts/test791.py\", line 19, in test\n    assert remove_nested((1, 5, 7, (4, 6), 10,)) == (1, 5, 7, 10)\nAssertionError\n\n----------------------------------------------------------------------\nRan 1 test in 0.000s\n\nFAILED (failures=1)\n",
    "792": ".\n----------------------------------------------------------------------\nRan 1 test in 0.000s\n\nOK\n",
    "793": ".\n----------------------------------------------------------------------\nRan 1 test in 0.000s\n\nOK\n",
    "794": ".\n----------------------------------------------------------------------\nRan 1 test in 0.000s\n\nOK\n",
    "796": ".\n----------------------------------------------------------------------\nRan 1 test in 0.000s\n\nOK\n",
    "797": ".\n----------------------------------------------------------------------\nRan 1 test in 0.000s\n\nOK\n",
    "798": ".\n----------------------------------------------------------------------\nRan 1 test in 0.000s\n\nOK\n",
    "799": ".\n----------------------------------------------------------------------\nRan 1 test in 0.000s\n\nOK\n",
    "800": ".\n----------------------------------------------------------------------\nRan 1 test in 0.000s\n\nOK\n",
    "801": ".\n----------------------------------------------------------------------\nRan 1 test in 0.000s\n\nOK\n",
    "802": "F\n======================================================================\nFAIL: test (__main__.Test)\n----------------------------------------------------------------------\nTraceback (most recent call last):\n  File \"/Users/watch/PycharmProjects/XXXX-1-LLM/Temps/mbpp/test_scripts/test802.py\", line 24, in test\n    assert count_rotation([4,5,1,2,3]) == 2\nAssertionError\n\n----------------------------------------------------------------------\nRan 1 test in 0.000s\n\nFAILED (failures=1)\n",
    "803": ".\n----------------------------------------------------------------------\nRan 1 test in 0.000s\n\nOK\n",
    "804": ".\n----------------------------------------------------------------------\nRan 1 test in 0.000s\n\nOK\n",
    "805": ".\n----------------------------------------------------------------------\nRan 1 test in 0.000s\n\nOK\n",
    "806": ".\n----------------------------------------------------------------------\nRan 1 test in 0.000s\n\nOK\n",
    "807": ".\n----------------------------------------------------------------------\nRan 1 test in 0.000s\n\nOK\n",
    "808": ".\n----------------------------------------------------------------------\nRan 1 test in 0.000s\n\nOK\n",
    "809": ".\n----------------------------------------------------------------------\nRan 1 test in 0.000s\n\nOK\n"
}