{
    "HumanEval/0": ".\n----------------------------------------------------------------------\nRan 1 test in 0.000s\n\nOK\n",
    "HumanEval/1": ".\n----------------------------------------------------------------------\nRan 1 test in 0.000s\n\nOK\n",
    "HumanEval/2": "F\n======================================================================\nFAIL: test (__main__.Test)\n----------------------------------------------------------------------\nTraceback (most recent call last):\n  File \"/Users/watch/PycharmProjects/XXXX-1-LLM/Temps/ET-extra-test/test_scripts/test2.py\", line 16, in test\n    assert truncate_number(3.452) == 0.452\nAssertionError\n\n----------------------------------------------------------------------\nRan 1 test in 0.000s\n\nFAILED (failures=1)\n",
    "HumanEval/3": ".\n----------------------------------------------------------------------\nRan 1 test in 0.000s\n\nOK\n",
    "HumanEval/4": ".\n----------------------------------------------------------------------\nRan 1 test in 0.000s\n\nOK\n",
    "HumanEval/5": ".\n----------------------------------------------------------------------\nRan 1 test in 0.000s\n\nOK\n",
    "HumanEval/6": ".\n----------------------------------------------------------------------\nRan 1 test in 0.001s\n\nOK\n",
    "HumanEval/7": ".\n----------------------------------------------------------------------\nRan 1 test in 0.000s\n\nOK\n",
    "HumanEval/8": ".\n----------------------------------------------------------------------\nRan 1 test in 0.000s\n\nOK\n",
    "HumanEval/9": ".\n----------------------------------------------------------------------\nRan 1 test in 0.000s\n\nOK\n",
    "HumanEval/13": ".\n----------------------------------------------------------------------\nRan 1 test in 0.000s\n\nOK\n",
    "HumanEval/14": ".\n----------------------------------------------------------------------\nRan 1 test in 0.000s\n\nOK\n",
    "HumanEval/10": ".\n----------------------------------------------------------------------\nRan 1 test in 0.000s\n\nOK\n",
    "HumanEval/11": "E\n======================================================================\nERROR: test (__main__.Test)\n----------------------------------------------------------------------\nTraceback (most recent call last):\n  File \"/Users/watch/PycharmProjects/XXXX-1-LLM/Temps/ET-extra-test/test_scripts/test11.py\", line 19, in test\n    assert string_xor('9899538', '0376864') == '1111111'\n  File \"/Users/watch/PycharmProjects/XXXX-1-LLM/Temps/ET-extra-test/test_scripts/test11.py\", line 11, in string_xor\n    raise ValueError(\"Input strings should consist only of 1s and 0s\")\nValueError: Input strings should consist only of 1s and 0s\n\n----------------------------------------------------------------------\nRan 1 test in 0.000s\n\nFAILED (errors=1)\n",
    "HumanEval/12": ".\n----------------------------------------------------------------------\nRan 1 test in 0.000s\n\nOK\n",
    "HumanEval/15": ".\n----------------------------------------------------------------------\nRan 1 test in 0.000s\n\nOK\n",
    "HumanEval/16": ".\n----------------------------------------------------------------------\nRan 1 test in 0.000s\n\nOK\n",
    "HumanEval/17": ".\n----------------------------------------------------------------------\nRan 1 test in 0.000s\n\nOK\n",
    "HumanEval/18": "F\n======================================================================\nFAIL: test (__main__.Test)\n----------------------------------------------------------------------\nTraceback (most recent call last):\n  File \"/Users/watch/PycharmProjects/XXXX-1-LLM/Temps/ET-extra-test/test_scripts/test18.py\", line 39, in test\n    assert how_many_times('z', '') == 2\nAssertionError\n\n----------------------------------------------------------------------\nRan 1 test in 0.000s\n\nFAILED (failures=1)\n",
    "HumanEval/19": "F\n======================================================================\nFAIL: test (__main__.Test)\n----------------------------------------------------------------------\nTraceback (most recent call last):\n  File \"/Users/watch/PycharmProjects/XXXX-1-LLM/Temps/ET-extra-test/test_scripts/test19.py\", line 16, in test\n    assert sort_numbers(\"one six one six six seven\") == 'one one six six six seven'\nAssertionError\n\n----------------------------------------------------------------------\nRan 1 test in 0.000s\n\nFAILED (failures=1)\n",
    "HumanEval/20": "(2.0, 2.2)\n(2.0, 2.0)\n.\n----------------------------------------------------------------------\nRan 1 test in 0.000s\n\nOK\n",
    "HumanEval/21": "F\n======================================================================\nFAIL: test (__main__.Test)\n----------------------------------------------------------------------\nTraceback (most recent call last):\n  File \"/Users/watch/PycharmProjects/XXXX-1-LLM/Temps/ET-extra-test/test_scripts/test21.py\", line 29, in test\n    assert rescale_to_unit([99.9, 47.9]) == [1.0, 0.0]\nAssertionError\n\n----------------------------------------------------------------------\nRan 1 test in 0.000s\n\nFAILED (failures=1)\n",
    "HumanEval/22": ".\n----------------------------------------------------------------------\nRan 1 test in 0.000s\n\nOK\n",
    "HumanEval/23": ".\n----------------------------------------------------------------------\nRan 1 test in 0.000s\n\nOK\n",
    "HumanEval/24": "F\n======================================================================\nFAIL: test (__main__.Test)\n----------------------------------------------------------------------\nTraceback (most recent call last):\n  File \"/Users/watch/PycharmProjects/XXXX-1-LLM/Temps/ET-extra-test/test_scripts/test24.py\", line 19, in test\n    assert largest_divisor(47) == 1\nAssertionError\n\n----------------------------------------------------------------------\nRan 1 test in 0.000s\n\nFAILED (failures=1)\n",
    "HumanEval/25": ".\n----------------------------------------------------------------------\nRan 1 test in 0.016s\n\nOK\n",
    "HumanEval/26": "F\n======================================================================\nFAIL: test (__main__.Test)\n----------------------------------------------------------------------\nTraceback (most recent call last):\n  File \"/Users/watch/PycharmProjects/XXXX-1-LLM/Temps/ET-extra-test/test_scripts/test26.py\", line 18, in test\n    assert remove_duplicates([1, 2, 3, 2, 4, 3, 5]) == [1, 4, 5]\nAssertionError\n\n----------------------------------------------------------------------\nRan 1 test in 0.000s\n\nFAILED (failures=1)\n",
    "HumanEval/27": ".\n----------------------------------------------------------------------\nRan 1 test in 0.000s\n\nOK\n",
    "HumanEval/28": ".\n----------------------------------------------------------------------\nRan 1 test in 0.000s\n\nOK\n",
    "HumanEval/29": ".\n----------------------------------------------------------------------\nRan 1 test in 0.000s\n\nOK\n",
    "HumanEval/30": ".\n----------------------------------------------------------------------\nRan 1 test in 0.000s\n\nOK\n",
    "HumanEval/31": ".\n----------------------------------------------------------------------\nRan 1 test in 0.000s\n\nOK\n",
    "HumanEval/32": "F\n======================================================================\nFAIL: test (__main__.Test)\n----------------------------------------------------------------------\nTraceback (most recent call last):\n  File \"/Users/watch/PycharmProjects/XXXX-1-LLM/Temps/ET-extra-test/test_scripts/test32.py\", line 26, in test\n    assert abs(find_zero([11, 4, -10, 12, 7, -4]) - -0.77267882990418) < 1e-6\nAssertionError\n\n----------------------------------------------------------------------\nRan 1 test in 0.000s\n\nFAILED (failures=1)\n",
    "HumanEval/33": ".\n----------------------------------------------------------------------\nRan 1 test in 0.000s\n\nOK\n",
    "HumanEval/34": ".\n----------------------------------------------------------------------\nRan 1 test in 0.000s\n\nOK\n",
    "HumanEval/35": ".\n----------------------------------------------------------------------\nRan 1 test in 0.000s\n\nOK\n",
    "HumanEval/36": "F\n======================================================================\nFAIL: test (__main__.Test)\n----------------------------------------------------------------------\nTraceback (most recent call last):\n  File \"/Users/watch/PycharmProjects/XXXX-1-LLM/Temps/ET-extra-test/test_scripts/test36.py\", line 14, in test\n    assert fizz_buzz(99862) == 8022\nAssertionError\n\n----------------------------------------------------------------------\nRan 1 test in 0.007s\n\nFAILED (failures=1)\n",
    "HumanEval/37": ".\n----------------------------------------------------------------------\nRan 1 test in 0.000s\n\nOK\n",
    "HumanEval/38": "F\n======================================================================\nFAIL: test (__main__.Test)\n----------------------------------------------------------------------\nTraceback (most recent call last):\n  File \"/Users/watch/PycharmProjects/XXXX-1-LLM/Temps/ET-extra-test/test_scripts/test38.py\", line 25, in test\n    assert decode_cyclic(\"*mdhj^t+u_i\") == 'd*m^hjut+_i'\nAssertionError\n\n----------------------------------------------------------------------\nRan 1 test in 0.000s\n\nFAILED (failures=1)\n",
    "HumanEval/39": "TimeOut",
    "HumanEval/40": ".\n----------------------------------------------------------------------\nRan 1 test in 0.000s\n\nOK\n",
    "HumanEval/41": "F\n======================================================================\nFAIL: test (__main__.Test)\n----------------------------------------------------------------------\nTraceback (most recent call last):\n  File \"/Users/watch/PycharmProjects/XXXX-1-LLM/Temps/ET-extra-test/test_scripts/test41.py\", line 9, in test\n    assert car_race_collision(79) == 6241\nAssertionError\n\n----------------------------------------------------------------------\nRan 1 test in 0.000s\n\nFAILED (failures=1)\n",
    "HumanEval/42": ".\n----------------------------------------------------------------------\nRan 1 test in 0.000s\n\nOK\n",
    "HumanEval/43": ".\n----------------------------------------------------------------------\nRan 1 test in 0.000s\n\nOK\n",
    "HumanEval/44": "E\n======================================================================\nERROR: test (__main__.Test)\n----------------------------------------------------------------------\nTraceback (most recent call last):\n  File \"/Users/watch/PycharmProjects/XXXX-1-LLM/Temps/ET-extra-test/test_scripts/test44.py\", line 76, in test\n    assert change_base(x, x + 1) == str(x)\nNameError: name 'x' is not defined\n\n----------------------------------------------------------------------\nRan 1 test in 0.000s\n\nFAILED (errors=1)\n",
    "HumanEval/45": ".\n----------------------------------------------------------------------\nRan 1 test in 0.000s\n\nOK\n",
    "HumanEval/46": ".\n----------------------------------------------------------------------\nRan 1 test in 0.000s\n\nOK\n",
    "HumanEval/47": ".\n----------------------------------------------------------------------\nRan 1 test in 0.000s\n\nOK\n",
    "HumanEval/48": ".\n----------------------------------------------------------------------\nRan 1 test in 0.000s\n\nOK\n",
    "HumanEval/49": ".\n----------------------------------------------------------------------\nRan 1 test in 0.000s\n\nOK\n",
    "HumanEval/50": "F\n======================================================================\nFAIL: test (__main__.Test)\n----------------------------------------------------------------------\nTraceback (most recent call last):\n  File \"/Users/watch/PycharmProjects/XXXX-1-LLM/Temps/ET-extra-test/test_scripts/test50.py\", line 20, in test\n    assert decode_shift(\"ce#wkoapw.[bev%^o=bgyd+lvczhy)\") == 'xzlrfjvkrwpwzqnsjlwbtytgqxuctr'\nAssertionError\n\n----------------------------------------------------------------------\nRan 1 test in 0.000s\n\nFAILED (failures=1)\n",
    "HumanEval/51": ".\n----------------------------------------------------------------------\nRan 1 test in 0.000s\n\nOK\n",
    "HumanEval/52": ".\n----------------------------------------------------------------------\nRan 1 test in 0.000s\n\nOK\n",
    "HumanEval/53": "E\n======================================================================\nERROR: test (__main__.Test)\n----------------------------------------------------------------------\nTraceback (most recent call last):\n  File \"/Users/watch/PycharmProjects/XXXX-1-LLM/Temps/ET-extra-test/test_scripts/test53.py\", line 16, in test\n    assert add(x, y) == x + y\nNameError: name 'x' is not defined\n\n----------------------------------------------------------------------\nRan 1 test in 0.000s\n\nFAILED (errors=1)\n",
    "HumanEval/54": "F\n======================================================================\nFAIL: test (__main__.Test)\n----------------------------------------------------------------------\nTraceback (most recent call last):\n  File \"/Users/watch/PycharmProjects/XXXX-1-LLM/Temps/ET-extra-test/test_scripts/test54.py\", line 9, in test\n    assert same_chars('objfowzejfy', 'zeyzjobfowf') == True\nAssertionError\n\n----------------------------------------------------------------------\nRan 1 test in 0.000s\n\nFAILED (failures=1)\n",
    "HumanEval/55": ".\n----------------------------------------------------------------------\nRan 1 test in 0.000s\n\nOK\n",
    "HumanEval/56": "F\n======================================================================\nFAIL: test (__main__.Test)\n----------------------------------------------------------------------\nTraceback (most recent call last):\n  File \"/Users/watch/PycharmProjects/XXXX-1-LLM/Temps/ET-extra-test/test_scripts/test56.py\", line 58, in test\n    assert correct_bracketing(\"\") == True\nAssertionError\n\n----------------------------------------------------------------------\nRan 1 test in 0.000s\n\nFAILED (failures=1)\n",
    "HumanEval/57": ".\n----------------------------------------------------------------------\nRan 1 test in 0.000s\n\nOK\n",
    "HumanEval/58": ".\n----------------------------------------------------------------------\nRan 1 test in 0.000s\n\nOK\n",
    "HumanEval/59": ".\n----------------------------------------------------------------------\nRan 1 test in 0.001s\n\nOK\n",
    "HumanEval/60": ".\n----------------------------------------------------------------------\nRan 1 test in 0.000s\n\nOK\n",
    "HumanEval/61": ".\n----------------------------------------------------------------------\nRan 1 test in 0.000s\n\nOK\n",
    "HumanEval/62": "E\n======================================================================\nERROR: test (__main__.Test)\n----------------------------------------------------------------------\nTraceback (most recent call last):\n  File \"/Users/watch/PycharmProjects/XXXX-1-LLM/Temps/ET-extra-test/test_scripts/test62.py\", line 88, in test\n    assert derivative([1]) == []\n  File \"/Users/watch/PycharmProjects/XXXX-1-LLM/Temps/ET-extra-test/test_scripts/test62.py\", line 29, in derivative\n    input_validator.validate_input()\n  File \"/Users/watch/PycharmProjects/XXXX-1-LLM/Temps/ET-extra-test/test_scripts/test62.py\", line 11, in validate_input\n    raise ValueError(\"Polynomial must have at least 2 coefficients\")\nValueError: Polynomial must have at least 2 coefficients\n\n----------------------------------------------------------------------\nRan 1 test in 0.001s\n\nFAILED (errors=1)\n",
    "HumanEval/63": ".\n----------------------------------------------------------------------\nRan 1 test in 0.000s\n\nOK\n",
    "HumanEval/64": ".\n----------------------------------------------------------------------\nRan 1 test in 0.000s\n\nOK\n",
    "HumanEval/65": ".\n----------------------------------------------------------------------\nRan 1 test in 0.000s\n\nOK\n",
    "HumanEval/66": ".\n----------------------------------------------------------------------\nRan 1 test in 0.000s\n\nOK\n",
    "HumanEval/67": ".\n----------------------------------------------------------------------\nRan 1 test in 0.000s\n\nOK\n",
    "HumanEval/68": ".\n----------------------------------------------------------------------\nRan 1 test in 0.000s\n\nOK\n",
    "HumanEval/69": ".\n----------------------------------------------------------------------\nRan 1 test in 0.000s\n\nOK\n",
    "HumanEval/70": ".\n----------------------------------------------------------------------\nRan 1 test in 0.000s\n\nOK\n",
    "HumanEval/71": ".\n----------------------------------------------------------------------\nRan 1 test in 0.000s\n\nOK\n",
    "HumanEval/72": ".\n----------------------------------------------------------------------\nRan 1 test in 0.000s\n\nOK\n",
    "HumanEval/73": ".\n----------------------------------------------------------------------\nRan 1 test in 0.000s\n\nOK\n",
    "HumanEval/74": ".\n----------------------------------------------------------------------\nRan 1 test in 0.000s\n\nOK\n",
    "HumanEval/75": "F\n======================================================================\nFAIL: test (__main__.Test)\n----------------------------------------------------------------------\nTraceback (most recent call last):\n  File \"/Users/watch/PycharmProjects/XXXX-1-LLM/Temps/ET-extra-test/test_scripts/test75.py\", line 57, in test\n    assert is_multiply_prime(894) == False\nAssertionError\n\n----------------------------------------------------------------------\nRan 1 test in 0.001s\n\nFAILED (failures=1)\n",
    "HumanEval/76": "F\n======================================================================\nFAIL: test (__main__.Test)\n----------------------------------------------------------------------\nTraceback (most recent call last):\n  File \"/Users/watch/PycharmProjects/XXXX-1-LLM/Temps/ET-extra-test/test_scripts/test76.py\", line 16, in test\n    assert is_simple_power(1, 1)==True\nAssertionError\n\n----------------------------------------------------------------------\nRan 1 test in 0.000s\n\nFAILED (failures=1)\n",
    "HumanEval/77": "E\n======================================================================\nERROR: test (__main__.Test)\n----------------------------------------------------------------------\nTraceback (most recent call last):\n  File \"/Users/watch/PycharmProjects/XXXX-1-LLM/Temps/ET-extra-test/test_scripts/test77.py\", line 93, in test\n    assert iscube(-1) == True, \"Third test error: \" + str(iscube(-1))\n  File \"/Users/watch/PycharmProjects/XXXX-1-LLM/Temps/ET-extra-test/test_scripts/test77.py\", line 17, in iscube\n    return round(a**(1/3))**3 == a\nTypeError: type complex doesn't define __round__ method\n\n----------------------------------------------------------------------\nRan 1 test in 0.000s\n\nFAILED (errors=1)\n",
    "HumanEval/78": ".\n----------------------------------------------------------------------\nRan 1 test in 0.000s\n\nOK\n",
    "HumanEval/79": ".\n----------------------------------------------------------------------\nRan 1 test in 0.000s\n\nOK\n",
    "HumanEval/80": ".\n----------------------------------------------------------------------\nRan 1 test in 0.000s\n\nOK\n",
    "HumanEval/81": "F\n======================================================================\nFAIL: test (__main__.Test)\n----------------------------------------------------------------------\nTraceback (most recent call last):\n  File \"/Users/watch/PycharmProjects/XXXX-1-LLM/Temps/ET-extra-test/test_scripts/test81.py\", line 51, in test\n    assert numerical_letter_grade([0, 0.7]) == ['E', 'D-']\nAssertionError\n\n----------------------------------------------------------------------\nRan 1 test in 0.000s\n\nFAILED (failures=1)\n",
    "HumanEval/82": ".\n----------------------------------------------------------------------\nRan 1 test in 0.000s\n\nOK\n",
    "HumanEval/83": "F\n======================================================================\nFAIL: test (__main__.Test)\n----------------------------------------------------------------------\nTraceback (most recent call last):\n  File \"/Users/watch/PycharmProjects/XXXX-1-LLM/Temps/ET-extra-test/test_scripts/test83.py\", line 14, in test\n    assert starts_one_ends(12) == 180000000000\nAssertionError\n\n----------------------------------------------------------------------\nRan 1 test in 0.000s\n\nFAILED (failures=1)\n",
    "HumanEval/84": "F\n======================================================================\nFAIL: test (__main__.Test)\n----------------------------------------------------------------------\nTraceback (most recent call last):\n  File \"/Users/watch/PycharmProjects/XXXX-1-LLM/Temps/ET-extra-test/test_scripts/test84.py\", line 13, in test\n    assert solve(8319) == '10101'\nAssertionError\n\n----------------------------------------------------------------------\nRan 1 test in 0.000s\n\nFAILED (failures=1)\n",
    "HumanEval/85": ".\n----------------------------------------------------------------------\nRan 1 test in 0.000s\n\nOK\n",
    "HumanEval/86": "F\n======================================================================\nFAIL: test (__main__.Test)\n----------------------------------------------------------------------\nTraceback (most recent call last):\n  File \"/Users/watch/PycharmProjects/XXXX-1-LLM/Temps/ET-extra-test/test_scripts/test86.py\", line 16, in test\n    assert anti_shuffle(\"+*ppiETg/Q/eT@S\") == '*+//@EQSTTegipp'\nAssertionError\n\n----------------------------------------------------------------------\nRan 1 test in 0.000s\n\nFAILED (failures=1)\n",
    "HumanEval/87": ".\n----------------------------------------------------------------------\nRan 1 test in 0.000s\n\nOK\n",
    "HumanEval/88": "F\n======================================================================\nFAIL: test (__main__.Test)\n----------------------------------------------------------------------\nTraceback (most recent call last):\n  File \"/Users/watch/PycharmProjects/XXXX-1-LLM/Temps/ET-extra-test/test_scripts/test88.py\", line 23, in test\n    assert sort_array([19, 43, 92, 29, 10, 5]) == [92, 43, 29, 19, 10, 5]\nAssertionError\n\n----------------------------------------------------------------------\nRan 1 test in 0.000s\n\nFAILED (failures=1)\n",
    "HumanEval/89": "F\n======================================================================\nFAIL: test (__main__.Test)\n----------------------------------------------------------------------\nTraceback (most recent call last):\n  File \"/Users/watch/PycharmProjects/XXXX-1-LLM/Temps/ET-extra-test/test_scripts/test89.py\", line 16, in test\n    assert encrypt(\"icep\") == 'mgit'\nAssertionError\n\n----------------------------------------------------------------------\nRan 1 test in 0.000s\n\nFAILED (failures=1)\n",
    "HumanEval/90": ".\n----------------------------------------------------------------------\nRan 1 test in 0.000s\n\nOK\n",
    "HumanEval/91": "F\n======================================================================\nFAIL: test (__main__.Test)\n----------------------------------------------------------------------\nTraceback (most recent call last):\n  File \"/Users/watch/PycharmProjects/XXXX-1-LLM/Temps/ET-extra-test/test_scripts/test91.py\", line 17, in test\n    assert is_bored(\"Hello I sky blue? I\") == 0\nAssertionError\n\n----------------------------------------------------------------------\nRan 1 test in 0.000s\n\nFAILED (failures=1)\n",
    "HumanEval/92": ".\n----------------------------------------------------------------------\nRan 1 test in 0.000s\n\nOK\n",
    "HumanEval/93": "F\n======================================================================\nFAIL: test (__main__.Test)\n----------------------------------------------------------------------\nTraceback (most recent call last):\n  File \"/Users/watch/PycharmProjects/XXXX-1-LLM/Temps/ET-extra-test/test_scripts/test93.py\", line 40, in test\n    assert encode(\"ZUvOnpFUjJGGWcJQYQmTY W\") == 'zwVqNPfwJjggwCjqyqMty w'\nAssertionError\n\n----------------------------------------------------------------------\nRan 1 test in 0.000s\n\nFAILED (failures=1)\n",
    "HumanEval/94": "E\n======================================================================\nERROR: test (__main__.Test)\n----------------------------------------------------------------------\nTraceback (most recent call last):\n  File \"/Users/watch/PycharmProjects/XXXX-1-LLM/Temps/ET-extra-test/test_scripts/test94.py\", line 22, in test\n    assert skjkasdkd([0,81,12,3,1,21]) == 3\nNameError: name 'skjkasdkd' is not defined\n\n----------------------------------------------------------------------\nRan 1 test in 0.000s\n\nFAILED (errors=1)\n",
    "HumanEval/95": ".\n----------------------------------------------------------------------\nRan 1 test in 0.000s\n\nOK\n",
    "HumanEval/96": ".\n----------------------------------------------------------------------\nRan 1 test in 0.038s\n\nOK\n",
    "HumanEval/97": "F\n======================================================================\nFAIL: test (__main__.Test)\n----------------------------------------------------------------------\nTraceback (most recent call last):\n  File \"/Users/watch/PycharmProjects/XXXX-1-LLM/Temps/ET-extra-test/test_scripts/test97.py\", line 25, in test\n    assert multiply(18, -17) == 24\nAssertionError\n\n----------------------------------------------------------------------\nRan 1 test in 0.000s\n\nFAILED (failures=1)\n",
    "HumanEval/98": "F\n======================================================================\nFAIL: test (__main__.Test)\n----------------------------------------------------------------------\nTraceback (most recent call last):\n  File \"/Users/watch/PycharmProjects/XXXX-1-LLM/Temps/ET-extra-test/test_scripts/test98.py\", line 24, in test\n    assert count_upper(\"\") == 0\nAssertionError\n\n----------------------------------------------------------------------\nRan 1 test in 0.000s\n\nFAILED (failures=1)\n",
    "HumanEval/99": ".\n----------------------------------------------------------------------\nRan 1 test in 0.000s\n\nOK\n",
    "HumanEval/100": "F\n======================================================================\nFAIL: test (__main__.Test)\n----------------------------------------------------------------------\nTraceback (most recent call last):\n  File \"/Users/watch/PycharmProjects/XXXX-1-LLM/Temps/ET-extra-test/test_scripts/test100.py\", line 19, in test\n    assert make_a_pile(66) == [66, 68, 70, 72, 74, 76, 78, 80, 82, 84, 86, 88, 90, 92, 94, 96, 98, 100, 102, 104, 106, 108, 110, 112, 114, 116, 118, 120, 122, 124, 126, 128, 130, 132, 134, 136, 138, 140, 142, 144, 146, 148, 150, 152, 154, 156, 158, 160, 162, 164, 166, 168, 170, 172, 174, 176, 178, 180, 182, 184, 186, 188, 190, 192, 194, 196]\nAssertionError\n\n----------------------------------------------------------------------\nRan 1 test in 0.000s\n\nFAILED (failures=1)\n",
    "HumanEval/101": ".\n----------------------------------------------------------------------\nRan 1 test in 0.000s\n\nOK\n",
    "HumanEval/102": "F\n======================================================================\nFAIL: test (__main__.Test)\n----------------------------------------------------------------------\nTraceback (most recent call last):\n  File \"/Users/watch/PycharmProjects/XXXX-1-LLM/Temps/ET-extra-test/test_scripts/test102.py\", line 14, in test\n    assert choose_num(4249, 4823) == 4822\nAssertionError\n\n----------------------------------------------------------------------\nRan 1 test in 0.000s\n\nFAILED (failures=1)\n",
    "HumanEval/103": "F\n======================================================================\nFAIL: test (__main__.Test)\n----------------------------------------------------------------------\nTraceback (most recent call last):\n  File \"/Users/watch/PycharmProjects/XXXX-1-LLM/Temps/ET-extra-test/test_scripts/test103.py\", line 17, in test\n    assert rounded_avg(2, 5) == '0b100'\nAssertionError\n\n----------------------------------------------------------------------\nRan 1 test in 0.000s\n\nFAILED (failures=1)\n",
    "HumanEval/104": ".\n----------------------------------------------------------------------\nRan 1 test in 0.000s\n\nOK\n",
    "HumanEval/105": ".\n----------------------------------------------------------------------\nRan 1 test in 0.000s\n\nOK\n",
    "HumanEval/106": ".\n----------------------------------------------------------------------\nRan 1 test in 0.000s\n\nOK\n",
    "HumanEval/107": ".\n----------------------------------------------------------------------\nRan 1 test in 0.017s\n\nOK\n",
    "HumanEval/108": "F\n======================================================================\nFAIL: test (__main__.Test)\n----------------------------------------------------------------------\nTraceback (most recent call last):\n  File \"/Users/watch/PycharmProjects/XXXX-1-LLM/Temps/ET-extra-test/test_scripts/test108.py\", line 15, in test\n    assert count_nums([-2, -5, 1]) == 1\nAssertionError\n\n----------------------------------------------------------------------\nRan 1 test in 0.000s\n\nFAILED (failures=1)\n",
    "HumanEval/109": ".\n----------------------------------------------------------------------\nRan 1 test in 0.000s\n\nOK\n",
    "HumanEval/110": "F\n======================================================================\nFAIL: test (__main__.Test)\n----------------------------------------------------------------------\nTraceback (most recent call last):\n  File \"/Users/watch/PycharmProjects/XXXX-1-LLM/Temps/ET-extra-test/test_scripts/test110.py\", line 45, in test\n    assert exchange([4, 5, 5], [5, 10, 5]) == 'NO'\nAssertionError\n\n----------------------------------------------------------------------\nRan 1 test in 0.000s\n\nFAILED (failures=1)\n",
    "HumanEval/111": "F\n======================================================================\nFAIL: test (__main__.Test)\n----------------------------------------------------------------------\nTraceback (most recent call last):\n  File \"/Users/watch/PycharmProjects/XXXX-1-LLM/Temps/ET-extra-test/test_scripts/test111.py\", line 37, in test\n    assert histogram(\" hgtjtrox\") == {'': 1, 'hgtjtrox': 1}\nAssertionError\n\n----------------------------------------------------------------------\nRan 1 test in 0.000s\n\nFAILED (failures=1)\n",
    "HumanEval/112": "F\n======================================================================\nFAIL: test (__main__.Test)\n----------------------------------------------------------------------\nTraceback (most recent call last):\n  File \"/Users/watch/PycharmProjects/XXXX-1-LLM/Temps/ET-extra-test/test_scripts/test112.py\", line 36, in test\n    assert reverse_delete('xqfvdunvktkfjx', 'z') == ('xqfvdunvktkfjx', False)\nAssertionError\n\n----------------------------------------------------------------------\nRan 1 test in 0.000s\n\nFAILED (failures=1)\n",
    "HumanEval/113": "F\n======================================================================\nFAIL: test (__main__.Test)\n----------------------------------------------------------------------\nTraceback (most recent call last):\n  File \"/Users/watch/PycharmProjects/XXXX-1-LLM/Temps/ET-extra-test/test_scripts/test113.py\", line 13, in test\n    assert odd_count(['0', '26919749']) == ['the number of odd elements 0n the str0ng 0 of the 0nput.', 'the number of odd elements 5n the str5ng 5 of the 5nput.']\nAssertionError\n\n----------------------------------------------------------------------\nRan 1 test in 0.000s\n\nFAILED (failures=1)\n",
    "HumanEval/114": ".\n----------------------------------------------------------------------\nRan 1 test in 0.000s\n\nOK\n",
    "HumanEval/115": "F\n======================================================================\nFAIL: test (__main__.Test)\n----------------------------------------------------------------------\nTraceback (most recent call last):\n  File \"/Users/watch/PycharmProjects/XXXX-1-LLM/Temps/ET-extra-test/test_scripts/test115.py\", line 10, in test\n    assert max_fill([[1, 1, 5, 2], [4, 2, 4, 3], [1, 2, 5, 2]], 2) == 17\nAssertionError\n\n----------------------------------------------------------------------\nRan 1 test in 0.000s\n\nFAILED (failures=1)\n",
    "HumanEval/116": "F\n======================================================================\nFAIL: test (__main__.Test)\n----------------------------------------------------------------------\nTraceback (most recent call last):\n  File \"/Users/watch/PycharmProjects/XXXX-1-LLM/Temps/ET-extra-test/test_scripts/test116.py\", line 12, in test\n    assert sort_array([4, 1, 45, 10, 30, 7]) == [1, 4, 10, 7, 30, 45]\nAssertionError\n\n----------------------------------------------------------------------\nRan 1 test in 0.000s\n\nFAILED (failures=1)\n",
    "HumanEval/117": ".\n----------------------------------------------------------------------\nRan 1 test in 0.000s\n\nOK\n",
    "HumanEval/118": "F\n======================================================================\nFAIL: test (__main__.Test)\n----------------------------------------------------------------------\nTraceback (most recent call last):\n  File \"/Users/watch/PycharmProjects/XXXX-1-LLM/Temps/ET-extra-test/test_scripts/test118.py\", line 19, in test\n    assert get_closest_vowel(\"fvoq\") == 'o'\nAssertionError\n\n----------------------------------------------------------------------\nRan 1 test in 0.000s\n\nFAILED (failures=1)\n",
    "HumanEval/119": "F\n======================================================================\nFAIL: test (__main__.Test)\n----------------------------------------------------------------------\nTraceback (most recent call last):\n  File \"/Users/watch/PycharmProjects/XXXX-1-LLM/Temps/ET-extra-test/test_scripts/test119.py\", line 23, in test\n    assert match_parens((')())', '(()()(')) == 'Yes'\nAssertionError\n\n----------------------------------------------------------------------\nRan 1 test in 0.000s\n\nFAILED (failures=1)\n",
    "HumanEval/120": "F\n======================================================================\nFAIL: test (__main__.Test)\n----------------------------------------------------------------------\nTraceback (most recent call last):\n  File \"/Users/watch/PycharmProjects/XXXX-1-LLM/Temps/ET-extra-test/test_scripts/test120.py\", line 86, in test\n    assert maximum([1, 2, 3, -23, 243, -400, 0], 0) == []\nAssertionError\n\n----------------------------------------------------------------------\nRan 1 test in 0.000s\n\nFAILED (failures=1)\n",
    "HumanEval/121": ".\n----------------------------------------------------------------------\nRan 1 test in 0.000s\n\nOK\n",
    "HumanEval/122": ".\n----------------------------------------------------------------------\nRan 1 test in 0.000s\n\nOK\n",
    "HumanEval/123": ".\n----------------------------------------------------------------------\nRan 1 test in 0.000s\n\nOK\n",
    "HumanEval/124": "F\n======================================================================\nFAIL: test (__main__.Test)\n----------------------------------------------------------------------\nTraceback (most recent call last):\n  File \"/Users/watch/PycharmProjects/XXXX-1-LLM/Temps/ET-extra-test/test_scripts/test124.py\", line 34, in test\n    assert valid_date(\"03-15-957\") == True\nAssertionError\n\n----------------------------------------------------------------------\nRan 1 test in 0.005s\n\nFAILED (failures=1)\n",
    "HumanEval/125": "F\n======================================================================\nFAIL: test (__main__.Test)\n----------------------------------------------------------------------\nTraceback (most recent call last):\n  File \"/Users/watch/PycharmProjects/XXXX-1-LLM/Temps/ET-extra-test/test_scripts/test125.py\", line 16, in test\n    assert split_words(\"nqovy\") == 2\nAssertionError\n\n----------------------------------------------------------------------\nRan 1 test in 0.000s\n\nFAILED (failures=1)\n",
    "HumanEval/126": "F\n======================================================================\nFAIL: test (__main__.Test)\n----------------------------------------------------------------------\nTraceback (most recent call last):\n  File \"/Users/watch/PycharmProjects/XXXX-1-LLM/Temps/ET-extra-test/test_scripts/test126.py\", line 30, in test\n    assert is_sorted([1, 1, 3, 6, 7, 8]) == True\nAssertionError\n\n----------------------------------------------------------------------\nRan 1 test in 0.000s\n\nFAILED (failures=1)\n",
    "HumanEval/127": ".\n----------------------------------------------------------------------\nRan 1 test in 0.000s\n\nOK\n",
    "HumanEval/128": ".\n----------------------------------------------------------------------\nRan 1 test in 0.000s\n\nOK\n",
    "HumanEval/129": "F\n======================================================================\nFAIL: test (__main__.Test)\n----------------------------------------------------------------------\nTraceback (most recent call last):\n  File \"/Users/watch/PycharmProjects/XXXX-1-LLM/Temps/ET-extra-test/test_scripts/test129.py\", line 14, in test\n    assert minPath([[13, 16, 6, 5], [2, 4, 15, 19], [3, 5, 1, 9], [2, 5, 10, 14]], 7) == [1, 5, 1, 5, 1, 5, 1]\nAssertionError\n\n----------------------------------------------------------------------\nRan 1 test in 0.000s\n\nFAILED (failures=1)\n",
    "HumanEval/130": "F\n======================================================================\nFAIL: test (__main__.Test)\n----------------------------------------------------------------------\nTraceback (most recent call last):\n  File \"/Users/watch/PycharmProjects/XXXX-1-LLM/Temps/ET-extra-test/test_scripts/test130.py\", line 20, in test\n    assert tri(4) == [1, 3, 2.0, 8.0, 3.0]\nAssertionError\n\n----------------------------------------------------------------------\nRan 1 test in 0.000s\n\nFAILED (failures=1)\n",
    "HumanEval/131": ".\n----------------------------------------------------------------------\nRan 1 test in 0.000s\n\nOK\n",
    "HumanEval/132": "F\n======================================================================\nFAIL: test (__main__.Test)\n----------------------------------------------------------------------\nTraceback (most recent call last):\n  File \"/Users/watch/PycharmProjects/XXXX-1-LLM/Temps/ET-extra-test/test_scripts/test132.py\", line 18, in test\n    assert is_nested('[[]') == False\nAssertionError\n\n----------------------------------------------------------------------\nRan 1 test in 0.000s\n\nFAILED (failures=1)\n",
    "HumanEval/133": ".\n----------------------------------------------------------------------\nRan 1 test in 0.000s\n\nOK\n",
    "HumanEval/134": "E\n======================================================================\nERROR: test (__main__.Test)\n----------------------------------------------------------------------\nTraceback (most recent call last):\n  File \"/Users/watch/PycharmProjects/XXXX-1-LLM/Temps/ET-extra-test/test_scripts/test134.py\", line 33, in test\n    assert check_if_last_char_is_a_letter(\"f\") == True\n  File \"/Users/watch/PycharmProjects/XXXX-1-LLM/Temps/ET-extra-test/test_scripts/test134.py\", line 9, in check_if_last_char_is_a_letter\n    return last_char.isalpha() and txt[-2] == ' '\nIndexError: string index out of range\n\n----------------------------------------------------------------------\nRan 1 test in 0.000s\n\nFAILED (errors=1)\n",
    "HumanEval/135": "F\n======================================================================\nFAIL: test (__main__.Test)\n----------------------------------------------------------------------\nTraceback (most recent call last):\n  File \"/Users/watch/PycharmProjects/XXXX-1-LLM/Temps/ET-extra-test/test_scripts/test135.py\", line 13, in test\n    assert can_arrange([3, 2, 5, 9, 6, 10, 10, 9, 9]) == 7\nAssertionError\n\n----------------------------------------------------------------------\nRan 1 test in 0.000s\n\nFAILED (failures=1)\n",
    "HumanEval/136": ".\n----------------------------------------------------------------------\nRan 1 test in 0.000s\n\nOK\n",
    "HumanEval/137": "F\n======================================================================\nFAIL: test (__main__.Test)\n----------------------------------------------------------------------\nTraceback (most recent call last):\n  File \"/Users/watch/PycharmProjects/XXXX-1-LLM/Temps/ET-extra-test/test_scripts/test137.py\", line 19, in test\n    assert compare_one(1, \"2,3\") == \"2,3\"\nAssertionError\n\n----------------------------------------------------------------------\nRan 1 test in 0.000s\n\nFAILED (failures=1)\n",
    "HumanEval/138": ".\n----------------------------------------------------------------------\nRan 1 test in 0.026s\n\nOK\n",
    "HumanEval/139": ".\n----------------------------------------------------------------------\nRan 1 test in 0.000s\n\nOK\n",
    "HumanEval/140": "F\n======================================================================\nFAIL: test (__main__.Test)\n----------------------------------------------------------------------\nTraceback (most recent call last):\n  File \"/Users/watch/PycharmProjects/XXXX-1-LLM/Temps/ET-extra-test/test_scripts/test140.py\", line 13, in test\n    assert fix_spaces(\"bgzrizRZMLul WO\") == 'bgzrizRZMLul_WO'\nAssertionError\n\n----------------------------------------------------------------------\nRan 1 test in 0.000s\n\nFAILED (failures=1)\n",
    "HumanEval/141": "F\n======================================================================\nFAIL: test (__main__.Test)\n----------------------------------------------------------------------\nTraceback (most recent call last):\n  File \"/Users/watch/PycharmProjects/XXXX-1-LLM/Temps/ET-extra-test/test_scripts/test141.py\", line 22, in test\n    assert file_name_check(\"pps:pq00f&=-e@p4oe^u1so3^8.exe\") == 'No'\nAssertionError\n\n----------------------------------------------------------------------\nRan 1 test in 0.000s\n\nFAILED (failures=1)\n",
    "HumanEval/142": "F\n======================================================================\nFAIL: test (__main__.Test)\n----------------------------------------------------------------------\nTraceback (most recent call last):\n  File \"/Users/watch/PycharmProjects/XXXX-1-LLM/Temps/ET-extra-test/test_scripts/test142.py\", line 17, in test\n    assert sum_squares([-3, 2, 1, 2, 3, 5, 3, 2, -2]) == 51\nAssertionError\n\n----------------------------------------------------------------------\nRan 1 test in 0.000s\n\nFAILED (failures=1)\n",
    "HumanEval/143": ".\n----------------------------------------------------------------------\nRan 1 test in 0.000s\n\nOK\n",
    "HumanEval/144": ".\n----------------------------------------------------------------------\nRan 1 test in 0.000s\n\nOK\n",
    "HumanEval/145": "F\n======================================================================\nFAIL: test (__main__.Test)\n----------------------------------------------------------------------\nTraceback (most recent call last):\n  File \"/Users/watch/PycharmProjects/XXXX-1-LLM/Temps/ET-extra-test/test_scripts/test145.py\", line 16, in test\n    assert order_by_points([2, 5, 4, -79, -25, 20, 8]) == [2, -79, 20, -25, 4, 5, 8]\nAssertionError\n\n----------------------------------------------------------------------\nRan 1 test in 0.000s\n\nFAILED (failures=1)\n",
    "HumanEval/146": ".\n----------------------------------------------------------------------\nRan 1 test in 0.000s\n\nOK\n",
    "HumanEval/147": ".\n----------------------------------------------------------------------\nRan 1 test in 2.790s\n\nOK\n",
    "HumanEval/148": ".\n----------------------------------------------------------------------\nRan 1 test in 0.000s\n\nOK\n",
    "HumanEval/149": ".\n----------------------------------------------------------------------\nRan 1 test in 0.000s\n\nOK\n",
    "HumanEval/150": ".\n----------------------------------------------------------------------\nRan 1 test in 0.000s\n\nOK\n",
    "HumanEval/151": "E\n======================================================================\nERROR: test (__main__.Test)\n----------------------------------------------------------------------\nTraceback (most recent call last):\n  File \"/Users/watch/PycharmProjects/XXXX-1-LLM/Temps/ET-extra-test/test_scripts/test151.py\", line 45, in test\n    assert double_the_difference(lst) == odd_sum\nNameError: name 'lst' is not defined\n\n----------------------------------------------------------------------\nRan 1 test in 0.000s\n\nFAILED (errors=1)\n",
    "HumanEval/152": ".\n----------------------------------------------------------------------\nRan 1 test in 0.000s\n\nOK\n",
    "HumanEval/153": ".\n----------------------------------------------------------------------\nRan 1 test in 0.001s\n\nOK\n",
    "HumanEval/154": "F\n======================================================================\nFAIL: test (__main__.Test)\n----------------------------------------------------------------------\nTraceback (most recent call last):\n  File \"/Users/watch/PycharmProjects/XXXX-1-LLM/Temps/ET-extra-test/test_scripts/test154.py\", line 13, in test\n    assert cycpattern_check('mswt', '') == True\nAssertionError\n\n----------------------------------------------------------------------\nRan 1 test in 0.000s\n\nFAILED (failures=1)\n",
    "HumanEval/155": ".\n----------------------------------------------------------------------\nRan 1 test in 0.000s\n\nOK\n",
    "HumanEval/156": ".\n----------------------------------------------------------------------\nRan 1 test in 0.000s\n\nOK\n",
    "HumanEval/157": ".\n----------------------------------------------------------------------\nRan 1 test in 0.000s\n\nOK\n",
    "HumanEval/158": ".\n----------------------------------------------------------------------\nRan 1 test in 0.000s\n\nOK\n",
    "HumanEval/159": ".\n----------------------------------------------------------------------\nRan 1 test in 0.000s\n\nOK\n",
    "HumanEval/160": ".\n----------------------------------------------------------------------\nRan 1 test in 0.001s\n\nOK\n",
    "HumanEval/161": ".\n----------------------------------------------------------------------\nRan 1 test in 0.000s\n\nOK\n",
    "HumanEval/162": ".\n----------------------------------------------------------------------\nRan 1 test in 0.000s\n\nOK\n",
    "HumanEval/163": "F\n======================================================================\nFAIL: test (__main__.Test)\n----------------------------------------------------------------------\nTraceback (most recent call last):\n  File \"/Users/watch/PycharmProjects/XXXX-1-LLM/Temps/ET-extra-test/test_scripts/test163.py\", line 11, in test\n    assert generate_integers(16, 88) == []\nAssertionError\n\n----------------------------------------------------------------------\nRan 1 test in 0.000s\n\nFAILED (failures=1)\n"
}