{
    "start_time": "2024-03-11_09-05-49-389010",
    "task": "def max_sub_array_sum_repeated(a, n, k): \n'''Write a function to find the largest sum of a contiguous array in the modified array which is formed by repeating the given array k times.\nassert max_sub_array_sum_repeated([10, 20, -30, -1], 4, 3) == 30'''\n",
    "datetime": {
        "task": "2024-03-11 09:05:49",
        "task-id": "2024-03-11 09:05:49",
        "workflow": "2024-03-11 09:05:49",
        "Discussion": "2024-03-11 09:05:50",
        "DisorderedSprintMeetings": "2024-03-11 09:05:51",
        "DesignDraft0": "2024-03-11 09:05:53",
        "DesignMeetings0": "2024-03-11 09:05:55",
        "Design0": "2024-03-11 09:05:59",
        "CodeDraft0": "2024-03-11 09:05:59",
        "CodeReviewMeetings0": "2024-03-11 09:06:01",
        "Code0CR": "2024-03-11 09:06:01",
        "FinalCode": "2024-03-11 09:06:20",
        "Test Cases Draft": "2024-03-11 09:06:04",
        "Test Cases Meetings": "2024-03-11 09:06:07",
        "Test Cases": "2024-03-11 09:06:12",
        "Code0": "2024-03-11 09:06:12",
        "TestScriptOriginal": "2024-03-11 09:06:14",
        "TestScript": "2024-03-11 09:06:14",
        "ScriptResult0": "2024-03-11 09:06:14",
        "TestReport0": "2024-03-11 09:06:16",
        "SprintReview0": "2024-03-11 09:06:18",
        "SprintReviewMeetings0": "2024-03-11 09:06:19",
        "RepairResponse0": "2024-03-11 09:06:20",
        "Code1": "2024-03-11 09:06:20",
        "ScriptResult1": "2024-03-11 09:06:20",
        "TestReport1": "2024-03-11 09:06:21"
    },
    "task-id": 286,
    "workflow": "agile/agile_version_0.0.5_remove.json",
    "Discussion": "[ScrumMaster]says: We have a job: def max_sub_array_sum_repeated(a, n, k): \n'''Write a function to find the largest sum of a contiguous array in the modified array which is formed by repeating the given array k times.\nassert max_sub_array_sum_repeated([10, 20, -30, -1], 4, 3) == 30'''\n, do you have any ideas?\n-----\n\n[Tester]says: As a Tester, I would suggest creating test cases to ensure the function works as expected with different input values and edge cases.\n-----\n\n[Architect]says: As an architect, I think we should start by analyzing the current code and identifying opportunities for optimizing the algorithm to improve performance.\n-----\n\n[ProductOwner]says: As a Product Owner, I think we should prioritize creating a clear user story and requirements for this function.\n-----\n\n[Developer]says: As a Developer, I think we should start by breaking down the problem and writing some test cases to ensure our function works as expected.\n-----\n\n[Tester]says: [Tester] I agree, creating comprehensive test cases is essential to ensure the function works as expected in various scenarios.\n-----\n\n[Architect]says: As an architect, I think we should start by analyzing the current code and identifying opportunities for optimizing the algorithm to improve performance.\n-----\n\n[ProductOwner]says: As a Product Owner, I think we should prioritize creating a clear user story and requirements for this function.\n-----\n\n[Developer]says: As a Developer, I think we should start by breaking down the problem and writing some test cases to ensure our function works as expected.\n-----\n",
    "DisorderedSprintMeetings": "{\n\"product-owner\":[\"Prioritize creating a clear user story and requirements for the function\"],\n\"architect\":[\"Analyze the current code and identify opportunities for optimizing the algorithm to improve performance\"],\n\"developer\":[\"Break down the problem and write test cases to ensure the function works as expected\"],\n\"tester\":[\"Create test cases to ensure the function works as expected with different input values and edge cases\"]\n}",
    "DisorderedSprintMeetings_prompt": "{\"Role\": \"You are a professional scrum master. Your goal is to breakdown the Discussion History into a task list for the scrum team.\", \"Instruction\": \"1. Read and Understand the Discussion History. 2. Define the tasks for four roles: product-owner/architect/developer/tester. 3. Response in JSON format.\", \"Example\": \"{\\\"product-owner\\\":[\\\"task1\\\",\\\"task2\\\"],\\\"architect\\\":[\\\"task1\\\",\\\"task2\\\"], \\\"developer\\\":[\\\"task1\\\",\\\"task2\\\"], \\\"tester\\\":[\\\"task1\\\",\\\"task2\\\"]}\", \"Context\": \"[ScrumMaster]says: We have a job: def max_sub_array_sum_repeated(a, n, k): \\n'''Write a function to find the largest sum of a contiguous array in the modified array which is formed by repeating the given array k times.\\nassert max_sub_array_sum_repeated([10, 20, -30, -1], 4, 3) == 30'''\\n, do you have any ideas?\\n-----\\n\\n[Tester]says: As a Tester, I would suggest creating test cases to ensure the function works as expected with different input values and edge cases.\\n-----\\n\\n[Architect]says: As an architect, I think we should start by analyzing the current code and identifying opportunities for optimizing the algorithm to improve performance.\\n-----\\n\\n[ProductOwner]says: As a Product Owner, I think we should prioritize creating a clear user story and requirements for this function.\\n-----\\n\\n[Developer]says: As a Developer, I think we should start by breaking down the problem and writing some test cases to ensure our function works as expected.\\n-----\\n\\n[Tester]says: [Tester] I agree, creating comprehensive test cases is essential to ensure the function works as expected in various scenarios.\\n-----\\n\\n[Architect]says: As an architect, I think we should start by analyzing the current code and identifying opportunities for optimizing the algorithm to improve performance.\\n-----\\n\\n[ProductOwner]says: As a Product Owner, I think we should prioritize creating a clear user story and requirements for this function.\\n-----\\n\\n[Developer]says: As a Developer, I think we should start by breaking down the problem and writing some test cases to ensure our function works as expected.\\n-----\\n\", \"Question\": \"Follow the Instruction section. The Discussion History is in the Context section. You only need to return a task list as the Example section.\"}",
    "DesignDraft0": "Design:\n1. Analyze the current code and identify opportunities for optimizing the algorithm to improve performance.\n2. Use efficient data structures and algorithms to find the largest sum of a contiguous array in the modified array formed by repeating the given array k times.\n3. Consider utilizing dynamic programming techniques to efficiently calculate and store the maximum subarray sum.\n4. Optimize the function to handle large inputs and minimize time complexity for calculating the largest sum of a contiguous array. \n5. Provide clear and concise documentation for the developer to understand the algorithm and its implementation details.\n6. Consider edge cases and error handling to ensure the function behaves as expected for all inputs.",
    "DesignMeetings0": "{\n  \"Developer\": \"1. Consider using Kadane's algorithm to efficiently find the maximum subarray sum. 2. Utilize dynamic programming to store and update the maximum subarray sum as the array is modified and repeated k times. 3. Use efficient data structures such as arrays or linked lists to store and manipulate the modified array without consuming excessive memory.\",\n  \"Tester\": \"1. Test the function with large input arrays and verify that the performance meets the expected time complexity. 2. Verify the function's behavior with edge cases such as empty arrays, single-element arrays, and arrays with all negative numbers. 3. Verify that the function handles error cases such as invalid input arrays or non-numeric elements.\"\n}",
    "Design0": "As a professional architect, I have carefully reviewed the suggestions provided by my colleagues and have incorporated them into the new design. Here is the updated design based on the draft version:\n\nDesign:\n1. Analyze the current code and identify opportunities for optimizing the algorithm to improve performance, considering the use of Kadane's algorithm for efficiently finding the maximum subarray sum.\n2. Utilize efficient data structures such as arrays or linked lists to store and manipulate the modified array without consuming excessive memory. Additionally, use dynamic programming to store and update the maximum subarray sum as the array is modified and repeated k times.\n3. Use efficient data structures and algorithms to find the largest sum of a contiguous array in the modified array formed by repeating the given array k times, while also considering dynamic programming techniques to efficiently calculate and store the maximum subarray sum.\n4. Optimize the function to handle large inputs and minimize time complexity for calculating the largest sum of a contiguous array.\n5. Provide clear and concise documentation for the developer to understand the algorithm and its implementation details.\n6. Consider edge cases and error handling to ensure the function behaves as expected for all inputs, including testing with large input arrays and verifying the function's behavior with edge cases such as empty arrays, single-element arrays, and arrays with all negative numbers. Additionally, verify that the function handles error cases such as invalid input arrays or non-numeric elements.\n\nThis updated design incorporates the suggestions provided and ensures that the algorithm is optimized for performance, utilizes efficient data structures and algorithms, and handles edge cases and error handling effectively.",
    "CodeDraft0": "def max_sub_array_sum_repeated(a, n, k): \n    # Write your efficient and readable code here\n    pass",
    "CodeDraft0_prompt": {
        "Role": "You are a professional engineer. Your duty is to write code in Python that meets the requirements. Ensure that the code you write is efficient, readable, and follows best practices. Remember, do not need to explain the code you wrote.",
        "Instruction": "According to the Context section, write your code.",
        "Example": "",
        "Context": "# Tasks:\n['Break down the problem and write test cases to ensure the function works as expected']\n# Design:\nAs a professional architect, I have carefully reviewed the suggestions provided by my colleagues and have incorporated them into the new design. Here is the updated design based on the draft version:\n\nDesign:\n1. Analyze the current code and identify opportunities for optimizing the algorithm to improve performance, considering the use of Kadane's algorithm for efficiently finding the maximum subarray sum.\n2. Utilize efficient data structures such as arrays or linked lists to store and manipulate the modified array without consuming excessive memory. Additionally, use dynamic programming to store and update the maximum subarray sum as the array is modified and repeated k times.\n3. Use efficient data structures and algorithms to find the largest sum of a contiguous array in the modified array formed by repeating the given array k times, while also considering dynamic programming techniques to efficiently calculate and store the maximum subarray sum.\n4. Optimize the function to handle large inputs and minimize time complexity for calculating the largest sum of a contiguous array.\n5. Provide clear and concise documentation for the developer to understand the algorithm and its implementation details.\n6. Consider edge cases and error handling to ensure the function behaves as expected for all inputs, including testing with large input arrays and verifying the function's behavior with edge cases such as empty arrays, single-element arrays, and arrays with all negative numbers. Additionally, verify that the function handles error cases such as invalid input arrays or non-numeric elements.\n\nThis updated design incorporates the suggestions provided and ensures that the algorithm is optimized for performance, utilizes efficient data structures and algorithms, and handles edge cases and error handling effectively.",
        "Question": "Follow the Instruction section. Complete the following code:\ndef max_sub_array_sum_repeated(a, n, k): \n'''Write a function to find the largest sum of a contiguous array in the modified array which is formed by repeating the given array k times.\nassert max_sub_array_sum_repeated([10, 20, -30, -1], 4, 3) == 30'''\n"
    },
    "CodeReviewMeetings0": "{\n  \"Architect\": \"I suggest using a efficient algorithm like Kadane's algorithm to solve the maximum subarray sum problem. Also, it would be good to add comments to explain the logic of the code.\",\n  \"Tester\": \"I suggest adding test cases to cover different scenarios such as an empty array, negative numbers in the array, and large input size to ensure the function works as expected in all cases.\"\n}",
    "Code0CR": "def max_sub_array_sum_repeated(a, n, k):\n    # Write your efficient and optimized code here\n    pass",
    "Code0CR_prompt": "{\"Role\": \"You are a professional software engineer. Your duty is to write code in Python that meets the requirements. Ensure that the code you write is efficient, readable, and follows best practices. Remember, do not need to explain the code you wrote.\", \"Instruction\": \"1. Understand the suggestions(in the Context section) about the original code. 2. Rewrite your code.\", \"Example\": \"\", \"Context\": \"# Tasks:\\n['Break down the problem and write test cases to ensure the function works as expected']\\n# Design:\\nAs a professional architect, I have carefully reviewed the suggestions provided by my colleagues and have incorporated them into the new design. Here is the updated design based on the draft version:\\n\\nDesign:\\n1. Analyze the current code and identify opportunities for optimizing the algorithm to improve performance, considering the use of Kadane's algorithm for efficiently finding the maximum subarray sum.\\n2. Utilize efficient data structures such as arrays or linked lists to store and manipulate the modified array without consuming excessive memory. Additionally, use dynamic programming to store and update the maximum subarray sum as the array is modified and repeated k times.\\n3. Use efficient data structures and algorithms to find the largest sum of a contiguous array in the modified array formed by repeating the given array k times, while also considering dynamic programming techniques to efficiently calculate and store the maximum subarray sum.\\n4. Optimize the function to handle large inputs and minimize time complexity for calculating the largest sum of a contiguous array.\\n5. Provide clear and concise documentation for the developer to understand the algorithm and its implementation details.\\n6. Consider edge cases and error handling to ensure the function behaves as expected for all inputs, including testing with large input arrays and verifying the function's behavior with edge cases such as empty arrays, single-element arrays, and arrays with all negative numbers. Additionally, verify that the function handles error cases such as invalid input arrays or non-numeric elements.\\n\\nThis updated design incorporates the suggestions provided and ensures that the algorithm is optimized for performance, utilizes efficient data structures and algorithms, and handles edge cases and error handling effectively.# Suggestions:\\n{\\n  \\\"Architect\\\": \\\"I suggest using a efficient algorithm like Kadane's algorithm to solve the maximum subarray sum problem. Also, it would be good to add comments to explain the logic of the code.\\\",\\n  \\\"Tester\\\": \\\"I suggest adding test cases to cover different scenarios such as an empty array, negative numbers in the array, and large input size to ensure the function works as expected in all cases.\\\"\\n}\", \"Question\": \"Follow the Instruction section. Complete the following code:\\ndef max_sub_array_sum_repeated(a, n, k): \\n'''Write a function to find the largest sum of a contiguous array in the modified array which is formed by repeating the given array k times.\\nassert max_sub_array_sum_repeated([10, 20, -30, -1], 4, 3) == 30'''\\n\"}",
    "FinalCode": "def max_sub_array_sum_repeated(a, n, k):\n    max_sum = 0\n    for i in range(n*k):\n        current_sum = 0\n        for j in range(i, n*k):\n            current_sum += a[j % n]\n            max_sum = max(max_sum, current_sum)\n    return max_sum",
    "Test Cases Draft": "{\n  \"requirement analysis\": \"Create test cases to ensure the function works as expected with different input values and edge cases\",\n  \"test_cases\": [\n    {\n      \"Test Title\": \"Valid input\",\n      \"Input Data\": \"a=[10, 20, -30, -1], n=4, k=3\",\n      \"Expected Output\": \"30\"\n    },\n    {\n      \"Test Title\": \"Empty array as input\",\n      \"Input Data\": \"a=[], n=0, k=3\",\n      \"Expected Output\": \"0\"\n    },\n    {\n      \"Test Title\": \"Single-element array as input\",\n      \"Input Data\": \"a=[5], n=1, k=2\",\n      \"Expected Output\": \"5\"\n    },\n    {\n      \"Test Title\": \"Array with all negative numbers as input\",\n      \"Input Data\": \"a=[-5, -10, -15], n=3, k=4\",\n      \"Expected Output\": \"-5\"\n    },\n    {\n      \"Test Title\": \"Invalid input array with non-numeric elements\",\n      \"Input Data\": \"a=[10, 'abc', -30, -1], n=4, k=2\",\n      \"Expected Output\": \"Invalid input\"\n    }\n  ]\n}",
    "Test Cases Draft_prompt": "{\"Role\": \"You are a quality assurance engineer. Your duty is to design test cases for the developers.\", \"Instruction\": \"According to the Context section, write test cases. Don't write long strings in your test cases. Response in JSON format.\", \"Example\": \"{\\\"requirement analysis\\\":\\\"analysis\\\",\\\"test_cases\\\":[{\\\"Test Title\\\":\\\"title\\\", \\\"Input Data\\\":\\\"parameter1=[1,2,3],parameter2='123'\\\", \\\"Expected Output\\\":\\\"456\\\"},]}\", \"Context\": \"# Tasks:\\n['Create test cases to ensure the function works as expected with different input values and edge cases']\\n# Design:\\nAs a professional architect, I have carefully reviewed the suggestions provided by my colleagues and have incorporated them into the new design. Here is the updated design based on the draft version:\\n\\nDesign:\\n1. Analyze the current code and identify opportunities for optimizing the algorithm to improve performance, considering the use of Kadane's algorithm for efficiently finding the maximum subarray sum.\\n2. Utilize efficient data structures such as arrays or linked lists to store and manipulate the modified array without consuming excessive memory. Additionally, use dynamic programming to store and update the maximum subarray sum as the array is modified and repeated k times.\\n3. Use efficient data structures and algorithms to find the largest sum of a contiguous array in the modified array formed by repeating the given array k times, while also considering dynamic programming techniques to efficiently calculate and store the maximum subarray sum.\\n4. Optimize the function to handle large inputs and minimize time complexity for calculating the largest sum of a contiguous array.\\n5. Provide clear and concise documentation for the developer to understand the algorithm and its implementation details.\\n6. Consider edge cases and error handling to ensure the function behaves as expected for all inputs, including testing with large input arrays and verifying the function's behavior with edge cases such as empty arrays, single-element arrays, and arrays with all negative numbers. Additionally, verify that the function handles error cases such as invalid input arrays or non-numeric elements.\\n\\nThis updated design incorporates the suggestions provided and ensures that the algorithm is optimized for performance, utilizes efficient data structures and algorithms, and handles edge cases and error handling effectively.\", \"Question\": \"def max_sub_array_sum_repeated(a, n, k): \\n'''Write a function to find the largest sum of a contiguous array in the modified array which is formed by repeating the given array k times.\\nassert max_sub_array_sum_repeated([10, 20, -30, -1], 4, 3) == 30'''\\n\"}",
    "Test Cases Meetings": "{\n  \"Architect\": \"The test cases cover a good range of scenarios including valid input, empty array, single-element array, array with all negative numbers, and invalid input with non-numeric elements. However, it would be beneficial to include test cases for large input arrays to ensure the function's performance and scalability. Additionally, considering edge cases such as input arrays with duplicate elements or arrays with very large elements would further enhance the robustness of the test suite.\"\n  ,\n  \"Developer\": \"The test cases provided cover a variety of scenarios, but it would be helpful to add some additional test cases to cover edge cases. For example, testing the function with a large input array or with duplicate elements would help ensure the function's correctness in all scenarios. Additionally, considering negative test cases such as passing a non-array object as input or passing non-numeric values as 'n' and 'k' parameters would further enhance the coverage of the test suite.\"\n}",
    "Test Cases": "{\n  \"requirement analysis\": \"Create test cases to ensure the function works as expected with different input values and edge cases\",\n  \"test_cases\": [\n    {\n      \"Test Title\": \"Valid input\",\n      \"Input Data\": \"a=[10, 20, -30, -1], n=4, k=3\",\n      \"Expected Output\": \"30\"\n    },\n    {\n      \"Test Title\": \"Empty array as input\",\n      \"Input Data\": \"a=[], n=0, k=3\",\n      \"Expected Output\": \"0\"\n    },\n    {\n      \"Test Title\": \"Single-element array as input\",\n      \"Input Data\": \"a=[5], n=1, k=2\",\n      \"Expected Output\": \"5\"\n    },\n    {\n      \"Test Title\": \"Array with all negative numbers as input\",\n      \"Input Data\": \"a=[-5, -10, -15], n=3, k=4\",\n      \"Expected Output\": \"-5\"\n    },\n    {\n      \"Test Title\": \"Invalid input array with non-numeric elements\",\n      \"Input Data\": \"a=[10, 'abc', -30, -1], n=4, k=2\",\n      \"Expected Output\": \"Invalid input\"\n    },\n    {\n      \"Test Title\": \"Large input array\",\n      \"Input Data\": \"a=[100, 200, 300, 400, 500, 600], n=6, k=5\",\n      \"Expected Output\": \"1500\"\n    },\n    {\n      \"Test Title\": \"Array with duplicate elements\",\n      \"Input Data\": \"a=[10, 20, 10, 30, 30], n=5, k=3\",\n      \"Expected Output\": \"60\"\n    }\n  ]\n}",
    "Test Cases_prompt": "{\"Role\": \"You are a quality assurance engineer. Your duty is to revise the test cases based on the suggestions.\", \"Instruction\": \"1. Your colleague give you some suggestions(in the Context section) about the draft test cases, read these suggestions. 2. Revise your draft version test cases, but don't use long parameters. 3. Response in JSON format.\", \"Example\": \"{\\\"requirement analysis\\\":\\\"analysis\\\",\\\"test_cases\\\":[{\\\"Test Title\\\":\\\"title\\\", \\\"Input Data\\\":\\\"parameter1=[1,2,3],parameter2='123'\\\", \\\"Expected Output\\\":\\\"456\\\"},]}\", \"Context\": \"# Suggestions:\\n{\\n  \\\"Architect\\\": \\\"The test cases cover a good range of scenarios including valid input, empty array, single-element array, array with all negative numbers, and invalid input with non-numeric elements. However, it would be beneficial to include test cases for large input arrays to ensure the function's performance and scalability. Additionally, considering edge cases such as input arrays with duplicate elements or arrays with very large elements would further enhance the robustness of the test suite.\\\"\\n  ,\\n  \\\"Developer\\\": \\\"The test cases provided cover a variety of scenarios, but it would be helpful to add some additional test cases to cover edge cases. For example, testing the function with a large input array or with duplicate elements would help ensure the function's correctness in all scenarios. Additionally, considering negative test cases such as passing a non-array object as input or passing non-numeric values as 'n' and 'k' parameters would further enhance the coverage of the test suite.\\\"\\n}\\n # Draft Test cases:\\n{\\n  \\\"requirement analysis\\\": \\\"Create test cases to ensure the function works as expected with different input values and edge cases\\\",\\n  \\\"test_cases\\\": [\\n    {\\n      \\\"Test Title\\\": \\\"Valid input\\\",\\n      \\\"Input Data\\\": \\\"a=[10, 20, -30, -1], n=4, k=3\\\",\\n      \\\"Expected Output\\\": \\\"30\\\"\\n    },\\n    {\\n      \\\"Test Title\\\": \\\"Empty array as input\\\",\\n      \\\"Input Data\\\": \\\"a=[], n=0, k=3\\\",\\n      \\\"Expected Output\\\": \\\"0\\\"\\n    },\\n    {\\n      \\\"Test Title\\\": \\\"Single-element array as input\\\",\\n      \\\"Input Data\\\": \\\"a=[5], n=1, k=2\\\",\\n      \\\"Expected Output\\\": \\\"5\\\"\\n    },\\n    {\\n      \\\"Test Title\\\": \\\"Array with all negative numbers as input\\\",\\n      \\\"Input Data\\\": \\\"a=[-5, -10, -15], n=3, k=4\\\",\\n      \\\"Expected Output\\\": \\\"-5\\\"\\n    },\\n    {\\n      \\\"Test Title\\\": \\\"Invalid input array with non-numeric elements\\\",\\n      \\\"Input Data\\\": \\\"a=[10, 'abc', -30, -1], n=4, k=2\\\",\\n      \\\"Expected Output\\\": \\\"Invalid input\\\"\\n    }\\n  ]\\n}\", \"Question\": \"Follow the Instruction. Please make sure your response length are less than 512. Your test cases is for the below question:\\ndef max_sub_array_sum_repeated(a, n, k): \\n'''Write a function to find the largest sum of a contiguous array in the modified array which is formed by repeating the given array k times.\\nassert max_sub_array_sum_repeated([10, 20, -30, -1], 4, 3) == 30'''\\n\"}",
    "Code0": "def max_sub_array_sum_repeated(a, n, k):\n    # Write your efficient and optimized code here\n    # Ensure your code passes all test cases\n    pass",
    "Code0_prompt": {
        "Role": "You are a professional software engineer. Your duty is to write code in Python that meets the requirements. Ensure that the code you write is efficient, readable, and follows best practices. Remember, do not need to explain the code you wrote.",
        "Instruction": "1. Understand the test cases(in the Context section) about the original code. 2. Rewrite your code, make sure your code pass all test cases.",
        "Example": "",
        "Context": "# Original Code:\ndef max_sub_array_sum_repeated(a, n, k):\n    # Write your efficient and optimized code here\n    pass\n# Test Cases:\n{\n  \"requirement analysis\": \"Create test cases to ensure the function works as expected with different input values and edge cases\",\n  \"test_cases\": [\n    {\n      \"Test Title\": \"Valid input\",\n      \"Input Data\": \"a=[10, 20, -30, -1], n=4, k=3\",\n      \"Expected Output\": \"30\"\n    },\n    {\n      \"Test Title\": \"Empty array as input\",\n      \"Input Data\": \"a=[], n=0, k=3\",\n      \"Expected Output\": \"0\"\n    },\n    {\n      \"Test Title\": \"Single-element array as input\",\n      \"Input Data\": \"a=[5], n=1, k=2\",\n      \"Expected Output\": \"5\"\n    },\n    {\n      \"Test Title\": \"Array with all negative numbers as input\",\n      \"Input Data\": \"a=[-5, -10, -15], n=3, k=4\",\n      \"Expected Output\": \"-5\"\n    },\n    {\n      \"Test Title\": \"Invalid input array with non-numeric elements\",\n      \"Input Data\": \"a=[10, 'abc', -30, -1], n=4, k=2\",\n      \"Expected Output\": \"Invalid input\"\n    },\n    {\n      \"Test Title\": \"Large input array\",\n      \"Input Data\": \"a=[100, 200, 300, 400, 500, 600], n=6, k=5\",\n      \"Expected Output\": \"1500\"\n    },\n    {\n      \"Test Title\": \"Array with duplicate elements\",\n      \"Input Data\": \"a=[10, 20, 10, 30, 30], n=5, k=3\",\n      \"Expected Output\": \"60\"\n    }\n  ]\n}",
        "Question": "def max_sub_array_sum_repeated(a, n, k): \n'''Write a function to find the largest sum of a contiguous array in the modified array which is formed by repeating the given array k times.\nassert max_sub_array_sum_repeated([10, 20, -30, -1], 4, 3) == 30'''\n"
    },
    "TestScriptOriginal": "import unittest\n\ndef max_sub_array_sum_repeated(a, n, k):\n    # Write your function here\n    modified_array = a * k\n    max_sum = modified_array[0]\n    current_sum = modified_array[0]\n    \n    for i in range(1, len(modified_array)):\n        current_sum = max(modified_array[i], current_sum + modified_array[i])\n        max_sum = max(max_sum, current_sum)\n    \n    return max_sum\n\nclass Test(unittest.TestCase):\n    def test(self):\n        self.assertEqual(max_sub_array_sum_repeated([10, 20, -30, -1], 4, 3), 30)\n\nif __name__ == '__main__':\n    unittest.main()",
    "TestScriptOriginal_prompt": "{\"Role\": \"You are a quality assurance engineer. Your duty is to write a python test script in unittest framework.\", \"Instruction\": \"1. Write a python test script. 2. Use the input and output given by the question.\", \"Example\": \"import unittest\\n\\nclass Test(unittest.TestCase):\\n    def test(self):\\n        self.assertEqual(function_under_test('a'), 1)\\n\\nif __name__ == '__main__':\\n    unittest.main()\", \"Context\": \"\", \"Question\": \"def max_sub_array_sum_repeated(a, n, k): \\n'''Write a function to find the largest sum of a contiguous array in the modified array which is formed by repeating the given array k times.\\nassert max_sub_array_sum_repeated([10, 20, -30, -1], 4, 3) == 30'''\\n\"}",
    "TestScript": "import unittest\n\nclass Test(unittest.TestCase):\n    def test(self):\n        self.assertEqual(max_sub_array_sum_repeated([10, 20, -30, -1], 4, 3), 30)\n\nif __name__ == '__main__':\n    unittest.main()",
    "ScriptResult0": "F\n======================================================================\nFAIL: test (__main__.Test)\n----------------------------------------------------------------------\nTraceback (most recent call last):\n  File \"/Users/watch/PycharmProjects/XXXX-1-LLM/workspace/2024-03-11_09-05-49-389010/test_script.py\", line 9, in test\n    self.assertEqual(max_sub_array_sum_repeated([10, 20, -30, -1], 4, 3), 30)\nAssertionError: None != 30\n\n----------------------------------------------------------------------\nRan 1 test in 0.000s\n\nFAILED (failures=1)\n",
    "TestReport0": "Test Report:\n\nTest script's output:\nF\n======================================================================\nFAIL: test (__main__.Test)\n----------------------------------------------------------------------\nTraceback (most recent call last):\n  File \"/Users/watch/PycharmProjects/XXXX-1-LLM/workspace/2024-03-11_09-05-49-389010/test_script.py\", line 9, in test\n    self.assertEqual(max_sub_array_sum_repeated([10, 20, -30, -1], 4, 3), 30)\nAssertionError: None != 30\n\n----------------------------------------------------------------------\nRan 1 test in 0.000s\n\nFAILED (failures=1)\n\nConclusion: Code Test Failed\n\nInput and expected output example:\nInput: [10, 20, -30, -1], 4, 3\nExpected Output: 30\n\nThe test failed as the expected output 30 did not match the actual output None.\n",
    "SprintReview0": "[ScrumMaster]says: Here is our test Report: Test Report:\n\nTest script's output:\nF\n======================================================================\nFAIL: test (__main__.Test)\n----------------------------------------------------------------------\nTraceback (most recent call last):\n  File \"/Users/watch/PycharmProjects/XXXX-1-LLM/workspace/2024-03-11_09-05-49-389010/test_script.py\", line 9, in test\n    self.assertEqual(max_sub_array_sum_repeated([10, 20, -30, -1], 4, 3), 30)\nAssertionError: None != 30\n\n----------------------------------------------------------------------\nRan 1 test in 0.000s\n\nFAILED (failures=1)\n\nConclusion: Code Test Failed\n\nInput and expected output example:\nInput: [10, 20, -30, -1], 4, 3\nExpected Output: 30\n\nThe test failed as the expected output 30 did not match the actual output None.\n, do you have any ideas?\n-----\n\n[Developer]says: As a Developer, I will review the test script and investigate why the output did not match the expected result.\n-----\n\n[ProductOwner]says: As a Product Owner, it is important for us to prioritize fixing this failing test in order to maintain the quality of our product.\n-----\n\n[Architect]says: As an architect, I would suggest reviewing the test script and ensuring that the max_sub_array_sum_repeated function is implemented correctly to meet the expected output.\n-----\n\n[Tester]says: As a Tester, it seems like there is an issue with the test script and the expected output not matching, I will review the test script and investigate the discrepancy.\n-----\n\n[Developer]says: [Developer] I will review the test script and investigate why the output did not match the expected result.\n-----\n\n[ProductOwner]says: As a Product Owner, I will prioritize fixing this failing test in order to maintain the quality of our product.\n-----\n\n[Tester]says: As a Tester, I will review the test script and investigate the discrepancy between the expected and actual output.\n-----\n\n[Architect]says: As an architect, I would suggest reviewing the test script and ensuring that the max_sub_array_sum_repeated function is implemented correctly to meet the expected output.\n-----\n",
    "SprintReviewMeetings0": "{\n  \"product-owner\": [\"It is important for us to prioritize fixing this failing test in order to maintain the quality of our product.\"],\n  \"architect\": [\"Review the test script and ensure that the max_sub_array_sum_repeated function is implemented correctly to meet the expected output.\"],\n  \"developer\": [\"Review the test script and investigate why the output did not match the expected result.\"],\n  \"tester\": [\"Review the test script and investigate the discrepancy between the expected and actual output.\"]\n}",
    "SprintReviewMeetings0_prompt": "{\"Role\": \"You are a professional scrum master. Your goal is to summary the Discussion History into a suggestions list for the scrum team.\", \"Instruction\": \"1. Read and Understand the Discussion History. 2. Summary the suggestions from four roles: product-owner/architect/developer/tester. 3. Response in JSON format.\", \"Example\": \"{\\\"product-owner\\\":[\\\"suggestion1\\\",\\\"suggestion2\\\"],\\\"architect\\\":[\\\"suggestion1\\\",\\\"suggestion2\\\"], \\\"developer\\\":[\\\"suggestion1\\\",\\\"suggestion2\\\"], \\\"tester\\\":[\\\"suggestion1\\\",\\\"suggestion2\\\"]}\", \"Context\": \"[ScrumMaster]says: Here is our test Report: Test Report:\\n\\nTest script's output:\\nF\\n======================================================================\\nFAIL: test (__main__.Test)\\n----------------------------------------------------------------------\\nTraceback (most recent call last):\\n  File \\\"/Users/watch/PycharmProjects/XXXX-1-LLM/workspace/2024-03-11_09-05-49-389010/test_script.py\\\", line 9, in test\\n    self.assertEqual(max_sub_array_sum_repeated([10, 20, -30, -1], 4, 3), 30)\\nAssertionError: None != 30\\n\\n----------------------------------------------------------------------\\nRan 1 test in 0.000s\\n\\nFAILED (failures=1)\\n\\nConclusion: Code Test Failed\\n\\nInput and expected output example:\\nInput: [10, 20, -30, -1], 4, 3\\nExpected Output: 30\\n\\nThe test failed as the expected output 30 did not match the actual output None.\\n, do you have any ideas?\\n-----\\n\\n[Developer]says: As a Developer, I will review the test script and investigate why the output did not match the expected result.\\n-----\\n\\n[ProductOwner]says: As a Product Owner, it is important for us to prioritize fixing this failing test in order to maintain the quality of our product.\\n-----\\n\\n[Architect]says: As an architect, I would suggest reviewing the test script and ensuring that the max_sub_array_sum_repeated function is implemented correctly to meet the expected output.\\n-----\\n\\n[Tester]says: As a Tester, it seems like there is an issue with the test script and the expected output not matching, I will review the test script and investigate the discrepancy.\\n-----\\n\\n[Developer]says: [Developer] I will review the test script and investigate why the output did not match the expected result.\\n-----\\n\\n[ProductOwner]says: As a Product Owner, I will prioritize fixing this failing test in order to maintain the quality of our product.\\n-----\\n\\n[Tester]says: As a Tester, I will review the test script and investigate the discrepancy between the expected and actual output.\\n-----\\n\\n[Architect]says: As an architect, I would suggest reviewing the test script and ensuring that the max_sub_array_sum_repeated function is implemented correctly to meet the expected output.\\n-----\\n\", \"Question\": \"Follow the Instruction section. The Discussion History is in the Context section. You only need to return a list as the Example section.\"}",
    "RepairResponse0": "{\n  \"revised_code\": \"def max_sub_array_sum_repeated(a, n, k):\\n    max_sum = 0\\n    for i in range(n*k):\\n        current_sum = 0\\n        for j in range(i, n*k):\\n            current_sum += a[j % n]\\n            max_sum = max(max_sum, current_sum)\\n    return max_sum\"\n}",
    "RepairResponse0_prompt": {
        "Role": "You are a professional software engineer. Your duty is to write code in Python that meets the requirements. Ensure that the code you write is efficient, readable, and follows best practices. Remember, do not need to explain the code you wrote.",
        "Instruction": "1. Rewrite a bug fix version of the original code. 2. Response in JSON format.",
        "Example": "{\"revised_code\":\"...\"}",
        "Context": "# Test Report:\nTest Report:\n\nTest script's output:\nF\n======================================================================\nFAIL: test (__main__.Test)\n----------------------------------------------------------------------\nTraceback (most recent call last):\n  File \"/Users/watch/PycharmProjects/XXXX-1-LLM/workspace/2024-03-11_09-05-49-389010/test_script.py\", line 9, in test\n    self.assertEqual(max_sub_array_sum_repeated([10, 20, -30, -1], 4, 3), 30)\nAssertionError: None != 30\n\n----------------------------------------------------------------------\nRan 1 test in 0.000s\n\nFAILED (failures=1)\n\nConclusion: Code Test Failed\n\nInput and expected output example:\nInput: [10, 20, -30, -1], 4, 3\nExpected Output: 30\n\nThe test failed as the expected output 30 did not match the actual output None.\n# suggestions:\n{\"product-owner\": [\"It is important for us to prioritize fixing this failing test in order to maintain the quality of our product.\"], \"architect\": [\"Review the test script and ensure that the max_sub_array_sum_repeated function is implemented correctly to meet the expected output.\"], \"developer\": [\"Review the test script and investigate why the output did not match the expected result.\"], \"tester\": [\"Review the test script and investigate the discrepancy between the expected and actual output.\"]}",
        "Question": "The original code has some bugs, according to the test report and suggestions, rewrite the code. Complete the following code:\ndef max_sub_array_sum_repeated(a, n, k): \n'''Write a function to find the largest sum of a contiguous array in the modified array which is formed by repeating the given array k times.\nassert max_sub_array_sum_repeated([10, 20, -30, -1], 4, 3) == 30'''\n"
    },
    "Code1": "def max_sub_array_sum_repeated(a, n, k):\n    max_sum = 0\n    for i in range(n*k):\n        current_sum = 0\n        for j in range(i, n*k):\n            current_sum += a[j % n]\n            max_sum = max(max_sum, current_sum)\n    return max_sum",
    "ScriptResult1": ".\n----------------------------------------------------------------------\nRan 1 test in 0.000s\n\nOK\n",
    "TestReport1": "Test Report:\n\nTest Script's Output:\n.\n----------------------------------------------------------------------\nRan 1 test in 0.000s\n\nOK\n\nConclusion: Code Test Passed\n\nCode test for the function max_sub_array_sum_repeated has passed."
}