{
    "start_time": "2024-03-11_18-38-17-620783",
    "task": "def max_sum_increasing_subseq(a, n, index, k):\n'''Write a function to find the maximum sum of increasing subsequence from prefix until ith index and also including a given kth element which is after i, i.e., k > i .\nassert max_sum_increasing_subseq([1, 101, 2, 3, 100, 4, 5 ], 7, 4, 6) == 11'''\n",
    "datetime": {
        "task": "2024-03-11 18:38:17",
        "task-id": "2024-03-11 18:38:17",
        "workflow": "2024-03-11 18:38:17",
        "UserStoryDraft0": "2024-03-11 18:38:18",
        "AnalyzeMeetings": "2024-03-11 18:38:20",
        "UserStory0": "2024-03-11 18:38:21",
        "DesignDraft0": "2024-03-11 18:38:24",
        "DesignMeetings0": "2024-03-11 18:38:25",
        "Design0": "2024-03-11 18:38:30",
        "CodeDraft0": "2024-03-11 18:38:32",
        "CodeReviewMeetings0": "2024-03-11 18:38:34",
        "Code0CR": "2024-03-11 18:38:35",
        "FinalCode": "2024-03-11 18:39:09",
        "Test Cases Draft": "2024-03-11 18:38:38",
        "Test Cases Meetings": "2024-03-11 18:38:39",
        "Test Cases": "2024-03-11 18:38:42",
        "Code0": "2024-03-11 18:38:47",
        "TestScriptOriginal": "2024-03-11 18:38:48",
        "TestScript": "2024-03-11 18:38:48",
        "ScriptResult0": "2024-03-11 18:38:48",
        "TestReport0": "2024-03-11 18:38:50",
        "SprintReview0": "2024-03-11 18:38:51",
        "SprintReviewMeetings0": "2024-03-11 18:38:53",
        "RepairResponse0": "2024-03-11 18:38:55",
        "Code1": "2024-03-11 18:38:55",
        "ScriptResult1": "2024-03-11 18:38:55",
        "TestReport1": "2024-03-11 18:38:56",
        "SprintReview1": "2024-03-11 18:38:58",
        "SprintReviewMeetings1": "2024-03-11 18:39:00",
        "RepairResponse1": "2024-03-11 18:39:03",
        "Code2": "2024-03-11 18:39:03",
        "ScriptResult2": "2024-03-11 18:39:03",
        "TestReport2": "2024-03-11 18:39:04",
        "SprintReview2": "2024-03-11 18:39:06",
        "SprintReviewMeetings2": "2024-03-11 18:39:08",
        "RepairResponse2": "2024-03-11 18:39:09",
        "Code3": "2024-03-11 18:39:09",
        "ScriptResult3": "2024-03-11 18:39:09",
        "TestReport3": "2024-03-11 18:39:12"
    },
    "task-id": 306,
    "workflow": "agile/agile_version_0.0.5_remove.json",
    "UserStoryDraft0": "{\n  \"UserStory\": \"As a product owner, I want a function that can find the maximum sum of an increasing subsequence from the prefix until the ith index and including a given kth element after i, so that I can efficiently calculate the maximum sum of increasing subsequences for a given input array and indices.\"\n}",
    "UserStoryDraft0_prompt": "{\"Role\": \"You need to act as a professional product owner. Your task is to write a UserStory\", \"Instruction\": \"According to the Context, please analyze the requirement and write your response. Response in JSON format. Your response should be high-level, rather than providing implementation details.\", \"Example\": \"\", \"Context\": [], \"Question\": \"Follow the Instruction. The requirement is as follows:\\ndef max_sum_increasing_subseq(a, n, index, k):\\n'''Write a function to find the maximum sum of increasing subsequence from prefix until ith index and also including a given kth element which is after i, i.e., k > i .\\nassert max_sum_increasing_subseq([1, 101, 2, 3, 100, 4, 5 ], 7, 4, 6) == 11'''\\n\"}",
    "AnalyzeMeetings": "{\n  \"Architect\": \"I suggest breaking down the user story into smaller, more manageable tasks and defining the specific requirements for the function. It would also be helpful to consider any potential edge cases or constraints that may affect the implementation of this function.\"\n}",
    "UserStory0": "{\n  \"RevisedDocument\": \"As a product owner, I want a function that can find the maximum sum of an increasing subsequence from the prefix until the ith index and including a given kth element after i. The function should be broken down into smaller, more manageable tasks with specific requirements defined. Additionally, potential edge cases or constraints that may affect the implementation should be considered to efficiently calculate the maximum sum of increasing subsequences for a given input array and indices.\"\n}",
    "UserStory0_prompt": {
        "Role": "You need to act as a professional product owner. Your duty is to revise the document based on the suggestions.",
        "Instruction": "1. Read the suggestions. 2. Revise your draft version document. 3. Response in JSON format. 4. REMEMBER: Your analysis should be high-level, rather than providing implementation details.",
        "Example": "",
        "Context": "# Suggestion:\n{\n  \"Architect\": \"I suggest breaking down the user story into smaller, more manageable tasks and defining the specific requirements for the function. It would also be helpful to consider any potential edge cases or constraints that may affect the implementation of this function.\"\n}",
        "Question": "Follow the Instruction. Your colleague give you some suggestions(in the Context section) about this draft document:{\n  \"UserStory\": \"As a product owner, I want a function that can find the maximum sum of an increasing subsequence from the prefix until the ith index and including a given kth element after i, so that I can efficiently calculate the maximum sum of increasing subsequences for a given input array and indices.\"\n}"
    },
    "DesignDraft0": "Design:\n- Define a function max_sum_increasing_subseq(a, n, index, k) to find the maximum sum of an increasing subsequence from the prefix until the ith index and including a given kth element after i.\n- The function should take input parameters:\n    - a: input array of integers\n    - n: length of the input array\n    - index: the index until which the subsequence needs to be considered\n    - k: the kth element after i to be included in the subsequence\n- The function should return the maximum sum of the increasing subsequence.\n- The algorithm should break down the problem into smaller tasks with specific requirements defined.\n- Consider potential edge cases or constraints that may affect the implementation to efficiently calculate the maximum sum of increasing subsequences for a given input array and indices.\n\nExample:\n```python\ndef max_sum_increasing_subseq(a, n, index, k):\n    # Write a function to find the maximum sum of increasing subsequence from prefix until ith index and also including a given kth element which is after i, i.e., k > i .\n    # assert max_sum_increasing_subseq([1, 101, 2, 3, 100, 4, 5 ], 7, 4, 6) == 11\n    pass\n```",
    "DesignMeetings0": "{\n  \"Developer\": \"The algorithm needs to be implemented efficiently to calculate the maximum sum of increasing subsequences. It's important to consider potential edge cases like empty input array, negative numbers, or large input arrays. Additionally, the algorithm should be optimized to handle large input arrays and indices.\",\n  \"Requirement Engineer\": \"The function should have clear and specific input parameters defined. It's important to specify the expected behavior of the function, including how it handles edge cases and constraints. Additionally, the example provided should cover a variety of scenarios to validate the function's correctness.\"\n}",
    "Design0": "Design:\n\n- Define a function max_sum_increasing_subseq(a, n, index, k) to find the maximum sum of an increasing subsequence from the prefix until the ith index and including a given kth element after i.\n- The function should take input parameters:\n    - a: input array of integers\n    - n: length of the input array\n    - index: the index until which the subsequence needs to be considered\n    - k: the kth element after i to be included in the subsequence\n- The function should return the maximum sum of the increasing subsequence.\n- The algorithm should break down the problem into smaller tasks with specific requirements defined.\n- Consider potential edge cases or constraints that may affect the implementation to efficiently calculate the maximum sum of increasing subsequences for a given input array and indices.\n\nExample:\n```python\ndef max_sum_increasing_subseq(a, n, index, k):\n    # Write a function to find the maximum sum of increasing subsequence from prefix until ith index and also including a given kth element which is after i, i.e., k > i .\n    # assert max_sum_increasing_subseq([1, 101, 2, 3, 100, 4, 5 ], 7, 4, 6) == 11\n    pass\n```\n\nNew Design:\n\nTo meet the suggestions and requirements, I have updated the design as follows:\n\n1. The function will handle potential edge cases such as empty input array, negative numbers, and large input arrays by implementing specific checks and optimizations.\n2. The function will clearly define the input parameters and their expected behavior, including how edge cases and constraints will be handled.\n3. The example provided will cover a variety of scenarios to validate the function's correctness, including edge cases and constraints.\n4. The algorithm will be optimized to efficiently calculate the maximum sum of increasing subsequences for a given input array and indices, especially for large input arrays and indices.",
    "CodeDraft0": "def max_sum_increasing_subseq(a, n, index, k):\n    # Write a function to find the maximum sum of increasing subsequence from prefix until ith index and also including a given kth element which is after i, i.e., k > i .\n    # assert max_sum_increasing_subseq([1, 101, 2, 3, 100, 4, 5 ], 7, 4, 6) == 11\n    pass",
    "CodeDraft0_prompt": {
        "Role": "You are a professional engineer. Your duty is to write code in Python that meets the requirements. Ensure that the code you write is efficient, readable, and follows best practices. Remember, do not need to explain the code you wrote.",
        "Instruction": "According to the Context section, write your code.",
        "Example": "",
        "Context": "# Tasks:\n[]\n# Design:\nDesign:\n\n- Define a function max_sum_increasing_subseq(a, n, index, k) to find the maximum sum of an increasing subsequence from the prefix until the ith index and including a given kth element after i.\n- The function should take input parameters:\n    - a: input array of integers\n    - n: length of the input array\n    - index: the index until which the subsequence needs to be considered\n    - k: the kth element after i to be included in the subsequence\n- The function should return the maximum sum of the increasing subsequence.\n- The algorithm should break down the problem into smaller tasks with specific requirements defined.\n- Consider potential edge cases or constraints that may affect the implementation to efficiently calculate the maximum sum of increasing subsequences for a given input array and indices.\n\nExample:\n```python\ndef max_sum_increasing_subseq(a, n, index, k):\n    # Write a function to find the maximum sum of increasing subsequence from prefix until ith index and also including a given kth element which is after i, i.e., k > i .\n    # assert max_sum_increasing_subseq([1, 101, 2, 3, 100, 4, 5 ], 7, 4, 6) == 11\n    pass\n```\n\nNew Design:\n\nTo meet the suggestions and requirements, I have updated the design as follows:\n\n1. The function will handle potential edge cases such as empty input array, negative numbers, and large input arrays by implementing specific checks and optimizations.\n2. The function will clearly define the input parameters and their expected behavior, including how edge cases and constraints will be handled.\n3. The example provided will cover a variety of scenarios to validate the function's correctness, including edge cases and constraints.\n4. The algorithm will be optimized to efficiently calculate the maximum sum of increasing subsequences for a given input array and indices, especially for large input arrays and indices.",
        "Question": "Follow the Instruction section. Complete the following code:\ndef max_sum_increasing_subseq(a, n, index, k):\n'''Write a function to find the maximum sum of increasing subsequence from prefix until ith index and also including a given kth element which is after i, i.e., k > i .\nassert max_sum_increasing_subseq([1, 101, 2, 3, 100, 4, 5 ], 7, 4, 6) == 11'''\n"
    },
    "CodeReviewMeetings0": "{\n  \"Architect\": \"The function definition and the description of the function's purpose are clear and well documented. However, the code lacks implementation and logic to actually find the maximum sum of increasing subsequence. It needs to be revised to include the algorithm to calculate the maximum sum of increasing subsequence.\",\n  \"Tester\": \"The code provided is not functional and does not produce any output. It needs to be revised to include the actual implementation of finding the maximum sum of increasing subsequence and also needs to be tested with different input values to ensure it produces correct results.\"\n}",
    "Code0CR": "def max_sum_increasing_subseq(a, n, index, k):\n    # Write a function to find the maximum sum of increasing subsequence from prefix until ith index and also including a given kth element which is after i, i.e., k > i .\n    # assert max_sum_increasing_subseq([1, 101, 2, 3, 100, 4, 5 ], 7, 4, 6) == 11\n    pass",
    "Code0CR_prompt": "{\"Role\": \"You are a professional software engineer. Your duty is to write code in Python that meets the requirements. Ensure that the code you write is efficient, readable, and follows best practices. Remember, do not need to explain the code you wrote.\", \"Instruction\": \"1. Understand the suggestions(in the Context section) about the original code. 2. Rewrite your code.\", \"Example\": \"\", \"Context\": \"# Tasks:\\n[]\\n# Design:\\nDesign:\\n\\n- Define a function max_sum_increasing_subseq(a, n, index, k) to find the maximum sum of an increasing subsequence from the prefix until the ith index and including a given kth element after i.\\n- The function should take input parameters:\\n    - a: input array of integers\\n    - n: length of the input array\\n    - index: the index until which the subsequence needs to be considered\\n    - k: the kth element after i to be included in the subsequence\\n- The function should return the maximum sum of the increasing subsequence.\\n- The algorithm should break down the problem into smaller tasks with specific requirements defined.\\n- Consider potential edge cases or constraints that may affect the implementation to efficiently calculate the maximum sum of increasing subsequences for a given input array and indices.\\n\\nExample:\\n```python\\ndef max_sum_increasing_subseq(a, n, index, k):\\n    # Write a function to find the maximum sum of increasing subsequence from prefix until ith index and also including a given kth element which is after i, i.e., k > i .\\n    # assert max_sum_increasing_subseq([1, 101, 2, 3, 100, 4, 5 ], 7, 4, 6) == 11\\n    pass\\n```\\n\\nNew Design:\\n\\nTo meet the suggestions and requirements, I have updated the design as follows:\\n\\n1. The function will handle potential edge cases such as empty input array, negative numbers, and large input arrays by implementing specific checks and optimizations.\\n2. The function will clearly define the input parameters and their expected behavior, including how edge cases and constraints will be handled.\\n3. The example provided will cover a variety of scenarios to validate the function's correctness, including edge cases and constraints.\\n4. The algorithm will be optimized to efficiently calculate the maximum sum of increasing subsequences for a given input array and indices, especially for large input arrays and indices.# Suggestions:\\n{\\n  \\\"Architect\\\": \\\"The function definition and the description of the function's purpose are clear and well documented. However, the code lacks implementation and logic to actually find the maximum sum of increasing subsequence. It needs to be revised to include the algorithm to calculate the maximum sum of increasing subsequence.\\\",\\n  \\\"Tester\\\": \\\"The code provided is not functional and does not produce any output. It needs to be revised to include the actual implementation of finding the maximum sum of increasing subsequence and also needs to be tested with different input values to ensure it produces correct results.\\\"\\n}\", \"Question\": \"Follow the Instruction section. Complete the following code:\\ndef max_sum_increasing_subseq(a, n, index, k):\\n'''Write a function to find the maximum sum of increasing subsequence from prefix until ith index and also including a given kth element which is after i, i.e., k > i .\\nassert max_sum_increasing_subseq([1, 101, 2, 3, 100, 4, 5 ], 7, 4, 6) == 11'''\\n\"}",
    "FinalCode": "def max_sum_increasing_subseq(a, n, index, k):\n    dp = [0] * n\n    dp[index] = a[index]\n    for i in range(index+1, k):\n        for j in range(index, i):\n            if a[i] > a[j]:\n                dp[i] = max(dp[i], dp[j] + a[i])\n    return max(dp)",
    "Test Cases Draft": "{\n  \"test_cases\": [\n    {\n      \"Test Title\": \"Empty Input Array\",\n      \"Input Data\": \"a=[], n=0, index=0, k=0\",\n      \"Expected Output\": \"0\"\n    },\n    {\n      \"Test Title\": \"Negative Numbers in Input Array\",\n      \"Input Data\": \"a=[-1, -2, -3], n=3, index=2, k=3\",\n      \"Expected Output\": \"0\"\n    },\n    {\n      \"Test Title\": \"Large Input Array\",\n      \"Input Data\": \"a=[1000, 2000, 3000, 4000, 5000], n=5, index=3, k=4\",\n      \"Expected Output\": \"10000\"\n    }\n  ]\n}",
    "Test Cases Draft_prompt": "{\"Role\": \"You are a quality assurance engineer. Your duty is to design test cases for the developers.\", \"Instruction\": \"According to the Context section, write test cases. Don't write long strings in your test cases. Response in JSON format.\", \"Example\": \"{\\\"requirement analysis\\\":\\\"analysis\\\",\\\"test_cases\\\":[{\\\"Test Title\\\":\\\"title\\\", \\\"Input Data\\\":\\\"parameter1=[1,2,3],parameter2='123'\\\", \\\"Expected Output\\\":\\\"456\\\"},]}\", \"Context\": \"# UsrtStory:\\n{\\n  \\\"RevisedDocument\\\": \\\"As a product owner, I want a function that can find the maximum sum of an increasing subsequence from the prefix until the ith index and including a given kth element after i. The function should be broken down into smaller, more manageable tasks with specific requirements defined. Additionally, potential edge cases or constraints that may affect the implementation should be considered to efficiently calculate the maximum sum of increasing subsequences for a given input array and indices.\\\"\\n}\\n# Tasks:\\n[]\\n# Design:\\nDesign:\\n\\n- Define a function max_sum_increasing_subseq(a, n, index, k) to find the maximum sum of an increasing subsequence from the prefix until the ith index and including a given kth element after i.\\n- The function should take input parameters:\\n    - a: input array of integers\\n    - n: length of the input array\\n    - index: the index until which the subsequence needs to be considered\\n    - k: the kth element after i to be included in the subsequence\\n- The function should return the maximum sum of the increasing subsequence.\\n- The algorithm should break down the problem into smaller tasks with specific requirements defined.\\n- Consider potential edge cases or constraints that may affect the implementation to efficiently calculate the maximum sum of increasing subsequences for a given input array and indices.\\n\\nExample:\\n```python\\ndef max_sum_increasing_subseq(a, n, index, k):\\n    # Write a function to find the maximum sum of increasing subsequence from prefix until ith index and also including a given kth element which is after i, i.e., k > i .\\n    # assert max_sum_increasing_subseq([1, 101, 2, 3, 100, 4, 5 ], 7, 4, 6) == 11\\n    pass\\n```\\n\\nNew Design:\\n\\nTo meet the suggestions and requirements, I have updated the design as follows:\\n\\n1. The function will handle potential edge cases such as empty input array, negative numbers, and large input arrays by implementing specific checks and optimizations.\\n2. The function will clearly define the input parameters and their expected behavior, including how edge cases and constraints will be handled.\\n3. The example provided will cover a variety of scenarios to validate the function's correctness, including edge cases and constraints.\\n4. The algorithm will be optimized to efficiently calculate the maximum sum of increasing subsequences for a given input array and indices, especially for large input arrays and indices.\", \"Question\": \"def max_sum_increasing_subseq(a, n, index, k):\\n'''Write a function to find the maximum sum of increasing subsequence from prefix until ith index and also including a given kth element which is after i, i.e., k > i .\\nassert max_sum_increasing_subseq([1, 101, 2, 3, 100, 4, 5 ], 7, 4, 6) == 11'''\\n\"}",
    "Test Cases Meetings": "{\n  \"Developer\": \"The test cases provided seem to cover different scenarios such as empty input array, negative numbers, and large input array. However, I suggest including test cases for boundary values, such as the smallest and largest possible input values. Additionally, we should also consider edge cases like when the input array is null or when the index and k values are out of range. This will help ensure the robustness of the test suite.\"\n}",
    "Test Cases": "{\n  \"test_cases\": [\n    {\n      \"Test Title\": \"Empty Input Array\",\n      \"Input Data\": \"a=[], n=0, index=0, k=0\",\n      \"Expected Output\": \"0\"\n    },\n    {\n      \"Test Title\": \"Negative Numbers in Input Array\",\n      \"Input Data\": \"a=[-1, -2, -3], n=3, index=2, k=3\",\n      \"Expected Output\": \"0\"\n    },\n    {\n      \"Test Title\": \"Large Input Array\",\n      \"Input Data\": \"a=[1000, 2000, 3000, 4000, 5000], n=5, index=3, k=4\",\n      \"Expected Output\": \"10000\"\n    },\n    {\n      \"Test Title\": \"Boundary Values\",\n      \"Input Data\": \"a=[1, 101, 2, 3, 100, 4, 5], n=7, index=4, k=6\",\n      \"Expected Output\": \"11\"\n    },\n    {\n      \"Test Title\": \"Null Input Array\",\n      \"Input Data\": \"a=null, n=0, index=0, k=0\",\n      \"Expected Output\": \"0\"\n    },\n    {\n      \"Test Title\": \"Index and k Values Out of Range\",\n      \"Input Data\": \"a=[1, 101, 2, 3, 100, 4, 5], n=7, index=10, k=12\",\n      \"Expected Output\": \"0\"\n    }\n  ]\n}",
    "Test Cases_prompt": "{\"Role\": \"You are a quality assurance engineer. Your duty is to revise the test cases based on the suggestions.\", \"Instruction\": \"1. Your colleague give you some suggestions(in the Context section) about the draft test cases, read these suggestions. 2. Revise your draft version test cases, but don't use long parameters. 3. Response in JSON format.\", \"Example\": \"{\\\"requirement analysis\\\":\\\"analysis\\\",\\\"test_cases\\\":[{\\\"Test Title\\\":\\\"title\\\", \\\"Input Data\\\":\\\"parameter1=[1,2,3],parameter2='123'\\\", \\\"Expected Output\\\":\\\"456\\\"},]}\", \"Context\": \"# Suggestions:\\n{\\n  \\\"Developer\\\": \\\"The test cases provided seem to cover different scenarios such as empty input array, negative numbers, and large input array. However, I suggest including test cases for boundary values, such as the smallest and largest possible input values. Additionally, we should also consider edge cases like when the input array is null or when the index and k values are out of range. This will help ensure the robustness of the test suite.\\\"\\n}\\n # Draft Test cases:\\n{\\n  \\\"test_cases\\\": [\\n    {\\n      \\\"Test Title\\\": \\\"Empty Input Array\\\",\\n      \\\"Input Data\\\": \\\"a=[], n=0, index=0, k=0\\\",\\n      \\\"Expected Output\\\": \\\"0\\\"\\n    },\\n    {\\n      \\\"Test Title\\\": \\\"Negative Numbers in Input Array\\\",\\n      \\\"Input Data\\\": \\\"a=[-1, -2, -3], n=3, index=2, k=3\\\",\\n      \\\"Expected Output\\\": \\\"0\\\"\\n    },\\n    {\\n      \\\"Test Title\\\": \\\"Large Input Array\\\",\\n      \\\"Input Data\\\": \\\"a=[1000, 2000, 3000, 4000, 5000], n=5, index=3, k=4\\\",\\n      \\\"Expected Output\\\": \\\"10000\\\"\\n    }\\n  ]\\n}\", \"Question\": \"Follow the Instruction. Please make sure your response length are less than 512. Your test cases is for the below question:\\ndef max_sum_increasing_subseq(a, n, index, k):\\n'''Write a function to find the maximum sum of increasing subsequence from prefix until ith index and also including a given kth element which is after i, i.e., k > i .\\nassert max_sum_increasing_subseq([1, 101, 2, 3, 100, 4, 5 ], 7, 4, 6) == 11'''\\n\"}",
    "Code0": "def max_sum_increasing_subseq(a, n, index, k):\n    max_sum = 0\n    dp = [0] * n\n    \n    for i in range(index+1, k):\n        for j in range(i):\n            if a[i] > a[j] and dp[i] < dp[j] + a[i]:\n                dp[i] = dp[j] + a[i]\n                \n        max_sum = max(max_sum, dp[i])\n        \n    return max_sum\n\n# Test Cases:\n{\n  \"test_cases\": [\n    {\n      \"Test Title\": \"Empty Input Array\",\n      \"Input Data\": \"a=[], n=0, index=0, k=0\",\n      \"Expected Output\": \"0\"\n    },\n    {\n      \"Test Title\": \"Negative Numbers in Input Array\",\n      \"Input Data\": \"a=[-1, -2, -3], n=3, index=2, k=3\",\n      \"Expected Output\": \"0\"\n    },\n    {\n      \"Test Title\": \"Large Input Array\",\n      \"Input Data\": \"a=[1000, 2000, 3000, 4000, 5000], n=5, index=3, k=4\",\n      \"Expected Output\": \"10000\"\n    },\n    {\n      \"Test Title\": \"Boundary Values\",\n      \"Input Data\": \"a=[1, 101, 2, 3, 100, 4, 5], n=7, index=4, k=6\",\n      \"Expected Output\": \"11\"\n    },\n    {\n      \"Test Title\": \"Null Input Array\",\n      \"Input Data\": \"a=null, n=0, index=0, k=0\",\n      \"Expected Output\": \"0\"\n    },\n    {\n      \"Test Title\": \"Index and k Values Out of Range\",\n      \"Input Data\": \"a=[1, 101, 2, 3, 100, 4, 5], n=7, index=10, k=12\",\n      \"Expected Output\": \"0\"\n    }\n  ]\n}",
    "Code0_prompt": {
        "Role": "You are a professional software engineer. Your duty is to write code in Python that meets the requirements. Ensure that the code you write is efficient, readable, and follows best practices. Remember, do not need to explain the code you wrote.",
        "Instruction": "1. Understand the test cases(in the Context section) about the original code. 2. Rewrite your code, make sure your code pass all test cases.",
        "Example": "",
        "Context": "# Original Code:\ndef max_sum_increasing_subseq(a, n, index, k):\n    # Write a function to find the maximum sum of increasing subsequence from prefix until ith index and also including a given kth element which is after i, i.e., k > i .\n    # assert max_sum_increasing_subseq([1, 101, 2, 3, 100, 4, 5 ], 7, 4, 6) == 11\n    pass\n# Test Cases:\n{\n  \"test_cases\": [\n    {\n      \"Test Title\": \"Empty Input Array\",\n      \"Input Data\": \"a=[], n=0, index=0, k=0\",\n      \"Expected Output\": \"0\"\n    },\n    {\n      \"Test Title\": \"Negative Numbers in Input Array\",\n      \"Input Data\": \"a=[-1, -2, -3], n=3, index=2, k=3\",\n      \"Expected Output\": \"0\"\n    },\n    {\n      \"Test Title\": \"Large Input Array\",\n      \"Input Data\": \"a=[1000, 2000, 3000, 4000, 5000], n=5, index=3, k=4\",\n      \"Expected Output\": \"10000\"\n    },\n    {\n      \"Test Title\": \"Boundary Values\",\n      \"Input Data\": \"a=[1, 101, 2, 3, 100, 4, 5], n=7, index=4, k=6\",\n      \"Expected Output\": \"11\"\n    },\n    {\n      \"Test Title\": \"Null Input Array\",\n      \"Input Data\": \"a=null, n=0, index=0, k=0\",\n      \"Expected Output\": \"0\"\n    },\n    {\n      \"Test Title\": \"Index and k Values Out of Range\",\n      \"Input Data\": \"a=[1, 101, 2, 3, 100, 4, 5], n=7, index=10, k=12\",\n      \"Expected Output\": \"0\"\n    }\n  ]\n}",
        "Question": "def max_sum_increasing_subseq(a, n, index, k):\n'''Write a function to find the maximum sum of increasing subsequence from prefix until ith index and also including a given kth element which is after i, i.e., k > i .\nassert max_sum_increasing_subseq([1, 101, 2, 3, 100, 4, 5 ], 7, 4, 6) == 11'''\n"
    },
    "TestScriptOriginal": "import unittest\n\ndef max_sum_increasing_subseq(a, n, index, k):\n    max_sum = 0\n    for i in range(index):\n        if a[i] < a[k] and a[i] > a[index]:\n            max_sum = max(max_sum, max_sum_increasing_subseq(a, n, i, k))\n    max_sum += a[index]\n    return max_sum\n\nclass Test(unittest.TestCase):\n    def test(self):\n        self.assertEqual(max_sum_increasing_subseq([1, 101, 2, 3, 100, 4, 5 ], 7, 4, 6), 11)\n\nif __name__ == '__main__':\n    unittest.main()",
    "TestScriptOriginal_prompt": "{\"Role\": \"You are a quality assurance engineer. Your duty is to write a python test script in unittest framework.\", \"Instruction\": \"1. Write a python test script. 2. Use the input and output given by the question.\", \"Example\": \"import unittest\\n\\nclass Test(unittest.TestCase):\\n    def test(self):\\n        self.assertEqual(function_under_test('a'), 1)\\n\\nif __name__ == '__main__':\\n    unittest.main()\", \"Context\": \"\", \"Question\": \"def max_sum_increasing_subseq(a, n, index, k):\\n'''Write a function to find the maximum sum of increasing subsequence from prefix until ith index and also including a given kth element which is after i, i.e., k > i .\\nassert max_sum_increasing_subseq([1, 101, 2, 3, 100, 4, 5 ], 7, 4, 6) == 11'''\\n\"}",
    "TestScript": "import unittest\n\nclass Test(unittest.TestCase):\n    def test(self):\n        self.assertEqual(max_sum_increasing_subseq([1, 101, 2, 3, 100, 4, 5 ], 7, 4, 6), 11)\n\nif __name__ == '__main__':\n    unittest.main()",
    "ScriptResult0": "F\n======================================================================\nFAIL: test (__main__.Test)\n----------------------------------------------------------------------\nTraceback (most recent call last):\n  File \"/Users/watch/PycharmProjects/XXXX-1-LLM/workspace/2024-03-11_18-38-17-620783/test_script.py\", line 53, in test\n    self.assertEqual(max_sum_increasing_subseq([1, 101, 2, 3, 100, 4, 5 ], 7, 4, 6), 11)\nAssertionError: 4 != 11\n\n----------------------------------------------------------------------\nRan 1 test in 0.000s\n\nFAILED (failures=1)\n",
    "TestReport0": "Test Report:\n\nTest Case: Boundary Values\nInput Data: a=[1, 101, 2, 3, 100, 4, 5], n=7, index=4, k=6\nExpected Output: 11\nActual Output: 4\nResult: FAIL\n\nConclusion: Code Test Failed\nExample:\nIn the test case \"Boundary Values\", the expected output was 11, but the actual output was 4, which indicates a failure in the code. The input data and expected output example are provided for reference.",
    "SprintReview0": "[ScrumMaster]says: Here is our test Report: Test Report:\n\nTest Case: Boundary Values\nInput Data: a=[1, 101, 2, 3, 100, 4, 5], n=7, index=4, k=6\nExpected Output: 11\nActual Output: 4\nResult: FAIL\n\nConclusion: Code Test Failed\nExample:\nIn the test case \"Boundary Values\", the expected output was 11, but the actual output was 4, which indicates a failure in the code. The input data and expected output example are provided for reference., do you have any ideas?\n-----\n\n[Developer]says: As a Developer, I believe we need to review the code for the \"Boundary Values\" test case and identify the issue before retesting.\n-----\n\n[Tester]says: As a Tester, I recommend reviewing the code to identify and fix the issue causing the test case failure.\n-----\n\n[ProductOwner]says: As a Product Owner, I think we should prioritize fixing the code test failure to ensure the product's quality.\n-----\n\n[Architect]says: As an Architect, it is important to review the code and identify any potential design flaws or architectural issues that may have contributed to the test failure.\n-----\n\n[ProductOwner]says: As a Product Owner, I think we should prioritize fixing the code test failure to ensure the product's quality.\n-----\n\n[Developer]says: As a Developer, I think we should review the code for the \"Boundary Values\" test case and identify the issue before retesting.\n-----\n\n[Tester]says: [Tester] I recommend reviewing the code to identify and fix the issue causing the test case failure.\n-----\n\n[Architect]says: As an Architect, I suggest reviewing the code and identifying any potential design flaws or architectural issues that may have contributed to the test failure.\n-----\n",
    "SprintReviewMeetings0": "{\n  \"product-owner\": [\n    \"I think we should prioritize fixing the code test failure to ensure the product's quality.\"\n  ],\n  \"architect\": [\n    \"It is important to review the code and identify any potential design flaws or architectural issues that may have contributed to the test failure.\",\n    \"I suggest reviewing the code and identifying any potential design flaws or architectural issues that may have contributed to the test failure.\"\n  ],\n  \"developer\": [\n    \"I believe we need to review the code for the \\\"Boundary Values\\\" test case and identify the issue before retesting.\",\n    \"I think we should review the code for the \\\"Boundary Values\\\" test case and identify the issue before retesting.\"\n  ],\n  \"tester\": [\n    \"I recommend reviewing the code to identify and fix the issue causing the test case failure.\",\n    \"I recommend reviewing the code to identify and fix the issue causing the test case failure.\"\n  ]\n}",
    "SprintReviewMeetings0_prompt": "{\"Role\": \"You are a professional scrum master. Your goal is to summary the Discussion History into a suggestions list for the scrum team.\", \"Instruction\": \"1. Read and Understand the Discussion History. 2. Summary the suggestions from four roles: product-owner/architect/developer/tester. 3. Response in JSON format.\", \"Example\": \"{\\\"product-owner\\\":[\\\"suggestion1\\\",\\\"suggestion2\\\"],\\\"architect\\\":[\\\"suggestion1\\\",\\\"suggestion2\\\"], \\\"developer\\\":[\\\"suggestion1\\\",\\\"suggestion2\\\"], \\\"tester\\\":[\\\"suggestion1\\\",\\\"suggestion2\\\"]}\", \"Context\": \"[ScrumMaster]says: Here is our test Report: Test Report:\\n\\nTest Case: Boundary Values\\nInput Data: a=[1, 101, 2, 3, 100, 4, 5], n=7, index=4, k=6\\nExpected Output: 11\\nActual Output: 4\\nResult: FAIL\\n\\nConclusion: Code Test Failed\\nExample:\\nIn the test case \\\"Boundary Values\\\", the expected output was 11, but the actual output was 4, which indicates a failure in the code. The input data and expected output example are provided for reference., do you have any ideas?\\n-----\\n\\n[Developer]says: As a Developer, I believe we need to review the code for the \\\"Boundary Values\\\" test case and identify the issue before retesting.\\n-----\\n\\n[Tester]says: As a Tester, I recommend reviewing the code to identify and fix the issue causing the test case failure.\\n-----\\n\\n[ProductOwner]says: As a Product Owner, I think we should prioritize fixing the code test failure to ensure the product's quality.\\n-----\\n\\n[Architect]says: As an Architect, it is important to review the code and identify any potential design flaws or architectural issues that may have contributed to the test failure.\\n-----\\n\\n[ProductOwner]says: As a Product Owner, I think we should prioritize fixing the code test failure to ensure the product's quality.\\n-----\\n\\n[Developer]says: As a Developer, I think we should review the code for the \\\"Boundary Values\\\" test case and identify the issue before retesting.\\n-----\\n\\n[Tester]says: [Tester] I recommend reviewing the code to identify and fix the issue causing the test case failure.\\n-----\\n\\n[Architect]says: As an Architect, I suggest reviewing the code and identifying any potential design flaws or architectural issues that may have contributed to the test failure.\\n-----\\n\", \"Question\": \"Follow the Instruction section. The Discussion History is in the Context section. You only need to return a list as the Example section.\"}",
    "RepairResponse0": "{\n  \"revised_code\": \"def max_sum_increasing_subseq(a, n, index, k):\\n    dp = [0] * n\\n    dp[index] = a[index]\\n    for i in range(index + 1, k):\\n        for j in range(index, i):\\n            if a[i] > a[j]:\\n                dp[i] = max(dp[i], dp[j] + a[i])\\n    return max(dp) + a[k]\"\n}",
    "RepairResponse0_prompt": {
        "Role": "You are a professional software engineer. Your duty is to write code in Python that meets the requirements. Ensure that the code you write is efficient, readable, and follows best practices. Remember, do not need to explain the code you wrote.",
        "Instruction": "1. Rewrite a bug fix version of the original code. 2. Response in JSON format.",
        "Example": "{\"revised_code\":\"...\"}",
        "Context": "# Test Report:\nTest Report:\n\nTest Case: Boundary Values\nInput Data: a=[1, 101, 2, 3, 100, 4, 5], n=7, index=4, k=6\nExpected Output: 11\nActual Output: 4\nResult: FAIL\n\nConclusion: Code Test Failed\nExample:\nIn the test case \"Boundary Values\", the expected output was 11, but the actual output was 4, which indicates a failure in the code. The input data and expected output example are provided for reference.# suggestions:\n{\"product-owner\": [\"I think we should prioritize fixing the code test failure to ensure the product's quality.\"], \"architect\": [\"It is important to review the code and identify any potential design flaws or architectural issues that may have contributed to the test failure.\", \"I suggest reviewing the code and identifying any potential design flaws or architectural issues that may have contributed to the test failure.\"], \"developer\": [\"I believe we need to review the code for the \\\"Boundary Values\\\" test case and identify the issue before retesting.\", \"I think we should review the code for the \\\"Boundary Values\\\" test case and identify the issue before retesting.\"], \"tester\": [\"I recommend reviewing the code to identify and fix the issue causing the test case failure.\", \"I recommend reviewing the code to identify and fix the issue causing the test case failure.\"]}",
        "Question": "The original code has some bugs, according to the test report and suggestions, rewrite the code. Complete the following code:\ndef max_sum_increasing_subseq(a, n, index, k):\n'''Write a function to find the maximum sum of increasing subsequence from prefix until ith index and also including a given kth element which is after i, i.e., k > i .\nassert max_sum_increasing_subseq([1, 101, 2, 3, 100, 4, 5 ], 7, 4, 6) == 11'''\n"
    },
    "Code1": "def max_sum_increasing_subseq(a, n, index, k):\n    dp = [0] * n\n    dp[index] = a[index]\n    for i in range(index + 1, k):\n        for j in range(index, i):\n            if a[i] > a[j]:\n                dp[i] = max(dp[i], dp[j] + a[i])\n    return max(dp) + a[k]",
    "ScriptResult1": "F\n======================================================================\nFAIL: test (__main__.Test)\n----------------------------------------------------------------------\nTraceback (most recent call last):\n  File \"/Users/watch/PycharmProjects/XXXX-1-LLM/workspace/2024-03-11_18-38-17-620783/test_script.py\", line 13, in test\n    self.assertEqual(max_sum_increasing_subseq([1, 101, 2, 3, 100, 4, 5 ], 7, 4, 6), 11)\nAssertionError: 105 != 11\n\n----------------------------------------------------------------------\nRan 1 test in 0.000s\n\nFAILED (failures=1)\n",
    "TestReport1": "Test Report:\n\nThe test script's output shows that the code has failed the test. The example input and expected output are as follows:\n\nInput: [1, 101, 2, 3, 100, 4, 5], 7, 4, 6\nExpected Output: 11\nActual Output: 105\n\nBased on the output of the test script, it is clear that the code has failed to produce the expected output. The actual output of 105 does not match the expected output of 11.\n\nConclusion: Code Test Failed",
    "SprintReview1": "[ScrumMaster]says: Here is our test Report: Test Report:\n\nThe test script's output shows that the code has failed the test. The example input and expected output are as follows:\n\nInput: [1, 101, 2, 3, 100, 4, 5], 7, 4, 6\nExpected Output: 11\nActual Output: 105\n\nBased on the output of the test script, it is clear that the code has failed to produce the expected output. The actual output of 105 does not match the expected output of 11.\n\nConclusion: Code Test Failed, do you have any ideas?\n-----\n\n[Architect]says: As an architect, I suggest reviewing the code to identify the root cause of the failure and consider redesigning the code to meet the expected output.\n-----\n\n[Developer]says: As a Developer, I think we should review the code and identify the specific section that is causing the discrepancy between the expected and actual output.\n-----\n\n[Tester]says: As a Tester, based on the test report, it seems like there is an issue with the code and we should investigate further to identify and fix the problem.\n-----\n\n[ProductOwner]says: As a Product Owner, I think we should prioritize fixing this bug immediately and retesting the code to ensure it meets the expected output.\n-----\n\n[Architect]says: As an architect, I suggest reviewing the code to identify the root cause of the failure and consider redesigning the code to meet the expected output.\n-----\n\n[Developer]says: As a Developer, I will start by reviewing the code and identifying the specific section that is causing the discrepancy between the expected and actual output.\n-----\n\n[Tester]says: As a Tester, based on the test report, it seems like there is an issue with the code and we should investigate further to identify and fix the problem.\n-----\n\n[ProductOwner]says: As a Product Owner, I think we should prioritize fixing this bug immediately and retesting the code to ensure it meets the expected output.\n-----\n",
    "SprintReviewMeetings1": "{\n  \"product-owner\": [\"I think we should prioritize fixing this bug immediately and retesting the code to ensure it meets the expected output.\"],\n  \"architect\": [\"I suggest reviewing the code to identify the root cause of the failure and consider redesigning the code to meet the expected output.\"],\n  \"developer\": [\"I will start by reviewing the code and identifying the specific section that is causing the discrepancy between the expected and actual output.\"],\n  \"tester\": [\"Based on the test report, it seems like there is an issue with the code and we should investigate further to identify and fix the problem.\"]\n}",
    "SprintReviewMeetings1_prompt": "{\"Role\": \"You are a professional scrum master. Your goal is to summary the Discussion History into a suggestions list for the scrum team.\", \"Instruction\": \"1. Read and Understand the Discussion History. 2. Summary the suggestions from four roles: product-owner/architect/developer/tester. 3. Response in JSON format.\", \"Example\": \"{\\\"product-owner\\\":[\\\"suggestion1\\\",\\\"suggestion2\\\"],\\\"architect\\\":[\\\"suggestion1\\\",\\\"suggestion2\\\"], \\\"developer\\\":[\\\"suggestion1\\\",\\\"suggestion2\\\"], \\\"tester\\\":[\\\"suggestion1\\\",\\\"suggestion2\\\"]}\", \"Context\": \"[ScrumMaster]says: Here is our test Report: Test Report:\\n\\nThe test script's output shows that the code has failed the test. The example input and expected output are as follows:\\n\\nInput: [1, 101, 2, 3, 100, 4, 5], 7, 4, 6\\nExpected Output: 11\\nActual Output: 105\\n\\nBased on the output of the test script, it is clear that the code has failed to produce the expected output. The actual output of 105 does not match the expected output of 11.\\n\\nConclusion: Code Test Failed, do you have any ideas?\\n-----\\n\\n[Architect]says: As an architect, I suggest reviewing the code to identify the root cause of the failure and consider redesigning the code to meet the expected output.\\n-----\\n\\n[Developer]says: As a Developer, I think we should review the code and identify the specific section that is causing the discrepancy between the expected and actual output.\\n-----\\n\\n[Tester]says: As a Tester, based on the test report, it seems like there is an issue with the code and we should investigate further to identify and fix the problem.\\n-----\\n\\n[ProductOwner]says: As a Product Owner, I think we should prioritize fixing this bug immediately and retesting the code to ensure it meets the expected output.\\n-----\\n\\n[Architect]says: As an architect, I suggest reviewing the code to identify the root cause of the failure and consider redesigning the code to meet the expected output.\\n-----\\n\\n[Developer]says: As a Developer, I will start by reviewing the code and identifying the specific section that is causing the discrepancy between the expected and actual output.\\n-----\\n\\n[Tester]says: As a Tester, based on the test report, it seems like there is an issue with the code and we should investigate further to identify and fix the problem.\\n-----\\n\\n[ProductOwner]says: As a Product Owner, I think we should prioritize fixing this bug immediately and retesting the code to ensure it meets the expected output.\\n-----\\n\", \"Question\": \"Follow the Instruction section. The Discussion History is in the Context section. You only need to return a list as the Example section.\"}",
    "RepairResponse1": "{\n\t\"revised_code\": \"def max_sum_increasing_subseq(a, n, index, k):\\n    dp = [0]*n\\n    dp[index] = a[index]\\n    for i in range(index+1, n):\\n        if a[i] > a[index]:\\n            dp[i] = max(dp[i], dp[index] + a[i])\\n    return max(dp) + a[k]\"\n}",
    "RepairResponse1_prompt": {
        "Role": "You are a professional software engineer. Your duty is to write code in Python that meets the requirements. Ensure that the code you write is efficient, readable, and follows best practices. Remember, do not need to explain the code you wrote.",
        "Instruction": "1. Rewrite a bug fix version of the original code. 2. Response in JSON format.",
        "Example": "{\"revised_code\":\"...\"}",
        "Context": "# Test Report:\nTest Report:\n\nThe test script's output shows that the code has failed the test. The example input and expected output are as follows:\n\nInput: [1, 101, 2, 3, 100, 4, 5], 7, 4, 6\nExpected Output: 11\nActual Output: 105\n\nBased on the output of the test script, it is clear that the code has failed to produce the expected output. The actual output of 105 does not match the expected output of 11.\n\nConclusion: Code Test Failed# suggestions:\n{\"product-owner\": [\"I think we should prioritize fixing this bug immediately and retesting the code to ensure it meets the expected output.\"], \"architect\": [\"I suggest reviewing the code to identify the root cause of the failure and consider redesigning the code to meet the expected output.\"], \"developer\": [\"I will start by reviewing the code and identifying the specific section that is causing the discrepancy between the expected and actual output.\"], \"tester\": [\"Based on the test report, it seems like there is an issue with the code and we should investigate further to identify and fix the problem.\"]}",
        "Question": "The original code has some bugs, according to the test report and suggestions, rewrite the code. Complete the following code:\ndef max_sum_increasing_subseq(a, n, index, k):\n'''Write a function to find the maximum sum of increasing subsequence from prefix until ith index and also including a given kth element which is after i, i.e., k > i .\nassert max_sum_increasing_subseq([1, 101, 2, 3, 100, 4, 5 ], 7, 4, 6) == 11'''\n"
    },
    "Code2": "def max_sum_increasing_subseq(a, n, index, k):\n    dp = [0]*n\n    dp[index] = a[index]\n    for i in range(index+1, n):\n        if a[i] > a[index]:\n            dp[i] = max(dp[i], dp[index] + a[i])\n    return max(dp) + a[k]",
    "ScriptResult2": "F\n======================================================================\nFAIL: test (__main__.Test)\n----------------------------------------------------------------------\nTraceback (most recent call last):\n  File \"/Users/watch/PycharmProjects/XXXX-1-LLM/workspace/2024-03-11_18-38-17-620783/test_script.py\", line 12, in test\n    self.assertEqual(max_sum_increasing_subseq([1, 101, 2, 3, 100, 4, 5 ], 7, 4, 6), 11)\nAssertionError: 105 != 11\n\n----------------------------------------------------------------------\nRan 1 test in 0.000s\n\nFAILED (failures=1)\n",
    "TestReport2": "Test Report:\n\nTest Case: max_sum_increasing_subseq([1, 101, 2, 3, 100, 4, 5], 7, 4, 6)\n\nOutput: 105\n\nExpected: 11\n\nConclusion: Code Test Failed\n\nInput and Expected Output Example:\nmax_sum_increasing_subseq([1, 101, 2, 3, 100, 4, 5], 7, 4, 6) should return 11, but it returned 105, which does not match the expected output.\n\nCode Test Failed.",
    "SprintReview2": "[ScrumMaster]says: Here is our test Report: Test Report:\n\nTest Case: max_sum_increasing_subseq([1, 101, 2, 3, 100, 4, 5], 7, 4, 6)\n\nOutput: 105\n\nExpected: 11\n\nConclusion: Code Test Failed\n\nInput and Expected Output Example:\nmax_sum_increasing_subseq([1, 101, 2, 3, 100, 4, 5], 7, 4, 6) should return 11, but it returned 105, which does not match the expected output.\n\nCode Test Failed., do you have any ideas?\n-----\n\n[Tester]says: As a Tester, I recommend reviewing the code for the max_sum_increasing_subseq function to identify and fix the issue causing the incorrect output.\n-----\n\n[Architect]says: As an Architect, I suggest reviewing the code for max_sum_increasing_subseq to identify and fix the error in the calculation of the maximum sum.\n-----\n\n[Developer]says: As a Developer, I think we should review the code for the max_sum_increasing_subseq function and identify the issue causing the mismatch between the expected and actual output.\n-----\n\n[ProductOwner]says: As a Product Owner, it is important to prioritize fixing the code test failure and ensuring that the expected output is correctly returned. We should work with the development team to address this issue as a top priority.\n-----\n\n[Architect]says: As an Architect, I recommend reviewing and improving the algorithm for the max_sum_increasing_subseq function to ensure accurate calculations.\n-----\n\n[Tester]says: [Tester] I recommend reviewing the code for the max_sum_increasing_subseq function to identify and fix the issue causing the incorrect output.\n-----\n\n[Developer]says: As a Developer, I will review the code for the max_sum_increasing_subseq function and identify the issue causing the mismatch between the expected and actual output.\n-----\n\n[ProductOwner]says: As a Product Owner, it is important to prioritize fixing the code test failure and ensuring that the expected output is correctly returned. We should work with the development team to address this issue as a top priority.\n-----\n",
    "SprintReviewMeetings2": "{\n  \"product-owner\": [\"It is important to prioritize fixing the code test failure and ensuring that the expected output is correctly returned. We should work with the development team to address this issue as a top priority.\"],\n  \"architect\": [\"I suggest reviewing the code for max_sum_increasing_subseq to identify and fix the error in the calculation of the maximum sum.\", \"I recommend reviewing and improving the algorithm for the max_sum_increasing_subseq function to ensure accurate calculations.\"],\n  \"developer\": [\"We should review the code for the max_sum_increasing_subseq function and identify the issue causing the mismatch between the expected and actual output.\"],\n  \"tester\": [\"I recommend reviewing the code for the max_sum_increasing_subseq function to identify and fix the issue causing the incorrect output.\"]\n}",
    "SprintReviewMeetings2_prompt": "{\"Role\": \"You are a professional scrum master. Your goal is to summary the Discussion History into a suggestions list for the scrum team.\", \"Instruction\": \"1. Read and Understand the Discussion History. 2. Summary the suggestions from four roles: product-owner/architect/developer/tester. 3. Response in JSON format.\", \"Example\": \"{\\\"product-owner\\\":[\\\"suggestion1\\\",\\\"suggestion2\\\"],\\\"architect\\\":[\\\"suggestion1\\\",\\\"suggestion2\\\"], \\\"developer\\\":[\\\"suggestion1\\\",\\\"suggestion2\\\"], \\\"tester\\\":[\\\"suggestion1\\\",\\\"suggestion2\\\"]}\", \"Context\": \"[ScrumMaster]says: Here is our test Report: Test Report:\\n\\nTest Case: max_sum_increasing_subseq([1, 101, 2, 3, 100, 4, 5], 7, 4, 6)\\n\\nOutput: 105\\n\\nExpected: 11\\n\\nConclusion: Code Test Failed\\n\\nInput and Expected Output Example:\\nmax_sum_increasing_subseq([1, 101, 2, 3, 100, 4, 5], 7, 4, 6) should return 11, but it returned 105, which does not match the expected output.\\n\\nCode Test Failed., do you have any ideas?\\n-----\\n\\n[Tester]says: As a Tester, I recommend reviewing the code for the max_sum_increasing_subseq function to identify and fix the issue causing the incorrect output.\\n-----\\n\\n[Architect]says: As an Architect, I suggest reviewing the code for max_sum_increasing_subseq to identify and fix the error in the calculation of the maximum sum.\\n-----\\n\\n[Developer]says: As a Developer, I think we should review the code for the max_sum_increasing_subseq function and identify the issue causing the mismatch between the expected and actual output.\\n-----\\n\\n[ProductOwner]says: As a Product Owner, it is important to prioritize fixing the code test failure and ensuring that the expected output is correctly returned. We should work with the development team to address this issue as a top priority.\\n-----\\n\\n[Architect]says: As an Architect, I recommend reviewing and improving the algorithm for the max_sum_increasing_subseq function to ensure accurate calculations.\\n-----\\n\\n[Tester]says: [Tester] I recommend reviewing the code for the max_sum_increasing_subseq function to identify and fix the issue causing the incorrect output.\\n-----\\n\\n[Developer]says: As a Developer, I will review the code for the max_sum_increasing_subseq function and identify the issue causing the mismatch between the expected and actual output.\\n-----\\n\\n[ProductOwner]says: As a Product Owner, it is important to prioritize fixing the code test failure and ensuring that the expected output is correctly returned. We should work with the development team to address this issue as a top priority.\\n-----\\n\", \"Question\": \"Follow the Instruction section. The Discussion History is in the Context section. You only need to return a list as the Example section.\"}",
    "RepairResponse2": "{\n\t\"revised_code\": \"def max_sum_increasing_subseq(a, n, index, k):\\n    dp = [0] * n\\n    dp[index] = a[index]\\n    for i in range(index+1, k):\\n        for j in range(index, i):\\n            if a[i] > a[j]:\\n                dp[i] = max(dp[i], dp[j] + a[i])\\n    return max(dp)\"\n}",
    "RepairResponse2_prompt": {
        "Role": "You are a professional software engineer. Your duty is to write code in Python that meets the requirements. Ensure that the code you write is efficient, readable, and follows best practices. Remember, do not need to explain the code you wrote.",
        "Instruction": "1. Rewrite a bug fix version of the original code. 2. Response in JSON format.",
        "Example": "{\"revised_code\":\"...\"}",
        "Context": "# Test Report:\nTest Report:\n\nTest Case: max_sum_increasing_subseq([1, 101, 2, 3, 100, 4, 5], 7, 4, 6)\n\nOutput: 105\n\nExpected: 11\n\nConclusion: Code Test Failed\n\nInput and Expected Output Example:\nmax_sum_increasing_subseq([1, 101, 2, 3, 100, 4, 5], 7, 4, 6) should return 11, but it returned 105, which does not match the expected output.\n\nCode Test Failed.# suggestions:\n{\"product-owner\": [\"It is important to prioritize fixing the code test failure and ensuring that the expected output is correctly returned. We should work with the development team to address this issue as a top priority.\"], \"architect\": [\"I suggest reviewing the code for max_sum_increasing_subseq to identify and fix the error in the calculation of the maximum sum.\", \"I recommend reviewing and improving the algorithm for the max_sum_increasing_subseq function to ensure accurate calculations.\"], \"developer\": [\"We should review the code for the max_sum_increasing_subseq function and identify the issue causing the mismatch between the expected and actual output.\"], \"tester\": [\"I recommend reviewing the code for the max_sum_increasing_subseq function to identify and fix the issue causing the incorrect output.\"]}",
        "Question": "The original code has some bugs, according to the test report and suggestions, rewrite the code. Complete the following code:\ndef max_sum_increasing_subseq(a, n, index, k):\n'''Write a function to find the maximum sum of increasing subsequence from prefix until ith index and also including a given kth element which is after i, i.e., k > i .\nassert max_sum_increasing_subseq([1, 101, 2, 3, 100, 4, 5 ], 7, 4, 6) == 11'''\n"
    },
    "Code3": "def max_sum_increasing_subseq(a, n, index, k):\n    dp = [0] * n\n    dp[index] = a[index]\n    for i in range(index+1, k):\n        for j in range(index, i):\n            if a[i] > a[j]:\n                dp[i] = max(dp[i], dp[j] + a[i])\n    return max(dp)",
    "ScriptResult3": "F\n======================================================================\nFAIL: test (__main__.Test)\n----------------------------------------------------------------------\nTraceback (most recent call last):\n  File \"/Users/watch/PycharmProjects/XXXX-1-LLM/workspace/2024-03-11_18-38-17-620783/test_script.py\", line 13, in test\n    self.assertEqual(max_sum_increasing_subseq([1, 101, 2, 3, 100, 4, 5 ], 7, 4, 6), 11)\nAssertionError: 100 != 11\n\n----------------------------------------------------------------------\nRan 1 test in 0.000s\n\nFAILED (failures=1)\n",
    "TestReport3": "Test Report:\n\nTest script's output:\nF\n======================================================================\nFAIL: test (__main__.Test)\n----------------------------------------------------------------------\nTraceback (most recent call last):\n  File \"/Users/watch/PycharmProjects/XXXX-1-LLM/workspace/2024-03-11_18-38-17-620783/test_script.py\", line 13, in test\n    self.assertEqual(max_sum_increasing_subseq([1, 101, 2, 3, 100, 4, 5 ], 7, 4, 6), 11)\nAssertionError: 100 != 11\n\n----------------------------------------------------------------------\nRan 1 test in 0.000s\n\nFAILED (failures=1)\n\nThe code has FAILED the test. The input and expected output example are as follows:\n\nInput:\nArray: [1, 101, 2, 3, 100, 4, 5]\nn: 7\nindex: 4\nk: 6\n\nExpected Output: 11\n\nActual Output: 100\n\nConclusion: Code Test Failed"
}