{
    "start_time": "2024-03-10_22-21-13-343010",
    "task": "def cummulative_sum(test_list):\n'''Write a function to find the cumulative sum of all the values that are present in the given tuple list.\nassert cummulative_sum([(1, 3), (5, 6, 7), (2, 6)]) == 30'''\n",
    "datetime": {
        "task": "2024-03-10 22:21:13",
        "task-id": "2024-03-10 22:21:13",
        "workflow": "2024-03-10 22:21:13",
        "AnalyzeDraft": "2024-03-10 22:21:15",
        "AnalyzeMeetings": "2024-03-10 22:21:16",
        "Analyze": "2024-03-10 22:21:18",
        "Test Cases Draft": "2024-03-10 22:21:20",
        "Test Cases Meetings": "2024-03-10 22:21:22",
        "Test Cases": "2024-03-10 22:21:24",
        "Code0draft": "2024-03-10 22:21:25",
        "Code Review Meetings": "2024-03-10 22:21:26",
        "Code0": "2024-03-10 22:21:27",
        "TestScriptOriginal": "2024-03-10 22:21:28",
        "TestScript": "2024-03-10 22:21:28",
        "ScriptResult0": "2024-03-10 22:21:29",
        "TestReport0": "2024-03-10 22:21:31",
        "RepairResponse1": "2024-03-10 22:21:32",
        "Code1": "2024-03-10 22:21:32",
        "ScriptResult1": "2024-03-10 22:21:32",
        "TestReport1": "2024-03-10 22:21:34",
        "RepairResponse2": "2024-03-10 22:21:37",
        "Code2": "2024-03-10 22:21:37",
        "ScriptResult2": "2024-03-10 22:21:37",
        "TestReport2": "2024-03-10 22:21:40",
        "FinalCode": "2024-03-10 22:21:40"
    },
    "task-id": 614,
    "workflow": "testdriven/testdriven_version_0.0.5_remove.json",
    "AnalyzeDraft": "{\n  \"Requirement\": \"The requirement is to create a function called cummulative_sum that takes a list of tuples as input and returns the cumulative sum of all the values in the tuples.\",\n  \"Constraints\": \"The function should handle tuples of different lengths and should return the cumulative sum as an integer.\",\n  \"Example\": \"The example provided asserts that cummulative_sum([(1, 3), (5, 6, 7), (2, 6)]) should return 30.\",\n  \"Priority\": \"This requirement is of high priority as it involves basic arithmetic operations and handling of data structures.\",\n  \"Stakeholders\": [\"Developers\", \"Testers\", \"End users\"]\n}",
    "AnalyzeMeetings": "{\n  \"Architect\": \"I suggest using a loop to iterate through the list of tuples and calculate the cumulative sum for each tuple, then add the cumulative sum to a running total. Additionally, we should consider error handling for cases where the input list is empty or contains non-numeric values.\",\n  \"Tester\": \"I suggest testing the function with various input scenarios, including tuples of different lengths, empty input, and input containing non-numeric values. We should also validate that the function returns the correct cumulative sum for the provided example.\"\n}",
    "Analyze": "{\n  \"RevisedDocument\": {\n    \"Requirement\": \"The requirement is to create a function called cummulative_sum that takes a list of tuples as input and returns the cumulative sum of all the values in the tuples.\",\n    \"Constraints\": \"The function should handle tuples of different lengths and should return the cumulative sum as an integer. Error handling should be considered for cases where the input list is empty or contains non-numeric values.\",\n    \"Example\": \"The example provided asserts that cummulative_sum([(1, 3), (5, 6, 7), (2, 6)]) should return 30.\",\n    \"Priority\": \"This requirement is of high priority as it involves basic arithmetic operations and handling of data structures.\",\n    \"Stakeholders\": [\"Developers\", \"Testers\", \"End users\"]\n  }\n}",
    "Test Cases Draft": "{\n  \"requirement analysis\": \"analysis\",\n  \"test_cases\": [\n    {\n      \"Test Title\": \"Empty Input Test\",\n      \"Input Data\": \"parameter1=[], parameter2='abc'\",\n      \"Expected Output\": \"Error Handling\"\n    },\n    {\n      \"Test Title\": \"Numeric Values Test\",\n      \"Input Data\": \"parameter1=[(1, 3), (5, 6, 7), (2, 6)]\",\n      \"Expected Output\": \"30\"\n    },\n    {\n      \"Test Title\": \"Different Length Tuples Test\",\n      \"Input Data\": \"parameter1=[(1,), (5, 6, 7), (2, 6)]\",\n      \"Expected Output\": \"21\"\n    }\n  ]\n}",
    "Test Cases Draft_prompt": "{\"Role\": \"You are a quality assurance engineer. Your duty is to design test cases for the developers.\", \"Instruction\": \"According to the Context section, write test cases. Don't write long strings in your test cases. Response in JSON format.\", \"Example\": \"{\\\"requirement analysis\\\":\\\"analysis\\\",\\\"test_cases\\\":[{\\\"Test Title\\\":\\\"title\\\", \\\"Input Data\\\":\\\"parameter1=[1,2,3],parameter2='123'\\\", \\\"Expected Output\\\":\\\"456\\\"},]}\", \"Context\": \"# Requirement Analysis:\\n{\\n  \\\"RevisedDocument\\\": {\\n    \\\"Requirement\\\": \\\"The requirement is to create a function called cummulative_sum that takes a list of tuples as input and returns the cumulative sum of all the values in the tuples.\\\",\\n    \\\"Constraints\\\": \\\"The function should handle tuples of different lengths and should return the cumulative sum as an integer. Error handling should be considered for cases where the input list is empty or contains non-numeric values.\\\",\\n    \\\"Example\\\": \\\"The example provided asserts that cummulative_sum([(1, 3), (5, 6, 7), (2, 6)]) should return 30.\\\",\\n    \\\"Priority\\\": \\\"This requirement is of high priority as it involves basic arithmetic operations and handling of data structures.\\\",\\n    \\\"Stakeholders\\\": [\\\"Developers\\\", \\\"Testers\\\", \\\"End users\\\"]\\n  }\\n}\", \"Question\": \"def cummulative_sum(test_list):\\n'''Write a function to find the cumulative sum of all the values that are present in the given tuple list.\\nassert cummulative_sum([(1, 3), (5, 6, 7), (2, 6)]) == 30'''\\n\"}",
    "Test Cases Meetings": "{\n  \"Architect\": \"For the Empty Input Test, consider adding more specific input data such as 'parameter1=[], parameter2=''. This will help to cover different scenarios. For the Numeric Values Test, ensure that the test data covers a wider range of numeric values and combinations to thoroughly test the functionality. For the Different Length Tuples Test, consider adding more test cases with different combinations of tuple lengths to ensure comprehensive coverage.\"\n  ,\n  \"Developer\": \"For the Empty Input Test, consider adding invalid input data to further test the error handling functionality. For the Numeric Values Test, verify that the expected output is accurate based on the input data provided. For the Different Length Tuples Test, ensure that the input data covers various combinations of different tuple lengths for thorough testing.\"\n}",
    "Test Cases Meetings_prompt": "{\"Role\": \"I want you to act as a different roles and then give some suggestions about how to revise the test cases.\", \"Instruction\": \"1. Read the Context section. 2. Act as an Architect, give your suggestions. 3. Act as a Developer, give your suggestions. 4. Response in JSON format.\", \"Example\": \"{\\\"Architect\\\":\\\"Suggestion\\\",\\\"Developer\\\":\\\"Suggestion\\\"}\", \"Context\": \"{\\n  \\\"requirement analysis\\\": \\\"analysis\\\",\\n  \\\"test_cases\\\": [\\n    {\\n      \\\"Test Title\\\": \\\"Empty Input Test\\\",\\n      \\\"Input Data\\\": \\\"parameter1=[], parameter2='abc'\\\",\\n      \\\"Expected Output\\\": \\\"Error Handling\\\"\\n    },\\n    {\\n      \\\"Test Title\\\": \\\"Numeric Values Test\\\",\\n      \\\"Input Data\\\": \\\"parameter1=[(1, 3), (5, 6, 7), (2, 6)]\\\",\\n      \\\"Expected Output\\\": \\\"30\\\"\\n    },\\n    {\\n      \\\"Test Title\\\": \\\"Different Length Tuples Test\\\",\\n      \\\"Input Data\\\": \\\"parameter1=[(1,), (5, 6, 7), (2, 6)]\\\",\\n      \\\"Expected Output\\\": \\\"21\\\"\\n    }\\n  ]\\n}\", \"Question\": \"Follow the Instruction. The Context section include the test cases.\"}",
    "Test Cases": "{\n  \"requirement analysis\": \"analysis\",\n  \"test_cases\": [\n    {\n      \"Test Title\": \"Empty Input Test\",\n      \"Input Data\": \"parameter1=[], parameter2='abc'\",\n      \"Expected Output\": \"Error Handling\"\n    },\n    {\n      \"Test Title\": \"Numeric Values Test\",\n      \"Input Data\": \"parameter1=[1, 3, 5, 6, 7, 2, 6]\",\n      \"Expected Output\": \"30\"\n    },\n    {\n      \"Test Title\": \"Different Length Tuples Test\",\n      \"Input Data\": \"parameter1=[(1,), (5, 6, 7), (2, 6)]\",\n      \"Expected Output\": \"21\"\n    }\n  ]\n}",
    "Test Cases_prompt": "{\"Role\": \"You are a quality assurance engineer. Your duty is to revise the test cases based on the suggestions.\", \"Instruction\": \"1. Your colleague give you some suggestions(in the Context section) about the draft test cases, read these suggestions. 2. Revise your draft version test cases, but don't use long parameters. 3. Response in JSON format.\", \"Example\": \"{\\\"requirement analysis\\\":\\\"analysis\\\",\\\"test_cases\\\":[{\\\"Test Title\\\":\\\"title\\\", \\\"Input Data\\\":\\\"parameter1=[1,2,3],parameter2='123'\\\", \\\"Expected Output\\\":\\\"456\\\"},]}\", \"Context\": \"# Suggestions:\\n{\\n  \\\"Architect\\\": \\\"For the Empty Input Test, consider adding more specific input data such as 'parameter1=[], parameter2=''. This will help to cover different scenarios. For the Numeric Values Test, ensure that the test data covers a wider range of numeric values and combinations to thoroughly test the functionality. For the Different Length Tuples Test, consider adding more test cases with different combinations of tuple lengths to ensure comprehensive coverage.\\\"\\n  ,\\n  \\\"Developer\\\": \\\"For the Empty Input Test, consider adding invalid input data to further test the error handling functionality. For the Numeric Values Test, verify that the expected output is accurate based on the input data provided. For the Different Length Tuples Test, ensure that the input data covers various combinations of different tuple lengths for thorough testing.\\\"\\n}\\n # Draft Test cases:\\n{\\n  \\\"requirement analysis\\\": \\\"analysis\\\",\\n  \\\"test_cases\\\": [\\n    {\\n      \\\"Test Title\\\": \\\"Empty Input Test\\\",\\n      \\\"Input Data\\\": \\\"parameter1=[], parameter2='abc'\\\",\\n      \\\"Expected Output\\\": \\\"Error Handling\\\"\\n    },\\n    {\\n      \\\"Test Title\\\": \\\"Numeric Values Test\\\",\\n      \\\"Input Data\\\": \\\"parameter1=[(1, 3), (5, 6, 7), (2, 6)]\\\",\\n      \\\"Expected Output\\\": \\\"30\\\"\\n    },\\n    {\\n      \\\"Test Title\\\": \\\"Different Length Tuples Test\\\",\\n      \\\"Input Data\\\": \\\"parameter1=[(1,), (5, 6, 7), (2, 6)]\\\",\\n      \\\"Expected Output\\\": \\\"21\\\"\\n    }\\n  ]\\n}\", \"Question\": \"Follow the Instruction. Please make sure your response length are less than 512. Your test cases is for the below question:\\ndef cummulative_sum(test_list):\\n'''Write a function to find the cumulative sum of all the values that are present in the given tuple list.\\nassert cummulative_sum([(1, 3), (5, 6, 7), (2, 6)]) == 30'''\\n\"}",
    "Code0draft": "def cummulative_sum(test_list):\n    total_sum = 0\n    for tup in test_list:\n        total_sum += sum(tup)\n    return total_sum",
    "Code0draft_prompt": "{\"Role\": \"You are a professional engineer. Your duty is to write code in Python that meets the requirements. Ensure that the code you write is efficient, readable, and follows best practices. Remember, do not need to explain the code you wrote.\", \"Instruction\": \"According to the Context section, write your code.\", \"Example\": \"\", \"Context\": \"# Test Cases:\\n{\\n  \\\"requirement analysis\\\": \\\"analysis\\\",\\n  \\\"test_cases\\\": [\\n    {\\n      \\\"Test Title\\\": \\\"Empty Input Test\\\",\\n      \\\"Input Data\\\": \\\"parameter1=[], parameter2='abc'\\\",\\n      \\\"Expected Output\\\": \\\"Error Handling\\\"\\n    },\\n    {\\n      \\\"Test Title\\\": \\\"Numeric Values Test\\\",\\n      \\\"Input Data\\\": \\\"parameter1=[1, 3, 5, 6, 7, 2, 6]\\\",\\n      \\\"Expected Output\\\": \\\"30\\\"\\n    },\\n    {\\n      \\\"Test Title\\\": \\\"Different Length Tuples Test\\\",\\n      \\\"Input Data\\\": \\\"parameter1=[(1,), (5, 6, 7), (2, 6)]\\\",\\n      \\\"Expected Output\\\": \\\"21\\\"\\n    }\\n  ]\\n}\", \"Question\": \"Follow the Instruction section. Complete the following code:\\ndef cummulative_sum(test_list):\\n'''Write a function to find the cumulative sum of all the values that are present in the given tuple list.\\nassert cummulative_sum([(1, 3), (5, 6, 7), (2, 6)]) == 30'''\\n\"}",
    "Code Review Meetings": "{\n  \"Architect\": \"It would be beneficial to add comments to the code to explain the purpose of each section and variable. Also, considering the possibility of using a more descriptive function name than 'cummulative_sum' would improve the readability of the code.\",\n  \"Tester\": \"It is important to test the function with various input test_list containing different types of tuples, including empty tuples and tuples with negative numbers, to ensure the function handles all cases correctly. Additionally, adding some edge cases testing and input validation would improve the robustness of the code.\"\n}",
    "Code0": "def calculate_cumulative_sum(test_list):\n    \"\"\"\n    Function to find the cumulative sum of all the values that are present in the given tuple list.\n    \"\"\"\n    total_sum = 0\n    for tup in test_list:\n        total_sum += sum(tup)\n    return total_sum\n\nassert calculate_cumulative_sum([(1, 3), (5, 6, 7), (2, 6)]) == 30",
    "Code0_prompt": "{\"Role\": \"You are a professional software engineer. Your duty is to write code in Python that meets the requirements. Ensure that the code you write is efficient, readable, and follows best practices. Remember, do not need to explain the code you wrote.\", \"Instruction\": \"1. Understand the suggestions(in the Context section) about the original code. 2. Rewrite your code.\", \"Example\": \"\", \"Context\": \"# Suggestions:\\n{\\n  \\\"Architect\\\": \\\"It would be beneficial to add comments to the code to explain the purpose of each section and variable. Also, considering the possibility of using a more descriptive function name than 'cummulative_sum' would improve the readability of the code.\\\",\\n  \\\"Tester\\\": \\\"It is important to test the function with various input test_list containing different types of tuples, including empty tuples and tuples with negative numbers, to ensure the function handles all cases correctly. Additionally, adding some edge cases testing and input validation would improve the robustness of the code.\\\"\\n}\\n# Original code:\\ndef cummulative_sum(test_list):\\n    total_sum = 0\\n    for tup in test_list:\\n        total_sum += sum(tup)\\n    return total_sum\", \"Question\": \"Follow the Instruction section. Complete the following code:\\ndef cummulative_sum(test_list):\\n'''Write a function to find the cumulative sum of all the values that are present in the given tuple list.\\nassert cummulative_sum([(1, 3), (5, 6, 7), (2, 6)]) == 30'''\\n\"}",
    "TestScriptOriginal": "import unittest\n\ndef cummulative_sum(test_list):\n    cum_sum = 0\n    for item in test_list:\n        cum_sum += sum(item)\n    return cum_sum\n\nclass Test(unittest.TestCase):\n    def test(self):\n        self.assertEqual(cummulative_sum([(1, 3), (5, 6, 7), (2, 6)]), 30)\n\nif __name__ == '__main__':\n    unittest.main()",
    "TestScriptOriginal_prompt": "{\"Role\": \"You are a quality assurance engineer. Your duty is to write a python test script in unittest framework.\", \"Instruction\": \"1. Write a python test script. 2. Use the input and output given by the question.\", \"Example\": \"import unittest\\n\\nclass Test(unittest.TestCase):\\n    def test(self):\\n        self.assertEqual(function_under_test('a'), 1)\\n\\nif __name__ == '__main__':\\n    unittest.main()\", \"Context\": \"\", \"Question\": \"def cummulative_sum(test_list):\\n'''Write a function to find the cumulative sum of all the values that are present in the given tuple list.\\nassert cummulative_sum([(1, 3), (5, 6, 7), (2, 6)]) == 30'''\\n\"}",
    "TestScript": "import unittest\n\nclass Test(unittest.TestCase):\n    def test(self):\n        self.assertEqual(cummulative_sum([(1, 3), (5, 6, 7), (2, 6)]), 30)\n\nif __name__ == '__main__':\n    unittest.main()",
    "TestScript_prompt": "{\"Role\": \"You are a quality assurance engineer. Your duty is to write a python test script in unittest framework.\", \"Instruction\": \"1. Write a python test script. 2. Use the input and output given by the question.\", \"Example\": \"import unittest\\n\\nclass Test(unittest.TestCase):\\n    def test(self):\\n        self.assertEqual(function_under_test('a'), 1)\\n\\nif __name__ == '__main__':\\n    unittest.main()\", \"Context\": \"\", \"Question\": \"def cummulative_sum(test_list):\\n'''Write a function to find the cumulative sum of all the values that are present in the given tuple list.\\nassert cummulative_sum([(1, 3), (5, 6, 7), (2, 6)]) == 30'''\\n\"}",
    "ScriptResult0": "E\n======================================================================\nERROR: test (__main__.Test)\n----------------------------------------------------------------------\nTraceback (most recent call last):\n  File \"/Users/watch/PycharmProjects/XXXX-1-LLM/workspace/2024-03-10_22-21-13-343010/test_script.py\", line 15, in test\n    self.assertEqual(cummulative_sum([(1, 3), (5, 6, 7), (2, 6)]), 30)\nNameError: name 'cummulative_sum' is not defined\n\n----------------------------------------------------------------------\nRan 1 test in 0.000s\n\nFAILED (errors=1)\n",
    "TestReport0": "Test Report:\n\nTest script output:\nE\n======================================================================\nERROR: test (__main__.Test)\n----------------------------------------------------------------------\nTraceback (most recent call last):\n  File \"/Users/watch/PycharmProjects/XXXX-1-LLM/workspace/2024-03-10_22-21-13-343010/test_script.py\", line 15, in test\n    self.assertEqual(cummulative_sum([(1, 3), (5, 6, 7), (2, 6)]), 30)\nNameError: name 'cummulative_sum' is not defined\n\n----------------------------------------------------------------------\nRan 1 test in 0.000s\n\nFAILED (errors=1)\n\nConclusion:\nThe code has failed the test.\n\nExample of input and expected output:\nInput: cummulative_sum([(1, 3), (5, 6, 7), (2, 6)])\nExpected output: 30\n\nBased on the test script's output, the code has failed the test as the function 'cummulative_sum' is not defined. Therefore, the conclusion is \"Code Test Failed\".",
    "RepairResponse1": "{\n  \"revised_code\": \"def cumulative_sum(test_list):\\n    total_sum = 0\\n    for tup in test_list:\\n        total_sum += sum(tup)\\n    return total_sum\\n\\nassert cumulative_sum([(1, 3), (5, 6, 7), (2, 6)]) == 30\"\n}",
    "RepairResponse1_prompt": "{\"Role\": \"You are a professional software engineer. Your duty is to write code in Python that meets the requirements. Ensure that the code you write is efficient, readable, and follows best practices. Remember, do not need to explain the code you wrote.\", \"Instruction\": \"1. Rewrite a bug fix version of the original code. 2. Response in JSON format.\", \"Example\": \"{\\\"revised_code\\\":\\\"...\\\"}\", \"Context\": \"# the original code:\\ndef calculate_cumulative_sum(test_list):\\n    \\\"\\\"\\\"\\n    Function to find the cumulative sum of all the values that are present in the given tuple list.\\n    \\\"\\\"\\\"\\n    total_sum = 0\\n    for tup in test_list:\\n        total_sum += sum(tup)\\n    return total_sum\\n\\nassert calculate_cumulative_sum([(1, 3), (5, 6, 7), (2, 6)]) == 30\\n# test report:\\nTest Report:\\n\\nTest script output:\\nE\\n======================================================================\\nERROR: test (__main__.Test)\\n----------------------------------------------------------------------\\nTraceback (most recent call last):\\n  File \\\"/Users/watch/PycharmProjects/XXXX-1-LLM/workspace/2024-03-10_22-21-13-343010/test_script.py\\\", line 15, in test\\n    self.assertEqual(cummulative_sum([(1, 3), (5, 6, 7), (2, 6)]), 30)\\nNameError: name 'cummulative_sum' is not defined\\n\\n----------------------------------------------------------------------\\nRan 1 test in 0.000s\\n\\nFAILED (errors=1)\\n\\nConclusion:\\nThe code has failed the test.\\n\\nExample of input and expected output:\\nInput: cummulative_sum([(1, 3), (5, 6, 7), (2, 6)])\\nExpected output: 30\\n\\nBased on the test script's output, the code has failed the test as the function 'cummulative_sum' is not defined. Therefore, the conclusion is \\\"Code Test Failed\\\".\", \"Question\": \"The original code has some bugs, according to the test report and suggestions, rewrite the code. Complete the following code:\\ndef cummulative_sum(test_list):\\n'''Write a function to find the cumulative sum of all the values that are present in the given tuple list.\\nassert cummulative_sum([(1, 3), (5, 6, 7), (2, 6)]) == 30'''\\n\"}",
    "Code1": "def cumulative_sum(test_list):\n    total_sum = 0\n    for tup in test_list:\n        total_sum += sum(tup)\n    return total_sum\n\nassert cumulative_sum([(1, 3), (5, 6, 7), (2, 6)]) == 30",
    "ScriptResult1": "E\n======================================================================\nERROR: test (__main__.Test)\n----------------------------------------------------------------------\nTraceback (most recent call last):\n  File \"/Users/watch/PycharmProjects/XXXX-1-LLM/workspace/2024-03-10_22-21-13-343010/test_script.py\", line 12, in test\n    self.assertEqual(cummulative_sum([(1, 3), (5, 6, 7), (2, 6)]), 30)\nNameError: name 'cummulative_sum' is not defined\n\n----------------------------------------------------------------------\nRan 1 test in 0.000s\n\nFAILED (errors=1)\n",
    "TestReport1": "Test Report:\n- Test script's output:\n   - ERROR: test (__main__.Test)\n   - Traceback (most recent call last):\n     - file \"/Users/watch/PycharmProjects/XXXX-1-LLM/workspace/2024-03-10_22-21-13-343010/test_script.py\", line 12, in test\n       - self.assertEqual(cummulative_sum([(1, 3), (5, 6, 7), (2, 6)]), 30)\n     - NameError: name 'cummulative_sum' is not defined\n\n- Test Result: FAILED (errors=1)\n\nConclusion: Code Test Failed\n\nInput and Expected Output Example:\n   - Input: [(1, 3), (5, 6, 7), (2, 6)]\n   - Expected Output: 30\n\nNote: The test script failed due to a NameError for 'cummulative_sum'. The code did not pass the tests.",
    "RepairResponse2": "{\"revised_code\":\"def cumulative_sum(test_list):\\n    total_sum = 0\\n    for tup in test_list:\\n        total_sum += sum(tup)\\n    return total_sum\"}",
    "RepairResponse2_prompt": "{\"Role\": \"You are a professional software engineer. Your duty is to write code in Python that meets the requirements. Ensure that the code you write is efficient, readable, and follows best practices. Remember, do not need to explain the code you wrote.\", \"Instruction\": \"1. Rewrite a bug fix version of the original code. 2. Response in JSON format.\", \"Example\": \"{\\\"revised_code\\\":\\\"...\\\"}\", \"Context\": \"# the original code:\\ndef cumulative_sum(test_list):\\n    total_sum = 0\\n    for tup in test_list:\\n        total_sum += sum(tup)\\n    return total_sum\\n\\nassert cumulative_sum([(1, 3), (5, 6, 7), (2, 6)]) == 30\\n# test report:\\nTest Report:\\n- Test script's output:\\n   - ERROR: test (__main__.Test)\\n   - Traceback (most recent call last):\\n     - file \\\"/Users/watch/PycharmProjects/XXXX-1-LLM/workspace/2024-03-10_22-21-13-343010/test_script.py\\\", line 12, in test\\n       - self.assertEqual(cummulative_sum([(1, 3), (5, 6, 7), (2, 6)]), 30)\\n     - NameError: name 'cummulative_sum' is not defined\\n\\n- Test Result: FAILED (errors=1)\\n\\nConclusion: Code Test Failed\\n\\nInput and Expected Output Example:\\n   - Input: [(1, 3), (5, 6, 7), (2, 6)]\\n   - Expected Output: 30\\n\\nNote: The test script failed due to a NameError for 'cummulative_sum'. The code did not pass the tests.\", \"Question\": \"The original code has some bugs, according to the test report and suggestions, rewrite the code. Complete the following code:\\ndef cummulative_sum(test_list):\\n'''Write a function to find the cumulative sum of all the values that are present in the given tuple list.\\nassert cummulative_sum([(1, 3), (5, 6, 7), (2, 6)]) == 30'''\\n\"}",
    "Code2": "def cumulative_sum(test_list):\n    total_sum = 0\n    for tup in test_list:\n        total_sum += sum(tup)\n    return total_sum",
    "ScriptResult2": "E\n======================================================================\nERROR: test (__main__.Test)\n----------------------------------------------------------------------\nTraceback (most recent call last):\n  File \"/Users/watch/PycharmProjects/XXXX-1-LLM/workspace/2024-03-10_22-21-13-343010/test_script.py\", line 10, in test\n    self.assertEqual(cummulative_sum([(1, 3), (5, 6, 7), (2, 6)]), 30)\nNameError: name 'cummulative_sum' is not defined\n\n----------------------------------------------------------------------\nRan 1 test in 0.000s\n\nFAILED (errors=1)\n",
    "TestReport2": "Test Report:\n\nTest Script Output:\nE\n======================================================================\nERROR: test (__main__.Test)\n----------------------------------------------------------------------\nTraceback (most recent call last):\n  File \"/Users/watch/PycharmProjects/XXXX-1-LLM/workspace/2024-03-10_22-21-13-343010/test_script.py\", line 10, in test\n    self.assertEqual(cummulative_sum([(1, 3), (5, 6, 7), (2, 6)]), 30)\nNameError: name 'cummulative_sum' is not defined\n\n----------------------------------------------------------------------\nRan 1 test in 0.000s\n\nFAILED (errors=1)\n\nTest Report:\nThe test script has failed with the following error:\n- NameError: name 'cummulative_sum' is not defined\n\nConclusion:\nCode Test Failed\n\nInput and Expected Output Example:\nInput: cummulative_sum([(1, 3), (5, 6, 7), (2, 6)])\nExpected Output: 30\n\nPlease address the NameError issue and rerun the test.",
    "FinalCode": "def cumulative_sum(test_list):\n    total_sum = 0\n    for tup in test_list:\n        total_sum += sum(tup)\n    return total_sum"
}