{
    "start_time": "2024-03-11_09-12-11-610558",
    "task": "def cal_sum(n): \n'''Write a function to calculate the sum of perrin numbers.\nassert cal_sum(9) == 49'''\n",
    "datetime": {
        "task": "2024-03-11 09:12:11",
        "task-id": "2024-03-11 09:12:11",
        "workflow": "2024-03-11 09:12:11",
        "Discussion": "2024-03-11 09:12:12",
        "DisorderedSprintMeetings": "2024-03-11 09:12:14",
        "DesignDraft0": "2024-03-11 09:12:16",
        "DesignMeetings0": "2024-03-11 09:12:17",
        "Design0": "2024-03-11 09:12:20",
        "CodeDraft0": "2024-03-11 09:12:22",
        "CodeReviewMeetings0": "2024-03-11 09:12:24",
        "Code0CR": "2024-03-11 09:12:25",
        "FinalCode": "2024-03-11 09:13:04",
        "Test Cases Draft": "2024-03-11 09:12:27",
        "Test Cases Meetings": "2024-03-11 09:12:29",
        "Test Cases": "2024-03-11 09:12:32",
        "Code0": "2024-03-11 09:12:33",
        "TestScriptOriginal": "2024-03-11 09:12:35",
        "TestScript": "2024-03-11 09:12:35",
        "ScriptResult0": "2024-03-11 09:12:35",
        "TestReport0": "2024-03-11 09:12:37",
        "SprintReview0": "2024-03-11 09:12:38",
        "SprintReviewMeetings0": "2024-03-11 09:12:41",
        "RepairResponse0": "2024-03-11 09:12:42",
        "Code1": "2024-03-11 09:12:42",
        "ScriptResult1": "2024-03-11 09:12:42",
        "TestReport1": "2024-03-11 09:12:46",
        "SprintReview1": "2024-03-11 09:12:47",
        "SprintReviewMeetings1": "2024-03-11 09:12:50",
        "RepairResponse1": "2024-03-11 09:12:53",
        "Code2": "2024-03-11 09:12:53",
        "ScriptResult2": "2024-03-11 09:12:53",
        "TestReport2": "2024-03-11 09:12:55",
        "SprintReview2": "2024-03-11 09:12:57",
        "SprintReviewMeetings2": "2024-03-11 09:13:02",
        "RepairResponse2": "2024-03-11 09:13:04",
        "Code3": "2024-03-11 09:13:04",
        "ScriptResult3": "2024-03-11 09:13:04",
        "TestReport3": "2024-03-11 09:13:07"
    },
    "task-id": 448,
    "workflow": "agile/agile_version_0.0.5_remove.json",
    "Discussion": "[ScrumMaster]says: We have a job: def cal_sum(n): \n'''Write a function to calculate the sum of perrin numbers.\nassert cal_sum(9) == 49'''\n, do you have any ideas?\n-----\n\n[Architect]says: As an architect, I suggest considering the design and structure of the function to efficiently calculate the sum of Perrin numbers.\n-----\n\n[Developer]says: I will start by defining the Perrin numbers and then write a function to calculate their sum.\n-----\n\n[ProductOwner]says: As a Product Owner, I think we should prioritize creating a clear user story for this task before proceeding with development.\n-----\n\n[Tester]says: As a Tester, I suggest writing test cases for the cal_sum function to ensure it accurately calculates the sum of Perrin numbers.\n-----\n\n[Architect]says: As an architect, I suggest considering the design and structure of the function to efficiently calculate the sum of Perrin numbers.\n-----\n\n[ProductOwner]says: As a Product Owner, I think we should prioritize creating a clear user story for this task before proceeding with development.\n-----\n\n[Developer]says: As a developer, I will start by defining the Perrin numbers and then write a function to calculate their sum.\n-----\n\n[Tester]says: As a Tester, I suggest writing test cases for the cal_sum function to ensure it accurately calculates the sum of Perrin numbers.\n-----\n",
    "DisorderedSprintMeetings": "{\n  \"product-owner\": [\n    \"Prioritize creating a clear user story for the task\"\n  ],\n  \"architect\": [\n    \"Consider the design and structure of the function to efficiently calculate the sum of Perrin numbers\"\n  ],\n  \"developer\": [\n    \"Define the Perrin numbers\",\n    \"Write a function to calculate the sum of Perrin numbers\"\n  ],\n  \"tester\": [\n    \"Write test cases for the cal_sum function to ensure it accurately calculates the sum of Perrin numbers\"\n  ]\n}",
    "DisorderedSprintMeetings_prompt": "{\"Role\": \"You are a professional scrum master. Your goal is to breakdown the Discussion History into a task list for the scrum team.\", \"Instruction\": \"1. Read and Understand the Discussion History. 2. Define the tasks for four roles: product-owner/architect/developer/tester. 3. Response in JSON format.\", \"Example\": \"{\\\"product-owner\\\":[\\\"task1\\\",\\\"task2\\\"],\\\"architect\\\":[\\\"task1\\\",\\\"task2\\\"], \\\"developer\\\":[\\\"task1\\\",\\\"task2\\\"], \\\"tester\\\":[\\\"task1\\\",\\\"task2\\\"]}\", \"Context\": \"[ScrumMaster]says: We have a job: def cal_sum(n): \\n'''Write a function to calculate the sum of perrin numbers.\\nassert cal_sum(9) == 49'''\\n, do you have any ideas?\\n-----\\n\\n[Architect]says: As an architect, I suggest considering the design and structure of the function to efficiently calculate the sum of Perrin numbers.\\n-----\\n\\n[Developer]says: I will start by defining the Perrin numbers and then write a function to calculate their sum.\\n-----\\n\\n[ProductOwner]says: As a Product Owner, I think we should prioritize creating a clear user story for this task before proceeding with development.\\n-----\\n\\n[Tester]says: As a Tester, I suggest writing test cases for the cal_sum function to ensure it accurately calculates the sum of Perrin numbers.\\n-----\\n\\n[Architect]says: As an architect, I suggest considering the design and structure of the function to efficiently calculate the sum of Perrin numbers.\\n-----\\n\\n[ProductOwner]says: As a Product Owner, I think we should prioritize creating a clear user story for this task before proceeding with development.\\n-----\\n\\n[Developer]says: As a developer, I will start by defining the Perrin numbers and then write a function to calculate their sum.\\n-----\\n\\n[Tester]says: As a Tester, I suggest writing test cases for the cal_sum function to ensure it accurately calculates the sum of Perrin numbers.\\n-----\\n\", \"Question\": \"Follow the Instruction section. The Discussion History is in the Context section. You only need to return a task list as the Example section.\"}",
    "DesignDraft0": "Design:\n\n1. Define a function cal_sum(n) to calculate the sum of Perrin numbers efficiently.\n2. The function should take an integer n as input and return the sum of the first n Perrin numbers.\n3. Use a loop to iterate through the first n Perrin numbers and calculate their sum.\n4. The function should include error handling to handle cases where n is negative or zero.\n5. Include appropriate comments and docstrings to explain the purpose of the function and provide an example of its usage.\n\nThis high-level design should guide the developer in writing the code for the cal_sum function without providing specific implementation details.",
    "DesignMeetings0": "{\n  \"Developer\": \"I would suggest using memoization to efficiently calculate the Perrin numbers and store the results to avoid redundant calculations. This can greatly improve the performance of the function.\",\n  \"Tester\": \"I would suggest testing the function with different values of n including positive integers, zero, and negative integers to ensure the error handling is working correctly. Additionally, the function should be tested with large values of n to check for performance issues.\"\n}",
    "Design0": "New Design:\n\nBased on the suggestions provided, I will incorporate memoization to efficiently calculate the Perrin numbers and store the results to avoid redundant calculations. This will greatly improve the performance of the cal_sum function. Additionally, I will ensure that the function is tested with different values of n, including positive integers, zero, and negative integers, to ensure error handling is working correctly. The function will also be tested with large values of n to check for performance issues.\n\nIn terms of the high-level design:\n1. I will define the function cal_sum(n) to efficiently calculate the sum of Perrin numbers.\n2. The function will take an integer n as input and return the sum of the first n Perrin numbers.\n3. I will use memoization to efficiently calculate the sum of the first n Perrin numbers.\n4. Error handling will be included to handle cases where n is negative or zero.\n5. Appropriate comments and docstrings will be added to explain the purpose of the function and provide an example of its usage.\n\nThis new design will address the suggestions provided and ensure that the cal_sum function is efficient, well-tested, and properly documented.",
    "CodeDraft0": "def cal_sum(n):\n    '''\n    Write a function to calculate the sum of Perrin numbers.\n    assert cal_sum(9) == 49\n    '''\n    if n <= 0:\n        return 0\n    \n    perrin = [3, 0, 2]\n    if n <= 3:\n        return sum(perrin[:n])\n    \n    memo = perrin\n    for i in range(3, n):\n        next_perrin = memo[0] + memo[1]\n        memo[0], memo[1], memo[2] = memo[1], memo[2], next_perrin\n    \n    return sum(memo)",
    "CodeDraft0_prompt": {
        "Role": "You are a professional engineer. Your duty is to write code in Python that meets the requirements. Ensure that the code you write is efficient, readable, and follows best practices. Remember, do not need to explain the code you wrote.",
        "Instruction": "According to the Context section, write your code.",
        "Example": "",
        "Context": "# Tasks:\n['Define the Perrin numbers', 'Write a function to calculate the sum of Perrin numbers']\n# Design:\nNew Design:\n\nBased on the suggestions provided, I will incorporate memoization to efficiently calculate the Perrin numbers and store the results to avoid redundant calculations. This will greatly improve the performance of the cal_sum function. Additionally, I will ensure that the function is tested with different values of n, including positive integers, zero, and negative integers, to ensure error handling is working correctly. The function will also be tested with large values of n to check for performance issues.\n\nIn terms of the high-level design:\n1. I will define the function cal_sum(n) to efficiently calculate the sum of Perrin numbers.\n2. The function will take an integer n as input and return the sum of the first n Perrin numbers.\n3. I will use memoization to efficiently calculate the sum of the first n Perrin numbers.\n4. Error handling will be included to handle cases where n is negative or zero.\n5. Appropriate comments and docstrings will be added to explain the purpose of the function and provide an example of its usage.\n\nThis new design will address the suggestions provided and ensure that the cal_sum function is efficient, well-tested, and properly documented.",
        "Question": "Follow the Instruction section. Complete the following code:\ndef cal_sum(n): \n'''Write a function to calculate the sum of perrin numbers.\nassert cal_sum(9) == 49'''\n"
    },
    "CodeReviewMeetings0": "{\n  \"Architect\": \"The code is a bit hard to read and understand. It would be better to add comments to explain the purpose of each section and variable. Also, using more descriptive variable names can improve the readability of the code.\",\n  \"Tester\": \"It would be helpful to add some test cases to cover different scenarios, such as negative numbers or edge cases. Additionally, adding some print statements to check the values of variables at different stages can help with debugging.\"\n}",
    "Code0CR": "def cal_sum(n):\n    '''Write a function to calculate the sum of Perrin numbers.'''\n    perrin = [3, 0, 2]\n    if n <= 0:\n        return 0\n    elif n <= 3:\n        return sum(perrin[:n])\n    else:\n        for i in range(3, n):\n            perrin.append(perrin[i-2] + perrin[i-3])\n        return sum(perrin)",
    "Code0CR_prompt": "{\"Role\": \"You are a professional software engineer. Your duty is to write code in Python that meets the requirements. Ensure that the code you write is efficient, readable, and follows best practices. Remember, do not need to explain the code you wrote.\", \"Instruction\": \"1. Understand the suggestions(in the Context section) about the original code. 2. Rewrite your code.\", \"Example\": \"\", \"Context\": \"# Tasks:\\n['Define the Perrin numbers', 'Write a function to calculate the sum of Perrin numbers']\\n# Design:\\nNew Design:\\n\\nBased on the suggestions provided, I will incorporate memoization to efficiently calculate the Perrin numbers and store the results to avoid redundant calculations. This will greatly improve the performance of the cal_sum function. Additionally, I will ensure that the function is tested with different values of n, including positive integers, zero, and negative integers, to ensure error handling is working correctly. The function will also be tested with large values of n to check for performance issues.\\n\\nIn terms of the high-level design:\\n1. I will define the function cal_sum(n) to efficiently calculate the sum of Perrin numbers.\\n2. The function will take an integer n as input and return the sum of the first n Perrin numbers.\\n3. I will use memoization to efficiently calculate the sum of the first n Perrin numbers.\\n4. Error handling will be included to handle cases where n is negative or zero.\\n5. Appropriate comments and docstrings will be added to explain the purpose of the function and provide an example of its usage.\\n\\nThis new design will address the suggestions provided and ensure that the cal_sum function is efficient, well-tested, and properly documented.# Suggestions:\\n{\\n  \\\"Architect\\\": \\\"The code is a bit hard to read and understand. It would be better to add comments to explain the purpose of each section and variable. Also, using more descriptive variable names can improve the readability of the code.\\\",\\n  \\\"Tester\\\": \\\"It would be helpful to add some test cases to cover different scenarios, such as negative numbers or edge cases. Additionally, adding some print statements to check the values of variables at different stages can help with debugging.\\\"\\n}\", \"Question\": \"Follow the Instruction section. Complete the following code:\\ndef cal_sum(n): \\n'''Write a function to calculate the sum of perrin numbers.\\nassert cal_sum(9) == 49'''\\n\"}",
    "FinalCode": "def cal_sum(n):\n    perrin = [3, 0, 2]\n    if n <= 3:\n        return sum(perrin[:n])\n    else:\n        for i in range(3, n):\n            perrin.append(perrin[-2] + perrin[-3])\n        return sum(perrin)",
    "Test Cases Draft": "{\n  \"test_cases\": [\n    {\n      \"Test Title\": \"Positive Integer Input\",\n      \"Input Data\": \"parameter1=9\",\n      \"Expected Output\": \"49\"\n    },\n    {\n      \"Test Title\": \"Zero Input\",\n      \"Input Data\": \"parameter1=0\",\n      \"Expected Output\": \"0\"\n    },\n    {\n      \"Test Title\": \"Negative Integer Input\",\n      \"Input Data\": \"parameter1=-5\",\n      \"Expected Output\": \"Invalid Input\"\n    },\n    {\n      \"Test Title\": \"Large Integer Input\",\n      \"Input Data\": \"parameter1=1000\",\n      \"Expected Output\": \"Larger Output\"\n    }\n  ]\n}",
    "Test Cases Draft_prompt": "{\"Role\": \"You are a quality assurance engineer. Your duty is to design test cases for the developers.\", \"Instruction\": \"According to the Context section, write test cases. Don't write long strings in your test cases. Response in JSON format.\", \"Example\": \"{\\\"requirement analysis\\\":\\\"analysis\\\",\\\"test_cases\\\":[{\\\"Test Title\\\":\\\"title\\\", \\\"Input Data\\\":\\\"parameter1=[1,2,3],parameter2='123'\\\", \\\"Expected Output\\\":\\\"456\\\"},]}\", \"Context\": \"# Tasks:\\n['Write test cases for the cal_sum function to ensure it accurately calculates the sum of Perrin numbers']\\n# Design:\\nNew Design:\\n\\nBased on the suggestions provided, I will incorporate memoization to efficiently calculate the Perrin numbers and store the results to avoid redundant calculations. This will greatly improve the performance of the cal_sum function. Additionally, I will ensure that the function is tested with different values of n, including positive integers, zero, and negative integers, to ensure error handling is working correctly. The function will also be tested with large values of n to check for performance issues.\\n\\nIn terms of the high-level design:\\n1. I will define the function cal_sum(n) to efficiently calculate the sum of Perrin numbers.\\n2. The function will take an integer n as input and return the sum of the first n Perrin numbers.\\n3. I will use memoization to efficiently calculate the sum of the first n Perrin numbers.\\n4. Error handling will be included to handle cases where n is negative or zero.\\n5. Appropriate comments and docstrings will be added to explain the purpose of the function and provide an example of its usage.\\n\\nThis new design will address the suggestions provided and ensure that the cal_sum function is efficient, well-tested, and properly documented.\", \"Question\": \"def cal_sum(n): \\n'''Write a function to calculate the sum of perrin numbers.\\nassert cal_sum(9) == 49'''\\n\"}",
    "Test Cases Meetings": "{\n  \"Architect\": \"As an Architect, I suggest adding more test cases to cover edge cases such as boundary values, null inputs, and special characters. Also, consider creating test cases for performance and scalability testing.\",\n  \"Developer\": \"As a Developer, I suggest revising the Expected Output for the Negative Integer Input test case to something more specific, such as 'Negative Output'. Also, consider adding test cases for invalid or missing input parameters.\"\n}",
    "Test Cases": "{\n  \"test_cases\": [\n    {\n      \"Test Title\": \"Positive Integer Input\",\n      \"Input Data\": \"parameter1=9\",\n      \"Expected Output\": \"49\"\n    },\n    {\n      \"Test Title\": \"Zero Input\",\n      \"Input Data\": \"parameter1=0\",\n      \"Expected Output\": \"0\"\n    },\n    {\n      \"Test Title\": \"Negative Integer Input\",\n      \"Input Data\": \"parameter1=-5\",\n      \"Expected Output\": \"Negative Output\"\n    },\n    {\n      \"Test Title\": \"Large Integer Input\",\n      \"Input Data\": \"parameter1=1000\",\n      \"Expected Output\": \"Larger Output\"\n    },\n    {\n      \"Test Title\": \"Boundary Value Test\",\n      \"Input Data\": \"parameter1=1\",\n      \"Expected Output\": \"3\"\n    },\n    {\n      \"Test Title\": \"Null Input Test\",\n      \"Input Data\": \"parameter1=\",\n      \"Expected Output\": \"Invalid Input\"\n    },\n    {\n      \"Test Title\": \"Special Character Input\",\n      \"Input Data\": \"parameter1=@\",\n      \"Expected Output\": \"Invalid Input\"\n    }\n  ]\n}",
    "Test Cases_prompt": "{\"Role\": \"You are a quality assurance engineer. Your duty is to revise the test cases based on the suggestions.\", \"Instruction\": \"1. Your colleague give you some suggestions(in the Context section) about the draft test cases, read these suggestions. 2. Revise your draft version test cases, but don't use long parameters. 3. Response in JSON format.\", \"Example\": \"{\\\"requirement analysis\\\":\\\"analysis\\\",\\\"test_cases\\\":[{\\\"Test Title\\\":\\\"title\\\", \\\"Input Data\\\":\\\"parameter1=[1,2,3],parameter2='123'\\\", \\\"Expected Output\\\":\\\"456\\\"},]}\", \"Context\": \"# Suggestions:\\n{\\n  \\\"Architect\\\": \\\"As an Architect, I suggest adding more test cases to cover edge cases such as boundary values, null inputs, and special characters. Also, consider creating test cases for performance and scalability testing.\\\",\\n  \\\"Developer\\\": \\\"As a Developer, I suggest revising the Expected Output for the Negative Integer Input test case to something more specific, such as 'Negative Output'. Also, consider adding test cases for invalid or missing input parameters.\\\"\\n}\\n # Draft Test cases:\\n{\\n  \\\"test_cases\\\": [\\n    {\\n      \\\"Test Title\\\": \\\"Positive Integer Input\\\",\\n      \\\"Input Data\\\": \\\"parameter1=9\\\",\\n      \\\"Expected Output\\\": \\\"49\\\"\\n    },\\n    {\\n      \\\"Test Title\\\": \\\"Zero Input\\\",\\n      \\\"Input Data\\\": \\\"parameter1=0\\\",\\n      \\\"Expected Output\\\": \\\"0\\\"\\n    },\\n    {\\n      \\\"Test Title\\\": \\\"Negative Integer Input\\\",\\n      \\\"Input Data\\\": \\\"parameter1=-5\\\",\\n      \\\"Expected Output\\\": \\\"Invalid Input\\\"\\n    },\\n    {\\n      \\\"Test Title\\\": \\\"Large Integer Input\\\",\\n      \\\"Input Data\\\": \\\"parameter1=1000\\\",\\n      \\\"Expected Output\\\": \\\"Larger Output\\\"\\n    }\\n  ]\\n}\", \"Question\": \"Follow the Instruction. Please make sure your response length are less than 512. Your test cases is for the below question:\\ndef cal_sum(n): \\n'''Write a function to calculate the sum of perrin numbers.\\nassert cal_sum(9) == 49'''\\n\"}",
    "Code0": "def cal_sum(n):\n    perrin = [3, 0, 2]\n    if n <= 0:\n        return 0\n    elif n <= 3:\n        return sum(perrin[:n])\n    else:\n        for i in range(3, n):\n            perrin.append(perrin[i-2] + perrin[i-3])\n        return sum(perrin)",
    "Code0_prompt": {
        "Role": "You are a professional software engineer. Your duty is to write code in Python that meets the requirements. Ensure that the code you write is efficient, readable, and follows best practices. Remember, do not need to explain the code you wrote.",
        "Instruction": "1. Understand the test cases(in the Context section) about the original code. 2. Rewrite your code, make sure your code pass all test cases.",
        "Example": "",
        "Context": "# Original Code:\ndef cal_sum(n):\n    '''Write a function to calculate the sum of Perrin numbers.'''\n    perrin = [3, 0, 2]\n    if n <= 0:\n        return 0\n    elif n <= 3:\n        return sum(perrin[:n])\n    else:\n        for i in range(3, n):\n            perrin.append(perrin[i-2] + perrin[i-3])\n        return sum(perrin)\n# Test Cases:\n{\n  \"test_cases\": [\n    {\n      \"Test Title\": \"Positive Integer Input\",\n      \"Input Data\": \"parameter1=9\",\n      \"Expected Output\": \"49\"\n    },\n    {\n      \"Test Title\": \"Zero Input\",\n      \"Input Data\": \"parameter1=0\",\n      \"Expected Output\": \"0\"\n    },\n    {\n      \"Test Title\": \"Negative Integer Input\",\n      \"Input Data\": \"parameter1=-5\",\n      \"Expected Output\": \"Negative Output\"\n    },\n    {\n      \"Test Title\": \"Large Integer Input\",\n      \"Input Data\": \"parameter1=1000\",\n      \"Expected Output\": \"Larger Output\"\n    },\n    {\n      \"Test Title\": \"Boundary Value Test\",\n      \"Input Data\": \"parameter1=1\",\n      \"Expected Output\": \"3\"\n    },\n    {\n      \"Test Title\": \"Null Input Test\",\n      \"Input Data\": \"parameter1=\",\n      \"Expected Output\": \"Invalid Input\"\n    },\n    {\n      \"Test Title\": \"Special Character Input\",\n      \"Input Data\": \"parameter1=@\",\n      \"Expected Output\": \"Invalid Input\"\n    }\n  ]\n}",
        "Question": "def cal_sum(n): \n'''Write a function to calculate the sum of perrin numbers.\nassert cal_sum(9) == 49'''\n"
    },
    "TestScriptOriginal": "import unittest\n\ndef cal_sum(n):\n    perrin = [3, 0, 2]\n    if n == 0:\n        return 3\n    if n == 1:\n        return 0\n    if n == 2:\n        return 2\n    for i in range(3, n+1):\n        perrin.append(perrin[i-2] + perrin[i-3])\n    return sum(perrin)\n\nclass Test(unittest.TestCase):\n    def test_cal_sum(self):\n        self.assertEqual(cal_sum(9), 49)\n\nif __name__ == '__main__':\n    unittest.main()",
    "TestScriptOriginal_prompt": "{\"Role\": \"You are a quality assurance engineer. Your duty is to write a python test script in unittest framework.\", \"Instruction\": \"1. Write a python test script. 2. Use the input and output given by the question.\", \"Example\": \"import unittest\\n\\nclass Test(unittest.TestCase):\\n    def test(self):\\n        self.assertEqual(function_under_test('a'), 1)\\n\\nif __name__ == '__main__':\\n    unittest.main()\", \"Context\": \"\", \"Question\": \"def cal_sum(n): \\n'''Write a function to calculate the sum of perrin numbers.\\nassert cal_sum(9) == 49'''\\n\"}",
    "TestScript": "import unittest\n\nclass Test(unittest.TestCase):\n    def test_cal_sum(self):\n        self.assertEqual(cal_sum(9), 49)\n\nif __name__ == '__main__':\n    unittest.main()",
    "ScriptResult0": "F\n======================================================================\nFAIL: test_cal_sum (__main__.Test)\n----------------------------------------------------------------------\nTraceback (most recent call last):\n  File \"/Users/watch/PycharmProjects/XXXX-1-LLM/workspace/2024-03-11_09-12-11-610558/test_script.py\", line 15, in test_cal_sum\n    self.assertEqual(cal_sum(9), 49)\nAssertionError: 37 != 49\n\n----------------------------------------------------------------------\nRan 1 test in 0.000s\n\nFAILED (failures=1)\n",
    "TestReport0": "Test Report:\n\nThe test script's output indicates that there is a failure in the test_cal_sum function. The specific failure is that the expected output of cal_sum(9) is 49, but the actual output is 37.\n\nCode Test Failed\n\nInput and expected output example:\ncal_sum(9) should return 49 but returned 37.\n\nCode:\ndef cal_sum(n):\n    perrin = [3, 0, 2]\n    if n <= 0:\n        return 0\n    elif n <= 3:\n        return sum(perrin[:n])\n    else:\n        for i in range(3, n):\n            perrin.append(perrin[i-2] + perrin[i-3])\n        return sum(perrin)\n\nRecommendations: The code should be reviewed and debugged to fix the failure in the test_cal_sum function.",
    "SprintReview0": "[ScrumMaster]says: Here is our test Report: Test Report:\n\nThe test script's output indicates that there is a failure in the test_cal_sum function. The specific failure is that the expected output of cal_sum(9) is 49, but the actual output is 37.\n\nCode Test Failed\n\nInput and expected output example:\ncal_sum(9) should return 49 but returned 37.\n\nCode:\ndef cal_sum(n):\n    perrin = [3, 0, 2]\n    if n <= 0:\n        return 0\n    elif n <= 3:\n        return sum(perrin[:n])\n    else:\n        for i in range(3, n):\n            perrin.append(perrin[i-2] + perrin[i-3])\n        return sum(perrin)\n\nRecommendations: The code should be reviewed and debugged to fix the failure in the test_cal_sum function., do you have any ideas?\n-----\n\n[Architect]says: As an Architect, I recommend conducting a code review to identify and fix the failure in the test_cal_sum function before proceeding with further development.\n-----\n\n[ProductOwner]says: As a Product Owner, I think we should prioritize fixing the failure in the test_cal_sum function before moving on to any new development tasks.\n-----\n\n[Tester]says: As a Tester, I recommend reviewing and debugging the code to fix the failure in the test_cal_sum function.\n-----\n\n[Developer]says: As a Developer, I suggest reviewing the code and checking the logic in the test_cal_sum function to identify and fix the issue.\n-----\n\n[Architect]says: As an Architect, I recommend conducting a code review to identify and fix the failure in the test_cal_sum function before proceeding with further development.\n-----\n\n[ProductOwner]says: As a Product Owner, I think we should prioritize fixing the failure in the test_cal_sum function before moving on to any new development tasks.\n-----\n\n[Tester]says: As a Tester, I recommend reviewing and debugging the code to fix the failure in the test_cal_sum function.\n-----\n\n[Developer]says: As a Developer, I will review the code and check the logic in the test_cal_sum function to identify and fix the issue.\n-----\n",
    "SprintReviewMeetings0": "{\n  \"product-owner\":[\"I think we should prioritize fixing the failure in the test_cal_sum function before moving on to any new development tasks.\"],\n  \"architect\":[\"I recommend conducting a code review to identify and fix the failure in the test_cal_sum function before proceeding with further development.\"],\n  \"developer\":[\"I suggest reviewing the code and checking the logic in the test_cal_sum function to identify and fix the issue.\", \"I will review the code and check the logic in the test_cal_sum function to identify and fix the issue.\"],\n  \"tester\":[\"I recommend reviewing and debugging the code to fix the failure in the test_cal_sum function.\", \"I recommend reviewing and debugging the code to fix the failure in the test_cal_sum function.\"]\n}",
    "SprintReviewMeetings0_prompt": "{\"Role\": \"You are a professional scrum master. Your goal is to summary the Discussion History into a suggestions list for the scrum team.\", \"Instruction\": \"1. Read and Understand the Discussion History. 2. Summary the suggestions from four roles: product-owner/architect/developer/tester. 3. Response in JSON format.\", \"Example\": \"{\\\"product-owner\\\":[\\\"suggestion1\\\",\\\"suggestion2\\\"],\\\"architect\\\":[\\\"suggestion1\\\",\\\"suggestion2\\\"], \\\"developer\\\":[\\\"suggestion1\\\",\\\"suggestion2\\\"], \\\"tester\\\":[\\\"suggestion1\\\",\\\"suggestion2\\\"]}\", \"Context\": \"[ScrumMaster]says: Here is our test Report: Test Report:\\n\\nThe test script's output indicates that there is a failure in the test_cal_sum function. The specific failure is that the expected output of cal_sum(9) is 49, but the actual output is 37.\\n\\nCode Test Failed\\n\\nInput and expected output example:\\ncal_sum(9) should return 49 but returned 37.\\n\\nCode:\\ndef cal_sum(n):\\n    perrin = [3, 0, 2]\\n    if n <= 0:\\n        return 0\\n    elif n <= 3:\\n        return sum(perrin[:n])\\n    else:\\n        for i in range(3, n):\\n            perrin.append(perrin[i-2] + perrin[i-3])\\n        return sum(perrin)\\n\\nRecommendations: The code should be reviewed and debugged to fix the failure in the test_cal_sum function., do you have any ideas?\\n-----\\n\\n[Architect]says: As an Architect, I recommend conducting a code review to identify and fix the failure in the test_cal_sum function before proceeding with further development.\\n-----\\n\\n[ProductOwner]says: As a Product Owner, I think we should prioritize fixing the failure in the test_cal_sum function before moving on to any new development tasks.\\n-----\\n\\n[Tester]says: As a Tester, I recommend reviewing and debugging the code to fix the failure in the test_cal_sum function.\\n-----\\n\\n[Developer]says: As a Developer, I suggest reviewing the code and checking the logic in the test_cal_sum function to identify and fix the issue.\\n-----\\n\\n[Architect]says: As an Architect, I recommend conducting a code review to identify and fix the failure in the test_cal_sum function before proceeding with further development.\\n-----\\n\\n[ProductOwner]says: As a Product Owner, I think we should prioritize fixing the failure in the test_cal_sum function before moving on to any new development tasks.\\n-----\\n\\n[Tester]says: As a Tester, I recommend reviewing and debugging the code to fix the failure in the test_cal_sum function.\\n-----\\n\\n[Developer]says: As a Developer, I will review the code and check the logic in the test_cal_sum function to identify and fix the issue.\\n-----\\n\", \"Question\": \"Follow the Instruction section. The Discussion History is in the Context section. You only need to return a list as the Example section.\"}",
    "RepairResponse0": "{\n  \"revised_code\": \"def cal_sum(n):\\n    perrin = [3, 0, 2]\\n    if n <= 0:\\n        return 0\\n    elif n <= 3:\\n        return sum(perrin[:n])\\n    else:\\n        for i in range(3, n):\\n            perrin.append(perrin[i-2] + perrin[i-3])\\n        return sum(perrin[:n])\"\n}",
    "RepairResponse0_prompt": {
        "Role": "You are a professional software engineer. Your duty is to write code in Python that meets the requirements. Ensure that the code you write is efficient, readable, and follows best practices. Remember, do not need to explain the code you wrote.",
        "Instruction": "1. Rewrite a bug fix version of the original code. 2. Response in JSON format.",
        "Example": "{\"revised_code\":\"...\"}",
        "Context": "# Test Report:\nTest Report:\n\nThe test script's output indicates that there is a failure in the test_cal_sum function. The specific failure is that the expected output of cal_sum(9) is 49, but the actual output is 37.\n\nCode Test Failed\n\nInput and expected output example:\ncal_sum(9) should return 49 but returned 37.\n\nCode:\ndef cal_sum(n):\n    perrin = [3, 0, 2]\n    if n <= 0:\n        return 0\n    elif n <= 3:\n        return sum(perrin[:n])\n    else:\n        for i in range(3, n):\n            perrin.append(perrin[i-2] + perrin[i-3])\n        return sum(perrin)\n\nRecommendations: The code should be reviewed and debugged to fix the failure in the test_cal_sum function.# suggestions:\n{\"product-owner\": [\"I think we should prioritize fixing the failure in the test_cal_sum function before moving on to any new development tasks.\"], \"architect\": [\"I recommend conducting a code review to identify and fix the failure in the test_cal_sum function before proceeding with further development.\"], \"developer\": [\"I suggest reviewing the code and checking the logic in the test_cal_sum function to identify and fix the issue.\", \"I will review the code and check the logic in the test_cal_sum function to identify and fix the issue.\"], \"tester\": [\"I recommend reviewing and debugging the code to fix the failure in the test_cal_sum function.\", \"I recommend reviewing and debugging the code to fix the failure in the test_cal_sum function.\"]}",
        "Question": "The original code has some bugs, according to the test report and suggestions, rewrite the code. Complete the following code:\ndef cal_sum(n): \n'''Write a function to calculate the sum of perrin numbers.\nassert cal_sum(9) == 49'''\n"
    },
    "Code1": "def cal_sum(n):\n    perrin = [3, 0, 2]\n    if n <= 0:\n        return 0\n    elif n <= 3:\n        return sum(perrin[:n])\n    else:\n        for i in range(3, n):\n            perrin.append(perrin[i-2] + perrin[i-3])\n        return sum(perrin[:n])",
    "ScriptResult1": "F\n======================================================================\nFAIL: test_cal_sum (__main__.Test)\n----------------------------------------------------------------------\nTraceback (most recent call last):\n  File \"/Users/watch/PycharmProjects/XXXX-1-LLM/workspace/2024-03-11_09-12-11-610558/test_script.py\", line 15, in test_cal_sum\n    self.assertEqual(cal_sum(9), 49)\nAssertionError: 37 != 49\n\n----------------------------------------------------------------------\nRan 1 test in 0.000s\n\nFAILED (failures=1)\n",
    "TestReport1": "Test Report:\n\nTest script's output:\nF\n======================================================================\nFAIL: test_cal_sum (__main__.Test)\n----------------------------------------------------------------------\nTraceback (most recent call last):\n  File \"/Users/watch/PycharmProjects/XXXX-1-LLM/workspace/2024-03-11_09-12-11-610558/test_script.py\", line 15, in test_cal_sum\n    self.assertEqual(cal_sum(9), 49)\nAssertionError: 37 != 49\n\n----------------------------------------------------------------------\nRan 1 test in 0.000s\n\nFAILED (failures=1)\n\nAnalysis:\nThe test script has failed with the following output:\n- The test function test_cal_sum has failed with an assertion error. The expected output was 49, but the actual output was 37.\n\nConclusion:\nThe code has NOT passed the tests.\n\nInput and Expected Output Example:\ndef cal_sum(n):\n    perrin = [3, 0, 2]\n    if n <= 0:\n        return 0\n    elif n <= 3:\n        return sum(perrin[:n])\n    else:\n        for i in range(3, n):\n            perrin.append(perrin[i-2] + perrin[i-3])\n        return sum(perrin[:n])\n\nCode Test Failed",
    "SprintReview1": "[ScrumMaster]says: Here is our test Report: Test Report:\n\nTest script's output:\nF\n======================================================================\nFAIL: test_cal_sum (__main__.Test)\n----------------------------------------------------------------------\nTraceback (most recent call last):\n  File \"/Users/watch/PycharmProjects/XXXX-1-LLM/workspace/2024-03-11_09-12-11-610558/test_script.py\", line 15, in test_cal_sum\n    self.assertEqual(cal_sum(9), 49)\nAssertionError: 37 != 49\n\n----------------------------------------------------------------------\nRan 1 test in 0.000s\n\nFAILED (failures=1)\n\nAnalysis:\nThe test script has failed with the following output:\n- The test function test_cal_sum has failed with an assertion error. The expected output was 49, but the actual output was 37.\n\nConclusion:\nThe code has NOT passed the tests.\n\nInput and Expected Output Example:\ndef cal_sum(n):\n    perrin = [3, 0, 2]\n    if n <= 0:\n        return 0\n    elif n <= 3:\n        return sum(perrin[:n])\n    else:\n        for i in range(3, n):\n            perrin.append(perrin[i-2] + perrin[i-3])\n        return sum(perrin[:n])\n\nCode Test Failed, do you have any ideas?\n-----\n\n[ProductOwner]says: As a Product Owner, I believe we need to prioritize fixing this failed test script in order to ensure the quality of the product.\n-----\n\n[Developer]says: As a Developer, I will review the test script and the code for the cal_sum function to identify the issue and propose a solution to fix the failing test.\n-----\n\n[Architect]says: As an Architect, I suggest conducting a code review to identify any potential issues with the cal_sum function. It's important to ensure that the code meets the expected requirements and standards before proceeding with further development.\n-----\n\n[Tester]says: As a Tester, it seems that the test script for the function cal_sum has failed due to an assertion error. I suggest reviewing the code and ensuring that the expected output matches the actual output.\n-----\n\n[ProductOwner]says: As a Product Owner, I believe we need to prioritize fixing this failed test script in order to ensure the quality of the product.\n-----\n\n[Developer]says: [Developer] says: I will review the test script and the code for the cal_sum function to identify the issue and propose a solution to fix the failing test.\n-----\n\n[Tester]says: As a Tester, it seems that the test script for the function cal_sum has failed due to an assertion error. I suggest reviewing the code and ensuring that the expected output matches the actual output.\n-----\n\n[Architect]says: As an Architect, I suggest conducting a code review to identify any potential issues with the cal_sum function. It's important to ensure that the code meets the expected requirements and standards before proceeding with further development.\n-----\n",
    "SprintReviewMeetings1": "{\n\t\"product-owner\": [\"I believe we need to prioritize fixing this failed test script in order to ensure the quality of the product.\"],\n\t\"architect\": [\"I suggest conducting a code review to identify any potential issues with the cal_sum function. It's important to ensure that the code meets the expected requirements and standards before proceeding with further development.\"],\n\t\"developer\": [\"I will review the test script and the code for the cal_sum function to identify the issue and propose a solution to fix the failing test.\"],\n\t\"tester\": [\"It seems that the test script for the function cal_sum has failed due to an assertion error. I suggest reviewing the code and ensuring that the expected output matches the actual output.\"]\n}",
    "SprintReviewMeetings1_prompt": "{\"Role\": \"You are a professional scrum master. Your goal is to summary the Discussion History into a suggestions list for the scrum team.\", \"Instruction\": \"1. Read and Understand the Discussion History. 2. Summary the suggestions from four roles: product-owner/architect/developer/tester. 3. Response in JSON format.\", \"Example\": \"{\\\"product-owner\\\":[\\\"suggestion1\\\",\\\"suggestion2\\\"],\\\"architect\\\":[\\\"suggestion1\\\",\\\"suggestion2\\\"], \\\"developer\\\":[\\\"suggestion1\\\",\\\"suggestion2\\\"], \\\"tester\\\":[\\\"suggestion1\\\",\\\"suggestion2\\\"]}\", \"Context\": \"[ScrumMaster]says: Here is our test Report: Test Report:\\n\\nTest script's output:\\nF\\n======================================================================\\nFAIL: test_cal_sum (__main__.Test)\\n----------------------------------------------------------------------\\nTraceback (most recent call last):\\n  File \\\"/Users/watch/PycharmProjects/XXXX-1-LLM/workspace/2024-03-11_09-12-11-610558/test_script.py\\\", line 15, in test_cal_sum\\n    self.assertEqual(cal_sum(9), 49)\\nAssertionError: 37 != 49\\n\\n----------------------------------------------------------------------\\nRan 1 test in 0.000s\\n\\nFAILED (failures=1)\\n\\nAnalysis:\\nThe test script has failed with the following output:\\n- The test function test_cal_sum has failed with an assertion error. The expected output was 49, but the actual output was 37.\\n\\nConclusion:\\nThe code has NOT passed the tests.\\n\\nInput and Expected Output Example:\\ndef cal_sum(n):\\n    perrin = [3, 0, 2]\\n    if n <= 0:\\n        return 0\\n    elif n <= 3:\\n        return sum(perrin[:n])\\n    else:\\n        for i in range(3, n):\\n            perrin.append(perrin[i-2] + perrin[i-3])\\n        return sum(perrin[:n])\\n\\nCode Test Failed, do you have any ideas?\\n-----\\n\\n[ProductOwner]says: As a Product Owner, I believe we need to prioritize fixing this failed test script in order to ensure the quality of the product.\\n-----\\n\\n[Developer]says: As a Developer, I will review the test script and the code for the cal_sum function to identify the issue and propose a solution to fix the failing test.\\n-----\\n\\n[Architect]says: As an Architect, I suggest conducting a code review to identify any potential issues with the cal_sum function. It's important to ensure that the code meets the expected requirements and standards before proceeding with further development.\\n-----\\n\\n[Tester]says: As a Tester, it seems that the test script for the function cal_sum has failed due to an assertion error. I suggest reviewing the code and ensuring that the expected output matches the actual output.\\n-----\\n\\n[ProductOwner]says: As a Product Owner, I believe we need to prioritize fixing this failed test script in order to ensure the quality of the product.\\n-----\\n\\n[Developer]says: [Developer] says: I will review the test script and the code for the cal_sum function to identify the issue and propose a solution to fix the failing test.\\n-----\\n\\n[Tester]says: As a Tester, it seems that the test script for the function cal_sum has failed due to an assertion error. I suggest reviewing the code and ensuring that the expected output matches the actual output.\\n-----\\n\\n[Architect]says: As an Architect, I suggest conducting a code review to identify any potential issues with the cal_sum function. It's important to ensure that the code meets the expected requirements and standards before proceeding with further development.\\n-----\\n\", \"Question\": \"Follow the Instruction section. The Discussion History is in the Context section. You only need to return a list as the Example section.\"}",
    "RepairResponse1": "{\n  \"revised_code\": \"def cal_sum(n):\\n    perrin = [3, 0, 2]\\n    if n <= 0:\\n        return 0\\n    elif n <= 3:\\n        return sum(perrin[:n])\\n    else:\\n        for i in range(3, n):\\n            perrin.append(perrin[i-2] + perrin[i-3])\\n        return sum(perrin[:n])\\n\"\n}",
    "RepairResponse1_prompt": {
        "Role": "You are a professional software engineer. Your duty is to write code in Python that meets the requirements. Ensure that the code you write is efficient, readable, and follows best practices. Remember, do not need to explain the code you wrote.",
        "Instruction": "1. Rewrite a bug fix version of the original code. 2. Response in JSON format.",
        "Example": "{\"revised_code\":\"...\"}",
        "Context": "# Test Report:\nTest Report:\n\nTest script's output:\nF\n======================================================================\nFAIL: test_cal_sum (__main__.Test)\n----------------------------------------------------------------------\nTraceback (most recent call last):\n  File \"/Users/watch/PycharmProjects/XXXX-1-LLM/workspace/2024-03-11_09-12-11-610558/test_script.py\", line 15, in test_cal_sum\n    self.assertEqual(cal_sum(9), 49)\nAssertionError: 37 != 49\n\n----------------------------------------------------------------------\nRan 1 test in 0.000s\n\nFAILED (failures=1)\n\nAnalysis:\nThe test script has failed with the following output:\n- The test function test_cal_sum has failed with an assertion error. The expected output was 49, but the actual output was 37.\n\nConclusion:\nThe code has NOT passed the tests.\n\nInput and Expected Output Example:\ndef cal_sum(n):\n    perrin = [3, 0, 2]\n    if n <= 0:\n        return 0\n    elif n <= 3:\n        return sum(perrin[:n])\n    else:\n        for i in range(3, n):\n            perrin.append(perrin[i-2] + perrin[i-3])\n        return sum(perrin[:n])\n\nCode Test Failed# suggestions:\n{\"product-owner\": [\"I believe we need to prioritize fixing this failed test script in order to ensure the quality of the product.\"], \"architect\": [\"I suggest conducting a code review to identify any potential issues with the cal_sum function. It's important to ensure that the code meets the expected requirements and standards before proceeding with further development.\"], \"developer\": [\"I will review the test script and the code for the cal_sum function to identify the issue and propose a solution to fix the failing test.\"], \"tester\": [\"It seems that the test script for the function cal_sum has failed due to an assertion error. I suggest reviewing the code and ensuring that the expected output matches the actual output.\"]}",
        "Question": "The original code has some bugs, according to the test report and suggestions, rewrite the code. Complete the following code:\ndef cal_sum(n): \n'''Write a function to calculate the sum of perrin numbers.\nassert cal_sum(9) == 49'''\n"
    },
    "Code2": "def cal_sum(n):\n    perrin = [3, 0, 2]\n    if n <= 0:\n        return 0\n    elif n <= 3:\n        return sum(perrin[:n])\n    else:\n        for i in range(3, n):\n            perrin.append(perrin[i-2] + perrin[i-3])\n        return sum(perrin[:n])\n",
    "ScriptResult2": "F\n======================================================================\nFAIL: test_cal_sum (__main__.Test)\n----------------------------------------------------------------------\nTraceback (most recent call last):\n  File \"/Users/watch/PycharmProjects/XXXX-1-LLM/workspace/2024-03-11_09-12-11-610558/test_script.py\", line 16, in test_cal_sum\n    self.assertEqual(cal_sum(9), 49)\nAssertionError: 37 != 49\n\n----------------------------------------------------------------------\nRan 1 test in 0.000s\n\nFAILED (failures=1)\n",
    "TestReport2": "Test Report:\n\n# test script's output:\nF\n======================================================================\nFAIL: test_cal_sum (__main__.Test)\n----------------------------------------------------------------------\nTraceback (most recent call last):\n  File \"/Users/watch/PycharmProjects/XXXX-1-LLM/workspace/2024-03-11_09-12-11-610558/test_script.py\", line 16, in test_cal_sum\n    self.assertEqual(cal_sum(9), 49)\nAssertionError: 37 != 49\n\n----------------------------------------------------------------------\nRan 1 test in 0.000s\n\nFAILED (failures=1)\n\nThe code has failed the test. The input and expected output example are as follows:\nInput: cal_sum(9)\nExpected Output: 49\nActual Output: 37\n\nConclusion: Code Test Failed",
    "SprintReview2": "[ScrumMaster]says: Here is our test Report: Test Report:\n\n# test script's output:\nF\n======================================================================\nFAIL: test_cal_sum (__main__.Test)\n----------------------------------------------------------------------\nTraceback (most recent call last):\n  File \"/Users/watch/PycharmProjects/XXXX-1-LLM/workspace/2024-03-11_09-12-11-610558/test_script.py\", line 16, in test_cal_sum\n    self.assertEqual(cal_sum(9), 49)\nAssertionError: 37 != 49\n\n----------------------------------------------------------------------\nRan 1 test in 0.000s\n\nFAILED (failures=1)\n\nThe code has failed the test. The input and expected output example are as follows:\nInput: cal_sum(9)\nExpected Output: 49\nActual Output: 37\n\nConclusion: Code Test Failed, do you have any ideas?\n-----\n\n[Architect]says: As an Architect, I suggest reviewing the code logic and implementing unit testing to identify and fix the root cause of the failure.\n-----\n\n[Developer]says: As a Developer, it looks like there is a bug in the cal_sum function, I will review the code and debug the issue to fix the failing test.\n-----\n\n[ProductOwner]says: As a Product Owner, I believe we need to prioritize fixing the failed test in order to ensure our product meets the required specifications for release.\n-----\n\n[Developer]says: As a Developer, I will review the code and debug the issue to fix the failing test.\n-----\n\n[Architect]says: As an Architect, I suggest reviewing the code logic and implementing unit testing to identify and fix the root cause of the failure.\n-----\n\n[ProductOwner]says: As a Product Owner, I think we should prioritize fixing the failed test to ensure our product meets the required specifications for release.\n-----\n\n[Tester]says: As a Tester, I suggest checking the code to ensure the correct implementation of the cal_sum function and verify the calculation logic to resolve the discrepancy between the expected and actual output.\n-----\n\n[Tester]says: As a Tester, I suggest checking the code to ensure the correct implementation of the cal_sum function and verify the calculation logic to resolve the discrepancy between the expected and actual output.\n-----\n",
    "SprintReviewMeetings2": "{\n  \"product-owner\":[\"I believe we need to prioritize fixing the failed test in order to ensure our product meets the required specifications for release.\", \"I think we should prioritize fixing the failed test to ensure our product meets the required specifications for release.\"],\n  \"architect\":[\"I suggest reviewing the code logic and implementing unit testing to identify and fix the root cause of the failure.\", \"I suggest reviewing the code logic and implementing unit testing to identify and fix the root cause of the failure.\"],\n  \"developer\":[\"It looks like there is a bug in the cal_sum function, I will review the code and debug the issue to fix the failing test.\", \"I will review the code and debug the issue to fix the failing test.\"],\n  \"tester\":[\"I suggest checking the code to ensure the correct implementation of the cal_sum function and verify the calculation logic to resolve the discrepancy between the expected and actual output.\", \"I suggest checking the code to ensure the correct implementation of the cal_sum function and verify the calculation logic to resolve the discrepancy between the expected and actual output.\"]\n}",
    "SprintReviewMeetings2_prompt": "{\"Role\": \"You are a professional scrum master. Your goal is to summary the Discussion History into a suggestions list for the scrum team.\", \"Instruction\": \"1. Read and Understand the Discussion History. 2. Summary the suggestions from four roles: product-owner/architect/developer/tester. 3. Response in JSON format.\", \"Example\": \"{\\\"product-owner\\\":[\\\"suggestion1\\\",\\\"suggestion2\\\"],\\\"architect\\\":[\\\"suggestion1\\\",\\\"suggestion2\\\"], \\\"developer\\\":[\\\"suggestion1\\\",\\\"suggestion2\\\"], \\\"tester\\\":[\\\"suggestion1\\\",\\\"suggestion2\\\"]}\", \"Context\": \"[ScrumMaster]says: Here is our test Report: Test Report:\\n\\n# test script's output:\\nF\\n======================================================================\\nFAIL: test_cal_sum (__main__.Test)\\n----------------------------------------------------------------------\\nTraceback (most recent call last):\\n  File \\\"/Users/watch/PycharmProjects/XXXX-1-LLM/workspace/2024-03-11_09-12-11-610558/test_script.py\\\", line 16, in test_cal_sum\\n    self.assertEqual(cal_sum(9), 49)\\nAssertionError: 37 != 49\\n\\n----------------------------------------------------------------------\\nRan 1 test in 0.000s\\n\\nFAILED (failures=1)\\n\\nThe code has failed the test. The input and expected output example are as follows:\\nInput: cal_sum(9)\\nExpected Output: 49\\nActual Output: 37\\n\\nConclusion: Code Test Failed, do you have any ideas?\\n-----\\n\\n[Architect]says: As an Architect, I suggest reviewing the code logic and implementing unit testing to identify and fix the root cause of the failure.\\n-----\\n\\n[Developer]says: As a Developer, it looks like there is a bug in the cal_sum function, I will review the code and debug the issue to fix the failing test.\\n-----\\n\\n[ProductOwner]says: As a Product Owner, I believe we need to prioritize fixing the failed test in order to ensure our product meets the required specifications for release.\\n-----\\n\\n[Developer]says: As a Developer, I will review the code and debug the issue to fix the failing test.\\n-----\\n\\n[Architect]says: As an Architect, I suggest reviewing the code logic and implementing unit testing to identify and fix the root cause of the failure.\\n-----\\n\\n[ProductOwner]says: As a Product Owner, I think we should prioritize fixing the failed test to ensure our product meets the required specifications for release.\\n-----\\n\\n[Tester]says: As a Tester, I suggest checking the code to ensure the correct implementation of the cal_sum function and verify the calculation logic to resolve the discrepancy between the expected and actual output.\\n-----\\n\\n[Tester]says: As a Tester, I suggest checking the code to ensure the correct implementation of the cal_sum function and verify the calculation logic to resolve the discrepancy between the expected and actual output.\\n-----\\n\", \"Question\": \"Follow the Instruction section. The Discussion History is in the Context section. You only need to return a list as the Example section.\"}",
    "RepairResponse2": "{\n  \"revised_code\": \"def cal_sum(n):\\n    perrin = [3, 0, 2]\\n    if n <= 3:\\n        return sum(perrin[:n])\\n    else:\\n        for i in range(3, n):\\n            perrin.append(perrin[-2] + perrin[-3])\\n        return sum(perrin)\"\n}",
    "RepairResponse2_prompt": {
        "Role": "You are a professional software engineer. Your duty is to write code in Python that meets the requirements. Ensure that the code you write is efficient, readable, and follows best practices. Remember, do not need to explain the code you wrote.",
        "Instruction": "1. Rewrite a bug fix version of the original code. 2. Response in JSON format.",
        "Example": "{\"revised_code\":\"...\"}",
        "Context": "# Test Report:\nTest Report:\n\n# test script's output:\nF\n======================================================================\nFAIL: test_cal_sum (__main__.Test)\n----------------------------------------------------------------------\nTraceback (most recent call last):\n  File \"/Users/watch/PycharmProjects/XXXX-1-LLM/workspace/2024-03-11_09-12-11-610558/test_script.py\", line 16, in test_cal_sum\n    self.assertEqual(cal_sum(9), 49)\nAssertionError: 37 != 49\n\n----------------------------------------------------------------------\nRan 1 test in 0.000s\n\nFAILED (failures=1)\n\nThe code has failed the test. The input and expected output example are as follows:\nInput: cal_sum(9)\nExpected Output: 49\nActual Output: 37\n\nConclusion: Code Test Failed# suggestions:\n{\"product-owner\": [\"I believe we need to prioritize fixing the failed test in order to ensure our product meets the required specifications for release.\", \"I think we should prioritize fixing the failed test to ensure our product meets the required specifications for release.\"], \"architect\": [\"I suggest reviewing the code logic and implementing unit testing to identify and fix the root cause of the failure.\", \"I suggest reviewing the code logic and implementing unit testing to identify and fix the root cause of the failure.\"], \"developer\": [\"It looks like there is a bug in the cal_sum function, I will review the code and debug the issue to fix the failing test.\", \"I will review the code and debug the issue to fix the failing test.\"], \"tester\": [\"I suggest checking the code to ensure the correct implementation of the cal_sum function and verify the calculation logic to resolve the discrepancy between the expected and actual output.\", \"I suggest checking the code to ensure the correct implementation of the cal_sum function and verify the calculation logic to resolve the discrepancy between the expected and actual output.\"]}",
        "Question": "The original code has some bugs, according to the test report and suggestions, rewrite the code. Complete the following code:\ndef cal_sum(n): \n'''Write a function to calculate the sum of perrin numbers.\nassert cal_sum(9) == 49'''\n"
    },
    "Code3": "def cal_sum(n):\n    perrin = [3, 0, 2]\n    if n <= 3:\n        return sum(perrin[:n])\n    else:\n        for i in range(3, n):\n            perrin.append(perrin[-2] + perrin[-3])\n        return sum(perrin)",
    "ScriptResult3": "F\n======================================================================\nFAIL: test_cal_sum (__main__.Test)\n----------------------------------------------------------------------\nTraceback (most recent call last):\n  File \"/Users/watch/PycharmProjects/XXXX-1-LLM/workspace/2024-03-11_09-12-11-610558/test_script.py\", line 13, in test_cal_sum\n    self.assertEqual(cal_sum(9), 49)\nAssertionError: 37 != 49\n\n----------------------------------------------------------------------\nRan 1 test in 0.000s\n\nFAILED (failures=1)\n",
    "TestReport3": "Test Report:\n\nTest script's output:\nF\n======================================================================\nFAIL: test_cal_sum (__main__.Test)\n----------------------------------------------------------------------\nTraceback (most recent call last):\n  File \"/Users/watch/PycharmProjects/XXXX-1-LLM/workspace/2024-03-11_09-12-11-610558/test_script.py\", line 13, in test_cal_sum\n    self.assertEqual(cal_sum(9), 49)\nAssertionError: 37 != 49\n\n----------------------------------------------------------------------\nRan 1 test in 0.000s\n\nFAILED (failures=1)\n\nConclusion: Code Test Failed\n\nInput and Expected Output Example:\nFor input 9, the expected output is 49, but the actual output was 37.\n\nCode:\ndef cal_sum(n):\n    perrin = [3, 0, 2]\n    if n <= 3:\n        return sum(perrin[:n])\n    else:\n        for i in range(3, n):\n            perrin.append(perrin[-2] + perrin[-3])\n        return sum(perrin)"
}