{
    "start_time": "2024-03-10_19-21-49-545877",
    "task": "def cummulative_sum(test_list):\n'''Write a function to find the cumulative sum of all the values that are present in the given tuple list.\nassert cummulative_sum([(1, 3), (5, 6, 7), (2, 6)]) == 30'''\n",
    "datetime": {
        "task": "2024-03-10 19:21:49",
        "task-id": "2024-03-10 19:21:49",
        "workflow": "2024-03-10 19:21:49",
        "Original PRD": "2024-03-10 19:21:51",
        "PRD Review": "2024-03-10 19:21:52",
        "Final PRD": "2024-03-10 19:21:56",
        "Code0Draft": "2024-03-10 19:21:57",
        "Code Review": "2024-03-10 19:21:58",
        "Code0Revise": "2024-03-10 19:21:59",
        "Test Cases": "2024-03-10 19:22:02",
        "Test Cases Review": "2024-03-10 19:22:03",
        "Final Test Cases": "2024-03-10 19:22:07",
        "Code0": "2024-03-10 19:22:08",
        "TestScriptOriginal": "2024-03-10 19:22:09",
        "TestScript": "2024-03-10 19:22:09",
        "ScriptResult0": "2024-03-10 19:22:09",
        "TestReport0": "2024-03-10 19:22:10",
        "RepairResponse1": "2024-03-10 19:22:11",
        "Code1": "2024-03-10 19:22:11",
        "ScriptResult1": "2024-03-10 19:22:11",
        "TestReport1": "2024-03-10 19:22:13",
        "RepairResponse2": "2024-03-10 19:22:15"
    },
    "task-id": 614,
    "workflow": "waterfall/waterfall_version_0.0.5_remove.json",
    "Original PRD": "{\n  \"ProductRequirementDocument\": {\n    \"Title\": \"Cumulative Sum Function\",\n    \"Description\": \"The product requirement is to develop a function that can find the cumulative sum of all the values in a given tuple list.\",\n    \"Features\": [\n      {\n        \"Feature\": \"Cumulative Sum Calculation\",\n        \"Description\": \"The function should be able to calculate the cumulative sum of all the values present in the given tuple list.\"\n      },\n      {\n        \"Feature\": \"Input Validation\",\n        \"Description\": \"The function should handle input validation to ensure that the input is a tuple list and contains only numerical values.\"\n      },\n      {\n        \"Feature\": \"Testing and Assertion\",\n        \"Description\": \"The function should be tested with various input scenarios and should pass the assertion test provided in the requirement.\"\n      }\n    ],\n    \"Constraints\": [\n      {\n        \"Constraint\": \"Efficiency\",\n        \"Description\": \"The function should be efficient in calculating the cumulative sum, especially for large tuple lists.\"\n      }\n    ],\n    \"AcceptanceCriteria\": {\n      \"Criteria1\": \"The function should return the correct cumulative sum when given a specific tuple list as input.\",\n      \"Criteria2\": \"The function should handle input validation and provide meaningful error messages if the input is invalid.\"\n    }\n  }\n}",
    "Original PRD_prompt": "{\"Role\": \"You need to act as a professional product owner. Your task is to write a Product Requirement Document\", \"Instruction\": \"According to the Context, please analyze the requirement and write your response. Response in JSON format. Your response should be high-level, rather than providing implementation details.\", \"Example\": \"\", \"Context\": \"\", \"Question\": \"Follow the Instruction. The requirement is as follows:\\ndef cummulative_sum(test_list):\\n'''Write a function to find the cumulative sum of all the values that are present in the given tuple list.\\nassert cummulative_sum([(1, 3), (5, 6, 7), (2, 6)]) == 30'''\\n\"}",
    "PRD Review": "{\n  \"Architect\": \"The product requirement document looks well-defined and covers all the necessary features and constraints. However, it would be beneficial to include details about the technology stack, architecture design, and scalability considerations for the function. Additionally, providing information about potential edge cases and error handling strategies would enhance the document.\",\n  \"Tester\": \"The product requirement document provides a clear understanding of the expected functionality and acceptance criteria. It would be helpful to have specific test scenarios mentioned for each feature to ensure comprehensive testing. Additionally, including performance testing criteria and expected results would be valuable for testing the efficiency constraint.\"\n}",
    "Final PRD": "{\n  \"RevisedProductRequirementDocument\": {\n    \"Title\": \"Cumulative Sum Function\",\n    \"Description\": \"The product requirement is to develop a function that can find the cumulative sum of all the values in a given tuple list.\",\n    \"Features\": [\n      {\n        \"Feature\": \"Cumulative Sum Calculation\",\n        \"Description\": \"The function should be able to calculate the cumulative sum of all the values present in the given tuple list.\"\n      },\n      {\n        \"Feature\": \"Input Validation\",\n        \"Description\": \"The function should handle input validation to ensure that the input is a tuple list and contains only numerical values.\"\n      },\n      {\n        \"Feature\": \"Testing and Assertion\",\n        \"Description\": \"The function should be tested with various input scenarios and should pass the assertion test provided in the requirement.\"\n      }\n    ],\n    \"Constraints\": [\n      {\n        \"Constraint\": \"Efficiency\",\n        \"Description\": \"The function should be efficient in calculating the cumulative sum, especially for large tuple lists.\"\n      }\n    ],\n    \"AcceptanceCriteria\": {\n      \"Criteria1\": \"The function should return the correct cumulative sum when given a specific tuple list as input.\",\n      \"Criteria2\": \"The function should handle input validation and provide meaningful error messages if the input is invalid.\"\n    },\n    \"ArchitectSuggestion\": {\n      \"TechnologyStack\": \"Include details about the technology stack used for development.\",\n      \"ArchitectureDesign\": \"Provide information about the architecture design of the function.\",\n      \"ScalabilityConsiderations\": \"Include scalability considerations for the function.\",\n      \"EdgeCasesAndErrorHandling\": \"Include information about potential edge cases and error handling strategies.\"\n    },\n    \"TesterSuggestion\": {\n      \"TestScenarios\": \"Mention specific test scenarios for each feature to ensure comprehensive testing.\",\n      \"PerformanceTestingCriteria\": \"Include performance testing criteria and expected results for efficiency constraint testing.\"\n    }\n  }\n}",
    "Final PRD_prompt": {
        "Role": "You need to act as a professional product owner. Your duty is to revise the document based on the suggestions.",
        "Instruction": "1. Read the suggestions. 2. Revise your draft version document. 3. Response in JSON format. 4. REMEMBER: Your analysis should be high-level, rather than providing implementation details.",
        "Example": "",
        "Context": "# Suggestion:\n{\n  \"Architect\": \"The product requirement document looks well-defined and covers all the necessary features and constraints. However, it would be beneficial to include details about the technology stack, architecture design, and scalability considerations for the function. Additionally, providing information about potential edge cases and error handling strategies would enhance the document.\",\n  \"Tester\": \"The product requirement document provides a clear understanding of the expected functionality and acceptance criteria. It would be helpful to have specific test scenarios mentioned for each feature to ensure comprehensive testing. Additionally, including performance testing criteria and expected results would be valuable for testing the efficiency constraint.\"\n}",
        "Question": "Follow the Instruction. Your colleague give you some suggestions(in the Context section) about this draft document:{\n  \"ProductRequirementDocument\": {\n    \"Title\": \"Cumulative Sum Function\",\n    \"Description\": \"The product requirement is to develop a function that can find the cumulative sum of all the values in a given tuple list.\",\n    \"Features\": [\n      {\n        \"Feature\": \"Cumulative Sum Calculation\",\n        \"Description\": \"The function should be able to calculate the cumulative sum of all the values present in the given tuple list.\"\n      },\n      {\n        \"Feature\": \"Input Validation\",\n        \"Description\": \"The function should handle input validation to ensure that the input is a tuple list and contains only numerical values.\"\n      },\n      {\n        \"Feature\": \"Testing and Assertion\",\n        \"Description\": \"The function should be tested with various input scenarios and should pass the assertion test provided in the requirement.\"\n      }\n    ],\n    \"Constraints\": [\n      {\n        \"Constraint\": \"Efficiency\",\n        \"Description\": \"The function should be efficient in calculating the cumulative sum, especially for large tuple lists.\"\n      }\n    ],\n    \"AcceptanceCriteria\": {\n      \"Criteria1\": \"The function should return the correct cumulative sum when given a specific tuple list as input.\",\n      \"Criteria2\": \"The function should handle input validation and provide meaningful error messages if the input is invalid.\"\n    }\n  }\n}"
    },
    "Code0Draft": "def cummulative_sum(test_list):\n    result = 0\n    for tup in test_list:\n        result += sum(tup)\n    return result",
    "Code0Draft_prompt": "{\"Role\": \"You are a professional engineer. Your duty is to write code in Python that meets the requirements. Ensure that the code you write is efficient, readable, and follows best practices. Remember, do not need to explain the code you wrote.\", \"Instruction\": \"According to the Context section, write your code.\", \"Example\": \"\", \"Context\": \"\", \"Question\": \"Follow the Instruction section. Complete the following code:\\ndef cummulative_sum(test_list):\\n'''Write a function to find the cumulative sum of all the values that are present in the given tuple list.\\nassert cummulative_sum([(1, 3), (5, 6, 7), (2, 6)]) == 30'''\\n\"}",
    "Code Review": "{\n  \"Architect\": \"Consider using more descriptive variable names such as 'input_list' instead of 'test_list' and 'total_sum' instead of 'result' for better readability. Also, it would be beneficial to add comments to explain the purpose of the code and the expected input format.\",\n  \"Tester\": \"It would be helpful to test the function with different input lists to ensure that it calculates the cumulative sum correctly. Additionally, consider adding test cases for empty input and input with negative numbers to cover edge cases.\"\n}",
    "Code Review_prompt": "{\"Role\": \"I want you to act as a different roles and then give some suggestions about how to revise the code.\", \"Instruction\": \"1. Read the Context section. 2. Act as an architect, give your suggestions. 3. Act as a tester, give your suggestions. 4. Response in JSON format.\", \"Example\": \"{\\\"Architect\\\":\\\"Suggestion\\\",\\\"Tester\\\":\\\"Suggestion\\\"}\", \"Context\": \"def cummulative_sum(test_list):\\n    result = 0\\n    for tup in test_list:\\n        result += sum(tup)\\n    return result\", \"Question\": \"Follow the Instruction. The Context section include the code.\"}",
    "Code0Revise": "# Rewritten Code:\ndef calculate_cumulative_sum(input_list):\n    total_sum = 0\n    # Calculate cumulative sum\n    for tup in input_list:\n        total_sum += sum(tup)\n    return total_sum",
    "Code0Revise_prompt": "{\"Role\": \"You are a professional software engineer. Your duty is to write code in Python that meets the requirements. Ensure that the code you write is efficient, readable, and follows best practices. Remember, do not need to explain the code you wrote.\", \"Instruction\": \"1. Understand the suggestions(in the Context section) about the original code. 2. Rewrite your code.\", \"Example\": \"\", \"Context\": \"# Original Code:\\ndef cummulative_sum(test_list):\\n    result = 0\\n    for tup in test_list:\\n        result += sum(tup)\\n    return result\\n# Advices:\\n\\\"{\\\\n  \\\\\\\"Architect\\\\\\\": \\\\\\\"Consider using more descriptive variable names such as 'input_list' instead of 'test_list' and 'total_sum' instead of 'result' for better readability. Also, it would be beneficial to add comments to explain the purpose of the code and the expected input format.\\\\\\\",\\\\n  \\\\\\\"Tester\\\\\\\": \\\\\\\"It would be helpful to test the function with different input lists to ensure that it calculates the cumulative sum correctly. Additionally, consider adding test cases for empty input and input with negative numbers to cover edge cases.\\\\\\\"\\\\n}\\\"\", \"Question\": \"Follow the Instruction section. Complete the following code:\\n\"}",
    "Test Cases": "{\n  \"test_cases\": [\n    {\n      \"Test Title\": \"Valid Input\",\n      \"Input Data\": \"test_list=[(1, 3), (5, 6, 7), (2, 6)]\",\n      \"Expected Output\": \"30\"\n    },\n    {\n      \"Test Title\": \"Empty Input\",\n      \"Input Data\": \"test_list=[]\",\n      \"Expected Output\": \"0\"\n    },\n    {\n      \"Test Title\": \"Single Tuple Input\",\n      \"Input Data\": \"test_list=[(1, 3)]\",\n      \"Expected Output\": \"4\"\n    },\n    {\n      \"Test Title\": \"Negative Values Input\",\n      \"Input Data\": \"test_list=[(-1, 2), (4, -3)]\",\n      \"Expected Output\": \"2\"\n    }\n  ]\n}",
    "Test Cases_prompt": "{\"Role\": \"You are a quality assurance engineer. Your duty is to design test cases for the developers.\", \"Instruction\": \"According to the Context section, write test cases. Don't write long strings in your test cases. Response in JSON format.\", \"Example\": \"{\\\"requirement analysis\\\":\\\"analysis\\\",\\\"test_cases\\\":[{\\\"Test Title\\\":\\\"title\\\", \\\"Input Data\\\":\\\"parameter1=[1,2,3],parameter2='123'\\\", \\\"Expected Output\\\":\\\"456\\\"},]}\", \"Context\": \"# ProductRequirementDocument:\\n{\\n  \\\"RevisedProductRequirementDocument\\\": {\\n    \\\"Title\\\": \\\"Cumulative Sum Function\\\",\\n    \\\"Description\\\": \\\"The product requirement is to develop a function that can find the cumulative sum of all the values in a given tuple list.\\\",\\n    \\\"Features\\\": [\\n      {\\n        \\\"Feature\\\": \\\"Cumulative Sum Calculation\\\",\\n        \\\"Description\\\": \\\"The function should be able to calculate the cumulative sum of all the values present in the given tuple list.\\\"\\n      },\\n      {\\n        \\\"Feature\\\": \\\"Input Validation\\\",\\n        \\\"Description\\\": \\\"The function should handle input validation to ensure that the input is a tuple list and contains only numerical values.\\\"\\n      },\\n      {\\n        \\\"Feature\\\": \\\"Testing and Assertion\\\",\\n        \\\"Description\\\": \\\"The function should be tested with various input scenarios and should pass the assertion test provided in the requirement.\\\"\\n      }\\n    ],\\n    \\\"Constraints\\\": [\\n      {\\n        \\\"Constraint\\\": \\\"Efficiency\\\",\\n        \\\"Description\\\": \\\"The function should be efficient in calculating the cumulative sum, especially for large tuple lists.\\\"\\n      }\\n    ],\\n    \\\"AcceptanceCriteria\\\": {\\n      \\\"Criteria1\\\": \\\"The function should return the correct cumulative sum when given a specific tuple list as input.\\\",\\n      \\\"Criteria2\\\": \\\"The function should handle input validation and provide meaningful error messages if the input is invalid.\\\"\\n    },\\n    \\\"ArchitectSuggestion\\\": {\\n      \\\"TechnologyStack\\\": \\\"Include details about the technology stack used for development.\\\",\\n      \\\"ArchitectureDesign\\\": \\\"Provide information about the architecture design of the function.\\\",\\n      \\\"ScalabilityConsiderations\\\": \\\"Include scalability considerations for the function.\\\",\\n      \\\"EdgeCasesAndErrorHandling\\\": \\\"Include information about potential edge cases and error handling strategies.\\\"\\n    },\\n    \\\"TesterSuggestion\\\": {\\n      \\\"TestScenarios\\\": \\\"Mention specific test scenarios for each feature to ensure comprehensive testing.\\\",\\n      \\\"PerformanceTestingCriteria\\\": \\\"Include performance testing criteria and expected results for efficiency constraint testing.\\\"\\n    }\\n  }\\n}\", \"Question\": \"def cummulative_sum(test_list):\\n'''Write a function to find the cumulative sum of all the values that are present in the given tuple list.\\nassert cummulative_sum([(1, 3), (5, 6, 7), (2, 6)]) == 30'''\\n\"}",
    "Test Cases Review": "{\n  \"Architect\": \"As an architect, I suggest revising the test cases by including boundary values and edge cases. For example, consider adding test cases for input with large tuples, input with mixed data types, and input with special characters.\",\n  \"Developer\": \"As a developer, I suggest revising the test cases by adding assertions for error handling and negative scenarios. For example, include test cases for invalid input formats, input exceeding memory limits, and input with unexpected data structures.\"\n}",
    "Test Cases Review_prompt": "{\"Role\": \"I want you to act as a different roles and then give some suggestions about how to revise the test cases.\", \"Instruction\": \"1. Read the Context section. 2. Act as an Architect, give your suggestions. 3. Act as a Developer, give your suggestions. 4. Response in JSON format.\", \"Example\": \"{\\\"Architect\\\":\\\"Suggestion\\\",\\\"Developer\\\":\\\"Suggestion\\\"}\", \"Context\": \"{\\n  \\\"test_cases\\\": [\\n    {\\n      \\\"Test Title\\\": \\\"Valid Input\\\",\\n      \\\"Input Data\\\": \\\"test_list=[(1, 3), (5, 6, 7), (2, 6)]\\\",\\n      \\\"Expected Output\\\": \\\"30\\\"\\n    },\\n    {\\n      \\\"Test Title\\\": \\\"Empty Input\\\",\\n      \\\"Input Data\\\": \\\"test_list=[]\\\",\\n      \\\"Expected Output\\\": \\\"0\\\"\\n    },\\n    {\\n      \\\"Test Title\\\": \\\"Single Tuple Input\\\",\\n      \\\"Input Data\\\": \\\"test_list=[(1, 3)]\\\",\\n      \\\"Expected Output\\\": \\\"4\\\"\\n    },\\n    {\\n      \\\"Test Title\\\": \\\"Negative Values Input\\\",\\n      \\\"Input Data\\\": \\\"test_list=[(-1, 2), (4, -3)]\\\",\\n      \\\"Expected Output\\\": \\\"2\\\"\\n    }\\n  ]\\n}\", \"Question\": \"Follow the Instruction. The Context section include the test cases.\"}",
    "Final Test Cases": "{\n  \"test_cases\": [\n    {\n      \"Test Title\": \"Valid Input\",\n      \"Input Data\": \"test_list=[(1, 3), (5, 6, 7), (2, 6)]\",\n      \"Expected Output\": \"30\"\n    },\n    {\n      \"Test Title\": \"Empty Input\",\n      \"Input Data\": \"test_list=[]\",\n      \"Expected Output\": \"0\"\n    },\n    {\n      \"Test Title\": \"Single Tuple Input\",\n      \"Input Data\": \"test_list=[(1, 3)]\",\n      \"Expected Output\": \"4\"\n    },\n    {\n      \"Test Title\": \"Negative Values Input\",\n      \"Input Data\": \"test_list=[(-1, 2), (4, -3)]\",\n      \"Expected Output\": \"2\"\n    },\n    {\n      \"Test Title\": \"Large Tuples Input\",\n      \"Input Data\": \"test_list=[(1, 3, 5, 7, 9, 11), (2, 4, 6, 8, 10)]\",\n      \"Expected Output\": \"66\"\n    },\n    {\n      \"Test Title\": \"Mixed Data Types Input\",\n      \"Input Data\": \"test_list=[(1, 'hello'), (True, 3.14)]\",\n      \"Expected Output\": \"Invalid Input\"\n    },\n    {\n      \"Test Title\": \"Input with Special Characters\",\n      \"Input Data\": \"test_list=[(1, @, 3), (5, 6, 7)]\",\n      \"Expected Output\": \"Invalid Input\"\n    },\n    {\n      \"Test Title\": \"Invalid Input Formats\",\n      \"Input Data\": \"test_list=[1, 2, 3, 4]\",\n      \"Expected Output\": \"Invalid Input\"\n    },\n    {\n      \"Test Title\": \"Input Exceeding Memory Limits\",\n      \"Input Data\": \"test_list=[(1, 2, 3, ..., 100000)]\",\n      \"Expected Output\": \"Memory Limit Exceeded\"\n    },\n    {\n      \"Test Title\": \"Input with Unexpected Data Structures\",\n      \"Input Data\": \"test_list={1: 'one', 2: 'two'}\",\n      \"Expected Output\": \"Invalid Input\"\n    }\n  ]\n}",
    "Final Test Cases_prompt": "{\"Role\": \"You are a quality assurance engineer. Your duty is to revise the test cases based on the suggestions.\", \"Instruction\": \"1. Your colleague give you some suggestions(in the Context section) about the draft test cases, read these suggestions. 2. Revise your draft version test cases, but don't use long parameters. 3. Response in JSON format.\", \"Example\": \"{\\\"requirement analysis\\\":\\\"analysis\\\",\\\"test_cases\\\":[{\\\"Test Title\\\":\\\"title\\\", \\\"Input Data\\\":\\\"parameter1=[1,2,3],parameter2='123'\\\", \\\"Expected Output\\\":\\\"456\\\"},]}\", \"Context\": \"# Suggestions:\\n{\\n  \\\"Architect\\\": \\\"As an architect, I suggest revising the test cases by including boundary values and edge cases. For example, consider adding test cases for input with large tuples, input with mixed data types, and input with special characters.\\\",\\n  \\\"Developer\\\": \\\"As a developer, I suggest revising the test cases by adding assertions for error handling and negative scenarios. For example, include test cases for invalid input formats, input exceeding memory limits, and input with unexpected data structures.\\\"\\n}\\n # Draft Test cases:\\n{\\n  \\\"test_cases\\\": [\\n    {\\n      \\\"Test Title\\\": \\\"Valid Input\\\",\\n      \\\"Input Data\\\": \\\"test_list=[(1, 3), (5, 6, 7), (2, 6)]\\\",\\n      \\\"Expected Output\\\": \\\"30\\\"\\n    },\\n    {\\n      \\\"Test Title\\\": \\\"Empty Input\\\",\\n      \\\"Input Data\\\": \\\"test_list=[]\\\",\\n      \\\"Expected Output\\\": \\\"0\\\"\\n    },\\n    {\\n      \\\"Test Title\\\": \\\"Single Tuple Input\\\",\\n      \\\"Input Data\\\": \\\"test_list=[(1, 3)]\\\",\\n      \\\"Expected Output\\\": \\\"4\\\"\\n    },\\n    {\\n      \\\"Test Title\\\": \\\"Negative Values Input\\\",\\n      \\\"Input Data\\\": \\\"test_list=[(-1, 2), (4, -3)]\\\",\\n      \\\"Expected Output\\\": \\\"2\\\"\\n    }\\n  ]\\n}\", \"Question\": \"Follow the Instruction. Please make sure your response length are less than 512. Your test cases is for the below question:\\ndef cummulative_sum(test_list):\\n'''Write a function to find the cumulative sum of all the values that are present in the given tuple list.\\nassert cummulative_sum([(1, 3), (5, 6, 7), (2, 6)]) == 30'''\\n\"}",
    "Code0": "def calculate_cumulative_sum(input_list):\n    total_sum = 0\n    for tup in input_list:\n        total_sum += sum(tup)\n    return total_sum",
    "Code0_prompt": "{\"Role\": \"You are a professional software engineer. Your duty is to write code in Python that meets the requirements. Ensure that the code you write is efficient, readable, and follows best practices. Remember, do not need to explain the code you wrote.\", \"Instruction\": \"1. Understand the test cases(in the Context section) about the original code. 2. Rewrite your code, make sure your code pass all test cases.\", \"Example\": \"\", \"Context\": \"# Original Code:\\n# Rewritten Code:\\ndef calculate_cumulative_sum(input_list):\\n    total_sum = 0\\n    # Calculate cumulative sum\\n    for tup in input_list:\\n        total_sum += sum(tup)\\n    return total_sum\\n# Test Cases:\\n{\\n  \\\"test_cases\\\": [\\n    {\\n      \\\"Test Title\\\": \\\"Valid Input\\\",\\n      \\\"Input Data\\\": \\\"test_list=[(1, 3), (5, 6, 7), (2, 6)]\\\",\\n      \\\"Expected Output\\\": \\\"30\\\"\\n    },\\n    {\\n      \\\"Test Title\\\": \\\"Empty Input\\\",\\n      \\\"Input Data\\\": \\\"test_list=[]\\\",\\n      \\\"Expected Output\\\": \\\"0\\\"\\n    },\\n    {\\n      \\\"Test Title\\\": \\\"Single Tuple Input\\\",\\n      \\\"Input Data\\\": \\\"test_list=[(1, 3)]\\\",\\n      \\\"Expected Output\\\": \\\"4\\\"\\n    },\\n    {\\n      \\\"Test Title\\\": \\\"Negative Values Input\\\",\\n      \\\"Input Data\\\": \\\"test_list=[(-1, 2), (4, -3)]\\\",\\n      \\\"Expected Output\\\": \\\"2\\\"\\n    },\\n    {\\n      \\\"Test Title\\\": \\\"Large Tuples Input\\\",\\n      \\\"Input Data\\\": \\\"test_list=[(1, 3, 5, 7, 9, 11), (2, 4, 6, 8, 10)]\\\",\\n      \\\"Expected Output\\\": \\\"66\\\"\\n    },\\n    {\\n      \\\"Test Title\\\": \\\"Mixed Data Types Input\\\",\\n      \\\"Input Data\\\": \\\"test_list=[(1, 'hello'), (True, 3.14)]\\\",\\n      \\\"Expected Output\\\": \\\"Invalid Input\\\"\\n    },\\n    {\\n      \\\"Test Title\\\": \\\"Input with Special Characters\\\",\\n      \\\"Input Data\\\": \\\"test_list=[(1, @, 3), (5, 6, 7)]\\\",\\n      \\\"Expected Output\\\": \\\"Invalid Input\\\"\\n    },\\n    {\\n      \\\"Test Title\\\": \\\"Invalid Input Formats\\\",\\n      \\\"Input Data\\\": \\\"test_list=[1, 2, 3, 4]\\\",\\n      \\\"Expected Output\\\": \\\"Invalid Input\\\"\\n    },\\n    {\\n      \\\"Test Title\\\": \\\"Input Exceeding Memory Limits\\\",\\n      \\\"Input Data\\\": \\\"test_list=[(1, 2, 3, ..., 100000)]\\\",\\n      \\\"Expected Output\\\": \\\"Memory Limit Exceeded\\\"\\n    },\\n    {\\n      \\\"Test Title\\\": \\\"Input with Unexpected Data Structures\\\",\\n      \\\"Input Data\\\": \\\"test_list={1: 'one', 2: 'two'}\\\",\\n      \\\"Expected Output\\\": \\\"Invalid Input\\\"\\n    }\\n  ]\\n}\", \"Question\": \"def cummulative_sum(test_list):\\n'''Write a function to find the cumulative sum of all the values that are present in the given tuple list.\\nassert cummulative_sum([(1, 3), (5, 6, 7), (2, 6)]) == 30'''\\n\"}",
    "TestScriptOriginal": "import unittest\n\ndef cummulative_sum(test_list):\n    total_sum = 0\n    for tup in test_list:\n        total_sum += sum(tup)\n    return total_sum\n\nclass Test(unittest.TestCase):\n    def test(self):\n        self.assertEqual(cummulative_sum([(1, 3), (5, 6, 7), (2, 6)]), 30)\n\nif __name__ == '__main__':\n    unittest.main()",
    "TestScriptOriginal_prompt": "{\"Role\": \"You are a quality assurance engineer. Your duty is to write a python test script in unittest framework.\", \"Instruction\": \"1. Write a python test script. 2. Use the input and output given by the question.\", \"Example\": \"import unittest\\n\\nclass Test(unittest.TestCase):\\n    def test(self):\\n        self.assertEqual(function_under_test('a'), 1)\\n\\nif __name__ == '__main__':\\n    unittest.main()\", \"Context\": \"\", \"Question\": \"def cummulative_sum(test_list):\\n'''Write a function to find the cumulative sum of all the values that are present in the given tuple list.\\nassert cummulative_sum([(1, 3), (5, 6, 7), (2, 6)]) == 30'''\\n\"}",
    "TestScript": "import unittest\n\nclass Test(unittest.TestCase):\n    def test(self):\n        self.assertEqual(cummulative_sum([(1, 3), (5, 6, 7), (2, 6)]), 30)\n\nif __name__ == '__main__':\n    unittest.main()",
    "TestScript_prompt": "{\"Role\": \"You are a quality assurance engineer. Your duty is to write a python test script in unittest framework.\", \"Instruction\": \"1. Write a python test script. 2. Use the input and output given by the question.\", \"Example\": \"import unittest\\n\\nclass Test(unittest.TestCase):\\n    def test(self):\\n        self.assertEqual(function_under_test('a'), 1)\\n\\nif __name__ == '__main__':\\n    unittest.main()\", \"Context\": \"\", \"Question\": \"def cummulative_sum(test_list):\\n'''Write a function to find the cumulative sum of all the values that are present in the given tuple list.\\nassert cummulative_sum([(1, 3), (5, 6, 7), (2, 6)]) == 30'''\\n\"}",
    "ScriptResult0": "E\n======================================================================\nERROR: test (__main__.Test)\n----------------------------------------------------------------------\nTraceback (most recent call last):\n  File \"/Users/watch/PycharmProjects/XXXX-1-LLM/workspace/2024-03-10_19-21-49-545877/test_script.py\", line 10, in test\n    self.assertEqual(cummulative_sum([(1, 3), (5, 6, 7), (2, 6)]), 30)\nNameError: name 'cummulative_sum' is not defined\n\n----------------------------------------------------------------------\nRan 1 test in 0.000s\n\nFAILED (errors=1)\n",
    "TestReport0": "Test Report:\n\nTest Script Output:\nE\n======================================================================\nERROR: test (__main__.Test)\n----------------------------------------------------------------------\nTraceback (most recent call last):\n  File \"/Users/watch/PycharmProjects/XXXX-1-LLM/workspace/2024-03-10_19-21-49-545877/test_script.py\", line 10, in test\n    self.assertEqual(cummulative_sum([(1, 3), (5, 6, 7), (2, 6)]), 30)\nNameError: name 'cummulative_sum' is not defined\n\n----------------------------------------------------------------------\nRan 1 test in 0.000s\n\nFAILED (errors=1)\n\nTest Report:\nThe test script failed with 1 error. The 'cummulative_sum' function is not defined, which caused the test to fail. \n\nConclusion:\nCode Test Failed\nExample of input and expected output:\nInput: [(1, 3), (5, 6, 7), (2, 6)]\nExpected output: 30",
    "RepairResponse1": "{\n  \"revised_code\": \"def cumulative_sum(input_list):\\n    total_sum = 0\\n    for tup in input_list:\\n        total_sum += sum(tup)\\n    return total_sum\"\n}",
    "RepairResponse1_prompt": "{\"Role\": \"You are a professional software engineer. Your duty is to write code in Python that meets the requirements. Ensure that the code you write is efficient, readable, and follows best practices. Remember, do not need to explain the code you wrote.\", \"Instruction\": \"1. Rewrite a bug fix version of the original code. 2. Response in JSON format.\", \"Example\": \"{\\\"revised_code\\\":\\\"...\\\"}\", \"Context\": \"# the original code:\\ndef calculate_cumulative_sum(input_list):\\n    total_sum = 0\\n    for tup in input_list:\\n        total_sum += sum(tup)\\n    return total_sum\\n# test report:\\nTest Report:\\n\\nTest Script Output:\\nE\\n======================================================================\\nERROR: test (__main__.Test)\\n----------------------------------------------------------------------\\nTraceback (most recent call last):\\n  File \\\"/Users/watch/PycharmProjects/XXXX-1-LLM/workspace/2024-03-10_19-21-49-545877/test_script.py\\\", line 10, in test\\n    self.assertEqual(cummulative_sum([(1, 3), (5, 6, 7), (2, 6)]), 30)\\nNameError: name 'cummulative_sum' is not defined\\n\\n----------------------------------------------------------------------\\nRan 1 test in 0.000s\\n\\nFAILED (errors=1)\\n\\nTest Report:\\nThe test script failed with 1 error. The 'cummulative_sum' function is not defined, which caused the test to fail. \\n\\nConclusion:\\nCode Test Failed\\nExample of input and expected output:\\nInput: [(1, 3), (5, 6, 7), (2, 6)]\\nExpected output: 30\", \"Question\": \"The original code has some bugs, according to the test report and suggestions, rewrite the code. Complete the following code:\\ndef cummulative_sum(test_list):\\n'''Write a function to find the cumulative sum of all the values that are present in the given tuple list.\\nassert cummulative_sum([(1, 3), (5, 6, 7), (2, 6)]) == 30'''\\n\"}",
    "Code1": "def cumulative_sum(input_list):\n    total_sum = 0\n    for tup in input_list:\n        total_sum += sum(tup)\n    return total_sum",
    "ScriptResult1": "E\n======================================================================\nERROR: test (__main__.Test)\n----------------------------------------------------------------------\nTraceback (most recent call last):\n  File \"/Users/watch/PycharmProjects/XXXX-1-LLM/workspace/2024-03-10_19-21-49-545877/test_script.py\", line 10, in test\n    self.assertEqual(cummulative_sum([(1, 3), (5, 6, 7), (2, 6)]), 30)\nNameError: name 'cummulative_sum' is not defined\n\n----------------------------------------------------------------------\nRan 1 test in 0.000s\n\nFAILED (errors=1)\n",
    "TestReport1": "Test Report:\n\nTest Script Output:\nE\n======================================================================\nERROR: test (__main__.Test)\n----------------------------------------------------------------------\nTraceback (most recent call last):\n  File \"/Users/watch/PycharmProjects/XXXX-1-LLM/workspace/2024-03-10_19-21-49-545877/test_script.py\", line 10, in test\n    self.assertEqual(cummulative_sum([(1, 3), (5, 6, 7), (2, 6)]), 30)\nNameError: name 'cummulative_sum' is not defined\n\n----------------------------------------------------------------------\nRan 1 test in 0.000s\n\nFAILED (errors=1)\n\nTest Report:\nThe test script failed with an error. The function 'cummulative_sum' is not defined as indicated in the test output. Therefore, the code has FAILED the test.\n\nExample:\nInput: [(1, 3), (5, 6, 7), (2, 6)]\nExpected Output: 30\n\nConclusion:\nCode Test FAILED.",
    "RepairResponse2": "{\n  \"revised_code\": \"def cumulative_sum(input_list):\\n    total_sum = 0\\n    for tup in input_list:\\n        total_sum += sum(tup)\\n    return total_sum\"\n}",
    "RepairResponse2_prompt": "{\"Role\": \"You are a professional software engineer. Your duty is to write code in Python that meets the requirements. Ensure that the code you write is efficient, readable, and follows best practices. Remember, do not need to explain the code you wrote.\", \"Instruction\": \"1. Rewrite a bug fix version of the original code. 2. Response in JSON format.\", \"Example\": \"{\\\"revised_code\\\":\\\"...\\\"}\", \"Context\": \"# the original code:\\ndef cumulative_sum(input_list):\\n    total_sum = 0\\n    for tup in input_list:\\n        total_sum += sum(tup)\\n    return total_sum\\n# test report:\\nTest Report:\\n\\nTest Script Output:\\nE\\n======================================================================\\nERROR: test (__main__.Test)\\n----------------------------------------------------------------------\\nTraceback (most recent call last):\\n  File \\\"/Users/watch/PycharmProjects/XXXX-1-LLM/workspace/2024-03-10_19-21-49-545877/test_script.py\\\", line 10, in test\\n    self.assertEqual(cummulative_sum([(1, 3), (5, 6, 7), (2, 6)]), 30)\\nNameError: name 'cummulative_sum' is not defined\\n\\n----------------------------------------------------------------------\\nRan 1 test in 0.000s\\n\\nFAILED (errors=1)\\n\\nTest Report:\\nThe test script failed with an error. The function 'cummulative_sum' is not defined as indicated in the test output. Therefore, the code has FAILED the test.\\n\\nExample:\\nInput: [(1, 3), (5, 6, 7), (2, 6)]\\nExpected Output: 30\\n\\nConclusion:\\nCode Test FAILED.\", \"Question\": \"The original code has some bugs, according to the test report and suggestions, rewrite the code. Complete the following code:\\ndef cummulative_sum(test_list):\\n'''Write a function to find the cumulative sum of all the values that are present in the given tuple list.\\nassert cummulative_sum([(1, 3), (5, 6, 7), (2, 6)]) == 30'''\\n\"}"
}