{
    "start_time": "2024-03-11_19-01-30-986145",
    "task": "def pair_xor_Sum(arr,n) : \n'''Write a python function to find the sum of xor of all pairs of numbers in the given list.\nassert pair_xor_Sum([5,9,7,6],4) == 47'''\n",
    "datetime": {
        "task": "2024-03-11 19:01:30",
        "task-id": "2024-03-11 19:01:30",
        "workflow": "2024-03-11 19:01:30",
        "UserStoryDraft0": "2024-03-11 19:02:01",
        "AnalyzeMeetings": "2024-03-11 19:02:02",
        "UserStory0": "2024-03-11 19:02:48",
        "DesignDraft0": "2024-03-11 19:02:50",
        "DesignMeetings0": "2024-03-11 19:02:52",
        "Design0": "2024-03-11 19:02:55",
        "CodeDraft0": "2024-03-11 19:02:56",
        "CodeReviewMeetings0": "2024-03-11 19:02:59",
        "Code0CR": "2024-03-11 19:03:02",
        "FinalCode": "2024-03-11 19:03:38",
        "Test Cases Draft": "2024-03-11 19:03:04",
        "Test Cases Meetings": "2024-03-11 19:03:05",
        "Test Cases": "2024-03-11 19:03:12",
        "Code0": "2024-03-11 19:03:13",
        "TestScriptOriginal": "2024-03-11 19:03:15",
        "TestScript": "2024-03-11 19:03:15",
        "ScriptResult0": "2024-03-11 19:03:15",
        "TestReport0": "2024-03-11 19:03:17",
        "SprintReview0": "2024-03-11 19:03:18",
        "SprintReviewMeetings0": "2024-03-11 19:03:20",
        "RepairResponse0": "2024-03-11 19:03:21",
        "Code1": "2024-03-11 19:03:21",
        "ScriptResult1": "2024-03-11 19:03:21",
        "TestReport1": "2024-03-11 19:03:23",
        "SprintReview1": "2024-03-11 19:03:26",
        "SprintReviewMeetings1": "2024-03-11 19:03:27",
        "RepairResponse1": "2024-03-11 19:03:29",
        "Code2": "2024-03-11 19:03:29",
        "ScriptResult2": "2024-03-11 19:03:29",
        "TestReport2": "2024-03-11 19:03:31",
        "SprintReview2": "2024-03-11 19:03:33",
        "SprintReviewMeetings2": "2024-03-11 19:03:37",
        "RepairResponse2": "2024-03-11 19:03:38",
        "Code3": "2024-03-11 19:03:38",
        "ScriptResult3": "2024-03-11 19:03:38",
        "TestReport3": "2024-03-11 19:03:40"
    },
    "task-id": 633,
    "workflow": "agile/agile_version_0.0.5_remove.json",
    "UserStoryDraft0": "{\n  \"UserStory\": {\n    \"As a product owner, I want a Python function that can calculate the sum of XOR of all pairs of numbers in a given list, so that I can use it in my software application to perform XOR calculations.\"\n \t\t\n \t\n \t\n \t\n \t\n \t\n \t\n \t\n \t\n \t\n \t\n \t\n \t\n \t\n \t\n \t\n \t\n \t\n \t\n \t\n \t\n \t\n \t\n \t\n \t\n \t\n \t\n \t\n \t\n \t\n \t\n \t\n \t\n \t\n \t\n \t\n \t\n \t\n \t\n \t\n \t\n \t\n \t\n \t\n \t\n \t\n \t\n \t\n \t\n \t\n \t\n \t\n \t\n \t\n \t\n \t\n \t\n \t\n \t\n \t\n \t\n \t\n \t\n \t\n \t\n \t\n \t\n \t\n \t\n \t\n \t\n \t\n \t\n \t\n \t\n \t\n \t\n \t\n \t\n \t\n \t\n \t\n \t\n \t\n \t\n \t\n \t\n \t\n \t\n \t\n \t\n \t\n \t\n \t\n \t\n \t\n \t\n \t\n \t\n \t\n \t",
    "UserStoryDraft0_prompt": "{\"Role\": \"You need to act as a professional product owner. Your task is to write a UserStory\", \"Instruction\": \"According to the Context, please analyze the requirement and write your response. Response in JSON format. Your response should be high-level, rather than providing implementation details.\", \"Example\": \"\", \"Context\": [], \"Question\": \"Follow the Instruction. The requirement is as follows:\\ndef pair_xor_Sum(arr,n) : \\n'''Write a python function to find the sum of xor of all pairs of numbers in the given list.\\nassert pair_xor_Sum([5,9,7,6],4) == 47'''\\n\"}",
    "AnalyzeMeetings": "{\n  \"Architect\": \"The user story is clear and specific, which is great. However, it would be helpful to have more details about the input and output requirements for the Python function. Additionally, including any constraints or edge cases for the function would be beneficial for the development process.\"\n}",
    "UserStory0": "{\n  \"RevisedDocument\": {\n    \"UserStory\": {\n      \"As a product owner, I want a Python function that can calculate the sum of XOR of all pairs of numbers in a given list, so that I can use it in my software application to perform XOR calculations.\"\n   \t\n   \t\n   \t\n   \t\n   \t\n   \t\n   \t\n   \t\n   \t\n   \t\n   \t\n   \t\n   \t\n   \t\n   \t\n   \t\n   \t\n   \t\n   \t\n   \t\n   \t\n   \t\n   \t\n   \t\n   \t\n   \t\n   \t\n   \t\n   \t\n   \t\n   \t\n   \t\n   \t\n   \t\n   \t\n   \t\n   \t\n   \t\n   \t\n   \t\n   \t\n   \t\n   \t\n   \t\n   \t\n   \t\n   \t\n   \t\n   \t\n   \t\n   \t\n   \t\n   \t\n   \t\n   \t\n   \t\n   \t\n   \t\n   \t\n   \t\n   \t\n   \t\n   \t\n   \t\n   \t\n   \t\n   \t\n   \t\n   \t\n   \t\n   \t\n   \t\n   \t\n   \t\n   \t\n   \t\n   \t\n   \t\n   \t\n   \t\n   \t\n   \t\n   \t\n   \t\n   \t\n   \t\n   \t\n   \t\n   \t\n   \t\n   \t\n   \t\n   \t\n   \t\n   \t\n   \t\n   \t\n   \t\n   \t\n   \t\n   \t",
    "UserStory0_prompt": {
        "Role": "You need to act as a professional product owner. Your duty is to revise the document based on the suggestions.",
        "Instruction": "1. Read the suggestions. 2. Revise your draft version document. 3. Response in JSON format. 4. REMEMBER: Your analysis should be high-level, rather than providing implementation details.",
        "Example": "",
        "Context": "# Suggestion:\n{\n  \"Architect\": \"The user story is clear and specific, which is great. However, it would be helpful to have more details about the input and output requirements for the Python function. Additionally, including any constraints or edge cases for the function would be beneficial for the development process.\"\n}",
        "Question": "Follow the Instruction. Your colleague give you some suggestions(in the Context section) about this draft document:{\n  \"UserStory\": {\n    \"As a product owner, I want a Python function that can calculate the sum of XOR of all pairs of numbers in a given list, so that I can use it in my software application to perform XOR calculations.\"\n \t\t\n \t\n \t\n \t\n \t\n \t\n \t\n \t\n \t\n \t\n \t\n \t\n \t\n \t\n \t\n \t\n \t\n \t\n \t\n \t\n \t\n \t\n \t\n \t\n \t\n \t\n \t\n \t\n \t\n \t\n \t\n \t\n \t\n \t\n \t\n \t\n \t\n \t\n \t\n \t\n \t\n \t\n \t\n \t\n \t\n \t\n \t\n \t\n \t\n \t\n \t\n \t\n \t\n \t\n \t\n \t\n \t\n \t\n \t\n \t\n \t\n \t\n \t\n \t\n \t\n \t\n \t\n \t\n \t\n \t\n \t\n \t\n \t\n \t\n \t\n \t\n \t\n \t\n \t\n \t\n \t\n \t\n \t\n \t\n \t\n \t\n \t\n \t\n \t\n \t\n \t\n \t\n \t\n \t\n \t\n \t\n \t\n \t\n \t\n \t\n \t"
    },
    "DesignDraft0": "Design:\n- Create a Python function named pair_xor_Sum(arr, n) to calculate the sum of XOR of all pairs of numbers in a given list.\n- The function should take an array of numbers (arr) and the length of the array (n) as input parameters.\n- The function should return the sum of XOR of all pairs of numbers.\n- The function should use a loop to iterate through all pairs of numbers in the array and calculate their XOR, then accumulate the results to find the sum.\n- The function should include assertions to validate the correctness of the implementation.\n- The function should be well-documented with clear comments explaining its purpose and usage.\n\nNote: This design focuses on guiding the developer in writing code for the given requirement, without providing specific implementation details.",
    "DesignMeetings0": "{\n  \"Developer\": \"I suggest adding input validation to ensure that the input array is not empty and that the length of the array matches the provided length parameter. Additionally, it would be helpful to include examples of input and output in the function documentation to give a better understanding of how the function should be used.\",\n  \"Requirement Engineer\": \"I recommend specifying the expected behavior of the function in more detail, such as what the function should return if the input array is empty or if the length parameter does not match the actual length of the array. It would also be helpful to provide a list of specific assertions that should be included in the function to validate its correctness.\"\n}",
    "Design0": "Based on the suggestions provided, I have updated the design as follows:\n\nDesign:\n- Create a Python function named pair_xor_sum(arr, n) to calculate the sum of XOR of all pairs of numbers in a given list.\n- The function should take an array of numbers (arr) and the length of the array (n) as input parameters.\n- Add input validation to ensure that the input array is not empty and that the length of the array matches the provided length parameter.\n- Specify the expected behavior of the function in more detail, such as what the function should return if the input array is empty or if the length parameter does not match the actual length of the array.\n- Include specific assertions to validate the correctness of the implementation, such as checking the result against known examples of input and output.\n- The function should use a loop to iterate through all pairs of numbers in the array and calculate their XOR, then accumulate the results to find the sum.\n- The function should be well-documented with clear comments explaining its purpose, usage, and examples of input and output in the function documentation to give a better understanding of how the function should be used.",
    "CodeDraft0": "def pair_xor_sum(arr, n):\n    '''\n    Calculate the sum of XOR of all pairs of numbers in the given list.\n\n    Args:\n    arr: List of numbers\n    n: Length of the array\n\n    Returns:\n    Sum of XOR of all pairs of numbers\n    '''\n    assert len(arr) == n, \"Length parameter does not match the actual length of the array\"\n    assert arr, \"Input array is empty\"\n\n    xor_sum = 0\n    for i in range(len(arr)):\n        for j in range(i+1, len(arr)):\n            xor_sum += arr[i] ^ arr[j]\n\n    return xor_sum\n\nassert pair_xor_sum([5,9,7,6],4) == 47",
    "CodeDraft0_prompt": {
        "Role": "You are a professional engineer. Your duty is to write code in Python that meets the requirements. Ensure that the code you write is efficient, readable, and follows best practices. Remember, do not need to explain the code you wrote.",
        "Instruction": "According to the Context section, write your code.",
        "Example": "",
        "Context": "# Tasks:\n[]\n# Design:\nBased on the suggestions provided, I have updated the design as follows:\n\nDesign:\n- Create a Python function named pair_xor_sum(arr, n) to calculate the sum of XOR of all pairs of numbers in a given list.\n- The function should take an array of numbers (arr) and the length of the array (n) as input parameters.\n- Add input validation to ensure that the input array is not empty and that the length of the array matches the provided length parameter.\n- Specify the expected behavior of the function in more detail, such as what the function should return if the input array is empty or if the length parameter does not match the actual length of the array.\n- Include specific assertions to validate the correctness of the implementation, such as checking the result against known examples of input and output.\n- The function should use a loop to iterate through all pairs of numbers in the array and calculate their XOR, then accumulate the results to find the sum.\n- The function should be well-documented with clear comments explaining its purpose, usage, and examples of input and output in the function documentation to give a better understanding of how the function should be used.",
        "Question": "Follow the Instruction section. Complete the following code:\ndef pair_xor_Sum(arr,n) : \n'''Write a python function to find the sum of xor of all pairs of numbers in the given list.\nassert pair_xor_Sum([5,9,7,6],4) == 47'''\n"
    },
    "CodeReviewMeetings0": "{\n  \"Architect\": \"The code can be optimized by using a more efficient algorithm to calculate the sum of XOR of all pairs of numbers. Instead of using nested loops, a bitwise approach or a data structure like a trie can be used to achieve better time complexity.\",\n  \"Tester\": \"It is important to add test cases to cover different scenarios, such as an empty array, an array with only one element, and an array with multiple elements. Also, consider adding test cases with negative numbers to ensure the function handles all inputs correctly.\"\n}",
    "Code0CR": "def pair_xor_sum(arr, n):\n    \"\"\"\n    Calculate the sum of XOR of all pairs of numbers in a given list.\n\n    Args:\n    arr: List of numbers\n    n: Length of the array\n\n    Returns:\n    Sum of XOR of all pairs of numbers in the given list\n    \"\"\"\n    if len(arr) != n:\n        raise ValueError(\"Length of the array does not match the provided length parameter\")\n\n    if len(arr) == 0:\n        return 0\n\n    xor_sum = 0\n    for i in range(len(arr)):\n        for j in range(i+1, len(arr)):\n            xor_sum += arr[i] ^ arr[j]\n\n    return xor_sum\n\n# Test cases\nassert pair_xor_sum([5, 9, 7, 6], 4) == 47\nassert pair_xor_sum([], 0) == 0\nassert pair_xor_sum([1], 1) == 0\nassert pair_xor_sum([1, 2, 3, 4, 5], 5) == 23\nassert pair_xor_sum([10, 20, 30], 3) == 50\nassert pair_xor_sum([10, -20, 30, -40], 4) == -40",
    "Code0CR_prompt": "{\"Role\": \"You are a professional software engineer. Your duty is to write code in Python that meets the requirements. Ensure that the code you write is efficient, readable, and follows best practices. Remember, do not need to explain the code you wrote.\", \"Instruction\": \"1. Understand the suggestions(in the Context section) about the original code. 2. Rewrite your code.\", \"Example\": \"\", \"Context\": \"# Tasks:\\n[]\\n# Design:\\nBased on the suggestions provided, I have updated the design as follows:\\n\\nDesign:\\n- Create a Python function named pair_xor_sum(arr, n) to calculate the sum of XOR of all pairs of numbers in a given list.\\n- The function should take an array of numbers (arr) and the length of the array (n) as input parameters.\\n- Add input validation to ensure that the input array is not empty and that the length of the array matches the provided length parameter.\\n- Specify the expected behavior of the function in more detail, such as what the function should return if the input array is empty or if the length parameter does not match the actual length of the array.\\n- Include specific assertions to validate the correctness of the implementation, such as checking the result against known examples of input and output.\\n- The function should use a loop to iterate through all pairs of numbers in the array and calculate their XOR, then accumulate the results to find the sum.\\n- The function should be well-documented with clear comments explaining its purpose, usage, and examples of input and output in the function documentation to give a better understanding of how the function should be used.# Suggestions:\\n{\\n  \\\"Architect\\\": \\\"The code can be optimized by using a more efficient algorithm to calculate the sum of XOR of all pairs of numbers. Instead of using nested loops, a bitwise approach or a data structure like a trie can be used to achieve better time complexity.\\\",\\n  \\\"Tester\\\": \\\"It is important to add test cases to cover different scenarios, such as an empty array, an array with only one element, and an array with multiple elements. Also, consider adding test cases with negative numbers to ensure the function handles all inputs correctly.\\\"\\n}\", \"Question\": \"Follow the Instruction section. Complete the following code:\\ndef pair_xor_Sum(arr,n) : \\n'''Write a python function to find the sum of xor of all pairs of numbers in the given list.\\nassert pair_xor_Sum([5,9,7,6],4) == 47'''\\n\"}",
    "FinalCode": "def pair_xor_Sum(arr, n):\n  res = 0\n  for i in range(n):\n    for j in range(n):\n      res += arr[i] ^ arr[j]\n  return res",
    "Test Cases Draft": "{\n  \"requirement analysis\": \"The function should calculate the sum of XOR of all pairs of numbers in a given list.\",\n  \"test_cases\": [\n    {\n      \"Test Title\": \"Valid input\",\n      \"Input Data\": \"arr=[5,9,7,6], n=4\",\n      \"Expected Output\": \"47\"\n    },\n    {\n      \"Test Title\": \"Empty input array\",\n      \"Input Data\": \"arr=[], n=0\",\n      \"Expected Output\": \"0\"\n    },\n    {\n      \"Test Title\": \"Mismatch between array length and n\",\n      \"Input Data\": \"arr=[1,2,3], n=4\",\n      \"Expected Output\": \"Error: Length mismatch\"\n    }\n  ]\n}",
    "Test Cases Draft_prompt": "{\"Role\": \"You are a quality assurance engineer. Your duty is to design test cases for the developers.\", \"Instruction\": \"According to the Context section, write test cases. Don't write long strings in your test cases. Response in JSON format.\", \"Example\": \"{\\\"requirement analysis\\\":\\\"analysis\\\",\\\"test_cases\\\":[{\\\"Test Title\\\":\\\"title\\\", \\\"Input Data\\\":\\\"parameter1=[1,2,3],parameter2='123'\\\", \\\"Expected Output\\\":\\\"456\\\"},]}\", \"Context\": \"# UsrtStory:\\n{\\n  \\\"RevisedDocument\\\": {\\n    \\\"UserStory\\\": {\\n      \\\"As a product owner, I want a Python function that can calculate the sum of XOR of all pairs of numbers in a given list, so that I can use it in my software application to perform XOR calculations.\\\"\\n   \\t\\n   \\t\\n   \\t\\n   \\t\\n   \\t\\n   \\t\\n   \\t\\n   \\t\\n   \\t\\n   \\t\\n   \\t\\n   \\t\\n   \\t\\n   \\t\\n   \\t\\n   \\t\\n   \\t\\n   \\t\\n   \\t\\n   \\t\\n   \\t\\n   \\t\\n   \\t\\n   \\t\\n   \\t\\n   \\t\\n   \\t\\n   \\t\\n   \\t\\n   \\t\\n   \\t\\n   \\t\\n   \\t\\n   \\t\\n   \\t\\n   \\t\\n   \\t\\n   \\t\\n   \\t\\n   \\t\\n   \\t\\n   \\t\\n   \\t\\n   \\t\\n   \\t\\n   \\t\\n   \\t\\n   \\t\\n   \\t\\n   \\t\\n   \\t\\n   \\t\\n   \\t\\n   \\t\\n   \\t\\n   \\t\\n   \\t\\n   \\t\\n   \\t\\n   \\t\\n   \\t\\n   \\t\\n   \\t\\n   \\t\\n   \\t\\n   \\t\\n   \\t\\n   \\t\\n   \\t\\n   \\t\\n   \\t\\n   \\t\\n   \\t\\n   \\t\\n   \\t\\n   \\t\\n   \\t\\n   \\t\\n   \\t\\n   \\t\\n   \\t\\n   \\t\\n   \\t\\n   \\t\\n   \\t\\n   \\t\\n   \\t\\n   \\t\\n   \\t\\n   \\t\\n   \\t\\n   \\t\\n   \\t\\n   \\t\\n   \\t\\n   \\t\\n   \\t\\n   \\t\\n   \\t\\n   \\t\\n   \\t\\n# Tasks:\\n[]\\n# Design:\\nBased on the suggestions provided, I have updated the design as follows:\\n\\nDesign:\\n- Create a Python function named pair_xor_sum(arr, n) to calculate the sum of XOR of all pairs of numbers in a given list.\\n- The function should take an array of numbers (arr) and the length of the array (n) as input parameters.\\n- Add input validation to ensure that the input array is not empty and that the length of the array matches the provided length parameter.\\n- Specify the expected behavior of the function in more detail, such as what the function should return if the input array is empty or if the length parameter does not match the actual length of the array.\\n- Include specific assertions to validate the correctness of the implementation, such as checking the result against known examples of input and output.\\n- The function should use a loop to iterate through all pairs of numbers in the array and calculate their XOR, then accumulate the results to find the sum.\\n- The function should be well-documented with clear comments explaining its purpose, usage, and examples of input and output in the function documentation to give a better understanding of how the function should be used.\", \"Question\": \"def pair_xor_Sum(arr,n) : \\n'''Write a python function to find the sum of xor of all pairs of numbers in the given list.\\nassert pair_xor_Sum([5,9,7,6],4) == 47'''\\n\"}",
    "Test Cases Meetings": "{\n  \"Developer\": \"The test cases cover the basic scenarios such as valid input, empty input array, and mismatch between array length and n. However, it would be helpful to add test cases for edge cases such as negative numbers in the array, very large input values, and input array with only one element. Additionally, it would be beneficial to include test cases for scenarios where the array contains duplicate numbers or all elements are the same.\"\n}",
    "Test Cases": "{\n  \"requirement analysis\": \"The function should calculate the sum of XOR of all pairs of numbers in a given list.\",\n  \"test_cases\": [\n    {\n      \"Test Title\": \"Valid input\",\n      \"Input Data\": \"arr=[5,9,7,6], n=4\",\n      \"Expected Output\": \"47\"\n    },\n    {\n      \"Test Title\": \"Empty input array\",\n      \"Input Data\": \"arr=[], n=0\",\n      \"Expected Output\": \"0\"\n    },\n    {\n      \"Test Title\": \"Mismatch between array length and n\",\n      \"Input Data\": \"arr=[1,2,3], n=4\",\n      \"Expected Output\": \"Error: Length mismatch\"\n    },\n    {\n      \"Test Title\": \"Negative numbers in the array\",\n      \"Input Data\": \"arr=[-5, 9, -7, 6], n=4\",\n      \"Expected Output\": \"-9\"\n    },\n    {\n      \"Test Title\": \"Very large input values\",\n      \"Input Data\": \"arr=[999999, 999999, 999999, 999999], n=4\",\n      \"Expected Output\": \"0\"\n    },\n    {\n      \"Test Title\": \"Input array with only one element\",\n      \"Input Data\": \"arr=[5], n=1\",\n      \"Expected Output\": \"5\"\n    },\n    {\n      \"Test Title\": \"Array contains duplicate numbers\",\n      \"Input Data\": \"arr=[5, 5, 7, 7], n=4\",\n      \"Expected Output\": \"0\"\n    },\n    {\n      \"Test Title\": \"All elements are the same\",\n      \"Input Data\": \"arr=[5, 5, 5, 5], n=4\",\n      \"Expected Output\": \"0\"\n    }\n  ]\n}",
    "Test Cases_prompt": "{\"Role\": \"You are a quality assurance engineer. Your duty is to revise the test cases based on the suggestions.\", \"Instruction\": \"1. Your colleague give you some suggestions(in the Context section) about the draft test cases, read these suggestions. 2. Revise your draft version test cases, but don't use long parameters. 3. Response in JSON format.\", \"Example\": \"{\\\"requirement analysis\\\":\\\"analysis\\\",\\\"test_cases\\\":[{\\\"Test Title\\\":\\\"title\\\", \\\"Input Data\\\":\\\"parameter1=[1,2,3],parameter2='123'\\\", \\\"Expected Output\\\":\\\"456\\\"},]}\", \"Context\": \"# Suggestions:\\n{\\n  \\\"Developer\\\": \\\"The test cases cover the basic scenarios such as valid input, empty input array, and mismatch between array length and n. However, it would be helpful to add test cases for edge cases such as negative numbers in the array, very large input values, and input array with only one element. Additionally, it would be beneficial to include test cases for scenarios where the array contains duplicate numbers or all elements are the same.\\\"\\n}\\n # Draft Test cases:\\n{\\n  \\\"requirement analysis\\\": \\\"The function should calculate the sum of XOR of all pairs of numbers in a given list.\\\",\\n  \\\"test_cases\\\": [\\n    {\\n      \\\"Test Title\\\": \\\"Valid input\\\",\\n      \\\"Input Data\\\": \\\"arr=[5,9,7,6], n=4\\\",\\n      \\\"Expected Output\\\": \\\"47\\\"\\n    },\\n    {\\n      \\\"Test Title\\\": \\\"Empty input array\\\",\\n      \\\"Input Data\\\": \\\"arr=[], n=0\\\",\\n      \\\"Expected Output\\\": \\\"0\\\"\\n    },\\n    {\\n      \\\"Test Title\\\": \\\"Mismatch between array length and n\\\",\\n      \\\"Input Data\\\": \\\"arr=[1,2,3], n=4\\\",\\n      \\\"Expected Output\\\": \\\"Error: Length mismatch\\\"\\n    }\\n  ]\\n}\", \"Question\": \"Follow the Instruction. Please make sure your response length are less than 512. Your test cases is for the below question:\\ndef pair_xor_Sum(arr,n) : \\n'''Write a python function to find the sum of xor of all pairs of numbers in the given list.\\nassert pair_xor_Sum([5,9,7,6],4) == 47'''\\n\"}",
    "Code0": "def pair_xor_sum(arr, n):\n    if len(arr) != n:\n        raise ValueError(\"Length of the array does not match the provided length parameter\")\n\n    if len(arr) == 0:\n        return 0\n\n    xor_sum = 0\n    for i in range(len(arr)):\n        for j in range(i+1, len(arr)):\n            xor_sum += arr[i] ^ arr[j]\n\n    return xor_sum",
    "Code0_prompt": {
        "Role": "You are a professional software engineer. Your duty is to write code in Python that meets the requirements. Ensure that the code you write is efficient, readable, and follows best practices. Remember, do not need to explain the code you wrote.",
        "Instruction": "1. Understand the test cases(in the Context section) about the original code. 2. Rewrite your code, make sure your code pass all test cases.",
        "Example": "",
        "Context": "# Original Code:\ndef pair_xor_sum(arr, n):\n    \"\"\"\n    Calculate the sum of XOR of all pairs of numbers in a given list.\n\n    Args:\n    arr: List of numbers\n    n: Length of the array\n\n    Returns:\n    Sum of XOR of all pairs of numbers in the given list\n    \"\"\"\n    if len(arr) != n:\n        raise ValueError(\"Length of the array does not match the provided length parameter\")\n\n    if len(arr) == 0:\n        return 0\n\n    xor_sum = 0\n    for i in range(len(arr)):\n        for j in range(i+1, len(arr)):\n            xor_sum += arr[i] ^ arr[j]\n\n    return xor_sum\n\n# Test cases\nassert pair_xor_sum([5, 9, 7, 6], 4) == 47\nassert pair_xor_sum([], 0) == 0\nassert pair_xor_sum([1], 1) == 0\nassert pair_xor_sum([1, 2, 3, 4, 5], 5) == 23\nassert pair_xor_sum([10, 20, 30], 3) == 50\nassert pair_xor_sum([10, -20, 30, -40], 4) == -40\n# Test Cases:\n{\n  \"requirement analysis\": \"The function should calculate the sum of XOR of all pairs of numbers in a given list.\",\n  \"test_cases\": [\n    {\n      \"Test Title\": \"Valid input\",\n      \"Input Data\": \"arr=[5,9,7,6], n=4\",\n      \"Expected Output\": \"47\"\n    },\n    {\n      \"Test Title\": \"Empty input array\",\n      \"Input Data\": \"arr=[], n=0\",\n      \"Expected Output\": \"0\"\n    },\n    {\n      \"Test Title\": \"Mismatch between array length and n\",\n      \"Input Data\": \"arr=[1,2,3], n=4\",\n      \"Expected Output\": \"Error: Length mismatch\"\n    },\n    {\n      \"Test Title\": \"Negative numbers in the array\",\n      \"Input Data\": \"arr=[-5, 9, -7, 6], n=4\",\n      \"Expected Output\": \"-9\"\n    },\n    {\n      \"Test Title\": \"Very large input values\",\n      \"Input Data\": \"arr=[999999, 999999, 999999, 999999], n=4\",\n      \"Expected Output\": \"0\"\n    },\n    {\n      \"Test Title\": \"Input array with only one element\",\n      \"Input Data\": \"arr=[5], n=1\",\n      \"Expected Output\": \"5\"\n    },\n    {\n      \"Test Title\": \"Array contains duplicate numbers\",\n      \"Input Data\": \"arr=[5, 5, 7, 7], n=4\",\n      \"Expected Output\": \"0\"\n    },\n    {\n      \"Test Title\": \"All elements are the same\",\n      \"Input Data\": \"arr=[5, 5, 5, 5], n=4\",\n      \"Expected Output\": \"0\"\n    }\n  ]\n}",
        "Question": "def pair_xor_Sum(arr,n) : \n'''Write a python function to find the sum of xor of all pairs of numbers in the given list.\nassert pair_xor_Sum([5,9,7,6],4) == 47'''\n"
    },
    "TestScriptOriginal": "import unittest\n\ndef pair_xor_Sum(arr,n) :\n    result = 0\n    for i in range(n):\n        for j in range(i+1, n):\n            result += arr[i] ^ arr[j]\n    return result\n\nclass Test(unittest.TestCase):\n    def test(self):\n        self.assertEqual(pair_xor_Sum([5,9,7,6],4), 47)\n\nif __name__ == '__main__':\n    unittest.main()",
    "TestScriptOriginal_prompt": "{\"Role\": \"You are a quality assurance engineer. Your duty is to write a python test script in unittest framework.\", \"Instruction\": \"1. Write a python test script. 2. Use the input and output given by the question.\", \"Example\": \"import unittest\\n\\nclass Test(unittest.TestCase):\\n    def test(self):\\n        self.assertEqual(function_under_test('a'), 1)\\n\\nif __name__ == '__main__':\\n    unittest.main()\", \"Context\": \"\", \"Question\": \"def pair_xor_Sum(arr,n) : \\n'''Write a python function to find the sum of xor of all pairs of numbers in the given list.\\nassert pair_xor_Sum([5,9,7,6],4) == 47'''\\n\"}",
    "TestScript": "import unittest\n\nclass Test(unittest.TestCase):\n    def test(self):\n        self.assertEqual(pair_xor_Sum([5,9,7,6],4), 47)\n\nif __name__ == '__main__':\n    unittest.main()",
    "ScriptResult0": "E\n======================================================================\nERROR: test (__main__.Test)\n----------------------------------------------------------------------\nTraceback (most recent call last):\n  File \"/Users/watch/PycharmProjects/XXXX-1-LLM/workspace/2024-03-11_19-01-30-986145/test_script.py\", line 18, in test\n    self.assertEqual(pair_xor_Sum([5,9,7,6],4), 47)\nNameError: name 'pair_xor_Sum' is not defined\n\n----------------------------------------------------------------------\nRan 1 test in 0.000s\n\nFAILED (errors=1)\n",
    "TestReport0": "Test Report:\n\nTest script's output:\nE\n======================================================================\nERROR: test (__main__.Test)\n----------------------------------------------------------------------\nTraceback (most recent call last):\n  File \"/Users/watch/PycharmProjects/XXXX-1-LLM/workspace/2024-03-11_19-01-30-986145/test_script.py\", line 18, in test\n    self.assertEqual(pair_xor_Sum([5,9,7,6],4), 47)\nNameError: name 'pair_xor_Sum' is not defined\n\n----------------------------------------------------------------------\nRan 1 test in 0.000s\n\nFAILED (errors=1)\n\nCode Test Failed\n\nInput and Expected Output Example:\nInput: pair_xor_sum([5,9,7,6], 4)\nExpected Output: 47\n\nConclusion: Code Test Failed",
    "SprintReview0": "[ScrumMaster]says: Here is our test Report: Test Report:\n\nTest script's output:\nE\n======================================================================\nERROR: test (__main__.Test)\n----------------------------------------------------------------------\nTraceback (most recent call last):\n  File \"/Users/watch/PycharmProjects/XXXX-1-LLM/workspace/2024-03-11_19-01-30-986145/test_script.py\", line 18, in test\n    self.assertEqual(pair_xor_Sum([5,9,7,6],4), 47)\nNameError: name 'pair_xor_Sum' is not defined\n\n----------------------------------------------------------------------\nRan 1 test in 0.000s\n\nFAILED (errors=1)\n\nCode Test Failed\n\nInput and Expected Output Example:\nInput: pair_xor_sum([5,9,7,6], 4)\nExpected Output: 47\n\nConclusion: Code Test Failed, do you have any ideas?\n-----\n\n[ProductOwner]says: As a Product Owner, I think we need to prioritize fixing the NameError for 'pair_xor_Sum' in order to address the test failure.\n-----\n\n[Developer]says: As a Developer, I will review the test script and check for any errors in the code. I will then propose a solution to fix the issue.\n-----\n\n[Architect]says: As an architect, it is important to review the test report and identify the root cause of the error in the code test.\n-----\n\n[Tester]says: As a Tester, it seems like there is a NameError in the test script, and the pair_xor_Sum function is not defined. We need to fix this issue before proceeding with further testing.\n-----\n\n[Developer]says: As a Developer, I will review the test script and check for any errors in the code. I will then propose a solution to fix the issue.\n-----\n\n[Architect]says: As an architect, I will review the test report and identify the root cause of the error in the code test.\n-----\n\n[ProductOwner]says: As a Product Owner, I think we need to prioritize fixing the NameError for 'pair_xor_Sum' in order to address the test failure.\n-----\n\n[Tester]says: As a Tester, it seems like there is a NameError in the test script, and the pair_xor_Sum function is not defined. We need to fix this issue before proceeding with further testing.\n-----\n",
    "SprintReviewMeetings0": "{\n  \"product-owner\": [\n    \"Prioritize fixing the NameError for 'pair_xor_Sum' to address the test failure.\"\n  ],\n  \"architect\": [\n    \"Review the test report and identify the root cause of the error in the code test.\"\n  ],\n  \"developer\": [\n    \"Review the test script and check for any errors in the code. Propose a solution to fix the issue.\"\n  ],\n  \"tester\": [\n    \"Identify the NameError in the test script and the pair_xor_Sum function not being defined. Fix this issue before proceeding with further testing.\"\n  ]\n}",
    "SprintReviewMeetings0_prompt": "{\"Role\": \"You are a professional scrum master. Your goal is to summary the Discussion History into a suggestions list for the scrum team.\", \"Instruction\": \"1. Read and Understand the Discussion History. 2. Summary the suggestions from four roles: product-owner/architect/developer/tester. 3. Response in JSON format.\", \"Example\": \"{\\\"product-owner\\\":[\\\"suggestion1\\\",\\\"suggestion2\\\"],\\\"architect\\\":[\\\"suggestion1\\\",\\\"suggestion2\\\"], \\\"developer\\\":[\\\"suggestion1\\\",\\\"suggestion2\\\"], \\\"tester\\\":[\\\"suggestion1\\\",\\\"suggestion2\\\"]}\", \"Context\": \"[ScrumMaster]says: Here is our test Report: Test Report:\\n\\nTest script's output:\\nE\\n======================================================================\\nERROR: test (__main__.Test)\\n----------------------------------------------------------------------\\nTraceback (most recent call last):\\n  File \\\"/Users/watch/PycharmProjects/XXXX-1-LLM/workspace/2024-03-11_19-01-30-986145/test_script.py\\\", line 18, in test\\n    self.assertEqual(pair_xor_Sum([5,9,7,6],4), 47)\\nNameError: name 'pair_xor_Sum' is not defined\\n\\n----------------------------------------------------------------------\\nRan 1 test in 0.000s\\n\\nFAILED (errors=1)\\n\\nCode Test Failed\\n\\nInput and Expected Output Example:\\nInput: pair_xor_sum([5,9,7,6], 4)\\nExpected Output: 47\\n\\nConclusion: Code Test Failed, do you have any ideas?\\n-----\\n\\n[ProductOwner]says: As a Product Owner, I think we need to prioritize fixing the NameError for 'pair_xor_Sum' in order to address the test failure.\\n-----\\n\\n[Developer]says: As a Developer, I will review the test script and check for any errors in the code. I will then propose a solution to fix the issue.\\n-----\\n\\n[Architect]says: As an architect, it is important to review the test report and identify the root cause of the error in the code test.\\n-----\\n\\n[Tester]says: As a Tester, it seems like there is a NameError in the test script, and the pair_xor_Sum function is not defined. We need to fix this issue before proceeding with further testing.\\n-----\\n\\n[Developer]says: As a Developer, I will review the test script and check for any errors in the code. I will then propose a solution to fix the issue.\\n-----\\n\\n[Architect]says: As an architect, I will review the test report and identify the root cause of the error in the code test.\\n-----\\n\\n[ProductOwner]says: As a Product Owner, I think we need to prioritize fixing the NameError for 'pair_xor_Sum' in order to address the test failure.\\n-----\\n\\n[Tester]says: As a Tester, it seems like there is a NameError in the test script, and the pair_xor_Sum function is not defined. We need to fix this issue before proceeding with further testing.\\n-----\\n\", \"Question\": \"Follow the Instruction section. The Discussion History is in the Context section. You only need to return a list as the Example section.\"}",
    "RepairResponse0": "{\n  \"revised_code\": \"def pair_xor_Sum(arr, n):\\n    res = 0\\n    for i in range(n):\\n        for j in range(n):\\n            res += arr[i] ^ arr[j]\\n    return res\"\n}",
    "RepairResponse0_prompt": {
        "Role": "You are a professional software engineer. Your duty is to write code in Python that meets the requirements. Ensure that the code you write is efficient, readable, and follows best practices. Remember, do not need to explain the code you wrote.",
        "Instruction": "1. Rewrite a bug fix version of the original code. 2. Response in JSON format.",
        "Example": "{\"revised_code\":\"...\"}",
        "Context": "# Test Report:\nTest Report:\n\nTest script's output:\nE\n======================================================================\nERROR: test (__main__.Test)\n----------------------------------------------------------------------\nTraceback (most recent call last):\n  File \"/Users/watch/PycharmProjects/XXXX-1-LLM/workspace/2024-03-11_19-01-30-986145/test_script.py\", line 18, in test\n    self.assertEqual(pair_xor_Sum([5,9,7,6],4), 47)\nNameError: name 'pair_xor_Sum' is not defined\n\n----------------------------------------------------------------------\nRan 1 test in 0.000s\n\nFAILED (errors=1)\n\nCode Test Failed\n\nInput and Expected Output Example:\nInput: pair_xor_sum([5,9,7,6], 4)\nExpected Output: 47\n\nConclusion: Code Test Failed# suggestions:\n{\"product-owner\": [\"Prioritize fixing the NameError for 'pair_xor_Sum' to address the test failure.\"], \"architect\": [\"Review the test report and identify the root cause of the error in the code test.\"], \"developer\": [\"Review the test script and check for any errors in the code. Propose a solution to fix the issue.\"], \"tester\": [\"Identify the NameError in the test script and the pair_xor_Sum function not being defined. Fix this issue before proceeding with further testing.\"]}",
        "Question": "The original code has some bugs, according to the test report and suggestions, rewrite the code. Complete the following code:\ndef pair_xor_Sum(arr,n) : \n'''Write a python function to find the sum of xor of all pairs of numbers in the given list.\nassert pair_xor_Sum([5,9,7,6],4) == 47'''\n"
    },
    "Code1": "def pair_xor_Sum(arr, n):\n    res = 0\n    for i in range(n):\n        for j in range(n):\n            res += arr[i] ^ arr[j]\n    return res",
    "ScriptResult1": "F\n======================================================================\nFAIL: test (__main__.Test)\n----------------------------------------------------------------------\nTraceback (most recent call last):\n  File \"/Users/watch/PycharmProjects/XXXX-1-LLM/workspace/2024-03-11_19-01-30-986145/test_script.py\", line 11, in test\n    self.assertEqual(pair_xor_Sum([5,9,7,6],4), 47)\nAssertionError: 94 != 47\n\n----------------------------------------------------------------------\nRan 1 test in 0.000s\n\nFAILED (failures=1)\n",
    "TestReport1": "Test Report:\n\nTest script's output:\nF\n======================================================================\nFAIL: test (__main__.Test)\n----------------------------------------------------------------------\nTraceback (most recent call last):\n  File \"/Users/watch/PycharmProjects/XXXX-1-LLM/workspace/2024-03-11_19-01-30-986145/test_script.py\", line 11, in test\n    self.assertEqual(pair_xor_Sum([5,9,7,6],4), 47)\nAssertionError: 94 != 47\n\n----------------------------------------------------------------------\nRan 1 test in 0.000s\n\nFAILED (failures=1)\n\nAnalysis:\nThe test script output indicates a failure in the test. The expected output was 47, however, the actual output was 94.\n\nConclusion:\nThe code has FAILED the test.\n\nInput and Expected Output Example:\ndef pair_xor_Sum(arr, n):\n    res = 0\n    for i in range(n):\n        for j in range(n):\n            res += arr[i] ^ arr[j]\n    return res\n\nCode Test FAILED.",
    "SprintReview1": "[ScrumMaster]says: Here is our test Report: Test Report:\n\nTest script's output:\nF\n======================================================================\nFAIL: test (__main__.Test)\n----------------------------------------------------------------------\nTraceback (most recent call last):\n  File \"/Users/watch/PycharmProjects/XXXX-1-LLM/workspace/2024-03-11_19-01-30-986145/test_script.py\", line 11, in test\n    self.assertEqual(pair_xor_Sum([5,9,7,6],4), 47)\nAssertionError: 94 != 47\n\n----------------------------------------------------------------------\nRan 1 test in 0.000s\n\nFAILED (failures=1)\n\nAnalysis:\nThe test script output indicates a failure in the test. The expected output was 47, however, the actual output was 94.\n\nConclusion:\nThe code has FAILED the test.\n\nInput and Expected Output Example:\ndef pair_xor_Sum(arr, n):\n    res = 0\n    for i in range(n):\n        for j in range(n):\n            res += arr[i] ^ arr[j]\n    return res\n\nCode Test FAILED., do you have any ideas?\n-----\n\n[Developer]says: As a Developer, I think we should review the pair_xor_Sum function and its logic to identify the issue and make the necessary corrections.\n-----\n\n[Tester]says: As a Tester, it seems that the test script output indicates a failure in the test, and the code has FAILED the test. It may be necessary to review the code and the input to identify the issue.\n-----\n\n[ProductOwner]says: As a Product Owner, I think we need to prioritize fixing the failed test in order to ensure the quality of the product.\n-----\n\n[Tester]says: [Tester] To create a product, we should review the code and the input to identify the issue causing the test failure.\n-----\n\n[Developer]says: As a Developer, I think we should review the pair_xor_Sum function and its logic to identify the issue and make the necessary corrections.\n-----\n\n[Architect]says: As an Architect, I recommend reviewing the pair_xor_Sum function to identify the source of the error and make necessary adjustments to ensure the expected output matches the actual output.\n-----\n\n[ProductOwner]says: As a Product Owner, I think we need to prioritize fixing the failed test in order to ensure the quality of the product.\n-----\n\n[Architect]says: As an Architect, I recommend reviewing the pair_xor_Sum function to identify the source of the error and make necessary adjustments to ensure the expected output matches the actual output.\n-----\n",
    "SprintReviewMeetings1": "{\n  \"product-owner\":[\"We need to prioritize fixing the failed test in order to ensure the quality of the product.\"],\n  \"architect\":[\"I recommend reviewing the pair_xor_Sum function to identify the source of the error and make necessary adjustments to ensure the expected output matches the actual output.\"],\n  \"developer\":[\"We should review the pair_xor_Sum function and its logic to identify the issue and make the necessary corrections.\"],\n  \"tester\":[\"It seems that the test script output indicates a failure in the test, and the code has FAILED the test. It may be necessary to review the code and the input to identify the issue.\"]\n}",
    "SprintReviewMeetings1_prompt": "{\"Role\": \"You are a professional scrum master. Your goal is to summary the Discussion History into a suggestions list for the scrum team.\", \"Instruction\": \"1. Read and Understand the Discussion History. 2. Summary the suggestions from four roles: product-owner/architect/developer/tester. 3. Response in JSON format.\", \"Example\": \"{\\\"product-owner\\\":[\\\"suggestion1\\\",\\\"suggestion2\\\"],\\\"architect\\\":[\\\"suggestion1\\\",\\\"suggestion2\\\"], \\\"developer\\\":[\\\"suggestion1\\\",\\\"suggestion2\\\"], \\\"tester\\\":[\\\"suggestion1\\\",\\\"suggestion2\\\"]}\", \"Context\": \"[ScrumMaster]says: Here is our test Report: Test Report:\\n\\nTest script's output:\\nF\\n======================================================================\\nFAIL: test (__main__.Test)\\n----------------------------------------------------------------------\\nTraceback (most recent call last):\\n  File \\\"/Users/watch/PycharmProjects/XXXX-1-LLM/workspace/2024-03-11_19-01-30-986145/test_script.py\\\", line 11, in test\\n    self.assertEqual(pair_xor_Sum([5,9,7,6],4), 47)\\nAssertionError: 94 != 47\\n\\n----------------------------------------------------------------------\\nRan 1 test in 0.000s\\n\\nFAILED (failures=1)\\n\\nAnalysis:\\nThe test script output indicates a failure in the test. The expected output was 47, however, the actual output was 94.\\n\\nConclusion:\\nThe code has FAILED the test.\\n\\nInput and Expected Output Example:\\ndef pair_xor_Sum(arr, n):\\n    res = 0\\n    for i in range(n):\\n        for j in range(n):\\n            res += arr[i] ^ arr[j]\\n    return res\\n\\nCode Test FAILED., do you have any ideas?\\n-----\\n\\n[Developer]says: As a Developer, I think we should review the pair_xor_Sum function and its logic to identify the issue and make the necessary corrections.\\n-----\\n\\n[Tester]says: As a Tester, it seems that the test script output indicates a failure in the test, and the code has FAILED the test. It may be necessary to review the code and the input to identify the issue.\\n-----\\n\\n[ProductOwner]says: As a Product Owner, I think we need to prioritize fixing the failed test in order to ensure the quality of the product.\\n-----\\n\\n[Tester]says: [Tester] To create a product, we should review the code and the input to identify the issue causing the test failure.\\n-----\\n\\n[Developer]says: As a Developer, I think we should review the pair_xor_Sum function and its logic to identify the issue and make the necessary corrections.\\n-----\\n\\n[Architect]says: As an Architect, I recommend reviewing the pair_xor_Sum function to identify the source of the error and make necessary adjustments to ensure the expected output matches the actual output.\\n-----\\n\\n[ProductOwner]says: As a Product Owner, I think we need to prioritize fixing the failed test in order to ensure the quality of the product.\\n-----\\n\\n[Architect]says: As an Architect, I recommend reviewing the pair_xor_Sum function to identify the source of the error and make necessary adjustments to ensure the expected output matches the actual output.\\n-----\\n\", \"Question\": \"Follow the Instruction section. The Discussion History is in the Context section. You only need to return a list as the Example section.\"}",
    "RepairResponse1": "{\n  \"revised_code\": \"def pair_xor_Sum(arr, n): \\n  res = 0\\n  for i in range(n):\\n    for j in range(n):\\n      res += arr[i] ^ arr[j]\\n  return res\"\n}",
    "RepairResponse1_prompt": {
        "Role": "You are a professional software engineer. Your duty is to write code in Python that meets the requirements. Ensure that the code you write is efficient, readable, and follows best practices. Remember, do not need to explain the code you wrote.",
        "Instruction": "1. Rewrite a bug fix version of the original code. 2. Response in JSON format.",
        "Example": "{\"revised_code\":\"...\"}",
        "Context": "# Test Report:\nTest Report:\n\nTest script's output:\nF\n======================================================================\nFAIL: test (__main__.Test)\n----------------------------------------------------------------------\nTraceback (most recent call last):\n  File \"/Users/watch/PycharmProjects/XXXX-1-LLM/workspace/2024-03-11_19-01-30-986145/test_script.py\", line 11, in test\n    self.assertEqual(pair_xor_Sum([5,9,7,6],4), 47)\nAssertionError: 94 != 47\n\n----------------------------------------------------------------------\nRan 1 test in 0.000s\n\nFAILED (failures=1)\n\nAnalysis:\nThe test script output indicates a failure in the test. The expected output was 47, however, the actual output was 94.\n\nConclusion:\nThe code has FAILED the test.\n\nInput and Expected Output Example:\ndef pair_xor_Sum(arr, n):\n    res = 0\n    for i in range(n):\n        for j in range(n):\n            res += arr[i] ^ arr[j]\n    return res\n\nCode Test FAILED.# suggestions:\n{\"product-owner\": [\"We need to prioritize fixing the failed test in order to ensure the quality of the product.\"], \"architect\": [\"I recommend reviewing the pair_xor_Sum function to identify the source of the error and make necessary adjustments to ensure the expected output matches the actual output.\"], \"developer\": [\"We should review the pair_xor_Sum function and its logic to identify the issue and make the necessary corrections.\"], \"tester\": [\"It seems that the test script output indicates a failure in the test, and the code has FAILED the test. It may be necessary to review the code and the input to identify the issue.\"]}",
        "Question": "The original code has some bugs, according to the test report and suggestions, rewrite the code. Complete the following code:\ndef pair_xor_Sum(arr,n) : \n'''Write a python function to find the sum of xor of all pairs of numbers in the given list.\nassert pair_xor_Sum([5,9,7,6],4) == 47'''\n"
    },
    "Code2": "def pair_xor_Sum(arr, n): \n  res = 0\n  for i in range(n):\n    for j in range(n):\n      res += arr[i] ^ arr[j]\n  return res",
    "ScriptResult2": "F\n======================================================================\nFAIL: test (__main__.Test)\n----------------------------------------------------------------------\nTraceback (most recent call last):\n  File \"/Users/watch/PycharmProjects/XXXX-1-LLM/workspace/2024-03-11_19-01-30-986145/test_script.py\", line 11, in test\n    self.assertEqual(pair_xor_Sum([5,9,7,6],4), 47)\nAssertionError: 94 != 47\n\n----------------------------------------------------------------------\nRan 1 test in 0.000s\n\nFAILED (failures=1)\n",
    "TestReport2": "Test Report:\n\n- Test script's output:\n  F\n  ======================================================================\n  FAIL: test (__main__.Test)\n  ----------------------------------------------------------------------\n  Traceback (most recent call last):\n    File \"/Users/watch/PycharmProjects/XXXX-1-LLM/workspace/2024-03-11_19-01-30-986145/test_script.py\", line 11, in test\n      self.assertEqual(pair_xor_Sum([5,9,7,6],4), 47)\n  AssertionError: 94 != 47\n\n  ----------------------------------------------------------------------\n  Ran 1 test in 0.000s\n\n  FAILED (failures=1)\n\nConclusion:\nCode Test Failed\n\nInput and Expected Output Example:\ndef pair_xor_Sum(arr, n): \n  res = 0\n  for i in range(n):\n    for j in range(n):\n      res += arr[i] ^ arr[j]\n  return res",
    "SprintReview2": "[ScrumMaster]says: Here is our test Report: Test Report:\n\n- Test script's output:\n  F\n  ======================================================================\n  FAIL: test (__main__.Test)\n  ----------------------------------------------------------------------\n  Traceback (most recent call last):\n    File \"/Users/watch/PycharmProjects/XXXX-1-LLM/workspace/2024-03-11_19-01-30-986145/test_script.py\", line 11, in test\n      self.assertEqual(pair_xor_Sum([5,9,7,6],4), 47)\n  AssertionError: 94 != 47\n\n  ----------------------------------------------------------------------\n  Ran 1 test in 0.000s\n\n  FAILED (failures=1)\n\nConclusion:\nCode Test Failed\n\nInput and Expected Output Example:\ndef pair_xor_Sum(arr, n): \n  res = 0\n  for i in range(n):\n    for j in range(n):\n      res += arr[i] ^ arr[j]\n  return res, do you have any ideas?\n-----\n\n[Tester]says: As a Tester, I would recommend reviewing the test script and input/output examples to identify any potential issues or errors in the code.\n-----\n\n[Architect]says: As an Architect, it is important to review the test script and identify any potential design or architectural issues that may be causing the failure.\n-----\n\n[ProductOwner]says: As the Product Owner, I think we should prioritize fixing the code test failure and review the input and expected output example to identify the issue.\n-----\n\n[Developer]says: As a Developer, I think we should review the pair_xor_Sum function and try different input values to identify the root cause of the test failure.\n-----\n\n[ProductOwner]says: As the Product Owner, I think we should prioritize fixing the code test failure and review the input and expected output example to identify the issue.\n-----\n\n[Architect]says: As an Architect, I will review the test script to identify any potential design or architectural issues that may be causing the failure.\n-----\n\n[Tester]says: As a Tester, I would recommend reviewing the test script and input/output examples to identify any potential issues or errors in the code.\n-----\n\n[Developer]says: As a Developer, I think we should review the pair_xor_Sum function and try different input values to identify the root cause of the test failure.\n-----\n",
    "SprintReviewMeetings2": "{\n  \"product-owner\": [\"I think we should prioritize fixing the code test failure and review the input and expected output example to identify the issue.\"],\n  \"architect\": [\"It is important to review the test script and identify any potential design or architectural issues that may be causing the failure.\"],\n  \"developer\": [\"We should review the pair_xor_Sum function and try different input values to identify the root cause of the test failure.\"],\n  \"tester\": [\"I would recommend reviewing the test script and input/output examples to identify any potential issues or errors in the code.\"]\n}",
    "SprintReviewMeetings2_prompt": "{\"Role\": \"You are a professional scrum master. Your goal is to summary the Discussion History into a suggestions list for the scrum team.\", \"Instruction\": \"1. Read and Understand the Discussion History. 2. Summary the suggestions from four roles: product-owner/architect/developer/tester. 3. Response in JSON format.\", \"Example\": \"{\\\"product-owner\\\":[\\\"suggestion1\\\",\\\"suggestion2\\\"],\\\"architect\\\":[\\\"suggestion1\\\",\\\"suggestion2\\\"], \\\"developer\\\":[\\\"suggestion1\\\",\\\"suggestion2\\\"], \\\"tester\\\":[\\\"suggestion1\\\",\\\"suggestion2\\\"]}\", \"Context\": \"[ScrumMaster]says: Here is our test Report: Test Report:\\n\\n- Test script's output:\\n  F\\n  ======================================================================\\n  FAIL: test (__main__.Test)\\n  ----------------------------------------------------------------------\\n  Traceback (most recent call last):\\n    File \\\"/Users/watch/PycharmProjects/XXXX-1-LLM/workspace/2024-03-11_19-01-30-986145/test_script.py\\\", line 11, in test\\n      self.assertEqual(pair_xor_Sum([5,9,7,6],4), 47)\\n  AssertionError: 94 != 47\\n\\n  ----------------------------------------------------------------------\\n  Ran 1 test in 0.000s\\n\\n  FAILED (failures=1)\\n\\nConclusion:\\nCode Test Failed\\n\\nInput and Expected Output Example:\\ndef pair_xor_Sum(arr, n): \\n  res = 0\\n  for i in range(n):\\n    for j in range(n):\\n      res += arr[i] ^ arr[j]\\n  return res, do you have any ideas?\\n-----\\n\\n[Tester]says: As a Tester, I would recommend reviewing the test script and input/output examples to identify any potential issues or errors in the code.\\n-----\\n\\n[Architect]says: As an Architect, it is important to review the test script and identify any potential design or architectural issues that may be causing the failure.\\n-----\\n\\n[ProductOwner]says: As the Product Owner, I think we should prioritize fixing the code test failure and review the input and expected output example to identify the issue.\\n-----\\n\\n[Developer]says: As a Developer, I think we should review the pair_xor_Sum function and try different input values to identify the root cause of the test failure.\\n-----\\n\\n[ProductOwner]says: As the Product Owner, I think we should prioritize fixing the code test failure and review the input and expected output example to identify the issue.\\n-----\\n\\n[Architect]says: As an Architect, I will review the test script to identify any potential design or architectural issues that may be causing the failure.\\n-----\\n\\n[Tester]says: As a Tester, I would recommend reviewing the test script and input/output examples to identify any potential issues or errors in the code.\\n-----\\n\\n[Developer]says: As a Developer, I think we should review the pair_xor_Sum function and try different input values to identify the root cause of the test failure.\\n-----\\n\", \"Question\": \"Follow the Instruction section. The Discussion History is in the Context section. You only need to return a list as the Example section.\"}",
    "RepairResponse2": "{\n  \"revised_code\": \"def pair_xor_Sum(arr, n):\\n  res = 0\\n  for i in range(n):\\n    for j in range(n):\\n      res += arr[i] ^ arr[j]\\n  return res\"\n}",
    "RepairResponse2_prompt": {
        "Role": "You are a professional software engineer. Your duty is to write code in Python that meets the requirements. Ensure that the code you write is efficient, readable, and follows best practices. Remember, do not need to explain the code you wrote.",
        "Instruction": "1. Rewrite a bug fix version of the original code. 2. Response in JSON format.",
        "Example": "{\"revised_code\":\"...\"}",
        "Context": "# Test Report:\nTest Report:\n\n- Test script's output:\n  F\n  ======================================================================\n  FAIL: test (__main__.Test)\n  ----------------------------------------------------------------------\n  Traceback (most recent call last):\n    File \"/Users/watch/PycharmProjects/XXXX-1-LLM/workspace/2024-03-11_19-01-30-986145/test_script.py\", line 11, in test\n      self.assertEqual(pair_xor_Sum([5,9,7,6],4), 47)\n  AssertionError: 94 != 47\n\n  ----------------------------------------------------------------------\n  Ran 1 test in 0.000s\n\n  FAILED (failures=1)\n\nConclusion:\nCode Test Failed\n\nInput and Expected Output Example:\ndef pair_xor_Sum(arr, n): \n  res = 0\n  for i in range(n):\n    for j in range(n):\n      res += arr[i] ^ arr[j]\n  return res# suggestions:\n{\"product-owner\": [\"I think we should prioritize fixing the code test failure and review the input and expected output example to identify the issue.\"], \"architect\": [\"It is important to review the test script and identify any potential design or architectural issues that may be causing the failure.\"], \"developer\": [\"We should review the pair_xor_Sum function and try different input values to identify the root cause of the test failure.\"], \"tester\": [\"I would recommend reviewing the test script and input/output examples to identify any potential issues or errors in the code.\"]}",
        "Question": "The original code has some bugs, according to the test report and suggestions, rewrite the code. Complete the following code:\ndef pair_xor_Sum(arr,n) : \n'''Write a python function to find the sum of xor of all pairs of numbers in the given list.\nassert pair_xor_Sum([5,9,7,6],4) == 47'''\n"
    },
    "Code3": "def pair_xor_Sum(arr, n):\n  res = 0\n  for i in range(n):\n    for j in range(n):\n      res += arr[i] ^ arr[j]\n  return res",
    "ScriptResult3": "F\n======================================================================\nFAIL: test (__main__.Test)\n----------------------------------------------------------------------\nTraceback (most recent call last):\n  File \"/Users/watch/PycharmProjects/XXXX-1-LLM/workspace/2024-03-11_19-01-30-986145/test_script.py\", line 11, in test\n    self.assertEqual(pair_xor_Sum([5,9,7,6],4), 47)\nAssertionError: 94 != 47\n\n----------------------------------------------------------------------\nRan 1 test in 0.000s\n\nFAILED (failures=1)\n",
    "TestReport3": "Test Report:\n\nTest script's output:\nF\n======================================================================\nFAIL: test (__main__.Test)\n----------------------------------------------------------------------\nTraceback (most recent call last):\n  File \"/Users/watch/PycharmProjects/XXXX-1-LLM/workspace/2024-03-11_19-01-30-986145/test_script.py\", line 11, in test\n    self.assertEqual(pair_xor_Sum([5,9,7,6],4), 47)\nAssertionError: 94 != 47\n\n----------------------------------------------------------------------\nRan 1 test in 0.000s\n\nFAILED (failures=1)\n\nCode Test Failed\n\nInput example: pair_xor_Sum([5,9,7,6],4)\nExpected output: 47\n\nConclusion: Code Test Failed"
}