{
    "start_time": "2024-03-11_10-00-08-002791",
    "task": "def surfacearea_sphere(r):\n'''Write a function to find the surface area of a sphere.\nassert math.isclose(surfacearea_sphere(10), 1256.6370614359173, rel_tol=0.001)'''\n",
    "datetime": {
        "task": "2024-03-11 10:00:08",
        "task-id": "2024-03-11 10:00:08",
        "workflow": "2024-03-11 10:00:08",
        "Discussion": "2024-03-11 10:00:09",
        "DisorderedSprintMeetings": "2024-03-11 10:00:10",
        "UserStoryDraft0": "2024-03-11 10:02:12",
        "AnalyzeMeetings": "2024-03-11 10:02:13",
        "UserStory0": "2024-03-11 10:02:16",
        "CodeDraft0": "2024-03-11 10:02:17",
        "CodeReviewMeetings0": "2024-03-11 10:02:18",
        "Code0CR": "2024-03-11 10:02:19",
        "FinalCode": "2024-03-11 10:02:52",
        "Test Cases Draft": "2024-03-11 10:02:21",
        "Test Cases Meetings": "2024-03-11 10:02:23",
        "Test Cases": "2024-03-11 10:02:25",
        "Code0": "2024-03-11 10:02:26",
        "TestScriptOriginal": "2024-03-11 10:02:28",
        "TestScript": "2024-03-11 10:02:28",
        "ScriptResult0": "2024-03-11 10:02:28",
        "TestReport0": "2024-03-11 10:02:29",
        "SprintReview0": "2024-03-11 10:02:31",
        "SprintReviewMeetings0": "2024-03-11 10:02:32",
        "RepairResponse0": "2024-03-11 10:02:34",
        "Code1": "2024-03-11 10:02:34",
        "ScriptResult1": "2024-03-11 10:02:34",
        "TestReport1": "2024-03-11 10:02:40",
        "SprintReview1": "2024-03-11 10:02:42",
        "SprintReviewMeetings1": "2024-03-11 10:02:44",
        "RepairResponse1": "2024-03-11 10:02:44",
        "Code2": "2024-03-11 10:02:44",
        "ScriptResult2": "2024-03-11 10:02:44",
        "TestReport2": "2024-03-11 10:02:47",
        "SprintReview2": "2024-03-11 10:02:48",
        "SprintReviewMeetings2": "2024-03-11 10:02:50",
        "RepairResponse2": "2024-03-11 10:02:52",
        "Code3": "2024-03-11 10:02:52",
        "ScriptResult3": "2024-03-11 10:02:52",
        "TestReport3": "2024-03-11 10:02:53"
    },
    "task-id": 85,
    "workflow": "agile/agile_version_0.0.5_remove.json",
    "Discussion": "[ScrumMaster]says: We have a job: def surfacearea_sphere(r):\n'''Write a function to find the surface area of a sphere.\nassert math.isclose(surfacearea_sphere(10), 1256.6370614359173, rel_tol=0.001)'''\n, do you have any ideas?\n-----\n\n[Developer]says: As a Developer, I think the first step is to define the formula for calculating the surface area of a sphere and then implement it in the function.\n-----\n\n[Architect]says: As an architect, I think the first step is to define the requirements and constraints for the surfacearea_sphere function.\n-----\n\n[Tester]says: As a Tester, I would suggest writing test cases for the surfacearea_sphere function to ensure it calculates the surface area of a sphere accurately.\n-----\n\n[ProductOwner]says: As a Product Owner, I think we should consider the user's need for this function and ensure it aligns with our product vision.\n-----\n\n[Developer]says: As a Developer, I will start by defining the formula for calculating the surface area of a sphere and then implement it in the function.\n-----\n\n[Tester]says: As a Tester, I would suggest writing test cases for the surfacearea_sphere function to ensure it calculates the surface area of a sphere accurately.\n-----\n\n[Architect]says: As an architect, I think it is important to consider the design and scalability of the surfacearea_sphere function in order to meet the requirements and constraints.\n-----\n\n[ProductOwner]says: As a Product Owner, I think we should prioritize gathering user feedback to guide the development of the surfacearea_sphere function.\n-----\n",
    "DisorderedSprintMeetings": "{\n  \"product-owner\": [\"Consider user's needs\", \"Gather user feedback\"],\n  \"architect\": [\"Define requirements and constraints\", \"Consider design and scalability\"],\n  \"developer\": [\"Define formula for calculating surface area\", \"Implement formula in the function\"],\n  \"tester\": [\"Write test cases for surfacearea_sphere function\", \"Ensure accurate calculation of surface area\"]\n}",
    "DisorderedSprintMeetings_prompt": "{\"Role\": \"You are a professional scrum master. Your goal is to breakdown the Discussion History into a task list for the scrum team.\", \"Instruction\": \"1. Read and Understand the Discussion History. 2. Define the tasks for four roles: product-owner/architect/developer/tester. 3. Response in JSON format.\", \"Example\": \"{\\\"product-owner\\\":[\\\"task1\\\",\\\"task2\\\"],\\\"architect\\\":[\\\"task1\\\",\\\"task2\\\"], \\\"developer\\\":[\\\"task1\\\",\\\"task2\\\"], \\\"tester\\\":[\\\"task1\\\",\\\"task2\\\"]}\", \"Context\": \"[ScrumMaster]says: We have a job: def surfacearea_sphere(r):\\n'''Write a function to find the surface area of a sphere.\\nassert math.isclose(surfacearea_sphere(10), 1256.6370614359173, rel_tol=0.001)'''\\n, do you have any ideas?\\n-----\\n\\n[Developer]says: As a Developer, I think the first step is to define the formula for calculating the surface area of a sphere and then implement it in the function.\\n-----\\n\\n[Architect]says: As an architect, I think the first step is to define the requirements and constraints for the surfacearea_sphere function.\\n-----\\n\\n[Tester]says: As a Tester, I would suggest writing test cases for the surfacearea_sphere function to ensure it calculates the surface area of a sphere accurately.\\n-----\\n\\n[ProductOwner]says: As a Product Owner, I think we should consider the user's need for this function and ensure it aligns with our product vision.\\n-----\\n\\n[Developer]says: As a Developer, I will start by defining the formula for calculating the surface area of a sphere and then implement it in the function.\\n-----\\n\\n[Tester]says: As a Tester, I would suggest writing test cases for the surfacearea_sphere function to ensure it calculates the surface area of a sphere accurately.\\n-----\\n\\n[Architect]says: As an architect, I think it is important to consider the design and scalability of the surfacearea_sphere function in order to meet the requirements and constraints.\\n-----\\n\\n[ProductOwner]says: As a Product Owner, I think we should prioritize gathering user feedback to guide the development of the surfacearea_sphere function.\\n-----\\n\", \"Question\": \"Follow the Instruction section. The Discussion History is in the Context section. You only need to return a task list as the Example section.\"}",
    "UserStoryDraft0": "{\n  \"UserStory\": {\n    \"title\": \"Calculate Surface Area of a Sphere\",\n    \"as a\": \"user\",\n    \"I want to\": \"have a function to calculate the surface area of a sphere\",\n    \"so that\": \"I can use it in my calculations and applications\"\n  }\n}",
    "UserStoryDraft0_prompt": "{\"Role\": \"You need to act as a professional product owner. Your task is to write a UserStory\", \"Instruction\": \"According to the Context, please analyze the requirement and write your response. Response in JSON format. Your response should be high-level, rather than providing implementation details.\", \"Example\": \"\", \"Context\": [\"Consider user's needs\", \"Gather user feedback\"], \"Question\": \"Follow the Instruction. The requirement is as follows:\\ndef surfacearea_sphere(r):\\n'''Write a function to find the surface area of a sphere.\\nassert math.isclose(surfacearea_sphere(10), 1256.6370614359173, rel_tol=0.001)'''\\n\"}",
    "AnalyzeMeetings": "{\n  \"Architect\": \"After reviewing the user story, I suggest adding a section in the document that outlines the architectural design of the function to calculate the surface area of a sphere. This should include the input parameters, output format, and any dependencies or libraries that will be used.\",\n  \"Tester\": \"I recommend including a section in the document that outlines the test cases for the function to calculate the surface area of a sphere. This should include both positive and negative test cases, as well as any edge cases that need to be considered. Additionally, there should be a description of the expected results for each test case.\"\n}",
    "UserStory0": "{\n  \"RevisedDocument\": {\n    \"UserStory\": {\n      \"title\": \"Calculate Surface Area of a Sphere\",\n      \"as a\": \"user\",\n      \"I want to\": \"have a function to calculate the surface area of a sphere\",\n      \"so that\": \"I can use it in my calculations and applications\"\n    },\n    \"ArchitecturalDesign\": {\n      \"description\": \"This section outlines the architectural design of the function to calculate the surface area of a sphere. It includes the input parameters, output format, and any dependencies or libraries that will be used.\"\n    },\n    \"TestCases\": {\n      \"description\": \"This section outlines the test cases for the function to calculate the surface area of a sphere. It includes both positive and negative test cases, as well as any edge cases that need to be considered. Additionally, there is a description of the expected results for each test case.\"\n    }\n  }\n}",
    "UserStory0_prompt": {
        "Role": "You need to act as a professional product owner. Your duty is to revise the document based on the suggestions.",
        "Instruction": "1. Read the suggestions. 2. Revise your draft version document. 3. Response in JSON format. 4. REMEMBER: Your analysis should be high-level, rather than providing implementation details.",
        "Example": "",
        "Context": "# Suggestion:\n{\n  \"Architect\": \"After reviewing the user story, I suggest adding a section in the document that outlines the architectural design of the function to calculate the surface area of a sphere. This should include the input parameters, output format, and any dependencies or libraries that will be used.\",\n  \"Tester\": \"I recommend including a section in the document that outlines the test cases for the function to calculate the surface area of a sphere. This should include both positive and negative test cases, as well as any edge cases that need to be considered. Additionally, there should be a description of the expected results for each test case.\"\n}",
        "Question": "Follow the Instruction. Your colleague give you some suggestions(in the Context section) about this draft document:{\n  \"UserStory\": {\n    \"title\": \"Calculate Surface Area of a Sphere\",\n    \"as a\": \"user\",\n    \"I want to\": \"have a function to calculate the surface area of a sphere\",\n    \"so that\": \"I can use it in my calculations and applications\"\n  }\n}"
    },
    "CodeDraft0": "import math\n\ndef surfacearea_sphere(r):\n    return 4 * math.pi * (r ** 2)\n",
    "CodeDraft0_prompt": {
        "Role": "You are a professional engineer. Your duty is to write code in Python that meets the requirements. Ensure that the code you write is efficient, readable, and follows best practices. Remember, do not need to explain the code you wrote.",
        "Instruction": "According to the Context section, write your code.",
        "Example": "",
        "Context": "# Tasks:\n['Define formula for calculating surface area', 'Implement formula in the function']",
        "Question": "Follow the Instruction section. Complete the following code:\ndef surfacearea_sphere(r):\n'''Write a function to find the surface area of a sphere.\nassert math.isclose(surfacearea_sphere(10), 1256.6370614359173, rel_tol=0.001)'''\n"
    },
    "CodeReviewMeetings0": "{\n  \"Architect\": \"Consider adding input validation to ensure that the radius (r) is a positive number. This will help prevent unexpected behavior if an invalid input is provided.\",\n  \"Tester\": \"Test the function with different input values, including positive and negative numbers, zero, and non-numeric inputs. Verify that the function returns the correct surface area for a sphere based on the input radius.\"\n}",
    "Code0CR": "def surfacearea_sphere(r):\n    import math\n    if r <= 0:\n        raise ValueError(\"Radius must be a positive number\")\n    return 4 * math.pi * (r ** 2)",
    "Code0CR_prompt": "{\"Role\": \"You are a professional software engineer. Your duty is to write code in Python that meets the requirements. Ensure that the code you write is efficient, readable, and follows best practices. Remember, do not need to explain the code you wrote.\", \"Instruction\": \"1. Understand the suggestions(in the Context section) about the original code. 2. Rewrite your code.\", \"Example\": \"\", \"Context\": \"# Tasks:\\n['Define formula for calculating surface area', 'Implement formula in the function']\\n# Suggestions:\\n{\\n  \\\"Architect\\\": \\\"Consider adding input validation to ensure that the radius (r) is a positive number. This will help prevent unexpected behavior if an invalid input is provided.\\\",\\n  \\\"Tester\\\": \\\"Test the function with different input values, including positive and negative numbers, zero, and non-numeric inputs. Verify that the function returns the correct surface area for a sphere based on the input radius.\\\"\\n}\", \"Question\": \"Follow the Instruction section. Complete the following code:\\ndef surfacearea_sphere(r):\\n'''Write a function to find the surface area of a sphere.\\nassert math.isclose(surfacearea_sphere(10), 1256.6370614359173, rel_tol=0.001)'''\\n\"}",
    "FinalCode": "import math\nimport unittest\n\ndef surfacearea_sphere(r):\n    return 4 * math.pi * (r ** 2)\n\nclass Test(unittest.TestCase):\n    def test_surfacearea_sphere(self):\n        self.assertAlmostEqual(surfacearea_sphere(10), 1256.6370614359173, places=3)\n\nif __name__ == '__main__':\n    unittest.main()",
    "Test Cases Draft": "{\n  \"requirement_analysis\": \"Write a function to calculate the surface area of a sphere\",\n  \"test_cases\": [\n    {\n      \"Test Title\": \"Valid Input Test\",\n      \"Input Data\": \"r=5\",\n      \"Expected Output\": \"314.1592653589793\"\n    },\n    {\n      \"Test Title\": \"Boundary Input Test\",\n      \"Input Data\": \"r=0\",\n      \"Expected Output\": \"0\"\n    },\n    {\n      \"Test Title\": \"Invalid Input Test\",\n      \"Input Data\": \"r=-3\",\n      \"Expected Output\": \"Invalid input\"\n    }\n  ]\n}",
    "Test Cases Draft_prompt": "{\"Role\": \"You are a quality assurance engineer. Your duty is to design test cases for the developers.\", \"Instruction\": \"According to the Context section, write test cases. Don't write long strings in your test cases. Response in JSON format.\", \"Example\": \"{\\\"requirement analysis\\\":\\\"analysis\\\",\\\"test_cases\\\":[{\\\"Test Title\\\":\\\"title\\\", \\\"Input Data\\\":\\\"parameter1=[1,2,3],parameter2='123'\\\", \\\"Expected Output\\\":\\\"456\\\"},]}\", \"Context\": \"# UsrtStory:\\n{\\n  \\\"RevisedDocument\\\": {\\n    \\\"UserStory\\\": {\\n      \\\"title\\\": \\\"Calculate Surface Area of a Sphere\\\",\\n      \\\"as a\\\": \\\"user\\\",\\n      \\\"I want to\\\": \\\"have a function to calculate the surface area of a sphere\\\",\\n      \\\"so that\\\": \\\"I can use it in my calculations and applications\\\"\\n    },\\n    \\\"ArchitecturalDesign\\\": {\\n      \\\"description\\\": \\\"This section outlines the architectural design of the function to calculate the surface area of a sphere. It includes the input parameters, output format, and any dependencies or libraries that will be used.\\\"\\n    },\\n    \\\"TestCases\\\": {\\n      \\\"description\\\": \\\"This section outlines the test cases for the function to calculate the surface area of a sphere. It includes both positive and negative test cases, as well as any edge cases that need to be considered. Additionally, there is a description of the expected results for each test case.\\\"\\n    }\\n  }\\n}\\n# Tasks:\\n['Write test cases for surfacearea_sphere function', 'Ensure accurate calculation of surface area']\\n\", \"Question\": \"def surfacearea_sphere(r):\\n'''Write a function to find the surface area of a sphere.\\nassert math.isclose(surfacearea_sphere(10), 1256.6370614359173, rel_tol=0.001)'''\\n\"}",
    "Test Cases Meetings": "{\n  \"Architect\": \"As an architect, I would suggest adding test cases for edge cases such as very large input values to ensure the function can handle extreme values without crashing. Additionally, it would be helpful to include test cases for non-numeric input to cover all possible scenarios.\"\n  ,\n  \"Developer\": \"As a developer, I would suggest revising the test cases to include more descriptive test titles that clearly indicate the purpose of each test. Additionally, it would be beneficial to include additional test cases for different valid input values to ensure the function is accurately calculating the surface area of a sphere.\"\n}",
    "Test Cases": "{\n  \"requirement_analysis\": \"Write a function to calculate the surface area of a sphere\",\n  \"test_cases\": [\n    {\n      \"Test Title\": \"Valid Input Test - r=5\",\n      \"Input Data\": \"r=5\",\n      \"Expected Output\": \"314.1592653589793\"\n    },\n    {\n      \"Test Title\": \"Boundary Input Test - r=0\",\n      \"Input Data\": \"r=0\",\n      \"Expected Output\": \"0\"\n    },\n    {\n      \"Test Title\": \"Invalid Input Test - r=-3\",\n      \"Input Data\": \"r=-3\",\n      \"Expected Output\": \"Invalid input\"\n    },\n    {\n      \"Test Title\": \"Edge Cases Test - r=100\",\n      \"Input Data\": \"r=100\",\n      \"Expected Output\": \"125663.70614359173\"\n    },\n    {\n      \"Test Title\": \"Non-numeric Input Test - r=abc\",\n      \"Input Data\": \"r=abc\",\n      \"Expected Output\": \"Invalid input\"\n    }\n  ]\n}",
    "Test Cases_prompt": "{\"Role\": \"You are a quality assurance engineer. Your duty is to revise the test cases based on the suggestions.\", \"Instruction\": \"1. Your colleague give you some suggestions(in the Context section) about the draft test cases, read these suggestions. 2. Revise your draft version test cases, but don't use long parameters. 3. Response in JSON format.\", \"Example\": \"{\\\"requirement analysis\\\":\\\"analysis\\\",\\\"test_cases\\\":[{\\\"Test Title\\\":\\\"title\\\", \\\"Input Data\\\":\\\"parameter1=[1,2,3],parameter2='123'\\\", \\\"Expected Output\\\":\\\"456\\\"},]}\", \"Context\": \"# Suggestions:\\n{\\n  \\\"Architect\\\": \\\"As an architect, I would suggest adding test cases for edge cases such as very large input values to ensure the function can handle extreme values without crashing. Additionally, it would be helpful to include test cases for non-numeric input to cover all possible scenarios.\\\"\\n  ,\\n  \\\"Developer\\\": \\\"As a developer, I would suggest revising the test cases to include more descriptive test titles that clearly indicate the purpose of each test. Additionally, it would be beneficial to include additional test cases for different valid input values to ensure the function is accurately calculating the surface area of a sphere.\\\"\\n}\\n # Draft Test cases:\\n{\\n  \\\"requirement_analysis\\\": \\\"Write a function to calculate the surface area of a sphere\\\",\\n  \\\"test_cases\\\": [\\n    {\\n      \\\"Test Title\\\": \\\"Valid Input Test\\\",\\n      \\\"Input Data\\\": \\\"r=5\\\",\\n      \\\"Expected Output\\\": \\\"314.1592653589793\\\"\\n    },\\n    {\\n      \\\"Test Title\\\": \\\"Boundary Input Test\\\",\\n      \\\"Input Data\\\": \\\"r=0\\\",\\n      \\\"Expected Output\\\": \\\"0\\\"\\n    },\\n    {\\n      \\\"Test Title\\\": \\\"Invalid Input Test\\\",\\n      \\\"Input Data\\\": \\\"r=-3\\\",\\n      \\\"Expected Output\\\": \\\"Invalid input\\\"\\n    }\\n  ]\\n}\", \"Question\": \"Follow the Instruction. Please make sure your response length are less than 512. Your test cases is for the below question:\\ndef surfacearea_sphere(r):\\n'''Write a function to find the surface area of a sphere.\\nassert math.isclose(surfacearea_sphere(10), 1256.6370614359173, rel_tol=0.001)'''\\n\"}",
    "Code0": "def surfacearea_sphere(r):\n    import math\n    if not isinstance(r, (int, float)):\n        return \"Invalid input\"\n    if r <= 0:\n        raise ValueError(\"Radius must be a positive number\")\n    return 4 * math.pi * (r ** 2)",
    "Code0_prompt": {
        "Role": "You are a professional software engineer. Your duty is to write code in Python that meets the requirements. Ensure that the code you write is efficient, readable, and follows best practices. Remember, do not need to explain the code you wrote.",
        "Instruction": "1. Understand the test cases(in the Context section) about the original code. 2. Rewrite your code, make sure your code pass all test cases.",
        "Example": "",
        "Context": "# Original Code:\ndef surfacearea_sphere(r):\n    import math\n    if r <= 0:\n        raise ValueError(\"Radius must be a positive number\")\n    return 4 * math.pi * (r ** 2)\n# Test Cases:\n{\n  \"requirement_analysis\": \"Write a function to calculate the surface area of a sphere\",\n  \"test_cases\": [\n    {\n      \"Test Title\": \"Valid Input Test - r=5\",\n      \"Input Data\": \"r=5\",\n      \"Expected Output\": \"314.1592653589793\"\n    },\n    {\n      \"Test Title\": \"Boundary Input Test - r=0\",\n      \"Input Data\": \"r=0\",\n      \"Expected Output\": \"0\"\n    },\n    {\n      \"Test Title\": \"Invalid Input Test - r=-3\",\n      \"Input Data\": \"r=-3\",\n      \"Expected Output\": \"Invalid input\"\n    },\n    {\n      \"Test Title\": \"Edge Cases Test - r=100\",\n      \"Input Data\": \"r=100\",\n      \"Expected Output\": \"125663.70614359173\"\n    },\n    {\n      \"Test Title\": \"Non-numeric Input Test - r=abc\",\n      \"Input Data\": \"r=abc\",\n      \"Expected Output\": \"Invalid input\"\n    }\n  ]\n}",
        "Question": "def surfacearea_sphere(r):\n'''Write a function to find the surface area of a sphere.\nassert math.isclose(surfacearea_sphere(10), 1256.6370614359173, rel_tol=0.001)'''\n"
    },
    "TestScriptOriginal": "import math\n\ndef surfacearea_sphere(r):\n    return 4 * math.pi * r**2\n\nimport unittest\n\nclass Test(unittest.TestCase):\n    def test(self):\n        self.assertAlmostEqual(surfacearea_sphere(10), 1256.6370614359173, places=2)\n\nif __name__ == '__main__':\n    unittest.main()",
    "TestScriptOriginal_prompt": "{\"Role\": \"You are a quality assurance engineer. Your duty is to write a python test script in unittest framework.\", \"Instruction\": \"1. Write a python test script. 2. Use the input and output given by the question.\", \"Example\": \"import unittest\\n\\nclass Test(unittest.TestCase):\\n    def test(self):\\n        self.assertEqual(function_under_test('a'), 1)\\n\\nif __name__ == '__main__':\\n    unittest.main()\", \"Context\": \"\", \"Question\": \"def surfacearea_sphere(r):\\n'''Write a function to find the surface area of a sphere.\\nassert math.isclose(surfacearea_sphere(10), 1256.6370614359173, rel_tol=0.001)'''\\n\"}",
    "TestScript": "import math\n\nclass Test(unittest.TestCase):\n    def test(self):\n        self.assertAlmostEqual(surfacearea_sphere(10), 1256.6370614359173, places=2)\n\nif __name__ == '__main__':\n    unittest.main()",
    "ScriptResult0": "Traceback (most recent call last):\n  File \"/Users/watch/PycharmProjects/XXXX-1-LLM/workspace/2024-03-11_10-00-08-002791/test_script.py\", line 10, in <module>\n    class Test(unittest.TestCase):\nNameError: name 'unittest' is not defined\n",
    "TestReport0": "Test Report:\n\n- Code Test Failed\n\nInput Example: \nr = \"5\"\nExpected Output: \nInvalid input\n\nAnalysis:\nThe test script's output indicates a NameError: name 'unittest' is not defined. This error suggests that the code may have issues with the import of the 'unittest' module. Additionally, the code itself contains an issue where it returns \"Invalid input\" when the input is a string, instead of raising a ValueError as expected.\n\nConclusion:\nCode Test Failed",
    "SprintReview0": "[ScrumMaster]says: Here is our test Report: Test Report:\n\n- Code Test Failed\n\nInput Example: \nr = \"5\"\nExpected Output: \nInvalid input\n\nAnalysis:\nThe test script's output indicates a NameError: name 'unittest' is not defined. This error suggests that the code may have issues with the import of the 'unittest' module. Additionally, the code itself contains an issue where it returns \"Invalid input\" when the input is a string, instead of raising a ValueError as expected.\n\nConclusion:\nCode Test Failed, do you have any ideas?\n-----\n\n[Architect]says: As an architect, I think we should review the code and ensure that the 'unittest' module is imported correctly before running the tests.\n-----\n\n[ProductOwner]says: As a Product Owner, I think we should prioritize fixing the issues related to the import of the 'unittest' module and the incorrect handling of string inputs in order to improve the code test results.\n-----\n\n[Tester]says: As a Tester, I recommend checking the import of the 'unittest' module and correcting the code to raise a ValueError instead of returning \"Invalid input\" for string inputs.\n-----\n\n[Developer]says: As a developer, I will investigate the code to ensure that the 'unittest' module is properly imported and fix the issue of returning \"Invalid input\" when the input is a string.\n-----\n\n[Architect]says: As an architect, I think we should review the code and ensure that the 'unittest' module is imported correctly before running the tests.\n-----\n\n[ProductOwner]says: As a Product Owner, I think we should prioritize fixing the issues related to the import of the 'unittest' module and the incorrect handling of string inputs in order to improve the code test results.\n-----\n\n[Developer]says: As a developer, I will investigate the code to ensure that the 'unittest' module is properly imported and fix the issue of returning \"Invalid input\" when the input is a string.\n-----\n\n[Tester]says: As a Tester, I recommend checking the import of the 'unittest' module and correcting the code to raise a ValueError instead of returning \"Invalid input\" for string inputs.\n-----\n",
    "SprintReviewMeetings0": "{\n  \"product-owner\":[\"Prioritize fixing the issues related to the import of the 'unittest' module and the incorrect handling of string inputs\"],\n  \"architect\":[\"Review the code and ensure that the 'unittest' module is imported correctly before running the tests\"],\n  \"developer\":[\"Investigate the code to ensure that the 'unittest' module is properly imported and fix the issue of returning \\\"Invalid input\\\" when the input is a string\"],\n  \"tester\":[\"Recommend checking the import of the 'unittest' module and correcting the code to raise a ValueError instead of returning \\\"Invalid input\\\" for string inputs\"]\n}",
    "SprintReviewMeetings0_prompt": "{\"Role\": \"You are a professional scrum master. Your goal is to summary the Discussion History into a suggestions list for the scrum team.\", \"Instruction\": \"1. Read and Understand the Discussion History. 2. Summary the suggestions from four roles: product-owner/architect/developer/tester. 3. Response in JSON format.\", \"Example\": \"{\\\"product-owner\\\":[\\\"suggestion1\\\",\\\"suggestion2\\\"],\\\"architect\\\":[\\\"suggestion1\\\",\\\"suggestion2\\\"], \\\"developer\\\":[\\\"suggestion1\\\",\\\"suggestion2\\\"], \\\"tester\\\":[\\\"suggestion1\\\",\\\"suggestion2\\\"]}\", \"Context\": \"[ScrumMaster]says: Here is our test Report: Test Report:\\n\\n- Code Test Failed\\n\\nInput Example: \\nr = \\\"5\\\"\\nExpected Output: \\nInvalid input\\n\\nAnalysis:\\nThe test script's output indicates a NameError: name 'unittest' is not defined. This error suggests that the code may have issues with the import of the 'unittest' module. Additionally, the code itself contains an issue where it returns \\\"Invalid input\\\" when the input is a string, instead of raising a ValueError as expected.\\n\\nConclusion:\\nCode Test Failed, do you have any ideas?\\n-----\\n\\n[Architect]says: As an architect, I think we should review the code and ensure that the 'unittest' module is imported correctly before running the tests.\\n-----\\n\\n[ProductOwner]says: As a Product Owner, I think we should prioritize fixing the issues related to the import of the 'unittest' module and the incorrect handling of string inputs in order to improve the code test results.\\n-----\\n\\n[Tester]says: As a Tester, I recommend checking the import of the 'unittest' module and correcting the code to raise a ValueError instead of returning \\\"Invalid input\\\" for string inputs.\\n-----\\n\\n[Developer]says: As a developer, I will investigate the code to ensure that the 'unittest' module is properly imported and fix the issue of returning \\\"Invalid input\\\" when the input is a string.\\n-----\\n\\n[Architect]says: As an architect, I think we should review the code and ensure that the 'unittest' module is imported correctly before running the tests.\\n-----\\n\\n[ProductOwner]says: As a Product Owner, I think we should prioritize fixing the issues related to the import of the 'unittest' module and the incorrect handling of string inputs in order to improve the code test results.\\n-----\\n\\n[Developer]says: As a developer, I will investigate the code to ensure that the 'unittest' module is properly imported and fix the issue of returning \\\"Invalid input\\\" when the input is a string.\\n-----\\n\\n[Tester]says: As a Tester, I recommend checking the import of the 'unittest' module and correcting the code to raise a ValueError instead of returning \\\"Invalid input\\\" for string inputs.\\n-----\\n\", \"Question\": \"Follow the Instruction section. The Discussion History is in the Context section. You only need to return a list as the Example section.\"}",
    "RepairResponse0": "{\n  \"revised_code\": \"import math\\n\\ndef surfacearea_sphere(r):\\n    if type(r) == str:\\n        raise ValueError(\\\"Invalid input\\\")\\n    return 4 * math.pi * (r ** 2)\"\n}",
    "RepairResponse0_prompt": {
        "Role": "You are a professional software engineer. Your duty is to write code in Python that meets the requirements. Ensure that the code you write is efficient, readable, and follows best practices. Remember, do not need to explain the code you wrote.",
        "Instruction": "1. Rewrite a bug fix version of the original code. 2. Response in JSON format.",
        "Example": "{\"revised_code\":\"...\"}",
        "Context": "# Test Report:\nTest Report:\n\n- Code Test Failed\n\nInput Example: \nr = \"5\"\nExpected Output: \nInvalid input\n\nAnalysis:\nThe test script's output indicates a NameError: name 'unittest' is not defined. This error suggests that the code may have issues with the import of the 'unittest' module. Additionally, the code itself contains an issue where it returns \"Invalid input\" when the input is a string, instead of raising a ValueError as expected.\n\nConclusion:\nCode Test Failed# suggestions:\n{\"product-owner\": [\"Prioritize fixing the issues related to the import of the 'unittest' module and the incorrect handling of string inputs\"], \"architect\": [\"Review the code and ensure that the 'unittest' module is imported correctly before running the tests\"], \"developer\": [\"Investigate the code to ensure that the 'unittest' module is properly imported and fix the issue of returning \\\"Invalid input\\\" when the input is a string\"], \"tester\": [\"Recommend checking the import of the 'unittest' module and correcting the code to raise a ValueError instead of returning \\\"Invalid input\\\" for string inputs\"]}",
        "Question": "The original code has some bugs, according to the test report and suggestions, rewrite the code. Complete the following code:\ndef surfacearea_sphere(r):\n'''Write a function to find the surface area of a sphere.\nassert math.isclose(surfacearea_sphere(10), 1256.6370614359173, rel_tol=0.001)'''\n"
    },
    "Code1": "import math\n\ndef surfacearea_sphere(r):\n    if type(r) == str:\n        raise ValueError(\"Invalid input\")\n    return 4 * math.pi * (r ** 2)",
    "ScriptResult1": "Traceback (most recent call last):\n  File \"/Users/watch/PycharmProjects/XXXX-1-LLM/workspace/2024-03-11_10-00-08-002791/test_script.py\", line 9, in <module>\n    class Test(unittest.TestCase):\nNameError: name 'unittest' is not defined\n",
    "TestReport1": "Test Report:\n\nTest Script Output:\nTraceback (most recent call last):\n  File \"/Users/watch/PycharmProjects/XXXX-1-LLM/workspace/2024-03-11_10-00-08-002791/test_script.py\", line 9, in <module>\n    class Test(unittest.TestCase):\nNameError: name 'unittest' is not defined\n\nAnalysis:\nThe test script output indicates a NameError for 'unittest' in the test_script.py file. This error suggests that the 'unittest' module is not imported or defined properly in the test script.\n\nConclusion:\nCode Test Failed\n\nInput and Expected Output Example:\nimport math\n\ndef surfacearea_sphere(r):\n    if type(r) == str:\n        raise ValueError(\"Invalid input\")\n    return 4 * math.pi * (r ** 2)\n\nAs per the test script output, the issue is not related to the function 'surfacearea_sphere', but rather the 'unittest' module in the test script.\n\nRecommendation:\nThe 'unittest' module should be imported or defined properly in the test script to resolve the NameError issue.\n\nCode Test Failed",
    "SprintReview1": "[ScrumMaster]says: Here is our test Report: Test Report:\n\nTest Script Output:\nTraceback (most recent call last):\n  File \"/Users/watch/PycharmProjects/XXXX-1-LLM/workspace/2024-03-11_10-00-08-002791/test_script.py\", line 9, in <module>\n    class Test(unittest.TestCase):\nNameError: name 'unittest' is not defined\n\nAnalysis:\nThe test script output indicates a NameError for 'unittest' in the test_script.py file. This error suggests that the 'unittest' module is not imported or defined properly in the test script.\n\nConclusion:\nCode Test Failed\n\nInput and Expected Output Example:\nimport math\n\ndef surfacearea_sphere(r):\n    if type(r) == str:\n        raise ValueError(\"Invalid input\")\n    return 4 * math.pi * (r ** 2)\n\nAs per the test script output, the issue is not related to the function 'surfacearea_sphere', but rather the 'unittest' module in the test script.\n\nRecommendation:\nThe 'unittest' module should be imported or defined properly in the test script to resolve the NameError issue.\n\nCode Test Failed, do you have any ideas?\n-----\n\n[Architect]says: As an Architect, I recommend reviewing the test script and ensuring that the 'unittest' module is properly imported or defined to resolve the NameError issue.\n-----\n\n[ProductOwner]says: As a Product Owner, I think we should prioritize fixing the 'unittest' module issue in the test script to ensure the code test passes.\n-----\n\n[Tester]says: As a Tester, I recommend importing or defining the 'unittest' module properly in the test script to resolve the NameError issue.\n-----\n\n[Developer]says: As a Developer, I will make sure to import or define the 'unittest' module properly in the test script to resolve the NameError issue.\n-----\n\n[Tester]says: As a Tester, I recommend importing or defining the 'unittest' module properly in the test script to resolve the NameError issue.\n-----\n\n[Developer]says: As a Developer, I will make sure to import or define the 'unittest' module properly in the test script to resolve the NameError issue.\n-----\n\n[Architect]says: [Architect] To create a product, we should prioritize reviewing the test script and ensuring that the 'unittest' module is properly imported or defined to resolve the NameError issue.\n-----\n\n[ProductOwner]says: [ProductOwner] To create a product, we should prioritize fixing the 'unittest' module issue in the test script to ensure the code test passes.\n-----\n",
    "SprintReviewMeetings1": "{\n  \"product-owner\":[\"I think we should prioritize fixing the 'unittest' module issue in the test script to ensure the code test passes.\"],\n  \"architect\":[\"I recommend reviewing the test script and ensuring that the 'unittest' module is properly imported or defined to resolve the NameError issue.\"],\n  \"developer\":[\"I will make sure to import or define the 'unittest' module properly in the test script to resolve the NameError issue.\"],\n  \"tester\":[\"I recommend importing or defining the 'unittest' module properly in the test script to resolve the NameError issue.\"]\n}",
    "SprintReviewMeetings1_prompt": "{\"Role\": \"You are a professional scrum master. Your goal is to summary the Discussion History into a suggestions list for the scrum team.\", \"Instruction\": \"1. Read and Understand the Discussion History. 2. Summary the suggestions from four roles: product-owner/architect/developer/tester. 3. Response in JSON format.\", \"Example\": \"{\\\"product-owner\\\":[\\\"suggestion1\\\",\\\"suggestion2\\\"],\\\"architect\\\":[\\\"suggestion1\\\",\\\"suggestion2\\\"], \\\"developer\\\":[\\\"suggestion1\\\",\\\"suggestion2\\\"], \\\"tester\\\":[\\\"suggestion1\\\",\\\"suggestion2\\\"]}\", \"Context\": \"[ScrumMaster]says: Here is our test Report: Test Report:\\n\\nTest Script Output:\\nTraceback (most recent call last):\\n  File \\\"/Users/watch/PycharmProjects/XXXX-1-LLM/workspace/2024-03-11_10-00-08-002791/test_script.py\\\", line 9, in <module>\\n    class Test(unittest.TestCase):\\nNameError: name 'unittest' is not defined\\n\\nAnalysis:\\nThe test script output indicates a NameError for 'unittest' in the test_script.py file. This error suggests that the 'unittest' module is not imported or defined properly in the test script.\\n\\nConclusion:\\nCode Test Failed\\n\\nInput and Expected Output Example:\\nimport math\\n\\ndef surfacearea_sphere(r):\\n    if type(r) == str:\\n        raise ValueError(\\\"Invalid input\\\")\\n    return 4 * math.pi * (r ** 2)\\n\\nAs per the test script output, the issue is not related to the function 'surfacearea_sphere', but rather the 'unittest' module in the test script.\\n\\nRecommendation:\\nThe 'unittest' module should be imported or defined properly in the test script to resolve the NameError issue.\\n\\nCode Test Failed, do you have any ideas?\\n-----\\n\\n[Architect]says: As an Architect, I recommend reviewing the test script and ensuring that the 'unittest' module is properly imported or defined to resolve the NameError issue.\\n-----\\n\\n[ProductOwner]says: As a Product Owner, I think we should prioritize fixing the 'unittest' module issue in the test script to ensure the code test passes.\\n-----\\n\\n[Tester]says: As a Tester, I recommend importing or defining the 'unittest' module properly in the test script to resolve the NameError issue.\\n-----\\n\\n[Developer]says: As a Developer, I will make sure to import or define the 'unittest' module properly in the test script to resolve the NameError issue.\\n-----\\n\\n[Tester]says: As a Tester, I recommend importing or defining the 'unittest' module properly in the test script to resolve the NameError issue.\\n-----\\n\\n[Developer]says: As a Developer, I will make sure to import or define the 'unittest' module properly in the test script to resolve the NameError issue.\\n-----\\n\\n[Architect]says: [Architect] To create a product, we should prioritize reviewing the test script and ensuring that the 'unittest' module is properly imported or defined to resolve the NameError issue.\\n-----\\n\\n[ProductOwner]says: [ProductOwner] To create a product, we should prioritize fixing the 'unittest' module issue in the test script to ensure the code test passes.\\n-----\\n\", \"Question\": \"Follow the Instruction section. The Discussion History is in the Context section. You only need to return a list as the Example section.\"}",
    "RepairResponse1": "{\n  \"revised_code\": \"import math\\n\\ndef surfacearea_sphere(r):\\n    return 4 * math.pi * (r ** 2)\"\n}",
    "RepairResponse1_prompt": {
        "Role": "You are a professional software engineer. Your duty is to write code in Python that meets the requirements. Ensure that the code you write is efficient, readable, and follows best practices. Remember, do not need to explain the code you wrote.",
        "Instruction": "1. Rewrite a bug fix version of the original code. 2. Response in JSON format.",
        "Example": "{\"revised_code\":\"...\"}",
        "Context": "# Test Report:\nTest Report:\n\nTest Script Output:\nTraceback (most recent call last):\n  File \"/Users/watch/PycharmProjects/XXXX-1-LLM/workspace/2024-03-11_10-00-08-002791/test_script.py\", line 9, in <module>\n    class Test(unittest.TestCase):\nNameError: name 'unittest' is not defined\n\nAnalysis:\nThe test script output indicates a NameError for 'unittest' in the test_script.py file. This error suggests that the 'unittest' module is not imported or defined properly in the test script.\n\nConclusion:\nCode Test Failed\n\nInput and Expected Output Example:\nimport math\n\ndef surfacearea_sphere(r):\n    if type(r) == str:\n        raise ValueError(\"Invalid input\")\n    return 4 * math.pi * (r ** 2)\n\nAs per the test script output, the issue is not related to the function 'surfacearea_sphere', but rather the 'unittest' module in the test script.\n\nRecommendation:\nThe 'unittest' module should be imported or defined properly in the test script to resolve the NameError issue.\n\nCode Test Failed# suggestions:\n{\"product-owner\": [\"I think we should prioritize fixing the 'unittest' module issue in the test script to ensure the code test passes.\"], \"architect\": [\"I recommend reviewing the test script and ensuring that the 'unittest' module is properly imported or defined to resolve the NameError issue.\"], \"developer\": [\"I will make sure to import or define the 'unittest' module properly in the test script to resolve the NameError issue.\"], \"tester\": [\"I recommend importing or defining the 'unittest' module properly in the test script to resolve the NameError issue.\"]}",
        "Question": "The original code has some bugs, according to the test report and suggestions, rewrite the code. Complete the following code:\ndef surfacearea_sphere(r):\n'''Write a function to find the surface area of a sphere.\nassert math.isclose(surfacearea_sphere(10), 1256.6370614359173, rel_tol=0.001)'''\n"
    },
    "Code2": "import math\n\ndef surfacearea_sphere(r):\n    return 4 * math.pi * (r ** 2)",
    "ScriptResult2": "Traceback (most recent call last):\n  File \"/Users/watch/PycharmProjects/XXXX-1-LLM/workspace/2024-03-11_10-00-08-002791/test_script.py\", line 7, in <module>\n    class Test(unittest.TestCase):\nNameError: name 'unittest' is not defined\n",
    "TestReport2": "Test Report:\n\nContext:\nThe test script's output is as follows:\nTraceback (most recent call last):\n  File \"/Users/watch/PycharmProjects/XXXX-1-LLM/workspace/2024-03-11_10-00-08-002791/test_script.py\", line 7, in <module>\n    class Test(unittest.TestCase):\nNameError: name 'unittest' is not defined\n\nAnalysis:\nBased on the test script's output, it seems that there is a NameError as the 'unittest' module is not defined. This indicates a failure in the code execution.\n\nConclusion:\nCode Test Failed\n\nInput and Expected Output Example:\nimport math\n\ndef surfacearea_sphere(r):\n    return 4 * math.pi * (r ** 2)\n\nPlease ensure that the 'unittest' module is properly defined to resolve the NameError issue.",
    "SprintReview2": "[ScrumMaster]says: Here is our test Report: Test Report:\n\nContext:\nThe test script's output is as follows:\nTraceback (most recent call last):\n  File \"/Users/watch/PycharmProjects/XXXX-1-LLM/workspace/2024-03-11_10-00-08-002791/test_script.py\", line 7, in <module>\n    class Test(unittest.TestCase):\nNameError: name 'unittest' is not defined\n\nAnalysis:\nBased on the test script's output, it seems that there is a NameError as the 'unittest' module is not defined. This indicates a failure in the code execution.\n\nConclusion:\nCode Test Failed\n\nInput and Expected Output Example:\nimport math\n\ndef surfacearea_sphere(r):\n    return 4 * math.pi * (r ** 2)\n\nPlease ensure that the 'unittest' module is properly defined to resolve the NameError issue., do you have any ideas?\n-----\n\n[Tester]says: As a Tester, I suggest checking the code to ensure that the 'unittest' module is properly defined to resolve the NameError issue.\n-----\n\n[Developer]says: As a Developer, I suggest ensuring that the 'unittest' module is properly defined in order to resolve the NameError issue.\n-----\n\n[Architect]says: As an Architect, I recommend ensuring that the 'unittest' module is properly defined in the code to resolve the NameError issue.\n-----\n\n[ProductOwner]says: As a Product Owner, I think we should prioritize fixing the issue with the 'unittest' module in order to ensure the code test passes. I will work with the team to come up with a plan to address this issue.\n-----\n\n[Tester]says: As a Tester, I suggest checking the code to ensure that the 'unittest' module is properly defined to resolve the NameError issue.\n-----\n\n[Developer]says: As a Developer, I will review the code and make sure that the 'unittest' module is properly defined to resolve the NameError issue.\n-----\n\n[Architect]says: As an Architect, I recommend ensuring that the 'unittest' module is properly defined in the code to resolve the NameError issue.\n-----\n\n[ProductOwner]says: As a Product Owner, I think we should prioritize fixing the issue with the 'unittest' module to ensure the code test passes. I will work with the team to come up with a plan to address this issue.\n-----\n",
    "SprintReviewMeetings2": "{\n  \"product-owner\":[\"I think we should prioritize fixing the issue with the 'unittest' module to ensure the code test passes. I will work with the team to come up with a plan to address this issue.\"],\n  \"architect\":[\"I recommend ensuring that the 'unittest' module is properly defined in the code to resolve the NameError issue.\"],\n  \"developer\":[\"I will review the code and make sure that the 'unittest' module is properly defined to resolve the NameError issue.\"],\n  \"tester\":[\"I suggest checking the code to ensure that the 'unittest' module is properly defined to resolve the NameError issue.\"]\n}",
    "SprintReviewMeetings2_prompt": "{\"Role\": \"You are a professional scrum master. Your goal is to summary the Discussion History into a suggestions list for the scrum team.\", \"Instruction\": \"1. Read and Understand the Discussion History. 2. Summary the suggestions from four roles: product-owner/architect/developer/tester. 3. Response in JSON format.\", \"Example\": \"{\\\"product-owner\\\":[\\\"suggestion1\\\",\\\"suggestion2\\\"],\\\"architect\\\":[\\\"suggestion1\\\",\\\"suggestion2\\\"], \\\"developer\\\":[\\\"suggestion1\\\",\\\"suggestion2\\\"], \\\"tester\\\":[\\\"suggestion1\\\",\\\"suggestion2\\\"]}\", \"Context\": \"[ScrumMaster]says: Here is our test Report: Test Report:\\n\\nContext:\\nThe test script's output is as follows:\\nTraceback (most recent call last):\\n  File \\\"/Users/watch/PycharmProjects/XXXX-1-LLM/workspace/2024-03-11_10-00-08-002791/test_script.py\\\", line 7, in <module>\\n    class Test(unittest.TestCase):\\nNameError: name 'unittest' is not defined\\n\\nAnalysis:\\nBased on the test script's output, it seems that there is a NameError as the 'unittest' module is not defined. This indicates a failure in the code execution.\\n\\nConclusion:\\nCode Test Failed\\n\\nInput and Expected Output Example:\\nimport math\\n\\ndef surfacearea_sphere(r):\\n    return 4 * math.pi * (r ** 2)\\n\\nPlease ensure that the 'unittest' module is properly defined to resolve the NameError issue., do you have any ideas?\\n-----\\n\\n[Tester]says: As a Tester, I suggest checking the code to ensure that the 'unittest' module is properly defined to resolve the NameError issue.\\n-----\\n\\n[Developer]says: As a Developer, I suggest ensuring that the 'unittest' module is properly defined in order to resolve the NameError issue.\\n-----\\n\\n[Architect]says: As an Architect, I recommend ensuring that the 'unittest' module is properly defined in the code to resolve the NameError issue.\\n-----\\n\\n[ProductOwner]says: As a Product Owner, I think we should prioritize fixing the issue with the 'unittest' module in order to ensure the code test passes. I will work with the team to come up with a plan to address this issue.\\n-----\\n\\n[Tester]says: As a Tester, I suggest checking the code to ensure that the 'unittest' module is properly defined to resolve the NameError issue.\\n-----\\n\\n[Developer]says: As a Developer, I will review the code and make sure that the 'unittest' module is properly defined to resolve the NameError issue.\\n-----\\n\\n[Architect]says: As an Architect, I recommend ensuring that the 'unittest' module is properly defined in the code to resolve the NameError issue.\\n-----\\n\\n[ProductOwner]says: As a Product Owner, I think we should prioritize fixing the issue with the 'unittest' module to ensure the code test passes. I will work with the team to come up with a plan to address this issue.\\n-----\\n\", \"Question\": \"Follow the Instruction section. The Discussion History is in the Context section. You only need to return a list as the Example section.\"}",
    "RepairResponse2": "{\n  \"revised_code\": \"import math\\nimport unittest\\n\\ndef surfacearea_sphere(r):\\n    return 4 * math.pi * (r ** 2)\\n\\nclass Test(unittest.TestCase):\\n    def test_surfacearea_sphere(self):\\n        self.assertAlmostEqual(surfacearea_sphere(10), 1256.6370614359173, places=3)\\n\\nif __name__ == '__main__':\\n    unittest.main()\"\n}",
    "RepairResponse2_prompt": {
        "Role": "You are a professional software engineer. Your duty is to write code in Python that meets the requirements. Ensure that the code you write is efficient, readable, and follows best practices. Remember, do not need to explain the code you wrote.",
        "Instruction": "1. Rewrite a bug fix version of the original code. 2. Response in JSON format.",
        "Example": "{\"revised_code\":\"...\"}",
        "Context": "# Test Report:\nTest Report:\n\nContext:\nThe test script's output is as follows:\nTraceback (most recent call last):\n  File \"/Users/watch/PycharmProjects/XXXX-1-LLM/workspace/2024-03-11_10-00-08-002791/test_script.py\", line 7, in <module>\n    class Test(unittest.TestCase):\nNameError: name 'unittest' is not defined\n\nAnalysis:\nBased on the test script's output, it seems that there is a NameError as the 'unittest' module is not defined. This indicates a failure in the code execution.\n\nConclusion:\nCode Test Failed\n\nInput and Expected Output Example:\nimport math\n\ndef surfacearea_sphere(r):\n    return 4 * math.pi * (r ** 2)\n\nPlease ensure that the 'unittest' module is properly defined to resolve the NameError issue.# suggestions:\n{\"product-owner\": [\"I think we should prioritize fixing the issue with the 'unittest' module to ensure the code test passes. I will work with the team to come up with a plan to address this issue.\"], \"architect\": [\"I recommend ensuring that the 'unittest' module is properly defined in the code to resolve the NameError issue.\"], \"developer\": [\"I will review the code and make sure that the 'unittest' module is properly defined to resolve the NameError issue.\"], \"tester\": [\"I suggest checking the code to ensure that the 'unittest' module is properly defined to resolve the NameError issue.\"]}",
        "Question": "The original code has some bugs, according to the test report and suggestions, rewrite the code. Complete the following code:\ndef surfacearea_sphere(r):\n'''Write a function to find the surface area of a sphere.\nassert math.isclose(surfacearea_sphere(10), 1256.6370614359173, rel_tol=0.001)'''\n"
    },
    "Code3": "import math\nimport unittest\n\ndef surfacearea_sphere(r):\n    return 4 * math.pi * (r ** 2)\n\nclass Test(unittest.TestCase):\n    def test_surfacearea_sphere(self):\n        self.assertAlmostEqual(surfacearea_sphere(10), 1256.6370614359173, places=3)\n\nif __name__ == '__main__':\n    unittest.main()",
    "ScriptResult3": ".\n----------------------------------------------------------------------\nRan 1 test in 0.000s\n\nOK\n",
    "TestReport3": "Test Report:\n\nTest Script's Output:\n.\n----------------------------------------------------------------------\nRan 1 test in 0.000s\n\nOK\n\nConclusion:\nCode Test Passed\n\nNote: The test script output indicates that the code has passed the test, and the expected output matches the actual output. Therefore, the code has passed the test for the surface area of a sphere."
}