{
    "start_time": "2024-03-11_12-46-23-336028",
    "task": "def is_Sum_Of_Powers_Of_Two(n): \n'''Write a python function to check whether the given number can be represented as sum of non-zero powers of 2 or not.\nassert is_Sum_Of_Powers_Of_Two(10) == True'''\n",
    "datetime": {
        "task": "2024-03-11 12:46:23",
        "task-id": "2024-03-11 12:46:23",
        "workflow": "2024-03-11 12:46:23",
        "Discussion": "2024-03-11 12:46:25",
        "DisorderedSprintMeetings": "2024-03-11 12:46:26",
        "UserStoryDraft0": "2024-03-11 12:47:03",
        "AnalyzeMeetings": "2024-03-11 12:47:05",
        "UserStory0": "2024-03-11 12:49:08",
        "DesignDraft0": "2024-03-11 12:49:12",
        "DesignMeetings0": "2024-03-11 12:49:14",
        "Design0": "2024-03-11 12:49:18",
        "CodeDraft0": "2024-03-11 12:49:20",
        "Code0CR": "2024-03-11 12:49:20",
        "FinalCode": "2024-03-11 12:49:58",
        "Test Cases Draft": "2024-03-11 12:49:22",
        "Test Cases Meetings": "2024-03-11 12:49:24",
        "Test Cases": "2024-03-11 12:49:27",
        "Code0": "2024-03-11 12:49:32",
        "TestScriptOriginal": "2024-03-11 12:49:34",
        "TestScript": "2024-03-11 12:49:34",
        "ScriptResult0": "2024-03-11 12:49:34",
        "TestReport0": "2024-03-11 12:49:39",
        "SprintReview0": "2024-03-11 12:49:40",
        "SprintReviewMeetings0": "2024-03-11 12:49:43",
        "RepairResponse0": "2024-03-11 12:49:44",
        "Code1": "2024-03-11 12:49:44",
        "ScriptResult1": "2024-03-11 12:49:44",
        "TestReport1": "2024-03-11 12:49:47",
        "SprintReview1": "2024-03-11 12:49:48",
        "SprintReviewMeetings1": "2024-03-11 12:49:50",
        "RepairResponse1": "2024-03-11 12:49:51",
        "Code2": "2024-03-11 12:49:51",
        "ScriptResult2": "2024-03-11 12:49:52",
        "TestReport2": "2024-03-11 12:49:53",
        "SprintReview2": "2024-03-11 12:49:55",
        "SprintReviewMeetings2": "2024-03-11 12:49:57",
        "RepairResponse2": "2024-03-11 12:49:58",
        "Code3": "2024-03-11 12:49:58",
        "ScriptResult3": "2024-03-11 12:49:59",
        "TestReport3": "2024-03-11 12:50:00"
    },
    "task-id": 138,
    "workflow": "agile/agile_version_0.0.5_remove.json",
    "Discussion": "[ScrumMaster]says: We have a job: def is_Sum_Of_Powers_Of_Two(n): \n'''Write a python function to check whether the given number can be represented as sum of non-zero powers of 2 or not.\nassert is_Sum_Of_Powers_Of_Two(10) == True'''\n, do you have any ideas?\n-----\n\n[Architect]says: As an Architect, I recommend analyzing the problem and developing a design approach before writing the code to ensure a robust and scalable solution.\n-----\n\n[Tester]says: As a Tester, I would suggest conducting thorough testing on the is_Sum_Of_Powers_Of_Two function to ensure it accurately checks whether a number can be represented as the sum of non-zero powers of 2.\n-----\n\n[ProductOwner]says: As a Product Owner, I think we should focus on creating a user-friendly interface for this function.\n-----\n\n[Developer]says: As a Developer, I think we should start by breaking down the problem into smaller parts and then write a function to check if the given number can be represented as a sum of non-zero powers of 2.\n-----\n\n[Architect]says: As an Architect, I recommend analyzing the problem and developing a design approach before writing the code to ensure a robust and scalable solution.\n-----\n\n[ProductOwner]says: As a Product Owner, I think we should prioritize creating a user-friendly interface for this function to enhance the overall user experience.\n-----\n\n[Tester]says: As a Tester, I would suggest conducting thorough testing on the is_Sum_Of_Powers_Of_Two function to ensure it accurately checks whether a number can be represented as the sum of non-zero powers of 2.\n-----\n\n[Developer]says: As a Developer, I think we should start by breaking down the problem into smaller parts and then write a function to check if the given number can be represented as a sum of non-zero powers of 2.\n-----\n",
    "DisorderedSprintMeetings": "{\n  \"product-owner\":[\"Create user-friendly interface for the function\",\"Prioritize creating a user-friendly interface\"],\n  \"architect\":[\"Analyze the problem and develop a design approach\",\"Develop a design approach before writing the code\"],\n  \"developer\":[\"Break down the problem into smaller parts\",\"Write a function to check if the given number can be represented as a sum of non-zero powers of 2\"],\n  \"tester\":[\"Conduct thorough testing on the is_Sum_Of_Powers_Of_Two function\",\"Ensure it accurately checks whether a number can be represented as the sum of non-zero powers of 2\"]\n}",
    "DisorderedSprintMeetings_prompt": "{\"Role\": \"You are a professional scrum master. Your goal is to breakdown the Discussion History into a task list for the scrum team.\", \"Instruction\": \"1. Read and Understand the Discussion History. 2. Define the tasks for four roles: product-owner/architect/developer/tester. 3. Response in JSON format.\", \"Example\": \"{\\\"product-owner\\\":[\\\"task1\\\",\\\"task2\\\"],\\\"architect\\\":[\\\"task1\\\",\\\"task2\\\"], \\\"developer\\\":[\\\"task1\\\",\\\"task2\\\"], \\\"tester\\\":[\\\"task1\\\",\\\"task2\\\"]}\", \"Context\": \"[ScrumMaster]says: We have a job: def is_Sum_Of_Powers_Of_Two(n): \\n'''Write a python function to check whether the given number can be represented as sum of non-zero powers of 2 or not.\\nassert is_Sum_Of_Powers_Of_Two(10) == True'''\\n, do you have any ideas?\\n-----\\n\\n[Architect]says: As an Architect, I recommend analyzing the problem and developing a design approach before writing the code to ensure a robust and scalable solution.\\n-----\\n\\n[Tester]says: As a Tester, I would suggest conducting thorough testing on the is_Sum_Of_Powers_Of_Two function to ensure it accurately checks whether a number can be represented as the sum of non-zero powers of 2.\\n-----\\n\\n[ProductOwner]says: As a Product Owner, I think we should focus on creating a user-friendly interface for this function.\\n-----\\n\\n[Developer]says: As a Developer, I think we should start by breaking down the problem into smaller parts and then write a function to check if the given number can be represented as a sum of non-zero powers of 2.\\n-----\\n\\n[Architect]says: As an Architect, I recommend analyzing the problem and developing a design approach before writing the code to ensure a robust and scalable solution.\\n-----\\n\\n[ProductOwner]says: As a Product Owner, I think we should prioritize creating a user-friendly interface for this function to enhance the overall user experience.\\n-----\\n\\n[Tester]says: As a Tester, I would suggest conducting thorough testing on the is_Sum_Of_Powers_Of_Two function to ensure it accurately checks whether a number can be represented as the sum of non-zero powers of 2.\\n-----\\n\\n[Developer]says: As a Developer, I think we should start by breaking down the problem into smaller parts and then write a function to check if the given number can be represented as a sum of non-zero powers of 2.\\n-----\\n\", \"Question\": \"Follow the Instruction section. The Discussion History is in the Context section. You only need to return a task list as the Example section.\"}",
    "UserStoryDraft0": "{\n  \"UserStory\": {\n    \"As a product owner, I want to create a user-friendly interface for the function is_Sum_Of_Powers_Of_Two, so that users can easily input a number and check whether it can be represented as the sum of non-zero powers of 2.\"\n  \n  \n \n \n \n \n \n \n \n \n \n \n \n \n \n \n \n \n \n \n \n \n \n \n \n \n \n \n \n \n \n \n \n \n \n \n \n \n \n \n \n \n \n \n \n \n \n \n \n \n \n \n \n \n \n \n \n \n \n \n \n \n \n \n \n \n \n \n \n \n \n \n \n \n \n \n \n \n \n \n \n \n \n \n \n \n \n \n \n \n \n \n \n \n \n \n \n \n \n \n \n",
    "UserStoryDraft0_prompt": "{\"Role\": \"You need to act as a professional product owner. Your task is to write a UserStory\", \"Instruction\": \"According to the Context, please analyze the requirement and write your response. Response in JSON format. Your response should be high-level, rather than providing implementation details.\", \"Example\": \"\", \"Context\": [\"Create user-friendly interface for the function\", \"Prioritize creating a user-friendly interface\"], \"Question\": \"Follow the Instruction. The requirement is as follows:\\ndef is_Sum_Of_Powers_Of_Two(n): \\n'''Write a python function to check whether the given number can be represented as sum of non-zero powers of 2 or not.\\nassert is_Sum_Of_Powers_Of_Two(10) == True'''\\n\"}",
    "AnalyzeMeetings": "{\n  \"Architect\": \"As an architect, I suggest conducting a thorough analysis of the current system and identifying the architectural components that need to be improved or added to support the new user-friendly interface. Additionally, consider the scalability and performance requirements to ensure the system can handle a large number of user inputs efficiently.\",\n  \"Tester\": \"As a tester, I suggest focusing on creating comprehensive test cases to cover various user input scenarios and edge cases to ensure the functionality of checking whether a number can be represented as the sum of non-zero powers of 2 is accurate. Additionally, perform usability testing to ensure the user interface is intuitive and easy to use.\"\n}",
    "UserStory0": "{\n  \"RevisedDocument\": {\n    \"UserStory\": \"As a product owner, I want to create a user-friendly interface for the function is_Sum_Of_Powers_Of_Two, so that users can easily input a number and check whether it can be represented as the sum of non-zero powers of 2.\",\n    \"Suggestions\": {\n      \"Architect\": \"Conduct a thorough analysis of the current system and identify architectural components that need improvement or addition to support the new user-friendly interface. Consider scalability and performance requirements for efficient handling of a large number of user inputs.\",\n      \"Tester\": \"Focus on creating comprehensive test cases to cover various user input scenarios and edge cases to ensure the functionality of checking whether a number can be represented as the sum of non-zero powers of 2 is accurate. Additionally, perform usability testing to ensure the user interface is intuitive and easy to use.\"\n    }\n  }\n}",
    "UserStory0_prompt": {
        "Role": "You need to act as a professional product owner. Your duty is to revise the document based on the suggestions.",
        "Instruction": "1. Read the suggestions. 2. Revise your draft version document. 3. Response in JSON format. 4. REMEMBER: Your analysis should be high-level, rather than providing implementation details.",
        "Example": "",
        "Context": "# Suggestion:\n{\n  \"Architect\": \"As an architect, I suggest conducting a thorough analysis of the current system and identifying the architectural components that need to be improved or added to support the new user-friendly interface. Additionally, consider the scalability and performance requirements to ensure the system can handle a large number of user inputs efficiently.\",\n  \"Tester\": \"As a tester, I suggest focusing on creating comprehensive test cases to cover various user input scenarios and edge cases to ensure the functionality of checking whether a number can be represented as the sum of non-zero powers of 2 is accurate. Additionally, perform usability testing to ensure the user interface is intuitive and easy to use.\"\n}",
        "Question": "Follow the Instruction. Your colleague give you some suggestions(in the Context section) about this draft document:{\n  \"UserStory\": {\n    \"As a product owner, I want to create a user-friendly interface for the function is_Sum_Of_Powers_Of_Two, so that users can easily input a number and check whether it can be represented as the sum of non-zero powers of 2.\"\n  \n  \n \n \n \n \n \n \n \n \n \n \n \n \n \n \n \n \n \n \n \n \n \n \n \n \n \n \n \n \n \n \n \n \n \n \n \n \n \n \n \n \n \n \n \n \n \n \n \n \n \n \n \n \n \n \n \n \n \n \n \n \n \n \n \n \n \n \n \n \n \n \n \n \n \n \n \n \n \n \n \n \n \n \n \n \n \n \n \n \n \n \n \n \n \n \n \n \n \n \n \n"
    },
    "DesignDraft0": "Design Approach:\n\n1. Architectural Components:\n   - Identify the current architectural components that support the existing functionality of the function is_Sum_Of_Powers_Of_Two.\n   - Evaluate the need for improvement or addition of architectural components to support the new user-friendly interface.\n   - Consider scalability and performance requirements for efficient handling of a large number of user inputs.\n\n2. User Interface:\n   - Design a user-friendly interface for the function is_Sum_Of_Powers_Of_Two that allows users to easily input a number and check whether it can be represented as the sum of non-zero powers of 2.\n   - Ensure the user interface is intuitive and easy to use through usability testing.\n\n3. Testing:\n   - Develop comprehensive test cases to cover various user input scenarios and edge cases to ensure the accuracy of the functionality of checking whether a number can be represented as the sum of non-zero powers of 2.\n\n4. High-Level Code Structure:\n   - Provide guidance to the developer on the high-level code structure for the is_Sum_Of_Powers_Of_Two function in Python.\n   - Focus on guiding the developer in writing code that effectively checks whether the given number can be represented as the sum of non-zero powers of 2.\n\nPlease note that the above design approach should guide the developer in writing code and should not provide implementation details.",
    "DesignMeetings0": "{\n  \"Developer\": \"For the architectural components, consider using a modular approach to handle the existing functionality and the new user-friendly interface. This will allow for easier maintenance and scalability. When it comes to the high-level code structure, provide clear guidelines on organizing the code into functions and classes to effectively check the sum of powers of two. Use appropriate data structures and algorithms to efficiently handle large user inputs.\",\n  \"Tester\": \"Ensure that the test cases cover a wide range of user input scenarios, including both valid and invalid inputs. Test for edge cases such as very large numbers and negative numbers to ensure the functionality is accurate and robust. Also, consider usability testing for the user interface to ensure it is intuitive and easy to use for the end users.\"\n}",
    "Design0": "Based on the suggestions provided, here is the new design for the architectural components, user interface, testing, and high-level code structure:\n\n1. Architectural Components:\n   - Identify the current architectural components that support the existing functionality of the function is_Sum_Of_Powers_Of_Two.\n   - Evaluate the need for improvement or addition of architectural components to support the new user-friendly interface.\n   - Consider using a modular approach to handle the existing functionality and the new user-friendly interface for easier maintenance and scalability.\n   - Use appropriate data structures and algorithms to efficiently handle large user inputs.\n\n2. User Interface:\n   - Design a user-friendly interface for the function is_Sum_Of_Powers_Of_Two that allows users to easily input a number and check whether it can be represented as the sum of non-zero powers of 2.\n   - Ensure the user interface is intuitive and easy to use through usability testing.\n\n3. Testing:\n   - Develop comprehensive test cases to cover various user input scenarios and edge cases to ensure the accuracy of the functionality of checking whether a number can be represented as the sum of non-zero powers of 2.\n\n4. High-Level Code Structure:\n   - Provide clear guidelines on organizing the code into functions and classes to effectively check the sum of powers of two.\n   - Focus on guiding the developer in writing code that effectively checks whether the given number can be represented as the sum of non-zero powers of 2.\n   - Provide guidance to the developer on the high-level code structure for the is_Sum_Of_Powers_Of_Two function in Python.\n\nThe above design approach should guide the developer in writing code and should not provide implementation details.",
    "CodeDraft0": "def is_Sum_Of_Powers_Of_Two(n):\n    # Write your efficient, readable, and best practice code here\n    pass # remove this line when writing the actual code\n    # Ensure that the code meets the requirements mentioned in the Context section\n\n'''Write a python function to check whether the given number can be represented as sum of non-zero powers of 2 or not.\nassert is_Sum_Of_Powers_Of_Two(10) == True'''",
    "CodeDraft0_prompt": {
        "Role": "You are a professional engineer. Your duty is to write code in Python that meets the requirements. Ensure that the code you write is efficient, readable, and follows best practices. Remember, do not need to explain the code you wrote.",
        "Instruction": "According to the Context section, write your code.",
        "Example": "",
        "Context": "# Tasks:\n['Break down the problem into smaller parts', 'Write a function to check if the given number can be represented as a sum of non-zero powers of 2']\n# Design:\nBased on the suggestions provided, here is the new design for the architectural components, user interface, testing, and high-level code structure:\n\n1. Architectural Components:\n   - Identify the current architectural components that support the existing functionality of the function is_Sum_Of_Powers_Of_Two.\n   - Evaluate the need for improvement or addition of architectural components to support the new user-friendly interface.\n   - Consider using a modular approach to handle the existing functionality and the new user-friendly interface for easier maintenance and scalability.\n   - Use appropriate data structures and algorithms to efficiently handle large user inputs.\n\n2. User Interface:\n   - Design a user-friendly interface for the function is_Sum_Of_Powers_Of_Two that allows users to easily input a number and check whether it can be represented as the sum of non-zero powers of 2.\n   - Ensure the user interface is intuitive and easy to use through usability testing.\n\n3. Testing:\n   - Develop comprehensive test cases to cover various user input scenarios and edge cases to ensure the accuracy of the functionality of checking whether a number can be represented as the sum of non-zero powers of 2.\n\n4. High-Level Code Structure:\n   - Provide clear guidelines on organizing the code into functions and classes to effectively check the sum of powers of two.\n   - Focus on guiding the developer in writing code that effectively checks whether the given number can be represented as the sum of non-zero powers of 2.\n   - Provide guidance to the developer on the high-level code structure for the is_Sum_Of_Powers_Of_Two function in Python.\n\nThe above design approach should guide the developer in writing code and should not provide implementation details.",
        "Question": "Follow the Instruction section. Complete the following code:\ndef is_Sum_Of_Powers_Of_Two(n): \n'''Write a python function to check whether the given number can be represented as sum of non-zero powers of 2 or not.\nassert is_Sum_Of_Powers_Of_Two(10) == True'''\n"
    },
    "Code0CR": "def is_Sum_Of_Powers_Of_Two(n):\n    # Write your efficient, readable, and best practice code here\n    pass # remove this line when writing the actual code\n    # Ensure that the code meets the requirements mentioned in the Context section\n\n'''Write a python function to check whether the given number can be represented as sum of non-zero powers of 2 or not.\nassert is_Sum_Of_Powers_Of_Two(10) == True'''",
    "FinalCode": "def is_Sum_Of_Powers_Of_Two(n):\n    if n <= 0:\n        return False\n    else:\n        while n % 2 == 0:\n            n = n / 2\n        return n == 1",
    "Test Cases Draft": "{\n  \"test_cases\": [\n    {\n      \"Test Title\": \"Valid input\",\n      \"Input Data\": \"parameter1=10\",\n      \"Expected Output\": \"True\"\n    },\n    {\n      \"Test Title\": \"Invalid input\",\n      \"Input Data\": \"parameter1=-5\",\n      \"Expected Output\": \"False\"\n    },\n    {\n      \"Test Title\": \"Large input\",\n      \"Input Data\": \"parameter1=1024\",\n      \"Expected Output\": \"True\"\n    },\n    {\n      \"Test Title\": \"Zero input\",\n      \"Input Data\": \"parameter1=0\",\n      \"Expected Output\": \"False\"\n    }\n  ]\n}",
    "Test Cases Draft_prompt": "{\"Role\": \"You are a quality assurance engineer. Your duty is to design test cases for the developers.\", \"Instruction\": \"According to the Context section, write test cases. Don't write long strings in your test cases. Response in JSON format.\", \"Example\": \"{\\\"requirement analysis\\\":\\\"analysis\\\",\\\"test_cases\\\":[{\\\"Test Title\\\":\\\"title\\\", \\\"Input Data\\\":\\\"parameter1=[1,2,3],parameter2='123'\\\", \\\"Expected Output\\\":\\\"456\\\"},]}\", \"Context\": \"# UsrtStory:\\n{\\n  \\\"RevisedDocument\\\": {\\n    \\\"UserStory\\\": \\\"As a product owner, I want to create a user-friendly interface for the function is_Sum_Of_Powers_Of_Two, so that users can easily input a number and check whether it can be represented as the sum of non-zero powers of 2.\\\",\\n    \\\"Suggestions\\\": {\\n      \\\"Architect\\\": \\\"Conduct a thorough analysis of the current system and identify architectural components that need improvement or addition to support the new user-friendly interface. Consider scalability and performance requirements for efficient handling of a large number of user inputs.\\\",\\n      \\\"Tester\\\": \\\"Focus on creating comprehensive test cases to cover various user input scenarios and edge cases to ensure the functionality of checking whether a number can be represented as the sum of non-zero powers of 2 is accurate. Additionally, perform usability testing to ensure the user interface is intuitive and easy to use.\\\"\\n    }\\n  }\\n}\\n# Tasks:\\n['Conduct thorough testing on the is_Sum_Of_Powers_Of_Two function', 'Ensure it accurately checks whether a number can be represented as the sum of non-zero powers of 2']\\n# Design:\\nBased on the suggestions provided, here is the new design for the architectural components, user interface, testing, and high-level code structure:\\n\\n1. Architectural Components:\\n   - Identify the current architectural components that support the existing functionality of the function is_Sum_Of_Powers_Of_Two.\\n   - Evaluate the need for improvement or addition of architectural components to support the new user-friendly interface.\\n   - Consider using a modular approach to handle the existing functionality and the new user-friendly interface for easier maintenance and scalability.\\n   - Use appropriate data structures and algorithms to efficiently handle large user inputs.\\n\\n2. User Interface:\\n   - Design a user-friendly interface for the function is_Sum_Of_Powers_Of_Two that allows users to easily input a number and check whether it can be represented as the sum of non-zero powers of 2.\\n   - Ensure the user interface is intuitive and easy to use through usability testing.\\n\\n3. Testing:\\n   - Develop comprehensive test cases to cover various user input scenarios and edge cases to ensure the accuracy of the functionality of checking whether a number can be represented as the sum of non-zero powers of 2.\\n\\n4. High-Level Code Structure:\\n   - Provide clear guidelines on organizing the code into functions and classes to effectively check the sum of powers of two.\\n   - Focus on guiding the developer in writing code that effectively checks whether the given number can be represented as the sum of non-zero powers of 2.\\n   - Provide guidance to the developer on the high-level code structure for the is_Sum_Of_Powers_Of_Two function in Python.\\n\\nThe above design approach should guide the developer in writing code and should not provide implementation details.\", \"Question\": \"def is_Sum_Of_Powers_Of_Two(n): \\n'''Write a python function to check whether the given number can be represented as sum of non-zero powers of 2 or not.\\nassert is_Sum_Of_Powers_Of_Two(10) == True'''\\n\"}",
    "Test Cases Meetings": "{\n  \"Architect\": \"As an architect, I suggest adding test cases for boundary values such as maximum and minimum input values, and also considering edge cases to ensure the robustness of the test suite. Additionally, it would be beneficial to include test cases for different data types if applicable, and to review the coverage of the test cases to ensure all relevant scenarios are covered.\"\n\n  ,\n  \"Developer\": \"As a developer, I recommend reviewing the test cases to ensure they cover a wide range of input scenarios, including boundary values and edge cases. It would be beneficial to consider adding test cases for different data types and also to ensure that the expected output is clearly defined and matches the actual behavior of the system. Additionally, it would be helpful to review the test case titles to ensure they accurately reflect the scenario being tested.\"\n}",
    "Test Cases": "{\n  \"test_cases\": [\n    {\n      \"Test Title\": \"Valid input\",\n      \"Input Data\": \"parameter1=10\",\n      \"Expected Output\": \"True\"\n    },\n    {\n      \"Test Title\": \"Invalid input\",\n      \"Input Data\": \"parameter1=-5\",\n      \"Expected Output\": \"False\"\n    },\n    {\n      \"Test Title\": \"Large input\",\n      \"Input Data\": \"parameter1=1024\",\n      \"Expected Output\": \"True\"\n    },\n    {\n      \"Test Title\": \"Zero input\",\n      \"Input Data\": \"parameter1=0\",\n      \"Expected Output\": \"False\"\n    },\n    {\n      \"Test Title\": \"Boundary value - maximum input\",\n      \"Input Data\": \"parameter1=2147483647\",\n      \"Expected Output\": \"True\"\n    },\n    {\n      \"Test Title\": \"Boundary value - minimum input\",\n      \"Input Data\": \"parameter1=-2147483648\",\n      \"Expected Output\": \"False\"\n    },\n    {\n      \"Test Title\": \"Edge case - non-integer input\",\n      \"Input Data\": \"parameter1='abc'\",\n      \"Expected Output\": \"Error\"\n    },\n    {\n      \"Test Title\": \"Edge case - decimal input\",\n      \"Input Data\": \"parameter1=1.5\",\n      \"Expected Output\": \"Error\"\n    }\n  ]\n}",
    "Test Cases_prompt": "{\"Role\": \"You are a quality assurance engineer. Your duty is to revise the test cases based on the suggestions.\", \"Instruction\": \"1. Your colleague give you some suggestions(in the Context section) about the draft test cases, read these suggestions. 2. Revise your draft version test cases, but don't use long parameters. 3. Response in JSON format.\", \"Example\": \"{\\\"requirement analysis\\\":\\\"analysis\\\",\\\"test_cases\\\":[{\\\"Test Title\\\":\\\"title\\\", \\\"Input Data\\\":\\\"parameter1=[1,2,3],parameter2='123'\\\", \\\"Expected Output\\\":\\\"456\\\"},]}\", \"Context\": \"# Suggestions:\\n{\\n  \\\"Architect\\\": \\\"As an architect, I suggest adding test cases for boundary values such as maximum and minimum input values, and also considering edge cases to ensure the robustness of the test suite. Additionally, it would be beneficial to include test cases for different data types if applicable, and to review the coverage of the test cases to ensure all relevant scenarios are covered.\\\"\\n\\n  ,\\n  \\\"Developer\\\": \\\"As a developer, I recommend reviewing the test cases to ensure they cover a wide range of input scenarios, including boundary values and edge cases. It would be beneficial to consider adding test cases for different data types and also to ensure that the expected output is clearly defined and matches the actual behavior of the system. Additionally, it would be helpful to review the test case titles to ensure they accurately reflect the scenario being tested.\\\"\\n}\\n # Draft Test cases:\\n{\\n  \\\"test_cases\\\": [\\n    {\\n      \\\"Test Title\\\": \\\"Valid input\\\",\\n      \\\"Input Data\\\": \\\"parameter1=10\\\",\\n      \\\"Expected Output\\\": \\\"True\\\"\\n    },\\n    {\\n      \\\"Test Title\\\": \\\"Invalid input\\\",\\n      \\\"Input Data\\\": \\\"parameter1=-5\\\",\\n      \\\"Expected Output\\\": \\\"False\\\"\\n    },\\n    {\\n      \\\"Test Title\\\": \\\"Large input\\\",\\n      \\\"Input Data\\\": \\\"parameter1=1024\\\",\\n      \\\"Expected Output\\\": \\\"True\\\"\\n    },\\n    {\\n      \\\"Test Title\\\": \\\"Zero input\\\",\\n      \\\"Input Data\\\": \\\"parameter1=0\\\",\\n      \\\"Expected Output\\\": \\\"False\\\"\\n    }\\n  ]\\n}\", \"Question\": \"Follow the Instruction. Please make sure your response length are less than 512. Your test cases is for the below question:\\ndef is_Sum_Of_Powers_Of_Two(n): \\n'''Write a python function to check whether the given number can be represented as sum of non-zero powers of 2 or not.\\nassert is_Sum_Of_Powers_Of_Two(10) == True'''\\n\"}",
    "Code0": "def is_Sum_Of_Powers_Of_Two(n):\n    if n <= 0:\n        return False\n    binary_representation = bin(n)[2:]\n    return binary_representation.count('1') == 1\n\n# Test Cases:\n{\n  \"test_cases\": [\n    {\n      \"Test Title\": \"Valid input\",\n      \"Input Data\": \"parameter1=10\",\n      \"Expected Output\": \"True\"\n    },\n    {\n      \"Test Title\": \"Invalid input\",\n      \"Input Data\": \"parameter1=-5\",\n      \"Expected Output\": \"False\"\n    },\n    {\n      \"Test Title\": \"Large input\",\n      \"Input Data\": \"parameter1=1024\",\n      \"Expected Output\": \"True\"\n    },\n    {\n      \"Test Title\": \"Zero input\",\n      \"Input Data\": \"parameter1=0\",\n      \"Expected Output\": \"False\"\n    },\n    {\n      \"Test Title\": \"Boundary value - maximum input\",\n      \"Input Data\": \"parameter1=2147483647\",\n      \"Expected Output\": \"True\"\n    },\n    {\n      \"Test Title\": \"Boundary value - minimum input\",\n      \"Input Data\": \"parameter1=-2147483648\",\n      \"Expected Output\": \"False\"\n    },\n    {\n      \"Test Title\": \"Edge case - non-integer input\",\n      \"Input Data\": \"parameter1='abc'\",\n      \"Expected Output\": \"Error\"\n    },\n    {\n      \"Test Title\": \"Edge case - decimal input\",\n      \"Input Data\": \"parameter1=1.5\",\n      \"Expected Output\": \"Error\"\n    }\n  ]\n}",
    "Code0_prompt": {
        "Role": "You are a professional software engineer. Your duty is to write code in Python that meets the requirements. Ensure that the code you write is efficient, readable, and follows best practices. Remember, do not need to explain the code you wrote.",
        "Instruction": "1. Understand the test cases(in the Context section) about the original code. 2. Rewrite your code, make sure your code pass all test cases.",
        "Example": "",
        "Context": "# Original Code:\ndef is_Sum_Of_Powers_Of_Two(n):\n    # Write your efficient, readable, and best practice code here\n    pass # remove this line when writing the actual code\n    # Ensure that the code meets the requirements mentioned in the Context section\n\n'''Write a python function to check whether the given number can be represented as sum of non-zero powers of 2 or not.\nassert is_Sum_Of_Powers_Of_Two(10) == True'''\n# Test Cases:\n{\n  \"test_cases\": [\n    {\n      \"Test Title\": \"Valid input\",\n      \"Input Data\": \"parameter1=10\",\n      \"Expected Output\": \"True\"\n    },\n    {\n      \"Test Title\": \"Invalid input\",\n      \"Input Data\": \"parameter1=-5\",\n      \"Expected Output\": \"False\"\n    },\n    {\n      \"Test Title\": \"Large input\",\n      \"Input Data\": \"parameter1=1024\",\n      \"Expected Output\": \"True\"\n    },\n    {\n      \"Test Title\": \"Zero input\",\n      \"Input Data\": \"parameter1=0\",\n      \"Expected Output\": \"False\"\n    },\n    {\n      \"Test Title\": \"Boundary value - maximum input\",\n      \"Input Data\": \"parameter1=2147483647\",\n      \"Expected Output\": \"True\"\n    },\n    {\n      \"Test Title\": \"Boundary value - minimum input\",\n      \"Input Data\": \"parameter1=-2147483648\",\n      \"Expected Output\": \"False\"\n    },\n    {\n      \"Test Title\": \"Edge case - non-integer input\",\n      \"Input Data\": \"parameter1='abc'\",\n      \"Expected Output\": \"Error\"\n    },\n    {\n      \"Test Title\": \"Edge case - decimal input\",\n      \"Input Data\": \"parameter1=1.5\",\n      \"Expected Output\": \"Error\"\n    }\n  ]\n}",
        "Question": "def is_Sum_Of_Powers_Of_Two(n): \n'''Write a python function to check whether the given number can be represented as sum of non-zero powers of 2 or not.\nassert is_Sum_Of_Powers_Of_Two(10) == True'''\n"
    },
    "TestScriptOriginal": "import unittest\n\ndef is_Sum_Of_Powers_Of_Two(n):\n    if n <= 0:\n        return False\n    binary_representation = bin(n)[2:]\n    for digit in binary_representation[1:]:\n        if digit != '0':\n            return False\n    return True\n\nclass Test(unittest.TestCase):\n    def test(self):\n        self.assertEqual(is_Sum_Of_Powers_Of_Two(10), True)\n\nif __name__ == '__main__':\n    unittest.main()",
    "TestScriptOriginal_prompt": "{\"Role\": \"You are a quality assurance engineer. Your duty is to write a python test script in unittest framework.\", \"Instruction\": \"1. Write a python test script. 2. Use the input and output given by the question.\", \"Example\": \"import unittest\\n\\nclass Test(unittest.TestCase):\\n    def test(self):\\n        self.assertEqual(function_under_test('a'), 1)\\n\\nif __name__ == '__main__':\\n    unittest.main()\", \"Context\": \"\", \"Question\": \"def is_Sum_Of_Powers_Of_Two(n): \\n'''Write a python function to check whether the given number can be represented as sum of non-zero powers of 2 or not.\\nassert is_Sum_Of_Powers_Of_Two(10) == True'''\\n\"}",
    "TestScript": "import unittest\n\nclass Test(unittest.TestCase):\n    def test(self):\n        self.assertEqual(is_Sum_Of_Powers_Of_Two(10), True)\n\nif __name__ == '__main__':\n    unittest.main()",
    "ScriptResult0": "F\n======================================================================\nFAIL: test (__main__.Test)\n----------------------------------------------------------------------\nTraceback (most recent call last):\n  File \"/Users/watch/PycharmProjects/XXXX-1-LLM/workspace/2024-03-11_12-46-23-336028/test_script.py\", line 56, in test\n    self.assertEqual(is_Sum_Of_Powers_Of_Two(10), True)\nAssertionError: False != True\n\n----------------------------------------------------------------------\nRan 1 test in 0.000s\n\nFAILED (failures=1)\n",
    "TestReport0": "Test Report:\n\nTest script's output:\nF\n======================================================================\nFAIL: test (__main__.Test)\n----------------------------------------------------------------------\nTraceback (most recent call last):\n  File \"/Users/watch/PycharmProjects/XXXX-1-LLM/workspace/2024-03-11_12-46-23-336028/test_script.py\", line 56, in test\n    self.assertEqual(is_Sum_Of_Powers_Of_Two(10), True)\nAssertionError: False != True\n\n----------------------------------------------------------------------\nRan 1 test in 0.000s\n\nFAILED (failures=1)\n\nTest Cases:\n1. Valid input\n   Input Data: parameter1=10\n   Expected Output: True\n2. Invalid input\n   Input Data: parameter1=-5\n   Expected Output: False\n3. Large input\n   Input Data: parameter1=1024\n   Expected Output: True\n4. Zero input\n   Input Data: parameter1=0\n   Expected Output: False\n5. Boundary value - maximum input\n   Input Data: parameter1=2147483647\n   Expected Output: True\n6. Boundary value - minimum input\n   Input Data: parameter1=-2147483648\n   Expected Output: False\n7. Edge case - non-integer input\n   Input Data: parameter1='abc'\n   Expected Output: Error\n8. Edge case - decimal input\n   Input Data: parameter1=1.5\n   Expected Output: Error\n\nConclusion: Code Test Failed\nExample of Failed Input and Expected Output:\nis_Sum_Of_Powers_Of_Two(10) should have returned True but returned False.",
    "SprintReview0": "[ScrumMaster]says: Here is our test Report: Test Report:\n\nTest script's output:\nF\n======================================================================\nFAIL: test (__main__.Test)\n----------------------------------------------------------------------\nTraceback (most recent call last):\n  File \"/Users/watch/PycharmProjects/XXXX-1-LLM/workspace/2024-03-11_12-46-23-336028/test_script.py\", line 56, in test\n    self.assertEqual(is_Sum_Of_Powers_Of_Two(10), True)\nAssertionError: False != True\n\n----------------------------------------------------------------------\nRan 1 test in 0.000s\n\nFAILED (failures=1)\n\nTest Cases:\n1. Valid input\n   Input Data: parameter1=10\n   Expected Output: True\n2. Invalid input\n   Input Data: parameter1=-5\n   Expected Output: False\n3. Large input\n   Input Data: parameter1=1024\n   Expected Output: True\n4. Zero input\n   Input Data: parameter1=0\n   Expected Output: False\n5. Boundary value - maximum input\n   Input Data: parameter1=2147483647\n   Expected Output: True\n6. Boundary value - minimum input\n   Input Data: parameter1=-2147483648\n   Expected Output: False\n7. Edge case - non-integer input\n   Input Data: parameter1='abc'\n   Expected Output: Error\n8. Edge case - decimal input\n   Input Data: parameter1=1.5\n   Expected Output: Error\n\nConclusion: Code Test Failed\nExample of Failed Input and Expected Output:\nis_Sum_Of_Powers_Of_Two(10) should have returned True but returned False., do you have any ideas?\n-----\n\n[Developer]says: As a Developer, I will review the test script and investigate the failure to identify the issue and fix the code.\n-----\n\n[Architect]says: As an Architect, it is important to review the test report and code to identify potential design or architecture issues that may have contributed to the test failure.\n-----\n\n[ProductOwner]says: As a Product Owner, I think we need to prioritize fixing the failed test case for is_Sum_Of_Powers_Of_Two(10) before moving forward with any other development.\n-----\n\n[Tester]says: As a Tester, it seems like there might be an issue with the test script or the function is_Sum_Of_Powers_Of_Two. I suggest reviewing the test script and function implementation to identify the root cause of the failure.\n-----\n\n[Architect]says: As an Architect, I will review the test report and code to identify potential design or architecture issues that may have contributed to the test failure.\n-----\n\n[Developer]says: As a Developer, I will review the test script and investigate the failure to identify the issue and fix the code.\n-----\n\n[Tester]says: [Tester] I agree, we should thoroughly review the test script and function implementation to identify the root cause of the failure.\n-----\n\n[ProductOwner]says: As a Product Owner, I think we need to prioritize fixing the failed test case for is_Sum_Of_Powers_Of_Two(10) before moving forward with any other development.\n-----\n",
    "SprintReviewMeetings0": "{\n  \"product-owner\": [\"Prioritize fixing the failed test case for is_Sum_Of_Powers_Of_Two(10) before moving forward with any other development.\"],\n  \"architect\": [\"Review the test report and code to identify potential design or architecture issues that may have contributed to the test failure.\"],\n  \"developer\": [\"Review the test script and investigate the failure to identify the issue and fix the code.\"],\n  \"tester\": [\"Review the test script and function implementation to identify the root cause of the failure.\"]\n}",
    "SprintReviewMeetings0_prompt": "{\"Role\": \"You are a professional scrum master. Your goal is to summary the Discussion History into a suggestions list for the scrum team.\", \"Instruction\": \"1. Read and Understand the Discussion History. 2. Summary the suggestions from four roles: product-owner/architect/developer/tester. 3. Response in JSON format.\", \"Example\": \"{\\\"product-owner\\\":[\\\"suggestion1\\\",\\\"suggestion2\\\"],\\\"architect\\\":[\\\"suggestion1\\\",\\\"suggestion2\\\"], \\\"developer\\\":[\\\"suggestion1\\\",\\\"suggestion2\\\"], \\\"tester\\\":[\\\"suggestion1\\\",\\\"suggestion2\\\"]}\", \"Context\": \"[ScrumMaster]says: Here is our test Report: Test Report:\\n\\nTest script's output:\\nF\\n======================================================================\\nFAIL: test (__main__.Test)\\n----------------------------------------------------------------------\\nTraceback (most recent call last):\\n  File \\\"/Users/watch/PycharmProjects/XXXX-1-LLM/workspace/2024-03-11_12-46-23-336028/test_script.py\\\", line 56, in test\\n    self.assertEqual(is_Sum_Of_Powers_Of_Two(10), True)\\nAssertionError: False != True\\n\\n----------------------------------------------------------------------\\nRan 1 test in 0.000s\\n\\nFAILED (failures=1)\\n\\nTest Cases:\\n1. Valid input\\n   Input Data: parameter1=10\\n   Expected Output: True\\n2. Invalid input\\n   Input Data: parameter1=-5\\n   Expected Output: False\\n3. Large input\\n   Input Data: parameter1=1024\\n   Expected Output: True\\n4. Zero input\\n   Input Data: parameter1=0\\n   Expected Output: False\\n5. Boundary value - maximum input\\n   Input Data: parameter1=2147483647\\n   Expected Output: True\\n6. Boundary value - minimum input\\n   Input Data: parameter1=-2147483648\\n   Expected Output: False\\n7. Edge case - non-integer input\\n   Input Data: parameter1='abc'\\n   Expected Output: Error\\n8. Edge case - decimal input\\n   Input Data: parameter1=1.5\\n   Expected Output: Error\\n\\nConclusion: Code Test Failed\\nExample of Failed Input and Expected Output:\\nis_Sum_Of_Powers_Of_Two(10) should have returned True but returned False., do you have any ideas?\\n-----\\n\\n[Developer]says: As a Developer, I will review the test script and investigate the failure to identify the issue and fix the code.\\n-----\\n\\n[Architect]says: As an Architect, it is important to review the test report and code to identify potential design or architecture issues that may have contributed to the test failure.\\n-----\\n\\n[ProductOwner]says: As a Product Owner, I think we need to prioritize fixing the failed test case for is_Sum_Of_Powers_Of_Two(10) before moving forward with any other development.\\n-----\\n\\n[Tester]says: As a Tester, it seems like there might be an issue with the test script or the function is_Sum_Of_Powers_Of_Two. I suggest reviewing the test script and function implementation to identify the root cause of the failure.\\n-----\\n\\n[Architect]says: As an Architect, I will review the test report and code to identify potential design or architecture issues that may have contributed to the test failure.\\n-----\\n\\n[Developer]says: As a Developer, I will review the test script and investigate the failure to identify the issue and fix the code.\\n-----\\n\\n[Tester]says: [Tester] I agree, we should thoroughly review the test script and function implementation to identify the root cause of the failure.\\n-----\\n\\n[ProductOwner]says: As a Product Owner, I think we need to prioritize fixing the failed test case for is_Sum_Of_Powers_Of_Two(10) before moving forward with any other development.\\n-----\\n\", \"Question\": \"Follow the Instruction section. The Discussion History is in the Context section. You only need to return a list as the Example section.\"}",
    "RepairResponse0": "{\n  \"revised_code\": \"def is_Sum_Of_Powers_Of_Two(n):\\n    if n <= 0:\\n        return False\\n    bin_str = bin(n)[2:]\\n    return bin_str.count('1') == 1\"\n}",
    "RepairResponse0_prompt": {
        "Role": "You are a professional software engineer. Your duty is to write code in Python that meets the requirements. Ensure that the code you write is efficient, readable, and follows best practices. Remember, do not need to explain the code you wrote.",
        "Instruction": "1. Rewrite a bug fix version of the original code. 2. Response in JSON format.",
        "Example": "{\"revised_code\":\"...\"}",
        "Context": "# Test Report:\nTest Report:\n\nTest script's output:\nF\n======================================================================\nFAIL: test (__main__.Test)\n----------------------------------------------------------------------\nTraceback (most recent call last):\n  File \"/Users/watch/PycharmProjects/XXXX-1-LLM/workspace/2024-03-11_12-46-23-336028/test_script.py\", line 56, in test\n    self.assertEqual(is_Sum_Of_Powers_Of_Two(10), True)\nAssertionError: False != True\n\n----------------------------------------------------------------------\nRan 1 test in 0.000s\n\nFAILED (failures=1)\n\nTest Cases:\n1. Valid input\n   Input Data: parameter1=10\n   Expected Output: True\n2. Invalid input\n   Input Data: parameter1=-5\n   Expected Output: False\n3. Large input\n   Input Data: parameter1=1024\n   Expected Output: True\n4. Zero input\n   Input Data: parameter1=0\n   Expected Output: False\n5. Boundary value - maximum input\n   Input Data: parameter1=2147483647\n   Expected Output: True\n6. Boundary value - minimum input\n   Input Data: parameter1=-2147483648\n   Expected Output: False\n7. Edge case - non-integer input\n   Input Data: parameter1='abc'\n   Expected Output: Error\n8. Edge case - decimal input\n   Input Data: parameter1=1.5\n   Expected Output: Error\n\nConclusion: Code Test Failed\nExample of Failed Input and Expected Output:\nis_Sum_Of_Powers_Of_Two(10) should have returned True but returned False.# suggestions:\n{\"product-owner\": [\"Prioritize fixing the failed test case for is_Sum_Of_Powers_Of_Two(10) before moving forward with any other development.\"], \"architect\": [\"Review the test report and code to identify potential design or architecture issues that may have contributed to the test failure.\"], \"developer\": [\"Review the test script and investigate the failure to identify the issue and fix the code.\"], \"tester\": [\"Review the test script and function implementation to identify the root cause of the failure.\"]}",
        "Question": "The original code has some bugs, according to the test report and suggestions, rewrite the code. Complete the following code:\ndef is_Sum_Of_Powers_Of_Two(n): \n'''Write a python function to check whether the given number can be represented as sum of non-zero powers of 2 or not.\nassert is_Sum_Of_Powers_Of_Two(10) == True'''\n"
    },
    "Code1": "def is_Sum_Of_Powers_Of_Two(n):\n    if n <= 0:\n        return False\n    bin_str = bin(n)[2:]\n    return bin_str.count('1') == 1",
    "ScriptResult1": "F\n======================================================================\nFAIL: test (__main__.Test)\n----------------------------------------------------------------------\nTraceback (most recent call last):\n  File \"/Users/watch/PycharmProjects/XXXX-1-LLM/workspace/2024-03-11_12-46-23-336028/test_script.py\", line 10, in test\n    self.assertEqual(is_Sum_Of_Powers_Of_Two(10), True)\nAssertionError: False != True\n\n----------------------------------------------------------------------\nRan 1 test in 0.000s\n\nFAILED (failures=1)\n",
    "TestReport1": "Test Report:\n\nTest Script Output:\n# test script's output:\nF\n======================================================================\nFAIL: test (__main__.Test)\n----------------------------------------------------------------------\nTraceback (most recent call last):\n  File \"/Users/watch/PycharmProjects/XXXX-1-LLM/workspace/2024-03-11_12-46-23-336028/test_script.py\", line 10, in test\n    self.assertEqual(is_Sum_Of_Powers_Of_Two(10), True)\nAssertionError: False != True\n\n----------------------------------------------------------------------\nRan 1 test in 0.000s\n\nFAILED (failures=1)\n\nConclusion:\nThe code has FAILED the test. The input example is is_Sum_Of_Powers_Of_Two(10) and the expected output is True, but the actual output is False.\n\nCode Test Outcome: FAIL\n\nAction Required:\nThe is_Sum_Of_Powers_Of_Two function needs to be reviewed and corrected to produce the expected output.",
    "SprintReview1": "[ScrumMaster]says: Here is our test Report: Test Report:\n\nTest Script Output:\n# test script's output:\nF\n======================================================================\nFAIL: test (__main__.Test)\n----------------------------------------------------------------------\nTraceback (most recent call last):\n  File \"/Users/watch/PycharmProjects/XXXX-1-LLM/workspace/2024-03-11_12-46-23-336028/test_script.py\", line 10, in test\n    self.assertEqual(is_Sum_Of_Powers_Of_Two(10), True)\nAssertionError: False != True\n\n----------------------------------------------------------------------\nRan 1 test in 0.000s\n\nFAILED (failures=1)\n\nConclusion:\nThe code has FAILED the test. The input example is is_Sum_Of_Powers_Of_Two(10) and the expected output is True, but the actual output is False.\n\nCode Test Outcome: FAIL\n\nAction Required:\nThe is_Sum_Of_Powers_Of_Two function needs to be reviewed and corrected to produce the expected output., do you have any ideas?\n-----\n\n[Tester]says: As a Tester, I suggest reviewing the is_Sum_Of_Powers_Of_Two function and correcting it to produce the expected output.\n-----\n\n[Architect]says: As an Architect, I recommend reviewing the is_Sum_Of_Powers_Of_Two function code and conducting a thorough analysis to identify the root cause of the issue.\n-----\n\n[ProductOwner]says: As a Product Owner, I think we should prioritize fixing the is_Sum_Of_Powers_Of_Two function to ensure the product meets the required functionality.\n-----\n\n[Developer]says: As a Developer, I will review the is_Sum_Of_Powers_Of_Two function and work on correcting it to produce the expected output.\n-----\n\n[Tester]says: [Tester] I suggest reviewing the is_Sum_Of_Powers_Of_Two function and correcting it to produce the expected output.\n-----\n\n[ProductOwner]says: As a Product Owner, I think we should prioritize fixing the is_Sum_Of_Powers_Of_Two function to ensure the product meets the required functionality.\n-----\n\n[Architect]says: As an Architect, I suggest conducting a thorough analysis of the is_Sum_Of_Powers_Of_Two function code to identify the root cause of the issue.\n-----\n\n[Developer]says: As a Developer, I will review the is_Sum_Of_Powers_Of_Two function and work on correcting it to produce the expected output.\n-----\n",
    "SprintReviewMeetings1": "{\n  \"product-owner\": [\n    \"I think we should prioritize fixing the is_Sum_Of_Powers_Of_Two function to ensure the product meets the required functionality.\"\n  ],\n  \"architect\": [\n    \"I recommend reviewing the is_Sum_Of_Powers_Of_Two function code and conducting a thorough analysis to identify the root cause of the issue.\"\n  ],\n  \"developer\": [\n    \"I will review the is_Sum_Of_Powers_Of_Two function and work on correcting it to produce the expected output.\"\n  ],\n  \"tester\": [\n    \"I suggest reviewing the is_Sum_Of_Powers_Of_Two function and correcting it to produce the expected output.\"\n  ]\n}",
    "SprintReviewMeetings1_prompt": "{\"Role\": \"You are a professional scrum master. Your goal is to summary the Discussion History into a suggestions list for the scrum team.\", \"Instruction\": \"1. Read and Understand the Discussion History. 2. Summary the suggestions from four roles: product-owner/architect/developer/tester. 3. Response in JSON format.\", \"Example\": \"{\\\"product-owner\\\":[\\\"suggestion1\\\",\\\"suggestion2\\\"],\\\"architect\\\":[\\\"suggestion1\\\",\\\"suggestion2\\\"], \\\"developer\\\":[\\\"suggestion1\\\",\\\"suggestion2\\\"], \\\"tester\\\":[\\\"suggestion1\\\",\\\"suggestion2\\\"]}\", \"Context\": \"[ScrumMaster]says: Here is our test Report: Test Report:\\n\\nTest Script Output:\\n# test script's output:\\nF\\n======================================================================\\nFAIL: test (__main__.Test)\\n----------------------------------------------------------------------\\nTraceback (most recent call last):\\n  File \\\"/Users/watch/PycharmProjects/XXXX-1-LLM/workspace/2024-03-11_12-46-23-336028/test_script.py\\\", line 10, in test\\n    self.assertEqual(is_Sum_Of_Powers_Of_Two(10), True)\\nAssertionError: False != True\\n\\n----------------------------------------------------------------------\\nRan 1 test in 0.000s\\n\\nFAILED (failures=1)\\n\\nConclusion:\\nThe code has FAILED the test. The input example is is_Sum_Of_Powers_Of_Two(10) and the expected output is True, but the actual output is False.\\n\\nCode Test Outcome: FAIL\\n\\nAction Required:\\nThe is_Sum_Of_Powers_Of_Two function needs to be reviewed and corrected to produce the expected output., do you have any ideas?\\n-----\\n\\n[Tester]says: As a Tester, I suggest reviewing the is_Sum_Of_Powers_Of_Two function and correcting it to produce the expected output.\\n-----\\n\\n[Architect]says: As an Architect, I recommend reviewing the is_Sum_Of_Powers_Of_Two function code and conducting a thorough analysis to identify the root cause of the issue.\\n-----\\n\\n[ProductOwner]says: As a Product Owner, I think we should prioritize fixing the is_Sum_Of_Powers_Of_Two function to ensure the product meets the required functionality.\\n-----\\n\\n[Developer]says: As a Developer, I will review the is_Sum_Of_Powers_Of_Two function and work on correcting it to produce the expected output.\\n-----\\n\\n[Tester]says: [Tester] I suggest reviewing the is_Sum_Of_Powers_Of_Two function and correcting it to produce the expected output.\\n-----\\n\\n[ProductOwner]says: As a Product Owner, I think we should prioritize fixing the is_Sum_Of_Powers_Of_Two function to ensure the product meets the required functionality.\\n-----\\n\\n[Architect]says: As an Architect, I suggest conducting a thorough analysis of the is_Sum_Of_Powers_Of_Two function code to identify the root cause of the issue.\\n-----\\n\\n[Developer]says: As a Developer, I will review the is_Sum_Of_Powers_Of_Two function and work on correcting it to produce the expected output.\\n-----\\n\", \"Question\": \"Follow the Instruction section. The Discussion History is in the Context section. You only need to return a list as the Example section.\"}",
    "RepairResponse1": "{\n  \"revised_code\": \"def is_Sum_Of_Powers_Of_Two(n):\\n    if n <= 0:\\n        return False\\n    while n > 0:\\n        if n % 2 == 0:\\n            n = n / 2\\n        elif n == 1:\\n            return True\\n        else:\\n            return False\"\n}",
    "RepairResponse1_prompt": {
        "Role": "You are a professional software engineer. Your duty is to write code in Python that meets the requirements. Ensure that the code you write is efficient, readable, and follows best practices. Remember, do not need to explain the code you wrote.",
        "Instruction": "1. Rewrite a bug fix version of the original code. 2. Response in JSON format.",
        "Example": "{\"revised_code\":\"...\"}",
        "Context": "# Test Report:\nTest Report:\n\nTest Script Output:\n# test script's output:\nF\n======================================================================\nFAIL: test (__main__.Test)\n----------------------------------------------------------------------\nTraceback (most recent call last):\n  File \"/Users/watch/PycharmProjects/XXXX-1-LLM/workspace/2024-03-11_12-46-23-336028/test_script.py\", line 10, in test\n    self.assertEqual(is_Sum_Of_Powers_Of_Two(10), True)\nAssertionError: False != True\n\n----------------------------------------------------------------------\nRan 1 test in 0.000s\n\nFAILED (failures=1)\n\nConclusion:\nThe code has FAILED the test. The input example is is_Sum_Of_Powers_Of_Two(10) and the expected output is True, but the actual output is False.\n\nCode Test Outcome: FAIL\n\nAction Required:\nThe is_Sum_Of_Powers_Of_Two function needs to be reviewed and corrected to produce the expected output.# suggestions:\n{\"product-owner\": [\"I think we should prioritize fixing the is_Sum_Of_Powers_Of_Two function to ensure the product meets the required functionality.\"], \"architect\": [\"I recommend reviewing the is_Sum_Of_Powers_Of_Two function code and conducting a thorough analysis to identify the root cause of the issue.\"], \"developer\": [\"I will review the is_Sum_Of_Powers_Of_Two function and work on correcting it to produce the expected output.\"], \"tester\": [\"I suggest reviewing the is_Sum_Of_Powers_Of_Two function and correcting it to produce the expected output.\"]}",
        "Question": "The original code has some bugs, according to the test report and suggestions, rewrite the code. Complete the following code:\ndef is_Sum_Of_Powers_Of_Two(n): \n'''Write a python function to check whether the given number can be represented as sum of non-zero powers of 2 or not.\nassert is_Sum_Of_Powers_Of_Two(10) == True'''\n"
    },
    "Code2": "def is_Sum_Of_Powers_Of_Two(n):\n    if n <= 0:\n        return False\n    while n > 0:\n        if n % 2 == 0:\n            n = n / 2\n        elif n == 1:\n            return True\n        else:\n            return False",
    "ScriptResult2": "F\n======================================================================\nFAIL: test (__main__.Test)\n----------------------------------------------------------------------\nTraceback (most recent call last):\n  File \"/Users/watch/PycharmProjects/XXXX-1-LLM/workspace/2024-03-11_12-46-23-336028/test_script.py\", line 15, in test\n    self.assertEqual(is_Sum_Of_Powers_Of_Two(10), True)\nAssertionError: False != True\n\n----------------------------------------------------------------------\nRan 1 test in 0.000s\n\nFAILED (failures=1)\n",
    "TestReport2": "Test Report:\n\n# test script's output:\nF\n======================================================================\nFAIL: test (__main__.Test)\n----------------------------------------------------------------------\nTraceback (most recent call last):\n  File \"/Users/watch/PycharmProjects/XXXX-1-LLM/workspace/2024-03-11_12-46-23-336028/test_script.py\", line 15, in test\n    self.assertEqual(is_Sum_Of_Powers_Of_Two(10), True)\nAssertionError: False != True\n\n----------------------------------------------------------------------\nRan 1 test in 0.000s\n\nFAILED (failures=1)\n\nCode Test Failed:\nInput example: \nn = 10\nExpected output: \nTrue\nActual output: \nFalse\n\nConclusion:\nCode Test Failed",
    "SprintReview2": "[ScrumMaster]says: Here is our test Report: Test Report:\n\n# test script's output:\nF\n======================================================================\nFAIL: test (__main__.Test)\n----------------------------------------------------------------------\nTraceback (most recent call last):\n  File \"/Users/watch/PycharmProjects/XXXX-1-LLM/workspace/2024-03-11_12-46-23-336028/test_script.py\", line 15, in test\n    self.assertEqual(is_Sum_Of_Powers_Of_Two(10), True)\nAssertionError: False != True\n\n----------------------------------------------------------------------\nRan 1 test in 0.000s\n\nFAILED (failures=1)\n\nCode Test Failed:\nInput example: \nn = 10\nExpected output: \nTrue\nActual output: \nFalse\n\nConclusion:\nCode Test Failed, do you have any ideas?\n-----\n\n[ProductOwner]says: As a Product Owner, I think we should prioritize fixing the code test failure in order to ensure the quality of our product.\n-----\n\n[Architect]says: As an Architect, I recommend reviewing the code to identify the issue and then conducting a code review to ensure all future code meets the expected standards.\n-----\n\n[Developer]says: As a Developer, it seems like there may be an issue with the is_Sum_Of_Powers_Of_Two function and I will review the code to identify and fix the issue.\n-----\n\n[Tester]says: As a Tester, it seems like there is an issue with the test case for the function is_Sum_Of_Powers_Of_Two(10), and we need to re-evaluate the expected output and the actual output.\n-----\n\n[ProductOwner]says: As a Product Owner, I think we should prioritize fixing the code test failure in order to ensure the quality of our product.\n-----\n\n[Developer]says: As a Developer, I will review the code to identify and fix the issue with the is_Sum_Of_Powers_Of_Two function.\n-----\n\n[Architect]says: As an Architect, I recommend reviewing the code to identify the issue and then conducting a code review to ensure all future code meets the expected standards.\n-----\n\n[Tester]says: As a Tester, I agree that we need to re-evaluate the expected output and the actual output for the test case.\n-----\n",
    "SprintReviewMeetings2": "{\n  \"product-owner\": [\n    \"As a Product Owner, I think we should prioritize fixing the code test failure in order to ensure the quality of our product.\"\n  ],\n  \"architect\": [\n    \"As an Architect, I recommend reviewing the code to identify the issue and then conducting a code review to ensure all future code meets the expected standards.\"\n  ],\n  \"developer\": [\n    \"As a Developer, it seems like there may be an issue with the is_Sum_Of_Powers_Of_Two function and I will review the code to identify and fix the issue.\"\n  ],\n  \"tester\": [\n    \"As a Tester, it seems like there is an issue with the test case for the function is_Sum_Of_Powers_Of_Two(10), and we need to re-evaluate the expected output and the actual output.\"\n  ]\n}",
    "SprintReviewMeetings2_prompt": "{\"Role\": \"You are a professional scrum master. Your goal is to summary the Discussion History into a suggestions list for the scrum team.\", \"Instruction\": \"1. Read and Understand the Discussion History. 2. Summary the suggestions from four roles: product-owner/architect/developer/tester. 3. Response in JSON format.\", \"Example\": \"{\\\"product-owner\\\":[\\\"suggestion1\\\",\\\"suggestion2\\\"],\\\"architect\\\":[\\\"suggestion1\\\",\\\"suggestion2\\\"], \\\"developer\\\":[\\\"suggestion1\\\",\\\"suggestion2\\\"], \\\"tester\\\":[\\\"suggestion1\\\",\\\"suggestion2\\\"]}\", \"Context\": \"[ScrumMaster]says: Here is our test Report: Test Report:\\n\\n# test script's output:\\nF\\n======================================================================\\nFAIL: test (__main__.Test)\\n----------------------------------------------------------------------\\nTraceback (most recent call last):\\n  File \\\"/Users/watch/PycharmProjects/XXXX-1-LLM/workspace/2024-03-11_12-46-23-336028/test_script.py\\\", line 15, in test\\n    self.assertEqual(is_Sum_Of_Powers_Of_Two(10), True)\\nAssertionError: False != True\\n\\n----------------------------------------------------------------------\\nRan 1 test in 0.000s\\n\\nFAILED (failures=1)\\n\\nCode Test Failed:\\nInput example: \\nn = 10\\nExpected output: \\nTrue\\nActual output: \\nFalse\\n\\nConclusion:\\nCode Test Failed, do you have any ideas?\\n-----\\n\\n[ProductOwner]says: As a Product Owner, I think we should prioritize fixing the code test failure in order to ensure the quality of our product.\\n-----\\n\\n[Architect]says: As an Architect, I recommend reviewing the code to identify the issue and then conducting a code review to ensure all future code meets the expected standards.\\n-----\\n\\n[Developer]says: As a Developer, it seems like there may be an issue with the is_Sum_Of_Powers_Of_Two function and I will review the code to identify and fix the issue.\\n-----\\n\\n[Tester]says: As a Tester, it seems like there is an issue with the test case for the function is_Sum_Of_Powers_Of_Two(10), and we need to re-evaluate the expected output and the actual output.\\n-----\\n\\n[ProductOwner]says: As a Product Owner, I think we should prioritize fixing the code test failure in order to ensure the quality of our product.\\n-----\\n\\n[Developer]says: As a Developer, I will review the code to identify and fix the issue with the is_Sum_Of_Powers_Of_Two function.\\n-----\\n\\n[Architect]says: As an Architect, I recommend reviewing the code to identify the issue and then conducting a code review to ensure all future code meets the expected standards.\\n-----\\n\\n[Tester]says: As a Tester, I agree that we need to re-evaluate the expected output and the actual output for the test case.\\n-----\\n\", \"Question\": \"Follow the Instruction section. The Discussion History is in the Context section. You only need to return a list as the Example section.\"}",
    "RepairResponse2": "{\n  \"revised_code\": \"def is_Sum_Of_Powers_Of_Two(n):\\n    if n <= 0:\\n        return False\\n    else:\\n        while n % 2 == 0:\\n            n = n / 2\\n        return n == 1\"\n}",
    "RepairResponse2_prompt": {
        "Role": "You are a professional software engineer. Your duty is to write code in Python that meets the requirements. Ensure that the code you write is efficient, readable, and follows best practices. Remember, do not need to explain the code you wrote.",
        "Instruction": "1. Rewrite a bug fix version of the original code. 2. Response in JSON format.",
        "Example": "{\"revised_code\":\"...\"}",
        "Context": "# Test Report:\nTest Report:\n\n# test script's output:\nF\n======================================================================\nFAIL: test (__main__.Test)\n----------------------------------------------------------------------\nTraceback (most recent call last):\n  File \"/Users/watch/PycharmProjects/XXXX-1-LLM/workspace/2024-03-11_12-46-23-336028/test_script.py\", line 15, in test\n    self.assertEqual(is_Sum_Of_Powers_Of_Two(10), True)\nAssertionError: False != True\n\n----------------------------------------------------------------------\nRan 1 test in 0.000s\n\nFAILED (failures=1)\n\nCode Test Failed:\nInput example: \nn = 10\nExpected output: \nTrue\nActual output: \nFalse\n\nConclusion:\nCode Test Failed# suggestions:\n{\"product-owner\": [\"As a Product Owner, I think we should prioritize fixing the code test failure in order to ensure the quality of our product.\"], \"architect\": [\"As an Architect, I recommend reviewing the code to identify the issue and then conducting a code review to ensure all future code meets the expected standards.\"], \"developer\": [\"As a Developer, it seems like there may be an issue with the is_Sum_Of_Powers_Of_Two function and I will review the code to identify and fix the issue.\"], \"tester\": [\"As a Tester, it seems like there is an issue with the test case for the function is_Sum_Of_Powers_Of_Two(10), and we need to re-evaluate the expected output and the actual output.\"]}",
        "Question": "The original code has some bugs, according to the test report and suggestions, rewrite the code. Complete the following code:\ndef is_Sum_Of_Powers_Of_Two(n): \n'''Write a python function to check whether the given number can be represented as sum of non-zero powers of 2 or not.\nassert is_Sum_Of_Powers_Of_Two(10) == True'''\n"
    },
    "Code3": "def is_Sum_Of_Powers_Of_Two(n):\n    if n <= 0:\n        return False\n    else:\n        while n % 2 == 0:\n            n = n / 2\n        return n == 1",
    "ScriptResult3": "F\n======================================================================\nFAIL: test (__main__.Test)\n----------------------------------------------------------------------\nTraceback (most recent call last):\n  File \"/Users/watch/PycharmProjects/XXXX-1-LLM/workspace/2024-03-11_12-46-23-336028/test_script.py\", line 12, in test\n    self.assertEqual(is_Sum_Of_Powers_Of_Two(10), True)\nAssertionError: False != True\n\n----------------------------------------------------------------------\nRan 1 test in 0.000s\n\nFAILED (failures=1)\n",
    "TestReport3": "Test Report:\n\nThe test script's output indicates a failure in the test for the function is_Sum_Of_Powers_Of_Two. The specific failure is due to the assertion that is_Sum_Of_Powers_Of_Two(10) should return True, but it returned False instead.\n\nCode Test Failed\n\nInput and Expected Output Example:\nInput: 10\nExpected Output: True\nActual Output: False"
}