{
    "start_time": "2024-01-14_16-30-31-206531",
    "task": "\ndef f(n):\n    \"\"\" Implement the function f that takes n as a parameter,\n    and returns a list of size n, such that the value of the element at index i is the factorial of i if i is even\n    or the sum of numbers from 1 to i otherwise.\n    i starts from 1.\n    the factorial of i is the multiplication of the numbers from 1 to i (1 * 2 * ... * i).\n    Example:\n    f(5) == [1, 2, 6, 24, 15]\n    \"\"\"\n",
    "datetime": {
        "task": "2024-01-14 16:30:31",
        "task-id": "2024-01-14 16:30:31",
        "workflow": "2024-01-14 16:30:31",
        "AnalyzeDraft": "2024-01-14 16:30:33",
        "AnalyzeMeetings": "2024-01-14 16:30:35",
        "Analyze": "2024-01-14 16:30:39",
        "Test Cases Draft": "2024-01-14 16:30:42",
        "Test Cases Meetings": "2024-01-14 16:30:45",
        "Test Cases": "2024-01-14 16:30:49",
        "Code0draft": "2024-01-14 16:30:51",
        "Code Review Meetings": "2024-01-14 16:30:52",
        "Code0": "2024-01-14 16:30:54",
        "TestScriptOriginal": "2024-01-14 16:30:57",
        "TestScript": "2024-01-14 16:30:57",
        "ScriptResult0": "2024-01-14 16:30:57",
        "TestReport0": "2024-01-14 16:31:00",
        "RepairResponse1": "2024-01-14 16:31:03",
        "Code1": "2024-01-14 16:31:03",
        "ScriptResult1": "2024-01-14 16:31:03",
        "TestReport1": "2024-01-14 16:31:06",
        "RepairResponse2": "2024-01-14 16:31:08",
        "Code2": "2024-01-14 16:31:08",
        "ScriptResult2": "2024-01-14 16:31:08",
        "TestReport2": "2024-01-14 16:31:11",
        "FinalCode": "2024-01-14 16:31:11"
    },
    "task-id": "HumanEval/106",
    "workflow": "testdriven/testdriven_version_0.0.6.json",
    "AnalyzeDraft": "{\n  \"Requirement\": \"Implement a function f(n) that takes n as a parameter and returns a list of size n. The value of the element at index i should be the factorial of i if i is even, or the sum of numbers from 1 to i if i is odd. The index i starts from 1. The factorial of i is the multiplication of the numbers from 1 to i (1 * 2 * ... * i).\",\n  \"Example\": \"f(5) should return [1, 2, 6, 24, 15].\"\n}",
    "AnalyzeMeetings": "{\n  \"Architect\": \"I suggest breaking down the implementation of the function into two separate steps for handling even and odd indices. This will make the code more modular and easier to understand. Additionally, we should consider error handling for invalid input values of n.\",\n  \"Tester\": \"I suggest testing the function with different input values including edge cases such as 0 and negative numbers to ensure the function handles them properly. We should also test performance for large input values to make sure the function is efficient.\"\n}",
    "Analyze": "{\n  \"RevisedDocument\": {\n    \"Requirement\": \"Implement a function f(n) that takes n as a parameter and returns a list of size n. The value of the element at index i should be the factorial of i if i is even, or the sum of numbers from 1 to i if i is odd. The index i starts from 1. The factorial of i is the multiplication of the numbers from 1 to i (1 * 2 * ... * i). Additionally, the implementation of the function will be broken down into two separate steps for handling even and odd indices, making the code more modular and easier to understand. Error handling for invalid input values of n will also be considered.\",\n    \"Example\": \"f(5) should return [1, 2, 6, 24, 15].\",\n    \"TestCases\": {\n      \"InputValues\": \"Different input values including edge cases such as 0 and negative numbers\",\n      \"Performance\": \"Testing for large input values to ensure the function is efficient\"\n    }\n  }\n}",
    "Test Cases Draft": "{\n  \"test_cases\": [\n    {\n      \"Test Title\": \"Valid input - n is a positive integer\",\n      \"Input Data\": \"parameter1=5\",\n      \"Expected Output\": \"[1, 2, 6, 24, 15]\"\n    },\n    {\n      \"Test Title\": \"Boundary input - n is 0\",\n      \"Input Data\": \"parameter1=0\",\n      \"Expected Output\": \"[]\"\n    },\n    {\n      \"Test Title\": \"Boundary input - n is 1\",\n      \"Input Data\": \"parameter1=1\",\n      \"Expected Output\": \"[1]\"\n    },\n    {\n      \"Test Title\": \"Invalid input - n is a negative integer\",\n      \"Input Data\": \"parameter1=-3\",\n      \"Expected Output\": \"Error: Invalid input value\"\n    }\n  ]\n}",
    "Test Cases Draft_prompt": "{\"Role\": \"You are a quality assurance engineer. Your duty is to design test cases for the developers.\", \"Instruction\": \"According to the Context section, write test cases. Don't write long strings in your test cases. Response in JSON format.\", \"Example\": \"{\\\"requirement analysis\\\":\\\"analysis\\\",\\\"test_cases\\\":[{\\\"Test Title\\\":\\\"title\\\", \\\"Input Data\\\":\\\"parameter1=[1,2,3],parameter2='123'\\\", \\\"Expected Output\\\":\\\"456\\\"},]}\", \"Context\": \"# Requirement Analysis:\\n{\\n  \\\"RevisedDocument\\\": {\\n    \\\"Requirement\\\": \\\"Implement a function f(n) that takes n as a parameter and returns a list of size n. The value of the element at index i should be the factorial of i if i is even, or the sum of numbers from 1 to i if i is odd. The index i starts from 1. The factorial of i is the multiplication of the numbers from 1 to i (1 * 2 * ... * i). Additionally, the implementation of the function will be broken down into two separate steps for handling even and odd indices, making the code more modular and easier to understand. Error handling for invalid input values of n will also be considered.\\\",\\n    \\\"Example\\\": \\\"f(5) should return [1, 2, 6, 24, 15].\\\",\\n    \\\"TestCases\\\": {\\n      \\\"InputValues\\\": \\\"Different input values including edge cases such as 0 and negative numbers\\\",\\n      \\\"Performance\\\": \\\"Testing for large input values to ensure the function is efficient\\\"\\n    }\\n  }\\n}\", \"Question\": \"\\ndef f(n):\\n    \\\"\\\"\\\" Implement the function f that takes n as a parameter,\\n    and returns a list of size n, such that the value of the element at index i is the factorial of i if i is even\\n    or the sum of numbers from 1 to i otherwise.\\n    i starts from 1.\\n    the factorial of i is the multiplication of the numbers from 1 to i (1 * 2 * ... * i).\\n    Example:\\n    f(5) == [1, 2, 6, 24, 15]\\n    \\\"\\\"\\\"\\n\"}",
    "Test Cases Meetings": "{\n  \"Architect\": \"As an Architect, I suggest revising the test cases to include additional edge cases such as testing for large positive integers and testing for non-integer inputs. This will help ensure comprehensive test coverage.\",\n  \"Developer\": \"As a Developer, I recommend revising the test cases to include test cases for boundary conditions such as testing for the maximum allowable positive integer input and testing for non-integer inputs. Additionally, it would be beneficial to include negative test cases to cover scenarios where the function should return an error message.\"\n}",
    "Test Cases Meetings_prompt": "{\"Role\": \"I want you to act as a different roles and then give some suggestions about how to revise the test cases.\", \"Instruction\": \"1. Read the Context section. 2. Act as an Architect, give your suggestions. 3. Act as a Developer, give your suggestions. 4. Response in JSON format.\", \"Example\": \"{\\\"Architect\\\":\\\"Suggestion\\\",\\\"Developer\\\":\\\"Suggestion\\\"}\", \"Context\": \"{\\n  \\\"test_cases\\\": [\\n    {\\n      \\\"Test Title\\\": \\\"Valid input - n is a positive integer\\\",\\n      \\\"Input Data\\\": \\\"parameter1=5\\\",\\n      \\\"Expected Output\\\": \\\"[1, 2, 6, 24, 15]\\\"\\n    },\\n    {\\n      \\\"Test Title\\\": \\\"Boundary input - n is 0\\\",\\n      \\\"Input Data\\\": \\\"parameter1=0\\\",\\n      \\\"Expected Output\\\": \\\"[]\\\"\\n    },\\n    {\\n      \\\"Test Title\\\": \\\"Boundary input - n is 1\\\",\\n      \\\"Input Data\\\": \\\"parameter1=1\\\",\\n      \\\"Expected Output\\\": \\\"[1]\\\"\\n    },\\n    {\\n      \\\"Test Title\\\": \\\"Invalid input - n is a negative integer\\\",\\n      \\\"Input Data\\\": \\\"parameter1=-3\\\",\\n      \\\"Expected Output\\\": \\\"Error: Invalid input value\\\"\\n    }\\n  ]\\n}\", \"Question\": \"Follow the Instruction. The Context section include the test cases.\"}",
    "Test Cases": "{\n  \"test_cases\": [\n    {\n      \"Test Title\": \"Valid input - n is a positive integer\",\n      \"Input Data\": \"parameter1=5\",\n      \"Expected Output\": \"[1, 2, 6, 24, 15]\"\n    },\n    {\n      \"Test Title\": \"Boundary input - n is 0\",\n      \"Input Data\": \"parameter1=0\",\n      \"Expected Output\": \"[]\"\n    },\n    {\n      \"Test Title\": \"Boundary input - n is 1\",\n      \"Input Data\": \"parameter1=1\",\n      \"Expected Output\": \"[1]\"\n    },\n    {\n      \"Test Title\": \"Invalid input - n is a negative integer\",\n      \"Input Data\": \"parameter1=-3\",\n      \"Expected Output\": \"Error: Invalid input value\"\n    },\n    {\n      \"Test Title\": \"Boundary input - n is the maximum allowable positive integer\",\n      \"Input Data\": \"parameter1=2147483647\",\n      \"Expected Output\": \"Error: Invalid input value\"\n    },\n    {\n      \"Test Title\": \"Non-integer input\",\n      \"Input Data\": \"parameter1='abc'\",\n      \"Expected Output\": \"Error: Invalid input value\"\n    }\n  ]\n}",
    "Test Cases_prompt": "{\"Role\": \"You are a quality assurance engineer. Your duty is to revise the test cases based on the suggestions.\", \"Instruction\": \"1. Your colleague give you some suggestions(in the Context section) about the draft test cases, read these suggestions. 2. Revise your draft version test cases, but don't use long parameters. 3. Response in JSON format.\", \"Example\": \"{\\\"requirement analysis\\\":\\\"analysis\\\",\\\"test_cases\\\":[{\\\"Test Title\\\":\\\"title\\\", \\\"Input Data\\\":\\\"parameter1=[1,2,3],parameter2='123'\\\", \\\"Expected Output\\\":\\\"456\\\"},]}\", \"Context\": \"# Suggestions:\\n{\\n  \\\"Architect\\\": \\\"As an Architect, I suggest revising the test cases to include additional edge cases such as testing for large positive integers and testing for non-integer inputs. This will help ensure comprehensive test coverage.\\\",\\n  \\\"Developer\\\": \\\"As a Developer, I recommend revising the test cases to include test cases for boundary conditions such as testing for the maximum allowable positive integer input and testing for non-integer inputs. Additionally, it would be beneficial to include negative test cases to cover scenarios where the function should return an error message.\\\"\\n}\\n # Draft Test cases:\\n{\\n  \\\"test_cases\\\": [\\n    {\\n      \\\"Test Title\\\": \\\"Valid input - n is a positive integer\\\",\\n      \\\"Input Data\\\": \\\"parameter1=5\\\",\\n      \\\"Expected Output\\\": \\\"[1, 2, 6, 24, 15]\\\"\\n    },\\n    {\\n      \\\"Test Title\\\": \\\"Boundary input - n is 0\\\",\\n      \\\"Input Data\\\": \\\"parameter1=0\\\",\\n      \\\"Expected Output\\\": \\\"[]\\\"\\n    },\\n    {\\n      \\\"Test Title\\\": \\\"Boundary input - n is 1\\\",\\n      \\\"Input Data\\\": \\\"parameter1=1\\\",\\n      \\\"Expected Output\\\": \\\"[1]\\\"\\n    },\\n    {\\n      \\\"Test Title\\\": \\\"Invalid input - n is a negative integer\\\",\\n      \\\"Input Data\\\": \\\"parameter1=-3\\\",\\n      \\\"Expected Output\\\": \\\"Error: Invalid input value\\\"\\n    }\\n  ]\\n}\", \"Question\": \"Follow the Instruction. Please make sure your response length are less than 512. Your test cases is for the below question:\\n\\ndef f(n):\\n    \\\"\\\"\\\" Implement the function f that takes n as a parameter,\\n    and returns a list of size n, such that the value of the element at index i is the factorial of i if i is even\\n    or the sum of numbers from 1 to i otherwise.\\n    i starts from 1.\\n    the factorial of i is the multiplication of the numbers from 1 to i (1 * 2 * ... * i).\\n    Example:\\n    f(5) == [1, 2, 6, 24, 15]\\n    \\\"\\\"\\\"\\n\"}",
    "Code0draft": "def f(n):\n    result = []\n    for i in range(1, n+1):\n        if i % 2 == 0:\n            fact = 1\n            for j in range(1, i+1):\n                fact *= j\n            result.append(fact)\n        else:\n            result.append(sum(range(1, i+1)))\n    return result",
    "Code0draft_prompt": "{\"Role\": \"You are a professional engineer. Your duty is to write code in Python that meets the requirements. Ensure that the code you write is efficient, readable, and follows best practices. Remember, do not need to explain the code you wrote.\", \"Instruction\": \"According to the Context section, write your code.\", \"Example\": \"\", \"Context\": \"# Test Cases:\\n{\\n  \\\"test_cases\\\": [\\n    {\\n      \\\"Test Title\\\": \\\"Valid input - n is a positive integer\\\",\\n      \\\"Input Data\\\": \\\"parameter1=5\\\",\\n      \\\"Expected Output\\\": \\\"[1, 2, 6, 24, 15]\\\"\\n    },\\n    {\\n      \\\"Test Title\\\": \\\"Boundary input - n is 0\\\",\\n      \\\"Input Data\\\": \\\"parameter1=0\\\",\\n      \\\"Expected Output\\\": \\\"[]\\\"\\n    },\\n    {\\n      \\\"Test Title\\\": \\\"Boundary input - n is 1\\\",\\n      \\\"Input Data\\\": \\\"parameter1=1\\\",\\n      \\\"Expected Output\\\": \\\"[1]\\\"\\n    },\\n    {\\n      \\\"Test Title\\\": \\\"Invalid input - n is a negative integer\\\",\\n      \\\"Input Data\\\": \\\"parameter1=-3\\\",\\n      \\\"Expected Output\\\": \\\"Error: Invalid input value\\\"\\n    },\\n    {\\n      \\\"Test Title\\\": \\\"Boundary input - n is the maximum allowable positive integer\\\",\\n      \\\"Input Data\\\": \\\"parameter1=2147483647\\\",\\n      \\\"Expected Output\\\": \\\"Error: Invalid input value\\\"\\n    },\\n    {\\n      \\\"Test Title\\\": \\\"Non-integer input\\\",\\n      \\\"Input Data\\\": \\\"parameter1='abc'\\\",\\n      \\\"Expected Output\\\": \\\"Error: Invalid input value\\\"\\n    }\\n  ]\\n}\", \"Question\": \"Follow the Instruction section. Complete the following code:\\n\\ndef f(n):\\n    \\\"\\\"\\\" Implement the function f that takes n as a parameter,\\n    and returns a list of size n, such that the value of the element at index i is the factorial of i if i is even\\n    or the sum of numbers from 1 to i otherwise.\\n    i starts from 1.\\n    the factorial of i is the multiplication of the numbers from 1 to i (1 * 2 * ... * i).\\n    Example:\\n    f(5) == [1, 2, 6, 24, 15]\\n    \\\"\\\"\\\"\\n\"}",
    "Code Review Meetings": "{\n  \"Architect\": \"Instead of using a list to store the results, consider using a generator to avoid storing all the results in memory. This can improve efficiency, especially for large inputs.\",\n  \"Tester\": \"Test the function with edge cases such as 0 and negative numbers to ensure the function handles them correctly. Also, consider testing the function with large inputs to check for performance issues.\"\n}",
    "Code0": "def f(n):\n    def factorial(num):\n        result = 1\n        for i in range(1, num+1):\n            result *= i\n        return result\n    \n    for i in range(1, n+1):\n        if i % 2 == 0:\n            yield factorial(i)\n        else:\n            yield sum(range(1, i+1))",
    "Code0_prompt": "{\"Role\": \"You are a professional software engineer. Your duty is to write code in Python that meets the requirements. Ensure that the code you write is efficient, readable, and follows best practices. Remember, do not need to explain the code you wrote.\", \"Instruction\": \"1. Understand the suggestions(in the Context section) about the original code. 2. Rewrite your code.\", \"Example\": \"\", \"Context\": \"# Suggestions:\\n{\\n  \\\"Architect\\\": \\\"Instead of using a list to store the results, consider using a generator to avoid storing all the results in memory. This can improve efficiency, especially for large inputs.\\\",\\n  \\\"Tester\\\": \\\"Test the function with edge cases such as 0 and negative numbers to ensure the function handles them correctly. Also, consider testing the function with large inputs to check for performance issues.\\\"\\n}\\n# Original code:\\ndef f(n):\\n    result = []\\n    for i in range(1, n+1):\\n        if i % 2 == 0:\\n            fact = 1\\n            for j in range(1, i+1):\\n                fact *= j\\n            result.append(fact)\\n        else:\\n            result.append(sum(range(1, i+1)))\\n    return result\", \"Question\": \"Follow the Instruction section. Complete the following code:\\n\\ndef f(n):\\n    \\\"\\\"\\\" Implement the function f that takes n as a parameter,\\n    and returns a list of size n, such that the value of the element at index i is the factorial of i if i is even\\n    or the sum of numbers from 1 to i otherwise.\\n    i starts from 1.\\n    the factorial of i is the multiplication of the numbers from 1 to i (1 * 2 * ... * i).\\n    Example:\\n    f(5) == [1, 2, 6, 24, 15]\\n    \\\"\\\"\\\"\\n\"}",
    "TestScriptOriginal": "import unittest\n\n# Implement the function f that takes n as a parameter,\n# and returns a list of size n, such that the value of the element at index i is the factorial of i if i is even\n# or the sum of numbers from 1 to i otherwise.\n# i starts from 1.\n# the factorial of i is the multiplication of the numbers from 1 to i (1 * 2 * ... * i).\n\ndef function_under_test(n):\n    result = []\n    for i in range(1, n+1):\n        if i % 2 == 0:\n            fact = 1\n            for j in range(1, i+1):\n                fact *= j\n            result.append(fact)\n        else:\n            result.append(sum(range(1, i+1)))\n    return result\n\nclass Test(unittest.TestCase):\n    def test(self):\n        self.assertEqual(function_under_test(5), [1, 2, 6, 24, 15])\n\nif __name__ == '__main__':\n    unittest.main()",
    "TestScriptOriginal_prompt": "{\"Role\": \"You are a quality assurance engineer. Your duty is to write a python test script in unittest framework.\", \"Instruction\": \"1. Write a python test script. 2. Use the input and output given by the question.\", \"Example\": \"import unittest\\n\\nclass Test(unittest.TestCase):\\n    def test(self):\\n        self.assertEqual(function_under_test('a'), 1)\\n\\nif __name__ == '__main__':\\n    unittest.main()\", \"Context\": \"\", \"Question\": \"\\ndef f(n):\\n    \\\"\\\"\\\" Implement the function f that takes n as a parameter,\\n    and returns a list of size n, such that the value of the element at index i is the factorial of i if i is even\\n    or the sum of numbers from 1 to i otherwise.\\n    i starts from 1.\\n    the factorial of i is the multiplication of the numbers from 1 to i (1 * 2 * ... * i).\\n    Example:\\n    f(5) == [1, 2, 6, 24, 15]\\n    \\\"\\\"\\\"\\n\"}",
    "TestScript": "import unittest\n\n# Implement the function f that takes n as a parameter,\n# and returns a list of size n, such that the value of the element at index i is the factorial of i if i is even\n# or the sum of numbers from 1 to i otherwise.\n# i starts from 1.\n# the factorial of i is the multiplication of the numbers from 1 to i (1 * 2 * ... * i).\n\nclass Test(unittest.TestCase):\n    def test(self):\n        self.assertEqual(function_under_test(5), [1, 2, 6, 24, 15])\n\nif __name__ == '__main__':\n    unittest.main()",
    "TestScript_prompt": "{\"Role\": \"You are a quality assurance engineer. Your duty is to write a python test script in unittest framework.\", \"Instruction\": \"1. Write a python test script. 2. Use the input and output given by the question.\", \"Example\": \"import unittest\\n\\nclass Test(unittest.TestCase):\\n    def test(self):\\n        self.assertEqual(function_under_test('a'), 1)\\n\\nif __name__ == '__main__':\\n    unittest.main()\", \"Context\": \"\", \"Question\": \"\\ndef f(n):\\n    \\\"\\\"\\\" Implement the function f that takes n as a parameter,\\n    and returns a list of size n, such that the value of the element at index i is the factorial of i if i is even\\n    or the sum of numbers from 1 to i otherwise.\\n    i starts from 1.\\n    the factorial of i is the multiplication of the numbers from 1 to i (1 * 2 * ... * i).\\n    Example:\\n    f(5) == [1, 2, 6, 24, 15]\\n    \\\"\\\"\\\"\\n\"}",
    "ScriptResult0": "E\n======================================================================\nERROR: test (__main__.Test)\n----------------------------------------------------------------------\nTraceback (most recent call last):\n  File \"/Users/watch/PycharmProjects/XXXX-1-LLM/workspace/2024-01-14_16-30-31-206531/test_script.py\", line 23, in test\n    self.assertEqual(function_under_test(5), [1, 2, 6, 24, 15])\nNameError: name 'function_under_test' is not defined\n\n----------------------------------------------------------------------\nRan 1 test in 0.000s\n\nFAILED (errors=1)\n",
    "TestReport0": "Test Report\n\nTest Script Output:\nE\n======================================================================\nERROR: test (__main__.Test)\n----------------------------------------------------------------------\nTraceback (most recent call last):\n  File \"/Users/watch/PycharmProjects/XXXX-1-LLM/workspace/2024-01-14_16-30-31-206531/test_script.py\", line 23, in test\n    self.assertEqual(function_under_test(5), [1, 2, 6, 24, 15])\nNameError: name 'function_under_test' is not defined\n\n----------------------------------------------------------------------\nRan 1 test in 0.000s\n\nFAILED (errors=1)\n\nTest Report:\nThe test script failed with the following error:\n- NameError: name 'function_under_test' is not defined\n\nConclusion:\nCode Test Failed\n\nInput and Expected Output Example:\n- Input: 5\n- Expected Output: [1, 2, 6, 24, 15]\n\nPlease review and fix the code to address the failed test.",
    "RepairResponse1": "{\n  \"revised_code\": \"def f(n):\\n    def factorial(num):\\n        result = 1\\n        for i in range(1, num+1):\\n            result *= i\\n        return result\\n    \\n    result_lst = []\\n    for i in range(1, n+1):\\n        if i % 2 == 0:\\n            result_lst.append(factorial(i))\\n        else:\\n            result_lst.append(sum(range(1, i+1)))\\n    return result_lst\"\n}",
    "RepairResponse1_prompt": "{\"Role\": \"You are a professional software engineer. Your duty is to write code in Python that meets the requirements. Ensure that the code you write is efficient, readable, and follows best practices. Remember, do not need to explain the code you wrote.\", \"Instruction\": \"1. Rewrite a bug fix version of the original code. 2. Response in JSON format.\", \"Example\": \"{\\\"revised_code\\\":\\\"...\\\"}\", \"Context\": \"# the original code:\\ndef f(n):\\n    def factorial(num):\\n        result = 1\\n        for i in range(1, num+1):\\n            result *= i\\n        return result\\n    \\n    for i in range(1, n+1):\\n        if i % 2 == 0:\\n            yield factorial(i)\\n        else:\\n            yield sum(range(1, i+1))\\n# test report:\\nTest Report\\n\\nTest Script Output:\\nE\\n======================================================================\\nERROR: test (__main__.Test)\\n----------------------------------------------------------------------\\nTraceback (most recent call last):\\n  File \\\"/Users/watch/PycharmProjects/XXXX-1-LLM/workspace/2024-01-14_16-30-31-206531/test_script.py\\\", line 23, in test\\n    self.assertEqual(function_under_test(5), [1, 2, 6, 24, 15])\\nNameError: name 'function_under_test' is not defined\\n\\n----------------------------------------------------------------------\\nRan 1 test in 0.000s\\n\\nFAILED (errors=1)\\n\\nTest Report:\\nThe test script failed with the following error:\\n- NameError: name 'function_under_test' is not defined\\n\\nConclusion:\\nCode Test Failed\\n\\nInput and Expected Output Example:\\n- Input: 5\\n- Expected Output: [1, 2, 6, 24, 15]\\n\\nPlease review and fix the code to address the failed test.\", \"Question\": \"The original code has some bugs, according to the test report and suggestions, rewrite the code. Complete the following code:\\n\\ndef f(n):\\n    \\\"\\\"\\\" Implement the function f that takes n as a parameter,\\n    and returns a list of size n, such that the value of the element at index i is the factorial of i if i is even\\n    or the sum of numbers from 1 to i otherwise.\\n    i starts from 1.\\n    the factorial of i is the multiplication of the numbers from 1 to i (1 * 2 * ... * i).\\n    Example:\\n    f(5) == [1, 2, 6, 24, 15]\\n    \\\"\\\"\\\"\\n\"}",
    "Code1": "def f(n):\n    def factorial(num):\n        result = 1\n        for i in range(1, num+1):\n            result *= i\n        return result\n    \n    result_lst = []\n    for i in range(1, n+1):\n        if i % 2 == 0:\n            result_lst.append(factorial(i))\n        else:\n            result_lst.append(sum(range(1, i+1)))\n    return result_lst",
    "ScriptResult1": "E\n======================================================================\nERROR: test (__main__.Test)\n----------------------------------------------------------------------\nTraceback (most recent call last):\n  File \"/Users/watch/PycharmProjects/XXXX-1-LLM/workspace/2024-01-14_16-30-31-206531/test_script.py\", line 25, in test\n    self.assertEqual(function_under_test(5), [1, 2, 6, 24, 15])\nNameError: name 'function_under_test' is not defined\n\n----------------------------------------------------------------------\nRan 1 test in 0.000s\n\nFAILED (errors=1)\n",
    "TestReport1": "Test Report:\n\nTest Script Output:\nE\n======================================================================\nERROR: test (__main__.Test)\n----------------------------------------------------------------------\nTraceback (most recent call last):\n  File \"/Users/watch/PycharmProjects/XXXX-1-LLM/workspace/2024-01-14_16-30-31-206531/test_script.py\", line 25, in test\n    self.assertEqual(function_under_test(5), [1, 2, 6, 24, 15])\nNameError: name 'function_under_test' is not defined\n\n----------------------------------------------------------------------\nRan 1 test in 0.000s\n\nFAILED (errors=1)\n\nTest Report:\n\nThe test script output shows that the code has failed the test. The error is due to the name 'function_under_test' not being defined. \n\nInput Example:\nfunction_under_test(5)\n\nExpected Output Example:\n[1, 2, 6, 24, 15]\n\nConclusion:\nCode Test Failed.",
    "RepairResponse2": "{\n  \"revised_code\": \"def f(n):\\n    result_lst = []\\n    for i in range(1, n+1):\\n        if i % 2 == 0:\\n            result_lst.append(factorial(i))\\n        else:\\n            result_lst.append(sum(range(1, i+1)))\\n    return result_lst\\n\\n\\ndef factorial(num):\\n    result = 1\\n    for i in range(1, num+1):\\n        result *= i\\n    return result\"\n}",
    "RepairResponse2_prompt": "{\"Role\": \"You are a professional software engineer. Your duty is to write code in Python that meets the requirements. Ensure that the code you write is efficient, readable, and follows best practices. Remember, do not need to explain the code you wrote.\", \"Instruction\": \"1. Rewrite a bug fix version of the original code. 2. Response in JSON format.\", \"Example\": \"{\\\"revised_code\\\":\\\"...\\\"}\", \"Context\": \"# the original code:\\ndef f(n):\\n    def factorial(num):\\n        result = 1\\n        for i in range(1, num+1):\\n            result *= i\\n        return result\\n    \\n    result_lst = []\\n    for i in range(1, n+1):\\n        if i % 2 == 0:\\n            result_lst.append(factorial(i))\\n        else:\\n            result_lst.append(sum(range(1, i+1)))\\n    return result_lst\\n# test report:\\nTest Report:\\n\\nTest Script Output:\\nE\\n======================================================================\\nERROR: test (__main__.Test)\\n----------------------------------------------------------------------\\nTraceback (most recent call last):\\n  File \\\"/Users/watch/PycharmProjects/XXXX-1-LLM/workspace/2024-01-14_16-30-31-206531/test_script.py\\\", line 25, in test\\n    self.assertEqual(function_under_test(5), [1, 2, 6, 24, 15])\\nNameError: name 'function_under_test' is not defined\\n\\n----------------------------------------------------------------------\\nRan 1 test in 0.000s\\n\\nFAILED (errors=1)\\n\\nTest Report:\\n\\nThe test script output shows that the code has failed the test. The error is due to the name 'function_under_test' not being defined. \\n\\nInput Example:\\nfunction_under_test(5)\\n\\nExpected Output Example:\\n[1, 2, 6, 24, 15]\\n\\nConclusion:\\nCode Test Failed.\", \"Question\": \"The original code has some bugs, according to the test report and suggestions, rewrite the code. Complete the following code:\\n\\ndef f(n):\\n    \\\"\\\"\\\" Implement the function f that takes n as a parameter,\\n    and returns a list of size n, such that the value of the element at index i is the factorial of i if i is even\\n    or the sum of numbers from 1 to i otherwise.\\n    i starts from 1.\\n    the factorial of i is the multiplication of the numbers from 1 to i (1 * 2 * ... * i).\\n    Example:\\n    f(5) == [1, 2, 6, 24, 15]\\n    \\\"\\\"\\\"\\n\"}",
    "Code2": "def f(n):\n    result_lst = []\n    for i in range(1, n+1):\n        if i % 2 == 0:\n            result_lst.append(factorial(i))\n        else:\n            result_lst.append(sum(range(1, i+1)))\n    return result_lst\n\n\ndef factorial(num):\n    result = 1\n    for i in range(1, num+1):\n        result *= i\n    return result",
    "ScriptResult2": "E\n======================================================================\nERROR: test (__main__.Test)\n----------------------------------------------------------------------\nTraceback (most recent call last):\n  File \"/Users/watch/PycharmProjects/XXXX-1-LLM/workspace/2024-01-14_16-30-31-206531/test_script.py\", line 26, in test\n    self.assertEqual(function_under_test(5), [1, 2, 6, 24, 15])\nNameError: name 'function_under_test' is not defined\n\n----------------------------------------------------------------------\nRan 1 test in 0.000s\n\nFAILED (errors=1)\n",
    "TestReport2": "Test Report:\n\nTest Script Output:\nE\n======================================================================\nERROR: test (__main__.Test)\n----------------------------------------------------------------------\nTraceback (most recent call last):\n  File \"/Users/watch/PycharmProjects/XXXX-1-LLM/workspace/2024-01-14_16-30-31-206531/test_script.py\", line 26, in test\n    self.assertEqual(function_under_test(5), [1, 2, 6, 24, 15])\nNameError: name 'function_under_test' is not defined\n\n----------------------------------------------------------------------\nRan 1 test in 0.000s\n\nFAILED (errors=1)\n\nTest Report:\nThe test script output shows that the code has failed the test. The error is due to the name 'function_under_test' not being defined. \n\nInput and Expected Output Example:\nInput: 5\nExpected Output: [1, 2, 6, 24, 15]\n\nConclusion:\nCode Test Failed",
    "FinalCode": "def f(n):\n    result_lst = []\n    for i in range(1, n+1):\n        if i % 2 == 0:\n            result_lst.append(factorial(i))\n        else:\n            result_lst.append(sum(range(1, i+1)))\n    return result_lst\n\n\ndef factorial(num):\n    result = 1\n    for i in range(1, num+1):\n        result *= i\n    return result"
}