{
    "start_time": "2024-03-10_22-45-52-543426",
    "task": "def find_adverbs(text):\n'''Write a function to find the first adverb ending with ly and its positions in a given string.\nassert find_adverbs(\"Clearly, he has no excuse for such behavior.\") == '0-7: Clearly''''\n",
    "datetime": {
        "task": "2024-03-10 22:45:52",
        "task-id": "2024-03-10 22:45:52",
        "workflow": "2024-03-10 22:45:52",
        "AnalyzeDraft": "2024-03-10 22:45:53",
        "AnalyzeMeetings": "2024-03-10 22:45:54",
        "Analyze": "2024-03-10 22:45:56",
        "DesignDraft": "2024-03-10 22:45:57",
        "DesignMeetings": "2024-03-10 22:45:58",
        "Design": "2024-03-10 22:45:59",
        "Test Cases Draft": "2024-03-10 22:46:01",
        "Test Cases Meetings": "2024-03-10 22:46:02",
        "Test Cases": "2024-03-10 22:46:05",
        "Code0draft": "2024-03-10 22:46:06",
        "Code0": "2024-03-10 22:46:06",
        "TestScriptOriginal": "2024-03-10 22:46:07",
        "TestScript": "2024-03-10 22:46:07",
        "ScriptResult0": "2024-03-10 22:46:07",
        "TestReport0": "2024-03-10 22:46:09",
        "RepairResponse1": "2024-03-10 22:46:10",
        "Code1": "2024-03-10 22:46:10",
        "ScriptResult1": "2024-03-10 22:46:10",
        "TestReport1": "2024-03-10 22:46:12",
        "RepairResponse2": "2024-03-10 22:46:15"
    },
    "task-id": 584,
    "workflow": "testdriven/testdriven_version_0.0.5_remove.json",
    "AnalyzeDraft": "{\n  \"Requirement\": \"The system should have a function called find_adverbs which takes a string as input and returns the position of the first adverb ending with 'ly' and the adverb itself.\",\n  \"Example\": \"assert find_adverbs(\\\"Clearly, he has no excuse for such behavior.\\\") == '0-7: Clearly'\"\n}",
    "AnalyzeMeetings": "{\n  \"Architect\": \"Consider implementing a robust algorithm to efficiently find adverbs in the input string. Also, think about how to handle cases where there are multiple adverbs ending with 'ly' in the input.\",\n  \"Tester\": \"Ensure to test the function with various input strings containing different placements and formats of adverbs ending with 'ly'. Also, test for edge cases where there are no adverbs in the input.\"\n}",
    "Analyze": "{\n  \"RevisedDocument\": {\n    \"Requirement\": \"The system should have a function called find_adverbs which takes a string as input and returns the position of the first adverb ending with 'ly' and the adverb itself.\",\n    \"Example\": \"assert find_adverbs(\\\"Clearly, he has no excuse for such behavior.\\\") == '0-7: Clearly'\"\n  }\n}",
    "DesignDraft": "def find_adverbs(text):\n    # Write a function to find the first adverb ending with ly and its positions in a given string.\n    # Example: assert find_adverbs(\"Clearly, he has no excuse for such behavior.\") == '0-7: Clearly'\n    pass\n",
    "DesignMeetings": "{\n  \"Developer\": \"The function needs to be implemented to find the first adverb ending with 'ly' and its positions in the given string. Regex can be used to search for adverbs ending with 'ly' and return the first match along with its position.\",\n  \"Tester\": \"We need to test the function with various input strings to ensure it correctly identifies the first adverb ending with 'ly' and its position. We should also test edge cases such as when there is no adverb ending with 'ly' in the string.\"\n}",
    "Design": "def find_adverbs(text):\n    import re\n    match = re.search(r'\\b\\w+ly\\b', text)\n    if match:\n        return f\"{match.start()}-{match.end()}: {match.group()}\"\n    else:\n        return None\n\n# Example: assert find_adverbs(\"Clearly, he has no excuse for such behavior.\") == '0-7: Clearly'",
    "Test Cases Draft": "{\n  \"requirement analysis\": \"design test cases for the developers\",\n  \"test_cases\": [\n    {\n      \"Test Title\": \"find_adverbs_1\",\n      \"Input Data\": \"parameter1='Clearly, he has no excuse for such behavior.'\",\n      \"Expected Output\": \"0-7: Clearly\"\n    },\n    {\n      \"Test Title\": \"find_adverbs_2\",\n      \"Input Data\": \"parameter1='He spoke clearly and confidently.'\",\n      \"Expected Output\": \"10-16: clearly\"\n    }\n  ]\n}",
    "Test Cases Draft_prompt": "{\"Role\": \"You are a quality assurance engineer. Your duty is to design test cases for the developers.\", \"Instruction\": \"According to the Context section, write test cases. Don't write long strings in your test cases. Response in JSON format.\", \"Example\": \"{\\\"requirement analysis\\\":\\\"analysis\\\",\\\"test_cases\\\":[{\\\"Test Title\\\":\\\"title\\\", \\\"Input Data\\\":\\\"parameter1=[1,2,3],parameter2='123'\\\", \\\"Expected Output\\\":\\\"456\\\"},]}\", \"Context\": \"# Requirement Analysis:\\n{\\n  \\\"RevisedDocument\\\": {\\n    \\\"Requirement\\\": \\\"The system should have a function called find_adverbs which takes a string as input and returns the position of the first adverb ending with 'ly' and the adverb itself.\\\",\\n    \\\"Example\\\": \\\"assert find_adverbs(\\\\\\\"Clearly, he has no excuse for such behavior.\\\\\\\") == '0-7: Clearly'\\\"\\n  }\\n}\", \"Question\": \"def find_adverbs(text):\\n'''Write a function to find the first adverb ending with ly and its positions in a given string.\\nassert find_adverbs(\\\"Clearly, he has no excuse for such behavior.\\\") == '0-7: Clearly''''\\n\"}",
    "Test Cases Meetings": "{\n  \"Architect\": \"As an architect, I suggest adding more diverse test cases to cover different scenarios and edge cases. This will help ensure the robustness and accuracy of the test cases.\",\n  \"Developer\": \"As a developer, I suggest revising the input data and expected output for the test cases to cover more variations in the input data and expected results. Additionally, adding negative test cases to check for false positives would be beneficial.\"\n}",
    "Test Cases Meetings_prompt": "{\"Role\": \"I want you to act as a different roles and then give some suggestions about how to revise the test cases.\", \"Instruction\": \"1. Read the Context section. 2. Act as an Architect, give your suggestions. 3. Act as a Developer, give your suggestions. 4. Response in JSON format.\", \"Example\": \"{\\\"Architect\\\":\\\"Suggestion\\\",\\\"Developer\\\":\\\"Suggestion\\\"}\", \"Context\": \"{\\n  \\\"requirement analysis\\\": \\\"design test cases for the developers\\\",\\n  \\\"test_cases\\\": [\\n    {\\n      \\\"Test Title\\\": \\\"find_adverbs_1\\\",\\n      \\\"Input Data\\\": \\\"parameter1='Clearly, he has no excuse for such behavior.'\\\",\\n      \\\"Expected Output\\\": \\\"0-7: Clearly\\\"\\n    },\\n    {\\n      \\\"Test Title\\\": \\\"find_adverbs_2\\\",\\n      \\\"Input Data\\\": \\\"parameter1='He spoke clearly and confidently.'\\\",\\n      \\\"Expected Output\\\": \\\"10-16: clearly\\\"\\n    }\\n  ]\\n}\", \"Question\": \"Follow the Instruction. The Context section include the test cases.\"}",
    "Test Cases": "{\n  \"requirement analysis\": \"design test cases for the developers\",\n  \"test_cases\": [\n    {\n      \"Test Title\": \"find_adverbs_1\",\n      \"Input Data\": \"parameter1='Clearly, he has no excuse for such behavior.'\",\n      \"Expected Output\": \"0-7: Clearly\"\n    },\n    {\n      \"Test Title\": \"find_adverbs_2\",\n      \"Input Data\": \"parameter1='He spoke clearly and confidently.'\",\n      \"Expected Output\": \"10-16: clearly\"\n    },\n    {\n      \"Test Title\": \"find_adverbs_3\",\n      \"Input Data\": \"parameter1='He quickly ran to catch the bus.'\",\n      \"Expected Output\": \"3-9: quickly\"\n    },\n    {\n      \"Test Title\": \"find_adverbs_4\",\n      \"Input Data\": \"parameter1='She sings beautifully and melodiously.'\",\n      \"Expected Output\": \"6-17: beautifully\"\n    },\n    {\n      \"Test Title\": \"find_adverbs_5\",\n      \"Input Data\": \"parameter1='The car moved very slowly in the traffic.'\",\n      \"Expected Output\": \"12-17: slowly\"\n    }\n  ]\n}",
    "Test Cases_prompt": "{\"Role\": \"You are a quality assurance engineer. Your duty is to revise the test cases based on the suggestions.\", \"Instruction\": \"1. Your colleague give you some suggestions(in the Context section) about the draft test cases, read these suggestions. 2. Revise your draft version test cases, but don't use long parameters. 3. Response in JSON format.\", \"Example\": \"{\\\"requirement analysis\\\":\\\"analysis\\\",\\\"test_cases\\\":[{\\\"Test Title\\\":\\\"title\\\", \\\"Input Data\\\":\\\"parameter1=[1,2,3],parameter2='123'\\\", \\\"Expected Output\\\":\\\"456\\\"},]}\", \"Context\": \"# Suggestions:\\n{\\n  \\\"Architect\\\": \\\"As an architect, I suggest adding more diverse test cases to cover different scenarios and edge cases. This will help ensure the robustness and accuracy of the test cases.\\\",\\n  \\\"Developer\\\": \\\"As a developer, I suggest revising the input data and expected output for the test cases to cover more variations in the input data and expected results. Additionally, adding negative test cases to check for false positives would be beneficial.\\\"\\n}\\n # Draft Test cases:\\n{\\n  \\\"requirement analysis\\\": \\\"design test cases for the developers\\\",\\n  \\\"test_cases\\\": [\\n    {\\n      \\\"Test Title\\\": \\\"find_adverbs_1\\\",\\n      \\\"Input Data\\\": \\\"parameter1='Clearly, he has no excuse for such behavior.'\\\",\\n      \\\"Expected Output\\\": \\\"0-7: Clearly\\\"\\n    },\\n    {\\n      \\\"Test Title\\\": \\\"find_adverbs_2\\\",\\n      \\\"Input Data\\\": \\\"parameter1='He spoke clearly and confidently.'\\\",\\n      \\\"Expected Output\\\": \\\"10-16: clearly\\\"\\n    }\\n  ]\\n}\", \"Question\": \"Follow the Instruction. Please make sure your response length are less than 512. Your test cases is for the below question:\\ndef find_adverbs(text):\\n'''Write a function to find the first adverb ending with ly and its positions in a given string.\\nassert find_adverbs(\\\"Clearly, he has no excuse for such behavior.\\\") == '0-7: Clearly''''\\n\"}",
    "Code0draft": "def find_adverbs(text):\n    import re\n    match = re.search(r'\\b\\w+ly\\b', text)\n    if match:\n        return f\"{match.start()}-{match.end()}: {match.group()}\"\n    else:\n        return None",
    "Code0draft_prompt": "{\"Role\": \"You are a professional engineer. Your duty is to write code in Python that meets the requirements. Ensure that the code you write is efficient, readable, and follows best practices. Remember, do not need to explain the code you wrote.\", \"Instruction\": \"According to the Context section, write your code.\", \"Example\": \"\", \"Context\": \"# Test Cases:\\n{\\n  \\\"requirement analysis\\\": \\\"design test cases for the developers\\\",\\n  \\\"test_cases\\\": [\\n    {\\n      \\\"Test Title\\\": \\\"find_adverbs_1\\\",\\n      \\\"Input Data\\\": \\\"parameter1='Clearly, he has no excuse for such behavior.'\\\",\\n      \\\"Expected Output\\\": \\\"0-7: Clearly\\\"\\n    },\\n    {\\n      \\\"Test Title\\\": \\\"find_adverbs_2\\\",\\n      \\\"Input Data\\\": \\\"parameter1='He spoke clearly and confidently.'\\\",\\n      \\\"Expected Output\\\": \\\"10-16: clearly\\\"\\n    },\\n    {\\n      \\\"Test Title\\\": \\\"find_adverbs_3\\\",\\n      \\\"Input Data\\\": \\\"parameter1='He quickly ran to catch the bus.'\\\",\\n      \\\"Expected Output\\\": \\\"3-9: quickly\\\"\\n    },\\n    {\\n      \\\"Test Title\\\": \\\"find_adverbs_4\\\",\\n      \\\"Input Data\\\": \\\"parameter1='She sings beautifully and melodiously.'\\\",\\n      \\\"Expected Output\\\": \\\"6-17: beautifully\\\"\\n    },\\n    {\\n      \\\"Test Title\\\": \\\"find_adverbs_5\\\",\\n      \\\"Input Data\\\": \\\"parameter1='The car moved very slowly in the traffic.'\\\",\\n      \\\"Expected Output\\\": \\\"12-17: slowly\\\"\\n    }\\n  ]\\n}\\n# Design:\\ndef find_adverbs(text):\\n    import re\\n    match = re.search(r'\\\\b\\\\w+ly\\\\b', text)\\n    if match:\\n        return f\\\"{match.start()}-{match.end()}: {match.group()}\\\"\\n    else:\\n        return None\\n\\n# Example: assert find_adverbs(\\\"Clearly, he has no excuse for such behavior.\\\") == '0-7: Clearly'\", \"Question\": \"Follow the Instruction section. Complete the following code:\\ndef find_adverbs(text):\\n'''Write a function to find the first adverb ending with ly and its positions in a given string.\\nassert find_adverbs(\\\"Clearly, he has no excuse for such behavior.\\\") == '0-7: Clearly''''\\n\"}",
    "Code0": "def find_adverbs(text):\n    import re\n    match = re.search(r'\\b\\w+ly\\b', text)\n    if match:\n        return f\"{match.start()}-{match.end()}: {match.group()}\"\n    else:\n        return None",
    "TestScriptOriginal": "import re\n\ndef find_adverbs(text):\n    adverbs = re.findall(r'\\b\\w+ly\\b', text)\n    if adverbs:\n        position = text.index(adverbs[0])\n        return f\"{position}-{position + len(adverbs[0]) - 1}: {adverbs[0]}\"\n    else:\n        return None\n\nimport unittest\n\nclass Test(unittest.TestCase):\n    def test(self):\n        self.assertEqual(find_adverbs(\"Clearly, he has no excuse for such behavior.\"), '0-7: Clearly')\n\nif __name__ == '__main__':\n    unittest.main()",
    "TestScriptOriginal_prompt": "{\"Role\": \"You are a quality assurance engineer. Your duty is to write a python test script in unittest framework.\", \"Instruction\": \"1. Write a python test script. 2. Use the input and output given by the question.\", \"Example\": \"import unittest\\n\\nclass Test(unittest.TestCase):\\n    def test(self):\\n        self.assertEqual(function_under_test('a'), 1)\\n\\nif __name__ == '__main__':\\n    unittest.main()\", \"Context\": \"\", \"Question\": \"def find_adverbs(text):\\n'''Write a function to find the first adverb ending with ly and its positions in a given string.\\nassert find_adverbs(\\\"Clearly, he has no excuse for such behavior.\\\") == '0-7: Clearly''''\\n\"}",
    "TestScript": "import re\n\nclass Test(unittest.TestCase):\n    def test(self):\n        self.assertEqual(find_adverbs(\"Clearly, he has no excuse for such behavior.\"), '0-7: Clearly')\n\nif __name__ == '__main__':\n    unittest.main()",
    "TestScript_prompt": "{\"Role\": \"You are a quality assurance engineer. Your duty is to write a python test script in unittest framework.\", \"Instruction\": \"1. Write a python test script. 2. Use the input and output given by the question.\", \"Example\": \"import unittest\\n\\nclass Test(unittest.TestCase):\\n    def test(self):\\n        self.assertEqual(function_under_test('a'), 1)\\n\\nif __name__ == '__main__':\\n    unittest.main()\", \"Context\": \"\", \"Question\": \"def find_adverbs(text):\\n'''Write a function to find the first adverb ending with ly and its positions in a given string.\\nassert find_adverbs(\\\"Clearly, he has no excuse for such behavior.\\\") == '0-7: Clearly''''\\n\"}",
    "ScriptResult0": "Traceback (most recent call last):\n  File \"/Users/watch/PycharmProjects/XXXX-1-LLM/workspace/2024-03-10_22-45-52-543426/test_script.py\", line 10, in <module>\n    class Test(unittest.TestCase):\nNameError: name 'unittest' is not defined\n",
    "TestReport0": "Test Report\n\nContext:\nTraceback (most recent call last):\n  File \"/Users/watch/PycharmProjects/XXXX-1-LLM/workspace/2024-03-10_22-45-52-543426/test_script.py\", line 10, in <module>\n    class Test(unittest.TestCase):\nNameError: name 'unittest' is not defined\n\nTest Report:\nThe test script has failed with a NameError due to 'unittest' not being defined. The code has not passed the tests.\n\nInput Example:\nN/A\n\nExpected Output Example:\nN/A\n\nConclusion:\nCode Test Failed",
    "RepairResponse1": "{\n  \"revised_code\": \"import re\\n\\ndef find_adverbs(text):\\n    match = re.search(r'\\\\b\\\\w+ly\\\\b', text)\\n    if match:\\n        return f\\\"{match.start()}-{match.end()}: {match.group()}\\\"\\n    else:\\n        return None\"\n}",
    "RepairResponse1_prompt": "{\"Role\": \"You are a professional software engineer. Your duty is to write code in Python that meets the requirements. Ensure that the code you write is efficient, readable, and follows best practices. Remember, do not need to explain the code you wrote.\", \"Instruction\": \"1. Rewrite a bug fix version of the original code. 2. Response in JSON format.\", \"Example\": \"{\\\"revised_code\\\":\\\"...\\\"}\", \"Context\": \"# the original code:\\ndef find_adverbs(text):\\n    import re\\n    match = re.search(r'\\\\b\\\\w+ly\\\\b', text)\\n    if match:\\n        return f\\\"{match.start()}-{match.end()}: {match.group()}\\\"\\n    else:\\n        return None\\n# test report:\\nTest Report\\n\\nContext:\\nTraceback (most recent call last):\\n  File \\\"/Users/watch/PycharmProjects/XXXX-1-LLM/workspace/2024-03-10_22-45-52-543426/test_script.py\\\", line 10, in <module>\\n    class Test(unittest.TestCase):\\nNameError: name 'unittest' is not defined\\n\\nTest Report:\\nThe test script has failed with a NameError due to 'unittest' not being defined. The code has not passed the tests.\\n\\nInput Example:\\nN/A\\n\\nExpected Output Example:\\nN/A\\n\\nConclusion:\\nCode Test Failed\", \"Question\": \"The original code has some bugs, according to the test report and suggestions, rewrite the code. Complete the following code:\\ndef find_adverbs(text):\\n'''Write a function to find the first adverb ending with ly and its positions in a given string.\\nassert find_adverbs(\\\"Clearly, he has no excuse for such behavior.\\\") == '0-7: Clearly''''\\n\"}",
    "Code1": "import re\n\ndef find_adverbs(text):\n    match = re.search(r'\\b\\w+ly\\b', text)\n    if match:\n        return f\"{match.start()}-{match.end()}: {match.group()}\"\n    else:\n        return None",
    "ScriptResult1": "Traceback (most recent call last):\n  File \"/Users/watch/PycharmProjects/XXXX-1-LLM/workspace/2024-03-10_22-45-52-543426/test_script.py\", line 11, in <module>\n    class Test(unittest.TestCase):\nNameError: name 'unittest' is not defined\n",
    "TestReport1": "Test Report:\n\nContext: \nTraceback (most recent call last):\n  File \"/Users/watch/PycharmProjects/XXXX-1-LLM/workspace/2024-03-10_22-45-52-543426/test_script.py\", line 11, in <module>\n    class Test(unittest.TestCase):\nNameError: name 'unittest' is not defined\n\nTest Report:\nThe test script encountered a NameError due to 'unittest' not being defined. Therefore, the code has failed the tests.\n\nInput Example:\nclass Test(unittest.TestCase):\n\nExpected Output Example:\nNameError: name 'unittest' is not defined\n\nConclusion:\nCode Test Failed.",
    "RepairResponse2": "{\n  \"revised_code\": \"import re\\n\\ndef find_adverbs(text):\\n    match = re.search(r'\\\\b\\\\w+ly\\\\b', text)\\n    if match:\\n        return f\\\"{match.start()}-{match.end()}: {match.group()}\\\"\\n    else:\\n        return None\"\n}",
    "RepairResponse2_prompt": "{\"Role\": \"You are a professional software engineer. Your duty is to write code in Python that meets the requirements. Ensure that the code you write is efficient, readable, and follows best practices. Remember, do not need to explain the code you wrote.\", \"Instruction\": \"1. Rewrite a bug fix version of the original code. 2. Response in JSON format.\", \"Example\": \"{\\\"revised_code\\\":\\\"...\\\"}\", \"Context\": \"# the original code:\\nimport re\\n\\ndef find_adverbs(text):\\n    match = re.search(r'\\\\b\\\\w+ly\\\\b', text)\\n    if match:\\n        return f\\\"{match.start()}-{match.end()}: {match.group()}\\\"\\n    else:\\n        return None\\n# test report:\\nTest Report:\\n\\nContext: \\nTraceback (most recent call last):\\n  File \\\"/Users/watch/PycharmProjects/XXXX-1-LLM/workspace/2024-03-10_22-45-52-543426/test_script.py\\\", line 11, in <module>\\n    class Test(unittest.TestCase):\\nNameError: name 'unittest' is not defined\\n\\nTest Report:\\nThe test script encountered a NameError due to 'unittest' not being defined. Therefore, the code has failed the tests.\\n\\nInput Example:\\nclass Test(unittest.TestCase):\\n\\nExpected Output Example:\\nNameError: name 'unittest' is not defined\\n\\nConclusion:\\nCode Test Failed.\", \"Question\": \"The original code has some bugs, according to the test report and suggestions, rewrite the code. Complete the following code:\\ndef find_adverbs(text):\\n'''Write a function to find the first adverb ending with ly and its positions in a given string.\\nassert find_adverbs(\\\"Clearly, he has no excuse for such behavior.\\\") == '0-7: Clearly''''\\n\"}"
}