{
    "start_time": "2024-03-11_18-46-13-898285",
    "task": "def find_adverb_position(text):\n'''Write a function to find the first adverb and their positions in a given sentence.\nassert find_adverb_position(\"clearly!! we can see the sky\")==(0, 7, 'clearly')'''\n",
    "datetime": {
        "task": "2024-03-11 18:46:13",
        "task-id": "2024-03-11 18:46:13",
        "workflow": "2024-03-11 18:46:13",
        "UserStoryDraft0": "2024-03-11 18:46:14",
        "AnalyzeMeetings": "2024-03-11 18:46:15",
        "UserStory0": "2024-03-11 18:46:16",
        "DesignDraft0": "2024-03-11 18:46:18",
        "DesignMeetings0": "2024-03-11 18:46:20",
        "Design0": "2024-03-11 18:46:22",
        "CodeDraft0": "2024-03-11 18:46:25",
        "CodeReviewMeetings0": "2024-03-11 18:46:26",
        "Code0CR": "2024-03-11 18:46:28",
        "FinalCode": "2024-03-11 18:47:04",
        "Test Cases Draft": "2024-03-11 18:46:30",
        "Test Cases Meetings": "2024-03-11 18:46:32",
        "Test Cases": "2024-03-11 18:46:34",
        "Code0": "2024-03-11 18:46:37",
        "TestScriptOriginal": "2024-03-11 18:46:38",
        "TestScript": "2024-03-11 18:46:38",
        "ScriptResult0": "2024-03-11 18:46:38",
        "TestReport0": "2024-03-11 18:46:42",
        "SprintReview0": "2024-03-11 18:46:44",
        "SprintReviewMeetings0": "2024-03-11 18:46:46",
        "RepairResponse0": "2024-03-11 18:46:48",
        "Code1": "2024-03-11 18:46:48",
        "ScriptResult1": "2024-03-11 18:46:48",
        "TestReport1": "2024-03-11 18:46:52",
        "SprintReview1": "2024-03-11 18:46:54",
        "SprintReviewMeetings1": "2024-03-11 18:46:56",
        "RepairResponse1": "2024-03-11 18:46:58",
        "Code2": "2024-03-11 18:46:58",
        "ScriptResult2": "2024-03-11 18:46:58",
        "TestReport2": "2024-03-11 18:47:00",
        "SprintReview2": "2024-03-11 18:47:01",
        "SprintReviewMeetings2": "2024-03-11 18:47:03",
        "RepairResponse2": "2024-03-11 18:47:04",
        "Code3": "2024-03-11 18:47:04",
        "ScriptResult3": "2024-03-11 18:47:04",
        "TestReport3": "2024-03-11 18:47:06"
    },
    "task-id": 440,
    "workflow": "agile/agile_version_0.0.5_remove.json",
    "UserStoryDraft0": "{\n  \"UserStory\": \"As a product owner, I want a function to be able to find the first adverb and its position in a given sentence, so that I can efficiently analyze and process adverbs in text input.\"\n}",
    "UserStoryDraft0_prompt": "{\"Role\": \"You need to act as a professional product owner. Your task is to write a UserStory\", \"Instruction\": \"According to the Context, please analyze the requirement and write your response. Response in JSON format. Your response should be high-level, rather than providing implementation details.\", \"Example\": \"\", \"Context\": [], \"Question\": \"Follow the Instruction. The requirement is as follows:\\ndef find_adverb_position(text):\\n'''Write a function to find the first adverb and their positions in a given sentence.\\nassert find_adverb_position(\\\"clearly!! we can see the sky\\\")==(0, 7, 'clearly')'''\\n\"}",
    "AnalyzeMeetings": "{\n  \"Architect\": \"I suggest creating a function that takes a sentence as input and then searches for the first adverb and its position. This function should return the adverb and its position as a result, allowing for efficient analysis and processing of adverbs in text input.\"\n}",
    "UserStory0": "{\n  \"RevisedDocument\": {\n    \"UserStory\": \"As a product owner, I want a function that takes a sentence as input and then searches for the first adverb and its position. This function should return the adverb and its position as a result, allowing for efficient analysis and processing of adverbs in text input.\"\n  }\n}",
    "UserStory0_prompt": {
        "Role": "You need to act as a professional product owner. Your duty is to revise the document based on the suggestions.",
        "Instruction": "1. Read the suggestions. 2. Revise your draft version document. 3. Response in JSON format. 4. REMEMBER: Your analysis should be high-level, rather than providing implementation details.",
        "Example": "",
        "Context": "# Suggestion:\n{\n  \"Architect\": \"I suggest creating a function that takes a sentence as input and then searches for the first adverb and its position. This function should return the adverb and its position as a result, allowing for efficient analysis and processing of adverbs in text input.\"\n}",
        "Question": "Follow the Instruction. Your colleague give you some suggestions(in the Context section) about this draft document:{\n  \"UserStory\": \"As a product owner, I want a function to be able to find the first adverb and its position in a given sentence, so that I can efficiently analyze and process adverbs in text input.\"\n}"
    },
    "DesignDraft0": "Design:\n- The find_adverb_position function should take a sentence as input and return the position and the adverb of the first adverb found in the input sentence.\n- The function should efficiently analyze and process adverbs in the text input.\n- The function should use a systematic approach to identify adverbs within the sentence.\n- The code should handle edge cases such as no adverbs or multiple adverbs in the input sentence.\n- Error handling should be implemented to handle unexpected input.\n- The function should be designed to be modular and reusable in other parts of the codebase.\n\nNote: The design should guide the developer on the overall structure and approach of the function, without getting into specific implementation details.",
    "DesignMeetings0": "{\n  \"Developer\": \"The design should provide clear guidelines on how to efficiently analyze and process adverbs in the input sentence. It should also specify how to handle edge cases such as no adverbs or multiple adverbs, and how to implement error handling for unexpected input. Additionally, the design should outline how the function can be modular and reusable in other parts of the codebase.\",\n  \"Requirement Engineer\": \"The design should specify the expected behavior of the find_adverb_position function, including its input and output requirements. It should also detail the systematic approach to identifying adverbs within the sentence, and any specific criteria for handling edge cases and error handling. Additionally, the design should outline any dependencies or constraints for the function's implementation.\"\n}",
    "Design0": "Based on the suggestions provided, the new design for the find_adverb_position function should include the following:\n\n1. Input and Output Requirements:\n   - The function should take a sentence as input and return the position and the adverb of the first adverb found in the input sentence.\n\n2. Efficient Analysis and Processing of Adverbs:\n   - The function should efficiently analyze and process adverbs in the text input.\n\n3. Systematic Approach to Identifying Adverbs:\n   - The function should use a systematic approach to identify adverbs within the sentence.\n\n4. Handling Edge Cases:\n   - The code should handle edge cases such as no adverbs or multiple adverbs in the input sentence.\n\n5. Error Handling:\n   - Error handling should be implemented to handle unexpected input.\n\n6. Modularity and Reusability:\n   - The function should be designed to be modular and reusable in other parts of the codebase.\n\nAdditionally, the design should outline the expected behavior of the find_adverb_position function, any specific criteria for handling edge cases and error handling, and any dependencies or constraints for the function's implementation. The design should guide the developer on the overall structure and approach of the function without getting into specific implementation details.",
    "CodeDraft0": "def find_adverb_position(text):\n    # Split the text into words\n    words = text.split()\n    \n    # List of common adverbs for reference\n    adverbs = [\"clearly\", \"quickly\", \"loudly\", \"elegantly\", \"happily\", \"sadly\", \"slowly\", \"quietly\", \"angrily\"]\n    \n    # Loop through the words to find the first adverb and its position\n    for index, word in enumerate(words):\n        if word.rstrip('?!.,') in adverbs:\n            return (index, text.index(word), word)\n    \n    # If no adverb is found, return None\n    return None, None, None",
    "CodeDraft0_prompt": {
        "Role": "You are a professional engineer. Your duty is to write code in Python that meets the requirements. Ensure that the code you write is efficient, readable, and follows best practices. Remember, do not need to explain the code you wrote.",
        "Instruction": "According to the Context section, write your code.",
        "Example": "",
        "Context": "# Tasks:\n[]\n# Design:\nBased on the suggestions provided, the new design for the find_adverb_position function should include the following:\n\n1. Input and Output Requirements:\n   - The function should take a sentence as input and return the position and the adverb of the first adverb found in the input sentence.\n\n2. Efficient Analysis and Processing of Adverbs:\n   - The function should efficiently analyze and process adverbs in the text input.\n\n3. Systematic Approach to Identifying Adverbs:\n   - The function should use a systematic approach to identify adverbs within the sentence.\n\n4. Handling Edge Cases:\n   - The code should handle edge cases such as no adverbs or multiple adverbs in the input sentence.\n\n5. Error Handling:\n   - Error handling should be implemented to handle unexpected input.\n\n6. Modularity and Reusability:\n   - The function should be designed to be modular and reusable in other parts of the codebase.\n\nAdditionally, the design should outline the expected behavior of the find_adverb_position function, any specific criteria for handling edge cases and error handling, and any dependencies or constraints for the function's implementation. The design should guide the developer on the overall structure and approach of the function without getting into specific implementation details.",
        "Question": "Follow the Instruction section. Complete the following code:\ndef find_adverb_position(text):\n'''Write a function to find the first adverb and their positions in a given sentence.\nassert find_adverb_position(\"clearly!! we can see the sky\")==(0, 7, 'clearly')'''\n"
    },
    "CodeReviewMeetings0": "{\n  \"Architect\": \"It is better to use a set instead of a list for adverbs to improve the lookup time. Also, consider creating a separate function to clean up the text (remove punctuations) before processing it.\",\n  \"Tester\": \"Test with different types of text inputs including empty string, single word, and sentences with multiple adverbs to ensure accurate detection and position retrieval.\"\n}",
    "Code0CR": "def find_adverb_position(text):\n    adverbs_set = {\"clearly\", \"quickly\", \"happily\", \"slowly\", \"loudly\", \"quietly\", \"eagerly\", \"gracefully\", \"carefully\", \"boldly\", \"briskly\", \"cheerfully\", \"dutifully\", \"gladly\", \"hungrily\", \"keenly\", \"lazily\", \"merrily\", \"nervously\", \"obediently\", \"politely\", \"rudely\", \"sharply\", \"tensely\", \"vivaciously\", \"warmly\", \"zealously\"}\n    \n    def clean_text(text):\n        # code to clean up the text and remove punctuations\n        pass\n    \n    # code to efficiently analyze and process adverbs in the input text\n    clean_text(text)\n    adverb_position = # code to find the position of the adverb in the text\n\n    return adverb_position, adverb\n\n# Test the function with different types of text inputs\nassert find_adverb_position(\"clearly!! we can see the sky\") == (0, 7, 'clearly')",
    "Code0CR_prompt": "{\"Role\": \"You are a professional software engineer. Your duty is to write code in Python that meets the requirements. Ensure that the code you write is efficient, readable, and follows best practices. Remember, do not need to explain the code you wrote.\", \"Instruction\": \"1. Understand the suggestions(in the Context section) about the original code. 2. Rewrite your code.\", \"Example\": \"\", \"Context\": \"# Tasks:\\n[]\\n# Design:\\nBased on the suggestions provided, the new design for the find_adverb_position function should include the following:\\n\\n1. Input and Output Requirements:\\n   - The function should take a sentence as input and return the position and the adverb of the first adverb found in the input sentence.\\n\\n2. Efficient Analysis and Processing of Adverbs:\\n   - The function should efficiently analyze and process adverbs in the text input.\\n\\n3. Systematic Approach to Identifying Adverbs:\\n   - The function should use a systematic approach to identify adverbs within the sentence.\\n\\n4. Handling Edge Cases:\\n   - The code should handle edge cases such as no adverbs or multiple adverbs in the input sentence.\\n\\n5. Error Handling:\\n   - Error handling should be implemented to handle unexpected input.\\n\\n6. Modularity and Reusability:\\n   - The function should be designed to be modular and reusable in other parts of the codebase.\\n\\nAdditionally, the design should outline the expected behavior of the find_adverb_position function, any specific criteria for handling edge cases and error handling, and any dependencies or constraints for the function's implementation. The design should guide the developer on the overall structure and approach of the function without getting into specific implementation details.# Suggestions:\\n{\\n  \\\"Architect\\\": \\\"It is better to use a set instead of a list for adverbs to improve the lookup time. Also, consider creating a separate function to clean up the text (remove punctuations) before processing it.\\\",\\n  \\\"Tester\\\": \\\"Test with different types of text inputs including empty string, single word, and sentences with multiple adverbs to ensure accurate detection and position retrieval.\\\"\\n}\", \"Question\": \"Follow the Instruction section. Complete the following code:\\ndef find_adverb_position(text):\\n'''Write a function to find the first adverb and their positions in a given sentence.\\nassert find_adverb_position(\\\"clearly!! we can see the sky\\\")==(0, 7, 'clearly')'''\\n\"}",
    "FinalCode": "import re\n\ndef find_adverb_position(text):\n    adverb_match = re.search(r'\\b\\w+ly\\b', text)\n    if adverb_match:\n        return adverb_match.start(), adverb_match.end(), adverb_match.group()\n    else:\n        return None",
    "Test Cases Draft": "{\n  \"Test Cases\": [\n    {\n      \"Test Title\": \"Valid Input with Adverb\",\n      \"Input Data\": \"parameter1='clearly!! we can see the sky'\",\n      \"Expected Output\": \"(0, 7, 'clearly')\"\n    },\n    {\n      \"Test Title\": \"Valid Input without Adverb\",\n      \"Input Data\": \"parameter1='we can see the sky'\",\n      \"Expected Output\": \"No adverb found\"\n    },\n    {\n      \"Test Title\": \"Invalid Input\",\n      \"Input Data\": \"parameter1=123\",\n      \"Expected Output\": \"Invalid input type\"\n    }\n  ]\n}",
    "Test Cases Draft_prompt": "{\"Role\": \"You are a quality assurance engineer. Your duty is to design test cases for the developers.\", \"Instruction\": \"According to the Context section, write test cases. Don't write long strings in your test cases. Response in JSON format.\", \"Example\": \"{\\\"requirement analysis\\\":\\\"analysis\\\",\\\"test_cases\\\":[{\\\"Test Title\\\":\\\"title\\\", \\\"Input Data\\\":\\\"parameter1=[1,2,3],parameter2='123'\\\", \\\"Expected Output\\\":\\\"456\\\"},]}\", \"Context\": \"# UsrtStory:\\n{\\n  \\\"RevisedDocument\\\": {\\n    \\\"UserStory\\\": \\\"As a product owner, I want a function that takes a sentence as input and then searches for the first adverb and its position. This function should return the adverb and its position as a result, allowing for efficient analysis and processing of adverbs in text input.\\\"\\n  }\\n}\\n# Tasks:\\n[]\\n# Design:\\nBased on the suggestions provided, the new design for the find_adverb_position function should include the following:\\n\\n1. Input and Output Requirements:\\n   - The function should take a sentence as input and return the position and the adverb of the first adverb found in the input sentence.\\n\\n2. Efficient Analysis and Processing of Adverbs:\\n   - The function should efficiently analyze and process adverbs in the text input.\\n\\n3. Systematic Approach to Identifying Adverbs:\\n   - The function should use a systematic approach to identify adverbs within the sentence.\\n\\n4. Handling Edge Cases:\\n   - The code should handle edge cases such as no adverbs or multiple adverbs in the input sentence.\\n\\n5. Error Handling:\\n   - Error handling should be implemented to handle unexpected input.\\n\\n6. Modularity and Reusability:\\n   - The function should be designed to be modular and reusable in other parts of the codebase.\\n\\nAdditionally, the design should outline the expected behavior of the find_adverb_position function, any specific criteria for handling edge cases and error handling, and any dependencies or constraints for the function's implementation. The design should guide the developer on the overall structure and approach of the function without getting into specific implementation details.\", \"Question\": \"def find_adverb_position(text):\\n'''Write a function to find the first adverb and their positions in a given sentence.\\nassert find_adverb_position(\\\"clearly!! we can see the sky\\\")==(0, 7, 'clearly')'''\\n\"}",
    "Test Cases Meetings": "{\n  \"Developer\": \"For the 'Valid Input with Adverb' test case, I suggest revising the Expected Output to include the full expected result, such as '(0, 7, 'clearly') found'. This will make it clearer what the expected outcome should be. For the 'Invalid Input' test case, I recommend specifying the expected error message to be more specific, such as 'Invalid input type: must be a string'. This will provide better guidance for developers testing the code.\"\n}",
    "Test Cases": "{\n  \"test_cases\": [\n    {\n      \"Test Title\": \"Valid Input with Adverb\",\n      \"Input Data\": \"parameter1='clearly!! we can see the sky'\",\n      \"Expected Output\": \"(0, 7, 'clearly') found\"\n    },\n    {\n      \"Test Title\": \"Valid Input without Adverb\",\n      \"Input Data\": \"parameter1='we can see the sky'\",\n      \"Expected Output\": \"No adverb found\"\n    },\n    {\n      \"Test Title\": \"Invalid Input\",\n      \"Input Data\": \"parameter1=123\",\n      \"Expected Output\": \"Invalid input type: must be a string\"\n    }\n  ]\n}",
    "Test Cases_prompt": "{\"Role\": \"You are a quality assurance engineer. Your duty is to revise the test cases based on the suggestions.\", \"Instruction\": \"1. Your colleague give you some suggestions(in the Context section) about the draft test cases, read these suggestions. 2. Revise your draft version test cases, but don't use long parameters. 3. Response in JSON format.\", \"Example\": \"{\\\"requirement analysis\\\":\\\"analysis\\\",\\\"test_cases\\\":[{\\\"Test Title\\\":\\\"title\\\", \\\"Input Data\\\":\\\"parameter1=[1,2,3],parameter2='123'\\\", \\\"Expected Output\\\":\\\"456\\\"},]}\", \"Context\": \"# Suggestions:\\n{\\n  \\\"Developer\\\": \\\"For the 'Valid Input with Adverb' test case, I suggest revising the Expected Output to include the full expected result, such as '(0, 7, 'clearly') found'. This will make it clearer what the expected outcome should be. For the 'Invalid Input' test case, I recommend specifying the expected error message to be more specific, such as 'Invalid input type: must be a string'. This will provide better guidance for developers testing the code.\\\"\\n}\\n # Draft Test cases:\\n{\\n  \\\"Test Cases\\\": [\\n    {\\n      \\\"Test Title\\\": \\\"Valid Input with Adverb\\\",\\n      \\\"Input Data\\\": \\\"parameter1='clearly!! we can see the sky'\\\",\\n      \\\"Expected Output\\\": \\\"(0, 7, 'clearly')\\\"\\n    },\\n    {\\n      \\\"Test Title\\\": \\\"Valid Input without Adverb\\\",\\n      \\\"Input Data\\\": \\\"parameter1='we can see the sky'\\\",\\n      \\\"Expected Output\\\": \\\"No adverb found\\\"\\n    },\\n    {\\n      \\\"Test Title\\\": \\\"Invalid Input\\\",\\n      \\\"Input Data\\\": \\\"parameter1=123\\\",\\n      \\\"Expected Output\\\": \\\"Invalid input type\\\"\\n    }\\n  ]\\n}\", \"Question\": \"Follow the Instruction. Please make sure your response length are less than 512. Your test cases is for the below question:\\ndef find_adverb_position(text):\\n'''Write a function to find the first adverb and their positions in a given sentence.\\nassert find_adverb_position(\\\"clearly!! we can see the sky\\\")==(0, 7, 'clearly')'''\\n\"}",
    "Code0": "def find_adverb_position(text):\n    adverbs_set = {\"clearly\", \"quickly\", \"happily\", \"slowly\", \"loudly\", \"quietly\", \"eagerly\", \"gracefully\", \"carefully\", \"boldly\", \"briskly\", \"cheerfully\", \"dutifully\", \"gladly\", \"hungrily\", \"keenly\", \"lazily\", \"merrily\", \"nervously\", \"obediently\", \"politely\", \"rudely\", \"sharply\", \"tensely\", \"vivaciously\", \"warmly\", \"zealously\"}\n    \n    def clean_text(text):\n        # code to clean up the text and remove punctuations\n        pass\n    \n    clean_text(text)\n    adverb_position = # code to find the position of the adverb in the text\n\n    return adverb_position, adverb",
    "Code0_prompt": {
        "Role": "You are a professional software engineer. Your duty is to write code in Python that meets the requirements. Ensure that the code you write is efficient, readable, and follows best practices. Remember, do not need to explain the code you wrote.",
        "Instruction": "1. Understand the test cases(in the Context section) about the original code. 2. Rewrite your code, make sure your code pass all test cases.",
        "Example": "",
        "Context": "# Original Code:\ndef find_adverb_position(text):\n    adverbs_set = {\"clearly\", \"quickly\", \"happily\", \"slowly\", \"loudly\", \"quietly\", \"eagerly\", \"gracefully\", \"carefully\", \"boldly\", \"briskly\", \"cheerfully\", \"dutifully\", \"gladly\", \"hungrily\", \"keenly\", \"lazily\", \"merrily\", \"nervously\", \"obediently\", \"politely\", \"rudely\", \"sharply\", \"tensely\", \"vivaciously\", \"warmly\", \"zealously\"}\n    \n    def clean_text(text):\n        # code to clean up the text and remove punctuations\n        pass\n    \n    # code to efficiently analyze and process adverbs in the input text\n    clean_text(text)\n    adverb_position = # code to find the position of the adverb in the text\n\n    return adverb_position, adverb\n\n# Test the function with different types of text inputs\nassert find_adverb_position(\"clearly!! we can see the sky\") == (0, 7, 'clearly')\n# Test Cases:\n{\n  \"test_cases\": [\n    {\n      \"Test Title\": \"Valid Input with Adverb\",\n      \"Input Data\": \"parameter1='clearly!! we can see the sky'\",\n      \"Expected Output\": \"(0, 7, 'clearly') found\"\n    },\n    {\n      \"Test Title\": \"Valid Input without Adverb\",\n      \"Input Data\": \"parameter1='we can see the sky'\",\n      \"Expected Output\": \"No adverb found\"\n    },\n    {\n      \"Test Title\": \"Invalid Input\",\n      \"Input Data\": \"parameter1=123\",\n      \"Expected Output\": \"Invalid input type: must be a string\"\n    }\n  ]\n}",
        "Question": "def find_adverb_position(text):\n'''Write a function to find the first adverb and their positions in a given sentence.\nassert find_adverb_position(\"clearly!! we can see the sky\")==(0, 7, 'clearly')'''\n"
    },
    "TestScriptOriginal": "import re\n\ndef find_adverb_position(text):\n    adverb_position = re.search(r'\\b\\w+ly\\b', text)\n    if adverb_position:\n        return adverb_position.start(), adverb_position.end(), adverb_position.group()\n    else:\n        return None\n\nimport unittest\n\nclass Test(unittest.TestCase):\n    def test(self):\n        self.assertEqual(find_adverb_position('clearly!! we can see the sky'), (0, 7, 'clearly'))\n\nif __name__ == '__main__':\n    unittest.main()",
    "TestScriptOriginal_prompt": "{\"Role\": \"You are a quality assurance engineer. Your duty is to write a python test script in unittest framework.\", \"Instruction\": \"1. Write a python test script. 2. Use the input and output given by the question.\", \"Example\": \"import unittest\\n\\nclass Test(unittest.TestCase):\\n    def test(self):\\n        self.assertEqual(function_under_test('a'), 1)\\n\\nif __name__ == '__main__':\\n    unittest.main()\", \"Context\": \"\", \"Question\": \"def find_adverb_position(text):\\n'''Write a function to find the first adverb and their positions in a given sentence.\\nassert find_adverb_position(\\\"clearly!! we can see the sky\\\")==(0, 7, 'clearly')'''\\n\"}",
    "TestScript": "import re\n\nclass Test(unittest.TestCase):\n    def test(self):\n        self.assertEqual(find_adverb_position('clearly!! we can see the sky'), (0, 7, 'clearly'))\n\nif __name__ == '__main__':\n    unittest.main()",
    "ScriptResult0": "  File \"/Users/watch/PycharmProjects/XXXX-1-LLM/workspace/2024-03-11_18-46-13-898285/test_script.py\", line 9\n    adverb_position = # code to find the position of the adverb in the text\n                      ^\nSyntaxError: invalid syntax\n",
    "TestReport0": "Test Report:\n\nContext:\nThe test script's output shows a SyntaxError at line 9 in the test_script.py file. The error message indicates \"SyntaxError: invalid syntax\".\n\nAnalysis:\nBased on the test script's output, it is clear that there is a syntax error in the code at line 9. The adverb_position variable is not assigned a value, which results in the syntax error.\n\nConclusion:\nCode Test Failed\n\nInput and Expected Output Example:\nThe input example is the code snippet provided in the Question section. The expected output should be the position of the adverb in the text.\n\nRecommendation:\nThe code needs to be reviewed and corrected to resolve the syntax error. Additionally, the adverb_position variable needs to be assigned a value based on the logic to find the position of the adverb in the text.\n\nAction:\nThe developer should review and fix the syntax error in the code and ensure that the adverb_position variable is assigned a value based on the logic to find the position of the adverb in the text.\n\nCode Test Failed.",
    "SprintReview0": "[ScrumMaster]says: Here is our test Report: Test Report:\n\nContext:\nThe test script's output shows a SyntaxError at line 9 in the test_script.py file. The error message indicates \"SyntaxError: invalid syntax\".\n\nAnalysis:\nBased on the test script's output, it is clear that there is a syntax error in the code at line 9. The adverb_position variable is not assigned a value, which results in the syntax error.\n\nConclusion:\nCode Test Failed\n\nInput and Expected Output Example:\nThe input example is the code snippet provided in the Question section. The expected output should be the position of the adverb in the text.\n\nRecommendation:\nThe code needs to be reviewed and corrected to resolve the syntax error. Additionally, the adverb_position variable needs to be assigned a value based on the logic to find the position of the adverb in the text.\n\nAction:\nThe developer should review and fix the syntax error in the code and ensure that the adverb_position variable is assigned a value based on the logic to find the position of the adverb in the text.\n\nCode Test Failed., do you have any ideas?\n-----\n\n[Developer]says: As a Developer, I will review the code and fix the syntax error at line 9, and ensure that the adverb_position variable is assigned a value based on the logic to find the position of the adverb in the text.\n-----\n\n[ProductOwner]says: As a Product Owner, I believe we need to prioritize reviewing and correcting the syntax error in the code as well as ensuring that the adverb_position variable is assigned a value based on the logic to find the position of the adverb in the text.\n-----\n\n[Tester]says: As a Tester, I think the code needs to be reviewed and corrected to resolve the syntax error. Additionally, the adverb_position variable needs to be assigned a value based on the logic to find the position of the adverb in the text.\n-----\n\n[Architect]says: As an Architect, I recommend conducting a code review to identify and correct the syntax error, as well as ensuring that the adverb_position variable is assigned a value based on the logic to find the position of the adverb in the text.\n-----\n\n[Tester]says: As a Tester, I agree that the code needs to be reviewed and corrected to resolve the syntax error, and the adverb_position variable needs to be assigned a value based on the logic to find the position of the adverb in the text.\n-----\n\n[Developer]says: As a Developer, I will review the code and fix the syntax error at line 9, and ensure that the adverb_position variable is assigned a value based on the logic to find the position of the adverb in the text.\n-----\n\n[ProductOwner]says: As a Product Owner, I believe we need to prioritize reviewing and correcting the syntax error in the code as well as ensuring that the adverb_position variable is assigned a value based on the logic to find the position of the adverb in the text.\n-----\n\n[Architect]says: As an Architect, I recommend conducting a code review to identify and correct the syntax error, as well as ensuring that the adverb_position variable is assigned a value based on the logic to find the position of the adverb in the text.\n-----\n",
    "SprintReviewMeetings0": "{\n  \"product-owner\":[\"Prioritize reviewing and correcting the syntax error in the code\", \"Ensure that the adverb_position variable is assigned a value based on the logic to find the position of the adverb in the text\"],\n  \"architect\":[\"Conduct a code review to identify and correct the syntax error\", \"Ensure that the adverb_position variable is assigned a value based on the logic to find the position of the adverb in the text\"],\n  \"developer\":[\"Review the code and fix the syntax error at line 9\", \"Ensure that the adverb_position variable is assigned a value based on the logic to find the position of the adverb in the text\"],\n  \"tester\":[\"Review and correct the syntax error in the code\", \"Ensure that the adverb_position variable is assigned a value based on the logic to find the position of the adverb in the text\"]\n}",
    "SprintReviewMeetings0_prompt": "{\"Role\": \"You are a professional scrum master. Your goal is to summary the Discussion History into a suggestions list for the scrum team.\", \"Instruction\": \"1. Read and Understand the Discussion History. 2. Summary the suggestions from four roles: product-owner/architect/developer/tester. 3. Response in JSON format.\", \"Example\": \"{\\\"product-owner\\\":[\\\"suggestion1\\\",\\\"suggestion2\\\"],\\\"architect\\\":[\\\"suggestion1\\\",\\\"suggestion2\\\"], \\\"developer\\\":[\\\"suggestion1\\\",\\\"suggestion2\\\"], \\\"tester\\\":[\\\"suggestion1\\\",\\\"suggestion2\\\"]}\", \"Context\": \"[ScrumMaster]says: Here is our test Report: Test Report:\\n\\nContext:\\nThe test script's output shows a SyntaxError at line 9 in the test_script.py file. The error message indicates \\\"SyntaxError: invalid syntax\\\".\\n\\nAnalysis:\\nBased on the test script's output, it is clear that there is a syntax error in the code at line 9. The adverb_position variable is not assigned a value, which results in the syntax error.\\n\\nConclusion:\\nCode Test Failed\\n\\nInput and Expected Output Example:\\nThe input example is the code snippet provided in the Question section. The expected output should be the position of the adverb in the text.\\n\\nRecommendation:\\nThe code needs to be reviewed and corrected to resolve the syntax error. Additionally, the adverb_position variable needs to be assigned a value based on the logic to find the position of the adverb in the text.\\n\\nAction:\\nThe developer should review and fix the syntax error in the code and ensure that the adverb_position variable is assigned a value based on the logic to find the position of the adverb in the text.\\n\\nCode Test Failed., do you have any ideas?\\n-----\\n\\n[Developer]says: As a Developer, I will review the code and fix the syntax error at line 9, and ensure that the adverb_position variable is assigned a value based on the logic to find the position of the adverb in the text.\\n-----\\n\\n[ProductOwner]says: As a Product Owner, I believe we need to prioritize reviewing and correcting the syntax error in the code as well as ensuring that the adverb_position variable is assigned a value based on the logic to find the position of the adverb in the text.\\n-----\\n\\n[Tester]says: As a Tester, I think the code needs to be reviewed and corrected to resolve the syntax error. Additionally, the adverb_position variable needs to be assigned a value based on the logic to find the position of the adverb in the text.\\n-----\\n\\n[Architect]says: As an Architect, I recommend conducting a code review to identify and correct the syntax error, as well as ensuring that the adverb_position variable is assigned a value based on the logic to find the position of the adverb in the text.\\n-----\\n\\n[Tester]says: As a Tester, I agree that the code needs to be reviewed and corrected to resolve the syntax error, and the adverb_position variable needs to be assigned a value based on the logic to find the position of the adverb in the text.\\n-----\\n\\n[Developer]says: As a Developer, I will review the code and fix the syntax error at line 9, and ensure that the adverb_position variable is assigned a value based on the logic to find the position of the adverb in the text.\\n-----\\n\\n[ProductOwner]says: As a Product Owner, I believe we need to prioritize reviewing and correcting the syntax error in the code as well as ensuring that the adverb_position variable is assigned a value based on the logic to find the position of the adverb in the text.\\n-----\\n\\n[Architect]says: As an Architect, I recommend conducting a code review to identify and correct the syntax error, as well as ensuring that the adverb_position variable is assigned a value based on the logic to find the position of the adverb in the text.\\n-----\\n\", \"Question\": \"Follow the Instruction section. The Discussion History is in the Context section. You only need to return a list as the Example section.\"}",
    "RepairResponse0": "{\n  \"revised_code\": \"def find_adverb_position(text):\\n    '''Write a function to find the first adverb and their positions in a given sentence.'''\\n    adverbs = [\\\"clearly\\\", \\\"quickly\\\", \\\"happily\\\", \\\"sadly\\\", \\\"loudly\\\", \\\"quietly\\\", \\\"angrily\\\", \\\"calmly\\\", \\\"elegantly\\\", \\\"awkwardly\\\"]\\n    words = text.split()\\n    for i in range(len(words)):\\n        if words[i] in adverbs:\\n            return (i, i + len(words[i]) - 1, words[i])\\n    return None\"\n}",
    "RepairResponse0_prompt": {
        "Role": "You are a professional software engineer. Your duty is to write code in Python that meets the requirements. Ensure that the code you write is efficient, readable, and follows best practices. Remember, do not need to explain the code you wrote.",
        "Instruction": "1. Rewrite a bug fix version of the original code. 2. Response in JSON format.",
        "Example": "{\"revised_code\":\"...\"}",
        "Context": "# Test Report:\nTest Report:\n\nContext:\nThe test script's output shows a SyntaxError at line 9 in the test_script.py file. The error message indicates \"SyntaxError: invalid syntax\".\n\nAnalysis:\nBased on the test script's output, it is clear that there is a syntax error in the code at line 9. The adverb_position variable is not assigned a value, which results in the syntax error.\n\nConclusion:\nCode Test Failed\n\nInput and Expected Output Example:\nThe input example is the code snippet provided in the Question section. The expected output should be the position of the adverb in the text.\n\nRecommendation:\nThe code needs to be reviewed and corrected to resolve the syntax error. Additionally, the adverb_position variable needs to be assigned a value based on the logic to find the position of the adverb in the text.\n\nAction:\nThe developer should review and fix the syntax error in the code and ensure that the adverb_position variable is assigned a value based on the logic to find the position of the adverb in the text.\n\nCode Test Failed.# suggestions:\n{\"product-owner\": [\"Prioritize reviewing and correcting the syntax error in the code\", \"Ensure that the adverb_position variable is assigned a value based on the logic to find the position of the adverb in the text\"], \"architect\": [\"Conduct a code review to identify and correct the syntax error\", \"Ensure that the adverb_position variable is assigned a value based on the logic to find the position of the adverb in the text\"], \"developer\": [\"Review the code and fix the syntax error at line 9\", \"Ensure that the adverb_position variable is assigned a value based on the logic to find the position of the adverb in the text\"], \"tester\": [\"Review and correct the syntax error in the code\", \"Ensure that the adverb_position variable is assigned a value based on the logic to find the position of the adverb in the text\"]}",
        "Question": "The original code has some bugs, according to the test report and suggestions, rewrite the code. Complete the following code:\ndef find_adverb_position(text):\n'''Write a function to find the first adverb and their positions in a given sentence.\nassert find_adverb_position(\"clearly!! we can see the sky\")==(0, 7, 'clearly')'''\n"
    },
    "Code1": "def find_adverb_position(text):\n    '''Write a function to find the first adverb and their positions in a given sentence.'''\n    adverbs = [\"clearly\", \"quickly\", \"happily\", \"sadly\", \"loudly\", \"quietly\", \"angrily\", \"calmly\", \"elegantly\", \"awkwardly\"]\n    words = text.split()\n    for i in range(len(words)):\n        if words[i] in adverbs:\n            return (i, i + len(words[i]) - 1, words[i])\n    return None",
    "ScriptResult1": "Traceback (most recent call last):\n  File \"/Users/watch/PycharmProjects/XXXX-1-LLM/workspace/2024-03-11_18-46-13-898285/test_script.py\", line 11, in <module>\n    class Test(unittest.TestCase):\nNameError: name 'unittest' is not defined\n",
    "TestReport1": "Test Report\n\nTest Script Output:\nTraceback (most recent call last):\n  File \"/Users/watch/PycharmProjects/XXXX-1-LLM/workspace/2024-03-11_18-46-13-898285/test_script.py\", line 11, in <module>\n    class Test(unittest.TestCase):\nNameError: name 'unittest' is not defined\n\nAnalysis:\nThe test script output indicates a NameError, specifically stating that the name 'unittest' is not defined. This suggests that there is an issue with the import or usage of the 'unittest' module in the test_script.py file.\n\nConclusion:\nCode Test Failed\n\nExample of Input and Expected Output:\n```python\ndef find_adverb_position(text):\n    '''Write a function to find the first adverb and their positions in a given sentence.'''\n    adverbs = [\"clearly\", \"quickly\", \"happily\", \"sadly\", \"loudly\", \"quietly\", \"angrily\", \"calmly\", \"elegantly\", \"awkwardly\"]\n    words = text.split()\n    for i in range(len(words)):\n        if words[i] in adverbs:\n            return (i, i + len(words[i]) - 1, words[i])\n    return None\n```\nInput: \"She quickly ran to the store.\"\nExpected Output: (1, 1 + 6 - 1, \"quickly\")\n\nNote:\nThe failure in the test script is unrelated to the provided code for the find_adverb_position function. The issue appears to be within the test script itself, as it is unable to find the 'unittest' module. Further investigation and debugging of the test script are required.\n\nCode Test Failed",
    "SprintReview1": "[ScrumMaster]says: Here is our test Report: Test Report\n\nTest Script Output:\nTraceback (most recent call last):\n  File \"/Users/watch/PycharmProjects/XXXX-1-LLM/workspace/2024-03-11_18-46-13-898285/test_script.py\", line 11, in <module>\n    class Test(unittest.TestCase):\nNameError: name 'unittest' is not defined\n\nAnalysis:\nThe test script output indicates a NameError, specifically stating that the name 'unittest' is not defined. This suggests that there is an issue with the import or usage of the 'unittest' module in the test_script.py file.\n\nConclusion:\nCode Test Failed\n\nExample of Input and Expected Output:\n```python\ndef find_adverb_position(text):\n    '''Write a function to find the first adverb and their positions in a given sentence.'''\n    adverbs = [\"clearly\", \"quickly\", \"happily\", \"sadly\", \"loudly\", \"quietly\", \"angrily\", \"calmly\", \"elegantly\", \"awkwardly\"]\n    words = text.split()\n    for i in range(len(words)):\n        if words[i] in adverbs:\n            return (i, i + len(words[i]) - 1, words[i])\n    return None\n```\nInput: \"She quickly ran to the store.\"\nExpected Output: (1, 1 + 6 - 1, \"quickly\")\n\nNote:\nThe failure in the test script is unrelated to the provided code for the find_adverb_position function. The issue appears to be within the test script itself, as it is unable to find the 'unittest' module. Further investigation and debugging of the test script are required.\n\nCode Test Failed, do you have any ideas?\n-----\n\n[Developer]says: As a Developer, I will investigate the test script to understand why the 'unittest' module is not defined and try to resolve the issue.\n-----\n\n[Tester]says: As a Tester, it is important to investigate the test script issue further and debug it to resolve the NameError with the 'unittest' module.\n-----\n\n[Architect]says: As an architect, I propose that we review the test script and ensure that the 'unittest' module is properly imported and used to address the NameError issue.\n-----\n\n[ProductOwner]says: As a Product Owner, I think we should prioritize fixing the NameError issue with the unittest module in the test script before proceeding with any further development.\n-----\n\n[Developer]says: As a Developer, I will investigate the test script to understand why the 'unittest' module is not defined and try to resolve the issue.\n-----\n\n[Tester]says: As a Tester, I will investigate the test script issue further and debug it to resolve the NameError with the 'unittest' module.\n-----\n\n[Architect]says: As an architect, I propose that we review the test script and ensure that the 'unittest' module is properly imported and used to address the NameError issue.\n-----\n\n[ProductOwner]says: As a Product Owner, I think we should prioritize fixing the NameError issue with the unittest module in the test script before proceeding with any further development.\n-----\n",
    "SprintReviewMeetings1": "{\n  \"product-owner\": [\"I think we should prioritize fixing the NameError issue with the unittest module in the test script before proceeding with any further development.\"],\n  \"architect\": [\"I propose that we review the test script and ensure that the 'unittest' module is properly imported and used to address the NameError issue.\"],\n  \"developer\": [\"I will investigate the test script to understand why the 'unittest' module is not defined and try to resolve the issue.\"],\n  \"tester\": [\"It is important to investigate the test script issue further and debug it to resolve the NameError with the 'unittest' module.\"]\n}",
    "SprintReviewMeetings1_prompt": "{\"Role\": \"You are a professional scrum master. Your goal is to summary the Discussion History into a suggestions list for the scrum team.\", \"Instruction\": \"1. Read and Understand the Discussion History. 2. Summary the suggestions from four roles: product-owner/architect/developer/tester. 3. Response in JSON format.\", \"Example\": \"{\\\"product-owner\\\":[\\\"suggestion1\\\",\\\"suggestion2\\\"],\\\"architect\\\":[\\\"suggestion1\\\",\\\"suggestion2\\\"], \\\"developer\\\":[\\\"suggestion1\\\",\\\"suggestion2\\\"], \\\"tester\\\":[\\\"suggestion1\\\",\\\"suggestion2\\\"]}\", \"Context\": \"[ScrumMaster]says: Here is our test Report: Test Report\\n\\nTest Script Output:\\nTraceback (most recent call last):\\n  File \\\"/Users/watch/PycharmProjects/XXXX-1-LLM/workspace/2024-03-11_18-46-13-898285/test_script.py\\\", line 11, in <module>\\n    class Test(unittest.TestCase):\\nNameError: name 'unittest' is not defined\\n\\nAnalysis:\\nThe test script output indicates a NameError, specifically stating that the name 'unittest' is not defined. This suggests that there is an issue with the import or usage of the 'unittest' module in the test_script.py file.\\n\\nConclusion:\\nCode Test Failed\\n\\nExample of Input and Expected Output:\\n```python\\ndef find_adverb_position(text):\\n    '''Write a function to find the first adverb and their positions in a given sentence.'''\\n    adverbs = [\\\"clearly\\\", \\\"quickly\\\", \\\"happily\\\", \\\"sadly\\\", \\\"loudly\\\", \\\"quietly\\\", \\\"angrily\\\", \\\"calmly\\\", \\\"elegantly\\\", \\\"awkwardly\\\"]\\n    words = text.split()\\n    for i in range(len(words)):\\n        if words[i] in adverbs:\\n            return (i, i + len(words[i]) - 1, words[i])\\n    return None\\n```\\nInput: \\\"She quickly ran to the store.\\\"\\nExpected Output: (1, 1 + 6 - 1, \\\"quickly\\\")\\n\\nNote:\\nThe failure in the test script is unrelated to the provided code for the find_adverb_position function. The issue appears to be within the test script itself, as it is unable to find the 'unittest' module. Further investigation and debugging of the test script are required.\\n\\nCode Test Failed, do you have any ideas?\\n-----\\n\\n[Developer]says: As a Developer, I will investigate the test script to understand why the 'unittest' module is not defined and try to resolve the issue.\\n-----\\n\\n[Tester]says: As a Tester, it is important to investigate the test script issue further and debug it to resolve the NameError with the 'unittest' module.\\n-----\\n\\n[Architect]says: As an architect, I propose that we review the test script and ensure that the 'unittest' module is properly imported and used to address the NameError issue.\\n-----\\n\\n[ProductOwner]says: As a Product Owner, I think we should prioritize fixing the NameError issue with the unittest module in the test script before proceeding with any further development.\\n-----\\n\\n[Developer]says: As a Developer, I will investigate the test script to understand why the 'unittest' module is not defined and try to resolve the issue.\\n-----\\n\\n[Tester]says: As a Tester, I will investigate the test script issue further and debug it to resolve the NameError with the 'unittest' module.\\n-----\\n\\n[Architect]says: As an architect, I propose that we review the test script and ensure that the 'unittest' module is properly imported and used to address the NameError issue.\\n-----\\n\\n[ProductOwner]says: As a Product Owner, I think we should prioritize fixing the NameError issue with the unittest module in the test script before proceeding with any further development.\\n-----\\n\", \"Question\": \"Follow the Instruction section. The Discussion History is in the Context section. You only need to return a list as the Example section.\"}",
    "RepairResponse1": "{\n\"revised_code\": \"def find_adverb_position(text):\\n    '''Write a function to find the first adverb and their positions in a given sentence.'''\\n    adverbs = [\\\"clearly\\\", \\\"quickly\\\", \\\"happily\\\", \\\"sadly\\\", \\\"loudly\\\", \\\"quietly\\\", \\\"angrily\\\", \\\"calmly\\\", \\\"elegantly\\\", \\\"awkwardly\\\"]\\n    words = text.split()\\n    for i in range(len(words)):\\n        if words[i].strip('!') in adverbs:\\n            adverb = words[i].strip('!')\\n            return (i, i + len(adverb) - 1, adverb)\\n    return None\"\n}",
    "RepairResponse1_prompt": {
        "Role": "You are a professional software engineer. Your duty is to write code in Python that meets the requirements. Ensure that the code you write is efficient, readable, and follows best practices. Remember, do not need to explain the code you wrote.",
        "Instruction": "1. Rewrite a bug fix version of the original code. 2. Response in JSON format.",
        "Example": "{\"revised_code\":\"...\"}",
        "Context": "# Test Report:\nTest Report\n\nTest Script Output:\nTraceback (most recent call last):\n  File \"/Users/watch/PycharmProjects/XXXX-1-LLM/workspace/2024-03-11_18-46-13-898285/test_script.py\", line 11, in <module>\n    class Test(unittest.TestCase):\nNameError: name 'unittest' is not defined\n\nAnalysis:\nThe test script output indicates a NameError, specifically stating that the name 'unittest' is not defined. This suggests that there is an issue with the import or usage of the 'unittest' module in the test_script.py file.\n\nConclusion:\nCode Test Failed\n\nExample of Input and Expected Output:\n```python\ndef find_adverb_position(text):\n    '''Write a function to find the first adverb and their positions in a given sentence.'''\n    adverbs = [\"clearly\", \"quickly\", \"happily\", \"sadly\", \"loudly\", \"quietly\", \"angrily\", \"calmly\", \"elegantly\", \"awkwardly\"]\n    words = text.split()\n    for i in range(len(words)):\n        if words[i] in adverbs:\n            return (i, i + len(words[i]) - 1, words[i])\n    return None\n```\nInput: \"She quickly ran to the store.\"\nExpected Output: (1, 1 + 6 - 1, \"quickly\")\n\nNote:\nThe failure in the test script is unrelated to the provided code for the find_adverb_position function. The issue appears to be within the test script itself, as it is unable to find the 'unittest' module. Further investigation and debugging of the test script are required.\n\nCode Test Failed# suggestions:\n{\"product-owner\": [\"I think we should prioritize fixing the NameError issue with the unittest module in the test script before proceeding with any further development.\"], \"architect\": [\"I propose that we review the test script and ensure that the 'unittest' module is properly imported and used to address the NameError issue.\"], \"developer\": [\"I will investigate the test script to understand why the 'unittest' module is not defined and try to resolve the issue.\"], \"tester\": [\"It is important to investigate the test script issue further and debug it to resolve the NameError with the 'unittest' module.\"]}",
        "Question": "The original code has some bugs, according to the test report and suggestions, rewrite the code. Complete the following code:\ndef find_adverb_position(text):\n'''Write a function to find the first adverb and their positions in a given sentence.\nassert find_adverb_position(\"clearly!! we can see the sky\")==(0, 7, 'clearly')'''\n"
    },
    "Code2": "def find_adverb_position(text):\n    '''Write a function to find the first adverb and their positions in a given sentence.'''\n    adverbs = [\"clearly\", \"quickly\", \"happily\", \"sadly\", \"loudly\", \"quietly\", \"angrily\", \"calmly\", \"elegantly\", \"awkwardly\"]\n    words = text.split()\n    for i in range(len(words)):\n        if words[i].strip('!') in adverbs:\n            adverb = words[i].strip('!')\n            return (i, i + len(adverb) - 1, adverb)\n    return None",
    "ScriptResult2": "Traceback (most recent call last):\n  File \"/Users/watch/PycharmProjects/XXXX-1-LLM/workspace/2024-03-11_18-46-13-898285/test_script.py\", line 12, in <module>\n    class Test(unittest.TestCase):\nNameError: name 'unittest' is not defined\n",
    "TestReport2": "Test Report\n\nTest Script's Output:\nTraceback (most recent call last):\n  File \"/Users/watch/PycharmProjects/XXXX-1-LLM/workspace/2024-03-11_18-46-13-898285/test_script.py\", line 12, in <module>\n    class Test(unittest.TestCase):\nNameError: name 'unittest' is not defined\n\nConclusion: Code Test Failed\n\nInput and Expected Output Example:\nInput: \"She quickly ran to the store.\"\nExpected Output: (1, 7, 'quickly')\n\nThe test script failed due to a NameError: name 'unittest' is not defined. The function find_adverb_position was not able to be tested as a result. Therefore, the code test has failed.\n\nEnd of Test Report.",
    "SprintReview2": "[ScrumMaster]says: Here is our test Report: Test Report\n\nTest Script's Output:\nTraceback (most recent call last):\n  File \"/Users/watch/PycharmProjects/XXXX-1-LLM/workspace/2024-03-11_18-46-13-898285/test_script.py\", line 12, in <module>\n    class Test(unittest.TestCase):\nNameError: name 'unittest' is not defined\n\nConclusion: Code Test Failed\n\nInput and Expected Output Example:\nInput: \"She quickly ran to the store.\"\nExpected Output: (1, 7, 'quickly')\n\nThe test script failed due to a NameError: name 'unittest' is not defined. The function find_adverb_position was not able to be tested as a result. Therefore, the code test has failed.\n\nEnd of Test Report., do you have any ideas?\n-----\n\n[Developer]says: As a Developer, I will look into the code and ensure that the 'unittest' library is properly imported to resolve the NameError issue and to pass the code test.\n-----\n\n[ProductOwner]says: As a Product Owner, in order to develop a product, it is important that we address the issue of the test script failing and ensure that the necessary resources and support are provided to fix it.\n-----\n\n[Architect]says: As an Architect, to address the NameError issue, we should ensure that the necessary libraries, such as 'unittest', are properly imported and installed for the test script to run successfully.\n-----\n\n[Tester]says: As a Tester, it seems like the test script failed due to a NameError, so we need to make sure the 'unittest' module is properly defined before running the test script.\n-----\n\n[ProductOwner]says: As a Product Owner, I will ensure that the necessary resources and support are provided to address the issue of the test script failing.\n-----\n\n[Developer]says: As a Developer, I will look into the code and ensure that the 'unittest' library is properly imported to resolve the NameError issue and to pass the code test.\n-----\n\n[Tester]says: As a Tester, it seems like the test script failed due to a NameError, so we need to make sure the 'unittest' module is properly defined before running the test script.\n-----\n\n[Architect]says: As an Architect, to address the NameError issue, we should ensure that the necessary libraries, such as 'unittest', are properly imported and installed for the test script to run successfully.\n-----\n",
    "SprintReviewMeetings2": "{\n  \"product-owner\":[\"Address the issue of the test script failing\",\"Ensure necessary resources and support are provided\"],\n  \"architect\":[\"Ensure necessary libraries like 'unittest' are properly imported and installed\"],\n  \"developer\":[\"Look into the code and ensure that the 'unittest' library is properly imported\"],\n  \"tester\":[\"Ensure the 'unittest' module is properly defined before running the test script\"]\n}",
    "SprintReviewMeetings2_prompt": "{\"Role\": \"You are a professional scrum master. Your goal is to summary the Discussion History into a suggestions list for the scrum team.\", \"Instruction\": \"1. Read and Understand the Discussion History. 2. Summary the suggestions from four roles: product-owner/architect/developer/tester. 3. Response in JSON format.\", \"Example\": \"{\\\"product-owner\\\":[\\\"suggestion1\\\",\\\"suggestion2\\\"],\\\"architect\\\":[\\\"suggestion1\\\",\\\"suggestion2\\\"], \\\"developer\\\":[\\\"suggestion1\\\",\\\"suggestion2\\\"], \\\"tester\\\":[\\\"suggestion1\\\",\\\"suggestion2\\\"]}\", \"Context\": \"[ScrumMaster]says: Here is our test Report: Test Report\\n\\nTest Script's Output:\\nTraceback (most recent call last):\\n  File \\\"/Users/watch/PycharmProjects/XXXX-1-LLM/workspace/2024-03-11_18-46-13-898285/test_script.py\\\", line 12, in <module>\\n    class Test(unittest.TestCase):\\nNameError: name 'unittest' is not defined\\n\\nConclusion: Code Test Failed\\n\\nInput and Expected Output Example:\\nInput: \\\"She quickly ran to the store.\\\"\\nExpected Output: (1, 7, 'quickly')\\n\\nThe test script failed due to a NameError: name 'unittest' is not defined. The function find_adverb_position was not able to be tested as a result. Therefore, the code test has failed.\\n\\nEnd of Test Report., do you have any ideas?\\n-----\\n\\n[Developer]says: As a Developer, I will look into the code and ensure that the 'unittest' library is properly imported to resolve the NameError issue and to pass the code test.\\n-----\\n\\n[ProductOwner]says: As a Product Owner, in order to develop a product, it is important that we address the issue of the test script failing and ensure that the necessary resources and support are provided to fix it.\\n-----\\n\\n[Architect]says: As an Architect, to address the NameError issue, we should ensure that the necessary libraries, such as 'unittest', are properly imported and installed for the test script to run successfully.\\n-----\\n\\n[Tester]says: As a Tester, it seems like the test script failed due to a NameError, so we need to make sure the 'unittest' module is properly defined before running the test script.\\n-----\\n\\n[ProductOwner]says: As a Product Owner, I will ensure that the necessary resources and support are provided to address the issue of the test script failing.\\n-----\\n\\n[Developer]says: As a Developer, I will look into the code and ensure that the 'unittest' library is properly imported to resolve the NameError issue and to pass the code test.\\n-----\\n\\n[Tester]says: As a Tester, it seems like the test script failed due to a NameError, so we need to make sure the 'unittest' module is properly defined before running the test script.\\n-----\\n\\n[Architect]says: As an Architect, to address the NameError issue, we should ensure that the necessary libraries, such as 'unittest', are properly imported and installed for the test script to run successfully.\\n-----\\n\", \"Question\": \"Follow the Instruction section. The Discussion History is in the Context section. You only need to return a list as the Example section.\"}",
    "RepairResponse2": "{\n  \"revised_code\": \"import re\\n\\ndef find_adverb_position(text):\\n    adverb_match = re.search(r'\\\\b\\\\w+ly\\\\b', text)\\n    if adverb_match:\\n        return adverb_match.start(), adverb_match.end(), adverb_match.group()\\n    else:\\n        return None\"\n}",
    "RepairResponse2_prompt": {
        "Role": "You are a professional software engineer. Your duty is to write code in Python that meets the requirements. Ensure that the code you write is efficient, readable, and follows best practices. Remember, do not need to explain the code you wrote.",
        "Instruction": "1. Rewrite a bug fix version of the original code. 2. Response in JSON format.",
        "Example": "{\"revised_code\":\"...\"}",
        "Context": "# Test Report:\nTest Report\n\nTest Script's Output:\nTraceback (most recent call last):\n  File \"/Users/watch/PycharmProjects/XXXX-1-LLM/workspace/2024-03-11_18-46-13-898285/test_script.py\", line 12, in <module>\n    class Test(unittest.TestCase):\nNameError: name 'unittest' is not defined\n\nConclusion: Code Test Failed\n\nInput and Expected Output Example:\nInput: \"She quickly ran to the store.\"\nExpected Output: (1, 7, 'quickly')\n\nThe test script failed due to a NameError: name 'unittest' is not defined. The function find_adverb_position was not able to be tested as a result. Therefore, the code test has failed.\n\nEnd of Test Report.# suggestions:\n{\"product-owner\": [\"Address the issue of the test script failing\", \"Ensure necessary resources and support are provided\"], \"architect\": [\"Ensure necessary libraries like 'unittest' are properly imported and installed\"], \"developer\": [\"Look into the code and ensure that the 'unittest' library is properly imported\"], \"tester\": [\"Ensure the 'unittest' module is properly defined before running the test script\"]}",
        "Question": "The original code has some bugs, according to the test report and suggestions, rewrite the code. Complete the following code:\ndef find_adverb_position(text):\n'''Write a function to find the first adverb and their positions in a given sentence.\nassert find_adverb_position(\"clearly!! we can see the sky\")==(0, 7, 'clearly')'''\n"
    },
    "Code3": "import re\n\ndef find_adverb_position(text):\n    adverb_match = re.search(r'\\b\\w+ly\\b', text)\n    if adverb_match:\n        return adverb_match.start(), adverb_match.end(), adverb_match.group()\n    else:\n        return None",
    "ScriptResult3": "Traceback (most recent call last):\n  File \"/Users/watch/PycharmProjects/XXXX-1-LLM/workspace/2024-03-11_18-46-13-898285/test_script.py\", line 11, in <module>\n    class Test(unittest.TestCase):\nNameError: name 'unittest' is not defined\n",
    "TestReport3": "Test Report:\n\nContext:\nThe test script's output shows a traceback error indicating that there is a NameError: name 'unittest' is not defined in the test_script.py file.\n\nAnalysis:\nBased on the output, it seems that there is an issue with the 'unittest' module not being defined, which is causing the test script to fail.\n\nConclusion:\nCode Test Failed\n\nInput and Expected Output Example:\nThe input to the find_adverb_position function and the expected output example should be provided here, but it is not available in the given information.\n\nNote: It is important to ensure that the 'unittest' module is properly imported and defined in the test_script.py file in order to resolve the NameError."
}