{
    "start_time": "2023-12-18_16-14-27-098772",
    "task": "\n\ndef fizz_buzz(n: int):\n    \"\"\"Return the number of times the digit 7 appears in integers less than n which are divisible by 11 or 13.\n    >>> fizz_buzz(50)\n    0\n    >>> fizz_buzz(78)\n    2\n    >>> fizz_buzz(79)\n    3\n    \"\"\"\n",
    "datetime": {
        "task": "2023-12-18 16:14:27",
        "task-id": "2023-12-18 16:14:27",
        "workflow": "2023-12-18 16:14:27",
        "Discussion": "2023-12-18 16:14:35",
        "DisorderedSprintMeetings": "2023-12-18 16:14:43",
        "UserStoryDraft0": "2023-12-18 16:14:49",
        "AnalyzeMeetings": "2023-12-18 16:14:55",
        "UserStory0": "2023-12-18 16:15:03",
        "DesignDraft0": "2023-12-18 16:15:13",
        "DesignMeetings0": "2023-12-18 16:15:17",
        "Design0": "2023-12-18 16:15:30",
        "CodeDraft0": "2023-12-18 16:15:40",
        "CodeReviewMeetings0": "2023-12-18 16:16:50",
        "Code0CR": "2023-12-18 16:17:00",
        "FinalCode": "2023-12-18 16:19:37",
        "Test Cases Draft": "2023-12-18 16:17:08",
        "Test Cases Meetings": "2023-12-18 16:17:11",
        "Test Cases": "2023-12-18 16:17:22",
        "Code0": "2023-12-18 16:17:28",
        "TestScriptOriginal": "2023-12-18 16:17:35",
        "TestScript": "2023-12-18 16:17:35",
        "ScriptResult0": "2023-12-18 16:17:35",
        "TestReport0": "2023-12-18 16:17:44",
        "SprintReview0": "2023-12-18 16:17:55",
        "SprintReviewMeetings0": "2023-12-18 16:18:00",
        "RepairResponse0": "2023-12-18 16:18:07",
        "Code1": "2023-12-18 16:18:07",
        "ScriptResult1": "2023-12-18 16:18:07",
        "TestReport1": "2023-12-18 16:18:20",
        "SprintReview1": "2023-12-18 16:18:41",
        "SprintReviewMeetings1": "2023-12-18 16:18:47",
        "RepairResponse1": "2023-12-18 16:19:04",
        "Code2": "2023-12-18 16:19:04",
        "ScriptResult2": "2023-12-18 16:19:04",
        "TestReport2": "2023-12-18 16:19:15",
        "SprintReview2": "2023-12-18 16:19:24",
        "SprintReviewMeetings2": "2023-12-18 16:19:32",
        "RepairResponse2": "2023-12-18 16:19:37",
        "Code3": "2023-12-18 16:19:37",
        "ScriptResult3": "2023-12-18 16:19:37",
        "TestReport3": "2023-12-18 16:19:41"
    },
    "task-id": "HumanEval/36",
    "workflow": "agile/agile_version_0.0.4.json",
    "Discussion": "[ScrumMaster]says: We have a job: \n\ndef fizz_buzz(n: int):\n    \"\"\"Return the number of times the digit 7 appears in integers less than n which are divisible by 11 or 13.\n    >>> fizz_buzz(50)\n    0\n    >>> fizz_buzz(78)\n    2\n    >>> fizz_buzz(79)\n    3\n    \"\"\"\n, do you have any ideas?\n-----\n\n[Developer]says: As a Developer, I suggest we start by writing test cases for the fizz_buzz function to ensure it meets the given requirements and produces the expected results.\n-----\n\n[Architect]says: As an Architect, I think the first step is to analyze the requirements and design a solution that efficiently handles the given problem.\n-----\n\n[ProductOwner]says: As a Product Owner, I think the first step is to clarify the specific requirements and user stories for this feature.\n-----\n\n[Tester]says: As a Tester, I would like to suggest writing test cases to cover different scenarios for the fizz_buzz function.\n-----\n\n[Developer]says: As a Developer, I suggest we start by writing test cases for the fizz_buzz function to ensure it meets the given requirements and produces the expected results.\n-----\n\n[Tester]says: As a Tester, I agree with the Developer's suggestion to write test cases for the fizz_buzz function.\n-----\n\n[ProductOwner]says: As a Product Owner, I will gather and prioritize the specific requirements and user stories for the feature before proceeding with development.\n-----\n\n[Architect]says: As an Architect, I will focus on analyzing the requirements and designing an efficient solution for the fizz_buzz function.\n-----\n",
    "DisorderedSprintMeetings": "{\n  \"product-owner\": [\n    \"Gather and prioritize specific requirements and user stories for the feature\",\n    \"Clarify the specific requirements and user stories for the feature\"\n  ],\n  \"architect\": [\n    \"Analyze the requirements\",\n    \"Design a solution that efficiently handles the given problem\"\n  ],\n  \"developer\": [\n    \"Write test cases for the fizz_buzz function\",\n    \"Ensure the function meets the given requirements and produces the expected results\"\n  ],\n  \"tester\": [\n    \"Write test cases to cover different scenarios for the fizz_buzz function\",\n    \"Agree with the Developer's suggestion to write test cases for the fizz_buzz function\"\n  ]\n}",
    "DisorderedSprintMeetings_prompt": "{\"Role\": \"You are a professional scrum master. Your goal is to breakdown the Discussion History into a task list for the scrum team.\", \"Instruction\": \"1. Read and Understand the Discussion History. 2. Define the tasks for four roles: product-owner/architect/developer/tester. 3. Response in JSON format.\", \"Example\": \"{\\\"product-owner\\\":[\\\"task1\\\",\\\"task2\\\"],\\\"architect\\\":[\\\"task1\\\",\\\"task2\\\"], \\\"developer\\\":[\\\"task1\\\",\\\"task2\\\"], \\\"tester\\\":[\\\"task1\\\",\\\"task2\\\"]}\", \"Context\": \"[ScrumMaster]says: We have a job: \\n\\ndef fizz_buzz(n: int):\\n    \\\"\\\"\\\"Return the number of times the digit 7 appears in integers less than n which are divisible by 11 or 13.\\n    >>> fizz_buzz(50)\\n    0\\n    >>> fizz_buzz(78)\\n    2\\n    >>> fizz_buzz(79)\\n    3\\n    \\\"\\\"\\\"\\n, do you have any ideas?\\n-----\\n\\n[Developer]says: As a Developer, I suggest we start by writing test cases for the fizz_buzz function to ensure it meets the given requirements and produces the expected results.\\n-----\\n\\n[Architect]says: As an Architect, I think the first step is to analyze the requirements and design a solution that efficiently handles the given problem.\\n-----\\n\\n[ProductOwner]says: As a Product Owner, I think the first step is to clarify the specific requirements and user stories for this feature.\\n-----\\n\\n[Tester]says: As a Tester, I would like to suggest writing test cases to cover different scenarios for the fizz_buzz function.\\n-----\\n\\n[Developer]says: As a Developer, I suggest we start by writing test cases for the fizz_buzz function to ensure it meets the given requirements and produces the expected results.\\n-----\\n\\n[Tester]says: As a Tester, I agree with the Developer's suggestion to write test cases for the fizz_buzz function.\\n-----\\n\\n[ProductOwner]says: As a Product Owner, I will gather and prioritize the specific requirements and user stories for the feature before proceeding with development.\\n-----\\n\\n[Architect]says: As an Architect, I will focus on analyzing the requirements and designing an efficient solution for the fizz_buzz function.\\n-----\\n\", \"Question\": \"Follow the Instruction section. The Discussion History is in the Context section. You only need to return a task list as the Example section.\"}",
    "UserStoryDraft0": "{\n  \"UserStory\": {\n    \"As a product owner, I want to gather and prioritize specific requirements and user stories for the feature of counting the number of times the digit 7 appears in integers less than n which are divisible by 11 or 13, so that the development team can understand the scope and prioritize the implementation accordingly.\"\n \t:\n  \"Clarify the specific requirements and user stories for the feature of counting the number of times the digit 7 appears in integers less than n which are divisible by 11 or 13, so that the development team can have a clear understanding of the expected functionality and user interactions.\"\n  }\n}",
    "UserStoryDraft0_prompt": "{\"Role\": \"You need to act as a professional product owner. Your task is to write a UserStory\", \"Instruction\": \"According to the Context, please analyze the requirement and write your response. Response in JSON format. Your response should be high-level, rather than providing implementation details.\", \"Example\": \"\", \"Context\": [\"Gather and prioritize specific requirements and user stories for the feature\", \"Clarify the specific requirements and user stories for the feature\"], \"Question\": \"Follow the Instruction. The requirement is as follows:\\n\\n\\ndef fizz_buzz(n: int):\\n    \\\"\\\"\\\"Return the number of times the digit 7 appears in integers less than n which are divisible by 11 or 13.\\n    >>> fizz_buzz(50)\\n    0\\n    >>> fizz_buzz(78)\\n    2\\n    >>> fizz_buzz(79)\\n    3\\n    \\\"\\\"\\\"\\n\"}",
    "AnalyzeMeetings": "{\n  \"Architect\": \"As an architect, I suggest breaking down the user story into smaller, more specific requirements. For example, defining the input and output criteria, error handling, and any constraints or assumptions. This will help in creating a clear and detailed scope for the feature implementation.\"\n  ,\n  \"Tester\": \"As a tester, I suggest creating test cases for different scenarios such as input validation, boundary cases, and different combinations of divisible numbers and integers. It is important to test for both positive and negative cases to ensure the functionality works as expected.\"\n}",
    "UserStory0": "{\n  \"RevisedDocument\": {\n    \"UserStory\": {\n      \"As a product owner, I want to gather and prioritize specific requirements and user stories for the feature of counting the number of times the digit 7 appears in integers less than n which are divisible by 11 or 13, so that the development team can understand the scope and prioritize the implementation accordingly.\": {\n        \"ArchitectSuggestion\": \"Break down the user story into smaller, more specific requirements. Define the input and output criteria, error handling, and any constraints or assumptions to create a clear and detailed scope for the feature implementation.\",\n        \"TesterSuggestion\": \"Create test cases for different scenarios such as input validation, boundary cases, and different combinations of divisible numbers and integers. Test for both positive and negative cases to ensure the functionality works as expected.\"\n      }\n    }\n  }\n}",
    "UserStory0_prompt": {
        "Role": "You need to act as a professional product owner. Your duty is to revise the document based on the suggestions.",
        "Instruction": "1. Read the suggestions. 2. Revise your draft version document. 3. Response in JSON format. 4. REMEMBER: Your analysis should be high-level, rather than providing implementation details.",
        "Example": "",
        "Context": "# Suggestion:\n{\n  \"Architect\": \"As an architect, I suggest breaking down the user story into smaller, more specific requirements. For example, defining the input and output criteria, error handling, and any constraints or assumptions. This will help in creating a clear and detailed scope for the feature implementation.\"\n  ,\n  \"Tester\": \"As a tester, I suggest creating test cases for different scenarios such as input validation, boundary cases, and different combinations of divisible numbers and integers. It is important to test for both positive and negative cases to ensure the functionality works as expected.\"\n}",
        "Question": "Follow the Instruction. Your colleague give you some suggestions(in the Context section) about this draft document:{\n  \"UserStory\": {\n    \"As a product owner, I want to gather and prioritize specific requirements and user stories for the feature of counting the number of times the digit 7 appears in integers less than n which are divisible by 11 or 13, so that the development team can understand the scope and prioritize the implementation accordingly.\"\n \t:\n  \"Clarify the specific requirements and user stories for the feature of counting the number of times the digit 7 appears in integers less than n which are divisible by 11 or 13, so that the development team can have a clear understanding of the expected functionality and user interactions.\"\n  }\n}"
    },
    "DesignDraft0": "Design:\n- Define the input and output criteria: \n  - Input: An integer n\n  - Output: The number of times the digit 7 appears in integers less than n which are divisible by 11 or 13\n- Error handling:\n  - Handle the case where n is less than or equal to 0 by returning an error message or raising an exception\n- Constraints or assumptions:\n  - Assume that n is a positive integer\n\nGuidance for the developer:\n- Create a function fizz_buzz that takes an integer n as input and returns the number of times the digit 7 appears in integers less than n which are divisible by 11 or 13\n- Implement a for loop to iterate through integers less than n and check if they are divisible by 11 or 13\n- Within the loop, count the occurrences of the digit 7\n- Return the total count of occurrences as the output\n\nFocus on creating a clear and detailed scope for the feature implementation, ensuring that the functionality works as expected.",
    "DesignMeetings0": "{\n  \"Developer\": \"I suggest adding more detailed error handling to cover cases where n is not an integer or where the input is a large number that could cause performance issues. Also, consider adding documentation and unit tests for the function.\",\n  \"Tester\": \"I suggest testing the function with various input values, including edge cases such as n being 0 or a negative number. Also, consider testing the function with large input values to check for performance issues and accuracy of the output.\"\n}",
    "Design0": "Based on the suggestions, I have made the following updates to the design:\n\nDesign:\n\n- Define the input and output criteria:\n  - Input: An integer n\n  - Output: The number of times the digit 7 appears in integers less than n which are divisible by 11 or 13\n\n- Error handling:\n  - Handle the case where n is not an integer or where the input is a large number that could cause performance issues by adding more detailed error handling\n  - Return an error message or raise an exception in these cases\n\n- Constraints or assumptions:\n  - Assume that n is a positive integer\n\nGuidance for the developer:\n- Create a function fizz_buzz that takes an integer n as input and returns the number of times the digit 7 appears in integers less than n which are divisible by 11 or 13\n- Implement a for loop to iterate through integers less than n and check if they are divisible by 11 or 13\n- Add more detailed error handling to cover cases where n is not an integer or where the input is a large number that could cause performance issues\n- Add documentation and unit tests for the function\n- Focus on creating a clear and detailed scope for the feature implementation, ensuring that the functionality works as expected\n\nTester's suggestions:\n- Test the function with various input values, including edge cases such as n being 0 or a negative number\n- Test the function with large input values to check for performance issues and accuracy of the output\n\nOverall, the design has been updated to include more detailed error handling, documentation, and unit tests as suggested. The focus is on ensuring the functionality works as expected under various input conditions.",
    "CodeDraft0": "def fizz_buzz(n: int):\n    \"\"\"\n    Return the number of times the digit 7 appears in integers less than n which are divisible by 11 or 13.\n    >>> fizz_buzz(50)\n    0\n    >>> fizz_buzz(78)\n    2\n    >>> fizz_buzz(79)\n    3\n    \"\"\"\n    if not isinstance(n, int):\n        raise ValueError(\"Input must be an integer\")\n    if n < 0:\n        raise ValueError(\"Input must be a positive integer\")\n    \n    count = 0\n    for i in range(1, n):\n        if i % 11 == 0 or i % 13 == 0:\n            if '7' in str(i):\n                count += 1\n    \n    return count",
    "CodeDraft0_prompt": {
        "Role": "You are a professional engineer. Your duty is to write code in Python that meets the requirements. Ensure that the code you write is efficient, readable, and follows best practices. Remember, do not need to explain the code you wrote.",
        "Instruction": "According to the Context section, write your code.",
        "Example": "",
        "Context": "# Tasks:\n['Write test cases for the fizz_buzz function', 'Ensure the function meets the given requirements and produces the expected results']\n# Design:\nBased on the suggestions, I have made the following updates to the design:\n\nDesign:\n\n- Define the input and output criteria:\n  - Input: An integer n\n  - Output: The number of times the digit 7 appears in integers less than n which are divisible by 11 or 13\n\n- Error handling:\n  - Handle the case where n is not an integer or where the input is a large number that could cause performance issues by adding more detailed error handling\n  - Return an error message or raise an exception in these cases\n\n- Constraints or assumptions:\n  - Assume that n is a positive integer\n\nGuidance for the developer:\n- Create a function fizz_buzz that takes an integer n as input and returns the number of times the digit 7 appears in integers less than n which are divisible by 11 or 13\n- Implement a for loop to iterate through integers less than n and check if they are divisible by 11 or 13\n- Add more detailed error handling to cover cases where n is not an integer or where the input is a large number that could cause performance issues\n- Add documentation and unit tests for the function\n- Focus on creating a clear and detailed scope for the feature implementation, ensuring that the functionality works as expected\n\nTester's suggestions:\n- Test the function with various input values, including edge cases such as n being 0 or a negative number\n- Test the function with large input values to check for performance issues and accuracy of the output\n\nOverall, the design has been updated to include more detailed error handling, documentation, and unit tests as suggested. The focus is on ensuring the functionality works as expected under various input conditions.",
        "Question": "Follow the Instruction section. Complete the following code:\n\n\ndef fizz_buzz(n: int):\n    \"\"\"Return the number of times the digit 7 appears in integers less than n which are divisible by 11 or 13.\n    >>> fizz_buzz(50)\n    0\n    >>> fizz_buzz(78)\n    2\n    >>> fizz_buzz(79)\n    3\n    \"\"\"\n"
    },
    "CodeReviewMeetings0": "{\n  \"Architect\": \"The current implementation of the fizz_buzz function is not efficient because it iterates through all the integers less than n to check for divisibility by 11 or 13 and the presence of the digit 7. This can be optimized by using a more efficient algorithm to directly calculate the number of integers divisible by 11 or 13 and containing the digit 7.\",\n  \"Tester\": \"When testing the fizz_buzz function, it's important to include test cases for edge cases such as n being 0, 1, or a negative number to ensure that the function handles these cases correctly. Additionally, test cases for large values of n should be included to check the performance of the function.\"\n}",
    "Code0CR": "def fizz_buzz(n: int):\n    \"\"\"\n    Return the number of times the digit 7 appears in integers less than n which are divisible by 11 or 13.\n    >>> fizz_buzz(50)\n    0\n    >>> fizz_buzz(78)\n    2\n    >>> fizz_buzz(79)\n    3\n    \"\"\"\n    if not isinstance(n, int):\n        raise ValueError(\"Input must be an integer\")\n    if n <= 0:\n        raise ValueError(\"Input must be a positive integer\")\n\n    count = 0\n    for i in range(n):\n        if (i % 11 == 0 or i % 13 == 0) and '7' in str(i):\n            count += 1\n\n    return count",
    "Code0CR_prompt": "{\"Role\": \"You are a professional software engineer. Your duty is to write code in Python that meets the requirements. Ensure that the code you write is efficient, readable, and follows best practices. Remember, do not need to explain the code you wrote.\", \"Instruction\": \"1. Understand the suggestions(in the Context section) about the original code. 2. Rewrite your code.\", \"Example\": \"\", \"Context\": \"# Tasks:\\n['Write test cases for the fizz_buzz function', 'Ensure the function meets the given requirements and produces the expected results']\\n# Design:\\nBased on the suggestions, I have made the following updates to the design:\\n\\nDesign:\\n\\n- Define the input and output criteria:\\n  - Input: An integer n\\n  - Output: The number of times the digit 7 appears in integers less than n which are divisible by 11 or 13\\n\\n- Error handling:\\n  - Handle the case where n is not an integer or where the input is a large number that could cause performance issues by adding more detailed error handling\\n  - Return an error message or raise an exception in these cases\\n\\n- Constraints or assumptions:\\n  - Assume that n is a positive integer\\n\\nGuidance for the developer:\\n- Create a function fizz_buzz that takes an integer n as input and returns the number of times the digit 7 appears in integers less than n which are divisible by 11 or 13\\n- Implement a for loop to iterate through integers less than n and check if they are divisible by 11 or 13\\n- Add more detailed error handling to cover cases where n is not an integer or where the input is a large number that could cause performance issues\\n- Add documentation and unit tests for the function\\n- Focus on creating a clear and detailed scope for the feature implementation, ensuring that the functionality works as expected\\n\\nTester's suggestions:\\n- Test the function with various input values, including edge cases such as n being 0 or a negative number\\n- Test the function with large input values to check for performance issues and accuracy of the output\\n\\nOverall, the design has been updated to include more detailed error handling, documentation, and unit tests as suggested. The focus is on ensuring the functionality works as expected under various input conditions.# Suggestions:\\n{\\n  \\\"Architect\\\": \\\"The current implementation of the fizz_buzz function is not efficient because it iterates through all the integers less than n to check for divisibility by 11 or 13 and the presence of the digit 7. This can be optimized by using a more efficient algorithm to directly calculate the number of integers divisible by 11 or 13 and containing the digit 7.\\\",\\n  \\\"Tester\\\": \\\"When testing the fizz_buzz function, it's important to include test cases for edge cases such as n being 0, 1, or a negative number to ensure that the function handles these cases correctly. Additionally, test cases for large values of n should be included to check the performance of the function.\\\"\\n}\", \"Question\": \"Follow the Instruction section. Complete the following code:\\n\\n\\ndef fizz_buzz(n: int):\\n    \\\"\\\"\\\"Return the number of times the digit 7 appears in integers less than n which are divisible by 11 or 13.\\n    >>> fizz_buzz(50)\\n    0\\n    >>> fizz_buzz(78)\\n    2\\n    >>> fizz_buzz(79)\\n    3\\n    \\\"\\\"\\\"\\n\"}",
    "FinalCode": "def fizz_buzz(n: int):\n    count = 0\n    for i in range(1, n):\n        if i % 11 == 0 or i % 13 == 0:\n            count += str(i).count('7')\n    return count",
    "Test Cases Draft": "{\n  \"test_cases\": [\n    {\n      \"Test Title\": \"Valid input\",\n      \"Input Data\": \"n=50\",\n      \"Expected Output\": \"0\"\n    },\n    {\n      \"Test Title\": \"Valid input\",\n      \"Input Data\": \"n=78\",\n      \"Expected Output\": \"2\"\n    },\n    {\n      \"Test Title\": \"Valid input\",\n      \"Input Data\": \"n=79\",\n      \"Expected Output\": \"3\"\n    },\n    {\n      \"Test Title\": \"Invalid input\",\n      \"Input Data\": \"n='abc'\",\n      \"Expected Output\": \"Error message or exception\"\n    },\n    {\n      \"Test Title\": \"Large input\",\n      \"Input Data\": \"n=1000000\",\n      \"Expected Output\": \"Performance testing and accuracy check\"\n    },\n    {\n      \"Test Title\": \"Edge case\",\n      \"Input Data\": \"n=0\",\n      \"Expected Output\": \"0\"\n    },\n    {\n      \"Test Title\": \"Edge case\",\n      \"Input Data\": \"n=-10\",\n      \"Expected Output\": \"Error message or exception\"\n    }\n  ]\n}",
    "Test Cases Draft_prompt": "{\"Role\": \"You are a quality assurance engineer. Your duty is to design test cases for the developers.\", \"Instruction\": \"According to the Context section, write test cases. Don't write long strings in your test cases. Response in JSON format.\", \"Example\": \"{\\\"requirement analysis\\\":\\\"analysis\\\",\\\"test_cases\\\":[{\\\"Test Title\\\":\\\"title\\\", \\\"Input Data\\\":\\\"parameter1=[1,2,3],parameter2='123'\\\", \\\"Expected Output\\\":\\\"456\\\"},]}\", \"Context\": \"# UsrtStory:\\n{\\n  \\\"RevisedDocument\\\": {\\n    \\\"UserStory\\\": {\\n      \\\"As a product owner, I want to gather and prioritize specific requirements and user stories for the feature of counting the number of times the digit 7 appears in integers less than n which are divisible by 11 or 13, so that the development team can understand the scope and prioritize the implementation accordingly.\\\": {\\n        \\\"ArchitectSuggestion\\\": \\\"Break down the user story into smaller, more specific requirements. Define the input and output criteria, error handling, and any constraints or assumptions to create a clear and detailed scope for the feature implementation.\\\",\\n        \\\"TesterSuggestion\\\": \\\"Create test cases for different scenarios such as input validation, boundary cases, and different combinations of divisible numbers and integers. Test for both positive and negative cases to ensure the functionality works as expected.\\\"\\n      }\\n    }\\n  }\\n}\\n# Tasks:\\n['Write test cases to cover different scenarios for the fizz_buzz function', \\\"Agree with the Developer's suggestion to write test cases for the fizz_buzz function\\\"]\\n# Design:\\nBased on the suggestions, I have made the following updates to the design:\\n\\nDesign:\\n\\n- Define the input and output criteria:\\n  - Input: An integer n\\n  - Output: The number of times the digit 7 appears in integers less than n which are divisible by 11 or 13\\n\\n- Error handling:\\n  - Handle the case where n is not an integer or where the input is a large number that could cause performance issues by adding more detailed error handling\\n  - Return an error message or raise an exception in these cases\\n\\n- Constraints or assumptions:\\n  - Assume that n is a positive integer\\n\\nGuidance for the developer:\\n- Create a function fizz_buzz that takes an integer n as input and returns the number of times the digit 7 appears in integers less than n which are divisible by 11 or 13\\n- Implement a for loop to iterate through integers less than n and check if they are divisible by 11 or 13\\n- Add more detailed error handling to cover cases where n is not an integer or where the input is a large number that could cause performance issues\\n- Add documentation and unit tests for the function\\n- Focus on creating a clear and detailed scope for the feature implementation, ensuring that the functionality works as expected\\n\\nTester's suggestions:\\n- Test the function with various input values, including edge cases such as n being 0 or a negative number\\n- Test the function with large input values to check for performance issues and accuracy of the output\\n\\nOverall, the design has been updated to include more detailed error handling, documentation, and unit tests as suggested. The focus is on ensuring the functionality works as expected under various input conditions.\", \"Question\": \"\\n\\ndef fizz_buzz(n: int):\\n    \\\"\\\"\\\"Return the number of times the digit 7 appears in integers less than n which are divisible by 11 or 13.\\n    >>> fizz_buzz(50)\\n    0\\n    >>> fizz_buzz(78)\\n    2\\n    >>> fizz_buzz(79)\\n    3\\n    \\\"\\\"\\\"\\n\"}",
    "Test Cases Meetings": "{\n  \"Architect\": \"As an architect, I suggest adding more test cases to cover a wider range of input data, including boundary and extreme cases. It's also important to consider performance testing and accuracy for large inputs. Additionally, we should review the expected outputs to ensure they match the requirements and cover all possible scenarios.\"\n  ,\n  \"Developer\": \"As a developer, I recommend revising the test cases to include specific edge cases and invalid inputs that might not have been considered initially. It's also important to ensure that the expected outputs are aligned with the functionality and requirements of the system. Additionally, we should consider adding test cases for performance and accuracy testing for large inputs.\"\n}",
    "Test Cases": "{\n  \"test_cases\": [\n    {\n      \"Test Title\": \"Valid input\",\n      \"Input Data\": \"n=50\",\n      \"Expected Output\": \"0\"\n    },\n    {\n      \"Test Title\": \"Valid input\",\n      \"Input Data\": \"n=78\",\n      \"Expected Output\": \"2\"\n    },\n    {\n      \"Test Title\": \"Valid input\",\n      \"Input Data\": \"n=79\",\n      \"Expected Output\": \"3\"\n    },\n    {\n      \"Test Title\": \"Invalid input\",\n      \"Input Data\": \"n='abc'\",\n      \"Expected Output\": \"Error message or exception\"\n    },\n    {\n      \"Test Title\": \"Large input\",\n      \"Input Data\": \"n=1000000\",\n      \"Expected Output\": \"Performance testing and accuracy check\"\n    },\n    {\n      \"Test Title\": \"Edge case\",\n      \"Input Data\": \"n=0\",\n      \"Expected Output\": \"0\"\n    },\n    {\n      \"Test Title\": \"Edge case\",\n      \"Input Data\": \"n=-10\",\n      \"Expected Output\": \"Error message or exception\"\n    }\n  ]\n}",
    "Test Cases_prompt": "{\"Role\": \"You are a quality assurance engineer. Your duty is to revise the test cases based on the suggestions.\", \"Instruction\": \"1. Your colleague give you some suggestions(in the Context section) about the draft test cases, read these suggestions. 2. Revise your draft version test cases, but don't use long parameters. 3. Response in JSON format.\", \"Example\": \"{\\\"requirement analysis\\\":\\\"analysis\\\",\\\"test_cases\\\":[{\\\"Test Title\\\":\\\"title\\\", \\\"Input Data\\\":\\\"parameter1=[1,2,3],parameter2='123'\\\", \\\"Expected Output\\\":\\\"456\\\"},]}\", \"Context\": \"# Suggestions:\\n{\\n  \\\"Architect\\\": \\\"As an architect, I suggest adding more test cases to cover a wider range of input data, including boundary and extreme cases. It's also important to consider performance testing and accuracy for large inputs. Additionally, we should review the expected outputs to ensure they match the requirements and cover all possible scenarios.\\\"\\n  ,\\n  \\\"Developer\\\": \\\"As a developer, I recommend revising the test cases to include specific edge cases and invalid inputs that might not have been considered initially. It's also important to ensure that the expected outputs are aligned with the functionality and requirements of the system. Additionally, we should consider adding test cases for performance and accuracy testing for large inputs.\\\"\\n}\\n # Draft Test cases:\\n{\\n  \\\"test_cases\\\": [\\n    {\\n      \\\"Test Title\\\": \\\"Valid input\\\",\\n      \\\"Input Data\\\": \\\"n=50\\\",\\n      \\\"Expected Output\\\": \\\"0\\\"\\n    },\\n    {\\n      \\\"Test Title\\\": \\\"Valid input\\\",\\n      \\\"Input Data\\\": \\\"n=78\\\",\\n      \\\"Expected Output\\\": \\\"2\\\"\\n    },\\n    {\\n      \\\"Test Title\\\": \\\"Valid input\\\",\\n      \\\"Input Data\\\": \\\"n=79\\\",\\n      \\\"Expected Output\\\": \\\"3\\\"\\n    },\\n    {\\n      \\\"Test Title\\\": \\\"Invalid input\\\",\\n      \\\"Input Data\\\": \\\"n='abc'\\\",\\n      \\\"Expected Output\\\": \\\"Error message or exception\\\"\\n    },\\n    {\\n      \\\"Test Title\\\": \\\"Large input\\\",\\n      \\\"Input Data\\\": \\\"n=1000000\\\",\\n      \\\"Expected Output\\\": \\\"Performance testing and accuracy check\\\"\\n    },\\n    {\\n      \\\"Test Title\\\": \\\"Edge case\\\",\\n      \\\"Input Data\\\": \\\"n=0\\\",\\n      \\\"Expected Output\\\": \\\"0\\\"\\n    },\\n    {\\n      \\\"Test Title\\\": \\\"Edge case\\\",\\n      \\\"Input Data\\\": \\\"n=-10\\\",\\n      \\\"Expected Output\\\": \\\"Error message or exception\\\"\\n    }\\n  ]\\n}\", \"Question\": \"Follow the Instruction. Please make sure your response length are less than 512. Your test cases is for the below question:\\n\\n\\ndef fizz_buzz(n: int):\\n    \\\"\\\"\\\"Return the number of times the digit 7 appears in integers less than n which are divisible by 11 or 13.\\n    >>> fizz_buzz(50)\\n    0\\n    >>> fizz_buzz(78)\\n    2\\n    >>> fizz_buzz(79)\\n    3\\n    \\\"\\\"\\\"\\n\"}",
    "Code0": "def fizz_buzz(n: int):\n    if not isinstance(n, int):\n        raise ValueError(\"Input must be an integer\")\n    if n <= 0:\n        raise ValueError(\"Input must be a positive integer\")\n\n    count = 0\n    for i in range(n):\n        if (i % 11 == 0 or i % 13 == 0) and '7' in str(i):\n            count += 1\n\n    return count",
    "Code0_prompt": {
        "Role": "You are a professional software engineer. Your duty is to write code in Python that meets the requirements. Ensure that the code you write is efficient, readable, and follows best practices. Remember, do not need to explain the code you wrote.",
        "Instruction": "1. Understand the test cases(in the Context section) about the original code. 2. Rewrite your code, make sure your code pass all test cases.",
        "Example": "",
        "Context": "# Original Code:\ndef fizz_buzz(n: int):\n    \"\"\"\n    Return the number of times the digit 7 appears in integers less than n which are divisible by 11 or 13.\n    >>> fizz_buzz(50)\n    0\n    >>> fizz_buzz(78)\n    2\n    >>> fizz_buzz(79)\n    3\n    \"\"\"\n    if not isinstance(n, int):\n        raise ValueError(\"Input must be an integer\")\n    if n <= 0:\n        raise ValueError(\"Input must be a positive integer\")\n\n    count = 0\n    for i in range(n):\n        if (i % 11 == 0 or i % 13 == 0) and '7' in str(i):\n            count += 1\n\n    return count\n# Test Cases:\n{\n  \"test_cases\": [\n    {\n      \"Test Title\": \"Valid input\",\n      \"Input Data\": \"n=50\",\n      \"Expected Output\": \"0\"\n    },\n    {\n      \"Test Title\": \"Valid input\",\n      \"Input Data\": \"n=78\",\n      \"Expected Output\": \"2\"\n    },\n    {\n      \"Test Title\": \"Valid input\",\n      \"Input Data\": \"n=79\",\n      \"Expected Output\": \"3\"\n    },\n    {\n      \"Test Title\": \"Invalid input\",\n      \"Input Data\": \"n='abc'\",\n      \"Expected Output\": \"Error message or exception\"\n    },\n    {\n      \"Test Title\": \"Large input\",\n      \"Input Data\": \"n=1000000\",\n      \"Expected Output\": \"Performance testing and accuracy check\"\n    },\n    {\n      \"Test Title\": \"Edge case\",\n      \"Input Data\": \"n=0\",\n      \"Expected Output\": \"0\"\n    },\n    {\n      \"Test Title\": \"Edge case\",\n      \"Input Data\": \"n=-10\",\n      \"Expected Output\": \"Error message or exception\"\n    }\n  ]\n}",
        "Question": "\n\ndef fizz_buzz(n: int):\n    \"\"\"Return the number of times the digit 7 appears in integers less than n which are divisible by 11 or 13.\n    >>> fizz_buzz(50)\n    0\n    >>> fizz_buzz(78)\n    2\n    >>> fizz_buzz(79)\n    3\n    \"\"\"\n"
    },
    "TestScriptOriginal": "import unittest\n\ndef fizz_buzz(n: int):\n    count = 0\n    for i in range(n):\n        if i % 11 == 0 or i % 13 == 0:\n            count += str(i).count('7')\n    return count\n\nclass Test(unittest.TestCase):\n    def test(self):\n        self.assertEqual(fizz_buzz(50), 0)\n        self.assertEqual(fizz_buzz(78), 2)\n        self.assertEqual(fizz_buzz(79), 3)\n\nif __name__ == '__main__':\n    unittest.main()",
    "TestScriptOriginal_prompt": "{\"Role\": \"You are a quality assurance engineer. Your duty is to write a python test script in unittest framework.\", \"Instruction\": \"1. Write a python test script. 2. Use the input and output given by the question.\", \"Example\": \"import unittest\\n\\nclass Test(unittest.TestCase):\\n    def test(self):\\n        self.assertEqual(function_under_test('a'), 1)\\n\\nif __name__ == '__main__':\\n    unittest.main()\", \"Context\": \"\", \"Question\": \"\\n\\ndef fizz_buzz(n: int):\\n    \\\"\\\"\\\"Return the number of times the digit 7 appears in integers less than n which are divisible by 11 or 13.\\n    >>> fizz_buzz(50)\\n    0\\n    >>> fizz_buzz(78)\\n    2\\n    >>> fizz_buzz(79)\\n    3\\n    \\\"\\\"\\\"\\n\"}",
    "TestScript": "import unittest\n\nclass Test(unittest.TestCase):\n    def test(self):\n        self.assertEqual(fizz_buzz(50), 0)\n        self.assertEqual(fizz_buzz(78), 2)\n        self.assertEqual(fizz_buzz(79), 3)\n\nif __name__ == '__main__':\n    unittest.main()",
    "ScriptResult0": "F\n======================================================================\nFAIL: test (__main__.Test)\n----------------------------------------------------------------------\nTraceback (most recent call last):\n  File \"/Users/watch/PycharmProjects/XXXX-1-LLM/workspace/2023-12-18_16-14-27-098772/test_script.py\", line 18, in test\n    self.assertEqual(fizz_buzz(78), 2)\nAssertionError: 1 != 2\n\n----------------------------------------------------------------------\nRan 1 test in 0.000s\n\nFAILED (failures=1)\n",
    "TestReport0": "Test Report:\n\nTest Script Output:\nF\n======================================================================\nFAIL: test (__main__.Test)\n----------------------------------------------------------------------\nTraceback (most recent call last):\n  File \"/Users/watch/PycharmProjects/XXXX-1-LLM/workspace/2023-12-18_16-14-27-098772/test_script.py\", line 18, in test\n    self.assertEqual(fizz_buzz(78), 2)\nAssertionError: 1 != 2\n\n----------------------------------------------------------------------\nRan 1 test in 0.000s\n\nFAILED (failures=1)\n\nConclusion: Code Test Failed\n\nInput and Expected Output Example:\nInput: 78\nExpected Output: 2\nActual Output: 1\n\nCode:\ndef fizz_buzz(n: int):\n    if not isinstance(n, int):\n        raise ValueError(\"Input must be an integer\")\n    if n <= 0:\n        raise ValueError(\"Input must be a positive integer\")\n\n    count = 0\n    for i in range(n):\n        if (i % 11 == 0 or i % 13 == 0) and '7' in str(i):\n            count += 1\n\n    return count\n\nRecommendations: The test script has failed for the input value of 78. The expected output was 2, but the actual output was 1. Further investigation and debugging are required to fix this issue.",
    "SprintReview0": "[ScrumMaster]says: Here is our test Report: Test Report:\n\nTest Script Output:\nF\n======================================================================\nFAIL: test (__main__.Test)\n----------------------------------------------------------------------\nTraceback (most recent call last):\n  File \"/Users/watch/PycharmProjects/XXXX-1-LLM/workspace/2023-12-18_16-14-27-098772/test_script.py\", line 18, in test\n    self.assertEqual(fizz_buzz(78), 2)\nAssertionError: 1 != 2\n\n----------------------------------------------------------------------\nRan 1 test in 0.000s\n\nFAILED (failures=1)\n\nConclusion: Code Test Failed\n\nInput and Expected Output Example:\nInput: 78\nExpected Output: 2\nActual Output: 1\n\nCode:\ndef fizz_buzz(n: int):\n    if not isinstance(n, int):\n        raise ValueError(\"Input must be an integer\")\n    if n <= 0:\n        raise ValueError(\"Input must be a positive integer\")\n\n    count = 0\n    for i in range(n):\n        if (i % 11 == 0 or i % 13 == 0) and '7' in str(i):\n            count += 1\n\n    return count\n\nRecommendations: The test script has failed for the input value of 78. The expected output was 2, but the actual output was 1. Further investigation and debugging are required to fix this issue., do you have any ideas?\n-----\n\n[Developer]says: As a Developer, I will review the code and debug to find the issue causing the test script to fail.\n-----\n\n[Architect]says: As an Architect, I recommend reviewing the code for the fizz_buzz function to identify and fix the error in the test script.\n-----\n\n[Tester]says: As a Tester, I recommend conducting further investigation and debugging to fix the issue with the failed test script for the input value of 78.\n-----\n\n[ProductOwner]says: As a Product Owner, I think we should prioritize fixing the failed test script for the input value of 78 to ensure the product meets the expected output.\n-----\n\n[Architect]says: As an Architect, I recommend reviewing the code for the fizz_buzz function to identify and fix the error in the test script.\n-----\n\n[Developer]says: As a Developer, I will review the code and debug to find the issue causing the test script to fail.\n-----\n\n[Tester]says: As a Tester, I recommend conducting further investigation and debugging to fix the issue with the failed test script for the input value of 78.\n-----\n\n[ProductOwner]says: As a Product Owner, I think we should prioritize fixing the failed test script for the input value of 78 to ensure the product meets the expected output.\n-----\n",
    "SprintReviewMeetings0": "{\n  \"product-owner\":[\"I think we should prioritize fixing the failed test script for the input value of 78 to ensure the product meets the expected output.\"],\n  \"architect\":[\"I recommend reviewing the code for the fizz_buzz function to identify and fix the error in the test script.\"],\n  \"developer\":[\"I will review the code and debug to find the issue causing the test script to fail.\"],\n  \"tester\":[\"I recommend conducting further investigation and debugging to fix the issue with the failed test script for the input value of 78.\"]\n}",
    "SprintReviewMeetings0_prompt": "{\"Role\": \"You are a professional scrum master. Your goal is to summary the Discussion History into a suggestions list for the scrum team.\", \"Instruction\": \"1. Read and Understand the Discussion History. 2. Summary the suggestions from four roles: product-owner/architect/developer/tester. 3. Response in JSON format.\", \"Example\": \"{\\\"product-owner\\\":[\\\"suggestion1\\\",\\\"suggestion2\\\"],\\\"architect\\\":[\\\"suggestion1\\\",\\\"suggestion2\\\"], \\\"developer\\\":[\\\"suggestion1\\\",\\\"suggestion2\\\"], \\\"tester\\\":[\\\"suggestion1\\\",\\\"suggestion2\\\"]}\", \"Context\": \"[ScrumMaster]says: Here is our test Report: Test Report:\\n\\nTest Script Output:\\nF\\n======================================================================\\nFAIL: test (__main__.Test)\\n----------------------------------------------------------------------\\nTraceback (most recent call last):\\n  File \\\"/Users/watch/PycharmProjects/XXXX-1-LLM/workspace/2023-12-18_16-14-27-098772/test_script.py\\\", line 18, in test\\n    self.assertEqual(fizz_buzz(78), 2)\\nAssertionError: 1 != 2\\n\\n----------------------------------------------------------------------\\nRan 1 test in 0.000s\\n\\nFAILED (failures=1)\\n\\nConclusion: Code Test Failed\\n\\nInput and Expected Output Example:\\nInput: 78\\nExpected Output: 2\\nActual Output: 1\\n\\nCode:\\ndef fizz_buzz(n: int):\\n    if not isinstance(n, int):\\n        raise ValueError(\\\"Input must be an integer\\\")\\n    if n <= 0:\\n        raise ValueError(\\\"Input must be a positive integer\\\")\\n\\n    count = 0\\n    for i in range(n):\\n        if (i % 11 == 0 or i % 13 == 0) and '7' in str(i):\\n            count += 1\\n\\n    return count\\n\\nRecommendations: The test script has failed for the input value of 78. The expected output was 2, but the actual output was 1. Further investigation and debugging are required to fix this issue., do you have any ideas?\\n-----\\n\\n[Developer]says: As a Developer, I will review the code and debug to find the issue causing the test script to fail.\\n-----\\n\\n[Architect]says: As an Architect, I recommend reviewing the code for the fizz_buzz function to identify and fix the error in the test script.\\n-----\\n\\n[Tester]says: As a Tester, I recommend conducting further investigation and debugging to fix the issue with the failed test script for the input value of 78.\\n-----\\n\\n[ProductOwner]says: As a Product Owner, I think we should prioritize fixing the failed test script for the input value of 78 to ensure the product meets the expected output.\\n-----\\n\\n[Architect]says: As an Architect, I recommend reviewing the code for the fizz_buzz function to identify and fix the error in the test script.\\n-----\\n\\n[Developer]says: As a Developer, I will review the code and debug to find the issue causing the test script to fail.\\n-----\\n\\n[Tester]says: As a Tester, I recommend conducting further investigation and debugging to fix the issue with the failed test script for the input value of 78.\\n-----\\n\\n[ProductOwner]says: As a Product Owner, I think we should prioritize fixing the failed test script for the input value of 78 to ensure the product meets the expected output.\\n-----\\n\", \"Question\": \"Follow the Instruction section. The Discussion History is in the Context section. You only need to return a list as the Example section.\"}",
    "RepairResponse0": "{\n  \"revised_code\": \"def fizz_buzz(n: int):\\n    \\\"\\\"\\\"Return the number of times the digit 7 appears in integers less than n which are divisible by 11 or 13.\\\"\\\"\\\"\\n    if not isinstance(n, int):\\n        raise ValueError(\\\"Input must be an integer\\\")\\n    if n <= 0:\\n        raise ValueError(\\\"Input must be a positive integer\\\")\\n\\n    count = 0\\n    for i in range(n):\\n        if (i % 11 == 0 or i % 13 == 0) and '7' in str(i):\\n            count += 1\\n\\n    return count\"\n}",
    "RepairResponse0_prompt": {
        "Role": "You are a professional software engineer. Your duty is to write code in Python that meets the requirements. Ensure that the code you write is efficient, readable, and follows best practices. Remember, do not need to explain the code you wrote.",
        "Instruction": "1. Rewrite a bug fix version of the original code. 2. Response in JSON format.",
        "Example": "{\"revised_code\":\"...\"}",
        "Context": "# Test Report:\nTest Report:\n\nTest Script Output:\nF\n======================================================================\nFAIL: test (__main__.Test)\n----------------------------------------------------------------------\nTraceback (most recent call last):\n  File \"/Users/watch/PycharmProjects/XXXX-1-LLM/workspace/2023-12-18_16-14-27-098772/test_script.py\", line 18, in test\n    self.assertEqual(fizz_buzz(78), 2)\nAssertionError: 1 != 2\n\n----------------------------------------------------------------------\nRan 1 test in 0.000s\n\nFAILED (failures=1)\n\nConclusion: Code Test Failed\n\nInput and Expected Output Example:\nInput: 78\nExpected Output: 2\nActual Output: 1\n\nCode:\ndef fizz_buzz(n: int):\n    if not isinstance(n, int):\n        raise ValueError(\"Input must be an integer\")\n    if n <= 0:\n        raise ValueError(\"Input must be a positive integer\")\n\n    count = 0\n    for i in range(n):\n        if (i % 11 == 0 or i % 13 == 0) and '7' in str(i):\n            count += 1\n\n    return count\n\nRecommendations: The test script has failed for the input value of 78. The expected output was 2, but the actual output was 1. Further investigation and debugging are required to fix this issue.# suggestions:\n{\"product-owner\": [\"I think we should prioritize fixing the failed test script for the input value of 78 to ensure the product meets the expected output.\"], \"architect\": [\"I recommend reviewing the code for the fizz_buzz function to identify and fix the error in the test script.\"], \"developer\": [\"I will review the code and debug to find the issue causing the test script to fail.\"], \"tester\": [\"I recommend conducting further investigation and debugging to fix the issue with the failed test script for the input value of 78.\"]}",
        "Question": "The original code has some bugs, according to the test report and suggestions, rewrite the code. Complete the following code:\n\n\ndef fizz_buzz(n: int):\n    \"\"\"Return the number of times the digit 7 appears in integers less than n which are divisible by 11 or 13.\n    >>> fizz_buzz(50)\n    0\n    >>> fizz_buzz(78)\n    2\n    >>> fizz_buzz(79)\n    3\n    \"\"\"\n"
    },
    "Code1": "def fizz_buzz(n: int):\n    \"\"\"Return the number of times the digit 7 appears in integers less than n which are divisible by 11 or 13.\"\"\"\n    if not isinstance(n, int):\n        raise ValueError(\"Input must be an integer\")\n    if n <= 0:\n        raise ValueError(\"Input must be a positive integer\")\n\n    count = 0\n    for i in range(n):\n        if (i % 11 == 0 or i % 13 == 0) and '7' in str(i):\n            count += 1\n\n    return count",
    "ScriptResult1": "F\n======================================================================\nFAIL: test (__main__.Test)\n----------------------------------------------------------------------\nTraceback (most recent call last):\n  File \"/Users/watch/PycharmProjects/XXXX-1-LLM/workspace/2023-12-18_16-14-27-098772/test_script.py\", line 19, in test\n    self.assertEqual(fizz_buzz(78), 2)\nAssertionError: 1 != 2\n\n----------------------------------------------------------------------\nRan 1 test in 0.000s\n\nFAILED (failures=1)\n",
    "TestReport1": "Test Report:\n- The test script's output shows that the code has failed.\n- The test case for the function fizz_buzz has failed with the input 78.\n- The expected output was 2, but the actual output was 1.\n- The code has not passed the tests.\n\nConclusion: Code Test Failed\n\nCode Example:\n```python\ndef fizz_buzz(n: int):\n    \"\"\"Return the number of times the digit 7 appears in integers less than n which are divisible by 11 or 13.\"\"\"\n    if not isinstance(n, int):\n        raise ValueError(\"Input must be an integer\")\n    if n <= 0:\n        raise ValueError(\"Input must be a positive integer\")\n\n    count = 0\n    for i in range(n):\n        if (i % 11 == 0 or i % 13 == 0) and '7' in str(i):\n            count += 1\n\n    return count\n```",
    "SprintReview1": "[ScrumMaster]says: Here is our test Report: Test Report:\n- The test script's output shows that the code has failed.\n- The test case for the function fizz_buzz has failed with the input 78.\n- The expected output was 2, but the actual output was 1.\n- The code has not passed the tests.\n\nConclusion: Code Test Failed\n\nCode Example:\n```python\ndef fizz_buzz(n: int):\n    \"\"\"Return the number of times the digit 7 appears in integers less than n which are divisible by 11 or 13.\"\"\"\n    if not isinstance(n, int):\n        raise ValueError(\"Input must be an integer\")\n    if n <= 0:\n        raise ValueError(\"Input must be a positive integer\")\n\n    count = 0\n    for i in range(n):\n        if (i % 11 == 0 or i % 13 == 0) and '7' in str(i):\n            count += 1\n\n    return count\n```, do you have any ideas?\n-----\n\n[Developer]says: As a Developer, I think we should first review the code for the function fizz_buzz and identify the issue causing the test failures.\n-----\n\n[ProductOwner]says: As a Product Owner, I think we should prioritize fixing the failed test case for the function fizz_buzz with the input 78 and ensuring that the code passes the tests before moving forward with any other development.\n-----\n\n[Architect]says: As an Architect, I suggest reviewing the code to ensure that the logic for identifying the numbers divisible by 11 or 13 and containing the digit 7 is implemented correctly.\n-----\n\n[Developer]says: As a Developer, I think we should first review the code for the function fizz_buzz and identify the issue causing the test failures.\n-----\n\n[ProductOwner]says: As a Product Owner, I think we should prioritize fixing the failed test case for the function fizz_buzz with the input 78 and ensuring that the code passes the tests before moving forward with any other development.\n-----\n\n[Architect]says: As an Architect, I suggest reviewing the code to ensure that the logic for identifying the numbers divisible by 11 or 13 and containing the digit 7 is implemented correctly.\n-----\n\n[Tester]says: As a Tester, I suggest reviewing the test script and test case to identify the root cause of the code failure.\n-----\n\n[Tester]says: As a Tester, I suggest reviewing the test script and test case to identify the root cause of the code failure.\n-----\n",
    "SprintReviewMeetings1": "{\n  \"product-owner\":[\"We should prioritize fixing the failed test case for the function fizz_buzz with the input 78 and ensuring that the code passes the tests before moving forward with any other development.\"],\n  \"architect\":[\"I suggest reviewing the code to ensure that the logic for identifying the numbers divisible by 11 or 13 and containing the digit 7 is implemented correctly.\"],\n  \"developer\":[\"We should first review the code for the function fizz_buzz and identify the issue causing the test failures.\"],\n  \"tester\":[\"We should review the test script and test case to identify the root cause of the code failure.\"]\n}",
    "SprintReviewMeetings1_prompt": "{\"Role\": \"You are a professional scrum master. Your goal is to summary the Discussion History into a suggestions list for the scrum team.\", \"Instruction\": \"1. Read and Understand the Discussion History. 2. Summary the suggestions from four roles: product-owner/architect/developer/tester. 3. Response in JSON format.\", \"Example\": \"{\\\"product-owner\\\":[\\\"suggestion1\\\",\\\"suggestion2\\\"],\\\"architect\\\":[\\\"suggestion1\\\",\\\"suggestion2\\\"], \\\"developer\\\":[\\\"suggestion1\\\",\\\"suggestion2\\\"], \\\"tester\\\":[\\\"suggestion1\\\",\\\"suggestion2\\\"]}\", \"Context\": \"[ScrumMaster]says: Here is our test Report: Test Report:\\n- The test script's output shows that the code has failed.\\n- The test case for the function fizz_buzz has failed with the input 78.\\n- The expected output was 2, but the actual output was 1.\\n- The code has not passed the tests.\\n\\nConclusion: Code Test Failed\\n\\nCode Example:\\n```python\\ndef fizz_buzz(n: int):\\n    \\\"\\\"\\\"Return the number of times the digit 7 appears in integers less than n which are divisible by 11 or 13.\\\"\\\"\\\"\\n    if not isinstance(n, int):\\n        raise ValueError(\\\"Input must be an integer\\\")\\n    if n <= 0:\\n        raise ValueError(\\\"Input must be a positive integer\\\")\\n\\n    count = 0\\n    for i in range(n):\\n        if (i % 11 == 0 or i % 13 == 0) and '7' in str(i):\\n            count += 1\\n\\n    return count\\n```, do you have any ideas?\\n-----\\n\\n[Developer]says: As a Developer, I think we should first review the code for the function fizz_buzz and identify the issue causing the test failures.\\n-----\\n\\n[ProductOwner]says: As a Product Owner, I think we should prioritize fixing the failed test case for the function fizz_buzz with the input 78 and ensuring that the code passes the tests before moving forward with any other development.\\n-----\\n\\n[Architect]says: As an Architect, I suggest reviewing the code to ensure that the logic for identifying the numbers divisible by 11 or 13 and containing the digit 7 is implemented correctly.\\n-----\\n\\n[Developer]says: As a Developer, I think we should first review the code for the function fizz_buzz and identify the issue causing the test failures.\\n-----\\n\\n[ProductOwner]says: As a Product Owner, I think we should prioritize fixing the failed test case for the function fizz_buzz with the input 78 and ensuring that the code passes the tests before moving forward with any other development.\\n-----\\n\\n[Architect]says: As an Architect, I suggest reviewing the code to ensure that the logic for identifying the numbers divisible by 11 or 13 and containing the digit 7 is implemented correctly.\\n-----\\n\\n[Tester]says: As a Tester, I suggest reviewing the test script and test case to identify the root cause of the code failure.\\n-----\\n\\n[Tester]says: As a Tester, I suggest reviewing the test script and test case to identify the root cause of the code failure.\\n-----\\n\", \"Question\": \"Follow the Instruction section. The Discussion History is in the Context section. You only need to return a list as the Example section.\"}",
    "RepairResponse1": "{\n  \"revised_code\": \"def fizz_buzz(n: int):\\n    \\\"\\\"\\\"Return the number of times the digit 7 appears in integers less than n which are divisible by 11 or 13.\\\"\\\"\\\"\\n    if not isinstance(n, int):\\n        raise ValueError(\\\"Input must be an integer\\\")\\n    if n <= 0:\\n        raise ValueError(\\\"Input must be a positive integer\\\")\\n\\n    count = 0\\n    for i in range(1, n):\\n        if (i % 11 == 0 or i % 13 == 0) and '7' in str(i):\\n            count += 1\\n\\n    return count\\n\"\n}",
    "RepairResponse1_prompt": {
        "Role": "You are a professional software engineer. Your duty is to write code in Python that meets the requirements. Ensure that the code you write is efficient, readable, and follows best practices. Remember, do not need to explain the code you wrote.",
        "Instruction": "1. Rewrite a bug fix version of the original code. 2. Response in JSON format.",
        "Example": "{\"revised_code\":\"...\"}",
        "Context": "# Test Report:\nTest Report:\n- The test script's output shows that the code has failed.\n- The test case for the function fizz_buzz has failed with the input 78.\n- The expected output was 2, but the actual output was 1.\n- The code has not passed the tests.\n\nConclusion: Code Test Failed\n\nCode Example:\n```python\ndef fizz_buzz(n: int):\n    \"\"\"Return the number of times the digit 7 appears in integers less than n which are divisible by 11 or 13.\"\"\"\n    if not isinstance(n, int):\n        raise ValueError(\"Input must be an integer\")\n    if n <= 0:\n        raise ValueError(\"Input must be a positive integer\")\n\n    count = 0\n    for i in range(n):\n        if (i % 11 == 0 or i % 13 == 0) and '7' in str(i):\n            count += 1\n\n    return count\n```# suggestions:\n{\"product-owner\": [\"We should prioritize fixing the failed test case for the function fizz_buzz with the input 78 and ensuring that the code passes the tests before moving forward with any other development.\"], \"architect\": [\"I suggest reviewing the code to ensure that the logic for identifying the numbers divisible by 11 or 13 and containing the digit 7 is implemented correctly.\"], \"developer\": [\"We should first review the code for the function fizz_buzz and identify the issue causing the test failures.\"], \"tester\": [\"We should review the test script and test case to identify the root cause of the code failure.\"]}",
        "Question": "The original code has some bugs, according to the test report and suggestions, rewrite the code. Complete the following code:\n\n\ndef fizz_buzz(n: int):\n    \"\"\"Return the number of times the digit 7 appears in integers less than n which are divisible by 11 or 13.\n    >>> fizz_buzz(50)\n    0\n    >>> fizz_buzz(78)\n    2\n    >>> fizz_buzz(79)\n    3\n    \"\"\"\n"
    },
    "Code2": "def fizz_buzz(n: int):\n    \"\"\"Return the number of times the digit 7 appears in integers less than n which are divisible by 11 or 13.\"\"\"\n    if not isinstance(n, int):\n        raise ValueError(\"Input must be an integer\")\n    if n <= 0:\n        raise ValueError(\"Input must be a positive integer\")\n\n    count = 0\n    for i in range(1, n):\n        if (i % 11 == 0 or i % 13 == 0) and '7' in str(i):\n            count += 1\n\n    return count\n",
    "ScriptResult2": "F\n======================================================================\nFAIL: test (__main__.Test)\n----------------------------------------------------------------------\nTraceback (most recent call last):\n  File \"/Users/watch/PycharmProjects/XXXX-1-LLM/workspace/2023-12-18_16-14-27-098772/test_script.py\", line 20, in test\n    self.assertEqual(fizz_buzz(78), 2)\nAssertionError: 1 != 2\n\n----------------------------------------------------------------------\nRan 1 test in 0.000s\n\nFAILED (failures=1)\n",
    "TestReport2": "Test Report:\n\nTest script's output:\nF\n======================================================================\nFAIL: test (__main__.Test)\n----------------------------------------------------------------------\nTraceback (most recent call last):\n  File \"/Users/watch/PycharmProjects/XXXX-1-LLM/workspace/2023-12-18_16-14-27-098772/test_script.py\", line 20, in test\n    self.assertEqual(fizz_buzz(78), 2)\nAssertionError: 1 != 2\n\n----------------------------------------------------------------------\nRan 1 test in 0.000s\n\nFAILED (failures=1)\n\nAnalysis:\nThe test failed as the expected output was 2 but the actual output was 1 when fizz_buzz(78) was called.\n\nConclusion:\nCode Test Failed\n\nInput and expected output example:\nInput: fizz_buzz(78)\nExpected Output: 2",
    "SprintReview2": "[ScrumMaster]says: Here is our test Report: Test Report:\n\nTest script's output:\nF\n======================================================================\nFAIL: test (__main__.Test)\n----------------------------------------------------------------------\nTraceback (most recent call last):\n  File \"/Users/watch/PycharmProjects/XXXX-1-LLM/workspace/2023-12-18_16-14-27-098772/test_script.py\", line 20, in test\n    self.assertEqual(fizz_buzz(78), 2)\nAssertionError: 1 != 2\n\n----------------------------------------------------------------------\nRan 1 test in 0.000s\n\nFAILED (failures=1)\n\nAnalysis:\nThe test failed as the expected output was 2 but the actual output was 1 when fizz_buzz(78) was called.\n\nConclusion:\nCode Test Failed\n\nInput and expected output example:\nInput: fizz_buzz(78)\nExpected Output: 2, do you have any ideas?\n-----\n\n[ProductOwner]says: As a Product Owner, I think we should prioritize fixing the failed test and ensuring the expected output matches the actual output for fizz_buzz(78).\n-----\n\n[Architect]says: As an Architect, we should review the test script and verify the logic in the code to ensure that the expected output matches the actual output.\n-----\n\n[Tester]says: As a Tester, it seems there is an issue with the test script and the expected output for fizz_buzz(78) needs to be re-evaluated.\n-----\n\n[Developer]says: As a Developer, I will review the code for the fizz_buzz function to identify the issue and find a solution to correct it.\n-----\n\n[Architect]says: As an Architect, we should review the test script and verify the logic in the code to ensure that the expected output matches the actual output.\n-----\n\n[ProductOwner]says: As a Product Owner, I think the first step is to prioritize fixing the failed test and ensuring the expected output matches the actual output for fizz_buzz(78).\n-----\n\n[Developer]says: As a Developer, I will review the code for the fizz_buzz function to identify the issue and find a solution to correct it.\n-----\n\n[Tester]says: As a Tester, I agree that there is an issue with the test script and the expected output for fizz_buzz(78) needs to be re-evaluated.\n-----\n",
    "SprintReviewMeetings2": "{\n  \"product-owner\":[\"We should prioritize fixing the failed test and ensuring the expected output matches the actual output for fizz_buzz(78).\", \"The first step is to prioritize fixing the failed test and ensuring the expected output matches the actual output for fizz_buzz(78).\"],\n  \"architect\":[\"We should review the test script and verify the logic in the code to ensure that the expected output matches the actual output.\"],\n  \"developer\":[\"I will review the code for the fizz_buzz function to identify the issue and find a solution to correct it.\"],\n  \"tester\":[\"There is an issue with the test script and the expected output for fizz_buzz(78) needs to be re-evaluated.\", \"It seems there is an issue with the test script and the expected output for fizz_buzz(78) needs to be re-evaluated.\"]\n}",
    "SprintReviewMeetings2_prompt": "{\"Role\": \"You are a professional scrum master. Your goal is to summary the Discussion History into a suggestions list for the scrum team.\", \"Instruction\": \"1. Read and Understand the Discussion History. 2. Summary the suggestions from four roles: product-owner/architect/developer/tester. 3. Response in JSON format.\", \"Example\": \"{\\\"product-owner\\\":[\\\"suggestion1\\\",\\\"suggestion2\\\"],\\\"architect\\\":[\\\"suggestion1\\\",\\\"suggestion2\\\"], \\\"developer\\\":[\\\"suggestion1\\\",\\\"suggestion2\\\"], \\\"tester\\\":[\\\"suggestion1\\\",\\\"suggestion2\\\"]}\", \"Context\": \"[ScrumMaster]says: Here is our test Report: Test Report:\\n\\nTest script's output:\\nF\\n======================================================================\\nFAIL: test (__main__.Test)\\n----------------------------------------------------------------------\\nTraceback (most recent call last):\\n  File \\\"/Users/watch/PycharmProjects/XXXX-1-LLM/workspace/2023-12-18_16-14-27-098772/test_script.py\\\", line 20, in test\\n    self.assertEqual(fizz_buzz(78), 2)\\nAssertionError: 1 != 2\\n\\n----------------------------------------------------------------------\\nRan 1 test in 0.000s\\n\\nFAILED (failures=1)\\n\\nAnalysis:\\nThe test failed as the expected output was 2 but the actual output was 1 when fizz_buzz(78) was called.\\n\\nConclusion:\\nCode Test Failed\\n\\nInput and expected output example:\\nInput: fizz_buzz(78)\\nExpected Output: 2, do you have any ideas?\\n-----\\n\\n[ProductOwner]says: As a Product Owner, I think we should prioritize fixing the failed test and ensuring the expected output matches the actual output for fizz_buzz(78).\\n-----\\n\\n[Architect]says: As an Architect, we should review the test script and verify the logic in the code to ensure that the expected output matches the actual output.\\n-----\\n\\n[Tester]says: As a Tester, it seems there is an issue with the test script and the expected output for fizz_buzz(78) needs to be re-evaluated.\\n-----\\n\\n[Developer]says: As a Developer, I will review the code for the fizz_buzz function to identify the issue and find a solution to correct it.\\n-----\\n\\n[Architect]says: As an Architect, we should review the test script and verify the logic in the code to ensure that the expected output matches the actual output.\\n-----\\n\\n[ProductOwner]says: As a Product Owner, I think the first step is to prioritize fixing the failed test and ensuring the expected output matches the actual output for fizz_buzz(78).\\n-----\\n\\n[Developer]says: As a Developer, I will review the code for the fizz_buzz function to identify the issue and find a solution to correct it.\\n-----\\n\\n[Tester]says: As a Tester, I agree that there is an issue with the test script and the expected output for fizz_buzz(78) needs to be re-evaluated.\\n-----\\n\", \"Question\": \"Follow the Instruction section. The Discussion History is in the Context section. You only need to return a list as the Example section.\"}",
    "RepairResponse2": "{\n  \"revised_code\": \"def fizz_buzz(n: int):\\n    count = 0\\n    for i in range(1, n):\\n        if i % 11 == 0 or i % 13 == 0:\\n            count += str(i).count('7')\\n    return count\"\n}",
    "RepairResponse2_prompt": {
        "Role": "You are a professional software engineer. Your duty is to write code in Python that meets the requirements. Ensure that the code you write is efficient, readable, and follows best practices. Remember, do not need to explain the code you wrote.",
        "Instruction": "1. Rewrite a bug fix version of the original code. 2. Response in JSON format.",
        "Example": "{\"revised_code\":\"...\"}",
        "Context": "# Test Report:\nTest Report:\n\nTest script's output:\nF\n======================================================================\nFAIL: test (__main__.Test)\n----------------------------------------------------------------------\nTraceback (most recent call last):\n  File \"/Users/watch/PycharmProjects/XXXX-1-LLM/workspace/2023-12-18_16-14-27-098772/test_script.py\", line 20, in test\n    self.assertEqual(fizz_buzz(78), 2)\nAssertionError: 1 != 2\n\n----------------------------------------------------------------------\nRan 1 test in 0.000s\n\nFAILED (failures=1)\n\nAnalysis:\nThe test failed as the expected output was 2 but the actual output was 1 when fizz_buzz(78) was called.\n\nConclusion:\nCode Test Failed\n\nInput and expected output example:\nInput: fizz_buzz(78)\nExpected Output: 2# suggestions:\n{\"product-owner\": [\"We should prioritize fixing the failed test and ensuring the expected output matches the actual output for fizz_buzz(78).\", \"The first step is to prioritize fixing the failed test and ensuring the expected output matches the actual output for fizz_buzz(78).\"], \"architect\": [\"We should review the test script and verify the logic in the code to ensure that the expected output matches the actual output.\"], \"developer\": [\"I will review the code for the fizz_buzz function to identify the issue and find a solution to correct it.\"], \"tester\": [\"There is an issue with the test script and the expected output for fizz_buzz(78) needs to be re-evaluated.\", \"It seems there is an issue with the test script and the expected output for fizz_buzz(78) needs to be re-evaluated.\"]}",
        "Question": "The original code has some bugs, according to the test report and suggestions, rewrite the code. Complete the following code:\n\n\ndef fizz_buzz(n: int):\n    \"\"\"Return the number of times the digit 7 appears in integers less than n which are divisible by 11 or 13.\n    >>> fizz_buzz(50)\n    0\n    >>> fizz_buzz(78)\n    2\n    >>> fizz_buzz(79)\n    3\n    \"\"\"\n"
    },
    "Code3": "def fizz_buzz(n: int):\n    count = 0\n    for i in range(1, n):\n        if i % 11 == 0 or i % 13 == 0:\n            count += str(i).count('7')\n    return count",
    "ScriptResult3": ".\n----------------------------------------------------------------------\nRan 1 test in 0.000s\n\nOK\n",
    "TestReport3": "Test Report:\n\nTest script's output:\n.\n----------------------------------------------------------------------\nRan 1 test in 0.000s\n\nOK\n\nConclusion: Code Test Passed\n\nThe code for the fizz_buzz function has passed the tests. The test script's output shows that 1 test was ran and it passed successfully. Therefore, the code test has passed."
}