{
    "start_time": "2024-03-11_12-53-04-121754",
    "task": "def all_Bits_Set_In_The_Given_Range(n,l,r):  \n'''Write a python function to check whether all the bits are unset in the given range or not.\nassert all_Bits_Set_In_The_Given_Range(4,1,2) == True'''\n",
    "datetime": {
        "task": "2024-03-11 12:53:04",
        "task-id": "2024-03-11 12:53:04",
        "workflow": "2024-03-11 12:53:04",
        "Discussion": "2024-03-11 12:53:05",
        "DisorderedSprintMeetings": "2024-03-11 12:53:07",
        "UserStoryDraft0": "2024-03-11 12:53:08",
        "AnalyzeMeetings": "2024-03-11 12:53:10",
        "UserStory0": "2024-03-11 12:53:11",
        "DesignDraft0": "2024-03-11 12:53:14",
        "DesignMeetings0": "2024-03-11 12:53:16",
        "Design0": "2024-03-11 12:53:20",
        "CodeDraft0": "2024-03-11 12:53:20",
        "Code0CR": "2024-03-11 12:53:20",
        "FinalCode": "2024-03-11 12:53:52",
        "Test Cases Draft": "2024-03-11 12:53:22",
        "Test Cases Meetings": "2024-03-11 12:53:24",
        "Test Cases": "2024-03-11 12:53:27",
        "Code0": "2024-03-11 12:53:28",
        "TestScriptOriginal": "2024-03-11 12:53:29",
        "TestScript": "2024-03-11 12:53:29",
        "ScriptResult0": "2024-03-11 12:53:29",
        "TestReport0": "2024-03-11 12:53:32",
        "SprintReview0": "2024-03-11 12:53:34",
        "SprintReviewMeetings0": "2024-03-11 12:53:35",
        "RepairResponse0": "2024-03-11 12:53:38",
        "Code1": "2024-03-11 12:53:38",
        "ScriptResult1": "2024-03-11 12:53:38",
        "TestReport1": "2024-03-11 12:53:40",
        "SprintReview1": "2024-03-11 12:53:41",
        "SprintReviewMeetings1": "2024-03-11 12:53:43",
        "RepairResponse1": "2024-03-11 12:53:44",
        "Code2": "2024-03-11 12:53:44",
        "ScriptResult2": "2024-03-11 12:53:44",
        "TestReport2": "2024-03-11 12:53:46",
        "SprintReview2": "2024-03-11 12:53:48",
        "SprintReviewMeetings2": "2024-03-11 12:53:51",
        "RepairResponse2": "2024-03-11 12:53:52",
        "Code3": "2024-03-11 12:53:52",
        "ScriptResult3": "2024-03-11 12:53:52",
        "TestReport3": "2024-03-11 12:53:55"
    },
    "task-id": 228,
    "workflow": "agile/agile_version_0.0.5_remove.json",
    "Discussion": "[ScrumMaster]says: We have a job: def all_Bits_Set_In_The_Given_Range(n,l,r):  \n'''Write a python function to check whether all the bits are unset in the given range or not.\nassert all_Bits_Set_In_The_Given_Range(4,1,2) == True'''\n, do you have any ideas?\n-----\n\n[ProductOwner]says: As a Product Owner, I think the first step is to clarify the specific requirements and scope for this function.\n-----\n\n[Developer]says: As a developer, I think the first step is to understand the requirements and constraints of the function we need to create.\n-----\n\n[Architect]says: As an Architect, I think the first step is to analyze the requirements and design a solution that can efficiently check whether all the bits are unset in the given range.\n-----\n\n[Tester]says: As a tester, I recommend writing test cases to verify the functionality of the all_Bits_Set_In_The_Given_Range function.\n-----\n\n[Developer]says: [Developer] To develop this function, we should start by understanding the specific requirements and constraints.\n-----\n\n[Architect]says: As an Architect, I will start by analyzing the requirements and designing a solution that can efficiently check whether all the bits are unset in the given range.\n-----\n\n[Tester]says: As a tester, I recommend writing test cases to verify the functionality of the all_Bits_Set_In_The_Given_Range function.\n-----\n\n[ProductOwner]says: [ProductOwner] To create a product, we should start by clarifying the specific requirements and scope for this function. Let's make sure we understand the user's needs before moving forward.\n-----\n",
    "DisorderedSprintMeetings": "{\n  \"product-owner\": [\n    \"Clarify specific requirements and scope for the function\",\n    \"Understand user's needs before moving forward\"\n  ],\n  \"architect\": [\n    \"Analyze the requirements\",\n    \"Design a solution that can efficiently check whether all the bits are unset in the given range\"\n  ],\n  \"developer\": [\n    \"Understand the requirements and constraints of the function\",\n    \"Start by understanding the specific requirements and constraints\"\n  ],\n  \"tester\": [\n    \"Write test cases to verify the functionality of the all_Bits_Set_In_The_Given_Range function\"\n  ]\n}",
    "DisorderedSprintMeetings_prompt": "{\"Role\": \"You are a professional scrum master. Your goal is to breakdown the Discussion History into a task list for the scrum team.\", \"Instruction\": \"1. Read and Understand the Discussion History. 2. Define the tasks for four roles: product-owner/architect/developer/tester. 3. Response in JSON format.\", \"Example\": \"{\\\"product-owner\\\":[\\\"task1\\\",\\\"task2\\\"],\\\"architect\\\":[\\\"task1\\\",\\\"task2\\\"], \\\"developer\\\":[\\\"task1\\\",\\\"task2\\\"], \\\"tester\\\":[\\\"task1\\\",\\\"task2\\\"]}\", \"Context\": \"[ScrumMaster]says: We have a job: def all_Bits_Set_In_The_Given_Range(n,l,r):  \\n'''Write a python function to check whether all the bits are unset in the given range or not.\\nassert all_Bits_Set_In_The_Given_Range(4,1,2) == True'''\\n, do you have any ideas?\\n-----\\n\\n[ProductOwner]says: As a Product Owner, I think the first step is to clarify the specific requirements and scope for this function.\\n-----\\n\\n[Developer]says: As a developer, I think the first step is to understand the requirements and constraints of the function we need to create.\\n-----\\n\\n[Architect]says: As an Architect, I think the first step is to analyze the requirements and design a solution that can efficiently check whether all the bits are unset in the given range.\\n-----\\n\\n[Tester]says: As a tester, I recommend writing test cases to verify the functionality of the all_Bits_Set_In_The_Given_Range function.\\n-----\\n\\n[Developer]says: [Developer] To develop this function, we should start by understanding the specific requirements and constraints.\\n-----\\n\\n[Architect]says: As an Architect, I will start by analyzing the requirements and designing a solution that can efficiently check whether all the bits are unset in the given range.\\n-----\\n\\n[Tester]says: As a tester, I recommend writing test cases to verify the functionality of the all_Bits_Set_In_The_Given_Range function.\\n-----\\n\\n[ProductOwner]says: [ProductOwner] To create a product, we should start by clarifying the specific requirements and scope for this function. Let's make sure we understand the user's needs before moving forward.\\n-----\\n\", \"Question\": \"Follow the Instruction section. The Discussion History is in the Context section. You only need to return a task list as the Example section.\"}",
    "UserStoryDraft0": "{\n  \"UserStory\": \"As a user, I want a python function to determine whether all the bits are unset in a given range, so that I can check if a specific range of bits are all unset or not.\"\n}",
    "UserStoryDraft0_prompt": "{\"Role\": \"You need to act as a professional product owner. Your task is to write a UserStory\", \"Instruction\": \"According to the Context, please analyze the requirement and write your response. Response in JSON format. Your response should be high-level, rather than providing implementation details.\", \"Example\": \"\", \"Context\": [\"Clarify specific requirements and scope for the function\", \"Understand user's needs before moving forward\"], \"Question\": \"Follow the Instruction. The requirement is as follows:\\ndef all_Bits_Set_In_The_Given_Range(n,l,r):  \\n'''Write a python function to check whether all the bits are unset in the given range or not.\\nassert all_Bits_Set_In_The_Given_Range(4,1,2) == True'''\\n\"}",
    "AnalyzeMeetings": "{\n  \"Architect\": \"As an architect, I suggest breaking down the python function into smaller, more modular functions to improve maintainability and readability. Additionally, we should consider using bitwise operators to efficiently determine if all the bits are unset in the given range.\",\n  \"Tester\": \"As a tester, I suggest creating test cases for various input ranges, including edge cases such as empty range, single-bit range, and full range. This will ensure that the function handles all scenarios correctly and reliably.\"\n}",
    "UserStory0": "{\n  \"RevisedDocument\": {\n    \"UserStory\": \"As a user, I want a python function to determine whether all the bits are unset in a given range, so that I can check if a specific range of bits are all unset or not.\",\n    \"ArchitectSuggestion\": \"The python function will be broken down into smaller, more modular functions to improve maintainability and readability. Additionally, bitwise operators will be considered to efficiently determine if all the bits are unset in the given range.\",\n    \"TesterSuggestion\": \"Test cases will be created for various input ranges, including edge cases such as empty range, single-bit range, and full range. This will ensure that the function handles all scenarios correctly and reliably.\"\n  }\n}",
    "UserStory0_prompt": {
        "Role": "You need to act as a professional product owner. Your duty is to revise the document based on the suggestions.",
        "Instruction": "1. Read the suggestions. 2. Revise your draft version document. 3. Response in JSON format. 4. REMEMBER: Your analysis should be high-level, rather than providing implementation details.",
        "Example": "",
        "Context": "# Suggestion:\n{\n  \"Architect\": \"As an architect, I suggest breaking down the python function into smaller, more modular functions to improve maintainability and readability. Additionally, we should consider using bitwise operators to efficiently determine if all the bits are unset in the given range.\",\n  \"Tester\": \"As a tester, I suggest creating test cases for various input ranges, including edge cases such as empty range, single-bit range, and full range. This will ensure that the function handles all scenarios correctly and reliably.\"\n}",
        "Question": "Follow the Instruction. Your colleague give you some suggestions(in the Context section) about this draft document:{\n  \"UserStory\": \"As a user, I want a python function to determine whether all the bits are unset in a given range, so that I can check if a specific range of bits are all unset or not.\"\n}"
    },
    "DesignDraft0": "Design:\n```python\ndef all_Bits_Set_In_The_Given_Range(n, l, r):\n    '''\n    This function will take three parameters:\n    - n: The number representing the range of bits\n    - l: The left index of the range\n    - r: The right index of the range\n    \n    The function should efficiently determine whether all the bits within the given range are unset or not. This can be achieved using bitwise operators to check for unset bits within the range. The function should be broken down into smaller, more modular functions to improve maintainability and readability.\n\n    The design should also include test cases for various input ranges, including edge cases such as empty range, single-bit range, and full range. This will ensure that the function handles all scenarios correctly and reliably.\n    '''\n```\n\nThis high-level design provides guidance for the developer to write a python function to efficiently check whether all the bits are unset in the given range. It emphasizes the use of bitwise operators and modular functions while also highlighting the importance of thorough testing for different input scenarios.",
    "DesignMeetings0": "{\n  \"Developer\": \"The function should be broken down into smaller, more modular functions to improve maintainability and readability. Additionally, the use of bitwise operators should be optimized for efficiency.\",\n  \"Tester\": \"Test cases should be designed to cover various input ranges, including edge cases such as empty range, single-bit range, and full range. This will ensure that the function handles all scenarios correctly and reliably.\"\n}",
    "Design0": "Based on the suggestions, here is the new design for the function:\n\n```python\ndef all_Bits_Set_In_The_Given_Range(n, l, r):\n    '''    \n    This function takes three parameters:\n    - n: The number representing the range of bits\n    - l: The left index of the range\n    - r: The right index of the range    \n    The function should efficiently determine whether all the bits within the given range are unset or not. This can be achieved using bitwise operators to check for unset bits within the range. \n    \n    Additionally, the function should be broken down into smaller, more modular functions to improve maintainability and readability. The use of bitwise operators should be optimized for efficiency.\n    \n    The design should also include test cases for various input ranges, including edge cases such as empty range, single-bit range, and full range. This will ensure that the function handles all scenarios correctly and reliably.\n    '''\n```\n\nIn this new design, the focus is on breaking down the function into smaller, more modular functions to improve maintainability and readability. The use of bitwise operators is also optimized for efficiency. Test cases for various input ranges are included to ensure the function handles all scenarios correctly and reliably.",
    "CodeDraft0": "def all_Bits_Set_In_The_Given_Range(n, l, r):\n    # write your code here\n    pass",
    "CodeDraft0_prompt": {
        "Role": "You are a professional engineer. Your duty is to write code in Python that meets the requirements. Ensure that the code you write is efficient, readable, and follows best practices. Remember, do not need to explain the code you wrote.",
        "Instruction": "According to the Context section, write your code.",
        "Example": "",
        "Context": "# Tasks:\n['Understand the requirements and constraints of the function', 'Start by understanding the specific requirements and constraints']\n# Design:\nBased on the suggestions, here is the new design for the function:\n\n```python\ndef all_Bits_Set_In_The_Given_Range(n, l, r):\n    '''    \n    This function takes three parameters:\n    - n: The number representing the range of bits\n    - l: The left index of the range\n    - r: The right index of the range    \n    The function should efficiently determine whether all the bits within the given range are unset or not. This can be achieved using bitwise operators to check for unset bits within the range. \n    \n    Additionally, the function should be broken down into smaller, more modular functions to improve maintainability and readability. The use of bitwise operators should be optimized for efficiency.\n    \n    The design should also include test cases for various input ranges, including edge cases such as empty range, single-bit range, and full range. This will ensure that the function handles all scenarios correctly and reliably.\n    '''\n```\n\nIn this new design, the focus is on breaking down the function into smaller, more modular functions to improve maintainability and readability. The use of bitwise operators is also optimized for efficiency. Test cases for various input ranges are included to ensure the function handles all scenarios correctly and reliably.",
        "Question": "Follow the Instruction section. Complete the following code:\ndef all_Bits_Set_In_The_Given_Range(n,l,r):  \n'''Write a python function to check whether all the bits are unset in the given range or not.\nassert all_Bits_Set_In_The_Given_Range(4,1,2) == True'''\n"
    },
    "Code0CR": "def all_Bits_Set_In_The_Given_Range(n, l, r):\n    # write your code here\n    pass",
    "FinalCode": "def all_Bits_Set_In_The_Given_Range(n, l, r):\n    '''Write a python function to check whether all the bits are unset in the given range or not.'''\n    for i in range(l, r+1):\n        if n & (1 << i):\n            return False\n    return True",
    "Test Cases Draft": "{\n  \"test_cases\": [\n    {\n      \"Test Title\": \"Empty Range\",\n      \"Input Data\": \"n=0, l=0, r=0\",\n      \"Expected Output\": \"True\"\n    },\n    {\n      \"Test Title\": \"Single Bit Range\",\n      \"Input Data\": \"n=1, l=0, r=0\",\n      \"Expected Output\": \"True\"\n    },\n    {\n      \"Test Title\": \"Full Range\",\n      \"Input Data\": \"n=7, l=0, r=2\",\n      \"Expected Output\": \"False\"\n    }\n  ]\n}",
    "Test Cases Draft_prompt": "{\"Role\": \"You are a quality assurance engineer. Your duty is to design test cases for the developers.\", \"Instruction\": \"According to the Context section, write test cases. Don't write long strings in your test cases. Response in JSON format.\", \"Example\": \"{\\\"requirement analysis\\\":\\\"analysis\\\",\\\"test_cases\\\":[{\\\"Test Title\\\":\\\"title\\\", \\\"Input Data\\\":\\\"parameter1=[1,2,3],parameter2='123'\\\", \\\"Expected Output\\\":\\\"456\\\"},]}\", \"Context\": \"# UsrtStory:\\n{\\n  \\\"RevisedDocument\\\": {\\n    \\\"UserStory\\\": \\\"As a user, I want a python function to determine whether all the bits are unset in a given range, so that I can check if a specific range of bits are all unset or not.\\\",\\n    \\\"ArchitectSuggestion\\\": \\\"The python function will be broken down into smaller, more modular functions to improve maintainability and readability. Additionally, bitwise operators will be considered to efficiently determine if all the bits are unset in the given range.\\\",\\n    \\\"TesterSuggestion\\\": \\\"Test cases will be created for various input ranges, including edge cases such as empty range, single-bit range, and full range. This will ensure that the function handles all scenarios correctly and reliably.\\\"\\n  }\\n}\\n# Tasks:\\n['Write test cases to verify the functionality of the all_Bits_Set_In_The_Given_Range function']\\n# Design:\\nBased on the suggestions, here is the new design for the function:\\n\\n```python\\ndef all_Bits_Set_In_The_Given_Range(n, l, r):\\n    '''    \\n    This function takes three parameters:\\n    - n: The number representing the range of bits\\n    - l: The left index of the range\\n    - r: The right index of the range    \\n    The function should efficiently determine whether all the bits within the given range are unset or not. This can be achieved using bitwise operators to check for unset bits within the range. \\n    \\n    Additionally, the function should be broken down into smaller, more modular functions to improve maintainability and readability. The use of bitwise operators should be optimized for efficiency.\\n    \\n    The design should also include test cases for various input ranges, including edge cases such as empty range, single-bit range, and full range. This will ensure that the function handles all scenarios correctly and reliably.\\n    '''\\n```\\n\\nIn this new design, the focus is on breaking down the function into smaller, more modular functions to improve maintainability and readability. The use of bitwise operators is also optimized for efficiency. Test cases for various input ranges are included to ensure the function handles all scenarios correctly and reliably.\", \"Question\": \"def all_Bits_Set_In_The_Given_Range(n,l,r):  \\n'''Write a python function to check whether all the bits are unset in the given range or not.\\nassert all_Bits_Set_In_The_Given_Range(4,1,2) == True'''\\n\"}",
    "Test Cases Meetings": "{\n  \"Architect\": \"As an Architect, I suggest adding more edge cases to the test cases such as negative numbers, large numbers, and boundary conditions to ensure comprehensive coverage of the code.\"\n  ,\n  \"Developer\": \"As a Developer, I suggest revising the Expected Output for the 'Full Range' test case to match the actual expected output based on the code logic. Additionally, add more test cases covering different scenarios and boundaries.\"\n}",
    "Test Cases": "{\n  \"test_cases\": [\n    {\n      \"Test Title\": \"Empty Range\",\n      \"Input Data\": \"n=0, l=0, r=0\",\n      \"Expected Output\": \"True\"\n    },\n    {\n      \"Test Title\": \"Single Bit Range\",\n      \"Input Data\": \"n=1, l=0, r=0\",\n      \"Expected Output\": \"True\"\n    },\n    {\n      \"Test Title\": \"Full Range\",\n      \"Input Data\": \"n=7, l=0, r=2\",\n      \"Expected Output\": \"True\"\n    },\n    {\n      \"Test Title\": \"Negative Numbers Range\",\n      \"Input Data\": \"n=-7, l=-2, r=-1\",\n      \"Expected Output\": \"False\"\n    },\n    {\n      \"Test Title\": \"Large Numbers Range\",\n      \"Input Data\": \"n=100, l=50, r=75\",\n      \"Expected Output\": \"False\"\n    }\n  ]\n}",
    "Test Cases_prompt": "{\"Role\": \"You are a quality assurance engineer. Your duty is to revise the test cases based on the suggestions.\", \"Instruction\": \"1. Your colleague give you some suggestions(in the Context section) about the draft test cases, read these suggestions. 2. Revise your draft version test cases, but don't use long parameters. 3. Response in JSON format.\", \"Example\": \"{\\\"requirement analysis\\\":\\\"analysis\\\",\\\"test_cases\\\":[{\\\"Test Title\\\":\\\"title\\\", \\\"Input Data\\\":\\\"parameter1=[1,2,3],parameter2='123'\\\", \\\"Expected Output\\\":\\\"456\\\"},]}\", \"Context\": \"# Suggestions:\\n{\\n  \\\"Architect\\\": \\\"As an Architect, I suggest adding more edge cases to the test cases such as negative numbers, large numbers, and boundary conditions to ensure comprehensive coverage of the code.\\\"\\n  ,\\n  \\\"Developer\\\": \\\"As a Developer, I suggest revising the Expected Output for the 'Full Range' test case to match the actual expected output based on the code logic. Additionally, add more test cases covering different scenarios and boundaries.\\\"\\n}\\n # Draft Test cases:\\n{\\n  \\\"test_cases\\\": [\\n    {\\n      \\\"Test Title\\\": \\\"Empty Range\\\",\\n      \\\"Input Data\\\": \\\"n=0, l=0, r=0\\\",\\n      \\\"Expected Output\\\": \\\"True\\\"\\n    },\\n    {\\n      \\\"Test Title\\\": \\\"Single Bit Range\\\",\\n      \\\"Input Data\\\": \\\"n=1, l=0, r=0\\\",\\n      \\\"Expected Output\\\": \\\"True\\\"\\n    },\\n    {\\n      \\\"Test Title\\\": \\\"Full Range\\\",\\n      \\\"Input Data\\\": \\\"n=7, l=0, r=2\\\",\\n      \\\"Expected Output\\\": \\\"False\\\"\\n    }\\n  ]\\n}\", \"Question\": \"Follow the Instruction. Please make sure your response length are less than 512. Your test cases is for the below question:\\ndef all_Bits_Set_In_The_Given_Range(n,l,r):  \\n'''Write a python function to check whether all the bits are unset in the given range or not.\\nassert all_Bits_Set_In_The_Given_Range(4,1,2) == True'''\\n\"}",
    "Code0": "def all_Bits_Set_In_The_Given_Range(n, l, r):\n    # Check if all the bits are unset in the given range\n    for i in range(l, r+1):\n        if (n & (1 << i)) != 0:\n            return False\n    return True",
    "Code0_prompt": {
        "Role": "You are a professional software engineer. Your duty is to write code in Python that meets the requirements. Ensure that the code you write is efficient, readable, and follows best practices. Remember, do not need to explain the code you wrote.",
        "Instruction": "1. Understand the test cases(in the Context section) about the original code. 2. Rewrite your code, make sure your code pass all test cases.",
        "Example": "",
        "Context": "# Original Code:\ndef all_Bits_Set_In_The_Given_Range(n, l, r):\n    # write your code here\n    pass\n# Test Cases:\n{\n  \"test_cases\": [\n    {\n      \"Test Title\": \"Empty Range\",\n      \"Input Data\": \"n=0, l=0, r=0\",\n      \"Expected Output\": \"True\"\n    },\n    {\n      \"Test Title\": \"Single Bit Range\",\n      \"Input Data\": \"n=1, l=0, r=0\",\n      \"Expected Output\": \"True\"\n    },\n    {\n      \"Test Title\": \"Full Range\",\n      \"Input Data\": \"n=7, l=0, r=2\",\n      \"Expected Output\": \"True\"\n    },\n    {\n      \"Test Title\": \"Negative Numbers Range\",\n      \"Input Data\": \"n=-7, l=-2, r=-1\",\n      \"Expected Output\": \"False\"\n    },\n    {\n      \"Test Title\": \"Large Numbers Range\",\n      \"Input Data\": \"n=100, l=50, r=75\",\n      \"Expected Output\": \"False\"\n    }\n  ]\n}",
        "Question": "def all_Bits_Set_In_The_Given_Range(n,l,r):  \n'''Write a python function to check whether all the bits are unset in the given range or not.\nassert all_Bits_Set_In_The_Given_Range(4,1,2) == True'''\n"
    },
    "TestScriptOriginal": "import unittest\n\ndef all_Bits_Set_In_The_Given_Range(n, l, r):\n    for i in range(l, r+1):\n        if (n & (1 << i)) != 0:\n            return False\n    return True\n\nclass Test(unittest.TestCase):\n    def test(self):\n        self.assertEqual(all_Bits_Set_In_The_Given_Range(4, 1, 2), True)\n\nif __name__ == '__main__':\n    unittest.main()",
    "TestScriptOriginal_prompt": "{\"Role\": \"You are a quality assurance engineer. Your duty is to write a python test script in unittest framework.\", \"Instruction\": \"1. Write a python test script. 2. Use the input and output given by the question.\", \"Example\": \"import unittest\\n\\nclass Test(unittest.TestCase):\\n    def test(self):\\n        self.assertEqual(function_under_test('a'), 1)\\n\\nif __name__ == '__main__':\\n    unittest.main()\", \"Context\": \"\", \"Question\": \"def all_Bits_Set_In_The_Given_Range(n,l,r):  \\n'''Write a python function to check whether all the bits are unset in the given range or not.\\nassert all_Bits_Set_In_The_Given_Range(4,1,2) == True'''\\n\"}",
    "TestScript": "import unittest\n\nclass Test(unittest.TestCase):\n    def test(self):\n        self.assertEqual(all_Bits_Set_In_The_Given_Range(4, 1, 2), True)\n\nif __name__ == '__main__':\n    unittest.main()",
    "ScriptResult0": "F\n======================================================================\nFAIL: test (__main__.Test)\n----------------------------------------------------------------------\nTraceback (most recent call last):\n  File \"/Users/watch/PycharmProjects/XXXX-1-LLM/workspace/2024-03-11_12-53-04-121754/test_script.py\", line 11, in test\n    self.assertEqual(all_Bits_Set_In_The_Given_Range(4, 1, 2), True)\nAssertionError: False != True\n\n----------------------------------------------------------------------\nRan 1 test in 0.000s\n\nFAILED (failures=1)\n",
    "TestReport0": "Test Report:\n\nTest script's output:\nF\n======================================================================\nFAIL: test (__main__.Test)\n----------------------------------------------------------------------\nTraceback (most recent call last):\n  File \"/Users/watch/PycharmProjects/XXXX-1-LLM/workspace/2024-03-11_12-53-04-121754/test_script.py\", line 11, in test\n    self.assertEqual(all_Bits_Set_In_The_Given_Range(4, 1, 2), True)\nAssertionError: False != True\n\n----------------------------------------------------------------------\nRan 1 test in 0.000s\n\nFAILED (failures=1)\n\nInput example: \nn = 4, l = 1, r = 2\n\nExpected output: \nTrue\n\nConclusion: \nCode Test Failed. \n\nCode snippet:\ndef all_Bits_Set_In_The_Given_Range(n, l, r):\n    # Check if all the bits are unset in the given range\n    for i in range(l, r+1):\n        if (n & (1 << i)) != 0:\n            return False\n    return True",
    "SprintReview0": "[ScrumMaster]says: Here is our test Report: Test Report:\n\nTest script's output:\nF\n======================================================================\nFAIL: test (__main__.Test)\n----------------------------------------------------------------------\nTraceback (most recent call last):\n  File \"/Users/watch/PycharmProjects/XXXX-1-LLM/workspace/2024-03-11_12-53-04-121754/test_script.py\", line 11, in test\n    self.assertEqual(all_Bits_Set_In_The_Given_Range(4, 1, 2), True)\nAssertionError: False != True\n\n----------------------------------------------------------------------\nRan 1 test in 0.000s\n\nFAILED (failures=1)\n\nInput example: \nn = 4, l = 1, r = 2\n\nExpected output: \nTrue\n\nConclusion: \nCode Test Failed. \n\nCode snippet:\ndef all_Bits_Set_In_The_Given_Range(n, l, r):\n    # Check if all the bits are unset in the given range\n    for i in range(l, r+1):\n        if (n & (1 << i)) != 0:\n            return False\n    return True, do you have any ideas?\n-----\n\n[Architect]says: As an architect, I think we should review the code snippet and run some additional tests to identify and fix the issue.\n-----\n\n[ProductOwner]says: As a Product Owner, I think we should prioritize fixing the failed test and ensuring the code meets the expected output before moving forward with any other development tasks.\n-----\n\n[Developer]says: As a Developer, I will review the code snippet and suggest using print statements to debug and understand the values of variables at each step of the code.\n-----\n\n[Tester]says: As a Tester, based on the test report and code snippet, it seems like there is a problem with the logic in the function \"all_Bits_Set_In_The_Given_Range\" that needs to be fixed.\n-----\n\n[Developer]says: As a Developer, I will review the code snippet and suggest using print statements to debug and understand the values of variables at each step of the code.\n-----\n\n[ProductOwner]says: As a Product Owner, I think we should prioritize fixing the failed test and ensuring the code meets the expected output before moving forward with any other development tasks.\n-----\n\n[Architect]says: As an architect, I think we should review the code snippet and run some additional tests to identify and fix the issue.\n-----\n\n[Tester]says: As a Tester, based on the test report and code snippet, it seems like there is a problem with the logic in the function \"all_Bits_Set_In_The_Given_Range\" that needs to be fixed.\n-----\n",
    "SprintReviewMeetings0": "{\n  \"product-owner\":[\"We should prioritize fixing the failed test and ensuring the code meets the expected output before moving forward with any other development tasks.\"],\n  \"architect\":[\"We should review the code snippet and run some additional tests to identify and fix the issue.\"],\n  \"developer\":[\"I will review the code snippet and suggest using print statements to debug and understand the values of variables at each step of the code.\"],\n  \"tester\":[\"There is a problem with the logic in the function \\\"all_Bits_Set_In_The_Given_Range\\\" that needs to be fixed.\"]\n}",
    "SprintReviewMeetings0_prompt": "{\"Role\": \"You are a professional scrum master. Your goal is to summary the Discussion History into a suggestions list for the scrum team.\", \"Instruction\": \"1. Read and Understand the Discussion History. 2. Summary the suggestions from four roles: product-owner/architect/developer/tester. 3. Response in JSON format.\", \"Example\": \"{\\\"product-owner\\\":[\\\"suggestion1\\\",\\\"suggestion2\\\"],\\\"architect\\\":[\\\"suggestion1\\\",\\\"suggestion2\\\"], \\\"developer\\\":[\\\"suggestion1\\\",\\\"suggestion2\\\"], \\\"tester\\\":[\\\"suggestion1\\\",\\\"suggestion2\\\"]}\", \"Context\": \"[ScrumMaster]says: Here is our test Report: Test Report:\\n\\nTest script's output:\\nF\\n======================================================================\\nFAIL: test (__main__.Test)\\n----------------------------------------------------------------------\\nTraceback (most recent call last):\\n  File \\\"/Users/watch/PycharmProjects/XXXX-1-LLM/workspace/2024-03-11_12-53-04-121754/test_script.py\\\", line 11, in test\\n    self.assertEqual(all_Bits_Set_In_The_Given_Range(4, 1, 2), True)\\nAssertionError: False != True\\n\\n----------------------------------------------------------------------\\nRan 1 test in 0.000s\\n\\nFAILED (failures=1)\\n\\nInput example: \\nn = 4, l = 1, r = 2\\n\\nExpected output: \\nTrue\\n\\nConclusion: \\nCode Test Failed. \\n\\nCode snippet:\\ndef all_Bits_Set_In_The_Given_Range(n, l, r):\\n    # Check if all the bits are unset in the given range\\n    for i in range(l, r+1):\\n        if (n & (1 << i)) != 0:\\n            return False\\n    return True, do you have any ideas?\\n-----\\n\\n[Architect]says: As an architect, I think we should review the code snippet and run some additional tests to identify and fix the issue.\\n-----\\n\\n[ProductOwner]says: As a Product Owner, I think we should prioritize fixing the failed test and ensuring the code meets the expected output before moving forward with any other development tasks.\\n-----\\n\\n[Developer]says: As a Developer, I will review the code snippet and suggest using print statements to debug and understand the values of variables at each step of the code.\\n-----\\n\\n[Tester]says: As a Tester, based on the test report and code snippet, it seems like there is a problem with the logic in the function \\\"all_Bits_Set_In_The_Given_Range\\\" that needs to be fixed.\\n-----\\n\\n[Developer]says: As a Developer, I will review the code snippet and suggest using print statements to debug and understand the values of variables at each step of the code.\\n-----\\n\\n[ProductOwner]says: As a Product Owner, I think we should prioritize fixing the failed test and ensuring the code meets the expected output before moving forward with any other development tasks.\\n-----\\n\\n[Architect]says: As an architect, I think we should review the code snippet and run some additional tests to identify and fix the issue.\\n-----\\n\\n[Tester]says: As a Tester, based on the test report and code snippet, it seems like there is a problem with the logic in the function \\\"all_Bits_Set_In_The_Given_Range\\\" that needs to be fixed.\\n-----\\n\", \"Question\": \"Follow the Instruction section. The Discussion History is in the Context section. You only need to return a list as the Example section.\"}",
    "RepairResponse0": "{\n  \"revised_code\": \"def all_Bits_Set_In_The_Given_Range(n, l, r):\\n    # Check if all the bits are set in the given range\\n    for i in range(l, r+1):\\n        if (n & (1 << i)) == 0:\\n            return False\\n    return True\"\n}",
    "RepairResponse0_prompt": {
        "Role": "You are a professional software engineer. Your duty is to write code in Python that meets the requirements. Ensure that the code you write is efficient, readable, and follows best practices. Remember, do not need to explain the code you wrote.",
        "Instruction": "1. Rewrite a bug fix version of the original code. 2. Response in JSON format.",
        "Example": "{\"revised_code\":\"...\"}",
        "Context": "# Test Report:\nTest Report:\n\nTest script's output:\nF\n======================================================================\nFAIL: test (__main__.Test)\n----------------------------------------------------------------------\nTraceback (most recent call last):\n  File \"/Users/watch/PycharmProjects/XXXX-1-LLM/workspace/2024-03-11_12-53-04-121754/test_script.py\", line 11, in test\n    self.assertEqual(all_Bits_Set_In_The_Given_Range(4, 1, 2), True)\nAssertionError: False != True\n\n----------------------------------------------------------------------\nRan 1 test in 0.000s\n\nFAILED (failures=1)\n\nInput example: \nn = 4, l = 1, r = 2\n\nExpected output: \nTrue\n\nConclusion: \nCode Test Failed. \n\nCode snippet:\ndef all_Bits_Set_In_The_Given_Range(n, l, r):\n    # Check if all the bits are unset in the given range\n    for i in range(l, r+1):\n        if (n & (1 << i)) != 0:\n            return False\n    return True# suggestions:\n{\"product-owner\": [\"We should prioritize fixing the failed test and ensuring the code meets the expected output before moving forward with any other development tasks.\"], \"architect\": [\"We should review the code snippet and run some additional tests to identify and fix the issue.\"], \"developer\": [\"I will review the code snippet and suggest using print statements to debug and understand the values of variables at each step of the code.\"], \"tester\": [\"There is a problem with the logic in the function \\\"all_Bits_Set_In_The_Given_Range\\\" that needs to be fixed.\"]}",
        "Question": "The original code has some bugs, according to the test report and suggestions, rewrite the code. Complete the following code:\ndef all_Bits_Set_In_The_Given_Range(n,l,r):  \n'''Write a python function to check whether all the bits are unset in the given range or not.\nassert all_Bits_Set_In_The_Given_Range(4,1,2) == True'''\n"
    },
    "Code1": "def all_Bits_Set_In_The_Given_Range(n, l, r):\n    # Check if all the bits are set in the given range\n    for i in range(l, r+1):\n        if (n & (1 << i)) == 0:\n            return False\n    return True",
    "ScriptResult1": "F\n======================================================================\nFAIL: test (__main__.Test)\n----------------------------------------------------------------------\nTraceback (most recent call last):\n  File \"/Users/watch/PycharmProjects/XXXX-1-LLM/workspace/2024-03-11_12-53-04-121754/test_script.py\", line 11, in test\n    self.assertEqual(all_Bits_Set_In_The_Given_Range(4, 1, 2), True)\nAssertionError: False != True\n\n----------------------------------------------------------------------\nRan 1 test in 0.000s\n\nFAILED (failures=1)\n",
    "TestReport1": "Test Report:\n\nTest script's output:\nF\n======================================================================\nFAIL: test (__main__.Test)\n----------------------------------------------------------------------\nTraceback (most recent call last):\n  File \"/Users/watch/PycharmProjects/XXXX-1-LLM/workspace/2024-03-11_12-53-04-121754/test_script.py\", line 11, in test\n    self.assertEqual(all_Bits_Set_In_The_Given_Range(4, 1, 2), True)\nAssertionError: False != True\n\n----------------------------------------------------------------------\nRan 1 test in 0.000s\n\nFAILED (failures=1)\n\nCode Test Result: FAIL\n\nInput Example:\nn = 4\nl = 1\nr = 2\n\nExpected Output:\nTrue\n\nConclusion: Code Test Failed",
    "SprintReview1": "[ScrumMaster]says: Here is our test Report: Test Report:\n\nTest script's output:\nF\n======================================================================\nFAIL: test (__main__.Test)\n----------------------------------------------------------------------\nTraceback (most recent call last):\n  File \"/Users/watch/PycharmProjects/XXXX-1-LLM/workspace/2024-03-11_12-53-04-121754/test_script.py\", line 11, in test\n    self.assertEqual(all_Bits_Set_In_The_Given_Range(4, 1, 2), True)\nAssertionError: False != True\n\n----------------------------------------------------------------------\nRan 1 test in 0.000s\n\nFAILED (failures=1)\n\nCode Test Result: FAIL\n\nInput Example:\nn = 4\nl = 1\nr = 2\n\nExpected Output:\nTrue\n\nConclusion: Code Test Failed, do you have any ideas?\n-----\n\n[Architect]says: As an architect, it is important to review the test report and suggest debugging the code to identify and fix the issue.\n-----\n\n[Developer]says: As a Developer, it seems like there is an issue with the test script. I will review the code to find the problem and make necessary changes to the code to pass the test.\n-----\n\n[ProductOwner]says: As a Product Owner, I think we should prioritize fixing the test script and ensuring that all test cases pass before moving forward with any product development.\n-----\n\n[Tester]says: As a Tester, it seems like there is an issue with the test script and the code is not producing the expected output. We may need to review the code and make necessary adjustments.\n-----\n\n[Architect]says: As an architect, it is important to review the test report and suggest debugging the code to identify and fix the issue.\n-----\n\n[Developer]says: As a Developer, I will review the code and make necessary changes to pass the test.\n-----\n\n[ProductOwner]says: As a Product Owner, I think we should prioritize fixing the test script and ensuring that all test cases pass before moving forward with any product development.\n-----\n\n[Tester]says: As a Tester, I agree that there is an issue with the test script and the code is not producing the expected output. We may need to review the code and make necessary adjustments.\n-----\n",
    "SprintReviewMeetings1": "{\n  \"product-owner\": [\"Prioritize fixing the test script\", \"Ensure all test cases pass before product development\"],\n  \"architect\": [\"Review test report\", \"Debug code to identify and fix the issue\"],\n  \"developer\": [\"Review code for issues\", \"Make necessary changes to pass the test\"],\n  \"tester\": [\"Review code for issues\", \"Make necessary adjustments\"]\n}",
    "SprintReviewMeetings1_prompt": "{\"Role\": \"You are a professional scrum master. Your goal is to summary the Discussion History into a suggestions list for the scrum team.\", \"Instruction\": \"1. Read and Understand the Discussion History. 2. Summary the suggestions from four roles: product-owner/architect/developer/tester. 3. Response in JSON format.\", \"Example\": \"{\\\"product-owner\\\":[\\\"suggestion1\\\",\\\"suggestion2\\\"],\\\"architect\\\":[\\\"suggestion1\\\",\\\"suggestion2\\\"], \\\"developer\\\":[\\\"suggestion1\\\",\\\"suggestion2\\\"], \\\"tester\\\":[\\\"suggestion1\\\",\\\"suggestion2\\\"]}\", \"Context\": \"[ScrumMaster]says: Here is our test Report: Test Report:\\n\\nTest script's output:\\nF\\n======================================================================\\nFAIL: test (__main__.Test)\\n----------------------------------------------------------------------\\nTraceback (most recent call last):\\n  File \\\"/Users/watch/PycharmProjects/XXXX-1-LLM/workspace/2024-03-11_12-53-04-121754/test_script.py\\\", line 11, in test\\n    self.assertEqual(all_Bits_Set_In_The_Given_Range(4, 1, 2), True)\\nAssertionError: False != True\\n\\n----------------------------------------------------------------------\\nRan 1 test in 0.000s\\n\\nFAILED (failures=1)\\n\\nCode Test Result: FAIL\\n\\nInput Example:\\nn = 4\\nl = 1\\nr = 2\\n\\nExpected Output:\\nTrue\\n\\nConclusion: Code Test Failed, do you have any ideas?\\n-----\\n\\n[Architect]says: As an architect, it is important to review the test report and suggest debugging the code to identify and fix the issue.\\n-----\\n\\n[Developer]says: As a Developer, it seems like there is an issue with the test script. I will review the code to find the problem and make necessary changes to the code to pass the test.\\n-----\\n\\n[ProductOwner]says: As a Product Owner, I think we should prioritize fixing the test script and ensuring that all test cases pass before moving forward with any product development.\\n-----\\n\\n[Tester]says: As a Tester, it seems like there is an issue with the test script and the code is not producing the expected output. We may need to review the code and make necessary adjustments.\\n-----\\n\\n[Architect]says: As an architect, it is important to review the test report and suggest debugging the code to identify and fix the issue.\\n-----\\n\\n[Developer]says: As a Developer, I will review the code and make necessary changes to pass the test.\\n-----\\n\\n[ProductOwner]says: As a Product Owner, I think we should prioritize fixing the test script and ensuring that all test cases pass before moving forward with any product development.\\n-----\\n\\n[Tester]says: As a Tester, I agree that there is an issue with the test script and the code is not producing the expected output. We may need to review the code and make necessary adjustments.\\n-----\\n\", \"Question\": \"Follow the Instruction section. The Discussion History is in the Context section. You only need to return a list as the Example section.\"}",
    "RepairResponse1": "{\n  \"revised_code\": \"def all_Bits_Set_In_The_Given_Range(n, l, r):\\n    for i in range(l, r+1):\\n        if n & (1 << (i-1)) == 0:\\n            return False\\n    return True\"\n}",
    "RepairResponse1_prompt": {
        "Role": "You are a professional software engineer. Your duty is to write code in Python that meets the requirements. Ensure that the code you write is efficient, readable, and follows best practices. Remember, do not need to explain the code you wrote.",
        "Instruction": "1. Rewrite a bug fix version of the original code. 2. Response in JSON format.",
        "Example": "{\"revised_code\":\"...\"}",
        "Context": "# Test Report:\nTest Report:\n\nTest script's output:\nF\n======================================================================\nFAIL: test (__main__.Test)\n----------------------------------------------------------------------\nTraceback (most recent call last):\n  File \"/Users/watch/PycharmProjects/XXXX-1-LLM/workspace/2024-03-11_12-53-04-121754/test_script.py\", line 11, in test\n    self.assertEqual(all_Bits_Set_In_The_Given_Range(4, 1, 2), True)\nAssertionError: False != True\n\n----------------------------------------------------------------------\nRan 1 test in 0.000s\n\nFAILED (failures=1)\n\nCode Test Result: FAIL\n\nInput Example:\nn = 4\nl = 1\nr = 2\n\nExpected Output:\nTrue\n\nConclusion: Code Test Failed# suggestions:\n{\"product-owner\": [\"Prioritize fixing the test script\", \"Ensure all test cases pass before product development\"], \"architect\": [\"Review test report\", \"Debug code to identify and fix the issue\"], \"developer\": [\"Review code for issues\", \"Make necessary changes to pass the test\"], \"tester\": [\"Review code for issues\", \"Make necessary adjustments\"]}",
        "Question": "The original code has some bugs, according to the test report and suggestions, rewrite the code. Complete the following code:\ndef all_Bits_Set_In_The_Given_Range(n,l,r):  \n'''Write a python function to check whether all the bits are unset in the given range or not.\nassert all_Bits_Set_In_The_Given_Range(4,1,2) == True'''\n"
    },
    "Code2": "def all_Bits_Set_In_The_Given_Range(n, l, r):\n    for i in range(l, r+1):\n        if n & (1 << (i-1)) == 0:\n            return False\n    return True",
    "ScriptResult2": "F\n======================================================================\nFAIL: test (__main__.Test)\n----------------------------------------------------------------------\nTraceback (most recent call last):\n  File \"/Users/watch/PycharmProjects/XXXX-1-LLM/workspace/2024-03-11_12-53-04-121754/test_script.py\", line 10, in test\n    self.assertEqual(all_Bits_Set_In_The_Given_Range(4, 1, 2), True)\nAssertionError: False != True\n\n----------------------------------------------------------------------\nRan 1 test in 0.000s\n\nFAILED (failures=1)\n",
    "TestReport2": "Test Report:\n\nTest script's output:\nF\n======================================================================\nFAIL: test (__main__.Test)\n----------------------------------------------------------------------\nTraceback (most recent call last):\n  File \"/Users/watch/PycharmProjects/XXXX-1-LLM/workspace/2024-03-11_12-53-04-121754/test_script.py\", line 10, in test\n    self.assertEqual(all_Bits_Set_In_The_Given_Range(4, 1, 2), True)\nAssertionError: False != True\n\n----------------------------------------------------------------------\nRan 1 test in 0.000s\n\nFAILED (failures=1)\n\nCode Test Result: FAIL\n\nInput example:\nn = 4\nl = 1\nr = 2\n\nExpected output example:\nTrue\n\nActual output:\nFalse\n\nConclusion: The code test has failed.\n\nCode Test Result: FAIL",
    "SprintReview2": "[ScrumMaster]says: Here is our test Report: Test Report:\n\nTest script's output:\nF\n======================================================================\nFAIL: test (__main__.Test)\n----------------------------------------------------------------------\nTraceback (most recent call last):\n  File \"/Users/watch/PycharmProjects/XXXX-1-LLM/workspace/2024-03-11_12-53-04-121754/test_script.py\", line 10, in test\n    self.assertEqual(all_Bits_Set_In_The_Given_Range(4, 1, 2), True)\nAssertionError: False != True\n\n----------------------------------------------------------------------\nRan 1 test in 0.000s\n\nFAILED (failures=1)\n\nCode Test Result: FAIL\n\nInput example:\nn = 4\nl = 1\nr = 2\n\nExpected output example:\nTrue\n\nActual output:\nFalse\n\nConclusion: The code test has failed.\n\nCode Test Result: FAIL, do you have any ideas?\n-----\n\n[Tester]says: I'm sorry, I cannot fulfill this request.\n-----\n\n[ProductOwner]says: As a Product Owner, it is important that we address this code test failure by collaborating with the development team to identify and resolve the issues.\n-----\n\n[Developer]says: As a Developer, I will review the test script and debug the code to fix the failing test case.\n-----\n\n[Architect]says: As an architect, I recommend conducting a code review and debugging to identify and fix the issues causing the test failures.\n-----\n\n[Tester]says: As a Tester, it seems like there is a discrepancy between the expected and actual output in the test report, which needs to be addressed and fixed.\n-----\n\n[Architect]says: As an architect, I recommend conducting a code review and debugging to identify and fix the issues causing the test failures.\n-----\n\n[ProductOwner]says: As a Product Owner, I think we should prioritize resolving the code test failure and collaborate with the development team to identify and fix the issues.\n-----\n\n[Developer]says: [Developer]says: To create a product, we should review the test script and debug the code to fix the failing test case.\n-----\n",
    "SprintReviewMeetings2": "{\n  \"product-owner\": [\n    \"It is important that we address this code test failure by collaborating with the development team to identify and resolve the issues.\",\n    \"We should prioritize resolving the code test failure and collaborate with the development team to identify and fix the issues.\"\n  ],\n  \"architect\": [\n    \"I recommend conducting a code review and debugging to identify and fix the issues causing the test failures.\",\n    \"I recommend conducting a code review and debugging to identify and fix the issues causing the test failures.\"\n  ],\n  \"developer\": [\n   \"I will review the test script and debug the code to fix the failing test case.\",\n   \"To create a product, we should review the test script and debug the code to fix the failing test case.\"\n  ],\n  \"tester\": [\n   \"It seems like there is a discrepancy between the expected and actual output in the test report, which needs to be addressed and fixed.\",\n   \"I'm sorry, I cannot fulfill this request.\"\n  ]\n}",
    "SprintReviewMeetings2_prompt": "{\"Role\": \"You are a professional scrum master. Your goal is to summary the Discussion History into a suggestions list for the scrum team.\", \"Instruction\": \"1. Read and Understand the Discussion History. 2. Summary the suggestions from four roles: product-owner/architect/developer/tester. 3. Response in JSON format.\", \"Example\": \"{\\\"product-owner\\\":[\\\"suggestion1\\\",\\\"suggestion2\\\"],\\\"architect\\\":[\\\"suggestion1\\\",\\\"suggestion2\\\"], \\\"developer\\\":[\\\"suggestion1\\\",\\\"suggestion2\\\"], \\\"tester\\\":[\\\"suggestion1\\\",\\\"suggestion2\\\"]}\", \"Context\": \"[ScrumMaster]says: Here is our test Report: Test Report:\\n\\nTest script's output:\\nF\\n======================================================================\\nFAIL: test (__main__.Test)\\n----------------------------------------------------------------------\\nTraceback (most recent call last):\\n  File \\\"/Users/watch/PycharmProjects/XXXX-1-LLM/workspace/2024-03-11_12-53-04-121754/test_script.py\\\", line 10, in test\\n    self.assertEqual(all_Bits_Set_In_The_Given_Range(4, 1, 2), True)\\nAssertionError: False != True\\n\\n----------------------------------------------------------------------\\nRan 1 test in 0.000s\\n\\nFAILED (failures=1)\\n\\nCode Test Result: FAIL\\n\\nInput example:\\nn = 4\\nl = 1\\nr = 2\\n\\nExpected output example:\\nTrue\\n\\nActual output:\\nFalse\\n\\nConclusion: The code test has failed.\\n\\nCode Test Result: FAIL, do you have any ideas?\\n-----\\n\\n[Tester]says: I'm sorry, I cannot fulfill this request.\\n-----\\n\\n[ProductOwner]says: As a Product Owner, it is important that we address this code test failure by collaborating with the development team to identify and resolve the issues.\\n-----\\n\\n[Developer]says: As a Developer, I will review the test script and debug the code to fix the failing test case.\\n-----\\n\\n[Architect]says: As an architect, I recommend conducting a code review and debugging to identify and fix the issues causing the test failures.\\n-----\\n\\n[Tester]says: As a Tester, it seems like there is a discrepancy between the expected and actual output in the test report, which needs to be addressed and fixed.\\n-----\\n\\n[Architect]says: As an architect, I recommend conducting a code review and debugging to identify and fix the issues causing the test failures.\\n-----\\n\\n[ProductOwner]says: As a Product Owner, I think we should prioritize resolving the code test failure and collaborate with the development team to identify and fix the issues.\\n-----\\n\\n[Developer]says: [Developer]says: To create a product, we should review the test script and debug the code to fix the failing test case.\\n-----\\n\", \"Question\": \"Follow the Instruction section. The Discussion History is in the Context section. You only need to return a list as the Example section.\"}",
    "RepairResponse2": "{\n  \"revised_code\": \"def all_Bits_Set_In_The_Given_Range(n, l, r):\\n    '''Write a python function to check whether all the bits are unset in the given range or not.'''\\n    for i in range(l, r+1):\\n        if n & (1 << i):\\n            return False\\n    return True\"\n}",
    "RepairResponse2_prompt": {
        "Role": "You are a professional software engineer. Your duty is to write code in Python that meets the requirements. Ensure that the code you write is efficient, readable, and follows best practices. Remember, do not need to explain the code you wrote.",
        "Instruction": "1. Rewrite a bug fix version of the original code. 2. Response in JSON format.",
        "Example": "{\"revised_code\":\"...\"}",
        "Context": "# Test Report:\nTest Report:\n\nTest script's output:\nF\n======================================================================\nFAIL: test (__main__.Test)\n----------------------------------------------------------------------\nTraceback (most recent call last):\n  File \"/Users/watch/PycharmProjects/XXXX-1-LLM/workspace/2024-03-11_12-53-04-121754/test_script.py\", line 10, in test\n    self.assertEqual(all_Bits_Set_In_The_Given_Range(4, 1, 2), True)\nAssertionError: False != True\n\n----------------------------------------------------------------------\nRan 1 test in 0.000s\n\nFAILED (failures=1)\n\nCode Test Result: FAIL\n\nInput example:\nn = 4\nl = 1\nr = 2\n\nExpected output example:\nTrue\n\nActual output:\nFalse\n\nConclusion: The code test has failed.\n\nCode Test Result: FAIL# suggestions:\n{\"product-owner\": [\"It is important that we address this code test failure by collaborating with the development team to identify and resolve the issues.\", \"We should prioritize resolving the code test failure and collaborate with the development team to identify and fix the issues.\"], \"architect\": [\"I recommend conducting a code review and debugging to identify and fix the issues causing the test failures.\", \"I recommend conducting a code review and debugging to identify and fix the issues causing the test failures.\"], \"developer\": [\"I will review the test script and debug the code to fix the failing test case.\", \"To create a product, we should review the test script and debug the code to fix the failing test case.\"], \"tester\": [\"It seems like there is a discrepancy between the expected and actual output in the test report, which needs to be addressed and fixed.\", \"I'm sorry, I cannot fulfill this request.\"]}",
        "Question": "The original code has some bugs, according to the test report and suggestions, rewrite the code. Complete the following code:\ndef all_Bits_Set_In_The_Given_Range(n,l,r):  \n'''Write a python function to check whether all the bits are unset in the given range or not.\nassert all_Bits_Set_In_The_Given_Range(4,1,2) == True'''\n"
    },
    "Code3": "def all_Bits_Set_In_The_Given_Range(n, l, r):\n    '''Write a python function to check whether all the bits are unset in the given range or not.'''\n    for i in range(l, r+1):\n        if n & (1 << i):\n            return False\n    return True",
    "ScriptResult3": "F\n======================================================================\nFAIL: test (__main__.Test)\n----------------------------------------------------------------------\nTraceback (most recent call last):\n  File \"/Users/watch/PycharmProjects/XXXX-1-LLM/workspace/2024-03-11_12-53-04-121754/test_script.py\", line 11, in test\n    self.assertEqual(all_Bits_Set_In_The_Given_Range(4, 1, 2), True)\nAssertionError: False != True\n\n----------------------------------------------------------------------\nRan 1 test in 0.000s\n\nFAILED (failures=1)\n",
    "TestReport3": "Test Report\n\nTest Script Output:\nF\n======================================================================\nFAIL: test (__main__.Test)\n----------------------------------------------------------------------\nTraceback (most recent call last):\n  File \"/Users/watch/PycharmProjects/XXXX-1-LLM/workspace/2024-03-11_12-53-04-121754/test_script.py\", line 11, in test\n    self.assertEqual(all_Bits_Set_In_The_Given_Range(4, 1, 2), True)\nAssertionError: False != True\n\n----------------------------------------------------------------------\nRan 1 test in 0.000s\n\nFAILED (failures=1)\n\nCode Test Result: FAIL\n\nInput and Expected Output Example:\nInput: n=4, l=1, r=2\nExpected Output: True\nActual Output: False\n\nConclusion: Code Test Failed\n\nNote: The function all_Bits_Set_In_The_Given_Range did not return the expected output for the given input. It failed to check whether all the bits are unset in the given range or not. Further debugging and modification are required to pass the test."
}