{
    "start_time": "2024-03-11_10-37-50-154167",
    "task": "def last_Digit(n) :\n'''Write a python function to find the last digit of a given number.\nassert last_Digit(123) == 3'''\n",
    "datetime": {
        "task": "2024-03-11 10:37:50",
        "task-id": "2024-03-11 10:37:50",
        "workflow": "2024-03-11 10:37:50",
        "Discussion": "2024-03-11 10:37:51",
        "DisorderedSprintMeetings": "2024-03-11 10:37:53",
        "UserStoryDraft0": "2024-03-11 10:37:54",
        "AnalyzeMeetings": "2024-03-11 10:37:55",
        "UserStory0": "2024-03-11 10:37:57",
        "CodeDraft0": "2024-03-11 10:37:58",
        "CodeReviewMeetings0": "2024-03-11 10:37:59",
        "Code0CR": "2024-03-11 10:38:00",
        "FinalCode": "2024-03-11 10:38:21",
        "Test Cases Draft": "2024-03-11 10:38:03",
        "Test Cases Meetings": "2024-03-11 10:38:04",
        "Test Cases": "2024-03-11 10:38:06",
        "Code0": "2024-03-11 10:38:09",
        "TestScriptOriginal": "2024-03-11 10:38:10",
        "TestScript": "2024-03-11 10:38:10",
        "ScriptResult0": "2024-03-11 10:38:10",
        "TestReport0": "2024-03-11 10:38:12",
        "SprintReview0": "2024-03-11 10:38:14",
        "SprintReviewMeetings0": "2024-03-11 10:38:15",
        "RepairResponse0": "2024-03-11 10:38:16",
        "Code1": "2024-03-11 10:38:16",
        "ScriptResult1": "2024-03-11 10:38:16",
        "TestReport1": "2024-03-11 10:38:17",
        "SprintReview1": "2024-03-11 10:38:19",
        "SprintReviewMeetings1": "2024-03-11 10:38:20",
        "RepairResponse1": "2024-03-11 10:38:21",
        "Code2": "2024-03-11 10:38:21",
        "ScriptResult2": "2024-03-11 10:38:21",
        "TestReport2": "2024-03-11 10:38:22"
    },
    "task-id": 435,
    "workflow": "agile/agile_version_0.0.5_remove.json",
    "Discussion": "[ScrumMaster]says: We have a job: def last_Digit(n) :\n'''Write a python function to find the last digit of a given number.\nassert last_Digit(123) == 3'''\n, do you have any ideas?\n-----\n\n[ProductOwner]says: As a Product Owner, I think the first step is to understand the user requirements and prioritize the features for the product backlog.\n-----\n\n[Architect]says: As an Architect, I suggest using modular programming to create a function that efficiently calculates the last digit of a given number.\n-----\n\n[Tester]says: As a Tester, I think the first step is to brainstorm test cases for the last_Digit function and ensure it returns the correct output for various input values.\n-----\n\n[Developer]says: As a Developer, I think we should start by writing a simple test case and then implement the function to find the last digit of the given number.\n-----\n\n[ProductOwner]says: As a Product Owner, I think it's important to prioritize the user requirements and features for the product backlog.\n-----\n\n[Architect]says: As an Architect, I recommend using modular programming to create a function that efficiently calculates the last digit of a given number.\n-----\n\n[Developer]says: As a Developer, I think we should start by writing a simple test case and then implement the function to find the last digit of the given number.\n-----\n\n[Tester]says: As a Tester, I think the first step is to brainstorm test cases for the last_Digit function and ensure it returns the correct output for various input values.\n-----\n",
    "DisorderedSprintMeetings": "{\n  \"product-owner\": [\"Understand user requirements\", \"Prioritize features for product backlog\"],\n  \"architect\": [\"Use modular programming to create efficient function for last digit calculation\"],\n  \"developer\": [\"Write simple test case\", \"Implement function to find last digit of given number\"],\n  \"tester\": [\"Brainstorm test cases for last_Digit function\", \"Ensure correct output for various input values\"]\n}",
    "DisorderedSprintMeetings_prompt": "{\"Role\": \"You are a professional scrum master. Your goal is to breakdown the Discussion History into a task list for the scrum team.\", \"Instruction\": \"1. Read and Understand the Discussion History. 2. Define the tasks for four roles: product-owner/architect/developer/tester. 3. Response in JSON format.\", \"Example\": \"{\\\"product-owner\\\":[\\\"task1\\\",\\\"task2\\\"],\\\"architect\\\":[\\\"task1\\\",\\\"task2\\\"], \\\"developer\\\":[\\\"task1\\\",\\\"task2\\\"], \\\"tester\\\":[\\\"task1\\\",\\\"task2\\\"]}\", \"Context\": \"[ScrumMaster]says: We have a job: def last_Digit(n) :\\n'''Write a python function to find the last digit of a given number.\\nassert last_Digit(123) == 3'''\\n, do you have any ideas?\\n-----\\n\\n[ProductOwner]says: As a Product Owner, I think the first step is to understand the user requirements and prioritize the features for the product backlog.\\n-----\\n\\n[Architect]says: As an Architect, I suggest using modular programming to create a function that efficiently calculates the last digit of a given number.\\n-----\\n\\n[Tester]says: As a Tester, I think the first step is to brainstorm test cases for the last_Digit function and ensure it returns the correct output for various input values.\\n-----\\n\\n[Developer]says: As a Developer, I think we should start by writing a simple test case and then implement the function to find the last digit of the given number.\\n-----\\n\\n[ProductOwner]says: As a Product Owner, I think it's important to prioritize the user requirements and features for the product backlog.\\n-----\\n\\n[Architect]says: As an Architect, I recommend using modular programming to create a function that efficiently calculates the last digit of a given number.\\n-----\\n\\n[Developer]says: As a Developer, I think we should start by writing a simple test case and then implement the function to find the last digit of the given number.\\n-----\\n\\n[Tester]says: As a Tester, I think the first step is to brainstorm test cases for the last_Digit function and ensure it returns the correct output for various input values.\\n-----\\n\", \"Question\": \"Follow the Instruction section. The Discussion History is in the Context section. You only need to return a task list as the Example section.\"}",
    "UserStoryDraft0": "{\n  \"UserStory\": \"As a user, I want a Python function that can find the last digit of a given number, so that I can use it in my programming tasks. The feature should be prioritized for product backlog based on its usefulness and impact on user experience.\"\n}",
    "UserStoryDraft0_prompt": "{\"Role\": \"You need to act as a professional product owner. Your task is to write a UserStory\", \"Instruction\": \"According to the Context, please analyze the requirement and write your response. Response in JSON format. Your response should be high-level, rather than providing implementation details.\", \"Example\": \"\", \"Context\": [\"Understand user requirements\", \"Prioritize features for product backlog\"], \"Question\": \"Follow the Instruction. The requirement is as follows:\\ndef last_Digit(n) :\\n'''Write a python function to find the last digit of a given number.\\nassert last_Digit(123) == 3'''\\n\"}",
    "AnalyzeMeetings": "{\n  \"Architect\": \"I suggest using a modular approach to design the Python function, with clear separation of concerns and well-defined input and output parameters. This will make the function more reusable and maintainable.\",\n  \"Tester\": \"I recommend writing comprehensive unit tests for the Python function to cover different scenarios, such as positive and negative numbers, as well as edge cases like zero and large numbers. This will ensure the reliability and accuracy of the function.\"\n}",
    "UserStory0": "{\n  \"RevisedDocument\": {\n    \"UserStory\": \"As a user, I want a Python function that can find the last digit of a given number, so that I can use it in my programming tasks. The feature should be prioritized for product backlog based on its usefulness and impact on user experience.\",\n    \"Analysis\": {\n      \"Architect\": \"I will use a modular approach to design the Python function, with clear separation of concerns and well-defined input and output parameters to make the function more reusable and maintainable.\",\n      \"Tester\": \"Comprehensive unit tests will be written to cover different scenarios, such as positive and negative numbers, as well as edge cases like zero and large numbers, to ensure the reliability and accuracy of the function.\"\n    }\n  }\n}",
    "UserStory0_prompt": {
        "Role": "You need to act as a professional product owner. Your duty is to revise the document based on the suggestions.",
        "Instruction": "1. Read the suggestions. 2. Revise your draft version document. 3. Response in JSON format. 4. REMEMBER: Your analysis should be high-level, rather than providing implementation details.",
        "Example": "",
        "Context": "# Suggestion:\n{\n  \"Architect\": \"I suggest using a modular approach to design the Python function, with clear separation of concerns and well-defined input and output parameters. This will make the function more reusable and maintainable.\",\n  \"Tester\": \"I recommend writing comprehensive unit tests for the Python function to cover different scenarios, such as positive and negative numbers, as well as edge cases like zero and large numbers. This will ensure the reliability and accuracy of the function.\"\n}",
        "Question": "Follow the Instruction. Your colleague give you some suggestions(in the Context section) about this draft document:{\n  \"UserStory\": \"As a user, I want a Python function that can find the last digit of a given number, so that I can use it in my programming tasks. The feature should be prioritized for product backlog based on its usefulness and impact on user experience.\"\n}"
    },
    "CodeDraft0": "def last_Digit(n) :\n    '''Write a python function to find the last digit of a given number.'''\n    return n % 10\n\nassert last_Digit(123) == 3",
    "CodeDraft0_prompt": {
        "Role": "You are a professional engineer. Your duty is to write code in Python that meets the requirements. Ensure that the code you write is efficient, readable, and follows best practices. Remember, do not need to explain the code you wrote.",
        "Instruction": "According to the Context section, write your code.",
        "Example": "",
        "Context": "# Tasks:\n['Write simple test case', 'Implement function to find last digit of given number']",
        "Question": "Follow the Instruction section. Complete the following code:\ndef last_Digit(n) :\n'''Write a python function to find the last digit of a given number.\nassert last_Digit(123) == 3'''\n"
    },
    "CodeReviewMeetings0": "{\n  \"Architect\": \"The function name 'last_Digit' should be changed to 'last_digit' to follow the Python naming convention. Also, the function should include input validation to ensure that the input is a valid number.\",\n  \"Tester\": \"The test case should include more scenarios, such as negative numbers and zero, to ensure the function handles all cases correctly.\"\n}",
    "Code0CR": "def last_digit(n):\n    if not isinstance(n, int):\n        raise TypeError(\"Input must be an integer\")\n\n    if n < 0:\n        n = -n\n\n    return n % 10\n\n# Test cases\nassert last_digit(123) == 3\nassert last_digit(-456) == 6\nassert last_digit(0) == 0",
    "Code0CR_prompt": "{\"Role\": \"You are a professional software engineer. Your duty is to write code in Python that meets the requirements. Ensure that the code you write is efficient, readable, and follows best practices. Remember, do not need to explain the code you wrote.\", \"Instruction\": \"1. Understand the suggestions(in the Context section) about the original code. 2. Rewrite your code.\", \"Example\": \"\", \"Context\": \"# Tasks:\\n['Write simple test case', 'Implement function to find last digit of given number']\\n# Suggestions:\\n{\\n  \\\"Architect\\\": \\\"The function name 'last_Digit' should be changed to 'last_digit' to follow the Python naming convention. Also, the function should include input validation to ensure that the input is a valid number.\\\",\\n  \\\"Tester\\\": \\\"The test case should include more scenarios, such as negative numbers and zero, to ensure the function handles all cases correctly.\\\"\\n}\", \"Question\": \"Follow the Instruction section. Complete the following code:\\ndef last_Digit(n) :\\n'''Write a python function to find the last digit of a given number.\\nassert last_Digit(123) == 3'''\\n\"}",
    "FinalCode": "def last_Digit(n):\n    return n % 10",
    "Test Cases Draft": "{\n  \"test_cases\": [\n    {\n      \"Test Title\": \"Positive Number Test\",\n      \"Input Data\": \"parameter1=123\",\n      \"Expected Output\": \"3\"\n    },\n    {\n      \"Test Title\": \"Negative Number Test\",\n      \"Input Data\": \"parameter1=-123\",\n      \"Expected Output\": \"3\"\n    },\n    {\n      \"Test Title\": \"Zero Test\",\n      \"Input Data\": \"parameter1=0\",\n      \"Expected Output\": \"0\"\n    },\n    {\n      \"Test Title\": \"Large Number Test\",\n      \"Input Data\": \"parameter1=1234567890\",\n      \"Expected Output\": \"0\"\n    }\n  ]\n}",
    "Test Cases Draft_prompt": "{\"Role\": \"You are a quality assurance engineer. Your duty is to design test cases for the developers.\", \"Instruction\": \"According to the Context section, write test cases. Don't write long strings in your test cases. Response in JSON format.\", \"Example\": \"{\\\"requirement analysis\\\":\\\"analysis\\\",\\\"test_cases\\\":[{\\\"Test Title\\\":\\\"title\\\", \\\"Input Data\\\":\\\"parameter1=[1,2,3],parameter2='123'\\\", \\\"Expected Output\\\":\\\"456\\\"},]}\", \"Context\": \"# UsrtStory:\\n{\\n  \\\"RevisedDocument\\\": {\\n    \\\"UserStory\\\": \\\"As a user, I want a Python function that can find the last digit of a given number, so that I can use it in my programming tasks. The feature should be prioritized for product backlog based on its usefulness and impact on user experience.\\\",\\n    \\\"Analysis\\\": {\\n      \\\"Architect\\\": \\\"I will use a modular approach to design the Python function, with clear separation of concerns and well-defined input and output parameters to make the function more reusable and maintainable.\\\",\\n      \\\"Tester\\\": \\\"Comprehensive unit tests will be written to cover different scenarios, such as positive and negative numbers, as well as edge cases like zero and large numbers, to ensure the reliability and accuracy of the function.\\\"\\n    }\\n  }\\n}\\n# Tasks:\\n['Brainstorm test cases for last_Digit function', 'Ensure correct output for various input values']\\n\", \"Question\": \"def last_Digit(n) :\\n'''Write a python function to find the last digit of a given number.\\nassert last_Digit(123) == 3'''\\n\"}",
    "Test Cases Meetings": "{\n  \"Architect\": \"The test cases should cover a wider range of input data, such as boundary values (e.g. just above and below 0), special cases, and invalid input. Also, consider adding more descriptive test titles to improve clarity and understanding.\",\n  \"Developer\": \"The expected outputs for the test cases should be revised to match the actual expected results. Also, consider adding more test cases with different input data to cover a wider range of scenarios.\"\n}",
    "Test Cases": "{\n  \"test_cases\": [\n    {\n      \"Test Title\": \"Positive Number Test\",\n      \"Input Data\": \"parameter1=123\",\n      \"Expected Output\": \"3\"\n    },\n    {\n      \"Test Title\": \"Negative Number Test\",\n      \"Input Data\": \"parameter1=-123\",\n      \"Expected Output\": \"3\"\n    },\n    {\n      \"Test Title\": \"Zero Test\",\n      \"Input Data\": \"parameter1=0\",\n      \"Expected Output\": \"0\"\n    },\n    {\n      \"Test Title\": \"Large Number Test\",\n      \"Input Data\": \"parameter1=1234567890\",\n      \"Expected Output\": \"0\"\n    }\n  ]\n}",
    "Test Cases_prompt": "{\"Role\": \"You are a quality assurance engineer. Your duty is to revise the test cases based on the suggestions.\", \"Instruction\": \"1. Your colleague give you some suggestions(in the Context section) about the draft test cases, read these suggestions. 2. Revise your draft version test cases, but don't use long parameters. 3. Response in JSON format.\", \"Example\": \"{\\\"requirement analysis\\\":\\\"analysis\\\",\\\"test_cases\\\":[{\\\"Test Title\\\":\\\"title\\\", \\\"Input Data\\\":\\\"parameter1=[1,2,3],parameter2='123'\\\", \\\"Expected Output\\\":\\\"456\\\"},]}\", \"Context\": \"# Suggestions:\\n{\\n  \\\"Architect\\\": \\\"The test cases should cover a wider range of input data, such as boundary values (e.g. just above and below 0), special cases, and invalid input. Also, consider adding more descriptive test titles to improve clarity and understanding.\\\",\\n  \\\"Developer\\\": \\\"The expected outputs for the test cases should be revised to match the actual expected results. Also, consider adding more test cases with different input data to cover a wider range of scenarios.\\\"\\n}\\n # Draft Test cases:\\n{\\n  \\\"test_cases\\\": [\\n    {\\n      \\\"Test Title\\\": \\\"Positive Number Test\\\",\\n      \\\"Input Data\\\": \\\"parameter1=123\\\",\\n      \\\"Expected Output\\\": \\\"3\\\"\\n    },\\n    {\\n      \\\"Test Title\\\": \\\"Negative Number Test\\\",\\n      \\\"Input Data\\\": \\\"parameter1=-123\\\",\\n      \\\"Expected Output\\\": \\\"3\\\"\\n    },\\n    {\\n      \\\"Test Title\\\": \\\"Zero Test\\\",\\n      \\\"Input Data\\\": \\\"parameter1=0\\\",\\n      \\\"Expected Output\\\": \\\"0\\\"\\n    },\\n    {\\n      \\\"Test Title\\\": \\\"Large Number Test\\\",\\n      \\\"Input Data\\\": \\\"parameter1=1234567890\\\",\\n      \\\"Expected Output\\\": \\\"0\\\"\\n    }\\n  ]\\n}\", \"Question\": \"Follow the Instruction. Please make sure your response length are less than 512. Your test cases is for the below question:\\ndef last_Digit(n) :\\n'''Write a python function to find the last digit of a given number.\\nassert last_Digit(123) == 3'''\\n\"}",
    "Code0": "def last_digit(n):\n    if not isinstance(n, int):\n        raise TypeError(\"Input must be an integer\")\n\n    if n < 0:\n        n = -n\n\n    return n % 10\n\n# Test cases\nassert last_digit(123) == 3\nassert last_digit(-456) == 6\nassert last_digit(0) == 0\nassert last_digit(1234567890) == 0",
    "Code0_prompt": {
        "Role": "You are a professional software engineer. Your duty is to write code in Python that meets the requirements. Ensure that the code you write is efficient, readable, and follows best practices. Remember, do not need to explain the code you wrote.",
        "Instruction": "1. Understand the test cases(in the Context section) about the original code. 2. Rewrite your code, make sure your code pass all test cases.",
        "Example": "",
        "Context": "# Original Code:\ndef last_digit(n):\n    if not isinstance(n, int):\n        raise TypeError(\"Input must be an integer\")\n\n    if n < 0:\n        n = -n\n\n    return n % 10\n\n# Test cases\nassert last_digit(123) == 3\nassert last_digit(-456) == 6\nassert last_digit(0) == 0\n# Test Cases:\n{\n  \"test_cases\": [\n    {\n      \"Test Title\": \"Positive Number Test\",\n      \"Input Data\": \"parameter1=123\",\n      \"Expected Output\": \"3\"\n    },\n    {\n      \"Test Title\": \"Negative Number Test\",\n      \"Input Data\": \"parameter1=-123\",\n      \"Expected Output\": \"3\"\n    },\n    {\n      \"Test Title\": \"Zero Test\",\n      \"Input Data\": \"parameter1=0\",\n      \"Expected Output\": \"0\"\n    },\n    {\n      \"Test Title\": \"Large Number Test\",\n      \"Input Data\": \"parameter1=1234567890\",\n      \"Expected Output\": \"0\"\n    }\n  ]\n}",
        "Question": "def last_Digit(n) :\n'''Write a python function to find the last digit of a given number.\nassert last_Digit(123) == 3'''\n"
    },
    "TestScriptOriginal": "import unittest\n\ndef last_Digit(n):\n    return n % 10\n\nclass Test(unittest.TestCase):\n    def test(self):\n        self.assertEqual(last_Digit(123), 3)\n\nif __name__ == '__main__':\n    unittest.main()",
    "TestScriptOriginal_prompt": "{\"Role\": \"You are a quality assurance engineer. Your duty is to write a python test script in unittest framework.\", \"Instruction\": \"1. Write a python test script. 2. Use the input and output given by the question.\", \"Example\": \"import unittest\\n\\nclass Test(unittest.TestCase):\\n    def test(self):\\n        self.assertEqual(function_under_test('a'), 1)\\n\\nif __name__ == '__main__':\\n    unittest.main()\", \"Context\": \"\", \"Question\": \"def last_Digit(n) :\\n'''Write a python function to find the last digit of a given number.\\nassert last_Digit(123) == 3'''\\n\"}",
    "TestScript": "import unittest\n\nclass Test(unittest.TestCase):\n    def test(self):\n        self.assertEqual(last_Digit(123), 3)\n\nif __name__ == '__main__':\n    unittest.main()",
    "ScriptResult0": "E\n======================================================================\nERROR: test (__main__.Test)\n----------------------------------------------------------------------\nTraceback (most recent call last):\n  File \"/Users/watch/PycharmProjects/XXXX-1-LLM/workspace/2024-03-11_10-37-50-154167/test_script.py\", line 19, in test\n    self.assertEqual(last_Digit(123), 3)\nNameError: name 'last_Digit' is not defined\n\n----------------------------------------------------------------------\nRan 1 test in 0.000s\n\nFAILED (errors=1)\n",
    "TestReport0": "Test Report:\n- Input and expected output example:\n  - Input: last_digit(123)\n  - Expected Output: 3\n\nConclusion: Code Test Failed\n\nAnalysis:\n- The test script's output shows that there is an error in the test script. The error is a NameError: name 'last_Digit' is not defined. This indicates that the function last_digit is being referred to as last_Digit, causing the test to fail.\n\nRecommendation:\n- The code needs to be reviewed and the function name should be corrected to last_digit to match the test cases.\n\nCode Test Failed",
    "SprintReview0": "[ScrumMaster]says: Here is our test Report: Test Report:\n- Input and expected output example:\n  - Input: last_digit(123)\n  - Expected Output: 3\n\nConclusion: Code Test Failed\n\nAnalysis:\n- The test script's output shows that there is an error in the test script. The error is a NameError: name 'last_Digit' is not defined. This indicates that the function last_digit is being referred to as last_Digit, causing the test to fail.\n\nRecommendation:\n- The code needs to be reviewed and the function name should be corrected to last_digit to match the test cases.\n\nCode Test Failed, do you have any ideas?\n-----\n\n[ProductOwner]says: As a Product Owner, I think we should prioritize fixing the function name and reviewing the code to ensure it aligns with the test cases.\n-----\n\n[Architect]says: As an Architect, I recommend reviewing the code and ensuring that the function name is corrected to last_digit to match the test cases.\n-----\n\n[Developer]says: As a Developer, I think we should review the code and correct the function name to last_digit to match the test cases.\n-----\n\n[Tester]says: As a Tester, I think we should review the code and correct the function name to last_digit to match the test cases.\n-----\n\n[ProductOwner]says: As a Product Owner, I agree that we should prioritize fixing the function name and reviewing the code to align with the test cases.\n-----\n\n[Developer]says: As a Developer, I will take the lead in reviewing the code and correcting the function name to last_digit to match the test cases.\n-----\n\n[Tester]says: As a Tester, I agree that we should review the code and correct the function name to last_digit to match the test cases.\n-----\n\n[Architect]says: As an Architect, I recommend reviewing the code and ensuring that the function name is corrected to last_digit to match the test cases.\n-----\n",
    "SprintReviewMeetings0": "{\n  \"product-owner\": [\"We should prioritize fixing the function name and reviewing the code to ensure it aligns with the test cases.\"],\n  \"architect\": [\"Recommend reviewing the code and ensuring that the function name is corrected to last_digit to match the test cases.\"],\n  \"developer\": [\"We should review the code and correct the function name to last_digit to match the test cases.\", \"I will take the lead in reviewing the code and correcting the function name to last_digit to match the test cases.\"],\n  \"tester\": [\"We should review the code and correct the function name to last_digit to match the test cases.\", \"I agree that we should review the code and correct the function name to last_digit to match the test cases.\"]\n}",
    "SprintReviewMeetings0_prompt": "{\"Role\": \"You are a professional scrum master. Your goal is to summary the Discussion History into a suggestions list for the scrum team.\", \"Instruction\": \"1. Read and Understand the Discussion History. 2. Summary the suggestions from four roles: product-owner/architect/developer/tester. 3. Response in JSON format.\", \"Example\": \"{\\\"product-owner\\\":[\\\"suggestion1\\\",\\\"suggestion2\\\"],\\\"architect\\\":[\\\"suggestion1\\\",\\\"suggestion2\\\"], \\\"developer\\\":[\\\"suggestion1\\\",\\\"suggestion2\\\"], \\\"tester\\\":[\\\"suggestion1\\\",\\\"suggestion2\\\"]}\", \"Context\": \"[ScrumMaster]says: Here is our test Report: Test Report:\\n- Input and expected output example:\\n  - Input: last_digit(123)\\n  - Expected Output: 3\\n\\nConclusion: Code Test Failed\\n\\nAnalysis:\\n- The test script's output shows that there is an error in the test script. The error is a NameError: name 'last_Digit' is not defined. This indicates that the function last_digit is being referred to as last_Digit, causing the test to fail.\\n\\nRecommendation:\\n- The code needs to be reviewed and the function name should be corrected to last_digit to match the test cases.\\n\\nCode Test Failed, do you have any ideas?\\n-----\\n\\n[ProductOwner]says: As a Product Owner, I think we should prioritize fixing the function name and reviewing the code to ensure it aligns with the test cases.\\n-----\\n\\n[Architect]says: As an Architect, I recommend reviewing the code and ensuring that the function name is corrected to last_digit to match the test cases.\\n-----\\n\\n[Developer]says: As a Developer, I think we should review the code and correct the function name to last_digit to match the test cases.\\n-----\\n\\n[Tester]says: As a Tester, I think we should review the code and correct the function name to last_digit to match the test cases.\\n-----\\n\\n[ProductOwner]says: As a Product Owner, I agree that we should prioritize fixing the function name and reviewing the code to align with the test cases.\\n-----\\n\\n[Developer]says: As a Developer, I will take the lead in reviewing the code and correcting the function name to last_digit to match the test cases.\\n-----\\n\\n[Tester]says: As a Tester, I agree that we should review the code and correct the function name to last_digit to match the test cases.\\n-----\\n\\n[Architect]says: As an Architect, I recommend reviewing the code and ensuring that the function name is corrected to last_digit to match the test cases.\\n-----\\n\", \"Question\": \"Follow the Instruction section. The Discussion History is in the Context section. You only need to return a list as the Example section.\"}",
    "RepairResponse0": "{\n  \"revised_code\": \"def last_digit(n):\\n    return n % 10\"\n}",
    "RepairResponse0_prompt": {
        "Role": "You are a professional software engineer. Your duty is to write code in Python that meets the requirements. Ensure that the code you write is efficient, readable, and follows best practices. Remember, do not need to explain the code you wrote.",
        "Instruction": "1. Rewrite a bug fix version of the original code. 2. Response in JSON format.",
        "Example": "{\"revised_code\":\"...\"}",
        "Context": "# Test Report:\nTest Report:\n- Input and expected output example:\n  - Input: last_digit(123)\n  - Expected Output: 3\n\nConclusion: Code Test Failed\n\nAnalysis:\n- The test script's output shows that there is an error in the test script. The error is a NameError: name 'last_Digit' is not defined. This indicates that the function last_digit is being referred to as last_Digit, causing the test to fail.\n\nRecommendation:\n- The code needs to be reviewed and the function name should be corrected to last_digit to match the test cases.\n\nCode Test Failed# suggestions:\n{\"product-owner\": [\"We should prioritize fixing the function name and reviewing the code to ensure it aligns with the test cases.\"], \"architect\": [\"Recommend reviewing the code and ensuring that the function name is corrected to last_digit to match the test cases.\"], \"developer\": [\"We should review the code and correct the function name to last_digit to match the test cases.\", \"I will take the lead in reviewing the code and correcting the function name to last_digit to match the test cases.\"], \"tester\": [\"We should review the code and correct the function name to last_digit to match the test cases.\", \"I agree that we should review the code and correct the function name to last_digit to match the test cases.\"]}",
        "Question": "The original code has some bugs, according to the test report and suggestions, rewrite the code. Complete the following code:\ndef last_Digit(n) :\n'''Write a python function to find the last digit of a given number.\nassert last_Digit(123) == 3'''\n"
    },
    "Code1": "def last_digit(n):\n    return n % 10",
    "ScriptResult1": "E\n======================================================================\nERROR: test (__main__.Test)\n----------------------------------------------------------------------\nTraceback (most recent call last):\n  File \"/Users/watch/PycharmProjects/XXXX-1-LLM/workspace/2024-03-11_10-37-50-154167/test_script.py\", line 7, in test\n    self.assertEqual(last_Digit(123), 3)\nNameError: name 'last_Digit' is not defined\n\n----------------------------------------------------------------------\nRan 1 test in 0.000s\n\nFAILED (errors=1)\n",
    "TestReport1": "Test Report:\n\n- The test script's output shows an error related to the 'last_digit' function, stating that the name 'last_digit' is not defined.\n- The test has failed with 1 error.\n\nConclusion: Code Test Failed\n\nInput and expected output example:\ndef last_digit(n):\n    return n % 10\n\nThe test script's output indicates that the 'last_digit' function is not defined, leading to a test failure.\n\nCode Test Failed.",
    "SprintReview1": "[ScrumMaster]says: Here is our test Report: Test Report:\n\n- The test script's output shows an error related to the 'last_digit' function, stating that the name 'last_digit' is not defined.\n- The test has failed with 1 error.\n\nConclusion: Code Test Failed\n\nInput and expected output example:\ndef last_digit(n):\n    return n % 10\n\nThe test script's output indicates that the 'last_digit' function is not defined, leading to a test failure.\n\nCode Test Failed., do you have any ideas?\n-----\n\n[Tester]says: I will review the code and see if there are any syntax errors in the 'last_digit' function.\n-----\n\n[ProductOwner]says: As the Product Owner, I think we should prioritize fixing the 'last_digit' function in order to ensure the success of our product.\n-----\n\n[Architect]says: As an Architect, I suggest reviewing the code for the 'last_digit' function to ensure it is properly defined and then re-running the test.\n-----\n\n[Developer]says: As a Developer, I will review the code and define the 'last_digit' function to address the error in the test script.\n-----\n\n[Tester]says: [Tester] I will review the code and see if there are any syntax errors in the 'last_digit' function.\n-----\n\n[ProductOwner]says: As the Product Owner, I think the first step is to prioritize fixing the 'last_digit' function to ensure the success of our product.\n-----\n\n[Developer]says: As a Developer, I will review the code and define the 'last_digit' function to address the error in the test script.\n-----\n\n[Architect]says: As an Architect, I suggest reviewing the code for the 'last_digit' function to ensure it is properly defined and then re-running the test.\n-----\n",
    "SprintReviewMeetings1": "{\n  \"product-owner\": [\"Prioritize fixing the 'last_digit' function to ensure product success\"],\n  \"architect\": [\"Review code for 'last_digit' function to ensure proper definition and re-run test\"],\n  \"developer\": [\"Review code and define 'last_digit' function to address test script error\"],\n  \"tester\": [\"Review code for syntax errors in 'last_digit' function\"]\n}",
    "SprintReviewMeetings1_prompt": "{\"Role\": \"You are a professional scrum master. Your goal is to summary the Discussion History into a suggestions list for the scrum team.\", \"Instruction\": \"1. Read and Understand the Discussion History. 2. Summary the suggestions from four roles: product-owner/architect/developer/tester. 3. Response in JSON format.\", \"Example\": \"{\\\"product-owner\\\":[\\\"suggestion1\\\",\\\"suggestion2\\\"],\\\"architect\\\":[\\\"suggestion1\\\",\\\"suggestion2\\\"], \\\"developer\\\":[\\\"suggestion1\\\",\\\"suggestion2\\\"], \\\"tester\\\":[\\\"suggestion1\\\",\\\"suggestion2\\\"]}\", \"Context\": \"[ScrumMaster]says: Here is our test Report: Test Report:\\n\\n- The test script's output shows an error related to the 'last_digit' function, stating that the name 'last_digit' is not defined.\\n- The test has failed with 1 error.\\n\\nConclusion: Code Test Failed\\n\\nInput and expected output example:\\ndef last_digit(n):\\n    return n % 10\\n\\nThe test script's output indicates that the 'last_digit' function is not defined, leading to a test failure.\\n\\nCode Test Failed., do you have any ideas?\\n-----\\n\\n[Tester]says: I will review the code and see if there are any syntax errors in the 'last_digit' function.\\n-----\\n\\n[ProductOwner]says: As the Product Owner, I think we should prioritize fixing the 'last_digit' function in order to ensure the success of our product.\\n-----\\n\\n[Architect]says: As an Architect, I suggest reviewing the code for the 'last_digit' function to ensure it is properly defined and then re-running the test.\\n-----\\n\\n[Developer]says: As a Developer, I will review the code and define the 'last_digit' function to address the error in the test script.\\n-----\\n\\n[Tester]says: [Tester] I will review the code and see if there are any syntax errors in the 'last_digit' function.\\n-----\\n\\n[ProductOwner]says: As the Product Owner, I think the first step is to prioritize fixing the 'last_digit' function to ensure the success of our product.\\n-----\\n\\n[Developer]says: As a Developer, I will review the code and define the 'last_digit' function to address the error in the test script.\\n-----\\n\\n[Architect]says: As an Architect, I suggest reviewing the code for the 'last_digit' function to ensure it is properly defined and then re-running the test.\\n-----\\n\", \"Question\": \"Follow the Instruction section. The Discussion History is in the Context section. You only need to return a list as the Example section.\"}",
    "RepairResponse1": "{\n  \"revised_code\": \"def last_Digit(n):\\n    return n % 10\"\n}",
    "RepairResponse1_prompt": {
        "Role": "You are a professional software engineer. Your duty is to write code in Python that meets the requirements. Ensure that the code you write is efficient, readable, and follows best practices. Remember, do not need to explain the code you wrote.",
        "Instruction": "1. Rewrite a bug fix version of the original code. 2. Response in JSON format.",
        "Example": "{\"revised_code\":\"...\"}",
        "Context": "# Test Report:\nTest Report:\n\n- The test script's output shows an error related to the 'last_digit' function, stating that the name 'last_digit' is not defined.\n- The test has failed with 1 error.\n\nConclusion: Code Test Failed\n\nInput and expected output example:\ndef last_digit(n):\n    return n % 10\n\nThe test script's output indicates that the 'last_digit' function is not defined, leading to a test failure.\n\nCode Test Failed.# suggestions:\n{\"product-owner\": [\"Prioritize fixing the 'last_digit' function to ensure product success\"], \"architect\": [\"Review code for 'last_digit' function to ensure proper definition and re-run test\"], \"developer\": [\"Review code and define 'last_digit' function to address test script error\"], \"tester\": [\"Review code for syntax errors in 'last_digit' function\"]}",
        "Question": "The original code has some bugs, according to the test report and suggestions, rewrite the code. Complete the following code:\ndef last_Digit(n) :\n'''Write a python function to find the last digit of a given number.\nassert last_Digit(123) == 3'''\n"
    },
    "Code2": "def last_Digit(n):\n    return n % 10",
    "ScriptResult2": ".\n----------------------------------------------------------------------\nRan 1 test in 0.000s\n\nOK\n",
    "TestReport2": "Test Report:\n\nTest Script's Output:\n.\n----------------------------------------------------------------------\nRan 1 test in 0.000s\n\nOK\n\nConclusion: Code Test Passed\n\nNote: The test script's output indicates that the code has passed the test. Therefore, the function last_Digit(n) has been successfully tested and no issues were found.\n\nEnd of Test Report"
}