{
    "start_time": "2024-02-13_16-17-22-530977",
    "task": "\ndef f(n):\n    \"\"\" Implement the function f that takes n as a parameter,\n    and returns a list of size n, such that the value of the element at index i is the factorial of i if i is even\n    or the sum of numbers from 1 to i otherwise.\n    i starts from 1.\n    the factorial of i is the multiplication of the numbers from 1 to i (1 * 2 * ... * i).\n    Example:\n    f(5) == [1, 2, 6, 24, 15]\n    \"\"\"\n",
    "datetime": {
        "task": "2024-02-13 16:17:22",
        "task-id": "2024-02-13 16:17:22",
        "workflow": "2024-02-13 16:17:22",
        "Discussion": "2024-02-13 16:17:24",
        "DisorderedSprintMeetings": "2024-02-13 16:17:26",
        "UserStoryDraft0": "2024-02-13 16:18:08",
        "AnalyzeMeetings": "2024-02-13 16:18:10",
        "UserStory0": "2024-02-13 16:18:13",
        "CodeDraft0": "2024-02-13 16:18:14",
        "CodeReviewMeetings0": "2024-02-13 16:18:15",
        "Code0CR": "2024-02-13 16:18:17",
        "FinalCode": "2024-02-13 16:18:39",
        "Test Cases Draft": "2024-02-13 16:18:21",
        "Test Cases Meetings": "2024-02-13 16:18:22",
        "Test Cases": "2024-02-13 16:18:25",
        "Code0": "2024-02-13 16:18:27",
        "TestScriptOriginal": "2024-02-13 16:18:29",
        "TestScript": "2024-02-13 16:18:29",
        "ScriptResult0": "2024-02-13 16:18:29",
        "TestReport0": "2024-02-13 16:18:34",
        "SprintReview0": "2024-02-13 16:18:35",
        "SprintReviewMeetings0": "2024-02-13 16:18:37",
        "RepairResponse0": "2024-02-13 16:18:39",
        "Code1": "2024-02-13 16:18:39",
        "ScriptResult1": "2024-02-13 16:18:39",
        "TestReport1": "2024-02-13 16:18:44",
        "SprintReview1": "2024-02-13 16:18:46",
        "SprintReviewMeetings1": "2024-02-13 16:18:47",
        "RepairResponse1": "2024-02-13 16:18:53"
    },
    "task-id": "HumanEval/106",
    "workflow": "agile/agile_version_0.0.5_remove_stage.json",
    "Discussion": "[ScrumMaster]says: We have a job: \ndef f(n):\n    \"\"\" Implement the function f that takes n as a parameter,\n    and returns a list of size n, such that the value of the element at index i is the factorial of i if i is even\n    or the sum of numbers from 1 to i otherwise.\n    i starts from 1.\n    the factorial of i is the multiplication of the numbers from 1 to i (1 * 2 * ... * i).\n    Example:\n    f(5) == [1, 2, 6, 24, 15]\n    \"\"\"\n, do you have any ideas?\n-----\n\n[ProductOwner]says: As a Product Owner, I think it's important to gather more information about the user requirements and the potential use cases for this function before we start development.\n-----\n\n[Tester]says: As a Tester, I would like to suggest conducting thorough testing on the function f to ensure it returns the correct output for different input values.\n-----\n\n[Architect]says: As an Architect, I think the first step is to analyze the requirements and design a solution that efficiently calculates the factorial or sum of numbers based on the index.\n-----\n\n[Developer]says: As a developer, I think we should start by writing a function that calculates the factorial of a given number. This will help us in creating the list as per the given requirements.\n-----\n\n[ProductOwner]says: As a Product Owner, I think it's important to gather more information about the user requirements and the potential use cases for this function before we start development.\n-----\n\n[Tester]says: As a Tester, I would like to suggest conducting thorough testing on the function f to ensure it returns the correct output for different input values.\n-----\n\n[Architect]says: As an Architect, I will start by designing a solution that efficiently calculates the factorial or sum of numbers based on the index.\n-----\n\n[Developer]says: As a developer, I will start by writing a function that calculates the factorial of a given number, which will help us create the list as per the given requirements.\n-----\n",
    "DisorderedSprintMeetings": "{\n  \"product-owner\": [\n    \"Gather user requirements and use cases for the function\",\n    \"Provide input for development based on user requirements\"\n  ],\n  \"architect\": [\n    \"Analyze requirements and design a solution for efficient calculation of factorial or sum of numbers\",\n    \"Design a solution for efficient calculation of factorial or sum of numbers based on the index\"\n  ],\n  \"developer\": [\n    \"Write a function to calculate the factorial of a given number\",\n    \"Create the list as per the given requirements based on the calculated factorial values\"\n  ],\n  \"tester\": [\n    \"Conduct thorough testing on the function f for different input values\",\n    \"Ensure the function returns the correct output for different input values\"\n  ]\n}",
    "DisorderedSprintMeetings_prompt": "{\"Role\": \"You are a professional scrum master. Your goal is to breakdown the Discussion History into a task list for the scrum team.\", \"Instruction\": \"1. Read and Understand the Discussion History. 2. Define the tasks for four roles: product-owner/architect/developer/tester. 3. Response in JSON format.\", \"Example\": \"{\\\"product-owner\\\":[\\\"task1\\\",\\\"task2\\\"],\\\"architect\\\":[\\\"task1\\\",\\\"task2\\\"], \\\"developer\\\":[\\\"task1\\\",\\\"task2\\\"], \\\"tester\\\":[\\\"task1\\\",\\\"task2\\\"]}\", \"Context\": \"[ScrumMaster]says: We have a job: \\ndef f(n):\\n    \\\"\\\"\\\" Implement the function f that takes n as a parameter,\\n    and returns a list of size n, such that the value of the element at index i is the factorial of i if i is even\\n    or the sum of numbers from 1 to i otherwise.\\n    i starts from 1.\\n    the factorial of i is the multiplication of the numbers from 1 to i (1 * 2 * ... * i).\\n    Example:\\n    f(5) == [1, 2, 6, 24, 15]\\n    \\\"\\\"\\\"\\n, do you have any ideas?\\n-----\\n\\n[ProductOwner]says: As a Product Owner, I think it's important to gather more information about the user requirements and the potential use cases for this function before we start development.\\n-----\\n\\n[Tester]says: As a Tester, I would like to suggest conducting thorough testing on the function f to ensure it returns the correct output for different input values.\\n-----\\n\\n[Architect]says: As an Architect, I think the first step is to analyze the requirements and design a solution that efficiently calculates the factorial or sum of numbers based on the index.\\n-----\\n\\n[Developer]says: As a developer, I think we should start by writing a function that calculates the factorial of a given number. This will help us in creating the list as per the given requirements.\\n-----\\n\\n[ProductOwner]says: As a Product Owner, I think it's important to gather more information about the user requirements and the potential use cases for this function before we start development.\\n-----\\n\\n[Tester]says: As a Tester, I would like to suggest conducting thorough testing on the function f to ensure it returns the correct output for different input values.\\n-----\\n\\n[Architect]says: As an Architect, I will start by designing a solution that efficiently calculates the factorial or sum of numbers based on the index.\\n-----\\n\\n[Developer]says: As a developer, I will start by writing a function that calculates the factorial of a given number, which will help us create the list as per the given requirements.\\n-----\\n\", \"Question\": \"Follow the Instruction section. The Discussion History is in the Context section. You only need to return a task list as the Example section.\"}",
    "UserStoryDraft0": "{\n  \"UserStory\": {\n    \"As a product owner, I want to gather user requirements and use cases for the function 'f' so that I can provide input for development based on user requirements.\"\n \t\t\t\n \t\t\n \t\n \t\n \t\n \t\n \t\n \t\n \t\n \t\n \t\n \t\n \t\n \t\n \t\n \t\n \t\n \t\n \t\n \t\n \t\n \t\n \t\n \t\n \t\n \t\n \t\n \t\n \t\n \t\n \t\n \t\n \t\n \t\n \t\n \t\n \t\n \t\n \t\n \t\n \t\n \t\n \t\n \t\n \t\n \t\n \t\n \t\n \t\n \t\n \t\n \t\n \t\n \t\n \t\n \t\n \t\n \t\n \t\n \t\n \t\n \t\n \t\n \t\n \t\n \t\n \t\n \t\n \t\n \t\n \t\n \t\n \t\n \t\n \t\n \t\n \t\n \t\n \t\n \t\n \t\n \t\n \t\n \t\n \t\n \t\n \t\n \t\n \t\n \t\n \t\n \t\n \t\n \t\n \t\n \t\n \t\n \t\n \t\n \t\n \t\n \t\n",
    "UserStoryDraft0_prompt": "{\"Role\": \"You need to act as a professional product owner. Your task is to write a UserStory\", \"Instruction\": \"According to the Context, please analyze the requirement and write your response. Response in JSON format. Your response should be high-level, rather than providing implementation details.\", \"Example\": \"\", \"Context\": [\"Gather user requirements and use cases for the function\", \"Provide input for development based on user requirements\"], \"Question\": \"Follow the Instruction. The requirement is as follows:\\n\\ndef f(n):\\n    \\\"\\\"\\\" Implement the function f that takes n as a parameter,\\n    and returns a list of size n, such that the value of the element at index i is the factorial of i if i is even\\n    or the sum of numbers from 1 to i otherwise.\\n    i starts from 1.\\n    the factorial of i is the multiplication of the numbers from 1 to i (1 * 2 * ... * i).\\n    Example:\\n    f(5) == [1, 2, 6, 24, 15]\\n    \\\"\\\"\\\"\\n\"}",
    "AnalyzeMeetings": "{\n  \"Architect\": \"As an architect, I suggest creating a clear and comprehensive list of user requirements and use cases for the function 'f'. This should include details such as functional requirements, non-functional requirements, and any constraints or limitations that need to be considered during development.\",\n  \"Tester\": \"As a tester, I suggest ensuring that the gathered user requirements and use cases are well-documented and easily accessible for the development team. It's important to verify that the requirements are testable and that the use cases cover a wide range of scenarios to thoroughly test the function 'f'.\"\n}",
    "UserStory0": "{\n  \"RevisedDocument\": {\n    \"UserStory\": {\n      \"As a product owner, I want to gather user requirements and use cases for the function 'f' so that I can provide input for development based on user requirements.\"\n   \t:\n    \"User Requirements and Use Cases for Function 'f'\"\n\n  },\n  \"Architect\": \"Create a clear and comprehensive list of user requirements and use cases for the function 'f', including functional requirements, non-functional requirements, and any constraints or limitations for development.\",\n  \"Tester\": \"Ensure that the gathered user requirements and use cases are well-documented, easily accessible, and testable, covering a wide range of scenarios to thoroughly test the function 'f'.\"\n}\n}",
    "UserStory0_prompt": {
        "Role": "You need to act as a professional product owner. Your duty is to revise the document based on the suggestions.",
        "Instruction": "1. Read the suggestions. 2. Revise your draft version document. 3. Response in JSON format. 4. REMEMBER: Your analysis should be high-level, rather than providing implementation details.",
        "Example": "",
        "Context": "# Suggestion:\n{\n  \"Architect\": \"As an architect, I suggest creating a clear and comprehensive list of user requirements and use cases for the function 'f'. This should include details such as functional requirements, non-functional requirements, and any constraints or limitations that need to be considered during development.\",\n  \"Tester\": \"As a tester, I suggest ensuring that the gathered user requirements and use cases are well-documented and easily accessible for the development team. It's important to verify that the requirements are testable and that the use cases cover a wide range of scenarios to thoroughly test the function 'f'.\"\n}",
        "Question": "Follow the Instruction. Your colleague give you some suggestions(in the Context section) about this draft document:{\n  \"UserStory\": {\n    \"As a product owner, I want to gather user requirements and use cases for the function 'f' so that I can provide input for development based on user requirements.\"\n \t\t\t\n \t\t\n \t\n \t\n \t\n \t\n \t\n \t\n \t\n \t\n \t\n \t\n \t\n \t\n \t\n \t\n \t\n \t\n \t\n \t\n \t\n \t\n \t\n \t\n \t\n \t\n \t\n \t\n \t\n \t\n \t\n \t\n \t\n \t\n \t\n \t\n \t\n \t\n \t\n \t\n \t\n \t\n \t\n \t\n \t\n \t\n \t\n \t\n \t\n \t\n \t\n \t\n \t\n \t\n \t\n \t\n \t\n \t\n \t\n \t\n \t\n \t\n \t\n \t\n \t\n \t\n \t\n \t\n \t\n \t\n \t\n \t\n \t\n \t\n \t\n \t\n \t\n \t\n \t\n \t\n \t\n \t\n \t\n \t\n \t\n \t\n \t\n \t\n \t\n \t\n \t\n \t\n \t\n \t\n \t\n \t\n \t\n \t\n \t\n \t\n \t\n \t\n"
    },
    "CodeDraft0": "def f(n):\n    result = []\n    for i in range(1, n+1):\n        if i % 2 == 0:\n            fact = 1\n            for j in range(1, i+1):\n                fact *= j\n            result.append(fact)\n        else:\n            result.append(sum(range(1, i+1)))\n    return result\n",
    "CodeDraft0_prompt": {
        "Role": "You are a professional engineer. Your duty is to write code in Python that meets the requirements. Ensure that the code you write is efficient, readable, and follows best practices. Remember, do not need to explain the code you wrote.",
        "Instruction": "According to the Context section, write your code.",
        "Example": "",
        "Context": "# Tasks:\n['Write a function to calculate the factorial of a given number', 'Create the list as per the given requirements based on the calculated factorial values']\n",
        "Question": "Follow the Instruction section. Complete the following code:\n\ndef f(n):\n    \"\"\" Implement the function f that takes n as a parameter,\n    and returns a list of size n, such that the value of the element at index i is the factorial of i if i is even\n    or the sum of numbers from 1 to i otherwise.\n    i starts from 1.\n    the factorial of i is the multiplication of the numbers from 1 to i (1 * 2 * ... * i).\n    Example:\n    f(5) == [1, 2, 6, 24, 15]\n    \"\"\"\n"
    },
    "CodeReviewMeetings0": "{\n  \"Architect\": \"It would be better to separate the logic for even and odd numbers into separate functions for better code organization and readability.\",\n  \"Tester\": \"It would be helpful to add some test cases to cover different scenarios, such as inputting 0, negative numbers, and large numbers to ensure the function works as expected in all cases.\"\n}",
    "Code0CR": "def calculate_factorial(num):\n    factorial = 1\n    for i in range(1, num + 1):\n        factorial *= i\n    return factorial\n\ndef calculate_sum(num):\n    sum_value = 0\n    for i in range(1, num + 1):\n        sum_value += i\n    return sum_value\n\ndef f(n):\n    result = []\n    for i in range(1, n + 1):\n        if i % 2 == 0:\n            result.append(calculate_factorial(i))\n        else:\n            result.append(calculate_sum(i))\n    return result",
    "Code0CR_prompt": "{\"Role\": \"You are a professional software engineer. Your duty is to write code in Python that meets the requirements. Ensure that the code you write is efficient, readable, and follows best practices. Remember, do not need to explain the code you wrote.\", \"Instruction\": \"1. Understand the suggestions(in the Context section) about the original code. 2. Rewrite your code.\", \"Example\": \"\", \"Context\": \"# Tasks:\\n['Write a function to calculate the factorial of a given number', 'Create the list as per the given requirements based on the calculated factorial values']\\n# Suggestions:\\n{\\n  \\\"Architect\\\": \\\"It would be better to separate the logic for even and odd numbers into separate functions for better code organization and readability.\\\",\\n  \\\"Tester\\\": \\\"It would be helpful to add some test cases to cover different scenarios, such as inputting 0, negative numbers, and large numbers to ensure the function works as expected in all cases.\\\"\\n}\", \"Question\": \"Follow the Instruction section. Complete the following code:\\n\\ndef f(n):\\n    \\\"\\\"\\\" Implement the function f that takes n as a parameter,\\n    and returns a list of size n, such that the value of the element at index i is the factorial of i if i is even\\n    or the sum of numbers from 1 to i otherwise.\\n    i starts from 1.\\n    the factorial of i is the multiplication of the numbers from 1 to i (1 * 2 * ... * i).\\n    Example:\\n    f(5) == [1, 2, 6, 24, 15]\\n    \\\"\\\"\\\"\\n\"}",
    "FinalCode": "def f(n):\n    result = []\n    for i in range(1, n+1):\n        if i % 2 == 0:\n            fact = 1\n            for j in range(1, i+1):\n                fact *= j\n            result.append(fact)\n        else:\n            sum_val = 0\n            for j in range(1, i+1):\n                sum_val += j\n            result.append(sum_val)\n    return result",
    "Test Cases Draft": "{\n  \"requirement analysis\": \"test the function 'f' for different input values and ensure it returns the correct output\",\n  \"test_cases\": [\n    {\n      \"Test Title\": \"Test with n=1\",\n      \"Input Data\": \"n=1\",\n      \"Expected Output\": [1]\n    },\n    {\n      \"Test Title\": \"Test with n=2\",\n      \"Input Data\": \"n=2\",\n      \"Expected Output\": [1, 2]\n    },\n    {\n      \"Test Title\": \"Test with n=3\",\n      \"Input Data\": \"n=3\",\n      \"Expected Output\": [1, 2, 6]\n    },\n    {\n      \"Test Title\": \"Test with n=4\",\n      \"Input Data\": \"n=4\",\n      \"Expected Output\": [1, 2, 6, 24]\n    },\n    {\n      \"Test Title\": \"Test with n=5\",\n      \"Input Data\": \"n=5\",\n      \"Expected Output\": [1, 2, 6, 24, 15]\n    }\n  ]\n}",
    "Test Cases Draft_prompt": "{\"Role\": \"You are a quality assurance engineer. Your duty is to design test cases for the developers.\", \"Instruction\": \"According to the Context section, write test cases. Don't write long strings in your test cases. Response in JSON format.\", \"Example\": \"{\\\"requirement analysis\\\":\\\"analysis\\\",\\\"test_cases\\\":[{\\\"Test Title\\\":\\\"title\\\", \\\"Input Data\\\":\\\"parameter1=[1,2,3],parameter2='123'\\\", \\\"Expected Output\\\":\\\"456\\\"},]}\", \"Context\": \"# UsrtStory:\\n{\\n  \\\"RevisedDocument\\\": {\\n    \\\"UserStory\\\": {\\n      \\\"As a product owner, I want to gather user requirements and use cases for the function 'f' so that I can provide input for development based on user requirements.\\\"\\n   \\t:\\n    \\\"User Requirements and Use Cases for Function 'f'\\\"\\n\\n  },\\n  \\\"Architect\\\": \\\"Create a clear and comprehensive list of user requirements and use cases for the function 'f', including functional requirements, non-functional requirements, and any constraints or limitations for development.\\\",\\n  \\\"Tester\\\": \\\"Ensure that the gathered user requirements and use cases are well-documented, easily accessible, and testable, covering a wide range of scenarios to thoroughly test the function 'f'.\\\"\\n}\\n}\\n# Tasks:\\n['Conduct thorough testing on the function f for different input values', 'Ensure the function returns the correct output for different input values']\\n\", \"Question\": \"\\ndef f(n):\\n    \\\"\\\"\\\" Implement the function f that takes n as a parameter,\\n    and returns a list of size n, such that the value of the element at index i is the factorial of i if i is even\\n    or the sum of numbers from 1 to i otherwise.\\n    i starts from 1.\\n    the factorial of i is the multiplication of the numbers from 1 to i (1 * 2 * ... * i).\\n    Example:\\n    f(5) == [1, 2, 6, 24, 15]\\n    \\\"\\\"\\\"\\n\"}",
    "Test Cases Meetings": "{\n  \"Architect\": \"The test cases should cover a wider range of input values to ensure thorough testing. Also, the expected outputs should be reviewed to ensure they are accurate and comprehensive.\",\n  \"Developer\": \"The test cases should include boundary values, negative test cases, and edge cases to ensure comprehensive testing. Also, the expected outputs should be reviewed to ensure they are accurate and comprehensive.\"\n}",
    "Test Cases": "{\n  \"requirement analysis\": \"test the function 'f' for different input values and ensure it returns the correct output\",\n  \"test_cases\": [\n    {\n      \"Test Title\": \"Test with n=1\",\n      \"Input Data\": \"n=1\",\n      \"Expected Output\": [1]\n    },\n    {\n      \"Test Title\": \"Test with n=2\",\n      \"Input Data\": \"n=2\",\n      \"Expected Output\": [1, 2]\n    },\n    {\n      \"Test Title\": \"Test with n=3\",\n      \"Input Data\": \"n=3\",\n      \"Expected Output\": [1, 2, 6]\n    },\n    {\n      \"Test Title\": \"Test with n=4\",\n      \"Input Data\": \"n=4\",\n      \"Expected Output\": [1, 2, 6, 24]\n    },\n    {\n      \"Test Title\": \"Test with n=5\",\n      \"Input Data\": \"n=5\",\n      \"Expected Output\": [1, 2, 6, 24, 15]\n    },\n    {\n      \"Test Title\": \"Test with n=6\",\n      \"Input Data\": \"n=6\",\n      \"Expected Output\": [1, 2, 6, 24, 15, 720]\n    },\n    {\n      \"Test Title\": \"Test with n=0\",\n      \"Input Data\": \"n=0\",\n      \"Expected Output\": \"Invalid input\"\n    }\n  ]\n}",
    "Test Cases_prompt": "{\"Role\": \"You are a quality assurance engineer. Your duty is to revise the test cases based on the suggestions.\", \"Instruction\": \"1. Your colleague give you some suggestions(in the Context section) about the draft test cases, read these suggestions. 2. Revise your draft version test cases, but don't use long parameters. 3. Response in JSON format.\", \"Example\": \"{\\\"requirement analysis\\\":\\\"analysis\\\",\\\"test_cases\\\":[{\\\"Test Title\\\":\\\"title\\\", \\\"Input Data\\\":\\\"parameter1=[1,2,3],parameter2='123'\\\", \\\"Expected Output\\\":\\\"456\\\"},]}\", \"Context\": \"# Suggestions:\\n{\\n  \\\"Architect\\\": \\\"The test cases should cover a wider range of input values to ensure thorough testing. Also, the expected outputs should be reviewed to ensure they are accurate and comprehensive.\\\",\\n  \\\"Developer\\\": \\\"The test cases should include boundary values, negative test cases, and edge cases to ensure comprehensive testing. Also, the expected outputs should be reviewed to ensure they are accurate and comprehensive.\\\"\\n}\\n # Draft Test cases:\\n{\\n  \\\"requirement analysis\\\": \\\"test the function 'f' for different input values and ensure it returns the correct output\\\",\\n  \\\"test_cases\\\": [\\n    {\\n      \\\"Test Title\\\": \\\"Test with n=1\\\",\\n      \\\"Input Data\\\": \\\"n=1\\\",\\n      \\\"Expected Output\\\": [1]\\n    },\\n    {\\n      \\\"Test Title\\\": \\\"Test with n=2\\\",\\n      \\\"Input Data\\\": \\\"n=2\\\",\\n      \\\"Expected Output\\\": [1, 2]\\n    },\\n    {\\n      \\\"Test Title\\\": \\\"Test with n=3\\\",\\n      \\\"Input Data\\\": \\\"n=3\\\",\\n      \\\"Expected Output\\\": [1, 2, 6]\\n    },\\n    {\\n      \\\"Test Title\\\": \\\"Test with n=4\\\",\\n      \\\"Input Data\\\": \\\"n=4\\\",\\n      \\\"Expected Output\\\": [1, 2, 6, 24]\\n    },\\n    {\\n      \\\"Test Title\\\": \\\"Test with n=5\\\",\\n      \\\"Input Data\\\": \\\"n=5\\\",\\n      \\\"Expected Output\\\": [1, 2, 6, 24, 15]\\n    }\\n  ]\\n}\", \"Question\": \"Follow the Instruction. Please make sure your response length are less than 512. Your test cases is for the below question:\\n\\ndef f(n):\\n    \\\"\\\"\\\" Implement the function f that takes n as a parameter,\\n    and returns a list of size n, such that the value of the element at index i is the factorial of i if i is even\\n    or the sum of numbers from 1 to i otherwise.\\n    i starts from 1.\\n    the factorial of i is the multiplication of the numbers from 1 to i (1 * 2 * ... * i).\\n    Example:\\n    f(5) == [1, 2, 6, 24, 15]\\n    \\\"\\\"\\\"\\n\"}",
    "Code0": "def calculate_factorial(num):\n    factorial = 1\n    for i in range(1, num + 1):\n        factorial *= i\n    return factorial\n\ndef calculate_sum(num):\n    sum_value = 0\n    for i in range(1, num + 1):\n        sum_value += i\n    return sum_value\n\ndef f(n):\n    result = []\n    if n <= 0:\n        return \"Invalid input\"\n    for i in range(1, n + 1):\n        if i % 2 == 0:\n            result.append(calculate_factorial(i))\n        else:\n            result.append(calculate_sum(i))\n    return result",
    "Code0_prompt": {
        "Role": "You are a professional software engineer. Your duty is to write code in Python that meets the requirements. Ensure that the code you write is efficient, readable, and follows best practices. Remember, do not need to explain the code you wrote.",
        "Instruction": "1. Understand the test cases(in the Context section) about the original code. 2. Rewrite your code, make sure your code pass all test cases.",
        "Example": "",
        "Context": "# Original Code:\ndef calculate_factorial(num):\n    factorial = 1\n    for i in range(1, num + 1):\n        factorial *= i\n    return factorial\n\ndef calculate_sum(num):\n    sum_value = 0\n    for i in range(1, num + 1):\n        sum_value += i\n    return sum_value\n\ndef f(n):\n    result = []\n    for i in range(1, n + 1):\n        if i % 2 == 0:\n            result.append(calculate_factorial(i))\n        else:\n            result.append(calculate_sum(i))\n    return result\n# Test Cases:\n{\n  \"requirement analysis\": \"test the function 'f' for different input values and ensure it returns the correct output\",\n  \"test_cases\": [\n    {\n      \"Test Title\": \"Test with n=1\",\n      \"Input Data\": \"n=1\",\n      \"Expected Output\": [1]\n    },\n    {\n      \"Test Title\": \"Test with n=2\",\n      \"Input Data\": \"n=2\",\n      \"Expected Output\": [1, 2]\n    },\n    {\n      \"Test Title\": \"Test with n=3\",\n      \"Input Data\": \"n=3\",\n      \"Expected Output\": [1, 2, 6]\n    },\n    {\n      \"Test Title\": \"Test with n=4\",\n      \"Input Data\": \"n=4\",\n      \"Expected Output\": [1, 2, 6, 24]\n    },\n    {\n      \"Test Title\": \"Test with n=5\",\n      \"Input Data\": \"n=5\",\n      \"Expected Output\": [1, 2, 6, 24, 15]\n    },\n    {\n      \"Test Title\": \"Test with n=6\",\n      \"Input Data\": \"n=6\",\n      \"Expected Output\": [1, 2, 6, 24, 15, 720]\n    },\n    {\n      \"Test Title\": \"Test with n=0\",\n      \"Input Data\": \"n=0\",\n      \"Expected Output\": \"Invalid input\"\n    }\n  ]\n}",
        "Question": "\ndef f(n):\n    \"\"\" Implement the function f that takes n as a parameter,\n    and returns a list of size n, such that the value of the element at index i is the factorial of i if i is even\n    or the sum of numbers from 1 to i otherwise.\n    i starts from 1.\n    the factorial of i is the multiplication of the numbers from 1 to i (1 * 2 * ... * i).\n    Example:\n    f(5) == [1, 2, 6, 24, 15]\n    \"\"\"\n"
    },
    "TestScriptOriginal": "import unittest\n\ndef function_under_test(n):\n    result = []\n    for i in range(1, n+1):\n        if i % 2 == 0:\n            fact = 1\n            for j in range(1, i+1):\n                fact *= j\n            result.append(fact)\n        else:\n            result.append(sum(range(1, i+1)))\n    return result\n\nclass Test(unittest.TestCase):\n    def test(self):\n        self.assertEqual(function_under_test(5), [1, 2, 6, 24, 15])\n\nif __name__ == '__main__':\n    unittest.main()",
    "TestScriptOriginal_prompt": "{\"Role\": \"You are a quality assurance engineer. Your duty is to write a python test script in unittest framework.\", \"Instruction\": \"1. Write a python test script. 2. Use the input and output given by the question.\", \"Example\": \"import unittest\\n\\nclass Test(unittest.TestCase):\\n    def test(self):\\n        self.assertEqual(function_under_test('a'), 1)\\n\\nif __name__ == '__main__':\\n    unittest.main()\", \"Context\": \"\", \"Question\": \"\\ndef f(n):\\n    \\\"\\\"\\\" Implement the function f that takes n as a parameter,\\n    and returns a list of size n, such that the value of the element at index i is the factorial of i if i is even\\n    or the sum of numbers from 1 to i otherwise.\\n    i starts from 1.\\n    the factorial of i is the multiplication of the numbers from 1 to i (1 * 2 * ... * i).\\n    Example:\\n    f(5) == [1, 2, 6, 24, 15]\\n    \\\"\\\"\\\"\\n\"}",
    "TestScript": "import unittest\n\nclass Test(unittest.TestCase):\n    def test(self):\n        self.assertEqual(function_under_test(5), [1, 2, 6, 24, 15])\n\nif __name__ == '__main__':\n    unittest.main()",
    "ScriptResult0": "E\n======================================================================\nERROR: test (__main__.Test)\n----------------------------------------------------------------------\nTraceback (most recent call last):\n  File \"/Users/watch/PycharmProjects/XXXX-1-LLM/workspace/2024-02-13_16-17-22-530977/test_script.py\", line 27, in test\n    self.assertEqual(function_under_test(5), [1, 2, 6, 24, 15])\nNameError: name 'function_under_test' is not defined\n\n----------------------------------------------------------------------\nRan 1 test in 0.000s\n\nFAILED (errors=1)\n",
    "TestReport0": "Test Report:\n\nThe test script's output shows an error in the code. The error is a NameError indicating that the function 'function_under_test' is not defined. This error occurred during the execution of the test script.\n\nCode Test Failed\n\nInput and Expected Output Example:\n- Input: 5\n- Expected Output: [1, 2, 6, 24, 15]\n\nConclusion:\nThe code has failed the tests due to the NameError and the absence of the 'function_under_test'.",
    "SprintReview0": "[ScrumMaster]says: Here is our test Report: Test Report:\n\nThe test script's output shows an error in the code. The error is a NameError indicating that the function 'function_under_test' is not defined. This error occurred during the execution of the test script.\n\nCode Test Failed\n\nInput and Expected Output Example:\n- Input: 5\n- Expected Output: [1, 2, 6, 24, 15]\n\nConclusion:\nThe code has failed the tests due to the NameError and the absence of the 'function_under_test'., do you have any ideas?\n-----\n\n[Architect]says: As an Architect, I suggest reviewing the code to ensure that the function 'function_under_test' is properly defined and available for execution.\n-----\n\n[ProductOwner]says: As the Product Owner, I think we should prioritize fixing the NameError issue and defining the 'function_under_test' before continuing with any other development tasks.\n-----\n\n[Tester]says: As a Tester, it is important to review the test script and verify that the function 'function_under_test' is defined and implemented correctly in the code.\n-----\n\n[Developer]says: As a Developer, I think the first step is to review the code and ensure that the 'function_under_test' is defined and functioning properly.\n-----\n\n[Architect]says: As an Architect, I suggest reviewing the code to ensure that the function 'function_under_test' is properly defined and available for execution.\n-----\n\n[ProductOwner]says: As the Product Owner, I think we should prioritize fixing the NameError issue and defining the 'function_under_test' before continuing with any other development tasks.\n-----\n\n[Tester]says: As a Tester, I will review the test script and verify the implementation of the 'function_under_test' in the code.\n-----\n\n[Developer]says: As a Developer, I will review the code and ensure that the 'function_under_test' is defined and functioning properly.\n-----\n",
    "SprintReviewMeetings0": "{\n  \"product-owner\":[\"I think we should prioritize fixing the NameError issue and defining the 'function_under_test' before continuing with any other development tasks.\"],\n  \"architect\":[\"I suggest reviewing the code to ensure that the function 'function_under_test' is properly defined and available for execution.\"],\n  \"developer\":[\"the first step is to review the code and ensure that the 'function_under_test' is defined and functioning properly.\"],\n  \"tester\":[\"review the test script and verify the implementation of the 'function_under_test' in the code.\"]\n}",
    "SprintReviewMeetings0_prompt": "{\"Role\": \"You are a professional scrum master. Your goal is to summary the Discussion History into a suggestions list for the scrum team.\", \"Instruction\": \"1. Read and Understand the Discussion History. 2. Summary the suggestions from four roles: product-owner/architect/developer/tester. 3. Response in JSON format.\", \"Example\": \"{\\\"product-owner\\\":[\\\"suggestion1\\\",\\\"suggestion2\\\"],\\\"architect\\\":[\\\"suggestion1\\\",\\\"suggestion2\\\"], \\\"developer\\\":[\\\"suggestion1\\\",\\\"suggestion2\\\"], \\\"tester\\\":[\\\"suggestion1\\\",\\\"suggestion2\\\"]}\", \"Context\": \"[ScrumMaster]says: Here is our test Report: Test Report:\\n\\nThe test script's output shows an error in the code. The error is a NameError indicating that the function 'function_under_test' is not defined. This error occurred during the execution of the test script.\\n\\nCode Test Failed\\n\\nInput and Expected Output Example:\\n- Input: 5\\n- Expected Output: [1, 2, 6, 24, 15]\\n\\nConclusion:\\nThe code has failed the tests due to the NameError and the absence of the 'function_under_test'., do you have any ideas?\\n-----\\n\\n[Architect]says: As an Architect, I suggest reviewing the code to ensure that the function 'function_under_test' is properly defined and available for execution.\\n-----\\n\\n[ProductOwner]says: As the Product Owner, I think we should prioritize fixing the NameError issue and defining the 'function_under_test' before continuing with any other development tasks.\\n-----\\n\\n[Tester]says: As a Tester, it is important to review the test script and verify that the function 'function_under_test' is defined and implemented correctly in the code.\\n-----\\n\\n[Developer]says: As a Developer, I think the first step is to review the code and ensure that the 'function_under_test' is defined and functioning properly.\\n-----\\n\\n[Architect]says: As an Architect, I suggest reviewing the code to ensure that the function 'function_under_test' is properly defined and available for execution.\\n-----\\n\\n[ProductOwner]says: As the Product Owner, I think we should prioritize fixing the NameError issue and defining the 'function_under_test' before continuing with any other development tasks.\\n-----\\n\\n[Tester]says: As a Tester, I will review the test script and verify the implementation of the 'function_under_test' in the code.\\n-----\\n\\n[Developer]says: As a Developer, I will review the code and ensure that the 'function_under_test' is defined and functioning properly.\\n-----\\n\", \"Question\": \"Follow the Instruction section. The Discussion History is in the Context section. You only need to return a list as the Example section.\"}",
    "RepairResponse0": "{\n  \"revised_code\": \"def f(n):\\n    result = []\\n    for i in range(1, n+1):\\n        if i % 2 == 0:\\n            fact = 1\\n            for j in range(1, i+1):\\n                fact *= j\\n            result.append(fact)\\n        else:\\n            sum_val = 0\\n            for j in range(1, i+1):\\n                sum_val += j\\n            result.append(sum_val)\\n    return result\"\n}",
    "RepairResponse0_prompt": {
        "Role": "You are a professional software engineer. Your duty is to write code in Python that meets the requirements. Ensure that the code you write is efficient, readable, and follows best practices. Remember, do not need to explain the code you wrote.",
        "Instruction": "1. Rewrite a bug fix version of the original code. 2. Response in JSON format.",
        "Example": "{\"revised_code\":\"...\"}",
        "Context": "# Test Report:\nTest Report:\n\nThe test script's output shows an error in the code. The error is a NameError indicating that the function 'function_under_test' is not defined. This error occurred during the execution of the test script.\n\nCode Test Failed\n\nInput and Expected Output Example:\n- Input: 5\n- Expected Output: [1, 2, 6, 24, 15]\n\nConclusion:\nThe code has failed the tests due to the NameError and the absence of the 'function_under_test'.# suggestions:\n{\"product-owner\": [\"I think we should prioritize fixing the NameError issue and defining the 'function_under_test' before continuing with any other development tasks.\"], \"architect\": [\"I suggest reviewing the code to ensure that the function 'function_under_test' is properly defined and available for execution.\"], \"developer\": [\"the first step is to review the code and ensure that the 'function_under_test' is defined and functioning properly.\"], \"tester\": [\"review the test script and verify the implementation of the 'function_under_test' in the code.\"]}",
        "Question": "The original code has some bugs, according to the test report and suggestions, rewrite the code. Complete the following code:\n\ndef f(n):\n    \"\"\" Implement the function f that takes n as a parameter,\n    and returns a list of size n, such that the value of the element at index i is the factorial of i if i is even\n    or the sum of numbers from 1 to i otherwise.\n    i starts from 1.\n    the factorial of i is the multiplication of the numbers from 1 to i (1 * 2 * ... * i).\n    Example:\n    f(5) == [1, 2, 6, 24, 15]\n    \"\"\"\n"
    },
    "Code1": "def f(n):\n    result = []\n    for i in range(1, n+1):\n        if i % 2 == 0:\n            fact = 1\n            for j in range(1, i+1):\n                fact *= j\n            result.append(fact)\n        else:\n            sum_val = 0\n            for j in range(1, i+1):\n                sum_val += j\n            result.append(sum_val)\n    return result",
    "ScriptResult1": "E\n======================================================================\nERROR: test (__main__.Test)\n----------------------------------------------------------------------\nTraceback (most recent call last):\n  File \"/Users/watch/PycharmProjects/XXXX-1-LLM/workspace/2024-02-13_16-17-22-530977/test_script.py\", line 19, in test\n    self.assertEqual(function_under_test(5), [1, 2, 6, 24, 15])\nNameError: name 'function_under_test' is not defined\n\n----------------------------------------------------------------------\nRan 1 test in 0.000s\n\nFAILED (errors=1)\n",
    "TestReport1": "Test Report:\n\n# test script's output:\nE\n======================================================================\nERROR: test (__main__.Test)\n----------------------------------------------------------------------\nTraceback (most recent call last):\n  File \"/Users/watch/PycharmProjects/XXXX-1-LLM/workspace/2024-02-13_16-17-22-530977/test_script.py\", line 19, in test\n    self.assertEqual(function_under_test(5), [1, 2, 6, 24, 15])\nNameError: name 'function_under_test' is not defined\n\n----------------------------------------------------------------------\nRan 1 test in 0.000s\n\nFAILED (errors=1)\n\nConclusion: Code Test Failed\n\nExample:\nInput: \ndef f(n):\n    result = []\n    for i in range(1, n+1):\n        if i % 2 == 0:\n            fact = 1\n            for j in range(1, i+1):\n                fact *= j\n            result.append(fact)\n        else:\n            sum_val = 0\n            for j in range(1, i+1):\n                sum_val += j\n            result.append(sum_val)\n    return result\n\nExpected Output: [1, 2, 6, 24, 15]\n\nUpon analyzing the test script's output, it is evident that the code has failed the test. The error is due to the name 'function_under_test' not being defined, resulting in the failure of the test. An example of the input and the expected output has been provided for reference.\n\nCode Test Failed",
    "SprintReview1": "[ScrumMaster]says: Here is our test Report: Test Report:\n\n# test script's output:\nE\n======================================================================\nERROR: test (__main__.Test)\n----------------------------------------------------------------------\nTraceback (most recent call last):\n  File \"/Users/watch/PycharmProjects/XXXX-1-LLM/workspace/2024-02-13_16-17-22-530977/test_script.py\", line 19, in test\n    self.assertEqual(function_under_test(5), [1, 2, 6, 24, 15])\nNameError: name 'function_under_test' is not defined\n\n----------------------------------------------------------------------\nRan 1 test in 0.000s\n\nFAILED (errors=1)\n\nConclusion: Code Test Failed\n\nExample:\nInput: \ndef f(n):\n    result = []\n    for i in range(1, n+1):\n        if i % 2 == 0:\n            fact = 1\n            for j in range(1, i+1):\n                fact *= j\n            result.append(fact)\n        else:\n            sum_val = 0\n            for j in range(1, i+1):\n                sum_val += j\n            result.append(sum_val)\n    return result\n\nExpected Output: [1, 2, 6, 24, 15]\n\nUpon analyzing the test script's output, it is evident that the code has failed the test. The error is due to the name 'function_under_test' not being defined, resulting in the failure of the test. An example of the input and the expected output has been provided for reference.\n\nCode Test Failed, do you have any ideas?\n-----\n\n[ProductOwner]says: As a Product Owner, I think we should prioritize fixing the error in the code test to ensure the quality of the product.\n-----\n\n[Developer]says: As a Developer, I will review the test script and ensure that the function_under_test is properly defined in the code.\n-----\n\n[Architect]says: As an architect, I recommend conducting a code review to identify and fix the issue with the 'function_under_test' not being defined, and ensuring that the code meets the test requirements.\n-----\n\n[Tester]says: As a Tester, it is important to review the test report and suggest checking if the 'function_under_test' is properly defined in the code.\n-----\n\n[ProductOwner]says: As a Product Owner, I think we should prioritize fixing the error in the code test to ensure the quality of the product.\n-----\n\n[Tester]says: As a Tester, I suggest checking if the 'function_under_test' is properly defined in the code based on the test report.\n-----\n\n[Architect]says: As an architect, I believe we should conduct a code review to identify and fix the issue with the 'function_under_test' not being defined and ensure the code meets the test requirements.\n-----\n\n[Developer]says: As a Developer, I will review the test script and ensure that the function_under_test is properly defined in the code.\n-----\n",
    "SprintReviewMeetings1": "{\n  \"product-owner\":[\"We should prioritize fixing the error in the code test to ensure the quality of the product.\"],\n  \"architect\":[\"conducting a code review to identify and fix the issue with the 'function_under_test' not being defined, and ensuring that the code meets the test requirements.\"],\n  \"developer\":[\"review the test script and ensure that the function_under_test is properly defined in the code.\"],\n  \"tester\":[\"review the test report and suggest checking if the 'function_under_test' is properly defined in the code.\"]\n}",
    "SprintReviewMeetings1_prompt": "{\"Role\": \"You are a professional scrum master. Your goal is to summary the Discussion History into a suggestions list for the scrum team.\", \"Instruction\": \"1. Read and Understand the Discussion History. 2. Summary the suggestions from four roles: product-owner/architect/developer/tester. 3. Response in JSON format.\", \"Example\": \"{\\\"product-owner\\\":[\\\"suggestion1\\\",\\\"suggestion2\\\"],\\\"architect\\\":[\\\"suggestion1\\\",\\\"suggestion2\\\"], \\\"developer\\\":[\\\"suggestion1\\\",\\\"suggestion2\\\"], \\\"tester\\\":[\\\"suggestion1\\\",\\\"suggestion2\\\"]}\", \"Context\": \"[ScrumMaster]says: Here is our test Report: Test Report:\\n\\n# test script's output:\\nE\\n======================================================================\\nERROR: test (__main__.Test)\\n----------------------------------------------------------------------\\nTraceback (most recent call last):\\n  File \\\"/Users/watch/PycharmProjects/XXXX-1-LLM/workspace/2024-02-13_16-17-22-530977/test_script.py\\\", line 19, in test\\n    self.assertEqual(function_under_test(5), [1, 2, 6, 24, 15])\\nNameError: name 'function_under_test' is not defined\\n\\n----------------------------------------------------------------------\\nRan 1 test in 0.000s\\n\\nFAILED (errors=1)\\n\\nConclusion: Code Test Failed\\n\\nExample:\\nInput: \\ndef f(n):\\n    result = []\\n    for i in range(1, n+1):\\n        if i % 2 == 0:\\n            fact = 1\\n            for j in range(1, i+1):\\n                fact *= j\\n            result.append(fact)\\n        else:\\n            sum_val = 0\\n            for j in range(1, i+1):\\n                sum_val += j\\n            result.append(sum_val)\\n    return result\\n\\nExpected Output: [1, 2, 6, 24, 15]\\n\\nUpon analyzing the test script's output, it is evident that the code has failed the test. The error is due to the name 'function_under_test' not being defined, resulting in the failure of the test. An example of the input and the expected output has been provided for reference.\\n\\nCode Test Failed, do you have any ideas?\\n-----\\n\\n[ProductOwner]says: As a Product Owner, I think we should prioritize fixing the error in the code test to ensure the quality of the product.\\n-----\\n\\n[Developer]says: As a Developer, I will review the test script and ensure that the function_under_test is properly defined in the code.\\n-----\\n\\n[Architect]says: As an architect, I recommend conducting a code review to identify and fix the issue with the 'function_under_test' not being defined, and ensuring that the code meets the test requirements.\\n-----\\n\\n[Tester]says: As a Tester, it is important to review the test report and suggest checking if the 'function_under_test' is properly defined in the code.\\n-----\\n\\n[ProductOwner]says: As a Product Owner, I think we should prioritize fixing the error in the code test to ensure the quality of the product.\\n-----\\n\\n[Tester]says: As a Tester, I suggest checking if the 'function_under_test' is properly defined in the code based on the test report.\\n-----\\n\\n[Architect]says: As an architect, I believe we should conduct a code review to identify and fix the issue with the 'function_under_test' not being defined and ensure the code meets the test requirements.\\n-----\\n\\n[Developer]says: As a Developer, I will review the test script and ensure that the function_under_test is properly defined in the code.\\n-----\\n\", \"Question\": \"Follow the Instruction section. The Discussion History is in the Context section. You only need to return a list as the Example section.\"}",
    "RepairResponse1": "{\n  \"revised_code\": \"def f(n):\\n    result = []\\n    for i in range(1, n+1):\\n        if i % 2 == 0:\\n            fact = 1\\n            for j in range(1, i+1):\\n                fact *= j\\n            result.append(fact)\\n        else:\\n            sum_val = 0\\n            for j in range(1, i+1):\\n                sum_val += j\\n            result.append(sum_val)\\n    return result\"\n}",
    "RepairResponse1_prompt": {
        "Role": "You are a professional software engineer. Your duty is to write code in Python that meets the requirements. Ensure that the code you write is efficient, readable, and follows best practices. Remember, do not need to explain the code you wrote.",
        "Instruction": "1. Rewrite a bug fix version of the original code. 2. Response in JSON format.",
        "Example": "{\"revised_code\":\"...\"}",
        "Context": "# Test Report:\nTest Report:\n\n# test script's output:\nE\n======================================================================\nERROR: test (__main__.Test)\n----------------------------------------------------------------------\nTraceback (most recent call last):\n  File \"/Users/watch/PycharmProjects/XXXX-1-LLM/workspace/2024-02-13_16-17-22-530977/test_script.py\", line 19, in test\n    self.assertEqual(function_under_test(5), [1, 2, 6, 24, 15])\nNameError: name 'function_under_test' is not defined\n\n----------------------------------------------------------------------\nRan 1 test in 0.000s\n\nFAILED (errors=1)\n\nConclusion: Code Test Failed\n\nExample:\nInput: \ndef f(n):\n    result = []\n    for i in range(1, n+1):\n        if i % 2 == 0:\n            fact = 1\n            for j in range(1, i+1):\n                fact *= j\n            result.append(fact)\n        else:\n            sum_val = 0\n            for j in range(1, i+1):\n                sum_val += j\n            result.append(sum_val)\n    return result\n\nExpected Output: [1, 2, 6, 24, 15]\n\nUpon analyzing the test script's output, it is evident that the code has failed the test. The error is due to the name 'function_under_test' not being defined, resulting in the failure of the test. An example of the input and the expected output has been provided for reference.\n\nCode Test Failed# suggestions:\n{\"product-owner\": [\"We should prioritize fixing the error in the code test to ensure the quality of the product.\"], \"architect\": [\"conducting a code review to identify and fix the issue with the 'function_under_test' not being defined, and ensuring that the code meets the test requirements.\"], \"developer\": [\"review the test script and ensure that the function_under_test is properly defined in the code.\"], \"tester\": [\"review the test report and suggest checking if the 'function_under_test' is properly defined in the code.\"]}",
        "Question": "The original code has some bugs, according to the test report and suggestions, rewrite the code. Complete the following code:\n\ndef f(n):\n    \"\"\" Implement the function f that takes n as a parameter,\n    and returns a list of size n, such that the value of the element at index i is the factorial of i if i is even\n    or the sum of numbers from 1 to i otherwise.\n    i starts from 1.\n    the factorial of i is the multiplication of the numbers from 1 to i (1 * 2 * ... * i).\n    Example:\n    f(5) == [1, 2, 6, 24, 15]\n    \"\"\"\n"
    }
}