{
    "start_time": "2024-03-11_09-11-09-088094",
    "task": "def last_Digit(n) :\n'''Write a python function to find the last digit of a given number.\nassert last_Digit(123) == 3'''\n",
    "datetime": {
        "task": "2024-03-11 09:11:09",
        "task-id": "2024-03-11 09:11:09",
        "workflow": "2024-03-11 09:11:09",
        "Discussion": "2024-03-11 09:11:10",
        "DisorderedSprintMeetings": "2024-03-11 09:11:11",
        "DesignDraft0": "2024-03-11 09:11:12",
        "DesignMeetings0": "2024-03-11 09:11:14",
        "Design0": "2024-03-11 09:11:15",
        "CodeDraft0": "2024-03-11 09:11:16",
        "CodeReviewMeetings0": "2024-03-11 09:11:17",
        "Code0CR": "2024-03-11 09:11:19",
        "FinalCode": "2024-03-11 09:11:54",
        "Test Cases Draft": "2024-03-11 09:11:21",
        "Test Cases Meetings": "2024-03-11 09:11:22",
        "Test Cases": "2024-03-11 09:11:24",
        "Code0": "2024-03-11 09:11:26",
        "TestScriptOriginal": "2024-03-11 09:11:27",
        "TestScript": "2024-03-11 09:11:27",
        "ScriptResult0": "2024-03-11 09:11:27",
        "TestReport0": "2024-03-11 09:11:34",
        "SprintReview0": "2024-03-11 09:11:36",
        "SprintReviewMeetings0": "2024-03-11 09:11:38",
        "RepairResponse0": "2024-03-11 09:11:39",
        "Code1": "2024-03-11 09:11:39",
        "ScriptResult1": "2024-03-11 09:11:39",
        "TestReport1": "2024-03-11 09:11:42",
        "SprintReview1": "2024-03-11 09:11:44",
        "SprintReviewMeetings1": "2024-03-11 09:11:46",
        "RepairResponse1": "2024-03-11 09:11:47",
        "Code2": "2024-03-11 09:11:47",
        "ScriptResult2": "2024-03-11 09:11:47",
        "TestReport2": "2024-03-11 09:11:49",
        "SprintReview2": "2024-03-11 09:11:51",
        "SprintReviewMeetings2": "2024-03-11 09:11:53",
        "RepairResponse2": "2024-03-11 09:11:54",
        "Code3": "2024-03-11 09:11:54",
        "ScriptResult3": "2024-03-11 09:11:54",
        "TestReport3": "2024-03-11 09:11:57"
    },
    "task-id": 435,
    "workflow": "agile/agile_version_0.0.5_remove.json",
    "Discussion": "[ScrumMaster]says: We have a job: def last_Digit(n) :\n'''Write a python function to find the last digit of a given number.\nassert last_Digit(123) == 3'''\n, do you have any ideas?\n-----\n\n[ProductOwner]says: As a Product Owner, I believe we should gather user requirements and prioritize the features for the last_Digit function before development.\n-----\n\n[Tester]says: As a Tester, I would suggest writing test cases to cover different scenarios of the last_Digit function.\n-----\n\n[Developer]says: As a developer, I think the first step is to define the function and its input parameters.\n-----\n\n[Architect]says: As an Architect, I think we should consider the efficiency and scalability of the function to find the last digit. Let's make sure the solution can handle large numbers and is optimized for performance.\n-----\n\n[Tester]says: [Tester] I will make sure to cover edge cases and boundary conditions in the test cases for the last_Digit function.\n-----\n\n[ProductOwner]says: [ProductOwner] I think the first step is to gather user requirements and prioritize the features for the last_Digit function before development.\n-----\n\n[Architect]says: As an Architect, I will ensure that the solution for finding the last digit is efficient and scalable, capable of handling large numbers and optimized for performance.\n-----\n\n[Developer]says: As a developer, I will start by defining the function and its input parameters for the last_Digit function.\n-----\n",
    "DisorderedSprintMeetings": "{\n  \"product-owner\": [\"Gather user requirements\", \"Prioritize features\"],\n  \"architect\": [\"Consider efficiency and scalability\", \"Optimize for performance\"],\n  \"developer\": [\"Define function\", \"Define input parameters\"],\n  \"tester\": [\"Write test cases\", \"Cover different scenarios\"]\n}",
    "DisorderedSprintMeetings_prompt": "{\"Role\": \"You are a professional scrum master. Your goal is to breakdown the Discussion History into a task list for the scrum team.\", \"Instruction\": \"1. Read and Understand the Discussion History. 2. Define the tasks for four roles: product-owner/architect/developer/tester. 3. Response in JSON format.\", \"Example\": \"{\\\"product-owner\\\":[\\\"task1\\\",\\\"task2\\\"],\\\"architect\\\":[\\\"task1\\\",\\\"task2\\\"], \\\"developer\\\":[\\\"task1\\\",\\\"task2\\\"], \\\"tester\\\":[\\\"task1\\\",\\\"task2\\\"]}\", \"Context\": \"[ScrumMaster]says: We have a job: def last_Digit(n) :\\n'''Write a python function to find the last digit of a given number.\\nassert last_Digit(123) == 3'''\\n, do you have any ideas?\\n-----\\n\\n[ProductOwner]says: As a Product Owner, I believe we should gather user requirements and prioritize the features for the last_Digit function before development.\\n-----\\n\\n[Tester]says: As a Tester, I would suggest writing test cases to cover different scenarios of the last_Digit function.\\n-----\\n\\n[Developer]says: As a developer, I think the first step is to define the function and its input parameters.\\n-----\\n\\n[Architect]says: As an Architect, I think we should consider the efficiency and scalability of the function to find the last digit. Let's make sure the solution can handle large numbers and is optimized for performance.\\n-----\\n\\n[Tester]says: [Tester] I will make sure to cover edge cases and boundary conditions in the test cases for the last_Digit function.\\n-----\\n\\n[ProductOwner]says: [ProductOwner] I think the first step is to gather user requirements and prioritize the features for the last_Digit function before development.\\n-----\\n\\n[Architect]says: As an Architect, I will ensure that the solution for finding the last digit is efficient and scalable, capable of handling large numbers and optimized for performance.\\n-----\\n\\n[Developer]says: As a developer, I will start by defining the function and its input parameters for the last_Digit function.\\n-----\\n\", \"Question\": \"Follow the Instruction section. The Discussion History is in the Context section. You only need to return a task list as the Example section.\"}",
    "DesignDraft0": "Design:\n\nThe design should focus on creating a Python function to find the last digit of a given number. The function should be optimized for performance and efficiency, considering scalability. It should guide the developer in writing code that meets these requirements.\n\nSample Code:\n\n```python\ndef last_Digit(n) :\n    '''Write a python function to find the last digit of a given number.\n    assert last_Digit(123) == 3'''\n    \n    return n % 10\n```",
    "DesignMeetings0": "{\n  \"Developer\": \"The code provided is a simple and efficient way to find the last digit of a given number. However, to optimize for performance and efficiency, we can consider using bitwise operations to achieve the same result. We can also add error handling for cases where the input is not a valid number.\",\n  \"Tester\": \"As a tester, I would suggest writing test cases to cover a wide range of scenarios, including positive and negative numbers, large numbers, and edge cases such as 0 and negative numbers. We should also check for performance by testing with very large inputs to ensure the function is optimized for scalability.\"\n}",
    "Design0": "Design:\n\nThe design should focus on creating a Python function to find the last digit of a given number. The function should be optimized for performance and efficiency, considering scalability. It should guide the developer in writing code that meets these requirements.\n\nSample Code:\n\n```python\ndef last_Digit(n) :\n    '''Write a python function to find the last digit of a given number.\n    assert last_Digit(123) == 3'''\n    \n    try:\n        return n % 10\n    except TypeError:\n        return \"Invalid input\"\n```",
    "CodeDraft0": "def last_Digit(n) :\n    '''Write a python function to find the last digit of a given number.\n    assert last_Digit(123) == 3'''\n    \n    try:\n        return n % 10\n    except TypeError:\n        return \"Invalid input\"\n",
    "CodeDraft0_prompt": {
        "Role": "You are a professional engineer. Your duty is to write code in Python that meets the requirements. Ensure that the code you write is efficient, readable, and follows best practices. Remember, do not need to explain the code you wrote.",
        "Instruction": "According to the Context section, write your code.",
        "Example": "",
        "Context": "# Tasks:\n['Define function', 'Define input parameters']\n# Design:\nDesign:\n\nThe design should focus on creating a Python function to find the last digit of a given number. The function should be optimized for performance and efficiency, considering scalability. It should guide the developer in writing code that meets these requirements.\n\nSample Code:\n\n```python\ndef last_Digit(n) :\n    '''Write a python function to find the last digit of a given number.\n    assert last_Digit(123) == 3'''\n    \n    try:\n        return n % 10\n    except TypeError:\n        return \"Invalid input\"\n```",
        "Question": "Follow the Instruction section. Complete the following code:\ndef last_Digit(n) :\n'''Write a python function to find the last digit of a given number.\nassert last_Digit(123) == 3'''\n"
    },
    "CodeReviewMeetings0": "{\n  \"Architect\": \"The function could benefit from better error handling, such as checking if the input is a valid number before performing the modulus operation. Additionally, the function name could be more descriptive to indicate its purpose.\",\n  \"Tester\": \"The test case provided in the docstring is not enough to cover all possible scenarios. More test cases should be added to ensure the function works correctly for various inputs, including edge cases and invalid inputs.\"\n}",
    "Code0CR": "def find_last_digit(number: int) -> int:\n    try:\n        if isinstance(number, int):\n            return abs(number) % 10\n        else:\n            raise ValueError(\"Invalid input\")\n    except Exception as e:\n        raise e\n\n# Additional test cases\nassert find_last_digit(123) == 3\nassert find_last_digit(0) == 0\nassert find_last_digit(-123) == 3\nassert find_last_digit(10) == 0\nassert find_last_digit(987654321) == 1\nassert find_last_digit(-987654321) == 1\nassert find_last_digit(3.14) == 3\nassert find_last_digit(\"abc\") == \"Invalid input\"",
    "Code0CR_prompt": "{\"Role\": \"You are a professional software engineer. Your duty is to write code in Python that meets the requirements. Ensure that the code you write is efficient, readable, and follows best practices. Remember, do not need to explain the code you wrote.\", \"Instruction\": \"1. Understand the suggestions(in the Context section) about the original code. 2. Rewrite your code.\", \"Example\": \"\", \"Context\": \"# Tasks:\\n['Define function', 'Define input parameters']\\n# Design:\\nDesign:\\n\\nThe design should focus on creating a Python function to find the last digit of a given number. The function should be optimized for performance and efficiency, considering scalability. It should guide the developer in writing code that meets these requirements.\\n\\nSample Code:\\n\\n```python\\ndef last_Digit(n) :\\n    '''Write a python function to find the last digit of a given number.\\n    assert last_Digit(123) == 3'''\\n    \\n    try:\\n        return n % 10\\n    except TypeError:\\n        return \\\"Invalid input\\\"\\n```# Suggestions:\\n{\\n  \\\"Architect\\\": \\\"The function could benefit from better error handling, such as checking if the input is a valid number before performing the modulus operation. Additionally, the function name could be more descriptive to indicate its purpose.\\\",\\n  \\\"Tester\\\": \\\"The test case provided in the docstring is not enough to cover all possible scenarios. More test cases should be added to ensure the function works correctly for various inputs, including edge cases and invalid inputs.\\\"\\n}\", \"Question\": \"Follow the Instruction section. Complete the following code:\\ndef last_Digit(n) :\\n'''Write a python function to find the last digit of a given number.\\nassert last_Digit(123) == 3'''\\n\"}",
    "FinalCode": "def last_digit(n):\n    return int(str(n)[-1])",
    "Test Cases Draft": "{\n  \"requirement analysis\": \"analysis\",\n  \"test_cases\": [\n    {\n      \"Test Title\": \"Test case 1\",\n      \"Input Data\": \"parameter1=123, parameter2='456'\",\n      \"Expected Output\": \"3\"\n    },\n    {\n      \"Test Title\": \"Test case 2\",\n      \"Input Data\": \"parameter1=456, parameter2='789'\",\n      \"Expected Output\": \"6\"\n    }\n  ]\n}",
    "Test Cases Draft_prompt": "{\"Role\": \"You are a quality assurance engineer. Your duty is to design test cases for the developers.\", \"Instruction\": \"According to the Context section, write test cases. Don't write long strings in your test cases. Response in JSON format.\", \"Example\": \"{\\\"requirement analysis\\\":\\\"analysis\\\",\\\"test_cases\\\":[{\\\"Test Title\\\":\\\"title\\\", \\\"Input Data\\\":\\\"parameter1=[1,2,3],parameter2='123'\\\", \\\"Expected Output\\\":\\\"456\\\"},]}\", \"Context\": \"# Tasks:\\n['Write test cases', 'Cover different scenarios']\\n# Design:\\nDesign:\\n\\nThe design should focus on creating a Python function to find the last digit of a given number. The function should be optimized for performance and efficiency, considering scalability. It should guide the developer in writing code that meets these requirements.\\n\\nSample Code:\\n\\n```python\\ndef last_Digit(n) :\\n    '''Write a python function to find the last digit of a given number.\\n    assert last_Digit(123) == 3'''\\n    \\n    try:\\n        return n % 10\\n    except TypeError:\\n        return \\\"Invalid input\\\"\\n```\", \"Question\": \"def last_Digit(n) :\\n'''Write a python function to find the last digit of a given number.\\nassert last_Digit(123) == 3'''\\n\"}",
    "Test Cases Meetings": "{\n  \"Architect\": \"As an Architect, I suggest revising the test cases to include edge cases and boundary conditions. Also, ensure that the test cases cover all possible scenarios and combinations of input data.\",\n  \"Developer\": \"As a Developer, I suggest revising the test cases to include negative test cases, where the input data does not meet the expected format or type. Additionally, it would be beneficial to include test cases for error handling and exception scenarios.\"\n}",
    "Test Cases": "{\n  \"requirement analysis\": \"analysis\",\n  \"test_cases\": [\n    {\n      \"Test Title\": \"Test case 1\",\n      \"Input Data\": \"parameter1=1, parameter2='123'\",\n      \"Expected Output\": \"3\"\n    },\n    {\n      \"Test Title\": \"Test case 2\",\n      \"Input Data\": \"parameter1=2, parameter2='456'\",\n      \"Expected Output\": \"3\"\n    },\n    {\n      \"Test Title\": \"Test case 3\",\n      \"Input Data\": \"parameter1=3, parameter2='789'\",\n      \"Expected Output\": \"3\"\n    }\n  ]\n}",
    "Test Cases_prompt": "{\"Role\": \"You are a quality assurance engineer. Your duty is to revise the test cases based on the suggestions.\", \"Instruction\": \"1. Your colleague give you some suggestions(in the Context section) about the draft test cases, read these suggestions. 2. Revise your draft version test cases, but don't use long parameters. 3. Response in JSON format.\", \"Example\": \"{\\\"requirement analysis\\\":\\\"analysis\\\",\\\"test_cases\\\":[{\\\"Test Title\\\":\\\"title\\\", \\\"Input Data\\\":\\\"parameter1=[1,2,3],parameter2='123'\\\", \\\"Expected Output\\\":\\\"456\\\"},]}\", \"Context\": \"# Suggestions:\\n{\\n  \\\"Architect\\\": \\\"As an Architect, I suggest revising the test cases to include edge cases and boundary conditions. Also, ensure that the test cases cover all possible scenarios and combinations of input data.\\\",\\n  \\\"Developer\\\": \\\"As a Developer, I suggest revising the test cases to include negative test cases, where the input data does not meet the expected format or type. Additionally, it would be beneficial to include test cases for error handling and exception scenarios.\\\"\\n}\\n # Draft Test cases:\\n{\\n  \\\"requirement analysis\\\": \\\"analysis\\\",\\n  \\\"test_cases\\\": [\\n    {\\n      \\\"Test Title\\\": \\\"Test case 1\\\",\\n      \\\"Input Data\\\": \\\"parameter1=123, parameter2='456'\\\",\\n      \\\"Expected Output\\\": \\\"3\\\"\\n    },\\n    {\\n      \\\"Test Title\\\": \\\"Test case 2\\\",\\n      \\\"Input Data\\\": \\\"parameter1=456, parameter2='789'\\\",\\n      \\\"Expected Output\\\": \\\"6\\\"\\n    }\\n  ]\\n}\", \"Question\": \"Follow the Instruction. Please make sure your response length are less than 512. Your test cases is for the below question:\\ndef last_Digit(n) :\\n'''Write a python function to find the last digit of a given number.\\nassert last_Digit(123) == 3'''\\n\"}",
    "Code0": "def last_digit(number: int) -> int:\n    try:\n        if isinstance(number, int):\n            return abs(number) % 10\n        else:\n            raise ValueError(\"Invalid input\")\n    except Exception as e:\n        raise e\n\n# Additional test cases\nassert last_digit(123) == 3\nassert last_digit(0) == 0\nassert last_digit(-123) == 3\nassert last_digit(10) == 0\nassert last_digit(987654321) == 1\nassert last_digit(-987654321) == 1\nassert last_digit(3.14) == 3\nassert last_digit(\"abc\") == \"Invalid input\"",
    "Code0_prompt": {
        "Role": "You are a professional software engineer. Your duty is to write code in Python that meets the requirements. Ensure that the code you write is efficient, readable, and follows best practices. Remember, do not need to explain the code you wrote.",
        "Instruction": "1. Understand the test cases(in the Context section) about the original code. 2. Rewrite your code, make sure your code pass all test cases.",
        "Example": "",
        "Context": "# Original Code:\ndef find_last_digit(number: int) -> int:\n    try:\n        if isinstance(number, int):\n            return abs(number) % 10\n        else:\n            raise ValueError(\"Invalid input\")\n    except Exception as e:\n        raise e\n\n# Additional test cases\nassert find_last_digit(123) == 3\nassert find_last_digit(0) == 0\nassert find_last_digit(-123) == 3\nassert find_last_digit(10) == 0\nassert find_last_digit(987654321) == 1\nassert find_last_digit(-987654321) == 1\nassert find_last_digit(3.14) == 3\nassert find_last_digit(\"abc\") == \"Invalid input\"\n# Test Cases:\n{\n  \"requirement analysis\": \"analysis\",\n  \"test_cases\": [\n    {\n      \"Test Title\": \"Test case 1\",\n      \"Input Data\": \"parameter1=1, parameter2='123'\",\n      \"Expected Output\": \"3\"\n    },\n    {\n      \"Test Title\": \"Test case 2\",\n      \"Input Data\": \"parameter1=2, parameter2='456'\",\n      \"Expected Output\": \"3\"\n    },\n    {\n      \"Test Title\": \"Test case 3\",\n      \"Input Data\": \"parameter1=3, parameter2='789'\",\n      \"Expected Output\": \"3\"\n    }\n  ]\n}",
        "Question": "def last_Digit(n) :\n'''Write a python function to find the last digit of a given number.\nassert last_Digit(123) == 3'''\n"
    },
    "TestScriptOriginal": "import unittest\n\ndef last_Digit(n):\n    return n % 10\n\nclass Test(unittest.TestCase):\n    def test(self):\n        self.assertEqual(last_Digit(123), 3)\n\nif __name__ == '__main__':\n    unittest.main()",
    "TestScriptOriginal_prompt": "{\"Role\": \"You are a quality assurance engineer. Your duty is to write a python test script in unittest framework.\", \"Instruction\": \"1. Write a python test script. 2. Use the input and output given by the question.\", \"Example\": \"import unittest\\n\\nclass Test(unittest.TestCase):\\n    def test(self):\\n        self.assertEqual(function_under_test('a'), 1)\\n\\nif __name__ == '__main__':\\n    unittest.main()\", \"Context\": \"\", \"Question\": \"def last_Digit(n) :\\n'''Write a python function to find the last digit of a given number.\\nassert last_Digit(123) == 3'''\\n\"}",
    "TestScript": "import unittest\n\nclass Test(unittest.TestCase):\n    def test(self):\n        self.assertEqual(last_Digit(123), 3)\n\nif __name__ == '__main__':\n    unittest.main()",
    "ScriptResult0": "Traceback (most recent call last):\n  File \"/Users/watch/PycharmProjects/XXXX-1-LLM/workspace/2024-03-11_09-11-09-088094/test_script.py\", line 17, in <module>\n    assert last_digit(3.14) == 3\n  File \"/Users/watch/PycharmProjects/XXXX-1-LLM/workspace/2024-03-11_09-11-09-088094/test_script.py\", line 8, in last_digit\n    raise e\n  File \"/Users/watch/PycharmProjects/XXXX-1-LLM/workspace/2024-03-11_09-11-09-088094/test_script.py\", line 6, in last_digit\n    raise ValueError(\"Invalid input\")\nValueError: Invalid input\n",
    "TestReport0": "Test Report\n\nTest Script's Output:\nTraceback (most recent call last):\n  File \"/Users/watch/PycharmProjects/XXXX-1-LLM/workspace/2024-03-11_09-11-09-088094/test_script.py\", line 17, in <module>\n    assert last_digit(3.14) == 3\n  File \"/Users/watch/PycharmProjects/XXXX-1-LLM/workspace/2024-03-11_09-11-09-088094/test_script.py\", line 8, in last_digit\n    raise e\n  File \"/Users/watch/PycharmProjects/XXXX-1-LLM/workspace/2024-03-11_09-11-09-088094/test_script.py\", line 6, in last_digit\n    raise ValueError(\"Invalid input\")\nValueError: Invalid input\n\nTest Analysis:\nThe code has failed the tests. The last_digit function is not handling non-integer inputs properly and is raising a ValueError for invalid input instead of returning the string \"Invalid input\" as expected.\n\nInput and Expected Output Example:\nInput: last_digit(3.14)\nExpected Output: \"Invalid input\"\n\nConclusion:\nCode Test Failed. The last_digit function does not handle non-integer inputs as expected according to the additional test cases.\n\nRecommendation:\nThe last_digit function should be modified to handle non-integer inputs by returning the string \"Invalid input\" instead of raising a ValueError.\n\nEnd of Report.",
    "SprintReview0": "[ScrumMaster]says: Here is our test Report: Test Report\n\nTest Script's Output:\nTraceback (most recent call last):\n  File \"/Users/watch/PycharmProjects/XXXX-1-LLM/workspace/2024-03-11_09-11-09-088094/test_script.py\", line 17, in <module>\n    assert last_digit(3.14) == 3\n  File \"/Users/watch/PycharmProjects/XXXX-1-LLM/workspace/2024-03-11_09-11-09-088094/test_script.py\", line 8, in last_digit\n    raise e\n  File \"/Users/watch/PycharmProjects/XXXX-1-LLM/workspace/2024-03-11_09-11-09-088094/test_script.py\", line 6, in last_digit\n    raise ValueError(\"Invalid input\")\nValueError: Invalid input\n\nTest Analysis:\nThe code has failed the tests. The last_digit function is not handling non-integer inputs properly and is raising a ValueError for invalid input instead of returning the string \"Invalid input\" as expected.\n\nInput and Expected Output Example:\nInput: last_digit(3.14)\nExpected Output: \"Invalid input\"\n\nConclusion:\nCode Test Failed. The last_digit function does not handle non-integer inputs as expected according to the additional test cases.\n\nRecommendation:\nThe last_digit function should be modified to handle non-integer inputs by returning the string \"Invalid input\" instead of raising a ValueError.\n\nEnd of Report., do you have any ideas?\n-----\n\n[ProductOwner]says: As a Product Owner, I think we should prioritize fixing the last_digit function to handle non-integer inputs properly in order to improve the overall quality of the product.\n-----\n\n[Architect]says: As an Architect, to create a product, we should modify the last_digit function to handle non-integer inputs by returning the string \"Invalid input\" instead of raising a ValueError.\n-----\n\n[Tester]says: As a Tester, I think the last_digit function should be modified to handle non-integer inputs by returning the string \"Invalid input\" instead of raising a ValueError.\n-----\n\n[Developer]says: As a Developer, I think the first step is to modify the last_digit function to handle non-integer inputs by returning the string \"Invalid input\" instead of raising a ValueError.\n-----\n\n[ProductOwner]says: As a Product Owner, I think we should prioritize fixing the last_digit function to handle non-integer inputs properly in order to improve the overall quality of the product.\n-----\n\n[Architect]says: As an Architect, I think the first step is to modify the last_digit function to handle non-integer inputs by returning the string \"Invalid input\" instead of raising a ValueError.\n-----\n\n[Tester]says: As a Tester, I think the last_digit function should be modified to handle non-integer inputs by returning the string \"Invalid input\" instead of raising a ValueError.\n-----\n\n[Developer]says: As a Developer, I will take the first step to modify the last_digit function to handle non-integer inputs by returning the string \"Invalid input\" instead of raising a ValueError.\n-----\n",
    "SprintReviewMeetings0": "{\n  \"product-owner\": [\"We should prioritize fixing the last_digit function to handle non-integer inputs properly in order to improve the overall quality of the product.\"],\n  \"architect\": [\"To create a product, we should modify the last_digit function to handle non-integer inputs by returning the string \\\"Invalid input\\\" instead of raising a ValueError.\"],\n  \"developer\": [\"The first step is to modify the last_digit function to handle non-integer inputs by returning the string \\\"Invalid input\\\" instead of raising a ValueError.\", \"I will take the first step to modify the last_digit function to handle non-integer inputs by returning the string \\\"Invalid input\\\" instead of raising a ValueError.\"],\n  \"tester\": [\"The last_digit function should be modified to handle non-integer inputs by returning the string \\\"Invalid input\\\" instead of raising a ValueError.\"]\n}",
    "SprintReviewMeetings0_prompt": "{\"Role\": \"You are a professional scrum master. Your goal is to summary the Discussion History into a suggestions list for the scrum team.\", \"Instruction\": \"1. Read and Understand the Discussion History. 2. Summary the suggestions from four roles: product-owner/architect/developer/tester. 3. Response in JSON format.\", \"Example\": \"{\\\"product-owner\\\":[\\\"suggestion1\\\",\\\"suggestion2\\\"],\\\"architect\\\":[\\\"suggestion1\\\",\\\"suggestion2\\\"], \\\"developer\\\":[\\\"suggestion1\\\",\\\"suggestion2\\\"], \\\"tester\\\":[\\\"suggestion1\\\",\\\"suggestion2\\\"]}\", \"Context\": \"[ScrumMaster]says: Here is our test Report: Test Report\\n\\nTest Script's Output:\\nTraceback (most recent call last):\\n  File \\\"/Users/watch/PycharmProjects/XXXX-1-LLM/workspace/2024-03-11_09-11-09-088094/test_script.py\\\", line 17, in <module>\\n    assert last_digit(3.14) == 3\\n  File \\\"/Users/watch/PycharmProjects/XXXX-1-LLM/workspace/2024-03-11_09-11-09-088094/test_script.py\\\", line 8, in last_digit\\n    raise e\\n  File \\\"/Users/watch/PycharmProjects/XXXX-1-LLM/workspace/2024-03-11_09-11-09-088094/test_script.py\\\", line 6, in last_digit\\n    raise ValueError(\\\"Invalid input\\\")\\nValueError: Invalid input\\n\\nTest Analysis:\\nThe code has failed the tests. The last_digit function is not handling non-integer inputs properly and is raising a ValueError for invalid input instead of returning the string \\\"Invalid input\\\" as expected.\\n\\nInput and Expected Output Example:\\nInput: last_digit(3.14)\\nExpected Output: \\\"Invalid input\\\"\\n\\nConclusion:\\nCode Test Failed. The last_digit function does not handle non-integer inputs as expected according to the additional test cases.\\n\\nRecommendation:\\nThe last_digit function should be modified to handle non-integer inputs by returning the string \\\"Invalid input\\\" instead of raising a ValueError.\\n\\nEnd of Report., do you have any ideas?\\n-----\\n\\n[ProductOwner]says: As a Product Owner, I think we should prioritize fixing the last_digit function to handle non-integer inputs properly in order to improve the overall quality of the product.\\n-----\\n\\n[Architect]says: As an Architect, to create a product, we should modify the last_digit function to handle non-integer inputs by returning the string \\\"Invalid input\\\" instead of raising a ValueError.\\n-----\\n\\n[Tester]says: As a Tester, I think the last_digit function should be modified to handle non-integer inputs by returning the string \\\"Invalid input\\\" instead of raising a ValueError.\\n-----\\n\\n[Developer]says: As a Developer, I think the first step is to modify the last_digit function to handle non-integer inputs by returning the string \\\"Invalid input\\\" instead of raising a ValueError.\\n-----\\n\\n[ProductOwner]says: As a Product Owner, I think we should prioritize fixing the last_digit function to handle non-integer inputs properly in order to improve the overall quality of the product.\\n-----\\n\\n[Architect]says: As an Architect, I think the first step is to modify the last_digit function to handle non-integer inputs by returning the string \\\"Invalid input\\\" instead of raising a ValueError.\\n-----\\n\\n[Tester]says: As a Tester, I think the last_digit function should be modified to handle non-integer inputs by returning the string \\\"Invalid input\\\" instead of raising a ValueError.\\n-----\\n\\n[Developer]says: As a Developer, I will take the first step to modify the last_digit function to handle non-integer inputs by returning the string \\\"Invalid input\\\" instead of raising a ValueError.\\n-----\\n\", \"Question\": \"Follow the Instruction section. The Discussion History is in the Context section. You only need to return a list as the Example section.\"}",
    "RepairResponse0": "{\n  \"revised_code\": \"def last_digit(n):\\n    if isinstance(n, int):\\n        return n % 10\\n    else:\\n        return 'Invalid input'\"\n}",
    "RepairResponse0_prompt": {
        "Role": "You are a professional software engineer. Your duty is to write code in Python that meets the requirements. Ensure that the code you write is efficient, readable, and follows best practices. Remember, do not need to explain the code you wrote.",
        "Instruction": "1. Rewrite a bug fix version of the original code. 2. Response in JSON format.",
        "Example": "{\"revised_code\":\"...\"}",
        "Context": "# Test Report:\nTest Report\n\nTest Script's Output:\nTraceback (most recent call last):\n  File \"/Users/watch/PycharmProjects/XXXX-1-LLM/workspace/2024-03-11_09-11-09-088094/test_script.py\", line 17, in <module>\n    assert last_digit(3.14) == 3\n  File \"/Users/watch/PycharmProjects/XXXX-1-LLM/workspace/2024-03-11_09-11-09-088094/test_script.py\", line 8, in last_digit\n    raise e\n  File \"/Users/watch/PycharmProjects/XXXX-1-LLM/workspace/2024-03-11_09-11-09-088094/test_script.py\", line 6, in last_digit\n    raise ValueError(\"Invalid input\")\nValueError: Invalid input\n\nTest Analysis:\nThe code has failed the tests. The last_digit function is not handling non-integer inputs properly and is raising a ValueError for invalid input instead of returning the string \"Invalid input\" as expected.\n\nInput and Expected Output Example:\nInput: last_digit(3.14)\nExpected Output: \"Invalid input\"\n\nConclusion:\nCode Test Failed. The last_digit function does not handle non-integer inputs as expected according to the additional test cases.\n\nRecommendation:\nThe last_digit function should be modified to handle non-integer inputs by returning the string \"Invalid input\" instead of raising a ValueError.\n\nEnd of Report.# suggestions:\n{\"product-owner\": [\"We should prioritize fixing the last_digit function to handle non-integer inputs properly in order to improve the overall quality of the product.\"], \"architect\": [\"To create a product, we should modify the last_digit function to handle non-integer inputs by returning the string \\\"Invalid input\\\" instead of raising a ValueError.\"], \"developer\": [\"The first step is to modify the last_digit function to handle non-integer inputs by returning the string \\\"Invalid input\\\" instead of raising a ValueError.\", \"I will take the first step to modify the last_digit function to handle non-integer inputs by returning the string \\\"Invalid input\\\" instead of raising a ValueError.\"], \"tester\": [\"The last_digit function should be modified to handle non-integer inputs by returning the string \\\"Invalid input\\\" instead of raising a ValueError.\"]}",
        "Question": "The original code has some bugs, according to the test report and suggestions, rewrite the code. Complete the following code:\ndef last_Digit(n) :\n'''Write a python function to find the last digit of a given number.\nassert last_Digit(123) == 3'''\n"
    },
    "Code1": "def last_digit(n):\n    if isinstance(n, int):\n        return n % 10\n    else:\n        return 'Invalid input'",
    "ScriptResult1": "E\n======================================================================\nERROR: test (__main__.Test)\n----------------------------------------------------------------------\nTraceback (most recent call last):\n  File \"/Users/watch/PycharmProjects/XXXX-1-LLM/workspace/2024-03-11_09-11-09-088094/test_script.py\", line 10, in test\n    self.assertEqual(last_Digit(123), 3)\nNameError: name 'last_Digit' is not defined\n\n----------------------------------------------------------------------\nRan 1 test in 0.000s\n\nFAILED (errors=1)\n",
    "TestReport1": "Test Report:\n\nTest Script Output:\n# test script's output:\nE\n======================================================================\nERROR: test (__main__.Test)\n----------------------------------------------------------------------\nTraceback (most recent call last):\n  File \"/Users/watch/PycharmProjects/XXXX-1-LLM/workspace/2024-03-11_09-11-09-088094/test_script.py\", line 10, in test\n    self.assertEqual(last_Digit(123), 3)\nNameError: name 'last_Digit' is not defined\n\n----------------------------------------------------------------------\nRan 1 test in 0.000s\n\nFAILED (errors=1)\n\nAnalysis:\nThe test script output indicates an error in the code. The 'last_Digit' function is not defined, leading to a NameError when the test is performed.\n\nConclusion:\nCode Test Failed\n\nInput and Expected Output Example:\ndef last_digit(n):\n    if isinstance(n, int):\n        return n % 10\n    else:\n        return 'Invalid input'\n\nRecommendation:\nThe 'last_Digit' function needs to be corrected and properly defined to resolve the NameError and ensure the code passes the test.\n\nTest Report Completed.",
    "SprintReview1": "[ScrumMaster]says: Here is our test Report: Test Report:\n\nTest Script Output:\n# test script's output:\nE\n======================================================================\nERROR: test (__main__.Test)\n----------------------------------------------------------------------\nTraceback (most recent call last):\n  File \"/Users/watch/PycharmProjects/XXXX-1-LLM/workspace/2024-03-11_09-11-09-088094/test_script.py\", line 10, in test\n    self.assertEqual(last_Digit(123), 3)\nNameError: name 'last_Digit' is not defined\n\n----------------------------------------------------------------------\nRan 1 test in 0.000s\n\nFAILED (errors=1)\n\nAnalysis:\nThe test script output indicates an error in the code. The 'last_Digit' function is not defined, leading to a NameError when the test is performed.\n\nConclusion:\nCode Test Failed\n\nInput and Expected Output Example:\ndef last_digit(n):\n    if isinstance(n, int):\n        return n % 10\n    else:\n        return 'Invalid input'\n\nRecommendation:\nThe 'last_Digit' function needs to be corrected and properly defined to resolve the NameError and ensure the code passes the test.\n\nTest Report Completed., do you have any ideas?\n-----\n\n[ProductOwner]says: As a Product Owner, I will prioritize fixing the 'last_Digit' function to ensure the code passes the test and the product meets the required quality standards.\n-----\n\n[Developer]says: As a Developer, I think the first step is to correct and properly define the 'last_Digit' function to resolve the NameError and ensure the code passes the test.\n-----\n\n[Tester]says: As a Tester, I recommend defining the 'last_digit' function properly to resolve the NameError and ensure the code passes the test.\n-----\n\n[Architect]says: As an architect, I would suggest defining and correcting the 'last_Digit' function to resolve the NameError and ensure the code passes the test.\n-----\n\n[Developer]says: As a Developer, I will start by correcting and properly defining the 'last_Digit' function to resolve the NameError and ensure the code passes the test.\n-----\n\n[Tester]says: As a Tester, I recommend defining the 'last_digit' function properly to resolve the NameError and ensure the code passes the test.\n-----\n\n[ProductOwner]says: [ProductOwner] As a Product Owner, I will prioritize fixing the 'last_Digit' function to ensure the code passes the test and the product meets the required quality standards.\n-----\n\n[Architect]says: As an architect, I would suggest defining and correcting the 'last_Digit' function to resolve the NameError and ensure the code passes the test.\n-----\n",
    "SprintReviewMeetings1": "{\n  \"product-owner\": [\"I will prioritize fixing the 'last_Digit' function to ensure the code passes the test and the product meets the required quality standards.\"],\n  \"architect\": [\"I would suggest defining and correcting the 'last_Digit' function to resolve the NameError and ensure the code passes the test.\"],\n  \"developer\": [\"I think the first step is to correct and properly define the 'last_Digit' function to resolve the NameError and ensure the code passes the test.\", \"I will start by correcting and properly defining the 'last_Digit' function to resolve the NameError and ensure the code passes the test.\"],\n  \"tester\": [\"I recommend defining the 'last_digit' function properly to resolve the NameError and ensure the code passes the test.\", \"I recommend defining the 'last_digit' function properly to resolve the NameError and ensure the code passes the test.\"]\n}",
    "SprintReviewMeetings1_prompt": "{\"Role\": \"You are a professional scrum master. Your goal is to summary the Discussion History into a suggestions list for the scrum team.\", \"Instruction\": \"1. Read and Understand the Discussion History. 2. Summary the suggestions from four roles: product-owner/architect/developer/tester. 3. Response in JSON format.\", \"Example\": \"{\\\"product-owner\\\":[\\\"suggestion1\\\",\\\"suggestion2\\\"],\\\"architect\\\":[\\\"suggestion1\\\",\\\"suggestion2\\\"], \\\"developer\\\":[\\\"suggestion1\\\",\\\"suggestion2\\\"], \\\"tester\\\":[\\\"suggestion1\\\",\\\"suggestion2\\\"]}\", \"Context\": \"[ScrumMaster]says: Here is our test Report: Test Report:\\n\\nTest Script Output:\\n# test script's output:\\nE\\n======================================================================\\nERROR: test (__main__.Test)\\n----------------------------------------------------------------------\\nTraceback (most recent call last):\\n  File \\\"/Users/watch/PycharmProjects/XXXX-1-LLM/workspace/2024-03-11_09-11-09-088094/test_script.py\\\", line 10, in test\\n    self.assertEqual(last_Digit(123), 3)\\nNameError: name 'last_Digit' is not defined\\n\\n----------------------------------------------------------------------\\nRan 1 test in 0.000s\\n\\nFAILED (errors=1)\\n\\nAnalysis:\\nThe test script output indicates an error in the code. The 'last_Digit' function is not defined, leading to a NameError when the test is performed.\\n\\nConclusion:\\nCode Test Failed\\n\\nInput and Expected Output Example:\\ndef last_digit(n):\\n    if isinstance(n, int):\\n        return n % 10\\n    else:\\n        return 'Invalid input'\\n\\nRecommendation:\\nThe 'last_Digit' function needs to be corrected and properly defined to resolve the NameError and ensure the code passes the test.\\n\\nTest Report Completed., do you have any ideas?\\n-----\\n\\n[ProductOwner]says: As a Product Owner, I will prioritize fixing the 'last_Digit' function to ensure the code passes the test and the product meets the required quality standards.\\n-----\\n\\n[Developer]says: As a Developer, I think the first step is to correct and properly define the 'last_Digit' function to resolve the NameError and ensure the code passes the test.\\n-----\\n\\n[Tester]says: As a Tester, I recommend defining the 'last_digit' function properly to resolve the NameError and ensure the code passes the test.\\n-----\\n\\n[Architect]says: As an architect, I would suggest defining and correcting the 'last_Digit' function to resolve the NameError and ensure the code passes the test.\\n-----\\n\\n[Developer]says: As a Developer, I will start by correcting and properly defining the 'last_Digit' function to resolve the NameError and ensure the code passes the test.\\n-----\\n\\n[Tester]says: As a Tester, I recommend defining the 'last_digit' function properly to resolve the NameError and ensure the code passes the test.\\n-----\\n\\n[ProductOwner]says: [ProductOwner] As a Product Owner, I will prioritize fixing the 'last_Digit' function to ensure the code passes the test and the product meets the required quality standards.\\n-----\\n\\n[Architect]says: As an architect, I would suggest defining and correcting the 'last_Digit' function to resolve the NameError and ensure the code passes the test.\\n-----\\n\", \"Question\": \"Follow the Instruction section. The Discussion History is in the Context section. You only need to return a list as the Example section.\"}",
    "RepairResponse1": "{\n  \"revised_code\": \"def last_digit(n):\\n    return n % 10\"\n}",
    "RepairResponse1_prompt": {
        "Role": "You are a professional software engineer. Your duty is to write code in Python that meets the requirements. Ensure that the code you write is efficient, readable, and follows best practices. Remember, do not need to explain the code you wrote.",
        "Instruction": "1. Rewrite a bug fix version of the original code. 2. Response in JSON format.",
        "Example": "{\"revised_code\":\"...\"}",
        "Context": "# Test Report:\nTest Report:\n\nTest Script Output:\n# test script's output:\nE\n======================================================================\nERROR: test (__main__.Test)\n----------------------------------------------------------------------\nTraceback (most recent call last):\n  File \"/Users/watch/PycharmProjects/XXXX-1-LLM/workspace/2024-03-11_09-11-09-088094/test_script.py\", line 10, in test\n    self.assertEqual(last_Digit(123), 3)\nNameError: name 'last_Digit' is not defined\n\n----------------------------------------------------------------------\nRan 1 test in 0.000s\n\nFAILED (errors=1)\n\nAnalysis:\nThe test script output indicates an error in the code. The 'last_Digit' function is not defined, leading to a NameError when the test is performed.\n\nConclusion:\nCode Test Failed\n\nInput and Expected Output Example:\ndef last_digit(n):\n    if isinstance(n, int):\n        return n % 10\n    else:\n        return 'Invalid input'\n\nRecommendation:\nThe 'last_Digit' function needs to be corrected and properly defined to resolve the NameError and ensure the code passes the test.\n\nTest Report Completed.# suggestions:\n{\"product-owner\": [\"I will prioritize fixing the 'last_Digit' function to ensure the code passes the test and the product meets the required quality standards.\"], \"architect\": [\"I would suggest defining and correcting the 'last_Digit' function to resolve the NameError and ensure the code passes the test.\"], \"developer\": [\"I think the first step is to correct and properly define the 'last_Digit' function to resolve the NameError and ensure the code passes the test.\", \"I will start by correcting and properly defining the 'last_Digit' function to resolve the NameError and ensure the code passes the test.\"], \"tester\": [\"I recommend defining the 'last_digit' function properly to resolve the NameError and ensure the code passes the test.\", \"I recommend defining the 'last_digit' function properly to resolve the NameError and ensure the code passes the test.\"]}",
        "Question": "The original code has some bugs, according to the test report and suggestions, rewrite the code. Complete the following code:\ndef last_Digit(n) :\n'''Write a python function to find the last digit of a given number.\nassert last_Digit(123) == 3'''\n"
    },
    "Code2": "def last_digit(n):\n    return n % 10",
    "ScriptResult2": "E\n======================================================================\nERROR: test (__main__.Test)\n----------------------------------------------------------------------\nTraceback (most recent call last):\n  File \"/Users/watch/PycharmProjects/XXXX-1-LLM/workspace/2024-03-11_09-11-09-088094/test_script.py\", line 7, in test\n    self.assertEqual(last_Digit(123), 3)\nNameError: name 'last_Digit' is not defined\n\n----------------------------------------------------------------------\nRan 1 test in 0.000s\n\nFAILED (errors=1)\n",
    "TestReport2": "Test Report:\n\nThe test script's output indicates that there is an error in the code. The error is caused by a NameError: name 'last_Digit' is not defined. This indicates that the function last_digit() is not defined or misspelled. \n\nBased on the test script's output, it is clear that the code has failed the test. As per the instruction, I am providing the input and expected output example in the report:\n\nInput:\n123\n\nExpected Output:\n3\n\nSince the code has failed the test, the conclusion of the test report is: Code Test Failed. \n\nNote: The code provided in the context seems to be incomplete and may require further debugging and correction.\n\nPlease let me know if there is any additional information needed for the test report.",
    "SprintReview2": "[ScrumMaster]says: Here is our test Report: Test Report:\n\nThe test script's output indicates that there is an error in the code. The error is caused by a NameError: name 'last_Digit' is not defined. This indicates that the function last_digit() is not defined or misspelled. \n\nBased on the test script's output, it is clear that the code has failed the test. As per the instruction, I am providing the input and expected output example in the report:\n\nInput:\n123\n\nExpected Output:\n3\n\nSince the code has failed the test, the conclusion of the test report is: Code Test Failed. \n\nNote: The code provided in the context seems to be incomplete and may require further debugging and correction.\n\nPlease let me know if there is any additional information needed for the test report., do you have any ideas?\n-----\n\n[Architect]says: As an Architect, it is important that we review the code and identify the missing or misspelled function last_digit() to correct the error and ensure the code passes the test.\n-----\n\n[ProductOwner]says: As a Product Owner, it is important that we prioritize fixing the last_digit() function and completing the code to ensure successful testing.\n-----\n\n[Tester]says: As a Tester, I suggest reviewing the code to ensure that the function last_digit() is defined correctly and that the input/output examples are being handled properly.\n-----\n\n[Developer]says: As a Developer, I believe we should review the code and ensure that the function last_digit() is correctly defined and spelled to address the NameError issue. Additionally, we should debug and correct any incomplete code to pass the test.\n-----\n\n[Tester]says: As a Tester, I suggest reviewing the code to ensure that the function last_digit() is defined correctly and that the input/output examples are being handled properly.\n-----\n\n[ProductOwner]says: As a Product Owner, I think we should prioritize fixing the last_digit() function and completing the code to ensure successful testing.\n-----\n\n[Architect]says: As an Architect, it is important that we review the code and identify the missing or misspelled function last_digit() to correct the error and ensure the code passes the test.\n-----\n\n[Developer]says: As a Developer, I believe we should review the code and ensure that the function last_digit() is correctly defined and spelled to address the NameError issue. Additionally, we should debug and correct any incomplete code to pass the test.\n-----\n",
    "SprintReviewMeetings2": "{\n  \"product-owner\": [\n    \"Prioritize fixing the last_digit() function\",\n    \"Complete the code to ensure successful testing\"\n  ],\n  \"architect\": [\n    \"Review the code and identify the missing or misspelled function last_digit()\",\n    \"Correct the error to ensure the code passes the test\"\n  ],\n  \"developer\": [\n    \"Review the code and ensure that the function last_digit() is correctly defined and spelled\",\n    \"Debug and correct any incomplete code to pass the test\"\n  ],\n  \"tester\": [\n    \"Review the code to ensure that the function last_digit() is defined correctly\",\n    \"Ensure the input/output examples are being handled properly\"\n  ]\n}",
    "SprintReviewMeetings2_prompt": "{\"Role\": \"You are a professional scrum master. Your goal is to summary the Discussion History into a suggestions list for the scrum team.\", \"Instruction\": \"1. Read and Understand the Discussion History. 2. Summary the suggestions from four roles: product-owner/architect/developer/tester. 3. Response in JSON format.\", \"Example\": \"{\\\"product-owner\\\":[\\\"suggestion1\\\",\\\"suggestion2\\\"],\\\"architect\\\":[\\\"suggestion1\\\",\\\"suggestion2\\\"], \\\"developer\\\":[\\\"suggestion1\\\",\\\"suggestion2\\\"], \\\"tester\\\":[\\\"suggestion1\\\",\\\"suggestion2\\\"]}\", \"Context\": \"[ScrumMaster]says: Here is our test Report: Test Report:\\n\\nThe test script's output indicates that there is an error in the code. The error is caused by a NameError: name 'last_Digit' is not defined. This indicates that the function last_digit() is not defined or misspelled. \\n\\nBased on the test script's output, it is clear that the code has failed the test. As per the instruction, I am providing the input and expected output example in the report:\\n\\nInput:\\n123\\n\\nExpected Output:\\n3\\n\\nSince the code has failed the test, the conclusion of the test report is: Code Test Failed. \\n\\nNote: The code provided in the context seems to be incomplete and may require further debugging and correction.\\n\\nPlease let me know if there is any additional information needed for the test report., do you have any ideas?\\n-----\\n\\n[Architect]says: As an Architect, it is important that we review the code and identify the missing or misspelled function last_digit() to correct the error and ensure the code passes the test.\\n-----\\n\\n[ProductOwner]says: As a Product Owner, it is important that we prioritize fixing the last_digit() function and completing the code to ensure successful testing.\\n-----\\n\\n[Tester]says: As a Tester, I suggest reviewing the code to ensure that the function last_digit() is defined correctly and that the input/output examples are being handled properly.\\n-----\\n\\n[Developer]says: As a Developer, I believe we should review the code and ensure that the function last_digit() is correctly defined and spelled to address the NameError issue. Additionally, we should debug and correct any incomplete code to pass the test.\\n-----\\n\\n[Tester]says: As a Tester, I suggest reviewing the code to ensure that the function last_digit() is defined correctly and that the input/output examples are being handled properly.\\n-----\\n\\n[ProductOwner]says: As a Product Owner, I think we should prioritize fixing the last_digit() function and completing the code to ensure successful testing.\\n-----\\n\\n[Architect]says: As an Architect, it is important that we review the code and identify the missing or misspelled function last_digit() to correct the error and ensure the code passes the test.\\n-----\\n\\n[Developer]says: As a Developer, I believe we should review the code and ensure that the function last_digit() is correctly defined and spelled to address the NameError issue. Additionally, we should debug and correct any incomplete code to pass the test.\\n-----\\n\", \"Question\": \"Follow the Instruction section. The Discussion History is in the Context section. You only need to return a list as the Example section.\"}",
    "RepairResponse2": "{\n  \"revised_code\": \"def last_digit(n):\\n    return int(str(n)[-1])\"\n}",
    "RepairResponse2_prompt": {
        "Role": "You are a professional software engineer. Your duty is to write code in Python that meets the requirements. Ensure that the code you write is efficient, readable, and follows best practices. Remember, do not need to explain the code you wrote.",
        "Instruction": "1. Rewrite a bug fix version of the original code. 2. Response in JSON format.",
        "Example": "{\"revised_code\":\"...\"}",
        "Context": "# Test Report:\nTest Report:\n\nThe test script's output indicates that there is an error in the code. The error is caused by a NameError: name 'last_Digit' is not defined. This indicates that the function last_digit() is not defined or misspelled. \n\nBased on the test script's output, it is clear that the code has failed the test. As per the instruction, I am providing the input and expected output example in the report:\n\nInput:\n123\n\nExpected Output:\n3\n\nSince the code has failed the test, the conclusion of the test report is: Code Test Failed. \n\nNote: The code provided in the context seems to be incomplete and may require further debugging and correction.\n\nPlease let me know if there is any additional information needed for the test report.# suggestions:\n{\"product-owner\": [\"Prioritize fixing the last_digit() function\", \"Complete the code to ensure successful testing\"], \"architect\": [\"Review the code and identify the missing or misspelled function last_digit()\", \"Correct the error to ensure the code passes the test\"], \"developer\": [\"Review the code and ensure that the function last_digit() is correctly defined and spelled\", \"Debug and correct any incomplete code to pass the test\"], \"tester\": [\"Review the code to ensure that the function last_digit() is defined correctly\", \"Ensure the input/output examples are being handled properly\"]}",
        "Question": "The original code has some bugs, according to the test report and suggestions, rewrite the code. Complete the following code:\ndef last_Digit(n) :\n'''Write a python function to find the last digit of a given number.\nassert last_Digit(123) == 3'''\n"
    },
    "Code3": "def last_digit(n):\n    return int(str(n)[-1])",
    "ScriptResult3": "E\n======================================================================\nERROR: test (__main__.Test)\n----------------------------------------------------------------------\nTraceback (most recent call last):\n  File \"/Users/watch/PycharmProjects/XXXX-1-LLM/workspace/2024-03-11_09-11-09-088094/test_script.py\", line 7, in test\n    self.assertEqual(last_Digit(123), 3)\nNameError: name 'last_Digit' is not defined\n\n----------------------------------------------------------------------\nRan 1 test in 0.000s\n\nFAILED (errors=1)\n",
    "TestReport3": "Test Report:\n\nTest Case: last_digit function\nInput: 123\nExpected Output: 3\n\nTest Result:\nThe test case failed with the following error:\nTraceback (most recent call last):\n  File \"/Users/watch/PycharmProjects/XXXX-1-LLM/workspace/2024-03-11_09-11-09-088094/test_script.py\", line 7, in test\n    self.assertEqual(last_Digit(123), 3)\nNameError: name 'last_Digit' is not defined\n\nConclusion: Code Test Failed\n\nRecommendation: The last_digit function needs to be defined and implemented correctly to pass the test.\n\nNote: The test script's output indicates that the test failed due to a NameError for the last_Digit function. The test case input and expected output are provided for reference."
}