{
    "start_time": "2024-02-13_15-33-23-993069",
    "task": "\ndef solve(N):\n    \"\"\"Given a positive integer N, return the total sum of its digits in binary.\n    \n    Example\n        For N = 1000, the sum of digits will be 1 the output should be \"1\".\n        For N = 150, the sum of digits will be 6 the output should be \"110\".\n        For N = 147, the sum of digits will be 12 the output should be \"1100\".\n    \n    Variables:\n        @N integer\n             Constraints: 0 \u2264 N \u2264 10000.\n    Output:\n         a string of binary number\n    \"\"\"\n",
    "datetime": {
        "task": "2024-02-13 15:33:23",
        "task-id": "2024-02-13 15:33:23",
        "workflow": "2024-02-13 15:33:23",
        "Discussion": "2024-02-13 15:33:27",
        "DisorderedSprintMeetings": "2024-02-13 15:33:31",
        "DesignDraft0": "2024-02-13 15:33:36",
        "DesignMeetings0": "2024-02-13 15:33:44",
        "Design0": "2024-02-13 15:33:51",
        "CodeDraft0": "2024-02-13 15:33:53",
        "CodeReviewMeetings0": "2024-02-13 15:33:55",
        "Code0CR": "2024-02-13 15:33:58",
        "FinalCode": "2024-02-13 15:34:59",
        "Test Cases Draft": "2024-02-13 15:34:02",
        "Test Cases Meetings": "2024-02-13 15:34:04",
        "Test Cases": "2024-02-13 15:34:08",
        "Code0": "2024-02-13 15:34:09",
        "TestScriptOriginal": "2024-02-13 15:34:14",
        "TestScript": "2024-02-13 15:34:14",
        "ScriptResult0": "2024-02-13 15:34:14",
        "TestReport0": "2024-02-13 15:34:20",
        "SprintReview0": "2024-02-13 15:34:25",
        "SprintReviewMeetings0": "2024-02-13 15:34:29",
        "RepairResponse0": "2024-02-13 15:34:32",
        "Code1": "2024-02-13 15:34:32",
        "ScriptResult1": "2024-02-13 15:34:32",
        "TestReport1": "2024-02-13 15:34:36",
        "SprintReview1": "2024-02-13 15:34:42",
        "SprintReviewMeetings1": "2024-02-13 15:34:46",
        "RepairResponse1": "2024-02-13 15:34:46",
        "Code2": "2024-02-13 15:34:46",
        "ScriptResult2": "2024-02-13 15:34:46",
        "TestReport2": "2024-02-13 15:34:49",
        "SprintReview2": "2024-02-13 15:34:55",
        "SprintReviewMeetings2": "2024-02-13 15:34:57",
        "RepairResponse2": "2024-02-13 15:34:59",
        "Code3": "2024-02-13 15:34:59",
        "ScriptResult3": "2024-02-13 15:34:59",
        "TestReport3": "2024-02-13 15:35:01"
    },
    "task-id": "HumanEval/84",
    "workflow": "agile/agile_version_0.0.5_remove_stage.json",
    "Discussion": "[ScrumMaster]says: We have a job: \ndef solve(N):\n    \"\"\"Given a positive integer N, return the total sum of its digits in binary.\n    \n    Example\n        For N = 1000, the sum of digits will be 1 the output should be \"1\".\n        For N = 150, the sum of digits will be 6 the output should be \"110\".\n        For N = 147, the sum of digits will be 12 the output should be \"1100\".\n    \n    Variables:\n        @N integer\n             Constraints: 0 \u2264 N \u2264 10000.\n    Output:\n         a string of binary number\n    \"\"\"\n, do you have any ideas?\n-----\n\n[Architect]says: As an architect, I suggest considering the input constraints and designing an efficient algorithm to calculate the sum of digits in binary for the given integer N.\n-----\n\n[Tester]says: As a Tester, I would suggest writing test cases for different input values to verify the accuracy of the binary sum calculation.\n-----\n\n[ProductOwner]says: As a Product Owner, I think we should focus on creating a user-friendly interface for inputting the integer N and displaying the output in binary.\n-----\n\n[Developer]says: As a Developer, I think we should start by writing a function that converts the integer N to binary and then sum up its digits.\n-----\n\n[ProductOwner]says: As a Product Owner, I think we should focus on creating a user-friendly interface for inputting the integer N and displaying the output in binary.\n-----\n\n[Architect]says: As an architect, I suggest designing an efficient algorithm to calculate the sum of digits in binary for the given integer N.\n-----\n\n[Tester]says: As a Tester, I agree with the suggestion to write test cases for different input values to verify the accuracy of the binary sum calculation.\n-----\n\n[Developer]says: As a Developer, I agree with the suggestion to start by writing a function that converts the integer N to binary and then sum up its digits.\n-----\n",
    "DisorderedSprintMeetings": "{\n  \"product-owner\":[\"Create user-friendly interface for inputting integer N\",\"Display the output in binary\"],\n  \"architect\":[\"Design efficient algorithm for calculating sum of digits in binary for integer N\"],\n  \"developer\":[\"Write function to convert integer N to binary\",\"Sum up digits of binary number\"],\n  \"tester\":[\"Write test cases for different input values to verify accuracy of binary sum calculation\"]\n}",
    "DisorderedSprintMeetings_prompt": "{\"Role\": \"You are a professional scrum master. Your goal is to breakdown the Discussion History into a task list for the scrum team.\", \"Instruction\": \"1. Read and Understand the Discussion History. 2. Define the tasks for four roles: product-owner/architect/developer/tester. 3. Response in JSON format.\", \"Example\": \"{\\\"product-owner\\\":[\\\"task1\\\",\\\"task2\\\"],\\\"architect\\\":[\\\"task1\\\",\\\"task2\\\"], \\\"developer\\\":[\\\"task1\\\",\\\"task2\\\"], \\\"tester\\\":[\\\"task1\\\",\\\"task2\\\"]}\", \"Context\": \"[ScrumMaster]says: We have a job: \\ndef solve(N):\\n    \\\"\\\"\\\"Given a positive integer N, return the total sum of its digits in binary.\\n    \\n    Example\\n        For N = 1000, the sum of digits will be 1 the output should be \\\"1\\\".\\n        For N = 150, the sum of digits will be 6 the output should be \\\"110\\\".\\n        For N = 147, the sum of digits will be 12 the output should be \\\"1100\\\".\\n    \\n    Variables:\\n        @N integer\\n             Constraints: 0 \\u2264 N \\u2264 10000.\\n    Output:\\n         a string of binary number\\n    \\\"\\\"\\\"\\n, do you have any ideas?\\n-----\\n\\n[Architect]says: As an architect, I suggest considering the input constraints and designing an efficient algorithm to calculate the sum of digits in binary for the given integer N.\\n-----\\n\\n[Tester]says: As a Tester, I would suggest writing test cases for different input values to verify the accuracy of the binary sum calculation.\\n-----\\n\\n[ProductOwner]says: As a Product Owner, I think we should focus on creating a user-friendly interface for inputting the integer N and displaying the output in binary.\\n-----\\n\\n[Developer]says: As a Developer, I think we should start by writing a function that converts the integer N to binary and then sum up its digits.\\n-----\\n\\n[ProductOwner]says: As a Product Owner, I think we should focus on creating a user-friendly interface for inputting the integer N and displaying the output in binary.\\n-----\\n\\n[Architect]says: As an architect, I suggest designing an efficient algorithm to calculate the sum of digits in binary for the given integer N.\\n-----\\n\\n[Tester]says: As a Tester, I agree with the suggestion to write test cases for different input values to verify the accuracy of the binary sum calculation.\\n-----\\n\\n[Developer]says: As a Developer, I agree with the suggestion to start by writing a function that converts the integer N to binary and then sum up its digits.\\n-----\\n\", \"Question\": \"Follow the Instruction section. The Discussion History is in the Context section. You only need to return a task list as the Example section.\"}",
    "DesignDraft0": "Design:\n\n1. Define a function called solve(N) that takes in a positive integer N as input.\n2. Convert the integer N into its binary representation.\n3. Calculate the sum of the digits in the binary representation.\n4. Return the total sum of digits in binary as a string.\n\nHigh-level explanation:\n- The algorithm should first convert the given integer N into its binary representation. This can be achieved using built-in functions or algorithms to perform the conversion.\n- Once the binary representation is obtained, the algorithm should calculate the sum of the digits in the binary number.\n- Finally, the algorithm should return the total sum of digits in binary as a string.\n\nThis design focuses on the overall approach and steps needed to solve the problem, rather than providing specific implementation details or code.",
    "DesignMeetings0": "{\n  \"Developer\": \"As a developer, I would suggest using the built-in function to convert the integer N into its binary representation. This can be achieved using functions like bin() or format() in Python. Additionally, I would recommend breaking down the calculation of the sum of digits in the binary representation into a separate function for better modularity and easier testing.\",\n  \"Tester\": \"As a tester, I would suggest writing test cases to cover various scenarios such as inputting different positive integers N, including edge cases like 0 and 1. It would be important to test the function with large integers to ensure it can handle big input values efficiently. Additionally, I would recommend testing the function's handling of invalid input, such as negative numbers or non-integer inputs.\"\n}",
    "Design0": "Based on the suggestions provided by my colleagues, I have revised the design as follows:\n\nDesign:\n\n1. Define a function called solve(N) that takes in a positive integer N as input.\n2. Use the built-in function to convert the integer N into its binary representation, such as bin() or format() in Python.\n3. Create a separate function to calculate the sum of the digits in the binary representation for better modularity and testing.\n4. Return the total sum of digits in binary as a string.\n\nHigh-level explanation:\n- The algorithm will first convert the given integer N into its binary representation using the built-in functions.\n- After obtaining the binary representation, the algorithm will use a separate function to calculate the sum of the digits in the binary number for better modularity and testing.\n- Finally, the algorithm will return the total sum of digits in binary as a string.\n\nThis updated design incorporates the suggestions provided by the developer and tester, focusing on using built-in functions for the binary conversion, modularizing the calculation of the sum of digits, and emphasizing the importance of testing various scenarios.",
    "CodeDraft0": "def solve(N):\n    binary_representation = bin(N)[2:]\n    return bin_sum_digits(binary_representation)\n\ndef bin_sum_digits(binary):\n    total_sum = 0\n    for digit in binary:\n        total_sum += int(digit)\n    return bin(total_sum)[2:]",
    "CodeDraft0_prompt": {
        "Role": "You are a professional engineer. Your duty is to write code in Python that meets the requirements. Ensure that the code you write is efficient, readable, and follows best practices. Remember, do not need to explain the code you wrote.",
        "Instruction": "According to the Context section, write your code.",
        "Example": "",
        "Context": "# Tasks:\n['Write function to convert integer N to binary', 'Sum up digits of binary number']\n# Design:\nBased on the suggestions provided by my colleagues, I have revised the design as follows:\n\nDesign:\n\n1. Define a function called solve(N) that takes in a positive integer N as input.\n2. Use the built-in function to convert the integer N into its binary representation, such as bin() or format() in Python.\n3. Create a separate function to calculate the sum of the digits in the binary representation for better modularity and testing.\n4. Return the total sum of digits in binary as a string.\n\nHigh-level explanation:\n- The algorithm will first convert the given integer N into its binary representation using the built-in functions.\n- After obtaining the binary representation, the algorithm will use a separate function to calculate the sum of the digits in the binary number for better modularity and testing.\n- Finally, the algorithm will return the total sum of digits in binary as a string.\n\nThis updated design incorporates the suggestions provided by the developer and tester, focusing on using built-in functions for the binary conversion, modularizing the calculation of the sum of digits, and emphasizing the importance of testing various scenarios.",
        "Question": "Follow the Instruction section. Complete the following code:\n\ndef solve(N):\n    \"\"\"Given a positive integer N, return the total sum of its digits in binary.\n    \n    Example\n        For N = 1000, the sum of digits will be 1 the output should be \"1\".\n        For N = 150, the sum of digits will be 6 the output should be \"110\".\n        For N = 147, the sum of digits will be 12 the output should be \"1100\".\n    \n    Variables:\n        @N integer\n             Constraints: 0 \u2264 N \u2264 10000.\n    Output:\n         a string of binary number\n    \"\"\"\n"
    },
    "CodeReviewMeetings0": "{\n  \"Architect\": \"The code can be improved by adding error handling and input validation for the input N. Also, it would be better to have more descriptive variable names for better readability and maintainability of the code.\",\n  \"Tester\": \"I would suggest writing test cases to cover different scenarios including valid and invalid inputs, and edge cases. Also, I would recommend checking for potential performance issues with larger input values.\"\n}",
    "Code0CR": "def solve(N):\n    binary_rep = bin(N)[2:]\n    total_sum = sum(int(digit) for digit in binary_rep)\n    return bin(total_sum)[2:]",
    "Code0CR_prompt": "{\"Role\": \"You are a professional software engineer. Your duty is to write code in Python that meets the requirements. Ensure that the code you write is efficient, readable, and follows best practices. Remember, do not need to explain the code you wrote.\", \"Instruction\": \"1. Understand the suggestions(in the Context section) about the original code. 2. Rewrite your code.\", \"Example\": \"\", \"Context\": \"# Tasks:\\n['Write function to convert integer N to binary', 'Sum up digits of binary number']\\n# Design:\\nBased on the suggestions provided by my colleagues, I have revised the design as follows:\\n\\nDesign:\\n\\n1. Define a function called solve(N) that takes in a positive integer N as input.\\n2. Use the built-in function to convert the integer N into its binary representation, such as bin() or format() in Python.\\n3. Create a separate function to calculate the sum of the digits in the binary representation for better modularity and testing.\\n4. Return the total sum of digits in binary as a string.\\n\\nHigh-level explanation:\\n- The algorithm will first convert the given integer N into its binary representation using the built-in functions.\\n- After obtaining the binary representation, the algorithm will use a separate function to calculate the sum of the digits in the binary number for better modularity and testing.\\n- Finally, the algorithm will return the total sum of digits in binary as a string.\\n\\nThis updated design incorporates the suggestions provided by the developer and tester, focusing on using built-in functions for the binary conversion, modularizing the calculation of the sum of digits, and emphasizing the importance of testing various scenarios.# Suggestions:\\n{\\n  \\\"Architect\\\": \\\"The code can be improved by adding error handling and input validation for the input N. Also, it would be better to have more descriptive variable names for better readability and maintainability of the code.\\\",\\n  \\\"Tester\\\": \\\"I would suggest writing test cases to cover different scenarios including valid and invalid inputs, and edge cases. Also, I would recommend checking for potential performance issues with larger input values.\\\"\\n}\", \"Question\": \"Follow the Instruction section. Complete the following code:\\n\\ndef solve(N):\\n    \\\"\\\"\\\"Given a positive integer N, return the total sum of its digits in binary.\\n    \\n    Example\\n        For N = 1000, the sum of digits will be 1 the output should be \\\"1\\\".\\n        For N = 150, the sum of digits will be 6 the output should be \\\"110\\\".\\n        For N = 147, the sum of digits will be 12 the output should be \\\"1100\\\".\\n    \\n    Variables:\\n        @N integer\\n             Constraints: 0 \\u2264 N \\u2264 10000.\\n    Output:\\n         a string of binary number\\n    \\\"\\\"\\\"\\n\"}",
    "FinalCode": "def solve(N):\n    total_sum = sum([int(i) for i in str(N)])\n    return bin(total_sum)[2:]",
    "Test Cases Draft": "{\n  \"requirement analysis\": \"analysis\",\n  \"test_cases\": [\n    {\n      \"Test Title\": \"N=1000\",\n      \"Input Data\": \"N=1000\",\n      \"Expected Output\": \"1\"\n    },\n    {\n      \"Test Title\": \"N=150\",\n      \"Input Data\": \"N=150\",\n      \"Expected Output\": \"110\"\n    },\n    {\n      \"Test Title\": \"N=147\",\n      \"Input Data\": \"N=147\",\n      \"Expected Output\": \"1100\"\n    }\n  ]\n}",
    "Test Cases Draft_prompt": "{\"Role\": \"You are a quality assurance engineer. Your duty is to design test cases for the developers.\", \"Instruction\": \"According to the Context section, write test cases. Don't write long strings in your test cases. Response in JSON format.\", \"Example\": \"{\\\"requirement analysis\\\":\\\"analysis\\\",\\\"test_cases\\\":[{\\\"Test Title\\\":\\\"title\\\", \\\"Input Data\\\":\\\"parameter1=[1,2,3],parameter2='123'\\\", \\\"Expected Output\\\":\\\"456\\\"},]}\", \"Context\": \"# Tasks:\\n['Write test cases for different input values to verify accuracy of binary sum calculation']\\n# Design:\\nBased on the suggestions provided by my colleagues, I have revised the design as follows:\\n\\nDesign:\\n\\n1. Define a function called solve(N) that takes in a positive integer N as input.\\n2. Use the built-in function to convert the integer N into its binary representation, such as bin() or format() in Python.\\n3. Create a separate function to calculate the sum of the digits in the binary representation for better modularity and testing.\\n4. Return the total sum of digits in binary as a string.\\n\\nHigh-level explanation:\\n- The algorithm will first convert the given integer N into its binary representation using the built-in functions.\\n- After obtaining the binary representation, the algorithm will use a separate function to calculate the sum of the digits in the binary number for better modularity and testing.\\n- Finally, the algorithm will return the total sum of digits in binary as a string.\\n\\nThis updated design incorporates the suggestions provided by the developer and tester, focusing on using built-in functions for the binary conversion, modularizing the calculation of the sum of digits, and emphasizing the importance of testing various scenarios.\", \"Question\": \"\\ndef solve(N):\\n    \\\"\\\"\\\"Given a positive integer N, return the total sum of its digits in binary.\\n    \\n    Example\\n        For N = 1000, the sum of digits will be 1 the output should be \\\"1\\\".\\n        For N = 150, the sum of digits will be 6 the output should be \\\"110\\\".\\n        For N = 147, the sum of digits will be 12 the output should be \\\"1100\\\".\\n    \\n    Variables:\\n        @N integer\\n             Constraints: 0 \\u2264 N \\u2264 10000.\\n    Output:\\n         a string of binary number\\n    \\\"\\\"\\\"\\n\"}",
    "Test Cases Meetings": "{\n  \"Architect\": \"As an Architect, I suggest to review the test cases and ensure that they cover a variety of input data scenarios. It's important to test not only the expected output, but also edge cases and error handling. Additionally, we should consider adding more descriptive test titles to better understand the purpose of each test case.\"\n  ,\n  \"Developer\": \"As a Developer, I recommend revising the test cases to include a wider range of input data and expected outputs. We should also consider adding boundary tests to cover edge cases. It would be helpful to have clear and descriptive test titles to make it easier to understand the purpose of each test case.\"\n}",
    "Test Cases": "{\n  \"requirement analysis\": \"analysis\",\n  \"test_cases\": [\n    {\n      \"Test Title\": \"N=1000 - Positive Integer\",\n      \"Input Data\": \"N=1000\",\n      \"Expected Output\": \"1\"\n    },\n    {\n      \"Test Title\": \"N=150 - Positive Integer\",\n      \"Input Data\": \"N=150\",\n      \"Expected Output\": \"110\"\n    },\n    {\n      \"Test Title\": \"N=147 - Positive Integer\",\n      \"Input Data\": \"N=147\",\n      \"Expected Output\": \"1100\"\n    }\n  ]\n}",
    "Test Cases_prompt": "{\"Role\": \"You are a quality assurance engineer. Your duty is to revise the test cases based on the suggestions.\", \"Instruction\": \"1. Your colleague give you some suggestions(in the Context section) about the draft test cases, read these suggestions. 2. Revise your draft version test cases, but don't use long parameters. 3. Response in JSON format.\", \"Example\": \"{\\\"requirement analysis\\\":\\\"analysis\\\",\\\"test_cases\\\":[{\\\"Test Title\\\":\\\"title\\\", \\\"Input Data\\\":\\\"parameter1=[1,2,3],parameter2='123'\\\", \\\"Expected Output\\\":\\\"456\\\"},]}\", \"Context\": \"# Suggestions:\\n{\\n  \\\"Architect\\\": \\\"As an Architect, I suggest to review the test cases and ensure that they cover a variety of input data scenarios. It's important to test not only the expected output, but also edge cases and error handling. Additionally, we should consider adding more descriptive test titles to better understand the purpose of each test case.\\\"\\n  ,\\n  \\\"Developer\\\": \\\"As a Developer, I recommend revising the test cases to include a wider range of input data and expected outputs. We should also consider adding boundary tests to cover edge cases. It would be helpful to have clear and descriptive test titles to make it easier to understand the purpose of each test case.\\\"\\n}\\n # Draft Test cases:\\n{\\n  \\\"requirement analysis\\\": \\\"analysis\\\",\\n  \\\"test_cases\\\": [\\n    {\\n      \\\"Test Title\\\": \\\"N=1000\\\",\\n      \\\"Input Data\\\": \\\"N=1000\\\",\\n      \\\"Expected Output\\\": \\\"1\\\"\\n    },\\n    {\\n      \\\"Test Title\\\": \\\"N=150\\\",\\n      \\\"Input Data\\\": \\\"N=150\\\",\\n      \\\"Expected Output\\\": \\\"110\\\"\\n    },\\n    {\\n      \\\"Test Title\\\": \\\"N=147\\\",\\n      \\\"Input Data\\\": \\\"N=147\\\",\\n      \\\"Expected Output\\\": \\\"1100\\\"\\n    }\\n  ]\\n}\", \"Question\": \"Follow the Instruction. Please make sure your response length are less than 512. Your test cases is for the below question:\\n\\ndef solve(N):\\n    \\\"\\\"\\\"Given a positive integer N, return the total sum of its digits in binary.\\n    \\n    Example\\n        For N = 1000, the sum of digits will be 1 the output should be \\\"1\\\".\\n        For N = 150, the sum of digits will be 6 the output should be \\\"110\\\".\\n        For N = 147, the sum of digits will be 12 the output should be \\\"1100\\\".\\n    \\n    Variables:\\n        @N integer\\n             Constraints: 0 \\u2264 N \\u2264 10000.\\n    Output:\\n         a string of binary number\\n    \\\"\\\"\\\"\\n\"}",
    "Code0": "def solve(N):\n    binary_rep = bin(N)[2:]\n    total_sum = sum(int(digit) for digit in binary_rep)\n    return bin(total_sum)[2:]",
    "Code0_prompt": {
        "Role": "You are a professional software engineer. Your duty is to write code in Python that meets the requirements. Ensure that the code you write is efficient, readable, and follows best practices. Remember, do not need to explain the code you wrote.",
        "Instruction": "1. Understand the test cases(in the Context section) about the original code. 2. Rewrite your code, make sure your code pass all test cases.",
        "Example": "",
        "Context": "# Original Code:\ndef solve(N):\n    binary_rep = bin(N)[2:]\n    total_sum = sum(int(digit) for digit in binary_rep)\n    return bin(total_sum)[2:]\n# Test Cases:\n{\n  \"requirement analysis\": \"analysis\",\n  \"test_cases\": [\n    {\n      \"Test Title\": \"N=1000 - Positive Integer\",\n      \"Input Data\": \"N=1000\",\n      \"Expected Output\": \"1\"\n    },\n    {\n      \"Test Title\": \"N=150 - Positive Integer\",\n      \"Input Data\": \"N=150\",\n      \"Expected Output\": \"110\"\n    },\n    {\n      \"Test Title\": \"N=147 - Positive Integer\",\n      \"Input Data\": \"N=147\",\n      \"Expected Output\": \"1100\"\n    }\n  ]\n}",
        "Question": "\ndef solve(N):\n    \"\"\"Given a positive integer N, return the total sum of its digits in binary.\n    \n    Example\n        For N = 1000, the sum of digits will be 1 the output should be \"1\".\n        For N = 150, the sum of digits will be 6 the output should be \"110\".\n        For N = 147, the sum of digits will be 12 the output should be \"1100\".\n    \n    Variables:\n        @N integer\n             Constraints: 0 \u2264 N \u2264 10000.\n    Output:\n         a string of binary number\n    \"\"\"\n"
    },
    "TestScriptOriginal": "import unittest\n\ndef function_under_test(N):\n    # Convert N to binary and sum its digits\n    binary_sum = sum(int(i) for i in bin(N)[2:])\n    # Convert binary_sum to binary string and return\n    return bin(binary_sum)[2:]\n\nclass Test(unittest.TestCase):\n    def test(self):\n        self.assertEqual(function_under_test(1000), \"1\")\n        self.assertEqual(function_under_test(150), \"110\")\n        self.assertEqual(function_under_test(147), \"1100\")\n\nif __name__ == '__main__':\n    unittest.main()",
    "TestScriptOriginal_prompt": "{\"Role\": \"You are a quality assurance engineer. Your duty is to write a python test script in unittest framework.\", \"Instruction\": \"1. Write a python test script. 2. Use the input and output given by the question.\", \"Example\": \"import unittest\\n\\nclass Test(unittest.TestCase):\\n    def test(self):\\n        self.assertEqual(function_under_test('a'), 1)\\n\\nif __name__ == '__main__':\\n    unittest.main()\", \"Context\": \"\", \"Question\": \"\\ndef solve(N):\\n    \\\"\\\"\\\"Given a positive integer N, return the total sum of its digits in binary.\\n    \\n    Example\\n        For N = 1000, the sum of digits will be 1 the output should be \\\"1\\\".\\n        For N = 150, the sum of digits will be 6 the output should be \\\"110\\\".\\n        For N = 147, the sum of digits will be 12 the output should be \\\"1100\\\".\\n    \\n    Variables:\\n        @N integer\\n             Constraints: 0 \\u2264 N \\u2264 10000.\\n    Output:\\n         a string of binary number\\n    \\\"\\\"\\\"\\n\"}",
    "TestScript": "import unittest\n\nclass Test(unittest.TestCase):\n    def test(self):\n        self.assertEqual(function_under_test(1000), \"1\")\n        self.assertEqual(function_under_test(150), \"110\")\n        self.assertEqual(function_under_test(147), \"1100\")\n\nif __name__ == '__main__':\n    unittest.main()",
    "ScriptResult0": "E\n======================================================================\nERROR: test (__main__.Test)\n----------------------------------------------------------------------\nTraceback (most recent call last):\n  File \"/Users/watch/PycharmProjects/XXXX-1-LLM/workspace/2024-02-13_15-33-23-993069/test_script.py\", line 9, in test\n    self.assertEqual(function_under_test(1000), \"1\")\nNameError: name 'function_under_test' is not defined\n\n----------------------------------------------------------------------\nRan 1 test in 0.000s\n\nFAILED (errors=1)\n",
    "TestReport0": "Test Report\n\nTest Script's Output:\n\nE\n======================================================================\nERROR: test (__main__.Test)\n----------------------------------------------------------------------\nTraceback (most recent call last):\n  File \"/Users/watch/PycharmProjects/XXXX-1-LLM/workspace/2024-02-13_15-33-23-993069/test_script.py\", line 9, in test\n    self.assertEqual(function_under_test(1000), \"1\")\nNameError: name 'function_under_test' is not defined\n\n----------------------------------------------------------------------\nRan 1 test in 0.000s\n\nFAILED (errors=1)\n\nTest Conclusion: Code Test Failed\n\nInput and Expected Output Example:\nInput: solve(1000)\nExpected Output: \"1\"\n\nExplanation:\nThe test script encountered an error due to the name 'function_under_test' not being defined, resulting in a failed test.\n\nRecommendation:\nThe code needs to be reviewed and the 'function_under_test' needs to be defined for the test to pass.\n\nCode Test Result: Failed",
    "SprintReview0": "[ScrumMaster]says: Here is our test Report: Test Report\n\nTest Script's Output:\n\nE\n======================================================================\nERROR: test (__main__.Test)\n----------------------------------------------------------------------\nTraceback (most recent call last):\n  File \"/Users/watch/PycharmProjects/XXXX-1-LLM/workspace/2024-02-13_15-33-23-993069/test_script.py\", line 9, in test\n    self.assertEqual(function_under_test(1000), \"1\")\nNameError: name 'function_under_test' is not defined\n\n----------------------------------------------------------------------\nRan 1 test in 0.000s\n\nFAILED (errors=1)\n\nTest Conclusion: Code Test Failed\n\nInput and Expected Output Example:\nInput: solve(1000)\nExpected Output: \"1\"\n\nExplanation:\nThe test script encountered an error due to the name 'function_under_test' not being defined, resulting in a failed test.\n\nRecommendation:\nThe code needs to be reviewed and the 'function_under_test' needs to be defined for the test to pass.\n\nCode Test Result: Failed, do you have any ideas?\n-----\n\n[Architect]says: As an Architect, I suggest reviewing the code and ensuring that the 'function_under_test' is defined properly before running the test again to avoid similar errors.\n-----\n\n[Tester]says: As a Tester, I believe we should review the code to define the 'function_under_test' in order for the test to pass.\n-----\n\n[Developer]says: As a Developer, I will review the code and define the 'function_under_test' to address the test failure.\n-----\n\n[ProductOwner]says: As a Product Owner, I think we should prioritize fixing the code and defining the 'function_under_test' to ensure the test passes before proceeding with further development.\n-----\n\n[Architect]says: As an Architect, I suggest reviewing the code and ensuring that the 'function_under_test' is defined properly before running the test again to avoid similar errors.\n-----\n\n[Tester]says: As a Tester, I believe we should review the code to define the 'function_under_test' in order for the test to pass.\n-----\n\n[Developer]says: As a Developer, I will review the code and define the 'function_under_test' to address the test failure.\n-----\n\n[ProductOwner]says: As a Product Owner, I believe we should prioritize fixing the code and defining the 'function_under_test' to ensure the test passes before proceeding with further development.\n-----\n",
    "SprintReviewMeetings0": "{\n  \"product-owner\": [\"I think we should prioritize fixing the code and defining the 'function_under_test' to ensure the test passes before proceeding with further development.\"],\n  \"architect\": [\"I suggest reviewing the code and ensuring that the 'function_under_test' is defined properly before running the test again to avoid similar errors.\"],\n  \"developer\": [\"I will review the code and define the 'function_under_test' to address the test failure.\"],\n  \"tester\": [\"I believe we should review the code to define the 'function_under_test' in order for the test to pass.\"]\n}",
    "SprintReviewMeetings0_prompt": "{\"Role\": \"You are a professional scrum master. Your goal is to summary the Discussion History into a suggestions list for the scrum team.\", \"Instruction\": \"1. Read and Understand the Discussion History. 2. Summary the suggestions from four roles: product-owner/architect/developer/tester. 3. Response in JSON format.\", \"Example\": \"{\\\"product-owner\\\":[\\\"suggestion1\\\",\\\"suggestion2\\\"],\\\"architect\\\":[\\\"suggestion1\\\",\\\"suggestion2\\\"], \\\"developer\\\":[\\\"suggestion1\\\",\\\"suggestion2\\\"], \\\"tester\\\":[\\\"suggestion1\\\",\\\"suggestion2\\\"]}\", \"Context\": \"[ScrumMaster]says: Here is our test Report: Test Report\\n\\nTest Script's Output:\\n\\nE\\n======================================================================\\nERROR: test (__main__.Test)\\n----------------------------------------------------------------------\\nTraceback (most recent call last):\\n  File \\\"/Users/watch/PycharmProjects/XXXX-1-LLM/workspace/2024-02-13_15-33-23-993069/test_script.py\\\", line 9, in test\\n    self.assertEqual(function_under_test(1000), \\\"1\\\")\\nNameError: name 'function_under_test' is not defined\\n\\n----------------------------------------------------------------------\\nRan 1 test in 0.000s\\n\\nFAILED (errors=1)\\n\\nTest Conclusion: Code Test Failed\\n\\nInput and Expected Output Example:\\nInput: solve(1000)\\nExpected Output: \\\"1\\\"\\n\\nExplanation:\\nThe test script encountered an error due to the name 'function_under_test' not being defined, resulting in a failed test.\\n\\nRecommendation:\\nThe code needs to be reviewed and the 'function_under_test' needs to be defined for the test to pass.\\n\\nCode Test Result: Failed, do you have any ideas?\\n-----\\n\\n[Architect]says: As an Architect, I suggest reviewing the code and ensuring that the 'function_under_test' is defined properly before running the test again to avoid similar errors.\\n-----\\n\\n[Tester]says: As a Tester, I believe we should review the code to define the 'function_under_test' in order for the test to pass.\\n-----\\n\\n[Developer]says: As a Developer, I will review the code and define the 'function_under_test' to address the test failure.\\n-----\\n\\n[ProductOwner]says: As a Product Owner, I think we should prioritize fixing the code and defining the 'function_under_test' to ensure the test passes before proceeding with further development.\\n-----\\n\\n[Architect]says: As an Architect, I suggest reviewing the code and ensuring that the 'function_under_test' is defined properly before running the test again to avoid similar errors.\\n-----\\n\\n[Tester]says: As a Tester, I believe we should review the code to define the 'function_under_test' in order for the test to pass.\\n-----\\n\\n[Developer]says: As a Developer, I will review the code and define the 'function_under_test' to address the test failure.\\n-----\\n\\n[ProductOwner]says: As a Product Owner, I believe we should prioritize fixing the code and defining the 'function_under_test' to ensure the test passes before proceeding with further development.\\n-----\\n\", \"Question\": \"Follow the Instruction section. The Discussion History is in the Context section. You only need to return a list as the Example section.\"}",
    "RepairResponse0": "{\n\t\"revised_code\": \"def solve(N):\\n    \\\"\\\"\\\"Given a positive integer N, return the total sum of its digits in binary.\\n    \\n    Example\\n        For N = 1000, the sum of digits will be 1 the output should be '1'.\\n        For N = 150, the sum of digits will be 6 the output should be '110'.\\n        For N = 147, the sum of digits will be 12 the output should be '1100'.\\n    \\n    Variables:\\n        @N integer\\n             Constraints: 0 \u2264 N \u2264 10000.\\n    Output:\\n         a string of binary number\\n    \\\"\\\"\\\"\\n    # Define function under test\\n    def function_under_test(number):\\n        return bin(number).count('1')\\n\\n    # Return the result as a string\\n    return str(function_under_test(N))\"\n}",
    "RepairResponse0_prompt": {
        "Role": "You are a professional software engineer. Your duty is to write code in Python that meets the requirements. Ensure that the code you write is efficient, readable, and follows best practices. Remember, do not need to explain the code you wrote.",
        "Instruction": "1. Rewrite a bug fix version of the original code. 2. Response in JSON format.",
        "Example": "{\"revised_code\":\"...\"}",
        "Context": "# Test Report:\nTest Report\n\nTest Script's Output:\n\nE\n======================================================================\nERROR: test (__main__.Test)\n----------------------------------------------------------------------\nTraceback (most recent call last):\n  File \"/Users/watch/PycharmProjects/XXXX-1-LLM/workspace/2024-02-13_15-33-23-993069/test_script.py\", line 9, in test\n    self.assertEqual(function_under_test(1000), \"1\")\nNameError: name 'function_under_test' is not defined\n\n----------------------------------------------------------------------\nRan 1 test in 0.000s\n\nFAILED (errors=1)\n\nTest Conclusion: Code Test Failed\n\nInput and Expected Output Example:\nInput: solve(1000)\nExpected Output: \"1\"\n\nExplanation:\nThe test script encountered an error due to the name 'function_under_test' not being defined, resulting in a failed test.\n\nRecommendation:\nThe code needs to be reviewed and the 'function_under_test' needs to be defined for the test to pass.\n\nCode Test Result: Failed# suggestions:\n{\"product-owner\": [\"I think we should prioritize fixing the code and defining the 'function_under_test' to ensure the test passes before proceeding with further development.\"], \"architect\": [\"I suggest reviewing the code and ensuring that the 'function_under_test' is defined properly before running the test again to avoid similar errors.\"], \"developer\": [\"I will review the code and define the 'function_under_test' to address the test failure.\"], \"tester\": [\"I believe we should review the code to define the 'function_under_test' in order for the test to pass.\"]}",
        "Question": "The original code has some bugs, according to the test report and suggestions, rewrite the code. Complete the following code:\n\ndef solve(N):\n    \"\"\"Given a positive integer N, return the total sum of its digits in binary.\n    \n    Example\n        For N = 1000, the sum of digits will be 1 the output should be \"1\".\n        For N = 150, the sum of digits will be 6 the output should be \"110\".\n        For N = 147, the sum of digits will be 12 the output should be \"1100\".\n    \n    Variables:\n        @N integer\n             Constraints: 0 \u2264 N \u2264 10000.\n    Output:\n         a string of binary number\n    \"\"\"\n"
    },
    "Code1": "def solve(N):\n    \"\"\"Given a positive integer N, return the total sum of its digits in binary.\n    \n    Example\n        For N = 1000, the sum of digits will be 1 the output should be '1'.\n        For N = 150, the sum of digits will be 6 the output should be '110'.\n        For N = 147, the sum of digits will be 12 the output should be '1100'.\n    \n    Variables:\n        @N integer\n             Constraints: 0 \u2264 N \u2264 10000.\n    Output:\n         a string of binary number\n    \"\"\"\n    # Define function under test\n    def function_under_test(number):\n        return bin(number).count('1')\n\n    # Return the result as a string\n    return str(function_under_test(N))",
    "ScriptResult1": "E\n======================================================================\nERROR: test (__main__.Test)\n----------------------------------------------------------------------\nTraceback (most recent call last):\n  File \"/Users/watch/PycharmProjects/XXXX-1-LLM/workspace/2024-02-13_15-33-23-993069/test_script.py\", line 25, in test\n    self.assertEqual(function_under_test(1000), \"1\")\nNameError: name 'function_under_test' is not defined\n\n----------------------------------------------------------------------\nRan 1 test in 0.000s\n\nFAILED (errors=1)\n",
    "TestReport1": "Test Report\n\nTest Script's Output:\nE\n======================================================================\nERROR: test (__main__.Test)\n----------------------------------------------------------------------\nTraceback (most recent call last):\n  File \"/Users/watch/PycharmProjects/XXXX-1-LLM/workspace/2024-02-13_15-33-23-993069/test_script.py\", line 25, in test\n    self.assertEqual(function_under_test(1000), \"1\")\nNameError: name 'function_under_test' is not defined\n\n----------------------------------------------------------------------\nRan 1 test in 0.000s\n\nFAILED (errors=1)\n\nConclusion: Code Test Failed\n\nInput and Expected Output Example:\nFor N = 1000, the sum of digits will be 1 the output should be '1'.\nFor N = 150, the sum of digits will be 6 the output should be '110'.\nFor N = 147, the sum of digits will be 12 the output should be '1100'.\n\nVariables:\n@N integer\nConstraints: 0 <= N <= 10000.\nOutput:\na string of binary number\n\nRecommendation: The code failed due to a NameError in the function_under_test. This needs to be resolved to pass the test.",
    "SprintReview1": "[ScrumMaster]says: Here is our test Report: Test Report\n\nTest Script's Output:\nE\n======================================================================\nERROR: test (__main__.Test)\n----------------------------------------------------------------------\nTraceback (most recent call last):\n  File \"/Users/watch/PycharmProjects/XXXX-1-LLM/workspace/2024-02-13_15-33-23-993069/test_script.py\", line 25, in test\n    self.assertEqual(function_under_test(1000), \"1\")\nNameError: name 'function_under_test' is not defined\n\n----------------------------------------------------------------------\nRan 1 test in 0.000s\n\nFAILED (errors=1)\n\nConclusion: Code Test Failed\n\nInput and Expected Output Example:\nFor N = 1000, the sum of digits will be 1 the output should be '1'.\nFor N = 150, the sum of digits will be 6 the output should be '110'.\nFor N = 147, the sum of digits will be 12 the output should be '1100'.\n\nVariables:\n@N integer\nConstraints: 0 <= N <= 10000.\nOutput:\na string of binary number\n\nRecommendation: The code failed due to a NameError in the function_under_test. This needs to be resolved to pass the test., do you have any ideas?\n-----\n\n[Developer]says: As a Developer, I will review the test report and work on resolving the NameError in the function_under_test to pass the test.\n-----\n\n[Architect]says: As an architect, I recommend reviewing the function_under_test to ensure it is properly defined and accessible within the test script.\n-----\n\n[Tester]says: As a Tester, I recommend that the NameError in the function_under_test needs to be resolved in order to pass the test.\n-----\n\n[Developer]says: As a Developer, I will review the test report and work on resolving the NameError in the function_under_test to pass the test.\n-----\n\n[Architect]says: As an architect, I recommend reviewing the function_under_test to ensure it is properly defined and accessible within the test script.\n-----\n\n[ProductOwner]says: As a Product Owner, I think we should prioritize resolving the NameError in the function_under_test to ensure the code passes the test.\n-----\n\n[Tester]says: As a Tester, I recommend that the NameError in the function_under_test needs to be resolved in order to pass the test.\n-----\n\n[ProductOwner]says: As a Product Owner, I think we should prioritize resolving the NameError in the function_under_test to ensure the code passes the test.\n-----\n",
    "SprintReviewMeetings1": "{\n  \"product-owner\":[\"I think we should prioritize resolving the NameError in the function_under_test to ensure the code passes the test.\"],\n  \"architect\":[\"I recommend reviewing the function_under_test to ensure it is properly defined and accessible within the test script.\"],\n  \"developer\":[\"I will review the test report and work on resolving the NameError in the function_under_test to pass the test.\"],\n  \"tester\":[\"The NameError in the function_under_test needs to be resolved in order to pass the test.\"]\n}",
    "SprintReviewMeetings1_prompt": "{\"Role\": \"You are a professional scrum master. Your goal is to summary the Discussion History into a suggestions list for the scrum team.\", \"Instruction\": \"1. Read and Understand the Discussion History. 2. Summary the suggestions from four roles: product-owner/architect/developer/tester. 3. Response in JSON format.\", \"Example\": \"{\\\"product-owner\\\":[\\\"suggestion1\\\",\\\"suggestion2\\\"],\\\"architect\\\":[\\\"suggestion1\\\",\\\"suggestion2\\\"], \\\"developer\\\":[\\\"suggestion1\\\",\\\"suggestion2\\\"], \\\"tester\\\":[\\\"suggestion1\\\",\\\"suggestion2\\\"]}\", \"Context\": \"[ScrumMaster]says: Here is our test Report: Test Report\\n\\nTest Script's Output:\\nE\\n======================================================================\\nERROR: test (__main__.Test)\\n----------------------------------------------------------------------\\nTraceback (most recent call last):\\n  File \\\"/Users/watch/PycharmProjects/XXXX-1-LLM/workspace/2024-02-13_15-33-23-993069/test_script.py\\\", line 25, in test\\n    self.assertEqual(function_under_test(1000), \\\"1\\\")\\nNameError: name 'function_under_test' is not defined\\n\\n----------------------------------------------------------------------\\nRan 1 test in 0.000s\\n\\nFAILED (errors=1)\\n\\nConclusion: Code Test Failed\\n\\nInput and Expected Output Example:\\nFor N = 1000, the sum of digits will be 1 the output should be '1'.\\nFor N = 150, the sum of digits will be 6 the output should be '110'.\\nFor N = 147, the sum of digits will be 12 the output should be '1100'.\\n\\nVariables:\\n@N integer\\nConstraints: 0 <= N <= 10000.\\nOutput:\\na string of binary number\\n\\nRecommendation: The code failed due to a NameError in the function_under_test. This needs to be resolved to pass the test., do you have any ideas?\\n-----\\n\\n[Developer]says: As a Developer, I will review the test report and work on resolving the NameError in the function_under_test to pass the test.\\n-----\\n\\n[Architect]says: As an architect, I recommend reviewing the function_under_test to ensure it is properly defined and accessible within the test script.\\n-----\\n\\n[Tester]says: As a Tester, I recommend that the NameError in the function_under_test needs to be resolved in order to pass the test.\\n-----\\n\\n[Developer]says: As a Developer, I will review the test report and work on resolving the NameError in the function_under_test to pass the test.\\n-----\\n\\n[Architect]says: As an architect, I recommend reviewing the function_under_test to ensure it is properly defined and accessible within the test script.\\n-----\\n\\n[ProductOwner]says: As a Product Owner, I think we should prioritize resolving the NameError in the function_under_test to ensure the code passes the test.\\n-----\\n\\n[Tester]says: As a Tester, I recommend that the NameError in the function_under_test needs to be resolved in order to pass the test.\\n-----\\n\\n[ProductOwner]says: As a Product Owner, I think we should prioritize resolving the NameError in the function_under_test to ensure the code passes the test.\\n-----\\n\", \"Question\": \"Follow the Instruction section. The Discussion History is in the Context section. You only need to return a list as the Example section.\"}",
    "RepairResponse1": "{\n  \"revised_code\": \"def solve(N):\\n    return bin(sum(int(i) for i in str(N)))[2:]\"\n}",
    "RepairResponse1_prompt": {
        "Role": "You are a professional software engineer. Your duty is to write code in Python that meets the requirements. Ensure that the code you write is efficient, readable, and follows best practices. Remember, do not need to explain the code you wrote.",
        "Instruction": "1. Rewrite a bug fix version of the original code. 2. Response in JSON format.",
        "Example": "{\"revised_code\":\"...\"}",
        "Context": "# Test Report:\nTest Report\n\nTest Script's Output:\nE\n======================================================================\nERROR: test (__main__.Test)\n----------------------------------------------------------------------\nTraceback (most recent call last):\n  File \"/Users/watch/PycharmProjects/XXXX-1-LLM/workspace/2024-02-13_15-33-23-993069/test_script.py\", line 25, in test\n    self.assertEqual(function_under_test(1000), \"1\")\nNameError: name 'function_under_test' is not defined\n\n----------------------------------------------------------------------\nRan 1 test in 0.000s\n\nFAILED (errors=1)\n\nConclusion: Code Test Failed\n\nInput and Expected Output Example:\nFor N = 1000, the sum of digits will be 1 the output should be '1'.\nFor N = 150, the sum of digits will be 6 the output should be '110'.\nFor N = 147, the sum of digits will be 12 the output should be '1100'.\n\nVariables:\n@N integer\nConstraints: 0 <= N <= 10000.\nOutput:\na string of binary number\n\nRecommendation: The code failed due to a NameError in the function_under_test. This needs to be resolved to pass the test.# suggestions:\n{\"product-owner\": [\"I think we should prioritize resolving the NameError in the function_under_test to ensure the code passes the test.\"], \"architect\": [\"I recommend reviewing the function_under_test to ensure it is properly defined and accessible within the test script.\"], \"developer\": [\"I will review the test report and work on resolving the NameError in the function_under_test to pass the test.\"], \"tester\": [\"The NameError in the function_under_test needs to be resolved in order to pass the test.\"]}",
        "Question": "The original code has some bugs, according to the test report and suggestions, rewrite the code. Complete the following code:\n\ndef solve(N):\n    \"\"\"Given a positive integer N, return the total sum of its digits in binary.\n    \n    Example\n        For N = 1000, the sum of digits will be 1 the output should be \"1\".\n        For N = 150, the sum of digits will be 6 the output should be \"110\".\n        For N = 147, the sum of digits will be 12 the output should be \"1100\".\n    \n    Variables:\n        @N integer\n             Constraints: 0 \u2264 N \u2264 10000.\n    Output:\n         a string of binary number\n    \"\"\"\n"
    },
    "Code2": "def solve(N):\n    return bin(sum(int(i) for i in str(N)))[2:]",
    "ScriptResult2": "E\n======================================================================\nERROR: test (__main__.Test)\n----------------------------------------------------------------------\nTraceback (most recent call last):\n  File \"/Users/watch/PycharmProjects/XXXX-1-LLM/workspace/2024-02-13_15-33-23-993069/test_script.py\", line 7, in test\n    self.assertEqual(function_under_test(1000), \"1\")\nNameError: name 'function_under_test' is not defined\n\n----------------------------------------------------------------------\nRan 1 test in 0.000s\n\nFAILED (errors=1)\n",
    "TestReport2": "Test Report:\n\n- Test Script's Output:\n# test script's output:\nE\n======================================================================\nERROR: test (__main__.Test)\n----------------------------------------------------------------------\nTraceback (most recent call last):\n  File \"/Users/watch/PycharmProjects/XXXX-1-LLM/workspace/2024-02-13_15-33-23-993069/test_script.py\", line 7, in test\n    self.assertEqual(function_under_test(1000), \"1\")\nNameError: name 'function_under_test' is not defined\n\n----------------------------------------------------------------------\nRan 1 test in 0.000s\n\nFAILED (errors=1)\n\n- Analysis:\nThe test script output indicates that there is an error in the test case. The 'function_under_test' is not defined, resulting in a NameError. As a result, the test has failed.\n\n- Conclusion:\nCode Test Failed\n\n- Input and Expected Output Example:\ndef solve(N):\n    return bin(sum(int(i) for i in str(N)))[2:]\n\nThis is an example of the code that has failed the test case.\n\n- Test Input: 1000\n- Expected Output: \"1\"\n\nThe code failed to produce the expected output \"1\" for the input 1000, as indicated in the test script's output.",
    "SprintReview2": "[ScrumMaster]says: Here is our test Report: Test Report:\n\n- Test Script's Output:\n# test script's output:\nE\n======================================================================\nERROR: test (__main__.Test)\n----------------------------------------------------------------------\nTraceback (most recent call last):\n  File \"/Users/watch/PycharmProjects/XXXX-1-LLM/workspace/2024-02-13_15-33-23-993069/test_script.py\", line 7, in test\n    self.assertEqual(function_under_test(1000), \"1\")\nNameError: name 'function_under_test' is not defined\n\n----------------------------------------------------------------------\nRan 1 test in 0.000s\n\nFAILED (errors=1)\n\n- Analysis:\nThe test script output indicates that there is an error in the test case. The 'function_under_test' is not defined, resulting in a NameError. As a result, the test has failed.\n\n- Conclusion:\nCode Test Failed\n\n- Input and Expected Output Example:\ndef solve(N):\n    return bin(sum(int(i) for i in str(N)))[2:]\n\nThis is an example of the code that has failed the test case.\n\n- Test Input: 1000\n- Expected Output: \"1\"\n\nThe code failed to produce the expected output \"1\" for the input 1000, as indicated in the test script's output., do you have any ideas?\n-----\n\n[Developer]says: As a Developer, I think we should review the test script and check if the 'function_under_test' is properly defined in the code.\n-----\n\n[ProductOwner]says: As a Product Owner, I think we should prioritize fixing the test case failure and ensuring that the 'function_under_test' is properly defined before moving forward with any further development.\n-----\n\n[Tester]says: As a Tester, I suggest reviewing the function_under_test and ensure it is correctly defined to resolve the NameError in the test script.\n-----\n\n[Architect]says: As an Architect, I suggest reviewing the code to ensure that the 'function_under_test' is properly defined and to consider implementing unit tests to catch these types of errors in the future.\n-----\n\n[Tester]says: As a Tester, I suggest reviewing the function_under_test and ensure it is correctly defined to resolve the NameError in the test script.\n-----\n\n[Developer]says: As a Developer, I think we should review the test script and check if the 'function_under_test' is properly defined in the code.\n-----\n\n[ProductOwner]says: As a Product Owner, I agree that we should prioritize fixing the test case failure and ensuring that the 'function_under_test' is properly defined before moving forward with any further development.\n-----\n\n[Architect]says: As an Architect, I suggest reviewing the code to ensure that the 'function_under_test' is properly defined and to consider implementing unit tests to catch these types of errors in the future.\n-----\n",
    "SprintReviewMeetings2": "{\n  \"product-owner\": [\n    \"I think we should prioritize fixing the test case failure and ensuring that the 'function_under_test' is properly defined before moving forward with any further development.\"\n  ],\n  \"architect\": [\n    \"I suggest reviewing the code to ensure that the 'function_under_test' is properly defined and to consider implementing unit tests to catch these types of errors in the future.\"\n  ],\n  \"developer\": [\n    \"I think we should review the test script and check if the 'function_under_test' is properly defined in the code.\"\n  ],\n  \"tester\": [\n    \"I suggest reviewing the function_under_test and ensure it is correctly defined to resolve the NameError in the test script.\"\n  ]\n}",
    "SprintReviewMeetings2_prompt": "{\"Role\": \"You are a professional scrum master. Your goal is to summary the Discussion History into a suggestions list for the scrum team.\", \"Instruction\": \"1. Read and Understand the Discussion History. 2. Summary the suggestions from four roles: product-owner/architect/developer/tester. 3. Response in JSON format.\", \"Example\": \"{\\\"product-owner\\\":[\\\"suggestion1\\\",\\\"suggestion2\\\"],\\\"architect\\\":[\\\"suggestion1\\\",\\\"suggestion2\\\"], \\\"developer\\\":[\\\"suggestion1\\\",\\\"suggestion2\\\"], \\\"tester\\\":[\\\"suggestion1\\\",\\\"suggestion2\\\"]}\", \"Context\": \"[ScrumMaster]says: Here is our test Report: Test Report:\\n\\n- Test Script's Output:\\n# test script's output:\\nE\\n======================================================================\\nERROR: test (__main__.Test)\\n----------------------------------------------------------------------\\nTraceback (most recent call last):\\n  File \\\"/Users/watch/PycharmProjects/XXXX-1-LLM/workspace/2024-02-13_15-33-23-993069/test_script.py\\\", line 7, in test\\n    self.assertEqual(function_under_test(1000), \\\"1\\\")\\nNameError: name 'function_under_test' is not defined\\n\\n----------------------------------------------------------------------\\nRan 1 test in 0.000s\\n\\nFAILED (errors=1)\\n\\n- Analysis:\\nThe test script output indicates that there is an error in the test case. The 'function_under_test' is not defined, resulting in a NameError. As a result, the test has failed.\\n\\n- Conclusion:\\nCode Test Failed\\n\\n- Input and Expected Output Example:\\ndef solve(N):\\n    return bin(sum(int(i) for i in str(N)))[2:]\\n\\nThis is an example of the code that has failed the test case.\\n\\n- Test Input: 1000\\n- Expected Output: \\\"1\\\"\\n\\nThe code failed to produce the expected output \\\"1\\\" for the input 1000, as indicated in the test script's output., do you have any ideas?\\n-----\\n\\n[Developer]says: As a Developer, I think we should review the test script and check if the 'function_under_test' is properly defined in the code.\\n-----\\n\\n[ProductOwner]says: As a Product Owner, I think we should prioritize fixing the test case failure and ensuring that the 'function_under_test' is properly defined before moving forward with any further development.\\n-----\\n\\n[Tester]says: As a Tester, I suggest reviewing the function_under_test and ensure it is correctly defined to resolve the NameError in the test script.\\n-----\\n\\n[Architect]says: As an Architect, I suggest reviewing the code to ensure that the 'function_under_test' is properly defined and to consider implementing unit tests to catch these types of errors in the future.\\n-----\\n\\n[Tester]says: As a Tester, I suggest reviewing the function_under_test and ensure it is correctly defined to resolve the NameError in the test script.\\n-----\\n\\n[Developer]says: As a Developer, I think we should review the test script and check if the 'function_under_test' is properly defined in the code.\\n-----\\n\\n[ProductOwner]says: As a Product Owner, I agree that we should prioritize fixing the test case failure and ensuring that the 'function_under_test' is properly defined before moving forward with any further development.\\n-----\\n\\n[Architect]says: As an Architect, I suggest reviewing the code to ensure that the 'function_under_test' is properly defined and to consider implementing unit tests to catch these types of errors in the future.\\n-----\\n\", \"Question\": \"Follow the Instruction section. The Discussion History is in the Context section. You only need to return a list as the Example section.\"}",
    "RepairResponse2": "{\n\t\"revised_code\": \"def solve(N):\\n    total_sum = sum([int(i) for i in str(N)])\\n    return bin(total_sum)[2:]\"\n}",
    "RepairResponse2_prompt": {
        "Role": "You are a professional software engineer. Your duty is to write code in Python that meets the requirements. Ensure that the code you write is efficient, readable, and follows best practices. Remember, do not need to explain the code you wrote.",
        "Instruction": "1. Rewrite a bug fix version of the original code. 2. Response in JSON format.",
        "Example": "{\"revised_code\":\"...\"}",
        "Context": "# Test Report:\nTest Report:\n\n- Test Script's Output:\n# test script's output:\nE\n======================================================================\nERROR: test (__main__.Test)\n----------------------------------------------------------------------\nTraceback (most recent call last):\n  File \"/Users/watch/PycharmProjects/XXXX-1-LLM/workspace/2024-02-13_15-33-23-993069/test_script.py\", line 7, in test\n    self.assertEqual(function_under_test(1000), \"1\")\nNameError: name 'function_under_test' is not defined\n\n----------------------------------------------------------------------\nRan 1 test in 0.000s\n\nFAILED (errors=1)\n\n- Analysis:\nThe test script output indicates that there is an error in the test case. The 'function_under_test' is not defined, resulting in a NameError. As a result, the test has failed.\n\n- Conclusion:\nCode Test Failed\n\n- Input and Expected Output Example:\ndef solve(N):\n    return bin(sum(int(i) for i in str(N)))[2:]\n\nThis is an example of the code that has failed the test case.\n\n- Test Input: 1000\n- Expected Output: \"1\"\n\nThe code failed to produce the expected output \"1\" for the input 1000, as indicated in the test script's output.# suggestions:\n{\"product-owner\": [\"I think we should prioritize fixing the test case failure and ensuring that the 'function_under_test' is properly defined before moving forward with any further development.\"], \"architect\": [\"I suggest reviewing the code to ensure that the 'function_under_test' is properly defined and to consider implementing unit tests to catch these types of errors in the future.\"], \"developer\": [\"I think we should review the test script and check if the 'function_under_test' is properly defined in the code.\"], \"tester\": [\"I suggest reviewing the function_under_test and ensure it is correctly defined to resolve the NameError in the test script.\"]}",
        "Question": "The original code has some bugs, according to the test report and suggestions, rewrite the code. Complete the following code:\n\ndef solve(N):\n    \"\"\"Given a positive integer N, return the total sum of its digits in binary.\n    \n    Example\n        For N = 1000, the sum of digits will be 1 the output should be \"1\".\n        For N = 150, the sum of digits will be 6 the output should be \"110\".\n        For N = 147, the sum of digits will be 12 the output should be \"1100\".\n    \n    Variables:\n        @N integer\n             Constraints: 0 \u2264 N \u2264 10000.\n    Output:\n         a string of binary number\n    \"\"\"\n"
    },
    "Code3": "def solve(N):\n    total_sum = sum([int(i) for i in str(N)])\n    return bin(total_sum)[2:]",
    "ScriptResult3": "E\n======================================================================\nERROR: test (__main__.Test)\n----------------------------------------------------------------------\nTraceback (most recent call last):\n  File \"/Users/watch/PycharmProjects/XXXX-1-LLM/workspace/2024-02-13_15-33-23-993069/test_script.py\", line 8, in test\n    self.assertEqual(function_under_test(1000), \"1\")\nNameError: name 'function_under_test' is not defined\n\n----------------------------------------------------------------------\nRan 1 test in 0.000s\n\nFAILED (errors=1)\n",
    "TestReport3": "Test Report\n\nTest script's output:\n\nE\n======================================================================\nERROR: test (__main__.Test)\n----------------------------------------------------------------------\nTraceback (most recent call last):\n  File \"/Users/watch/PycharmProjects/XXXX-1-LLM/workspace/2024-02-13_15-33-23-993069/test_script.py\", line 8, in test\n    self.assertEqual(function_under_test(1000), \"1\")\nNameError: name 'function_under_test' is not defined\n\n----------------------------------------------------------------------\nRan 1 test in 0.000s\n\nFAILED (errors=1)\n\nConclusion: Code Test Failed\n\nInput and Expected Output Example:\n- Input: 1000\n- Expected Output: \"1\"\n\nCode under test:\ndef solve(N):\n    total_sum = sum([int(i) for i in str(N)])\n    return bin(total_sum)[2:]\n\nPlease investigate and fix the NameError issue with the function_under_test, and ensure that the expected output matches the actual output for the input 1000.\n\nEnd of Test Report"
}