{
    "start_time": "2024-03-11_08-58-51-656904",
    "task": "def all_Bits_Set_In_The_Given_Range(n,l,r):  \n'''Write a python function to check whether all the bits are unset in the given range or not.\nassert all_Bits_Set_In_The_Given_Range(4,1,2) == True'''\n",
    "datetime": {
        "task": "2024-03-11 08:58:51",
        "task-id": "2024-03-11 08:58:51",
        "workflow": "2024-03-11 08:58:51",
        "Discussion": "2024-03-11 08:58:53",
        "DisorderedSprintMeetings": "2024-03-11 08:58:54",
        "DesignDraft0": "2024-03-11 08:58:56",
        "DesignMeetings0": "2024-03-11 08:58:58",
        "Design0": "2024-03-11 08:59:01",
        "CodeDraft0": "2024-03-11 08:59:02",
        "CodeReviewMeetings0": "2024-03-11 08:59:04",
        "Code0CR": "2024-03-11 08:59:06",
        "FinalCode": "2024-03-11 09:00:36",
        "Test Cases Draft": "2024-03-11 08:59:08",
        "Test Cases Meetings": "2024-03-11 08:59:09",
        "Test Cases": "2024-03-11 08:59:16",
        "Code0": "2024-03-11 08:59:17",
        "TestScriptOriginal": "2024-03-11 08:59:18",
        "TestScript": "2024-03-11 08:59:18",
        "ScriptResult0": "2024-03-11 08:59:19",
        "TestReport0": "2024-03-11 08:59:21",
        "SprintReview0": "2024-03-11 08:59:23",
        "SprintReviewMeetings0": "2024-03-11 08:59:25",
        "RepairResponse0": "2024-03-11 08:59:26",
        "Code1": "2024-03-11 08:59:26",
        "ScriptResult1": "2024-03-11 08:59:26",
        "TestReport1": "2024-03-11 08:59:28",
        "SprintReview1": "2024-03-11 08:59:30",
        "SprintReviewMeetings1": "2024-03-11 08:59:32",
        "RepairResponse1": "2024-03-11 08:59:33",
        "Code2": "2024-03-11 08:59:33",
        "ScriptResult2": "2024-03-11 08:59:33",
        "TestReport2": "2024-03-11 08:59:47",
        "SprintReview2": "2024-03-11 08:59:48",
        "SprintReviewMeetings2": "2024-03-11 08:59:50",
        "RepairResponse2": "2024-03-11 09:00:36",
        "Code3": "2024-03-11 09:00:36",
        "ScriptResult3": "2024-03-11 09:00:36",
        "TestReport3": "2024-03-11 09:00:39"
    },
    "task-id": 228,
    "workflow": "agile/agile_version_0.0.5_remove.json",
    "Discussion": "[ScrumMaster]says: We have a job: def all_Bits_Set_In_The_Given_Range(n,l,r):  \n'''Write a python function to check whether all the bits are unset in the given range or not.\nassert all_Bits_Set_In_The_Given_Range(4,1,2) == True'''\n, do you have any ideas?\n-----\n\n[Tester]says: I will review the function and write test cases to ensure it meets the requirements.\n-----\n\n[ProductOwner]says: As a Product Owner, I think we should gather more information about the specific requirements and user needs for this function before proceeding with the development.\n-----\n\n[Architect]says: As an Architect, to tackle this task, we should first define the approach and architecture for the function to ensure it meets the requirements and is scalable for future changes.\n-----\n\n[Developer]says: As a Developer, I think we should start by breaking down the problem and defining the inputs and outputs for the function. We can then proceed to write the code to check all the bits in the given range.\n-----\n\n[Tester]says: As a Tester, I will review the function and write test cases to ensure it meets the requirements.\n-----\n\n[ProductOwner]says: As a Product Owner, I think we should gather more information about the specific requirements and user needs for this function before proceeding with the development.\n-----\n\n[Architect]says: As an Architect, to create a product, we should define the approach and architecture for the function to ensure it meets the requirements and is scalable for future changes.\n-----\n\n[Developer]says: [Developer] To create a product, we should start by breaking down the problem and defining the inputs and outputs for the function. We can then proceed to write the code to check all the bits in the given range.\n-----\n",
    "DisorderedSprintMeetings": "{\n  \"product-owner\": [\"gather specific requirements and user needs for the function\", \"prioritize requirements for development\"],\n  \"architect\": [\"define the approach and architecture for the function\", \"ensure scalability for future changes\"],\n  \"developer\": [\"break down the problem and define inputs and outputs for the function\", \"write the code to check all the bits in the given range\"],\n  \"tester\": [\"review the function\", \"write test cases to ensure it meets the requirements\"]\n}",
    "DisorderedSprintMeetings_prompt": "{\"Role\": \"You are a professional scrum master. Your goal is to breakdown the Discussion History into a task list for the scrum team.\", \"Instruction\": \"1. Read and Understand the Discussion History. 2. Define the tasks for four roles: product-owner/architect/developer/tester. 3. Response in JSON format.\", \"Example\": \"{\\\"product-owner\\\":[\\\"task1\\\",\\\"task2\\\"],\\\"architect\\\":[\\\"task1\\\",\\\"task2\\\"], \\\"developer\\\":[\\\"task1\\\",\\\"task2\\\"], \\\"tester\\\":[\\\"task1\\\",\\\"task2\\\"]}\", \"Context\": \"[ScrumMaster]says: We have a job: def all_Bits_Set_In_The_Given_Range(n,l,r):  \\n'''Write a python function to check whether all the bits are unset in the given range or not.\\nassert all_Bits_Set_In_The_Given_Range(4,1,2) == True'''\\n, do you have any ideas?\\n-----\\n\\n[Tester]says: I will review the function and write test cases to ensure it meets the requirements.\\n-----\\n\\n[ProductOwner]says: As a Product Owner, I think we should gather more information about the specific requirements and user needs for this function before proceeding with the development.\\n-----\\n\\n[Architect]says: As an Architect, to tackle this task, we should first define the approach and architecture for the function to ensure it meets the requirements and is scalable for future changes.\\n-----\\n\\n[Developer]says: As a Developer, I think we should start by breaking down the problem and defining the inputs and outputs for the function. We can then proceed to write the code to check all the bits in the given range.\\n-----\\n\\n[Tester]says: As a Tester, I will review the function and write test cases to ensure it meets the requirements.\\n-----\\n\\n[ProductOwner]says: As a Product Owner, I think we should gather more information about the specific requirements and user needs for this function before proceeding with the development.\\n-----\\n\\n[Architect]says: As an Architect, to create a product, we should define the approach and architecture for the function to ensure it meets the requirements and is scalable for future changes.\\n-----\\n\\n[Developer]says: [Developer] To create a product, we should start by breaking down the problem and defining the inputs and outputs for the function. We can then proceed to write the code to check all the bits in the given range.\\n-----\\n\", \"Question\": \"Follow the Instruction section. The Discussion History is in the Context section. You only need to return a task list as the Example section.\"}",
    "DesignDraft0": "Design:\n\nThe approach for the function \"all_Bits_Set_In_The_Given_Range\" should include the following architecture:\n- Use bitwise operations to manipulate the given range of bits in the input number.\n- Ensure that the function is designed to handle larger input numbers and ranges to ensure scalability for future changes.\n\nIt is important to focus on creating a clear and efficient design that guides the developer in implementing the function using appropriate bitwise operations and handling the range constraints effectively.",
    "DesignMeetings0": "{\n  \"Developer\": \"To ensure scalability, the function should be designed to handle larger input numbers and ranges by optimizing the bitwise operations and memory usage. It would be beneficial to consider using data structures like arrays or bitsets to efficiently store and manipulate the bits within the given range.\",\n  \"Tester\": \"During testing, it is important to verify the functionality of the function with various input numbers and ranges, including edge cases and boundary conditions. Test cases should cover both positive and negative scenarios to ensure that the function handles the range constraints effectively and produces the expected results.\"\n}",
    "Design0": "Based on the suggestions provided by my colleagues, I have revised the design for the function \"all_Bits_Set_In_The_Given_Range\" as follows:\n\nDesign:\n\nThe function \"all_Bits_Set_In_The_Given_Range\" will be designed to handle larger input numbers and ranges by optimizing the bitwise operations and memory usage. To achieve this, the function will utilize data structures like arrays or bitsets to efficiently store and manipulate the bits within the given range. Bitwise operations will be used to manipulate the given range of bits in the input number, ensuring scalability for future changes.\n\nDuring testing, the functionality of the function will be verified with various input numbers and ranges, including edge cases and boundary conditions. Test cases will cover both positive and negative scenarios to ensure that the function handles the range constraints effectively and produces the expected results.\n\nThis revised design aims to create a clear and efficient architecture that guides the developer in implementing the function using appropriate bitwise operations and handling the range constraints effectively.",
    "CodeDraft0": "def all_Bits_Set_In_The_Given_Range(n, l, r):\n    mask = ((1 << r) - 1) - ((1 << (l-1)) - 1)  # Create a mask to check the bits in the given range\n    return (n & mask) == mask  # Check if all the bits in the given range are set or not\n",
    "CodeDraft0_prompt": {
        "Role": "You are a professional engineer. Your duty is to write code in Python that meets the requirements. Ensure that the code you write is efficient, readable, and follows best practices. Remember, do not need to explain the code you wrote.",
        "Instruction": "According to the Context section, write your code.",
        "Example": "",
        "Context": "# Tasks:\n['break down the problem and define inputs and outputs for the function', 'write the code to check all the bits in the given range']\n# Design:\nBased on the suggestions provided by my colleagues, I have revised the design for the function \"all_Bits_Set_In_The_Given_Range\" as follows:\n\nDesign:\n\nThe function \"all_Bits_Set_In_The_Given_Range\" will be designed to handle larger input numbers and ranges by optimizing the bitwise operations and memory usage. To achieve this, the function will utilize data structures like arrays or bitsets to efficiently store and manipulate the bits within the given range. Bitwise operations will be used to manipulate the given range of bits in the input number, ensuring scalability for future changes.\n\nDuring testing, the functionality of the function will be verified with various input numbers and ranges, including edge cases and boundary conditions. Test cases will cover both positive and negative scenarios to ensure that the function handles the range constraints effectively and produces the expected results.\n\nThis revised design aims to create a clear and efficient architecture that guides the developer in implementing the function using appropriate bitwise operations and handling the range constraints effectively.",
        "Question": "Follow the Instruction section. Complete the following code:\ndef all_Bits_Set_In_The_Given_Range(n,l,r):  \n'''Write a python function to check whether all the bits are unset in the given range or not.\nassert all_Bits_Set_In_The_Given_Range(4,1,2) == True'''\n"
    },
    "CodeReviewMeetings0": "{\n  \"Architect\": \"The code seems to be correctly implementing the functionality to check if all the bits in the given range are set or not. However, it would be good to add comments to explain the purpose of the mask calculation and the bitwise operation used in the return statement for better readability and maintainability.\",\n  \"Tester\": \"During testing, make sure to cover edge cases such as when l is equal to r, when l is less than 1 or greater than the number of bits in the integer, and when r is greater than the number of bits in the integer. Also, validate the behavior of the function when n is a negative number.\"\n}",
    "Code0CR": "def all_Bits_Set_In_The_Given_Range(n, l, r):\n    \"\"\"\n    Check whether all the bits are set in the given range or not.\n    \n    Args:\n    n: The input number\n    l: The left range\n    r: The right range\n    \n    Returns:\n    True if all the bits in the given range are set, otherwise False\n    \"\"\"\n    \n    mask = (1 << (r - l + 1)) - 1\n    bits_in_range = n >> (l - 1) & mask\n    \n    return bits_in_range == mask\n\nassert all_Bits_Set_In_The_Given_Range(4, 1, 2) == True",
    "Code0CR_prompt": "{\"Role\": \"You are a professional software engineer. Your duty is to write code in Python that meets the requirements. Ensure that the code you write is efficient, readable, and follows best practices. Remember, do not need to explain the code you wrote.\", \"Instruction\": \"1. Understand the suggestions(in the Context section) about the original code. 2. Rewrite your code.\", \"Example\": \"\", \"Context\": \"# Tasks:\\n['break down the problem and define inputs and outputs for the function', 'write the code to check all the bits in the given range']\\n# Design:\\nBased on the suggestions provided by my colleagues, I have revised the design for the function \\\"all_Bits_Set_In_The_Given_Range\\\" as follows:\\n\\nDesign:\\n\\nThe function \\\"all_Bits_Set_In_The_Given_Range\\\" will be designed to handle larger input numbers and ranges by optimizing the bitwise operations and memory usage. To achieve this, the function will utilize data structures like arrays or bitsets to efficiently store and manipulate the bits within the given range. Bitwise operations will be used to manipulate the given range of bits in the input number, ensuring scalability for future changes.\\n\\nDuring testing, the functionality of the function will be verified with various input numbers and ranges, including edge cases and boundary conditions. Test cases will cover both positive and negative scenarios to ensure that the function handles the range constraints effectively and produces the expected results.\\n\\nThis revised design aims to create a clear and efficient architecture that guides the developer in implementing the function using appropriate bitwise operations and handling the range constraints effectively.# Suggestions:\\n{\\n  \\\"Architect\\\": \\\"The code seems to be correctly implementing the functionality to check if all the bits in the given range are set or not. However, it would be good to add comments to explain the purpose of the mask calculation and the bitwise operation used in the return statement for better readability and maintainability.\\\",\\n  \\\"Tester\\\": \\\"During testing, make sure to cover edge cases such as when l is equal to r, when l is less than 1 or greater than the number of bits in the integer, and when r is greater than the number of bits in the integer. Also, validate the behavior of the function when n is a negative number.\\\"\\n}\", \"Question\": \"Follow the Instruction section. Complete the following code:\\ndef all_Bits_Set_In_The_Given_Range(n,l,r):  \\n'''Write a python function to check whether all the bits are unset in the given range or not.\\nassert all_Bits_Set_In_The_Given_Range(4,1,2) == True'''\\n\"}",
    "FinalCode": "def all_Bits_Set_In_The_Given_Range(n, l, r):\n    mask = (1 << (r - l + 1)) - 1 << l\n    return (n & mask) == mask",
    "Test Cases Draft": "{\n  \"test_cases\": [\n    {\n      \"Test Title\": \"Valid Input: Range within limits\",\n      \"Input Data\": \"n=4, l=1, r=2\",\n      \"Expected Output\": \"True\"\n    },\n    {\n      \"Test Title\": \"Invalid Input: Range outside limits\",\n      \"Input Data\": \"n=4, l=3, r=5\",\n      \"Expected Output\": \"False\"\n    },\n    {\n      \"Test Title\": \"Edge Case: Range at the start of the number\",\n      \"Input Data\": \"n=4, l=0, r=1\",\n      \"Expected Output\": \"False\"\n    }\n  ]\n}",
    "Test Cases Draft_prompt": "{\"Role\": \"You are a quality assurance engineer. Your duty is to design test cases for the developers.\", \"Instruction\": \"According to the Context section, write test cases. Don't write long strings in your test cases. Response in JSON format.\", \"Example\": \"{\\\"requirement analysis\\\":\\\"analysis\\\",\\\"test_cases\\\":[{\\\"Test Title\\\":\\\"title\\\", \\\"Input Data\\\":\\\"parameter1=[1,2,3],parameter2='123'\\\", \\\"Expected Output\\\":\\\"456\\\"},]}\", \"Context\": \"# Tasks:\\n['review the function', 'write test cases to ensure it meets the requirements']\\n# Design:\\nBased on the suggestions provided by my colleagues, I have revised the design for the function \\\"all_Bits_Set_In_The_Given_Range\\\" as follows:\\n\\nDesign:\\n\\nThe function \\\"all_Bits_Set_In_The_Given_Range\\\" will be designed to handle larger input numbers and ranges by optimizing the bitwise operations and memory usage. To achieve this, the function will utilize data structures like arrays or bitsets to efficiently store and manipulate the bits within the given range. Bitwise operations will be used to manipulate the given range of bits in the input number, ensuring scalability for future changes.\\n\\nDuring testing, the functionality of the function will be verified with various input numbers and ranges, including edge cases and boundary conditions. Test cases will cover both positive and negative scenarios to ensure that the function handles the range constraints effectively and produces the expected results.\\n\\nThis revised design aims to create a clear and efficient architecture that guides the developer in implementing the function using appropriate bitwise operations and handling the range constraints effectively.\", \"Question\": \"def all_Bits_Set_In_The_Given_Range(n,l,r):  \\n'''Write a python function to check whether all the bits are unset in the given range or not.\\nassert all_Bits_Set_In_The_Given_Range(4,1,2) == True'''\\n\"}",
    "Test Cases Meetings": "{\n  \"Architect\": \"As an architect, I suggest revising the test cases by including additional edge cases such as negative numbers and zero as input values, as well as testing for non-integer inputs.\",\n  \"Developer\": \"As a developer, I suggest adding test cases with decimal numbers as input values to ensure the function handles floating-point numbers correctly.\"\n}",
    "Test Cases": "{\n  \"test_cases\": [\n    {\n      \"Test Title\": \"Valid Input: Range within limits\",\n      \"Input Data\": \"n=4, l=1, r=2\",\n      \"Expected Output\": \"True\"\n    },\n    {\n      \"Test Title\": \"Invalid Input: Range outside limits\",\n      \"Input Data\": \"n=4, l=3, r=5\",\n      \"Expected Output\": \"False\"\n    },\n    {\n      \"Test Title\": \"Edge Case: Range at the start of the number\",\n      \"Input Data\": \"n=4, l=0, r=1\",\n      \"Expected Output\": \"False\"\n    },\n    {\n      \"Test Title\": \"Additional Edge Case: Negative Numbers\",\n      \"Input Data\": \"n=-4, l=-2, r=-1\",\n      \"Expected Output\": \"True\"\n    },\n    {\n      \"Test Title\": \"Additional Edge Case: Zero as Input\",\n      \"Input Data\": \"n=0, l=0, r=0\",\n      \"Expected Output\": \"True\"\n    },\n    {\n      \"Test Title\": \"Additional Edge Case: Non-Integer Inputs\",\n      \"Input Data\": \"n=4.5, l=1.5, r=2.5\",\n      \"Expected Output\": \"Error\"\n    }\n  ]\n}",
    "Test Cases_prompt": "{\"Role\": \"You are a quality assurance engineer. Your duty is to revise the test cases based on the suggestions.\", \"Instruction\": \"1. Your colleague give you some suggestions(in the Context section) about the draft test cases, read these suggestions. 2. Revise your draft version test cases, but don't use long parameters. 3. Response in JSON format.\", \"Example\": \"{\\\"requirement analysis\\\":\\\"analysis\\\",\\\"test_cases\\\":[{\\\"Test Title\\\":\\\"title\\\", \\\"Input Data\\\":\\\"parameter1=[1,2,3],parameter2='123'\\\", \\\"Expected Output\\\":\\\"456\\\"},]}\", \"Context\": \"# Suggestions:\\n{\\n  \\\"Architect\\\": \\\"As an architect, I suggest revising the test cases by including additional edge cases such as negative numbers and zero as input values, as well as testing for non-integer inputs.\\\",\\n  \\\"Developer\\\": \\\"As a developer, I suggest adding test cases with decimal numbers as input values to ensure the function handles floating-point numbers correctly.\\\"\\n}\\n # Draft Test cases:\\n{\\n  \\\"test_cases\\\": [\\n    {\\n      \\\"Test Title\\\": \\\"Valid Input: Range within limits\\\",\\n      \\\"Input Data\\\": \\\"n=4, l=1, r=2\\\",\\n      \\\"Expected Output\\\": \\\"True\\\"\\n    },\\n    {\\n      \\\"Test Title\\\": \\\"Invalid Input: Range outside limits\\\",\\n      \\\"Input Data\\\": \\\"n=4, l=3, r=5\\\",\\n      \\\"Expected Output\\\": \\\"False\\\"\\n    },\\n    {\\n      \\\"Test Title\\\": \\\"Edge Case: Range at the start of the number\\\",\\n      \\\"Input Data\\\": \\\"n=4, l=0, r=1\\\",\\n      \\\"Expected Output\\\": \\\"False\\\"\\n    }\\n  ]\\n}\", \"Question\": \"Follow the Instruction. Please make sure your response length are less than 512. Your test cases is for the below question:\\ndef all_Bits_Set_In_The_Given_Range(n,l,r):  \\n'''Write a python function to check whether all the bits are unset in the given range or not.\\nassert all_Bits_Set_In_The_Given_Range(4,1,2) == True'''\\n\"}",
    "Code0": "def all_Bits_Unset_In_The_Given_Range(n, l, r):\n    mask = (1 << (r - l + 1)) - 1\n    bits_in_range = n >> (l - 1) & mask\n    return bits_in_range == 0\n",
    "Code0_prompt": {
        "Role": "You are a professional software engineer. Your duty is to write code in Python that meets the requirements. Ensure that the code you write is efficient, readable, and follows best practices. Remember, do not need to explain the code you wrote.",
        "Instruction": "1. Understand the test cases(in the Context section) about the original code. 2. Rewrite your code, make sure your code pass all test cases.",
        "Example": "",
        "Context": "# Original Code:\ndef all_Bits_Set_In_The_Given_Range(n, l, r):\n    \"\"\"\n    Check whether all the bits are set in the given range or not.\n    \n    Args:\n    n: The input number\n    l: The left range\n    r: The right range\n    \n    Returns:\n    True if all the bits in the given range are set, otherwise False\n    \"\"\"\n    \n    mask = (1 << (r - l + 1)) - 1\n    bits_in_range = n >> (l - 1) & mask\n    \n    return bits_in_range == mask\n\nassert all_Bits_Set_In_The_Given_Range(4, 1, 2) == True\n# Test Cases:\n{\n  \"test_cases\": [\n    {\n      \"Test Title\": \"Valid Input: Range within limits\",\n      \"Input Data\": \"n=4, l=1, r=2\",\n      \"Expected Output\": \"True\"\n    },\n    {\n      \"Test Title\": \"Invalid Input: Range outside limits\",\n      \"Input Data\": \"n=4, l=3, r=5\",\n      \"Expected Output\": \"False\"\n    },\n    {\n      \"Test Title\": \"Edge Case: Range at the start of the number\",\n      \"Input Data\": \"n=4, l=0, r=1\",\n      \"Expected Output\": \"False\"\n    },\n    {\n      \"Test Title\": \"Additional Edge Case: Negative Numbers\",\n      \"Input Data\": \"n=-4, l=-2, r=-1\",\n      \"Expected Output\": \"True\"\n    },\n    {\n      \"Test Title\": \"Additional Edge Case: Zero as Input\",\n      \"Input Data\": \"n=0, l=0, r=0\",\n      \"Expected Output\": \"True\"\n    },\n    {\n      \"Test Title\": \"Additional Edge Case: Non-Integer Inputs\",\n      \"Input Data\": \"n=4.5, l=1.5, r=2.5\",\n      \"Expected Output\": \"Error\"\n    }\n  ]\n}",
        "Question": "def all_Bits_Set_In_The_Given_Range(n,l,r):  \n'''Write a python function to check whether all the bits are unset in the given range or not.\nassert all_Bits_Set_In_The_Given_Range(4,1,2) == True'''\n"
    },
    "TestScriptOriginal": "import unittest\n\ndef all_Bits_Set_In_The_Given_Range(n,l,r):  \n    '''Write a python function to check whether all the bits are unset in the given range or not.'''\n    for i in range(l, r+1):\n        if n & (1 << i):\n            return False\n    return True\n\nclass Test(unittest.TestCase):\n    def test(self):\n        self.assertEqual(all_Bits_Set_In_The_Given_Range(4,1,2), True)\n\nif __name__ == '__main__':\n    unittest.main()",
    "TestScriptOriginal_prompt": "{\"Role\": \"You are a quality assurance engineer. Your duty is to write a python test script in unittest framework.\", \"Instruction\": \"1. Write a python test script. 2. Use the input and output given by the question.\", \"Example\": \"import unittest\\n\\nclass Test(unittest.TestCase):\\n    def test(self):\\n        self.assertEqual(function_under_test('a'), 1)\\n\\nif __name__ == '__main__':\\n    unittest.main()\", \"Context\": \"\", \"Question\": \"def all_Bits_Set_In_The_Given_Range(n,l,r):  \\n'''Write a python function to check whether all the bits are unset in the given range or not.\\nassert all_Bits_Set_In_The_Given_Range(4,1,2) == True'''\\n\"}",
    "TestScript": "import unittest\n\nclass Test(unittest.TestCase):\n    def test(self):\n        self.assertEqual(all_Bits_Set_In_The_Given_Range(4,1,2), True)\n\nif __name__ == '__main__':\n    unittest.main()",
    "ScriptResult0": "E\n======================================================================\nERROR: test (__main__.Test)\n----------------------------------------------------------------------\nTraceback (most recent call last):\n  File \"/Users/watch/PycharmProjects/XXXX-1-LLM/workspace/2024-03-11_08-58-51-656904/test_script.py\", line 10, in test\n    self.assertEqual(all_Bits_Set_In_The_Given_Range(4,1,2), True)\nNameError: name 'all_Bits_Set_In_The_Given_Range' is not defined\n\n----------------------------------------------------------------------\nRan 1 test in 0.000s\n\nFAILED (errors=1)\n",
    "TestReport0": "Test Report:\n\nTest script's output:\n\nE\n======================================================================\nERROR: test (__main__.Test)\n----------------------------------------------------------------------\nTraceback (most recent call last):\n  File \"/Users/watch/PycharmProjects/XXXX-1-LLM/workspace/2024-03-11_08-58-51-656904/test_script.py\", line 10, in test\n    self.assertEqual(all_Bits_Set_In_The_Given_Range(4,1,2), True)\nNameError: name 'all_Bits_Set_In_The_Given_Range' is not defined\n\n----------------------------------------------------------------------\nRan 1 test in 0.000s\n\nFAILED (errors=1)\n\nThe code has failed the test due to the name error 'all_Bits_Set_In_The_Given_Range' being not defined.\n\nInput and expected output example:\nInput: all_Bits_Unset_In_The_Given_Range(4, 1, 2)\nExpected Output: True\n\nConclusion: Code Test Failed.",
    "SprintReview0": "[ScrumMaster]says: Here is our test Report: Test Report:\n\nTest script's output:\n\nE\n======================================================================\nERROR: test (__main__.Test)\n----------------------------------------------------------------------\nTraceback (most recent call last):\n  File \"/Users/watch/PycharmProjects/XXXX-1-LLM/workspace/2024-03-11_08-58-51-656904/test_script.py\", line 10, in test\n    self.assertEqual(all_Bits_Set_In_The_Given_Range(4,1,2), True)\nNameError: name 'all_Bits_Set_In_The_Given_Range' is not defined\n\n----------------------------------------------------------------------\nRan 1 test in 0.000s\n\nFAILED (errors=1)\n\nThe code has failed the test due to the name error 'all_Bits_Set_In_The_Given_Range' being not defined.\n\nInput and expected output example:\nInput: all_Bits_Unset_In_The_Given_Range(4, 1, 2)\nExpected Output: True\n\nConclusion: Code Test Failed., do you have any ideas?\n-----\n\n[Developer]says: As a Developer, I think we need to define the function 'all_Bits_Set_In_The_Given_Range' before running the test script.\n-----\n\n[ProductOwner]says: As a Product Owner, I think we should prioritize fixing the name error 'all_Bits_Set_In_The_Given_Range' to pass the test and ensure the product's functionality.\n-----\n\n[Tester]says: As a Tester, it seems like the code failed the test due to a name error. It may be helpful to check the code for any undefined variables or functions.\n-----\n\n[Architect]says: As an Architect, it is important to review the test report and identify the root cause of the name error 'all_Bits_Set_In_The_Given_Range' not being defined in order to address the test failure.\n-----\n\n[Developer]says: [Developer] To create a product, we should define the function 'all_Bits_Set_In_The_Given_Range' before running the test script.\n-----\n\n[Tester]says: As a Tester, it seems like the code failed the test due to a name error. It may be helpful to check the code for any undefined variables or functions.\n-----\n\n[ProductOwner]says: As a Product Owner, I think we should prioritize fixing the name error 'all_Bits_Set_In_The_Given_Range' to pass the test and ensure the product's functionality.\n-----\n\n[Architect]says: As an Architect, I will review the code and identify the root cause of the name error 'all_Bits_Set_In_The_Given_Range' in order to address the test failure.\n-----\n",
    "SprintReviewMeetings0": "{\n  \"product-owner\": [\"We should prioritize fixing the name error 'all_Bits_Set_In_The_Given_Range' to ensure the product's functionality.\"],\n  \"architect\": [\"Review the code and identify the root cause of the name error 'all_Bits_Set_In_The_Given_Range' to address the test failure.\"],\n  \"developer\": [\"Define the function 'all_Bits_Set_In_The_Given_Range' before running the test script.\"],\n  \"tester\": [\"Check the code for any undefined variables or functions.\"]\n}",
    "SprintReviewMeetings0_prompt": "{\"Role\": \"You are a professional scrum master. Your goal is to summary the Discussion History into a suggestions list for the scrum team.\", \"Instruction\": \"1. Read and Understand the Discussion History. 2. Summary the suggestions from four roles: product-owner/architect/developer/tester. 3. Response in JSON format.\", \"Example\": \"{\\\"product-owner\\\":[\\\"suggestion1\\\",\\\"suggestion2\\\"],\\\"architect\\\":[\\\"suggestion1\\\",\\\"suggestion2\\\"], \\\"developer\\\":[\\\"suggestion1\\\",\\\"suggestion2\\\"], \\\"tester\\\":[\\\"suggestion1\\\",\\\"suggestion2\\\"]}\", \"Context\": \"[ScrumMaster]says: Here is our test Report: Test Report:\\n\\nTest script's output:\\n\\nE\\n======================================================================\\nERROR: test (__main__.Test)\\n----------------------------------------------------------------------\\nTraceback (most recent call last):\\n  File \\\"/Users/watch/PycharmProjects/XXXX-1-LLM/workspace/2024-03-11_08-58-51-656904/test_script.py\\\", line 10, in test\\n    self.assertEqual(all_Bits_Set_In_The_Given_Range(4,1,2), True)\\nNameError: name 'all_Bits_Set_In_The_Given_Range' is not defined\\n\\n----------------------------------------------------------------------\\nRan 1 test in 0.000s\\n\\nFAILED (errors=1)\\n\\nThe code has failed the test due to the name error 'all_Bits_Set_In_The_Given_Range' being not defined.\\n\\nInput and expected output example:\\nInput: all_Bits_Unset_In_The_Given_Range(4, 1, 2)\\nExpected Output: True\\n\\nConclusion: Code Test Failed., do you have any ideas?\\n-----\\n\\n[Developer]says: As a Developer, I think we need to define the function 'all_Bits_Set_In_The_Given_Range' before running the test script.\\n-----\\n\\n[ProductOwner]says: As a Product Owner, I think we should prioritize fixing the name error 'all_Bits_Set_In_The_Given_Range' to pass the test and ensure the product's functionality.\\n-----\\n\\n[Tester]says: As a Tester, it seems like the code failed the test due to a name error. It may be helpful to check the code for any undefined variables or functions.\\n-----\\n\\n[Architect]says: As an Architect, it is important to review the test report and identify the root cause of the name error 'all_Bits_Set_In_The_Given_Range' not being defined in order to address the test failure.\\n-----\\n\\n[Developer]says: [Developer] To create a product, we should define the function 'all_Bits_Set_In_The_Given_Range' before running the test script.\\n-----\\n\\n[Tester]says: As a Tester, it seems like the code failed the test due to a name error. It may be helpful to check the code for any undefined variables or functions.\\n-----\\n\\n[ProductOwner]says: As a Product Owner, I think we should prioritize fixing the name error 'all_Bits_Set_In_The_Given_Range' to pass the test and ensure the product's functionality.\\n-----\\n\\n[Architect]says: As an Architect, I will review the code and identify the root cause of the name error 'all_Bits_Set_In_The_Given_Range' in order to address the test failure.\\n-----\\n\", \"Question\": \"Follow the Instruction section. The Discussion History is in the Context section. You only need to return a list as the Example section.\"}",
    "RepairResponse0": "{\n\t\"revised_code\": \"def all_Bits_Set_In_The_Given_Range(n, l, r): \\n    mask = (1 << (r - l + 1)) - 1 << l\\n    return n & mask == mask\"\n}",
    "RepairResponse0_prompt": {
        "Role": "You are a professional software engineer. Your duty is to write code in Python that meets the requirements. Ensure that the code you write is efficient, readable, and follows best practices. Remember, do not need to explain the code you wrote.",
        "Instruction": "1. Rewrite a bug fix version of the original code. 2. Response in JSON format.",
        "Example": "{\"revised_code\":\"...\"}",
        "Context": "# Test Report:\nTest Report:\n\nTest script's output:\n\nE\n======================================================================\nERROR: test (__main__.Test)\n----------------------------------------------------------------------\nTraceback (most recent call last):\n  File \"/Users/watch/PycharmProjects/XXXX-1-LLM/workspace/2024-03-11_08-58-51-656904/test_script.py\", line 10, in test\n    self.assertEqual(all_Bits_Set_In_The_Given_Range(4,1,2), True)\nNameError: name 'all_Bits_Set_In_The_Given_Range' is not defined\n\n----------------------------------------------------------------------\nRan 1 test in 0.000s\n\nFAILED (errors=1)\n\nThe code has failed the test due to the name error 'all_Bits_Set_In_The_Given_Range' being not defined.\n\nInput and expected output example:\nInput: all_Bits_Unset_In_The_Given_Range(4, 1, 2)\nExpected Output: True\n\nConclusion: Code Test Failed.# suggestions:\n{\"product-owner\": [\"We should prioritize fixing the name error 'all_Bits_Set_In_The_Given_Range' to ensure the product's functionality.\"], \"architect\": [\"Review the code and identify the root cause of the name error 'all_Bits_Set_In_The_Given_Range' to address the test failure.\"], \"developer\": [\"Define the function 'all_Bits_Set_In_The_Given_Range' before running the test script.\"], \"tester\": [\"Check the code for any undefined variables or functions.\"]}",
        "Question": "The original code has some bugs, according to the test report and suggestions, rewrite the code. Complete the following code:\ndef all_Bits_Set_In_The_Given_Range(n,l,r):  \n'''Write a python function to check whether all the bits are unset in the given range or not.\nassert all_Bits_Set_In_The_Given_Range(4,1,2) == True'''\n"
    },
    "Code1": "def all_Bits_Set_In_The_Given_Range(n, l, r): \n    mask = (1 << (r - l + 1)) - 1 << l\n    return n & mask == mask",
    "ScriptResult1": "F\n======================================================================\nFAIL: test (__main__.Test)\n----------------------------------------------------------------------\nTraceback (most recent call last):\n  File \"/Users/watch/PycharmProjects/XXXX-1-LLM/workspace/2024-03-11_08-58-51-656904/test_script.py\", line 8, in test\n    self.assertEqual(all_Bits_Set_In_The_Given_Range(4,1,2), True)\nAssertionError: False != True\n\n----------------------------------------------------------------------\nRan 1 test in 0.000s\n\nFAILED (failures=1)\n",
    "TestReport1": "Test Report:\n\nTest script's output:\nF\n======================================================================\nFAIL: test (__main__.Test)\n----------------------------------------------------------------------\nTraceback (most recent call last):\n  File \"/Users/watch/PycharmProjects/XXXX-1-LLM/workspace/2024-03-11_08-58-51-656904/test_script.py\", line 8, in test\n    self.assertEqual(all_Bits_Set_In_The_Given_Range(4,1,2), True)\nAssertionError: False != True\n\n----------------------------------------------------------------------\nRan 1 test in 0.000s\n\nFAILED (failures=1)\n\nConclusion: Code Test Failed\n\nInput Example:\nn = 4\nl = 1\nr = 2\nExpected Output: True\nActual Output: False\n\ndef all_Bits_Set_In_The_Given_Range(n, l, r):\n    mask = (1 << (r - l + 1)) - 1 << l\n    return n & mask == mask",
    "SprintReview1": "[ScrumMaster]says: Here is our test Report: Test Report:\n\nTest script's output:\nF\n======================================================================\nFAIL: test (__main__.Test)\n----------------------------------------------------------------------\nTraceback (most recent call last):\n  File \"/Users/watch/PycharmProjects/XXXX-1-LLM/workspace/2024-03-11_08-58-51-656904/test_script.py\", line 8, in test\n    self.assertEqual(all_Bits_Set_In_The_Given_Range(4,1,2), True)\nAssertionError: False != True\n\n----------------------------------------------------------------------\nRan 1 test in 0.000s\n\nFAILED (failures=1)\n\nConclusion: Code Test Failed\n\nInput Example:\nn = 4\nl = 1\nr = 2\nExpected Output: True\nActual Output: False\n\ndef all_Bits_Set_In_The_Given_Range(n, l, r):\n    mask = (1 << (r - l + 1)) - 1 << l\n    return n & mask == mask, do you have any ideas?\n-----\n\n[Architect]says: As an Architect, I think we should review the test script and identify the root cause of the failure before making any changes to the code.\n-----\n\n[Developer]says: As a Developer, I think we should review the test script and check the implementation of the all_Bits_Set_In_The_Given_Range function to identify the issue.\n-----\n\n[ProductOwner]says: As a Product Owner, I think we should prioritize fixing the failed code test and ensuring the expected output matches the actual output before progressing with any further development.\n-----\n\n[Tester]says: As a Tester, the test script output indicates a failure in the code test. It seems like the function all_Bits_Set_In_The_Given_Range is not producing the expected output.\n-----\n\n[Architect]says: As an Architect, I agree with the need to review the test script and identify the root cause of the failure before making any changes to the code.\n-----\n\n[ProductOwner]says: As a Product Owner, I think we should prioritize fixing the failed code test and ensuring the expected output matches the actual output before progressing with any further development.\n-----\n\n[Developer]says: As a Developer, I agree that we should review the test script and check the implementation of the all_Bits_Set_In_The_Given_Range function to identify the issue.\n-----\n\n[Tester]says: As a Tester, I agree that the focus should be on identifying and fixing the issue with the function all_Bits_Set_In_The_Given_Range before proceeding with further development.\n-----\n",
    "SprintReviewMeetings1": "{\n  \"product-owner\": [\"We should prioritize fixing the failed code test and ensuring the expected output matches the actual output before progressing with any further development.\"],\n  \"architect\": [\"We should review the test script and identify the root cause of the failure before making any changes to the code.\"],\n  \"developer\": [\"We should review the test script and check the implementation of the all_Bits_Set_In_The_Given_Range function to identify the issue.\"],\n  \"tester\": [\"The focus should be on identifying and fixing the issue with the function all_Bits_Set_In_The_Given_Range before proceeding with further development.\"]\n}",
    "SprintReviewMeetings1_prompt": "{\"Role\": \"You are a professional scrum master. Your goal is to summary the Discussion History into a suggestions list for the scrum team.\", \"Instruction\": \"1. Read and Understand the Discussion History. 2. Summary the suggestions from four roles: product-owner/architect/developer/tester. 3. Response in JSON format.\", \"Example\": \"{\\\"product-owner\\\":[\\\"suggestion1\\\",\\\"suggestion2\\\"],\\\"architect\\\":[\\\"suggestion1\\\",\\\"suggestion2\\\"], \\\"developer\\\":[\\\"suggestion1\\\",\\\"suggestion2\\\"], \\\"tester\\\":[\\\"suggestion1\\\",\\\"suggestion2\\\"]}\", \"Context\": \"[ScrumMaster]says: Here is our test Report: Test Report:\\n\\nTest script's output:\\nF\\n======================================================================\\nFAIL: test (__main__.Test)\\n----------------------------------------------------------------------\\nTraceback (most recent call last):\\n  File \\\"/Users/watch/PycharmProjects/XXXX-1-LLM/workspace/2024-03-11_08-58-51-656904/test_script.py\\\", line 8, in test\\n    self.assertEqual(all_Bits_Set_In_The_Given_Range(4,1,2), True)\\nAssertionError: False != True\\n\\n----------------------------------------------------------------------\\nRan 1 test in 0.000s\\n\\nFAILED (failures=1)\\n\\nConclusion: Code Test Failed\\n\\nInput Example:\\nn = 4\\nl = 1\\nr = 2\\nExpected Output: True\\nActual Output: False\\n\\ndef all_Bits_Set_In_The_Given_Range(n, l, r):\\n    mask = (1 << (r - l + 1)) - 1 << l\\n    return n & mask == mask, do you have any ideas?\\n-----\\n\\n[Architect]says: As an Architect, I think we should review the test script and identify the root cause of the failure before making any changes to the code.\\n-----\\n\\n[Developer]says: As a Developer, I think we should review the test script and check the implementation of the all_Bits_Set_In_The_Given_Range function to identify the issue.\\n-----\\n\\n[ProductOwner]says: As a Product Owner, I think we should prioritize fixing the failed code test and ensuring the expected output matches the actual output before progressing with any further development.\\n-----\\n\\n[Tester]says: As a Tester, the test script output indicates a failure in the code test. It seems like the function all_Bits_Set_In_The_Given_Range is not producing the expected output.\\n-----\\n\\n[Architect]says: As an Architect, I agree with the need to review the test script and identify the root cause of the failure before making any changes to the code.\\n-----\\n\\n[ProductOwner]says: As a Product Owner, I think we should prioritize fixing the failed code test and ensuring the expected output matches the actual output before progressing with any further development.\\n-----\\n\\n[Developer]says: As a Developer, I agree that we should review the test script and check the implementation of the all_Bits_Set_In_The_Given_Range function to identify the issue.\\n-----\\n\\n[Tester]says: As a Tester, I agree that the focus should be on identifying and fixing the issue with the function all_Bits_Set_In_The_Given_Range before proceeding with further development.\\n-----\\n\", \"Question\": \"Follow the Instruction section. The Discussion History is in the Context section. You only need to return a list as the Example section.\"}",
    "RepairResponse1": "{\n  \"revised_code\": \"def all_Bits_Set_In_The_Given_Range(n, l, r):\\n    mask = (1 << (r - l + 1)) - 1 << l\\n    return n & mask == mask\"\n}",
    "RepairResponse1_prompt": {
        "Role": "You are a professional software engineer. Your duty is to write code in Python that meets the requirements. Ensure that the code you write is efficient, readable, and follows best practices. Remember, do not need to explain the code you wrote.",
        "Instruction": "1. Rewrite a bug fix version of the original code. 2. Response in JSON format.",
        "Example": "{\"revised_code\":\"...\"}",
        "Context": "# Test Report:\nTest Report:\n\nTest script's output:\nF\n======================================================================\nFAIL: test (__main__.Test)\n----------------------------------------------------------------------\nTraceback (most recent call last):\n  File \"/Users/watch/PycharmProjects/XXXX-1-LLM/workspace/2024-03-11_08-58-51-656904/test_script.py\", line 8, in test\n    self.assertEqual(all_Bits_Set_In_The_Given_Range(4,1,2), True)\nAssertionError: False != True\n\n----------------------------------------------------------------------\nRan 1 test in 0.000s\n\nFAILED (failures=1)\n\nConclusion: Code Test Failed\n\nInput Example:\nn = 4\nl = 1\nr = 2\nExpected Output: True\nActual Output: False\n\ndef all_Bits_Set_In_The_Given_Range(n, l, r):\n    mask = (1 << (r - l + 1)) - 1 << l\n    return n & mask == mask# suggestions:\n{\"product-owner\": [\"We should prioritize fixing the failed code test and ensuring the expected output matches the actual output before progressing with any further development.\"], \"architect\": [\"We should review the test script and identify the root cause of the failure before making any changes to the code.\"], \"developer\": [\"We should review the test script and check the implementation of the all_Bits_Set_In_The_Given_Range function to identify the issue.\"], \"tester\": [\"The focus should be on identifying and fixing the issue with the function all_Bits_Set_In_The_Given_Range before proceeding with further development.\"]}",
        "Question": "The original code has some bugs, according to the test report and suggestions, rewrite the code. Complete the following code:\ndef all_Bits_Set_In_The_Given_Range(n,l,r):  \n'''Write a python function to check whether all the bits are unset in the given range or not.\nassert all_Bits_Set_In_The_Given_Range(4,1,2) == True'''\n"
    },
    "Code2": "def all_Bits_Set_In_The_Given_Range(n, l, r):\n    mask = (1 << (r - l + 1)) - 1 << l\n    return n & mask == mask",
    "ScriptResult2": "F\n======================================================================\nFAIL: test (__main__.Test)\n----------------------------------------------------------------------\nTraceback (most recent call last):\n  File \"/Users/watch/PycharmProjects/XXXX-1-LLM/workspace/2024-03-11_08-58-51-656904/test_script.py\", line 8, in test\n    self.assertEqual(all_Bits_Set_In_The_Given_Range(4,1,2), True)\nAssertionError: False != True\n\n----------------------------------------------------------------------\nRan 1 test in 0.000s\n\nFAILED (failures=1)\n",
    "TestReport2": "Test Report:\n\nTest script's output:\nF\n======================================================================\nFAIL: test (__main__.Test)\n----------------------------------------------------------------------\nTraceback (most recent call last):\n  File \"/Users/watch/PycharmProjects/XXXX-1-LLM/workspace/2024-03-11_08-58-51-656904/test_script.py\", line 8, in test\n    self.assertEqual(all_Bits_Set_In_The_Given_Range(4,1,2), True)\nAssertionError: False != True\n\n----------------------------------------------------------------------\nRan 1 test in 0.000s\n\nFAILED (failures=1)\n\nConclusion: Code Test Failed\n\nInput and expected output example:\nFunction call: all_Bits_Set_In_The_Given_Range(4,1,2)\nExpected output: True\nActual output: False\n\nDefective code example:\ndef all_Bits_Set_In_The_Given_Range(n, l, r):\n    mask = (1 << (r - l + 1)) - 1 << l\n    return n & mask == mask\n\nRecommendations: The code needs to be reviewed and corrected to ensure that the expected output matches the actual output.",
    "SprintReview2": "[ScrumMaster]says: Here is our test Report: Test Report:\n\nTest script's output:\nF\n======================================================================\nFAIL: test (__main__.Test)\n----------------------------------------------------------------------\nTraceback (most recent call last):\n  File \"/Users/watch/PycharmProjects/XXXX-1-LLM/workspace/2024-03-11_08-58-51-656904/test_script.py\", line 8, in test\n    self.assertEqual(all_Bits_Set_In_The_Given_Range(4,1,2), True)\nAssertionError: False != True\n\n----------------------------------------------------------------------\nRan 1 test in 0.000s\n\nFAILED (failures=1)\n\nConclusion: Code Test Failed\n\nInput and expected output example:\nFunction call: all_Bits_Set_In_The_Given_Range(4,1,2)\nExpected output: True\nActual output: False\n\nDefective code example:\ndef all_Bits_Set_In_The_Given_Range(n, l, r):\n    mask = (1 << (r - l + 1)) - 1 << l\n    return n & mask == mask\n\nRecommendations: The code needs to be reviewed and corrected to ensure that the expected output matches the actual output., do you have any ideas?\n-----\n\n[Tester]says: I will review the test report and code to identify any potential issues and provide recommendations for corrections.\n-----\n\n[ProductOwner]says: As the Product Owner, I suggest that we prioritize reviewing and correcting the defective code to ensure the expected output matches the actual output for the product.\n-----\n\n[Developer]says: As a Developer, I think we should review the code and correct it to ensure the expected output matches the actual output.\n-----\n\n[Architect]says: As an Architect, I recommend conducting a code review to identify and correct the issues in the code.\n-----\n\n[Tester]says: As a Tester, I will review the test report and code to identify potential issues and provide recommendations for corrections.\n-----\n\n[Architect]says: As an Architect, I recommend conducting a code review to identify and correct the issues in the code.\n-----\n\n[ProductOwner]says: As the Product Owner, I suggest that we prioritize reviewing and correcting the defective code to ensure the expected output matches the actual output for the product.\n-----\n\n[Developer]says: As a Developer, I will take on the task of reviewing and correcting the defective code to ensure the expected output matches the actual output for the product.\n-----\n",
    "SprintReviewMeetings2": "{\n  \"product-owner\": [\"Prioritize reviewing and correcting the defective code to ensure the expected output matches the actual output for the product\"],\n  \"architect\": [\"Conduct a code review to identify and correct the issues in the code\"],\n  \"developer\": [\"Review and correct the defective code to ensure the expected output matches the actual output for the product\"],\n  \"tester\": [\"Review the test report and code to identify potential issues and provide recommendations for corrections\"]\n}",
    "SprintReviewMeetings2_prompt": "{\"Role\": \"You are a professional scrum master. Your goal is to summary the Discussion History into a suggestions list for the scrum team.\", \"Instruction\": \"1. Read and Understand the Discussion History. 2. Summary the suggestions from four roles: product-owner/architect/developer/tester. 3. Response in JSON format.\", \"Example\": \"{\\\"product-owner\\\":[\\\"suggestion1\\\",\\\"suggestion2\\\"],\\\"architect\\\":[\\\"suggestion1\\\",\\\"suggestion2\\\"], \\\"developer\\\":[\\\"suggestion1\\\",\\\"suggestion2\\\"], \\\"tester\\\":[\\\"suggestion1\\\",\\\"suggestion2\\\"]}\", \"Context\": \"[ScrumMaster]says: Here is our test Report: Test Report:\\n\\nTest script's output:\\nF\\n======================================================================\\nFAIL: test (__main__.Test)\\n----------------------------------------------------------------------\\nTraceback (most recent call last):\\n  File \\\"/Users/watch/PycharmProjects/XXXX-1-LLM/workspace/2024-03-11_08-58-51-656904/test_script.py\\\", line 8, in test\\n    self.assertEqual(all_Bits_Set_In_The_Given_Range(4,1,2), True)\\nAssertionError: False != True\\n\\n----------------------------------------------------------------------\\nRan 1 test in 0.000s\\n\\nFAILED (failures=1)\\n\\nConclusion: Code Test Failed\\n\\nInput and expected output example:\\nFunction call: all_Bits_Set_In_The_Given_Range(4,1,2)\\nExpected output: True\\nActual output: False\\n\\nDefective code example:\\ndef all_Bits_Set_In_The_Given_Range(n, l, r):\\n    mask = (1 << (r - l + 1)) - 1 << l\\n    return n & mask == mask\\n\\nRecommendations: The code needs to be reviewed and corrected to ensure that the expected output matches the actual output., do you have any ideas?\\n-----\\n\\n[Tester]says: I will review the test report and code to identify any potential issues and provide recommendations for corrections.\\n-----\\n\\n[ProductOwner]says: As the Product Owner, I suggest that we prioritize reviewing and correcting the defective code to ensure the expected output matches the actual output for the product.\\n-----\\n\\n[Developer]says: As a Developer, I think we should review the code and correct it to ensure the expected output matches the actual output.\\n-----\\n\\n[Architect]says: As an Architect, I recommend conducting a code review to identify and correct the issues in the code.\\n-----\\n\\n[Tester]says: As a Tester, I will review the test report and code to identify potential issues and provide recommendations for corrections.\\n-----\\n\\n[Architect]says: As an Architect, I recommend conducting a code review to identify and correct the issues in the code.\\n-----\\n\\n[ProductOwner]says: As the Product Owner, I suggest that we prioritize reviewing and correcting the defective code to ensure the expected output matches the actual output for the product.\\n-----\\n\\n[Developer]says: As a Developer, I will take on the task of reviewing and correcting the defective code to ensure the expected output matches the actual output for the product.\\n-----\\n\", \"Question\": \"Follow the Instruction section. The Discussion History is in the Context section. You only need to return a list as the Example section.\"}",
    "RepairResponse2": "{\n  \"revised_code\": \"def all_Bits_Set_In_The_Given_Range(n, l, r):\\n    mask = (1 << (r - l + 1)) - 1 << l\\n    return (n & mask) == mask\"\n}",
    "RepairResponse2_prompt": {
        "Role": "You are a professional software engineer. Your duty is to write code in Python that meets the requirements. Ensure that the code you write is efficient, readable, and follows best practices. Remember, do not need to explain the code you wrote.",
        "Instruction": "1. Rewrite a bug fix version of the original code. 2. Response in JSON format.",
        "Example": "{\"revised_code\":\"...\"}",
        "Context": "# Test Report:\nTest Report:\n\nTest script's output:\nF\n======================================================================\nFAIL: test (__main__.Test)\n----------------------------------------------------------------------\nTraceback (most recent call last):\n  File \"/Users/watch/PycharmProjects/XXXX-1-LLM/workspace/2024-03-11_08-58-51-656904/test_script.py\", line 8, in test\n    self.assertEqual(all_Bits_Set_In_The_Given_Range(4,1,2), True)\nAssertionError: False != True\n\n----------------------------------------------------------------------\nRan 1 test in 0.000s\n\nFAILED (failures=1)\n\nConclusion: Code Test Failed\n\nInput and expected output example:\nFunction call: all_Bits_Set_In_The_Given_Range(4,1,2)\nExpected output: True\nActual output: False\n\nDefective code example:\ndef all_Bits_Set_In_The_Given_Range(n, l, r):\n    mask = (1 << (r - l + 1)) - 1 << l\n    return n & mask == mask\n\nRecommendations: The code needs to be reviewed and corrected to ensure that the expected output matches the actual output.# suggestions:\n{\"product-owner\": [\"Prioritize reviewing and correcting the defective code to ensure the expected output matches the actual output for the product\"], \"architect\": [\"Conduct a code review to identify and correct the issues in the code\"], \"developer\": [\"Review and correct the defective code to ensure the expected output matches the actual output for the product\"], \"tester\": [\"Review the test report and code to identify potential issues and provide recommendations for corrections\"]}",
        "Question": "The original code has some bugs, according to the test report and suggestions, rewrite the code. Complete the following code:\ndef all_Bits_Set_In_The_Given_Range(n,l,r):  \n'''Write a python function to check whether all the bits are unset in the given range or not.\nassert all_Bits_Set_In_The_Given_Range(4,1,2) == True'''\n"
    },
    "Code3": "def all_Bits_Set_In_The_Given_Range(n, l, r):\n    mask = (1 << (r - l + 1)) - 1 << l\n    return (n & mask) == mask",
    "ScriptResult3": "F\n======================================================================\nFAIL: test (__main__.Test)\n----------------------------------------------------------------------\nTraceback (most recent call last):\n  File \"/Users/watch/PycharmProjects/XXXX-1-LLM/workspace/2024-03-11_08-58-51-656904/test_script.py\", line 8, in test\n    self.assertEqual(all_Bits_Set_In_The_Given_Range(4,1,2), True)\nAssertionError: False != True\n\n----------------------------------------------------------------------\nRan 1 test in 0.000s\n\nFAILED (failures=1)\n",
    "TestReport3": "Test Report\n\n- Test script's output:\n\nF\n======================================================================\nFAIL: test (__main__.Test)\n----------------------------------------------------------------------\nTraceback (most recent call last):\n  File \"/Users/watch/PycharmProjects/XXXX-1-LLM/workspace/2024-03-11_08-58-51-656904/test_script.py\", line 8, in test\n    self.assertEqual(all_Bits_Set_In_The_Given_Range(4,1,2), True)\nAssertionError: False != True\n\n----------------------------------------------------------------------\nRan 1 test in 0.000s\n\nFAILED (failures=1)\n\n- Input and expected output example:\n\nInput: all_Bits_Set_In_The_Given_Range(4,1,2)\nExpected output: True\n\n- Conclusion: Code Test Failed\n\nCode:\ndef all_Bits_Set_In_The_Given_Range(n, l, r):\n    mask = (1 << (r - l + 1)) - 1 << l\n    return (n & mask) == mask\n\nThe code has failed the test. The input (4,1,2) did not produce the expected output of True. The assertion error indicates that the actual output was False, which does not match the expected output. Further investigation and debugging are required to address this failure.\n\nEnd of Test Report."
}