{
    "start_time": "2024-03-11_11-13-50-848158",
    "task": "def is_polite(n): \n'''Write a function to find nth polite number. geeksforgeeks.org/n-th-polite-number/\nassert is_polite(7) == 11'''\n",
    "datetime": {
        "task": "2024-03-11 11:13:50",
        "task-id": "2024-03-11 11:13:50",
        "workflow": "2024-03-11 11:13:50",
        "Discussion": "2024-03-11 11:13:52",
        "DisorderedSprintMeetings": "2024-03-11 11:13:53",
        "UserStoryDraft0": "2024-03-11 11:13:54",
        "AnalyzeMeetings": "2024-03-11 11:13:56",
        "UserStory0": "2024-03-11 11:13:58",
        "CodeDraft0": "2024-03-11 11:13:58",
        "CodeReviewMeetings0": "2024-03-11 11:13:59",
        "Code0CR": "2024-03-11 11:14:01",
        "FinalCode": "2024-03-11 11:14:39",
        "Test Cases Draft": "2024-03-11 11:14:03",
        "Test Cases Meetings": "2024-03-11 11:14:04",
        "Test Cases": "2024-03-11 11:14:10",
        "Code0": "2024-03-11 11:14:13",
        "TestScriptOriginal": "2024-03-11 11:14:15",
        "TestScript": "2024-03-11 11:14:15",
        "ScriptResult0": "2024-03-11 11:14:15",
        "TestReport0": "2024-03-11 11:14:17",
        "SprintReview0": "2024-03-11 11:14:20",
        "SprintReviewMeetings0": "2024-03-11 11:14:21",
        "RepairResponse0": "2024-03-11 11:14:24",
        "Code1": "2024-03-11 11:14:24",
        "ScriptResult1": "2024-03-11 11:14:24",
        "TestReport1": "2024-03-11 11:14:26",
        "SprintReview1": "2024-03-11 11:14:28",
        "SprintReviewMeetings1": "2024-03-11 11:14:30",
        "RepairResponse1": "2024-03-11 11:14:31",
        "Code2": "2024-03-11 11:14:31",
        "ScriptResult2": "2024-03-11 11:14:31",
        "TestReport2": "2024-03-11 11:14:33",
        "SprintReview2": "2024-03-11 11:14:34",
        "SprintReviewMeetings2": "2024-03-11 11:14:38",
        "RepairResponse2": "2024-03-11 11:14:39",
        "Code3": "2024-03-11 11:14:39",
        "ScriptResult3": "2024-03-11 11:14:39",
        "TestReport3": "2024-03-11 11:14:40"
    },
    "task-id": 765,
    "workflow": "agile/agile_version_0.0.5_remove.json",
    "Discussion": "[ScrumMaster]says: We have a job: def is_polite(n): \n'''Write a function to find nth polite number. geeksforgeeks.org/n-th-polite-number/\nassert is_polite(7) == 11'''\n, do you have any ideas?\n-----\n\n[Architect]says: As an Architect, I suggest we start by analyzing the requirements and constraints before designing the solution.\n-----\n\n[Tester]says: As a Tester, I will review the function and ensure it returns the correct nth polite number as per the requirements.\n-----\n\n[ProductOwner]says: As a Product Owner, I think the first step is to understand the user requirements for the product we are developing.\n-----\n\n[Developer]says: As a Developer, I think we should start by researching and understanding the concept of polite numbers before writing the function.\n-----\n\n[Tester]says: As a Tester, I will review the function and ensure it returns the correct nth polite number as per the requirements.\n-----\n\n[Architect]says: As an Architect, I suggest we start by analyzing the requirements and constraints before designing the solution.\n-----\n\n[Developer]says: As a Developer, I will research and understand the concept of polite numbers before writing the function.\n-----\n\n[ProductOwner]says: [ProductOwner] To create a product, we should prioritize understanding the user requirements before moving forward with any development.\n-----\n",
    "DisorderedSprintMeetings": "{\n  \"product-owner\": [\"Understand user requirements\", \"Prioritize user requirements\"],\n  \"architect\": [\"Analyze requirements and constraints\", \"Design solution\"],\n  \"developer\": [\"Research polite numbers concept\", \"Write function\"],\n  \"tester\": [\"Review function\", \"Ensure correct output\"]\n}",
    "DisorderedSprintMeetings_prompt": "{\"Role\": \"You are a professional scrum master. Your goal is to breakdown the Discussion History into a task list for the scrum team.\", \"Instruction\": \"1. Read and Understand the Discussion History. 2. Define the tasks for four roles: product-owner/architect/developer/tester. 3. Response in JSON format.\", \"Example\": \"{\\\"product-owner\\\":[\\\"task1\\\",\\\"task2\\\"],\\\"architect\\\":[\\\"task1\\\",\\\"task2\\\"], \\\"developer\\\":[\\\"task1\\\",\\\"task2\\\"], \\\"tester\\\":[\\\"task1\\\",\\\"task2\\\"]}\", \"Context\": \"[ScrumMaster]says: We have a job: def is_polite(n): \\n'''Write a function to find nth polite number. geeksforgeeks.org/n-th-polite-number/\\nassert is_polite(7) == 11'''\\n, do you have any ideas?\\n-----\\n\\n[Architect]says: As an Architect, I suggest we start by analyzing the requirements and constraints before designing the solution.\\n-----\\n\\n[Tester]says: As a Tester, I will review the function and ensure it returns the correct nth polite number as per the requirements.\\n-----\\n\\n[ProductOwner]says: As a Product Owner, I think the first step is to understand the user requirements for the product we are developing.\\n-----\\n\\n[Developer]says: As a Developer, I think we should start by researching and understanding the concept of polite numbers before writing the function.\\n-----\\n\\n[Tester]says: As a Tester, I will review the function and ensure it returns the correct nth polite number as per the requirements.\\n-----\\n\\n[Architect]says: As an Architect, I suggest we start by analyzing the requirements and constraints before designing the solution.\\n-----\\n\\n[Developer]says: As a Developer, I will research and understand the concept of polite numbers before writing the function.\\n-----\\n\\n[ProductOwner]says: [ProductOwner] To create a product, we should prioritize understanding the user requirements before moving forward with any development.\\n-----\\n\", \"Question\": \"Follow the Instruction section. The Discussion History is in the Context section. You only need to return a task list as the Example section.\"}",
    "UserStoryDraft0": "{\n  \"UserStory\": \"As a product owner, I want to prioritize the user requirement to write a function that finds the nth polite number, so that the system can efficiently handle this functionality for the users.\"\n}",
    "UserStoryDraft0_prompt": "{\"Role\": \"You need to act as a professional product owner. Your task is to write a UserStory\", \"Instruction\": \"According to the Context, please analyze the requirement and write your response. Response in JSON format. Your response should be high-level, rather than providing implementation details.\", \"Example\": \"\", \"Context\": [\"Understand user requirements\", \"Prioritize user requirements\"], \"Question\": \"Follow the Instruction. The requirement is as follows:\\ndef is_polite(n): \\n'''Write a function to find nth polite number. geeksforgeeks.org/n-th-polite-number/\\nassert is_polite(7) == 11'''\\n\"}",
    "AnalyzeMeetings": "{\n  \"Architect\": \"After reading the user story, I suggest revising the document to include the specific requirements for finding the nth polite number. This will help in designing a more focused and efficient solution.\",\n  \"Tester\": \"As a tester, I recommend adding test cases for different scenarios of finding the nth polite number, such as testing with large numbers and edge cases. This will ensure that the functionality works as expected in all situations.\"\n}",
    "UserStory0": "{\n  \"RevisedDocument\": \"As a product owner, I want to prioritize the user requirement to write a function that finds the nth polite number, so that the system can efficiently handle this functionality for the users. This includes specific requirements for finding the nth polite number, and test cases for different scenarios such as testing with large numbers and edge cases to ensure that the functionality works as expected in all situations.\"\n}",
    "UserStory0_prompt": {
        "Role": "You need to act as a professional product owner. Your duty is to revise the document based on the suggestions.",
        "Instruction": "1. Read the suggestions. 2. Revise your draft version document. 3. Response in JSON format. 4. REMEMBER: Your analysis should be high-level, rather than providing implementation details.",
        "Example": "",
        "Context": "# Suggestion:\n{\n  \"Architect\": \"After reading the user story, I suggest revising the document to include the specific requirements for finding the nth polite number. This will help in designing a more focused and efficient solution.\",\n  \"Tester\": \"As a tester, I recommend adding test cases for different scenarios of finding the nth polite number, such as testing with large numbers and edge cases. This will ensure that the functionality works as expected in all situations.\"\n}",
        "Question": "Follow the Instruction. Your colleague give you some suggestions(in the Context section) about this draft document:{\n  \"UserStory\": \"As a product owner, I want to prioritize the user requirement to write a function that finds the nth polite number, so that the system can efficiently handle this functionality for the users.\"\n}"
    },
    "CodeDraft0": "def is_polite(n):\n    # Write your code here\n    pass",
    "CodeDraft0_prompt": {
        "Role": "You are a professional engineer. Your duty is to write code in Python that meets the requirements. Ensure that the code you write is efficient, readable, and follows best practices. Remember, do not need to explain the code you wrote.",
        "Instruction": "According to the Context section, write your code.",
        "Example": "",
        "Context": "# Tasks:\n['Research polite numbers concept', 'Write function']",
        "Question": "Follow the Instruction section. Complete the following code:\ndef is_polite(n): \n'''Write a function to find nth polite number. geeksforgeeks.org/n-th-polite-number/\nassert is_polite(7) == 11'''\n"
    },
    "CodeReviewMeetings0": "{\n  \"Architect\": \"I suggest adding a meaningful function name to describe what the function does, and also adding comments to explain the logic of the code.\",\n  \"Tester\": \"I suggest writing unit tests to cover different scenarios for the function, including testing for both polite and impolite numbers.\"\n}",
    "Code0CR": "def find_nth_polite_number(n):\n    # Function to find the nth polite number\n    # geeksforgeeks.org/n-th-polite-number/\n    polite_num = 1\n    count = 0\n    while count < n:\n        polite_num += 1\n        if is_polite(polite_num):\n            count += 1\n    return polite_num\n\ndef is_polite(num):\n    # Function to check if a number is polite or not\n    if num % 4 == 0:\n        return True\n    else:\n        return False\n\n# Unit tests\nassert find_nth_polite_number(7) == 11",
    "Code0CR_prompt": "{\"Role\": \"You are a professional software engineer. Your duty is to write code in Python that meets the requirements. Ensure that the code you write is efficient, readable, and follows best practices. Remember, do not need to explain the code you wrote.\", \"Instruction\": \"1. Understand the suggestions(in the Context section) about the original code. 2. Rewrite your code.\", \"Example\": \"\", \"Context\": \"# Tasks:\\n['Research polite numbers concept', 'Write function']\\n# Suggestions:\\n{\\n  \\\"Architect\\\": \\\"I suggest adding a meaningful function name to describe what the function does, and also adding comments to explain the logic of the code.\\\",\\n  \\\"Tester\\\": \\\"I suggest writing unit tests to cover different scenarios for the function, including testing for both polite and impolite numbers.\\\"\\n}\", \"Question\": \"Follow the Instruction section. Complete the following code:\\ndef is_polite(n): \\n'''Write a function to find nth polite number. geeksforgeeks.org/n-th-polite-number/\\nassert is_polite(7) == 11'''\\n\"}",
    "FinalCode": "def is_polite(n):\n    return (n**3 + 5) // 3",
    "Test Cases Draft": "{\n  \"Test Cases\": [\n    {\n      \"Test Title\": \"Test with small number\",\n      \"Input Data\": \"n=1\",\n      \"Expected Output\": \"1\"\n    },\n    {\n      \"Test Title\": \"Test with medium number\",\n      \"Input Data\": \"n=5\",\n      \"Expected Output\": \"8\"\n    },\n    {\n      \"Test Title\": \"Test with large number\",\n      \"Input Data\": \"n=10\",\n      \"Expected Output\": \"21\"\n    },\n    {\n      \"Test Title\": \"Test with edge case\",\n      \"Input Data\": \"n=0\",\n      \"Expected Output\": \"Invalid input\"\n    }\n  ]\n}",
    "Test Cases Draft_prompt": "{\"Role\": \"You are a quality assurance engineer. Your duty is to design test cases for the developers.\", \"Instruction\": \"According to the Context section, write test cases. Don't write long strings in your test cases. Response in JSON format.\", \"Example\": \"{\\\"requirement analysis\\\":\\\"analysis\\\",\\\"test_cases\\\":[{\\\"Test Title\\\":\\\"title\\\", \\\"Input Data\\\":\\\"parameter1=[1,2,3],parameter2='123'\\\", \\\"Expected Output\\\":\\\"456\\\"},]}\", \"Context\": \"# UsrtStory:\\n{\\n  \\\"RevisedDocument\\\": \\\"As a product owner, I want to prioritize the user requirement to write a function that finds the nth polite number, so that the system can efficiently handle this functionality for the users. This includes specific requirements for finding the nth polite number, and test cases for different scenarios such as testing with large numbers and edge cases to ensure that the functionality works as expected in all situations.\\\"\\n}\\n# Tasks:\\n['Review function', 'Ensure correct output']\\n\", \"Question\": \"def is_polite(n): \\n'''Write a function to find nth polite number. geeksforgeeks.org/n-th-polite-number/\\nassert is_polite(7) == 11'''\\n\"}",
    "Test Cases Meetings": "{\n  \"Architect\": \"As an architect, I suggest revising the test cases to include boundary testing for the input values. For example, adding test cases with negative numbers, very large numbers, and non-numeric inputs can help ensure the robustness of the code.\",\n  \"Developer\": \"As a developer, I suggest revising the test cases to include more detailed expected outputs. For example, specifying the expected behavior for input values outside the specified range can help clarify the requirements for the code.\"\n}",
    "Test Cases": "{\n  \"test_cases\": [\n    {\n      \"Test Title\": \"Test with small number\",\n      \"Input Data\": \"n=-1\",\n      \"Expected Output\": \"Invalid input\"\n    },\n    {\n      \"Test Title\": \"Test with medium number\",\n      \"Input Data\": \"n=5\",\n      \"Expected Output\": \"8\"\n    },\n    {\n      \"Test Title\": \"Test with large number\",\n      \"Input Data\": \"n=1000\",\n      \"Expected Output\": \"2135\"\n    },\n    {\n      \"Test Title\": \"Test with non-numeric input\",\n      \"Input Data\": \"n='abc'\",\n      \"Expected Output\": \"Invalid input\"\n    }\n  ]\n}",
    "Test Cases_prompt": "{\"Role\": \"You are a quality assurance engineer. Your duty is to revise the test cases based on the suggestions.\", \"Instruction\": \"1. Your colleague give you some suggestions(in the Context section) about the draft test cases, read these suggestions. 2. Revise your draft version test cases, but don't use long parameters. 3. Response in JSON format.\", \"Example\": \"{\\\"requirement analysis\\\":\\\"analysis\\\",\\\"test_cases\\\":[{\\\"Test Title\\\":\\\"title\\\", \\\"Input Data\\\":\\\"parameter1=[1,2,3],parameter2='123'\\\", \\\"Expected Output\\\":\\\"456\\\"},]}\", \"Context\": \"# Suggestions:\\n{\\n  \\\"Architect\\\": \\\"As an architect, I suggest revising the test cases to include boundary testing for the input values. For example, adding test cases with negative numbers, very large numbers, and non-numeric inputs can help ensure the robustness of the code.\\\",\\n  \\\"Developer\\\": \\\"As a developer, I suggest revising the test cases to include more detailed expected outputs. For example, specifying the expected behavior for input values outside the specified range can help clarify the requirements for the code.\\\"\\n}\\n # Draft Test cases:\\n{\\n  \\\"Test Cases\\\": [\\n    {\\n      \\\"Test Title\\\": \\\"Test with small number\\\",\\n      \\\"Input Data\\\": \\\"n=1\\\",\\n      \\\"Expected Output\\\": \\\"1\\\"\\n    },\\n    {\\n      \\\"Test Title\\\": \\\"Test with medium number\\\",\\n      \\\"Input Data\\\": \\\"n=5\\\",\\n      \\\"Expected Output\\\": \\\"8\\\"\\n    },\\n    {\\n      \\\"Test Title\\\": \\\"Test with large number\\\",\\n      \\\"Input Data\\\": \\\"n=10\\\",\\n      \\\"Expected Output\\\": \\\"21\\\"\\n    },\\n    {\\n      \\\"Test Title\\\": \\\"Test with edge case\\\",\\n      \\\"Input Data\\\": \\\"n=0\\\",\\n      \\\"Expected Output\\\": \\\"Invalid input\\\"\\n    }\\n  ]\\n}\", \"Question\": \"Follow the Instruction. Please make sure your response length are less than 512. Your test cases is for the below question:\\ndef is_polite(n): \\n'''Write a function to find nth polite number. geeksforgeeks.org/n-th-polite-number/\\nassert is_polite(7) == 11'''\\n\"}",
    "Code0": "def find_nth_polite_number(n):\n    polite_num = 1\n    count = 0\n    while count < n:\n        polite_num += 1\n        if is_polite(polite_num):\n            count += 1\n    return polite_num\n\ndef is_polite(num):\n    if num % 4 == 0:\n        return True\n    else:\n        return False\n\n# Unit tests\nassert find_nth_polite_number(7) == 11\n# Test Cases:\n{\n  \"test_cases\": [\n    {\n      \"Test Title\": \"Test with small number\",\n      \"Input Data\": \"n=-1\",\n      \"Expected Output\": \"Invalid input\"\n    },\n    {\n      \"Test Title\": \"Test with medium number\",\n      \"Input Data\": \"n=5\",\n      \"Expected Output\": \"8\"\n    },\n    {\n      \"Test Title\": \"Test with large number\",\n      \"Input Data\": \"n=1000\",\n      \"Expected Output\": \"2135\"\n    },\n    {\n      \"Test Title\": \"Test with non-numeric input\",\n      \"Input Data\": \"n='abc'\",\n      \"Expected Output\": \"Invalid input\"\n    }\n  ]\n}",
    "Code0_prompt": {
        "Role": "You are a professional software engineer. Your duty is to write code in Python that meets the requirements. Ensure that the code you write is efficient, readable, and follows best practices. Remember, do not need to explain the code you wrote.",
        "Instruction": "1. Understand the test cases(in the Context section) about the original code. 2. Rewrite your code, make sure your code pass all test cases.",
        "Example": "",
        "Context": "# Original Code:\ndef find_nth_polite_number(n):\n    # Function to find the nth polite number\n    # geeksforgeeks.org/n-th-polite-number/\n    polite_num = 1\n    count = 0\n    while count < n:\n        polite_num += 1\n        if is_polite(polite_num):\n            count += 1\n    return polite_num\n\ndef is_polite(num):\n    # Function to check if a number is polite or not\n    if num % 4 == 0:\n        return True\n    else:\n        return False\n\n# Unit tests\nassert find_nth_polite_number(7) == 11\n# Test Cases:\n{\n  \"test_cases\": [\n    {\n      \"Test Title\": \"Test with small number\",\n      \"Input Data\": \"n=-1\",\n      \"Expected Output\": \"Invalid input\"\n    },\n    {\n      \"Test Title\": \"Test with medium number\",\n      \"Input Data\": \"n=5\",\n      \"Expected Output\": \"8\"\n    },\n    {\n      \"Test Title\": \"Test with large number\",\n      \"Input Data\": \"n=1000\",\n      \"Expected Output\": \"2135\"\n    },\n    {\n      \"Test Title\": \"Test with non-numeric input\",\n      \"Input Data\": \"n='abc'\",\n      \"Expected Output\": \"Invalid input\"\n    }\n  ]\n}",
        "Question": "def is_polite(n): \n'''Write a function to find nth polite number. geeksforgeeks.org/n-th-polite-number/\nassert is_polite(7) == 11'''\n"
    },
    "TestScriptOriginal": "import unittest\n\ndef is_polite(n): \n    '''Write a function to find nth polite number. geeksforgeeks.org/n-th-polite-number/'''\n    # Your implementation here\n\nclass Test(unittest.TestCase):\n    def test(self):\n        self.assertEqual(is_polite(7), 11)\n\nif __name__ == '__main__':\n    unittest.main()",
    "TestScriptOriginal_prompt": "{\"Role\": \"You are a quality assurance engineer. Your duty is to write a python test script in unittest framework.\", \"Instruction\": \"1. Write a python test script. 2. Use the input and output given by the question.\", \"Example\": \"import unittest\\n\\nclass Test(unittest.TestCase):\\n    def test(self):\\n        self.assertEqual(function_under_test('a'), 1)\\n\\nif __name__ == '__main__':\\n    unittest.main()\", \"Context\": \"\", \"Question\": \"def is_polite(n): \\n'''Write a function to find nth polite number. geeksforgeeks.org/n-th-polite-number/\\nassert is_polite(7) == 11'''\\n\"}",
    "TestScript": "import unittest\n\nclass Test(unittest.TestCase):\n    def test(self):\n        self.assertEqual(is_polite(7), 11)\n\nif __name__ == '__main__':\n    unittest.main()",
    "ScriptResult0": "Traceback (most recent call last):\n  File \"/Users/watch/PycharmProjects/XXXX-1-LLM/workspace/2024-03-11_11-13-50-848158/test_script.py\", line 17, in <module>\n    assert find_nth_polite_number(7) == 11\nAssertionError\n",
    "TestReport0": "Test Report:\n\nTest Script's Output:\nTraceback (most recent call last):\n  File \"/Users/watch/PycharmProjects/XXXX-1-LLM/workspace/2024-03-11_11-13-50-848158/test_script.py\", line 17, in <module>\n    assert find_nth_polite_number(7) == 11\nAssertionError\n\nCode Test Failed\nInput: n=7\nExpected Output: 11\n\nTest Cases:\n1. Test with small number\n    Input Data: n=-1\n    Expected Output: Invalid input\n2. Test with medium number\n    Input Data: n=5\n    Expected Output: 8\n3. Test with large number\n    Input Data: n=1000\n    Expected Output: 2135\n4. Test with non-numeric input\n    Input Data: n='abc'\n    Expected Output: Invalid input",
    "SprintReview0": "[ScrumMaster]says: Here is our test Report: Test Report:\n\nTest Script's Output:\nTraceback (most recent call last):\n  File \"/Users/watch/PycharmProjects/XXXX-1-LLM/workspace/2024-03-11_11-13-50-848158/test_script.py\", line 17, in <module>\n    assert find_nth_polite_number(7) == 11\nAssertionError\n\nCode Test Failed\nInput: n=7\nExpected Output: 11\n\nTest Cases:\n1. Test with small number\n    Input Data: n=-1\n    Expected Output: Invalid input\n2. Test with medium number\n    Input Data: n=5\n    Expected Output: 8\n3. Test with large number\n    Input Data: n=1000\n    Expected Output: 2135\n4. Test with non-numeric input\n    Input Data: n='abc'\n    Expected Output: Invalid input, do you have any ideas?\n-----\n\n[ProductOwner]says: As the Product Owner, I think we need to prioritize fixing the code test failure and ensuring the input validation is working properly before moving forward with any new features.\n-----\n\n[Developer]says: As a developer, I believe we should focus on debugging the test script and addressing the assertion error first.\n-----\n\n[Tester]says: As a Tester, it seems like there are issues with the test script and input validations that need to be addressed in order to improve the product's quality and reliability.\n-----\n\n[Architect]says: As an Architect, it is crucial for us to review the test report and identify any potential design flaws or architectural issues that may have contributed to the test script's failure. We should also work with the development team to address these issues and ensure that the product is able to handle various test cases effectively.\n-----\n\n[Developer]says: As a developer, I agree that we should prioritize debugging the test script and addressing the assertion error first before moving on with any new features.\n-----\n\n[ProductOwner]says: As the Product Owner, I think we need to prioritize fixing the code test failure and ensuring the input validation is working properly before moving forward with any new features.\n-----\n\n[Tester]says: As a Tester, I agree that there are issues with the test script and input validations that need to be addressed in order to improve the product's quality and reliability.\n-----\n\n[Architect]says: As an Architect, it is crucial for us to review the test report and identify any potential design flaws or architectural issues that may have contributed to the test script's failure. We should also work with the development team to address these issues and ensure that the product is able to handle various test cases effectively.\n-----\n",
    "SprintReviewMeetings0": "{\n  \"product-owner\": [\n    \"We need to prioritize fixing the code test failure and ensuring the input validation is working properly before moving forward with any new features.\"\n  ],\n  \"architect\": [\n    \"Review the test report and identify potential design flaws or architectural issues that may have contributed to the test script's failure.\"\n  ],\n  \"developer\": [\n    \"Focus on debugging the test script and addressing the assertion error first.\"\n  ],\n  \"tester\": [\n    \"Address issues with the test script and input validations to improve the product's quality and reliability.\"\n  ]\n}",
    "SprintReviewMeetings0_prompt": "{\"Role\": \"You are a professional scrum master. Your goal is to summary the Discussion History into a suggestions list for the scrum team.\", \"Instruction\": \"1. Read and Understand the Discussion History. 2. Summary the suggestions from four roles: product-owner/architect/developer/tester. 3. Response in JSON format.\", \"Example\": \"{\\\"product-owner\\\":[\\\"suggestion1\\\",\\\"suggestion2\\\"],\\\"architect\\\":[\\\"suggestion1\\\",\\\"suggestion2\\\"], \\\"developer\\\":[\\\"suggestion1\\\",\\\"suggestion2\\\"], \\\"tester\\\":[\\\"suggestion1\\\",\\\"suggestion2\\\"]}\", \"Context\": \"[ScrumMaster]says: Here is our test Report: Test Report:\\n\\nTest Script's Output:\\nTraceback (most recent call last):\\n  File \\\"/Users/watch/PycharmProjects/XXXX-1-LLM/workspace/2024-03-11_11-13-50-848158/test_script.py\\\", line 17, in <module>\\n    assert find_nth_polite_number(7) == 11\\nAssertionError\\n\\nCode Test Failed\\nInput: n=7\\nExpected Output: 11\\n\\nTest Cases:\\n1. Test with small number\\n    Input Data: n=-1\\n    Expected Output: Invalid input\\n2. Test with medium number\\n    Input Data: n=5\\n    Expected Output: 8\\n3. Test with large number\\n    Input Data: n=1000\\n    Expected Output: 2135\\n4. Test with non-numeric input\\n    Input Data: n='abc'\\n    Expected Output: Invalid input, do you have any ideas?\\n-----\\n\\n[ProductOwner]says: As the Product Owner, I think we need to prioritize fixing the code test failure and ensuring the input validation is working properly before moving forward with any new features.\\n-----\\n\\n[Developer]says: As a developer, I believe we should focus on debugging the test script and addressing the assertion error first.\\n-----\\n\\n[Tester]says: As a Tester, it seems like there are issues with the test script and input validations that need to be addressed in order to improve the product's quality and reliability.\\n-----\\n\\n[Architect]says: As an Architect, it is crucial for us to review the test report and identify any potential design flaws or architectural issues that may have contributed to the test script's failure. We should also work with the development team to address these issues and ensure that the product is able to handle various test cases effectively.\\n-----\\n\\n[Developer]says: As a developer, I agree that we should prioritize debugging the test script and addressing the assertion error first before moving on with any new features.\\n-----\\n\\n[ProductOwner]says: As the Product Owner, I think we need to prioritize fixing the code test failure and ensuring the input validation is working properly before moving forward with any new features.\\n-----\\n\\n[Tester]says: As a Tester, I agree that there are issues with the test script and input validations that need to be addressed in order to improve the product's quality and reliability.\\n-----\\n\\n[Architect]says: As an Architect, it is crucial for us to review the test report and identify any potential design flaws or architectural issues that may have contributed to the test script's failure. We should also work with the development team to address these issues and ensure that the product is able to handle various test cases effectively.\\n-----\\n\", \"Question\": \"Follow the Instruction section. The Discussion History is in the Context section. You only need to return a list as the Example section.\"}",
    "RepairResponse0": "{\n  \"revised_code\": \"def find_nth_polite_number(n):\\n    if not isinstance(n, int) or n <= 0:\\n        return 'Invalid input'\\n    count = 0\\n    current_number = 1\\n    while count < n:\\n        if is_polite(current_number):\\n            count += 1\\n        current_number += 1\\n    return current_number - 1\\n\\n\\ndef is_polite(num):\\n    divisors = [1]\\n    for i in range(2, num // 2 + 1):\\n        if num % i == 0:\\n            divisors.append(i)\\n    if sum(divisors) > num:\\n        return True\\n    return False\\n\"\n}",
    "RepairResponse0_prompt": {
        "Role": "You are a professional software engineer. Your duty is to write code in Python that meets the requirements. Ensure that the code you write is efficient, readable, and follows best practices. Remember, do not need to explain the code you wrote.",
        "Instruction": "1. Rewrite a bug fix version of the original code. 2. Response in JSON format.",
        "Example": "{\"revised_code\":\"...\"}",
        "Context": "# Test Report:\nTest Report:\n\nTest Script's Output:\nTraceback (most recent call last):\n  File \"/Users/watch/PycharmProjects/XXXX-1-LLM/workspace/2024-03-11_11-13-50-848158/test_script.py\", line 17, in <module>\n    assert find_nth_polite_number(7) == 11\nAssertionError\n\nCode Test Failed\nInput: n=7\nExpected Output: 11\n\nTest Cases:\n1. Test with small number\n    Input Data: n=-1\n    Expected Output: Invalid input\n2. Test with medium number\n    Input Data: n=5\n    Expected Output: 8\n3. Test with large number\n    Input Data: n=1000\n    Expected Output: 2135\n4. Test with non-numeric input\n    Input Data: n='abc'\n    Expected Output: Invalid input# suggestions:\n{\"product-owner\": [\"We need to prioritize fixing the code test failure and ensuring the input validation is working properly before moving forward with any new features.\"], \"architect\": [\"Review the test report and identify potential design flaws or architectural issues that may have contributed to the test script's failure.\"], \"developer\": [\"Focus on debugging the test script and addressing the assertion error first.\"], \"tester\": [\"Address issues with the test script and input validations to improve the product's quality and reliability.\"]}",
        "Question": "The original code has some bugs, according to the test report and suggestions, rewrite the code. Complete the following code:\ndef is_polite(n): \n'''Write a function to find nth polite number. geeksforgeeks.org/n-th-polite-number/\nassert is_polite(7) == 11'''\n"
    },
    "Code1": "def find_nth_polite_number(n):\n    if not isinstance(n, int) or n <= 0:\n        return 'Invalid input'\n    count = 0\n    current_number = 1\n    while count < n:\n        if is_polite(current_number):\n            count += 1\n        current_number += 1\n    return current_number - 1\n\n\ndef is_polite(num):\n    divisors = [1]\n    for i in range(2, num // 2 + 1):\n        if num % i == 0:\n            divisors.append(i)\n    if sum(divisors) > num:\n        return True\n    return False\n",
    "ScriptResult1": "F\n======================================================================\nFAIL: test (__main__.Test)\n----------------------------------------------------------------------\nTraceback (most recent call last):\n  File \"/Users/watch/PycharmProjects/XXXX-1-LLM/workspace/2024-03-11_11-13-50-848158/test_script.py\", line 26, in test\n    self.assertEqual(is_polite(7), 11)\nAssertionError: False != 11\n\n----------------------------------------------------------------------\nRan 1 test in 0.000s\n\nFAILED (failures=1)\n",
    "TestReport1": "Test Report:\n\n# test script's output:\nF\n======================================================================\nFAIL: test (__main__.Test)\n----------------------------------------------------------------------\nTraceback (most recent call last):\n  File \"/Users/watch/PycharmProjects/XXXX-1-LLM/workspace/2024-03-11_11-13-50-848158/test_script.py\", line 26, in test\n    self.assertEqual(is_polite(7), 11)\nAssertionError: False != 11\n\n----------------------------------------------------------------------\nRan 1 test in 0.000s\n\nFAILED (failures=1)\n\nConclusion: Code Test Failed\n\nInput example: \nfind_nth_polite_number(7)\nExpected output: 11",
    "SprintReview1": "[ScrumMaster]says: Here is our test Report: Test Report:\n\n# test script's output:\nF\n======================================================================\nFAIL: test (__main__.Test)\n----------------------------------------------------------------------\nTraceback (most recent call last):\n  File \"/Users/watch/PycharmProjects/XXXX-1-LLM/workspace/2024-03-11_11-13-50-848158/test_script.py\", line 26, in test\n    self.assertEqual(is_polite(7), 11)\nAssertionError: False != 11\n\n----------------------------------------------------------------------\nRan 1 test in 0.000s\n\nFAILED (failures=1)\n\nConclusion: Code Test Failed\n\nInput example: \nfind_nth_polite_number(7)\nExpected output: 11, do you have any ideas?\n-----\n\n[ProductOwner]says: As a Product Owner, I think we should review the test script and identify the reasons for the failure before moving forward with any development.\n-----\n\n[Developer]says: As a Developer, I will review the test script and identify the issue to fix the failing test case.\n-----\n\n[Architect]says: As the architect, I suggest reviewing the test script and considering potential issues with the is_polite function to ensure the correct output is generated.\n-----\n\n[Tester]says: As a Tester, it seems like there is an issue with the test script output and the expected output for the find_nth_polite_number(7) function. We should investigate and fix the discrepancy.\n-----\n\n[Developer]says: As a Developer, I will review the test script and identify the issue to fix the failing test case.\n-----\n\n[ProductOwner]says: As a Product Owner, I think we should review the test script and identify the reasons for the failure before moving forward with any development.\n-----\n\n[Architect]says: As the architect, I suggest reviewing the test script and considering potential issues with the is_polite function to ensure the correct output is generated.\n-----\n\n[Tester]says: As a Tester, it seems like there is an issue with the test script output and the expected output for the find_nth_polite_number(7) function. We should investigate and fix the discrepancy.\n-----\n",
    "SprintReviewMeetings1": "{\n  \"product-owner\":[\"I think we should review the test script and identify the reasons for the failure before moving forward with any development.\"],\n  \"architect\":[\"I suggest reviewing the test script and considering potential issues with the is_polite function to ensure the correct output is generated.\"],\n  \"developer\":[\"I will review the test script and identify the issue to fix the failing test case.\"],\n  \"tester\":[\"There is an issue with the test script output and the expected output for the find_nth_polite_number(7) function. We should investigate and fix the discrepancy.\"]\n}",
    "SprintReviewMeetings1_prompt": "{\"Role\": \"You are a professional scrum master. Your goal is to summary the Discussion History into a suggestions list for the scrum team.\", \"Instruction\": \"1. Read and Understand the Discussion History. 2. Summary the suggestions from four roles: product-owner/architect/developer/tester. 3. Response in JSON format.\", \"Example\": \"{\\\"product-owner\\\":[\\\"suggestion1\\\",\\\"suggestion2\\\"],\\\"architect\\\":[\\\"suggestion1\\\",\\\"suggestion2\\\"], \\\"developer\\\":[\\\"suggestion1\\\",\\\"suggestion2\\\"], \\\"tester\\\":[\\\"suggestion1\\\",\\\"suggestion2\\\"]}\", \"Context\": \"[ScrumMaster]says: Here is our test Report: Test Report:\\n\\n# test script's output:\\nF\\n======================================================================\\nFAIL: test (__main__.Test)\\n----------------------------------------------------------------------\\nTraceback (most recent call last):\\n  File \\\"/Users/watch/PycharmProjects/XXXX-1-LLM/workspace/2024-03-11_11-13-50-848158/test_script.py\\\", line 26, in test\\n    self.assertEqual(is_polite(7), 11)\\nAssertionError: False != 11\\n\\n----------------------------------------------------------------------\\nRan 1 test in 0.000s\\n\\nFAILED (failures=1)\\n\\nConclusion: Code Test Failed\\n\\nInput example: \\nfind_nth_polite_number(7)\\nExpected output: 11, do you have any ideas?\\n-----\\n\\n[ProductOwner]says: As a Product Owner, I think we should review the test script and identify the reasons for the failure before moving forward with any development.\\n-----\\n\\n[Developer]says: As a Developer, I will review the test script and identify the issue to fix the failing test case.\\n-----\\n\\n[Architect]says: As the architect, I suggest reviewing the test script and considering potential issues with the is_polite function to ensure the correct output is generated.\\n-----\\n\\n[Tester]says: As a Tester, it seems like there is an issue with the test script output and the expected output for the find_nth_polite_number(7) function. We should investigate and fix the discrepancy.\\n-----\\n\\n[Developer]says: As a Developer, I will review the test script and identify the issue to fix the failing test case.\\n-----\\n\\n[ProductOwner]says: As a Product Owner, I think we should review the test script and identify the reasons for the failure before moving forward with any development.\\n-----\\n\\n[Architect]says: As the architect, I suggest reviewing the test script and considering potential issues with the is_polite function to ensure the correct output is generated.\\n-----\\n\\n[Tester]says: As a Tester, it seems like there is an issue with the test script output and the expected output for the find_nth_polite_number(7) function. We should investigate and fix the discrepancy.\\n-----\\n\", \"Question\": \"Follow the Instruction section. The Discussion History is in the Context section. You only need to return a list as the Example section.\"}",
    "RepairResponse1": "{\n  \"revised_code\": \"def is_polite(n):\\n    count = 0\\n    num = 1\\n    while(count < n):\\n        num += 1\\n        if (num % 3 == 0 and num % 2 != 0):\\n            count += 1\\n    return num\"\n}",
    "RepairResponse1_prompt": {
        "Role": "You are a professional software engineer. Your duty is to write code in Python that meets the requirements. Ensure that the code you write is efficient, readable, and follows best practices. Remember, do not need to explain the code you wrote.",
        "Instruction": "1. Rewrite a bug fix version of the original code. 2. Response in JSON format.",
        "Example": "{\"revised_code\":\"...\"}",
        "Context": "# Test Report:\nTest Report:\n\n# test script's output:\nF\n======================================================================\nFAIL: test (__main__.Test)\n----------------------------------------------------------------------\nTraceback (most recent call last):\n  File \"/Users/watch/PycharmProjects/XXXX-1-LLM/workspace/2024-03-11_11-13-50-848158/test_script.py\", line 26, in test\n    self.assertEqual(is_polite(7), 11)\nAssertionError: False != 11\n\n----------------------------------------------------------------------\nRan 1 test in 0.000s\n\nFAILED (failures=1)\n\nConclusion: Code Test Failed\n\nInput example: \nfind_nth_polite_number(7)\nExpected output: 11# suggestions:\n{\"product-owner\": [\"I think we should review the test script and identify the reasons for the failure before moving forward with any development.\"], \"architect\": [\"I suggest reviewing the test script and considering potential issues with the is_polite function to ensure the correct output is generated.\"], \"developer\": [\"I will review the test script and identify the issue to fix the failing test case.\"], \"tester\": [\"There is an issue with the test script output and the expected output for the find_nth_polite_number(7) function. We should investigate and fix the discrepancy.\"]}",
        "Question": "The original code has some bugs, according to the test report and suggestions, rewrite the code. Complete the following code:\ndef is_polite(n): \n'''Write a function to find nth polite number. geeksforgeeks.org/n-th-polite-number/\nassert is_polite(7) == 11'''\n"
    },
    "Code2": "def is_polite(n):\n    count = 0\n    num = 1\n    while(count < n):\n        num += 1\n        if (num % 3 == 0 and num % 2 != 0):\n            count += 1\n    return num",
    "ScriptResult2": "F\n======================================================================\nFAIL: test (__main__.Test)\n----------------------------------------------------------------------\nTraceback (most recent call last):\n  File \"/Users/watch/PycharmProjects/XXXX-1-LLM/workspace/2024-03-11_11-13-50-848158/test_script.py\", line 13, in test\n    self.assertEqual(is_polite(7), 11)\nAssertionError: 39 != 11\n\n----------------------------------------------------------------------\nRan 1 test in 0.000s\n\nFAILED (failures=1)\n",
    "TestReport2": "Test Report:\n\nTest script's output:\nF\n======================================================================\nFAIL: test (__main__.Test)\n----------------------------------------------------------------------\nTraceback (most recent call last):\n  File \"/Users/watch/PycharmProjects/XXXX-1-LLM/workspace/2024-03-11_11-13-50-848158/test_script.py\", line 13, in test\n    self.assertEqual(is_polite(7), 11)\nAssertionError: 39 != 11\n\n----------------------------------------------------------------------\nRan 1 test in 0.000s\nFAILED (failures=1)\n\nCode Test Failed\n\nInput and Expected Output Example:\nInput: 7\nExpected Output: 11\n\nConclusion:\nCode Test Failed",
    "SprintReview2": "[ScrumMaster]says: Here is our test Report: Test Report:\n\nTest script's output:\nF\n======================================================================\nFAIL: test (__main__.Test)\n----------------------------------------------------------------------\nTraceback (most recent call last):\n  File \"/Users/watch/PycharmProjects/XXXX-1-LLM/workspace/2024-03-11_11-13-50-848158/test_script.py\", line 13, in test\n    self.assertEqual(is_polite(7), 11)\nAssertionError: 39 != 11\n\n----------------------------------------------------------------------\nRan 1 test in 0.000s\nFAILED (failures=1)\n\nCode Test Failed\n\nInput and Expected Output Example:\nInput: 7\nExpected Output: 11\n\nConclusion:\nCode Test Failed, do you have any ideas?\n-----\n\n[Tester]says: As a Tester, it seems that the code test has failed due to the incorrect expected output. I suggest reviewing the code logic and expected output to identify the issue.\n-----\n\n[Developer]says: As a Developer, I will review the test script and investigate the assertion error to identify the issue and make necessary changes to the code.\n-----\n\n[Architect]says: As an Architect, it is important to review the code and identify any design issues that may be causing the test failure.\n-----\n\n[ProductOwner]says: As a Product Owner, I think we should prioritize fixing the failed test case and ensuring the expected output matches the actual code output before moving forward with any further development.\n-----\n\n[Developer]says: [Developer]says: I will review the test script and investigate the assertion error to identify the issue and make necessary changes to the code.\n-----\n\n[Tester]says: [Tester] As a Tester, it seems that the code test has failed due to the incorrect expected output. I suggest reviewing the code logic and expected output to identify the issue.\n-----\n\n[Architect]says: [Architect] To create a product, we should review the code design and identify any potential design issues that may be causing the test failure. Let's collaborate with the developer and tester to address the issue.\n-----\n\n[ProductOwner]says: [ProductOwner] says: To create a product, we should prioritize fixing the failed test case and ensuring the expected output matches the actual code output before moving forward with any further development.\n-----\n",
    "SprintReviewMeetings2": "{\n  \"product-owner\": [\"I think we should prioritize fixing the failed test case and ensuring the expected output matches the actual code output before moving forward with any further development.\"],\n  \"architect\": [\"It is important to review the code and identify any design issues that may be causing the test failure.\", \"To create a product, we should review the code design and identify any potential design issues that may be causing the test failure. Let's collaborate with the developer and tester to address the issue.\"],\n  \"developer\": [\"I will review the test script and investigate the assertion error to identify the issue and make necessary changes to the code.\", \"I will review the test script and investigate the assertion error to identify the issue and make necessary changes to the code.\"],\n  \"tester\": [\"It seems that the code test has failed due to the incorrect expected output. I suggest reviewing the code logic and expected output to identify the issue.\", \"As a Tester, it seems that the code test has failed due to the incorrect expected output. I suggest reviewing the code logic and expected output to identify the issue.\"]\n}",
    "SprintReviewMeetings2_prompt": "{\"Role\": \"You are a professional scrum master. Your goal is to summary the Discussion History into a suggestions list for the scrum team.\", \"Instruction\": \"1. Read and Understand the Discussion History. 2. Summary the suggestions from four roles: product-owner/architect/developer/tester. 3. Response in JSON format.\", \"Example\": \"{\\\"product-owner\\\":[\\\"suggestion1\\\",\\\"suggestion2\\\"],\\\"architect\\\":[\\\"suggestion1\\\",\\\"suggestion2\\\"], \\\"developer\\\":[\\\"suggestion1\\\",\\\"suggestion2\\\"], \\\"tester\\\":[\\\"suggestion1\\\",\\\"suggestion2\\\"]}\", \"Context\": \"[ScrumMaster]says: Here is our test Report: Test Report:\\n\\nTest script's output:\\nF\\n======================================================================\\nFAIL: test (__main__.Test)\\n----------------------------------------------------------------------\\nTraceback (most recent call last):\\n  File \\\"/Users/watch/PycharmProjects/XXXX-1-LLM/workspace/2024-03-11_11-13-50-848158/test_script.py\\\", line 13, in test\\n    self.assertEqual(is_polite(7), 11)\\nAssertionError: 39 != 11\\n\\n----------------------------------------------------------------------\\nRan 1 test in 0.000s\\nFAILED (failures=1)\\n\\nCode Test Failed\\n\\nInput and Expected Output Example:\\nInput: 7\\nExpected Output: 11\\n\\nConclusion:\\nCode Test Failed, do you have any ideas?\\n-----\\n\\n[Tester]says: As a Tester, it seems that the code test has failed due to the incorrect expected output. I suggest reviewing the code logic and expected output to identify the issue.\\n-----\\n\\n[Developer]says: As a Developer, I will review the test script and investigate the assertion error to identify the issue and make necessary changes to the code.\\n-----\\n\\n[Architect]says: As an Architect, it is important to review the code and identify any design issues that may be causing the test failure.\\n-----\\n\\n[ProductOwner]says: As a Product Owner, I think we should prioritize fixing the failed test case and ensuring the expected output matches the actual code output before moving forward with any further development.\\n-----\\n\\n[Developer]says: [Developer]says: I will review the test script and investigate the assertion error to identify the issue and make necessary changes to the code.\\n-----\\n\\n[Tester]says: [Tester] As a Tester, it seems that the code test has failed due to the incorrect expected output. I suggest reviewing the code logic and expected output to identify the issue.\\n-----\\n\\n[Architect]says: [Architect] To create a product, we should review the code design and identify any potential design issues that may be causing the test failure. Let's collaborate with the developer and tester to address the issue.\\n-----\\n\\n[ProductOwner]says: [ProductOwner] says: To create a product, we should prioritize fixing the failed test case and ensuring the expected output matches the actual code output before moving forward with any further development.\\n-----\\n\", \"Question\": \"Follow the Instruction section. The Discussion History is in the Context section. You only need to return a list as the Example section.\"}",
    "RepairResponse2": "{\n  \"revised_code\": \"def is_polite(n):\\n    return (n**3 + 5) // 3\"\n}",
    "RepairResponse2_prompt": {
        "Role": "You are a professional software engineer. Your duty is to write code in Python that meets the requirements. Ensure that the code you write is efficient, readable, and follows best practices. Remember, do not need to explain the code you wrote.",
        "Instruction": "1. Rewrite a bug fix version of the original code. 2. Response in JSON format.",
        "Example": "{\"revised_code\":\"...\"}",
        "Context": "# Test Report:\nTest Report:\n\nTest script's output:\nF\n======================================================================\nFAIL: test (__main__.Test)\n----------------------------------------------------------------------\nTraceback (most recent call last):\n  File \"/Users/watch/PycharmProjects/XXXX-1-LLM/workspace/2024-03-11_11-13-50-848158/test_script.py\", line 13, in test\n    self.assertEqual(is_polite(7), 11)\nAssertionError: 39 != 11\n\n----------------------------------------------------------------------\nRan 1 test in 0.000s\nFAILED (failures=1)\n\nCode Test Failed\n\nInput and Expected Output Example:\nInput: 7\nExpected Output: 11\n\nConclusion:\nCode Test Failed# suggestions:\n{\"product-owner\": [\"I think we should prioritize fixing the failed test case and ensuring the expected output matches the actual code output before moving forward with any further development.\"], \"architect\": [\"It is important to review the code and identify any design issues that may be causing the test failure.\", \"To create a product, we should review the code design and identify any potential design issues that may be causing the test failure. Let's collaborate with the developer and tester to address the issue.\"], \"developer\": [\"I will review the test script and investigate the assertion error to identify the issue and make necessary changes to the code.\", \"I will review the test script and investigate the assertion error to identify the issue and make necessary changes to the code.\"], \"tester\": [\"It seems that the code test has failed due to the incorrect expected output. I suggest reviewing the code logic and expected output to identify the issue.\", \"As a Tester, it seems that the code test has failed due to the incorrect expected output. I suggest reviewing the code logic and expected output to identify the issue.\"]}",
        "Question": "The original code has some bugs, according to the test report and suggestions, rewrite the code. Complete the following code:\ndef is_polite(n): \n'''Write a function to find nth polite number. geeksforgeeks.org/n-th-polite-number/\nassert is_polite(7) == 11'''\n"
    },
    "Code3": "def is_polite(n):\n    return (n**3 + 5) // 3",
    "ScriptResult3": "F\n======================================================================\nFAIL: test (__main__.Test)\n----------------------------------------------------------------------\nTraceback (most recent call last):\n  File \"/Users/watch/PycharmProjects/XXXX-1-LLM/workspace/2024-03-11_11-13-50-848158/test_script.py\", line 7, in test\n    self.assertEqual(is_polite(7), 11)\nAssertionError: 116 != 11\n\n----------------------------------------------------------------------\nRan 1 test in 0.000s\n\nFAILED (failures=1)\n",
    "TestReport3": "Test Report\n\nTest Script's Output:\nF\n======================================================================\nFAIL: test (__main__.Test)\n----------------------------------------------------------------------\nTraceback (most recent call last):\n  File \"/Users/watch/PycharmProjects/XXXX-1-LLM/workspace/2024-03-11_11-13-50-848158/test_script.py\", line 7, in test\n    self.assertEqual(is_polite(7), 11)\nAssertionError: 116 != 11\n\n----------------------------------------------------------------------\nRan 1 test in 0.000s\n\nFAILED (failures=1)\n\nCode Test Failed\nInput Example: is_polite(7)\nExpected Output Example: 11\n\nConclusion: Code Test Failed"
}