{
    "start_time": "2024-02-13_17-18-52-913890",
    "task": "\ndef specialFilter(nums):\n    \"\"\"Write a function that takes an array of numbers as input and returns \n    the number of elements in the array that are greater than 10 and both \n    first and last digits of a number are odd (1, 3, 5, 7, 9).\n    For example:\n    specialFilter([15, -73, 14, -15]) => 1 \n    specialFilter([33, -2, -3, 45, 21, 109]) => 2\n    \"\"\"\n",
    "datetime": {
        "task": "2024-02-13 17:18:52",
        "task-id": "2024-02-13 17:18:52",
        "workflow": "2024-02-13 17:18:52",
        "Discussion": "2024-02-13 17:18:54",
        "DisorderedSprintMeetings": "2024-02-13 17:18:56",
        "UserStoryDraft0": "2024-02-13 17:20:52",
        "AnalyzeMeetings": "2024-02-13 17:20:54",
        "UserStory0": "2024-02-13 17:21:04",
        "DesignDraft0": "2024-02-13 17:21:06",
        "DesignMeetings0": "2024-02-13 17:21:08",
        "Design0": "2024-02-13 17:21:11",
        "CodeDraft0": "2024-02-13 17:21:14",
        "Code0CR": "2024-02-13 17:21:14",
        "FinalCode": "2024-02-13 17:21:44",
        "Test Cases Draft": "2024-02-13 17:21:17",
        "Test Cases Meetings": "2024-02-13 17:21:19",
        "Test Cases": "2024-02-13 17:21:23",
        "Code0": "2024-02-13 17:21:25",
        "TestScriptOriginal": "2024-02-13 17:21:27",
        "TestScript": "2024-02-13 17:21:27",
        "ScriptResult0": "2024-02-13 17:21:27",
        "TestReport0": "2024-02-13 17:21:29",
        "SprintReview0": "2024-02-13 17:21:31",
        "SprintReviewMeetings0": "2024-02-13 17:21:33",
        "RepairResponse0": "2024-02-13 17:21:35",
        "Code1": "2024-02-13 17:21:35",
        "ScriptResult1": "2024-02-13 17:21:35",
        "TestReport1": "2024-02-13 17:21:38",
        "SprintReview1": "2024-02-13 17:21:40",
        "SprintReviewMeetings1": "2024-02-13 17:21:42",
        "RepairResponse1": "2024-02-13 17:21:44",
        "Code2": "2024-02-13 17:21:44",
        "ScriptResult2": "2024-02-13 17:21:44",
        "TestReport2": "2024-02-13 17:21:46",
        "SprintReview2": "2024-02-13 17:21:47",
        "SprintReviewMeetings2": "2024-02-13 17:21:49",
        "RepairResponse2": "2024-02-13 17:21:54"
    },
    "task-id": "HumanEval/146",
    "workflow": "agile/agile_version_0.0.5_remove_stage.json",
    "Discussion": "[ScrumMaster]says: We have a job: \ndef specialFilter(nums):\n    \"\"\"Write a function that takes an array of numbers as input and returns \n    the number of elements in the array that are greater than 10 and both \n    first and last digits of a number are odd (1, 3, 5, 7, 9).\n    For example:\n    specialFilter([15, -73, 14, -15]) => 1 \n    specialFilter([33, -2, -3, 45, 21, 109]) => 2\n    \"\"\"\n, do you have any ideas?\n-----\n\n[Tester]says: I will review the function and run some test cases to ensure it meets the requirements.\n-----\n\n[ProductOwner]says: As a Product Owner, I think the first step is to define the specific requirements and expected outcomes for the specialFilter function.\n-----\n\n[Developer]says: As a Developer, to create a product, we should start by understanding the requirements and then design a solution that meets the given criteria.\n-----\n\n[Architect]says: As an Architect, I suggest using a modular approach to break down the function into smaller, reusable components to increase maintainability and readability of the code.\n-----\n\n[Tester]says: As a Tester, I will review the function and run some test cases to ensure it meets the requirements.\n-----\n\n[ProductOwner]says: [ProductOwner] To create a product, we should define the specific requirements and expected outcomes for the specialFilter function.\n-----\n\n[Developer]says: [Developer] I think the first step is to analyze the problem and come up with a plan for implementing the specialFilter function.\n-----\n\n[Architect]says: As an Architect, I will propose creating a modular approach to break down the function into smaller, reusable components to increase maintainability and readability of the code.\n-----\n",
    "DisorderedSprintMeetings": "{\n  \"product-owner\":[\"Define specific requirements and expected outcomes for specialFilter function\"],\n  \"architect\":[\"Propose a modular approach to break down the function into smaller, reusable components\"],\n  \"developer\":[\"Understand the requirements and design a solution for specialFilter function\"],\n  \"tester\":[\"Review the function and run test cases to ensure it meets the requirements\"]\n}",
    "DisorderedSprintMeetings_prompt": "{\"Role\": \"You are a professional scrum master. Your goal is to breakdown the Discussion History into a task list for the scrum team.\", \"Instruction\": \"1. Read and Understand the Discussion History. 2. Define the tasks for four roles: product-owner/architect/developer/tester. 3. Response in JSON format.\", \"Example\": \"{\\\"product-owner\\\":[\\\"task1\\\",\\\"task2\\\"],\\\"architect\\\":[\\\"task1\\\",\\\"task2\\\"], \\\"developer\\\":[\\\"task1\\\",\\\"task2\\\"], \\\"tester\\\":[\\\"task1\\\",\\\"task2\\\"]}\", \"Context\": \"[ScrumMaster]says: We have a job: \\ndef specialFilter(nums):\\n    \\\"\\\"\\\"Write a function that takes an array of numbers as input and returns \\n    the number of elements in the array that are greater than 10 and both \\n    first and last digits of a number are odd (1, 3, 5, 7, 9).\\n    For example:\\n    specialFilter([15, -73, 14, -15]) => 1 \\n    specialFilter([33, -2, -3, 45, 21, 109]) => 2\\n    \\\"\\\"\\\"\\n, do you have any ideas?\\n-----\\n\\n[Tester]says: I will review the function and run some test cases to ensure it meets the requirements.\\n-----\\n\\n[ProductOwner]says: As a Product Owner, I think the first step is to define the specific requirements and expected outcomes for the specialFilter function.\\n-----\\n\\n[Developer]says: As a Developer, to create a product, we should start by understanding the requirements and then design a solution that meets the given criteria.\\n-----\\n\\n[Architect]says: As an Architect, I suggest using a modular approach to break down the function into smaller, reusable components to increase maintainability and readability of the code.\\n-----\\n\\n[Tester]says: As a Tester, I will review the function and run some test cases to ensure it meets the requirements.\\n-----\\n\\n[ProductOwner]says: [ProductOwner] To create a product, we should define the specific requirements and expected outcomes for the specialFilter function.\\n-----\\n\\n[Developer]says: [Developer] I think the first step is to analyze the problem and come up with a plan for implementing the specialFilter function.\\n-----\\n\\n[Architect]says: As an Architect, I will propose creating a modular approach to break down the function into smaller, reusable components to increase maintainability and readability of the code.\\n-----\\n\", \"Question\": \"Follow the Instruction section. The Discussion History is in the Context section. You only need to return a task list as the Example section.\"}",
    "UserStoryDraft0": "{\n  \"UserStory\": {\n    \"As a product owner, I want to define the requirement for a specialFilter function that takes an array of numbers as input and returns the count of elements in the array that are greater than 10 and have both the first and last digits as odd numbers (1, 3, 5, 7, 9), so that the development team can implement the function accordingly.\"\n \t\t\n \t\t\n \t\n \t\n \t\n \t\n \t\n \t\n \t\n \t\n \t\n \t\n \t\n \t\n \t\n \t\n \t\n \t\n \t\n \t\n \t\n \t\n \t\n \t\n \t\n \t\n \t\n \t\n \t\n \t\n \t\n \t\n \t\n \t\n \t\n \t\n \t\n \t\n \t\n \t\n \t\n \t\n \t\n \t\n \t\n \t\n \t\n \t\n \t\n \t\n \t\n \t\n \t\n \t\n \t\n \t\n \t\n \t\n \t\n \t\n \t\n \t\n \t\n \t\n \t\n \t\n \t\n \t\n \t\n \t\n \t\n \t\n \t\n \t\n \t\n \t\n \t\n \t\n \t\n \t\n \t\n \t\n \t\n \t\n \t\n \t\n \t\n \t\n \t\n \t\n \t\n \t\n \t\n \t\n \t\n \t\n \t\n \t\n \t\n \t\n \t\n \t\n",
    "UserStoryDraft0_prompt": "{\"Role\": \"You need to act as a professional product owner. Your task is to write a UserStory\", \"Instruction\": \"According to the Context, please analyze the requirement and write your response. Response in JSON format. Your response should be high-level, rather than providing implementation details.\", \"Example\": \"\", \"Context\": [\"Define specific requirements and expected outcomes for specialFilter function\"], \"Question\": \"Follow the Instruction. The requirement is as follows:\\n\\ndef specialFilter(nums):\\n    \\\"\\\"\\\"Write a function that takes an array of numbers as input and returns \\n    the number of elements in the array that are greater than 10 and both \\n    first and last digits of a number are odd (1, 3, 5, 7, 9).\\n    For example:\\n    specialFilter([15, -73, 14, -15]) => 1 \\n    specialFilter([33, -2, -3, 45, 21, 109]) => 2\\n    \\\"\\\"\\\"\\n\"}",
    "AnalyzeMeetings": "{\n  \"Architect\": \"The specialFilter function should take an array of numbers as input and return the count of elements that are greater than 10 and have both the first and last digits as odd numbers. It's important to consider edge cases such as empty array, non-numeric elements in the array, and negative numbers. The function should also handle the scenario where there are no elements in the array that meet the given criteria.\",\n  \"Tester\": \"As a tester, I would suggest creating test cases for different scenarios such as an empty array, array with no elements meeting the criteria, array with only one element meeting the criteria, and array with multiple elements meeting the criteria. It's important to test for both positive and negative scenarios to ensure the function behaves as expected.\"\n}",
    "UserStory0": "{\n  \"RevisedUserStory\": {\n    \"As a product owner, I want to define the requirement for a specialFilter function that takes an array of numbers as input and returns the count of elements in the array that are greater than 10 and have both the first and last digits as odd numbers (1, 3, 5, 7, 9), so that the development team can implement the function accordingly. It's important to consider edge cases such as empty array, non-numeric elements in the array, and negative numbers. The function should also handle the scenario where there are no elements in the array that meet the given criteria.\"\n \t\t\n  \t\t\n \t\n \t\n \t\n \t\n \t\n \t\n \t\n \t\n \t\n \t\n \t\n \t\n \t\n \t\n \t\n \t\n \t\n \t\n \t\n \t\n \t\n \t\n \t\n \t\n \t\n \t\n \t\n \t\n \t\n \t\n \t\n \t\n \t\n \t\n \t\n \t\n \t\n \t\n \t\n \t\n \t\n \t\n \t\n \t\n \t\n \t\n \t\n \t\n \t\n \t\n \t\n \t\n \t\n \t\n \t\n \t\n \t\n \t\n \t\n \t\n \t\n \t\n \t\n \t\n \t\n \t\n \t\n \t\n \t\n \t\n \t\n \t\n \t\n \t\n \t\n \t\n \t\n \t\n \t\n \t\n \t\n \t\n \t\n \t\n \t\n \t\n \t\n \t\n \t\n \t\n \t\n \t\n \t\n \t\n \t\n \t\n \t\n \t\n \t\n",
    "UserStory0_prompt": {
        "Role": "You need to act as a professional product owner. Your duty is to revise the document based on the suggestions.",
        "Instruction": "1. Read the suggestions. 2. Revise your draft version document. 3. Response in JSON format. 4. REMEMBER: Your analysis should be high-level, rather than providing implementation details.",
        "Example": "",
        "Context": "# Suggestion:\n{\n  \"Architect\": \"The specialFilter function should take an array of numbers as input and return the count of elements that are greater than 10 and have both the first and last digits as odd numbers. It's important to consider edge cases such as empty array, non-numeric elements in the array, and negative numbers. The function should also handle the scenario where there are no elements in the array that meet the given criteria.\",\n  \"Tester\": \"As a tester, I would suggest creating test cases for different scenarios such as an empty array, array with no elements meeting the criteria, array with only one element meeting the criteria, and array with multiple elements meeting the criteria. It's important to test for both positive and negative scenarios to ensure the function behaves as expected.\"\n}",
        "Question": "Follow the Instruction. Your colleague give you some suggestions(in the Context section) about this draft document:{\n  \"UserStory\": {\n    \"As a product owner, I want to define the requirement for a specialFilter function that takes an array of numbers as input and returns the count of elements in the array that are greater than 10 and have both the first and last digits as odd numbers (1, 3, 5, 7, 9), so that the development team can implement the function accordingly.\"\n \t\t\n \t\t\n \t\n \t\n \t\n \t\n \t\n \t\n \t\n \t\n \t\n \t\n \t\n \t\n \t\n \t\n \t\n \t\n \t\n \t\n \t\n \t\n \t\n \t\n \t\n \t\n \t\n \t\n \t\n \t\n \t\n \t\n \t\n \t\n \t\n \t\n \t\n \t\n \t\n \t\n \t\n \t\n \t\n \t\n \t\n \t\n \t\n \t\n \t\n \t\n \t\n \t\n \t\n \t\n \t\n \t\n \t\n \t\n \t\n \t\n \t\n \t\n \t\n \t\n \t\n \t\n \t\n \t\n \t\n \t\n \t\n \t\n \t\n \t\n \t\n \t\n \t\n \t\n \t\n \t\n \t\n \t\n \t\n \t\n \t\n \t\n \t\n \t\n \t\n \t\n \t\n \t\n \t\n \t\n \t\n \t\n \t\n \t\n \t\n \t\n \t\n \t\n"
    },
    "DesignDraft0": "Design:\n1. Create a function called specialFilter that takes an array of numbers as input.\n2. Inside the function, validate the input array to handle edge cases such as empty array, non-numeric elements, and negative numbers.\n3. Iterate through the array and filter out the elements that are greater than 10.\n4. For each filtered element, check if both the first and last digits are odd (1, 3, 5, 7, 9).\n5. Count the number of elements that meet the given criteria and return the count as the output of the function.\n\nNote: Provide clear documentation and comments to explain the purpose of the function and how it should be used.",
    "DesignMeetings0": "{\n  \"Developer\": \"1. Add input validation to handle cases such as empty arrays, non-numeric elements, and negative numbers. 2. Provide clear documentation and comments to explain the purpose of the function and how it should be used.\",\n  \"Tester\": \"1. Test the function with various input arrays including empty arrays, non-numeric elements, and negative numbers to ensure input validation works correctly. 2. Test the function with different arrays to verify the filtering and counting logic.\"\n}",
    "Design0": "Based on the suggestions provided, I have updated the design as follows:\n\nDesign:\n1. Create a function called specialFilter that takes an array of numbers as input.\n2. Inside the function, input validation will be added to handle edge cases such as empty array, non-numeric elements, and negative numbers.\n3. The function will iterate through the array and filter out the elements that are greater than 10.\n4. For each filtered element, it will check if both the first and last digits are odd (1, 3, 5, 7, 9).\n5. The function will count the number of elements that meet the given criteria and return the count as the output of the function.\n\nNote: Clear documentation and comments will be provided to explain the purpose of the function and how it should be used. Additionally, the function will be tested with various input arrays including empty arrays, non-numeric elements, and negative numbers to ensure input validation works correctly. It will also be tested with different arrays to verify the filtering and counting logic.",
    "CodeDraft0": "def specialFilter(nums):\n    \"\"\"\n    Write a function that takes an array of numbers as input and returns\n    the number of elements in the array that are greater than 10 and both\n    first and last digits of a number are odd (1, 3, 5, 7, 9).\n    For example:\n    specialFilter([15, -73, 14, -15]) => 1\n    specialFilter([33, -2, -3, 45, 21, 109]) => 2\n    \"\"\"\n    # Input validation\n    if not nums:\n        return 0\n\n    count = 0\n    for num in nums:\n        if isinstance(num, int) and num > 10:\n            first_digit = int(str(num)[0])\n            last_digit = int(str(num)[-1])\n            if first_digit % 2 != 0 and last_digit % 2 != 0:\n                count += 1\n\n    return count",
    "CodeDraft0_prompt": {
        "Role": "You are a professional engineer. Your duty is to write code in Python that meets the requirements. Ensure that the code you write is efficient, readable, and follows best practices. Remember, do not need to explain the code you wrote.",
        "Instruction": "According to the Context section, write your code.",
        "Example": "",
        "Context": "# Tasks:\n['Understand the requirements and design a solution for specialFilter function']\n# Design:\nBased on the suggestions provided, I have updated the design as follows:\n\nDesign:\n1. Create a function called specialFilter that takes an array of numbers as input.\n2. Inside the function, input validation will be added to handle edge cases such as empty array, non-numeric elements, and negative numbers.\n3. The function will iterate through the array and filter out the elements that are greater than 10.\n4. For each filtered element, it will check if both the first and last digits are odd (1, 3, 5, 7, 9).\n5. The function will count the number of elements that meet the given criteria and return the count as the output of the function.\n\nNote: Clear documentation and comments will be provided to explain the purpose of the function and how it should be used. Additionally, the function will be tested with various input arrays including empty arrays, non-numeric elements, and negative numbers to ensure input validation works correctly. It will also be tested with different arrays to verify the filtering and counting logic.",
        "Question": "Follow the Instruction section. Complete the following code:\n\ndef specialFilter(nums):\n    \"\"\"Write a function that takes an array of numbers as input and returns \n    the number of elements in the array that are greater than 10 and both \n    first and last digits of a number are odd (1, 3, 5, 7, 9).\n    For example:\n    specialFilter([15, -73, 14, -15]) => 1 \n    specialFilter([33, -2, -3, 45, 21, 109]) => 2\n    \"\"\"\n"
    },
    "Code0CR": "def specialFilter(nums):\n    \"\"\"\n    Write a function that takes an array of numbers as input and returns\n    the number of elements in the array that are greater than 10 and both\n    first and last digits of a number are odd (1, 3, 5, 7, 9).\n    For example:\n    specialFilter([15, -73, 14, -15]) => 1\n    specialFilter([33, -2, -3, 45, 21, 109]) => 2\n    \"\"\"\n    # Input validation\n    if not nums:\n        return 0\n\n    count = 0\n    for num in nums:\n        if isinstance(num, int) and num > 10:\n            first_digit = int(str(num)[0])\n            last_digit = int(str(num)[-1])\n            if first_digit % 2 != 0 and last_digit % 2 != 0:\n                count += 1\n\n    return count",
    "FinalCode": "def specialFilter(nums):\n    count = 0\n    for num in nums:\n        if num > 10 and int(str(num)[0]) % 2 != 0 and int(str(num)[-1]) % 2 != 0:\n            count += 1\n    return count",
    "Test Cases Draft": "{\n  \"test_cases\": [\n    {\n      \"Test Title\": \"Empty array\",\n      \"Input Data\": \"parameter1=[]\",\n      \"Expected Output\": \"0\"\n    },\n    {\n      \"Test Title\": \"Non-numeric elements\",\n      \"Input Data\": \"parameter1=[15, -73, 'abc', 14, -15]\",\n      \"Expected Output\": \"2\"\n    },\n    {\n      \"Test Title\": \"Negative numbers\",\n      \"Input Data\": \"parameter1=[-33, -2, -3, 45, 21, 109]\",\n      \"Expected Output\": \"2\"\n    },\n    {\n      \"Test Title\": \"No elements meeting criteria\",\n      \"Input Data\": \"parameter1=[22, 24, -12, 20]\",\n      \"Expected Output\": \"0\"\n    },\n    {\n      \"Test Title\": \"All elements meeting criteria\",\n      \"Input Data\": \"parameter1=[13, 15, -73, 31, 109]\",\n      \"Expected Output\": \"4\"\n    }\n  ]\n}",
    "Test Cases Draft_prompt": "{\"Role\": \"You are a quality assurance engineer. Your duty is to design test cases for the developers.\", \"Instruction\": \"According to the Context section, write test cases. Don't write long strings in your test cases. Response in JSON format.\", \"Example\": \"{\\\"requirement analysis\\\":\\\"analysis\\\",\\\"test_cases\\\":[{\\\"Test Title\\\":\\\"title\\\", \\\"Input Data\\\":\\\"parameter1=[1,2,3],parameter2='123'\\\", \\\"Expected Output\\\":\\\"456\\\"},]}\", \"Context\": \"# UsrtStory:\\n{\\n  \\\"RevisedUserStory\\\": {\\n    \\\"As a product owner, I want to define the requirement for a specialFilter function that takes an array of numbers as input and returns the count of elements in the array that are greater than 10 and have both the first and last digits as odd numbers (1, 3, 5, 7, 9), so that the development team can implement the function accordingly. It's important to consider edge cases such as empty array, non-numeric elements in the array, and negative numbers. The function should also handle the scenario where there are no elements in the array that meet the given criteria.\\\"\\n \\t\\t\\n  \\t\\t\\n \\t\\n \\t\\n \\t\\n \\t\\n \\t\\n \\t\\n \\t\\n \\t\\n \\t\\n \\t\\n \\t\\n \\t\\n \\t\\n \\t\\n \\t\\n \\t\\n \\t\\n \\t\\n \\t\\n \\t\\n \\t\\n \\t\\n \\t\\n \\t\\n \\t\\n \\t\\n \\t\\n \\t\\n \\t\\n \\t\\n \\t\\n \\t\\n \\t\\n \\t\\n \\t\\n \\t\\n \\t\\n \\t\\n \\t\\n \\t\\n \\t\\n \\t\\n \\t\\n \\t\\n \\t\\n \\t\\n \\t\\n \\t\\n \\t\\n \\t\\n \\t\\n \\t\\n \\t\\n \\t\\n \\t\\n \\t\\n \\t\\n \\t\\n \\t\\n \\t\\n \\t\\n \\t\\n \\t\\n \\t\\n \\t\\n \\t\\n \\t\\n \\t\\n \\t\\n \\t\\n \\t\\n \\t\\n \\t\\n \\t\\n \\t\\n \\t\\n \\t\\n \\t\\n \\t\\n \\t\\n \\t\\n \\t\\n \\t\\n \\t\\n \\t\\n \\t\\n \\t\\n \\t\\n \\t\\n \\t\\n \\t\\n \\t\\n \\t\\n \\t\\n \\t\\n \\t\\n \\t\\n \\t\\n \\t\\n\\n# Tasks:\\n['Review the function and run test cases to ensure it meets the requirements']\\n# Design:\\nBased on the suggestions provided, I have updated the design as follows:\\n\\nDesign:\\n1. Create a function called specialFilter that takes an array of numbers as input.\\n2. Inside the function, input validation will be added to handle edge cases such as empty array, non-numeric elements, and negative numbers.\\n3. The function will iterate through the array and filter out the elements that are greater than 10.\\n4. For each filtered element, it will check if both the first and last digits are odd (1, 3, 5, 7, 9).\\n5. The function will count the number of elements that meet the given criteria and return the count as the output of the function.\\n\\nNote: Clear documentation and comments will be provided to explain the purpose of the function and how it should be used. Additionally, the function will be tested with various input arrays including empty arrays, non-numeric elements, and negative numbers to ensure input validation works correctly. It will also be tested with different arrays to verify the filtering and counting logic.\", \"Question\": \"\\ndef specialFilter(nums):\\n    \\\"\\\"\\\"Write a function that takes an array of numbers as input and returns \\n    the number of elements in the array that are greater than 10 and both \\n    first and last digits of a number are odd (1, 3, 5, 7, 9).\\n    For example:\\n    specialFilter([15, -73, 14, -15]) => 1 \\n    specialFilter([33, -2, -3, 45, 21, 109]) => 2\\n    \\\"\\\"\\\"\\n\"}",
    "Test Cases Meetings": "{\n  \"Architect\": \"As an architect, I suggest revising the test cases to include boundary cases such as an empty array, single element array, and large arrays. Also, we should consider adding test cases for edge cases such as when the input data contains non-integer elements or when the input data is not an array.\",\n  \"Developer\": \"As a developer, I suggest revising the test cases to include negative test cases that intentionally produce errors, for example, passing a string instead of an array as input data. Additionally, we should consider adding test cases for performance and scalability, such as testing with very large arrays to ensure the function can handle the input within a reasonable time frame.\"\n}",
    "Test Cases": "{\n  \"test_cases\": [\n    {\n      \"Test Title\": \"Empty array\",\n      \"Input Data\": \"parameter1=[]\",\n      \"Expected Output\": \"0\"\n    },\n    {\n      \"Test Title\": \"Single element array with odd first and last digits\",\n      \"Input Data\": \"parameter1=[15]\",\n      \"Expected Output\": \"1\"\n    },\n    {\n      \"Test Title\": \"Large array with odd first and last digits\",\n      \"Input Data\": \"parameter1=[15, -73, 14, -15, 33, -2, -3, 45, 21, 109, 111, 999, 333]\",\n      \"Expected Output\": \"6\"\n    },\n    {\n      \"Test Title\": \"Non-integer elements\",\n      \"Input Data\": \"parameter1=[15, -73, 'abc', 14, -15]\",\n      \"Expected Output\": \"2\"\n    },\n    {\n      \"Test Title\": \"String instead of an array\",\n      \"Input Data\": \"parameter1='not an array'\",\n      \"Expected Output\": \"Error\"\n    }\n  ]\n}",
    "Test Cases_prompt": "{\"Role\": \"You are a quality assurance engineer. Your duty is to revise the test cases based on the suggestions.\", \"Instruction\": \"1. Your colleague give you some suggestions(in the Context section) about the draft test cases, read these suggestions. 2. Revise your draft version test cases, but don't use long parameters. 3. Response in JSON format.\", \"Example\": \"{\\\"requirement analysis\\\":\\\"analysis\\\",\\\"test_cases\\\":[{\\\"Test Title\\\":\\\"title\\\", \\\"Input Data\\\":\\\"parameter1=[1,2,3],parameter2='123'\\\", \\\"Expected Output\\\":\\\"456\\\"},]}\", \"Context\": \"# Suggestions:\\n{\\n  \\\"Architect\\\": \\\"As an architect, I suggest revising the test cases to include boundary cases such as an empty array, single element array, and large arrays. Also, we should consider adding test cases for edge cases such as when the input data contains non-integer elements or when the input data is not an array.\\\",\\n  \\\"Developer\\\": \\\"As a developer, I suggest revising the test cases to include negative test cases that intentionally produce errors, for example, passing a string instead of an array as input data. Additionally, we should consider adding test cases for performance and scalability, such as testing with very large arrays to ensure the function can handle the input within a reasonable time frame.\\\"\\n}\\n # Draft Test cases:\\n{\\n  \\\"test_cases\\\": [\\n    {\\n      \\\"Test Title\\\": \\\"Empty array\\\",\\n      \\\"Input Data\\\": \\\"parameter1=[]\\\",\\n      \\\"Expected Output\\\": \\\"0\\\"\\n    },\\n    {\\n      \\\"Test Title\\\": \\\"Non-numeric elements\\\",\\n      \\\"Input Data\\\": \\\"parameter1=[15, -73, 'abc', 14, -15]\\\",\\n      \\\"Expected Output\\\": \\\"2\\\"\\n    },\\n    {\\n      \\\"Test Title\\\": \\\"Negative numbers\\\",\\n      \\\"Input Data\\\": \\\"parameter1=[-33, -2, -3, 45, 21, 109]\\\",\\n      \\\"Expected Output\\\": \\\"2\\\"\\n    },\\n    {\\n      \\\"Test Title\\\": \\\"No elements meeting criteria\\\",\\n      \\\"Input Data\\\": \\\"parameter1=[22, 24, -12, 20]\\\",\\n      \\\"Expected Output\\\": \\\"0\\\"\\n    },\\n    {\\n      \\\"Test Title\\\": \\\"All elements meeting criteria\\\",\\n      \\\"Input Data\\\": \\\"parameter1=[13, 15, -73, 31, 109]\\\",\\n      \\\"Expected Output\\\": \\\"4\\\"\\n    }\\n  ]\\n}\", \"Question\": \"Follow the Instruction. Please make sure your response length are less than 512. Your test cases is for the below question:\\n\\ndef specialFilter(nums):\\n    \\\"\\\"\\\"Write a function that takes an array of numbers as input and returns \\n    the number of elements in the array that are greater than 10 and both \\n    first and last digits of a number are odd (1, 3, 5, 7, 9).\\n    For example:\\n    specialFilter([15, -73, 14, -15]) => 1 \\n    specialFilter([33, -2, -3, 45, 21, 109]) => 2\\n    \\\"\\\"\\\"\\n\"}",
    "Code0": "def specialFilter(nums):\n    if not isinstance(nums, list):\n        return \"Error\"\n\n    count = 0\n    for num in nums:\n        if isinstance(num, int) and num > 10:\n            first_digit = int(str(num)[0])\n            last_digit = int(str(num)[-1])\n            if first_digit % 2 != 0 and last_digit % 2 != 0:\n                count += 1\n\n    return count",
    "Code0_prompt": {
        "Role": "You are a professional software engineer. Your duty is to write code in Python that meets the requirements. Ensure that the code you write is efficient, readable, and follows best practices. Remember, do not need to explain the code you wrote.",
        "Instruction": "1. Understand the test cases(in the Context section) about the original code. 2. Rewrite your code, make sure your code pass all test cases.",
        "Example": "",
        "Context": "# Original Code:\ndef specialFilter(nums):\n    \"\"\"\n    Write a function that takes an array of numbers as input and returns\n    the number of elements in the array that are greater than 10 and both\n    first and last digits of a number are odd (1, 3, 5, 7, 9).\n    For example:\n    specialFilter([15, -73, 14, -15]) => 1\n    specialFilter([33, -2, -3, 45, 21, 109]) => 2\n    \"\"\"\n    # Input validation\n    if not nums:\n        return 0\n\n    count = 0\n    for num in nums:\n        if isinstance(num, int) and num > 10:\n            first_digit = int(str(num)[0])\n            last_digit = int(str(num)[-1])\n            if first_digit % 2 != 0 and last_digit % 2 != 0:\n                count += 1\n\n    return count\n# Test Cases:\n{\n  \"test_cases\": [\n    {\n      \"Test Title\": \"Empty array\",\n      \"Input Data\": \"parameter1=[]\",\n      \"Expected Output\": \"0\"\n    },\n    {\n      \"Test Title\": \"Single element array with odd first and last digits\",\n      \"Input Data\": \"parameter1=[15]\",\n      \"Expected Output\": \"1\"\n    },\n    {\n      \"Test Title\": \"Large array with odd first and last digits\",\n      \"Input Data\": \"parameter1=[15, -73, 14, -15, 33, -2, -3, 45, 21, 109, 111, 999, 333]\",\n      \"Expected Output\": \"6\"\n    },\n    {\n      \"Test Title\": \"Non-integer elements\",\n      \"Input Data\": \"parameter1=[15, -73, 'abc', 14, -15]\",\n      \"Expected Output\": \"2\"\n    },\n    {\n      \"Test Title\": \"String instead of an array\",\n      \"Input Data\": \"parameter1='not an array'\",\n      \"Expected Output\": \"Error\"\n    }\n  ]\n}",
        "Question": "\ndef specialFilter(nums):\n    \"\"\"Write a function that takes an array of numbers as input and returns \n    the number of elements in the array that are greater than 10 and both \n    first and last digits of a number are odd (1, 3, 5, 7, 9).\n    For example:\n    specialFilter([15, -73, 14, -15]) => 1 \n    specialFilter([33, -2, -3, 45, 21, 109]) => 2\n    \"\"\"\n"
    },
    "TestScriptOriginal": "import unittest\n\ndef function_under_test(nums):\n    count = 0\n    for num in nums:\n        if num > 10 and str(num)[0] in ['1', '3', '5', '7', '9'] and str(num)[-1] in ['1', '3', '5', '7', '9']:\n            count += 1\n    return count\n\nclass Test(unittest.TestCase):\n    def test(self):\n        self.assertEqual(function_under_test([15, -73, 14, -15]), 1)\n        self.assertEqual(function_under_test([33, -2, -3, 45, 21, 109]), 2)\n\nif __name__ == '__main__':\n    unittest.main()",
    "TestScriptOriginal_prompt": "{\"Role\": \"You are a quality assurance engineer. Your duty is to write a python test script in unittest framework.\", \"Instruction\": \"1. Write a python test script. 2. Use the input and output given by the question.\", \"Example\": \"import unittest\\n\\nclass Test(unittest.TestCase):\\n    def test(self):\\n        self.assertEqual(function_under_test('a'), 1)\\n\\nif __name__ == '__main__':\\n    unittest.main()\", \"Context\": \"\", \"Question\": \"\\ndef specialFilter(nums):\\n    \\\"\\\"\\\"Write a function that takes an array of numbers as input and returns \\n    the number of elements in the array that are greater than 10 and both \\n    first and last digits of a number are odd (1, 3, 5, 7, 9).\\n    For example:\\n    specialFilter([15, -73, 14, -15]) => 1 \\n    specialFilter([33, -2, -3, 45, 21, 109]) => 2\\n    \\\"\\\"\\\"\\n\"}",
    "TestScript": "import unittest\n\nclass Test(unittest.TestCase):\n    def test(self):\n        self.assertEqual(function_under_test([15, -73, 14, -15]), 1)\n        self.assertEqual(function_under_test([33, -2, -3, 45, 21, 109]), 2)\n\nif __name__ == '__main__':\n    unittest.main()",
    "ScriptResult0": "E\n======================================================================\nERROR: test (__main__.Test)\n----------------------------------------------------------------------\nTraceback (most recent call last):\n  File \"/Users/watch/PycharmProjects/XXXX-1-LLM/workspace/2024-02-13_17-18-52-913890/test_script.py\", line 18, in test\n    self.assertEqual(function_under_test([15, -73, 14, -15]), 1)\nNameError: name 'function_under_test' is not defined\n\n----------------------------------------------------------------------\nRan 1 test in 0.000s\n\nFAILED (errors=1)\n",
    "TestReport0": "Test Report:\n\nThe test script output indicates that there is an error in the code. The error message \"NameError: name 'function_under_test' is not defined\" suggests that the function named \"function_under_test\" is not defined in the code. \n\nAs per the instruction, since the code has failed the test, it is necessary to provide an example of input and expected output in the report. However, the given test script output does not provide the input or expected output example.\n\nTherefore, based on the given context and code, it can be concluded that the code has failed the test. \n\nConclusion: Code Test Failed",
    "SprintReview0": "[ScrumMaster]says: Here is our test Report: Test Report:\n\nThe test script output indicates that there is an error in the code. The error message \"NameError: name 'function_under_test' is not defined\" suggests that the function named \"function_under_test\" is not defined in the code. \n\nAs per the instruction, since the code has failed the test, it is necessary to provide an example of input and expected output in the report. However, the given test script output does not provide the input or expected output example.\n\nTherefore, based on the given context and code, it can be concluded that the code has failed the test. \n\nConclusion: Code Test Failed, do you have any ideas?\n-----\n\n[Architect]says: As an Architect, I think the first step is to review the code and identify where the function \"function_under_test\" should be defined.\n-----\n\n[Developer]says: As a Developer, I think we need to review the code to ensure that the function \"function_under_test\" is properly defined and that the input and expected output examples are provided for the test report.\n-----\n\n[Tester]says: As a Tester, I suggest providing specific input and expected output examples in order to effectively diagnose and resolve the error in the code.\n-----\n\n[ProductOwner]says: As a Product Owner, I think we should prioritize fixing the error in the code to ensure the product meets the required functionality.\n-----\n\n[Tester]says: As a Tester, I suggest providing specific input and expected output examples in order to effectively diagnose and resolve the error in the code.\n-----\n\n[Architect]says: As an Architect, I will take the first step to review the code and identify where the function \"function_under_test\" should be defined.\n-----\n\n[Developer]says: As a Developer, I will review the code to ensure that the function \"function_under_test\" is properly defined and that the input and expected output examples are provided for the test report.\n-----\n\n[ProductOwner]says: As a Product Owner, I will work with the team to prioritize fixing the error in the code to ensure the product meets the required functionality.\n-----\n",
    "SprintReviewMeetings0": "{\n  \"product-owner\":[\"We should prioritize fixing the error in the code to ensure the product meets the required functionality.\"],\n  \"architect\":[\"The first step is to review the code and identify where the function \\\"function_under_test\\\" should be defined.\"],\n  \"developer\":[\"We need to review the code to ensure that the function \\\"function_under_test\\\" is properly defined and that the input and expected output examples are provided for the test report.\"],\n  \"tester\":[\"Providing specific input and expected output examples in order to effectively diagnose and resolve the error in the code.\"]\n}",
    "SprintReviewMeetings0_prompt": "{\"Role\": \"You are a professional scrum master. Your goal is to summary the Discussion History into a suggestions list for the scrum team.\", \"Instruction\": \"1. Read and Understand the Discussion History. 2. Summary the suggestions from four roles: product-owner/architect/developer/tester. 3. Response in JSON format.\", \"Example\": \"{\\\"product-owner\\\":[\\\"suggestion1\\\",\\\"suggestion2\\\"],\\\"architect\\\":[\\\"suggestion1\\\",\\\"suggestion2\\\"], \\\"developer\\\":[\\\"suggestion1\\\",\\\"suggestion2\\\"], \\\"tester\\\":[\\\"suggestion1\\\",\\\"suggestion2\\\"]}\", \"Context\": \"[ScrumMaster]says: Here is our test Report: Test Report:\\n\\nThe test script output indicates that there is an error in the code. The error message \\\"NameError: name 'function_under_test' is not defined\\\" suggests that the function named \\\"function_under_test\\\" is not defined in the code. \\n\\nAs per the instruction, since the code has failed the test, it is necessary to provide an example of input and expected output in the report. However, the given test script output does not provide the input or expected output example.\\n\\nTherefore, based on the given context and code, it can be concluded that the code has failed the test. \\n\\nConclusion: Code Test Failed, do you have any ideas?\\n-----\\n\\n[Architect]says: As an Architect, I think the first step is to review the code and identify where the function \\\"function_under_test\\\" should be defined.\\n-----\\n\\n[Developer]says: As a Developer, I think we need to review the code to ensure that the function \\\"function_under_test\\\" is properly defined and that the input and expected output examples are provided for the test report.\\n-----\\n\\n[Tester]says: As a Tester, I suggest providing specific input and expected output examples in order to effectively diagnose and resolve the error in the code.\\n-----\\n\\n[ProductOwner]says: As a Product Owner, I think we should prioritize fixing the error in the code to ensure the product meets the required functionality.\\n-----\\n\\n[Tester]says: As a Tester, I suggest providing specific input and expected output examples in order to effectively diagnose and resolve the error in the code.\\n-----\\n\\n[Architect]says: As an Architect, I will take the first step to review the code and identify where the function \\\"function_under_test\\\" should be defined.\\n-----\\n\\n[Developer]says: As a Developer, I will review the code to ensure that the function \\\"function_under_test\\\" is properly defined and that the input and expected output examples are provided for the test report.\\n-----\\n\\n[ProductOwner]says: As a Product Owner, I will work with the team to prioritize fixing the error in the code to ensure the product meets the required functionality.\\n-----\\n\", \"Question\": \"Follow the Instruction section. The Discussion History is in the Context section. You only need to return a list as the Example section.\"}",
    "RepairResponse0": "{\n\t\"revised_code\": \"def specialFilter(nums):\\n    count = 0\\n    for num in nums:\\n        if num > 10 and str(num)[0] in ['1', '3', '5', '7', '9'] and str(num)[-1] in ['1', '3', '5', '7', '9']:\\n            count += 1\\n    return count\"\n}",
    "RepairResponse0_prompt": {
        "Role": "You are a professional software engineer. Your duty is to write code in Python that meets the requirements. Ensure that the code you write is efficient, readable, and follows best practices. Remember, do not need to explain the code you wrote.",
        "Instruction": "1. Rewrite a bug fix version of the original code. 2. Response in JSON format.",
        "Example": "{\"revised_code\":\"...\"}",
        "Context": "# Test Report:\nTest Report:\n\nThe test script output indicates that there is an error in the code. The error message \"NameError: name 'function_under_test' is not defined\" suggests that the function named \"function_under_test\" is not defined in the code. \n\nAs per the instruction, since the code has failed the test, it is necessary to provide an example of input and expected output in the report. However, the given test script output does not provide the input or expected output example.\n\nTherefore, based on the given context and code, it can be concluded that the code has failed the test. \n\nConclusion: Code Test Failed# suggestions:\n{\"product-owner\": [\"We should prioritize fixing the error in the code to ensure the product meets the required functionality.\"], \"architect\": [\"The first step is to review the code and identify where the function \\\"function_under_test\\\" should be defined.\"], \"developer\": [\"We need to review the code to ensure that the function \\\"function_under_test\\\" is properly defined and that the input and expected output examples are provided for the test report.\"], \"tester\": [\"Providing specific input and expected output examples in order to effectively diagnose and resolve the error in the code.\"]}",
        "Question": "The original code has some bugs, according to the test report and suggestions, rewrite the code. Complete the following code:\n\ndef specialFilter(nums):\n    \"\"\"Write a function that takes an array of numbers as input and returns \n    the number of elements in the array that are greater than 10 and both \n    first and last digits of a number are odd (1, 3, 5, 7, 9).\n    For example:\n    specialFilter([15, -73, 14, -15]) => 1 \n    specialFilter([33, -2, -3, 45, 21, 109]) => 2\n    \"\"\"\n"
    },
    "Code1": "def specialFilter(nums):\n    count = 0\n    for num in nums:\n        if num > 10 and str(num)[0] in ['1', '3', '5', '7', '9'] and str(num)[-1] in ['1', '3', '5', '7', '9']:\n            count += 1\n    return count",
    "ScriptResult1": "E\n======================================================================\nERROR: test (__main__.Test)\n----------------------------------------------------------------------\nTraceback (most recent call last):\n  File \"/Users/watch/PycharmProjects/XXXX-1-LLM/workspace/2024-02-13_17-18-52-913890/test_script.py\", line 11, in test\n    self.assertEqual(function_under_test([15, -73, 14, -15]), 1)\nNameError: name 'function_under_test' is not defined\n\n----------------------------------------------------------------------\nRan 1 test in 0.000s\n\nFAILED (errors=1)\n",
    "TestReport1": "Test Report:\n\nTest script's output:\n\n# test script's output:\nE\n======================================================================\nERROR: test (__main__.Test)\n----------------------------------------------------------------------\nTraceback (most recent call last):\n  File \"/Users/watch/PycharmProjects/XXXX-1-LLM/workspace/2024-02-13_17-18-52-913890/test_script.py\", line 11, in test\n    self.assertEqual(function_under_test([15, -73, 14, -15]), 1)\nNameError: name 'function_under_test' is not defined\n\n----------------------------------------------------------------------\nRan 1 test in 0.000s\n\nFAILED (errors=1)\n\nConclusion: Code Test Failed\n\nInput and Expected Output Example:\nFunction call: specialFilter([15, -73, 14, -15])\nExpected output: 1\n\nAnalysis:\nThe test script resulted in an error due to the name 'function_under_test' not being defined. This caused the test to fail.\n\nRecommendation:\nThe code needs to be revised to define the 'function_under_test' before running the test.\n\nCode Test Failed",
    "SprintReview1": "[ScrumMaster]says: Here is our test Report: Test Report:\n\nTest script's output:\n\n# test script's output:\nE\n======================================================================\nERROR: test (__main__.Test)\n----------------------------------------------------------------------\nTraceback (most recent call last):\n  File \"/Users/watch/PycharmProjects/XXXX-1-LLM/workspace/2024-02-13_17-18-52-913890/test_script.py\", line 11, in test\n    self.assertEqual(function_under_test([15, -73, 14, -15]), 1)\nNameError: name 'function_under_test' is not defined\n\n----------------------------------------------------------------------\nRan 1 test in 0.000s\n\nFAILED (errors=1)\n\nConclusion: Code Test Failed\n\nInput and Expected Output Example:\nFunction call: specialFilter([15, -73, 14, -15])\nExpected output: 1\n\nAnalysis:\nThe test script resulted in an error due to the name 'function_under_test' not being defined. This caused the test to fail.\n\nRecommendation:\nThe code needs to be revised to define the 'function_under_test' before running the test.\n\nCode Test Failed, do you have any ideas?\n-----\n\n[Architect]says: As an Architect, I think the first step is to review the code and ensure that the 'function_under_test' is defined before running the test.\n-----\n\n[ProductOwner]says: As the Product Owner, I think we should prioritize fixing the code to define the 'function_under_test' before proceeding with any further development.\n-----\n\n[Tester]says: As a Tester, I recommend that we revise the code to define the 'function_under_test' before running the test.\n-----\n\n[Developer]says: As a Developer, I will review the test script and define the 'function_under_test' before running the test to resolve the error.\n-----\n\n[Architect]says: As an Architect, I will review the code and ensure that the 'function_under_test' is defined before running the test.\n-----\n\n[Tester]says: As a Tester, I recommend that we revise the code to define the 'function_under_test' before running the test.\n-----\n\n[ProductOwner]says: As the Product Owner, I think we should prioritize fixing the code to define the 'function_under_test' before proceeding with any further development.\n-----\n\n[Developer]says: As a Developer, I will review the test script and define the 'function_under_test' before running the test to resolve the error.\n-----\n",
    "SprintReviewMeetings1": "{\n  \"product-owner\":[\n    \"We should prioritize fixing the code to define the 'function_under_test' before proceeding with any further development.\"\n  ],\n  \"architect\":[\n    \"The first step is to review the code and ensure that the 'function_under_test' is defined before running the test.\"\n  ],\n  \"developer\":[\n    \"I will review the test script and define the 'function_under_test' before running the test to resolve the error.\"\n  ],\n  \"tester\":[\n    \"We should revise the code to define the 'function_under_test' before running the test.\"\n  ]\n}",
    "SprintReviewMeetings1_prompt": "{\"Role\": \"You are a professional scrum master. Your goal is to summary the Discussion History into a suggestions list for the scrum team.\", \"Instruction\": \"1. Read and Understand the Discussion History. 2. Summary the suggestions from four roles: product-owner/architect/developer/tester. 3. Response in JSON format.\", \"Example\": \"{\\\"product-owner\\\":[\\\"suggestion1\\\",\\\"suggestion2\\\"],\\\"architect\\\":[\\\"suggestion1\\\",\\\"suggestion2\\\"], \\\"developer\\\":[\\\"suggestion1\\\",\\\"suggestion2\\\"], \\\"tester\\\":[\\\"suggestion1\\\",\\\"suggestion2\\\"]}\", \"Context\": \"[ScrumMaster]says: Here is our test Report: Test Report:\\n\\nTest script's output:\\n\\n# test script's output:\\nE\\n======================================================================\\nERROR: test (__main__.Test)\\n----------------------------------------------------------------------\\nTraceback (most recent call last):\\n  File \\\"/Users/watch/PycharmProjects/XXXX-1-LLM/workspace/2024-02-13_17-18-52-913890/test_script.py\\\", line 11, in test\\n    self.assertEqual(function_under_test([15, -73, 14, -15]), 1)\\nNameError: name 'function_under_test' is not defined\\n\\n----------------------------------------------------------------------\\nRan 1 test in 0.000s\\n\\nFAILED (errors=1)\\n\\nConclusion: Code Test Failed\\n\\nInput and Expected Output Example:\\nFunction call: specialFilter([15, -73, 14, -15])\\nExpected output: 1\\n\\nAnalysis:\\nThe test script resulted in an error due to the name 'function_under_test' not being defined. This caused the test to fail.\\n\\nRecommendation:\\nThe code needs to be revised to define the 'function_under_test' before running the test.\\n\\nCode Test Failed, do you have any ideas?\\n-----\\n\\n[Architect]says: As an Architect, I think the first step is to review the code and ensure that the 'function_under_test' is defined before running the test.\\n-----\\n\\n[ProductOwner]says: As the Product Owner, I think we should prioritize fixing the code to define the 'function_under_test' before proceeding with any further development.\\n-----\\n\\n[Tester]says: As a Tester, I recommend that we revise the code to define the 'function_under_test' before running the test.\\n-----\\n\\n[Developer]says: As a Developer, I will review the test script and define the 'function_under_test' before running the test to resolve the error.\\n-----\\n\\n[Architect]says: As an Architect, I will review the code and ensure that the 'function_under_test' is defined before running the test.\\n-----\\n\\n[Tester]says: As a Tester, I recommend that we revise the code to define the 'function_under_test' before running the test.\\n-----\\n\\n[ProductOwner]says: As the Product Owner, I think we should prioritize fixing the code to define the 'function_under_test' before proceeding with any further development.\\n-----\\n\\n[Developer]says: As a Developer, I will review the test script and define the 'function_under_test' before running the test to resolve the error.\\n-----\\n\", \"Question\": \"Follow the Instruction section. The Discussion History is in the Context section. You only need to return a list as the Example section.\"}",
    "RepairResponse1": "{\n  \"revised_code\": \"def specialFilter(nums):\\n    count = 0\\n    for num in nums:\\n        if num > 10 and int(str(num)[0]) % 2 != 0 and int(str(num)[-1]) % 2 != 0:\\n            count += 1\\n    return count\"\n}",
    "RepairResponse1_prompt": {
        "Role": "You are a professional software engineer. Your duty is to write code in Python that meets the requirements. Ensure that the code you write is efficient, readable, and follows best practices. Remember, do not need to explain the code you wrote.",
        "Instruction": "1. Rewrite a bug fix version of the original code. 2. Response in JSON format.",
        "Example": "{\"revised_code\":\"...\"}",
        "Context": "# Test Report:\nTest Report:\n\nTest script's output:\n\n# test script's output:\nE\n======================================================================\nERROR: test (__main__.Test)\n----------------------------------------------------------------------\nTraceback (most recent call last):\n  File \"/Users/watch/PycharmProjects/XXXX-1-LLM/workspace/2024-02-13_17-18-52-913890/test_script.py\", line 11, in test\n    self.assertEqual(function_under_test([15, -73, 14, -15]), 1)\nNameError: name 'function_under_test' is not defined\n\n----------------------------------------------------------------------\nRan 1 test in 0.000s\n\nFAILED (errors=1)\n\nConclusion: Code Test Failed\n\nInput and Expected Output Example:\nFunction call: specialFilter([15, -73, 14, -15])\nExpected output: 1\n\nAnalysis:\nThe test script resulted in an error due to the name 'function_under_test' not being defined. This caused the test to fail.\n\nRecommendation:\nThe code needs to be revised to define the 'function_under_test' before running the test.\n\nCode Test Failed# suggestions:\n{\"product-owner\": [\"We should prioritize fixing the code to define the 'function_under_test' before proceeding with any further development.\"], \"architect\": [\"The first step is to review the code and ensure that the 'function_under_test' is defined before running the test.\"], \"developer\": [\"I will review the test script and define the 'function_under_test' before running the test to resolve the error.\"], \"tester\": [\"We should revise the code to define the 'function_under_test' before running the test.\"]}",
        "Question": "The original code has some bugs, according to the test report and suggestions, rewrite the code. Complete the following code:\n\ndef specialFilter(nums):\n    \"\"\"Write a function that takes an array of numbers as input and returns \n    the number of elements in the array that are greater than 10 and both \n    first and last digits of a number are odd (1, 3, 5, 7, 9).\n    For example:\n    specialFilter([15, -73, 14, -15]) => 1 \n    specialFilter([33, -2, -3, 45, 21, 109]) => 2\n    \"\"\"\n"
    },
    "Code2": "def specialFilter(nums):\n    count = 0\n    for num in nums:\n        if num > 10 and int(str(num)[0]) % 2 != 0 and int(str(num)[-1]) % 2 != 0:\n            count += 1\n    return count",
    "ScriptResult2": "E\n======================================================================\nERROR: test (__main__.Test)\n----------------------------------------------------------------------\nTraceback (most recent call last):\n  File \"/Users/watch/PycharmProjects/XXXX-1-LLM/workspace/2024-02-13_17-18-52-913890/test_script.py\", line 11, in test\n    self.assertEqual(function_under_test([15, -73, 14, -15]), 1)\nNameError: name 'function_under_test' is not defined\n\n----------------------------------------------------------------------\nRan 1 test in 0.000s\n\nFAILED (errors=1)\n",
    "TestReport2": "Test Report:\n\nThe test script's output indicates an error in the code. It shows a NameError indicating that the function_under_test is not defined. The code has failed the test.\n\nInput example:\nspecialFilter([15, -73, 14, -15])\n\nExpected output example:\n1\n\nConclusion:\nCode Test Failed.",
    "SprintReview2": "[ScrumMaster]says: Here is our test Report: Test Report:\n\nThe test script's output indicates an error in the code. It shows a NameError indicating that the function_under_test is not defined. The code has failed the test.\n\nInput example:\nspecialFilter([15, -73, 14, -15])\n\nExpected output example:\n1\n\nConclusion:\nCode Test Failed., do you have any ideas?\n-----\n\n[ProductOwner]says: As a Product Owner, we need to prioritize fixing the function_under_test error in order to move forward with product development.\n-----\n\n[Developer]says: As a Developer, I will investigate the test script and review the code to identify and fix the NameError issue with the function_under_test.\n-----\n\n[Architect]says: As an Architect, it is important that we review the code and ensure that the function_under_test is properly defined before running the test script.\n-----\n\n[Tester]says: As a Tester, I suggest reviewing the code to ensure that the function_under_test is correctly defined and is being called in the test script.\n-----\n\n[ProductOwner]says: [ProductOwner] As a Product Owner, we need to prioritize fixing the function_under_test error in order to move forward with product development.\n-----\n\n[Developer]says: As a Developer, I will investigate the test script and review the code to identify and fix the NameError issue with the function_under_test.\n-----\n\n[Architect]says: As an Architect, I will review the code and ensure that the function_under_test is properly defined before running the test script.\n-----\n\n[Tester]says: As a Tester, I suggest reviewing the code to ensure that the function_under_test is correctly defined and is being called in the test script.\n-----\n",
    "SprintReviewMeetings2": "{\n  \"product-owner\":[\"We need to prioritize fixing the function_under_test error in order to move forward with product development.\"],\n  \"architect\":[\"Review the code and ensure that the function_under_test is properly defined before running the test script.\"],\n  \"developer\":[\"Investigate the test script and review the code to identify and fix the NameError issue with the function_under_test.\"],\n  \"tester\":[\"Review the code to ensure that the function_under_test is correctly defined and is being called in the test script.\"]\n}",
    "SprintReviewMeetings2_prompt": "{\"Role\": \"You are a professional scrum master. Your goal is to summary the Discussion History into a suggestions list for the scrum team.\", \"Instruction\": \"1. Read and Understand the Discussion History. 2. Summary the suggestions from four roles: product-owner/architect/developer/tester. 3. Response in JSON format.\", \"Example\": \"{\\\"product-owner\\\":[\\\"suggestion1\\\",\\\"suggestion2\\\"],\\\"architect\\\":[\\\"suggestion1\\\",\\\"suggestion2\\\"], \\\"developer\\\":[\\\"suggestion1\\\",\\\"suggestion2\\\"], \\\"tester\\\":[\\\"suggestion1\\\",\\\"suggestion2\\\"]}\", \"Context\": \"[ScrumMaster]says: Here is our test Report: Test Report:\\n\\nThe test script's output indicates an error in the code. It shows a NameError indicating that the function_under_test is not defined. The code has failed the test.\\n\\nInput example:\\nspecialFilter([15, -73, 14, -15])\\n\\nExpected output example:\\n1\\n\\nConclusion:\\nCode Test Failed., do you have any ideas?\\n-----\\n\\n[ProductOwner]says: As a Product Owner, we need to prioritize fixing the function_under_test error in order to move forward with product development.\\n-----\\n\\n[Developer]says: As a Developer, I will investigate the test script and review the code to identify and fix the NameError issue with the function_under_test.\\n-----\\n\\n[Architect]says: As an Architect, it is important that we review the code and ensure that the function_under_test is properly defined before running the test script.\\n-----\\n\\n[Tester]says: As a Tester, I suggest reviewing the code to ensure that the function_under_test is correctly defined and is being called in the test script.\\n-----\\n\\n[ProductOwner]says: [ProductOwner] As a Product Owner, we need to prioritize fixing the function_under_test error in order to move forward with product development.\\n-----\\n\\n[Developer]says: As a Developer, I will investigate the test script and review the code to identify and fix the NameError issue with the function_under_test.\\n-----\\n\\n[Architect]says: As an Architect, I will review the code and ensure that the function_under_test is properly defined before running the test script.\\n-----\\n\\n[Tester]says: As a Tester, I suggest reviewing the code to ensure that the function_under_test is correctly defined and is being called in the test script.\\n-----\\n\", \"Question\": \"Follow the Instruction section. The Discussion History is in the Context section. You only need to return a list as the Example section.\"}",
    "RepairResponse2": "{\n\t\"revised_code\": \"def specialFilter(nums):\\n    count = 0\\n    for num in nums:\\n        if num > 10 and str(num)[0] in ['1', '3', '5', '7', '9'] and str(num)[-1] in ['1', '3', '5', '7', '9']:\\n            count += 1\\n    return count\"\n}",
    "RepairResponse2_prompt": {
        "Role": "You are a professional software engineer. Your duty is to write code in Python that meets the requirements. Ensure that the code you write is efficient, readable, and follows best practices. Remember, do not need to explain the code you wrote.",
        "Instruction": "1. Rewrite a bug fix version of the original code. 2. Response in JSON format.",
        "Example": "{\"revised_code\":\"...\"}",
        "Context": "# Test Report:\nTest Report:\n\nThe test script's output indicates an error in the code. It shows a NameError indicating that the function_under_test is not defined. The code has failed the test.\n\nInput example:\nspecialFilter([15, -73, 14, -15])\n\nExpected output example:\n1\n\nConclusion:\nCode Test Failed.# suggestions:\n{\"product-owner\": [\"We need to prioritize fixing the function_under_test error in order to move forward with product development.\"], \"architect\": [\"Review the code and ensure that the function_under_test is properly defined before running the test script.\"], \"developer\": [\"Investigate the test script and review the code to identify and fix the NameError issue with the function_under_test.\"], \"tester\": [\"Review the code to ensure that the function_under_test is correctly defined and is being called in the test script.\"]}",
        "Question": "The original code has some bugs, according to the test report and suggestions, rewrite the code. Complete the following code:\n\ndef specialFilter(nums):\n    \"\"\"Write a function that takes an array of numbers as input and returns \n    the number of elements in the array that are greater than 10 and both \n    first and last digits of a number are odd (1, 3, 5, 7, 9).\n    For example:\n    specialFilter([15, -73, 14, -15]) => 1 \n    specialFilter([33, -2, -3, 45, 21, 109]) => 2\n    \"\"\"\n"
    }
}