{
    "start_time": "2024-03-10_22-31-38-796097",
    "task": "def sum(a,b): \n'''Write a python function to find the sum of common divisors of two given numbers.\nassert sum(10,15) == 6'''\n",
    "datetime": {
        "task": "2024-03-10 22:31:38",
        "task-id": "2024-03-10 22:31:38",
        "workflow": "2024-03-10 22:31:38",
        "AnalyzeDraft": "2024-03-10 22:31:39",
        "AnalyzeMeetings": "2024-03-10 22:31:40",
        "Analyze": "2024-03-10 22:31:42",
        "DesignDraft": "2024-03-10 22:31:43",
        "DesignMeetings": "2024-03-10 22:31:44",
        "Design": "2024-03-10 22:31:46",
        "Test Cases Draft": "2024-03-10 22:31:47",
        "Test Cases Meetings": "2024-03-10 22:31:49",
        "Test Cases": "2024-03-10 22:31:51",
        "Code0draft": "2024-03-10 22:31:52",
        "Code0": "2024-03-10 22:31:52",
        "TestScriptOriginal": "2024-03-10 22:31:53",
        "TestScript": "2024-03-10 22:31:53",
        "ScriptResult0": "2024-03-10 22:31:53",
        "TestReport0": "2024-03-10 22:31:55",
        "RepairResponse1": "2024-03-10 22:31:57",
        "Code1": "2024-03-10 22:31:57",
        "ScriptResult1": "2024-03-10 22:31:57",
        "TestReport1": "2024-03-10 22:31:59",
        "RepairResponse2": "2024-03-10 22:32:03",
        "Code2": "2024-03-10 22:32:03",
        "ScriptResult2": "2024-03-10 22:32:03",
        "TestReport2": "2024-03-10 22:32:05",
        "FinalCode": "2024-03-10 22:32:05"
    },
    "task-id": 126,
    "workflow": "testdriven/testdriven_version_0.0.5_remove.json",
    "AnalyzeDraft": "{\n  \"Requirement\": \"Write a python function to find the sum of common divisors of two given numbers.\",\n  \"Example\": \"assert sum(10,15) == 6\"\n}",
    "AnalyzeMeetings": "{\n  \"Architect\": \"As an architect, I suggest adding more details about the input and output of the function. It would be helpful to specify what the function should return if there are no common divisors between the two numbers.\",\n  \"Tester\": \"As a tester, I suggest adding more test cases to cover different scenarios, such as testing with negative numbers or testing with large numbers to ensure the function can handle various inputs.\"\n}",
    "Analyze": "{\n  \"Revised Document\": {\n    \"Requirement\": \"Write a python function to find the sum of common divisors of two given numbers.\",\n    \"Example\": \"assert sum(10,15) == 6\",\n    \"Suggested Changes\": {\n      \"Architect\": \"Added more details about the input and output of the function. Specified what the function should return if there are no common divisors between the two numbers.\",\n      \"Tester\": \"Added more test cases to cover different scenarios, such as testing with negative numbers or testing with large numbers to ensure the function can handle various inputs.\"\n    }\n  }\n}",
    "DesignDraft": "Design:\n- The function name should be \"sum\"\n- The function should take two input parameters, \"a\" and \"b\", representing the two given numbers.\n- The function should return the sum of the common divisors of the two given numbers.\n- If there are no common divisors between the two numbers, the function should return 0.\n- The function should handle various inputs, including negative numbers and large numbers.\n- The function should be thoroughly tested with different scenarios to ensure its robustness and accuracy.",
    "DesignMeetings": "{\n  \"Developer\": \"Since the function is supposed to return the sum of common divisors, we should first implement a helper function to find the common divisors of the two given numbers. Then, we can calculate the sum of these common divisors and return the result.\",\n  \"Tester\": \"We should create test cases to cover different scenarios, such as positive numbers, negative numbers, large numbers, and cases where there are no common divisors. We also need to test edge cases and boundary conditions to ensure the function handles various inputs accurately.\"\n}",
    "Design": "New Design:\n\nFunction Name: \"sumCommonDivisors\"\n\nInput Parameters: \n- Two input parameters, \"a\" and \"b\", representing the two given numbers.\n\nReturn:\n- The function should return the sum of the common divisors of the two given numbers.\n- If there are no common divisors between the two numbers, the function should return 0.\n\nImplementation:\n- Implement a helper function to find the common divisors of the two given numbers.\n- Calculate the sum of these common divisors and return the result.\n\nTesting:\n- Create test cases to cover different scenarios, such as positive numbers, negative numbers, large numbers, and cases where there are no common divisors.\n- Test edge cases and boundary conditions to ensure the function handles various inputs accurately.\n- Thoroughly test the function to ensure its robustness and accuracy.",
    "Test Cases Draft": "{\n  \"requirement analysis\": \"analysis\",\n  \"test_cases\": [\n    {\n      \"Test Title\": \"Valid Input Test\",\n      \"Input Data\": \"parameter1=10,parameter2=15\",\n      \"Expected Output\": \"6\"\n    },\n    {\n      \"Test Title\": \"Negative Numbers Test\",\n      \"Input Data\": \"parameter1=-10,parameter2=-15\",\n      \"Expected Output\": \"0\"\n    },\n    {\n      \"Test Title\": \"Large Numbers Test\",\n      \"Input Data\": \"parameter1=1000000,parameter2=1500000\",\n      \"Expected Output\": \"122\"\n    }\n  ]\n}",
    "Test Cases Draft_prompt": "{\"Role\": \"You are a quality assurance engineer. Your duty is to design test cases for the developers.\", \"Instruction\": \"According to the Context section, write test cases. Don't write long strings in your test cases. Response in JSON format.\", \"Example\": \"{\\\"requirement analysis\\\":\\\"analysis\\\",\\\"test_cases\\\":[{\\\"Test Title\\\":\\\"title\\\", \\\"Input Data\\\":\\\"parameter1=[1,2,3],parameter2='123'\\\", \\\"Expected Output\\\":\\\"456\\\"},]}\", \"Context\": \"# Requirement Analysis:\\n{\\n  \\\"Revised Document\\\": {\\n    \\\"Requirement\\\": \\\"Write a python function to find the sum of common divisors of two given numbers.\\\",\\n    \\\"Example\\\": \\\"assert sum(10,15) == 6\\\",\\n    \\\"Suggested Changes\\\": {\\n      \\\"Architect\\\": \\\"Added more details about the input and output of the function. Specified what the function should return if there are no common divisors between the two numbers.\\\",\\n      \\\"Tester\\\": \\\"Added more test cases to cover different scenarios, such as testing with negative numbers or testing with large numbers to ensure the function can handle various inputs.\\\"\\n    }\\n  }\\n}\", \"Question\": \"def sum(a,b): \\n'''Write a python function to find the sum of common divisors of two given numbers.\\nassert sum(10,15) == 6'''\\n\"}",
    "Test Cases Meetings": "{\n  \"Architect\": \"As an architect, I would suggest adding more test cases to cover edge cases, boundary conditions and invalid inputs. It's important to have a comprehensive set of test cases that cover all possible scenarios.\",\n  \"Developer\": \"As a developer, I would suggest revising the expected output for the 'Large Numbers Test' as it seems to be incorrect. Additionally, I would recommend adding test cases for invalid inputs such as non-numeric values or missing parameters.\"\n}",
    "Test Cases Meetings_prompt": "{\"Role\": \"I want you to act as a different roles and then give some suggestions about how to revise the test cases.\", \"Instruction\": \"1. Read the Context section. 2. Act as an Architect, give your suggestions. 3. Act as a Developer, give your suggestions. 4. Response in JSON format.\", \"Example\": \"{\\\"Architect\\\":\\\"Suggestion\\\",\\\"Developer\\\":\\\"Suggestion\\\"}\", \"Context\": \"{\\n  \\\"requirement analysis\\\": \\\"analysis\\\",\\n  \\\"test_cases\\\": [\\n    {\\n      \\\"Test Title\\\": \\\"Valid Input Test\\\",\\n      \\\"Input Data\\\": \\\"parameter1=10,parameter2=15\\\",\\n      \\\"Expected Output\\\": \\\"6\\\"\\n    },\\n    {\\n      \\\"Test Title\\\": \\\"Negative Numbers Test\\\",\\n      \\\"Input Data\\\": \\\"parameter1=-10,parameter2=-15\\\",\\n      \\\"Expected Output\\\": \\\"0\\\"\\n    },\\n    {\\n      \\\"Test Title\\\": \\\"Large Numbers Test\\\",\\n      \\\"Input Data\\\": \\\"parameter1=1000000,parameter2=1500000\\\",\\n      \\\"Expected Output\\\": \\\"122\\\"\\n    }\\n  ]\\n}\", \"Question\": \"Follow the Instruction. The Context section include the test cases.\"}",
    "Test Cases": "{\n  \"requirement analysis\": \"analysis\",\n  \"test_cases\": [\n    {\n      \"Test Title\": \"Valid Input Test\",\n      \"Input Data\": \"parameter1=10,parameter2=15\",\n      \"Expected Output\": \"3\"\n    },\n    {\n      \"Test Title\": \"Negative Numbers Test\",\n      \"Input Data\": \"parameter1=-10,parameter2=-15\",\n      \"Expected Output\": \"0\"\n    },\n    {\n      \"Test Title\": \"Large Numbers Test\",\n      \"Input Data\": \"parameter1=1000000,parameter2=1500000\",\n      \"Expected Output\": \"5\"\n    },\n    {\n      \"Test Title\": \"Invalid Input Test\",\n      \"Input Data\": \"parameter1='abc',parameter2=15\",\n      \"Expected Output\": \"Invalid Input\"\n    }\n  ]\n}",
    "Test Cases_prompt": "{\"Role\": \"You are a quality assurance engineer. Your duty is to revise the test cases based on the suggestions.\", \"Instruction\": \"1. Your colleague give you some suggestions(in the Context section) about the draft test cases, read these suggestions. 2. Revise your draft version test cases, but don't use long parameters. 3. Response in JSON format.\", \"Example\": \"{\\\"requirement analysis\\\":\\\"analysis\\\",\\\"test_cases\\\":[{\\\"Test Title\\\":\\\"title\\\", \\\"Input Data\\\":\\\"parameter1=[1,2,3],parameter2='123'\\\", \\\"Expected Output\\\":\\\"456\\\"},]}\", \"Context\": \"# Suggestions:\\n{\\n  \\\"Architect\\\": \\\"As an architect, I would suggest adding more test cases to cover edge cases, boundary conditions and invalid inputs. It's important to have a comprehensive set of test cases that cover all possible scenarios.\\\",\\n  \\\"Developer\\\": \\\"As a developer, I would suggest revising the expected output for the 'Large Numbers Test' as it seems to be incorrect. Additionally, I would recommend adding test cases for invalid inputs such as non-numeric values or missing parameters.\\\"\\n}\\n # Draft Test cases:\\n{\\n  \\\"requirement analysis\\\": \\\"analysis\\\",\\n  \\\"test_cases\\\": [\\n    {\\n      \\\"Test Title\\\": \\\"Valid Input Test\\\",\\n      \\\"Input Data\\\": \\\"parameter1=10,parameter2=15\\\",\\n      \\\"Expected Output\\\": \\\"6\\\"\\n    },\\n    {\\n      \\\"Test Title\\\": \\\"Negative Numbers Test\\\",\\n      \\\"Input Data\\\": \\\"parameter1=-10,parameter2=-15\\\",\\n      \\\"Expected Output\\\": \\\"0\\\"\\n    },\\n    {\\n      \\\"Test Title\\\": \\\"Large Numbers Test\\\",\\n      \\\"Input Data\\\": \\\"parameter1=1000000,parameter2=1500000\\\",\\n      \\\"Expected Output\\\": \\\"122\\\"\\n    }\\n  ]\\n}\", \"Question\": \"Follow the Instruction. Please make sure your response length are less than 512. Your test cases is for the below question:\\ndef sum(a,b): \\n'''Write a python function to find the sum of common divisors of two given numbers.\\nassert sum(10,15) == 6'''\\n\"}",
    "Code0draft": "def sumCommonDivisors(a, b):\n    def findCommonDivisors(x, y):\n        common_divisors = []\n        for i in range(1, min(x, y) + 1):\n            if x % i == 0 and y % i == 0:\n                common_divisors.append(i)\n        return common_divisors\n\n    common_divisors = findCommonDivisors(a, b)\n    if len(common_divisors) == 0:\n        return 0\n    else:\n        return sum(common_divisors)\n\n# Test cases\nassert sumCommonDivisors(10, 15) == 6\nassert sumCommonDivisors(-10, -15) == 0\nassert sumCommonDivisors(1000000, 1500000) == 6\nassert sumCommonDivisors('abc', 15) == \"Invalid Input\"",
    "Code0draft_prompt": "{\"Role\": \"You are a professional engineer. Your duty is to write code in Python that meets the requirements. Ensure that the code you write is efficient, readable, and follows best practices. Remember, do not need to explain the code you wrote.\", \"Instruction\": \"According to the Context section, write your code.\", \"Example\": \"\", \"Context\": \"# Test Cases:\\n{\\n  \\\"requirement analysis\\\": \\\"analysis\\\",\\n  \\\"test_cases\\\": [\\n    {\\n      \\\"Test Title\\\": \\\"Valid Input Test\\\",\\n      \\\"Input Data\\\": \\\"parameter1=10,parameter2=15\\\",\\n      \\\"Expected Output\\\": \\\"3\\\"\\n    },\\n    {\\n      \\\"Test Title\\\": \\\"Negative Numbers Test\\\",\\n      \\\"Input Data\\\": \\\"parameter1=-10,parameter2=-15\\\",\\n      \\\"Expected Output\\\": \\\"0\\\"\\n    },\\n    {\\n      \\\"Test Title\\\": \\\"Large Numbers Test\\\",\\n      \\\"Input Data\\\": \\\"parameter1=1000000,parameter2=1500000\\\",\\n      \\\"Expected Output\\\": \\\"5\\\"\\n    },\\n    {\\n      \\\"Test Title\\\": \\\"Invalid Input Test\\\",\\n      \\\"Input Data\\\": \\\"parameter1='abc',parameter2=15\\\",\\n      \\\"Expected Output\\\": \\\"Invalid Input\\\"\\n    }\\n  ]\\n}\\n# Design:\\nNew Design:\\n\\nFunction Name: \\\"sumCommonDivisors\\\"\\n\\nInput Parameters: \\n- Two input parameters, \\\"a\\\" and \\\"b\\\", representing the two given numbers.\\n\\nReturn:\\n- The function should return the sum of the common divisors of the two given numbers.\\n- If there are no common divisors between the two numbers, the function should return 0.\\n\\nImplementation:\\n- Implement a helper function to find the common divisors of the two given numbers.\\n- Calculate the sum of these common divisors and return the result.\\n\\nTesting:\\n- Create test cases to cover different scenarios, such as positive numbers, negative numbers, large numbers, and cases where there are no common divisors.\\n- Test edge cases and boundary conditions to ensure the function handles various inputs accurately.\\n- Thoroughly test the function to ensure its robustness and accuracy.\", \"Question\": \"Follow the Instruction section. Complete the following code:\\ndef sum(a,b): \\n'''Write a python function to find the sum of common divisors of two given numbers.\\nassert sum(10,15) == 6'''\\n\"}",
    "Code0": "def sumCommonDivisors(a, b):\n    def findCommonDivisors(x, y):\n        common_divisors = []\n        for i in range(1, min(x, y) + 1):\n            if x % i == 0 and y % i == 0:\n                common_divisors.append(i)\n        return common_divisors\n\n    common_divisors = findCommonDivisors(a, b)\n    if len(common_divisors) == 0:\n        return 0\n    else:\n        return sum(common_divisors)\n\n# Test cases\nassert sumCommonDivisors(10, 15) == 6\nassert sumCommonDivisors(-10, -15) == 0\nassert sumCommonDivisors(1000000, 1500000) == 6\nassert sumCommonDivisors('abc', 15) == \"Invalid Input\"",
    "TestScriptOriginal": "import unittest\n\ndef sum(a, b):\n    # write your code here to find the sum of common divisors of two given numbers\n    pass\n\nclass Test(unittest.TestCase):\n    def test(self):\n        self.assertEqual(sum(10, 15), 6)\n\nif __name__ == '__main__':\n    unittest.main()",
    "TestScriptOriginal_prompt": "{\"Role\": \"You are a quality assurance engineer. Your duty is to write a python test script in unittest framework.\", \"Instruction\": \"1. Write a python test script. 2. Use the input and output given by the question.\", \"Example\": \"import unittest\\n\\nclass Test(unittest.TestCase):\\n    def test(self):\\n        self.assertEqual(function_under_test('a'), 1)\\n\\nif __name__ == '__main__':\\n    unittest.main()\", \"Context\": \"\", \"Question\": \"def sum(a,b): \\n'''Write a python function to find the sum of common divisors of two given numbers.\\nassert sum(10,15) == 6'''\\n\"}",
    "TestScript": "import unittest\n\nclass Test(unittest.TestCase):\n    def test(self):\n        self.assertEqual(sum(10, 15), 6)\n\nif __name__ == '__main__':\n    unittest.main()",
    "TestScript_prompt": "{\"Role\": \"You are a quality assurance engineer. Your duty is to write a python test script in unittest framework.\", \"Instruction\": \"1. Write a python test script. 2. Use the input and output given by the question.\", \"Example\": \"import unittest\\n\\nclass Test(unittest.TestCase):\\n    def test(self):\\n        self.assertEqual(function_under_test('a'), 1)\\n\\nif __name__ == '__main__':\\n    unittest.main()\", \"Context\": \"\", \"Question\": \"def sum(a,b): \\n'''Write a python function to find the sum of common divisors of two given numbers.\\nassert sum(10,15) == 6'''\\n\"}",
    "ScriptResult0": "Traceback (most recent call last):\n  File \"/Users/watch/PycharmProjects/XXXX-1-LLM/workspace/2024-03-10_22-31-38-796097/test_script.py\", line 18, in <module>\n    assert sumCommonDivisors(1000000, 1500000) == 6\nAssertionError\n",
    "TestReport0": "Test Report\n\nTest Script Output:\nTraceback (most recent call last):\n  File \"/Users/watch/PycharmProjects/XXXX-1-LLM/workspace/2024-03-10_22-31-38-796097/test_script.py\", line 18, in <module>\n    assert sumCommonDivisors(1000000, 1500000) == 6\nAssertionError\n\nTest Analysis:\nThe test script output indicates that the code has failed the test. The expected output for the input (1000000, 1500000) was 6, but the actual output did not match this expectation.\n\nConclusion:\nCode Test Failed\n\nInput and Expected Output Example:\nInput: \n1000000, 1500000\nExpected Output:\n6",
    "RepairResponse1": "{\n  \"revised_code\": \"def sumCommonDivisors(a, b):\\n    if not isinstance(a, int) or not isinstance(b, int) or a <= 0 or b <= 0:\\n        return \\\"Invalid Input\\\"\\n    def findCommonDivisors(x, y):\\n        common_divisors = []\\n        for i in range(1, min(x, y) + 1):\\n            if x % i == 0 and y % i == 0:\\n                common_divisors.append(i)\\n        return common_divisors\\n\\n    common_divisors = findCommonDivisors(a, b)\\n    if len(common_divisors) == 0:\\n        return 0\\n    else:\\n        return sum(common_divisors)\"\n}",
    "RepairResponse1_prompt": "{\"Role\": \"You are a professional software engineer. Your duty is to write code in Python that meets the requirements. Ensure that the code you write is efficient, readable, and follows best practices. Remember, do not need to explain the code you wrote.\", \"Instruction\": \"1. Rewrite a bug fix version of the original code. 2. Response in JSON format.\", \"Example\": \"{\\\"revised_code\\\":\\\"...\\\"}\", \"Context\": \"# the original code:\\ndef sumCommonDivisors(a, b):\\n    def findCommonDivisors(x, y):\\n        common_divisors = []\\n        for i in range(1, min(x, y) + 1):\\n            if x % i == 0 and y % i == 0:\\n                common_divisors.append(i)\\n        return common_divisors\\n\\n    common_divisors = findCommonDivisors(a, b)\\n    if len(common_divisors) == 0:\\n        return 0\\n    else:\\n        return sum(common_divisors)\\n\\n# Test cases\\nassert sumCommonDivisors(10, 15) == 6\\nassert sumCommonDivisors(-10, -15) == 0\\nassert sumCommonDivisors(1000000, 1500000) == 6\\nassert sumCommonDivisors('abc', 15) == \\\"Invalid Input\\\"\\n# test report:\\nTest Report\\n\\nTest Script Output:\\nTraceback (most recent call last):\\n  File \\\"/Users/watch/PycharmProjects/XXXX-1-LLM/workspace/2024-03-10_22-31-38-796097/test_script.py\\\", line 18, in <module>\\n    assert sumCommonDivisors(1000000, 1500000) == 6\\nAssertionError\\n\\nTest Analysis:\\nThe test script output indicates that the code has failed the test. The expected output for the input (1000000, 1500000) was 6, but the actual output did not match this expectation.\\n\\nConclusion:\\nCode Test Failed\\n\\nInput and Expected Output Example:\\nInput: \\n1000000, 1500000\\nExpected Output:\\n6\", \"Question\": \"The original code has some bugs, according to the test report and suggestions, rewrite the code. Complete the following code:\\ndef sum(a,b): \\n'''Write a python function to find the sum of common divisors of two given numbers.\\nassert sum(10,15) == 6'''\\n\"}",
    "Code1": "def sumCommonDivisors(a, b):\n    if not isinstance(a, int) or not isinstance(b, int) or a <= 0 or b <= 0:\n        return \"Invalid Input\"\n    def findCommonDivisors(x, y):\n        common_divisors = []\n        for i in range(1, min(x, y) + 1):\n            if x % i == 0 and y % i == 0:\n                common_divisors.append(i)\n        return common_divisors\n\n    common_divisors = findCommonDivisors(a, b)\n    if len(common_divisors) == 0:\n        return 0\n    else:\n        return sum(common_divisors)",
    "ScriptResult1": "E\n======================================================================\nERROR: test (__main__.Test)\n----------------------------------------------------------------------\nTraceback (most recent call last):\n  File \"/Users/watch/PycharmProjects/XXXX-1-LLM/workspace/2024-03-10_22-31-38-796097/test_script.py\", line 20, in test\n    self.assertEqual(sum(10, 15), 6)\nTypeError: 'int' object is not iterable\n\n----------------------------------------------------------------------\nRan 1 test in 0.000s\n\nFAILED (errors=1)\n",
    "TestReport1": "Test Report\n\nTest Script Output:\nE\n======================================================================\nERROR: test (__main__.Test)\n----------------------------------------------------------------------\nTraceback (most recent call last):\n  File \"/Users/watch/PycharmProjects/XXXX-1-LLM/workspace/2024-03-10_22-31-38-796097/test_script.py\", line 20, in test\n    self.assertEqual(sum(10, 15), 6)\nTypeError: 'int' object is not iterable\n\n----------------------------------------------------------------------\nRan 1 test in 0.000s\n\nFAILED (errors=1)\n\nTest Report:\nThe test script has failed with the following error:\n- The assertion for the sum of 10 and 15 equals 6 has resulted in a TypeError: 'int' object is not iterable.\n\nInput and Expected Output Example:\nInput: sum(10, 15)\nExpected Output: 6\n\nConclusion:\nCode Test Failed\n\nNote: The code has failed to pass the test due to the TypeError mentioned above. Further investigation and modification of the code are required to address this issue.",
    "RepairResponse2": "{\n  \"revised_code\": \"def sumCommonDivisors(a, b):\\n    if not isinstance(a, int) or not isinstance(b, int) or a <= 0 or b <= 0:\\n        return \\\"Invalid Input\\\"\\n    def findCommonDivisors(x, y):\\n        common_divisors = []\\n        for i in range(1, min(x, y) + 1):\\n            if x % i == 0 and y % i == 0:\\n                common_divisors.append(i)\\n        return common_divisors\\n\\n    common_divisors = findCommonDivisors(a, b)\\n    if len(common_divisors) == 0:\\n        return 0\\n    else:\\n        return sum(common_divisors)\\n\"\n}",
    "RepairResponse2_prompt": "{\"Role\": \"You are a professional software engineer. Your duty is to write code in Python that meets the requirements. Ensure that the code you write is efficient, readable, and follows best practices. Remember, do not need to explain the code you wrote.\", \"Instruction\": \"1. Rewrite a bug fix version of the original code. 2. Response in JSON format.\", \"Example\": \"{\\\"revised_code\\\":\\\"...\\\"}\", \"Context\": \"# the original code:\\ndef sumCommonDivisors(a, b):\\n    if not isinstance(a, int) or not isinstance(b, int) or a <= 0 or b <= 0:\\n        return \\\"Invalid Input\\\"\\n    def findCommonDivisors(x, y):\\n        common_divisors = []\\n        for i in range(1, min(x, y) + 1):\\n            if x % i == 0 and y % i == 0:\\n                common_divisors.append(i)\\n        return common_divisors\\n\\n    common_divisors = findCommonDivisors(a, b)\\n    if len(common_divisors) == 0:\\n        return 0\\n    else:\\n        return sum(common_divisors)\\n# test report:\\nTest Report\\n\\nTest Script Output:\\nE\\n======================================================================\\nERROR: test (__main__.Test)\\n----------------------------------------------------------------------\\nTraceback (most recent call last):\\n  File \\\"/Users/watch/PycharmProjects/XXXX-1-LLM/workspace/2024-03-10_22-31-38-796097/test_script.py\\\", line 20, in test\\n    self.assertEqual(sum(10, 15), 6)\\nTypeError: 'int' object is not iterable\\n\\n----------------------------------------------------------------------\\nRan 1 test in 0.000s\\n\\nFAILED (errors=1)\\n\\nTest Report:\\nThe test script has failed with the following error:\\n- The assertion for the sum of 10 and 15 equals 6 has resulted in a TypeError: 'int' object is not iterable.\\n\\nInput and Expected Output Example:\\nInput: sum(10, 15)\\nExpected Output: 6\\n\\nConclusion:\\nCode Test Failed\\n\\nNote: The code has failed to pass the test due to the TypeError mentioned above. Further investigation and modification of the code are required to address this issue.\", \"Question\": \"The original code has some bugs, according to the test report and suggestions, rewrite the code. Complete the following code:\\ndef sum(a,b): \\n'''Write a python function to find the sum of common divisors of two given numbers.\\nassert sum(10,15) == 6'''\\n\"}",
    "Code2": "def sumCommonDivisors(a, b):\n    if not isinstance(a, int) or not isinstance(b, int) or a <= 0 or b <= 0:\n        return \"Invalid Input\"\n    def findCommonDivisors(x, y):\n        common_divisors = []\n        for i in range(1, min(x, y) + 1):\n            if x % i == 0 and y % i == 0:\n                common_divisors.append(i)\n        return common_divisors\n\n    common_divisors = findCommonDivisors(a, b)\n    if len(common_divisors) == 0:\n        return 0\n    else:\n        return sum(common_divisors)\n",
    "ScriptResult2": "E\n======================================================================\nERROR: test (__main__.Test)\n----------------------------------------------------------------------\nTraceback (most recent call last):\n  File \"/Users/watch/PycharmProjects/XXXX-1-LLM/workspace/2024-03-10_22-31-38-796097/test_script.py\", line 21, in test\n    self.assertEqual(sum(10, 15), 6)\nTypeError: 'int' object is not iterable\n\n----------------------------------------------------------------------\nRan 1 test in 0.000s\n\nFAILED (errors=1)\n",
    "TestReport2": "Test Report:\n\nTest Script Output:\nE\n======================================================================\nERROR: test (__main__.Test)\n----------------------------------------------------------------------\nTraceback (most recent call last):\n  File \"/Users/watch/PycharmProjects/XXXX-1-LLM/workspace/2024-03-10_22-31-38-796097/test_script.py\", line 21, in test\n    self.assertEqual(sum(10, 15), 6)\nTypeError: 'int' object is not iterable\n\n----------------------------------------------------------------------\nRan 1 test in 0.000s\n\nFAILED (errors=1)\n\nConclusion:\nThe code has FAILED the test. The input example is sum(10, 15) and the expected output is 6. The error indicates that the 'int' object is not iterable, which is causing the test to fail.\n\nCode Test Result: FAILED\nInput Example: sum(10, 15)\nExpected Output: 6\n\nPlease address the issue and re-run the tests.",
    "FinalCode": "def sumCommonDivisors(a, b):\n    if not isinstance(a, int) or not isinstance(b, int) or a <= 0 or b <= 0:\n        return \"Invalid Input\"\n    def findCommonDivisors(x, y):\n        common_divisors = []\n        for i in range(1, min(x, y) + 1):\n            if x % i == 0 and y % i == 0:\n                common_divisors.append(i)\n        return common_divisors\n\n    common_divisors = findCommonDivisors(a, b)\n    if len(common_divisors) == 0:\n        return 0\n    else:\n        return sum(common_divisors)\n"
}