{
    "start_time": "2024-03-10_21-59-29-971958",
    "task": "def is_Sum_Of_Powers_Of_Two(n): \n'''Write a python function to check whether the given number can be represented as sum of non-zero powers of 2 or not.\nassert is_Sum_Of_Powers_Of_Two(10) == True'''\n",
    "datetime": {
        "task": "2024-03-10 21:59:29",
        "task-id": "2024-03-10 21:59:29",
        "workflow": "2024-03-10 21:59:29",
        "AnalyzeDraft": "2024-03-10 21:59:30",
        "AnalyzeMeetings": "2024-03-10 21:59:32",
        "Analyze": "2024-03-10 21:59:34",
        "Test Cases Draft": "2024-03-10 21:59:36",
        "Test Cases Meetings": "2024-03-10 21:59:37",
        "Test Cases": "2024-03-10 21:59:39",
        "Code0draft": "2024-03-10 21:59:40",
        "Code Review Meetings": "2024-03-10 21:59:41",
        "Code0": "2024-03-10 21:59:42",
        "TestScriptOriginal": "2024-03-10 21:59:44",
        "TestScript": "2024-03-10 21:59:44",
        "ScriptResult0": "2024-03-10 21:59:44",
        "TestReport0": "2024-03-10 21:59:46",
        "RepairResponse1": "2024-03-10 21:59:49",
        "Code1": "2024-03-10 21:59:49",
        "ScriptResult1": "2024-03-10 21:59:49",
        "TestReport1": "2024-03-10 21:59:51",
        "RepairResponse2": "2024-03-10 21:59:54",
        "Code2": "2024-03-10 21:59:54",
        "ScriptResult2": "2024-03-10 21:59:54",
        "TestReport2": "2024-03-10 21:59:56",
        "FinalCode": "2024-03-10 21:59:56"
    },
    "task-id": 138,
    "workflow": "testdriven/testdriven_version_0.0.5_remove.json",
    "AnalyzeDraft": "{\n  \"Requirement\": \"The requirement is to write a Python function called is_Sum_Of_Powers_Of_Two(n) that checks whether the given number can be represented as the sum of non-zero powers of 2. The function should return True if the number can be represented as the sum of non-zero powers of 2, and False otherwise.\"\n}",
    "AnalyzeMeetings": "{\n  \"Architect\": \"I suggest breaking down the problem into smaller sub-problems and using a recursive approach to check all possible combinations of powers of 2 that sum up to the given number. This will help in efficiently solving the problem and handling large input numbers.\",\n  \"Tester\": \"I suggest thoroughly testing the function with various input numbers, including positive and negative numbers, large numbers, and edge cases such as 0 and 1. Additionally, the function should be tested for performance to ensure it can handle large input numbers efficiently.\"\n}",
    "Analyze": "{\n  \"RevisedDocument\": {\n    \"Requirement\": \"The requirement is to write a Python function called is_Sum_Of_Powers_Of_Two(n) that checks whether the given number can be represented as the sum of non-zero powers of 2. The function should return True if the number can be represented as the sum of non-zero powers of 2, and False otherwise.\",\n    \"RevisedSuggestion\": {\n      \"Architect\": \"The suggestion to break down the problem into smaller sub-problems and use a recursive approach to check all possible combinations of powers of 2 is noted. This approach will help in efficiently solving the problem and handling large input numbers.\",\n      \"Tester\": \"The suggestion to thoroughly test the function with various input numbers, including positive and negative numbers, large numbers, and edge cases such as 0 and 1 is acknowledged. Additionally, the function will be tested for performance to ensure it can handle large input numbers efficiently.\"\n    }\n  }\n}",
    "Test Cases Draft": "{\n  \"test_cases\": [\n    {\n      \"Test Title\": \"Positive number\",\n      \"Input Data\": \"parameter1=10\",\n      \"Expected Output\": \"True\"\n    },\n    {\n      \"Test Title\": \"Negative number\",\n      \"Input Data\": \"parameter1=-10\",\n      \"Expected Output\": \"False\"\n    },\n    {\n      \"Test Title\": \"Large number\",\n      \"Input Data\": \"parameter1=1024\",\n      \"Expected Output\": \"True\"\n    },\n    {\n      \"Test Title\": \"Edge case 0\",\n      \"Input Data\": \"parameter1=0\",\n      \"Expected Output\": \"False\"\n    },\n    {\n      \"Test Title\": \"Edge case 1\",\n      \"Input Data\": \"parameter1=1\",\n      \"Expected Output\": \"False\"\n    }\n  ]\n}",
    "Test Cases Draft_prompt": "{\"Role\": \"You are a quality assurance engineer. Your duty is to design test cases for the developers.\", \"Instruction\": \"According to the Context section, write test cases. Don't write long strings in your test cases. Response in JSON format.\", \"Example\": \"{\\\"requirement analysis\\\":\\\"analysis\\\",\\\"test_cases\\\":[{\\\"Test Title\\\":\\\"title\\\", \\\"Input Data\\\":\\\"parameter1=[1,2,3],parameter2='123'\\\", \\\"Expected Output\\\":\\\"456\\\"},]}\", \"Context\": \"# Requirement Analysis:\\n{\\n  \\\"RevisedDocument\\\": {\\n    \\\"Requirement\\\": \\\"The requirement is to write a Python function called is_Sum_Of_Powers_Of_Two(n) that checks whether the given number can be represented as the sum of non-zero powers of 2. The function should return True if the number can be represented as the sum of non-zero powers of 2, and False otherwise.\\\",\\n    \\\"RevisedSuggestion\\\": {\\n      \\\"Architect\\\": \\\"The suggestion to break down the problem into smaller sub-problems and use a recursive approach to check all possible combinations of powers of 2 is noted. This approach will help in efficiently solving the problem and handling large input numbers.\\\",\\n      \\\"Tester\\\": \\\"The suggestion to thoroughly test the function with various input numbers, including positive and negative numbers, large numbers, and edge cases such as 0 and 1 is acknowledged. Additionally, the function will be tested for performance to ensure it can handle large input numbers efficiently.\\\"\\n    }\\n  }\\n}\", \"Question\": \"def is_Sum_Of_Powers_Of_Two(n): \\n'''Write a python function to check whether the given number can be represented as sum of non-zero powers of 2 or not.\\nassert is_Sum_Of_Powers_Of_Two(10) == True'''\\n\"}",
    "Test Cases Meetings": "{\n  \"Architect\": \"As an Architect, I would suggest revising the test cases to include boundary testing for the input data. This will help ensure that the application handles extreme input values correctly.\",\n  \"Developer\": \"As a Developer, I would suggest revising the test cases to include additional negative testing, such as non-numeric input or invalid characters. This will help identify potential vulnerabilities and improve the overall quality of the code.\"\n}",
    "Test Cases Meetings_prompt": "{\"Role\": \"I want you to act as a different roles and then give some suggestions about how to revise the test cases.\", \"Instruction\": \"1. Read the Context section. 2. Act as an Architect, give your suggestions. 3. Act as a Developer, give your suggestions. 4. Response in JSON format.\", \"Example\": \"{\\\"Architect\\\":\\\"Suggestion\\\",\\\"Developer\\\":\\\"Suggestion\\\"}\", \"Context\": \"{\\n  \\\"test_cases\\\": [\\n    {\\n      \\\"Test Title\\\": \\\"Positive number\\\",\\n      \\\"Input Data\\\": \\\"parameter1=10\\\",\\n      \\\"Expected Output\\\": \\\"True\\\"\\n    },\\n    {\\n      \\\"Test Title\\\": \\\"Negative number\\\",\\n      \\\"Input Data\\\": \\\"parameter1=-10\\\",\\n      \\\"Expected Output\\\": \\\"False\\\"\\n    },\\n    {\\n      \\\"Test Title\\\": \\\"Large number\\\",\\n      \\\"Input Data\\\": \\\"parameter1=1024\\\",\\n      \\\"Expected Output\\\": \\\"True\\\"\\n    },\\n    {\\n      \\\"Test Title\\\": \\\"Edge case 0\\\",\\n      \\\"Input Data\\\": \\\"parameter1=0\\\",\\n      \\\"Expected Output\\\": \\\"False\\\"\\n    },\\n    {\\n      \\\"Test Title\\\": \\\"Edge case 1\\\",\\n      \\\"Input Data\\\": \\\"parameter1=1\\\",\\n      \\\"Expected Output\\\": \\\"False\\\"\\n    }\\n  ]\\n}\", \"Question\": \"Follow the Instruction. The Context section include the test cases.\"}",
    "Test Cases": "{\n  \"test_cases\": [\n    {\n      \"Test Title\": \"Positive number\",\n      \"Input Data\": \"parameter1=10\",\n      \"Expected Output\": \"True\"\n    },\n    {\n      \"Test Title\": \"Negative number\",\n      \"Input Data\": \"parameter1=-10\",\n      \"Expected Output\": \"False\"\n    },\n    {\n      \"Test Title\": \"Large number\",\n      \"Input Data\": \"parameter1=1024\",\n      \"Expected Output\": \"True\"\n    },\n    {\n      \"Test Title\": \"Edge case 0\",\n      \"Input Data\": \"parameter1=0\",\n      \"Expected Output\": \"False\"\n    },\n    {\n      \"Test Title\": \"Edge case 1\",\n      \"Input Data\": \"parameter1=1\",\n      \"Expected Output\": \"False\"\n    }\n  ]\n}",
    "Test Cases_prompt": "{\"Role\": \"You are a quality assurance engineer. Your duty is to revise the test cases based on the suggestions.\", \"Instruction\": \"1. Your colleague give you some suggestions(in the Context section) about the draft test cases, read these suggestions. 2. Revise your draft version test cases, but don't use long parameters. 3. Response in JSON format.\", \"Example\": \"{\\\"requirement analysis\\\":\\\"analysis\\\",\\\"test_cases\\\":[{\\\"Test Title\\\":\\\"title\\\", \\\"Input Data\\\":\\\"parameter1=[1,2,3],parameter2='123'\\\", \\\"Expected Output\\\":\\\"456\\\"},]}\", \"Context\": \"# Suggestions:\\n{\\n  \\\"Architect\\\": \\\"As an Architect, I would suggest revising the test cases to include boundary testing for the input data. This will help ensure that the application handles extreme input values correctly.\\\",\\n  \\\"Developer\\\": \\\"As a Developer, I would suggest revising the test cases to include additional negative testing, such as non-numeric input or invalid characters. This will help identify potential vulnerabilities and improve the overall quality of the code.\\\"\\n}\\n # Draft Test cases:\\n{\\n  \\\"test_cases\\\": [\\n    {\\n      \\\"Test Title\\\": \\\"Positive number\\\",\\n      \\\"Input Data\\\": \\\"parameter1=10\\\",\\n      \\\"Expected Output\\\": \\\"True\\\"\\n    },\\n    {\\n      \\\"Test Title\\\": \\\"Negative number\\\",\\n      \\\"Input Data\\\": \\\"parameter1=-10\\\",\\n      \\\"Expected Output\\\": \\\"False\\\"\\n    },\\n    {\\n      \\\"Test Title\\\": \\\"Large number\\\",\\n      \\\"Input Data\\\": \\\"parameter1=1024\\\",\\n      \\\"Expected Output\\\": \\\"True\\\"\\n    },\\n    {\\n      \\\"Test Title\\\": \\\"Edge case 0\\\",\\n      \\\"Input Data\\\": \\\"parameter1=0\\\",\\n      \\\"Expected Output\\\": \\\"False\\\"\\n    },\\n    {\\n      \\\"Test Title\\\": \\\"Edge case 1\\\",\\n      \\\"Input Data\\\": \\\"parameter1=1\\\",\\n      \\\"Expected Output\\\": \\\"False\\\"\\n    }\\n  ]\\n}\", \"Question\": \"Follow the Instruction. Please make sure your response length are less than 512. Your test cases is for the below question:\\ndef is_Sum_Of_Powers_Of_Two(n): \\n'''Write a python function to check whether the given number can be represented as sum of non-zero powers of 2 or not.\\nassert is_Sum_Of_Powers_Of_Two(10) == True'''\\n\"}",
    "Code0draft": "def is_Sum_Of_Powers_Of_Two(n):\n    if n <= 0:\n        return False\n    binary_rep = bin(n)[2:]\n    return binary_rep.count('1') == 1\n\nassert is_Sum_Of_Powers_Of_Two(10) == True",
    "Code0draft_prompt": "{\"Role\": \"You are a professional engineer. Your duty is to write code in Python that meets the requirements. Ensure that the code you write is efficient, readable, and follows best practices. Remember, do not need to explain the code you wrote.\", \"Instruction\": \"According to the Context section, write your code.\", \"Example\": \"\", \"Context\": \"# Test Cases:\\n{\\n  \\\"test_cases\\\": [\\n    {\\n      \\\"Test Title\\\": \\\"Positive number\\\",\\n      \\\"Input Data\\\": \\\"parameter1=10\\\",\\n      \\\"Expected Output\\\": \\\"True\\\"\\n    },\\n    {\\n      \\\"Test Title\\\": \\\"Negative number\\\",\\n      \\\"Input Data\\\": \\\"parameter1=-10\\\",\\n      \\\"Expected Output\\\": \\\"False\\\"\\n    },\\n    {\\n      \\\"Test Title\\\": \\\"Large number\\\",\\n      \\\"Input Data\\\": \\\"parameter1=1024\\\",\\n      \\\"Expected Output\\\": \\\"True\\\"\\n    },\\n    {\\n      \\\"Test Title\\\": \\\"Edge case 0\\\",\\n      \\\"Input Data\\\": \\\"parameter1=0\\\",\\n      \\\"Expected Output\\\": \\\"False\\\"\\n    },\\n    {\\n      \\\"Test Title\\\": \\\"Edge case 1\\\",\\n      \\\"Input Data\\\": \\\"parameter1=1\\\",\\n      \\\"Expected Output\\\": \\\"False\\\"\\n    }\\n  ]\\n}\", \"Question\": \"Follow the Instruction section. Complete the following code:\\ndef is_Sum_Of_Powers_Of_Two(n): \\n'''Write a python function to check whether the given number can be represented as sum of non-zero powers of 2 or not.\\nassert is_Sum_Of_Powers_Of_Two(10) == True'''\\n\"}",
    "Code Review Meetings": "{\n  \"Architect\": \"The code can be improved by adding comments to explain the purpose of each step and the logic behind the binary representation. Additionally, the function name and parameter should follow the standard naming conventions for better readability and understanding.\",\n  \"Tester\": \"The code should have test cases for both positive and negative scenarios. It should also include edge cases such as large values of n and 0 as input to ensure the function works as expected in all scenarios.\"\n}",
    "Code0": "def is_sum_of_powers_of_two(n):\n    '''\n    Write a python function to check whether the given number can be represented as sum of non-zero powers of 2 or not.\n    assert is_sum_of_powers_of_two(10) == True\n    '''\n    if n <= 0:\n        return False\n    binary_representation = bin(n)[2:]\n    return binary_representation.count('1') == 1",
    "Code0_prompt": "{\"Role\": \"You are a professional software engineer. Your duty is to write code in Python that meets the requirements. Ensure that the code you write is efficient, readable, and follows best practices. Remember, do not need to explain the code you wrote.\", \"Instruction\": \"1. Understand the suggestions(in the Context section) about the original code. 2. Rewrite your code.\", \"Example\": \"\", \"Context\": \"# Suggestions:\\n{\\n  \\\"Architect\\\": \\\"The code can be improved by adding comments to explain the purpose of each step and the logic behind the binary representation. Additionally, the function name and parameter should follow the standard naming conventions for better readability and understanding.\\\",\\n  \\\"Tester\\\": \\\"The code should have test cases for both positive and negative scenarios. It should also include edge cases such as large values of n and 0 as input to ensure the function works as expected in all scenarios.\\\"\\n}\\n# Original code:\\ndef is_Sum_Of_Powers_Of_Two(n):\\n    if n <= 0:\\n        return False\\n    binary_rep = bin(n)[2:]\\n    return binary_rep.count('1') == 1\\n\\nassert is_Sum_Of_Powers_Of_Two(10) == True\", \"Question\": \"Follow the Instruction section. Complete the following code:\\ndef is_Sum_Of_Powers_Of_Two(n): \\n'''Write a python function to check whether the given number can be represented as sum of non-zero powers of 2 or not.\\nassert is_Sum_Of_Powers_Of_Two(10) == True'''\\n\"}",
    "TestScriptOriginal": "import unittest\n\ndef is_Sum_Of_Powers_Of_Two(n):\n    if n <= 0:\n        return False\n    binary_representation = bin(n)[2:]\n    return '1' in binary_representation and binary_representation.count('1') == 1\n\nclass Test(unittest.TestCase):\n    def test(self):\n        self.assertEqual(is_Sum_Of_Powers_Of_Two(10), True)\n\nif __name__ == '__main__':\n    unittest.main()",
    "TestScriptOriginal_prompt": "{\"Role\": \"You are a quality assurance engineer. Your duty is to write a python test script in unittest framework.\", \"Instruction\": \"1. Write a python test script. 2. Use the input and output given by the question.\", \"Example\": \"import unittest\\n\\nclass Test(unittest.TestCase):\\n    def test(self):\\n        self.assertEqual(function_under_test('a'), 1)\\n\\nif __name__ == '__main__':\\n    unittest.main()\", \"Context\": \"\", \"Question\": \"def is_Sum_Of_Powers_Of_Two(n): \\n'''Write a python function to check whether the given number can be represented as sum of non-zero powers of 2 or not.\\nassert is_Sum_Of_Powers_Of_Two(10) == True'''\\n\"}",
    "TestScript": "import unittest\n\nclass Test(unittest.TestCase):\n    def test(self):\n        self.assertEqual(is_Sum_Of_Powers_Of_Two(10), True)\n\nif __name__ == '__main__':\n    unittest.main()",
    "TestScript_prompt": "{\"Role\": \"You are a quality assurance engineer. Your duty is to write a python test script in unittest framework.\", \"Instruction\": \"1. Write a python test script. 2. Use the input and output given by the question.\", \"Example\": \"import unittest\\n\\nclass Test(unittest.TestCase):\\n    def test(self):\\n        self.assertEqual(function_under_test('a'), 1)\\n\\nif __name__ == '__main__':\\n    unittest.main()\", \"Context\": \"\", \"Question\": \"def is_Sum_Of_Powers_Of_Two(n): \\n'''Write a python function to check whether the given number can be represented as sum of non-zero powers of 2 or not.\\nassert is_Sum_Of_Powers_Of_Two(10) == True'''\\n\"}",
    "ScriptResult0": "E\n======================================================================\nERROR: test (__main__.Test)\n----------------------------------------------------------------------\nTraceback (most recent call last):\n  File \"/Users/watch/PycharmProjects/XXXX-1-LLM/workspace/2024-03-10_21-59-29-971958/test_script.py\", line 14, in test\n    self.assertEqual(is_Sum_Of_Powers_Of_Two(10), True)\nNameError: name 'is_Sum_Of_Powers_Of_Two' is not defined\n\n----------------------------------------------------------------------\nRan 1 test in 0.000s\n\nFAILED (errors=1)\n",
    "TestReport0": "Test Report:\n\nTest Script Output:\nE\n======================================================================\nERROR: test (__main__.Test)\n----------------------------------------------------------------------\nTraceback (most recent call last):\n  File \"/Users/watch/PycharmProjects/XXXX-1-LLM/workspace/2024-03-10_21-59-29-971958/test_script.py\", line 14, in test\n    self.assertEqual(is_Sum_Of_Powers_Of_Two(10), True)\nNameError: name 'is_Sum_Of_Powers_Of_Two' is not defined\n\n----------------------------------------------------------------------\nRan 1 test in 0.000s\n\nFAILED (errors=1)\n\nTest Report:\nThe code has failed the test. The function 'is_Sum_Of_Powers_Of_Two' is not defined. \n\nInput example: is_Sum_Of_Powers_Of_Two(10)\nExpected output: True\n\nConclusion:\nCode Test Failed. \n\nNote: The function 'is_Sum_Of_Powers_Of_Two' needs to be defined in the code for the test to pass.\n\nSignature:\n[Your Name]\n[Date]",
    "RepairResponse1": "{\n  \"revised_code\": \"def is_Sum_Of_Powers_Of_Two(n):\\n    '''\\n    Write a python function to check whether the given number can be represented as sum of non-zero powers of 2 or not.\\n    assert is_Sum_Of_Powers_Of_Two(10) == True\\n    '''\\n    if n <= 0:\\n        return False\\n    binary_representation = bin(n)[2:]\\n    return binary_representation.count('1') == 1\"\n}",
    "RepairResponse1_prompt": "{\"Role\": \"You are a professional software engineer. Your duty is to write code in Python that meets the requirements. Ensure that the code you write is efficient, readable, and follows best practices. Remember, do not need to explain the code you wrote.\", \"Instruction\": \"1. Rewrite a bug fix version of the original code. 2. Response in JSON format.\", \"Example\": \"{\\\"revised_code\\\":\\\"...\\\"}\", \"Context\": \"# the original code:\\ndef is_sum_of_powers_of_two(n):\\n    '''\\n    Write a python function to check whether the given number can be represented as sum of non-zero powers of 2 or not.\\n    assert is_sum_of_powers_of_two(10) == True\\n    '''\\n    if n <= 0:\\n        return False\\n    binary_representation = bin(n)[2:]\\n    return binary_representation.count('1') == 1\\n# test report:\\nTest Report:\\n\\nTest Script Output:\\nE\\n======================================================================\\nERROR: test (__main__.Test)\\n----------------------------------------------------------------------\\nTraceback (most recent call last):\\n  File \\\"/Users/watch/PycharmProjects/XXXX-1-LLM/workspace/2024-03-10_21-59-29-971958/test_script.py\\\", line 14, in test\\n    self.assertEqual(is_Sum_Of_Powers_Of_Two(10), True)\\nNameError: name 'is_Sum_Of_Powers_Of_Two' is not defined\\n\\n----------------------------------------------------------------------\\nRan 1 test in 0.000s\\n\\nFAILED (errors=1)\\n\\nTest Report:\\nThe code has failed the test. The function 'is_Sum_Of_Powers_Of_Two' is not defined. \\n\\nInput example: is_Sum_Of_Powers_Of_Two(10)\\nExpected output: True\\n\\nConclusion:\\nCode Test Failed. \\n\\nNote: The function 'is_Sum_Of_Powers_Of_Two' needs to be defined in the code for the test to pass.\\n\\nSignature:\\n[Your Name]\\n[Date]\", \"Question\": \"The original code has some bugs, according to the test report and suggestions, rewrite the code. Complete the following code:\\ndef is_Sum_Of_Powers_Of_Two(n): \\n'''Write a python function to check whether the given number can be represented as sum of non-zero powers of 2 or not.\\nassert is_Sum_Of_Powers_Of_Two(10) == True'''\\n\"}",
    "Code1": "def is_Sum_Of_Powers_Of_Two(n):\n    '''\n    Write a python function to check whether the given number can be represented as sum of non-zero powers of 2 or not.\n    assert is_Sum_Of_Powers_Of_Two(10) == True\n    '''\n    if n <= 0:\n        return False\n    binary_representation = bin(n)[2:]\n    return binary_representation.count('1') == 1",
    "ScriptResult1": "F\n======================================================================\nFAIL: test (__main__.Test)\n----------------------------------------------------------------------\nTraceback (most recent call last):\n  File \"/Users/watch/PycharmProjects/XXXX-1-LLM/workspace/2024-03-10_21-59-29-971958/test_script.py\", line 14, in test\n    self.assertEqual(is_Sum_Of_Powers_Of_Two(10), True)\nAssertionError: False != True\n\n----------------------------------------------------------------------\nRan 1 test in 0.000s\n\nFAILED (failures=1)\n",
    "TestReport1": "Test Report:\n\nTest Script Output:\n======================================================================\nFAIL: test (__main__.Test)\n----------------------------------------------------------------------\nTraceback (most recent call last):\n  File \"/Users/watch/PycharmProjects/XXXX-1-LLM/workspace/2024-03-10_21-59-29-971958/test_script.py\", line 14, in test\n    self.assertEqual(is_Sum_Of_Powers_Of_Two(10), True)\nAssertionError: False != True\n\n----------------------------------------------------------------------\nRan 1 test in 0.000s\n\nFAILED (failures=1)\n\nConclusion:\nThe code has FAILED the test. The input example that caused the failure is is_Sum_Of_Powers_Of_Two(10), and the expected output was True, but the actual output was False. \n\nRecommendation:\nFurther investigation and debugging are required to address the failed test.\n\nCode Test Result: FAIL",
    "RepairResponse2": "{\n  \"revised_code\": \"def is_Sum_Of_Powers_Of_Two(n):\\n    '''\\n    Write a python function to check whether the given number can be represented as sum of non-zero powers of 2 or not.\\n    assert is_Sum_Of_Powers_Of_Two(10) == True\\n    '''\\n    if n <= 0:\\n        return False\\n    binary_representation = bin(n)[2:]\\n    return binary_representation.count('1') == 1\\n\"\n}",
    "RepairResponse2_prompt": "{\"Role\": \"You are a professional software engineer. Your duty is to write code in Python that meets the requirements. Ensure that the code you write is efficient, readable, and follows best practices. Remember, do not need to explain the code you wrote.\", \"Instruction\": \"1. Rewrite a bug fix version of the original code. 2. Response in JSON format.\", \"Example\": \"{\\\"revised_code\\\":\\\"...\\\"}\", \"Context\": \"# the original code:\\ndef is_Sum_Of_Powers_Of_Two(n):\\n    '''\\n    Write a python function to check whether the given number can be represented as sum of non-zero powers of 2 or not.\\n    assert is_Sum_Of_Powers_Of_Two(10) == True\\n    '''\\n    if n <= 0:\\n        return False\\n    binary_representation = bin(n)[2:]\\n    return binary_representation.count('1') == 1\\n# test report:\\nTest Report:\\n\\nTest Script Output:\\n======================================================================\\nFAIL: test (__main__.Test)\\n----------------------------------------------------------------------\\nTraceback (most recent call last):\\n  File \\\"/Users/watch/PycharmProjects/XXXX-1-LLM/workspace/2024-03-10_21-59-29-971958/test_script.py\\\", line 14, in test\\n    self.assertEqual(is_Sum_Of_Powers_Of_Two(10), True)\\nAssertionError: False != True\\n\\n----------------------------------------------------------------------\\nRan 1 test in 0.000s\\n\\nFAILED (failures=1)\\n\\nConclusion:\\nThe code has FAILED the test. The input example that caused the failure is is_Sum_Of_Powers_Of_Two(10), and the expected output was True, but the actual output was False. \\n\\nRecommendation:\\nFurther investigation and debugging are required to address the failed test.\\n\\nCode Test Result: FAIL\", \"Question\": \"The original code has some bugs, according to the test report and suggestions, rewrite the code. Complete the following code:\\ndef is_Sum_Of_Powers_Of_Two(n): \\n'''Write a python function to check whether the given number can be represented as sum of non-zero powers of 2 or not.\\nassert is_Sum_Of_Powers_Of_Two(10) == True'''\\n\"}",
    "Code2": "def is_Sum_Of_Powers_Of_Two(n):\n    '''\n    Write a python function to check whether the given number can be represented as sum of non-zero powers of 2 or not.\n    assert is_Sum_Of_Powers_Of_Two(10) == True\n    '''\n    if n <= 0:\n        return False\n    binary_representation = bin(n)[2:]\n    return binary_representation.count('1') == 1\n",
    "ScriptResult2": "F\n======================================================================\nFAIL: test (__main__.Test)\n----------------------------------------------------------------------\nTraceback (most recent call last):\n  File \"/Users/watch/PycharmProjects/XXXX-1-LLM/workspace/2024-03-10_21-59-29-971958/test_script.py\", line 15, in test\n    self.assertEqual(is_Sum_Of_Powers_Of_Two(10), True)\nAssertionError: False != True\n\n----------------------------------------------------------------------\nRan 1 test in 0.000s\n\nFAILED (failures=1)\n",
    "TestReport2": "Test Report\n\nTest Script Output:\n======================================================================\nFAIL: test (__main__.Test)\n----------------------------------------------------------------------\nTraceback (most recent call last):\n  File \"/Users/watch/PycharmProjects/XXXX-1-LLM/workspace/2024-03-10_21-59-29-971958/test_script.py\", line 15, in test\n    self.assertEqual(is_Sum_Of_Powers_Of_Two(10), True)\nAssertionError: False != True\n\n----------------------------------------------------------------------\nRan 1 test in 0.000s\n\nFAILED (failures=1)\n\nTest Report:\nThe test script has failed with the following output:\n- The test case for the function is_Sum_Of_Powers_Of_Two(10) has failed.\n- The expected output was True, but the actual output was False.\n\nConclusion: \nCode Test Failed\n\nNote: The input and expected output example should be provided in the report for further analysis and debugging.",
    "FinalCode": "def is_Sum_Of_Powers_Of_Two(n):\n    '''\n    Write a python function to check whether the given number can be represented as sum of non-zero powers of 2 or not.\n    assert is_Sum_Of_Powers_Of_Two(10) == True\n    '''\n    if n <= 0:\n        return False\n    binary_representation = bin(n)[2:]\n    return binary_representation.count('1') == 1\n"
}