{
    "start_time": "2024-03-11_18-45-37-086471",
    "task": "def text_match_one(text):\n'''Write a function that matches a string that has an a followed by one or more b's.\nassert text_match_one(\"ac\")==False'''\n",
    "datetime": {
        "task": "2024-03-11 18:45:37",
        "task-id": "2024-03-11 18:45:37",
        "workflow": "2024-03-11 18:45:37",
        "UserStoryDraft0": "2024-03-11 18:45:37",
        "AnalyzeMeetings": "2024-03-11 18:45:38",
        "UserStory0": "2024-03-11 18:45:40",
        "DesignDraft0": "2024-03-11 18:45:42",
        "DesignMeetings0": "2024-03-11 18:45:43",
        "Design0": "2024-03-11 18:45:46",
        "CodeDraft0": "2024-03-11 18:45:46",
        "CodeReviewMeetings0": "2024-03-11 18:45:47",
        "Code0CR": "2024-03-11 18:45:48",
        "FinalCode": "2024-03-11 18:46:13",
        "Test Cases Draft": "2024-03-11 18:45:50",
        "Test Cases Meetings": "2024-03-11 18:45:52",
        "Test Cases": "2024-03-11 18:45:55",
        "Code0": "2024-03-11 18:45:55",
        "TestScriptOriginal": "2024-03-11 18:45:56",
        "TestScript": "2024-03-11 18:45:56",
        "ScriptResult0": "2024-03-11 18:45:56",
        "TestReport0": "2024-03-11 18:45:59",
        "SprintReview0": "2024-03-11 18:46:02",
        "SprintReviewMeetings0": "2024-03-11 18:46:03",
        "RepairResponse0": "2024-03-11 18:46:04",
        "Code1": "2024-03-11 18:46:04",
        "ScriptResult1": "2024-03-11 18:46:04",
        "TestReport1": "2024-03-11 18:46:08",
        "SprintReview1": "2024-03-11 18:46:10",
        "SprintReviewMeetings1": "2024-03-11 18:46:11",
        "RepairResponse1": "2024-03-11 18:46:13",
        "Code2": "2024-03-11 18:46:13",
        "ScriptResult2": "2024-03-11 18:46:13",
        "TestReport2": "2024-03-11 18:46:13"
    },
    "task-id": 434,
    "workflow": "agile/agile_version_0.0.5_remove.json",
    "UserStoryDraft0": "{\n  \"UserStory\": \"As a product owner, I want a function that can match a string with an 'a' followed by one or more 'b's, so that we can validate the input string based on this criteria.\"\n}",
    "UserStoryDraft0_prompt": "{\"Role\": \"You need to act as a professional product owner. Your task is to write a UserStory\", \"Instruction\": \"According to the Context, please analyze the requirement and write your response. Response in JSON format. Your response should be high-level, rather than providing implementation details.\", \"Example\": \"\", \"Context\": [], \"Question\": \"Follow the Instruction. The requirement is as follows:\\ndef text_match_one(text):\\n'''Write a function that matches a string that has an a followed by one or more b's.\\nassert text_match_one(\\\"ac\\\")==False'''\\n\"}",
    "AnalyzeMeetings": "{\n  \"Architect\": \"As an architect, I suggest using regular expressions to match the input string with the pattern 'a' followed by one or more 'b's. This can be a more efficient and reliable way to validate the input string based on the specified criteria.\"\n}",
    "UserStory0": "{\n  \"RevisedDocument\": {\n    \"UserStory\": \"As a product owner, I want a function that can match a string with an 'a' followed by one or more 'b's, so that we can validate the input string based on this criteria.\",\n    \"Analysis\": \"The suggestion provided by the architect to use regular expressions to match the input string with the pattern 'a' followed by one or more 'b's is a valid approach to achieve the functionality described in the user story. It can provide a more efficient and reliable way to validate the input string based on the specified criteria.\"\n  }\n}",
    "UserStory0_prompt": {
        "Role": "You need to act as a professional product owner. Your duty is to revise the document based on the suggestions.",
        "Instruction": "1. Read the suggestions. 2. Revise your draft version document. 3. Response in JSON format. 4. REMEMBER: Your analysis should be high-level, rather than providing implementation details.",
        "Example": "",
        "Context": "# Suggestion:\n{\n  \"Architect\": \"As an architect, I suggest using regular expressions to match the input string with the pattern 'a' followed by one or more 'b's. This can be a more efficient and reliable way to validate the input string based on the specified criteria.\"\n}",
        "Question": "Follow the Instruction. Your colleague give you some suggestions(in the Context section) about this draft document:{\n  \"UserStory\": \"As a product owner, I want a function that can match a string with an 'a' followed by one or more 'b's, so that we can validate the input string based on this criteria.\"\n}"
    },
    "DesignDraft0": "Design:\n\nI recommend implementing a function called text_match_one(text) that takes a string as input and returns a boolean indicating whether the input string matches the pattern of having an 'a' followed by one or more 'b's.\n\nThe function should use regular expressions to match the input string with the specified pattern. This approach will provide a more efficient and reliable way to validate the input string based on the criteria mentioned in the user story.\n\nThe function should be designed to handle edge cases and invalid inputs gracefully, providing clear and informative error messages or handling them in a way that aligns with the overall system architecture.\n\nThe code should be well-documented with clear comments and should follow best practices for coding standards and style. It should also be thoroughly tested to ensure its reliability and functionality.\n\nOverall, the design should prioritize efficiency, reliability, and maintainability, while providing a clear and straightforward interface for developers to use when implementing the function.",
    "DesignMeetings0": "{\n  \"Developer\": \"I suggest using a more descriptive function name, such as 'hasPatternAOneOrMoreB' to clearly indicate its purpose. Additionally, we should consider using unit tests to validate the function's behavior and handling of edge cases.\",\n  \"Requirement Engineer\": \"I recommend specifying the exact error messages that should be returned for different invalid inputs, and also define the specific edge cases that the function should handle. It would be beneficial to include these details in the user story or requirements documentation.\"\n}",
    "Design0": "Based on the suggestions, I have written a new design for the function as follows:\n\nDesign:\nI propose implementing a function named 'hasPatternAOneOrMoreB' that takes a string as input and returns a boolean indicating whether the input string matches the pattern of having an 'a' followed by one or more 'b's.\n\nThe function will utilize regular expressions to match the input string with the specified pattern. This approach will provide a more efficient and reliable way to validate the input string based on the criteria mentioned in the user story.\n\nTo address the suggestions, the function will be designed to handle edge cases and invalid inputs gracefully. It will provide clear and informative error messages for different invalid inputs and will define the specific edge cases that the function should handle. These details will be included in the user story or requirements documentation.\n\nThe code will be well-documented with clear comments and will follow best practices for coding standards and style. Additionally, unit tests will be used to validate the function's behavior and handling of edge cases.\n\nOverall, the design will prioritize efficiency, reliability, and maintainability, while providing a clear and straightforward interface for developers to use when implementing the function.",
    "CodeDraft0": "def text_match_one(text):\n    import re\n    pattern = 'ab+'\n    if re.search(pattern, text):\n        return True\n    else:\n        return False",
    "CodeDraft0_prompt": {
        "Role": "You are a professional engineer. Your duty is to write code in Python that meets the requirements. Ensure that the code you write is efficient, readable, and follows best practices. Remember, do not need to explain the code you wrote.",
        "Instruction": "According to the Context section, write your code.",
        "Example": "",
        "Context": "# Tasks:\n[]\n# Design:\nBased on the suggestions, I have written a new design for the function as follows:\n\nDesign:\nI propose implementing a function named 'hasPatternAOneOrMoreB' that takes a string as input and returns a boolean indicating whether the input string matches the pattern of having an 'a' followed by one or more 'b's.\n\nThe function will utilize regular expressions to match the input string with the specified pattern. This approach will provide a more efficient and reliable way to validate the input string based on the criteria mentioned in the user story.\n\nTo address the suggestions, the function will be designed to handle edge cases and invalid inputs gracefully. It will provide clear and informative error messages for different invalid inputs and will define the specific edge cases that the function should handle. These details will be included in the user story or requirements documentation.\n\nThe code will be well-documented with clear comments and will follow best practices for coding standards and style. Additionally, unit tests will be used to validate the function's behavior and handling of edge cases.\n\nOverall, the design will prioritize efficiency, reliability, and maintainability, while providing a clear and straightforward interface for developers to use when implementing the function.",
        "Question": "Follow the Instruction section. Complete the following code:\ndef text_match_one(text):\n'''Write a function that matches a string that has an a followed by one or more b's.\nassert text_match_one(\"ac\")==False'''\n"
    },
    "CodeReviewMeetings0": "{\n  \"Architect\": \"Move the import statement for the re module outside of the function to improve performance. Also, consider using a more descriptive variable name instead of 'pattern'.\",\n  \"Tester\": \"Add some test cases to cover different scenarios, such as a case where the pattern is not found in the text.\"\n}",
    "Code0CR": "def hasPatternAOneOrMoreB(input_string):\n    '''Function to match a string that has an 'a' followed by one or more 'b's.'''\n    import re\n    pattern = r'a+b+'\n    if re.match(pattern, input_string):\n        return True\n    else:\n        return False",
    "Code0CR_prompt": "{\"Role\": \"You are a professional software engineer. Your duty is to write code in Python that meets the requirements. Ensure that the code you write is efficient, readable, and follows best practices. Remember, do not need to explain the code you wrote.\", \"Instruction\": \"1. Understand the suggestions(in the Context section) about the original code. 2. Rewrite your code.\", \"Example\": \"\", \"Context\": \"# Tasks:\\n[]\\n# Design:\\nBased on the suggestions, I have written a new design for the function as follows:\\n\\nDesign:\\nI propose implementing a function named 'hasPatternAOneOrMoreB' that takes a string as input and returns a boolean indicating whether the input string matches the pattern of having an 'a' followed by one or more 'b's.\\n\\nThe function will utilize regular expressions to match the input string with the specified pattern. This approach will provide a more efficient and reliable way to validate the input string based on the criteria mentioned in the user story.\\n\\nTo address the suggestions, the function will be designed to handle edge cases and invalid inputs gracefully. It will provide clear and informative error messages for different invalid inputs and will define the specific edge cases that the function should handle. These details will be included in the user story or requirements documentation.\\n\\nThe code will be well-documented with clear comments and will follow best practices for coding standards and style. Additionally, unit tests will be used to validate the function's behavior and handling of edge cases.\\n\\nOverall, the design will prioritize efficiency, reliability, and maintainability, while providing a clear and straightforward interface for developers to use when implementing the function.# Suggestions:\\n{\\n  \\\"Architect\\\": \\\"Move the import statement for the re module outside of the function to improve performance. Also, consider using a more descriptive variable name instead of 'pattern'.\\\",\\n  \\\"Tester\\\": \\\"Add some test cases to cover different scenarios, such as a case where the pattern is not found in the text.\\\"\\n}\", \"Question\": \"Follow the Instruction section. Complete the following code:\\ndef text_match_one(text):\\n'''Write a function that matches a string that has an a followed by one or more b's.\\nassert text_match_one(\\\"ac\\\")==False'''\\n\"}",
    "FinalCode": "import re\nimport unittest\n\ndef text_match_one(text):\n    pattern = 'ab+'\n    if re.search(pattern, text):\n        return True\n    else:\n        return False\n\nclass Test(unittest.TestCase):\n    def test_text_match_one(self):\n        self.assertFalse(text_match_one(\"ac\"))\n\nif __name__ == '__main__':\n    unittest.main()",
    "Test Cases Draft": "{\n  \"requirement analysis\": \"function should match a string with an 'a' followed by one or more 'b's\",\n  \"test_cases\": [\n    {\n      \"Test Title\": \"Match 'a' followed by one or more 'b's\",\n      \"Input Data\": \"parameter1='abb', parameter2=''\",\n      \"Expected Output\": \"True\"\n    },\n    {\n      \"Test Title\": \"No match for 'a' followed by one or more 'b's\",\n      \"Input Data\": \"parameter1='ac', parameter2=''\",\n      \"Expected Output\": \"False\"\n    }\n  ]\n}",
    "Test Cases Draft_prompt": "{\"Role\": \"You are a quality assurance engineer. Your duty is to design test cases for the developers.\", \"Instruction\": \"According to the Context section, write test cases. Don't write long strings in your test cases. Response in JSON format.\", \"Example\": \"{\\\"requirement analysis\\\":\\\"analysis\\\",\\\"test_cases\\\":[{\\\"Test Title\\\":\\\"title\\\", \\\"Input Data\\\":\\\"parameter1=[1,2,3],parameter2='123'\\\", \\\"Expected Output\\\":\\\"456\\\"},]}\", \"Context\": \"# UsrtStory:\\n{\\n  \\\"RevisedDocument\\\": {\\n    \\\"UserStory\\\": \\\"As a product owner, I want a function that can match a string with an 'a' followed by one or more 'b's, so that we can validate the input string based on this criteria.\\\",\\n    \\\"Analysis\\\": \\\"The suggestion provided by the architect to use regular expressions to match the input string with the pattern 'a' followed by one or more 'b's is a valid approach to achieve the functionality described in the user story. It can provide a more efficient and reliable way to validate the input string based on the specified criteria.\\\"\\n  }\\n}\\n# Tasks:\\n[]\\n# Design:\\nBased on the suggestions, I have written a new design for the function as follows:\\n\\nDesign:\\nI propose implementing a function named 'hasPatternAOneOrMoreB' that takes a string as input and returns a boolean indicating whether the input string matches the pattern of having an 'a' followed by one or more 'b's.\\n\\nThe function will utilize regular expressions to match the input string with the specified pattern. This approach will provide a more efficient and reliable way to validate the input string based on the criteria mentioned in the user story.\\n\\nTo address the suggestions, the function will be designed to handle edge cases and invalid inputs gracefully. It will provide clear and informative error messages for different invalid inputs and will define the specific edge cases that the function should handle. These details will be included in the user story or requirements documentation.\\n\\nThe code will be well-documented with clear comments and will follow best practices for coding standards and style. Additionally, unit tests will be used to validate the function's behavior and handling of edge cases.\\n\\nOverall, the design will prioritize efficiency, reliability, and maintainability, while providing a clear and straightforward interface for developers to use when implementing the function.\", \"Question\": \"def text_match_one(text):\\n'''Write a function that matches a string that has an a followed by one or more b's.\\nassert text_match_one(\\\"ac\\\")==False'''\\n\"}",
    "Test Cases Meetings": "{\n  \"Developer\": \"The test cases provided are sufficient to cover the requirement of matching a string with an 'a' followed by one or more 'b's. However, it would be helpful to include additional test cases to cover edge cases, such as an empty input or a string with only 'a' and no 'b's. Also, it would be beneficial to include test cases with special characters or numbers in the input data to ensure the function handles them correctly.\"\n}",
    "Test Cases": "{\n  \"test_cases\": [\n    {\n      \"Test Title\": \"Match 'a' followed by one or more 'b's\",\n      \"Input Data\": \"parameter1='abb', parameter2=''\",\n      \"Expected Output\": \"True\"\n    },\n    {\n      \"Test Title\": \"No match for 'a' followed by one or more 'b's\",\n      \"Input Data\": \"parameter1='', parameter2=''\",\n      \"Expected Output\": \"False\"\n    },\n    {\n      \"Test Title\": \"Match 'a' followed by one or more 'b's with special characters\",\n      \"Input Data\": \"parameter1='a@#bbbb', parameter2=''\",\n      \"Expected Output\": \"True\"\n    },\n    {\n      \"Test Title\": \"Match 'a' followed by one or more 'b's with numbers\",\n      \"Input Data\": \"parameter1='a1234bb', parameter2=''\",\n      \"Expected Output\": \"True\"\n    }\n  ]\n}",
    "Test Cases_prompt": "{\"Role\": \"You are a quality assurance engineer. Your duty is to revise the test cases based on the suggestions.\", \"Instruction\": \"1. Your colleague give you some suggestions(in the Context section) about the draft test cases, read these suggestions. 2. Revise your draft version test cases, but don't use long parameters. 3. Response in JSON format.\", \"Example\": \"{\\\"requirement analysis\\\":\\\"analysis\\\",\\\"test_cases\\\":[{\\\"Test Title\\\":\\\"title\\\", \\\"Input Data\\\":\\\"parameter1=[1,2,3],parameter2='123'\\\", \\\"Expected Output\\\":\\\"456\\\"},]}\", \"Context\": \"# Suggestions:\\n{\\n  \\\"Developer\\\": \\\"The test cases provided are sufficient to cover the requirement of matching a string with an 'a' followed by one or more 'b's. However, it would be helpful to include additional test cases to cover edge cases, such as an empty input or a string with only 'a' and no 'b's. Also, it would be beneficial to include test cases with special characters or numbers in the input data to ensure the function handles them correctly.\\\"\\n}\\n # Draft Test cases:\\n{\\n  \\\"requirement analysis\\\": \\\"function should match a string with an 'a' followed by one or more 'b's\\\",\\n  \\\"test_cases\\\": [\\n    {\\n      \\\"Test Title\\\": \\\"Match 'a' followed by one or more 'b's\\\",\\n      \\\"Input Data\\\": \\\"parameter1='abb', parameter2=''\\\",\\n      \\\"Expected Output\\\": \\\"True\\\"\\n    },\\n    {\\n      \\\"Test Title\\\": \\\"No match for 'a' followed by one or more 'b's\\\",\\n      \\\"Input Data\\\": \\\"parameter1='ac', parameter2=''\\\",\\n      \\\"Expected Output\\\": \\\"False\\\"\\n    }\\n  ]\\n}\", \"Question\": \"Follow the Instruction. Please make sure your response length are less than 512. Your test cases is for the below question:\\ndef text_match_one(text):\\n'''Write a function that matches a string that has an a followed by one or more b's.\\nassert text_match_one(\\\"ac\\\")==False'''\\n\"}",
    "Code0": "def hasPatternAOneOrMoreB(input_string):\n    import re\n    pattern = r'a+b+'\n    if re.match(pattern, input_string):\n        return True\n    else:\n        return False",
    "Code0_prompt": {
        "Role": "You are a professional software engineer. Your duty is to write code in Python that meets the requirements. Ensure that the code you write is efficient, readable, and follows best practices. Remember, do not need to explain the code you wrote.",
        "Instruction": "1. Understand the test cases(in the Context section) about the original code. 2. Rewrite your code, make sure your code pass all test cases.",
        "Example": "",
        "Context": "# Original Code:\ndef hasPatternAOneOrMoreB(input_string):\n    '''Function to match a string that has an 'a' followed by one or more 'b's.'''\n    import re\n    pattern = r'a+b+'\n    if re.match(pattern, input_string):\n        return True\n    else:\n        return False\n# Test Cases:\n{\n  \"test_cases\": [\n    {\n      \"Test Title\": \"Match 'a' followed by one or more 'b's\",\n      \"Input Data\": \"parameter1='abb', parameter2=''\",\n      \"Expected Output\": \"True\"\n    },\n    {\n      \"Test Title\": \"No match for 'a' followed by one or more 'b's\",\n      \"Input Data\": \"parameter1='', parameter2=''\",\n      \"Expected Output\": \"False\"\n    },\n    {\n      \"Test Title\": \"Match 'a' followed by one or more 'b's with special characters\",\n      \"Input Data\": \"parameter1='a@#bbbb', parameter2=''\",\n      \"Expected Output\": \"True\"\n    },\n    {\n      \"Test Title\": \"Match 'a' followed by one or more 'b's with numbers\",\n      \"Input Data\": \"parameter1='a1234bb', parameter2=''\",\n      \"Expected Output\": \"True\"\n    }\n  ]\n}",
        "Question": "def text_match_one(text):\n'''Write a function that matches a string that has an a followed by one or more b's.\nassert text_match_one(\"ac\")==False'''\n"
    },
    "TestScriptOriginal": "import re\n\ndef text_match_one(text):\n    pattern = 'ab+'\n    if re.search(pattern, text):\n        return True\n    else:\n        return False\n\nimport unittest\n\nclass Test(unittest.TestCase):\n    def test(self):\n        self.assertEqual(text_match_one('ac'), False)\n\nif __name__ == '__main__':\n    unittest.main()",
    "TestScriptOriginal_prompt": "{\"Role\": \"You are a quality assurance engineer. Your duty is to write a python test script in unittest framework.\", \"Instruction\": \"1. Write a python test script. 2. Use the input and output given by the question.\", \"Example\": \"import unittest\\n\\nclass Test(unittest.TestCase):\\n    def test(self):\\n        self.assertEqual(function_under_test('a'), 1)\\n\\nif __name__ == '__main__':\\n    unittest.main()\", \"Context\": \"\", \"Question\": \"def text_match_one(text):\\n'''Write a function that matches a string that has an a followed by one or more b's.\\nassert text_match_one(\\\"ac\\\")==False'''\\n\"}",
    "TestScript": "import re\n\nclass Test(unittest.TestCase):\n    def test(self):\n        self.assertEqual(text_match_one('ac'), False)\n\nif __name__ == '__main__':\n    unittest.main()",
    "ScriptResult0": "Traceback (most recent call last):\n  File \"/Users/watch/PycharmProjects/XXXX-1-LLM/workspace/2024-03-11_18-45-37-086471/test_script.py\", line 10, in <module>\n    class Test(unittest.TestCase):\nNameError: name 'unittest' is not defined\n",
    "TestReport0": "Test Report\n\nTest Script Output:\nTraceback (most recent call last):\n  File \"/Users/watch/PycharmProjects/XXXX-1-LLM/workspace/2024-03-11_18-45-37-086471/test_script.py\", line 10, in <module>\n    class Test(unittest.TestCase):\nNameError: name 'unittest' is not defined\n\nAnalysis:\nThe test script output shows a NameError indicating that the 'unittest' module is not defined. This error prevents the test_script from running successfully.\n\nConclusion:\nCode Test Failed\n\nInput and Expected Output Example:\nInput: \"ab\"\nExpected Output: True\n\nRecommendation:\nThe 'unittest' module needs to be imported properly in the test_script in order to run the tests successfully.\n\nSignature:\n[Your Name]\nQuality Assurance Engineer",
    "SprintReview0": "[ScrumMaster]says: Here is our test Report: Test Report\n\nTest Script Output:\nTraceback (most recent call last):\n  File \"/Users/watch/PycharmProjects/XXXX-1-LLM/workspace/2024-03-11_18-45-37-086471/test_script.py\", line 10, in <module>\n    class Test(unittest.TestCase):\nNameError: name 'unittest' is not defined\n\nAnalysis:\nThe test script output shows a NameError indicating that the 'unittest' module is not defined. This error prevents the test_script from running successfully.\n\nConclusion:\nCode Test Failed\n\nInput and Expected Output Example:\nInput: \"ab\"\nExpected Output: True\n\nRecommendation:\nThe 'unittest' module needs to be imported properly in the test_script in order to run the tests successfully.\n\nSignature:\n[Your Name]\nQuality Assurance Engineer, do you have any ideas?\n-----\n\n[Tester]says: As a Tester, I recommend importing the 'unittest' module properly in the test_script to run the tests successfully.\n-----\n\n[ProductOwner]says: As a Product Owner, I believe we need to prioritize fixing the 'unittest' module issue in order to ensure the successful running of tests for our product.\n-----\n\n[Architect]says: As an Architect, I suggest that we review the code and ensure that the 'unittest' module is imported properly in the test_script to resolve the NameError issue.\n-----\n\n[Developer]says: As a Developer, I believe we need to ensure that the 'unittest' module is properly imported in the test_script to resolve the NameError issue.\n-----\n\n[Tester]says: As a Tester, I recommend importing the 'unittest' module properly in the test_script to run the tests successfully.\n-----\n\n[ProductOwner]says: As a Product Owner, I think it is important to prioritize fixing the 'unittest' module issue to ensure the successful running of tests for our product.\n-----\n\n[Architect]says: As an Architect, I suggest that we review the code and ensure that the 'unittest' module is imported properly in the test_script to resolve the NameError issue.\n-----\n\n[Developer]says: As a Developer, I think we should review the code and ensure that the 'unittest' module is properly imported in the test_script to resolve the NameError issue.\n-----\n",
    "SprintReviewMeetings0": "{\n  \"product-owner\": [\"I believe we need to prioritize fixing the 'unittest' module issue in order to ensure the successful running of tests for our product.\"],\n  \"architect\": [\"I suggest that we review the code and ensure that the 'unittest' module is imported properly in the test_script to resolve the NameError issue.\"],\n  \"developer\": [\"We need to ensure that the 'unittest' module is properly imported in the test_script to resolve the NameError issue.\"],\n  \"tester\": [\"I recommend importing the 'unittest' module properly in the test_script to run the tests successfully.\"]\n}",
    "SprintReviewMeetings0_prompt": "{\"Role\": \"You are a professional scrum master. Your goal is to summary the Discussion History into a suggestions list for the scrum team.\", \"Instruction\": \"1. Read and Understand the Discussion History. 2. Summary the suggestions from four roles: product-owner/architect/developer/tester. 3. Response in JSON format.\", \"Example\": \"{\\\"product-owner\\\":[\\\"suggestion1\\\",\\\"suggestion2\\\"],\\\"architect\\\":[\\\"suggestion1\\\",\\\"suggestion2\\\"], \\\"developer\\\":[\\\"suggestion1\\\",\\\"suggestion2\\\"], \\\"tester\\\":[\\\"suggestion1\\\",\\\"suggestion2\\\"]}\", \"Context\": \"[ScrumMaster]says: Here is our test Report: Test Report\\n\\nTest Script Output:\\nTraceback (most recent call last):\\n  File \\\"/Users/watch/PycharmProjects/XXXX-1-LLM/workspace/2024-03-11_18-45-37-086471/test_script.py\\\", line 10, in <module>\\n    class Test(unittest.TestCase):\\nNameError: name 'unittest' is not defined\\n\\nAnalysis:\\nThe test script output shows a NameError indicating that the 'unittest' module is not defined. This error prevents the test_script from running successfully.\\n\\nConclusion:\\nCode Test Failed\\n\\nInput and Expected Output Example:\\nInput: \\\"ab\\\"\\nExpected Output: True\\n\\nRecommendation:\\nThe 'unittest' module needs to be imported properly in the test_script in order to run the tests successfully.\\n\\nSignature:\\n[Your Name]\\nQuality Assurance Engineer, do you have any ideas?\\n-----\\n\\n[Tester]says: As a Tester, I recommend importing the 'unittest' module properly in the test_script to run the tests successfully.\\n-----\\n\\n[ProductOwner]says: As a Product Owner, I believe we need to prioritize fixing the 'unittest' module issue in order to ensure the successful running of tests for our product.\\n-----\\n\\n[Architect]says: As an Architect, I suggest that we review the code and ensure that the 'unittest' module is imported properly in the test_script to resolve the NameError issue.\\n-----\\n\\n[Developer]says: As a Developer, I believe we need to ensure that the 'unittest' module is properly imported in the test_script to resolve the NameError issue.\\n-----\\n\\n[Tester]says: As a Tester, I recommend importing the 'unittest' module properly in the test_script to run the tests successfully.\\n-----\\n\\n[ProductOwner]says: As a Product Owner, I think it is important to prioritize fixing the 'unittest' module issue to ensure the successful running of tests for our product.\\n-----\\n\\n[Architect]says: As an Architect, I suggest that we review the code and ensure that the 'unittest' module is imported properly in the test_script to resolve the NameError issue.\\n-----\\n\\n[Developer]says: As a Developer, I think we should review the code and ensure that the 'unittest' module is properly imported in the test_script to resolve the NameError issue.\\n-----\\n\", \"Question\": \"Follow the Instruction section. The Discussion History is in the Context section. You only need to return a list as the Example section.\"}",
    "RepairResponse0": "{\n  \"revised_code\": \"import re\\n\\ndef text_match_one(text):\\n    pattern = 'ab+'\\n    if re.search(pattern, text):\\n        return True\\n    else:\\n        return False\\n\"\n}",
    "RepairResponse0_prompt": {
        "Role": "You are a professional software engineer. Your duty is to write code in Python that meets the requirements. Ensure that the code you write is efficient, readable, and follows best practices. Remember, do not need to explain the code you wrote.",
        "Instruction": "1. Rewrite a bug fix version of the original code. 2. Response in JSON format.",
        "Example": "{\"revised_code\":\"...\"}",
        "Context": "# Test Report:\nTest Report\n\nTest Script Output:\nTraceback (most recent call last):\n  File \"/Users/watch/PycharmProjects/XXXX-1-LLM/workspace/2024-03-11_18-45-37-086471/test_script.py\", line 10, in <module>\n    class Test(unittest.TestCase):\nNameError: name 'unittest' is not defined\n\nAnalysis:\nThe test script output shows a NameError indicating that the 'unittest' module is not defined. This error prevents the test_script from running successfully.\n\nConclusion:\nCode Test Failed\n\nInput and Expected Output Example:\nInput: \"ab\"\nExpected Output: True\n\nRecommendation:\nThe 'unittest' module needs to be imported properly in the test_script in order to run the tests successfully.\n\nSignature:\n[Your Name]\nQuality Assurance Engineer# suggestions:\n{\"product-owner\": [\"I believe we need to prioritize fixing the 'unittest' module issue in order to ensure the successful running of tests for our product.\"], \"architect\": [\"I suggest that we review the code and ensure that the 'unittest' module is imported properly in the test_script to resolve the NameError issue.\"], \"developer\": [\"We need to ensure that the 'unittest' module is properly imported in the test_script to resolve the NameError issue.\"], \"tester\": [\"I recommend importing the 'unittest' module properly in the test_script to run the tests successfully.\"]}",
        "Question": "The original code has some bugs, according to the test report and suggestions, rewrite the code. Complete the following code:\ndef text_match_one(text):\n'''Write a function that matches a string that has an a followed by one or more b's.\nassert text_match_one(\"ac\")==False'''\n"
    },
    "Code1": "import re\n\ndef text_match_one(text):\n    pattern = 'ab+'\n    if re.search(pattern, text):\n        return True\n    else:\n        return False\n",
    "ScriptResult1": "Traceback (most recent call last):\n  File \"/Users/watch/PycharmProjects/XXXX-1-LLM/workspace/2024-03-11_18-45-37-086471/test_script.py\", line 12, in <module>\n    class Test(unittest.TestCase):\nNameError: name 'unittest' is not defined\n",
    "TestReport1": "Test Report\n\nTest Script Output:\nTraceback (most recent call last):\n  File \"/Users/watch/PycharmProjects/XXXX-1-LLM/workspace/2024-03-11_18-45-37-086471/test_script.py\", line 12, in <module>\n    class Test(unittest.TestCase):\nNameError: name 'unittest' is not defined\n\nAnalysis:\nThe test script output indicates a NameError due to 'unittest' not being defined. This error suggests that the code has failed to import the 'unittest' module, which is necessary for running the test cases.\n\nConclusion:\nCode Test Failed\n\nInput and Expected Output Example:\nimport re\n\ndef text_match_one(text):\n    pattern = 'ab+'\n    if re.search(pattern, text):\n        return True\n    else:\n        return False\n\nBased on the given test script output and the provided code, it is clear that the code has failed to import the 'unittest' module, resulting in a NameError. Additional debugging and fixing of the import statement for 'unittest' is required to resolve this issue.",
    "SprintReview1": "[ScrumMaster]says: Here is our test Report: Test Report\n\nTest Script Output:\nTraceback (most recent call last):\n  File \"/Users/watch/PycharmProjects/XXXX-1-LLM/workspace/2024-03-11_18-45-37-086471/test_script.py\", line 12, in <module>\n    class Test(unittest.TestCase):\nNameError: name 'unittest' is not defined\n\nAnalysis:\nThe test script output indicates a NameError due to 'unittest' not being defined. This error suggests that the code has failed to import the 'unittest' module, which is necessary for running the test cases.\n\nConclusion:\nCode Test Failed\n\nInput and Expected Output Example:\nimport re\n\ndef text_match_one(text):\n    pattern = 'ab+'\n    if re.search(pattern, text):\n        return True\n    else:\n        return False\n\nBased on the given test script output and the provided code, it is clear that the code has failed to import the 'unittest' module, resulting in a NameError. Additional debugging and fixing of the import statement for 'unittest' is required to resolve this issue., do you have any ideas?\n-----\n\n[Tester]says: As a Tester, I suggest checking the import statement for 'unittest' and debugging the code to resolve the NameError issue.\n-----\n\n[Developer]says: As a developer, I will look into the code and check the import statement for 'unittest' to resolve the NameError issue.\n-----\n\n[ProductOwner]says: As a Product Owner, I think we should prioritize fixing the import statement for 'unittest' to resolve the test script failure.\n-----\n\n[Architect]says: As an architect, I believe we need to review the code and ensure that the 'unittest' module is properly imported in order to resolve the issue.\n-----\n\n[Tester]says: As a Tester, I suggest checking the import statement for 'unittest' and debugging the code to resolve the NameError issue.\n-----\n\n[Developer]says: As a Developer, I will review the code and fix the import statement for 'unittest' to resolve the NameError issue.\n-----\n\n[ProductOwner]says: As a Product Owner, I think we should prioritize fixing the import statement for 'unittest' to resolve the test script failure.\n-----\n\n[Architect]says: As an architect, I will review the code and ensure that the 'unittest' module is properly imported in order to resolve the issue.\n-----\n",
    "SprintReviewMeetings1": "{\n  \"product-owner\":[\"Prioritize fixing the import statement for 'unittest' to resolve the test script failure.\"],\n  \"architect\":[\"Review the code and ensure that the 'unittest' module is properly imported in order to resolve the issue.\"],\n  \"developer\":[\"Review the code and fix the import statement for 'unittest' to resolve the NameError issue.\"],\n  \"tester\":[\"Checking the import statement for 'unittest' and debugging the code to resolve the NameError issue.\"]\n}",
    "SprintReviewMeetings1_prompt": "{\"Role\": \"You are a professional scrum master. Your goal is to summary the Discussion History into a suggestions list for the scrum team.\", \"Instruction\": \"1. Read and Understand the Discussion History. 2. Summary the suggestions from four roles: product-owner/architect/developer/tester. 3. Response in JSON format.\", \"Example\": \"{\\\"product-owner\\\":[\\\"suggestion1\\\",\\\"suggestion2\\\"],\\\"architect\\\":[\\\"suggestion1\\\",\\\"suggestion2\\\"], \\\"developer\\\":[\\\"suggestion1\\\",\\\"suggestion2\\\"], \\\"tester\\\":[\\\"suggestion1\\\",\\\"suggestion2\\\"]}\", \"Context\": \"[ScrumMaster]says: Here is our test Report: Test Report\\n\\nTest Script Output:\\nTraceback (most recent call last):\\n  File \\\"/Users/watch/PycharmProjects/XXXX-1-LLM/workspace/2024-03-11_18-45-37-086471/test_script.py\\\", line 12, in <module>\\n    class Test(unittest.TestCase):\\nNameError: name 'unittest' is not defined\\n\\nAnalysis:\\nThe test script output indicates a NameError due to 'unittest' not being defined. This error suggests that the code has failed to import the 'unittest' module, which is necessary for running the test cases.\\n\\nConclusion:\\nCode Test Failed\\n\\nInput and Expected Output Example:\\nimport re\\n\\ndef text_match_one(text):\\n    pattern = 'ab+'\\n    if re.search(pattern, text):\\n        return True\\n    else:\\n        return False\\n\\nBased on the given test script output and the provided code, it is clear that the code has failed to import the 'unittest' module, resulting in a NameError. Additional debugging and fixing of the import statement for 'unittest' is required to resolve this issue., do you have any ideas?\\n-----\\n\\n[Tester]says: As a Tester, I suggest checking the import statement for 'unittest' and debugging the code to resolve the NameError issue.\\n-----\\n\\n[Developer]says: As a developer, I will look into the code and check the import statement for 'unittest' to resolve the NameError issue.\\n-----\\n\\n[ProductOwner]says: As a Product Owner, I think we should prioritize fixing the import statement for 'unittest' to resolve the test script failure.\\n-----\\n\\n[Architect]says: As an architect, I believe we need to review the code and ensure that the 'unittest' module is properly imported in order to resolve the issue.\\n-----\\n\\n[Tester]says: As a Tester, I suggest checking the import statement for 'unittest' and debugging the code to resolve the NameError issue.\\n-----\\n\\n[Developer]says: As a Developer, I will review the code and fix the import statement for 'unittest' to resolve the NameError issue.\\n-----\\n\\n[ProductOwner]says: As a Product Owner, I think we should prioritize fixing the import statement for 'unittest' to resolve the test script failure.\\n-----\\n\\n[Architect]says: As an architect, I will review the code and ensure that the 'unittest' module is properly imported in order to resolve the issue.\\n-----\\n\", \"Question\": \"Follow the Instruction section. The Discussion History is in the Context section. You only need to return a list as the Example section.\"}",
    "RepairResponse1": "{\n  \"revised_code\": \"import re\\nimport unittest\\n\\ndef text_match_one(text):\\n    pattern = 'ab+'\\n    if re.search(pattern, text):\\n        return True\\n    else:\\n        return False\\n\\nclass Test(unittest.TestCase):\\n    def test_text_match_one(self):\\n        self.assertFalse(text_match_one(\\\"ac\\\"))\\n\\nif __name__ == '__main__':\\n    unittest.main()\"\n}",
    "RepairResponse1_prompt": {
        "Role": "You are a professional software engineer. Your duty is to write code in Python that meets the requirements. Ensure that the code you write is efficient, readable, and follows best practices. Remember, do not need to explain the code you wrote.",
        "Instruction": "1. Rewrite a bug fix version of the original code. 2. Response in JSON format.",
        "Example": "{\"revised_code\":\"...\"}",
        "Context": "# Test Report:\nTest Report\n\nTest Script Output:\nTraceback (most recent call last):\n  File \"/Users/watch/PycharmProjects/XXXX-1-LLM/workspace/2024-03-11_18-45-37-086471/test_script.py\", line 12, in <module>\n    class Test(unittest.TestCase):\nNameError: name 'unittest' is not defined\n\nAnalysis:\nThe test script output indicates a NameError due to 'unittest' not being defined. This error suggests that the code has failed to import the 'unittest' module, which is necessary for running the test cases.\n\nConclusion:\nCode Test Failed\n\nInput and Expected Output Example:\nimport re\n\ndef text_match_one(text):\n    pattern = 'ab+'\n    if re.search(pattern, text):\n        return True\n    else:\n        return False\n\nBased on the given test script output and the provided code, it is clear that the code has failed to import the 'unittest' module, resulting in a NameError. Additional debugging and fixing of the import statement for 'unittest' is required to resolve this issue.# suggestions:\n{\"product-owner\": [\"Prioritize fixing the import statement for 'unittest' to resolve the test script failure.\"], \"architect\": [\"Review the code and ensure that the 'unittest' module is properly imported in order to resolve the issue.\"], \"developer\": [\"Review the code and fix the import statement for 'unittest' to resolve the NameError issue.\"], \"tester\": [\"Checking the import statement for 'unittest' and debugging the code to resolve the NameError issue.\"]}",
        "Question": "The original code has some bugs, according to the test report and suggestions, rewrite the code. Complete the following code:\ndef text_match_one(text):\n'''Write a function that matches a string that has an a followed by one or more b's.\nassert text_match_one(\"ac\")==False'''\n"
    },
    "Code2": "import re\nimport unittest\n\ndef text_match_one(text):\n    pattern = 'ab+'\n    if re.search(pattern, text):\n        return True\n    else:\n        return False\n\nclass Test(unittest.TestCase):\n    def test_text_match_one(self):\n        self.assertFalse(text_match_one(\"ac\"))\n\nif __name__ == '__main__':\n    unittest.main()",
    "ScriptResult2": ".\n----------------------------------------------------------------------\nRan 1 test in 0.000s\n\nOK\n",
    "TestReport2": "Test Report:\n\nTest script's output:\n.\n----------------------------------------------------------------------\nRan 1 test in 0.000s\n\nOK\n\nConclusion: Code Test Passed."
}