{
    "start_time": "2024-03-11_09-17-56-384661",
    "task": "def min_Swaps(str1,str2) : \n'''Write a python function to count minimum number of swaps required to convert one binary number represented as a string to another.\nassert min_Swaps(\"1101\",\"1110\") == 1'''\n",
    "datetime": {
        "task": "2024-03-11 09:17:56",
        "task-id": "2024-03-11 09:17:56",
        "workflow": "2024-03-11 09:17:56",
        "Discussion": "2024-03-11 09:17:57",
        "DisorderedSprintMeetings": "2024-03-11 09:17:59",
        "DesignDraft0": "2024-03-11 09:18:00",
        "DesignMeetings0": "2024-03-11 09:18:02",
        "Design0": "2024-03-11 09:18:05",
        "CodeDraft0": "2024-03-11 09:18:06",
        "CodeReviewMeetings0": "2024-03-11 09:18:07",
        "Code0CR": "2024-03-11 09:18:08",
        "FinalCode": "2024-03-11 09:18:54",
        "Test Cases Draft": "2024-03-11 09:18:10",
        "Test Cases Meetings": "2024-03-11 09:18:11",
        "Test Cases": "2024-03-11 09:18:17",
        "Code0": "2024-03-11 09:18:20",
        "TestScriptOriginal": "2024-03-11 09:18:21",
        "TestScript": "2024-03-11 09:18:21",
        "ScriptResult0": "2024-03-11 09:18:21",
        "TestReport0": "2024-03-11 09:18:26",
        "SprintReview0": "2024-03-11 09:18:27",
        "SprintReviewMeetings0": "2024-03-11 09:18:29",
        "RepairResponse0": "2024-03-11 09:18:30",
        "Code1": "2024-03-11 09:18:30",
        "ScriptResult1": "2024-03-11 09:18:30",
        "TestReport1": "2024-03-11 09:18:33",
        "SprintReview1": "2024-03-11 09:18:35",
        "SprintReviewMeetings1": "2024-03-11 09:18:37",
        "RepairResponse1": "2024-03-11 09:18:42",
        "Code2": "2024-03-11 09:18:42",
        "ScriptResult2": "2024-03-11 09:18:42",
        "TestReport2": "2024-03-11 09:18:47",
        "SprintReview2": "2024-03-11 09:18:50",
        "SprintReviewMeetings2": "2024-03-11 09:18:53",
        "RepairResponse2": "2024-03-11 09:18:54",
        "Code3": "2024-03-11 09:18:54",
        "ScriptResult3": "2024-03-11 09:18:54",
        "TestReport3": "2024-03-11 09:18:56"
    },
    "task-id": 595,
    "workflow": "agile/agile_version_0.0.5_remove.json",
    "Discussion": "[ScrumMaster]says: We have a job: def min_Swaps(str1,str2) : \n'''Write a python function to count minimum number of swaps required to convert one binary number represented as a string to another.\nassert min_Swaps(\"1101\",\"1110\") == 1'''\n, do you have any ideas?\n-----\n\n[Tester]says: As a Tester, I would suggest writing test cases to cover different scenarios and edge cases for the min_Swaps function.\n-----\n\n[Developer]says: As a Developer, I will start by analyzing the problem and identifying the necessary steps to create the function.\n-----\n\n[ProductOwner]says: As the Product Owner, I think we should prioritize creating a user-friendly interface for this function.\n-----\n\n[Architect]says: As an Architect, to create a product, we should consider the efficiency and performance of the code. Let's focus on optimizing the algorithm for minimum number of swaps.\n-----\n\n[Tester]says: As a Tester, I agree with the suggestion to write test cases for the min_Swaps function and will also consider different scenarios and edge cases.\n-----\n\n[Developer]says: As a Developer, I will start by analyzing the problem and identifying the necessary steps to create the function.\n-----\n\n[ProductOwner]says: As the Product Owner, I will prioritize creating a user-friendly interface for this function.\n-----\n\n[Architect]says: As an Architect, I think the first step is to analyze the current algorithm and identify areas for optimization to ensure efficiency and performance of the code.\n-----\n",
    "DisorderedSprintMeetings": "{\n  \"product-owner\": [\n    \"Prioritize creating a user-friendly interface for the function\"\n  ],\n  \"architect\": [\n    \"Analyze the current algorithm and identify areas for optimization to ensure efficiency and performance of the code\"\n  ],\n  \"developer\": [\n    \"Analyze the problem and identify the necessary steps to create the function\"\n  ],\n  \"tester\": [\n    \"Write test cases to cover different scenarios and edge cases for the function\"\n  ]\n}",
    "DisorderedSprintMeetings_prompt": "{\"Role\": \"You are a professional scrum master. Your goal is to breakdown the Discussion History into a task list for the scrum team.\", \"Instruction\": \"1. Read and Understand the Discussion History. 2. Define the tasks for four roles: product-owner/architect/developer/tester. 3. Response in JSON format.\", \"Example\": \"{\\\"product-owner\\\":[\\\"task1\\\",\\\"task2\\\"],\\\"architect\\\":[\\\"task1\\\",\\\"task2\\\"], \\\"developer\\\":[\\\"task1\\\",\\\"task2\\\"], \\\"tester\\\":[\\\"task1\\\",\\\"task2\\\"]}\", \"Context\": \"[ScrumMaster]says: We have a job: def min_Swaps(str1,str2) : \\n'''Write a python function to count minimum number of swaps required to convert one binary number represented as a string to another.\\nassert min_Swaps(\\\"1101\\\",\\\"1110\\\") == 1'''\\n, do you have any ideas?\\n-----\\n\\n[Tester]says: As a Tester, I would suggest writing test cases to cover different scenarios and edge cases for the min_Swaps function.\\n-----\\n\\n[Developer]says: As a Developer, I will start by analyzing the problem and identifying the necessary steps to create the function.\\n-----\\n\\n[ProductOwner]says: As the Product Owner, I think we should prioritize creating a user-friendly interface for this function.\\n-----\\n\\n[Architect]says: As an Architect, to create a product, we should consider the efficiency and performance of the code. Let's focus on optimizing the algorithm for minimum number of swaps.\\n-----\\n\\n[Tester]says: As a Tester, I agree with the suggestion to write test cases for the min_Swaps function and will also consider different scenarios and edge cases.\\n-----\\n\\n[Developer]says: As a Developer, I will start by analyzing the problem and identifying the necessary steps to create the function.\\n-----\\n\\n[ProductOwner]says: As the Product Owner, I will prioritize creating a user-friendly interface for this function.\\n-----\\n\\n[Architect]says: As an Architect, I think the first step is to analyze the current algorithm and identify areas for optimization to ensure efficiency and performance of the code.\\n-----\\n\", \"Question\": \"Follow the Instruction section. The Discussion History is in the Context section. You only need to return a task list as the Example section.\"}",
    "DesignDraft0": "Design:\n\nThe min_Swaps function should take two parameters, str1 and str2, which represent two binary numbers as strings. The function should analyze the current algorithm and identify areas for optimization to ensure efficiency and performance of the code. The design should focus on providing a high-level approach to counting the minimum number of swaps required to convert one binary number to another. This may involve considering the use of data structures, algorithms, and logical operations to achieve the desired performance and efficiency. The design should guide the developer in writing code that is optimized for this specific task, without going into specific implementation details.",
    "DesignMeetings0": "{\n  \"Developer\": \"To optimize the min_Swaps function, we can consider using a hashmap to store the indices of 1s in the binary numbers. This will allow us to quickly find the positions that need to be swapped. Additionally, we can use a single loop to iterate through the binary numbers and compare the corresponding positions to determine the minimum swaps required.\",\n  \"Tester\": \"As a tester, I would suggest creating test cases to cover different scenarios such as binary numbers of different lengths, identical binary numbers, and binary numbers with minimal differences. This will ensure that the min_Swaps function is robust and handles all edge cases effectively.\"\n}",
    "Design0": "Design:\n\nBased on the suggestions provided by my colleagues, I propose the following design for the min_Swaps function:\n\nThe min_Swaps function will take two parameters, str1 and str2, representing two binary numbers as strings. To optimize the function, we will use a hashmap to store the indices of 1s in the binary numbers. This will allow us to quickly find the positions that need to be swapped. Additionally, we will use a single loop to iterate through the binary numbers and compare the corresponding positions to determine the minimum swaps required.\n\nAs a tester, I will create test cases to cover different scenarios such as binary numbers of different lengths, identical binary numbers, and binary numbers with minimal differences. This will ensure that the min_Swaps function is robust and handles all edge cases effectively.\n\nOverall, the design will focus on providing a high-level approach to counting the minimum number of swaps required to convert one binary number to another, while considering the use of data structures, algorithms, and logical operations to achieve the desired performance and efficiency. The design will guide the developer in writing code that is optimized for this specific task, without going into specific implementation details.",
    "CodeDraft0": "def min_Swaps(str1,str2) :\n    # Write your code here\n    pass",
    "CodeDraft0_prompt": {
        "Role": "You are a professional engineer. Your duty is to write code in Python that meets the requirements. Ensure that the code you write is efficient, readable, and follows best practices. Remember, do not need to explain the code you wrote.",
        "Instruction": "According to the Context section, write your code.",
        "Example": "",
        "Context": "# Tasks:\n['Analyze the problem and identify the necessary steps to create the function']\n# Design:\nDesign:\n\nBased on the suggestions provided by my colleagues, I propose the following design for the min_Swaps function:\n\nThe min_Swaps function will take two parameters, str1 and str2, representing two binary numbers as strings. To optimize the function, we will use a hashmap to store the indices of 1s in the binary numbers. This will allow us to quickly find the positions that need to be swapped. Additionally, we will use a single loop to iterate through the binary numbers and compare the corresponding positions to determine the minimum swaps required.\n\nAs a tester, I will create test cases to cover different scenarios such as binary numbers of different lengths, identical binary numbers, and binary numbers with minimal differences. This will ensure that the min_Swaps function is robust and handles all edge cases effectively.\n\nOverall, the design will focus on providing a high-level approach to counting the minimum number of swaps required to convert one binary number to another, while considering the use of data structures, algorithms, and logical operations to achieve the desired performance and efficiency. The design will guide the developer in writing code that is optimized for this specific task, without going into specific implementation details.",
        "Question": "Follow the Instruction section. Complete the following code:\ndef min_Swaps(str1,str2) : \n'''Write a python function to count minimum number of swaps required to convert one binary number represented as a string to another.\nassert min_Swaps(\"1101\",\"1110\") == 1'''\n"
    },
    "CodeReviewMeetings0": "{\n  \"Architect\": \"The function name 'min_Swaps' does not clearly indicate what it does. It would be better to use a more descriptive name such as 'findMinimumSwaps'. Also, the function should have input validation to ensure that only strings are passed as arguments.\",\n  \"Tester\": \"The code provided does not have any implementation, so there is nothing to test. It would be better to have a clear plan for the function's logic before writing the code.\"\n}",
    "Code0CR": "def find_minimum_swaps(str1: str, str2: str) -> int:\n    # Write your code here\n    pass",
    "Code0CR_prompt": "{\"Role\": \"You are a professional software engineer. Your duty is to write code in Python that meets the requirements. Ensure that the code you write is efficient, readable, and follows best practices. Remember, do not need to explain the code you wrote.\", \"Instruction\": \"1. Understand the suggestions(in the Context section) about the original code. 2. Rewrite your code.\", \"Example\": \"\", \"Context\": \"# Tasks:\\n['Analyze the problem and identify the necessary steps to create the function']\\n# Design:\\nDesign:\\n\\nBased on the suggestions provided by my colleagues, I propose the following design for the min_Swaps function:\\n\\nThe min_Swaps function will take two parameters, str1 and str2, representing two binary numbers as strings. To optimize the function, we will use a hashmap to store the indices of 1s in the binary numbers. This will allow us to quickly find the positions that need to be swapped. Additionally, we will use a single loop to iterate through the binary numbers and compare the corresponding positions to determine the minimum swaps required.\\n\\nAs a tester, I will create test cases to cover different scenarios such as binary numbers of different lengths, identical binary numbers, and binary numbers with minimal differences. This will ensure that the min_Swaps function is robust and handles all edge cases effectively.\\n\\nOverall, the design will focus on providing a high-level approach to counting the minimum number of swaps required to convert one binary number to another, while considering the use of data structures, algorithms, and logical operations to achieve the desired performance and efficiency. The design will guide the developer in writing code that is optimized for this specific task, without going into specific implementation details.# Suggestions:\\n{\\n  \\\"Architect\\\": \\\"The function name 'min_Swaps' does not clearly indicate what it does. It would be better to use a more descriptive name such as 'findMinimumSwaps'. Also, the function should have input validation to ensure that only strings are passed as arguments.\\\",\\n  \\\"Tester\\\": \\\"The code provided does not have any implementation, so there is nothing to test. It would be better to have a clear plan for the function's logic before writing the code.\\\"\\n}\", \"Question\": \"Follow the Instruction section. Complete the following code:\\ndef min_Swaps(str1,str2) : \\n'''Write a python function to count minimum number of swaps required to convert one binary number represented as a string to another.\\nassert min_Swaps(\\\"1101\\\",\\\"1110\\\") == 1'''\\n\"}",
    "FinalCode": "def min_swaps(str1, str2):\n    count = 0\n    for i in range(len(str1)):\n        if str1[i] != str2[i]:\n            count += 1\n    return count",
    "Test Cases Draft": "{\n  \"test_cases\": [\n    {\n      \"Test Title\": \"Different Lengths\",\n      \"Input Data\": \"str1='1101',str2='111010'\",\n      \"Expected Output\": \"3\"\n    },\n    {\n      \"Test Title\": \"Identical Binary Numbers\",\n      \"Input Data\": \"str1='1101',str2='1101'\",\n      \"Expected Output\": \"0\"\n    },\n    {\n      \"Test Title\": \"Minimal Differences\",\n      \"Input Data\": \"str1='1101',str2='1110'\",\n      \"Expected Output\": \"1\"\n    }\n  ]\n}",
    "Test Cases Draft_prompt": "{\"Role\": \"You are a quality assurance engineer. Your duty is to design test cases for the developers.\", \"Instruction\": \"According to the Context section, write test cases. Don't write long strings in your test cases. Response in JSON format.\", \"Example\": \"{\\\"requirement analysis\\\":\\\"analysis\\\",\\\"test_cases\\\":[{\\\"Test Title\\\":\\\"title\\\", \\\"Input Data\\\":\\\"parameter1=[1,2,3],parameter2='123'\\\", \\\"Expected Output\\\":\\\"456\\\"},]}\", \"Context\": \"# Tasks:\\n['Write test cases to cover different scenarios and edge cases for the function']\\n# Design:\\nDesign:\\n\\nBased on the suggestions provided by my colleagues, I propose the following design for the min_Swaps function:\\n\\nThe min_Swaps function will take two parameters, str1 and str2, representing two binary numbers as strings. To optimize the function, we will use a hashmap to store the indices of 1s in the binary numbers. This will allow us to quickly find the positions that need to be swapped. Additionally, we will use a single loop to iterate through the binary numbers and compare the corresponding positions to determine the minimum swaps required.\\n\\nAs a tester, I will create test cases to cover different scenarios such as binary numbers of different lengths, identical binary numbers, and binary numbers with minimal differences. This will ensure that the min_Swaps function is robust and handles all edge cases effectively.\\n\\nOverall, the design will focus on providing a high-level approach to counting the minimum number of swaps required to convert one binary number to another, while considering the use of data structures, algorithms, and logical operations to achieve the desired performance and efficiency. The design will guide the developer in writing code that is optimized for this specific task, without going into specific implementation details.\", \"Question\": \"def min_Swaps(str1,str2) : \\n'''Write a python function to count minimum number of swaps required to convert one binary number represented as a string to another.\\nassert min_Swaps(\\\"1101\\\",\\\"1110\\\") == 1'''\\n\"}",
    "Test Cases Meetings": "{\n  \"Architect\": \"As an Architect, I would suggest revising the test cases to include edge cases and boundary conditions. For example, adding test cases with empty strings or very long input strings to ensure the robustness of the code.\",\n  \"Developer\": \"As a Developer, I would suggest revising the test cases to include negative test cases, where the input data does not conform to the expected format. This will help in identifying and handling potential errors in the code.\"\n}",
    "Test Cases": "{\n  \"test_cases\": [\n    {\n      \"Test Title\": \"Different Lengths\",\n      \"Input Data\": \"str1='',str2=''\",\n      \"Expected Output\": \"0\"\n    },\n    {\n      \"Test Title\": \"Identical Binary Numbers\",\n      \"Input Data\": \"str1='1101',str2='1101'\",\n      \"Expected Output\": \"0\"\n    },\n    {\n      \"Test Title\": \"Minimal Differences\",\n      \"Input Data\": \"str1='',str2='1110'\",\n      \"Expected Output\": \"0\"\n    },\n    {\n      \"Test Title\": \"Empty Strings\",\n      \"Input Data\": \"str1='',str2=''\",\n      \"Expected Output\": \"0\"\n    }\n  ]\n}",
    "Test Cases_prompt": "{\"Role\": \"You are a quality assurance engineer. Your duty is to revise the test cases based on the suggestions.\", \"Instruction\": \"1. Your colleague give you some suggestions(in the Context section) about the draft test cases, read these suggestions. 2. Revise your draft version test cases, but don't use long parameters. 3. Response in JSON format.\", \"Example\": \"{\\\"requirement analysis\\\":\\\"analysis\\\",\\\"test_cases\\\":[{\\\"Test Title\\\":\\\"title\\\", \\\"Input Data\\\":\\\"parameter1=[1,2,3],parameter2='123'\\\", \\\"Expected Output\\\":\\\"456\\\"},]}\", \"Context\": \"# Suggestions:\\n{\\n  \\\"Architect\\\": \\\"As an Architect, I would suggest revising the test cases to include edge cases and boundary conditions. For example, adding test cases with empty strings or very long input strings to ensure the robustness of the code.\\\",\\n  \\\"Developer\\\": \\\"As a Developer, I would suggest revising the test cases to include negative test cases, where the input data does not conform to the expected format. This will help in identifying and handling potential errors in the code.\\\"\\n}\\n # Draft Test cases:\\n{\\n  \\\"test_cases\\\": [\\n    {\\n      \\\"Test Title\\\": \\\"Different Lengths\\\",\\n      \\\"Input Data\\\": \\\"str1='1101',str2='111010'\\\",\\n      \\\"Expected Output\\\": \\\"3\\\"\\n    },\\n    {\\n      \\\"Test Title\\\": \\\"Identical Binary Numbers\\\",\\n      \\\"Input Data\\\": \\\"str1='1101',str2='1101'\\\",\\n      \\\"Expected Output\\\": \\\"0\\\"\\n    },\\n    {\\n      \\\"Test Title\\\": \\\"Minimal Differences\\\",\\n      \\\"Input Data\\\": \\\"str1='1101',str2='1110'\\\",\\n      \\\"Expected Output\\\": \\\"1\\\"\\n    }\\n  ]\\n}\", \"Question\": \"Follow the Instruction. Please make sure your response length are less than 512. Your test cases is for the below question:\\ndef min_Swaps(str1,str2) : \\n'''Write a python function to count minimum number of swaps required to convert one binary number represented as a string to another.\\nassert min_Swaps(\\\"1101\\\",\\\"1110\\\") == 1'''\\n\"}",
    "Code0": "def find_minimum_swaps(str1: str, str2: str) -> int:\n    if str1 == str2:\n        return 0\n    count = 0\n    for i in range(len(str1)):\n        if str1[i] != str2[i]:\n            count += 1\n    return count\n\n# Test Cases:\n{\n  \"test_cases\": [\n    {\n      \"Test Title\": \"Different Lengths\",\n      \"Input Data\": \"str1='',str2=''\",\n      \"Expected Output\": \"0\"\n    },\n    {\n      \"Test Title\": \"Identical Binary Numbers\",\n      \"Input Data\": \"str1='1101',str2='1101'\",\n      \"Expected Output\": \"0\"\n    },\n    {\n      \"Test Title\": \"Minimal Differences\",\n      \"Input Data\": \"str1='',str2='1110'\",\n      \"Expected Output\": \"0\"\n    },\n    {\n      \"Test Title\": \"Empty Strings\",\n      \"Input Data\": \"str1='',str2=''\",\n      \"Expected Output\": \"0\"\n    }\n  ]\n}",
    "Code0_prompt": {
        "Role": "You are a professional software engineer. Your duty is to write code in Python that meets the requirements. Ensure that the code you write is efficient, readable, and follows best practices. Remember, do not need to explain the code you wrote.",
        "Instruction": "1. Understand the test cases(in the Context section) about the original code. 2. Rewrite your code, make sure your code pass all test cases.",
        "Example": "",
        "Context": "# Original Code:\ndef find_minimum_swaps(str1: str, str2: str) -> int:\n    # Write your code here\n    pass\n# Test Cases:\n{\n  \"test_cases\": [\n    {\n      \"Test Title\": \"Different Lengths\",\n      \"Input Data\": \"str1='',str2=''\",\n      \"Expected Output\": \"0\"\n    },\n    {\n      \"Test Title\": \"Identical Binary Numbers\",\n      \"Input Data\": \"str1='1101',str2='1101'\",\n      \"Expected Output\": \"0\"\n    },\n    {\n      \"Test Title\": \"Minimal Differences\",\n      \"Input Data\": \"str1='',str2='1110'\",\n      \"Expected Output\": \"0\"\n    },\n    {\n      \"Test Title\": \"Empty Strings\",\n      \"Input Data\": \"str1='',str2=''\",\n      \"Expected Output\": \"0\"\n    }\n  ]\n}",
        "Question": "def min_Swaps(str1,str2) : \n'''Write a python function to count minimum number of swaps required to convert one binary number represented as a string to another.\nassert min_Swaps(\"1101\",\"1110\") == 1'''\n"
    },
    "TestScriptOriginal": "import unittest\n\ndef min_Swaps(str1,str2) :\n    count = 0\n    for i in range(len(str1)) :\n        if str1[i] != str2[i] :\n            count += 1\n    return count // 2\n\nclass Test(unittest.TestCase):\n    def test(self):\n        self.assertEqual(min_Swaps(\"1101\", \"1110\"), 1)\n\nif __name__ == '__main__':\n    unittest.main()",
    "TestScriptOriginal_prompt": "{\"Role\": \"You are a quality assurance engineer. Your duty is to write a python test script in unittest framework.\", \"Instruction\": \"1. Write a python test script. 2. Use the input and output given by the question.\", \"Example\": \"import unittest\\n\\nclass Test(unittest.TestCase):\\n    def test(self):\\n        self.assertEqual(function_under_test('a'), 1)\\n\\nif __name__ == '__main__':\\n    unittest.main()\", \"Context\": \"\", \"Question\": \"def min_Swaps(str1,str2) : \\n'''Write a python function to count minimum number of swaps required to convert one binary number represented as a string to another.\\nassert min_Swaps(\\\"1101\\\",\\\"1110\\\") == 1'''\\n\"}",
    "TestScript": "import unittest\n\nclass Test(unittest.TestCase):\n    def test(self):\n        self.assertEqual(min_Swaps(\"1101\", \"1110\"), 1)\n\nif __name__ == '__main__':\n    unittest.main()",
    "ScriptResult0": "E\n======================================================================\nERROR: test (__main__.Test)\n----------------------------------------------------------------------\nTraceback (most recent call last):\n  File \"/Users/watch/PycharmProjects/XXXX-1-LLM/workspace/2024-03-11_09-17-56-384661/test_script.py\", line 39, in test\n    self.assertEqual(min_Swaps(\"1101\", \"1110\"), 1)\nNameError: name 'min_Swaps' is not defined\n\n----------------------------------------------------------------------\nRan 1 test in 0.000s\n\nFAILED (errors=1)\n",
    "TestReport0": "Test Report\n\nTest Script Output:\nE\n======================================================================\nERROR: test (__main__.Test)\n----------------------------------------------------------------------\nTraceback (most recent call last):\n  File \"/Users/watch/PycharmProjects/XXXX-1-LLM/workspace/2024-03-11_09-17-56-384661/test_script.py\", line 39, in test\n    self.assertEqual(min_Swaps(\"1101\", \"1110\"), 1)\nNameError: name 'min_Swaps' is not defined\n\n----------------------------------------------------------------------\nRan 1 test in 0.000s\n\nFAILED (errors=1)\n\nConclusion:\nCode Test Failed\n\nInput and Expected Output Example:\nTest Title: Different Lengths\nInput Data: str1='',str2=''\nExpected Output: 0\n\nTest Title: Identical Binary Numbers\nInput Data: str1='1101',str2='1101'\nExpected Output: 0\n\nTest Title: Minimal Differences\nInput Data: str1='',str2='1110'\nExpected Output: 0\n\nTest Title: Empty Strings\nInput Data: str1='',str2=''\nExpected Output: 0\n\nAnalysis:\nThe code has failed the tests due to a NameError for the 'min_Swaps' function. The expected output was not achieved for the provided test cases.\n\nRecommendation:\nThe 'min_Swaps' function needs to be defined and implemented correctly to pass the tests.\n\nCode Test Failed.",
    "SprintReview0": "[ScrumMaster]says: Here is our test Report: Test Report\n\nTest Script Output:\nE\n======================================================================\nERROR: test (__main__.Test)\n----------------------------------------------------------------------\nTraceback (most recent call last):\n  File \"/Users/watch/PycharmProjects/XXXX-1-LLM/workspace/2024-03-11_09-17-56-384661/test_script.py\", line 39, in test\n    self.assertEqual(min_Swaps(\"1101\", \"1110\"), 1)\nNameError: name 'min_Swaps' is not defined\n\n----------------------------------------------------------------------\nRan 1 test in 0.000s\n\nFAILED (errors=1)\n\nConclusion:\nCode Test Failed\n\nInput and Expected Output Example:\nTest Title: Different Lengths\nInput Data: str1='',str2=''\nExpected Output: 0\n\nTest Title: Identical Binary Numbers\nInput Data: str1='1101',str2='1101'\nExpected Output: 0\n\nTest Title: Minimal Differences\nInput Data: str1='',str2='1110'\nExpected Output: 0\n\nTest Title: Empty Strings\nInput Data: str1='',str2=''\nExpected Output: 0\n\nAnalysis:\nThe code has failed the tests due to a NameError for the 'min_Swaps' function. The expected output was not achieved for the provided test cases.\n\nRecommendation:\nThe 'min_Swaps' function needs to be defined and implemented correctly to pass the tests.\n\nCode Test Failed., do you have any ideas?\n-----\n\n[Architect]says: As an architect, I would recommend defining and implementing the 'min_Swaps' function correctly to pass the tests.\n-----\n\n[ProductOwner]says: As a Product Owner, I think we need to prioritize defining and implementing the 'min_Swaps' function to ensure the code passes the tests.\n-----\n\n[Developer]says: As a Developer, I will define and implement the 'min_Swaps' function to pass the tests.\n-----\n\n[Tester]says: As a Tester, I recommend that the 'min_Swaps' function needs to be defined and implemented correctly to pass the tests.\n-----\n\n[ProductOwner]says: As a Product Owner, I think we need to prioritize defining and implementing the 'min_Swaps' function to ensure the code passes the tests.\n-----\n\n[Architect]says: As an architect, I would recommend defining and implementing the 'min_Swaps' function correctly to pass the tests.\n-----\n\n[Tester]says: [Tester]says: As a Tester, I agree that the 'min_Swaps' function needs to be defined and implemented correctly to pass the tests.\n-----\n\n[Developer]says: As a Developer, I will define and implement the 'min_Swaps' function to pass the tests.\n-----\n",
    "SprintReviewMeetings0": "{\n  \"product-owner\": [\"we need to prioritize defining and implementing the 'min_Swaps' function to ensure the code passes the tests.\"],\n  \"architect\": [\"I would recommend defining and implementing the 'min_Swaps' function correctly to pass the tests.\"],\n  \"developer\": [\"I will define and implement the 'min_Swaps' function to pass the tests.\"],\n  \"tester\": [\"the 'min_Swaps' function needs to be defined and implemented correctly to pass the tests.\"]\n}",
    "SprintReviewMeetings0_prompt": "{\"Role\": \"You are a professional scrum master. Your goal is to summary the Discussion History into a suggestions list for the scrum team.\", \"Instruction\": \"1. Read and Understand the Discussion History. 2. Summary the suggestions from four roles: product-owner/architect/developer/tester. 3. Response in JSON format.\", \"Example\": \"{\\\"product-owner\\\":[\\\"suggestion1\\\",\\\"suggestion2\\\"],\\\"architect\\\":[\\\"suggestion1\\\",\\\"suggestion2\\\"], \\\"developer\\\":[\\\"suggestion1\\\",\\\"suggestion2\\\"], \\\"tester\\\":[\\\"suggestion1\\\",\\\"suggestion2\\\"]}\", \"Context\": \"[ScrumMaster]says: Here is our test Report: Test Report\\n\\nTest Script Output:\\nE\\n======================================================================\\nERROR: test (__main__.Test)\\n----------------------------------------------------------------------\\nTraceback (most recent call last):\\n  File \\\"/Users/watch/PycharmProjects/XXXX-1-LLM/workspace/2024-03-11_09-17-56-384661/test_script.py\\\", line 39, in test\\n    self.assertEqual(min_Swaps(\\\"1101\\\", \\\"1110\\\"), 1)\\nNameError: name 'min_Swaps' is not defined\\n\\n----------------------------------------------------------------------\\nRan 1 test in 0.000s\\n\\nFAILED (errors=1)\\n\\nConclusion:\\nCode Test Failed\\n\\nInput and Expected Output Example:\\nTest Title: Different Lengths\\nInput Data: str1='',str2=''\\nExpected Output: 0\\n\\nTest Title: Identical Binary Numbers\\nInput Data: str1='1101',str2='1101'\\nExpected Output: 0\\n\\nTest Title: Minimal Differences\\nInput Data: str1='',str2='1110'\\nExpected Output: 0\\n\\nTest Title: Empty Strings\\nInput Data: str1='',str2=''\\nExpected Output: 0\\n\\nAnalysis:\\nThe code has failed the tests due to a NameError for the 'min_Swaps' function. The expected output was not achieved for the provided test cases.\\n\\nRecommendation:\\nThe 'min_Swaps' function needs to be defined and implemented correctly to pass the tests.\\n\\nCode Test Failed., do you have any ideas?\\n-----\\n\\n[Architect]says: As an architect, I would recommend defining and implementing the 'min_Swaps' function correctly to pass the tests.\\n-----\\n\\n[ProductOwner]says: As a Product Owner, I think we need to prioritize defining and implementing the 'min_Swaps' function to ensure the code passes the tests.\\n-----\\n\\n[Developer]says: As a Developer, I will define and implement the 'min_Swaps' function to pass the tests.\\n-----\\n\\n[Tester]says: As a Tester, I recommend that the 'min_Swaps' function needs to be defined and implemented correctly to pass the tests.\\n-----\\n\\n[ProductOwner]says: As a Product Owner, I think we need to prioritize defining and implementing the 'min_Swaps' function to ensure the code passes the tests.\\n-----\\n\\n[Architect]says: As an architect, I would recommend defining and implementing the 'min_Swaps' function correctly to pass the tests.\\n-----\\n\\n[Tester]says: [Tester]says: As a Tester, I agree that the 'min_Swaps' function needs to be defined and implemented correctly to pass the tests.\\n-----\\n\\n[Developer]says: As a Developer, I will define and implement the 'min_Swaps' function to pass the tests.\\n-----\\n\", \"Question\": \"Follow the Instruction section. The Discussion History is in the Context section. You only need to return a list as the Example section.\"}",
    "RepairResponse0": "{\n  \"revised_code\": \"def min_Swaps(str1, str2):\\n    count = 0\\n    for i in range(len(str1)):\\n        if str1[i] != str2[i]:\\n            count += 1\\n    return count\"\n}",
    "RepairResponse0_prompt": {
        "Role": "You are a professional software engineer. Your duty is to write code in Python that meets the requirements. Ensure that the code you write is efficient, readable, and follows best practices. Remember, do not need to explain the code you wrote.",
        "Instruction": "1. Rewrite a bug fix version of the original code. 2. Response in JSON format.",
        "Example": "{\"revised_code\":\"...\"}",
        "Context": "# Test Report:\nTest Report\n\nTest Script Output:\nE\n======================================================================\nERROR: test (__main__.Test)\n----------------------------------------------------------------------\nTraceback (most recent call last):\n  File \"/Users/watch/PycharmProjects/XXXX-1-LLM/workspace/2024-03-11_09-17-56-384661/test_script.py\", line 39, in test\n    self.assertEqual(min_Swaps(\"1101\", \"1110\"), 1)\nNameError: name 'min_Swaps' is not defined\n\n----------------------------------------------------------------------\nRan 1 test in 0.000s\n\nFAILED (errors=1)\n\nConclusion:\nCode Test Failed\n\nInput and Expected Output Example:\nTest Title: Different Lengths\nInput Data: str1='',str2=''\nExpected Output: 0\n\nTest Title: Identical Binary Numbers\nInput Data: str1='1101',str2='1101'\nExpected Output: 0\n\nTest Title: Minimal Differences\nInput Data: str1='',str2='1110'\nExpected Output: 0\n\nTest Title: Empty Strings\nInput Data: str1='',str2=''\nExpected Output: 0\n\nAnalysis:\nThe code has failed the tests due to a NameError for the 'min_Swaps' function. The expected output was not achieved for the provided test cases.\n\nRecommendation:\nThe 'min_Swaps' function needs to be defined and implemented correctly to pass the tests.\n\nCode Test Failed.# suggestions:\n{\"product-owner\": [\"we need to prioritize defining and implementing the 'min_Swaps' function to ensure the code passes the tests.\"], \"architect\": [\"I would recommend defining and implementing the 'min_Swaps' function correctly to pass the tests.\"], \"developer\": [\"I will define and implement the 'min_Swaps' function to pass the tests.\"], \"tester\": [\"the 'min_Swaps' function needs to be defined and implemented correctly to pass the tests.\"]}",
        "Question": "The original code has some bugs, according to the test report and suggestions, rewrite the code. Complete the following code:\ndef min_Swaps(str1,str2) : \n'''Write a python function to count minimum number of swaps required to convert one binary number represented as a string to another.\nassert min_Swaps(\"1101\",\"1110\") == 1'''\n"
    },
    "Code1": "def min_Swaps(str1, str2):\n    count = 0\n    for i in range(len(str1)):\n        if str1[i] != str2[i]:\n            count += 1\n    return count",
    "ScriptResult1": "F\n======================================================================\nFAIL: test (__main__.Test)\n----------------------------------------------------------------------\nTraceback (most recent call last):\n  File \"/Users/watch/PycharmProjects/XXXX-1-LLM/workspace/2024-03-11_09-17-56-384661/test_script.py\", line 11, in test\n    self.assertEqual(min_Swaps(\"1101\", \"1110\"), 1)\nAssertionError: 2 != 1\n\n----------------------------------------------------------------------\nRan 1 test in 0.000s\n\nFAILED (failures=1)\n",
    "TestReport1": "Test Report\n\nTest script's output:\nF\n======================================================================\nFAIL: test (__main__.Test)\n----------------------------------------------------------------------\nTraceback (most recent call last):\n  File \"/Users/watch/PycharmProjects/XXXX-1-LLM/workspace/2024-03-11_09-17-56-384661/test_script.py\", line 11, in test\n    self.assertEqual(min_Swaps(\"1101\", \"1110\"), 1)\nAssertionError: 2 != 1\n\n----------------------------------------------------------------------\nRan 1 test in 0.000s\n\nFAILED (failures=1)\n\nCode Test Failed\n\nInput and Expected Output Example:\nInput: min_Swaps(\"1101\", \"1110\")\nExpected Output: 1\n\nActual Output: 2\n\nConclusion: Code Test Failed\n\nCode:\ndef min_Swaps(str1, str2):\n    count = 0\n    for i in range(len(str1)):\n        if str1[i] != str2[i]:\n            count += 1\n    return count",
    "SprintReview1": "[ScrumMaster]says: Here is our test Report: Test Report\n\nTest script's output:\nF\n======================================================================\nFAIL: test (__main__.Test)\n----------------------------------------------------------------------\nTraceback (most recent call last):\n  File \"/Users/watch/PycharmProjects/XXXX-1-LLM/workspace/2024-03-11_09-17-56-384661/test_script.py\", line 11, in test\n    self.assertEqual(min_Swaps(\"1101\", \"1110\"), 1)\nAssertionError: 2 != 1\n\n----------------------------------------------------------------------\nRan 1 test in 0.000s\n\nFAILED (failures=1)\n\nCode Test Failed\n\nInput and Expected Output Example:\nInput: min_Swaps(\"1101\", \"1110\")\nExpected Output: 1\n\nActual Output: 2\n\nConclusion: Code Test Failed\n\nCode:\ndef min_Swaps(str1, str2):\n    count = 0\n    for i in range(len(str1)):\n        if str1[i] != str2[i]:\n            count += 1\n    return count, do you have any ideas?\n-----\n\n[Developer]says: As a Developer, I will review the code and suggest implementing a different approach to compare the strings in order to fix the failing test case.\n-----\n\n[Tester]says: As a Tester, it seems like there is an issue with the min_Swaps function where the expected output does not match the actual output. We should review the code and test script to identify and fix the problem.\n-----\n\n[Architect]says: As an architect, to improve the test script's output, we should review the code for min_Swaps and ensure it accurately counts the number of swaps needed to convert one string to another.\n-----\n\n[ProductOwner]says: As a Product Owner, I think we should prioritize fixing the failed test in order to ensure the quality of our product. Let's discuss potential solutions and allocate resources accordingly.\n-----\n\n[Tester]says: [Tester]says: It seems like there is an issue with the min_Swaps function where the expected output does not match the actual output. We should review the code and test script to identify and fix the problem.\n-----\n\n[Developer]says: [Developer] I will review the code and suggest implementing a different approach to compare the strings in order to fix the failing test case.\n-----\n\n[Architect]says: As an architect, I will review the code for min_Swaps and ensure it accurately counts the number of swaps needed to convert one string to another.\n-----\n\n[ProductOwner]says: As a Product Owner, I think we should prioritize fixing the failed test in order to ensure the quality of our product. Let's discuss potential solutions and allocate resources accordingly.\n-----\n",
    "SprintReviewMeetings1": "{\n  \"product-owner\": [\"Prioritize fixing the failed test to ensure product quality\", \"Discuss potential solutions and allocate resources accordingly\"],\n  \"architect\": [\"Review the code for min_Swaps and ensure it accurately counts the number of swaps needed to convert one string to another\"],\n  \"developer\": [\"Review the code and suggest implementing a different approach to compare the strings in order to fix the failing test case\"],\n  \"tester\": [\"Review the code and test script to identify and fix the problem\"]\n}",
    "SprintReviewMeetings1_prompt": "{\"Role\": \"You are a professional scrum master. Your goal is to summary the Discussion History into a suggestions list for the scrum team.\", \"Instruction\": \"1. Read and Understand the Discussion History. 2. Summary the suggestions from four roles: product-owner/architect/developer/tester. 3. Response in JSON format.\", \"Example\": \"{\\\"product-owner\\\":[\\\"suggestion1\\\",\\\"suggestion2\\\"],\\\"architect\\\":[\\\"suggestion1\\\",\\\"suggestion2\\\"], \\\"developer\\\":[\\\"suggestion1\\\",\\\"suggestion2\\\"], \\\"tester\\\":[\\\"suggestion1\\\",\\\"suggestion2\\\"]}\", \"Context\": \"[ScrumMaster]says: Here is our test Report: Test Report\\n\\nTest script's output:\\nF\\n======================================================================\\nFAIL: test (__main__.Test)\\n----------------------------------------------------------------------\\nTraceback (most recent call last):\\n  File \\\"/Users/watch/PycharmProjects/XXXX-1-LLM/workspace/2024-03-11_09-17-56-384661/test_script.py\\\", line 11, in test\\n    self.assertEqual(min_Swaps(\\\"1101\\\", \\\"1110\\\"), 1)\\nAssertionError: 2 != 1\\n\\n----------------------------------------------------------------------\\nRan 1 test in 0.000s\\n\\nFAILED (failures=1)\\n\\nCode Test Failed\\n\\nInput and Expected Output Example:\\nInput: min_Swaps(\\\"1101\\\", \\\"1110\\\")\\nExpected Output: 1\\n\\nActual Output: 2\\n\\nConclusion: Code Test Failed\\n\\nCode:\\ndef min_Swaps(str1, str2):\\n    count = 0\\n    for i in range(len(str1)):\\n        if str1[i] != str2[i]:\\n            count += 1\\n    return count, do you have any ideas?\\n-----\\n\\n[Developer]says: As a Developer, I will review the code and suggest implementing a different approach to compare the strings in order to fix the failing test case.\\n-----\\n\\n[Tester]says: As a Tester, it seems like there is an issue with the min_Swaps function where the expected output does not match the actual output. We should review the code and test script to identify and fix the problem.\\n-----\\n\\n[Architect]says: As an architect, to improve the test script's output, we should review the code for min_Swaps and ensure it accurately counts the number of swaps needed to convert one string to another.\\n-----\\n\\n[ProductOwner]says: As a Product Owner, I think we should prioritize fixing the failed test in order to ensure the quality of our product. Let's discuss potential solutions and allocate resources accordingly.\\n-----\\n\\n[Tester]says: [Tester]says: It seems like there is an issue with the min_Swaps function where the expected output does not match the actual output. We should review the code and test script to identify and fix the problem.\\n-----\\n\\n[Developer]says: [Developer] I will review the code and suggest implementing a different approach to compare the strings in order to fix the failing test case.\\n-----\\n\\n[Architect]says: As an architect, I will review the code for min_Swaps and ensure it accurately counts the number of swaps needed to convert one string to another.\\n-----\\n\\n[ProductOwner]says: As a Product Owner, I think we should prioritize fixing the failed test in order to ensure the quality of our product. Let's discuss potential solutions and allocate resources accordingly.\\n-----\\n\", \"Question\": \"Follow the Instruction section. The Discussion History is in the Context section. You only need to return a list as the Example section.\"}",
    "RepairResponse1": "{\n  \"revised_code\": \"def min_swaps(str1, str2):\\n    count = 0\\n    for char1, char2 in zip(str1, str2):\\n        if char1 != char2:\\n            count += 1\\n    return count\"\n}",
    "RepairResponse1_prompt": {
        "Role": "You are a professional software engineer. Your duty is to write code in Python that meets the requirements. Ensure that the code you write is efficient, readable, and follows best practices. Remember, do not need to explain the code you wrote.",
        "Instruction": "1. Rewrite a bug fix version of the original code. 2. Response in JSON format.",
        "Example": "{\"revised_code\":\"...\"}",
        "Context": "# Test Report:\nTest Report\n\nTest script's output:\nF\n======================================================================\nFAIL: test (__main__.Test)\n----------------------------------------------------------------------\nTraceback (most recent call last):\n  File \"/Users/watch/PycharmProjects/XXXX-1-LLM/workspace/2024-03-11_09-17-56-384661/test_script.py\", line 11, in test\n    self.assertEqual(min_Swaps(\"1101\", \"1110\"), 1)\nAssertionError: 2 != 1\n\n----------------------------------------------------------------------\nRan 1 test in 0.000s\n\nFAILED (failures=1)\n\nCode Test Failed\n\nInput and Expected Output Example:\nInput: min_Swaps(\"1101\", \"1110\")\nExpected Output: 1\n\nActual Output: 2\n\nConclusion: Code Test Failed\n\nCode:\ndef min_Swaps(str1, str2):\n    count = 0\n    for i in range(len(str1)):\n        if str1[i] != str2[i]:\n            count += 1\n    return count# suggestions:\n{\"product-owner\": [\"Prioritize fixing the failed test to ensure product quality\", \"Discuss potential solutions and allocate resources accordingly\"], \"architect\": [\"Review the code for min_Swaps and ensure it accurately counts the number of swaps needed to convert one string to another\"], \"developer\": [\"Review the code and suggest implementing a different approach to compare the strings in order to fix the failing test case\"], \"tester\": [\"Review the code and test script to identify and fix the problem\"]}",
        "Question": "The original code has some bugs, according to the test report and suggestions, rewrite the code. Complete the following code:\ndef min_Swaps(str1,str2) : \n'''Write a python function to count minimum number of swaps required to convert one binary number represented as a string to another.\nassert min_Swaps(\"1101\",\"1110\") == 1'''\n"
    },
    "Code2": "def min_swaps(str1, str2):\n    count = 0\n    for char1, char2 in zip(str1, str2):\n        if char1 != char2:\n            count += 1\n    return count",
    "ScriptResult2": "E\n======================================================================\nERROR: test (__main__.Test)\n----------------------------------------------------------------------\nTraceback (most recent call last):\n  File \"/Users/watch/PycharmProjects/XXXX-1-LLM/workspace/2024-03-11_09-17-56-384661/test_script.py\", line 11, in test\n    self.assertEqual(min_Swaps(\"1101\", \"1110\"), 1)\nNameError: name 'min_Swaps' is not defined\n\n----------------------------------------------------------------------\nRan 1 test in 0.000s\n\nFAILED (errors=1)\n",
    "TestReport2": "Test Report:\n\nTest script's output:\nE\n======================================================================\nERROR: test (__main__.Test)\n----------------------------------------------------------------------\nTraceback (most recent call last):\n  File \"/Users/watch/PycharmProjects/XXXX-1-LLM/workspace/2024-03-11_09-17-56-384661/test_script.py\", line 11, in test\n    self.assertEqual(min_Swaps(\"1101\", \"1110\"), 1)\nNameError: name 'min_Swaps' is not defined\n\n----------------------------------------------------------------------\nRan 1 test in 0.000s\n\nFAILED (errors=1)\n\nAnalysis:\nThe test script output indicates that there is an error in the code. It seems that the function name 'min_swaps' is misspelled as 'min_Swaps' which is causing a NameError.\n\nConclusion:\nCode Test Failed\n\nExample of input and expected output:\nInput: \nstr1 = \"1101\"\nstr2 = \"1110\"\n\nExpected output: \n1\n\nBased on the test script's output and analysis, it is clear that the code has failed the test due to a NameError. The function 'min_swaps' is misspelled as 'min_Swaps'. Therefore, the code test has failed.",
    "SprintReview2": "[ScrumMaster]says: Here is our test Report: Test Report:\n\nTest script's output:\nE\n======================================================================\nERROR: test (__main__.Test)\n----------------------------------------------------------------------\nTraceback (most recent call last):\n  File \"/Users/watch/PycharmProjects/XXXX-1-LLM/workspace/2024-03-11_09-17-56-384661/test_script.py\", line 11, in test\n    self.assertEqual(min_Swaps(\"1101\", \"1110\"), 1)\nNameError: name 'min_Swaps' is not defined\n\n----------------------------------------------------------------------\nRan 1 test in 0.000s\n\nFAILED (errors=1)\n\nAnalysis:\nThe test script output indicates that there is an error in the code. It seems that the function name 'min_swaps' is misspelled as 'min_Swaps' which is causing a NameError.\n\nConclusion:\nCode Test Failed\n\nExample of input and expected output:\nInput: \nstr1 = \"1101\"\nstr2 = \"1110\"\n\nExpected output: \n1\n\nBased on the test script's output and analysis, it is clear that the code has failed the test due to a NameError. The function 'min_swaps' is misspelled as 'min_Swaps'. Therefore, the code test has failed., do you have any ideas?\n-----\n\n[Tester]says: As a Tester, it is important to ensure that the function names are correctly spelled in the code to avoid NameError, and I will work on fixing this issue.\n-----\n\n[ProductOwner]says: As a Product Owner, it is important to address the misspelling of the function name 'min_swaps' and ensure that it is corrected to pass the test.\n-----\n\n[Developer]says: As a Developer, I will fix the misspelling of the function name 'min_swaps' and rerun the test script to ensure it passes.\n-----\n\n[Architect]says: As an Architect, to fix the NameError issue, we should review the code and ensure that the function name 'min_swaps' is correctly spelled and referenced throughout the code. Additionally, we need to implement proper coding standards to avoid such errors in the future.\n-----\n\n[Developer]says: As a Developer, I will fix the misspelling of the function name 'min_swaps' and rerun the test script to ensure it passes.\n-----\n\n[Tester]says: As a Tester, it is important to ensure that the function names are correctly spelled in the code to avoid NameError, and I will work on fixing this issue.\n-----\n\n[Architect]says: As an Architect, to fix the NameError issue, we should review the code and ensure that the function name 'min_swaps' is correctly spelled and referenced throughout the code. Additionally, we need to implement proper coding standards to avoid such errors in the future.\n-----\n\n[ProductOwner]says: As a Product Owner, I agree that it is crucial to address the misspelling of the function name 'min_swaps' and ensure that it is corrected to pass the test.\n-----\n",
    "SprintReviewMeetings2": "{\n  \"product-owner\": [\n    \"Address the misspelling of the function name 'min_swaps' and ensure that it is corrected to pass the test.\"\n  ],\n  \"architect\": [\n    \"Review the code and ensure that the function name 'min_swaps' is correctly spelled and referenced throughout the code.\",\n    \"Implement proper coding standards to avoid such errors in the future.\"\n  ],\n  \"developer\": [\n    \"Fix the misspelling of the function name 'min_swaps' and rerun the test script to ensure it passes.\"\n  ],\n  \"tester\": [\n    \"Ensure that the function names are correctly spelled in the code to avoid NameError and work on fixing this issue.\"\n  ]\n}",
    "SprintReviewMeetings2_prompt": "{\"Role\": \"You are a professional scrum master. Your goal is to summary the Discussion History into a suggestions list for the scrum team.\", \"Instruction\": \"1. Read and Understand the Discussion History. 2. Summary the suggestions from four roles: product-owner/architect/developer/tester. 3. Response in JSON format.\", \"Example\": \"{\\\"product-owner\\\":[\\\"suggestion1\\\",\\\"suggestion2\\\"],\\\"architect\\\":[\\\"suggestion1\\\",\\\"suggestion2\\\"], \\\"developer\\\":[\\\"suggestion1\\\",\\\"suggestion2\\\"], \\\"tester\\\":[\\\"suggestion1\\\",\\\"suggestion2\\\"]}\", \"Context\": \"[ScrumMaster]says: Here is our test Report: Test Report:\\n\\nTest script's output:\\nE\\n======================================================================\\nERROR: test (__main__.Test)\\n----------------------------------------------------------------------\\nTraceback (most recent call last):\\n  File \\\"/Users/watch/PycharmProjects/XXXX-1-LLM/workspace/2024-03-11_09-17-56-384661/test_script.py\\\", line 11, in test\\n    self.assertEqual(min_Swaps(\\\"1101\\\", \\\"1110\\\"), 1)\\nNameError: name 'min_Swaps' is not defined\\n\\n----------------------------------------------------------------------\\nRan 1 test in 0.000s\\n\\nFAILED (errors=1)\\n\\nAnalysis:\\nThe test script output indicates that there is an error in the code. It seems that the function name 'min_swaps' is misspelled as 'min_Swaps' which is causing a NameError.\\n\\nConclusion:\\nCode Test Failed\\n\\nExample of input and expected output:\\nInput: \\nstr1 = \\\"1101\\\"\\nstr2 = \\\"1110\\\"\\n\\nExpected output: \\n1\\n\\nBased on the test script's output and analysis, it is clear that the code has failed the test due to a NameError. The function 'min_swaps' is misspelled as 'min_Swaps'. Therefore, the code test has failed., do you have any ideas?\\n-----\\n\\n[Tester]says: As a Tester, it is important to ensure that the function names are correctly spelled in the code to avoid NameError, and I will work on fixing this issue.\\n-----\\n\\n[ProductOwner]says: As a Product Owner, it is important to address the misspelling of the function name 'min_swaps' and ensure that it is corrected to pass the test.\\n-----\\n\\n[Developer]says: As a Developer, I will fix the misspelling of the function name 'min_swaps' and rerun the test script to ensure it passes.\\n-----\\n\\n[Architect]says: As an Architect, to fix the NameError issue, we should review the code and ensure that the function name 'min_swaps' is correctly spelled and referenced throughout the code. Additionally, we need to implement proper coding standards to avoid such errors in the future.\\n-----\\n\\n[Developer]says: As a Developer, I will fix the misspelling of the function name 'min_swaps' and rerun the test script to ensure it passes.\\n-----\\n\\n[Tester]says: As a Tester, it is important to ensure that the function names are correctly spelled in the code to avoid NameError, and I will work on fixing this issue.\\n-----\\n\\n[Architect]says: As an Architect, to fix the NameError issue, we should review the code and ensure that the function name 'min_swaps' is correctly spelled and referenced throughout the code. Additionally, we need to implement proper coding standards to avoid such errors in the future.\\n-----\\n\\n[ProductOwner]says: As a Product Owner, I agree that it is crucial to address the misspelling of the function name 'min_swaps' and ensure that it is corrected to pass the test.\\n-----\\n\", \"Question\": \"Follow the Instruction section. The Discussion History is in the Context section. You only need to return a list as the Example section.\"}",
    "RepairResponse2": "{\n  \"revised_code\": \"def min_swaps(str1, str2):\\n    count = 0\\n    for i in range(len(str1)):\\n        if str1[i] != str2[i]:\\n            count += 1\\n    return count\"\n}",
    "RepairResponse2_prompt": {
        "Role": "You are a professional software engineer. Your duty is to write code in Python that meets the requirements. Ensure that the code you write is efficient, readable, and follows best practices. Remember, do not need to explain the code you wrote.",
        "Instruction": "1. Rewrite a bug fix version of the original code. 2. Response in JSON format.",
        "Example": "{\"revised_code\":\"...\"}",
        "Context": "# Test Report:\nTest Report:\n\nTest script's output:\nE\n======================================================================\nERROR: test (__main__.Test)\n----------------------------------------------------------------------\nTraceback (most recent call last):\n  File \"/Users/watch/PycharmProjects/XXXX-1-LLM/workspace/2024-03-11_09-17-56-384661/test_script.py\", line 11, in test\n    self.assertEqual(min_Swaps(\"1101\", \"1110\"), 1)\nNameError: name 'min_Swaps' is not defined\n\n----------------------------------------------------------------------\nRan 1 test in 0.000s\n\nFAILED (errors=1)\n\nAnalysis:\nThe test script output indicates that there is an error in the code. It seems that the function name 'min_swaps' is misspelled as 'min_Swaps' which is causing a NameError.\n\nConclusion:\nCode Test Failed\n\nExample of input and expected output:\nInput: \nstr1 = \"1101\"\nstr2 = \"1110\"\n\nExpected output: \n1\n\nBased on the test script's output and analysis, it is clear that the code has failed the test due to a NameError. The function 'min_swaps' is misspelled as 'min_Swaps'. Therefore, the code test has failed.# suggestions:\n{\"product-owner\": [\"Address the misspelling of the function name 'min_swaps' and ensure that it is corrected to pass the test.\"], \"architect\": [\"Review the code and ensure that the function name 'min_swaps' is correctly spelled and referenced throughout the code.\", \"Implement proper coding standards to avoid such errors in the future.\"], \"developer\": [\"Fix the misspelling of the function name 'min_swaps' and rerun the test script to ensure it passes.\"], \"tester\": [\"Ensure that the function names are correctly spelled in the code to avoid NameError and work on fixing this issue.\"]}",
        "Question": "The original code has some bugs, according to the test report and suggestions, rewrite the code. Complete the following code:\ndef min_Swaps(str1,str2) : \n'''Write a python function to count minimum number of swaps required to convert one binary number represented as a string to another.\nassert min_Swaps(\"1101\",\"1110\") == 1'''\n"
    },
    "Code3": "def min_swaps(str1, str2):\n    count = 0\n    for i in range(len(str1)):\n        if str1[i] != str2[i]:\n            count += 1\n    return count",
    "ScriptResult3": "E\n======================================================================\nERROR: test (__main__.Test)\n----------------------------------------------------------------------\nTraceback (most recent call last):\n  File \"/Users/watch/PycharmProjects/XXXX-1-LLM/workspace/2024-03-11_09-17-56-384661/test_script.py\", line 11, in test\n    self.assertEqual(min_Swaps(\"1101\", \"1110\"), 1)\nNameError: name 'min_Swaps' is not defined\n\n----------------------------------------------------------------------\nRan 1 test in 0.000s\n\nFAILED (errors=1)\n",
    "TestReport3": "Test Report\n\nTest Script's Output:\nE\n======================================================================\nERROR: test (__main__.Test)\n----------------------------------------------------------------------\nTraceback (most recent call last):\n  File \"/Users/watch/PycharmProjects/XXXX-1-LLM/workspace/2024-03-11_09-17-56-384661/test_script.py\", line 11, in test\n    self.assertEqual(min_Swaps(\"1101\", \"1110\"), 1)\nNameError: name 'min_Swaps' is not defined\n\n----------------------------------------------------------------------\nRan 1 test in 0.000s\n\nFAILED (errors=1)\n\nCode Test Result: FAIL\n\nInput and Expected Output Example:\nInput: \"1101\", \"1110\"\nExpected Output: 1\n\nConclusion: The code has failed the tests.\n\nCode Test Failed."
}