{
    "start_time": "2024-02-13_16-36-26-273794",
    "task": "\ndef starts_one_ends(n):\n    \"\"\"\n    Given a positive integer n, return the count of the numbers of n-digit\n    positive integers that start or end with 1.\n    \"\"\"\n",
    "datetime": {
        "task": "2024-02-13 16:36:26",
        "task-id": "2024-02-13 16:36:26",
        "workflow": "2024-02-13 16:36:26",
        "Discussion": "2024-02-13 16:36:27",
        "DisorderedSprintMeetings": "2024-02-13 16:36:28",
        "UserStoryDraft0": "2024-02-13 16:37:21",
        "AnalyzeMeetings": "2024-02-13 16:37:23",
        "UserStory0": "2024-02-13 16:38:18",
        "CodeDraft0": "2024-02-13 16:38:19",
        "CodeReviewMeetings0": "2024-02-13 16:38:21",
        "Code0CR": "2024-02-13 16:38:22",
        "FinalCode": "2024-02-13 16:38:57",
        "Test Cases Draft": "2024-02-13 16:38:23",
        "Test Cases Meetings": "2024-02-13 16:38:25",
        "Test Cases": "2024-02-13 16:38:26",
        "Code0": "2024-02-13 16:38:28",
        "TestScriptOriginal": "2024-02-13 16:38:30",
        "TestScript": "2024-02-13 16:38:30",
        "ScriptResult0": "2024-02-13 16:38:31",
        "TestReport0": "2024-02-13 16:38:34",
        "SprintReview0": "2024-02-13 16:38:36",
        "SprintReviewMeetings0": "2024-02-13 16:38:38",
        "RepairResponse0": "2024-02-13 16:38:39",
        "Code1": "2024-02-13 16:38:39",
        "ScriptResult1": "2024-02-13 16:38:39",
        "TestReport1": "2024-02-13 16:38:43",
        "SprintReview1": "2024-02-13 16:38:45",
        "SprintReviewMeetings1": "2024-02-13 16:38:47",
        "RepairResponse1": "2024-02-13 16:38:49",
        "Code2": "2024-02-13 16:38:49",
        "ScriptResult2": "2024-02-13 16:38:49",
        "TestReport2": "2024-02-13 16:38:52",
        "SprintReview2": "2024-02-13 16:38:54",
        "SprintReviewMeetings2": "2024-02-13 16:38:56",
        "RepairResponse2": "2024-02-13 16:38:57",
        "Code3": "2024-02-13 16:38:57",
        "ScriptResult3": "2024-02-13 16:38:57",
        "TestReport3": "2024-02-13 16:39:00"
    },
    "task-id": "HumanEval/83",
    "workflow": "agile/agile_version_0.0.5_remove_stage.json",
    "Discussion": "[ScrumMaster]says: We have a job: \ndef starts_one_ends(n):\n    \"\"\"\n    Given a positive integer n, return the count of the numbers of n-digit\n    positive integers that start or end with 1.\n    \"\"\"\n, do you have any ideas?\n-----\n\n[Tester]says: As a Tester, I don't have any ideas to contribute at this point in the discussion.\n-----\n\n[ProductOwner]says: As a Product Owner, I think the first step is to gather user requirements and understand the market demand for this feature.\n-----\n\n[Developer]says: As a Developer, I think we should start by brainstorming different approaches to solving the problem before diving into coding.\n-----\n\n[Architect]says: As an Architect, I believe we should first prioritize the design of the algorithm to efficiently count the numbers of n-digit positive integers that start or end with 1.\n-----\n\n[Developer]says: As a Developer, I think the first step is to brainstorm different approaches to solving the problem before diving into coding.\n-----\n\n[Tester]says: [Tester] As a Tester, I don't have any ideas to contribute at this point in the discussion.\n-----\n\n[ProductOwner]says: As a Product Owner, I think the first step is to gather user requirements and understand the market demand for this feature.\n-----\n\n[Architect]says: As an Architect, I believe we should first prioritize the design of the algorithm to efficiently count the numbers of n-digit positive integers that start or end with 1.\n-----\n",
    "DisorderedSprintMeetings": "{\n  \"product-owner\":[\"Gather user requirements\", \"Understand market demand\"],\n  \"architect\":[\"Prioritize algorithm design\", \"Efficiently count numbers\"],\n  \"developer\":[\"Brainstorm different approaches\", \"Start coding\"],\n  \"tester\":[\"No specific tasks\"]\n}",
    "DisorderedSprintMeetings_prompt": "{\"Role\": \"You are a professional scrum master. Your goal is to breakdown the Discussion History into a task list for the scrum team.\", \"Instruction\": \"1. Read and Understand the Discussion History. 2. Define the tasks for four roles: product-owner/architect/developer/tester. 3. Response in JSON format.\", \"Example\": \"{\\\"product-owner\\\":[\\\"task1\\\",\\\"task2\\\"],\\\"architect\\\":[\\\"task1\\\",\\\"task2\\\"], \\\"developer\\\":[\\\"task1\\\",\\\"task2\\\"], \\\"tester\\\":[\\\"task1\\\",\\\"task2\\\"]}\", \"Context\": \"[ScrumMaster]says: We have a job: \\ndef starts_one_ends(n):\\n    \\\"\\\"\\\"\\n    Given a positive integer n, return the count of the numbers of n-digit\\n    positive integers that start or end with 1.\\n    \\\"\\\"\\\"\\n, do you have any ideas?\\n-----\\n\\n[Tester]says: As a Tester, I don't have any ideas to contribute at this point in the discussion.\\n-----\\n\\n[ProductOwner]says: As a Product Owner, I think the first step is to gather user requirements and understand the market demand for this feature.\\n-----\\n\\n[Developer]says: As a Developer, I think we should start by brainstorming different approaches to solving the problem before diving into coding.\\n-----\\n\\n[Architect]says: As an Architect, I believe we should first prioritize the design of the algorithm to efficiently count the numbers of n-digit positive integers that start or end with 1.\\n-----\\n\\n[Developer]says: As a Developer, I think the first step is to brainstorm different approaches to solving the problem before diving into coding.\\n-----\\n\\n[Tester]says: [Tester] As a Tester, I don't have any ideas to contribute at this point in the discussion.\\n-----\\n\\n[ProductOwner]says: As a Product Owner, I think the first step is to gather user requirements and understand the market demand for this feature.\\n-----\\n\\n[Architect]says: As an Architect, I believe we should first prioritize the design of the algorithm to efficiently count the numbers of n-digit positive integers that start or end with 1.\\n-----\\n\", \"Question\": \"Follow the Instruction section. The Discussion History is in the Context section. You only need to return a task list as the Example section.\"}",
    "UserStoryDraft0": "{\n  \"UserStory\": {\n    \"As a product owner, I want to gather user requirements and understand market demand in order to determine the need for a function that takes a positive integer n and returns the count of n-digit positive integers that start or end with 1.\"\n  \n   \n  \n  \n  \n  \n  \n  \n  \n  \n  \n  \n  \n  \n  \n  \n  \n  \n  \n  \n  \n  \n  \n  \n  \n  \n  \n  \n  \n  \n  \n  \n  \n  \n  \n  \n  \n  \n  \n  \n  \n  \n  \n  \n  \n  \n  \n  \n  \n  \n  \n  \n  \n  \n  \n  \n  \n  \n  \n  \n  \n  \n  \n  \n  \n  \n  \n  \n  \n  \n  \n  \n  \n  \n  \n  \n  \n  \n  \n  \n  \n  \n  \n  \n  \n  \n  \n  \n  \n  \n  \n  \n  \n  \n  \n  \n  \n  ",
    "UserStoryDraft0_prompt": "{\"Role\": \"You need to act as a professional product owner. Your task is to write a UserStory\", \"Instruction\": \"According to the Context, please analyze the requirement and write your response. Response in JSON format. Your response should be high-level, rather than providing implementation details.\", \"Example\": \"\", \"Context\": [\"Gather user requirements\", \"Understand market demand\"], \"Question\": \"Follow the Instruction. The requirement is as follows:\\n\\ndef starts_one_ends(n):\\n    \\\"\\\"\\\"\\n    Given a positive integer n, return the count of the numbers of n-digit\\n    positive integers that start or end with 1.\\n    \\\"\\\"\\\"\\n\"}",
    "AnalyzeMeetings": "{\n  \"Architect\": \"Based on the user story, it seems like the function needs to count the number of n-digit positive integers that start or end with 1. I would suggest breaking down the function into smaller, more specific tasks and creating clear requirements for each task. This will help in designing a more efficient and maintainable solution.\",\n  \"Tester\": \"I would suggest creating test cases for different scenarios such as when n is 1, when n is a larger number, and when there are no n-digit positive integers that start or end with 1. Additionally, it would be helpful to test for edge cases and boundary conditions to ensure the function handles all possible inputs accurately.\"\n}",
    "UserStory0": "{\n  \"RevisedDocument\": {\n    \"UserStory\": {\n      \"As a product owner, I want to gather user requirements and understand market demand in order to determine the need for a function that takes a positive integer n and returns the count of n-digit positive integers that start or end with 1.\"\n   \n  \n  \n  \n  \n  \n  \n  \n  \n  \n  \n  \n  \n  \n  \n  \n  \n  \n  \n  \n  \n  \n  \n  \n  \n  \n  \n  \n  \n  \n  \n  \n  \n  \n  \n  \n  \n  \n  \n  \n  \n  \n  \n  \n  \n  \n  \n  \n  \n  \n  \n  \n  \n  \n  \n  \n  \n  \n  \n  \n  \n  \n  \n  \n  \n  \n  \n  \n  \n  \n  \n  \n  \n  \n  \n  \n  \n  \n  \n  \n  \n  \n  \n  \n  \n  \n  \n  \n  \n  \n  \n  \n  \n  \n  \n  \n  \n  \n  \n  ",
    "UserStory0_prompt": {
        "Role": "You need to act as a professional product owner. Your duty is to revise the document based on the suggestions.",
        "Instruction": "1. Read the suggestions. 2. Revise your draft version document. 3. Response in JSON format. 4. REMEMBER: Your analysis should be high-level, rather than providing implementation details.",
        "Example": "",
        "Context": "# Suggestion:\n{\n  \"Architect\": \"Based on the user story, it seems like the function needs to count the number of n-digit positive integers that start or end with 1. I would suggest breaking down the function into smaller, more specific tasks and creating clear requirements for each task. This will help in designing a more efficient and maintainable solution.\",\n  \"Tester\": \"I would suggest creating test cases for different scenarios such as when n is 1, when n is a larger number, and when there are no n-digit positive integers that start or end with 1. Additionally, it would be helpful to test for edge cases and boundary conditions to ensure the function handles all possible inputs accurately.\"\n}",
        "Question": "Follow the Instruction. Your colleague give you some suggestions(in the Context section) about this draft document:{\n  \"UserStory\": {\n    \"As a product owner, I want to gather user requirements and understand market demand in order to determine the need for a function that takes a positive integer n and returns the count of n-digit positive integers that start or end with 1.\"\n  \n   \n  \n  \n  \n  \n  \n  \n  \n  \n  \n  \n  \n  \n  \n  \n  \n  \n  \n  \n  \n  \n  \n  \n  \n  \n  \n  \n  \n  \n  \n  \n  \n  \n  \n  \n  \n  \n  \n  \n  \n  \n  \n  \n  \n  \n  \n  \n  \n  \n  \n  \n  \n  \n  \n  \n  \n  \n  \n  \n  \n  \n  \n  \n  \n  \n  \n  \n  \n  \n  \n  \n  \n  \n  \n  \n  \n  \n  \n  \n  \n  \n  \n  \n  \n  \n  \n  \n  \n  \n  \n  \n  \n  \n  \n  \n  \n  "
    },
    "CodeDraft0": "def starts_one_ends(n):\n    count = 0\n    for i in range(10**(n-1), 10**n):\n        if str(i)[0] == '1' or str(i)[-1] == '1':\n            count += 1\n    return count",
    "CodeDraft0_prompt": {
        "Role": "You are a professional engineer. Your duty is to write code in Python that meets the requirements. Ensure that the code you write is efficient, readable, and follows best practices. Remember, do not need to explain the code you wrote.",
        "Instruction": "According to the Context section, write your code.",
        "Example": "",
        "Context": "# Tasks:\n['Brainstorm different approaches', 'Start coding']\n",
        "Question": "Follow the Instruction section. Complete the following code:\n\ndef starts_one_ends(n):\n    \"\"\"\n    Given a positive integer n, return the count of the numbers of n-digit\n    positive integers that start or end with 1.\n    \"\"\"\n"
    },
    "CodeReviewMeetings0": "{\n  \"Architect\": \"The function name starts_one_ends does not clearly indicate what it does. It would be better to use a more descriptive name. Additionally, the variable name 'n' is not very descriptive. It would be better to use a more meaningful name.\",\n  \"Tester\": \"The code should be tested with different input values of 'n' to ensure that it returns the correct count of numbers that start or end with '1'. Additionally, edge cases such as negative values of 'n' and very large values of 'n' should be tested to ensure that the function handles them correctly.\"\n}",
    "Code0CR": "def count_numbers_start_or_end_with_one(n):\n    count = 0\n    for i in range(10**(n-1), 10**n):\n        if str(i)[0] == '1' or str(i)[-1] == '1':\n            count += 1\n    return count",
    "Code0CR_prompt": "{\"Role\": \"You are a professional software engineer. Your duty is to write code in Python that meets the requirements. Ensure that the code you write is efficient, readable, and follows best practices. Remember, do not need to explain the code you wrote.\", \"Instruction\": \"1. Understand the suggestions(in the Context section) about the original code. 2. Rewrite your code.\", \"Example\": \"\", \"Context\": \"# Tasks:\\n['Brainstorm different approaches', 'Start coding']\\n# Suggestions:\\n{\\n  \\\"Architect\\\": \\\"The function name starts_one_ends does not clearly indicate what it does. It would be better to use a more descriptive name. Additionally, the variable name 'n' is not very descriptive. It would be better to use a more meaningful name.\\\",\\n  \\\"Tester\\\": \\\"The code should be tested with different input values of 'n' to ensure that it returns the correct count of numbers that start or end with '1'. Additionally, edge cases such as negative values of 'n' and very large values of 'n' should be tested to ensure that the function handles them correctly.\\\"\\n}\", \"Question\": \"Follow the Instruction section. Complete the following code:\\n\\ndef starts_one_ends(n):\\n    \\\"\\\"\\\"\\n    Given a positive integer n, return the count of the numbers of n-digit\\n    positive integers that start or end with 1.\\n    \\\"\\\"\\\"\\n\"}",
    "FinalCode": "def starts_one_ends(n):\n    count = 0\n    if n == 1:\n        count = 1\n    else:\n        count = 2 * 9 * 10**(n-1) + 10**(n-2)\n    return count",
    "Test Cases Draft": "{\n  \"requirement analysis\": \"analysis\",\n  \"test_cases\": [\n    {\n      \"Test Title\": \"positive integer\",\n      \"Input Data\": \"n=2\",\n      \"Expected Output\": \"19\"\n    },\n    {\n      \"Test Title\": \"large positive integer\",\n      \"Input Data\": \"n=5\",\n      \"Expected Output\": \"109\"\n    }\n  ]\n}",
    "Test Cases Draft_prompt": "{\"Role\": \"You are a quality assurance engineer. Your duty is to design test cases for the developers.\", \"Instruction\": \"According to the Context section, write test cases. Don't write long strings in your test cases. Response in JSON format.\", \"Example\": \"{\\\"requirement analysis\\\":\\\"analysis\\\",\\\"test_cases\\\":[{\\\"Test Title\\\":\\\"title\\\", \\\"Input Data\\\":\\\"parameter1=[1,2,3],parameter2='123'\\\", \\\"Expected Output\\\":\\\"456\\\"},]}\", \"Context\": \"# UsrtStory:\\n{\\n  \\\"RevisedDocument\\\": {\\n    \\\"UserStory\\\": {\\n      \\\"As a product owner, I want to gather user requirements and understand market demand in order to determine the need for a function that takes a positive integer n and returns the count of n-digit positive integers that start or end with 1.\\\"\\n   \\n  \\n  \\n  \\n  \\n  \\n  \\n  \\n  \\n  \\n  \\n  \\n  \\n  \\n  \\n  \\n  \\n  \\n  \\n  \\n  \\n  \\n  \\n  \\n  \\n  \\n  \\n  \\n  \\n  \\n  \\n  \\n  \\n  \\n  \\n  \\n  \\n  \\n  \\n  \\n  \\n  \\n  \\n  \\n  \\n  \\n  \\n  \\n  \\n  \\n  \\n  \\n  \\n  \\n  \\n  \\n  \\n  \\n  \\n  \\n  \\n  \\n  \\n  \\n  \\n  \\n  \\n  \\n  \\n  \\n  \\n  \\n  \\n  \\n  \\n  \\n  \\n  \\n  \\n  \\n  \\n  \\n  \\n  \\n  \\n  \\n  \\n  \\n  \\n  \\n  \\n  \\n  \\n  \\n  \\n  \\n  \\n  \\n  \\n  \\n# Tasks:\\n['No specific tasks']\\n\", \"Question\": \"\\ndef starts_one_ends(n):\\n    \\\"\\\"\\\"\\n    Given a positive integer n, return the count of the numbers of n-digit\\n    positive integers that start or end with 1.\\n    \\\"\\\"\\\"\\n\"}",
    "Test Cases Meetings": "{\n  \"Architect\": \"As an Architect, I would suggest revising the test cases to include a wider range of input data and expected outputs. This will help ensure that the system can handle various scenarios and edge cases.\",\n  \"Developer\": \"As a Developer, I would suggest revising the test cases to include boundary value analysis and equivalence partitioning. This will help ensure that the test cases cover all possible input values and their expected outputs.\"\n}",
    "Test Cases": "{\n  \"requirement analysis\": \"analysis\",\n  \"test_cases\": [\n    {\n      \"Test Title\": \"positive integer\",\n      \"Input Data\": \"n=2\",\n      \"Expected Output\": \"2\"\n    },\n    {\n      \"Test Title\": \"large positive integer\",\n      \"Input Data\": \"n=5\",\n      \"Expected Output\": \"10\"\n    }\n  ]\n}",
    "Test Cases_prompt": "{\"Role\": \"You are a quality assurance engineer. Your duty is to revise the test cases based on the suggestions.\", \"Instruction\": \"1. Your colleague give you some suggestions(in the Context section) about the draft test cases, read these suggestions. 2. Revise your draft version test cases, but don't use long parameters. 3. Response in JSON format.\", \"Example\": \"{\\\"requirement analysis\\\":\\\"analysis\\\",\\\"test_cases\\\":[{\\\"Test Title\\\":\\\"title\\\", \\\"Input Data\\\":\\\"parameter1=[1,2,3],parameter2='123'\\\", \\\"Expected Output\\\":\\\"456\\\"},]}\", \"Context\": \"# Suggestions:\\n{\\n  \\\"Architect\\\": \\\"As an Architect, I would suggest revising the test cases to include a wider range of input data and expected outputs. This will help ensure that the system can handle various scenarios and edge cases.\\\",\\n  \\\"Developer\\\": \\\"As a Developer, I would suggest revising the test cases to include boundary value analysis and equivalence partitioning. This will help ensure that the test cases cover all possible input values and their expected outputs.\\\"\\n}\\n # Draft Test cases:\\n{\\n  \\\"requirement analysis\\\": \\\"analysis\\\",\\n  \\\"test_cases\\\": [\\n    {\\n      \\\"Test Title\\\": \\\"positive integer\\\",\\n      \\\"Input Data\\\": \\\"n=2\\\",\\n      \\\"Expected Output\\\": \\\"19\\\"\\n    },\\n    {\\n      \\\"Test Title\\\": \\\"large positive integer\\\",\\n      \\\"Input Data\\\": \\\"n=5\\\",\\n      \\\"Expected Output\\\": \\\"109\\\"\\n    }\\n  ]\\n}\", \"Question\": \"Follow the Instruction. Please make sure your response length are less than 512. Your test cases is for the below question:\\n\\ndef starts_one_ends(n):\\n    \\\"\\\"\\\"\\n    Given a positive integer n, return the count of the numbers of n-digit\\n    positive integers that start or end with 1.\\n    \\\"\\\"\\\"\\n\"}",
    "Code0": "def count_numbers_start_or_end_with_one(n):\n    count = 0\n    for i in range(10**(n-1), 10**n):\n        if str(i)[0] == '1' or str(i)[-1] == '1':\n            count += 1\n    return count\n\ndef starts_one_ends(n):\n    count = 0\n    for i in range(10**(n-1), 10**n):\n        if str(i)[0] == '1' or str(i)[-1] == '1':\n            count += 1\n    return count",
    "Code0_prompt": {
        "Role": "You are a professional software engineer. Your duty is to write code in Python that meets the requirements. Ensure that the code you write is efficient, readable, and follows best practices. Remember, do not need to explain the code you wrote.",
        "Instruction": "1. Understand the test cases(in the Context section) about the original code. 2. Rewrite your code, make sure your code pass all test cases.",
        "Example": "",
        "Context": "# Original Code:\ndef count_numbers_start_or_end_with_one(n):\n    count = 0\n    for i in range(10**(n-1), 10**n):\n        if str(i)[0] == '1' or str(i)[-1] == '1':\n            count += 1\n    return count\n# Test Cases:\n{\n  \"requirement analysis\": \"analysis\",\n  \"test_cases\": [\n    {\n      \"Test Title\": \"positive integer\",\n      \"Input Data\": \"n=2\",\n      \"Expected Output\": \"2\"\n    },\n    {\n      \"Test Title\": \"large positive integer\",\n      \"Input Data\": \"n=5\",\n      \"Expected Output\": \"10\"\n    }\n  ]\n}",
        "Question": "\ndef starts_one_ends(n):\n    \"\"\"\n    Given a positive integer n, return the count of the numbers of n-digit\n    positive integers that start or end with 1.\n    \"\"\"\n"
    },
    "TestScriptOriginal": "import unittest\n\ndef starts_one_ends(n):\n    count = 0\n    for i in range(10**(n-1), 10**n):\n        if str(i)[0] == '1' or str(i)[-1] == '1':\n            count += 1\n    return count\n\nclass Test(unittest.TestCase):\n    def test_starts_one_ends(self):\n        self.assertEqual(starts_one_ends(1), 1)\n        self.assertEqual(starts_one_ends(2), 19)\n        self.assertEqual(starts_one_ends(3), 271)\n\nif __name__ == '__main__':\n    unittest.main()",
    "TestScriptOriginal_prompt": "{\"Role\": \"You are a quality assurance engineer. Your duty is to write a python test script in unittest framework.\", \"Instruction\": \"1. Write a python test script. 2. Use the input and output given by the question.\", \"Example\": \"import unittest\\n\\nclass Test(unittest.TestCase):\\n    def test(self):\\n        self.assertEqual(function_under_test('a'), 1)\\n\\nif __name__ == '__main__':\\n    unittest.main()\", \"Context\": \"\", \"Question\": \"\\ndef starts_one_ends(n):\\n    \\\"\\\"\\\"\\n    Given a positive integer n, return the count of the numbers of n-digit\\n    positive integers that start or end with 1.\\n    \\\"\\\"\\\"\\n\"}",
    "TestScript": "import unittest\n\nclass Test(unittest.TestCase):\n    def test_starts_one_ends(self):\n        self.assertEqual(starts_one_ends(1), 1)\n        self.assertEqual(starts_one_ends(2), 19)\n        self.assertEqual(starts_one_ends(3), 271)\n\nif __name__ == '__main__':\n    unittest.main()",
    "ScriptResult0": "F\n======================================================================\nFAIL: test_starts_one_ends (__main__.Test)\n----------------------------------------------------------------------\nTraceback (most recent call last):\n  File \"/Users/watch/PycharmProjects/XXXX-1-LLM/workspace/2024-02-13_16-36-26-273794/test_script.py\", line 19, in test_starts_one_ends\n    self.assertEqual(starts_one_ends(2), 19)\nAssertionError: 18 != 19\n\n----------------------------------------------------------------------\nRan 1 test in 0.000s\n\nFAILED (failures=1)\n",
    "TestReport0": "Test Report\n------------\n\n# Test Script Output:\nF\n======================================================================\nFAIL: test_starts_one_ends (__main__.Test)\n----------------------------------------------------------------------\nTraceback (most recent call last):\n  File \"/Users/watch/PycharmProjects/XXXX-1-LLM/workspace/2024-02-13_16-36-26-273794/test_script.py\", line 19, in test_starts_one_ends\n    self.assertEqual(starts_one_ends(2), 19)\nAssertionError: 18 != 19\n\n----------------------------------------------------------------------\nRan 1 test in 0.000s\n\nFAILED (failures=1)\n\n------------\n\nBased on the test script's output, it is observed that the test case for the function 'starts_one_ends' has failed. The expected output was 19, but the actual output was 18.\n\nExample of Input and Expected Output:\nInput: 2\nExpected Output: 19\n\nAs the test has failed, the code has not passed the tests.\n\nConclusion: Code Test Failed.",
    "SprintReview0": "[ScrumMaster]says: Here is our test Report: Test Report\n------------\n\n# Test Script Output:\nF\n======================================================================\nFAIL: test_starts_one_ends (__main__.Test)\n----------------------------------------------------------------------\nTraceback (most recent call last):\n  File \"/Users/watch/PycharmProjects/XXXX-1-LLM/workspace/2024-02-13_16-36-26-273794/test_script.py\", line 19, in test_starts_one_ends\n    self.assertEqual(starts_one_ends(2), 19)\nAssertionError: 18 != 19\n\n----------------------------------------------------------------------\nRan 1 test in 0.000s\n\nFAILED (failures=1)\n\n------------\n\nBased on the test script's output, it is observed that the test case for the function 'starts_one_ends' has failed. The expected output was 19, but the actual output was 18.\n\nExample of Input and Expected Output:\nInput: 2\nExpected Output: 19\n\nAs the test has failed, the code has not passed the tests.\n\nConclusion: Code Test Failed., do you have any ideas?\n-----\n\n[Tester]says: As a Tester, I recommend reviewing the code for the 'starts_one_ends' function to identify the issue and make necessary corrections.\n-----\n\n[ProductOwner]says: As a Product Owner, I think we should prioritize fixing the failed test case for the function 'starts_one_ends' before proceeding with any other development tasks.\n-----\n\n[Architect]says: As an architect, I recommend reviewing the code for the 'starts_one_ends' function to identify the source of the discrepancy between the expected and actual output.\n-----\n\n[Developer]says: As a Developer, I will review the test script and make the necessary changes to the code to ensure it passes the test case for the function 'starts_one_ends'.\n-----\n\n[Tester]says: As a Tester, I recommend reviewing the code for the 'starts_one_ends' function to identify the issue and make necessary corrections.\n-----\n\n[ProductOwner]says: As a Product Owner, I think we should prioritize fixing the failed test case for the function 'starts_one_ends' before proceeding with any other development tasks.\n-----\n\n[Architect]says: As an architect, I recommend reviewing the code for the 'starts_one_ends' function to identify the source of the discrepancy between the expected and actual output.\n-----\n\n[Developer]says: As a Developer, I will review the test script and make the necessary changes to the code to ensure it passes the test case for the function 'starts_one_ends'.\n-----\n",
    "SprintReviewMeetings0": "{\n  \"product-owner\":[\"I think we should prioritize fixing the failed test case for the function 'starts_one_ends' before proceeding with any other development tasks.\"],\n  \"architect\":[\"I recommend reviewing the code for the 'starts_one_ends' function to identify the source of the discrepancy between the expected and actual output.\"],\n  \"developer\":[\"I will review the test script and make the necessary changes to the code to ensure it passes the test case for the function 'starts_one_ends'.\"],\n  \"tester\":[\"I recommend reviewing the code for the 'starts_one_ends' function to identify the issue and make necessary corrections.\"]\n}",
    "SprintReviewMeetings0_prompt": "{\"Role\": \"You are a professional scrum master. Your goal is to summary the Discussion History into a suggestions list for the scrum team.\", \"Instruction\": \"1. Read and Understand the Discussion History. 2. Summary the suggestions from four roles: product-owner/architect/developer/tester. 3. Response in JSON format.\", \"Example\": \"{\\\"product-owner\\\":[\\\"suggestion1\\\",\\\"suggestion2\\\"],\\\"architect\\\":[\\\"suggestion1\\\",\\\"suggestion2\\\"], \\\"developer\\\":[\\\"suggestion1\\\",\\\"suggestion2\\\"], \\\"tester\\\":[\\\"suggestion1\\\",\\\"suggestion2\\\"]}\", \"Context\": \"[ScrumMaster]says: Here is our test Report: Test Report\\n------------\\n\\n# Test Script Output:\\nF\\n======================================================================\\nFAIL: test_starts_one_ends (__main__.Test)\\n----------------------------------------------------------------------\\nTraceback (most recent call last):\\n  File \\\"/Users/watch/PycharmProjects/XXXX-1-LLM/workspace/2024-02-13_16-36-26-273794/test_script.py\\\", line 19, in test_starts_one_ends\\n    self.assertEqual(starts_one_ends(2), 19)\\nAssertionError: 18 != 19\\n\\n----------------------------------------------------------------------\\nRan 1 test in 0.000s\\n\\nFAILED (failures=1)\\n\\n------------\\n\\nBased on the test script's output, it is observed that the test case for the function 'starts_one_ends' has failed. The expected output was 19, but the actual output was 18.\\n\\nExample of Input and Expected Output:\\nInput: 2\\nExpected Output: 19\\n\\nAs the test has failed, the code has not passed the tests.\\n\\nConclusion: Code Test Failed., do you have any ideas?\\n-----\\n\\n[Tester]says: As a Tester, I recommend reviewing the code for the 'starts_one_ends' function to identify the issue and make necessary corrections.\\n-----\\n\\n[ProductOwner]says: As a Product Owner, I think we should prioritize fixing the failed test case for the function 'starts_one_ends' before proceeding with any other development tasks.\\n-----\\n\\n[Architect]says: As an architect, I recommend reviewing the code for the 'starts_one_ends' function to identify the source of the discrepancy between the expected and actual output.\\n-----\\n\\n[Developer]says: As a Developer, I will review the test script and make the necessary changes to the code to ensure it passes the test case for the function 'starts_one_ends'.\\n-----\\n\\n[Tester]says: As a Tester, I recommend reviewing the code for the 'starts_one_ends' function to identify the issue and make necessary corrections.\\n-----\\n\\n[ProductOwner]says: As a Product Owner, I think we should prioritize fixing the failed test case for the function 'starts_one_ends' before proceeding with any other development tasks.\\n-----\\n\\n[Architect]says: As an architect, I recommend reviewing the code for the 'starts_one_ends' function to identify the source of the discrepancy between the expected and actual output.\\n-----\\n\\n[Developer]says: As a Developer, I will review the test script and make the necessary changes to the code to ensure it passes the test case for the function 'starts_one_ends'.\\n-----\\n\", \"Question\": \"Follow the Instruction section. The Discussion History is in the Context section. You only need to return a list as the Example section.\"}",
    "RepairResponse0": "{\n  \"revised_code\": \"def starts_one_ends(n):\\n    count = 0\\n    for i in range(10**(n-1), 10**n):\\n        if str(i)[0] == '1' or str(i)[-1] == '1':\\n            count += 1\\n    return count\"\n}",
    "RepairResponse0_prompt": {
        "Role": "You are a professional software engineer. Your duty is to write code in Python that meets the requirements. Ensure that the code you write is efficient, readable, and follows best practices. Remember, do not need to explain the code you wrote.",
        "Instruction": "1. Rewrite a bug fix version of the original code. 2. Response in JSON format.",
        "Example": "{\"revised_code\":\"...\"}",
        "Context": "# Test Report:\nTest Report\n------------\n\n# Test Script Output:\nF\n======================================================================\nFAIL: test_starts_one_ends (__main__.Test)\n----------------------------------------------------------------------\nTraceback (most recent call last):\n  File \"/Users/watch/PycharmProjects/XXXX-1-LLM/workspace/2024-02-13_16-36-26-273794/test_script.py\", line 19, in test_starts_one_ends\n    self.assertEqual(starts_one_ends(2), 19)\nAssertionError: 18 != 19\n\n----------------------------------------------------------------------\nRan 1 test in 0.000s\n\nFAILED (failures=1)\n\n------------\n\nBased on the test script's output, it is observed that the test case for the function 'starts_one_ends' has failed. The expected output was 19, but the actual output was 18.\n\nExample of Input and Expected Output:\nInput: 2\nExpected Output: 19\n\nAs the test has failed, the code has not passed the tests.\n\nConclusion: Code Test Failed.# suggestions:\n{\"product-owner\": [\"I think we should prioritize fixing the failed test case for the function 'starts_one_ends' before proceeding with any other development tasks.\"], \"architect\": [\"I recommend reviewing the code for the 'starts_one_ends' function to identify the source of the discrepancy between the expected and actual output.\"], \"developer\": [\"I will review the test script and make the necessary changes to the code to ensure it passes the test case for the function 'starts_one_ends'.\"], \"tester\": [\"I recommend reviewing the code for the 'starts_one_ends' function to identify the issue and make necessary corrections.\"]}",
        "Question": "The original code has some bugs, according to the test report and suggestions, rewrite the code. Complete the following code:\n\ndef starts_one_ends(n):\n    \"\"\"\n    Given a positive integer n, return the count of the numbers of n-digit\n    positive integers that start or end with 1.\n    \"\"\"\n"
    },
    "Code1": "def starts_one_ends(n):\n    count = 0\n    for i in range(10**(n-1), 10**n):\n        if str(i)[0] == '1' or str(i)[-1] == '1':\n            count += 1\n    return count",
    "ScriptResult1": "F\n======================================================================\nFAIL: test_starts_one_ends (__main__.Test)\n----------------------------------------------------------------------\nTraceback (most recent call last):\n  File \"/Users/watch/PycharmProjects/XXXX-1-LLM/workspace/2024-02-13_16-36-26-273794/test_script.py\", line 12, in test_starts_one_ends\n    self.assertEqual(starts_one_ends(2), 19)\nAssertionError: 18 != 19\n\n----------------------------------------------------------------------\nRan 1 test in 0.000s\n\nFAILED (failures=1)\n",
    "TestReport1": "Test Report:\n\nTest Script's Output:\nF\n======================================================================\nFAIL: test_starts_one_ends (__main__.Test)\n----------------------------------------------------------------------\nTraceback (most recent call last):\n  File \"/Users/watch/PycharmProjects/XXXX-1-LLM/workspace/2024-02-13_16-36-26-273794/test_script.py\", line 12, in test_starts_one_ends\n    self.assertEqual(starts_one_ends(2), 19)\nAssertionError: 18 != 19\n\n----------------------------------------------------------------------\nRan 1 test in 0.000s\n\nFAILED (failures=1)\n\nConclusion: Code Test Failed\n\nInput Example: starts_one_ends(2)\nExpected Output: 19\nActual Output: 18\n\nAnalysis:\nThe test script output indicates that the test case for the function starts_one_ends has failed. The assertion error shows that the expected output was 19, but the actual output was 18. This indicates a discrepancy in the function's logic or implementation.\n\nRecommendation:\nThe code for the starts_one_ends function needs to be reviewed and corrected to ensure that it produces the expected output for the given input.\n\nCode Test Failed",
    "SprintReview1": "[ScrumMaster]says: Here is our test Report: Test Report:\n\nTest Script's Output:\nF\n======================================================================\nFAIL: test_starts_one_ends (__main__.Test)\n----------------------------------------------------------------------\nTraceback (most recent call last):\n  File \"/Users/watch/PycharmProjects/XXXX-1-LLM/workspace/2024-02-13_16-36-26-273794/test_script.py\", line 12, in test_starts_one_ends\n    self.assertEqual(starts_one_ends(2), 19)\nAssertionError: 18 != 19\n\n----------------------------------------------------------------------\nRan 1 test in 0.000s\n\nFAILED (failures=1)\n\nConclusion: Code Test Failed\n\nInput Example: starts_one_ends(2)\nExpected Output: 19\nActual Output: 18\n\nAnalysis:\nThe test script output indicates that the test case for the function starts_one_ends has failed. The assertion error shows that the expected output was 19, but the actual output was 18. This indicates a discrepancy in the function's logic or implementation.\n\nRecommendation:\nThe code for the starts_one_ends function needs to be reviewed and corrected to ensure that it produces the expected output for the given input.\n\nCode Test Failed, do you have any ideas?\n-----\n\n[Tester]says: As a Tester, I recommend reviewing and correcting the code for the starts_one_ends function to ensure it produces the expected output for the given input.\n-----\n\n[Architect]says: As an Architect, I recommend conducting a thorough code review and debugging process to identify and correct the issue in the starts_one_ends function.\n-----\n\n[ProductOwner]says: As a Product Owner, I think we should prioritize reviewing and correcting the starts_one_ends function to ensure the expected output is produced for the given input.\n-----\n\n[Developer]says: As a Developer, I will review the code for the starts_one_ends function and make the necessary corrections to ensure it produces the expected output.\n-----\n\n[Architect]says: As an Architect, I recommend conducting a thorough code review and debugging process to identify and correct the issue in the starts_one_ends function.\n-----\n\n[ProductOwner]says: [ProductOwner] To create a product, we should prioritize reviewing and correcting the starts_one_ends function to ensure the expected output is produced for the given input.\n-----\n\n[Tester]says: [Tester] As a Tester, I recommend reviewing and correcting the code for the starts_one_ends function to ensure it produces the expected output for the given input.\n-----\n\n[Developer]says: As a Developer, I will review the code for the starts_one_ends function and make the necessary corrections to ensure it produces the expected output.\n-----\n",
    "SprintReviewMeetings1": "{\n  \"product-owner\":[\"I think we should prioritize reviewing and correcting the starts_one_ends function to ensure the expected output is produced for the given input.\"],\n  \"architect\":[\"I recommend conducting a thorough code review and debugging process to identify and correct the issue in the starts_one_ends function.\"],\n  \"developer\":[\"I will review the code for the starts_one_ends function and make the necessary corrections to ensure it produces the expected output.\"],\n  \"tester\":[\"I recommend reviewing and correcting the code for the starts_one_ends function to ensure it produces the expected output for the given input.\"]\n}",
    "SprintReviewMeetings1_prompt": "{\"Role\": \"You are a professional scrum master. Your goal is to summary the Discussion History into a suggestions list for the scrum team.\", \"Instruction\": \"1. Read and Understand the Discussion History. 2. Summary the suggestions from four roles: product-owner/architect/developer/tester. 3. Response in JSON format.\", \"Example\": \"{\\\"product-owner\\\":[\\\"suggestion1\\\",\\\"suggestion2\\\"],\\\"architect\\\":[\\\"suggestion1\\\",\\\"suggestion2\\\"], \\\"developer\\\":[\\\"suggestion1\\\",\\\"suggestion2\\\"], \\\"tester\\\":[\\\"suggestion1\\\",\\\"suggestion2\\\"]}\", \"Context\": \"[ScrumMaster]says: Here is our test Report: Test Report:\\n\\nTest Script's Output:\\nF\\n======================================================================\\nFAIL: test_starts_one_ends (__main__.Test)\\n----------------------------------------------------------------------\\nTraceback (most recent call last):\\n  File \\\"/Users/watch/PycharmProjects/XXXX-1-LLM/workspace/2024-02-13_16-36-26-273794/test_script.py\\\", line 12, in test_starts_one_ends\\n    self.assertEqual(starts_one_ends(2), 19)\\nAssertionError: 18 != 19\\n\\n----------------------------------------------------------------------\\nRan 1 test in 0.000s\\n\\nFAILED (failures=1)\\n\\nConclusion: Code Test Failed\\n\\nInput Example: starts_one_ends(2)\\nExpected Output: 19\\nActual Output: 18\\n\\nAnalysis:\\nThe test script output indicates that the test case for the function starts_one_ends has failed. The assertion error shows that the expected output was 19, but the actual output was 18. This indicates a discrepancy in the function's logic or implementation.\\n\\nRecommendation:\\nThe code for the starts_one_ends function needs to be reviewed and corrected to ensure that it produces the expected output for the given input.\\n\\nCode Test Failed, do you have any ideas?\\n-----\\n\\n[Tester]says: As a Tester, I recommend reviewing and correcting the code for the starts_one_ends function to ensure it produces the expected output for the given input.\\n-----\\n\\n[Architect]says: As an Architect, I recommend conducting a thorough code review and debugging process to identify and correct the issue in the starts_one_ends function.\\n-----\\n\\n[ProductOwner]says: As a Product Owner, I think we should prioritize reviewing and correcting the starts_one_ends function to ensure the expected output is produced for the given input.\\n-----\\n\\n[Developer]says: As a Developer, I will review the code for the starts_one_ends function and make the necessary corrections to ensure it produces the expected output.\\n-----\\n\\n[Architect]says: As an Architect, I recommend conducting a thorough code review and debugging process to identify and correct the issue in the starts_one_ends function.\\n-----\\n\\n[ProductOwner]says: [ProductOwner] To create a product, we should prioritize reviewing and correcting the starts_one_ends function to ensure the expected output is produced for the given input.\\n-----\\n\\n[Tester]says: [Tester] As a Tester, I recommend reviewing and correcting the code for the starts_one_ends function to ensure it produces the expected output for the given input.\\n-----\\n\\n[Developer]says: As a Developer, I will review the code for the starts_one_ends function and make the necessary corrections to ensure it produces the expected output.\\n-----\\n\", \"Question\": \"Follow the Instruction section. The Discussion History is in the Context section. You only need to return a list as the Example section.\"}",
    "RepairResponse1": "{\n  \"revised_code\": \"def starts_one_ends(n):\\n    count = 0\\n    if n == 1:\\n        count = 1\\n    else:\\n        count = 2 * 9 * 10**(n-2)\\n    return count\"\n}",
    "RepairResponse1_prompt": {
        "Role": "You are a professional software engineer. Your duty is to write code in Python that meets the requirements. Ensure that the code you write is efficient, readable, and follows best practices. Remember, do not need to explain the code you wrote.",
        "Instruction": "1. Rewrite a bug fix version of the original code. 2. Response in JSON format.",
        "Example": "{\"revised_code\":\"...\"}",
        "Context": "# Test Report:\nTest Report:\n\nTest Script's Output:\nF\n======================================================================\nFAIL: test_starts_one_ends (__main__.Test)\n----------------------------------------------------------------------\nTraceback (most recent call last):\n  File \"/Users/watch/PycharmProjects/XXXX-1-LLM/workspace/2024-02-13_16-36-26-273794/test_script.py\", line 12, in test_starts_one_ends\n    self.assertEqual(starts_one_ends(2), 19)\nAssertionError: 18 != 19\n\n----------------------------------------------------------------------\nRan 1 test in 0.000s\n\nFAILED (failures=1)\n\nConclusion: Code Test Failed\n\nInput Example: starts_one_ends(2)\nExpected Output: 19\nActual Output: 18\n\nAnalysis:\nThe test script output indicates that the test case for the function starts_one_ends has failed. The assertion error shows that the expected output was 19, but the actual output was 18. This indicates a discrepancy in the function's logic or implementation.\n\nRecommendation:\nThe code for the starts_one_ends function needs to be reviewed and corrected to ensure that it produces the expected output for the given input.\n\nCode Test Failed# suggestions:\n{\"product-owner\": [\"I think we should prioritize reviewing and correcting the starts_one_ends function to ensure the expected output is produced for the given input.\"], \"architect\": [\"I recommend conducting a thorough code review and debugging process to identify and correct the issue in the starts_one_ends function.\"], \"developer\": [\"I will review the code for the starts_one_ends function and make the necessary corrections to ensure it produces the expected output.\"], \"tester\": [\"I recommend reviewing and correcting the code for the starts_one_ends function to ensure it produces the expected output for the given input.\"]}",
        "Question": "The original code has some bugs, according to the test report and suggestions, rewrite the code. Complete the following code:\n\ndef starts_one_ends(n):\n    \"\"\"\n    Given a positive integer n, return the count of the numbers of n-digit\n    positive integers that start or end with 1.\n    \"\"\"\n"
    },
    "Code2": "def starts_one_ends(n):\n    count = 0\n    if n == 1:\n        count = 1\n    else:\n        count = 2 * 9 * 10**(n-2)\n    return count",
    "ScriptResult2": "F\n======================================================================\nFAIL: test_starts_one_ends (__main__.Test)\n----------------------------------------------------------------------\nTraceback (most recent call last):\n  File \"/Users/watch/PycharmProjects/XXXX-1-LLM/workspace/2024-02-13_16-36-26-273794/test_script.py\", line 13, in test_starts_one_ends\n    self.assertEqual(starts_one_ends(2), 19)\nAssertionError: 18 != 19\n\n----------------------------------------------------------------------\nRan 1 test in 0.000s\n\nFAILED (failures=1)\n",
    "TestReport2": "Test Report:\n\nTest script's output:\nF\n======================================================================\nFAIL: test_starts_one_ends (__main__.Test)\n----------------------------------------------------------------------\nTraceback (most recent call last):\n  File \"/Users/watch/PycharmProjects/XXXX-1-LLM/workspace/2024-02-13_16-36-26-273794/test_script.py\", line 13, in test_starts_one_ends\n    self.assertEqual(starts_one_ends(2), 19)\nAssertionError: 18 != 19\n\n----------------------------------------------------------------------\nRan 1 test in 0.000s\n\nFAILED (failures=1)\n\nConclusion: Code Test Failed\n\nInput and Expected Output Example:\ndef starts_one_ends(n):\n    count = 0\n    if n == 1:\n        count = 1\n    else:\n        count = 2 * 9 * 10**(n-2)\n    return count\n\nIn this example, the test failed with the input of 2, where the expected output was 19 but the actual output was 18.",
    "SprintReview2": "[ScrumMaster]says: Here is our test Report: Test Report:\n\nTest script's output:\nF\n======================================================================\nFAIL: test_starts_one_ends (__main__.Test)\n----------------------------------------------------------------------\nTraceback (most recent call last):\n  File \"/Users/watch/PycharmProjects/XXXX-1-LLM/workspace/2024-02-13_16-36-26-273794/test_script.py\", line 13, in test_starts_one_ends\n    self.assertEqual(starts_one_ends(2), 19)\nAssertionError: 18 != 19\n\n----------------------------------------------------------------------\nRan 1 test in 0.000s\n\nFAILED (failures=1)\n\nConclusion: Code Test Failed\n\nInput and Expected Output Example:\ndef starts_one_ends(n):\n    count = 0\n    if n == 1:\n        count = 1\n    else:\n        count = 2 * 9 * 10**(n-2)\n    return count\n\nIn this example, the test failed with the input of 2, where the expected output was 19 but the actual output was 18., do you have any ideas?\n-----\n\n[ProductOwner]says: As a Product Owner, I believe we should prioritize fixing this failing test case before moving on to any new development.\n-----\n\n[Architect]says: As an architect, I think we should review the code and test script to identify the root cause of the failure and make necessary adjustments to the code.\n-----\n\n[Tester]says: As a Tester, it seems there is an issue with the test script and the expected output, we may need to review the starts_one_ends function to ensure it is returning the correct value for the input.\n-----\n\n[Developer]says: As a Developer, we need to review the test script and identify the issue in the starts_one_ends function to ensure the expected output is returned.\n-----\n\n[Architect]says: As an architect, I believe we should review the code and test script to identify the root cause of the failure and make necessary adjustments to the code.\n-----\n\n[ProductOwner]says: As a Product Owner, I believe we should prioritize fixing this failing test case before moving on to any new development.\n-----\n\n[Developer]says: As a Developer, I will review the test script and starts_one_ends function to identify and fix the issue causing the test failure.\n-----\n\n[Tester]says: As a Tester, it seems there is an issue with the test script and the expected output, we may need to review the starts_one_ends function to ensure it is returning the correct value for the input.\n-----\n",
    "SprintReviewMeetings2": "{\n  \"product-owner\":[\"We should prioritize fixing this failing test case before moving on to any new development.\"],\n  \"architect\":[\"We should review the code and test script to identify the root cause of the failure and make necessary adjustments to the code.\"],\n  \"developer\":[\"We need to review the test script and identify the issue in the starts_one_ends function to ensure the expected output is returned.\"],\n  \"tester\":[\"There is an issue with the test script and the expected output, we may need to review the starts_one_ends function to ensure it is returning the correct value for the input.\"]\n}",
    "SprintReviewMeetings2_prompt": "{\"Role\": \"You are a professional scrum master. Your goal is to summary the Discussion History into a suggestions list for the scrum team.\", \"Instruction\": \"1. Read and Understand the Discussion History. 2. Summary the suggestions from four roles: product-owner/architect/developer/tester. 3. Response in JSON format.\", \"Example\": \"{\\\"product-owner\\\":[\\\"suggestion1\\\",\\\"suggestion2\\\"],\\\"architect\\\":[\\\"suggestion1\\\",\\\"suggestion2\\\"], \\\"developer\\\":[\\\"suggestion1\\\",\\\"suggestion2\\\"], \\\"tester\\\":[\\\"suggestion1\\\",\\\"suggestion2\\\"]}\", \"Context\": \"[ScrumMaster]says: Here is our test Report: Test Report:\\n\\nTest script's output:\\nF\\n======================================================================\\nFAIL: test_starts_one_ends (__main__.Test)\\n----------------------------------------------------------------------\\nTraceback (most recent call last):\\n  File \\\"/Users/watch/PycharmProjects/XXXX-1-LLM/workspace/2024-02-13_16-36-26-273794/test_script.py\\\", line 13, in test_starts_one_ends\\n    self.assertEqual(starts_one_ends(2), 19)\\nAssertionError: 18 != 19\\n\\n----------------------------------------------------------------------\\nRan 1 test in 0.000s\\n\\nFAILED (failures=1)\\n\\nConclusion: Code Test Failed\\n\\nInput and Expected Output Example:\\ndef starts_one_ends(n):\\n    count = 0\\n    if n == 1:\\n        count = 1\\n    else:\\n        count = 2 * 9 * 10**(n-2)\\n    return count\\n\\nIn this example, the test failed with the input of 2, where the expected output was 19 but the actual output was 18., do you have any ideas?\\n-----\\n\\n[ProductOwner]says: As a Product Owner, I believe we should prioritize fixing this failing test case before moving on to any new development.\\n-----\\n\\n[Architect]says: As an architect, I think we should review the code and test script to identify the root cause of the failure and make necessary adjustments to the code.\\n-----\\n\\n[Tester]says: As a Tester, it seems there is an issue with the test script and the expected output, we may need to review the starts_one_ends function to ensure it is returning the correct value for the input.\\n-----\\n\\n[Developer]says: As a Developer, we need to review the test script and identify the issue in the starts_one_ends function to ensure the expected output is returned.\\n-----\\n\\n[Architect]says: As an architect, I believe we should review the code and test script to identify the root cause of the failure and make necessary adjustments to the code.\\n-----\\n\\n[ProductOwner]says: As a Product Owner, I believe we should prioritize fixing this failing test case before moving on to any new development.\\n-----\\n\\n[Developer]says: As a Developer, I will review the test script and starts_one_ends function to identify and fix the issue causing the test failure.\\n-----\\n\\n[Tester]says: As a Tester, it seems there is an issue with the test script and the expected output, we may need to review the starts_one_ends function to ensure it is returning the correct value for the input.\\n-----\\n\", \"Question\": \"Follow the Instruction section. The Discussion History is in the Context section. You only need to return a list as the Example section.\"}",
    "RepairResponse2": "{\n  \"revised_code\": \"def starts_one_ends(n):\\n    count = 0\\n    if n == 1:\\n        count = 1\\n    else:\\n        count = 2 * 9 * 10**(n-1) + 10**(n-2)\\n    return count\"\n}",
    "RepairResponse2_prompt": {
        "Role": "You are a professional software engineer. Your duty is to write code in Python that meets the requirements. Ensure that the code you write is efficient, readable, and follows best practices. Remember, do not need to explain the code you wrote.",
        "Instruction": "1. Rewrite a bug fix version of the original code. 2. Response in JSON format.",
        "Example": "{\"revised_code\":\"...\"}",
        "Context": "# Test Report:\nTest Report:\n\nTest script's output:\nF\n======================================================================\nFAIL: test_starts_one_ends (__main__.Test)\n----------------------------------------------------------------------\nTraceback (most recent call last):\n  File \"/Users/watch/PycharmProjects/XXXX-1-LLM/workspace/2024-02-13_16-36-26-273794/test_script.py\", line 13, in test_starts_one_ends\n    self.assertEqual(starts_one_ends(2), 19)\nAssertionError: 18 != 19\n\n----------------------------------------------------------------------\nRan 1 test in 0.000s\n\nFAILED (failures=1)\n\nConclusion: Code Test Failed\n\nInput and Expected Output Example:\ndef starts_one_ends(n):\n    count = 0\n    if n == 1:\n        count = 1\n    else:\n        count = 2 * 9 * 10**(n-2)\n    return count\n\nIn this example, the test failed with the input of 2, where the expected output was 19 but the actual output was 18.# suggestions:\n{\"product-owner\": [\"We should prioritize fixing this failing test case before moving on to any new development.\"], \"architect\": [\"We should review the code and test script to identify the root cause of the failure and make necessary adjustments to the code.\"], \"developer\": [\"We need to review the test script and identify the issue in the starts_one_ends function to ensure the expected output is returned.\"], \"tester\": [\"There is an issue with the test script and the expected output, we may need to review the starts_one_ends function to ensure it is returning the correct value for the input.\"]}",
        "Question": "The original code has some bugs, according to the test report and suggestions, rewrite the code. Complete the following code:\n\ndef starts_one_ends(n):\n    \"\"\"\n    Given a positive integer n, return the count of the numbers of n-digit\n    positive integers that start or end with 1.\n    \"\"\"\n"
    },
    "Code3": "def starts_one_ends(n):\n    count = 0\n    if n == 1:\n        count = 1\n    else:\n        count = 2 * 9 * 10**(n-1) + 10**(n-2)\n    return count",
    "ScriptResult3": "F\n======================================================================\nFAIL: test_starts_one_ends (__main__.Test)\n----------------------------------------------------------------------\nTraceback (most recent call last):\n  File \"/Users/watch/PycharmProjects/XXXX-1-LLM/workspace/2024-02-13_16-36-26-273794/test_script.py\", line 13, in test_starts_one_ends\n    self.assertEqual(starts_one_ends(2), 19)\nAssertionError: 181 != 19\n\n----------------------------------------------------------------------\nRan 1 test in 0.000s\n\nFAILED (failures=1)\n",
    "TestReport3": "Test Report:\n\nTest script's output:\nF\n======================================================================\nFAIL: test_starts_one_ends (__main__.Test)\n----------------------------------------------------------------------\nTraceback (most recent call last):\n  File \"/Users/watch/PycharmProjects/XXXX-1-LLM/workspace/2024-02-13_16-36-26-273794/test_script.py\", line 13, in test_starts_one_ends\n    self.assertEqual(starts_one_ends(2), 19)\nAssertionError: 181 != 19\n\n----------------------------------------------------------------------\nRan 1 test in 0.000s\n\nFAILED (failures=1)\n\nCode Test Failed\n\nInput and expected output example:\nstarts_one_ends(2) should return 19 but returned 181\n\nExplanation:\nThe test case for starts_one_ends(2) failed as it returned 181 instead of the expected 19. Upon reviewing the code, it seems that there is an error in the calculation logic for the starts_one_ends function. The expected output does not match the actual output, indicating a failure in the code.\n\nConclusion:\nCode Test Failed"
}