{
    "start_time": "2024-03-11_09-20-04-648469",
    "task": "def average_tuple(nums):\n'''Write a function which takes a tuple of tuples and returns the average value for each tuple as a list.\nassert average_tuple(((10, 10, 10, 12), (30, 45, 56, 45), (81, 80, 39, 32), (1, 2, 3, 4)))==[30.5, 34.25, 27.0, 23.25]'''\n",
    "datetime": {
        "task": "2024-03-11 09:20:04",
        "task-id": "2024-03-11 09:20:04",
        "workflow": "2024-03-11 09:20:04",
        "Discussion": "2024-03-11 09:20:05",
        "DisorderedSprintMeetings": "2024-03-11 09:20:07",
        "DesignDraft0": "2024-03-11 09:20:08",
        "DesignMeetings0": "2024-03-11 09:20:10",
        "Design0": "2024-03-11 09:20:13",
        "CodeDraft0": "2024-03-11 09:20:14",
        "CodeReviewMeetings0": "2024-03-11 09:20:15",
        "Code0CR": "2024-03-11 09:20:16",
        "FinalCode": "2024-03-11 09:21:04",
        "Test Cases Draft": "2024-03-11 09:20:19",
        "Test Cases Meetings": "2024-03-11 09:20:22",
        "Test Cases": "2024-03-11 09:20:28",
        "Code0": "2024-03-11 09:20:29",
        "TestScriptOriginal": "2024-03-11 09:20:31",
        "TestScript": "2024-03-11 09:20:31",
        "ScriptResult0": "2024-03-11 09:20:31",
        "TestReport0": "2024-03-11 09:20:37",
        "SprintReview0": "2024-03-11 09:20:39",
        "SprintReviewMeetings0": "2024-03-11 09:20:41",
        "RepairResponse0": "2024-03-11 09:20:43",
        "Code1": "2024-03-11 09:20:43",
        "ScriptResult1": "2024-03-11 09:20:43",
        "TestReport1": "2024-03-11 09:20:47",
        "SprintReview1": "2024-03-11 09:20:48",
        "SprintReviewMeetings1": "2024-03-11 09:20:53",
        "RepairResponse1": "2024-03-11 09:20:54",
        "Code2": "2024-03-11 09:20:54",
        "ScriptResult2": "2024-03-11 09:20:54",
        "TestReport2": "2024-03-11 09:20:58",
        "SprintReview2": "2024-03-11 09:21:00",
        "SprintReviewMeetings2": "2024-03-11 09:21:02",
        "RepairResponse2": "2024-03-11 09:21:04",
        "Code3": "2024-03-11 09:21:04",
        "ScriptResult3": "2024-03-11 09:21:04",
        "TestReport3": "2024-03-11 09:21:06"
    },
    "task-id": 615,
    "workflow": "agile/agile_version_0.0.5_remove.json",
    "Discussion": "[ScrumMaster]says: We have a job: def average_tuple(nums):\n'''Write a function which takes a tuple of tuples and returns the average value for each tuple as a list.\nassert average_tuple(((10, 10, 10, 12), (30, 45, 56, 45), (81, 80, 39, 32), (1, 2, 3, 4)))==[30.5, 34.25, 27.0, 23.25]'''\n, do you have any ideas?\n-----\n\n[Tester]says: I will review the function and input data to ensure that the average_tuple function returns the correct average values for each tuple.\n-----\n\n[Architect]says: As an Architect, I suggest breaking down the problem into smaller tasks and creating a plan for implementing the function.\n-----\n\n[ProductOwner]says: As the Product Owner, I think the first step is to clarify the specific requirements and expectations for the function.\n-----\n\n[Developer]says: As a Developer, I think the first step is to loop through each tuple and calculate the average value. Then, we can create a list to store the average values and return it.\n-----\n\n[Tester]says: I will review the function and input data to ensure that the average_tuple function returns the correct average values for each tuple.\n-----\n\n[ProductOwner]says: As the Product Owner, I suggest clarifying the specific requirements and expectations for the function in order to proceed with the development.\n-----\n\n[Architect]says: As an Architect, I suggest breaking down the problem into smaller tasks and creating a plan for implementing the function.\n-----\n\n[Developer]says: As a Developer, I will start by implementing the logic to loop through each tuple and calculate the average value.\n-----\n",
    "DisorderedSprintMeetings": "{\n  \"product-owner\":[\"clarify specific requirements and expectations for the function\"],\n  \"architect\":[\"break down the problem into smaller tasks\", \"create a plan for implementing the function\"],\n  \"developer\":[\"implement logic to loop through each tuple and calculate the average value\", \"create a list to store the average values and return it\"],\n  \"tester\":[\"review the function and input data to ensure correct average values\"]\n}",
    "DisorderedSprintMeetings_prompt": "{\"Role\": \"You are a professional scrum master. Your goal is to breakdown the Discussion History into a task list for the scrum team.\", \"Instruction\": \"1. Read and Understand the Discussion History. 2. Define the tasks for four roles: product-owner/architect/developer/tester. 3. Response in JSON format.\", \"Example\": \"{\\\"product-owner\\\":[\\\"task1\\\",\\\"task2\\\"],\\\"architect\\\":[\\\"task1\\\",\\\"task2\\\"], \\\"developer\\\":[\\\"task1\\\",\\\"task2\\\"], \\\"tester\\\":[\\\"task1\\\",\\\"task2\\\"]}\", \"Context\": \"[ScrumMaster]says: We have a job: def average_tuple(nums):\\n'''Write a function which takes a tuple of tuples and returns the average value for each tuple as a list.\\nassert average_tuple(((10, 10, 10, 12), (30, 45, 56, 45), (81, 80, 39, 32), (1, 2, 3, 4)))==[30.5, 34.25, 27.0, 23.25]'''\\n, do you have any ideas?\\n-----\\n\\n[Tester]says: I will review the function and input data to ensure that the average_tuple function returns the correct average values for each tuple.\\n-----\\n\\n[Architect]says: As an Architect, I suggest breaking down the problem into smaller tasks and creating a plan for implementing the function.\\n-----\\n\\n[ProductOwner]says: As the Product Owner, I think the first step is to clarify the specific requirements and expectations for the function.\\n-----\\n\\n[Developer]says: As a Developer, I think the first step is to loop through each tuple and calculate the average value. Then, we can create a list to store the average values and return it.\\n-----\\n\\n[Tester]says: I will review the function and input data to ensure that the average_tuple function returns the correct average values for each tuple.\\n-----\\n\\n[ProductOwner]says: As the Product Owner, I suggest clarifying the specific requirements and expectations for the function in order to proceed with the development.\\n-----\\n\\n[Architect]says: As an Architect, I suggest breaking down the problem into smaller tasks and creating a plan for implementing the function.\\n-----\\n\\n[Developer]says: As a Developer, I will start by implementing the logic to loop through each tuple and calculate the average value.\\n-----\\n\", \"Question\": \"Follow the Instruction section. The Discussion History is in the Context section. You only need to return a task list as the Example section.\"}",
    "DesignDraft0": "Design:\n1. Create a function called average_tuple(nums) which takes a tuple of tuples as input.\n2. Iterate through each tuple in the input tuple and calculate the average value for each tuple.\n3. Store the average values in a list and return the list as the output of the function.\n\nThis design focuses on breaking down the problem into smaller tasks and creating a plan for implementing the function. It guides the developer in writing code by outlining the high-level steps to achieve the required functionality.",
    "DesignMeetings0": "{\n  \"Developer\": \"The design looks good, but I suggest adding input validation to check if the input tuple is not empty and if all the elements in the tuples are numbers. Also, it would be helpful to include error handling in case the input does not meet the requirements.\",\n  \"Tester\": \"As a tester, I would recommend testing the function with different input tuples of tuples, including empty tuples, tuples with non-numeric elements, and large tuples to ensure that the function handles all cases properly. Also, it would be important to test the function with edge cases such as tuples with only one element or nested empty tuples.\"\n}",
    "Design0": "New Design:\nBased on the suggestions provided, the new design for the function average_tuple(nums) will include input validation and error handling to ensure the robustness of the function. Additionally, thorough testing will be conducted to cover various scenarios, including empty tuples, non-numeric elements, large tuples, tuples with only one element, and nested empty tuples.\n\nThe input validation will check if the input tuple is not empty and if all the elements in the tuples are numbers. Error handling will be included to handle cases where the input does not meet the requirements, providing informative messages to guide the user.\n\nTesting will be comprehensive, covering different input tuples of tuples to ensure that the function handles all cases properly. This will include testing with empty tuples, tuples with non-numeric elements, large tuples, tuples with only one element, and nested empty tuples, as well as edge cases.\n\nOverall, the new design will not only focus on implementing the function as per the draft version but also address the suggestions provided by the developer and tester to enhance the functionality, robustness, and reliability of the function.",
    "CodeDraft0": "def average_tuple(nums):\n    result = []\n    for tup in nums:\n        avg = sum(tup) / len(tup)\n        result.append(avg)\n    return result",
    "CodeDraft0_prompt": {
        "Role": "You are a professional engineer. Your duty is to write code in Python that meets the requirements. Ensure that the code you write is efficient, readable, and follows best practices. Remember, do not need to explain the code you wrote.",
        "Instruction": "According to the Context section, write your code.",
        "Example": "",
        "Context": "# Tasks:\n['implement logic to loop through each tuple and calculate the average value', 'create a list to store the average values and return it']\n# Design:\nNew Design:\nBased on the suggestions provided, the new design for the function average_tuple(nums) will include input validation and error handling to ensure the robustness of the function. Additionally, thorough testing will be conducted to cover various scenarios, including empty tuples, non-numeric elements, large tuples, tuples with only one element, and nested empty tuples.\n\nThe input validation will check if the input tuple is not empty and if all the elements in the tuples are numbers. Error handling will be included to handle cases where the input does not meet the requirements, providing informative messages to guide the user.\n\nTesting will be comprehensive, covering different input tuples of tuples to ensure that the function handles all cases properly. This will include testing with empty tuples, tuples with non-numeric elements, large tuples, tuples with only one element, and nested empty tuples, as well as edge cases.\n\nOverall, the new design will not only focus on implementing the function as per the draft version but also address the suggestions provided by the developer and tester to enhance the functionality, robustness, and reliability of the function.",
        "Question": "Follow the Instruction section. Complete the following code:\ndef average_tuple(nums):\n'''Write a function which takes a tuple of tuples and returns the average value for each tuple as a list.\nassert average_tuple(((10, 10, 10, 12), (30, 45, 56, 45), (81, 80, 39, 32), (1, 2, 3, 4)))==[30.5, 34.25, 27.0, 23.25]'''\n"
    },
    "CodeReviewMeetings0": "{\n  \"Architect\": \"Instead of using a list to store the average values, consider using a generator expression to yield the average values one by one. This can be more memory efficient, especially for large input sets.\",\n  \"Tester\": \"Make sure to test the function with different types of input, such as empty tuple, single-element tuple, and nested tuples, to ensure it handles all cases correctly.\"\n}",
    "Code0CR": "def average_tuple(nums):\n    result = []\n    for tup in nums:\n        total = sum(tup)\n        avg = total / len(tup)\n        result.append(avg)\n    return result",
    "Code0CR_prompt": "{\"Role\": \"You are a professional software engineer. Your duty is to write code in Python that meets the requirements. Ensure that the code you write is efficient, readable, and follows best practices. Remember, do not need to explain the code you wrote.\", \"Instruction\": \"1. Understand the suggestions(in the Context section) about the original code. 2. Rewrite your code.\", \"Example\": \"\", \"Context\": \"# Tasks:\\n['implement logic to loop through each tuple and calculate the average value', 'create a list to store the average values and return it']\\n# Design:\\nNew Design:\\nBased on the suggestions provided, the new design for the function average_tuple(nums) will include input validation and error handling to ensure the robustness of the function. Additionally, thorough testing will be conducted to cover various scenarios, including empty tuples, non-numeric elements, large tuples, tuples with only one element, and nested empty tuples.\\n\\nThe input validation will check if the input tuple is not empty and if all the elements in the tuples are numbers. Error handling will be included to handle cases where the input does not meet the requirements, providing informative messages to guide the user.\\n\\nTesting will be comprehensive, covering different input tuples of tuples to ensure that the function handles all cases properly. This will include testing with empty tuples, tuples with non-numeric elements, large tuples, tuples with only one element, and nested empty tuples, as well as edge cases.\\n\\nOverall, the new design will not only focus on implementing the function as per the draft version but also address the suggestions provided by the developer and tester to enhance the functionality, robustness, and reliability of the function.# Suggestions:\\n{\\n  \\\"Architect\\\": \\\"Instead of using a list to store the average values, consider using a generator expression to yield the average values one by one. This can be more memory efficient, especially for large input sets.\\\",\\n  \\\"Tester\\\": \\\"Make sure to test the function with different types of input, such as empty tuple, single-element tuple, and nested tuples, to ensure it handles all cases correctly.\\\"\\n}\", \"Question\": \"Follow the Instruction section. Complete the following code:\\ndef average_tuple(nums):\\n'''Write a function which takes a tuple of tuples and returns the average value for each tuple as a list.\\nassert average_tuple(((10, 10, 10, 12), (30, 45, 56, 45), (81, 80, 39, 32), (1, 2, 3, 4)))==[30.5, 34.25, 27.0, 23.25]'''\\n\"}",
    "FinalCode": "def average_tuple(nums):\n    averages = []\n    for tpl in nums:\n        avg = sum(tpl) / len(tpl)\n        averages.append(round(avg, 2))\n    return averages",
    "Test Cases Draft": "{\n  \"test_cases\": [\n    {\n      \"Test Title\": \"Empty Tuple\",\n      \"Input Data\": \"nums=()\",\n      \"Expected Output\": \"Error: Empty tuple provided\"\n    },\n    {\n      \"Test Title\": \"Non-Numeric Elements\",\n      \"Input Data\": \"nums=((10, 'a', 10, 12), (30, 45, 56, 45))\",\n      \"Expected Output\": \"Error: Non-numeric elements found\"\n    },\n    {\n      \"Test Title\": \"Large Tuples\",\n      \"Input Data\": \"nums=((10, 10, 10, 12, 13), (30, 45, 56, 45, 67))\",\n      \"Expected Output\": \"[11.25, 49.5]\"\n    },\n    {\n      \"Test Title\": \"Single Element Tuple\",\n      \"Input Data\": \"nums=((10,), (30,), (81,), (1,))\",\n      \"Expected Output\": \"[10.0, 30.0, 81.0, 1.0]\"\n    },\n    {\n      \"Test Title\": \"Nested Empty Tuples\",\n      \"Input Data\": \"nums=(((10, 10, 10, 12), ()), ((30, 45, 56, 45), (81, 80, 39, 32), (1, 2, 3, 4)))\",\n      \"Expected Output\": \"Error: Nested empty tuple found\"\n    }\n  ]\n}",
    "Test Cases Draft_prompt": "{\"Role\": \"You are a quality assurance engineer. Your duty is to design test cases for the developers.\", \"Instruction\": \"According to the Context section, write test cases. Don't write long strings in your test cases. Response in JSON format.\", \"Example\": \"{\\\"requirement analysis\\\":\\\"analysis\\\",\\\"test_cases\\\":[{\\\"Test Title\\\":\\\"title\\\", \\\"Input Data\\\":\\\"parameter1=[1,2,3],parameter2='123'\\\", \\\"Expected Output\\\":\\\"456\\\"},]}\", \"Context\": \"# Tasks:\\n['review the function and input data to ensure correct average values']\\n# Design:\\nNew Design:\\nBased on the suggestions provided, the new design for the function average_tuple(nums) will include input validation and error handling to ensure the robustness of the function. Additionally, thorough testing will be conducted to cover various scenarios, including empty tuples, non-numeric elements, large tuples, tuples with only one element, and nested empty tuples.\\n\\nThe input validation will check if the input tuple is not empty and if all the elements in the tuples are numbers. Error handling will be included to handle cases where the input does not meet the requirements, providing informative messages to guide the user.\\n\\nTesting will be comprehensive, covering different input tuples of tuples to ensure that the function handles all cases properly. This will include testing with empty tuples, tuples with non-numeric elements, large tuples, tuples with only one element, and nested empty tuples, as well as edge cases.\\n\\nOverall, the new design will not only focus on implementing the function as per the draft version but also address the suggestions provided by the developer and tester to enhance the functionality, robustness, and reliability of the function.\", \"Question\": \"def average_tuple(nums):\\n'''Write a function which takes a tuple of tuples and returns the average value for each tuple as a list.\\nassert average_tuple(((10, 10, 10, 12), (30, 45, 56, 45), (81, 80, 39, 32), (1, 2, 3, 4)))==[30.5, 34.25, 27.0, 23.25]'''\\n\"}",
    "Test Cases Meetings": "{\n  \"Architect\": \"The test cases cover a good range of scenarios, but it would be helpful to include some positive test cases as well to ensure the function works as expected in normal scenarios. Additionally, it would be beneficial to add boundary test cases to cover extreme input data. Lastly, consider adding performance test cases to evaluate the function's efficiency with large input data.\",\n  \"Developer\": \"The test cases are comprehensive, but it would be useful to review the expected outputs for accuracy. Additionally, consider adding test cases to cover edge cases and boundary conditions to ensure the function handles all possible scenarios. It's also important to include positive test cases to validate the function's behavior in normal scenarios.\"\n}",
    "Test Cases": "{\n  \"test_cases\": [\n    {\n      \"Test Title\": \"Empty Tuple\",\n      \"Input Data\": \"nums=()\",\n      \"Expected Output\": \"Error: Empty tuple provided\"\n    },\n    {\n      \"Test Title\": \"Non-Numeric Elements\",\n      \"Input Data\": \"nums=((10, 'a', 10, 12), (30, 45, 56, 45))\",\n      \"Expected Output\": \"Error: Non-numeric elements found\"\n    },\n    {\n      \"Test Title\": \"Large Tuples\",\n      \"Input Data\": \"nums=((10, 10, 10, 12, 13), (30, 45, 56, 45, 67))\",\n      \"Expected Output\": \"[11.25, 49.5]\"\n    },\n    {\n      \"Test Title\": \"Single Element Tuple\",\n      \"Input Data\": \"nums=((10,), (30,), (81,), (1,))\",\n      \"Expected Output\": \"[10.0, 30.0, 81.0, 1.0]\"\n    },\n    {\n      \"Test Title\": \"Nested Empty Tuples\",\n      \"Input Data\": \"nums=(((10, 10, 10, 12), ()), ((30, 45, 56, 45), (81, 80, 39, 32), (1, 2, 3, 4)))\",\n      \"Expected Output\": \"Error: Nested empty tuple found\"\n    },\n    {\n      \"Test Title\": \"Positive Test Case\",\n      \"Input Data\": \"nums=((10, 10, 10, 12), (30, 45, 56, 45), (81, 80, 39, 32), (1, 2, 3, 4))\",\n      \"Expected Output\": \"[30.5, 34.25, 27.0, 23.25]\"\n    }\n  ]\n}",
    "Test Cases_prompt": "{\"Role\": \"You are a quality assurance engineer. Your duty is to revise the test cases based on the suggestions.\", \"Instruction\": \"1. Your colleague give you some suggestions(in the Context section) about the draft test cases, read these suggestions. 2. Revise your draft version test cases, but don't use long parameters. 3. Response in JSON format.\", \"Example\": \"{\\\"requirement analysis\\\":\\\"analysis\\\",\\\"test_cases\\\":[{\\\"Test Title\\\":\\\"title\\\", \\\"Input Data\\\":\\\"parameter1=[1,2,3],parameter2='123'\\\", \\\"Expected Output\\\":\\\"456\\\"},]}\", \"Context\": \"# Suggestions:\\n{\\n  \\\"Architect\\\": \\\"The test cases cover a good range of scenarios, but it would be helpful to include some positive test cases as well to ensure the function works as expected in normal scenarios. Additionally, it would be beneficial to add boundary test cases to cover extreme input data. Lastly, consider adding performance test cases to evaluate the function's efficiency with large input data.\\\",\\n  \\\"Developer\\\": \\\"The test cases are comprehensive, but it would be useful to review the expected outputs for accuracy. Additionally, consider adding test cases to cover edge cases and boundary conditions to ensure the function handles all possible scenarios. It's also important to include positive test cases to validate the function's behavior in normal scenarios.\\\"\\n}\\n # Draft Test cases:\\n{\\n  \\\"test_cases\\\": [\\n    {\\n      \\\"Test Title\\\": \\\"Empty Tuple\\\",\\n      \\\"Input Data\\\": \\\"nums=()\\\",\\n      \\\"Expected Output\\\": \\\"Error: Empty tuple provided\\\"\\n    },\\n    {\\n      \\\"Test Title\\\": \\\"Non-Numeric Elements\\\",\\n      \\\"Input Data\\\": \\\"nums=((10, 'a', 10, 12), (30, 45, 56, 45))\\\",\\n      \\\"Expected Output\\\": \\\"Error: Non-numeric elements found\\\"\\n    },\\n    {\\n      \\\"Test Title\\\": \\\"Large Tuples\\\",\\n      \\\"Input Data\\\": \\\"nums=((10, 10, 10, 12, 13), (30, 45, 56, 45, 67))\\\",\\n      \\\"Expected Output\\\": \\\"[11.25, 49.5]\\\"\\n    },\\n    {\\n      \\\"Test Title\\\": \\\"Single Element Tuple\\\",\\n      \\\"Input Data\\\": \\\"nums=((10,), (30,), (81,), (1,))\\\",\\n      \\\"Expected Output\\\": \\\"[10.0, 30.0, 81.0, 1.0]\\\"\\n    },\\n    {\\n      \\\"Test Title\\\": \\\"Nested Empty Tuples\\\",\\n      \\\"Input Data\\\": \\\"nums=(((10, 10, 10, 12), ()), ((30, 45, 56, 45), (81, 80, 39, 32), (1, 2, 3, 4)))\\\",\\n      \\\"Expected Output\\\": \\\"Error: Nested empty tuple found\\\"\\n    }\\n  ]\\n}\", \"Question\": \"Follow the Instruction. Please make sure your response length are less than 512. Your test cases is for the below question:\\ndef average_tuple(nums):\\n'''Write a function which takes a tuple of tuples and returns the average value for each tuple as a list.\\nassert average_tuple(((10, 10, 10, 12), (30, 45, 56, 45), (81, 80, 39, 32), (1, 2, 3, 4)))==[30.5, 34.25, 27.0, 23.25]'''\\n\"}",
    "Code0": "def average_tuple(nums):\n    if len(nums) == 0:\n        return \"Error: Empty tuple provided\"\n    \n    result = []\n    for tup in nums:\n        if not all(isinstance(val, (int, float)) for val in tup):\n            return \"Error: Non-numeric elements found\"\n        \n        total = sum(tup)\n        avg = total / len(tup)\n        result.append(avg)\n    \n    return result",
    "Code0_prompt": {
        "Role": "You are a professional software engineer. Your duty is to write code in Python that meets the requirements. Ensure that the code you write is efficient, readable, and follows best practices. Remember, do not need to explain the code you wrote.",
        "Instruction": "1. Understand the test cases(in the Context section) about the original code. 2. Rewrite your code, make sure your code pass all test cases.",
        "Example": "",
        "Context": "# Original Code:\ndef average_tuple(nums):\n    result = []\n    for tup in nums:\n        total = sum(tup)\n        avg = total / len(tup)\n        result.append(avg)\n    return result\n# Test Cases:\n{\n  \"test_cases\": [\n    {\n      \"Test Title\": \"Empty Tuple\",\n      \"Input Data\": \"nums=()\",\n      \"Expected Output\": \"Error: Empty tuple provided\"\n    },\n    {\n      \"Test Title\": \"Non-Numeric Elements\",\n      \"Input Data\": \"nums=((10, 'a', 10, 12), (30, 45, 56, 45))\",\n      \"Expected Output\": \"Error: Non-numeric elements found\"\n    },\n    {\n      \"Test Title\": \"Large Tuples\",\n      \"Input Data\": \"nums=((10, 10, 10, 12, 13), (30, 45, 56, 45, 67))\",\n      \"Expected Output\": \"[11.25, 49.5]\"\n    },\n    {\n      \"Test Title\": \"Single Element Tuple\",\n      \"Input Data\": \"nums=((10,), (30,), (81,), (1,))\",\n      \"Expected Output\": \"[10.0, 30.0, 81.0, 1.0]\"\n    },\n    {\n      \"Test Title\": \"Nested Empty Tuples\",\n      \"Input Data\": \"nums=(((10, 10, 10, 12), ()), ((30, 45, 56, 45), (81, 80, 39, 32), (1, 2, 3, 4)))\",\n      \"Expected Output\": \"Error: Nested empty tuple found\"\n    },\n    {\n      \"Test Title\": \"Positive Test Case\",\n      \"Input Data\": \"nums=((10, 10, 10, 12), (30, 45, 56, 45), (81, 80, 39, 32), (1, 2, 3, 4))\",\n      \"Expected Output\": \"[30.5, 34.25, 27.0, 23.25]\"\n    }\n  ]\n}",
        "Question": "def average_tuple(nums):\n'''Write a function which takes a tuple of tuples and returns the average value for each tuple as a list.\nassert average_tuple(((10, 10, 10, 12), (30, 45, 56, 45), (81, 80, 39, 32), (1, 2, 3, 4)))==[30.5, 34.25, 27.0, 23.25]'''\n"
    },
    "TestScriptOriginal": "import unittest\n\ndef average_tuple(nums):\n    averages = []\n    for tpl in nums:\n        avg = sum(tpl) / len(tpl)\n        averages.append(avg)\n    return averages\n\nclass Test(unittest.TestCase):\n    def test(self):\n        self.assertEqual(average_tuple(((10, 10, 10, 12), (30, 45, 56, 45), (81, 80, 39, 32), (1, 2, 3, 4))), [30.5, 34.25, 33.0, 2.5])\n\nif __name__ == '__main__':\n    unittest.main()",
    "TestScriptOriginal_prompt": "{\"Role\": \"You are a quality assurance engineer. Your duty is to write a python test script in unittest framework.\", \"Instruction\": \"1. Write a python test script. 2. Use the input and output given by the question.\", \"Example\": \"import unittest\\n\\nclass Test(unittest.TestCase):\\n    def test(self):\\n        self.assertEqual(function_under_test('a'), 1)\\n\\nif __name__ == '__main__':\\n    unittest.main()\", \"Context\": \"\", \"Question\": \"def average_tuple(nums):\\n'''Write a function which takes a tuple of tuples and returns the average value for each tuple as a list.\\nassert average_tuple(((10, 10, 10, 12), (30, 45, 56, 45), (81, 80, 39, 32), (1, 2, 3, 4)))==[30.5, 34.25, 27.0, 23.25]'''\\n\"}",
    "TestScript": "import unittest\n\nclass Test(unittest.TestCase):\n    def test(self):\n        self.assertEqual(average_tuple(((10, 10, 10, 12), (30, 45, 56, 45), (81, 80, 39, 32), (1, 2, 3, 4))), [30.5, 34.25, 33.0, 2.5])\n\nif __name__ == '__main__':\n    unittest.main()",
    "ScriptResult0": "F\n======================================================================\nFAIL: test (__main__.Test)\n----------------------------------------------------------------------\nTraceback (most recent call last):\n  File \"/Users/watch/PycharmProjects/XXXX-1-LLM/workspace/2024-03-11_09-20-04-648469/test_script.py\", line 19, in test\n    self.assertEqual(average_tuple(((10, 10, 10, 12), (30, 45, 56, 45), (81, 80, 39, 32), (1, 2, 3, 4))), [30.5, 34.25, 33.0, 2.5])\nAssertionError: Lists differ: [10.5, 44.0, 58.0, 2.5] != [30.5, 34.25, 33.0, 2.5]\n\nFirst differing element 0:\n10.5\n30.5\n\n- [10.5, 44.0, 58.0, 2.5]\n+ [30.5, 34.25, 33.0, 2.5]\n\n----------------------------------------------------------------------\nRan 1 test in 0.000s\n\nFAILED (failures=1)\n",
    "TestReport0": "Test Report:\n\nTest script's output:\nF\n======================================================================\nFAIL: test (__main__.Test)\n----------------------------------------------------------------------\nTraceback (most recent call last):\n  File \"/Users/watch/PycharmProjects/XXXX-1-LLM/workspace/2024-03-11_09-20-04-648469/test_script.py\", line 19, in test\n    self.assertEqual(average_tuple(((10, 10, 10, 12), (30, 45, 56, 45), (81, 80, 39, 32), (1, 2, 3, 4))), [30.5, 34.25, 33.0, 2.5])\nAssertionError: Lists differ: [10.5, 44.0, 58.0, 2.5] != [30.5, 34.25, 33.0, 2.5]\n\nFirst differing element 0:\n10.5\n30.5\n\n- [10.5, 44.0, 58.0, 2.5]\n+ [30.5, 34.25, 33.0, 2.5]\n\n----------------------------------------------------------------------\nRan 1 test in 0.000s\n\nFAILED (failures=1)\n\nConclusion: Code Test Failed\n\nExample of Input and Expected Output:\nInput: average_tuple(((10, 10, 10, 12), (30, 45, 56, 45), (81, 80, 39, 32), (1, 2, 3, 4)))\nExpected Output: [30.5, 34.25, 33.0, 2.5]\n\nFunction definition:\ndef average_tuple(nums):\n    if len(nums) == 0:\n        return \"Error: Empty tuple provided\"\n    \n    result = []\n    for tup in nums:\n        if not all(isinstance(val, (int, float)) for val in tup):\n            return \"Error: Non-numeric elements found\"\n        \n        total = sum(tup)\n        avg = total / len(tup)\n        result.append(avg)\n    \n    return result",
    "SprintReview0": "[ScrumMaster]says: Here is our test Report: Test Report:\n\nTest script's output:\nF\n======================================================================\nFAIL: test (__main__.Test)\n----------------------------------------------------------------------\nTraceback (most recent call last):\n  File \"/Users/watch/PycharmProjects/XXXX-1-LLM/workspace/2024-03-11_09-20-04-648469/test_script.py\", line 19, in test\n    self.assertEqual(average_tuple(((10, 10, 10, 12), (30, 45, 56, 45), (81, 80, 39, 32), (1, 2, 3, 4))), [30.5, 34.25, 33.0, 2.5])\nAssertionError: Lists differ: [10.5, 44.0, 58.0, 2.5] != [30.5, 34.25, 33.0, 2.5]\n\nFirst differing element 0:\n10.5\n30.5\n\n- [10.5, 44.0, 58.0, 2.5]\n+ [30.5, 34.25, 33.0, 2.5]\n\n----------------------------------------------------------------------\nRan 1 test in 0.000s\n\nFAILED (failures=1)\n\nConclusion: Code Test Failed\n\nExample of Input and Expected Output:\nInput: average_tuple(((10, 10, 10, 12), (30, 45, 56, 45), (81, 80, 39, 32), (1, 2, 3, 4)))\nExpected Output: [30.5, 34.25, 33.0, 2.5]\n\nFunction definition:\ndef average_tuple(nums):\n    if len(nums) == 0:\n        return \"Error: Empty tuple provided\"\n    \n    result = []\n    for tup in nums:\n        if not all(isinstance(val, (int, float)) for val in tup):\n            return \"Error: Non-numeric elements found\"\n        \n        total = sum(tup)\n        avg = total / len(tup)\n        result.append(avg)\n    \n    return result, do you have any ideas?\n-----\n\n[ProductOwner]says: As the Product Owner, I think we need to prioritize fixing this test failure to ensure the code meets the expected output.\n-----\n\n[Architect]says: As an architect, it is important that we review the test report and identify the root cause of the test failure in order to create a robust and reliable product.\n-----\n\n[Developer]says: As a Developer, I think we should review the function definition and test script to identify the root cause of the failure and make necessary adjustments to the code.\n-----\n\n[Tester]says: As a Tester, I would suggest reviewing and debugging the average_tuple function to ensure it calculates the correct average values for the input tuples.\n-----\n\n[ProductOwner]says: [ProductOwner] To create a product, we should prioritize fixing this test failure to ensure the code meets the expected output.\n-----\n\n[Tester]says: As a Tester, I would suggest reviewing and debugging the average_tuple function to ensure it calculates the correct average values for the input tuples.\n-----\n\n[Architect]says: As an architect, it is important that we review the test report and identify the root cause of the test failure in order to create a robust and reliable product.\n-----\n\n[Developer]says: As a Developer, I suggest we review the function definition and test script to identify the root cause of the failure and make necessary adjustments to the code.\n-----\n",
    "SprintReviewMeetings0": "{\n  \"product-owner\": [\"We need to prioritize fixing the test failure to ensure the code meets the expected output.\"],\n  \"architect\": [\"Review the test report and identify the root cause of the test failure to create a robust and reliable product.\"],\n  \"developer\": [\"Review the function definition and test script to identify the root cause of the failure and make necessary adjustments to the code.\"],\n  \"tester\": [\"Review and debug the average_tuple function to ensure it calculates the correct average values for the input tuples.\"]\n}",
    "SprintReviewMeetings0_prompt": "{\"Role\": \"You are a professional scrum master. Your goal is to summary the Discussion History into a suggestions list for the scrum team.\", \"Instruction\": \"1. Read and Understand the Discussion History. 2. Summary the suggestions from four roles: product-owner/architect/developer/tester. 3. Response in JSON format.\", \"Example\": \"{\\\"product-owner\\\":[\\\"suggestion1\\\",\\\"suggestion2\\\"],\\\"architect\\\":[\\\"suggestion1\\\",\\\"suggestion2\\\"], \\\"developer\\\":[\\\"suggestion1\\\",\\\"suggestion2\\\"], \\\"tester\\\":[\\\"suggestion1\\\",\\\"suggestion2\\\"]}\", \"Context\": \"[ScrumMaster]says: Here is our test Report: Test Report:\\n\\nTest script's output:\\nF\\n======================================================================\\nFAIL: test (__main__.Test)\\n----------------------------------------------------------------------\\nTraceback (most recent call last):\\n  File \\\"/Users/watch/PycharmProjects/XXXX-1-LLM/workspace/2024-03-11_09-20-04-648469/test_script.py\\\", line 19, in test\\n    self.assertEqual(average_tuple(((10, 10, 10, 12), (30, 45, 56, 45), (81, 80, 39, 32), (1, 2, 3, 4))), [30.5, 34.25, 33.0, 2.5])\\nAssertionError: Lists differ: [10.5, 44.0, 58.0, 2.5] != [30.5, 34.25, 33.0, 2.5]\\n\\nFirst differing element 0:\\n10.5\\n30.5\\n\\n- [10.5, 44.0, 58.0, 2.5]\\n+ [30.5, 34.25, 33.0, 2.5]\\n\\n----------------------------------------------------------------------\\nRan 1 test in 0.000s\\n\\nFAILED (failures=1)\\n\\nConclusion: Code Test Failed\\n\\nExample of Input and Expected Output:\\nInput: average_tuple(((10, 10, 10, 12), (30, 45, 56, 45), (81, 80, 39, 32), (1, 2, 3, 4)))\\nExpected Output: [30.5, 34.25, 33.0, 2.5]\\n\\nFunction definition:\\ndef average_tuple(nums):\\n    if len(nums) == 0:\\n        return \\\"Error: Empty tuple provided\\\"\\n    \\n    result = []\\n    for tup in nums:\\n        if not all(isinstance(val, (int, float)) for val in tup):\\n            return \\\"Error: Non-numeric elements found\\\"\\n        \\n        total = sum(tup)\\n        avg = total / len(tup)\\n        result.append(avg)\\n    \\n    return result, do you have any ideas?\\n-----\\n\\n[ProductOwner]says: As the Product Owner, I think we need to prioritize fixing this test failure to ensure the code meets the expected output.\\n-----\\n\\n[Architect]says: As an architect, it is important that we review the test report and identify the root cause of the test failure in order to create a robust and reliable product.\\n-----\\n\\n[Developer]says: As a Developer, I think we should review the function definition and test script to identify the root cause of the failure and make necessary adjustments to the code.\\n-----\\n\\n[Tester]says: As a Tester, I would suggest reviewing and debugging the average_tuple function to ensure it calculates the correct average values for the input tuples.\\n-----\\n\\n[ProductOwner]says: [ProductOwner] To create a product, we should prioritize fixing this test failure to ensure the code meets the expected output.\\n-----\\n\\n[Tester]says: As a Tester, I would suggest reviewing and debugging the average_tuple function to ensure it calculates the correct average values for the input tuples.\\n-----\\n\\n[Architect]says: As an architect, it is important that we review the test report and identify the root cause of the test failure in order to create a robust and reliable product.\\n-----\\n\\n[Developer]says: As a Developer, I suggest we review the function definition and test script to identify the root cause of the failure and make necessary adjustments to the code.\\n-----\\n\", \"Question\": \"Follow the Instruction section. The Discussion History is in the Context section. You only need to return a list as the Example section.\"}",
    "RepairResponse0": "{\n  \"revised_code\": \"def average_tuple(nums):\\n    if len(nums) == 0:\\n        return []\\n    \\n    result = []\\n    for tup in nums:\\n        if not all(isinstance(val, (int, float)) for val in tup):\\n            return []\\n        \\n        total = sum(tup)\\n        avg = total / len(tup)\\n        result.append(avg)\\n    \\n    return result\"\n}",
    "RepairResponse0_prompt": {
        "Role": "You are a professional software engineer. Your duty is to write code in Python that meets the requirements. Ensure that the code you write is efficient, readable, and follows best practices. Remember, do not need to explain the code you wrote.",
        "Instruction": "1. Rewrite a bug fix version of the original code. 2. Response in JSON format.",
        "Example": "{\"revised_code\":\"...\"}",
        "Context": "# Test Report:\nTest Report:\n\nTest script's output:\nF\n======================================================================\nFAIL: test (__main__.Test)\n----------------------------------------------------------------------\nTraceback (most recent call last):\n  File \"/Users/watch/PycharmProjects/XXXX-1-LLM/workspace/2024-03-11_09-20-04-648469/test_script.py\", line 19, in test\n    self.assertEqual(average_tuple(((10, 10, 10, 12), (30, 45, 56, 45), (81, 80, 39, 32), (1, 2, 3, 4))), [30.5, 34.25, 33.0, 2.5])\nAssertionError: Lists differ: [10.5, 44.0, 58.0, 2.5] != [30.5, 34.25, 33.0, 2.5]\n\nFirst differing element 0:\n10.5\n30.5\n\n- [10.5, 44.0, 58.0, 2.5]\n+ [30.5, 34.25, 33.0, 2.5]\n\n----------------------------------------------------------------------\nRan 1 test in 0.000s\n\nFAILED (failures=1)\n\nConclusion: Code Test Failed\n\nExample of Input and Expected Output:\nInput: average_tuple(((10, 10, 10, 12), (30, 45, 56, 45), (81, 80, 39, 32), (1, 2, 3, 4)))\nExpected Output: [30.5, 34.25, 33.0, 2.5]\n\nFunction definition:\ndef average_tuple(nums):\n    if len(nums) == 0:\n        return \"Error: Empty tuple provided\"\n    \n    result = []\n    for tup in nums:\n        if not all(isinstance(val, (int, float)) for val in tup):\n            return \"Error: Non-numeric elements found\"\n        \n        total = sum(tup)\n        avg = total / len(tup)\n        result.append(avg)\n    \n    return result# suggestions:\n{\"product-owner\": [\"We need to prioritize fixing the test failure to ensure the code meets the expected output.\"], \"architect\": [\"Review the test report and identify the root cause of the test failure to create a robust and reliable product.\"], \"developer\": [\"Review the function definition and test script to identify the root cause of the failure and make necessary adjustments to the code.\"], \"tester\": [\"Review and debug the average_tuple function to ensure it calculates the correct average values for the input tuples.\"]}",
        "Question": "The original code has some bugs, according to the test report and suggestions, rewrite the code. Complete the following code:\ndef average_tuple(nums):\n'''Write a function which takes a tuple of tuples and returns the average value for each tuple as a list.\nassert average_tuple(((10, 10, 10, 12), (30, 45, 56, 45), (81, 80, 39, 32), (1, 2, 3, 4)))==[30.5, 34.25, 27.0, 23.25]'''\n"
    },
    "Code1": "def average_tuple(nums):\n    if len(nums) == 0:\n        return []\n    \n    result = []\n    for tup in nums:\n        if not all(isinstance(val, (int, float)) for val in tup):\n            return []\n        \n        total = sum(tup)\n        avg = total / len(tup)\n        result.append(avg)\n    \n    return result",
    "ScriptResult1": "F\n======================================================================\nFAIL: test (__main__.Test)\n----------------------------------------------------------------------\nTraceback (most recent call last):\n  File \"/Users/watch/PycharmProjects/XXXX-1-LLM/workspace/2024-03-11_09-20-04-648469/test_script.py\", line 19, in test\n    self.assertEqual(average_tuple(((10, 10, 10, 12), (30, 45, 56, 45), (81, 80, 39, 32), (1, 2, 3, 4))), [30.5, 34.25, 33.0, 2.5])\nAssertionError: Lists differ: [10.5, 44.0, 58.0, 2.5] != [30.5, 34.25, 33.0, 2.5]\n\nFirst differing element 0:\n10.5\n30.5\n\n- [10.5, 44.0, 58.0, 2.5]\n+ [30.5, 34.25, 33.0, 2.5]\n\n----------------------------------------------------------------------\nRan 1 test in 0.000s\n\nFAILED (failures=1)\n",
    "TestReport1": "Test Report:\n\nTest script's output:\nF\n======================================================================\nFAIL: test (__main__.Test)\n----------------------------------------------------------------------\nTraceback (most recent call last):\n  File \"/Users/watch/PycharmProjects/XXXX-1-LLM/workspace/2024-03-11_09-20-04-648469/test_script.py\", line 19, in test\n    self.assertEqual(average_tuple(((10, 10, 10, 12), (30, 45, 56, 45), (81, 80, 39, 32), (1, 2, 3, 4))), [30.5, 34.25, 33.0, 2.5])\nAssertionError: Lists differ: [10.5, 44.0, 58.0, 2.5] != [30.5, 34.25, 33.0, 2.5]\n\nFirst differing element 0:\n10.5\n30.5\n\n- [10.5, 44.0, 58.0, 2.5]\n+ [30.5, 34.25, 33.0, 2.5]\n\n----------------------------------------------------------------------\nRan 1 test in 0.000s\n\nFAILED (failures=1)\n\nCode Test Failed\n\nInput Example:\naverage_tuple(((10, 10, 10, 12), (30, 45, 56, 45), (81, 80, 39, 32), (1, 2, 3, 4)))\n\nExpected Output:\n[30.5, 34.25, 33.0, 2.5]\n\nBased on the test script's output, the code has failed the test. The input example provided did not produce the expected output. The code needs to be reviewed and corrected to ensure it passes the test in the future.",
    "SprintReview1": "[ScrumMaster]says: Here is our test Report: Test Report:\n\nTest script's output:\nF\n======================================================================\nFAIL: test (__main__.Test)\n----------------------------------------------------------------------\nTraceback (most recent call last):\n  File \"/Users/watch/PycharmProjects/XXXX-1-LLM/workspace/2024-03-11_09-20-04-648469/test_script.py\", line 19, in test\n    self.assertEqual(average_tuple(((10, 10, 10, 12), (30, 45, 56, 45), (81, 80, 39, 32), (1, 2, 3, 4))), [30.5, 34.25, 33.0, 2.5])\nAssertionError: Lists differ: [10.5, 44.0, 58.0, 2.5] != [30.5, 34.25, 33.0, 2.5]\n\nFirst differing element 0:\n10.5\n30.5\n\n- [10.5, 44.0, 58.0, 2.5]\n+ [30.5, 34.25, 33.0, 2.5]\n\n----------------------------------------------------------------------\nRan 1 test in 0.000s\n\nFAILED (failures=1)\n\nCode Test Failed\n\nInput Example:\naverage_tuple(((10, 10, 10, 12), (30, 45, 56, 45), (81, 80, 39, 32), (1, 2, 3, 4)))\n\nExpected Output:\n[30.5, 34.25, 33.0, 2.5]\n\nBased on the test script's output, the code has failed the test. The input example provided did not produce the expected output. The code needs to be reviewed and corrected to ensure it passes the test in the future., do you have any ideas?\n-----\n\n[Architect]says: As an architect, it is important to review the code and identify the root cause of the test failure before making any changes to the product.\n-----\n\n[Developer]says: As a Developer, I will review the code and identify the issue causing the test failure.\n-----\n\n[ProductOwner]says: As a Product Owner, we should prioritize fixing the code to ensure it passes the test in the future.\n-----\n\n[Tester]says: As a Tester, it is important to review the code and identify the discrepancies to ensure that it passes the test in the future.\n-----\n\n[Developer]says: As a Developer, I will review the code and identify the issue causing the test failure.\n-----\n\n[ProductOwner]says: As a Product Owner, I agree that fixing the code and ensuring it passes the test should be our top priority.\n-----\n\n[Architect]says: As an architect, I will conduct a thorough review of the code to identify the root cause of the test failure before making any changes to the product.\n-----\n\n[Tester]says: As a Tester, I will review the code and identify the discrepancies to ensure that it passes the test in the future.\n-----\n",
    "SprintReviewMeetings1": "{\n  \"product-owner\":[\"we should prioritize fixing the code to ensure it passes the test in the future.\",\"fixing the code and ensuring it passes the test should be our top priority.\"],\n  \"architect\":[\"It is important to review the code and identify the root cause of the test failure before making any changes to the product.\",\"conduct a thorough review of the code to identify the root cause of the test failure before making any changes to the product.\"],\n  \"developer\":[\"I will review the code and identify the issue causing the test failure.\",\"I will review the code and identify the issue causing the test failure.\"],\n  \"tester\":[\"It is important to review the code and identify the discrepancies to ensure that it passes the test in the future.\",\"I will review the code and identify the discrepancies to ensure that it passes the test in the future.\"]\n}",
    "SprintReviewMeetings1_prompt": "{\"Role\": \"You are a professional scrum master. Your goal is to summary the Discussion History into a suggestions list for the scrum team.\", \"Instruction\": \"1. Read and Understand the Discussion History. 2. Summary the suggestions from four roles: product-owner/architect/developer/tester. 3. Response in JSON format.\", \"Example\": \"{\\\"product-owner\\\":[\\\"suggestion1\\\",\\\"suggestion2\\\"],\\\"architect\\\":[\\\"suggestion1\\\",\\\"suggestion2\\\"], \\\"developer\\\":[\\\"suggestion1\\\",\\\"suggestion2\\\"], \\\"tester\\\":[\\\"suggestion1\\\",\\\"suggestion2\\\"]}\", \"Context\": \"[ScrumMaster]says: Here is our test Report: Test Report:\\n\\nTest script's output:\\nF\\n======================================================================\\nFAIL: test (__main__.Test)\\n----------------------------------------------------------------------\\nTraceback (most recent call last):\\n  File \\\"/Users/watch/PycharmProjects/XXXX-1-LLM/workspace/2024-03-11_09-20-04-648469/test_script.py\\\", line 19, in test\\n    self.assertEqual(average_tuple(((10, 10, 10, 12), (30, 45, 56, 45), (81, 80, 39, 32), (1, 2, 3, 4))), [30.5, 34.25, 33.0, 2.5])\\nAssertionError: Lists differ: [10.5, 44.0, 58.0, 2.5] != [30.5, 34.25, 33.0, 2.5]\\n\\nFirst differing element 0:\\n10.5\\n30.5\\n\\n- [10.5, 44.0, 58.0, 2.5]\\n+ [30.5, 34.25, 33.0, 2.5]\\n\\n----------------------------------------------------------------------\\nRan 1 test in 0.000s\\n\\nFAILED (failures=1)\\n\\nCode Test Failed\\n\\nInput Example:\\naverage_tuple(((10, 10, 10, 12), (30, 45, 56, 45), (81, 80, 39, 32), (1, 2, 3, 4)))\\n\\nExpected Output:\\n[30.5, 34.25, 33.0, 2.5]\\n\\nBased on the test script's output, the code has failed the test. The input example provided did not produce the expected output. The code needs to be reviewed and corrected to ensure it passes the test in the future., do you have any ideas?\\n-----\\n\\n[Architect]says: As an architect, it is important to review the code and identify the root cause of the test failure before making any changes to the product.\\n-----\\n\\n[Developer]says: As a Developer, I will review the code and identify the issue causing the test failure.\\n-----\\n\\n[ProductOwner]says: As a Product Owner, we should prioritize fixing the code to ensure it passes the test in the future.\\n-----\\n\\n[Tester]says: As a Tester, it is important to review the code and identify the discrepancies to ensure that it passes the test in the future.\\n-----\\n\\n[Developer]says: As a Developer, I will review the code and identify the issue causing the test failure.\\n-----\\n\\n[ProductOwner]says: As a Product Owner, I agree that fixing the code and ensuring it passes the test should be our top priority.\\n-----\\n\\n[Architect]says: As an architect, I will conduct a thorough review of the code to identify the root cause of the test failure before making any changes to the product.\\n-----\\n\\n[Tester]says: As a Tester, I will review the code and identify the discrepancies to ensure that it passes the test in the future.\\n-----\\n\", \"Question\": \"Follow the Instruction section. The Discussion History is in the Context section. You only need to return a list as the Example section.\"}",
    "RepairResponse1": "{\n  \"revised_code\": \"def average_tuple(nums):\\n    averages = []\\n    for tpl in nums:\\n        avg = sum(tpl) / len(tpl)\\n        averages.append(avg)\\n    return averages\"\n}",
    "RepairResponse1_prompt": {
        "Role": "You are a professional software engineer. Your duty is to write code in Python that meets the requirements. Ensure that the code you write is efficient, readable, and follows best practices. Remember, do not need to explain the code you wrote.",
        "Instruction": "1. Rewrite a bug fix version of the original code. 2. Response in JSON format.",
        "Example": "{\"revised_code\":\"...\"}",
        "Context": "# Test Report:\nTest Report:\n\nTest script's output:\nF\n======================================================================\nFAIL: test (__main__.Test)\n----------------------------------------------------------------------\nTraceback (most recent call last):\n  File \"/Users/watch/PycharmProjects/XXXX-1-LLM/workspace/2024-03-11_09-20-04-648469/test_script.py\", line 19, in test\n    self.assertEqual(average_tuple(((10, 10, 10, 12), (30, 45, 56, 45), (81, 80, 39, 32), (1, 2, 3, 4))), [30.5, 34.25, 33.0, 2.5])\nAssertionError: Lists differ: [10.5, 44.0, 58.0, 2.5] != [30.5, 34.25, 33.0, 2.5]\n\nFirst differing element 0:\n10.5\n30.5\n\n- [10.5, 44.0, 58.0, 2.5]\n+ [30.5, 34.25, 33.0, 2.5]\n\n----------------------------------------------------------------------\nRan 1 test in 0.000s\n\nFAILED (failures=1)\n\nCode Test Failed\n\nInput Example:\naverage_tuple(((10, 10, 10, 12), (30, 45, 56, 45), (81, 80, 39, 32), (1, 2, 3, 4)))\n\nExpected Output:\n[30.5, 34.25, 33.0, 2.5]\n\nBased on the test script's output, the code has failed the test. The input example provided did not produce the expected output. The code needs to be reviewed and corrected to ensure it passes the test in the future.# suggestions:\n{\"product-owner\": [\"we should prioritize fixing the code to ensure it passes the test in the future.\", \"fixing the code and ensuring it passes the test should be our top priority.\"], \"architect\": [\"It is important to review the code and identify the root cause of the test failure before making any changes to the product.\", \"conduct a thorough review of the code to identify the root cause of the test failure before making any changes to the product.\"], \"developer\": [\"I will review the code and identify the issue causing the test failure.\", \"I will review the code and identify the issue causing the test failure.\"], \"tester\": [\"It is important to review the code and identify the discrepancies to ensure that it passes the test in the future.\", \"I will review the code and identify the discrepancies to ensure that it passes the test in the future.\"]}",
        "Question": "The original code has some bugs, according to the test report and suggestions, rewrite the code. Complete the following code:\ndef average_tuple(nums):\n'''Write a function which takes a tuple of tuples and returns the average value for each tuple as a list.\nassert average_tuple(((10, 10, 10, 12), (30, 45, 56, 45), (81, 80, 39, 32), (1, 2, 3, 4)))==[30.5, 34.25, 27.0, 23.25]'''\n"
    },
    "Code2": "def average_tuple(nums):\n    averages = []\n    for tpl in nums:\n        avg = sum(tpl) / len(tpl)\n        averages.append(avg)\n    return averages",
    "ScriptResult2": "F\n======================================================================\nFAIL: test (__main__.Test)\n----------------------------------------------------------------------\nTraceback (most recent call last):\n  File \"/Users/watch/PycharmProjects/XXXX-1-LLM/workspace/2024-03-11_09-20-04-648469/test_script.py\", line 11, in test\n    self.assertEqual(average_tuple(((10, 10, 10, 12), (30, 45, 56, 45), (81, 80, 39, 32), (1, 2, 3, 4))), [30.5, 34.25, 33.0, 2.5])\nAssertionError: Lists differ: [10.5, 44.0, 58.0, 2.5] != [30.5, 34.25, 33.0, 2.5]\n\nFirst differing element 0:\n10.5\n30.5\n\n- [10.5, 44.0, 58.0, 2.5]\n+ [30.5, 34.25, 33.0, 2.5]\n\n----------------------------------------------------------------------\nRan 1 test in 0.000s\n\nFAILED (failures=1)\n",
    "TestReport2": "Test Report:\n\nContext:\nThe test script's output indicates that the code has failed the test. The specific failure is due to a mismatch between the expected output and the actual output.\n\nAnalysis:\nThe test script output shows that the code failed the test with the following details:\n- The test failed with an AssertionError due to a mismatch in the expected and actual output.\n- The code produced an average tuple of [10.5, 44.0, 58.0, 2.5] while the expected output was [30.5, 34.25, 33.0, 2.5].\n- The first differing element was found to be 10.5 in the actual output and 30.5 in the expected output.\n\nConclusion:\nBased on the analysis of the test script output, it is evident that the code has failed the test.\n\nCode Test Result: FAIL\nInput and Expected Output Example:\ndef average_tuple(nums):\n    averages = []\n    for tpl in nums:\n        avg = sum(tpl) / len(tpl)\n        averages.append(avg)\n    return averages\n\nThe code test has FAILED. The input and expected output example are as follows:\nInput: ((10, 10, 10, 12), (30, 45, 56, 45), (81, 80, 39, 32), (1, 2, 3, 4))\nExpected Output: [30.5, 34.25, 33.0, 2.5]\n\nThe code test has not met the expected output and has failed to produce the correct average tuple.\n\nCode Test Result: FAIL",
    "SprintReview2": "[ScrumMaster]says: Here is our test Report: Test Report:\n\nContext:\nThe test script's output indicates that the code has failed the test. The specific failure is due to a mismatch between the expected output and the actual output.\n\nAnalysis:\nThe test script output shows that the code failed the test with the following details:\n- The test failed with an AssertionError due to a mismatch in the expected and actual output.\n- The code produced an average tuple of [10.5, 44.0, 58.0, 2.5] while the expected output was [30.5, 34.25, 33.0, 2.5].\n- The first differing element was found to be 10.5 in the actual output and 30.5 in the expected output.\n\nConclusion:\nBased on the analysis of the test script output, it is evident that the code has failed the test.\n\nCode Test Result: FAIL\nInput and Expected Output Example:\ndef average_tuple(nums):\n    averages = []\n    for tpl in nums:\n        avg = sum(tpl) / len(tpl)\n        averages.append(avg)\n    return averages\n\nThe code test has FAILED. The input and expected output example are as follows:\nInput: ((10, 10, 10, 12), (30, 45, 56, 45), (81, 80, 39, 32), (1, 2, 3, 4))\nExpected Output: [30.5, 34.25, 33.0, 2.5]\n\nThe code test has not met the expected output and has failed to produce the correct average tuple.\n\nCode Test Result: FAIL, do you have any ideas?\n-----\n\n[ProductOwner]says: As the Product Owner, I think we should prioritize fixing the code to meet the expected output before moving forward with any other tasks.\n-----\n\n[Developer]says: As a Developer, I will review the code and debug the average_tuple function to ensure it produces the correct average tuple output.\n-----\n\n[Tester]says: I will review the test script and look for any potential issues in the code that may have caused the failure.\n-----\n\n[Architect]says: As an Architect, I suggest reviewing the code to identify the specific issues and potential areas for improvement. Additionally, we may need to consider modifying the algorithm for calculating the average tuple.\n-----\n\n[ProductOwner]says: As the Product Owner, I think we should prioritize fixing the code to meet the expected output before moving forward with any other tasks.\n-----\n\n[Tester]says: [Tester] says: It looks like there may be a problem with the calculation of the average tuple, I will review the code and test script to identify any potential issues.\n-----\n\n[Developer]says: As a Developer, I will review the code and debug the average_tuple function to ensure it produces the correct average tuple output.\n-----\n\n[Architect]says: As an Architect, I suggest reviewing the code to identify the specific issues and potential areas for improvement. Additionally, we may need to consider modifying the algorithm for calculating the average tuple.\n-----\n",
    "SprintReviewMeetings2": "{\n  \"product-owner\":[\"I think we should prioritize fixing the code to meet the expected output before moving forward with any other tasks.\"],\n  \"architect\":[\"I suggest reviewing the code to identify the specific issues and potential areas for improvement. Additionally, we may need to consider modifying the algorithm for calculating the average tuple.\"],\n  \"developer\":[\"I will review the code and debug the average_tuple function to ensure it produces the correct average tuple output.\"],\n  \"tester\":[\"I will review the test script and look for any potential issues in the code that may have caused the failure.\"]\n}",
    "SprintReviewMeetings2_prompt": "{\"Role\": \"You are a professional scrum master. Your goal is to summary the Discussion History into a suggestions list for the scrum team.\", \"Instruction\": \"1. Read and Understand the Discussion History. 2. Summary the suggestions from four roles: product-owner/architect/developer/tester. 3. Response in JSON format.\", \"Example\": \"{\\\"product-owner\\\":[\\\"suggestion1\\\",\\\"suggestion2\\\"],\\\"architect\\\":[\\\"suggestion1\\\",\\\"suggestion2\\\"], \\\"developer\\\":[\\\"suggestion1\\\",\\\"suggestion2\\\"], \\\"tester\\\":[\\\"suggestion1\\\",\\\"suggestion2\\\"]}\", \"Context\": \"[ScrumMaster]says: Here is our test Report: Test Report:\\n\\nContext:\\nThe test script's output indicates that the code has failed the test. The specific failure is due to a mismatch between the expected output and the actual output.\\n\\nAnalysis:\\nThe test script output shows that the code failed the test with the following details:\\n- The test failed with an AssertionError due to a mismatch in the expected and actual output.\\n- The code produced an average tuple of [10.5, 44.0, 58.0, 2.5] while the expected output was [30.5, 34.25, 33.0, 2.5].\\n- The first differing element was found to be 10.5 in the actual output and 30.5 in the expected output.\\n\\nConclusion:\\nBased on the analysis of the test script output, it is evident that the code has failed the test.\\n\\nCode Test Result: FAIL\\nInput and Expected Output Example:\\ndef average_tuple(nums):\\n    averages = []\\n    for tpl in nums:\\n        avg = sum(tpl) / len(tpl)\\n        averages.append(avg)\\n    return averages\\n\\nThe code test has FAILED. The input and expected output example are as follows:\\nInput: ((10, 10, 10, 12), (30, 45, 56, 45), (81, 80, 39, 32), (1, 2, 3, 4))\\nExpected Output: [30.5, 34.25, 33.0, 2.5]\\n\\nThe code test has not met the expected output and has failed to produce the correct average tuple.\\n\\nCode Test Result: FAIL, do you have any ideas?\\n-----\\n\\n[ProductOwner]says: As the Product Owner, I think we should prioritize fixing the code to meet the expected output before moving forward with any other tasks.\\n-----\\n\\n[Developer]says: As a Developer, I will review the code and debug the average_tuple function to ensure it produces the correct average tuple output.\\n-----\\n\\n[Tester]says: I will review the test script and look for any potential issues in the code that may have caused the failure.\\n-----\\n\\n[Architect]says: As an Architect, I suggest reviewing the code to identify the specific issues and potential areas for improvement. Additionally, we may need to consider modifying the algorithm for calculating the average tuple.\\n-----\\n\\n[ProductOwner]says: As the Product Owner, I think we should prioritize fixing the code to meet the expected output before moving forward with any other tasks.\\n-----\\n\\n[Tester]says: [Tester] says: It looks like there may be a problem with the calculation of the average tuple, I will review the code and test script to identify any potential issues.\\n-----\\n\\n[Developer]says: As a Developer, I will review the code and debug the average_tuple function to ensure it produces the correct average tuple output.\\n-----\\n\\n[Architect]says: As an Architect, I suggest reviewing the code to identify the specific issues and potential areas for improvement. Additionally, we may need to consider modifying the algorithm for calculating the average tuple.\\n-----\\n\", \"Question\": \"Follow the Instruction section. The Discussion History is in the Context section. You only need to return a list as the Example section.\"}",
    "RepairResponse2": "{\n  \"revised_code\": \"def average_tuple(nums):\\n    averages = []\\n    for tpl in nums:\\n        avg = sum(tpl) / len(tpl)\\n        averages.append(round(avg, 2))\\n    return averages\"\n}",
    "RepairResponse2_prompt": {
        "Role": "You are a professional software engineer. Your duty is to write code in Python that meets the requirements. Ensure that the code you write is efficient, readable, and follows best practices. Remember, do not need to explain the code you wrote.",
        "Instruction": "1. Rewrite a bug fix version of the original code. 2. Response in JSON format.",
        "Example": "{\"revised_code\":\"...\"}",
        "Context": "# Test Report:\nTest Report:\n\nContext:\nThe test script's output indicates that the code has failed the test. The specific failure is due to a mismatch between the expected output and the actual output.\n\nAnalysis:\nThe test script output shows that the code failed the test with the following details:\n- The test failed with an AssertionError due to a mismatch in the expected and actual output.\n- The code produced an average tuple of [10.5, 44.0, 58.0, 2.5] while the expected output was [30.5, 34.25, 33.0, 2.5].\n- The first differing element was found to be 10.5 in the actual output and 30.5 in the expected output.\n\nConclusion:\nBased on the analysis of the test script output, it is evident that the code has failed the test.\n\nCode Test Result: FAIL\nInput and Expected Output Example:\ndef average_tuple(nums):\n    averages = []\n    for tpl in nums:\n        avg = sum(tpl) / len(tpl)\n        averages.append(avg)\n    return averages\n\nThe code test has FAILED. The input and expected output example are as follows:\nInput: ((10, 10, 10, 12), (30, 45, 56, 45), (81, 80, 39, 32), (1, 2, 3, 4))\nExpected Output: [30.5, 34.25, 33.0, 2.5]\n\nThe code test has not met the expected output and has failed to produce the correct average tuple.\n\nCode Test Result: FAIL# suggestions:\n{\"product-owner\": [\"I think we should prioritize fixing the code to meet the expected output before moving forward with any other tasks.\"], \"architect\": [\"I suggest reviewing the code to identify the specific issues and potential areas for improvement. Additionally, we may need to consider modifying the algorithm for calculating the average tuple.\"], \"developer\": [\"I will review the code and debug the average_tuple function to ensure it produces the correct average tuple output.\"], \"tester\": [\"I will review the test script and look for any potential issues in the code that may have caused the failure.\"]}",
        "Question": "The original code has some bugs, according to the test report and suggestions, rewrite the code. Complete the following code:\ndef average_tuple(nums):\n'''Write a function which takes a tuple of tuples and returns the average value for each tuple as a list.\nassert average_tuple(((10, 10, 10, 12), (30, 45, 56, 45), (81, 80, 39, 32), (1, 2, 3, 4)))==[30.5, 34.25, 27.0, 23.25]'''\n"
    },
    "Code3": "def average_tuple(nums):\n    averages = []\n    for tpl in nums:\n        avg = sum(tpl) / len(tpl)\n        averages.append(round(avg, 2))\n    return averages",
    "ScriptResult3": "F\n======================================================================\nFAIL: test (__main__.Test)\n----------------------------------------------------------------------\nTraceback (most recent call last):\n  File \"/Users/watch/PycharmProjects/XXXX-1-LLM/workspace/2024-03-11_09-20-04-648469/test_script.py\", line 11, in test\n    self.assertEqual(average_tuple(((10, 10, 10, 12), (30, 45, 56, 45), (81, 80, 39, 32), (1, 2, 3, 4))), [30.5, 34.25, 33.0, 2.5])\nAssertionError: Lists differ: [10.5, 44.0, 58.0, 2.5] != [30.5, 34.25, 33.0, 2.5]\n\nFirst differing element 0:\n10.5\n30.5\n\n- [10.5, 44.0, 58.0, 2.5]\n+ [30.5, 34.25, 33.0, 2.5]\n\n----------------------------------------------------------------------\nRan 1 test in 0.000s\n\nFAILED (failures=1)\n",
    "TestReport3": "Test Report:\n\n- The test script's output shows a failure in the test case.\n\n- Input Example:\naverage_tuple(((10, 10, 10, 12), (30, 45, 56, 45), (81, 80, 39, 32), (1, 2, 3, 4)))\n\n- Expected Output Example:\n[30.5, 34.25, 33.0, 2.5]\n\n- Actual Output:\n[10.5, 44.0, 58.0, 2.5]\n\nConclusion: Code Test Failed. \n\nThe function 'average_tuple' did not return the expected output as shown in the test case.\n\nRecommendation: The code needs to be reviewed and fixed to ensure it produces the correct output for the given input.\n\nAdditional Note: The assertion error in the test output indicates a mismatch between the expected and actual output, specifically in the element at index 0 of the lists.\n\nCode Test Failed."
}