{
    "start_time": "2024-03-10_22-17-16-577360",
    "task": "def area_tetrahedron(side):\n'''Write a function to caluclate the area of a tetrahedron.\nassert area_tetrahedron(3)==15.588457268119894'''\n",
    "datetime": {
        "task": "2024-03-10 22:17:16",
        "task-id": "2024-03-10 22:17:16",
        "workflow": "2024-03-10 22:17:16",
        "AnalyzeDraft": "2024-03-10 22:17:18",
        "AnalyzeMeetings": "2024-03-10 22:17:20",
        "Analyze": "2024-03-10 22:17:24",
        "Test Cases Draft": "2024-03-10 22:17:26",
        "Test Cases Meetings": "2024-03-10 22:17:27",
        "Test Cases": "2024-03-10 22:17:30",
        "Code0draft": "2024-03-10 22:17:31",
        "Code Review Meetings": "2024-03-10 22:17:33",
        "Code0": "2024-03-10 22:17:33",
        "TestScriptOriginal": "2024-03-10 22:17:34",
        "TestScript": "2024-03-10 22:17:34",
        "ScriptResult0": "2024-03-10 22:17:34",
        "TestReport0": "2024-03-10 22:17:37",
        "RepairResponse1": "2024-03-10 22:17:39",
        "Code1": "2024-03-10 22:17:39",
        "ScriptResult1": "2024-03-10 22:17:39",
        "TestReport1": "2024-03-10 22:17:43",
        "RepairResponse2": "2024-03-10 22:17:44",
        "Code2": "2024-03-10 22:17:44",
        "ScriptResult2": "2024-03-10 22:17:44",
        "TestReport2": "2024-03-10 22:17:46",
        "FinalCode": "2024-03-10 22:17:46"
    },
    "task-id": 742,
    "workflow": "testdriven/testdriven_version_0.0.5_remove.json",
    "AnalyzeDraft": "{\n  \"Requirement\": \"The system must include a function called area_tetrahedron that takes a single parameter 'side' and returns the calculated area of a tetrahedron based on the given side length.\",\n  \"Assumption\": \"It is assumed that the input value for 'side' will always be a positive non-zero number.\",\n  \"Validation\": \"The system should include validation to ensure that the input 'side' is a positive non-zero number.\",\n  \"ExpectedOutput\": \"The expected output for area_tetrahedron(3) is 15.588457268119894, which should be validated and returned by the function.\",\n  \"Note\": \"The implementation details of the function and the mathematical formula for calculating the area of a tetrahedron are not provided in the requirement, and will be determined during the development phase.\"\n}",
    "AnalyzeMeetings": "{\n  \"Architect\": \"Based on the requirement, the function area_tetrahedron should be designed to take a single parameter 'side' and return the calculated area of a tetrahedron. It is important to ensure that the function is designed to handle positive non-zero numbers as input, and to include validation for this. During the development phase, the mathematical formula for calculating the area of a tetrahedron should be determined and implemented in the function.\",\n  \"Tester\": \"As a tester, it is important to validate the function area_tetrahedron with different input values to ensure that it returns the expected output. Testing should include positive non-zero numbers as well as edge cases such as zero and negative values for 'side' to verify that the validation is working correctly. Additionally, testing should cover a range of input values to validate the accuracy of the calculated area of the tetrahedron.\"\n}",
    "Analyze": "{\n  \"RevisedDocument\": {\n    \"Requirement\": \"The system must include a function called area_tetrahedron that takes a single parameter 'side' and returns the calculated area of a tetrahedron based on the given side length.\",\n    \"Assumption\": \"It is assumed that the input value for 'side' will always be a positive non-zero number.\",\n    \"Validation\": \"The system should include validation to ensure that the input 'side' is a positive non-zero number.\",\n    \"ExpectedOutput\": \"The expected output for area_tetrahedron(3) is 15.588457268119894, which should be validated and returned by the function.\",\n    \"ArchitectSuggestion\": {\n      \"Action\": \"The function area_tetrahedron should be designed to take a single parameter 'side' and return the calculated area of a tetrahedron. It is important to ensure that the function is designed to handle positive non-zero numbers as input, and to include validation for this. During the development phase, the mathematical formula for calculating the area of a tetrahedron should be determined and implemented in the function.\"\n    },\n    \"TesterSuggestion\": {\n      \"Action\": \"As a tester, it is important to validate the function area_tetrahedron with different input values to ensure that it returns the expected output. Testing should include positive non-zero numbers as well as edge cases such as zero and negative values for 'side' to verify that the validation is working correctly. Additionally, testing should cover a range of input values to validate the accuracy of the calculated area of the tetrahedron.\"\n    },\n    \"Note\": \"The implementation details of the function and the mathematical formula for calculating the area of a tetrahedron are not provided in the requirement, and will be determined during the development phase.\"\n  }\n}",
    "Test Cases Draft": "{\n  \"test_cases\": [\n    {\n      \"Test Title\": \"Positive Input Test\",\n      \"Input Data\": \"side=3\",\n      \"Expected Output\": \"15.588457268119894\"\n    },\n    {\n      \"Test Title\": \"Zero Input Test\",\n      \"Input Data\": \"side=0\",\n      \"Expected Output\": \"0\"\n    },\n    {\n      \"Test Title\": \"Negative Input Test\",\n      \"Input Data\": \"side=-3\",\n      \"Expected Output\": \"Invalid Input\"\n    }\n  ]\n}",
    "Test Cases Draft_prompt": "{\"Role\": \"You are a quality assurance engineer. Your duty is to design test cases for the developers.\", \"Instruction\": \"According to the Context section, write test cases. Don't write long strings in your test cases. Response in JSON format.\", \"Example\": \"{\\\"requirement analysis\\\":\\\"analysis\\\",\\\"test_cases\\\":[{\\\"Test Title\\\":\\\"title\\\", \\\"Input Data\\\":\\\"parameter1=[1,2,3],parameter2='123'\\\", \\\"Expected Output\\\":\\\"456\\\"},]}\", \"Context\": \"# Requirement Analysis:\\n{\\n  \\\"RevisedDocument\\\": {\\n    \\\"Requirement\\\": \\\"The system must include a function called area_tetrahedron that takes a single parameter 'side' and returns the calculated area of a tetrahedron based on the given side length.\\\",\\n    \\\"Assumption\\\": \\\"It is assumed that the input value for 'side' will always be a positive non-zero number.\\\",\\n    \\\"Validation\\\": \\\"The system should include validation to ensure that the input 'side' is a positive non-zero number.\\\",\\n    \\\"ExpectedOutput\\\": \\\"The expected output for area_tetrahedron(3) is 15.588457268119894, which should be validated and returned by the function.\\\",\\n    \\\"ArchitectSuggestion\\\": {\\n      \\\"Action\\\": \\\"The function area_tetrahedron should be designed to take a single parameter 'side' and return the calculated area of a tetrahedron. It is important to ensure that the function is designed to handle positive non-zero numbers as input, and to include validation for this. During the development phase, the mathematical formula for calculating the area of a tetrahedron should be determined and implemented in the function.\\\"\\n    },\\n    \\\"TesterSuggestion\\\": {\\n      \\\"Action\\\": \\\"As a tester, it is important to validate the function area_tetrahedron with different input values to ensure that it returns the expected output. Testing should include positive non-zero numbers as well as edge cases such as zero and negative values for 'side' to verify that the validation is working correctly. Additionally, testing should cover a range of input values to validate the accuracy of the calculated area of the tetrahedron.\\\"\\n    },\\n    \\\"Note\\\": \\\"The implementation details of the function and the mathematical formula for calculating the area of a tetrahedron are not provided in the requirement, and will be determined during the development phase.\\\"\\n  }\\n}\", \"Question\": \"def area_tetrahedron(side):\\n'''Write a function to caluclate the area of a tetrahedron.\\nassert area_tetrahedron(3)==15.588457268119894'''\\n\"}",
    "Test Cases Meetings": "{\n  \"Architect\": \"As an Architect, I suggest adding more test cases to cover a wider range of input values, such as testing with decimal numbers or very large numbers. Additionally, consider adding boundary test cases to cover the edge cases of the input domain.\",\n  \"Developer\": \"As a Developer, I suggest revising the test cases to include more descriptive test titles that clearly indicate the purpose of the test. Also, it would be helpful to include the actual formula or function being tested, and the units of measurement for the input and output data.\"\n}",
    "Test Cases Meetings_prompt": "{\"Role\": \"I want you to act as a different roles and then give some suggestions about how to revise the test cases.\", \"Instruction\": \"1. Read the Context section. 2. Act as an Architect, give your suggestions. 3. Act as a Developer, give your suggestions. 4. Response in JSON format.\", \"Example\": \"{\\\"Architect\\\":\\\"Suggestion\\\",\\\"Developer\\\":\\\"Suggestion\\\"}\", \"Context\": \"{\\n  \\\"test_cases\\\": [\\n    {\\n      \\\"Test Title\\\": \\\"Positive Input Test\\\",\\n      \\\"Input Data\\\": \\\"side=3\\\",\\n      \\\"Expected Output\\\": \\\"15.588457268119894\\\"\\n    },\\n    {\\n      \\\"Test Title\\\": \\\"Zero Input Test\\\",\\n      \\\"Input Data\\\": \\\"side=0\\\",\\n      \\\"Expected Output\\\": \\\"0\\\"\\n    },\\n    {\\n      \\\"Test Title\\\": \\\"Negative Input Test\\\",\\n      \\\"Input Data\\\": \\\"side=-3\\\",\\n      \\\"Expected Output\\\": \\\"Invalid Input\\\"\\n    }\\n  ]\\n}\", \"Question\": \"Follow the Instruction. The Context section include the test cases.\"}",
    "Test Cases": "{\n  \"test_cases\": [\n    {\n      \"Test Title\": \"Positive Input Test - Side 3\",\n      \"Input Data\": \"side=3\",\n      \"Expected Output\": \"15.588457268119894\"\n    },\n    {\n      \"Test Title\": \"Zero Input Test - Side 0\",\n      \"Input Data\": \"side=0\",\n      \"Expected Output\": \"0\"\n    },\n    {\n      \"Test Title\": \"Negative Input Test - Side -3\",\n      \"Input Data\": \"side=-3\",\n      \"Expected Output\": \"Invalid Input\"\n    },\n    {\n      \"Test Title\": \"Decimal Input Test - Side 3.5\",\n      \"Input Data\": \"side=3.5\",\n      \"Expected Output\": \"29.43368695117979\"\n    },\n    {\n      \"Test Title\": \"Large Number Input Test - Side 1000\",\n      \"Input Data\": \"side=1000\",\n      \"Expected Output\": \"866025.4037844386\"\n    },\n    {\n      \"Test Title\": \"Boundary Test - Side 0.000001\",\n      \"Input Data\": \"side=0.000001\",\n      \"Expected Output\": \"0.000008154564919436\"\n    }\n  ]\n}",
    "Test Cases_prompt": "{\"Role\": \"You are a quality assurance engineer. Your duty is to revise the test cases based on the suggestions.\", \"Instruction\": \"1. Your colleague give you some suggestions(in the Context section) about the draft test cases, read these suggestions. 2. Revise your draft version test cases, but don't use long parameters. 3. Response in JSON format.\", \"Example\": \"{\\\"requirement analysis\\\":\\\"analysis\\\",\\\"test_cases\\\":[{\\\"Test Title\\\":\\\"title\\\", \\\"Input Data\\\":\\\"parameter1=[1,2,3],parameter2='123'\\\", \\\"Expected Output\\\":\\\"456\\\"},]}\", \"Context\": \"# Suggestions:\\n{\\n  \\\"Architect\\\": \\\"As an Architect, I suggest adding more test cases to cover a wider range of input values, such as testing with decimal numbers or very large numbers. Additionally, consider adding boundary test cases to cover the edge cases of the input domain.\\\",\\n  \\\"Developer\\\": \\\"As a Developer, I suggest revising the test cases to include more descriptive test titles that clearly indicate the purpose of the test. Also, it would be helpful to include the actual formula or function being tested, and the units of measurement for the input and output data.\\\"\\n}\\n # Draft Test cases:\\n{\\n  \\\"test_cases\\\": [\\n    {\\n      \\\"Test Title\\\": \\\"Positive Input Test\\\",\\n      \\\"Input Data\\\": \\\"side=3\\\",\\n      \\\"Expected Output\\\": \\\"15.588457268119894\\\"\\n    },\\n    {\\n      \\\"Test Title\\\": \\\"Zero Input Test\\\",\\n      \\\"Input Data\\\": \\\"side=0\\\",\\n      \\\"Expected Output\\\": \\\"0\\\"\\n    },\\n    {\\n      \\\"Test Title\\\": \\\"Negative Input Test\\\",\\n      \\\"Input Data\\\": \\\"side=-3\\\",\\n      \\\"Expected Output\\\": \\\"Invalid Input\\\"\\n    }\\n  ]\\n}\", \"Question\": \"Follow the Instruction. Please make sure your response length are less than 512. Your test cases is for the below question:\\ndef area_tetrahedron(side):\\n'''Write a function to caluclate the area of a tetrahedron.\\nassert area_tetrahedron(3)==15.588457268119894'''\\n\"}",
    "Code0draft": "def area_tetrahedron(side):\n    import math\n    if side <= 0:\n        return \"Invalid Input\"\n    else:\n        return round((math.sqrt(3) * side * side), 15)",
    "Code0draft_prompt": "{\"Role\": \"You are a professional engineer. Your duty is to write code in Python that meets the requirements. Ensure that the code you write is efficient, readable, and follows best practices. Remember, do not need to explain the code you wrote.\", \"Instruction\": \"According to the Context section, write your code.\", \"Example\": \"\", \"Context\": \"# Test Cases:\\n{\\n  \\\"test_cases\\\": [\\n    {\\n      \\\"Test Title\\\": \\\"Positive Input Test - Side 3\\\",\\n      \\\"Input Data\\\": \\\"side=3\\\",\\n      \\\"Expected Output\\\": \\\"15.588457268119894\\\"\\n    },\\n    {\\n      \\\"Test Title\\\": \\\"Zero Input Test - Side 0\\\",\\n      \\\"Input Data\\\": \\\"side=0\\\",\\n      \\\"Expected Output\\\": \\\"0\\\"\\n    },\\n    {\\n      \\\"Test Title\\\": \\\"Negative Input Test - Side -3\\\",\\n      \\\"Input Data\\\": \\\"side=-3\\\",\\n      \\\"Expected Output\\\": \\\"Invalid Input\\\"\\n    },\\n    {\\n      \\\"Test Title\\\": \\\"Decimal Input Test - Side 3.5\\\",\\n      \\\"Input Data\\\": \\\"side=3.5\\\",\\n      \\\"Expected Output\\\": \\\"29.43368695117979\\\"\\n    },\\n    {\\n      \\\"Test Title\\\": \\\"Large Number Input Test - Side 1000\\\",\\n      \\\"Input Data\\\": \\\"side=1000\\\",\\n      \\\"Expected Output\\\": \\\"866025.4037844386\\\"\\n    },\\n    {\\n      \\\"Test Title\\\": \\\"Boundary Test - Side 0.000001\\\",\\n      \\\"Input Data\\\": \\\"side=0.000001\\\",\\n      \\\"Expected Output\\\": \\\"0.000008154564919436\\\"\\n    }\\n  ]\\n}\", \"Question\": \"Follow the Instruction section. Complete the following code:\\ndef area_tetrahedron(side):\\n'''Write a function to caluclate the area of a tetrahedron.\\nassert area_tetrahedron(3)==15.588457268119894'''\\n\"}",
    "Code Review Meetings": "{\n  \"Architect\": \"The use of import within the function area_tetrahedron is not a good practice. It is better to import the necessary libraries at the beginning of the file. Additionally, the function could use a more descriptive name like calculate_tetrahedron_volume to better convey its purpose.\",\n  \"Tester\": \"It would be good to test the function with different input values including positive, negative, and zero to ensure that the function handles all cases appropriately. Additionally, the rounding precision of 15 may not be necessary and could be revisited based on the requirements.\"\n}",
    "Code0": "def calculate_tetrahedron_volume(side_length):\n    import math\n    if side_length <= 0:\n        return \"Invalid Input\"\n    else:\n        return round((math.sqrt(2) * side_length * side_length * side_length / 12), 15)",
    "Code0_prompt": "{\"Role\": \"You are a professional software engineer. Your duty is to write code in Python that meets the requirements. Ensure that the code you write is efficient, readable, and follows best practices. Remember, do not need to explain the code you wrote.\", \"Instruction\": \"1. Understand the suggestions(in the Context section) about the original code. 2. Rewrite your code.\", \"Example\": \"\", \"Context\": \"# Suggestions:\\n{\\n  \\\"Architect\\\": \\\"The use of import within the function area_tetrahedron is not a good practice. It is better to import the necessary libraries at the beginning of the file. Additionally, the function could use a more descriptive name like calculate_tetrahedron_volume to better convey its purpose.\\\",\\n  \\\"Tester\\\": \\\"It would be good to test the function with different input values including positive, negative, and zero to ensure that the function handles all cases appropriately. Additionally, the rounding precision of 15 may not be necessary and could be revisited based on the requirements.\\\"\\n}\\n# Original code:\\ndef area_tetrahedron(side):\\n    import math\\n    if side <= 0:\\n        return \\\"Invalid Input\\\"\\n    else:\\n        return round((math.sqrt(3) * side * side), 15)\", \"Question\": \"Follow the Instruction section. Complete the following code:\\ndef area_tetrahedron(side):\\n'''Write a function to caluclate the area of a tetrahedron.\\nassert area_tetrahedron(3)==15.588457268119894'''\\n\"}",
    "TestScriptOriginal": "import math\nimport unittest\n\ndef area_tetrahedron(side):\n    return (math.sqrt(3) * (side ** 2)) / 4\n\nclass Test(unittest.TestCase):\n    def test(self):\n        self.assertEqual(area_tetrahedron(3), 15.588457268119894)\n\nif __name__ == '__main__':\n    unittest.main()",
    "TestScriptOriginal_prompt": "{\"Role\": \"You are a quality assurance engineer. Your duty is to write a python test script in unittest framework.\", \"Instruction\": \"1. Write a python test script. 2. Use the input and output given by the question.\", \"Example\": \"import unittest\\n\\nclass Test(unittest.TestCase):\\n    def test(self):\\n        self.assertEqual(function_under_test('a'), 1)\\n\\nif __name__ == '__main__':\\n    unittest.main()\", \"Context\": \"\", \"Question\": \"def area_tetrahedron(side):\\n'''Write a function to caluclate the area of a tetrahedron.\\nassert area_tetrahedron(3)==15.588457268119894'''\\n\"}",
    "TestScript": "import math\nimport unittest\n\nclass Test(unittest.TestCase):\n    def test(self):\n        self.assertEqual(area_tetrahedron(3), 15.588457268119894)\n\nif __name__ == '__main__':\n    unittest.main()",
    "TestScript_prompt": "{\"Role\": \"You are a quality assurance engineer. Your duty is to write a python test script in unittest framework.\", \"Instruction\": \"1. Write a python test script. 2. Use the input and output given by the question.\", \"Example\": \"import unittest\\n\\nclass Test(unittest.TestCase):\\n    def test(self):\\n        self.assertEqual(function_under_test('a'), 1)\\n\\nif __name__ == '__main__':\\n    unittest.main()\", \"Context\": \"\", \"Question\": \"def area_tetrahedron(side):\\n'''Write a function to caluclate the area of a tetrahedron.\\nassert area_tetrahedron(3)==15.588457268119894'''\\n\"}",
    "ScriptResult0": "E\n======================================================================\nERROR: test (__main__.Test)\n----------------------------------------------------------------------\nTraceback (most recent call last):\n  File \"/Users/watch/PycharmProjects/XXXX-1-LLM/workspace/2024-03-10_22-17-16-577360/test_script.py\", line 12, in test\n    self.assertEqual(area_tetrahedron(3), 15.588457268119894)\nNameError: name 'area_tetrahedron' is not defined\n\n----------------------------------------------------------------------\nRan 1 test in 0.000s\n\nFAILED (errors=1)\n",
    "TestReport0": "Test Report:\n\nTest Script Output:\nE\n======================================================================\nERROR: test (__main__.Test)\n----------------------------------------------------------------------\nTraceback (most recent call last):\n  File \"/Users/watch/PycharmProjects/XXXX-1-LLM/workspace/2024-03-10_22-17-16-577360/test_script.py\", line 12, in test\n    self.assertEqual(area_tetrahedron(3), 15.588457268119894)\nNameError: name 'area_tetrahedron' is not defined\n\n----------------------------------------------------------------------\nRan 1 test in 0.000s\n\nFAILED (errors=1)\n\nTest Report:\nThe test script has failed with an error. The 'area_tetrahedron' function is not defined, causing the test to fail.\n\nConclusion:\nCode Test Failed\n\nInput and Expected Output Example:\nInput: area_tetrahedron(3)\nExpected Output: 15.588457268119894",
    "RepairResponse1": "{\n  \"revised_code\": \"import math\\n\\ndef area_tetrahedron(side_length):\\n    if side_length <= 0:\\n        return \\\"Invalid Input\\\"\\n    else:\\n        return round((math.sqrt(2) * side_length * side_length * side_length / 12), 15)\"\n}",
    "RepairResponse1_prompt": "{\"Role\": \"You are a professional software engineer. Your duty is to write code in Python that meets the requirements. Ensure that the code you write is efficient, readable, and follows best practices. Remember, do not need to explain the code you wrote.\", \"Instruction\": \"1. Rewrite a bug fix version of the original code. 2. Response in JSON format.\", \"Example\": \"{\\\"revised_code\\\":\\\"...\\\"}\", \"Context\": \"# the original code:\\ndef calculate_tetrahedron_volume(side_length):\\n    import math\\n    if side_length <= 0:\\n        return \\\"Invalid Input\\\"\\n    else:\\n        return round((math.sqrt(2) * side_length * side_length * side_length / 12), 15)\\n# test report:\\nTest Report:\\n\\nTest Script Output:\\nE\\n======================================================================\\nERROR: test (__main__.Test)\\n----------------------------------------------------------------------\\nTraceback (most recent call last):\\n  File \\\"/Users/watch/PycharmProjects/XXXX-1-LLM/workspace/2024-03-10_22-17-16-577360/test_script.py\\\", line 12, in test\\n    self.assertEqual(area_tetrahedron(3), 15.588457268119894)\\nNameError: name 'area_tetrahedron' is not defined\\n\\n----------------------------------------------------------------------\\nRan 1 test in 0.000s\\n\\nFAILED (errors=1)\\n\\nTest Report:\\nThe test script has failed with an error. The 'area_tetrahedron' function is not defined, causing the test to fail.\\n\\nConclusion:\\nCode Test Failed\\n\\nInput and Expected Output Example:\\nInput: area_tetrahedron(3)\\nExpected Output: 15.588457268119894\", \"Question\": \"The original code has some bugs, according to the test report and suggestions, rewrite the code. Complete the following code:\\ndef area_tetrahedron(side):\\n'''Write a function to caluclate the area of a tetrahedron.\\nassert area_tetrahedron(3)==15.588457268119894'''\\n\"}",
    "Code1": "import math\n\ndef area_tetrahedron(side_length):\n    if side_length <= 0:\n        return \"Invalid Input\"\n    else:\n        return round((math.sqrt(2) * side_length * side_length * side_length / 12), 15)",
    "ScriptResult1": "F\n======================================================================\nFAIL: test (__main__.Test)\n----------------------------------------------------------------------\nTraceback (most recent call last):\n  File \"/Users/watch/PycharmProjects/XXXX-1-LLM/workspace/2024-03-10_22-17-16-577360/test_script.py\", line 13, in test\n    self.assertEqual(area_tetrahedron(3), 15.588457268119894)\nAssertionError: 3.181980515339464 != 15.588457268119894\n\n----------------------------------------------------------------------\nRan 1 test in 0.000s\n\nFAILED (failures=1)\n",
    "TestReport1": "Test Report:\n\nTest Script Output:\n======================================================================\nFAIL: test (__main__.Test)\n----------------------------------------------------------------------\nTraceback (most recent call last):\n  File \"/Users/watch/PycharmProjects/XXXX-1-LLM/workspace/2024-03-10_22-17-16-577360/test_script.py\", line 13, in test\n    self.assertEqual(area_tetrahedron(3), 15.588457268119894)\nAssertionError: 3.181980515339464 != 15.588457268119894\n\n----------------------------------------------------------------------\nRan 1 test in 0.000s\n\nFAILED (failures=1)\n\nTest Conclusion: The code has FAILED the test.\n\nInput and Expected Output Example:\nInput: 3\nExpected Output: 15.588457268119894\n\nRecommendation: The code needs to be revised to address the failed test case.\n\nNote: The test script output indicates that the code has failed the test. The input value of 3 resulted in an expected output of 15.588457268119894, but the code returned 3.181980515339464. Therefore, the test has failed.\n\nCode Test Result: FAIL",
    "RepairResponse2": "{\n  \"revised_code\": \"import math\\n\\ndef area_tetrahedron(side_length):\\n    if side_length <= 0:\\n        return \\\"Invalid Input\\\"\\n    else:\\n        return round((math.sqrt(3) * side_length * side_length), 15)\"\n}",
    "RepairResponse2_prompt": "{\"Role\": \"You are a professional software engineer. Your duty is to write code in Python that meets the requirements. Ensure that the code you write is efficient, readable, and follows best practices. Remember, do not need to explain the code you wrote.\", \"Instruction\": \"1. Rewrite a bug fix version of the original code. 2. Response in JSON format.\", \"Example\": \"{\\\"revised_code\\\":\\\"...\\\"}\", \"Context\": \"# the original code:\\nimport math\\n\\ndef area_tetrahedron(side_length):\\n    if side_length <= 0:\\n        return \\\"Invalid Input\\\"\\n    else:\\n        return round((math.sqrt(2) * side_length * side_length * side_length / 12), 15)\\n# test report:\\nTest Report:\\n\\nTest Script Output:\\n======================================================================\\nFAIL: test (__main__.Test)\\n----------------------------------------------------------------------\\nTraceback (most recent call last):\\n  File \\\"/Users/watch/PycharmProjects/XXXX-1-LLM/workspace/2024-03-10_22-17-16-577360/test_script.py\\\", line 13, in test\\n    self.assertEqual(area_tetrahedron(3), 15.588457268119894)\\nAssertionError: 3.181980515339464 != 15.588457268119894\\n\\n----------------------------------------------------------------------\\nRan 1 test in 0.000s\\n\\nFAILED (failures=1)\\n\\nTest Conclusion: The code has FAILED the test.\\n\\nInput and Expected Output Example:\\nInput: 3\\nExpected Output: 15.588457268119894\\n\\nRecommendation: The code needs to be revised to address the failed test case.\\n\\nNote: The test script output indicates that the code has failed the test. The input value of 3 resulted in an expected output of 15.588457268119894, but the code returned 3.181980515339464. Therefore, the test has failed.\\n\\nCode Test Result: FAIL\", \"Question\": \"The original code has some bugs, according to the test report and suggestions, rewrite the code. Complete the following code:\\ndef area_tetrahedron(side):\\n'''Write a function to caluclate the area of a tetrahedron.\\nassert area_tetrahedron(3)==15.588457268119894'''\\n\"}",
    "Code2": "import math\n\ndef area_tetrahedron(side_length):\n    if side_length <= 0:\n        return \"Invalid Input\"\n    else:\n        return round((math.sqrt(3) * side_length * side_length), 15)",
    "ScriptResult2": "F\n======================================================================\nFAIL: test (__main__.Test)\n----------------------------------------------------------------------\nTraceback (most recent call last):\n  File \"/Users/watch/PycharmProjects/XXXX-1-LLM/workspace/2024-03-10_22-17-16-577360/test_script.py\", line 13, in test\n    self.assertEqual(area_tetrahedron(3), 15.588457268119894)\nAssertionError: 15.588457268119896 != 15.588457268119894\n\n----------------------------------------------------------------------\nRan 1 test in 0.000s\n\nFAILED (failures=1)\n",
    "TestReport2": "Test Report:\n\nTest script's output:\n======================================================================\nFAIL: test (__main__.Test)\n----------------------------------------------------------------------\nTraceback (most recent call last):\n  File \"/Users/watch/PycharmProjects/XXXX-1-LLM/workspace/2024-03-10_22-17-16-577360/test_script.py\", line 13, in test\n    self.assertEqual(area_tetrahedron(3), 15.588457268119894)\nAssertionError: 15.588457268119896 != 15.588457268119894\n\n----------------------------------------------------------------------\nRan 1 test in 0.000s\n\nFAILED (failures=1)\n\nTest Report:\nThe test script has failed with the following output. The code is not producing the expected output.\n\nInput: \n- Function call: area_tetrahedron(3)\n\nExpected Output: \n- 15.588457268119894\n\nConclusion: Code Test Failed",
    "FinalCode": "import math\n\ndef area_tetrahedron(side_length):\n    if side_length <= 0:\n        return \"Invalid Input\"\n    else:\n        return round((math.sqrt(3) * side_length * side_length), 15)"
}