{
    "2": ".\n----------------------------------------------------------------------\nRan 1 test in 0.000s\n\nOK\n",
    "3": ".\n----------------------------------------------------------------------\nRan 1 test in 0.000s\n\nOK\n",
    "4": ".\n----------------------------------------------------------------------\nRan 1 test in 0.000s\n\nOK\n",
    "6": "E\n======================================================================\nERROR: test (__main__.Test)\n----------------------------------------------------------------------\nTraceback (most recent call last):\n  File \"/Users/watch/PycharmProjects/XXXX-1-LLM/Temps/mbpp/test_scripts/test6.py\", line 17, in test\n    assert differ_At_One_Bit_Pos(13,9) == True\nTypeError: differ_At_One_Bit_Pos() takes 1 positional argument but 2 were given\n\n----------------------------------------------------------------------\nRan 1 test in 0.000s\n\nFAILED (errors=1)\n",
    "7": ".\n----------------------------------------------------------------------\nRan 1 test in 0.000s\n\nOK\n",
    "8": ".\n----------------------------------------------------------------------\nRan 1 test in 0.000s\n\nOK\n",
    "9": "F\n======================================================================\nFAIL: test (__main__.Test)\n----------------------------------------------------------------------\nTraceback (most recent call last):\n  File \"/Users/watch/PycharmProjects/XXXX-1-LLM/Temps/mbpp/test_scripts/test9.py\", line 20, in test\n    assert find_Rotations(\"ab\") == 2\nAssertionError\n\n----------------------------------------------------------------------\nRan 1 test in 0.000s\n\nFAILED (failures=1)\n",
    "11": ".\n----------------------------------------------------------------------\nRan 1 test in 0.000s\n\nOK\n",
    "12": ".\n----------------------------------------------------------------------\nRan 1 test in 0.000s\n\nOK\n",
    "14": "F\n======================================================================\nFAIL: test (__main__.Test)\n----------------------------------------------------------------------\nTraceback (most recent call last):\n  File \"/Users/watch/PycharmProjects/XXXX-1-LLM/Temps/mbpp/test_scripts/test14.py\", line 18, in test\n    assert find_Volume(10,8,6) == 240\nAssertionError\n\n----------------------------------------------------------------------\nRan 1 test in 0.000s\n\nFAILED (failures=1)\n",
    "16": ".\n----------------------------------------------------------------------\nRan 1 test in 0.000s\n\nOK\n",
    "17": ".\n----------------------------------------------------------------------\nRan 1 test in 0.000s\n\nOK\n",
    "18": ".\n----------------------------------------------------------------------\nRan 1 test in 0.000s\n\nOK\n",
    "19": "E\n======================================================================\nERROR: test (__main__.Test)\n----------------------------------------------------------------------\nTraceback (most recent call last):\n  File \"/Users/watch/PycharmProjects/XXXX-1-LLM/Temps/mbpp/test_scripts/test19.py\", line 17, in test\n    assert test_duplicate(([1,2,3,4,5],))==False\n  File \"/Users/watch/PycharmProjects/XXXX-1-LLM/Temps/mbpp/test_scripts/test19.py\", line 12, in test_duplicate\n    return len(arraynums) != len(set(arraynums))\nTypeError: unhashable type: 'list'\n\n----------------------------------------------------------------------\nRan 1 test in 0.000s\n\nFAILED (errors=1)\n",
    "20": "F\n======================================================================\nFAIL: test (__main__.Test)\n----------------------------------------------------------------------\nTraceback (most recent call last):\n  File \"/Users/watch/PycharmProjects/XXXX-1-LLM/Temps/mbpp/test_scripts/test20.py\", line 22, in test\n    assert is_woodall(383) == True\nAssertionError\n\n----------------------------------------------------------------------\nRan 1 test in 0.000s\n\nFAILED (failures=1)\n",
    "56": ".\n----------------------------------------------------------------------\nRan 1 test in 0.000s\n\nOK\n",
    "57": ".\n----------------------------------------------------------------------\nRan 1 test in 0.000s\n\nOK\n",
    "58": ".\n----------------------------------------------------------------------\nRan 1 test in 0.000s\n\nOK\n",
    "59": ".\n----------------------------------------------------------------------\nRan 1 test in 0.000s\n\nOK\n",
    "61": "F\n======================================================================\nFAIL: test (__main__.Test)\n----------------------------------------------------------------------\nTraceback (most recent call last):\n  File \"/Users/watch/PycharmProjects/XXXX-1-LLM/Temps/mbpp/test_scripts/test61.py\", line 24, in test\n    assert count_Substrings('112112') == 6\nAssertionError\n\n----------------------------------------------------------------------\nRan 1 test in 0.000s\n\nFAILED (failures=1)\n",
    "62": ".\n----------------------------------------------------------------------\nRan 1 test in 0.000s\n\nOK\n",
    "63": ".\n----------------------------------------------------------------------\nRan 1 test in 0.000s\n\nOK\n",
    "64": ".\n----------------------------------------------------------------------\nRan 1 test in 0.000s\n\nOK\n",
    "65": ".\n----------------------------------------------------------------------\nRan 1 test in 0.000s\n\nOK\n",
    "66": ".\n----------------------------------------------------------------------\nRan 1 test in 0.000s\n\nOK\n",
    "67": "F\n======================================================================\nFAIL: test (__main__.Test)\n----------------------------------------------------------------------\nTraceback (most recent call last):\n  File \"/Users/watch/PycharmProjects/XXXX-1-LLM/Temps/mbpp/test_scripts/test67.py\", line 22, in test\n    assert bell_number(10)==115975\nAssertionError\n\n----------------------------------------------------------------------\nRan 1 test in 0.000s\n\nFAILED (failures=1)\n",
    "68": ".\n----------------------------------------------------------------------\nRan 1 test in 0.000s\n\nOK\n",
    "69": ".\n----------------------------------------------------------------------\nRan 1 test in 0.000s\n\nOK\n",
    "70": ".\n----------------------------------------------------------------------\nRan 1 test in 0.000s\n\nOK\n",
    "71": ".\n----------------------------------------------------------------------\nRan 1 test in 0.000s\n\nOK\n",
    "72": "F\n======================================================================\nFAIL: test (__main__.Test)\n----------------------------------------------------------------------\nTraceback (most recent call last):\n  File \"/Users/watch/PycharmProjects/XXXX-1-LLM/Temps/mbpp/test_scripts/test72.py\", line 21, in test\n    assert dif_Square(5) == True\nAssertionError\n\n----------------------------------------------------------------------\nRan 1 test in 0.000s\n\nFAILED (failures=1)\n",
    "74": ".\n----------------------------------------------------------------------\nRan 1 test in 0.000s\n\nOK\n",
    "75": ".\n----------------------------------------------------------------------\nRan 1 test in 0.000s\n\nOK\n",
    "77": ".\n----------------------------------------------------------------------\nRan 1 test in 0.000s\n\nOK\n",
    "79": ".\n----------------------------------------------------------------------\nRan 1 test in 0.000s\n\nOK\n",
    "80": ".\n----------------------------------------------------------------------\nRan 1 test in 0.000s\n\nOK\n",
    "82": ".\n----------------------------------------------------------------------\nRan 1 test in 0.000s\n\nOK\n",
    "83": "F\n======================================================================\nFAIL: test (__main__.Test)\n----------------------------------------------------------------------\nTraceback (most recent call last):\n  File \"/Users/watch/PycharmProjects/XXXX-1-LLM/Temps/mbpp/test_scripts/test83.py\", line 20, in test\n    assert get_Char(\"abc\") == \"f\"\nAssertionError\n\n----------------------------------------------------------------------\nRan 1 test in 0.000s\n\nFAILED (failures=1)\n",
    "84": "F\n======================================================================\nFAIL: test (__main__.Test)\n----------------------------------------------------------------------\nTraceback (most recent call last):\n  File \"/Users/watch/PycharmProjects/XXXX-1-LLM/Temps/mbpp/test_scripts/test84.py\", line 25, in test\n    assert sequence(2) == 1\nAssertionError\n\n----------------------------------------------------------------------\nRan 1 test in 0.000s\n\nFAILED (failures=1)\n",
    "85": ".\n----------------------------------------------------------------------\nRan 1 test in 0.000s\n\nOK\n",
    "86": ".\n----------------------------------------------------------------------\nRan 1 test in 0.000s\n\nOK\n",
    "87": "F\n======================================================================\nFAIL: test (__main__.Test)\n----------------------------------------------------------------------\nTraceback (most recent call last):\n  File \"/Users/watch/PycharmProjects/XXXX-1-LLM/Temps/mbpp/test_scripts/test87.py\", line 15, in test\n    assert merge_dictionaries_three({ \"R\": \"Red\", \"B\": \"Black\", \"P\": \"Pink\" }, { \"G\": \"Green\", \"W\": \"White\" },{\"L\":\"lavender\",\"B\":\"Blue\"})=={'W': 'White', 'P': 'Pink', 'B': 'Black', 'R': 'Red', 'G': 'Green', 'L': 'lavender'}\nAssertionError\n\n----------------------------------------------------------------------\nRan 1 test in 0.000s\n\nFAILED (failures=1)\n",
    "88": ".\n----------------------------------------------------------------------\nRan 1 test in 0.000s\n\nOK\n",
    "89": ".\n----------------------------------------------------------------------\nRan 1 test in 0.000s\n\nOK\n",
    "90": ".\n----------------------------------------------------------------------\nRan 1 test in 0.000s\n\nOK\n",
    "91": ".\n----------------------------------------------------------------------\nRan 1 test in 0.000s\n\nOK\n",
    "92": ".\n----------------------------------------------------------------------\nRan 1 test in 0.000s\n\nOK\n",
    "93": ".\n----------------------------------------------------------------------\nRan 1 test in 0.000s\n\nOK\n",
    "94": ".\n----------------------------------------------------------------------\nRan 1 test in 0.000s\n\nOK\n",
    "95": ".\n----------------------------------------------------------------------\nRan 1 test in 0.000s\n\nOK\n",
    "96": ".\n----------------------------------------------------------------------\nRan 1 test in 0.000s\n\nOK\n",
    "97": ".\n----------------------------------------------------------------------\nRan 1 test in 0.000s\n\nOK\n",
    "98": ".\n----------------------------------------------------------------------\nRan 1 test in 0.000s\n\nOK\n",
    "99": ".\n----------------------------------------------------------------------\nRan 1 test in 0.000s\n\nOK\n",
    "100": ".\n----------------------------------------------------------------------\nRan 1 test in 0.000s\n\nOK\n",
    "101": "F\n======================================================================\nFAIL: test (__main__.Test)\n----------------------------------------------------------------------\nTraceback (most recent call last):\n  File \"/Users/watch/PycharmProjects/XXXX-1-LLM/Temps/mbpp/test_scripts/test101.py\", line 19, in test\n    assert kth_element([12,3,5,7,19], 2) == 3\nAssertionError\n\n----------------------------------------------------------------------\nRan 1 test in 0.000s\n\nFAILED (failures=1)\n",
    "102": ".\n----------------------------------------------------------------------\nRan 1 test in 0.000s\n\nOK\n",
    "103": "F\n======================================================================\nFAIL: test (__main__.Test)\n----------------------------------------------------------------------\nTraceback (most recent call last):\n  File \"/Users/watch/PycharmProjects/XXXX-1-LLM/Temps/mbpp/test_scripts/test103.py\", line 22, in test\n    assert eulerian_num(3, 1) == 4\nAssertionError\n\n----------------------------------------------------------------------\nRan 1 test in 0.000s\n\nFAILED (failures=1)\n",
    "104": ".\n----------------------------------------------------------------------\nRan 1 test in 0.000s\n\nOK\n",
    "105": ".\n----------------------------------------------------------------------\nRan 1 test in 0.000s\n\nOK\n",
    "106": ".\n----------------------------------------------------------------------\nRan 1 test in 0.000s\n\nOK\n",
    "108": ".\n----------------------------------------------------------------------\nRan 1 test in 0.000s\n\nOK\n",
    "109": ".\n----------------------------------------------------------------------\nRan 1 test in 0.000s\n\nOK\n",
    "111": ".\n----------------------------------------------------------------------\nRan 1 test in 0.000s\n\nOK\n",
    "113": ".\n----------------------------------------------------------------------\nRan 1 test in 0.000s\n\nOK\n",
    "115": ".\n----------------------------------------------------------------------\nRan 1 test in 0.000s\n\nOK\n",
    "116": ".\n----------------------------------------------------------------------\nRan 1 test in 0.000s\n\nOK\n",
    "117": ".\n----------------------------------------------------------------------\nRan 1 test in 0.000s\n\nOK\n",
    "118": ".\n----------------------------------------------------------------------\nRan 1 test in 0.000s\n\nOK\n",
    "119": ".\n----------------------------------------------------------------------\nRan 1 test in 0.000s\n\nOK\n",
    "120": ".\n----------------------------------------------------------------------\nRan 1 test in 0.000s\n\nOK\n",
    "123": ".\n----------------------------------------------------------------------\nRan 1 test in 2.537s\n\nOK\n",
    "124": "E\n======================================================================\nERROR: test (__main__.Test)\n----------------------------------------------------------------------\nTraceback (most recent call last):\n  File \"/Users/watch/PycharmProjects/XXXX-1-LLM/Temps/mbpp/test_scripts/test124.py\", line 21, in test\n    assert math.isclose(angle_complex(0,1j), 1.5707963267948966, rel_tol=0.001)\n  File \"/Users/watch/PycharmProjects/XXXX-1-LLM/Temps/mbpp/test_scripts/test124.py\", line 15, in angle_complex\n    angle = math.atan2(b, a)\nTypeError: can't convert complex to float\n\n----------------------------------------------------------------------\nRan 1 test in 0.000s\n\nFAILED (errors=1)\n",
    "125": "F\n======================================================================\nFAIL: test (__main__.Test)\n----------------------------------------------------------------------\nTraceback (most recent call last):\n  File \"/Users/watch/PycharmProjects/XXXX-1-LLM/Temps/mbpp/test_scripts/test125.py\", line 27, in test\n    assert find_length(\"11000010001\") == 6\nAssertionError\n\n----------------------------------------------------------------------\nRan 1 test in 0.000s\n\nFAILED (failures=1)\n",
    "126": "E\n======================================================================\nERROR: test (__main__.Test)\n----------------------------------------------------------------------\nTraceback (most recent call last):\n  File \"/Users/watch/PycharmProjects/XXXX-1-LLM/Temps/mbpp/test_scripts/test126.py\", line 14, in test\n    assert sum(10,15) == 6\n  File \"/Users/watch/PycharmProjects/XXXX-1-LLM/Temps/mbpp/test_scripts/test126.py\", line 9, in sum\n    return sum(common_divisors)\nTypeError: sum() missing 1 required positional argument: 'b'\n\n----------------------------------------------------------------------\nRan 1 test in 0.000s\n\nFAILED (errors=1)\n",
    "127": ".\n----------------------------------------------------------------------\nRan 1 test in 0.000s\n\nOK\n",
    "128": ".\n----------------------------------------------------------------------\nRan 1 test in 0.000s\n\nOK\n",
    "129": ".\n----------------------------------------------------------------------\nRan 1 test in 0.000s\n\nOK\n",
    "130": "F\n======================================================================\nFAIL: test (__main__.Test)\n----------------------------------------------------------------------\nTraceback (most recent call last):\n  File \"/Users/watch/PycharmProjects/XXXX-1-LLM/Temps/mbpp/test_scripts/test130.py\", line 30, in test\n    assert max_occurrences([2,3,8,4,7,9,8,7,9,15,14,10,12,13,16,18])==8\nAssertionError\n\n----------------------------------------------------------------------\nRan 1 test in 0.000s\n\nFAILED (failures=1)\n",
    "131": ".\n----------------------------------------------------------------------\nRan 1 test in 0.000s\n\nOK\n",
    "132": ".\n----------------------------------------------------------------------\nRan 1 test in 0.000s\n\nOK\n",
    "133": ".\n----------------------------------------------------------------------\nRan 1 test in 0.000s\n\nOK\n",
    "135": ".\n----------------------------------------------------------------------\nRan 1 test in 0.000s\n\nOK\n",
    "137": ".\n----------------------------------------------------------------------\nRan 1 test in 0.000s\n\nOK\n",
    "138": "F\n======================================================================\nFAIL: test (__main__.Test)\n----------------------------------------------------------------------\nTraceback (most recent call last):\n  File \"/Users/watch/PycharmProjects/XXXX-1-LLM/Temps/mbpp/test_scripts/test138.py\", line 20, in test\n    assert is_Sum_Of_Powers_Of_Two(10) == True\nAssertionError\n\n----------------------------------------------------------------------\nRan 1 test in 0.000s\n\nFAILED (failures=1)\n",
    "139": ".\n----------------------------------------------------------------------\nRan 1 test in 0.000s\n\nOK\n",
    "140": "E\n======================================================================\nERROR: test (__main__.Test)\n----------------------------------------------------------------------\nTraceback (most recent call last):\n  File \"/Users/watch/PycharmProjects/XXXX-1-LLM/Temps/mbpp/test_scripts/test140.py\", line 17, in test\n    assert set(extract_singly([(3, 4, 5), (4, 5, 7), (1, 4)],)) == set([3, 4, 5, 7, 1])\n  File \"/Users/watch/PycharmProjects/XXXX-1-LLM/Temps/mbpp/test_scripts/test140.py\", line 9, in extract_singly\n    raise TypeError(\"Input must be a list of lists\")\nTypeError: Input must be a list of lists\n\n----------------------------------------------------------------------\nRan 1 test in 0.000s\n\nFAILED (errors=1)\n",
    "141": ".\n----------------------------------------------------------------------\nRan 1 test in 0.000s\n\nOK\n",
    "142": ".\n----------------------------------------------------------------------\nRan 1 test in 0.000s\n\nOK\n",
    "143": ".\n----------------------------------------------------------------------\nRan 1 test in 0.000s\n\nOK\n",
    "145": ".\n----------------------------------------------------------------------\nRan 1 test in 0.000s\n\nOK\n",
    "160": "TimeOut",
    "161": ".\n----------------------------------------------------------------------\nRan 1 test in 0.000s\n\nOK\n",
    "162": ".\n----------------------------------------------------------------------\nRan 1 test in 0.000s\n\nOK\n",
    "163": ".\n----------------------------------------------------------------------\nRan 1 test in 0.000s\n\nOK\n",
    "164": "E\n======================================================================\nERROR: test (__main__.Test)\n----------------------------------------------------------------------\nTraceback (most recent call last):\n  File \"/Users/watch/PycharmProjects/XXXX-1-LLM/Temps/mbpp/test_scripts/test164.py\", line 33, in test\n    assert are_equivalent(36, 57) == False\nNameError: name 'are_equivalent' is not defined\n\n----------------------------------------------------------------------\nRan 1 test in 0.000s\n\nFAILED (errors=1)\n",
    "165": ".\n----------------------------------------------------------------------\nRan 1 test in 0.000s\n\nOK\n",
    "166": ".\n----------------------------------------------------------------------\nRan 1 test in 0.000s\n\nOK\n",
    "167": ".\n----------------------------------------------------------------------\nRan 1 test in 0.000s\n\nOK\n",
    "168": ".\n----------------------------------------------------------------------\nRan 1 test in 0.000s\n\nOK\n",
    "170": ".\n----------------------------------------------------------------------\nRan 1 test in 0.000s\n\nOK\n",
    "171": ".\n----------------------------------------------------------------------\nRan 1 test in 0.000s\n\nOK\n",
    "172": ".\n----------------------------------------------------------------------\nRan 1 test in 0.000s\n\nOK\n",
    "222": ".\n----------------------------------------------------------------------\nRan 1 test in 0.000s\n\nOK\n",
    "223": ".\n----------------------------------------------------------------------\nRan 1 test in 0.000s\n\nOK\n",
    "224": ".\n----------------------------------------------------------------------\nRan 1 test in 0.000s\n\nOK\n",
    "226": ".\n----------------------------------------------------------------------\nRan 1 test in 0.000s\n\nOK\n",
    "227": ".\n----------------------------------------------------------------------\nRan 1 test in 0.000s\n\nOK\n",
    "228": "F\n======================================================================\nFAIL: test (__main__.Test)\n----------------------------------------------------------------------\nTraceback (most recent call last):\n  File \"/Users/watch/PycharmProjects/XXXX-1-LLM/Temps/mbpp/test_scripts/test228.py\", line 19, in test\n    assert all_Bits_Set_In_The_Given_Range(4,1,2) == True\nAssertionError\n\n----------------------------------------------------------------------\nRan 1 test in 0.000s\n\nFAILED (failures=1)\n",
    "229": "F\n======================================================================\nFAIL: test (__main__.Test)\n----------------------------------------------------------------------\nTraceback (most recent call last):\n  File \"/Users/watch/PycharmProjects/XXXX-1-LLM/Temps/mbpp/test_scripts/test229.py\", line 25, in test\n    assert re_arrange_array([-1, 2, -3, 4, 5, 6, -7, 8, 9], 9) == [-1, -3, -7, 4, 5, 6, 2, 8, 9]\nAssertionError\n\n----------------------------------------------------------------------\nRan 1 test in 0.000s\n\nFAILED (failures=1)\n",
    "230": ".\n----------------------------------------------------------------------\nRan 1 test in 0.000s\n\nOK\n",
    "232": ".\n----------------------------------------------------------------------\nRan 1 test in 0.000s\n\nOK\n",
    "233": ".\n----------------------------------------------------------------------\nRan 1 test in 0.000s\n\nOK\n",
    "234": ".\n----------------------------------------------------------------------\nRan 1 test in 0.000s\n\nOK\n",
    "235": "F\n======================================================================\nFAIL: test (__main__.Test)\n----------------------------------------------------------------------\nTraceback (most recent call last):\n  File \"/Users/watch/PycharmProjects/XXXX-1-LLM/Temps/mbpp/test_scripts/test235.py\", line 18, in test\n    assert even_bit_set_number(20) == 30\nAssertionError\n\n----------------------------------------------------------------------\nRan 1 test in 0.000s\n\nFAILED (failures=1)\n",
    "237": "F\n======================================================================\nFAIL: test (__main__.Test)\n----------------------------------------------------------------------\nTraceback (most recent call last):\n  File \"/Users/watch/PycharmProjects/XXXX-1-LLM/Temps/mbpp/test_scripts/test237.py\", line 25, in test\n    assert check_occurences([(3, 1), (1, 3), (2, 5), (5, 2), (6, 3)] ) == {(1, 3): 2, (2, 5): 2, (3, 6): 1}\nAssertionError\n\n----------------------------------------------------------------------\nRan 1 test in 0.000s\n\nFAILED (failures=1)\n",
    "238": ".\n----------------------------------------------------------------------\nRan 1 test in 0.000s\n\nOK\n",
    "239": "F\n======================================================================\nFAIL: test (__main__.Test)\n----------------------------------------------------------------------\nTraceback (most recent call last):\n  File \"/Users/watch/PycharmProjects/XXXX-1-LLM/Temps/mbpp/test_scripts/test239.py\", line 26, in test\n    assert get_total_number_of_sequences(10, 4) == 4\nAssertionError\n\n----------------------------------------------------------------------\nRan 1 test in 0.000s\n\nFAILED (failures=1)\n",
    "240": "F\n======================================================================\nFAIL: test (__main__.Test)\n----------------------------------------------------------------------\nTraceback (most recent call last):\n  File \"/Users/watch/PycharmProjects/XXXX-1-LLM/Temps/mbpp/test_scripts/test240.py\", line 32, in test\n    assert replace_list([\"red\",\"blue\",\"green\"],[\"yellow\"])==[\"red\",\"blue\",\"yellow\"]\nAssertionError\n\n----------------------------------------------------------------------\nRan 1 test in 0.000s\n\nFAILED (failures=1)\n",
    "242": ".\n----------------------------------------------------------------------\nRan 1 test in 0.000s\n\nOK\n",
    "244": "F\n======================================================================\nFAIL: test (__main__.Test)\n----------------------------------------------------------------------\nTraceback (most recent call last):\n  File \"/Users/watch/PycharmProjects/XXXX-1-LLM/Temps/mbpp/test_scripts/test244.py\", line 20, in test\n    assert next_Perfect_Square(9) == 16\nAssertionError\n\n----------------------------------------------------------------------\nRan 1 test in 0.000s\n\nFAILED (failures=1)\n",
    "245": ".\n----------------------------------------------------------------------\nRan 1 test in 0.000s\n\nOK\n",
    "246": ".\n----------------------------------------------------------------------\nRan 1 test in 0.000s\n\nOK\n",
    "247": ".\n----------------------------------------------------------------------\nRan 1 test in 0.000s\n\nOK\n",
    "248": ".\n----------------------------------------------------------------------\nRan 1 test in 0.000s\n\nOK\n",
    "249": ".\n----------------------------------------------------------------------\nRan 1 test in 0.000s\n\nOK\n",
    "250": ".\n----------------------------------------------------------------------\nRan 1 test in 0.000s\n\nOK\n",
    "251": ".\n----------------------------------------------------------------------\nRan 1 test in 0.000s\n\nOK\n",
    "252": ".\n----------------------------------------------------------------------\nRan 1 test in 0.001s\n\nOK\n",
    "253": ".\n----------------------------------------------------------------------\nRan 1 test in 0.000s\n\nOK\n",
    "255": "F\n======================================================================\nFAIL: test (__main__.Test)\n----------------------------------------------------------------------\nTraceback (most recent call last):\n  File \"/Users/watch/PycharmProjects/XXXX-1-LLM/Temps/mbpp/test_scripts/test255.py\", line 17, in test\n    assert combinations_colors( [\"Red\",\"Green\",\"Blue\"],2)==[('Red', 'Red'), ('Red', 'Green'), ('Red', 'Blue'), ('Green', 'Green'), ('Green', 'Blue'), ('Blue', 'Blue')]\nAssertionError\n\n----------------------------------------------------------------------\nRan 1 test in 0.000s\n\nFAILED (failures=1)\n",
    "256": ".\n----------------------------------------------------------------------\nRan 1 test in 0.000s\n\nOK\n",
    "257": ".\n----------------------------------------------------------------------\nRan 1 test in 0.000s\n\nOK\n",
    "259": ".\n----------------------------------------------------------------------\nRan 1 test in 0.000s\n\nOK\n",
    "260": "F\n======================================================================\nFAIL: test (__main__.Test)\n----------------------------------------------------------------------\nTraceback (most recent call last):\n  File \"/Users/watch/PycharmProjects/XXXX-1-LLM/Temps/mbpp/test_scripts/test260.py\", line 30, in test\n    assert newman_prime(3) == 7\nAssertionError\n\n----------------------------------------------------------------------\nRan 1 test in 0.000s\n\nFAILED (failures=1)\n",
    "261": ".\n----------------------------------------------------------------------\nRan 1 test in 0.000s\n\nOK\n",
    "262": ".\n----------------------------------------------------------------------\nRan 1 test in 0.000s\n\nOK\n",
    "264": ".\n----------------------------------------------------------------------\nRan 1 test in 0.000s\n\nOK\n",
    "265": ".\n----------------------------------------------------------------------\nRan 1 test in 0.000s\n\nOK\n",
    "266": "100\nError: Invalid input, l should be a positive integer or float\nError: Invalid input, l should be a positive integer or float\n4000000000000\nError: Invalid input, l cannot be None\n.\n----------------------------------------------------------------------\nRan 1 test in 0.000s\n\nOK\n",
    "267": ".\n----------------------------------------------------------------------\nRan 1 test in 0.000s\n\nOK\n",
    "268": "F\n======================================================================\nFAIL: test (__main__.Test)\n----------------------------------------------------------------------\nTraceback (most recent call last):\n  File \"/Users/watch/PycharmProjects/XXXX-1-LLM/Temps/mbpp/test_scripts/test268.py\", line 19, in test\n    assert find_star_num(3) == 37\nAssertionError\n\n----------------------------------------------------------------------\nRan 1 test in 0.000s\n\nFAILED (failures=1)\n",
    "269": ".\n----------------------------------------------------------------------\nRan 1 test in 0.000s\n\nOK\n",
    "270": ".\n----------------------------------------------------------------------\nRan 1 test in 0.000s\n\nOK\n",
    "271": ".\n----------------------------------------------------------------------\nRan 1 test in 0.000s\n\nOK\n",
    "272": ".\n----------------------------------------------------------------------\nRan 1 test in 0.000s\n\nOK\n",
    "273": ".\n----------------------------------------------------------------------\nRan 1 test in 0.000s\n\nOK\n",
    "274": ".\n----------------------------------------------------------------------\nRan 1 test in 0.000s\n\nOK\n",
    "276": ".\n----------------------------------------------------------------------\nRan 1 test in 0.000s\n\nOK\n",
    "277": ".\n----------------------------------------------------------------------\nRan 1 test in 0.000s\n\nOK\n",
    "278": ".\n----------------------------------------------------------------------\nRan 1 test in 0.000s\n\nOK\n",
    "279": "F\n======================================================================\nFAIL: test (__main__.Test)\n----------------------------------------------------------------------\nTraceback (most recent call last):\n  File \"/Users/watch/PycharmProjects/XXXX-1-LLM/Temps/mbpp/test_scripts/test279.py\", line 17, in test\n    assert is_num_decagonal(3) == 27\nAssertionError\n\n----------------------------------------------------------------------\nRan 1 test in 0.000s\n\nFAILED (failures=1)\n",
    "280": ".\n----------------------------------------------------------------------\nRan 1 test in 0.000s\n\nOK\n",
    "281": ".\n----------------------------------------------------------------------\nRan 1 test in 0.000s\n\nOK\n",
    "282": ".\n----------------------------------------------------------------------\nRan 1 test in 0.000s\n\nOK\n",
    "283": ".\n----------------------------------------------------------------------\nRan 1 test in 0.000s\n\nOK\n",
    "284": ".\n----------------------------------------------------------------------\nRan 1 test in 0.000s\n\nOK\n",
    "285": ".\n----------------------------------------------------------------------\nRan 1 test in 0.000s\n\nOK\n",
    "286": ".\n----------------------------------------------------------------------\nRan 1 test in 0.000s\n\nOK\n",
    "287": ".\n----------------------------------------------------------------------\nRan 1 test in 0.000s\n\nOK\n",
    "290": ".\n----------------------------------------------------------------------\nRan 1 test in 0.000s\n\nOK\n",
    "291": ".\n----------------------------------------------------------------------\nRan 1 test in 0.000s\n\nOK\n",
    "292": ".\n----------------------------------------------------------------------\nRan 1 test in 0.000s\n\nOK\n",
    "293": ".\n----------------------------------------------------------------------\nRan 1 test in 0.000s\n\nOK\n",
    "294": ".\n----------------------------------------------------------------------\nRan 1 test in 0.000s\n\nOK\n",
    "295": ".\n----------------------------------------------------------------------\nRan 1 test in 0.000s\n\nOK\n",
    "296": ".\n----------------------------------------------------------------------\nRan 1 test in 0.000s\n\nOK\n",
    "297": ".\n----------------------------------------------------------------------\nRan 1 test in 0.000s\n\nOK\n",
    "299": ".\n----------------------------------------------------------------------\nRan 1 test in 0.000s\n\nOK\n",
    "300": ".\n----------------------------------------------------------------------\nRan 1 test in 0.000s\n\nOK\n",
    "301": "F\n======================================================================\nFAIL: test (__main__.Test)\n----------------------------------------------------------------------\nTraceback (most recent call last):\n  File \"/Users/watch/PycharmProjects/XXXX-1-LLM/Temps/mbpp/test_scripts/test301.py\", line 17, in test\n    assert dict_depth({'a':1, 'b': {'c': {'d': {}}}})==4\nAssertionError\n\n----------------------------------------------------------------------\nRan 1 test in 0.000s\n\nFAILED (failures=1)\n",
    "304": "F\n======================================================================\nFAIL: test (__main__.Test)\n----------------------------------------------------------------------\nTraceback (most recent call last):\n  File \"/Users/watch/PycharmProjects/XXXX-1-LLM/Temps/mbpp/test_scripts/test304.py\", line 37, in test\n    assert find_Element([1,2,3,4,5],[[0,2],[0,3]],2,1) == 3\nAssertionError\n\n----------------------------------------------------------------------\nRan 1 test in 0.000s\n\nFAILED (failures=1)\n",
    "305": ".\n----------------------------------------------------------------------\nRan 1 test in 0.000s\n\nOK\n",
    "306": "Traceback (most recent call last):\n  File \"/Users/watch/PycharmProjects/XXXX-1-LLM/Temps/mbpp/test_scripts/test306.py\", line 33, in <module>\n    assert max_sum_increasing_subseq([1, 101, 2, 3, 100, 4, 5], 7, 4, 6) == 11\nAssertionError\n",
    "307": ".\n----------------------------------------------------------------------\nRan 1 test in 0.000s\n\nOK\n",
    "308": ".\n----------------------------------------------------------------------\nRan 1 test in 0.000s\n\nOK\n",
    "309": ".\n----------------------------------------------------------------------\nRan 1 test in 0.000s\n\nOK\n",
    "310": "F\n======================================================================\nFAIL: test (__main__.Test)\n----------------------------------------------------------------------\nTraceback (most recent call last):\n  File \"/Users/watch/PycharmProjects/XXXX-1-LLM/Temps/mbpp/test_scripts/test310.py\", line 16, in test\n    assert string_to_tuple(\"python 3.0\")==('p', 'y', 't', 'h', 'o', 'n', '3', '.', '0')\nAssertionError\n\n----------------------------------------------------------------------\nRan 1 test in 0.000s\n\nFAILED (failures=1)\n",
    "311": ".\n----------------------------------------------------------------------\nRan 1 test in 0.000s\n\nOK\n",
    "312": ".\n----------------------------------------------------------------------\nRan 1 test in 0.000s\n\nOK\n",
    "388": ".\n----------------------------------------------------------------------\nRan 1 test in 0.000s\n\nOK\n",
    "389": ".\n----------------------------------------------------------------------\nRan 1 test in 0.000s\n\nOK\n",
    "390": ".\n----------------------------------------------------------------------\nRan 1 test in 0.000s\n\nOK\n",
    "391": ".\n----------------------------------------------------------------------\nRan 1 test in 0.000s\n\nOK\n",
    "392": ".\n----------------------------------------------------------------------\nRan 1 test in 0.000s\n\nOK\n",
    "393": ".\n----------------------------------------------------------------------\nRan 1 test in 0.000s\n\nOK\n",
    "394": ".\n----------------------------------------------------------------------\nRan 1 test in 0.000s\n\nOK\n",
    "395": ".\n----------------------------------------------------------------------\nRan 1 test in 0.000s\n\nOK\n",
    "396": ".\n----------------------------------------------------------------------\nRan 1 test in 0.000s\n\nOK\n",
    "397": ".\n----------------------------------------------------------------------\nRan 1 test in 0.000s\n\nOK\n",
    "398": "E\n======================================================================\nERROR: test (__main__.Test)\n----------------------------------------------------------------------\nTraceback (most recent call last):\n  File \"/Users/watch/PycharmProjects/XXXX-1-LLM/Temps/mbpp/test_scripts/test398.py\", line 17, in test\n    assert sum_of_digits([[10,20,4,5,'b',70,'a']])==19\n  File \"/Users/watch/PycharmProjects/XXXX-1-LLM/Temps/mbpp/test_scripts/test398.py\", line 10, in sum_of_digits\n    total_sum += sum(int(digit) for digit in str(num))\n  File \"/Users/watch/PycharmProjects/XXXX-1-LLM/Temps/mbpp/test_scripts/test398.py\", line 10, in <genexpr>\n    total_sum += sum(int(digit) for digit in str(num))\nValueError: invalid literal for int() with base 10: '['\n\n----------------------------------------------------------------------\nRan 1 test in 0.000s\n\nFAILED (errors=1)\n",
    "399": ".\n----------------------------------------------------------------------\nRan 1 test in 0.000s\n\nOK\n",
    "400": "F\n======================================================================\nFAIL: test (__main__.Test)\n----------------------------------------------------------------------\nTraceback (most recent call last):\n  File \"/Users/watch/PycharmProjects/XXXX-1-LLM/Temps/mbpp/test_scripts/test400.py\", line 14, in test\n    assert extract_freq([(3, 4), (1, 2), (4, 3), (5, 6)] ) == 3\nAssertionError\n\n----------------------------------------------------------------------\nRan 1 test in 0.000s\n\nFAILED (failures=1)\n",
    "401": ".\n----------------------------------------------------------------------\nRan 1 test in 0.000s\n\nOK\n",
    "404": ".\n----------------------------------------------------------------------\nRan 1 test in 0.000s\n\nOK\n",
    "405": ".\n----------------------------------------------------------------------\nRan 1 test in 0.000s\n\nOK\n",
    "406": ".\n----------------------------------------------------------------------\nRan 1 test in 0.000s\n\nOK\n",
    "407": "F\n======================================================================\nFAIL: test (__main__.Test)\n----------------------------------------------------------------------\nTraceback (most recent call last):\n  File \"/Users/watch/PycharmProjects/XXXX-1-LLM/Temps/mbpp/test_scripts/test407.py\", line 34, in test\n    assert rearrange_bigger(10)==False\nAssertionError\n\n----------------------------------------------------------------------\nRan 1 test in 0.000s\n\nFAILED (failures=1)\n",
    "408": "F\n======================================================================\nFAIL: test (__main__.Test)\n----------------------------------------------------------------------\nTraceback (most recent call last):\n  File \"/Users/watch/PycharmProjects/XXXX-1-LLM/Temps/mbpp/test_scripts/test408.py\", line 25, in test\n    assert k_smallest_pairs([1,3,7],[2,4,6],7)==[[1, 2], [1, 4], [3, 2], [1, 6], [3, 4], [3, 6], [7, 2]]\nAssertionError\n\n----------------------------------------------------------------------\nRan 1 test in 0.000s\n\nFAILED (failures=1)\n",
    "409": "F\n======================================================================\nFAIL: test (__main__.Test)\n----------------------------------------------------------------------\nTraceback (most recent call last):\n  File \"/Users/watch/PycharmProjects/XXXX-1-LLM/Temps/mbpp/test_scripts/test409.py\", line 23, in test\n    assert min_product_tuple([(10,20), (15,2), (5,10)] )==30\nAssertionError\n\n----------------------------------------------------------------------\nRan 1 test in 0.000s\n\nFAILED (failures=1)\n",
    "410": ".\n----------------------------------------------------------------------\nRan 1 test in 0.000s\n\nOK\n",
    "411": ".\n----------------------------------------------------------------------\nRan 1 test in 0.000s\n\nOK\n",
    "412": ".\n----------------------------------------------------------------------\nRan 1 test in 0.000s\n\nOK\n",
    "413": ".\n----------------------------------------------------------------------\nRan 1 test in 0.000s\n\nOK\n",
    "414": ".\n----------------------------------------------------------------------\nRan 1 test in 0.000s\n\nOK\n",
    "415": "F\n======================================================================\nFAIL: test (__main__.Test)\n----------------------------------------------------------------------\nTraceback (most recent call last):\n  File \"/Users/watch/PycharmProjects/XXXX-1-LLM/Temps/mbpp/test_scripts/test415.py\", line 22, in test\n    assert max_Product([1,2,3,4,7,0,8,4]) == (7,8)\nAssertionError\n\n----------------------------------------------------------------------\nRan 1 test in 0.000s\n\nFAILED (failures=1)\n",
    "417": ".\n----------------------------------------------------------------------\nRan 1 test in 0.000s\n\nOK\n",
    "418": ".\n----------------------------------------------------------------------\nRan 1 test in 0.000s\n\nOK\n",
    "419": ".\n----------------------------------------------------------------------\nRan 1 test in 0.000s\n\nOK\n",
    "420": ".\n----------------------------------------------------------------------\nRan 1 test in 0.000s\n\nOK\n",
    "421": ".\n----------------------------------------------------------------------\nRan 1 test in 0.000s\n\nOK\n",
    "422": ".\n----------------------------------------------------------------------\nRan 1 test in 0.000s\n\nOK\n",
    "424": ".\n----------------------------------------------------------------------\nRan 1 test in 0.000s\n\nOK\n",
    "425": ".\n----------------------------------------------------------------------\nRan 1 test in 0.000s\n\nOK\n",
    "426": ".\n----------------------------------------------------------------------\nRan 1 test in 0.000s\n\nOK\n",
    "427": ".\n----------------------------------------------------------------------\nRan 1 test in 0.002s\n\nOK\n",
    "428": ".\n----------------------------------------------------------------------\nRan 1 test in 0.000s\n\nOK\n",
    "429": ".\n----------------------------------------------------------------------\nRan 1 test in 0.000s\n\nOK\n",
    "430": "F\n======================================================================\nFAIL: test (__main__.Test)\n----------------------------------------------------------------------\nTraceback (most recent call last):\n  File \"/Users/watch/PycharmProjects/XXXX-1-LLM/Temps/mbpp/test_scripts/test430.py\", line 17, in test\n    assert parabola_directrix(5,3,2)==-198\nAssertionError\n\n----------------------------------------------------------------------\nRan 1 test in 0.000s\n\nFAILED (failures=1)\n",
    "431": "F\n======================================================================\nFAIL: test (__main__.Test)\n----------------------------------------------------------------------\nTraceback (most recent call last):\n  File \"/Users/watch/PycharmProjects/XXXX-1-LLM/Temps/mbpp/test_scripts/test431.py\", line 21, in test\n    assert common_element([1,2,3,4,5], [6,7,8,9])==None\nAssertionError\n\n----------------------------------------------------------------------\nRan 1 test in 0.000s\n\nFAILED (failures=1)\n",
    "432": ".\n----------------------------------------------------------------------\nRan 1 test in 0.000s\n\nOK\n",
    "433": ".\n----------------------------------------------------------------------\nRan 1 test in 0.000s\n\nOK\n",
    "434": ".\n----------------------------------------------------------------------\nRan 1 test in 0.000s\n\nOK\n",
    "435": ".\n----------------------------------------------------------------------\nRan 1 test in 0.000s\n\nOK\n",
    "436": ".\n----------------------------------------------------------------------\nRan 1 test in 0.000s\n\nOK\n",
    "437": ".\n----------------------------------------------------------------------\nRan 1 test in 0.000s\n\nOK\n",
    "438": "F\n======================================================================\nFAIL: test (__main__.Test)\n----------------------------------------------------------------------\nTraceback (most recent call last):\n  File \"/Users/watch/PycharmProjects/XXXX-1-LLM/Temps/mbpp/test_scripts/test438.py\", line 17, in test\n    assert count_bidirectional([(5, 6), (1, 2), (6, 5), (9, 1), (6, 5), (2, 1)] ) == 3\nAssertionError\n\n----------------------------------------------------------------------\nRan 1 test in 0.000s\n\nFAILED (failures=1)\n",
    "439": "113350\nInvalid input\n5\nInvalid input\n.\n----------------------------------------------------------------------\nRan 1 test in 0.000s\n\nOK\n",
    "440": ".\n----------------------------------------------------------------------\nRan 1 test in 0.000s\n\nOK\n",
    "441": ".\n----------------------------------------------------------------------\nRan 1 test in 0.000s\n\nOK\n",
    "442": "F\n======================================================================\nFAIL: test (__main__.Test)\n----------------------------------------------------------------------\nTraceback (most recent call last):\n  File \"/Users/watch/PycharmProjects/XXXX-1-LLM/Temps/mbpp/test_scripts/test442.py\", line 21, in test\n    assert positive_count([0, 1, 2, -1, -5, 6, 0, -3, -2, 3, 4, 6, 8])==0.54\nAssertionError\n\n----------------------------------------------------------------------\nRan 1 test in 0.000s\n\nFAILED (failures=1)\n",
    "443": ".\n----------------------------------------------------------------------\nRan 1 test in 0.000s\n\nOK\n",
    "444": "F\n======================================================================\nFAIL: test (__main__.Test)\n----------------------------------------------------------------------\nTraceback (most recent call last):\n  File \"/Users/watch/PycharmProjects/XXXX-1-LLM/Temps/mbpp/test_scripts/test444.py\", line 17, in test\n    assert trim_tuple([(5, 3, 2, 1, 4), (3, 4, 9, 2, 1),(9, 1, 2, 3, 5), (4, 8, 2, 1, 7)], 2) == '[(2,), (9,), (2,), (2,)]'\nAssertionError\n\n----------------------------------------------------------------------\nRan 1 test in 0.000s\n\nFAILED (failures=1)\n",
    "445": ".\n----------------------------------------------------------------------\nRan 1 test in 0.000s\n\nOK\n",
    "446": ".\n----------------------------------------------------------------------\nRan 1 test in 0.000s\n\nOK\n",
    "447": ".\n----------------------------------------------------------------------\nRan 1 test in 0.000s\n\nOK\n",
    "448": "F\n======================================================================\nFAIL: test (__main__.Test)\n----------------------------------------------------------------------\nTraceback (most recent call last):\n  File \"/Users/watch/PycharmProjects/XXXX-1-LLM/Temps/mbpp/test_scripts/test448.py\", line 27, in test\n    assert cal_sum(9) == 49\nAssertionError\n\n----------------------------------------------------------------------\nRan 1 test in 0.000s\n\nFAILED (failures=1)\n",
    "450": ".\n----------------------------------------------------------------------\nRan 1 test in 0.000s\n\nOK\n",
    "451": ".\n----------------------------------------------------------------------\nRan 1 test in 0.000s\n\nOK\n",
    "452": "F\n======================================================================\nFAIL: test (__main__.Test)\n----------------------------------------------------------------------\nTraceback (most recent call last):\n  File \"/Users/watch/PycharmProjects/XXXX-1-LLM/Temps/mbpp/test_scripts/test452.py\", line 22, in test\n    assert loss_amount(1500,1200)==0\nAssertionError\n\n----------------------------------------------------------------------\nRan 1 test in 0.000s\n\nFAILED (failures=1)\n",
    "453": ".\n----------------------------------------------------------------------\nRan 1 test in 0.000s\n\nOK\n",
    "454": ".\n----------------------------------------------------------------------\nRan 1 test in 0.000s\n\nOK\n",
    "455": "F\n======================================================================\nFAIL: test (__main__.Test)\n----------------------------------------------------------------------\nTraceback (most recent call last):\n  File \"/Users/watch/PycharmProjects/XXXX-1-LLM/Temps/mbpp/test_scripts/test455.py\", line 33, in test\n    assert check_monthnumb_number(2)==False\nAssertionError\n\n----------------------------------------------------------------------\nRan 1 test in 0.000s\n\nFAILED (failures=1)\n",
    "456": ".\n----------------------------------------------------------------------\nRan 1 test in 0.000s\n\nOK\n",
    "457": "F\n======================================================================\nFAIL: test (__main__.Test)\n----------------------------------------------------------------------\nTraceback (most recent call last):\n  File \"/Users/watch/PycharmProjects/XXXX-1-LLM/Temps/mbpp/test_scripts/test457.py\", line 21, in test\n    assert Find_Min([[1],[1,2],[1,2,3]]) == [1]\nAssertionError\n\n----------------------------------------------------------------------\nRan 1 test in 0.000s\n\nFAILED (failures=1)\n",
    "458": ".\n----------------------------------------------------------------------\nRan 1 test in 0.000s\n\nOK\n",
    "459": ".\n----------------------------------------------------------------------\nRan 1 test in 0.000s\n\nOK\n",
    "460": ".\n----------------------------------------------------------------------\nRan 1 test in 0.000s\n\nOK\n",
    "461": "F\n======================================================================\nFAIL: test (__main__.Test)\n----------------------------------------------------------------------\nTraceback (most recent call last):\n  File \"/Users/watch/PycharmProjects/XXXX-1-LLM/Temps/mbpp/test_scripts/test461.py\", line 16, in test\n    assert upper_ctr('PYthon') == 1\nAssertionError\n\n----------------------------------------------------------------------\nRan 1 test in 0.000s\n\nFAILED (failures=1)\n",
    "462": "F\n======================================================================\nFAIL: test (__main__.Test)\n----------------------------------------------------------------------\nTraceback (most recent call last):\n  File \"/Users/watch/PycharmProjects/XXXX-1-LLM/Temps/mbpp/test_scripts/test462.py\", line 16, in test\n    assert combinations_list(['orange', 'red', 'green', 'blue'])==[[], ['orange'], ['red'], ['red', 'orange'], ['green'], ['green', 'orange'], ['green', 'red'], ['green', 'red', 'orange'], ['blue'], ['blue', 'orange'], ['blue', 'red'], ['blue', 'red', 'orange'], ['blue', 'green'], ['blue', 'green', 'orange'], ['blue', 'green', 'red'], ['blue', 'green', 'red', 'orange']]\nAssertionError\n\n----------------------------------------------------------------------\nRan 1 test in 0.000s\n\nFAILED (failures=1)\n",
    "463": ".\n----------------------------------------------------------------------\nRan 1 test in 0.000s\n\nOK\n",
    "464": "F\n======================================================================\nFAIL: test (__main__.Test)\n----------------------------------------------------------------------\nTraceback (most recent call last):\n  File \"/Users/watch/PycharmProjects/XXXX-1-LLM/Temps/mbpp/test_scripts/test464.py\", line 24, in test\n    assert check_value({'Cierra Vega': 12, 'Alden Cantrell': 12, 'Kierra Gentry': 12, 'Pierre Cox': 12},10)==False\nAssertionError\n\n----------------------------------------------------------------------\nRan 1 test in 0.000s\n\nFAILED (failures=1)\n",
    "465": ".\n----------------------------------------------------------------------\nRan 1 test in 0.000s\n\nOK\n",
    "468": "F\n======================================================================\nFAIL: test (__main__.Test)\n----------------------------------------------------------------------\nTraceback (most recent call last):\n  File \"/Users/watch/PycharmProjects/XXXX-1-LLM/Temps/mbpp/test_scripts/test468.py\", line 29, in test\n    assert max_product([3, 100, 4, 5, 150, 6]) == 3000\nAssertionError\n\n----------------------------------------------------------------------\nRan 1 test in 0.000s\n\nFAILED (failures=1)\n",
    "470": ".\n----------------------------------------------------------------------\nRan 1 test in 0.000s\n\nOK\n",
    "471": ".\n----------------------------------------------------------------------\nRan 1 test in 0.000s\n\nOK\n",
    "472": ".\n----------------------------------------------------------------------\nRan 1 test in 0.000s\n\nOK\n",
    "473": ".\n----------------------------------------------------------------------\nRan 1 test in 0.000s\n\nOK\n",
    "474": ".\n----------------------------------------------------------------------\nRan 1 test in 0.000s\n\nOK\n",
    "475": ".\n----------------------------------------------------------------------\nRan 1 test in 0.000s\n\nOK\n",
    "476": ".\n----------------------------------------------------------------------\nRan 1 test in 0.000s\n\nOK\n",
    "477": "F\n======================================================================\nFAIL: test (__main__.Test)\n----------------------------------------------------------------------\nTraceback (most recent call last):\n  File \"/Users/watch/PycharmProjects/XXXX-1-LLM/Temps/mbpp/test_scripts/test477.py\", line 13, in test\n    assert is_lower(\"InValid\") == \"invalid\"\nAssertionError\n\n----------------------------------------------------------------------\nRan 1 test in 0.000s\n\nFAILED (failures=1)\n",
    "478": ".\n----------------------------------------------------------------------\nRan 1 test in 0.000s\n\nOK\n",
    "479": ".\n----------------------------------------------------------------------\nRan 1 test in 0.000s\n\nOK\n",
    "554": ".\n----------------------------------------------------------------------\nRan 1 test in 0.000s\n\nOK\n",
    "555": "F\n======================================================================\nFAIL: test (__main__.Test)\n----------------------------------------------------------------------\nTraceback (most recent call last):\n  File \"/Users/watch/PycharmProjects/XXXX-1-LLM/Temps/mbpp/test_scripts/test555.py\", line 15, in test\n    assert difference(3) == 30\nAssertionError\n\n----------------------------------------------------------------------\nRan 1 test in 0.000s\n\nFAILED (failures=1)\n",
    "556": ".\n----------------------------------------------------------------------\nRan 1 test in 0.000s\n\nOK\n",
    "557": ".\n----------------------------------------------------------------------\nRan 1 test in 0.000s\n\nOK\n",
    "558": "F\n======================================================================\nFAIL: test (__main__.Test)\n----------------------------------------------------------------------\nTraceback (most recent call last):\n  File \"/Users/watch/PycharmProjects/XXXX-1-LLM/Temps/mbpp/test_scripts/test558.py\", line 22, in test\n    assert digit_distance_nums(23,56) == 6\nAssertionError\n\n----------------------------------------------------------------------\nRan 1 test in 0.000s\n\nFAILED (failures=1)\n",
    "559": ".\n----------------------------------------------------------------------\nRan 1 test in 0.000s\n\nOK\n",
    "560": ".\n----------------------------------------------------------------------\nRan 1 test in 0.000s\n\nOK\n",
    "562": ".\n----------------------------------------------------------------------\nRan 1 test in 0.000s\n\nOK\n",
    "563": ".\n----------------------------------------------------------------------\nRan 1 test in 0.000s\n\nOK\n",
    "564": ".\n----------------------------------------------------------------------\nRan 1 test in 0.000s\n\nOK\n",
    "565": ".\n----------------------------------------------------------------------\nRan 1 test in 0.000s\n\nOK\n",
    "566": ".\n----------------------------------------------------------------------\nRan 1 test in 0.000s\n\nOK\n",
    "567": ".\n----------------------------------------------------------------------\nRan 1 test in 0.000s\n\nOK\n",
    "568": ".\n----------------------------------------------------------------------\nRan 1 test in 0.000s\n\nOK\n",
    "569": ".\n----------------------------------------------------------------------\nRan 1 test in 0.000s\n\nOK\n",
    "572": ".\n----------------------------------------------------------------------\nRan 1 test in 0.000s\n\nOK\n",
    "573": ".\n----------------------------------------------------------------------\nRan 1 test in 0.000s\n\nOK\n",
    "574": "F\n======================================================================\nFAIL: test (__main__.Test)\n----------------------------------------------------------------------\nTraceback (most recent call last):\n  File \"/Users/watch/PycharmProjects/XXXX-1-LLM/Temps/mbpp/test_scripts/test574.py\", line 25, in test\n    assert surfacearea_cylinder(10,5)==942.45\nAssertionError\n\n----------------------------------------------------------------------\nRan 1 test in 0.000s\n\nFAILED (failures=1)\n",
    "576": ".\n----------------------------------------------------------------------\nRan 1 test in 0.000s\n\nOK\n",
    "577": ".\n----------------------------------------------------------------------\nRan 1 test in 0.000s\n\nOK\n",
    "578": ".\n----------------------------------------------------------------------\nRan 1 test in 0.000s\n\nOK\n",
    "579": ".\n----------------------------------------------------------------------\nRan 1 test in 0.000s\n\nOK\n",
    "580": "F\n======================================================================\nFAIL: test (__main__.Test)\n----------------------------------------------------------------------\nTraceback (most recent call last):\n  File \"/Users/watch/PycharmProjects/XXXX-1-LLM/Temps/mbpp/test_scripts/test580.py\", line 23, in test\n    assert extract_even((4, 5, (7, 6, (2, 4,)), 6, 8,)) == (4, (6, (2, 4,)), 6, 8)\nAssertionError\n\n----------------------------------------------------------------------\nRan 1 test in 0.000s\n\nFAILED (failures=1)\n",
    "581": ".\n----------------------------------------------------------------------\nRan 1 test in 0.000s\n\nOK\n",
    "582": "F\n======================================================================\nFAIL: test (__main__.Test)\n----------------------------------------------------------------------\nTraceback (most recent call last):\n  File \"/Users/watch/PycharmProjects/XXXX-1-LLM/Temps/mbpp/test_scripts/test582.py\", line 15, in test\n    assert my_dict({10})==False\nAssertionError\n\n----------------------------------------------------------------------\nRan 1 test in 0.000s\n\nFAILED (failures=1)\n",
    "583": ".\n----------------------------------------------------------------------\nRan 1 test in 0.000s\n\nOK\n",
    "584": "F\n======================================================================\nFAIL: test (__main__.Test)\n----------------------------------------------------------------------\nTraceback (most recent call last):\n  File \"/Users/watch/PycharmProjects/XXXX-1-LLM/Temps/mbpp/test_scripts/test584.py\", line 20, in test\n    assert find_adverbs(\"Clearly, he has no excuse for such behavior.\") == '0-7: Clearly'\nAssertionError\n\n----------------------------------------------------------------------\nRan 1 test in 0.000s\n\nFAILED (failures=1)\n",
    "585": ".\n----------------------------------------------------------------------\nRan 1 test in 0.000s\n\nOK\n",
    "586": ".\n----------------------------------------------------------------------\nRan 1 test in 0.000s\n\nOK\n",
    "587": ".\n----------------------------------------------------------------------\nRan 1 test in 0.000s\n\nOK\n",
    "588": ".\n----------------------------------------------------------------------\nRan 1 test in 0.000s\n\nOK\n",
    "589": "F\n======================================================================\nFAIL: test (__main__.Test)\n----------------------------------------------------------------------\nTraceback (most recent call last):\n  File \"/Users/watch/PycharmProjects/XXXX-1-LLM/Temps/mbpp/test_scripts/test589.py\", line 15, in test\n    assert perfect_squares(50,100)==[64, 81, 100]\nAssertionError\n\n----------------------------------------------------------------------\nRan 1 test in 0.000s\n\nFAILED (failures=1)\n",
    "590": "F\n======================================================================\nFAIL: test (__main__.Test)\n----------------------------------------------------------------------\nTraceback (most recent call last):\n  File \"/Users/watch/PycharmProjects/XXXX-1-LLM/Temps/mbpp/test_scripts/test590.py\", line 24, in test\n    assert polar_rect(3,4)==((5.0, 0.9272952180016122), (-2+2.4492935982947064e-16j,))\nAssertionError\n\n----------------------------------------------------------------------\nRan 1 test in 0.001s\n\nFAILED (failures=1)\n",
    "591": ".\n----------------------------------------------------------------------\nRan 1 test in 0.000s\n\nOK\n",
    "592": "E\n======================================================================\nERROR: test (__main__.Test)\n----------------------------------------------------------------------\nTraceback (most recent call last):\n  File \"/Users/watch/PycharmProjects/XXXX-1-LLM/Temps/mbpp/test_scripts/test592.py\", line 33, in test\n    assert sum_Of_product(3) == 15\nTypeError: sum_Of_product() missing 1 required positional argument: 'k'\n\n----------------------------------------------------------------------\nRan 1 test in 0.000s\n\nFAILED (errors=1)\n",
    "593": ".\n----------------------------------------------------------------------\nRan 1 test in 0.000s\n\nOK\n",
    "594": ".\n----------------------------------------------------------------------\nRan 1 test in 0.000s\n\nOK\n",
    "595": "F\n======================================================================\nFAIL: test (__main__.Test)\n----------------------------------------------------------------------\nTraceback (most recent call last):\n  File \"/Users/watch/PycharmProjects/XXXX-1-LLM/Temps/mbpp/test_scripts/test595.py\", line 17, in test\n    assert min_Swaps(\"1101\",\"1110\") == 1\nAssertionError\n\n----------------------------------------------------------------------\nRan 1 test in 0.000s\n\nFAILED (failures=1)\n",
    "596": ".\n----------------------------------------------------------------------\nRan 1 test in 0.000s\n\nOK\n",
    "597": ".\n----------------------------------------------------------------------\nRan 1 test in 0.000s\n\nOK\n",
    "598": ".\n----------------------------------------------------------------------\nRan 1 test in 0.000s\n\nOK\n",
    "599": ".\n----------------------------------------------------------------------\nRan 1 test in 0.000s\n\nOK\n",
    "600": ".\n----------------------------------------------------------------------\nRan 1 test in 0.000s\n\nOK\n",
    "602": "F\n======================================================================\nFAIL: test (__main__.Test)\n----------------------------------------------------------------------\nTraceback (most recent call last):\n  File \"/Users/watch/PycharmProjects/XXXX-1-LLM/Temps/mbpp/test_scripts/test602.py\", line 20, in test\n    assert first_repeated_char(\"abc\") == None\nAssertionError\n\n----------------------------------------------------------------------\nRan 1 test in 0.000s\n\nFAILED (failures=1)\n",
    "603": "F\n======================================================================\nFAIL: test (__main__.Test)\n----------------------------------------------------------------------\nTraceback (most recent call last):\n  File \"/Users/watch/PycharmProjects/XXXX-1-LLM/Temps/mbpp/test_scripts/test603.py\", line 23, in test\n    assert get_ludic(25) == [1, 2, 3, 5, 7, 11, 13, 17, 23, 25]\nAssertionError\n\n----------------------------------------------------------------------\nRan 1 test in 0.000s\n\nFAILED (failures=1)\n",
    "604": ".\n----------------------------------------------------------------------\nRan 1 test in 0.000s\n\nOK\n",
    "605": "Traceback (most recent call last):\n  File \"/Users/watch/PycharmProjects/XXXX-1-LLM/Temps/mbpp/test_scripts/test605.py\", line 18, in <module>\n    assert is_prime_number(13) == True\nNameError: name 'is_prime_number' is not defined\n",
    "606": ".\n----------------------------------------------------------------------\nRan 1 test in 0.000s\n\nOK\n",
    "607": ".\n----------------------------------------------------------------------\nRan 1 test in 0.000s\n\nOK\n",
    "608": ".\n----------------------------------------------------------------------\nRan 1 test in 0.000s\n\nOK\n",
    "610": ".\n----------------------------------------------------------------------\nRan 1 test in 0.000s\n\nOK\n",
    "611": "F\n======================================================================\nFAIL: test (__main__.Test)\n----------------------------------------------------------------------\nTraceback (most recent call last):\n  File \"/Users/watch/PycharmProjects/XXXX-1-LLM/Temps/mbpp/test_scripts/test611.py\", line 19, in test\n    assert max_of_nth([[5, 6, 7], [1, 3, 5], [8, 9, 19]], 2) == 19\nAssertionError\n\n----------------------------------------------------------------------\nRan 1 test in 0.000s\n\nFAILED (failures=1)\n",
    "612": "E\n======================================================================\nERROR: test (__main__.Test)\n----------------------------------------------------------------------\nTraceback (most recent call last):\n  File \"/Users/watch/PycharmProjects/XXXX-1-LLM/Temps/mbpp/test_scripts/test612.py\", line 19, in test\n    assert merge([['x', 'y','z' ], ['a', 'b','c'], ['m', 'n','o']]) == [['x', 'a', 'm'], ['y', 'b', 'n'],['z', 'c','o']]\n  File \"/Users/watch/PycharmProjects/XXXX-1-LLM/Temps/mbpp/test_scripts/test612.py\", line 9, in merge\n    raise ValueError(\nValueError: Input list should not be empty and sublists should have exactly two elements\n\n----------------------------------------------------------------------\nRan 1 test in 0.000s\n\nFAILED (errors=1)\n",
    "614": ".\n----------------------------------------------------------------------\nRan 1 test in 0.000s\n\nOK\n",
    "615": ".\n----------------------------------------------------------------------\nRan 1 test in 0.000s\n\nOK\n",
    "616": ".\n----------------------------------------------------------------------\nRan 1 test in 0.000s\n\nOK\n",
    "617": "F\n======================================================================\nFAIL: test (__main__.Test)\n----------------------------------------------------------------------\nTraceback (most recent call last):\n  File \"/Users/watch/PycharmProjects/XXXX-1-LLM/Temps/mbpp/test_scripts/test617.py\", line 18, in test\n    assert min_Jumps((3,4),11)==3.5\nAssertionError\n\n----------------------------------------------------------------------\nRan 1 test in 0.000s\n\nFAILED (failures=1)\n",
    "618": ".\n----------------------------------------------------------------------\nRan 1 test in 0.000s\n\nOK\n",
    "619": ".\n----------------------------------------------------------------------\nRan 1 test in 0.000s\n\nOK\n",
    "620": "F\n======================================================================\nFAIL: test (__main__.Test)\n----------------------------------------------------------------------\nTraceback (most recent call last):\n  File \"/Users/watch/PycharmProjects/XXXX-1-LLM/Temps/mbpp/test_scripts/test620.py\", line 22, in test\n    assert largest_subset([10, 5, 3, 15, 20]) == 3\nAssertionError\n\n----------------------------------------------------------------------\nRan 1 test in 0.000s\n\nFAILED (failures=1)\n",
    "622": "F\n======================================================================\nFAIL: test (__main__.Test)\n----------------------------------------------------------------------\nTraceback (most recent call last):\n  File \"/Users/watch/PycharmProjects/XXXX-1-LLM/Temps/mbpp/test_scripts/test622.py\", line 20, in test\n    assert get_median([1, 12, 15, 26, 38], [2, 13, 17, 30, 45], 5) == 16.0\nAssertionError\n\n----------------------------------------------------------------------\nRan 1 test in 0.000s\n\nFAILED (failures=1)\n",
    "623": ".\n----------------------------------------------------------------------\nRan 1 test in 0.000s\n\nOK\n",
    "624": ".\n----------------------------------------------------------------------\nRan 1 test in 0.000s\n\nOK\n",
    "625": ".\n----------------------------------------------------------------------\nRan 1 test in 0.000s\n\nOK\n",
    "626": "F\n======================================================================\nFAIL: test (__main__.Test)\n----------------------------------------------------------------------\nTraceback (most recent call last):\n  File \"/Users/watch/PycharmProjects/XXXX-1-LLM/Temps/mbpp/test_scripts/test626.py\", line 29, in test\n    assert triangle_area(2) == 4\nAssertionError\n\n----------------------------------------------------------------------\nRan 1 test in 0.000s\n\nFAILED (failures=1)\n",
    "627": ".\n----------------------------------------------------------------------\nRan 1 test in 0.000s\n\nOK\n",
    "628": ".\n----------------------------------------------------------------------\nRan 1 test in 0.000s\n\nOK\n",
    "629": ".\n----------------------------------------------------------------------\nRan 1 test in 0.000s\n\nOK\n",
    "630": "F\n======================================================================\nFAIL: test (__main__.Test)\n----------------------------------------------------------------------\nTraceback (most recent call last):\n  File \"/Users/watch/PycharmProjects/XXXX-1-LLM/Temps/mbpp/test_scripts/test630.py\", line 19, in test\n    assert get_coordinates((3, 4,)) == [[2, 3], [2, 4], [2, 5], [3, 3], [3, 4], [3, 5], [4, 3], [4, 4], [4, 5]]\nAssertionError\n\n----------------------------------------------------------------------\nRan 1 test in 0.000s\n\nFAILED (failures=1)\n",
    "631": ".\n----------------------------------------------------------------------\nRan 1 test in 0.000s\n\nOK\n",
    "632": ".\n----------------------------------------------------------------------\nRan 1 test in 0.000s\n\nOK\n",
    "633": ".\n----------------------------------------------------------------------\nRan 1 test in 0.000s\n\nOK\n",
    "635": ".\n----------------------------------------------------------------------\nRan 1 test in 0.000s\n\nOK\n",
    "637": ".\n----------------------------------------------------------------------\nRan 1 test in 0.000s\n\nOK\n",
    "638": ".\n----------------------------------------------------------------------\nRan 1 test in 0.000s\n\nOK\n",
    "639": ".\n----------------------------------------------------------------------\nRan 1 test in 0.000s\n\nOK\n",
    "640": "F\n======================================================================\nFAIL: test (__main__.Test)\n----------------------------------------------------------------------\nTraceback (most recent call last):\n  File \"/Users/watch/PycharmProjects/XXXX-1-LLM/Temps/mbpp/test_scripts/test640.py\", line 20, in test\n    assert remove_parenthesis([\"python (chrome)\"])==(\"python\")\nAssertionError\n\n----------------------------------------------------------------------\nRan 1 test in 0.000s\n\nFAILED (failures=1)\n",
    "641": "F\n======================================================================\nFAIL: test (__main__.Test)\n----------------------------------------------------------------------\nTraceback (most recent call last):\n  File \"/Users/watch/PycharmProjects/XXXX-1-LLM/Temps/mbpp/test_scripts/test641.py\", line 17, in test\n    assert is_nonagonal(10) == 325\nAssertionError\n\n----------------------------------------------------------------------\nRan 1 test in 0.000s\n\nFAILED (failures=1)\n",
    "643": ".\n----------------------------------------------------------------------\nRan 1 test in 0.000s\n\nOK\n",
    "644": ".\n----------------------------------------------------------------------\nRan 1 test in 0.000s\n\nOK\n",
    "720": ".\n----------------------------------------------------------------------\nRan 1 test in 0.000s\n\nOK\n",
    "721": ".\n----------------------------------------------------------------------\nRan 1 test in 0.000s\n\nOK\n",
    "722": ".\n----------------------------------------------------------------------\nRan 1 test in 0.000s\n\nOK\n",
    "723": "E\n======================================================================\nERROR: test (__main__.Test)\n----------------------------------------------------------------------\nTraceback (most recent call last):\n  File \"/Users/watch/PycharmProjects/XXXX-1-LLM/Temps/mbpp/test_scripts/test723.py\", line 22, in test\n    assert count_same_pair([2, 4, -6, -9, 11, -12, 14, -5, 17],[2, 1, 2, -1, -5, 6, 4, -3, -2, 3, 4, 6, 8])==1\n  File \"/Users/watch/PycharmProjects/XXXX-1-LLM/Temps/mbpp/test_scripts/test723.py\", line 9, in count_same_pair\n    raise ValueError(\"The lengths of nums1 and nums2 are different\")\nValueError: The lengths of nums1 and nums2 are different\n\n----------------------------------------------------------------------\nRan 1 test in 0.000s\n\nFAILED (errors=1)\n",
    "724": ".\n----------------------------------------------------------------------\nRan 1 test in 0.000s\n\nOK\n",
    "725": ".\n----------------------------------------------------------------------\nRan 1 test in 0.000s\n\nOK\n",
    "726": "  File \"/Users/watch/PycharmProjects/XXXX-1-LLM/Temps/mbpp/test_scripts/test726.py\", line 17\n    assert multiply_elements((12,,)) == ()\n                                 ^\nSyntaxError: invalid syntax\n",
    "728": ".\n----------------------------------------------------------------------\nRan 1 test in 0.000s\n\nOK\n",
    "730": ".\n----------------------------------------------------------------------\nRan 1 test in 0.000s\n\nOK\n",
    "731": ".\n----------------------------------------------------------------------\nRan 1 test in 0.000s\n\nOK\n",
    "732": ".\n----------------------------------------------------------------------\nRan 1 test in 0.000s\n\nOK\n",
    "733": ".\n----------------------------------------------------------------------\nRan 1 test in 0.000s\n\nOK\n",
    "734": ".\n----------------------------------------------------------------------\nRan 1 test in 0.000s\n\nOK\n",
    "735": "E\n======================================================================\nERROR: test (__main__.Test)\n----------------------------------------------------------------------\nTraceback (most recent call last):\n  File \"/Users/watch/PycharmProjects/XXXX-1-LLM/Temps/mbpp/test_scripts/test735.py\", line 32, in test\n    assert toggle_middle_bits(9) == 15\n  File \"/Users/watch/PycharmProjects/XXXX-1-LLM/Temps/mbpp/test_scripts/test735.py\", line 24, in toggle_middle_bits\n    binary_str[0]\nTypeError: 'int' object is not subscriptable\n\n----------------------------------------------------------------------\nRan 1 test in 0.000s\n\nFAILED (errors=1)\n",
    "736": ".\n----------------------------------------------------------------------\nRan 1 test in 0.000s\n\nOK\n",
    "737": ".\n----------------------------------------------------------------------\nRan 1 test in 0.000s\n\nOK\n",
    "738": "F\n======================================================================\nFAIL: test (__main__.Test)\n----------------------------------------------------------------------\nTraceback (most recent call last):\n  File \"/Users/watch/PycharmProjects/XXXX-1-LLM/Temps/mbpp/test_scripts/test738.py\", line 16, in test\n    assert geometric_sum(7) == 1.9921875\nAssertionError\n\n----------------------------------------------------------------------\nRan 1 test in 0.000s\n\nFAILED (failures=1)\n",
    "739": ".\n----------------------------------------------------------------------\nRan 1 test in 0.000s\n\nOK\n",
    "740": ".\n----------------------------------------------------------------------\nRan 1 test in 0.000s\n\nOK\n",
    "741": ".\n----------------------------------------------------------------------\nRan 1 test in 0.000s\n\nOK\n",
    "742": "F\n======================================================================\nFAIL: test (__main__.Test)\n----------------------------------------------------------------------\nTraceback (most recent call last):\n  File \"/Users/watch/PycharmProjects/XXXX-1-LLM/Temps/mbpp/test_scripts/test742.py\", line 19, in test\n    assert area_tetrahedron(3)==15.588457268119894\nAssertionError\n\n----------------------------------------------------------------------\nRan 1 test in 0.000s\n\nFAILED (failures=1)\n",
    "743": ".\n----------------------------------------------------------------------\nRan 1 test in 0.000s\n\nOK\n",
    "744": ".\n----------------------------------------------------------------------\nRan 1 test in 0.000s\n\nOK\n",
    "745": ".\n----------------------------------------------------------------------\nRan 1 test in 0.000s\n\nOK\n",
    "746": ".\n----------------------------------------------------------------------\nRan 1 test in 0.000s\n\nOK\n",
    "747": ".\n----------------------------------------------------------------------\nRan 1 test in 0.001s\n\nOK\n",
    "748": "F\n======================================================================\nFAIL: test (__main__.Test)\n----------------------------------------------------------------------\nTraceback (most recent call last):\n  File \"/Users/watch/PycharmProjects/XXXX-1-LLM/Temps/mbpp/test_scripts/test748.py\", line 16, in test\n    assert capital_words_spaces(\"PythonProgrammingExamples\") == 'Python Programming Examples'\nAssertionError\n\n----------------------------------------------------------------------\nRan 1 test in 0.000s\n\nFAILED (failures=1)\n",
    "749": ".\n----------------------------------------------------------------------\nRan 1 test in 0.000s\n\nOK\n",
    "750": ".\n----------------------------------------------------------------------\nRan 1 test in 0.000s\n\nOK\n",
    "751": ".\n----------------------------------------------------------------------\nRan 1 test in 0.000s\n\nOK\n",
    "752": ".\n----------------------------------------------------------------------\nRan 1 test in 0.000s\n\nOK\n",
    "753": ".\n----------------------------------------------------------------------\nRan 1 test in 0.000s\n\nOK\n",
    "754": ".\n----------------------------------------------------------------------\nRan 1 test in 0.000s\n\nOK\n",
    "755": "E\n======================================================================\nERROR: test (__main__.Test)\n----------------------------------------------------------------------\nTraceback (most recent call last):\n  File \"/Users/watch/PycharmProjects/XXXX-1-LLM/Temps/mbpp/test_scripts/test755.py\", line 18, in test\n    assert second_smallest([2,2])==None\n  File \"/Users/watch/PycharmProjects/XXXX-1-LLM/Temps/mbpp/test_scripts/test755.py\", line 10, in second_smallest\n    second_min_num = min(numbers)\nValueError: min() arg is an empty sequence\n\n----------------------------------------------------------------------\nRan 1 test in 0.000s\n\nFAILED (errors=1)\n",
    "756": ".\n----------------------------------------------------------------------\nRan 1 test in 0.000s\n\nOK\n",
    "757": ".\n----------------------------------------------------------------------\nRan 1 test in 0.000s\n\nOK\n",
    "758": ".\n----------------------------------------------------------------------\nRan 1 test in 0.000s\n\nOK\n",
    "759": "F\n======================================================================\nFAIL: test (__main__.Test)\n----------------------------------------------------------------------\nTraceback (most recent call last):\n  File \"/Users/watch/PycharmProjects/XXXX-1-LLM/Temps/mbpp/test_scripts/test759.py\", line 19, in test\n    assert is_decimal('3.124587')==False\nAssertionError\n\n----------------------------------------------------------------------\nRan 1 test in 0.000s\n\nFAILED (failures=1)\n",
    "760": ".\n----------------------------------------------------------------------\nRan 1 test in 0.000s\n\nOK\n",
    "762": ".\n----------------------------------------------------------------------\nRan 1 test in 0.000s\n\nOK\n",
    "763": "E\n======================================================================\nERROR: test (__main__.Test)\n----------------------------------------------------------------------\nTraceback (most recent call last):\n  File \"/Users/watch/PycharmProjects/XXXX-1-LLM/Temps/mbpp/test_scripts/test763.py\", line 30, in test\n    assert find_min_diff((1,5,3,19,18,25),6) == 1\n  File \"/Users/watch/PycharmProjects/XXXX-1-LLM/Temps/mbpp/test_scripts/test763.py\", line 16, in find_min_diff\n    arr.sort()\nAttributeError: 'tuple' object has no attribute 'sort'\n\n----------------------------------------------------------------------\nRan 1 test in 0.000s\n\nFAILED (errors=1)\n",
    "764": ".\n----------------------------------------------------------------------\nRan 1 test in 0.000s\n\nOK\n",
    "765": "F\n======================================================================\nFAIL: test (__main__.Test)\n----------------------------------------------------------------------\nTraceback (most recent call last):\n  File \"/Users/watch/PycharmProjects/XXXX-1-LLM/Temps/mbpp/test_scripts/test765.py\", line 16, in test\n    assert is_polite(7) == 11\nAssertionError\n\n----------------------------------------------------------------------\nRan 1 test in 0.000s\n\nFAILED (failures=1)\n",
    "766": ".\n----------------------------------------------------------------------\nRan 1 test in 0.000s\n\nOK\n",
    "767": ".\n----------------------------------------------------------------------\nRan 1 test in 0.000s\n\nOK\n",
    "769": "F\n======================================================================\nFAIL: test (__main__.Test)\n----------------------------------------------------------------------\nTraceback (most recent call last):\n  File \"/Users/watch/PycharmProjects/XXXX-1-LLM/Temps/mbpp/test_scripts/test769.py\", line 13, in test\n    assert (Diff([10, 15, 20, 25, 30, 35, 40], [25, 40, 35],)) == [10, 20, 30, 15]\nAssertionError\n\n----------------------------------------------------------------------\nRan 1 test in 0.000s\n\nFAILED (failures=1)\n",
    "770": ".\n----------------------------------------------------------------------\nRan 1 test in 0.000s\n\nOK\n",
    "771": ".\n----------------------------------------------------------------------\nRan 1 test in 0.000s\n\nOK\n",
    "772": ".\n----------------------------------------------------------------------\nRan 1 test in 0.000s\n\nOK\n",
    "773": ".\n----------------------------------------------------------------------\nRan 1 test in 0.000s\n\nOK\n",
    "775": ".\n----------------------------------------------------------------------\nRan 1 test in 0.000s\n\nOK\n",
    "776": "F\n======================================================================\nFAIL: test (__main__.Test)\n----------------------------------------------------------------------\nTraceback (most recent call last):\n  File \"/Users/watch/PycharmProjects/XXXX-1-LLM/Temps/mbpp/test_scripts/test776.py\", line 20, in test\n    assert count_vowels('bestinstareels') == 7\nAssertionError\n\n----------------------------------------------------------------------\nRan 1 test in 0.000s\n\nFAILED (failures=1)\n",
    "777": ".\n----------------------------------------------------------------------\nRan 1 test in 0.000s\n\nOK\n",
    "778": ".\n----------------------------------------------------------------------\nRan 1 test in 0.000s\n\nOK\n",
    "779": ".\n----------------------------------------------------------------------\nRan 1 test in 0.000s\n\nOK\n",
    "780": ".\n----------------------------------------------------------------------\nRan 1 test in 0.000s\n\nOK\n",
    "781": ".\n----------------------------------------------------------------------\nRan 1 test in 0.000s\n\nOK\n",
    "782": ".\n----------------------------------------------------------------------\nRan 1 test in 0.000s\n\nOK\n",
    "783": "F\n======================================================================\nFAIL: test (__main__.Test)\n----------------------------------------------------------------------\nTraceback (most recent call last):\n  File \"/Users/watch/PycharmProjects/XXXX-1-LLM/Temps/mbpp/test_scripts/test783.py\", line 40, in test\n    assert rgb_to_hsv(0, 215, 0)==(120.0, 100.0, 84.31372549019608)\nAssertionError\n\n----------------------------------------------------------------------\nRan 1 test in 0.000s\n\nFAILED (failures=1)\n",
    "784": ".\n----------------------------------------------------------------------\nRan 1 test in 0.000s\n\nOK\n",
    "785": ".\n----------------------------------------------------------------------\nRan 1 test in 0.000s\n\nOK\n",
    "786": ".\n----------------------------------------------------------------------\nRan 1 test in 0.000s\n\nOK\n",
    "787": "F\n======================================================================\nFAIL: test (__main__.Test)\n----------------------------------------------------------------------\nTraceback (most recent call last):\n  File \"/Users/watch/PycharmProjects/XXXX-1-LLM/Temps/mbpp/test_scripts/test787.py\", line 20, in test\n    assert not text_match_three(\"ac\")\nAssertionError\n\n----------------------------------------------------------------------\nRan 1 test in 0.000s\n\nFAILED (failures=1)\n",
    "788": ".\n----------------------------------------------------------------------\nRan 1 test in 0.000s\n\nOK\n",
    "790": ".\n----------------------------------------------------------------------\nRan 1 test in 0.000s\n\nOK\n",
    "791": "F\n======================================================================\nFAIL: test (__main__.Test)\n----------------------------------------------------------------------\nTraceback (most recent call last):\n  File \"/Users/watch/PycharmProjects/XXXX-1-LLM/Temps/mbpp/test_scripts/test791.py\", line 19, in test\n    assert remove_nested((1, 5, 7, (4, 6), 10,)) == (1, 5, 7, 10)\nAssertionError\n\n----------------------------------------------------------------------\nRan 1 test in 0.000s\n\nFAILED (failures=1)\n",
    "792": ".\n----------------------------------------------------------------------\nRan 1 test in 0.000s\n\nOK\n",
    "793": ".\n----------------------------------------------------------------------\nRan 1 test in 0.000s\n\nOK\n",
    "794": ".\n----------------------------------------------------------------------\nRan 1 test in 0.000s\n\nOK\n",
    "796": ".\n----------------------------------------------------------------------\nRan 1 test in 0.000s\n\nOK\n",
    "797": ".\n----------------------------------------------------------------------\nRan 1 test in 0.000s\n\nOK\n",
    "798": ".\n----------------------------------------------------------------------\nRan 1 test in 0.000s\n\nOK\n",
    "799": ".\n----------------------------------------------------------------------\nRan 1 test in 0.000s\n\nOK\n",
    "800": ".\n----------------------------------------------------------------------\nRan 1 test in 0.000s\n\nOK\n",
    "801": "F\n======================================================================\nFAIL: test (__main__.Test)\n----------------------------------------------------------------------\nTraceback (most recent call last):\n  File \"/Users/watch/PycharmProjects/XXXX-1-LLM/Temps/mbpp/test_scripts/test801.py\", line 18, in test\n    assert test_three_equal(1,2,2) == 2\nAssertionError\n\n----------------------------------------------------------------------\nRan 1 test in 0.000s\n\nFAILED (failures=1)\n",
    "802": ".\n----------------------------------------------------------------------\nRan 1 test in 0.000s\n\nOK\n",
    "803": ".\n----------------------------------------------------------------------\nRan 1 test in 0.000s\n\nOK\n",
    "804": ".\n----------------------------------------------------------------------\nRan 1 test in 0.000s\n\nOK\n",
    "805": ".\n----------------------------------------------------------------------\nRan 1 test in 0.000s\n\nOK\n",
    "806": ".\n----------------------------------------------------------------------\nRan 1 test in 0.000s\n\nOK\n",
    "807": ".\n----------------------------------------------------------------------\nRan 1 test in 0.000s\n\nOK\n",
    "808": ".\n----------------------------------------------------------------------\nRan 1 test in 0.000s\n\nOK\n",
    "809": ".\n----------------------------------------------------------------------\nRan 1 test in 0.000s\n\nOK\n"
}