{
    "start_time": "2024-03-11_09-01-42-480894",
    "task": "def dog_age(h_age):\n'''Write a function to calculate a dog's age in dog's years.\nassert dog_age(12)==61'''\n",
    "datetime": {
        "task": "2024-03-11 09:01:42",
        "task-id": "2024-03-11 09:01:42",
        "workflow": "2024-03-11 09:01:42",
        "Discussion": "2024-03-11 09:01:43",
        "DisorderedSprintMeetings": "2024-03-11 09:01:45",
        "DesignDraft0": "2024-03-11 09:01:47",
        "DesignMeetings0": "2024-03-11 09:01:49",
        "Design0": "2024-03-11 09:01:51",
        "CodeDraft0": "2024-03-11 09:01:52",
        "CodeReviewMeetings0": "2024-03-11 09:01:54",
        "Code0CR": "2024-03-11 09:01:56",
        "FinalCode": "2024-03-11 09:02:31",
        "Test Cases Draft": "2024-03-11 09:01:58",
        "Test Cases Meetings": "2024-03-11 09:01:59",
        "Test Cases": "2024-03-11 09:02:01",
        "Code0": "2024-03-11 09:02:03",
        "TestScriptOriginal": "2024-03-11 09:02:04",
        "TestScript": "2024-03-11 09:02:04",
        "ScriptResult0": "2024-03-11 09:02:04",
        "TestReport0": "2024-03-11 09:02:07",
        "SprintReview0": "2024-03-11 09:02:09",
        "SprintReviewMeetings0": "2024-03-11 09:02:11",
        "RepairResponse0": "2024-03-11 09:02:15",
        "Code1": "2024-03-11 09:02:15",
        "ScriptResult1": "2024-03-11 09:02:16",
        "TestReport1": "2024-03-11 09:02:18",
        "SprintReview1": "2024-03-11 09:02:20",
        "SprintReviewMeetings1": "2024-03-11 09:02:22",
        "RepairResponse1": "2024-03-11 09:02:23",
        "Code2": "2024-03-11 09:02:23",
        "ScriptResult2": "2024-03-11 09:02:23",
        "TestReport2": "2024-03-11 09:02:25",
        "SprintReview2": "2024-03-11 09:02:26",
        "SprintReviewMeetings2": "2024-03-11 09:02:28",
        "RepairResponse2": "2024-03-11 09:02:31",
        "Code3": "2024-03-11 09:02:31",
        "ScriptResult3": "2024-03-11 09:02:31",
        "TestReport3": "2024-03-11 09:02:33"
    },
    "task-id": 264,
    "workflow": "agile/agile_version_0.0.5_remove.json",
    "Discussion": "[ScrumMaster]says: We have a job: def dog_age(h_age):\n'''Write a function to calculate a dog's age in dog's years.\nassert dog_age(12)==61'''\n, do you have any ideas?\n-----\n\n[ProductOwner]says: As a Product Owner, I think we should prioritize creating a user-friendly interface for the dog age calculator function to ensure a positive user experience.\n-----\n\n[Architect]says: As an architect, I recommend considering the use of object-oriented programming to design a solution for the dog_age function.\n-----\n\n[Developer]says: I will create a function that converts human years to dog years using a simple formula.\n-----\n\n[Tester]says: As a Tester, I think it's important to consider edge cases and test the function with different dog ages to ensure accuracy.\n-----\n\n[Developer]says: As a Developer, I will focus on creating a function that effectively converts human years to dog years using a simple formula.\n-----\n\n[Architect]says: As an architect, I recommend considering the use of object-oriented programming to design a solution for the dog_age function.\n-----\n\n[ProductOwner]says: As a Product Owner, I think we should prioritize creating a user-friendly interface for the dog age calculator function to ensure a positive user experience.\n-----\n\n[Tester]says: As a Tester, I think it's important to consider edge cases and test the function with different dog ages to ensure accuracy.\n-----\n",
    "DisorderedSprintMeetings": "{\n  \"product-owner\": [\"Prioritize creating a user-friendly interface for the dog age calculator function\", \"Ensure a positive user experience\"],\n  \"architect\": [\"Consider the use of object-oriented programming to design a solution for the dog_age function\"],\n  \"developer\": [\"Create a function that converts human years to dog years using a simple formula\", \"Focus on creating a function that effectively converts human years to dog years using a simple formula\"],\n  \"tester\": [\"Consider edge cases and test the function with different dog ages to ensure accuracy\"]\n}",
    "DisorderedSprintMeetings_prompt": "{\"Role\": \"You are a professional scrum master. Your goal is to breakdown the Discussion History into a task list for the scrum team.\", \"Instruction\": \"1. Read and Understand the Discussion History. 2. Define the tasks for four roles: product-owner/architect/developer/tester. 3. Response in JSON format.\", \"Example\": \"{\\\"product-owner\\\":[\\\"task1\\\",\\\"task2\\\"],\\\"architect\\\":[\\\"task1\\\",\\\"task2\\\"], \\\"developer\\\":[\\\"task1\\\",\\\"task2\\\"], \\\"tester\\\":[\\\"task1\\\",\\\"task2\\\"]}\", \"Context\": \"[ScrumMaster]says: We have a job: def dog_age(h_age):\\n'''Write a function to calculate a dog's age in dog's years.\\nassert dog_age(12)==61'''\\n, do you have any ideas?\\n-----\\n\\n[ProductOwner]says: As a Product Owner, I think we should prioritize creating a user-friendly interface for the dog age calculator function to ensure a positive user experience.\\n-----\\n\\n[Architect]says: As an architect, I recommend considering the use of object-oriented programming to design a solution for the dog_age function.\\n-----\\n\\n[Developer]says: I will create a function that converts human years to dog years using a simple formula.\\n-----\\n\\n[Tester]says: As a Tester, I think it's important to consider edge cases and test the function with different dog ages to ensure accuracy.\\n-----\\n\\n[Developer]says: As a Developer, I will focus on creating a function that effectively converts human years to dog years using a simple formula.\\n-----\\n\\n[Architect]says: As an architect, I recommend considering the use of object-oriented programming to design a solution for the dog_age function.\\n-----\\n\\n[ProductOwner]says: As a Product Owner, I think we should prioritize creating a user-friendly interface for the dog age calculator function to ensure a positive user experience.\\n-----\\n\\n[Tester]says: As a Tester, I think it's important to consider edge cases and test the function with different dog ages to ensure accuracy.\\n-----\\n\", \"Question\": \"Follow the Instruction section. The Discussion History is in the Context section. You only need to return a task list as the Example section.\"}",
    "DesignDraft0": "Design:\n- Use object-oriented programming principles to design a solution for the dog_age function.\n- Create a Dog class that will represent a dog and encapsulate the age calculation logic.\n- The Dog class should have a method to calculate the dog's age in dog's years based on the human age input.\n- Use inheritance to create different types of dogs with specific age calculation rules (e.g., small breed, large breed).\n- Consider using polymorphism to handle different age calculation algorithms for different dog breeds.\n- Encapsulate the age calculation logic within the Dog class to promote reusability and maintainability.\n- Provide clear and consistent documentation for the Dog class and its methods to guide developers in writing code.",
    "DesignMeetings0": "{\n  \"Developer\": \"As a developer, I would suggest using composition instead of inheritance to create different types of dogs with specific age calculation rules. This approach would make the design more flexible and avoid the potential issues of using inheritance. Additionally, I would recommend adding unit tests for the Dog class and its methods to ensure the age calculation logic is working correctly.\",\n  \"Tester\": \"As a tester, I would suggest thoroughly testing the age calculation logic for different dog breeds to ensure it produces accurate results. I would recommend creating test cases for small breed dogs, large breed dogs, and other specific breeds to cover all possible scenarios. Additionally, I would suggest conducting integration testing to verify that the Dog class interacts correctly with other parts of the system.\"\n}",
    "Design0": "Based on the suggestions, I have revised the design as follows:\n\n- Use composition instead of inheritance to create different types of dogs with specific age calculation rules. This approach will make the design more flexible and avoid potential issues of using inheritance.\n\n- Add unit tests for the Dog class and its methods to ensure the age calculation logic is working correctly.\n\n- Thoroughly test the age calculation logic for different dog breeds to ensure it produces accurate results. Create test cases for small breed dogs, large breed dogs, and other specific breeds to cover all possible scenarios.\n\n- Conduct integration testing to verify that the Dog class interacts correctly with other parts of the system.\n\nI have made these changes to address the suggestions and ensure a more robust and flexible design for the dog age calculation function.",
    "CodeDraft0": "def dog_age(h_age):\n    # Write your code here\n    pass",
    "CodeDraft0_prompt": {
        "Role": "You are a professional engineer. Your duty is to write code in Python that meets the requirements. Ensure that the code you write is efficient, readable, and follows best practices. Remember, do not need to explain the code you wrote.",
        "Instruction": "According to the Context section, write your code.",
        "Example": "",
        "Context": "# Tasks:\n['Create a function that converts human years to dog years using a simple formula', 'Focus on creating a function that effectively converts human years to dog years using a simple formula']\n# Design:\nBased on the suggestions, I have revised the design as follows:\n\n- Use composition instead of inheritance to create different types of dogs with specific age calculation rules. This approach will make the design more flexible and avoid potential issues of using inheritance.\n\n- Add unit tests for the Dog class and its methods to ensure the age calculation logic is working correctly.\n\n- Thoroughly test the age calculation logic for different dog breeds to ensure it produces accurate results. Create test cases for small breed dogs, large breed dogs, and other specific breeds to cover all possible scenarios.\n\n- Conduct integration testing to verify that the Dog class interacts correctly with other parts of the system.\n\nI have made these changes to address the suggestions and ensure a more robust and flexible design for the dog age calculation function.",
        "Question": "Follow the Instruction section. Complete the following code:\ndef dog_age(h_age):\n'''Write a function to calculate a dog's age in dog's years.\nassert dog_age(12)==61'''\n"
    },
    "CodeReviewMeetings0": "{\n  \"Architect\": \"Consider using a meaningful variable name instead of 'h_age' to improve code readability. Also, provide a clear comment explaining the purpose of the function and any input/output expectations.\",\n  \"Tester\": \"Add test cases to cover different scenarios such as negative values, zero, and large positive numbers to ensure the function handles various inputs correctly.\"\n}",
    "Code0CR": "def dog_age(human_years):\n    # This function calculates a dog's age in dog years\n    # Input: human_years (int) - the age of the dog in human years\n    # Output: dog_years (int) - the age of the dog in dog years\n\n    # Applying the simple formula for calculating dog's age\n    if human_years <= 0:\n        return 0\n    elif human_years == 1:\n        return 15\n    elif human_years == 2:\n        return 24\n    else:\n        return 24 + (human_years - 2) * 5\n\n# Unit tests\nassert dog_age(1) == 15\nassert dog_age(2) == 24\nassert dog_age(12) == 69",
    "Code0CR_prompt": "{\"Role\": \"You are a professional software engineer. Your duty is to write code in Python that meets the requirements. Ensure that the code you write is efficient, readable, and follows best practices. Remember, do not need to explain the code you wrote.\", \"Instruction\": \"1. Understand the suggestions(in the Context section) about the original code. 2. Rewrite your code.\", \"Example\": \"\", \"Context\": \"# Tasks:\\n['Create a function that converts human years to dog years using a simple formula', 'Focus on creating a function that effectively converts human years to dog years using a simple formula']\\n# Design:\\nBased on the suggestions, I have revised the design as follows:\\n\\n- Use composition instead of inheritance to create different types of dogs with specific age calculation rules. This approach will make the design more flexible and avoid potential issues of using inheritance.\\n\\n- Add unit tests for the Dog class and its methods to ensure the age calculation logic is working correctly.\\n\\n- Thoroughly test the age calculation logic for different dog breeds to ensure it produces accurate results. Create test cases for small breed dogs, large breed dogs, and other specific breeds to cover all possible scenarios.\\n\\n- Conduct integration testing to verify that the Dog class interacts correctly with other parts of the system.\\n\\nI have made these changes to address the suggestions and ensure a more robust and flexible design for the dog age calculation function.# Suggestions:\\n{\\n  \\\"Architect\\\": \\\"Consider using a meaningful variable name instead of 'h_age' to improve code readability. Also, provide a clear comment explaining the purpose of the function and any input/output expectations.\\\",\\n  \\\"Tester\\\": \\\"Add test cases to cover different scenarios such as negative values, zero, and large positive numbers to ensure the function handles various inputs correctly.\\\"\\n}\", \"Question\": \"Follow the Instruction section. Complete the following code:\\ndef dog_age(h_age):\\n'''Write a function to calculate a dog's age in dog's years.\\nassert dog_age(12)==61'''\\n\"}",
    "FinalCode": "def dog_age(h_age):\n    return h_age * 5",
    "Test Cases Draft": "{\n  \"requirement analysis\": \"analysis\",\n  \"test_cases\": [\n    {\n      \"Test Title\": \"calculate_small_breed_dog_age\",\n      \"Input Data\": \"parameter1=7\",\n      \"Expected Output\": \"44\"\n    },\n    {\n      \"Test Title\": \"calculate_large_breed_dog_age\",\n      \"Input Data\": \"parameter1=5\",\n      \"Expected Output\": \"36\"\n    },\n    {\n      \"Test Title\": \"calculate_specific_breed_dog_age\",\n      \"Input Data\": \"parameter1=10\",\n      \"Expected Output\": \"56\"\n    }\n  ]\n}",
    "Test Cases Draft_prompt": "{\"Role\": \"You are a quality assurance engineer. Your duty is to design test cases for the developers.\", \"Instruction\": \"According to the Context section, write test cases. Don't write long strings in your test cases. Response in JSON format.\", \"Example\": \"{\\\"requirement analysis\\\":\\\"analysis\\\",\\\"test_cases\\\":[{\\\"Test Title\\\":\\\"title\\\", \\\"Input Data\\\":\\\"parameter1=[1,2,3],parameter2='123'\\\", \\\"Expected Output\\\":\\\"456\\\"},]}\", \"Context\": \"# Tasks:\\n['Consider edge cases and test the function with different dog ages to ensure accuracy']\\n# Design:\\nBased on the suggestions, I have revised the design as follows:\\n\\n- Use composition instead of inheritance to create different types of dogs with specific age calculation rules. This approach will make the design more flexible and avoid potential issues of using inheritance.\\n\\n- Add unit tests for the Dog class and its methods to ensure the age calculation logic is working correctly.\\n\\n- Thoroughly test the age calculation logic for different dog breeds to ensure it produces accurate results. Create test cases for small breed dogs, large breed dogs, and other specific breeds to cover all possible scenarios.\\n\\n- Conduct integration testing to verify that the Dog class interacts correctly with other parts of the system.\\n\\nI have made these changes to address the suggestions and ensure a more robust and flexible design for the dog age calculation function.\", \"Question\": \"def dog_age(h_age):\\n'''Write a function to calculate a dog's age in dog's years.\\nassert dog_age(12)==61'''\\n\"}",
    "Test Cases Meetings": "{\n  \"Architect\": \"As an Architect, I suggest adding more variety to the test cases by including different input data and expected outputs for each test case. This will help ensure the robustness of the test cases and cover a wider range of scenarios.\",\n  \"Developer\": \"As a Developer, I suggest reviewing the test cases to ensure that they cover all possible scenarios and edge cases. It would also be helpful to include boundary values and invalid inputs to test the resilience of the code.\"\n}",
    "Test Cases": "{\n  \"requirement analysis\": \"analysis\",\n  \"test_cases\": [\n    {\n      \"Test Title\": \"calculate_small_breed_dog_age\",\n      \"Input Data\": \"parameter1=7\",\n      \"Expected Output\": \"44\"\n    },\n    {\n      \"Test Title\": \"calculate_large_breed_dog_age\",\n      \"Input Data\": \"parameter1=5\",\n      \"Expected Output\": \"36\"\n    },\n    {\n      \"Test Title\": \"calculate_specific_breed_dog_age\",\n      \"Input Data\": \"parameter1=10\",\n      \"Expected Output\": \"56\"\n    }\n  ]\n}",
    "Test Cases_prompt": "{\"Role\": \"You are a quality assurance engineer. Your duty is to revise the test cases based on the suggestions.\", \"Instruction\": \"1. Your colleague give you some suggestions(in the Context section) about the draft test cases, read these suggestions. 2. Revise your draft version test cases, but don't use long parameters. 3. Response in JSON format.\", \"Example\": \"{\\\"requirement analysis\\\":\\\"analysis\\\",\\\"test_cases\\\":[{\\\"Test Title\\\":\\\"title\\\", \\\"Input Data\\\":\\\"parameter1=[1,2,3],parameter2='123'\\\", \\\"Expected Output\\\":\\\"456\\\"},]}\", \"Context\": \"# Suggestions:\\n{\\n  \\\"Architect\\\": \\\"As an Architect, I suggest adding more variety to the test cases by including different input data and expected outputs for each test case. This will help ensure the robustness of the test cases and cover a wider range of scenarios.\\\",\\n  \\\"Developer\\\": \\\"As a Developer, I suggest reviewing the test cases to ensure that they cover all possible scenarios and edge cases. It would also be helpful to include boundary values and invalid inputs to test the resilience of the code.\\\"\\n}\\n # Draft Test cases:\\n{\\n  \\\"requirement analysis\\\": \\\"analysis\\\",\\n  \\\"test_cases\\\": [\\n    {\\n      \\\"Test Title\\\": \\\"calculate_small_breed_dog_age\\\",\\n      \\\"Input Data\\\": \\\"parameter1=7\\\",\\n      \\\"Expected Output\\\": \\\"44\\\"\\n    },\\n    {\\n      \\\"Test Title\\\": \\\"calculate_large_breed_dog_age\\\",\\n      \\\"Input Data\\\": \\\"parameter1=5\\\",\\n      \\\"Expected Output\\\": \\\"36\\\"\\n    },\\n    {\\n      \\\"Test Title\\\": \\\"calculate_specific_breed_dog_age\\\",\\n      \\\"Input Data\\\": \\\"parameter1=10\\\",\\n      \\\"Expected Output\\\": \\\"56\\\"\\n    }\\n  ]\\n}\", \"Question\": \"Follow the Instruction. Please make sure your response length are less than 512. Your test cases is for the below question:\\ndef dog_age(h_age):\\n'''Write a function to calculate a dog's age in dog's years.\\nassert dog_age(12)==61'''\\n\"}",
    "Code0": "def dog_age(h_age):\n    if h_age <= 0:\n        return 0\n    elif h_age == 1:\n        return 15\n    elif h_age == 2:\n        return 24\n    else:\n        return 24 + (h_age - 2) * 5\n# Unit tests\nassert dog_age(1) == 15\nassert dog_age(2) == 24\nassert dog_age(12) == 69",
    "Code0_prompt": {
        "Role": "You are a professional software engineer. Your duty is to write code in Python that meets the requirements. Ensure that the code you write is efficient, readable, and follows best practices. Remember, do not need to explain the code you wrote.",
        "Instruction": "1. Understand the test cases(in the Context section) about the original code. 2. Rewrite your code, make sure your code pass all test cases.",
        "Example": "",
        "Context": "# Original Code:\ndef dog_age(human_years):\n    # This function calculates a dog's age in dog years\n    # Input: human_years (int) - the age of the dog in human years\n    # Output: dog_years (int) - the age of the dog in dog years\n\n    # Applying the simple formula for calculating dog's age\n    if human_years <= 0:\n        return 0\n    elif human_years == 1:\n        return 15\n    elif human_years == 2:\n        return 24\n    else:\n        return 24 + (human_years - 2) * 5\n\n# Unit tests\nassert dog_age(1) == 15\nassert dog_age(2) == 24\nassert dog_age(12) == 69\n# Test Cases:\n{\n  \"requirement analysis\": \"analysis\",\n  \"test_cases\": [\n    {\n      \"Test Title\": \"calculate_small_breed_dog_age\",\n      \"Input Data\": \"parameter1=7\",\n      \"Expected Output\": \"44\"\n    },\n    {\n      \"Test Title\": \"calculate_large_breed_dog_age\",\n      \"Input Data\": \"parameter1=5\",\n      \"Expected Output\": \"36\"\n    },\n    {\n      \"Test Title\": \"calculate_specific_breed_dog_age\",\n      \"Input Data\": \"parameter1=10\",\n      \"Expected Output\": \"56\"\n    }\n  ]\n}",
        "Question": "def dog_age(h_age):\n'''Write a function to calculate a dog's age in dog's years.\nassert dog_age(12)==61'''\n"
    },
    "TestScriptOriginal": "import unittest\n\ndef dog_age(h_age):\n    return h_age * 5 + 1\n\nclass Test(unittest.TestCase):\n    def test(self):\n        self.assertEqual(dog_age(12), 61)\n\nif __name__ == '__main__':\n    unittest.main()",
    "TestScriptOriginal_prompt": "{\"Role\": \"You are a quality assurance engineer. Your duty is to write a python test script in unittest framework.\", \"Instruction\": \"1. Write a python test script. 2. Use the input and output given by the question.\", \"Example\": \"import unittest\\n\\nclass Test(unittest.TestCase):\\n    def test(self):\\n        self.assertEqual(function_under_test('a'), 1)\\n\\nif __name__ == '__main__':\\n    unittest.main()\", \"Context\": \"\", \"Question\": \"def dog_age(h_age):\\n'''Write a function to calculate a dog's age in dog's years.\\nassert dog_age(12)==61'''\\n\"}",
    "TestScript": "import unittest\n\nclass Test(unittest.TestCase):\n    def test(self):\n        self.assertEqual(dog_age(12), 61)\n\nif __name__ == '__main__':\n    unittest.main()",
    "ScriptResult0": "Traceback (most recent call last):\n  File \"/Users/watch/PycharmProjects/XXXX-1-LLM/workspace/2024-03-11_09-01-42-480894/test_script.py\", line 13, in <module>\n    assert dog_age(12) == 69\nAssertionError\n",
    "TestReport0": "Test Report:\n\nTest Script's Output:\nTraceback (most recent call last):\n  File \"/Users/watch/PycharmProjects/XXXX-1-LLM/workspace/2024-03-11_09-01-42-480894/test_script.py\", line 13, in <module>\n    assert dog_age(12) == 69\nAssertionError\n\nConclusion:\nThe code FAILS the test as the expected output for dog_age(12) is 69, but the actual output does not match.\n\nInput and Expected Output Example:\ndef dog_age(h_age):\n    if h_age <= 0:\n        return 0\n    elif h_age == 1:\n        return 15\n    elif h_age == 2:\n        return 24\n    else:\n        return 24 + (h_age - 2) * 5\n# Unit tests\nassert dog_age(1) == 15\nassert dog_age(2) == 24\nassert dog_age(12) == 69",
    "SprintReview0": "[ScrumMaster]says: Here is our test Report: Test Report:\n\nTest Script's Output:\nTraceback (most recent call last):\n  File \"/Users/watch/PycharmProjects/XXXX-1-LLM/workspace/2024-03-11_09-01-42-480894/test_script.py\", line 13, in <module>\n    assert dog_age(12) == 69\nAssertionError\n\nConclusion:\nThe code FAILS the test as the expected output for dog_age(12) is 69, but the actual output does not match.\n\nInput and Expected Output Example:\ndef dog_age(h_age):\n    if h_age <= 0:\n        return 0\n    elif h_age == 1:\n        return 15\n    elif h_age == 2:\n        return 24\n    else:\n        return 24 + (h_age - 2) * 5\n# Unit tests\nassert dog_age(1) == 15\nassert dog_age(2) == 24\nassert dog_age(12) == 69, do you have any ideas?\n-----\n\n[Tester]says: As a Tester, I suggest reviewing the logic in the dog_age function to ensure it is correctly calculating the age of the dog.\n-----\n\n[Architect]says: As an architect, it is important to review the code and identify potential areas for improvement to ensure the test passes.\n-----\n\n[Developer]says: As a Developer, I think we need to review the logic in the dog_age function to ensure it calculates the correct age for dogs.\n-----\n\n[ProductOwner]says: As the Product Owner, I think we should prioritize fixing the issue with the dog_age(12) function so that it aligns with the expected output. This is essential for the quality of our product.\n-----\n\n[Developer]says: As a Developer, I will review the logic in the dog_age function to ensure it calculates the correct age for dogs.\n-----\n\n[Tester]says: As a Tester, I suggest reviewing the logic in the dog_age function to ensure it is correctly calculating the age of the dog.\n-----\n\n[Architect]says: As an architect, I suggest reviewing the code to identify and address any potential areas for improvement in order to ensure the test passes.\n-----\n\n[ProductOwner]says: As the Product Owner, I think we should prioritize fixing the issue with the dog_age(12) function so that it aligns with the expected output. This is essential for the quality of our product.\n-----\n",
    "SprintReviewMeetings0": "{\n  \"product-owner\": [\"I think we should prioritize fixing the issue with the dog_age(12) function so that it aligns with the expected output. This is essential for the quality of our product.\"],\n  \"architect\": [\"It is important to review the code and identify potential areas for improvement to ensure the test passes.\", \"I suggest reviewing the code to identify and address any potential areas for improvement in order to ensure the test passes.\"],\n  \"developer\": [\"I think we need to review the logic in the dog_age function to ensure it calculates the correct age for dogs.\", \"I will review the logic in the dog_age function to ensure it calculates the correct age for dogs.\"],\n  \"tester\": [\"I suggest reviewing the logic in the dog_age function to ensure it is correctly calculating the age of the dog.\"]\n}",
    "SprintReviewMeetings0_prompt": "{\"Role\": \"You are a professional scrum master. Your goal is to summary the Discussion History into a suggestions list for the scrum team.\", \"Instruction\": \"1. Read and Understand the Discussion History. 2. Summary the suggestions from four roles: product-owner/architect/developer/tester. 3. Response in JSON format.\", \"Example\": \"{\\\"product-owner\\\":[\\\"suggestion1\\\",\\\"suggestion2\\\"],\\\"architect\\\":[\\\"suggestion1\\\",\\\"suggestion2\\\"], \\\"developer\\\":[\\\"suggestion1\\\",\\\"suggestion2\\\"], \\\"tester\\\":[\\\"suggestion1\\\",\\\"suggestion2\\\"]}\", \"Context\": \"[ScrumMaster]says: Here is our test Report: Test Report:\\n\\nTest Script's Output:\\nTraceback (most recent call last):\\n  File \\\"/Users/watch/PycharmProjects/XXXX-1-LLM/workspace/2024-03-11_09-01-42-480894/test_script.py\\\", line 13, in <module>\\n    assert dog_age(12) == 69\\nAssertionError\\n\\nConclusion:\\nThe code FAILS the test as the expected output for dog_age(12) is 69, but the actual output does not match.\\n\\nInput and Expected Output Example:\\ndef dog_age(h_age):\\n    if h_age <= 0:\\n        return 0\\n    elif h_age == 1:\\n        return 15\\n    elif h_age == 2:\\n        return 24\\n    else:\\n        return 24 + (h_age - 2) * 5\\n# Unit tests\\nassert dog_age(1) == 15\\nassert dog_age(2) == 24\\nassert dog_age(12) == 69, do you have any ideas?\\n-----\\n\\n[Tester]says: As a Tester, I suggest reviewing the logic in the dog_age function to ensure it is correctly calculating the age of the dog.\\n-----\\n\\n[Architect]says: As an architect, it is important to review the code and identify potential areas for improvement to ensure the test passes.\\n-----\\n\\n[Developer]says: As a Developer, I think we need to review the logic in the dog_age function to ensure it calculates the correct age for dogs.\\n-----\\n\\n[ProductOwner]says: As the Product Owner, I think we should prioritize fixing the issue with the dog_age(12) function so that it aligns with the expected output. This is essential for the quality of our product.\\n-----\\n\\n[Developer]says: As a Developer, I will review the logic in the dog_age function to ensure it calculates the correct age for dogs.\\n-----\\n\\n[Tester]says: As a Tester, I suggest reviewing the logic in the dog_age function to ensure it is correctly calculating the age of the dog.\\n-----\\n\\n[Architect]says: As an architect, I suggest reviewing the code to identify and address any potential areas for improvement in order to ensure the test passes.\\n-----\\n\\n[ProductOwner]says: As the Product Owner, I think we should prioritize fixing the issue with the dog_age(12) function so that it aligns with the expected output. This is essential for the quality of our product.\\n-----\\n\", \"Question\": \"Follow the Instruction section. The Discussion History is in the Context section. You only need to return a list as the Example section.\"}",
    "RepairResponse0": "{\n  \"revised_code\": \"def dog_age(h_age):\\n    if h_age <= 0:\\n        return 0\\n    elif h_age == 1:\\n        return 15\\n    elif h_age == 2:\\n        return 24\\n    else:\\n        return 24 + (h_age - 2) * 5\"\n}",
    "RepairResponse0_prompt": {
        "Role": "You are a professional software engineer. Your duty is to write code in Python that meets the requirements. Ensure that the code you write is efficient, readable, and follows best practices. Remember, do not need to explain the code you wrote.",
        "Instruction": "1. Rewrite a bug fix version of the original code. 2. Response in JSON format.",
        "Example": "{\"revised_code\":\"...\"}",
        "Context": "# Test Report:\nTest Report:\n\nTest Script's Output:\nTraceback (most recent call last):\n  File \"/Users/watch/PycharmProjects/XXXX-1-LLM/workspace/2024-03-11_09-01-42-480894/test_script.py\", line 13, in <module>\n    assert dog_age(12) == 69\nAssertionError\n\nConclusion:\nThe code FAILS the test as the expected output for dog_age(12) is 69, but the actual output does not match.\n\nInput and Expected Output Example:\ndef dog_age(h_age):\n    if h_age <= 0:\n        return 0\n    elif h_age == 1:\n        return 15\n    elif h_age == 2:\n        return 24\n    else:\n        return 24 + (h_age - 2) * 5\n# Unit tests\nassert dog_age(1) == 15\nassert dog_age(2) == 24\nassert dog_age(12) == 69# suggestions:\n{\"product-owner\": [\"I think we should prioritize fixing the issue with the dog_age(12) function so that it aligns with the expected output. This is essential for the quality of our product.\"], \"architect\": [\"It is important to review the code and identify potential areas for improvement to ensure the test passes.\", \"I suggest reviewing the code to identify and address any potential areas for improvement in order to ensure the test passes.\"], \"developer\": [\"I think we need to review the logic in the dog_age function to ensure it calculates the correct age for dogs.\", \"I will review the logic in the dog_age function to ensure it calculates the correct age for dogs.\"], \"tester\": [\"I suggest reviewing the logic in the dog_age function to ensure it is correctly calculating the age of the dog.\"]}",
        "Question": "The original code has some bugs, according to the test report and suggestions, rewrite the code. Complete the following code:\ndef dog_age(h_age):\n'''Write a function to calculate a dog's age in dog's years.\nassert dog_age(12)==61'''\n"
    },
    "Code1": "def dog_age(h_age):\n    if h_age <= 0:\n        return 0\n    elif h_age == 1:\n        return 15\n    elif h_age == 2:\n        return 24\n    else:\n        return 24 + (h_age - 2) * 5",
    "ScriptResult1": "F\n======================================================================\nFAIL: test (__main__.Test)\n----------------------------------------------------------------------\nTraceback (most recent call last):\n  File \"/Users/watch/PycharmProjects/XXXX-1-LLM/workspace/2024-03-11_09-01-42-480894/test_script.py\", line 14, in test\n    self.assertEqual(dog_age(12), 61)\nAssertionError: 74 != 61\n\n----------------------------------------------------------------------\nRan 1 test in 0.000s\n\nFAILED (failures=1)\n",
    "TestReport1": "Test Report:\n\nTest script's output:\nF\n======================================================================\nFAIL: test (__main__.Test)\n----------------------------------------------------------------------\nTraceback (most recent call last):\n  File \"/Users/watch/PycharmProjects/XXXX-1-LLM/workspace/2024-03-11_09-01-42-480894/test_script.py\", line 14, in test\n    self.assertEqual(dog_age(12), 61)\nAssertionError: 74 != 61\n\n----------------------------------------------------------------------\nRan 1 test in 0.000s\n\nFAILED (failures=1)\n\nCode Test Failed\n\nInput and Expected Output Example:\nInput: 12\nExpected Output: 61\n\nConclusion: Code Test Failed",
    "SprintReview1": "[ScrumMaster]says: Here is our test Report: Test Report:\n\nTest script's output:\nF\n======================================================================\nFAIL: test (__main__.Test)\n----------------------------------------------------------------------\nTraceback (most recent call last):\n  File \"/Users/watch/PycharmProjects/XXXX-1-LLM/workspace/2024-03-11_09-01-42-480894/test_script.py\", line 14, in test\n    self.assertEqual(dog_age(12), 61)\nAssertionError: 74 != 61\n\n----------------------------------------------------------------------\nRan 1 test in 0.000s\n\nFAILED (failures=1)\n\nCode Test Failed\n\nInput and Expected Output Example:\nInput: 12\nExpected Output: 61\n\nConclusion: Code Test Failed, do you have any ideas?\n-----\n\n[Architect]says: As an Architect, I think we should review the test script and identify the root cause of the failure before making any changes to the code.\n-----\n\n[Developer]says: As a Developer, I will review the test script and debug the code to fix the discrepancy between the expected and actual outputs.\n-----\n\n[ProductOwner]says: As a Product Owner, I think we should prioritize fixing the code test failure and ensuring the expected output matches the actual output.\n-----\n\n[Architect]says: As an Architect, I think we should review the test script and identify the root cause of the failure before making any changes to the code.\n-----\n\n[ProductOwner]says: As a Product Owner, I think we should prioritize fixing the code test failure and ensuring the expected output matches the actual output.\n-----\n\n[Developer]says: As a Developer, I will review the test script and debug the code to fix the discrepancy between the expected and actual outputs.\n-----\n\n[Tester]says: As a Tester, it seems that the test script failed due to a discrepancy between the expected output and the actual output. We may need to review the code and the test data to identify and resolve the issue.\n-----\n\n[Tester]says: As a Tester, it seems that the test script failed due to a discrepancy between the expected output and the actual output. We may need to review the code and the test data to identify and resolve the issue.\n-----\n",
    "SprintReviewMeetings1": "{\n  \"product-owner\": [\"we should prioritize fixing the code test failure\", \"ensuring the expected output matches the actual output\"],\n  \"architect\": [\"review the test script\", \"identify the root cause of the failure before making any changes to the code\"],\n  \"developer\": [\"review the test script\", \"debug the code to fix the discrepancy between the expected and actual outputs\"],\n  \"tester\": [\"review the code and the test data to identify and resolve the issue\"]\n}",
    "SprintReviewMeetings1_prompt": "{\"Role\": \"You are a professional scrum master. Your goal is to summary the Discussion History into a suggestions list for the scrum team.\", \"Instruction\": \"1. Read and Understand the Discussion History. 2. Summary the suggestions from four roles: product-owner/architect/developer/tester. 3. Response in JSON format.\", \"Example\": \"{\\\"product-owner\\\":[\\\"suggestion1\\\",\\\"suggestion2\\\"],\\\"architect\\\":[\\\"suggestion1\\\",\\\"suggestion2\\\"], \\\"developer\\\":[\\\"suggestion1\\\",\\\"suggestion2\\\"], \\\"tester\\\":[\\\"suggestion1\\\",\\\"suggestion2\\\"]}\", \"Context\": \"[ScrumMaster]says: Here is our test Report: Test Report:\\n\\nTest script's output:\\nF\\n======================================================================\\nFAIL: test (__main__.Test)\\n----------------------------------------------------------------------\\nTraceback (most recent call last):\\n  File \\\"/Users/watch/PycharmProjects/XXXX-1-LLM/workspace/2024-03-11_09-01-42-480894/test_script.py\\\", line 14, in test\\n    self.assertEqual(dog_age(12), 61)\\nAssertionError: 74 != 61\\n\\n----------------------------------------------------------------------\\nRan 1 test in 0.000s\\n\\nFAILED (failures=1)\\n\\nCode Test Failed\\n\\nInput and Expected Output Example:\\nInput: 12\\nExpected Output: 61\\n\\nConclusion: Code Test Failed, do you have any ideas?\\n-----\\n\\n[Architect]says: As an Architect, I think we should review the test script and identify the root cause of the failure before making any changes to the code.\\n-----\\n\\n[Developer]says: As a Developer, I will review the test script and debug the code to fix the discrepancy between the expected and actual outputs.\\n-----\\n\\n[ProductOwner]says: As a Product Owner, I think we should prioritize fixing the code test failure and ensuring the expected output matches the actual output.\\n-----\\n\\n[Architect]says: As an Architect, I think we should review the test script and identify the root cause of the failure before making any changes to the code.\\n-----\\n\\n[ProductOwner]says: As a Product Owner, I think we should prioritize fixing the code test failure and ensuring the expected output matches the actual output.\\n-----\\n\\n[Developer]says: As a Developer, I will review the test script and debug the code to fix the discrepancy between the expected and actual outputs.\\n-----\\n\\n[Tester]says: As a Tester, it seems that the test script failed due to a discrepancy between the expected output and the actual output. We may need to review the code and the test data to identify and resolve the issue.\\n-----\\n\\n[Tester]says: As a Tester, it seems that the test script failed due to a discrepancy between the expected output and the actual output. We may need to review the code and the test data to identify and resolve the issue.\\n-----\\n\", \"Question\": \"Follow the Instruction section. The Discussion History is in the Context section. You only need to return a list as the Example section.\"}",
    "RepairResponse1": "{\n  \"revised_code\": \"def dog_age(h_age):\\n    '''Write a function to calculate a dog's age in dog's years.'''\\n    return h_age * 5\"\n}",
    "RepairResponse1_prompt": {
        "Role": "You are a professional software engineer. Your duty is to write code in Python that meets the requirements. Ensure that the code you write is efficient, readable, and follows best practices. Remember, do not need to explain the code you wrote.",
        "Instruction": "1. Rewrite a bug fix version of the original code. 2. Response in JSON format.",
        "Example": "{\"revised_code\":\"...\"}",
        "Context": "# Test Report:\nTest Report:\n\nTest script's output:\nF\n======================================================================\nFAIL: test (__main__.Test)\n----------------------------------------------------------------------\nTraceback (most recent call last):\n  File \"/Users/watch/PycharmProjects/XXXX-1-LLM/workspace/2024-03-11_09-01-42-480894/test_script.py\", line 14, in test\n    self.assertEqual(dog_age(12), 61)\nAssertionError: 74 != 61\n\n----------------------------------------------------------------------\nRan 1 test in 0.000s\n\nFAILED (failures=1)\n\nCode Test Failed\n\nInput and Expected Output Example:\nInput: 12\nExpected Output: 61\n\nConclusion: Code Test Failed# suggestions:\n{\"product-owner\": [\"we should prioritize fixing the code test failure\", \"ensuring the expected output matches the actual output\"], \"architect\": [\"review the test script\", \"identify the root cause of the failure before making any changes to the code\"], \"developer\": [\"review the test script\", \"debug the code to fix the discrepancy between the expected and actual outputs\"], \"tester\": [\"review the code and the test data to identify and resolve the issue\"]}",
        "Question": "The original code has some bugs, according to the test report and suggestions, rewrite the code. Complete the following code:\ndef dog_age(h_age):\n'''Write a function to calculate a dog's age in dog's years.\nassert dog_age(12)==61'''\n"
    },
    "Code2": "def dog_age(h_age):\n    '''Write a function to calculate a dog's age in dog's years.'''\n    return h_age * 5",
    "ScriptResult2": "F\n======================================================================\nFAIL: test (__main__.Test)\n----------------------------------------------------------------------\nTraceback (most recent call last):\n  File \"/Users/watch/PycharmProjects/XXXX-1-LLM/workspace/2024-03-11_09-01-42-480894/test_script.py\", line 8, in test\n    self.assertEqual(dog_age(12), 61)\nAssertionError: 60 != 61\n\n----------------------------------------------------------------------\nRan 1 test in 0.000s\n\nFAILED (failures=1)\n",
    "TestReport2": "Test Report:\n\nTest Script's Output:\nF\n======================================================================\nFAIL: test (__main__.Test)\n----------------------------------------------------------------------\nTraceback (most recent call last):\n  File \"/Users/watch/PycharmProjects/XXXX-1-LLM/workspace/2024-03-11_09-01-42-480894/test_script.py\", line 8, in test\n    self.assertEqual(dog_age(12), 61)\nAssertionError: 60 != 61\n\n----------------------------------------------------------------------\nRan 1 test in 0.000s\n\nFAILED (failures=1)\n\nConclusion:\nThe code has FAILED the test. The input example used was 12 years for a dog's age, and the expected output was 61. However, the actual output was 60, which does not match the expected output. \n\nCode Test FAILED\n",
    "SprintReview2": "[ScrumMaster]says: Here is our test Report: Test Report:\n\nTest Script's Output:\nF\n======================================================================\nFAIL: test (__main__.Test)\n----------------------------------------------------------------------\nTraceback (most recent call last):\n  File \"/Users/watch/PycharmProjects/XXXX-1-LLM/workspace/2024-03-11_09-01-42-480894/test_script.py\", line 8, in test\n    self.assertEqual(dog_age(12), 61)\nAssertionError: 60 != 61\n\n----------------------------------------------------------------------\nRan 1 test in 0.000s\n\nFAILED (failures=1)\n\nConclusion:\nThe code has FAILED the test. The input example used was 12 years for a dog's age, and the expected output was 61. However, the actual output was 60, which does not match the expected output. \n\nCode Test FAILED\n, do you have any ideas?\n-----\n\n[ProductOwner]says: As a Product Owner, I think we should prioritize fixing this failing test as it is crucial for the quality of our product.\n-----\n\n[Architect]says: As an Architect, I suggest reviewing the code to identify the discrepancy and make the necessary adjustments to ensure the expected output is met.\n-----\n\n[Tester]says: As a Tester, I would suggest reviewing the code to ensure that the calculation for the dog's age is correct.\n-----\n\n[Developer]says: As a Developer, I suggest we review the dog_age function to identify the issue and make the necessary adjustments to ensure the expected output matches the actual output.\n-----\n\n[Architect]says: As an Architect, I suggest reviewing the code to identify the discrepancy and make the necessary adjustments to ensure the expected output is met.\n-----\n\n[ProductOwner]says: As a Product Owner, I think we should prioritize fixing this failing test as it is crucial for the quality of our product.\n-----\n\n[Tester]says: [Tester] As a Tester, I would suggest reviewing the code to ensure that the calculation for the dog's age is correct.\n-----\n\n[Developer]says: As a Developer, I suggest we review the dog_age function to identify the issue and make the necessary adjustments to ensure the expected output matches the actual output.\n-----\n",
    "SprintReviewMeetings2": "{\n  \"product-owner\": [\"As a Product Owner, I think we should prioritize fixing this failing test as it is crucial for the quality of our product.\"],\n  \"architect\": [\"As an Architect, I suggest reviewing the code to identify the discrepancy and make the necessary adjustments to ensure the expected output is met.\"],\n  \"developer\": [\"As a Developer, I suggest we review the dog_age function to identify the issue and make the necessary adjustments to ensure the expected output matches the actual output.\"],\n  \"tester\": [\"As a Tester, I would suggest reviewing the code to ensure that the calculation for the dog's age is correct.\"]\n}",
    "SprintReviewMeetings2_prompt": "{\"Role\": \"You are a professional scrum master. Your goal is to summary the Discussion History into a suggestions list for the scrum team.\", \"Instruction\": \"1. Read and Understand the Discussion History. 2. Summary the suggestions from four roles: product-owner/architect/developer/tester. 3. Response in JSON format.\", \"Example\": \"{\\\"product-owner\\\":[\\\"suggestion1\\\",\\\"suggestion2\\\"],\\\"architect\\\":[\\\"suggestion1\\\",\\\"suggestion2\\\"], \\\"developer\\\":[\\\"suggestion1\\\",\\\"suggestion2\\\"], \\\"tester\\\":[\\\"suggestion1\\\",\\\"suggestion2\\\"]}\", \"Context\": \"[ScrumMaster]says: Here is our test Report: Test Report:\\n\\nTest Script's Output:\\nF\\n======================================================================\\nFAIL: test (__main__.Test)\\n----------------------------------------------------------------------\\nTraceback (most recent call last):\\n  File \\\"/Users/watch/PycharmProjects/XXXX-1-LLM/workspace/2024-03-11_09-01-42-480894/test_script.py\\\", line 8, in test\\n    self.assertEqual(dog_age(12), 61)\\nAssertionError: 60 != 61\\n\\n----------------------------------------------------------------------\\nRan 1 test in 0.000s\\n\\nFAILED (failures=1)\\n\\nConclusion:\\nThe code has FAILED the test. The input example used was 12 years for a dog's age, and the expected output was 61. However, the actual output was 60, which does not match the expected output. \\n\\nCode Test FAILED\\n, do you have any ideas?\\n-----\\n\\n[ProductOwner]says: As a Product Owner, I think we should prioritize fixing this failing test as it is crucial for the quality of our product.\\n-----\\n\\n[Architect]says: As an Architect, I suggest reviewing the code to identify the discrepancy and make the necessary adjustments to ensure the expected output is met.\\n-----\\n\\n[Tester]says: As a Tester, I would suggest reviewing the code to ensure that the calculation for the dog's age is correct.\\n-----\\n\\n[Developer]says: As a Developer, I suggest we review the dog_age function to identify the issue and make the necessary adjustments to ensure the expected output matches the actual output.\\n-----\\n\\n[Architect]says: As an Architect, I suggest reviewing the code to identify the discrepancy and make the necessary adjustments to ensure the expected output is met.\\n-----\\n\\n[ProductOwner]says: As a Product Owner, I think we should prioritize fixing this failing test as it is crucial for the quality of our product.\\n-----\\n\\n[Tester]says: [Tester] As a Tester, I would suggest reviewing the code to ensure that the calculation for the dog's age is correct.\\n-----\\n\\n[Developer]says: As a Developer, I suggest we review the dog_age function to identify the issue and make the necessary adjustments to ensure the expected output matches the actual output.\\n-----\\n\", \"Question\": \"Follow the Instruction section. The Discussion History is in the Context section. You only need to return a list as the Example section.\"}",
    "RepairResponse2": "{\n  \"revised_code\": \"def dog_age(h_age):\\n    return h_age * 5\"\n}",
    "RepairResponse2_prompt": {
        "Role": "You are a professional software engineer. Your duty is to write code in Python that meets the requirements. Ensure that the code you write is efficient, readable, and follows best practices. Remember, do not need to explain the code you wrote.",
        "Instruction": "1. Rewrite a bug fix version of the original code. 2. Response in JSON format.",
        "Example": "{\"revised_code\":\"...\"}",
        "Context": "# Test Report:\nTest Report:\n\nTest Script's Output:\nF\n======================================================================\nFAIL: test (__main__.Test)\n----------------------------------------------------------------------\nTraceback (most recent call last):\n  File \"/Users/watch/PycharmProjects/XXXX-1-LLM/workspace/2024-03-11_09-01-42-480894/test_script.py\", line 8, in test\n    self.assertEqual(dog_age(12), 61)\nAssertionError: 60 != 61\n\n----------------------------------------------------------------------\nRan 1 test in 0.000s\n\nFAILED (failures=1)\n\nConclusion:\nThe code has FAILED the test. The input example used was 12 years for a dog's age, and the expected output was 61. However, the actual output was 60, which does not match the expected output. \n\nCode Test FAILED\n# suggestions:\n{\"product-owner\": [\"As a Product Owner, I think we should prioritize fixing this failing test as it is crucial for the quality of our product.\"], \"architect\": [\"As an Architect, I suggest reviewing the code to identify the discrepancy and make the necessary adjustments to ensure the expected output is met.\"], \"developer\": [\"As a Developer, I suggest we review the dog_age function to identify the issue and make the necessary adjustments to ensure the expected output matches the actual output.\"], \"tester\": [\"As a Tester, I would suggest reviewing the code to ensure that the calculation for the dog's age is correct.\"]}",
        "Question": "The original code has some bugs, according to the test report and suggestions, rewrite the code. Complete the following code:\ndef dog_age(h_age):\n'''Write a function to calculate a dog's age in dog's years.\nassert dog_age(12)==61'''\n"
    },
    "Code3": "def dog_age(h_age):\n    return h_age * 5",
    "ScriptResult3": "F\n======================================================================\nFAIL: test (__main__.Test)\n----------------------------------------------------------------------\nTraceback (most recent call last):\n  File \"/Users/watch/PycharmProjects/XXXX-1-LLM/workspace/2024-03-11_09-01-42-480894/test_script.py\", line 7, in test\n    self.assertEqual(dog_age(12), 61)\nAssertionError: 60 != 61\n\n----------------------------------------------------------------------\nRan 1 test in 0.000s\n\nFAILED (failures=1)\n",
    "TestReport3": "Test Report:\n\nTest script's output:\nF\n======================================================================\nFAIL: test (__main__.Test)\n----------------------------------------------------------------------\nTraceback (most recent call last):\n  File \"/Users/watch/PycharmProjects/XXXX-1-LLM/workspace/2024-03-11_09-01-42-480894/test_script.py\", line 7, in test\n    self.assertEqual(dog_age(12), 61)\nAssertionError: 60 != 61\n\n----------------------------------------------------------------------\nRan 1 test in 0.000s\n\nFAILED (failures=1)\n\nConclusion: Code Test Failed\n\nInput and expected output example:\ndef dog_age(h_age):\n    return h_age * 5\n\nInput: 12\nExpected Output: 61\n\nActual Output: 60\n\nBased on the test script's output, the code has failed the test. The expected output for the input of 12 was 61, but the actual output was 60. Therefore, the code test has failed."
}