{
    "start_time": "2024-01-30_13-01-27-761413",
    "task": "def max_sum_increasing_subseq(a, n, index, k):\n'''Write a function to find the maximum sum of increasing subsequence from prefix until ith index and also including a given kth element which is after i, i.e., k > i .\nassert max_sum_increasing_subseq([1, 101, 2, 3, 100, 4, 5 ], 7, 4, 6) == 11'''\n",
    "datetime": {
        "task": "2024-01-30 13:01:27",
        "task-id": "2024-01-30 13:01:27",
        "workflow": "2024-01-30 13:01:27",
        "Original PRD": "2024-01-30 13:01:36",
        "PRD Review": "2024-01-30 13:01:40",
        "Final PRD": "2024-01-30 13:01:50",
        "Original_architect_design": "2024-01-30 13:01:58",
        "Design Review": "2024-01-30 13:02:00",
        "Final Design": "2024-01-30 13:02:10",
        "Code0Draft": "2024-01-30 13:02:16",
        "Code Review": "2024-01-30 13:02:18",
        "Code0Revise": "2024-01-30 13:02:20",
        "Test Cases": "2024-01-30 13:02:22",
        "Test Cases Review": "2024-01-30 13:02:25",
        "Final Test Cases": "2024-01-30 13:02:30",
        "Code0": "2024-01-30 13:02:35",
        "TestScriptOriginal": "2024-01-30 13:02:37",
        "TestScript": "2024-01-30 13:02:37",
        "ScriptResult0": "2024-01-30 13:02:37",
        "TestReport0": "2024-01-30 13:02:43",
        "RepairResponse1": "2024-01-30 13:02:55",
        "Code1": "2024-01-30 13:02:55",
        "ScriptResult1": "2024-01-30 13:02:55",
        "TestReport1": "2024-01-30 13:03:04",
        "RepairResponse2": "2024-01-30 13:03:18",
        "Code2": "2024-01-30 13:03:18",
        "ScriptResult2": "2024-01-30 13:03:18",
        "TestReport2": "2024-01-30 13:03:27",
        "FinalCode": "2024-01-30 13:03:27"
    },
    "task-id": 306,
    "workflow": "waterfall/waterfall_version_0.0.4.json",
    "Original PRD": "{\n  \"ProductRequirementDocument\": {\n    \"Title\": \"Maximum Sum Increasing Subsequence Function\",\n    \"Description\": \"The goal is to create a function that finds the maximum sum of an increasing subsequence from the prefix until the ith index, including a specified kth element that comes after i.\",\n    \"Inputs\": {\n      \"a\": \"The input array of integers\",\n      \"n\": \"The length of the input array\",\n      \"index\": \"The index until which the maximum sum of increasing subsequence needs to be calculated\",\n      \"k\": \"The specified element that needs to be included in the subsequence\"\n    },\n    \"Outputs\": {\n      \"maxSum\": \"The maximum sum of the increasing subsequence\"\n    },\n    \"Constraints\": \"The function needs to handle the case where the specified kth element is greater than i, i.e., k > i\",\n    \"Example\": \"max_sum_increasing_subseq([1, 101, 2, 3, 100, 4, 5], 7, 4, 6) == 11\"\n  }\n}",
    "Original PRD_prompt": "{\"Role\": \"You need to act as a professional product owner. Your task is to write a Product Requirement Document\", \"Instruction\": \"According to the Context, please analyze the requirement and write your response. Response in JSON format. Your response should be high-level, rather than providing implementation details.\", \"Example\": \"\", \"Context\": \"\", \"Question\": \"Follow the Instruction. The requirement is as follows:\\ndef max_sum_increasing_subseq(a, n, index, k):\\n'''Write a function to find the maximum sum of increasing subsequence from prefix until ith index and also including a given kth element which is after i, i.e., k > i .\\nassert max_sum_increasing_subseq([1, 101, 2, 3, 100, 4, 5 ], 7, 4, 6) == 11'''\\n\"}",
    "PRD Review": "{\n  \"Architect\": \"The function description is clear and detailed. It would be helpful to include the expected time and space complexity of the function to guide the implementation. Additionally, consider adding some examples of edge cases for testing, such as an empty input array or a negative k value.\",\n  \"Tester\": \"The example provided is helpful for testing the function. However, it would be beneficial to have additional test cases with different input arrays and k values to ensure the function handles various scenarios correctly.\"\n}",
    "Final PRD": "{\n  \"ProductRequirementDocument\": {\n    \"Title\": \"Maximum Sum Increasing Subsequence Function\",\n    \"Description\": \"The goal is to create a function that finds the maximum sum of an increasing subsequence from the prefix until the ith index, including a specified kth element that comes after i. It would be helpful to include the expected time and space complexity of the function to guide the implementation. Additionally, consider adding some examples of edge cases for testing, such as an empty input array or a negative k value.\",\n    \"Inputs\": {\n      \"a\": \"The input array of integers\",\n      \"n\": \"The length of the input array\",\n      \"index\": \"The index until which the maximum sum of increasing subsequence needs to be calculated\",\n      \"k\": \"The specified element that needs to be included in the subsequence\"\n    },\n    \"Outputs\": {\n      \"maxSum\": \"The maximum sum of the increasing subsequence\"\n    },\n    \"Constraints\": \"The function needs to handle the case where the specified kth element is greater than i, i.e., k > i\",\n    \"Example\": \"max_sum_increasing_subseq([1, 101, 2, 3, 100, 4, 5], 7, 4, 6) == 11. It would be beneficial to have additional test cases with different input arrays and k values to ensure the function handles various scenarios correctly.\"\n  }\n}",
    "Final PRD_prompt": {
        "Role": "You need to act as a professional product owner. Your duty is to revise the document based on the suggestions.",
        "Instruction": "1. Read the suggestions. 2. Revise your draft version document. 3. Response in JSON format. 4. REMEMBER: Your analysis should be high-level, rather than providing implementation details.",
        "Example": "",
        "Context": "# Suggestion:\n{\n  \"Architect\": \"The function description is clear and detailed. It would be helpful to include the expected time and space complexity of the function to guide the implementation. Additionally, consider adding some examples of edge cases for testing, such as an empty input array or a negative k value.\",\n  \"Tester\": \"The example provided is helpful for testing the function. However, it would be beneficial to have additional test cases with different input arrays and k values to ensure the function handles various scenarios correctly.\"\n}",
        "Question": "Follow the Instruction. Your colleague give you some suggestions(in the Context section) about this draft document:{\n  \"ProductRequirementDocument\": {\n    \"Title\": \"Maximum Sum Increasing Subsequence Function\",\n    \"Description\": \"The goal is to create a function that finds the maximum sum of an increasing subsequence from the prefix until the ith index, including a specified kth element that comes after i.\",\n    \"Inputs\": {\n      \"a\": \"The input array of integers\",\n      \"n\": \"The length of the input array\",\n      \"index\": \"The index until which the maximum sum of increasing subsequence needs to be calculated\",\n      \"k\": \"The specified element that needs to be included in the subsequence\"\n    },\n    \"Outputs\": {\n      \"maxSum\": \"The maximum sum of the increasing subsequence\"\n    },\n    \"Constraints\": \"The function needs to handle the case where the specified kth element is greater than i, i.e., k > i\",\n    \"Example\": \"max_sum_increasing_subseq([1, 101, 2, 3, 100, 4, 5], 7, 4, 6) == 11\"\n  }\n}"
    },
    "Original_architect_design": "Design:\n\n```python\ndef max_sum_increasing_subseq(a, n, index, k):\n    '''\n    Write a function to find the maximum sum of increasing subsequence from prefix until ith index and also including a given kth element which is after i, i.e., k > i.\n    '''\n    # Implementation details and algorithm design should be provided here\n    pass\n```\n\nThe design provides a high-level overview of the function `max_sum_increasing_subseq`. It guides the developer in writing the code by specifying the function signature and the purpose of the function. The implementation details and algorithm design are left for the developer to fill in. The design also includes a sample assertion to guide the testing of the function.",
    "Original_architect_design_prompt": "{\"Role\": \"You need to act as a professional architect.\", \"Instruction\": \"According to the Context, please write your design. Your design should be high-level and focused on guiding the developer in writing code, rather than providing implementation details.\", \"Example\": \"\", \"Context\": \"# Product Requirement Document:\\n{\\n  \\\"ProductRequirementDocument\\\": {\\n    \\\"Title\\\": \\\"Maximum Sum Increasing Subsequence Function\\\",\\n    \\\"Description\\\": \\\"The goal is to create a function that finds the maximum sum of an increasing subsequence from the prefix until the ith index, including a specified kth element that comes after i. It would be helpful to include the expected time and space complexity of the function to guide the implementation. Additionally, consider adding some examples of edge cases for testing, such as an empty input array or a negative k value.\\\",\\n    \\\"Inputs\\\": {\\n      \\\"a\\\": \\\"The input array of integers\\\",\\n      \\\"n\\\": \\\"The length of the input array\\\",\\n      \\\"index\\\": \\\"The index until which the maximum sum of increasing subsequence needs to be calculated\\\",\\n      \\\"k\\\": \\\"The specified element that needs to be included in the subsequence\\\"\\n    },\\n    \\\"Outputs\\\": {\\n      \\\"maxSum\\\": \\\"The maximum sum of the increasing subsequence\\\"\\n    },\\n    \\\"Constraints\\\": \\\"The function needs to handle the case where the specified kth element is greater than i, i.e., k > i\\\",\\n    \\\"Example\\\": \\\"max_sum_increasing_subseq([1, 101, 2, 3, 100, 4, 5], 7, 4, 6) == 11. It would be beneficial to have additional test cases with different input arrays and k values to ensure the function handles various scenarios correctly.\\\"\\n  }\\n}\", \"Question\": \"Follow the Instruction. Write your design for this requirement:\\ndef max_sum_increasing_subseq(a, n, index, k):\\n'''Write a function to find the maximum sum of increasing subsequence from prefix until ith index and also including a given kth element which is after i, i.e., k > i .\\nassert max_sum_increasing_subseq([1, 101, 2, 3, 100, 4, 5 ], 7, 4, 6) == 11'''\\n\"}",
    "Design Review": "{\n  \"Developer\": \"Provide more detailed explanation about the expected input parameters and their data types. Also, include some examples of input and output to clarify the expected behavior of the function.\",\n  \"Tester\": \"Validate the function with various test cases including different input sizes, edge cases, and invalid inputs. Also, ensure that the function handles the given kth element properly.\"\n}",
    "Design Review_prompt": "{\"Role\": \"I want you to act as a different roles and then give some suggestions about how to revise the design.\", \"Instruction\": \"1. Read the Context section. 2. Act as an Developer, give your suggestions. 3. Act as a tester, give your suggestions. 4. Response in JSON format.\", \"Example\": \"{\\\"Developer\\\":\\\"Suggestion\\\",\\\"Tester\\\":\\\"Suggestion\\\"}\", \"Context\": \"Design:\\n\\n```python\\ndef max_sum_increasing_subseq(a, n, index, k):\\n    '''\\n    Write a function to find the maximum sum of increasing subsequence from prefix until ith index and also including a given kth element which is after i, i.e., k > i.\\n    '''\\n    # Implementation details and algorithm design should be provided here\\n    pass\\n```\\n\\nThe design provides a high-level overview of the function `max_sum_increasing_subseq`. It guides the developer in writing the code by specifying the function signature and the purpose of the function. The implementation details and algorithm design are left for the developer to fill in. The design also includes a sample assertion to guide the testing of the function.\", \"Question\": \"Follow the Instruction. The Context section include the design.\"}",
    "Final Design": "New Design:\n\n```python\ndef max_sum_increasing_subseq(arr, n, i, k):\n    '''\n    Write a function to find the maximum sum of an increasing subsequence from the prefix until the ith index, including the given kth element (where k > i).\n    \n    Parameters:\n    arr: list of integers - input array\n    n: integer - length of the input array\n    i: integer - index of the subsequence\n    k: integer - index of the kth element\n    \n    Returns:\n    integer - maximum sum of the increasing subsequence\n    \n    Example:\n    max_sum_increasing_subseq([1, 3, 2, 4, 6, 5, 8], 7, 2, 5) -> 14\n    '''\n    # Implementation details and algorithm design\n    # ...\n    pass\n```\n\nChanges Made:\n1. Renamed the input parameter `a` to `arr` for better readability.\n2. Added detailed explanation of the expected input parameters and their data types.\n3. Included an example of input and expected output to clarify the behavior of the function.\n4. Updated the function signature to provide more clarity on the purpose of the function.\n5. Provided a more descriptive docstring for the function.",
    "Final Design_prompt": "{\"Role\": \"I want you to act as a professional architect. Your duty is to write a new design based on the suggestions.\", \"Instruction\": \"1. Read the suggestions. 2. Write your new design base on the draft version. 3. Only response your new design.\", \"Example\": \"\", \"Context\": \"# Suggestions:\\n{\\n  \\\"Developer\\\": \\\"Provide more detailed explanation about the expected input parameters and their data types. Also, include some examples of input and output to clarify the expected behavior of the function.\\\",\\n  \\\"Tester\\\": \\\"Validate the function with various test cases including different input sizes, edge cases, and invalid inputs. Also, ensure that the function handles the given kth element properly.\\\"\\n}\", \"Question\": \"Follow the Instruction. Your colleague give you some suggestions(in the Context section) about this draft version design:Design:\\n\\n```python\\ndef max_sum_increasing_subseq(a, n, index, k):\\n    '''\\n    Write a function to find the maximum sum of increasing subsequence from prefix until ith index and also including a given kth element which is after i, i.e., k > i.\\n    '''\\n    # Implementation details and algorithm design should be provided here\\n    pass\\n```\\n\\nThe design provides a high-level overview of the function `max_sum_increasing_subseq`. It guides the developer in writing the code by specifying the function signature and the purpose of the function. The implementation details and algorithm design are left for the developer to fill in. The design also includes a sample assertion to guide the testing of the function.\"}",
    "Code0Draft": "def max_sum_increasing_subseq(arr, n, i, k):\n    '''Write a function to find the maximum sum of an increasing subsequence from the prefix until the ith index, including the given kth element (where k > i).\n    \n    Parameters:\n    arr: list of integers - input array\n    n: integer - length of the input array\n    i: integer - index of the subsequence\n    k: integer - index of the kth element\n    \n    Returns:\n    integer - maximum sum of the increasing subsequence\n    \n    Example:\n    max_sum_increasing_subseq([1, 3, 2, 4, 6, 5, 8], 7, 2, 5) -> 14\n    assert max_sum_increasing_subseq([1, 101, 2, 3, 100, 4, 5 ], 7, 4, 6) == 11\n    '''\n    # Your code here\n    pass",
    "Code0Draft_prompt": "{\"Role\": \"You are a professional engineer. Your duty is to write code in Python that meets the requirements. Ensure that the code you write is efficient, readable, and follows best practices. Remember, do not need to explain the code you wrote.\", \"Instruction\": \"According to the Context section, write your code.\", \"Example\": \"\", \"Context\": \"# Design:\\nNew Design:\\n\\n```python\\ndef max_sum_increasing_subseq(arr, n, i, k):\\n    '''\\n    Write a function to find the maximum sum of an increasing subsequence from the prefix until the ith index, including the given kth element (where k > i).\\n    \\n    Parameters:\\n    arr: list of integers - input array\\n    n: integer - length of the input array\\n    i: integer - index of the subsequence\\n    k: integer - index of the kth element\\n    \\n    Returns:\\n    integer - maximum sum of the increasing subsequence\\n    \\n    Example:\\n    max_sum_increasing_subseq([1, 3, 2, 4, 6, 5, 8], 7, 2, 5) -> 14\\n    '''\\n    # Implementation details and algorithm design\\n    # ...\\n    pass\\n```\\n\\nChanges Made:\\n1. Renamed the input parameter `a` to `arr` for better readability.\\n2. Added detailed explanation of the expected input parameters and their data types.\\n3. Included an example of input and expected output to clarify the behavior of the function.\\n4. Updated the function signature to provide more clarity on the purpose of the function.\\n5. Provided a more descriptive docstring for the function.\", \"Question\": \"Follow the Instruction section. Complete the following code:\\ndef max_sum_increasing_subseq(a, n, index, k):\\n'''Write a function to find the maximum sum of increasing subsequence from prefix until ith index and also including a given kth element which is after i, i.e., k > i .\\nassert max_sum_increasing_subseq([1, 101, 2, 3, 100, 4, 5 ], 7, 4, 6) == 11'''\\n\"}",
    "Code Review": "{\n  \"Architect\": \"1. The function should have proper variable names for better readability. 2. It should handle edge cases such as empty array input or negative integers. 3. Consider using dynamic programming to optimize the solution.\",\n  \"Tester\": \"1. Test the function with different input arrays of varying lengths. 2. Test with negative integers in the array. 3. Verify if the function returns the correct output for the given input and example.\"\n}",
    "Code Review_prompt": "{\"Role\": \"I want you to act as a different roles and then give some suggestions about how to revise the code.\", \"Instruction\": \"1. Read the Context section. 2. Act as an architect, give your suggestions. 3. Act as a tester, give your suggestions. 4. Response in JSON format.\", \"Example\": \"{\\\"Architect\\\":\\\"Suggestion\\\",\\\"Tester\\\":\\\"Suggestion\\\"}\", \"Context\": \"def max_sum_increasing_subseq(arr, n, i, k):\\n    '''Write a function to find the maximum sum of an increasing subsequence from the prefix until the ith index, including the given kth element (where k > i).\\n    \\n    Parameters:\\n    arr: list of integers - input array\\n    n: integer - length of the input array\\n    i: integer - index of the subsequence\\n    k: integer - index of the kth element\\n    \\n    Returns:\\n    integer - maximum sum of the increasing subsequence\\n    \\n    Example:\\n    max_sum_increasing_subseq([1, 3, 2, 4, 6, 5, 8], 7, 2, 5) -> 14\\n    assert max_sum_increasing_subseq([1, 101, 2, 3, 100, 4, 5 ], 7, 4, 6) == 11\\n    '''\\n    # Your code here\\n    pass\", \"Question\": \"Follow the Instruction. The Context section include the code.\"}",
    "Code0Revise": "def max_sum_increasing_subseq(arr, n, i, k):\n    if n == 0:\n        return 0\n    \n    dp = [0] * n\n    dp[i] = arr[i]\n\n    for j in range(i+1, k+1):\n        for l in range(i, j):\n            if arr[j] > arr[l]:\n                dp[j] = max(dp[j], dp[l] + arr[j])\n\n    return max(dp)",
    "Code0Revise_prompt": "{\"Role\": \"You are a professional software engineer. Your duty is to write code in Python that meets the requirements. Ensure that the code you write is efficient, readable, and follows best practices. Remember, do not need to explain the code you wrote.\", \"Instruction\": \"1. Understand the suggestions(in the Context section) about the original code. 2. Rewrite your code.\", \"Example\": \"\", \"Context\": \"# Original Code:\\ndef max_sum_increasing_subseq(arr, n, i, k):\\n    '''Write a function to find the maximum sum of an increasing subsequence from the prefix until the ith index, including the given kth element (where k > i).\\n    \\n    Parameters:\\n    arr: list of integers - input array\\n    n: integer - length of the input array\\n    i: integer - index of the subsequence\\n    k: integer - index of the kth element\\n    \\n    Returns:\\n    integer - maximum sum of the increasing subsequence\\n    \\n    Example:\\n    max_sum_increasing_subseq([1, 3, 2, 4, 6, 5, 8], 7, 2, 5) -> 14\\n    assert max_sum_increasing_subseq([1, 101, 2, 3, 100, 4, 5 ], 7, 4, 6) == 11\\n    '''\\n    # Your code here\\n    pass\\n# Advices:\\n\\\"{\\\\n  \\\\\\\"Architect\\\\\\\": \\\\\\\"1. The function should have proper variable names for better readability. 2. It should handle edge cases such as empty array input or negative integers. 3. Consider using dynamic programming to optimize the solution.\\\\\\\",\\\\n  \\\\\\\"Tester\\\\\\\": \\\\\\\"1. Test the function with different input arrays of varying lengths. 2. Test with negative integers in the array. 3. Verify if the function returns the correct output for the given input and example.\\\\\\\"\\\\n}\\\"\", \"Question\": \"Follow the Instruction section. Complete the following code:\\n\"}",
    "Test Cases": "{\n  \"requirement analysis\": \"Function should find the maximum sum of an increasing subsequence from the prefix until the ith index, including the specified kth element that comes after i\",\n  \"test_cases\": [\n    {\n      \"Test Title\": \"Valid Input Case\",\n      \"Input Data\": \"arr=[1, 101, 2, 3, 100, 4, 5], n=7, i=4, k=6\",\n      \"Expected Output\": \"11\"\n    }\n  ]\n}",
    "Test Cases_prompt": "{\"Role\": \"You are a quality assurance engineer. Your duty is to design test cases for the developers.\", \"Instruction\": \"According to the Context section, write test cases. Don't write long strings in your test cases. Response in JSON format.\", \"Example\": \"{\\\"requirement analysis\\\":\\\"analysis\\\",\\\"test_cases\\\":[{\\\"Test Title\\\":\\\"title\\\", \\\"Input Data\\\":\\\"parameter1=[1,2,3],parameter2='123'\\\", \\\"Expected Output\\\":\\\"456\\\"},]}\", \"Context\": \"# ProductRequirementDocument:\\n{\\n  \\\"ProductRequirementDocument\\\": {\\n    \\\"Title\\\": \\\"Maximum Sum Increasing Subsequence Function\\\",\\n    \\\"Description\\\": \\\"The goal is to create a function that finds the maximum sum of an increasing subsequence from the prefix until the ith index, including a specified kth element that comes after i. It would be helpful to include the expected time and space complexity of the function to guide the implementation. Additionally, consider adding some examples of edge cases for testing, such as an empty input array or a negative k value.\\\",\\n    \\\"Inputs\\\": {\\n      \\\"a\\\": \\\"The input array of integers\\\",\\n      \\\"n\\\": \\\"The length of the input array\\\",\\n      \\\"index\\\": \\\"The index until which the maximum sum of increasing subsequence needs to be calculated\\\",\\n      \\\"k\\\": \\\"The specified element that needs to be included in the subsequence\\\"\\n    },\\n    \\\"Outputs\\\": {\\n      \\\"maxSum\\\": \\\"The maximum sum of the increasing subsequence\\\"\\n    },\\n    \\\"Constraints\\\": \\\"The function needs to handle the case where the specified kth element is greater than i, i.e., k > i\\\",\\n    \\\"Example\\\": \\\"max_sum_increasing_subseq([1, 101, 2, 3, 100, 4, 5], 7, 4, 6) == 11. It would be beneficial to have additional test cases with different input arrays and k values to ensure the function handles various scenarios correctly.\\\"\\n  }\\n}\\n# Design:\\nNew Design:\\n\\n```python\\ndef max_sum_increasing_subseq(arr, n, i, k):\\n    '''\\n    Write a function to find the maximum sum of an increasing subsequence from the prefix until the ith index, including the given kth element (where k > i).\\n    \\n    Parameters:\\n    arr: list of integers - input array\\n    n: integer - length of the input array\\n    i: integer - index of the subsequence\\n    k: integer - index of the kth element\\n    \\n    Returns:\\n    integer - maximum sum of the increasing subsequence\\n    \\n    Example:\\n    max_sum_increasing_subseq([1, 3, 2, 4, 6, 5, 8], 7, 2, 5) -> 14\\n    '''\\n    # Implementation details and algorithm design\\n    # ...\\n    pass\\n```\\n\\nChanges Made:\\n1. Renamed the input parameter `a` to `arr` for better readability.\\n2. Added detailed explanation of the expected input parameters and their data types.\\n3. Included an example of input and expected output to clarify the behavior of the function.\\n4. Updated the function signature to provide more clarity on the purpose of the function.\\n5. Provided a more descriptive docstring for the function.\", \"Question\": \"def max_sum_increasing_subseq(a, n, index, k):\\n'''Write a function to find the maximum sum of increasing subsequence from prefix until ith index and also including a given kth element which is after i, i.e., k > i .\\nassert max_sum_increasing_subseq([1, 101, 2, 3, 100, 4, 5 ], 7, 4, 6) == 11'''\\n\"}",
    "Test Cases Review": "{\n  \"Architect\": \"As an architect, I would suggest adding more test cases to cover different scenarios, such as negative input, zero input, and edge cases. It is also important to have test cases that cover the maximum and minimum possible values for the input parameters.\",\n  \"Developer\": \"As a developer, I would suggest revising the test data to include a wider range of input values for the array 'arr', 'n', 'i', and 'k' parameters. The test cases should cover both the upper and lower bounds of the input parameters to ensure the function is robust and can handle various input scenarios.\"\n}",
    "Test Cases Review_prompt": "{\"Role\": \"I want you to act as a different roles and then give some suggestions about how to revise the test cases.\", \"Instruction\": \"1. Read the Context section. 2. Act as an Architect, give your suggestions. 3. Act as a Developer, give your suggestions. 4. Response in JSON format.\", \"Example\": \"{\\\"Architect\\\":\\\"Suggestion\\\",\\\"Developer\\\":\\\"Suggestion\\\"}\", \"Context\": \"{\\n  \\\"requirement analysis\\\": \\\"Function should find the maximum sum of an increasing subsequence from the prefix until the ith index, including the specified kth element that comes after i\\\",\\n  \\\"test_cases\\\": [\\n    {\\n      \\\"Test Title\\\": \\\"Valid Input Case\\\",\\n      \\\"Input Data\\\": \\\"arr=[1, 101, 2, 3, 100, 4, 5], n=7, i=4, k=6\\\",\\n      \\\"Expected Output\\\": \\\"11\\\"\\n    }\\n  ]\\n}\", \"Question\": \"Follow the Instruction. The Context section include the test cases.\"}",
    "Final Test Cases": "{\n  \"requirement analysis\": \"Function should find the maximum sum of an increasing subsequence from the prefix until the ith index, including the specified kth element that comes after i\",\n  \"test_cases\": [\n    {\n      \"Test Title\": \"Valid Input Case\",\n      \"Input Data\": \"arr=[1, 101, 2, 3, 100, 4, 5], n=7, i=4, k=6\",\n      \"Expected Output\": \"11\"\n    },\n    {\n      \"Test Title\": \"Negative Input Case\",\n      \"Input Data\": \"arr=[-1, -101, -2, -3, -100, -4, -5], n=7, i=4, k=6\",\n      \"Expected Output\": \"0\"\n    },\n    {\n      \"Test Title\": \"Zero Input Case\",\n      \"Input Data\": \"arr=[0, 0, 0, 0, 0, 0, 0], n=7, i=4, k=6\",\n      \"Expected Output\": \"0\"\n    },\n    {\n      \"Test Title\": \"Maximum Value Case\",\n      \"Input Data\": \"arr=[1000000, 1000000, 1000000, 1000000, 1000000, 1000000, 1000000], n=7, i=4, k=6\",\n      \"Expected Output\": \"4000000\"\n    },\n    {\n      \"Test Title\": \"Minimum Value Case\",\n      \"Input Data\": \"arr=[-1000000, -1000000, -1000000, -1000000, -1000000, -1000000, -1000000], n=7, i=4, k=6\",\n      \"Expected Output\": \"0\"\n    }\n  ]\n}",
    "Final Test Cases_prompt": "{\"Role\": \"You are a quality assurance engineer. Your duty is to revise the test cases based on the suggestions.\", \"Instruction\": \"1. Your colleague give you some suggestions(in the Context section) about the draft test cases, read these suggestions. 2. Revise your draft version test cases, but don't use long parameters. 3. Response in JSON format.\", \"Example\": \"{\\\"requirement analysis\\\":\\\"analysis\\\",\\\"test_cases\\\":[{\\\"Test Title\\\":\\\"title\\\", \\\"Input Data\\\":\\\"parameter1=[1,2,3],parameter2='123'\\\", \\\"Expected Output\\\":\\\"456\\\"},]}\", \"Context\": \"# Suggestions:\\n{\\n  \\\"Architect\\\": \\\"As an architect, I would suggest adding more test cases to cover different scenarios, such as negative input, zero input, and edge cases. It is also important to have test cases that cover the maximum and minimum possible values for the input parameters.\\\",\\n  \\\"Developer\\\": \\\"As a developer, I would suggest revising the test data to include a wider range of input values for the array 'arr', 'n', 'i', and 'k' parameters. The test cases should cover both the upper and lower bounds of the input parameters to ensure the function is robust and can handle various input scenarios.\\\"\\n}\\n # Draft Test cases:\\n{\\n  \\\"requirement analysis\\\": \\\"Function should find the maximum sum of an increasing subsequence from the prefix until the ith index, including the specified kth element that comes after i\\\",\\n  \\\"test_cases\\\": [\\n    {\\n      \\\"Test Title\\\": \\\"Valid Input Case\\\",\\n      \\\"Input Data\\\": \\\"arr=[1, 101, 2, 3, 100, 4, 5], n=7, i=4, k=6\\\",\\n      \\\"Expected Output\\\": \\\"11\\\"\\n    }\\n  ]\\n}\", \"Question\": \"Follow the Instruction. Please make sure your response length are less than 512. Your test cases is for the below question:\\ndef max_sum_increasing_subseq(a, n, index, k):\\n'''Write a function to find the maximum sum of increasing subsequence from prefix until ith index and also including a given kth element which is after i, i.e., k > i .\\nassert max_sum_increasing_subseq([1, 101, 2, 3, 100, 4, 5 ], 7, 4, 6) == 11'''\\n\"}",
    "Code0": "def max_sum_increasing_subseq(arr, n, index, k):\n    if n == 0:\n        return 0\n    \n    dp = [0] * n\n    dp[index] = arr[index]\n\n    for j in range(index+1, k+1):\n        for l in range(index, j):\n            if arr[j] > arr[l]:\n                dp[j] = max(dp[j], dp[l] + arr[j])\n\n    return max(dp)",
    "Code0_prompt": "{\"Role\": \"You are a professional software engineer. Your duty is to write code in Python that meets the requirements. Ensure that the code you write is efficient, readable, and follows best practices. Remember, do not need to explain the code you wrote.\", \"Instruction\": \"1. Understand the test cases(in the Context section) about the original code. 2. Rewrite your code, make sure your code pass all test cases.\", \"Example\": \"\", \"Context\": \"# Original Code:\\ndef max_sum_increasing_subseq(arr, n, i, k):\\n    if n == 0:\\n        return 0\\n    \\n    dp = [0] * n\\n    dp[i] = arr[i]\\n\\n    for j in range(i+1, k+1):\\n        for l in range(i, j):\\n            if arr[j] > arr[l]:\\n                dp[j] = max(dp[j], dp[l] + arr[j])\\n\\n    return max(dp)\\n# Test Cases:\\n{\\n  \\\"requirement analysis\\\": \\\"Function should find the maximum sum of an increasing subsequence from the prefix until the ith index, including the specified kth element that comes after i\\\",\\n  \\\"test_cases\\\": [\\n    {\\n      \\\"Test Title\\\": \\\"Valid Input Case\\\",\\n      \\\"Input Data\\\": \\\"arr=[1, 101, 2, 3, 100, 4, 5], n=7, i=4, k=6\\\",\\n      \\\"Expected Output\\\": \\\"11\\\"\\n    },\\n    {\\n      \\\"Test Title\\\": \\\"Negative Input Case\\\",\\n      \\\"Input Data\\\": \\\"arr=[-1, -101, -2, -3, -100, -4, -5], n=7, i=4, k=6\\\",\\n      \\\"Expected Output\\\": \\\"0\\\"\\n    },\\n    {\\n      \\\"Test Title\\\": \\\"Zero Input Case\\\",\\n      \\\"Input Data\\\": \\\"arr=[0, 0, 0, 0, 0, 0, 0], n=7, i=4, k=6\\\",\\n      \\\"Expected Output\\\": \\\"0\\\"\\n    },\\n    {\\n      \\\"Test Title\\\": \\\"Maximum Value Case\\\",\\n      \\\"Input Data\\\": \\\"arr=[1000000, 1000000, 1000000, 1000000, 1000000, 1000000, 1000000], n=7, i=4, k=6\\\",\\n      \\\"Expected Output\\\": \\\"4000000\\\"\\n    },\\n    {\\n      \\\"Test Title\\\": \\\"Minimum Value Case\\\",\\n      \\\"Input Data\\\": \\\"arr=[-1000000, -1000000, -1000000, -1000000, -1000000, -1000000, -1000000], n=7, i=4, k=6\\\",\\n      \\\"Expected Output\\\": \\\"0\\\"\\n    }\\n  ]\\n}\", \"Question\": \"def max_sum_increasing_subseq(a, n, index, k):\\n'''Write a function to find the maximum sum of increasing subsequence from prefix until ith index and also including a given kth element which is after i, i.e., k > i .\\nassert max_sum_increasing_subseq([1, 101, 2, 3, 100, 4, 5 ], 7, 4, 6) == 11'''\\n\"}",
    "TestScriptOriginal": "import unittest\n\ndef max_sum_increasing_subseq(a, n, index, k):\n    max_sum = 0\n    \n    for i in range(index):\n        if a[i] < a[k] and a[i] > max_sum:\n            max_sum = a[i]\n    \n    return max_sum + a[k]\n\nclass Test(unittest.TestCase):\n    def test(self):\n        self.assertEqual(max_sum_increasing_subseq([1, 101, 2, 3, 100, 4, 5 ], 7, 4, 6), 11)\n\nif __name__ == '__main__':\n    unittest.main()",
    "TestScriptOriginal_prompt": "{\"Role\": \"You are a quality assurance engineer. Your duty is to write a python test script in unittest framework.\", \"Instruction\": \"1. Write a python test script. 2. Use the input and output given by the question.\", \"Example\": \"import unittest\\n\\nclass Test(unittest.TestCase):\\n    def test(self):\\n        self.assertEqual(function_under_test('a'), 1)\\n\\nif __name__ == '__main__':\\n    unittest.main()\", \"Context\": \"\", \"Question\": \"def max_sum_increasing_subseq(a, n, index, k):\\n'''Write a function to find the maximum sum of increasing subsequence from prefix until ith index and also including a given kth element which is after i, i.e., k > i .\\nassert max_sum_increasing_subseq([1, 101, 2, 3, 100, 4, 5 ], 7, 4, 6) == 11'''\\n\"}",
    "TestScript": "import unittest\n\nclass Test(unittest.TestCase):\n    def test(self):\n        self.assertEqual(max_sum_increasing_subseq([1, 101, 2, 3, 100, 4, 5 ], 7, 4, 6), 11)\n\nif __name__ == '__main__':\n    unittest.main()",
    "TestScript_prompt": "{\"Role\": \"You are a quality assurance engineer. Your duty is to write a python test script in unittest framework.\", \"Instruction\": \"1. Write a python test script. 2. Use the input and output given by the question.\", \"Example\": \"import unittest\\n\\nclass Test(unittest.TestCase):\\n    def test(self):\\n        self.assertEqual(function_under_test('a'), 1)\\n\\nif __name__ == '__main__':\\n    unittest.main()\", \"Context\": \"\", \"Question\": \"def max_sum_increasing_subseq(a, n, index, k):\\n'''Write a function to find the maximum sum of increasing subsequence from prefix until ith index and also including a given kth element which is after i, i.e., k > i .\\nassert max_sum_increasing_subseq([1, 101, 2, 3, 100, 4, 5 ], 7, 4, 6) == 11'''\\n\"}",
    "ScriptResult0": "F\n======================================================================\nFAIL: test (__main__.Test)\n----------------------------------------------------------------------\nTraceback (most recent call last):\n  File \"/Users/watch/PycharmProjects/XXXX-1-LLM/workspace/2024-01-30_13-01-27-761413/test_script.py\", line 18, in test\n    self.assertEqual(max_sum_increasing_subseq([1, 101, 2, 3, 100, 4, 5 ], 7, 4, 6), 11)\nAssertionError: 100 != 11\n\n----------------------------------------------------------------------\nRan 1 test in 0.000s\n\nFAILED (failures=1)\n",
    "TestReport0": "Test Report:\n\nTest Script Output:\n======================================================================\nFAIL: test (__main__.Test)\n----------------------------------------------------------------------\nTraceback (most recent call last):\n  File \"/Users/watch/PycharmProjects/XXXX-1-LLM/workspace/2024-01-30_13-01-27-761413/test_script.py\", line 18, in test\n    self.assertEqual(max_sum_increasing_subseq([1, 101, 2, 3, 100, 4, 5 ], 7, 4, 6), 11)\nAssertionError: 100 != 11\n\n----------------------------------------------------------------------\nRan 1 test in 0.000s\n\nFAILED (failures=1)\n\nTest Report:\nThe test script has failed. The input example that failed the test is max_sum_increasing_subseq([1, 101, 2, 3, 100, 4, 5 ], 7, 4, 6), and the expected output was 11, but the actual output was 100. \n\nConclusion:\nCode Test Failed.",
    "RepairResponse1": "{\n  \"revised_code\": \"def max_sum_increasing_subseq(arr, n, index, k):\\n    if n == 0:\\n        return 0\\n\\n    dp = [0] * n\\n    dp[index] = arr[index]\\n\\n    for j in range(index+1, k+1):\\n        for l in range(index, j):\\n            if arr[j] > arr[l]:\\n                dp[j] = max(dp[j], dp[l] + arr[j])\\n\\n    return max(dp)\"\n}",
    "RepairResponse1_prompt": "{\"Role\": \"You are a professional software engineer. Your duty is to write code in Python that meets the requirements. Ensure that the code you write is efficient, readable, and follows best practices. Remember, do not need to explain the code you wrote.\", \"Instruction\": \"1. Rewrite a bug fix version of the original code. 2. Response in JSON format.\", \"Example\": \"{\\\"revised_code\\\":\\\"...\\\"}\", \"Context\": \"# the original code:\\ndef max_sum_increasing_subseq(arr, n, index, k):\\n    if n == 0:\\n        return 0\\n    \\n    dp = [0] * n\\n    dp[index] = arr[index]\\n\\n    for j in range(index+1, k+1):\\n        for l in range(index, j):\\n            if arr[j] > arr[l]:\\n                dp[j] = max(dp[j], dp[l] + arr[j])\\n\\n    return max(dp)\\n# test report:\\nTest Report:\\n\\nTest Script Output:\\n======================================================================\\nFAIL: test (__main__.Test)\\n----------------------------------------------------------------------\\nTraceback (most recent call last):\\n  File \\\"/Users/watch/PycharmProjects/XXXX-1-LLM/workspace/2024-01-30_13-01-27-761413/test_script.py\\\", line 18, in test\\n    self.assertEqual(max_sum_increasing_subseq([1, 101, 2, 3, 100, 4, 5 ], 7, 4, 6), 11)\\nAssertionError: 100 != 11\\n\\n----------------------------------------------------------------------\\nRan 1 test in 0.000s\\n\\nFAILED (failures=1)\\n\\nTest Report:\\nThe test script has failed. The input example that failed the test is max_sum_increasing_subseq([1, 101, 2, 3, 100, 4, 5 ], 7, 4, 6), and the expected output was 11, but the actual output was 100. \\n\\nConclusion:\\nCode Test Failed.\", \"Question\": \"The original code has some bugs, according to the test report and suggestions, rewrite the code. Complete the following code:\\ndef max_sum_increasing_subseq(a, n, index, k):\\n'''Write a function to find the maximum sum of increasing subsequence from prefix until ith index and also including a given kth element which is after i, i.e., k > i .\\nassert max_sum_increasing_subseq([1, 101, 2, 3, 100, 4, 5 ], 7, 4, 6) == 11'''\\n\"}",
    "Code1": "def max_sum_increasing_subseq(arr, n, index, k):\n    if n == 0:\n        return 0\n\n    dp = [0] * n\n    dp[index] = arr[index]\n\n    for j in range(index+1, k+1):\n        for l in range(index, j):\n            if arr[j] > arr[l]:\n                dp[j] = max(dp[j], dp[l] + arr[j])\n\n    return max(dp)",
    "ScriptResult1": "F\n======================================================================\nFAIL: test (__main__.Test)\n----------------------------------------------------------------------\nTraceback (most recent call last):\n  File \"/Users/watch/PycharmProjects/XXXX-1-LLM/workspace/2024-01-30_13-01-27-761413/test_script.py\", line 18, in test\n    self.assertEqual(max_sum_increasing_subseq([1, 101, 2, 3, 100, 4, 5 ], 7, 4, 6), 11)\nAssertionError: 100 != 11\n\n----------------------------------------------------------------------\nRan 1 test in 0.000s\n\nFAILED (failures=1)\n",
    "TestReport1": "Test Report:\n\nTest Script Output:\n======================================================================\nFAIL: test (__main__.Test)\n----------------------------------------------------------------------\nTraceback (most recent call last):\n  File \"/Users/watch/PycharmProjects/XXXX-1-LLM/workspace/2024-01-30_13-01-27-761413/test_script.py\", line 18, in test\n    self.assertEqual(max_sum_increasing_subseq([1, 101, 2, 3, 100, 4, 5 ], 7, 4, 6), 11)\nAssertionError: 100 != 11\n\n----------------------------------------------------------------------\nRan 1 test in 0.000s\n\nFAILED (failures=1)\n\nTest Report:\nThe test script has failed. The input [1, 101, 2, 3, 100, 4, 5] with parameters 7, 4, 6 did not produce the expected output of 11. \n\nConclusion:\nCode Test Failed.",
    "RepairResponse2": "{\n  \"revised_code\": \"def max_sum_increasing_subseq(a, n, index, k):\\n    if n == 0:\\n        return 0\\n\\n    dp = [0] * n\\n    dp[index] = a[index]\\n\\n    for j in range(index+1, n):\\n        for l in range(index, j):\\n            if a[j] > a[l]:\\n                dp[j] = max(dp[j], dp[l] + a[j])\\n\\n    return max(dp)\"\n}",
    "RepairResponse2_prompt": "{\"Role\": \"You are a professional software engineer. Your duty is to write code in Python that meets the requirements. Ensure that the code you write is efficient, readable, and follows best practices. Remember, do not need to explain the code you wrote.\", \"Instruction\": \"1. Rewrite a bug fix version of the original code. 2. Response in JSON format.\", \"Example\": \"{\\\"revised_code\\\":\\\"...\\\"}\", \"Context\": \"# the original code:\\ndef max_sum_increasing_subseq(arr, n, index, k):\\n    if n == 0:\\n        return 0\\n\\n    dp = [0] * n\\n    dp[index] = arr[index]\\n\\n    for j in range(index+1, k+1):\\n        for l in range(index, j):\\n            if arr[j] > arr[l]:\\n                dp[j] = max(dp[j], dp[l] + arr[j])\\n\\n    return max(dp)\\n# test report:\\nTest Report:\\n\\nTest Script Output:\\n======================================================================\\nFAIL: test (__main__.Test)\\n----------------------------------------------------------------------\\nTraceback (most recent call last):\\n  File \\\"/Users/watch/PycharmProjects/XXXX-1-LLM/workspace/2024-01-30_13-01-27-761413/test_script.py\\\", line 18, in test\\n    self.assertEqual(max_sum_increasing_subseq([1, 101, 2, 3, 100, 4, 5 ], 7, 4, 6), 11)\\nAssertionError: 100 != 11\\n\\n----------------------------------------------------------------------\\nRan 1 test in 0.000s\\n\\nFAILED (failures=1)\\n\\nTest Report:\\nThe test script has failed. The input [1, 101, 2, 3, 100, 4, 5] with parameters 7, 4, 6 did not produce the expected output of 11. \\n\\nConclusion:\\nCode Test Failed.\", \"Question\": \"The original code has some bugs, according to the test report and suggestions, rewrite the code. Complete the following code:\\ndef max_sum_increasing_subseq(a, n, index, k):\\n'''Write a function to find the maximum sum of increasing subsequence from prefix until ith index and also including a given kth element which is after i, i.e., k > i .\\nassert max_sum_increasing_subseq([1, 101, 2, 3, 100, 4, 5 ], 7, 4, 6) == 11'''\\n\"}",
    "Code2": "def max_sum_increasing_subseq(a, n, index, k):\n    if n == 0:\n        return 0\n\n    dp = [0] * n\n    dp[index] = a[index]\n\n    for j in range(index+1, n):\n        for l in range(index, j):\n            if a[j] > a[l]:\n                dp[j] = max(dp[j], dp[l] + a[j])\n\n    return max(dp)",
    "ScriptResult2": "F\n======================================================================\nFAIL: test (__main__.Test)\n----------------------------------------------------------------------\nTraceback (most recent call last):\n  File \"/Users/watch/PycharmProjects/XXXX-1-LLM/workspace/2024-01-30_13-01-27-761413/test_script.py\", line 18, in test\n    self.assertEqual(max_sum_increasing_subseq([1, 101, 2, 3, 100, 4, 5 ], 7, 4, 6), 11)\nAssertionError: 100 != 11\n\n----------------------------------------------------------------------\nRan 1 test in 0.000s\n\nFAILED (failures=1)\n",
    "TestReport2": "Test Report:\n\nTest Script Output:\nF\n======================================================================\nFAIL: test (__main__.Test)\n----------------------------------------------------------------------\nTraceback (most recent call last):\n  File \"/Users/watch/PycharmProjects/XXXX-1-LLM/workspace/2024-01-30_13-01-27-761413/test_script.py\", line 18, in test\n    self.assertEqual(max_sum_increasing_subseq([1, 101, 2, 3, 100, 4, 5 ], 7, 4, 6), 11)\nAssertionError: 100 != 11\n\n----------------------------------------------------------------------\nRan 1 test in 0.000s\n\nFAILED (failures=1)\n\nTest Report:\nThe test script has failed with the following output. The expected output was 11, but the actual output was 100.\n\nConclusion:\nCode Test Failed\n\nInput and Expected Output Example:\nInput: [1, 101, 2, 3, 100, 4, 5]\nExpected Output: 11\n\nInstruction followed.",
    "FinalCode": "def max_sum_increasing_subseq(a, n, index, k):\n    if n == 0:\n        return 0\n\n    dp = [0] * n\n    dp[index] = a[index]\n\n    for j in range(index+1, n):\n        for l in range(index, j):\n            if a[j] > a[l]:\n                dp[j] = max(dp[j], dp[l] + a[j])\n\n    return max(dp)"
}