{
    "start_time": "2024-03-11_10-22-32-827853",
    "task": "def substract_elements(test_tup1, test_tup2):\n'''Write a function that takes in two tuples and subtracts the elements of the first tuple by the elements of the second tuple with the same index.\nassert substract_elements((10, 4, 5), (2, 5, 18)) == (8, -1, -13)'''\n",
    "datetime": {
        "task": "2024-03-11 10:22:32",
        "task-id": "2024-03-11 10:22:32",
        "workflow": "2024-03-11 10:22:32",
        "Discussion": "2024-03-11 10:22:34",
        "DisorderedSprintMeetings": "2024-03-11 10:22:36",
        "UserStoryDraft0": "2024-03-11 10:22:36",
        "AnalyzeMeetings": "2024-03-11 10:22:38",
        "UserStory0": "2024-03-11 10:22:40",
        "CodeDraft0": "2024-03-11 10:22:41",
        "CodeReviewMeetings0": "2024-03-11 10:22:42",
        "Code0CR": "2024-03-11 10:22:43",
        "FinalCode": "2024-03-11 10:23:07",
        "Test Cases Draft": "2024-03-11 10:22:47",
        "Test Cases Meetings": "2024-03-11 10:22:49",
        "Test Cases": "2024-03-11 10:22:54",
        "Code0": "2024-03-11 10:22:56",
        "TestScriptOriginal": "2024-03-11 10:22:57",
        "TestScript": "2024-03-11 10:22:57",
        "ScriptResult0": "2024-03-11 10:22:57",
        "TestReport0": "2024-03-11 10:23:01",
        "SprintReview0": "2024-03-11 10:23:03",
        "SprintReviewMeetings0": "2024-03-11 10:23:05",
        "RepairResponse0": "2024-03-11 10:23:07",
        "Code1": "2024-03-11 10:23:07",
        "ScriptResult1": "2024-03-11 10:23:07",
        "TestReport1": "2024-03-11 10:23:08"
    },
    "task-id": 273,
    "workflow": "agile/agile_version_0.0.5_remove.json",
    "Discussion": "[ScrumMaster]says: We have a job: def substract_elements(test_tup1, test_tup2):\n'''Write a function that takes in two tuples and subtracts the elements of the first tuple by the elements of the second tuple with the same index.\nassert substract_elements((10, 4, 5), (2, 5, 18)) == (8, -1, -13)'''\n, do you have any ideas?\n-----\n\n[Architect]says: As an architect, I would suggest breaking down the task into smaller components and creating a clear plan for implementing the function.\n-----\n\n[Tester]says: As a Tester, I suggest testing the function with different input values to ensure its accuracy and reliability.\n-----\n\n[ProductOwner]says: As a Product Owner, I think we should prioritize defining the user requirements for this function and ensure it meets their needs.\n-----\n\n[Architect]says: As an architect, I would suggest breaking down the task into smaller components and creating a clear plan for implementing the function.\n-----\n\n[Developer]says: As a Developer, I think we should start by writing a function that takes in the two tuples and performs the subtraction based on the same index, ensuring that the result is as expected.\n-----\n\n[Tester]says: As a Tester, I suggest testing the function with different input values to ensure its accuracy and reliability.\n-----\n\n[ProductOwner]says: [ProductOwner] To create a product, we should prioritize defining the user requirements for this function and ensure it meets their needs.\n-----\n\n[Developer]says: As a Developer, I think we should start by writing a function that takes in the two tuples and performs the subtraction based on the same index, ensuring that the result is as expected.\n-----\n",
    "DisorderedSprintMeetings": "{\n  \"product-owner\":[\"Define user requirements for the function\", \"Ensure the function meets user needs\"],\n  \"architect\":[\"Break down the task into smaller components\", \"Create a clear plan for implementing the function\"],\n  \"developer\":[\"Write a function to subtract elements from two tuples based on the same index\", \"Ensure the result is as expected\"],\n  \"tester\":[\"Test the function with different input values\", \"Ensure accuracy and reliability of the function\"]\n}",
    "DisorderedSprintMeetings_prompt": "{\"Role\": \"You are a professional scrum master. Your goal is to breakdown the Discussion History into a task list for the scrum team.\", \"Instruction\": \"1. Read and Understand the Discussion History. 2. Define the tasks for four roles: product-owner/architect/developer/tester. 3. Response in JSON format.\", \"Example\": \"{\\\"product-owner\\\":[\\\"task1\\\",\\\"task2\\\"],\\\"architect\\\":[\\\"task1\\\",\\\"task2\\\"], \\\"developer\\\":[\\\"task1\\\",\\\"task2\\\"], \\\"tester\\\":[\\\"task1\\\",\\\"task2\\\"]}\", \"Context\": \"[ScrumMaster]says: We have a job: def substract_elements(test_tup1, test_tup2):\\n'''Write a function that takes in two tuples and subtracts the elements of the first tuple by the elements of the second tuple with the same index.\\nassert substract_elements((10, 4, 5), (2, 5, 18)) == (8, -1, -13)'''\\n, do you have any ideas?\\n-----\\n\\n[Architect]says: As an architect, I would suggest breaking down the task into smaller components and creating a clear plan for implementing the function.\\n-----\\n\\n[Tester]says: As a Tester, I suggest testing the function with different input values to ensure its accuracy and reliability.\\n-----\\n\\n[ProductOwner]says: As a Product Owner, I think we should prioritize defining the user requirements for this function and ensure it meets their needs.\\n-----\\n\\n[Architect]says: As an architect, I would suggest breaking down the task into smaller components and creating a clear plan for implementing the function.\\n-----\\n\\n[Developer]says: As a Developer, I think we should start by writing a function that takes in the two tuples and performs the subtraction based on the same index, ensuring that the result is as expected.\\n-----\\n\\n[Tester]says: As a Tester, I suggest testing the function with different input values to ensure its accuracy and reliability.\\n-----\\n\\n[ProductOwner]says: [ProductOwner] To create a product, we should prioritize defining the user requirements for this function and ensure it meets their needs.\\n-----\\n\\n[Developer]says: As a Developer, I think we should start by writing a function that takes in the two tuples and performs the subtraction based on the same index, ensuring that the result is as expected.\\n-----\\n\", \"Question\": \"Follow the Instruction section. The Discussion History is in the Context section. You only need to return a task list as the Example section.\"}",
    "UserStoryDraft0": "{\n  \"UserStory\": \"As a user, I want a function that takes in two tuples and subtracts the elements of the first tuple by the elements of the second tuple with the same index, so that I can perform element-wise subtraction between tuples.\"\n}",
    "UserStoryDraft0_prompt": "{\"Role\": \"You need to act as a professional product owner. Your task is to write a UserStory\", \"Instruction\": \"According to the Context, please analyze the requirement and write your response. Response in JSON format. Your response should be high-level, rather than providing implementation details.\", \"Example\": \"\", \"Context\": [\"Define user requirements for the function\", \"Ensure the function meets user needs\"], \"Question\": \"Follow the Instruction. The requirement is as follows:\\ndef substract_elements(test_tup1, test_tup2):\\n'''Write a function that takes in two tuples and subtracts the elements of the first tuple by the elements of the second tuple with the same index.\\nassert substract_elements((10, 4, 5), (2, 5, 18)) == (8, -1, -13)'''\\n\"}",
    "AnalyzeMeetings": "{\n  \"Architect\": \"I suggest breaking down the function into smaller, reusable components to improve maintainability and readability. Also, considering adding error handling to handle cases where the tuples are not of the same length.\",\n  \"Tester\": \"I recommend testing the function with tuples of different lengths to ensure that the error handling is working as expected. Additionally, testing with edge cases such as empty tuples or tuples with non-numeric elements would be helpful to ensure the function handles these cases properly.\"\n}",
    "UserStory0": "{\n  \"RevisedDocument\": {\n    \"UserStory\": \"As a user, I want a function that takes in two tuples and subtracts the elements of the first tuple by the elements of the second tuple with the same index, so that I can perform element-wise subtraction between tuples. The function should be broken down into smaller, reusable components to improve maintainability and readability. Error handling should be added to handle cases where the tuples are not of the same length. The function will be tested with tuples of different lengths to ensure that the error handling is working as expected. Additionally, testing with edge cases such as empty tuples or tuples with non-numeric elements will be performed to ensure the function handles these cases properly.\"\n  }\n}",
    "UserStory0_prompt": {
        "Role": "You need to act as a professional product owner. Your duty is to revise the document based on the suggestions.",
        "Instruction": "1. Read the suggestions. 2. Revise your draft version document. 3. Response in JSON format. 4. REMEMBER: Your analysis should be high-level, rather than providing implementation details.",
        "Example": "",
        "Context": "# Suggestion:\n{\n  \"Architect\": \"I suggest breaking down the function into smaller, reusable components to improve maintainability and readability. Also, considering adding error handling to handle cases where the tuples are not of the same length.\",\n  \"Tester\": \"I recommend testing the function with tuples of different lengths to ensure that the error handling is working as expected. Additionally, testing with edge cases such as empty tuples or tuples with non-numeric elements would be helpful to ensure the function handles these cases properly.\"\n}",
        "Question": "Follow the Instruction. Your colleague give you some suggestions(in the Context section) about this draft document:{\n  \"UserStory\": \"As a user, I want a function that takes in two tuples and subtracts the elements of the first tuple by the elements of the second tuple with the same index, so that I can perform element-wise subtraction between tuples.\"\n}"
    },
    "CodeDraft0": "def substract_elements(test_tup1, test_tup2):\n    result = tuple(x - y for x, y in zip(test_tup1, test_tup2))\n    return result",
    "CodeDraft0_prompt": {
        "Role": "You are a professional engineer. Your duty is to write code in Python that meets the requirements. Ensure that the code you write is efficient, readable, and follows best practices. Remember, do not need to explain the code you wrote.",
        "Instruction": "According to the Context section, write your code.",
        "Example": "",
        "Context": "# Tasks:\n['Write a function to subtract elements from two tuples based on the same index', 'Ensure the result is as expected']",
        "Question": "Follow the Instruction section. Complete the following code:\ndef substract_elements(test_tup1, test_tup2):\n'''Write a function that takes in two tuples and subtracts the elements of the first tuple by the elements of the second tuple with the same index.\nassert substract_elements((10, 4, 5), (2, 5, 18)) == (8, -1, -13)'''\n"
    },
    "CodeReviewMeetings0": "{\n  \"Architect\": \"The code looks fine and concise. However, it would be better to add some error handling to handle cases where the input tuples are of different lengths or contain non-numeric values.\",\n  \"Tester\": \"As a tester, I would suggest writing test cases to cover different scenarios such as empty tuples, tuples of different lengths, and tuples containing non-numeric values to ensure the function behaves as expected in all cases.\"\n}",
    "Code0CR": "def subtract_elements(test_tup1, test_tup2):\n    result = ()\n    for i in range(min(len(test_tup1), len(test_tup2))):\n        result += (test_tup1[i] - test_tup2[i],)\n    return result",
    "Code0CR_prompt": "{\"Role\": \"You are a professional software engineer. Your duty is to write code in Python that meets the requirements. Ensure that the code you write is efficient, readable, and follows best practices. Remember, do not need to explain the code you wrote.\", \"Instruction\": \"1. Understand the suggestions(in the Context section) about the original code. 2. Rewrite your code.\", \"Example\": \"\", \"Context\": \"# Tasks:\\n['Write a function to subtract elements from two tuples based on the same index', 'Ensure the result is as expected']\\n# Suggestions:\\n{\\n  \\\"Architect\\\": \\\"The code looks fine and concise. However, it would be better to add some error handling to handle cases where the input tuples are of different lengths or contain non-numeric values.\\\",\\n  \\\"Tester\\\": \\\"As a tester, I would suggest writing test cases to cover different scenarios such as empty tuples, tuples of different lengths, and tuples containing non-numeric values to ensure the function behaves as expected in all cases.\\\"\\n}\", \"Question\": \"Follow the Instruction section. Complete the following code:\\ndef substract_elements(test_tup1, test_tup2):\\n'''Write a function that takes in two tuples and subtracts the elements of the first tuple by the elements of the second tuple with the same index.\\nassert substract_elements((10, 4, 5), (2, 5, 18)) == (8, -1, -13)'''\\n\"}",
    "FinalCode": "def substract_elements(test_tup1, test_tup2):\n    '''Write a function that takes in two tuples and subtracts the elements of the first tuple by the elements of the second tuple with the same index.'''\n    if len(test_tup1) != len(test_tup2):\n        return \"Error: Tuples are of different lengths\"\n    if not all(isinstance(x, (int, float)) for x in test_tup1) or not all(isinstance(x, (int, float)) for x in test_tup2):\n        return \"Error: Non-numeric elements in tuples\"\n    \n    result = tuple(x - y for x, y in zip(test_tup1, test_tup2))\n    return result\n",
    "Test Cases Draft": "{\n  \"requirement analysis\": \"analysis\",\n  \"test_cases\": [\n    {\n      \"Test Title\": \"Test with numeric tuples of the same length\",\n      \"Input Data\": \"test_tup1=(10, 4, 5), test_tup2=(2, 5, 18)\",\n      \"Expected Output\": \"(8, -1, -13)\"\n    },\n    {\n      \"Test Title\": \"Test with tuples of different lengths\",\n      \"Input Data\": \"test_tup1=(10, 4, 5, 6), test_tup2=(2, 5, 18)\",\n      \"Expected Output\": \"Error: Tuples are of different lengths\"\n    },\n    {\n      \"Test Title\": \"Test with empty tuples\",\n      \"Input Data\": \"test_tup1=(), test_tup2=()\",\n      \"Expected Output\": \"Error: Tuples are empty\"\n    },\n    {\n      \"Test Title\": \"Test with non-numeric elements in tuples\",\n      \"Input Data\": \"test_tup1=('a', 'b', 'c'), test_tup2=(1, 2, 3)\",\n      \"Expected Output\": \"Error: Non-numeric elements in tuples\"\n    }\n  ]\n}",
    "Test Cases Draft_prompt": "{\"Role\": \"You are a quality assurance engineer. Your duty is to design test cases for the developers.\", \"Instruction\": \"According to the Context section, write test cases. Don't write long strings in your test cases. Response in JSON format.\", \"Example\": \"{\\\"requirement analysis\\\":\\\"analysis\\\",\\\"test_cases\\\":[{\\\"Test Title\\\":\\\"title\\\", \\\"Input Data\\\":\\\"parameter1=[1,2,3],parameter2='123'\\\", \\\"Expected Output\\\":\\\"456\\\"},]}\", \"Context\": \"# UsrtStory:\\n{\\n  \\\"RevisedDocument\\\": {\\n    \\\"UserStory\\\": \\\"As a user, I want a function that takes in two tuples and subtracts the elements of the first tuple by the elements of the second tuple with the same index, so that I can perform element-wise subtraction between tuples. The function should be broken down into smaller, reusable components to improve maintainability and readability. Error handling should be added to handle cases where the tuples are not of the same length. The function will be tested with tuples of different lengths to ensure that the error handling is working as expected. Additionally, testing with edge cases such as empty tuples or tuples with non-numeric elements will be performed to ensure the function handles these cases properly.\\\"\\n  }\\n}\\n# Tasks:\\n['Test the function with different input values', 'Ensure accuracy and reliability of the function']\\n\", \"Question\": \"def substract_elements(test_tup1, test_tup2):\\n'''Write a function that takes in two tuples and subtracts the elements of the first tuple by the elements of the second tuple with the same index.\\nassert substract_elements((10, 4, 5), (2, 5, 18)) == (8, -1, -13)'''\\n\"}",
    "Test Cases Meetings": "{\n  \"Architect\": \"The test cases cover a good range of scenarios including numeric tuples of the same length, tuples of different lengths, empty tuples, and non-numeric elements in tuples. However, it would be beneficial to add some positive test cases where the input tuples are valid and the expected output is as expected. This will ensure comprehensive coverage of the code.\"\n  ,\n  \"Developer\": \"The test cases cover a good range of scenarios including numeric tuples of the same length, tuples of different lengths, empty tuples, and non-numeric elements in tuples. However, it would be beneficial to add some positive test cases where the input tuples are valid and the expected output is as expected. This will ensure comprehensive coverage of the code.\"\n}",
    "Test Cases": "{\n  \"requirement analysis\": \"analysis\",\n  \"test_cases\": [\n    {\n      \"Test Title\": \"Test with numeric tuples of the same length\",\n      \"Input Data\": \"test_tup1=(10, 4, 5), test_tup2=(2, 5, 18)\",\n      \"Expected Output\": \"(8, -1, -13)\"\n    },\n    {\n      \"Test Title\": \"Test with tuples of different lengths\",\n      \"Input Data\": \"test_tup1=(10, 4, 5, 6), test_tup2=(2, 5, 18)\",\n      \"Expected Output\": \"Error: Tuples are of different lengths\"\n    },\n    {\n      \"Test Title\": \"Test with empty tuples\",\n      \"Input Data\": \"test_tup1=(), test_tup2=()\",\n      \"Expected Output\": \"Error: Tuples are empty\"\n    },\n    {\n      \"Test Title\": \"Test with non-numeric elements in tuples\",\n      \"Input Data\": \"test_tup1=('a', 'b', 'c'), test_tup2=(1, 2, 3)\",\n      \"Expected Output\": \"Error: Non-numeric elements in tuples\"\n    },\n    {\n      \"Test Title\": \"Positive test case 1\",\n      \"Input Data\": \"test_tup1=(1, 2, 3), test_tup2=(4, 5, 6)\",\n      \"Expected Output\": \"(-3, -3, -3)\"\n    },\n    {\n      \"Test Title\": \"Positive test case 2\",\n      \"Input Data\": \"test_tup1=(100, 200, 300), test_tup2=(10, 20, 30)\",\n      \"Expected Output\": \"(90, 180, 270)\"\n    }\n  ]\n}",
    "Test Cases_prompt": "{\"Role\": \"You are a quality assurance engineer. Your duty is to revise the test cases based on the suggestions.\", \"Instruction\": \"1. Your colleague give you some suggestions(in the Context section) about the draft test cases, read these suggestions. 2. Revise your draft version test cases, but don't use long parameters. 3. Response in JSON format.\", \"Example\": \"{\\\"requirement analysis\\\":\\\"analysis\\\",\\\"test_cases\\\":[{\\\"Test Title\\\":\\\"title\\\", \\\"Input Data\\\":\\\"parameter1=[1,2,3],parameter2='123'\\\", \\\"Expected Output\\\":\\\"456\\\"},]}\", \"Context\": \"# Suggestions:\\n{\\n  \\\"Architect\\\": \\\"The test cases cover a good range of scenarios including numeric tuples of the same length, tuples of different lengths, empty tuples, and non-numeric elements in tuples. However, it would be beneficial to add some positive test cases where the input tuples are valid and the expected output is as expected. This will ensure comprehensive coverage of the code.\\\"\\n  ,\\n  \\\"Developer\\\": \\\"The test cases cover a good range of scenarios including numeric tuples of the same length, tuples of different lengths, empty tuples, and non-numeric elements in tuples. However, it would be beneficial to add some positive test cases where the input tuples are valid and the expected output is as expected. This will ensure comprehensive coverage of the code.\\\"\\n}\\n # Draft Test cases:\\n{\\n  \\\"requirement analysis\\\": \\\"analysis\\\",\\n  \\\"test_cases\\\": [\\n    {\\n      \\\"Test Title\\\": \\\"Test with numeric tuples of the same length\\\",\\n      \\\"Input Data\\\": \\\"test_tup1=(10, 4, 5), test_tup2=(2, 5, 18)\\\",\\n      \\\"Expected Output\\\": \\\"(8, -1, -13)\\\"\\n    },\\n    {\\n      \\\"Test Title\\\": \\\"Test with tuples of different lengths\\\",\\n      \\\"Input Data\\\": \\\"test_tup1=(10, 4, 5, 6), test_tup2=(2, 5, 18)\\\",\\n      \\\"Expected Output\\\": \\\"Error: Tuples are of different lengths\\\"\\n    },\\n    {\\n      \\\"Test Title\\\": \\\"Test with empty tuples\\\",\\n      \\\"Input Data\\\": \\\"test_tup1=(), test_tup2=()\\\",\\n      \\\"Expected Output\\\": \\\"Error: Tuples are empty\\\"\\n    },\\n    {\\n      \\\"Test Title\\\": \\\"Test with non-numeric elements in tuples\\\",\\n      \\\"Input Data\\\": \\\"test_tup1=('a', 'b', 'c'), test_tup2=(1, 2, 3)\\\",\\n      \\\"Expected Output\\\": \\\"Error: Non-numeric elements in tuples\\\"\\n    }\\n  ]\\n}\", \"Question\": \"Follow the Instruction. Please make sure your response length are less than 512. Your test cases is for the below question:\\ndef substract_elements(test_tup1, test_tup2):\\n'''Write a function that takes in two tuples and subtracts the elements of the first tuple by the elements of the second tuple with the same index.\\nassert substract_elements((10, 4, 5), (2, 5, 18)) == (8, -1, -13)'''\\n\"}",
    "Code0": "def subtract_elements(test_tup1, test_tup2):\n    if len(test_tup1) != len(test_tup2):\n        return \"Error: Tuples are of different lengths\"\n    if not all(isinstance(x, (int, float)) for x in test_tup1) or not all(isinstance(x, (int, float)) for x in test_tup2):\n        return \"Error: Non-numeric elements in tuples\"\n    \n    result = tuple(x - y for x, y in zip(test_tup1, test_tup2))\n    return result",
    "Code0_prompt": {
        "Role": "You are a professional software engineer. Your duty is to write code in Python that meets the requirements. Ensure that the code you write is efficient, readable, and follows best practices. Remember, do not need to explain the code you wrote.",
        "Instruction": "1. Understand the test cases(in the Context section) about the original code. 2. Rewrite your code, make sure your code pass all test cases.",
        "Example": "",
        "Context": "# Original Code:\ndef subtract_elements(test_tup1, test_tup2):\n    result = ()\n    for i in range(min(len(test_tup1), len(test_tup2))):\n        result += (test_tup1[i] - test_tup2[i],)\n    return result\n# Test Cases:\n{\n  \"requirement analysis\": \"analysis\",\n  \"test_cases\": [\n    {\n      \"Test Title\": \"Test with numeric tuples of the same length\",\n      \"Input Data\": \"test_tup1=(10, 4, 5), test_tup2=(2, 5, 18)\",\n      \"Expected Output\": \"(8, -1, -13)\"\n    },\n    {\n      \"Test Title\": \"Test with tuples of different lengths\",\n      \"Input Data\": \"test_tup1=(10, 4, 5, 6), test_tup2=(2, 5, 18)\",\n      \"Expected Output\": \"Error: Tuples are of different lengths\"\n    },\n    {\n      \"Test Title\": \"Test with empty tuples\",\n      \"Input Data\": \"test_tup1=(), test_tup2=()\",\n      \"Expected Output\": \"Error: Tuples are empty\"\n    },\n    {\n      \"Test Title\": \"Test with non-numeric elements in tuples\",\n      \"Input Data\": \"test_tup1=('a', 'b', 'c'), test_tup2=(1, 2, 3)\",\n      \"Expected Output\": \"Error: Non-numeric elements in tuples\"\n    },\n    {\n      \"Test Title\": \"Positive test case 1\",\n      \"Input Data\": \"test_tup1=(1, 2, 3), test_tup2=(4, 5, 6)\",\n      \"Expected Output\": \"(-3, -3, -3)\"\n    },\n    {\n      \"Test Title\": \"Positive test case 2\",\n      \"Input Data\": \"test_tup1=(100, 200, 300), test_tup2=(10, 20, 30)\",\n      \"Expected Output\": \"(90, 180, 270)\"\n    }\n  ]\n}",
        "Question": "def substract_elements(test_tup1, test_tup2):\n'''Write a function that takes in two tuples and subtracts the elements of the first tuple by the elements of the second tuple with the same index.\nassert substract_elements((10, 4, 5), (2, 5, 18)) == (8, -1, -13)'''\n"
    },
    "TestScriptOriginal": "import unittest\n\ndef substract_elements(test_tup1, test_tup2):\n    result_tup = tuple(x - y for x, y in zip(test_tup1, test_tup2))\n    return result_tup\n\nclass Test(unittest.TestCase):\n    def test_substract_elements(self):\n        self.assertEqual(substract_elements((10, 4, 5), (2, 5, 18)), (8, -1, -13))\n\nif __name__ == '__main__':\n    unittest.main()",
    "TestScriptOriginal_prompt": "{\"Role\": \"You are a quality assurance engineer. Your duty is to write a python test script in unittest framework.\", \"Instruction\": \"1. Write a python test script. 2. Use the input and output given by the question.\", \"Example\": \"import unittest\\n\\nclass Test(unittest.TestCase):\\n    def test(self):\\n        self.assertEqual(function_under_test('a'), 1)\\n\\nif __name__ == '__main__':\\n    unittest.main()\", \"Context\": \"\", \"Question\": \"def substract_elements(test_tup1, test_tup2):\\n'''Write a function that takes in two tuples and subtracts the elements of the first tuple by the elements of the second tuple with the same index.\\nassert substract_elements((10, 4, 5), (2, 5, 18)) == (8, -1, -13)'''\\n\"}",
    "TestScript": "import unittest\n\nclass Test(unittest.TestCase):\n    def test_substract_elements(self):\n        self.assertEqual(substract_elements((10, 4, 5), (2, 5, 18)), (8, -1, -13))\n\nif __name__ == '__main__':\n    unittest.main()",
    "ScriptResult0": "E\n======================================================================\nERROR: test_substract_elements (__main__.Test)\n----------------------------------------------------------------------\nTraceback (most recent call last):\n  File \"/Users/watch/PycharmProjects/XXXX-1-LLM/workspace/2024-03-11_10-22-32-827853/test_script.py\", line 13, in test_substract_elements\n    self.assertEqual(substract_elements((10, 4, 5), (2, 5, 18)), (8, -1, -13))\nNameError: name 'substract_elements' is not defined\n\n----------------------------------------------------------------------\nRan 1 test in 0.000s\n\nFAILED (errors=1)\n",
    "TestReport0": "Test Report:\n\nTest script's output:\nE\n======================================================================\nERROR: test_substract_elements (__main__.Test)\n----------------------------------------------------------------------\nTraceback (most recent call last):\n  File \"/Users/watch/PycharmProjects/XXXX-1-LLM/workspace/2024-03-11_10-22-32-827853/test_script.py\", line 13, in test_substract_elements\n    self.assertEqual(substract_elements((10, 4, 5), (2, 5, 18)), (8, -1, -13))\nNameError: name 'substract_elements' is not defined\n\n----------------------------------------------------------------------\nRan 1 test in 0.000s\n\nFAILED (errors=1)\n\nAnalysis:\nThe test script output indicates that there is an error in the code. The function \"substract_elements\" is not defined, resulting in a NameError. As a result, the test failed.\n\nConclusion:\nCode Test Failed\n\nInput and expected output example:\ndef subtract_elements(test_tup1, test_tup2):\n    if len(test_tup1) != len(test_tup2):\n        return \"Error: Tuples are of different lengths\"\n    if not all(isinstance(x, (int, float)) for x in test_tup1) or not all(isinstance(x, (int, float)) for x in test_tup2):\n        return \"Error: Non-numeric elements in tuples\"\n    \n    result = tuple(x - y for x, y in zip(test_tup1, test_tup2))\n    return result\n\nThe above code should be corrected to \"def substract_elements\" instead of \"def subtract_elements\" to resolve the NameError issue. Additional testing and verification are required to ensure the correct functionality of the code.\n\nCode Test Failed",
    "SprintReview0": "[ScrumMaster]says: Here is our test Report: Test Report:\n\nTest script's output:\nE\n======================================================================\nERROR: test_substract_elements (__main__.Test)\n----------------------------------------------------------------------\nTraceback (most recent call last):\n  File \"/Users/watch/PycharmProjects/XXXX-1-LLM/workspace/2024-03-11_10-22-32-827853/test_script.py\", line 13, in test_substract_elements\n    self.assertEqual(substract_elements((10, 4, 5), (2, 5, 18)), (8, -1, -13))\nNameError: name 'substract_elements' is not defined\n\n----------------------------------------------------------------------\nRan 1 test in 0.000s\n\nFAILED (errors=1)\n\nAnalysis:\nThe test script output indicates that there is an error in the code. The function \"substract_elements\" is not defined, resulting in a NameError. As a result, the test failed.\n\nConclusion:\nCode Test Failed\n\nInput and expected output example:\ndef subtract_elements(test_tup1, test_tup2):\n    if len(test_tup1) != len(test_tup2):\n        return \"Error: Tuples are of different lengths\"\n    if not all(isinstance(x, (int, float)) for x in test_tup1) or not all(isinstance(x, (int, float)) for x in test_tup2):\n        return \"Error: Non-numeric elements in tuples\"\n    \n    result = tuple(x - y for x, y in zip(test_tup1, test_tup2))\n    return result\n\nThe above code should be corrected to \"def substract_elements\" instead of \"def subtract_elements\" to resolve the NameError issue. Additional testing and verification are required to ensure the correct functionality of the code.\n\nCode Test Failed, do you have any ideas?\n-----\n\n[ProductOwner]says: As a Product Owner, I think we should prioritize fixing the code issue and conducting additional testing to ensure the correct functionality of the product.\n-----\n\n[Developer]says: As a Developer, I suggest correcting the function name from \"def subtract_elements\" to \"def substract_elements\" to resolve the NameError issue. Additional testing and verification are needed to ensure the correct functionality of the code.\n-----\n\n[Architect]says: As an Architect, to resolve the NameError issue, we should correct the code to \"def substract_elements\" instead of \"def subtract_elements\" and conduct additional testing and verification to ensure the correct functionality of the code.\n-----\n\n[Tester]says: As a Tester, I suggest correcting the function name from \"subtract_elements\" to \"substract_elements\" to resolve the NameError issue and then conduct additional testing and verification to ensure the correct functionality of the code.\n-----\n\n[ProductOwner]says: As a Product Owner, I think we should prioritize fixing the code issue and conducting additional testing to ensure the correct functionality of the product.\n-----\n\n[Architect]says: As an Architect, to resolve the NameError issue, we should correct the code to \"def substract_elements\" instead of \"def subtract_elements\" and conduct additional testing and verification to ensure the correct functionality of the code.\n-----\n\n[Tester]says: As a Tester, I suggest correcting the function name from \"subtract_elements\" to \"substract_elements\" to resolve the NameError issue and then conduct additional testing and verification to ensure the correct functionality of the code.\n-----\n\n[Developer]says: As a Developer, I suggest correcting the function name from \"def subtract_elements\" to \"def substract_elements\" to resolve the NameError issue. Additional testing and verification are needed to ensure the correct functionality of the code.\n-----\n",
    "SprintReviewMeetings0": "{\n  \"product-owner\":[\"We should prioritize fixing the code issue and conducting additional testing to ensure the correct functionality of the product.\"],\n  \"architect\":[\"To resolve the NameError issue, we should correct the code to \\\"def substract_elements\\\" instead of \\\"def subtract_elements\\\" and conduct additional testing and verification to ensure the correct functionality of the code.\"],\n  \"developer\":[\"Correct the function name from \\\"def subtract_elements\\\" to \\\"def substract_elements\\\" to resolve the NameError issue. Additional testing and verification are needed to ensure the correct functionality of the code.\"],\n  \"tester\":[\"Correct the function name from \\\"subtract_elements\\\" to \\\"substract_elements\\\" to resolve the NameError issue and then conduct additional testing and verification to ensure the correct functionality of the code.\"]\n}",
    "SprintReviewMeetings0_prompt": "{\"Role\": \"You are a professional scrum master. Your goal is to summary the Discussion History into a suggestions list for the scrum team.\", \"Instruction\": \"1. Read and Understand the Discussion History. 2. Summary the suggestions from four roles: product-owner/architect/developer/tester. 3. Response in JSON format.\", \"Example\": \"{\\\"product-owner\\\":[\\\"suggestion1\\\",\\\"suggestion2\\\"],\\\"architect\\\":[\\\"suggestion1\\\",\\\"suggestion2\\\"], \\\"developer\\\":[\\\"suggestion1\\\",\\\"suggestion2\\\"], \\\"tester\\\":[\\\"suggestion1\\\",\\\"suggestion2\\\"]}\", \"Context\": \"[ScrumMaster]says: Here is our test Report: Test Report:\\n\\nTest script's output:\\nE\\n======================================================================\\nERROR: test_substract_elements (__main__.Test)\\n----------------------------------------------------------------------\\nTraceback (most recent call last):\\n  File \\\"/Users/watch/PycharmProjects/XXXX-1-LLM/workspace/2024-03-11_10-22-32-827853/test_script.py\\\", line 13, in test_substract_elements\\n    self.assertEqual(substract_elements((10, 4, 5), (2, 5, 18)), (8, -1, -13))\\nNameError: name 'substract_elements' is not defined\\n\\n----------------------------------------------------------------------\\nRan 1 test in 0.000s\\n\\nFAILED (errors=1)\\n\\nAnalysis:\\nThe test script output indicates that there is an error in the code. The function \\\"substract_elements\\\" is not defined, resulting in a NameError. As a result, the test failed.\\n\\nConclusion:\\nCode Test Failed\\n\\nInput and expected output example:\\ndef subtract_elements(test_tup1, test_tup2):\\n    if len(test_tup1) != len(test_tup2):\\n        return \\\"Error: Tuples are of different lengths\\\"\\n    if not all(isinstance(x, (int, float)) for x in test_tup1) or not all(isinstance(x, (int, float)) for x in test_tup2):\\n        return \\\"Error: Non-numeric elements in tuples\\\"\\n    \\n    result = tuple(x - y for x, y in zip(test_tup1, test_tup2))\\n    return result\\n\\nThe above code should be corrected to \\\"def substract_elements\\\" instead of \\\"def subtract_elements\\\" to resolve the NameError issue. Additional testing and verification are required to ensure the correct functionality of the code.\\n\\nCode Test Failed, do you have any ideas?\\n-----\\n\\n[ProductOwner]says: As a Product Owner, I think we should prioritize fixing the code issue and conducting additional testing to ensure the correct functionality of the product.\\n-----\\n\\n[Developer]says: As a Developer, I suggest correcting the function name from \\\"def subtract_elements\\\" to \\\"def substract_elements\\\" to resolve the NameError issue. Additional testing and verification are needed to ensure the correct functionality of the code.\\n-----\\n\\n[Architect]says: As an Architect, to resolve the NameError issue, we should correct the code to \\\"def substract_elements\\\" instead of \\\"def subtract_elements\\\" and conduct additional testing and verification to ensure the correct functionality of the code.\\n-----\\n\\n[Tester]says: As a Tester, I suggest correcting the function name from \\\"subtract_elements\\\" to \\\"substract_elements\\\" to resolve the NameError issue and then conduct additional testing and verification to ensure the correct functionality of the code.\\n-----\\n\\n[ProductOwner]says: As a Product Owner, I think we should prioritize fixing the code issue and conducting additional testing to ensure the correct functionality of the product.\\n-----\\n\\n[Architect]says: As an Architect, to resolve the NameError issue, we should correct the code to \\\"def substract_elements\\\" instead of \\\"def subtract_elements\\\" and conduct additional testing and verification to ensure the correct functionality of the code.\\n-----\\n\\n[Tester]says: As a Tester, I suggest correcting the function name from \\\"subtract_elements\\\" to \\\"substract_elements\\\" to resolve the NameError issue and then conduct additional testing and verification to ensure the correct functionality of the code.\\n-----\\n\\n[Developer]says: As a Developer, I suggest correcting the function name from \\\"def subtract_elements\\\" to \\\"def substract_elements\\\" to resolve the NameError issue. Additional testing and verification are needed to ensure the correct functionality of the code.\\n-----\\n\", \"Question\": \"Follow the Instruction section. The Discussion History is in the Context section. You only need to return a list as the Example section.\"}",
    "RepairResponse0": "{\n  \"revised_code\": \"def substract_elements(test_tup1, test_tup2):\\n    '''Write a function that takes in two tuples and subtracts the elements of the first tuple by the elements of the second tuple with the same index.'''\\n    if len(test_tup1) != len(test_tup2):\\n        return \\\"Error: Tuples are of different lengths\\\"\\n    if not all(isinstance(x, (int, float)) for x in test_tup1) or not all(isinstance(x, (int, float)) for x in test_tup2):\\n        return \\\"Error: Non-numeric elements in tuples\\\"\\n    \\n    result = tuple(x - y for x, y in zip(test_tup1, test_tup2))\\n    return result\\n\"\n}",
    "RepairResponse0_prompt": {
        "Role": "You are a professional software engineer. Your duty is to write code in Python that meets the requirements. Ensure that the code you write is efficient, readable, and follows best practices. Remember, do not need to explain the code you wrote.",
        "Instruction": "1. Rewrite a bug fix version of the original code. 2. Response in JSON format.",
        "Example": "{\"revised_code\":\"...\"}",
        "Context": "# Test Report:\nTest Report:\n\nTest script's output:\nE\n======================================================================\nERROR: test_substract_elements (__main__.Test)\n----------------------------------------------------------------------\nTraceback (most recent call last):\n  File \"/Users/watch/PycharmProjects/XXXX-1-LLM/workspace/2024-03-11_10-22-32-827853/test_script.py\", line 13, in test_substract_elements\n    self.assertEqual(substract_elements((10, 4, 5), (2, 5, 18)), (8, -1, -13))\nNameError: name 'substract_elements' is not defined\n\n----------------------------------------------------------------------\nRan 1 test in 0.000s\n\nFAILED (errors=1)\n\nAnalysis:\nThe test script output indicates that there is an error in the code. The function \"substract_elements\" is not defined, resulting in a NameError. As a result, the test failed.\n\nConclusion:\nCode Test Failed\n\nInput and expected output example:\ndef subtract_elements(test_tup1, test_tup2):\n    if len(test_tup1) != len(test_tup2):\n        return \"Error: Tuples are of different lengths\"\n    if not all(isinstance(x, (int, float)) for x in test_tup1) or not all(isinstance(x, (int, float)) for x in test_tup2):\n        return \"Error: Non-numeric elements in tuples\"\n    \n    result = tuple(x - y for x, y in zip(test_tup1, test_tup2))\n    return result\n\nThe above code should be corrected to \"def substract_elements\" instead of \"def subtract_elements\" to resolve the NameError issue. Additional testing and verification are required to ensure the correct functionality of the code.\n\nCode Test Failed# suggestions:\n{\"product-owner\": [\"We should prioritize fixing the code issue and conducting additional testing to ensure the correct functionality of the product.\"], \"architect\": [\"To resolve the NameError issue, we should correct the code to \\\"def substract_elements\\\" instead of \\\"def subtract_elements\\\" and conduct additional testing and verification to ensure the correct functionality of the code.\"], \"developer\": [\"Correct the function name from \\\"def subtract_elements\\\" to \\\"def substract_elements\\\" to resolve the NameError issue. Additional testing and verification are needed to ensure the correct functionality of the code.\"], \"tester\": [\"Correct the function name from \\\"subtract_elements\\\" to \\\"substract_elements\\\" to resolve the NameError issue and then conduct additional testing and verification to ensure the correct functionality of the code.\"]}",
        "Question": "The original code has some bugs, according to the test report and suggestions, rewrite the code. Complete the following code:\ndef substract_elements(test_tup1, test_tup2):\n'''Write a function that takes in two tuples and subtracts the elements of the first tuple by the elements of the second tuple with the same index.\nassert substract_elements((10, 4, 5), (2, 5, 18)) == (8, -1, -13)'''\n"
    },
    "Code1": "def substract_elements(test_tup1, test_tup2):\n    '''Write a function that takes in two tuples and subtracts the elements of the first tuple by the elements of the second tuple with the same index.'''\n    if len(test_tup1) != len(test_tup2):\n        return \"Error: Tuples are of different lengths\"\n    if not all(isinstance(x, (int, float)) for x in test_tup1) or not all(isinstance(x, (int, float)) for x in test_tup2):\n        return \"Error: Non-numeric elements in tuples\"\n    \n    result = tuple(x - y for x, y in zip(test_tup1, test_tup2))\n    return result\n",
    "ScriptResult1": ".\n----------------------------------------------------------------------\nRan 1 test in 0.000s\n\nOK\n",
    "TestReport1": "Test Report\n\nTest Case: substract_elements(test_tup1, test_tup2)\n\nTest Script Output:\n.\n----------------------------------------------------------------------\nRan 1 test in 0.000s\n\nOK\n\nConclusion: Code Test Passed\n\nNote: The test script output indicates that the code has passed the test. No further action is required."
}