{
    "start_time": "2024-02-01_12-30-16-084712",
    "task": "def count_binary_seq(n): \n'''Write a function to find the count of all binary sequences of length 2n such that sum of first n bits is same as sum of last n bits.\nassert math.isclose(count_binary_seq(1), 2.0, rel_tol=0.001)'''\n",
    "datetime": {
        "task": "2024-02-01 12:30:16",
        "task-id": "2024-02-01 12:30:16",
        "workflow": "2024-02-01 12:30:16",
        "AnalyzeDraft": "2024-02-01 12:30:20",
        "AnalyzeMeetings": "2024-02-01 12:30:22",
        "Analyze": "2024-02-01 12:30:27",
        "DesignDraft": "2024-02-01 12:30:34",
        "DesignMeetings": "2024-02-01 12:30:42",
        "Design": "2024-02-01 12:30:50",
        "Test Cases Draft": "2024-02-01 12:30:53",
        "Test Cases Meetings": "2024-02-01 12:30:59",
        "Test Cases": "2024-02-01 12:31:06",
        "Code0draft": "2024-02-01 12:31:14",
        "Code Review Meetings": "2024-02-01 12:31:16",
        "Code0": "2024-02-01 12:31:24",
        "TestScriptOriginal": "2024-02-01 12:31:33",
        "TestScript": "2024-02-01 12:31:33",
        "ScriptResult0": "2024-02-01 12:31:33",
        "TestReport0": "2024-02-01 12:31:43",
        "RepairResponse1": "2024-02-01 12:31:49",
        "Code1": "2024-02-01 12:31:49",
        "ScriptResult1": "2024-02-01 12:31:49",
        "TestReport1": "2024-02-01 12:31:55",
        "RepairResponse2": "2024-02-01 12:31:57",
        "Code2": "2024-02-01 12:31:57",
        "ScriptResult2": "2024-02-01 12:31:58",
        "TestReport2": "2024-02-01 12:32:02",
        "FinalCode": "2024-02-01 12:32:02"
    },
    "task-id": 300,
    "workflow": "testdriven/testdriven_version_0.0.4.json",
    "AnalyzeDraft": "{\n  \"Requirement\": \"The requirement is to write a function count_binary_seq(n) that will count all binary sequences of length 2n such that the sum of the first n bits is equal to the sum of the last n bits.\",\n  \"Functionality\": \"The function should take an input n and return the count of all binary sequences that meet the specified condition.\",\n  \"Assertion\": \"The function should pass the given assertion test where count_binary_seq(1) should return 2.0 with a relative tolerance of 0.001.\"\n}",
    "AnalyzeMeetings": "{\n  \"Architect\": \"The function should handle edge cases where n is 0 or negative. It should also have error handling for invalid inputs. Additionally, consider optimizing the function for performance by using dynamic programming to avoid redundant calculations.\",\n  \"Tester\": \"Test cases should include both positive and negative values of n, as well as corner cases such as n=0 and n=1. Test the function with large input values to check for performance and scalability issues.\"\n}",
    "Analyze": "{\n  \"RevisedDocument\": {\n    \"Requirement\": \"The requirement is to write a function count_binary_seq(n) that will count all binary sequences of length 2n such that the sum of the first n bits is equal to the sum of the last n bits.\",\n    \"Functionality\": \"The function should take an input n and return the count of all binary sequences that meet the specified condition. It should handle edge cases where n is 0 or negative, and have error handling for invalid inputs. Additionally, consider optimizing the function for performance by using dynamic programming to avoid redundant calculations.\",\n    \"Assertion\": \"The function should pass the given assertion test where count_binary_seq(1) should return 2.0 with a relative tolerance of 0.001.\"\n  },\n  \"TestCases\": {\n    \"PositiveValues\": \"Test cases should include both positive and negative values of n.\",\n    \"CornerCases\": \"Test the function with corner cases such as n=0 and n=1.\",\n    \"Performance\": \"Test the function with large input values to check for performance and scalability issues.\"\n  }\n}",
    "DesignDraft": "Design:\n\n```python\ndef count_binary_seq(n):\n    '''Write a function to find the count of all binary sequences of length 2n such that sum of first n bits is same as sum of last n bits.\n    The function should handle edge cases where n is 0 or negative, and have error handling for invalid inputs.\n    Additionally, consider optimizing the function for performance by using dynamic programming to avoid redundant calculations.\n    '''\n    # Your high-level design here\n    pass\n```",
    "DesignMeetings": "{\n  \"Developer\": \"I suggest breaking down the problem into subproblems and using dynamic programming to store and reuse the results of subproblems. This can significantly improve the performance of the function.\",\n  \"Tester\": \"I suggest writing test cases to cover all edge cases such as n being 0 or negative, and invalid inputs. Additionally, test the performance of the function with large inputs to ensure it is optimized for performance.\"\n}",
    "Design": "Design:\n\n```python\ndef count_binary_seq(n):\n    '''Write a function to find the count of all binary sequences of length 2n such that sum of first n bits is same as sum of last n bits.\n    The function should handle edge cases where n is 0 or negative, and have error handling for invalid inputs.\n    Additionally, consider optimizing the function for performance by using dynamic programming to avoid redundant calculations.\n    '''\n    # New design using dynamic programming\n    def count_binary_seq_dp(n):\n        if n <= 0:\n            return 0\n        dp = [0] * (n+1)\n        dp[0] = 1\n        for i in range(1, n+1):\n            dp[i] = dp[i-1] + 1\n        return dp[n]\n\n    return count_binary_seq_dp(n)\n\n```\n",
    "Test Cases Draft": "{\n  \"TestCases\": {\n    \"Test1\": {\n      \"Test Title\": \"PositiveValues\",\n      \"Input Data\": \"n=2\",\n      \"Expected Output\": \"6\"\n    },\n    \"Test2\": {\n      \"Test Title\": \"CornerCases\",\n      \"Input Data\": \"n=0\",\n      \"Expected Output\": \"1\"\n    },\n    \"Test3\": {\n      \"Test Title\": \"CornerCases\",\n      \"Input Data\": \"n=1\",\n      \"Expected Output\": \"2\"\n    },\n    \"Test4\": {\n      \"Test Title\": \"Performance\",\n      \"Input Data\": \"n=10\",\n      \"Expected Output\": \"184756\"\n    }\n  }\n}",
    "Test Cases Draft_prompt": "{\"Role\": \"You are a quality assurance engineer. Your duty is to design test cases for the developers.\", \"Instruction\": \"According to the Context section, write test cases. Don't write long strings in your test cases. Response in JSON format.\", \"Example\": \"{\\\"requirement analysis\\\":\\\"analysis\\\",\\\"test_cases\\\":[{\\\"Test Title\\\":\\\"title\\\", \\\"Input Data\\\":\\\"parameter1=[1,2,3],parameter2='123'\\\", \\\"Expected Output\\\":\\\"456\\\"},]}\", \"Context\": \"# Requirement Analysis:\\n{\\n  \\\"RevisedDocument\\\": {\\n    \\\"Requirement\\\": \\\"The requirement is to write a function count_binary_seq(n) that will count all binary sequences of length 2n such that the sum of the first n bits is equal to the sum of the last n bits.\\\",\\n    \\\"Functionality\\\": \\\"The function should take an input n and return the count of all binary sequences that meet the specified condition. It should handle edge cases where n is 0 or negative, and have error handling for invalid inputs. Additionally, consider optimizing the function for performance by using dynamic programming to avoid redundant calculations.\\\",\\n    \\\"Assertion\\\": \\\"The function should pass the given assertion test where count_binary_seq(1) should return 2.0 with a relative tolerance of 0.001.\\\"\\n  },\\n  \\\"TestCases\\\": {\\n    \\\"PositiveValues\\\": \\\"Test cases should include both positive and negative values of n.\\\",\\n    \\\"CornerCases\\\": \\\"Test the function with corner cases such as n=0 and n=1.\\\",\\n    \\\"Performance\\\": \\\"Test the function with large input values to check for performance and scalability issues.\\\"\\n  }\\n}\", \"Question\": \"def count_binary_seq(n): \\n'''Write a function to find the count of all binary sequences of length 2n such that sum of first n bits is same as sum of last n bits.\\nassert math.isclose(count_binary_seq(1), 2.0, rel_tol=0.001)'''\\n\"}",
    "Test Cases Meetings": "{\n  \"Architect\": \"I suggest adding more test cases to cover a wider range of input values, such as negative numbers, large numbers, and edge cases. It's important to ensure that the functionality works for all possible scenarios.\"\n  ,\n  \"Developer\": \"I suggest revising the test cases to include boundary values and edge cases. Additionally, we should consider adding test cases to cover error handling and invalid inputs to ensure the robustness of the code.\"\n}",
    "Test Cases Meetings_prompt": "{\"Role\": \"I want you to act as a different roles and then give some suggestions about how to revise the test cases.\", \"Instruction\": \"1. Read the Context section. 2. Act as an Architect, give your suggestions. 3. Act as a Developer, give your suggestions. 4. Response in JSON format.\", \"Example\": \"{\\\"Architect\\\":\\\"Suggestion\\\",\\\"Developer\\\":\\\"Suggestion\\\"}\", \"Context\": \"{\\n  \\\"TestCases\\\": {\\n    \\\"Test1\\\": {\\n      \\\"Test Title\\\": \\\"PositiveValues\\\",\\n      \\\"Input Data\\\": \\\"n=2\\\",\\n      \\\"Expected Output\\\": \\\"6\\\"\\n    },\\n    \\\"Test2\\\": {\\n      \\\"Test Title\\\": \\\"CornerCases\\\",\\n      \\\"Input Data\\\": \\\"n=0\\\",\\n      \\\"Expected Output\\\": \\\"1\\\"\\n    },\\n    \\\"Test3\\\": {\\n      \\\"Test Title\\\": \\\"CornerCases\\\",\\n      \\\"Input Data\\\": \\\"n=1\\\",\\n      \\\"Expected Output\\\": \\\"2\\\"\\n    },\\n    \\\"Test4\\\": {\\n      \\\"Test Title\\\": \\\"Performance\\\",\\n      \\\"Input Data\\\": \\\"n=10\\\",\\n      \\\"Expected Output\\\": \\\"184756\\\"\\n    }\\n  }\\n}\", \"Question\": \"Follow the Instruction. The Context section include the test cases.\"}",
    "Test Cases": "{\n  \"test_cases\": [\n    {\n      \"Test Title\": \"PositiveValues\",\n      \"Input Data\": \"n=2\",\n      \"Expected Output\": \"6\"\n    },\n    {\n      \"Test Title\": \"CornerCases\",\n      \"Input Data\": \"n=0\",\n      \"Expected Output\": \"1\"\n    },\n    {\n      \"Test Title\": \"CornerCases\",\n      \"Input Data\": \"n=1\",\n      \"Expected Output\": \"2\"\n    },\n    {\n      \"Test Title\": \"Performance\",\n      \"Input Data\": \"n=10\",\n      \"Expected Output\": \"184756\"\n    },\n    {\n      \"Test Title\": \"EdgeCases\",\n      \"Input Data\": \"n=-1\",\n      \"Expected Output\": \"0\"\n    },\n    {\n      \"Test Title\": \"EdgeCases\",\n      \"Input Data\": \"n=999\",\n      \"Expected Output\": \"354224848179261915075\"\n    },\n    {\n      \"Test Title\": \"ErrorHandling\",\n      \"Input Data\": \"n='abc'\",\n      \"Expected Output\": \"Invalid Input\"\n    }\n  ]\n}",
    "Test Cases_prompt": "{\"Role\": \"You are a quality assurance engineer. Your duty is to revise the test cases based on the suggestions.\", \"Instruction\": \"1. Your colleague give you some suggestions(in the Context section) about the draft test cases, read these suggestions. 2. Revise your draft version test cases, but don't use long parameters. 3. Response in JSON format.\", \"Example\": \"{\\\"requirement analysis\\\":\\\"analysis\\\",\\\"test_cases\\\":[{\\\"Test Title\\\":\\\"title\\\", \\\"Input Data\\\":\\\"parameter1=[1,2,3],parameter2='123'\\\", \\\"Expected Output\\\":\\\"456\\\"},]}\", \"Context\": \"# Suggestions:\\n{\\n  \\\"Architect\\\": \\\"I suggest adding more test cases to cover a wider range of input values, such as negative numbers, large numbers, and edge cases. It's important to ensure that the functionality works for all possible scenarios.\\\"\\n  ,\\n  \\\"Developer\\\": \\\"I suggest revising the test cases to include boundary values and edge cases. Additionally, we should consider adding test cases to cover error handling and invalid inputs to ensure the robustness of the code.\\\"\\n}\\n # Draft Test cases:\\n{\\n  \\\"TestCases\\\": {\\n    \\\"Test1\\\": {\\n      \\\"Test Title\\\": \\\"PositiveValues\\\",\\n      \\\"Input Data\\\": \\\"n=2\\\",\\n      \\\"Expected Output\\\": \\\"6\\\"\\n    },\\n    \\\"Test2\\\": {\\n      \\\"Test Title\\\": \\\"CornerCases\\\",\\n      \\\"Input Data\\\": \\\"n=0\\\",\\n      \\\"Expected Output\\\": \\\"1\\\"\\n    },\\n    \\\"Test3\\\": {\\n      \\\"Test Title\\\": \\\"CornerCases\\\",\\n      \\\"Input Data\\\": \\\"n=1\\\",\\n      \\\"Expected Output\\\": \\\"2\\\"\\n    },\\n    \\\"Test4\\\": {\\n      \\\"Test Title\\\": \\\"Performance\\\",\\n      \\\"Input Data\\\": \\\"n=10\\\",\\n      \\\"Expected Output\\\": \\\"184756\\\"\\n    }\\n  }\\n}\", \"Question\": \"Follow the Instruction. Please make sure your response length are less than 512. Your test cases is for the below question:\\ndef count_binary_seq(n): \\n'''Write a function to find the count of all binary sequences of length 2n such that sum of first n bits is same as sum of last n bits.\\nassert math.isclose(count_binary_seq(1), 2.0, rel_tol=0.001)'''\\n\"}",
    "Code0draft": "def count_binary_seq(n):\n    '''Write a function to find the count of all binary sequences of length 2n such that sum of first n bits is same as sum of last n bits.'''\n    # Write your code here\n    \n    return count_binary_seq_dp(n)",
    "Code0draft_prompt": "{\"Role\": \"You are a professional engineer. Your duty is to write code in Python that meets the requirements. Ensure that the code you write is efficient, readable, and follows best practices. Remember, do not need to explain the code you wrote.\", \"Instruction\": \"According to the Context section, write your code.\", \"Example\": \"\", \"Context\": \"# Test Cases:\\n{\\n  \\\"test_cases\\\": [\\n    {\\n      \\\"Test Title\\\": \\\"PositiveValues\\\",\\n      \\\"Input Data\\\": \\\"n=2\\\",\\n      \\\"Expected Output\\\": \\\"6\\\"\\n    },\\n    {\\n      \\\"Test Title\\\": \\\"CornerCases\\\",\\n      \\\"Input Data\\\": \\\"n=0\\\",\\n      \\\"Expected Output\\\": \\\"1\\\"\\n    },\\n    {\\n      \\\"Test Title\\\": \\\"CornerCases\\\",\\n      \\\"Input Data\\\": \\\"n=1\\\",\\n      \\\"Expected Output\\\": \\\"2\\\"\\n    },\\n    {\\n      \\\"Test Title\\\": \\\"Performance\\\",\\n      \\\"Input Data\\\": \\\"n=10\\\",\\n      \\\"Expected Output\\\": \\\"184756\\\"\\n    },\\n    {\\n      \\\"Test Title\\\": \\\"EdgeCases\\\",\\n      \\\"Input Data\\\": \\\"n=-1\\\",\\n      \\\"Expected Output\\\": \\\"0\\\"\\n    },\\n    {\\n      \\\"Test Title\\\": \\\"EdgeCases\\\",\\n      \\\"Input Data\\\": \\\"n=999\\\",\\n      \\\"Expected Output\\\": \\\"354224848179261915075\\\"\\n    },\\n    {\\n      \\\"Test Title\\\": \\\"ErrorHandling\\\",\\n      \\\"Input Data\\\": \\\"n='abc'\\\",\\n      \\\"Expected Output\\\": \\\"Invalid Input\\\"\\n    }\\n  ]\\n}\\n# Design:\\nDesign:\\n\\n```python\\ndef count_binary_seq(n):\\n    '''Write a function to find the count of all binary sequences of length 2n such that sum of first n bits is same as sum of last n bits.\\n    The function should handle edge cases where n is 0 or negative, and have error handling for invalid inputs.\\n    Additionally, consider optimizing the function for performance by using dynamic programming to avoid redundant calculations.\\n    '''\\n    # New design using dynamic programming\\n    def count_binary_seq_dp(n):\\n        if n <= 0:\\n            return 0\\n        dp = [0] * (n+1)\\n        dp[0] = 1\\n        for i in range(1, n+1):\\n            dp[i] = dp[i-1] + 1\\n        return dp[n]\\n\\n    return count_binary_seq_dp(n)\\n\\n```\\n\", \"Question\": \"Follow the Instruction section. Complete the following code:\\ndef count_binary_seq(n): \\n'''Write a function to find the count of all binary sequences of length 2n such that sum of first n bits is same as sum of last n bits.\\nassert math.isclose(count_binary_seq(1), 2.0, rel_tol=0.001)'''\\n\"}",
    "Code Review Meetings": "{\n  \"Architect\": \"I suggest writing a dynamic programming solution to efficiently solve the problem. Also, the function definition and comments should be more descriptive to explain the purpose and logic of the function.\",\n  \"Tester\": \"I suggest adding test cases to cover different scenarios, including edge cases and invalid inputs. Also, consider adding assertions to verify the correctness of the output.\"\n}",
    "Code0": "def count_binary_seq(n):\n    '''Write a function to find the count of all binary sequences of length 2n such that sum of first n bits is same as sum of last n bits.'''\n    # Write your code here\n    \n    def count_binary_seq_dp(n):\n        # Write your dynamic programming solution here\n        pass\n\n    return count_binary_seq_dp(n)",
    "Code0_prompt": "{\"Role\": \"You are a professional software engineer. Your duty is to write code in Python that meets the requirements. Ensure that the code you write is efficient, readable, and follows best practices. Remember, do not need to explain the code you wrote.\", \"Instruction\": \"1. Understand the suggestions(in the Context section) about the original code. 2. Rewrite your code.\", \"Example\": \"\", \"Context\": \"# Suggestions:\\n{\\n  \\\"Architect\\\": \\\"I suggest writing a dynamic programming solution to efficiently solve the problem. Also, the function definition and comments should be more descriptive to explain the purpose and logic of the function.\\\",\\n  \\\"Tester\\\": \\\"I suggest adding test cases to cover different scenarios, including edge cases and invalid inputs. Also, consider adding assertions to verify the correctness of the output.\\\"\\n}\\n# Original code:\\ndef count_binary_seq(n):\\n    '''Write a function to find the count of all binary sequences of length 2n such that sum of first n bits is same as sum of last n bits.'''\\n    # Write your code here\\n    \\n    return count_binary_seq_dp(n)\", \"Question\": \"Follow the Instruction section. Complete the following code:\\ndef count_binary_seq(n): \\n'''Write a function to find the count of all binary sequences of length 2n such that sum of first n bits is same as sum of last n bits.\\nassert math.isclose(count_binary_seq(1), 2.0, rel_tol=0.001)'''\\n\"}",
    "TestScriptOriginal": "import unittest\nimport math\n\ndef count_binary_seq(n):\n    # Write your code here to find the count of all binary sequences\n    # of length 2n such that sum of first n bits is same as sum of last n bits\n    pass\n\nclass Test(unittest.TestCase):\n    def test(self):\n        self.assertAlmostEqual(count_binary_seq(1), 2.0, delta=0.001)\n\nif __name__ == '__main__':\n    unittest.main()",
    "TestScriptOriginal_prompt": "{\"Role\": \"You are a quality assurance engineer. Your duty is to write a python test script in unittest framework.\", \"Instruction\": \"1. Write a python test script. 2. Use the input and output given by the question.\", \"Example\": \"import unittest\\n\\nclass Test(unittest.TestCase):\\n    def test(self):\\n        self.assertEqual(function_under_test('a'), 1)\\n\\nif __name__ == '__main__':\\n    unittest.main()\", \"Context\": \"\", \"Question\": \"def count_binary_seq(n): \\n'''Write a function to find the count of all binary sequences of length 2n such that sum of first n bits is same as sum of last n bits.\\nassert math.isclose(count_binary_seq(1), 2.0, rel_tol=0.001)'''\\n\"}",
    "TestScript": "import unittest\nimport math\n\nclass Test(unittest.TestCase):\n    def test(self):\n        self.assertAlmostEqual(count_binary_seq(1), 2.0, delta=0.001)\n\nif __name__ == '__main__':\n    unittest.main()",
    "TestScript_prompt": "{\"Role\": \"You are a quality assurance engineer. Your duty is to write a python test script in unittest framework.\", \"Instruction\": \"1. Write a python test script. 2. Use the input and output given by the question.\", \"Example\": \"import unittest\\n\\nclass Test(unittest.TestCase):\\n    def test(self):\\n        self.assertEqual(function_under_test('a'), 1)\\n\\nif __name__ == '__main__':\\n    unittest.main()\", \"Context\": \"\", \"Question\": \"def count_binary_seq(n): \\n'''Write a function to find the count of all binary sequences of length 2n such that sum of first n bits is same as sum of last n bits.\\nassert math.isclose(count_binary_seq(1), 2.0, rel_tol=0.001)'''\\n\"}",
    "ScriptResult0": "E\n======================================================================\nERROR: test (__main__.Test)\n----------------------------------------------------------------------\nTraceback (most recent call last):\n  File \"/Users/watch/PycharmProjects/XXXX-1-LLM/workspace/2024-02-01_12-30-16-084712/test_script.py\", line 15, in test\n    self.assertAlmostEqual(count_binary_seq(1), 2.0, delta=0.001)\n  File \"/Library/Developer/CommandLineTools/Library/Frameworks/Python3.framework/Versions/3.9/lib/python3.9/unittest/case.py\", line 862, in assertAlmostEqual\n    diff = abs(first - second)\nTypeError: unsupported operand type(s) for -: 'NoneType' and 'float'\n\n----------------------------------------------------------------------\nRan 1 test in 0.001s\n\nFAILED (errors=1)\n",
    "TestReport0": "Test Report\n\nTest Script Output:\nE\n======================================================================\nERROR: test (__main__.Test)\n----------------------------------------------------------------------\nTraceback (most recent call last):\n  File \"/Users/watch/PycharmProjects/XXXX-1-LLM/workspace/2024-02-01_12-30-16-084712/test_script.py\", line 15, in test\n    self.assertAlmostEqual(count_binary_seq(1), 2.0, delta=0.001)\n  File \"/Library/Developer/CommandLineTools/Library/Frameworks/Python3.framework/Versions/3.9/lib/python3.9/unittest/case.py\", line 862, in assertAlmostEqual\n    diff = abs(first - second)\nTypeError: unsupported operand type(s) for -: 'NoneType' and 'float'\n\n----------------------------------------------------------------------\nRan 1 test in 0.001s\n\nFAILED (errors=1)\n\nTest Report:\nThe test script output shows that the test failed due to a TypeError. The assertAlmostEqual function encountered unsupported operand types for subtraction, resulting in a failure of the test.\n\nConclusion:\nCode Test Failed\nInput and Expected Output Example:\n- Input: count_binary_seq(1)\n- Expected Output: 2.0\n- Actual Output: None\n\nRecommendations:\nThe code needs to be reviewed and updated to handle the unsupported operand types for subtraction to fix the failing test.\n\nSigned,\n[Your Name]\nQuality Assurance Engineer",
    "RepairResponse1": "{\n  \"revised_code\": \"import math\\n\\ndef count_binary_seq(n): \\n    '''Write a function to find the count of all binary sequences of length 2n such that sum of first n bits is same as sum of last n bits.'''\\n    \\n    def count_binary_seq_dp(n):\\n        dp = [0] * (n+1)\\n        dp[0] = 1\\n        for i in range(1, n+1):\\n            dp[i] = 0\\n            for j in range(i):\\n                dp[i] += dp[j] * dp[i-j-1]\\n        return dp[n]\\n\\n    return count_binary_seq_dp(n)\\n\"\n}",
    "RepairResponse1_prompt": "{\"Role\": \"You are a professional software engineer. Your duty is to write code in Python that meets the requirements. Ensure that the code you write is efficient, readable, and follows best practices. Remember, do not need to explain the code you wrote.\", \"Instruction\": \"1. Rewrite a bug fix version of the original code. 2. Response in JSON format.\", \"Example\": \"{\\\"revised_code\\\":\\\"...\\\"}\", \"Context\": \"# the original code:\\ndef count_binary_seq(n):\\n    '''Write a function to find the count of all binary sequences of length 2n such that sum of first n bits is same as sum of last n bits.'''\\n    # Write your code here\\n    \\n    def count_binary_seq_dp(n):\\n        # Write your dynamic programming solution here\\n        pass\\n\\n    return count_binary_seq_dp(n)\\n# test report:\\nTest Report\\n\\nTest Script Output:\\nE\\n======================================================================\\nERROR: test (__main__.Test)\\n----------------------------------------------------------------------\\nTraceback (most recent call last):\\n  File \\\"/Users/watch/PycharmProjects/XXXX-1-LLM/workspace/2024-02-01_12-30-16-084712/test_script.py\\\", line 15, in test\\n    self.assertAlmostEqual(count_binary_seq(1), 2.0, delta=0.001)\\n  File \\\"/Library/Developer/CommandLineTools/Library/Frameworks/Python3.framework/Versions/3.9/lib/python3.9/unittest/case.py\\\", line 862, in assertAlmostEqual\\n    diff = abs(first - second)\\nTypeError: unsupported operand type(s) for -: 'NoneType' and 'float'\\n\\n----------------------------------------------------------------------\\nRan 1 test in 0.001s\\n\\nFAILED (errors=1)\\n\\nTest Report:\\nThe test script output shows that the test failed due to a TypeError. The assertAlmostEqual function encountered unsupported operand types for subtraction, resulting in a failure of the test.\\n\\nConclusion:\\nCode Test Failed\\nInput and Expected Output Example:\\n- Input: count_binary_seq(1)\\n- Expected Output: 2.0\\n- Actual Output: None\\n\\nRecommendations:\\nThe code needs to be reviewed and updated to handle the unsupported operand types for subtraction to fix the failing test.\\n\\nSigned,\\n[Your Name]\\nQuality Assurance Engineer\", \"Question\": \"The original code has some bugs, according to the test report and suggestions, rewrite the code. Complete the following code:\\ndef count_binary_seq(n): \\n'''Write a function to find the count of all binary sequences of length 2n such that sum of first n bits is same as sum of last n bits.\\nassert math.isclose(count_binary_seq(1), 2.0, rel_tol=0.001)'''\\n\"}",
    "Code1": "import math\n\ndef count_binary_seq(n): \n    '''Write a function to find the count of all binary sequences of length 2n such that sum of first n bits is same as sum of last n bits.'''\n    \n    def count_binary_seq_dp(n):\n        dp = [0] * (n+1)\n        dp[0] = 1\n        for i in range(1, n+1):\n            dp[i] = 0\n            for j in range(i):\n                dp[i] += dp[j] * dp[i-j-1]\n        return dp[n]\n\n    return count_binary_seq_dp(n)\n",
    "ScriptResult1": "F\n======================================================================\nFAIL: test (__main__.Test)\n----------------------------------------------------------------------\nTraceback (most recent call last):\n  File \"/Users/watch/PycharmProjects/XXXX-1-LLM/workspace/2024-02-01_12-30-16-084712/test_script.py\", line 22, in test\n    self.assertAlmostEqual(count_binary_seq(1), 2.0, delta=0.001)\nAssertionError: 1 != 2.0 within 0.001 delta (1.0 difference)\n\n----------------------------------------------------------------------\nRan 1 test in 0.000s\n\nFAILED (failures=1)\n",
    "TestReport1": "Test Report\n\nTest Script Output:\n======================================================================\nFAIL: test (__main__.Test)\n----------------------------------------------------------------------\nTraceback (most recent call last):\n  File \"/Users/watch/PycharmProjects/XXXX-1-LLM/workspace/2024-02-01_12-30-16-084712/test_script.py\", line 22, in test\n    self.assertAlmostEqual(count_binary_seq(1), 2.0, delta=0.001)\nAssertionError: 1 != 2.0 within 0.001 delta (1.0 difference)\n\n----------------------------------------------------------------------\nRan 1 test in 0.000s\n\nFAILED (failures=1)\n\nTest Report:\nThe test script has failed with the following error:\n- Expected output: 2.0\n- Actual output: 1\n- Difference: 1.0\n\nConclusion: Code Test Failed\n\nInput and Expected Output Example:\n- Input: count_binary_seq(1)\n- Expected output: 2.0\n\nPlease review and fix the code to address the failed test.\n",
    "RepairResponse2": "{\n  \"revised_code\": \"def count_binary_seq(n):\\n    '''Write a function to find the count of all binary sequences of length 2n such that sum of first n bits is same as sum of last n bits.'''\\n\\n    def count_binary_seq_dp(n):\\n        dp = [0] * (n+1)\\n        dp[0] = 1\\n        for i in range(1, n+1):\\n            dp[i] = 0\\n            for j in range(i):\\n                dp[i] += dp[j] * dp[i-j-1]\\n        return dp[n]\\n\\n    return count_binary_seq_dp(n)\"\n}",
    "RepairResponse2_prompt": "{\"Role\": \"You are a professional software engineer. Your duty is to write code in Python that meets the requirements. Ensure that the code you write is efficient, readable, and follows best practices. Remember, do not need to explain the code you wrote.\", \"Instruction\": \"1. Rewrite a bug fix version of the original code. 2. Response in JSON format.\", \"Example\": \"{\\\"revised_code\\\":\\\"...\\\"}\", \"Context\": \"# the original code:\\nimport math\\n\\ndef count_binary_seq(n): \\n    '''Write a function to find the count of all binary sequences of length 2n such that sum of first n bits is same as sum of last n bits.'''\\n    \\n    def count_binary_seq_dp(n):\\n        dp = [0] * (n+1)\\n        dp[0] = 1\\n        for i in range(1, n+1):\\n            dp[i] = 0\\n            for j in range(i):\\n                dp[i] += dp[j] * dp[i-j-1]\\n        return dp[n]\\n\\n    return count_binary_seq_dp(n)\\n\\n# test report:\\nTest Report\\n\\nTest Script Output:\\n======================================================================\\nFAIL: test (__main__.Test)\\n----------------------------------------------------------------------\\nTraceback (most recent call last):\\n  File \\\"/Users/watch/PycharmProjects/XXXX-1-LLM/workspace/2024-02-01_12-30-16-084712/test_script.py\\\", line 22, in test\\n    self.assertAlmostEqual(count_binary_seq(1), 2.0, delta=0.001)\\nAssertionError: 1 != 2.0 within 0.001 delta (1.0 difference)\\n\\n----------------------------------------------------------------------\\nRan 1 test in 0.000s\\n\\nFAILED (failures=1)\\n\\nTest Report:\\nThe test script has failed with the following error:\\n- Expected output: 2.0\\n- Actual output: 1\\n- Difference: 1.0\\n\\nConclusion: Code Test Failed\\n\\nInput and Expected Output Example:\\n- Input: count_binary_seq(1)\\n- Expected output: 2.0\\n\\nPlease review and fix the code to address the failed test.\\n\", \"Question\": \"The original code has some bugs, according to the test report and suggestions, rewrite the code. Complete the following code:\\ndef count_binary_seq(n): \\n'''Write a function to find the count of all binary sequences of length 2n such that sum of first n bits is same as sum of last n bits.\\nassert math.isclose(count_binary_seq(1), 2.0, rel_tol=0.001)'''\\n\"}",
    "Code2": "def count_binary_seq(n):\n    '''Write a function to find the count of all binary sequences of length 2n such that sum of first n bits is same as sum of last n bits.'''\n\n    def count_binary_seq_dp(n):\n        dp = [0] * (n+1)\n        dp[0] = 1\n        for i in range(1, n+1):\n            dp[i] = 0\n            for j in range(i):\n                dp[i] += dp[j] * dp[i-j-1]\n        return dp[n]\n\n    return count_binary_seq_dp(n)",
    "ScriptResult2": "F\n======================================================================\nFAIL: test (__main__.Test)\n----------------------------------------------------------------------\nTraceback (most recent call last):\n  File \"/Users/watch/PycharmProjects/XXXX-1-LLM/workspace/2024-02-01_12-30-16-084712/test_script.py\", line 19, in test\n    self.assertAlmostEqual(count_binary_seq(1), 2.0, delta=0.001)\nAssertionError: 1 != 2.0 within 0.001 delta (1.0 difference)\n\n----------------------------------------------------------------------\nRan 1 test in 0.000s\n\nFAILED (failures=1)\n",
    "TestReport2": "Test Report:\n\nTest script output:\n\nF\n======================================================================\nFAIL: test (__main__.Test)\n----------------------------------------------------------------------\nTraceback (most recent call last):\n  File \"/Users/watch/PycharmProjects/XXXX-1-LLM/workspace/2024-02-01_12-30-16-084712/test_script.py\", line 19, in test\n    self.assertAlmostEqual(count_binary_seq(1), 2.0, delta=0.001)\nAssertionError: 1 != 2.0 within 0.001 delta (1.0 difference)\n\n----------------------------------------------------------------------\nRan 1 test in 0.000s\n\nFAILED (failures=1)\n\nTest Report:\nThe test script has failed with the following error:\n- The test 'test' in the main module has failed\n- The assertion error shows that the expected output is 2.0 but the actual output is 1\n\nConclusion: Code Test Failed\nExample:\nInput: count_binary_seq(1)\nExpected Output: 2.0",
    "FinalCode": "def count_binary_seq(n):\n    '''Write a function to find the count of all binary sequences of length 2n such that sum of first n bits is same as sum of last n bits.'''\n\n    def count_binary_seq_dp(n):\n        dp = [0] * (n+1)\n        dp[0] = 1\n        for i in range(1, n+1):\n            dp[i] = 0\n            for j in range(i):\n                dp[i] += dp[j] * dp[i-j-1]\n        return dp[n]\n\n    return count_binary_seq_dp(n)"
}