{
    "start_time": "2024-03-11_10-07-15-503697",
    "task": "def sum(a,b): \n'''Write a python function to find the sum of common divisors of two given numbers.\nassert sum(10,15) == 6'''\n",
    "datetime": {
        "task": "2024-03-11 10:07:15",
        "task-id": "2024-03-11 10:07:15",
        "workflow": "2024-03-11 10:07:15",
        "Discussion": "2024-03-11 10:07:16",
        "DisorderedSprintMeetings": "2024-03-11 10:07:18",
        "UserStoryDraft0": "2024-03-11 10:07:19",
        "AnalyzeMeetings": "2024-03-11 10:07:20",
        "UserStory0": "2024-03-11 10:07:22",
        "CodeDraft0": "2024-03-11 10:07:24",
        "CodeReviewMeetings0": "2024-03-11 10:07:26",
        "Code0CR": "2024-03-11 10:07:30",
        "FinalCode": "2024-03-11 10:07:49",
        "Test Cases Draft": "2024-03-11 10:07:31",
        "Test Cases Meetings": "2024-03-11 10:07:33",
        "Test Cases": "2024-03-11 10:07:36",
        "Code0": "2024-03-11 10:07:38",
        "TestScriptOriginal": "2024-03-11 10:07:40",
        "TestScript": "2024-03-11 10:07:40",
        "ScriptResult0": "2024-03-11 10:07:40",
        "TestReport0": "2024-03-11 10:07:44",
        "SprintReview0": "2024-03-11 10:07:46",
        "SprintReviewMeetings0": "2024-03-11 10:07:47",
        "RepairResponse0": "2024-03-11 10:07:49",
        "Code1": "2024-03-11 10:07:49",
        "ScriptResult1": "2024-03-11 10:07:49",
        "TestReport1": "2024-03-11 10:07:52",
        "SprintReview1": "2024-03-11 10:07:54",
        "SprintReviewMeetings1": "2024-03-11 10:07:57",
        "RepairResponse1": "2024-03-11 10:08:01"
    },
    "task-id": 126,
    "workflow": "agile/agile_version_0.0.5_remove.json",
    "Discussion": "[ScrumMaster]says: We have a job: def sum(a,b): \n'''Write a python function to find the sum of common divisors of two given numbers.\nassert sum(10,15) == 6'''\n, do you have any ideas?\n-----\n\n[Tester]says: As a Tester, I would suggest conducting thorough unit testing for the sum function to ensure it accurately calculates the sum of common divisors.\n-----\n\n[ProductOwner]says: As a Product Owner, I think the first step is to understand the user requirements and prioritize the features for the product.\n-----\n\n[Developer]says: As a Developer, I think we should start by brainstorming the logic needed to find the common divisors and then work on implementing the function in Python.\n-----\n\n[Architect]says: As an Architect, I think the first step is to analyze the requirements and design a solution that efficiently finds the sum of common divisors for any given numbers.\n-----\n\n[Developer]says: As a Developer, I will start by brainstorming the logic needed to find the common divisors and then work on implementing the function in Python.\n-----\n\n[Tester]says: As a Tester, I would suggest conducting thorough unit testing for the sum function to ensure it accurately calculates the sum of common divisors.\n-----\n\n[Architect]says: As an Architect, I will analyze the requirements and design a solution that efficiently finds the sum of common divisors for any given numbers.\n-----\n\n[ProductOwner]says: As a Product Owner, I believe it is important to gather user requirements and prioritize features for the product to meet their needs effectively.\n-----\n",
    "DisorderedSprintMeetings": "{\n  \"product-owner\":[\"Understand user requirements\", \"Prioritize product features\"],\n  \"architect\":[\"Analyze requirements\", \"Design efficient solution\"],\n  \"developer\":[\"Brainstorm logic\", \"Implement function in Python\"],\n  \"tester\":[\"Conduct thorough unit testing\", \"Ensure accurate calculation of common divisors\"]\n}",
    "DisorderedSprintMeetings_prompt": "{\"Role\": \"You are a professional scrum master. Your goal is to breakdown the Discussion History into a task list for the scrum team.\", \"Instruction\": \"1. Read and Understand the Discussion History. 2. Define the tasks for four roles: product-owner/architect/developer/tester. 3. Response in JSON format.\", \"Example\": \"{\\\"product-owner\\\":[\\\"task1\\\",\\\"task2\\\"],\\\"architect\\\":[\\\"task1\\\",\\\"task2\\\"], \\\"developer\\\":[\\\"task1\\\",\\\"task2\\\"], \\\"tester\\\":[\\\"task1\\\",\\\"task2\\\"]}\", \"Context\": \"[ScrumMaster]says: We have a job: def sum(a,b): \\n'''Write a python function to find the sum of common divisors of two given numbers.\\nassert sum(10,15) == 6'''\\n, do you have any ideas?\\n-----\\n\\n[Tester]says: As a Tester, I would suggest conducting thorough unit testing for the sum function to ensure it accurately calculates the sum of common divisors.\\n-----\\n\\n[ProductOwner]says: As a Product Owner, I think the first step is to understand the user requirements and prioritize the features for the product.\\n-----\\n\\n[Developer]says: As a Developer, I think we should start by brainstorming the logic needed to find the common divisors and then work on implementing the function in Python.\\n-----\\n\\n[Architect]says: As an Architect, I think the first step is to analyze the requirements and design a solution that efficiently finds the sum of common divisors for any given numbers.\\n-----\\n\\n[Developer]says: As a Developer, I will start by brainstorming the logic needed to find the common divisors and then work on implementing the function in Python.\\n-----\\n\\n[Tester]says: As a Tester, I would suggest conducting thorough unit testing for the sum function to ensure it accurately calculates the sum of common divisors.\\n-----\\n\\n[Architect]says: As an Architect, I will analyze the requirements and design a solution that efficiently finds the sum of common divisors for any given numbers.\\n-----\\n\\n[ProductOwner]says: As a Product Owner, I believe it is important to gather user requirements and prioritize features for the product to meet their needs effectively.\\n-----\\n\", \"Question\": \"Follow the Instruction section. The Discussion History is in the Context section. You only need to return a task list as the Example section.\"}",
    "UserStoryDraft0": "{\n  \"UserStory\": {\n    \"title\": \"Calculate sum of common divisors\",\n    \"as_a\": \"product owner\",\n    \"i_want_to\": \"prioritize the feature of finding the sum of common divisors of two given numbers\",\n    \"so_that\": \"users can easily calculate the sum of common divisors for any two numbers\"\n  }\n}",
    "UserStoryDraft0_prompt": "{\"Role\": \"You need to act as a professional product owner. Your task is to write a UserStory\", \"Instruction\": \"According to the Context, please analyze the requirement and write your response. Response in JSON format. Your response should be high-level, rather than providing implementation details.\", \"Example\": \"\", \"Context\": [\"Understand user requirements\", \"Prioritize product features\"], \"Question\": \"Follow the Instruction. The requirement is as follows:\\ndef sum(a,b): \\n'''Write a python function to find the sum of common divisors of two given numbers.\\nassert sum(10,15) == 6'''\\n\"}",
    "AnalyzeMeetings": "{\n  \"Architect\": \"As an architect, I suggest implementing a modular and reusable function for finding the sum of common divisors, to ensure scalability and maintainability of the codebase.\",\n  \"Tester\": \"As a tester, I suggest writing comprehensive unit tests for the function that calculates the sum of common divisors, covering both edge cases and typical scenarios to ensure its accuracy and reliability.\"\n}",
    "UserStory0": "{\n  \"RevisedDocument\": {\n    \"UserStory\": {\n      \"title\": \"Calculate sum of common divisors\",\n      \"as_a\": \"product owner\",\n      \"i_want_to\": \"prioritize the feature of finding the sum of common divisors of two given numbers\",\n      \"so_that\": \"users can easily calculate the sum of common divisors for any two numbers\"\n    },\n    \"Suggestions\": {\n      \"Architect\": \"As an architect, I will implement a modular and reusable function for finding the sum of common divisors to ensure scalability and maintainability of the codebase.\",\n      \"Tester\": \"As a tester, I will write comprehensive unit tests for the function that calculates the sum of common divisors, covering both edge cases and typical scenarios to ensure its accuracy and reliability.\"\n    }\n  }\n}",
    "UserStory0_prompt": {
        "Role": "You need to act as a professional product owner. Your duty is to revise the document based on the suggestions.",
        "Instruction": "1. Read the suggestions. 2. Revise your draft version document. 3. Response in JSON format. 4. REMEMBER: Your analysis should be high-level, rather than providing implementation details.",
        "Example": "",
        "Context": "# Suggestion:\n{\n  \"Architect\": \"As an architect, I suggest implementing a modular and reusable function for finding the sum of common divisors, to ensure scalability and maintainability of the codebase.\",\n  \"Tester\": \"As a tester, I suggest writing comprehensive unit tests for the function that calculates the sum of common divisors, covering both edge cases and typical scenarios to ensure its accuracy and reliability.\"\n}",
        "Question": "Follow the Instruction. Your colleague give you some suggestions(in the Context section) about this draft document:{\n  \"UserStory\": {\n    \"title\": \"Calculate sum of common divisors\",\n    \"as_a\": \"product owner\",\n    \"i_want_to\": \"prioritize the feature of finding the sum of common divisors of two given numbers\",\n    \"so_that\": \"users can easily calculate the sum of common divisors for any two numbers\"\n  }\n}"
    },
    "CodeDraft0": "def sum(a, b):\n    '''Write a python function to find the sum of common divisors of two given numbers.'''\n    common_divisors = []\n    for i in range(1, min(a, b) + 1):\n        if a % i == 0 and b % i == 0:\n            common_divisors.append(i)\n    return sum(common_divisors)\n\nassert sum(10, 15) == 6",
    "CodeDraft0_prompt": {
        "Role": "You are a professional engineer. Your duty is to write code in Python that meets the requirements. Ensure that the code you write is efficient, readable, and follows best practices. Remember, do not need to explain the code you wrote.",
        "Instruction": "According to the Context section, write your code.",
        "Example": "",
        "Context": "# Tasks:\n['Brainstorm logic', 'Implement function in Python']",
        "Question": "Follow the Instruction section. Complete the following code:\ndef sum(a,b): \n'''Write a python function to find the sum of common divisors of two given numbers.\nassert sum(10,15) == 6'''\n"
    },
    "CodeReviewMeetings0": "{\n  \"Architect\": \"The code looks good, but I would suggest adding input validation to check if both a and b are positive integers. Also, consider optimizing the code to avoid redundant calculations in the loop by checking the common divisors only up to the square root of the smallest number.\",\n  \"Tester\": \"I would suggest adding more test cases to cover a wider range of input values, such as negative numbers, zero, and large numbers. Also, consider testing edge cases such as when one of the numbers is 1 or both numbers are the same.\"\n}",
    "Code0CR": "def sum(a, b):\n    '''Write a python function to find the sum of common divisors of two given numbers.\n    assert sum(10,15) == 6'''\n    # Add input validation\n    if type(a) != int or type(b) != int or a <= 0 or b <= 0:\n        return \"Please enter positive integers for both a and b.\"\n\n    # Find the smallest number\n    smallest = min(a, b)\n\n    # Find common divisors only up to the square root of the smallest number\n    common_divisors = []\n    for i in range(1, int(smallest**0.5) + 1):\n        if a % i == 0 and b % i == 0:\n            common_divisors.append(i)\n            if i != smallest//i:\n                common_divisors.append(smallest//i)\n\n    # Calculate the sum of common divisors\n    return sum(common_divisors)\n\n# Add more test cases\nassert sum(10, 15) == 6\nassert sum(18, 27) == 18\nassert sum(7, 9) == 1\nassert sum(1, 1) == 1",
    "Code0CR_prompt": "{\"Role\": \"You are a professional software engineer. Your duty is to write code in Python that meets the requirements. Ensure that the code you write is efficient, readable, and follows best practices. Remember, do not need to explain the code you wrote.\", \"Instruction\": \"1. Understand the suggestions(in the Context section) about the original code. 2. Rewrite your code.\", \"Example\": \"\", \"Context\": \"# Tasks:\\n['Brainstorm logic', 'Implement function in Python']\\n# Suggestions:\\n{\\n  \\\"Architect\\\": \\\"The code looks good, but I would suggest adding input validation to check if both a and b are positive integers. Also, consider optimizing the code to avoid redundant calculations in the loop by checking the common divisors only up to the square root of the smallest number.\\\",\\n  \\\"Tester\\\": \\\"I would suggest adding more test cases to cover a wider range of input values, such as negative numbers, zero, and large numbers. Also, consider testing edge cases such as when one of the numbers is 1 or both numbers are the same.\\\"\\n}\", \"Question\": \"Follow the Instruction section. Complete the following code:\\ndef sum(a,b): \\n'''Write a python function to find the sum of common divisors of two given numbers.\\nassert sum(10,15) == 6'''\\n\"}",
    "FinalCode": "def sum(a, b):\n    common_divisors = []\n    for i in range(1, min(a, b) + 1):\n        if a % i == 0 and b % i == 0:\n            common_divisors.append(i)\n    return sum(common_divisors)",
    "Test Cases Draft": "{\n  \"Test cases\": [\n    {\n      \"Test Title\": \"Positive Test Case\",\n      \"Input Data\": \"parameter1=10, parameter2=15\",\n      \"Expected Output\": \"6\"\n    },\n    {\n      \"Test Title\": \"Negative Test Case\",\n      \"Input Data\": \"parameter1=1, parameter2=0\",\n      \"Expected Output\": \"0\"\n    }\n  ]\n}",
    "Test Cases Draft_prompt": "{\"Role\": \"You are a quality assurance engineer. Your duty is to design test cases for the developers.\", \"Instruction\": \"According to the Context section, write test cases. Don't write long strings in your test cases. Response in JSON format.\", \"Example\": \"{\\\"requirement analysis\\\":\\\"analysis\\\",\\\"test_cases\\\":[{\\\"Test Title\\\":\\\"title\\\", \\\"Input Data\\\":\\\"parameter1=[1,2,3],parameter2='123'\\\", \\\"Expected Output\\\":\\\"456\\\"},]}\", \"Context\": \"# UsrtStory:\\n{\\n  \\\"RevisedDocument\\\": {\\n    \\\"UserStory\\\": {\\n      \\\"title\\\": \\\"Calculate sum of common divisors\\\",\\n      \\\"as_a\\\": \\\"product owner\\\",\\n      \\\"i_want_to\\\": \\\"prioritize the feature of finding the sum of common divisors of two given numbers\\\",\\n      \\\"so_that\\\": \\\"users can easily calculate the sum of common divisors for any two numbers\\\"\\n    },\\n    \\\"Suggestions\\\": {\\n      \\\"Architect\\\": \\\"As an architect, I will implement a modular and reusable function for finding the sum of common divisors to ensure scalability and maintainability of the codebase.\\\",\\n      \\\"Tester\\\": \\\"As a tester, I will write comprehensive unit tests for the function that calculates the sum of common divisors, covering both edge cases and typical scenarios to ensure its accuracy and reliability.\\\"\\n    }\\n  }\\n}\\n# Tasks:\\n['Conduct thorough unit testing', 'Ensure accurate calculation of common divisors']\\n\", \"Question\": \"def sum(a,b): \\n'''Write a python function to find the sum of common divisors of two given numbers.\\nassert sum(10,15) == 6'''\\n\"}",
    "Test Cases Meetings": "{\n  \"Architect\": \"As an architect, I would suggest revising the test cases to include more comprehensive input data and expected outputs. Additionally, it would be beneficial to include boundary test cases and edge cases to ensure thorough testing of the system.\",\n  \"Developer\": \"As a developer, I would suggest adding additional test cases to cover different scenarios, such as testing with negative input values, testing with null values, and testing with large input values to ensure the robustness of the system.\"\n}",
    "Test Cases": "{\n  \"Revised Test Cases\": [\n    {\n      \"Test Title\": \"Positive Test Case\",\n      \"Input Data\": \"parameter1=[1,2,5,10],parameter2=[1,3,5,15]\",\n      \"Expected Output\": \"6\"\n    },\n    {\n      \"Test Title\": \"Negative Test Case\",\n      \"Input Data\": \"parameter1=[-1,-2,-5,-10],parameter2=[0,0,0,0]\",\n      \"Expected Output\": \"0\"\n    },\n    {\n      \"Test Title\": \"Boundary Test Case\",\n      \"Input Data\": \"parameter1=[1,2,3,10],parameter2=[1,3,5,15]\",\n      \"Expected Output\": \"1\"\n    },\n    {\n      \"Test Title\": \"Edge Test Case\",\n      \"Input Data\": \"parameter1=[1,2,3,10],parameter2=[1,15]\",\n      \"Expected Output\": \"1\"\n    }\n  ]\n}",
    "Test Cases_prompt": "{\"Role\": \"You are a quality assurance engineer. Your duty is to revise the test cases based on the suggestions.\", \"Instruction\": \"1. Your colleague give you some suggestions(in the Context section) about the draft test cases, read these suggestions. 2. Revise your draft version test cases, but don't use long parameters. 3. Response in JSON format.\", \"Example\": \"{\\\"requirement analysis\\\":\\\"analysis\\\",\\\"test_cases\\\":[{\\\"Test Title\\\":\\\"title\\\", \\\"Input Data\\\":\\\"parameter1=[1,2,3],parameter2='123'\\\", \\\"Expected Output\\\":\\\"456\\\"},]}\", \"Context\": \"# Suggestions:\\n{\\n  \\\"Architect\\\": \\\"As an architect, I would suggest revising the test cases to include more comprehensive input data and expected outputs. Additionally, it would be beneficial to include boundary test cases and edge cases to ensure thorough testing of the system.\\\",\\n  \\\"Developer\\\": \\\"As a developer, I would suggest adding additional test cases to cover different scenarios, such as testing with negative input values, testing with null values, and testing with large input values to ensure the robustness of the system.\\\"\\n}\\n # Draft Test cases:\\n{\\n  \\\"Test cases\\\": [\\n    {\\n      \\\"Test Title\\\": \\\"Positive Test Case\\\",\\n      \\\"Input Data\\\": \\\"parameter1=10, parameter2=15\\\",\\n      \\\"Expected Output\\\": \\\"6\\\"\\n    },\\n    {\\n      \\\"Test Title\\\": \\\"Negative Test Case\\\",\\n      \\\"Input Data\\\": \\\"parameter1=1, parameter2=0\\\",\\n      \\\"Expected Output\\\": \\\"0\\\"\\n    }\\n  ]\\n}\", \"Question\": \"Follow the Instruction. Please make sure your response length are less than 512. Your test cases is for the below question:\\ndef sum(a,b): \\n'''Write a python function to find the sum of common divisors of two given numbers.\\nassert sum(10,15) == 6'''\\n\"}",
    "Code0": "def sum(a, b):\n    # Add input validation\n    if type(a) != int or type(b) != int or a <= 0 or b <= 0:\n        return \"Please enter positive integers for both a and b.\"\n\n    # Find the smallest number\n    smallest = min(a, b)\n\n    # Find common divisors only up to the square root of the smallest number\n    common_divisors = []\n    for i in range(1, int(smallest**0.5) + 1):\n        if a % i == 0 and b % i == 0:\n            common_divisors.append(i)\n            if i != smallest//i:\n                common_divisors.append(smallest//i)\n\n    # Calculate the sum of common divisors\n    return sum(common_divisors)",
    "Code0_prompt": {
        "Role": "You are a professional software engineer. Your duty is to write code in Python that meets the requirements. Ensure that the code you write is efficient, readable, and follows best practices. Remember, do not need to explain the code you wrote.",
        "Instruction": "1. Understand the test cases(in the Context section) about the original code. 2. Rewrite your code, make sure your code pass all test cases.",
        "Example": "",
        "Context": "# Original Code:\ndef sum(a, b):\n    '''Write a python function to find the sum of common divisors of two given numbers.\n    assert sum(10,15) == 6'''\n    # Add input validation\n    if type(a) != int or type(b) != int or a <= 0 or b <= 0:\n        return \"Please enter positive integers for both a and b.\"\n\n    # Find the smallest number\n    smallest = min(a, b)\n\n    # Find common divisors only up to the square root of the smallest number\n    common_divisors = []\n    for i in range(1, int(smallest**0.5) + 1):\n        if a % i == 0 and b % i == 0:\n            common_divisors.append(i)\n            if i != smallest//i:\n                common_divisors.append(smallest//i)\n\n    # Calculate the sum of common divisors\n    return sum(common_divisors)\n\n# Add more test cases\nassert sum(10, 15) == 6\nassert sum(18, 27) == 18\nassert sum(7, 9) == 1\nassert sum(1, 1) == 1\n# Test Cases:\n{\n  \"Revised Test Cases\": [\n    {\n      \"Test Title\": \"Positive Test Case\",\n      \"Input Data\": \"parameter1=[1,2,5,10],parameter2=[1,3,5,15]\",\n      \"Expected Output\": \"6\"\n    },\n    {\n      \"Test Title\": \"Negative Test Case\",\n      \"Input Data\": \"parameter1=[-1,-2,-5,-10],parameter2=[0,0,0,0]\",\n      \"Expected Output\": \"0\"\n    },\n    {\n      \"Test Title\": \"Boundary Test Case\",\n      \"Input Data\": \"parameter1=[1,2,3,10],parameter2=[1,3,5,15]\",\n      \"Expected Output\": \"1\"\n    },\n    {\n      \"Test Title\": \"Edge Test Case\",\n      \"Input Data\": \"parameter1=[1,2,3,10],parameter2=[1,15]\",\n      \"Expected Output\": \"1\"\n    }\n  ]\n}",
        "Question": "def sum(a,b): \n'''Write a python function to find the sum of common divisors of two given numbers.\nassert sum(10,15) == 6'''\n"
    },
    "TestScriptOriginal": "import unittest\n\ndef sum(a, b):\n    '''Write a python function to find the sum of common divisors of two given numbers.'''\n    common_divisors = []\n    for i in range(1, min(a, b) + 1):\n        if a % i == 0 and b % i == 0:\n            common_divisors.append(i)\n    return sum(common_divisors)\n\nclass Test(unittest.TestCase):\n    def test(self):\n        self.assertEqual(sum(10, 15), 6)\n\nif __name__ == '__main__':\n    unittest.main()",
    "TestScriptOriginal_prompt": "{\"Role\": \"You are a quality assurance engineer. Your duty is to write a python test script in unittest framework.\", \"Instruction\": \"1. Write a python test script. 2. Use the input and output given by the question.\", \"Example\": \"import unittest\\n\\nclass Test(unittest.TestCase):\\n    def test(self):\\n        self.assertEqual(function_under_test('a'), 1)\\n\\nif __name__ == '__main__':\\n    unittest.main()\", \"Context\": \"\", \"Question\": \"def sum(a,b): \\n'''Write a python function to find the sum of common divisors of two given numbers.\\nassert sum(10,15) == 6'''\\n\"}",
    "TestScript": "import unittest\n\nclass Test(unittest.TestCase):\n    def test(self):\n        self.assertEqual(sum(10, 15), 6)\n\nif __name__ == '__main__':\n    unittest.main()",
    "ScriptResult0": "E\n======================================================================\nERROR: test (__main__.Test)\n----------------------------------------------------------------------\nTraceback (most recent call last):\n  File \"/Users/watch/PycharmProjects/XXXX-1-LLM/workspace/2024-03-11_10-07-15-503697/test_script.py\", line 23, in test\n    self.assertEqual(sum(10, 15), 6)\n  File \"/Users/watch/PycharmProjects/XXXX-1-LLM/workspace/2024-03-11_10-07-15-503697/test_script.py\", line 18, in sum\n    return sum(common_divisors)\nTypeError: sum() missing 1 required positional argument: 'b'\n\n----------------------------------------------------------------------\nRan 1 test in 0.000s\n\nFAILED (errors=1)\n",
    "TestReport0": "Test Report\n\nTest Script's Output:\nE\n======================================================================\nERROR: test (__main__.Test)\n----------------------------------------------------------------------\nTraceback (most recent call last):\n  File \"/Users/watch/PycharmProjects/XXXX-1-LLM/workspace/2024-03-11_10-07-15-503697/test_script.py\", line 23, in test\n    self.assertEqual(sum(10, 15), 6)\n  File \"/Users/watch/PycharmProjects/XXXX-1-LLM/workspace/2024-03-11_10-07-15-503697/test_script.py\", line 18, in sum\n    return sum(common_divisors)\nTypeError: sum() missing 1 required positional argument: 'b'\n\n----------------------------------------------------------------------\nRan 1 test in 0.000s\n\nFAILED (errors=1)\n\nTest Conclusion: Code Test Failed\n\nInput and Expected Output Example:\n- Input: sum(10, 15)\n- Expected Output: 6\n\nActual Output:\n- Error: sum() missing 1 required positional argument: 'b'\n\nAnalysis: The test script has failed due to a missing positional argument 'b' in the sum function. The code did not pass the test due to this error.\n\nRecommendation: The code needs to be revised to ensure that the sum function has all required positional arguments to avoid errors in the future.\n\nCode Test Result: Failed",
    "SprintReview0": "[ScrumMaster]says: Here is our test Report: Test Report\n\nTest Script's Output:\nE\n======================================================================\nERROR: test (__main__.Test)\n----------------------------------------------------------------------\nTraceback (most recent call last):\n  File \"/Users/watch/PycharmProjects/XXXX-1-LLM/workspace/2024-03-11_10-07-15-503697/test_script.py\", line 23, in test\n    self.assertEqual(sum(10, 15), 6)\n  File \"/Users/watch/PycharmProjects/XXXX-1-LLM/workspace/2024-03-11_10-07-15-503697/test_script.py\", line 18, in sum\n    return sum(common_divisors)\nTypeError: sum() missing 1 required positional argument: 'b'\n\n----------------------------------------------------------------------\nRan 1 test in 0.000s\n\nFAILED (errors=1)\n\nTest Conclusion: Code Test Failed\n\nInput and Expected Output Example:\n- Input: sum(10, 15)\n- Expected Output: 6\n\nActual Output:\n- Error: sum() missing 1 required positional argument: 'b'\n\nAnalysis: The test script has failed due to a missing positional argument 'b' in the sum function. The code did not pass the test due to this error.\n\nRecommendation: The code needs to be revised to ensure that the sum function has all required positional arguments to avoid errors in the future.\n\nCode Test Result: Failed, do you have any ideas?\n-----\n\n[Tester]says: As a Tester, I recommend reviewing the code to ensure all required positional arguments are included in the sum function to avoid future errors.\n-----\n\n[Architect]says: As an Architect, I recommend reviewing and revising the code to ensure all required positional arguments are included in the sum function to avoid future errors.\n-----\n\n[ProductOwner]says: As a Product Owner, I think we should prioritize fixing the issue with the sum function in order to pass the test and move forward with the development process.\n-----\n\n[Developer]says: As a Developer, I will review the test script and address the missing positional argument 'b' in the sum function to ensure it passes the test in the future.\n-----\n\n[Tester]says: As a Tester, I recommend reviewing the code to ensure all required positional arguments are included in the sum function to avoid future errors.\n-----\n\n[Architect]says: As an Architect, I recommend reviewing and revising the code to ensure all required positional arguments are included in the sum function to avoid future errors.\n-----\n\n[ProductOwner]says: As a Product Owner, I think we should prioritize fixing the issue with the sum function in order to pass the test and move forward with the development process.\n-----\n\n[Developer]says: As a Developer, I will review the test script and address the missing positional argument 'b' in the sum function to ensure it passes the test in the future.\n-----\n",
    "SprintReviewMeetings0": "{\n  \"product-owner\":[\"I think we should prioritize fixing the issue with the sum function in order to pass the test and move forward with the development process.\"],\n  \"architect\":[\"I recommend reviewing and revising the code to ensure all required positional arguments are included in the sum function to avoid future errors.\"],\n  \"developer\":[\"I will review the test script and address the missing positional argument 'b' in the sum function to ensure it passes the test in the future.\"],\n  \"tester\":[\"I recommend reviewing the code to ensure all required positional arguments are included in the sum function to avoid future errors.\"]\n}",
    "SprintReviewMeetings0_prompt": "{\"Role\": \"You are a professional scrum master. Your goal is to summary the Discussion History into a suggestions list for the scrum team.\", \"Instruction\": \"1. Read and Understand the Discussion History. 2. Summary the suggestions from four roles: product-owner/architect/developer/tester. 3. Response in JSON format.\", \"Example\": \"{\\\"product-owner\\\":[\\\"suggestion1\\\",\\\"suggestion2\\\"],\\\"architect\\\":[\\\"suggestion1\\\",\\\"suggestion2\\\"], \\\"developer\\\":[\\\"suggestion1\\\",\\\"suggestion2\\\"], \\\"tester\\\":[\\\"suggestion1\\\",\\\"suggestion2\\\"]}\", \"Context\": \"[ScrumMaster]says: Here is our test Report: Test Report\\n\\nTest Script's Output:\\nE\\n======================================================================\\nERROR: test (__main__.Test)\\n----------------------------------------------------------------------\\nTraceback (most recent call last):\\n  File \\\"/Users/watch/PycharmProjects/XXXX-1-LLM/workspace/2024-03-11_10-07-15-503697/test_script.py\\\", line 23, in test\\n    self.assertEqual(sum(10, 15), 6)\\n  File \\\"/Users/watch/PycharmProjects/XXXX-1-LLM/workspace/2024-03-11_10-07-15-503697/test_script.py\\\", line 18, in sum\\n    return sum(common_divisors)\\nTypeError: sum() missing 1 required positional argument: 'b'\\n\\n----------------------------------------------------------------------\\nRan 1 test in 0.000s\\n\\nFAILED (errors=1)\\n\\nTest Conclusion: Code Test Failed\\n\\nInput and Expected Output Example:\\n- Input: sum(10, 15)\\n- Expected Output: 6\\n\\nActual Output:\\n- Error: sum() missing 1 required positional argument: 'b'\\n\\nAnalysis: The test script has failed due to a missing positional argument 'b' in the sum function. The code did not pass the test due to this error.\\n\\nRecommendation: The code needs to be revised to ensure that the sum function has all required positional arguments to avoid errors in the future.\\n\\nCode Test Result: Failed, do you have any ideas?\\n-----\\n\\n[Tester]says: As a Tester, I recommend reviewing the code to ensure all required positional arguments are included in the sum function to avoid future errors.\\n-----\\n\\n[Architect]says: As an Architect, I recommend reviewing and revising the code to ensure all required positional arguments are included in the sum function to avoid future errors.\\n-----\\n\\n[ProductOwner]says: As a Product Owner, I think we should prioritize fixing the issue with the sum function in order to pass the test and move forward with the development process.\\n-----\\n\\n[Developer]says: As a Developer, I will review the test script and address the missing positional argument 'b' in the sum function to ensure it passes the test in the future.\\n-----\\n\\n[Tester]says: As a Tester, I recommend reviewing the code to ensure all required positional arguments are included in the sum function to avoid future errors.\\n-----\\n\\n[Architect]says: As an Architect, I recommend reviewing and revising the code to ensure all required positional arguments are included in the sum function to avoid future errors.\\n-----\\n\\n[ProductOwner]says: As a Product Owner, I think we should prioritize fixing the issue with the sum function in order to pass the test and move forward with the development process.\\n-----\\n\\n[Developer]says: As a Developer, I will review the test script and address the missing positional argument 'b' in the sum function to ensure it passes the test in the future.\\n-----\\n\", \"Question\": \"Follow the Instruction section. The Discussion History is in the Context section. You only need to return a list as the Example section.\"}",
    "RepairResponse0": "{\n  \"revised_code\": \"def sum(a, b):\\n    common_divisors = []\\n    for i in range(1, min(a, b) + 1):\\n        if a % i == 0 and b % i == 0:\\n            common_divisors.append(i)\\n    return sum(common_divisors)\"\n}",
    "RepairResponse0_prompt": {
        "Role": "You are a professional software engineer. Your duty is to write code in Python that meets the requirements. Ensure that the code you write is efficient, readable, and follows best practices. Remember, do not need to explain the code you wrote.",
        "Instruction": "1. Rewrite a bug fix version of the original code. 2. Response in JSON format.",
        "Example": "{\"revised_code\":\"...\"}",
        "Context": "# Test Report:\nTest Report\n\nTest Script's Output:\nE\n======================================================================\nERROR: test (__main__.Test)\n----------------------------------------------------------------------\nTraceback (most recent call last):\n  File \"/Users/watch/PycharmProjects/XXXX-1-LLM/workspace/2024-03-11_10-07-15-503697/test_script.py\", line 23, in test\n    self.assertEqual(sum(10, 15), 6)\n  File \"/Users/watch/PycharmProjects/XXXX-1-LLM/workspace/2024-03-11_10-07-15-503697/test_script.py\", line 18, in sum\n    return sum(common_divisors)\nTypeError: sum() missing 1 required positional argument: 'b'\n\n----------------------------------------------------------------------\nRan 1 test in 0.000s\n\nFAILED (errors=1)\n\nTest Conclusion: Code Test Failed\n\nInput and Expected Output Example:\n- Input: sum(10, 15)\n- Expected Output: 6\n\nActual Output:\n- Error: sum() missing 1 required positional argument: 'b'\n\nAnalysis: The test script has failed due to a missing positional argument 'b' in the sum function. The code did not pass the test due to this error.\n\nRecommendation: The code needs to be revised to ensure that the sum function has all required positional arguments to avoid errors in the future.\n\nCode Test Result: Failed# suggestions:\n{\"product-owner\": [\"I think we should prioritize fixing the issue with the sum function in order to pass the test and move forward with the development process.\"], \"architect\": [\"I recommend reviewing and revising the code to ensure all required positional arguments are included in the sum function to avoid future errors.\"], \"developer\": [\"I will review the test script and address the missing positional argument 'b' in the sum function to ensure it passes the test in the future.\"], \"tester\": [\"I recommend reviewing the code to ensure all required positional arguments are included in the sum function to avoid future errors.\"]}",
        "Question": "The original code has some bugs, according to the test report and suggestions, rewrite the code. Complete the following code:\ndef sum(a,b): \n'''Write a python function to find the sum of common divisors of two given numbers.\nassert sum(10,15) == 6'''\n"
    },
    "Code1": "def sum(a, b):\n    common_divisors = []\n    for i in range(1, min(a, b) + 1):\n        if a % i == 0 and b % i == 0:\n            common_divisors.append(i)\n    return sum(common_divisors)",
    "ScriptResult1": "E\n======================================================================\nERROR: test (__main__.Test)\n----------------------------------------------------------------------\nTraceback (most recent call last):\n  File \"/Users/watch/PycharmProjects/XXXX-1-LLM/workspace/2024-03-11_10-07-15-503697/test_script.py\", line 11, in test\n    self.assertEqual(sum(10, 15), 6)\n  File \"/Users/watch/PycharmProjects/XXXX-1-LLM/workspace/2024-03-11_10-07-15-503697/test_script.py\", line 6, in sum\n    return sum(common_divisors)\nTypeError: sum() missing 1 required positional argument: 'b'\n\n----------------------------------------------------------------------\nRan 1 test in 0.000s\n\nFAILED (errors=1)\n",
    "TestReport1": "Test Report\n\nTest Script Output:\nE\n======================================================================\nERROR: test (__main__.Test)\n----------------------------------------------------------------------\nTraceback (most recent call last):\n  File \"/Users/watch/PycharmProjects/XXXX-1-LLM/workspace/2024-03-11_10-07-15-503697/test_script.py\", line 11, in test\n    self.assertEqual(sum(10, 15), 6)\n  File \"/Users/watch/PycharmProjects/XXXX-1-LLM/workspace/2024-03-11_10-07-15-503697/test_script.py\", line 6, in sum\n    return sum(common_divisors)\nTypeError: sum() missing 1 required positional argument: 'b'\n\n----------------------------------------------------------------------\nRan 1 test in 0.000s\n\nFAILED (errors=1)\n\nTest Conclusion: \nThe code has FAILED the test. \n\nInput and Expected Output Example:\ndef sum(a, b):\n    common_divisors = []\n    for i in range(1, min(a, b) + 1):\n        if a % i == 0 and b % i == 0:\n            common_divisors.append(i)\n    return sum(common_divisors)\n\nThe code is missing a required positional argument 'b' in the sum() function, which results in the test failure. \n\nRecommendation:\nThis issue needs to be addressed and the code should be modified to include the required positional argument 'b' in the sum() function.\n\nCode Test: FAIL",
    "SprintReview1": "[ScrumMaster]says: Here is our test Report: Test Report\n\nTest Script Output:\nE\n======================================================================\nERROR: test (__main__.Test)\n----------------------------------------------------------------------\nTraceback (most recent call last):\n  File \"/Users/watch/PycharmProjects/XXXX-1-LLM/workspace/2024-03-11_10-07-15-503697/test_script.py\", line 11, in test\n    self.assertEqual(sum(10, 15), 6)\n  File \"/Users/watch/PycharmProjects/XXXX-1-LLM/workspace/2024-03-11_10-07-15-503697/test_script.py\", line 6, in sum\n    return sum(common_divisors)\nTypeError: sum() missing 1 required positional argument: 'b'\n\n----------------------------------------------------------------------\nRan 1 test in 0.000s\n\nFAILED (errors=1)\n\nTest Conclusion: \nThe code has FAILED the test. \n\nInput and Expected Output Example:\ndef sum(a, b):\n    common_divisors = []\n    for i in range(1, min(a, b) + 1):\n        if a % i == 0 and b % i == 0:\n            common_divisors.append(i)\n    return sum(common_divisors)\n\nThe code is missing a required positional argument 'b' in the sum() function, which results in the test failure. \n\nRecommendation:\nThis issue needs to be addressed and the code should be modified to include the required positional argument 'b' in the sum() function.\n\nCode Test: FAIL, do you have any ideas?\n-----\n\n[Developer]says: As a Developer, I think we should review the sum() function and ensure that it includes the required positional argument 'b'.\n-----\n\n[Tester]says: As a tester, I recommend reviewing and modifying the code to include the required positional argument 'b' in the sum() function to address the test failure.\n-----\n\n[ProductOwner]says: As the Product Owner, I think we should prioritize fixing the issue with the missing positional argument 'b' in the sum() function before proceeding with any further development.\n-----\n\n[Architect]says: As an architect, it is important to review the test report and address the issue of the missing positional argument 'b' in the sum() function to ensure the code passes the test.\n-----\n\n[Tester]says: As a Tester, I recommend reviewing and modifying the code to include the required positional argument 'b' in the sum() function to address the test failure.\n-----\n\n[Developer]says: As a Developer, I will review the sum() function and make sure it includes the required positional argument 'b' to address the test failure.\n-----\n\n[ProductOwner]says: As the Product Owner, I think we should prioritize fixing the issue with the missing positional argument 'b' in the sum() function before proceeding with any further development.\n-----\n\n[Architect]says: As an architect, I will review the test report and ensure that the issue of the missing positional argument 'b' in the sum() function is addressed to ensure the code passes the test.\n-----\n",
    "SprintReviewMeetings1": "{\n  \"product-owner\": [\n    \"We should prioritize fixing the issue with the missing positional argument 'b' in the sum() function before proceeding with any further development.\"\n  ],\n  \"architect\": [\n    \"It is important to review the test report and address the issue of the missing positional argument 'b' in the sum() function to ensure the code passes the test.\"\n  ],\n  \"developer\": [\n    \"We should review the sum() function and ensure that it includes the required positional argument 'b'.\",\n    \"I will review the sum() function and make sure it includes the required positional argument 'b' to address the test failure.\"\n  ],\n  \"tester\": [\n    \"I recommend reviewing and modifying the code to include the required positional argument 'b' in the sum() function to address the test failure.\"\n  ]\n}",
    "SprintReviewMeetings1_prompt": "{\"Role\": \"You are a professional scrum master. Your goal is to summary the Discussion History into a suggestions list for the scrum team.\", \"Instruction\": \"1. Read and Understand the Discussion History. 2. Summary the suggestions from four roles: product-owner/architect/developer/tester. 3. Response in JSON format.\", \"Example\": \"{\\\"product-owner\\\":[\\\"suggestion1\\\",\\\"suggestion2\\\"],\\\"architect\\\":[\\\"suggestion1\\\",\\\"suggestion2\\\"], \\\"developer\\\":[\\\"suggestion1\\\",\\\"suggestion2\\\"], \\\"tester\\\":[\\\"suggestion1\\\",\\\"suggestion2\\\"]}\", \"Context\": \"[ScrumMaster]says: Here is our test Report: Test Report\\n\\nTest Script Output:\\nE\\n======================================================================\\nERROR: test (__main__.Test)\\n----------------------------------------------------------------------\\nTraceback (most recent call last):\\n  File \\\"/Users/watch/PycharmProjects/XXXX-1-LLM/workspace/2024-03-11_10-07-15-503697/test_script.py\\\", line 11, in test\\n    self.assertEqual(sum(10, 15), 6)\\n  File \\\"/Users/watch/PycharmProjects/XXXX-1-LLM/workspace/2024-03-11_10-07-15-503697/test_script.py\\\", line 6, in sum\\n    return sum(common_divisors)\\nTypeError: sum() missing 1 required positional argument: 'b'\\n\\n----------------------------------------------------------------------\\nRan 1 test in 0.000s\\n\\nFAILED (errors=1)\\n\\nTest Conclusion: \\nThe code has FAILED the test. \\n\\nInput and Expected Output Example:\\ndef sum(a, b):\\n    common_divisors = []\\n    for i in range(1, min(a, b) + 1):\\n        if a % i == 0 and b % i == 0:\\n            common_divisors.append(i)\\n    return sum(common_divisors)\\n\\nThe code is missing a required positional argument 'b' in the sum() function, which results in the test failure. \\n\\nRecommendation:\\nThis issue needs to be addressed and the code should be modified to include the required positional argument 'b' in the sum() function.\\n\\nCode Test: FAIL, do you have any ideas?\\n-----\\n\\n[Developer]says: As a Developer, I think we should review the sum() function and ensure that it includes the required positional argument 'b'.\\n-----\\n\\n[Tester]says: As a tester, I recommend reviewing and modifying the code to include the required positional argument 'b' in the sum() function to address the test failure.\\n-----\\n\\n[ProductOwner]says: As the Product Owner, I think we should prioritize fixing the issue with the missing positional argument 'b' in the sum() function before proceeding with any further development.\\n-----\\n\\n[Architect]says: As an architect, it is important to review the test report and address the issue of the missing positional argument 'b' in the sum() function to ensure the code passes the test.\\n-----\\n\\n[Tester]says: As a Tester, I recommend reviewing and modifying the code to include the required positional argument 'b' in the sum() function to address the test failure.\\n-----\\n\\n[Developer]says: As a Developer, I will review the sum() function and make sure it includes the required positional argument 'b' to address the test failure.\\n-----\\n\\n[ProductOwner]says: As the Product Owner, I think we should prioritize fixing the issue with the missing positional argument 'b' in the sum() function before proceeding with any further development.\\n-----\\n\\n[Architect]says: As an architect, I will review the test report and ensure that the issue of the missing positional argument 'b' in the sum() function is addressed to ensure the code passes the test.\\n-----\\n\", \"Question\": \"Follow the Instruction section. The Discussion History is in the Context section. You only need to return a list as the Example section.\"}",
    "RepairResponse1": "{\n  \"revised_code\": \"def sum(a, b):\\n    common_divisors = []\\n    for i in range(1, min(a, b) + 1):\\n        if a % i == 0 and b % i == 0:\\n            common_divisors.append(i)\\n    return sum(common_divisors)\"\n}",
    "RepairResponse1_prompt": {
        "Role": "You are a professional software engineer. Your duty is to write code in Python that meets the requirements. Ensure that the code you write is efficient, readable, and follows best practices. Remember, do not need to explain the code you wrote.",
        "Instruction": "1. Rewrite a bug fix version of the original code. 2. Response in JSON format.",
        "Example": "{\"revised_code\":\"...\"}",
        "Context": "# Test Report:\nTest Report\n\nTest Script Output:\nE\n======================================================================\nERROR: test (__main__.Test)\n----------------------------------------------------------------------\nTraceback (most recent call last):\n  File \"/Users/watch/PycharmProjects/XXXX-1-LLM/workspace/2024-03-11_10-07-15-503697/test_script.py\", line 11, in test\n    self.assertEqual(sum(10, 15), 6)\n  File \"/Users/watch/PycharmProjects/XXXX-1-LLM/workspace/2024-03-11_10-07-15-503697/test_script.py\", line 6, in sum\n    return sum(common_divisors)\nTypeError: sum() missing 1 required positional argument: 'b'\n\n----------------------------------------------------------------------\nRan 1 test in 0.000s\n\nFAILED (errors=1)\n\nTest Conclusion: \nThe code has FAILED the test. \n\nInput and Expected Output Example:\ndef sum(a, b):\n    common_divisors = []\n    for i in range(1, min(a, b) + 1):\n        if a % i == 0 and b % i == 0:\n            common_divisors.append(i)\n    return sum(common_divisors)\n\nThe code is missing a required positional argument 'b' in the sum() function, which results in the test failure. \n\nRecommendation:\nThis issue needs to be addressed and the code should be modified to include the required positional argument 'b' in the sum() function.\n\nCode Test: FAIL# suggestions:\n{\"product-owner\": [\"We should prioritize fixing the issue with the missing positional argument 'b' in the sum() function before proceeding with any further development.\"], \"architect\": [\"It is important to review the test report and address the issue of the missing positional argument 'b' in the sum() function to ensure the code passes the test.\"], \"developer\": [\"We should review the sum() function and ensure that it includes the required positional argument 'b'.\", \"I will review the sum() function and make sure it includes the required positional argument 'b' to address the test failure.\"], \"tester\": [\"I recommend reviewing and modifying the code to include the required positional argument 'b' in the sum() function to address the test failure.\"]}",
        "Question": "The original code has some bugs, according to the test report and suggestions, rewrite the code. Complete the following code:\ndef sum(a,b): \n'''Write a python function to find the sum of common divisors of two given numbers.\nassert sum(10,15) == 6'''\n"
    }
}