{
    "start_time": "2024-01-14_16-27-02-745002",
    "task": "\n\ndef sum_squares(lst):\n    \"\"\"You are given a list of numbers.\n    You need to return the sum of squared numbers in the given list,\n    round each element in the list to the upper int(Ceiling) first.\n    Examples:\n    For lst = [1,2,3] the output should be 14\n    For lst = [1,4,9] the output should be 98\n    For lst = [1,3,5,7] the output should be 84\n    For lst = [1.4,4.2,0] the output should be 29\n    For lst = [-2.4,1,1] the output should be 6\n    \n\n    \"\"\"\n",
    "datetime": {
        "task": "2024-01-14 16:27:02",
        "task-id": "2024-01-14 16:27:02",
        "workflow": "2024-01-14 16:27:02",
        "AnalyzeDraft": "2024-01-14 16:27:05",
        "AnalyzeMeetings": "2024-01-14 16:27:07",
        "Analyze": "2024-01-14 16:27:11",
        "Test Cases Draft": "2024-01-14 16:27:14",
        "Test Cases Meetings": "2024-01-14 16:27:18",
        "Test Cases": "2024-01-14 16:27:23",
        "Code0draft": "2024-01-14 16:27:24",
        "Code Review Meetings": "2024-01-14 16:27:27",
        "Code0": "2024-01-14 16:27:28",
        "TestScriptOriginal": "2024-01-14 16:27:31",
        "TestScript": "2024-01-14 16:27:31",
        "ScriptResult0": "2024-01-14 16:27:31",
        "TestReport0": "2024-01-14 16:27:41",
        "RepairResponse1": "2024-01-14 16:27:42",
        "Code1": "2024-01-14 16:27:42",
        "ScriptResult1": "2024-01-14 16:27:42",
        "TestReport1": "2024-01-14 16:27:45",
        "RepairResponse2": "2024-01-14 16:27:47",
        "Code2": "2024-01-14 16:27:47",
        "ScriptResult2": "2024-01-14 16:27:47",
        "TestReport2": "2024-01-14 16:27:50",
        "FinalCode": "2024-01-14 16:27:50"
    },
    "task-id": "HumanEval/133",
    "workflow": "testdriven/testdriven_version_0.0.6.json",
    "AnalyzeDraft": "{\n  \"Requirement\": \"The system should have a function called sum_squares that takes a list of numbers as input and returns the sum of squared numbers in the list, rounding each element to the upper integer (Ceiling) first.\",\n  \"Examples\": [\n    {\n      \"Input\": [1, 2, 3],\n      \"Output\": 14\n    },\n    {\n      \"Input\": [1, 4, 9],\n      \"Output\": 98\n    },\n    {\n      \"Input\": [1, 3, 5, 7],\n      \"Output\": 84\n    },\n    {\n      \"Input\": [1.4, 4.2, 0],\n      \"Output\": 29\n    },\n    {\n      \"Input\": [-2.4, 1, 1],\n      \"Output\": 6\n    }\n  ]\n}",
    "AnalyzeMeetings": "{\n  \"Architect\": \"As an architect, I suggest adding input validation to ensure that the input list contains only numeric values. This will help to prevent errors and ensure that the function works as expected.\",\n  \"Tester\": \"As a tester, I suggest creating additional test cases to cover edge cases, such as an empty input list, a list with only one element, and a list with negative numbers. This will help to ensure that the function handles all possible scenarios correctly.\"\n}",
    "Analyze": "{\n  \"Requirement\": \"The system should have a function called sum_squares that takes a list of numbers as input and returns the sum of squared numbers in the list, rounding each element to the upper integer (Ceiling) first.\",\n  \"Examples\": [\n    {\n      \"Input\": [1, 2, 3],\n      \"Output\": 14\n    },\n    {\n      \"Input\": [1, 4, 9],\n      \"Output\": 98\n    },\n    {\n      \"Input\": [1, 3, 5, 7],\n      \"Output\": 84\n    },\n    {\n      \"Input\": [1.4, 4.2, 0],\n      \"Output\": 29\n    },\n    {\n      \"Input\": [-2.4, 1, 1],\n      \"Output\": 6\n    }\n  ],\n  \"Suggestion\": {\n    \"Architect\": \"As an architect, I suggest adding input validation to ensure that the input list contains only numeric values. This will help to prevent errors and ensure that the function works as expected.\",\n    \"Tester\": \"As a tester, I suggest creating additional test cases to cover edge cases, such as an empty input list, a list with only one element, and a list with negative numbers. This will help to ensure that the function handles all possible scenarios correctly.\"\n  }\n}",
    "Test Cases Draft": "{\n  \"requirement_analysis\": \"sum_squares function should take a list of numbers as input and return the sum of squared numbers in the list, rounding each element to the upper integer (Ceiling) first.\",\n  \"test_cases\": [\n    {\n      \"Test Title\": \"Valid input list with positive integers\",\n      \"Input Data\": \"parameter1=[1,2,3]\",\n      \"Expected Output\": 14\n    },\n    {\n      \"Test Title\": \"Valid input list with positive integers including one with decimal\",\n      \"Input Data\": \"parameter1=[1.4,4.2,0]\",\n      \"Expected Output\": 29\n    },\n    {\n      \"Test Title\": \"Valid input list with negative integers\",\n      \"Input Data\": \"parameter1=[-2.4,1,1]\",\n      \"Expected Output\": 6\n    }\n  ]\n}",
    "Test Cases Draft_prompt": "{\"Role\": \"You are a quality assurance engineer. Your duty is to design test cases for the developers.\", \"Instruction\": \"According to the Context section, write test cases. Don't write long strings in your test cases. Response in JSON format.\", \"Example\": \"{\\\"requirement analysis\\\":\\\"analysis\\\",\\\"test_cases\\\":[{\\\"Test Title\\\":\\\"title\\\", \\\"Input Data\\\":\\\"parameter1=[1,2,3],parameter2='123'\\\", \\\"Expected Output\\\":\\\"456\\\"},]}\", \"Context\": \"# Requirement Analysis:\\n{\\n  \\\"Requirement\\\": \\\"The system should have a function called sum_squares that takes a list of numbers as input and returns the sum of squared numbers in the list, rounding each element to the upper integer (Ceiling) first.\\\",\\n  \\\"Examples\\\": [\\n    {\\n      \\\"Input\\\": [1, 2, 3],\\n      \\\"Output\\\": 14\\n    },\\n    {\\n      \\\"Input\\\": [1, 4, 9],\\n      \\\"Output\\\": 98\\n    },\\n    {\\n      \\\"Input\\\": [1, 3, 5, 7],\\n      \\\"Output\\\": 84\\n    },\\n    {\\n      \\\"Input\\\": [1.4, 4.2, 0],\\n      \\\"Output\\\": 29\\n    },\\n    {\\n      \\\"Input\\\": [-2.4, 1, 1],\\n      \\\"Output\\\": 6\\n    }\\n  ],\\n  \\\"Suggestion\\\": {\\n    \\\"Architect\\\": \\\"As an architect, I suggest adding input validation to ensure that the input list contains only numeric values. This will help to prevent errors and ensure that the function works as expected.\\\",\\n    \\\"Tester\\\": \\\"As a tester, I suggest creating additional test cases to cover edge cases, such as an empty input list, a list with only one element, and a list with negative numbers. This will help to ensure that the function handles all possible scenarios correctly.\\\"\\n  }\\n}\", \"Question\": \"\\n\\ndef sum_squares(lst):\\n    \\\"\\\"\\\"You are given a list of numbers.\\n    You need to return the sum of squared numbers in the given list,\\n    round each element in the list to the upper int(Ceiling) first.\\n    Examples:\\n    For lst = [1,2,3] the output should be 14\\n    For lst = [1,4,9] the output should be 98\\n    For lst = [1,3,5,7] the output should be 84\\n    For lst = [1.4,4.2,0] the output should be 29\\n    For lst = [-2.4,1,1] the output should be 6\\n    \\n\\n    \\\"\\\"\\\"\\n\"}",
    "Test Cases Meetings": "{\n  \"Architect\": \"As an Architect, I would suggest adding test cases for edge cases such as an empty input list, a list with only one element, and a list with a large number of elements to ensure the function handles these scenarios correctly. Additionally, I would recommend reviewing the expected output for each test case to ensure it aligns with the rounding requirement specified in the requirement analysis.\"\n\n  ,\n  \"Developer\": \"As a Developer, I would suggest revising the test cases to include more descriptive test titles that specify the behavior being tested. Furthermore, I would recommend adding additional test cases to cover different scenarios, such as an input list with negative decimals and a list with a mix of positive and negative numbers. Additionally, I would review the expected output for each test case to ensure it aligns with the rounding requirement specified in the requirement analysis.\"\n}",
    "Test Cases Meetings_prompt": "{\"Role\": \"I want you to act as a different roles and then give some suggestions about how to revise the test cases.\", \"Instruction\": \"1. Read the Context section. 2. Act as an Architect, give your suggestions. 3. Act as a Developer, give your suggestions. 4. Response in JSON format.\", \"Example\": \"{\\\"Architect\\\":\\\"Suggestion\\\",\\\"Developer\\\":\\\"Suggestion\\\"}\", \"Context\": \"{\\n  \\\"requirement_analysis\\\": \\\"sum_squares function should take a list of numbers as input and return the sum of squared numbers in the list, rounding each element to the upper integer (Ceiling) first.\\\",\\n  \\\"test_cases\\\": [\\n    {\\n      \\\"Test Title\\\": \\\"Valid input list with positive integers\\\",\\n      \\\"Input Data\\\": \\\"parameter1=[1,2,3]\\\",\\n      \\\"Expected Output\\\": 14\\n    },\\n    {\\n      \\\"Test Title\\\": \\\"Valid input list with positive integers including one with decimal\\\",\\n      \\\"Input Data\\\": \\\"parameter1=[1.4,4.2,0]\\\",\\n      \\\"Expected Output\\\": 29\\n    },\\n    {\\n      \\\"Test Title\\\": \\\"Valid input list with negative integers\\\",\\n      \\\"Input Data\\\": \\\"parameter1=[-2.4,1,1]\\\",\\n      \\\"Expected Output\\\": 6\\n    }\\n  ]\\n}\", \"Question\": \"Follow the Instruction. The Context section include the test cases.\"}",
    "Test Cases": "{\n  \"requirement_analysis\": \"sum_squares function should take a list of numbers as input and return the sum of squared numbers in the list, rounding each element to the upper integer (Ceiling) first.\",\n  \"test_cases\": [\n    {\n      \"Test Title\": \"Valid input list with positive integers\",\n      \"Input Data\": \"parameter1=[1,2,3]\",\n      \"Expected Output\": 14\n    },\n    {\n      \"Test Title\": \"Valid input list with positive integers including one with decimal\",\n      \"Input Data\": \"parameter1=[1.4,4.2,0]\",\n      \"Expected Output\": 29\n    },\n    {\n      \"Test Title\": \"Valid input list with negative integers\",\n      \"Input Data\": \"parameter1=[-2.4,1,1]\",\n      \"Expected Output\": 6\n    },\n    {\n      \"Test Title\": \"Empty input list\",\n      \"Input Data\": \"parameter1=[]\",\n      \"Expected Output\": 0\n    },\n    {\n      \"Test Title\": \"Input list with only one element\",\n      \"Input Data\": \"parameter1=[5]\",\n      \"Expected Output\": 25\n    },\n    {\n      \"Test Title\": \"Input list with a large number of elements\",\n      \"Input Data\": \"parameter1=[1,2,3,4,5,6,7,8,9,10,11,12,13,14,15,16,17,18,19,20]\",\n      \"Expected Output\": 287\n    },\n    {\n      \"Test Title\": \"Valid input list with positive and negative numbers\",\n      \"Input Data\": \"parameter1=[-4,2,-3,5]\",\n      \"Expected Output\": 38\n    }\n  ]\n}",
    "Test Cases_prompt": "{\"Role\": \"You are a quality assurance engineer. Your duty is to revise the test cases based on the suggestions.\", \"Instruction\": \"1. Your colleague give you some suggestions(in the Context section) about the draft test cases, read these suggestions. 2. Revise your draft version test cases, but don't use long parameters. 3. Response in JSON format.\", \"Example\": \"{\\\"requirement analysis\\\":\\\"analysis\\\",\\\"test_cases\\\":[{\\\"Test Title\\\":\\\"title\\\", \\\"Input Data\\\":\\\"parameter1=[1,2,3],parameter2='123'\\\", \\\"Expected Output\\\":\\\"456\\\"},]}\", \"Context\": \"# Suggestions:\\n{\\n  \\\"Architect\\\": \\\"As an Architect, I would suggest adding test cases for edge cases such as an empty input list, a list with only one element, and a list with a large number of elements to ensure the function handles these scenarios correctly. Additionally, I would recommend reviewing the expected output for each test case to ensure it aligns with the rounding requirement specified in the requirement analysis.\\\"\\n\\n  ,\\n  \\\"Developer\\\": \\\"As a Developer, I would suggest revising the test cases to include more descriptive test titles that specify the behavior being tested. Furthermore, I would recommend adding additional test cases to cover different scenarios, such as an input list with negative decimals and a list with a mix of positive and negative numbers. Additionally, I would review the expected output for each test case to ensure it aligns with the rounding requirement specified in the requirement analysis.\\\"\\n}\\n # Draft Test cases:\\n{\\n  \\\"requirement_analysis\\\": \\\"sum_squares function should take a list of numbers as input and return the sum of squared numbers in the list, rounding each element to the upper integer (Ceiling) first.\\\",\\n  \\\"test_cases\\\": [\\n    {\\n      \\\"Test Title\\\": \\\"Valid input list with positive integers\\\",\\n      \\\"Input Data\\\": \\\"parameter1=[1,2,3]\\\",\\n      \\\"Expected Output\\\": 14\\n    },\\n    {\\n      \\\"Test Title\\\": \\\"Valid input list with positive integers including one with decimal\\\",\\n      \\\"Input Data\\\": \\\"parameter1=[1.4,4.2,0]\\\",\\n      \\\"Expected Output\\\": 29\\n    },\\n    {\\n      \\\"Test Title\\\": \\\"Valid input list with negative integers\\\",\\n      \\\"Input Data\\\": \\\"parameter1=[-2.4,1,1]\\\",\\n      \\\"Expected Output\\\": 6\\n    }\\n  ]\\n}\", \"Question\": \"Follow the Instruction. Please make sure your response length are less than 512. Your test cases is for the below question:\\n\\n\\ndef sum_squares(lst):\\n    \\\"\\\"\\\"You are given a list of numbers.\\n    You need to return the sum of squared numbers in the given list,\\n    round each element in the list to the upper int(Ceiling) first.\\n    Examples:\\n    For lst = [1,2,3] the output should be 14\\n    For lst = [1,4,9] the output should be 98\\n    For lst = [1,3,5,7] the output should be 84\\n    For lst = [1.4,4.2,0] the output should be 29\\n    For lst = [-2.4,1,1] the output should be 6\\n    \\n\\n    \\\"\\\"\\\"\\n\"}",
    "Code0draft": "def sum_squares(lst):\n    total = 0\n    for num in lst:\n        total += (int(num) + (num > 0))\n    return total",
    "Code0draft_prompt": "{\"Role\": \"You are a professional engineer. Your duty is to write code in Python that meets the requirements. Ensure that the code you write is efficient, readable, and follows best practices. Remember, do not need to explain the code you wrote.\", \"Instruction\": \"According to the Context section, write your code.\", \"Example\": \"\", \"Context\": \"# Test Cases:\\n{\\n  \\\"requirement_analysis\\\": \\\"sum_squares function should take a list of numbers as input and return the sum of squared numbers in the list, rounding each element to the upper integer (Ceiling) first.\\\",\\n  \\\"test_cases\\\": [\\n    {\\n      \\\"Test Title\\\": \\\"Valid input list with positive integers\\\",\\n      \\\"Input Data\\\": \\\"parameter1=[1,2,3]\\\",\\n      \\\"Expected Output\\\": 14\\n    },\\n    {\\n      \\\"Test Title\\\": \\\"Valid input list with positive integers including one with decimal\\\",\\n      \\\"Input Data\\\": \\\"parameter1=[1.4,4.2,0]\\\",\\n      \\\"Expected Output\\\": 29\\n    },\\n    {\\n      \\\"Test Title\\\": \\\"Valid input list with negative integers\\\",\\n      \\\"Input Data\\\": \\\"parameter1=[-2.4,1,1]\\\",\\n      \\\"Expected Output\\\": 6\\n    },\\n    {\\n      \\\"Test Title\\\": \\\"Empty input list\\\",\\n      \\\"Input Data\\\": \\\"parameter1=[]\\\",\\n      \\\"Expected Output\\\": 0\\n    },\\n    {\\n      \\\"Test Title\\\": \\\"Input list with only one element\\\",\\n      \\\"Input Data\\\": \\\"parameter1=[5]\\\",\\n      \\\"Expected Output\\\": 25\\n    },\\n    {\\n      \\\"Test Title\\\": \\\"Input list with a large number of elements\\\",\\n      \\\"Input Data\\\": \\\"parameter1=[1,2,3,4,5,6,7,8,9,10,11,12,13,14,15,16,17,18,19,20]\\\",\\n      \\\"Expected Output\\\": 287\\n    },\\n    {\\n      \\\"Test Title\\\": \\\"Valid input list with positive and negative numbers\\\",\\n      \\\"Input Data\\\": \\\"parameter1=[-4,2,-3,5]\\\",\\n      \\\"Expected Output\\\": 38\\n    }\\n  ]\\n}\", \"Question\": \"Follow the Instruction section. Complete the following code:\\n\\n\\ndef sum_squares(lst):\\n    \\\"\\\"\\\"You are given a list of numbers.\\n    You need to return the sum of squared numbers in the given list,\\n    round each element in the list to the upper int(Ceiling) first.\\n    Examples:\\n    For lst = [1,2,3] the output should be 14\\n    For lst = [1,4,9] the output should be 98\\n    For lst = [1,3,5,7] the output should be 84\\n    For lst = [1.4,4.2,0] the output should be 29\\n    For lst = [-2.4,1,1] the output should be 6\\n    \\n\\n    \\\"\\\"\\\"\\n\"}",
    "Code Review Meetings": "{\n  \"Architect\": \"The function name 'sum_squares' is misleading as the code does not actually calculate the sum of squares. It would be better to rename the function to reflect its actual functionality. Also, the variable name 'total' is not descriptive enough. It would be better to rename it to something like 'result' for clarity.\",\n  \"Tester\": \"The code does not handle non-numeric input well. It should include input validation to ensure that only numbers are being processed. Additionally, the code does not handle negative numbers correctly. It should be revised to correctly account for negative numbers in the calculation.\"\n}",
    "Code0": "def sum_of_squared_integers(lst):\n    result = 0\n    for num in lst:\n        if isinstance(num, (int, float)):\n            num = int(num)\n            result += (num ** 2)\n    return result",
    "Code0_prompt": "{\"Role\": \"You are a professional software engineer. Your duty is to write code in Python that meets the requirements. Ensure that the code you write is efficient, readable, and follows best practices. Remember, do not need to explain the code you wrote.\", \"Instruction\": \"1. Understand the suggestions(in the Context section) about the original code. 2. Rewrite your code.\", \"Example\": \"\", \"Context\": \"# Suggestions:\\n{\\n  \\\"Architect\\\": \\\"The function name 'sum_squares' is misleading as the code does not actually calculate the sum of squares. It would be better to rename the function to reflect its actual functionality. Also, the variable name 'total' is not descriptive enough. It would be better to rename it to something like 'result' for clarity.\\\",\\n  \\\"Tester\\\": \\\"The code does not handle non-numeric input well. It should include input validation to ensure that only numbers are being processed. Additionally, the code does not handle negative numbers correctly. It should be revised to correctly account for negative numbers in the calculation.\\\"\\n}\\n# Original code:\\ndef sum_squares(lst):\\n    total = 0\\n    for num in lst:\\n        total += (int(num) + (num > 0))\\n    return total\", \"Question\": \"Follow the Instruction section. Complete the following code:\\n\\n\\ndef sum_squares(lst):\\n    \\\"\\\"\\\"You are given a list of numbers.\\n    You need to return the sum of squared numbers in the given list,\\n    round each element in the list to the upper int(Ceiling) first.\\n    Examples:\\n    For lst = [1,2,3] the output should be 14\\n    For lst = [1,4,9] the output should be 98\\n    For lst = [1,3,5,7] the output should be 84\\n    For lst = [1.4,4.2,0] the output should be 29\\n    For lst = [-2.4,1,1] the output should be 6\\n    \\n\\n    \\\"\\\"\\\"\\n\"}",
    "TestScriptOriginal": "import unittest\n\ndef sum_squares(lst):\n    total = 0\n    for num in lst:\n        total += (int(num) ** 2)\n    return total\n\nclass Test(unittest.TestCase):\n    def test1(self):\n        self.assertEqual(sum_squares([1,2,3]), 14)\n\n    def test2(self):\n        self.assertEqual(sum_squares([1,4,9]), 98)\n\n    def test3(self):\n        self.assertEqual(sum_squares([1,3,5,7]), 84)\n\n    def test4(self):\n        self.assertEqual(sum_squares([1.4,4.2,0]), 29)\n\n    def test5(self):\n        self.assertEqual(sum_squares([-2.4,1,1]), 6)\n\nif __name__ == '__main__':\n    unittest.main()",
    "TestScriptOriginal_prompt": "{\"Role\": \"You are a quality assurance engineer. Your duty is to write a python test script in unittest framework.\", \"Instruction\": \"1. Write a python test script. 2. Use the input and output given by the question.\", \"Example\": \"import unittest\\n\\nclass Test(unittest.TestCase):\\n    def test(self):\\n        self.assertEqual(function_under_test('a'), 1)\\n\\nif __name__ == '__main__':\\n    unittest.main()\", \"Context\": \"\", \"Question\": \"\\n\\ndef sum_squares(lst):\\n    \\\"\\\"\\\"You are given a list of numbers.\\n    You need to return the sum of squared numbers in the given list,\\n    round each element in the list to the upper int(Ceiling) first.\\n    Examples:\\n    For lst = [1,2,3] the output should be 14\\n    For lst = [1,4,9] the output should be 98\\n    For lst = [1,3,5,7] the output should be 84\\n    For lst = [1.4,4.2,0] the output should be 29\\n    For lst = [-2.4,1,1] the output should be 6\\n    \\n\\n    \\\"\\\"\\\"\\n\"}",
    "TestScript": "import unittest\n\nclass Test(unittest.TestCase):\n    def test1(self):\n        self.assertEqual(sum_squares([1,2,3]), 14)\n\n    def test2(self):\n        self.assertEqual(sum_squares([1,4,9]), 98)\n\n    def test3(self):\n        self.assertEqual(sum_squares([1,3,5,7]), 84)\n\n    def test4(self):\n        self.assertEqual(sum_squares([1.4,4.2,0]), 29)\n\n    def test5(self):\n        self.assertEqual(sum_squares([-2.4,1,1]), 6)\n\nif __name__ == '__main__':\n    unittest.main()",
    "TestScript_prompt": "{\"Role\": \"You are a quality assurance engineer. Your duty is to write a python test script in unittest framework.\", \"Instruction\": \"1. Write a python test script. 2. Use the input and output given by the question.\", \"Example\": \"import unittest\\n\\nclass Test(unittest.TestCase):\\n    def test(self):\\n        self.assertEqual(function_under_test('a'), 1)\\n\\nif __name__ == '__main__':\\n    unittest.main()\", \"Context\": \"\", \"Question\": \"\\n\\ndef sum_squares(lst):\\n    \\\"\\\"\\\"You are given a list of numbers.\\n    You need to return the sum of squared numbers in the given list,\\n    round each element in the list to the upper int(Ceiling) first.\\n    Examples:\\n    For lst = [1,2,3] the output should be 14\\n    For lst = [1,4,9] the output should be 98\\n    For lst = [1,3,5,7] the output should be 84\\n    For lst = [1.4,4.2,0] the output should be 29\\n    For lst = [-2.4,1,1] the output should be 6\\n    \\n\\n    \\\"\\\"\\\"\\n\"}",
    "ScriptResult0": "EEEEE\n======================================================================\nERROR: test1 (__main__.Test)\n----------------------------------------------------------------------\nTraceback (most recent call last):\n  File \"/Users/watch/PycharmProjects/XXXX-1-LLM/workspace/2024-01-14_16-27-02-745002/test_script.py\", line 12, in test1\n    self.assertEqual(sum_squares([1,2,3]), 14)\nNameError: name 'sum_squares' is not defined\n\n======================================================================\nERROR: test2 (__main__.Test)\n----------------------------------------------------------------------\nTraceback (most recent call last):\n  File \"/Users/watch/PycharmProjects/XXXX-1-LLM/workspace/2024-01-14_16-27-02-745002/test_script.py\", line 15, in test2\n    self.assertEqual(sum_squares([1,4,9]), 98)\nNameError: name 'sum_squares' is not defined\n\n======================================================================\nERROR: test3 (__main__.Test)\n----------------------------------------------------------------------\nTraceback (most recent call last):\n  File \"/Users/watch/PycharmProjects/XXXX-1-LLM/workspace/2024-01-14_16-27-02-745002/test_script.py\", line 18, in test3\n    self.assertEqual(sum_squares([1,3,5,7]), 84)\nNameError: name 'sum_squares' is not defined\n\n======================================================================\nERROR: test4 (__main__.Test)\n----------------------------------------------------------------------\nTraceback (most recent call last):\n  File \"/Users/watch/PycharmProjects/XXXX-1-LLM/workspace/2024-01-14_16-27-02-745002/test_script.py\", line 21, in test4\n    self.assertEqual(sum_squares([1.4,4.2,0]), 29)\nNameError: name 'sum_squares' is not defined\n\n======================================================================\nERROR: test5 (__main__.Test)\n----------------------------------------------------------------------\nTraceback (most recent call last):\n  File \"/Users/watch/PycharmProjects/XXXX-1-LLM/workspace/2024-01-14_16-27-02-745002/test_script.py\", line 24, in test5\n    self.assertEqual(sum_squares([-2.4,1,1]), 6)\nNameError: name 'sum_squares' is not defined\n\n----------------------------------------------------------------------\nRan 5 tests in 0.000s\n\nFAILED (errors=5)\n",
    "TestReport0": "Test Report\n\nTest Script Output:\n======================================================================\nERROR: test1 (__main__.Test)\n----------------------------------------------------------------------\nTraceback (most recent call last):\n  File \"/Users/watch/PycharmProjects/XXXX-1-LLM/workspace/2024-01-14_16-27-02-745002/test_script.py\", line 12, in test1\n    self.assertEqual(sum_squares([1,2,3]), 14)\nNameError: name 'sum_squares' is not defined\n\n======================================================================\nERROR: test2 (__main__.Test)\n----------------------------------------------------------------------\nTraceback (most recent call last):\n  File \"/Users/watch/PycharmProjects/XXXX-1-LLM/workspace/2024-01-14_16-27-02-745002/test_script.py\", line 15, in test2\n    self.assertEqual(sum_squares([1,4,9]), 98)\nNameError: name 'sum_squares' is not defined\n\n======================================================================\nERROR: test3 (__main__.Test)\n----------------------------------------------------------------------\nTraceback (most recent call last):\n  File \"/Users/watch/PycharmProjects/XXXX-1-LLM/workspace/2024-01-14_16-27-02-745002/test_script.py\", line 18, in test3\n    self.assertEqual(sum_squares([1,3,5,7]), 84)\nNameError: name 'sum_squares' is not defined\n\n======================================================================\nERROR: test4 (__main__.Test)\n----------------------------------------------------------------------\nTraceback (most recent call last):\n  File \"/Users/watch/PycharmProjects/XXXX-1-LLM/workspace/2024-01-14_16-27-02-745002/test_script.py\", line 21, in test4\n    self.assertEqual(sum_squares([1.4,4.2,0]), 29)\nNameError: name 'sum_squares' is not defined\n\n======================================================================\nERROR: test5 (__main__.Test)\n----------------------------------------------------------------------\nTraceback (most recent call last):\n  File \"/Users/watch/PycharmProjects/XXXX-1-LLM/workspace/2024-01-14_16-27-02-745002/test_script.py\", line 24, in test5\n    self.assertEqual(sum_squares([-2.4,1,1]), 6)\nNameError: name 'sum_squares' is not defined\n\n----------------------------------------------------------------------\nRan 5 tests in 0.000s\n\nFAILED (errors=5)\n\nTest Report:\nThe test script has failed as it is showing a NameError for the 'sum_squares' function. The expected output is not matching with the actual output for all the 5 tests. Therefore, the code has failed the tests.\n\nInput and Expected Output Example:\nExample input: [1,2,3]\nExpected output: 14\n\nExample input: [1,4,9]\nExpected output: 98\n\nExample input: [1,3,5,7]\nExpected output: 84\n\nExample input: [1.4,4.2,0]\nExpected output: 29\n\nExample input: [-2.4,1,1]\nExpected output: 6\n\nConclusion:\nCode Test Failed",
    "RepairResponse1": "{\n  \"revised_code\": \"def sum_squares(lst):\\n    result = 0\\n    for num in lst:\\n        num = int(num)\\n        result += (num ** 2)\\n    return result\"\n}",
    "RepairResponse1_prompt": "{\"Role\": \"You are a professional software engineer. Your duty is to write code in Python that meets the requirements. Ensure that the code you write is efficient, readable, and follows best practices. Remember, do not need to explain the code you wrote.\", \"Instruction\": \"1. Rewrite a bug fix version of the original code. 2. Response in JSON format.\", \"Example\": \"{\\\"revised_code\\\":\\\"...\\\"}\", \"Context\": \"# the original code:\\ndef sum_of_squared_integers(lst):\\n    result = 0\\n    for num in lst:\\n        if isinstance(num, (int, float)):\\n            num = int(num)\\n            result += (num ** 2)\\n    return result\\n# test report:\\nTest Report\\n\\nTest Script Output:\\n======================================================================\\nERROR: test1 (__main__.Test)\\n----------------------------------------------------------------------\\nTraceback (most recent call last):\\n  File \\\"/Users/watch/PycharmProjects/XXXX-1-LLM/workspace/2024-01-14_16-27-02-745002/test_script.py\\\", line 12, in test1\\n    self.assertEqual(sum_squares([1,2,3]), 14)\\nNameError: name 'sum_squares' is not defined\\n\\n======================================================================\\nERROR: test2 (__main__.Test)\\n----------------------------------------------------------------------\\nTraceback (most recent call last):\\n  File \\\"/Users/watch/PycharmProjects/XXXX-1-LLM/workspace/2024-01-14_16-27-02-745002/test_script.py\\\", line 15, in test2\\n    self.assertEqual(sum_squares([1,4,9]), 98)\\nNameError: name 'sum_squares' is not defined\\n\\n======================================================================\\nERROR: test3 (__main__.Test)\\n----------------------------------------------------------------------\\nTraceback (most recent call last):\\n  File \\\"/Users/watch/PycharmProjects/XXXX-1-LLM/workspace/2024-01-14_16-27-02-745002/test_script.py\\\", line 18, in test3\\n    self.assertEqual(sum_squares([1,3,5,7]), 84)\\nNameError: name 'sum_squares' is not defined\\n\\n======================================================================\\nERROR: test4 (__main__.Test)\\n----------------------------------------------------------------------\\nTraceback (most recent call last):\\n  File \\\"/Users/watch/PycharmProjects/XXXX-1-LLM/workspace/2024-01-14_16-27-02-745002/test_script.py\\\", line 21, in test4\\n    self.assertEqual(sum_squares([1.4,4.2,0]), 29)\\nNameError: name 'sum_squares' is not defined\\n\\n======================================================================\\nERROR: test5 (__main__.Test)\\n----------------------------------------------------------------------\\nTraceback (most recent call last):\\n  File \\\"/Users/watch/PycharmProjects/XXXX-1-LLM/workspace/2024-01-14_16-27-02-745002/test_script.py\\\", line 24, in test5\\n    self.assertEqual(sum_squares([-2.4,1,1]), 6)\\nNameError: name 'sum_squares' is not defined\\n\\n----------------------------------------------------------------------\\nRan 5 tests in 0.000s\\n\\nFAILED (errors=5)\\n\\nTest Report:\\nThe test script has failed as it is showing a NameError for the 'sum_squares' function. The expected output is not matching with the actual output for all the 5 tests. Therefore, the code has failed the tests.\\n\\nInput and Expected Output Example:\\nExample input: [1,2,3]\\nExpected output: 14\\n\\nExample input: [1,4,9]\\nExpected output: 98\\n\\nExample input: [1,3,5,7]\\nExpected output: 84\\n\\nExample input: [1.4,4.2,0]\\nExpected output: 29\\n\\nExample input: [-2.4,1,1]\\nExpected output: 6\\n\\nConclusion:\\nCode Test Failed\", \"Question\": \"The original code has some bugs, according to the test report and suggestions, rewrite the code. Complete the following code:\\n\\n\\ndef sum_squares(lst):\\n    \\\"\\\"\\\"You are given a list of numbers.\\n    You need to return the sum of squared numbers in the given list,\\n    round each element in the list to the upper int(Ceiling) first.\\n    Examples:\\n    For lst = [1,2,3] the output should be 14\\n    For lst = [1,4,9] the output should be 98\\n    For lst = [1,3,5,7] the output should be 84\\n    For lst = [1.4,4.2,0] the output should be 29\\n    For lst = [-2.4,1,1] the output should be 6\\n    \\n\\n    \\\"\\\"\\\"\\n\"}",
    "Code1": "def sum_squares(lst):\n    result = 0\n    for num in lst:\n        num = int(num)\n        result += (num ** 2)\n    return result",
    "ScriptResult1": "...F.\n======================================================================\nFAIL: test4 (__main__.Test)\n----------------------------------------------------------------------\nTraceback (most recent call last):\n  File \"/Users/watch/PycharmProjects/XXXX-1-LLM/workspace/2024-01-14_16-27-02-745002/test_script.py\", line 20, in test4\n    self.assertEqual(sum_squares([1.4,4.2,0]), 29)\nAssertionError: 17 != 29\n\n----------------------------------------------------------------------\nRan 5 tests in 0.000s\n\nFAILED (failures=1)\n",
    "TestReport1": "Test Report\n\nTest script's output:\n...F.\n======================================================================\nFAIL: test4 (__main__.Test)\n----------------------------------------------------------------------\nTraceback (most recent call last):\n  File \"/Users/watch/PycharmProjects/XXXX-1-LLM/workspace/2024-01-14_16-27-02-745002/test_script.py\", line 20, in test4\n    self.assertEqual(sum_squares([1.4,4.2,0]), 29)\nAssertionError: 17 != 29\n\n----------------------------------------------------------------------\nRan 5 tests in 0.000s\n\nFAILED (failures=1)\n\nTest Report:\nThe test script has failed with one test case (test4) resulting in an assertion error. The expected output for the sum of squares of [1.4, 4.2, 0] was 29, but the actual output was 17.\n\nConclusion:\nCode Test Failed.",
    "RepairResponse2": "{\n  \"revised_code\": \"def sum_squares(lst):\\n    result = 0\\n    for num in lst:\\n        num = round(num)\\n        result += (num ** 2)\\n    return result\"\n}",
    "RepairResponse2_prompt": "{\"Role\": \"You are a professional software engineer. Your duty is to write code in Python that meets the requirements. Ensure that the code you write is efficient, readable, and follows best practices. Remember, do not need to explain the code you wrote.\", \"Instruction\": \"1. Rewrite a bug fix version of the original code. 2. Response in JSON format.\", \"Example\": \"{\\\"revised_code\\\":\\\"...\\\"}\", \"Context\": \"# the original code:\\ndef sum_squares(lst):\\n    result = 0\\n    for num in lst:\\n        num = int(num)\\n        result += (num ** 2)\\n    return result\\n# test report:\\nTest Report\\n\\nTest script's output:\\n...F.\\n======================================================================\\nFAIL: test4 (__main__.Test)\\n----------------------------------------------------------------------\\nTraceback (most recent call last):\\n  File \\\"/Users/watch/PycharmProjects/XXXX-1-LLM/workspace/2024-01-14_16-27-02-745002/test_script.py\\\", line 20, in test4\\n    self.assertEqual(sum_squares([1.4,4.2,0]), 29)\\nAssertionError: 17 != 29\\n\\n----------------------------------------------------------------------\\nRan 5 tests in 0.000s\\n\\nFAILED (failures=1)\\n\\nTest Report:\\nThe test script has failed with one test case (test4) resulting in an assertion error. The expected output for the sum of squares of [1.4, 4.2, 0] was 29, but the actual output was 17.\\n\\nConclusion:\\nCode Test Failed.\", \"Question\": \"The original code has some bugs, according to the test report and suggestions, rewrite the code. Complete the following code:\\n\\n\\ndef sum_squares(lst):\\n    \\\"\\\"\\\"You are given a list of numbers.\\n    You need to return the sum of squared numbers in the given list,\\n    round each element in the list to the upper int(Ceiling) first.\\n    Examples:\\n    For lst = [1,2,3] the output should be 14\\n    For lst = [1,4,9] the output should be 98\\n    For lst = [1,3,5,7] the output should be 84\\n    For lst = [1.4,4.2,0] the output should be 29\\n    For lst = [-2.4,1,1] the output should be 6\\n    \\n\\n    \\\"\\\"\\\"\\n\"}",
    "Code2": "def sum_squares(lst):\n    result = 0\n    for num in lst:\n        num = round(num)\n        result += (num ** 2)\n    return result",
    "ScriptResult2": "...F.\n======================================================================\nFAIL: test4 (__main__.Test)\n----------------------------------------------------------------------\nTraceback (most recent call last):\n  File \"/Users/watch/PycharmProjects/XXXX-1-LLM/workspace/2024-01-14_16-27-02-745002/test_script.py\", line 20, in test4\n    self.assertEqual(sum_squares([1.4,4.2,0]), 29)\nAssertionError: 17 != 29\n\n----------------------------------------------------------------------\nRan 5 tests in 0.000s\n\nFAILED (failures=1)\n",
    "TestReport2": "Test Report:\n\nTest script's output:\n...F.\n======================================================================\nFAIL: test4 (__main__.Test)\n----------------------------------------------------------------------\nTraceback (most recent call last):\n  File \"/Users/watch/PycharmProjects/XXXX-1-LLM/workspace/2024-01-14_16-27-02-745002/test_script.py\", line 20, in test4\n    self.assertEqual(sum_squares([1.4,4.2,0]), 29)\nAssertionError: 17 != 29\n\n----------------------------------------------------------------------\nRan 5 tests in 0.000s\n\nFAILED (failures=1)\n\nTest Report:\nThe test script output indicates that the code has failed one of the tests. Specifically, test4 has failed with an assertion error. The input example for the failed test is sum_squares([1.4,4.2,0]) which resulted in an actual output of 17 while the expected output was 29.\n\nConclusion:\nCode Test Failed.",
    "FinalCode": "def sum_squares(lst):\n    result = 0\n    for num in lst:\n        num = round(num)\n        result += (num ** 2)\n    return result"
}