{
    "start_time": "2024-03-11_10-17-37-492825",
    "task": "def get_total_number_of_sequences(m,n): \n'''Write a function that takes in positive integers m and n and finds the number of possible sequences of length n, such that each element is a positive integer and is greater than or equal to twice the previous element but less than or equal to m.\nassert get_total_number_of_sequences(10, 4) == 4'''\n",
    "datetime": {
        "task": "2024-03-11 10:17:37",
        "task-id": "2024-03-11 10:17:37",
        "workflow": "2024-03-11 10:17:37",
        "Discussion": "2024-03-11 10:17:38",
        "DisorderedSprintMeetings": "2024-03-11 10:17:40",
        "UserStoryDraft0": "2024-03-11 10:17:41",
        "AnalyzeMeetings": "2024-03-11 10:17:43",
        "UserStory0": "2024-03-11 10:17:44",
        "CodeDraft0": "2024-03-11 10:17:45",
        "CodeReviewMeetings0": "2024-03-11 10:17:47",
        "Code0CR": "2024-03-11 10:17:48",
        "FinalCode": "2024-03-11 10:18:16",
        "Test Cases Draft": "2024-03-11 10:17:50",
        "Test Cases Meetings": "2024-03-11 10:17:51",
        "Test Cases": "2024-03-11 10:17:53",
        "Code0": "2024-03-11 10:17:54",
        "TestScriptOriginal": "2024-03-11 10:17:55",
        "TestScript": "2024-03-11 10:17:55",
        "ScriptResult0": "2024-03-11 10:17:55",
        "TestReport0": "2024-03-11 10:17:59",
        "SprintReview0": "2024-03-11 10:18:00",
        "SprintReviewMeetings0": "2024-03-11 10:18:02",
        "RepairResponse0": "2024-03-11 10:18:03",
        "Code1": "2024-03-11 10:18:03",
        "ScriptResult1": "2024-03-11 10:18:03",
        "TestReport1": "2024-03-11 10:18:05",
        "SprintReview1": "2024-03-11 10:18:07",
        "SprintReviewMeetings1": "2024-03-11 10:18:10",
        "RepairResponse1": "2024-03-11 10:18:11",
        "Code2": "2024-03-11 10:18:11",
        "ScriptResult2": "2024-03-11 10:18:11",
        "TestReport2": "2024-03-11 10:18:12",
        "SprintReview2": "2024-03-11 10:18:14",
        "SprintReviewMeetings2": "2024-03-11 10:18:15",
        "RepairResponse2": "2024-03-11 10:18:16",
        "Code3": "2024-03-11 10:18:16",
        "ScriptResult3": "2024-03-11 10:18:16",
        "TestReport3": "2024-03-11 10:18:20"
    },
    "task-id": 239,
    "workflow": "agile/agile_version_0.0.5_remove.json",
    "Discussion": "[ScrumMaster]says: We have a job: def get_total_number_of_sequences(m,n): \n'''Write a function that takes in positive integers m and n and finds the number of possible sequences of length n, such that each element is a positive integer and is greater than or equal to twice the previous element but less than or equal to m.\nassert get_total_number_of_sequences(10, 4) == 4'''\n, do you have any ideas?\n-----\n\n[Architect]says: As an architect, I think the first step is to define the data structure and algorithm for generating the sequences.\n-----\n\n[Tester]says: As a Tester, I can suggest writing test cases for different scenarios to ensure the function works as expected.\n-----\n\n[ProductOwner]says: As a Product Owner, I think we should consider the user's perspective and make sure the function is easy to use and meets their needs.\n-----\n\n[Developer]says: As a Developer, I think we should start by brainstorming different approaches to solving this problem and then discussing the potential implementation challenges.\n-----\n\n[Tester]says: As a Tester, I can suggest writing test cases for different scenarios to ensure the function works as expected.\n-----\n\n[Architect]says: As an architect, I think the first step is to define the data structure and algorithm for generating the sequences.\n-----\n\n[ProductOwner]says: As a Product Owner, I think we should prioritize user-friendly design and functionality in the development process.\n-----\n\n[Developer]says: As a Developer, I will start by brainstorming different approaches to solving this problem and then discussing the potential implementation challenges.\n-----\n",
    "DisorderedSprintMeetings": "{\n  \"product-owner\":[\n    \"Consider user's perspective and make sure the function is easy to use and meets their needs\",\n    \"Prioritize user-friendly design and functionality in the development process\"\n  ],\n  \"architect\":[\n    \"Define the data structure and algorithm for generating the sequences\"\n  ],\n  \"developer\":[\n    \"Brainstorm different approaches to solving the problem\",\n    \"Discuss potential implementation challenges\"\n  ],\n  \"tester\":[\n    \"Write test cases for different scenarios to ensure the function works as expected\"\n  ]\n}",
    "DisorderedSprintMeetings_prompt": "{\"Role\": \"You are a professional scrum master. Your goal is to breakdown the Discussion History into a task list for the scrum team.\", \"Instruction\": \"1. Read and Understand the Discussion History. 2. Define the tasks for four roles: product-owner/architect/developer/tester. 3. Response in JSON format.\", \"Example\": \"{\\\"product-owner\\\":[\\\"task1\\\",\\\"task2\\\"],\\\"architect\\\":[\\\"task1\\\",\\\"task2\\\"], \\\"developer\\\":[\\\"task1\\\",\\\"task2\\\"], \\\"tester\\\":[\\\"task1\\\",\\\"task2\\\"]}\", \"Context\": \"[ScrumMaster]says: We have a job: def get_total_number_of_sequences(m,n): \\n'''Write a function that takes in positive integers m and n and finds the number of possible sequences of length n, such that each element is a positive integer and is greater than or equal to twice the previous element but less than or equal to m.\\nassert get_total_number_of_sequences(10, 4) == 4'''\\n, do you have any ideas?\\n-----\\n\\n[Architect]says: As an architect, I think the first step is to define the data structure and algorithm for generating the sequences.\\n-----\\n\\n[Tester]says: As a Tester, I can suggest writing test cases for different scenarios to ensure the function works as expected.\\n-----\\n\\n[ProductOwner]says: As a Product Owner, I think we should consider the user's perspective and make sure the function is easy to use and meets their needs.\\n-----\\n\\n[Developer]says: As a Developer, I think we should start by brainstorming different approaches to solving this problem and then discussing the potential implementation challenges.\\n-----\\n\\n[Tester]says: As a Tester, I can suggest writing test cases for different scenarios to ensure the function works as expected.\\n-----\\n\\n[Architect]says: As an architect, I think the first step is to define the data structure and algorithm for generating the sequences.\\n-----\\n\\n[ProductOwner]says: As a Product Owner, I think we should prioritize user-friendly design and functionality in the development process.\\n-----\\n\\n[Developer]says: As a Developer, I will start by brainstorming different approaches to solving this problem and then discussing the potential implementation challenges.\\n-----\\n\", \"Question\": \"Follow the Instruction section. The Discussion History is in the Context section. You only need to return a task list as the Example section.\"}",
    "UserStoryDraft0": "{\n  \"UserStory\": \"As a user, I want a function that takes in two positive integers m and n, and returns the total number of possible sequences of length n, where each element is a positive integer and is greater than or equal to twice the previous element but less than or equal to m. This function should be easy to use and meet my needs, providing a user-friendly design and functionality.\"\n}",
    "UserStoryDraft0_prompt": "{\"Role\": \"You need to act as a professional product owner. Your task is to write a UserStory\", \"Instruction\": \"According to the Context, please analyze the requirement and write your response. Response in JSON format. Your response should be high-level, rather than providing implementation details.\", \"Example\": \"\", \"Context\": [\"Consider user's perspective and make sure the function is easy to use and meets their needs\", \"Prioritize user-friendly design and functionality in the development process\"], \"Question\": \"Follow the Instruction. The requirement is as follows:\\ndef get_total_number_of_sequences(m,n): \\n'''Write a function that takes in positive integers m and n and finds the number of possible sequences of length n, such that each element is a positive integer and is greater than or equal to twice the previous element but less than or equal to m.\\nassert get_total_number_of_sequences(10, 4) == 4'''\\n\"}",
    "AnalyzeMeetings": "{\n  \"Architect\": \"The user story requires a function that calculates the total number of possible sequences. It's important to design a function that efficiently generates these sequences without compromising performance. Consider implementing an algorithm that can handle large values of m and n without causing memory or performance issues.\",\n  \"Tester\": \"When testing the function, it's crucial to cover edge cases, such as the smallest and largest possible values for m and n. Additionally, test the function with various input combinations to ensure it returns the correct number of possible sequences and handles different scenarios.\"\n}",
    "UserStory0": "{\n  \"RevisedDocument\": \"As a professional product owner, I have revised the user story based on the suggestions provided by the Architect and Tester. The function should efficiently generate sequences without compromising performance, using an algorithm that can handle large values of m and n without causing memory or performance issues. Additionally, it should cover edge cases such as the smallest and largest possible values for m and n, and should be tested with various input combinations to ensure it returns the correct number of possible sequences and handles different scenarios.\"\n}",
    "UserStory0_prompt": {
        "Role": "You need to act as a professional product owner. Your duty is to revise the document based on the suggestions.",
        "Instruction": "1. Read the suggestions. 2. Revise your draft version document. 3. Response in JSON format. 4. REMEMBER: Your analysis should be high-level, rather than providing implementation details.",
        "Example": "",
        "Context": "# Suggestion:\n{\n  \"Architect\": \"The user story requires a function that calculates the total number of possible sequences. It's important to design a function that efficiently generates these sequences without compromising performance. Consider implementing an algorithm that can handle large values of m and n without causing memory or performance issues.\",\n  \"Tester\": \"When testing the function, it's crucial to cover edge cases, such as the smallest and largest possible values for m and n. Additionally, test the function with various input combinations to ensure it returns the correct number of possible sequences and handles different scenarios.\"\n}",
        "Question": "Follow the Instruction. Your colleague give you some suggestions(in the Context section) about this draft document:{\n  \"UserStory\": \"As a user, I want a function that takes in two positive integers m and n, and returns the total number of possible sequences of length n, where each element is a positive integer and is greater than or equal to twice the previous element but less than or equal to m. This function should be easy to use and meet my needs, providing a user-friendly design and functionality.\"\n}"
    },
    "CodeDraft0": "def get_total_number_of_sequences(m, n):\n    if n == 1:\n        return m\n    else:\n        return (m // 2) * get_total_number_of_sequences(m, n - 1) - 1\n\nassert get_total_number_of_sequences(10, 4) == 4",
    "CodeDraft0_prompt": {
        "Role": "You are a professional engineer. Your duty is to write code in Python that meets the requirements. Ensure that the code you write is efficient, readable, and follows best practices. Remember, do not need to explain the code you wrote.",
        "Instruction": "According to the Context section, write your code.",
        "Example": "",
        "Context": "# Tasks:\n['Brainstorm different approaches to solving the problem', 'Discuss potential implementation challenges']",
        "Question": "Follow the Instruction section. Complete the following code:\ndef get_total_number_of_sequences(m,n): \n'''Write a function that takes in positive integers m and n and finds the number of possible sequences of length n, such that each element is a positive integer and is greater than or equal to twice the previous element but less than or equal to m.\nassert get_total_number_of_sequences(10, 4) == 4'''\n"
    },
    "CodeReviewMeetings0": "{\n  \"Architect\": \"The code is using recursion to calculate the total number of sequences. This can lead to stack overflow for large values of n. It would be better to use a loop to calculate the total number of sequences.\",\n  \"Tester\": \"The code is not handling the case when n is 1 correctly. It should return m instead of entering the else block. Also, the assert statement is failing, so the code needs to be debugged and fixed.\"\n}",
    "Code0CR": "def get_total_number_of_sequences(m, n):\n    total_sequences = 0\n    if n == 1:\n        return m\n    else:\n        prev_element = 1\n        for _ in range(n):\n            for i in range(prev_element * 2, m + 1):\n                total_sequences += 1\n                prev_element = i\n    return total_sequences",
    "Code0CR_prompt": "{\"Role\": \"You are a professional software engineer. Your duty is to write code in Python that meets the requirements. Ensure that the code you write is efficient, readable, and follows best practices. Remember, do not need to explain the code you wrote.\", \"Instruction\": \"1. Understand the suggestions(in the Context section) about the original code. 2. Rewrite your code.\", \"Example\": \"\", \"Context\": \"# Tasks:\\n['Brainstorm different approaches to solving the problem', 'Discuss potential implementation challenges']\\n# Suggestions:\\n{\\n  \\\"Architect\\\": \\\"The code is using recursion to calculate the total number of sequences. This can lead to stack overflow for large values of n. It would be better to use a loop to calculate the total number of sequences.\\\",\\n  \\\"Tester\\\": \\\"The code is not handling the case when n is 1 correctly. It should return m instead of entering the else block. Also, the assert statement is failing, so the code needs to be debugged and fixed.\\\"\\n}\", \"Question\": \"Follow the Instruction section. Complete the following code:\\ndef get_total_number_of_sequences(m,n): \\n'''Write a function that takes in positive integers m and n and finds the number of possible sequences of length n, such that each element is a positive integer and is greater than or equal to twice the previous element but less than or equal to m.\\nassert get_total_number_of_sequences(10, 4) == 4'''\\n\"}",
    "FinalCode": "def get_total_number_of_sequences(m, n):\n    if n == 0:\n        return 1\n    count = 0\n    for i in range(1, m // 2 + 1):\n        if m - i >= 2:\n            count += get_total_number_of_sequences(m - i, n - 1)\n    return count",
    "Test Cases Draft": "{\n  \"requirement analysis\": \"analysis\",\n  \"test_cases\": [\n    {\n      \"Test Title\": \"smallest possible values for m and n\",\n      \"Input Data\": \"m=1, n=1\",\n      \"Expected Output\": \"0 or 1\"\n    },\n    {\n      \"Test Title\": \"largest possible values for m and n\",\n      \"Input Data\": \"m=1000000, n=1000000\",\n      \"Expected Output\": \"very large number\"\n    },\n    {\n      \"Test Title\": \"various input combinations\",\n      \"Input Data\": \"m=10, n=4\",\n      \"Expected Output\": \"4\"\n    }\n  ]\n}",
    "Test Cases Draft_prompt": "{\"Role\": \"You are a quality assurance engineer. Your duty is to design test cases for the developers.\", \"Instruction\": \"According to the Context section, write test cases. Don't write long strings in your test cases. Response in JSON format.\", \"Example\": \"{\\\"requirement analysis\\\":\\\"analysis\\\",\\\"test_cases\\\":[{\\\"Test Title\\\":\\\"title\\\", \\\"Input Data\\\":\\\"parameter1=[1,2,3],parameter2='123'\\\", \\\"Expected Output\\\":\\\"456\\\"},]}\", \"Context\": \"# UsrtStory:\\n{\\n  \\\"RevisedDocument\\\": \\\"As a professional product owner, I have revised the user story based on the suggestions provided by the Architect and Tester. The function should efficiently generate sequences without compromising performance, using an algorithm that can handle large values of m and n without causing memory or performance issues. Additionally, it should cover edge cases such as the smallest and largest possible values for m and n, and should be tested with various input combinations to ensure it returns the correct number of possible sequences and handles different scenarios.\\\"\\n}\\n# Tasks:\\n['Write test cases for different scenarios to ensure the function works as expected']\\n\", \"Question\": \"def get_total_number_of_sequences(m,n): \\n'''Write a function that takes in positive integers m and n and finds the number of possible sequences of length n, such that each element is a positive integer and is greater than or equal to twice the previous element but less than or equal to m.\\nassert get_total_number_of_sequences(10, 4) == 4'''\\n\"}",
    "Test Cases Meetings": "{\n  \"Architect\": \"As an architect, I suggest revising the test cases to include boundary value analysis and equivalence partitioning. This will help in covering the extreme and critical scenarios for the input data.\",\n  \"Developer\": \"As a developer, I suggest revising the test cases to include edge cases and negative test scenarios. This will ensure comprehensive test coverage and help in identifying potential issues.\"\n}",
    "Test Cases": "{\n  \"requirement analysis\": \"analysis\",\n  \"test_cases\": [\n    {\n      \"Test Title\": \"smallest possible values for m and n\",\n      \"Input Data\": \"m=1, n=1\",\n      \"Expected Output\": \"0 or 1\"\n    },\n    {\n      \"Test Title\": \"largest possible values for m and n\",\n      \"Input Data\": \"m=1000000, n=1000000\",\n      \"Expected Output\": \"very large number\"\n    },\n    {\n      \"Test Title\": \"various input combinations\",\n      \"Input Data\": \"m=10, n=4\",\n      \"Expected Output\": \"4\"\n    }\n  ]\n}",
    "Test Cases_prompt": "{\"Role\": \"You are a quality assurance engineer. Your duty is to revise the test cases based on the suggestions.\", \"Instruction\": \"1. Your colleague give you some suggestions(in the Context section) about the draft test cases, read these suggestions. 2. Revise your draft version test cases, but don't use long parameters. 3. Response in JSON format.\", \"Example\": \"{\\\"requirement analysis\\\":\\\"analysis\\\",\\\"test_cases\\\":[{\\\"Test Title\\\":\\\"title\\\", \\\"Input Data\\\":\\\"parameter1=[1,2,3],parameter2='123'\\\", \\\"Expected Output\\\":\\\"456\\\"},]}\", \"Context\": \"# Suggestions:\\n{\\n  \\\"Architect\\\": \\\"As an architect, I suggest revising the test cases to include boundary value analysis and equivalence partitioning. This will help in covering the extreme and critical scenarios for the input data.\\\",\\n  \\\"Developer\\\": \\\"As a developer, I suggest revising the test cases to include edge cases and negative test scenarios. This will ensure comprehensive test coverage and help in identifying potential issues.\\\"\\n}\\n # Draft Test cases:\\n{\\n  \\\"requirement analysis\\\": \\\"analysis\\\",\\n  \\\"test_cases\\\": [\\n    {\\n      \\\"Test Title\\\": \\\"smallest possible values for m and n\\\",\\n      \\\"Input Data\\\": \\\"m=1, n=1\\\",\\n      \\\"Expected Output\\\": \\\"0 or 1\\\"\\n    },\\n    {\\n      \\\"Test Title\\\": \\\"largest possible values for m and n\\\",\\n      \\\"Input Data\\\": \\\"m=1000000, n=1000000\\\",\\n      \\\"Expected Output\\\": \\\"very large number\\\"\\n    },\\n    {\\n      \\\"Test Title\\\": \\\"various input combinations\\\",\\n      \\\"Input Data\\\": \\\"m=10, n=4\\\",\\n      \\\"Expected Output\\\": \\\"4\\\"\\n    }\\n  ]\\n}\", \"Question\": \"Follow the Instruction. Please make sure your response length are less than 512. Your test cases is for the below question:\\ndef get_total_number_of_sequences(m,n): \\n'''Write a function that takes in positive integers m and n and finds the number of possible sequences of length n, such that each element is a positive integer and is greater than or equal to twice the previous element but less than or equal to m.\\nassert get_total_number_of_sequences(10, 4) == 4'''\\n\"}",
    "Code0": "def get_total_number_of_sequences(m, n):\n    total_sequences = 0\n    if n == 1:\n        return m\n    else:\n        prev_element = 1\n        for _ in range(n):\n            for i in range(prev_element * 2, m + 1):\n                total_sequences += 1\n                prev_element = i\n    return total_sequences",
    "Code0_prompt": {
        "Role": "You are a professional software engineer. Your duty is to write code in Python that meets the requirements. Ensure that the code you write is efficient, readable, and follows best practices. Remember, do not need to explain the code you wrote.",
        "Instruction": "1. Understand the test cases(in the Context section) about the original code. 2. Rewrite your code, make sure your code pass all test cases.",
        "Example": "",
        "Context": "# Original Code:\ndef get_total_number_of_sequences(m, n):\n    total_sequences = 0\n    if n == 1:\n        return m\n    else:\n        prev_element = 1\n        for _ in range(n):\n            for i in range(prev_element * 2, m + 1):\n                total_sequences += 1\n                prev_element = i\n    return total_sequences\n# Test Cases:\n{\n  \"requirement analysis\": \"analysis\",\n  \"test_cases\": [\n    {\n      \"Test Title\": \"smallest possible values for m and n\",\n      \"Input Data\": \"m=1, n=1\",\n      \"Expected Output\": \"0 or 1\"\n    },\n    {\n      \"Test Title\": \"largest possible values for m and n\",\n      \"Input Data\": \"m=1000000, n=1000000\",\n      \"Expected Output\": \"very large number\"\n    },\n    {\n      \"Test Title\": \"various input combinations\",\n      \"Input Data\": \"m=10, n=4\",\n      \"Expected Output\": \"4\"\n    }\n  ]\n}",
        "Question": "def get_total_number_of_sequences(m,n): \n'''Write a function that takes in positive integers m and n and finds the number of possible sequences of length n, such that each element is a positive integer and is greater than or equal to twice the previous element but less than or equal to m.\nassert get_total_number_of_sequences(10, 4) == 4'''\n"
    },
    "TestScriptOriginal": "import unittest\n\ndef get_total_number_of_sequences(m, n):\n    # Write your function here\n    pass\n\nclass Test(unittest.TestCase):\n    def test(self):\n        self.assertEqual(get_total_number_of_sequences(10, 4), 4)\n\nif __name__ == '__main__':\n    unittest.main()",
    "TestScriptOriginal_prompt": "{\"Role\": \"You are a quality assurance engineer. Your duty is to write a python test script in unittest framework.\", \"Instruction\": \"1. Write a python test script. 2. Use the input and output given by the question.\", \"Example\": \"import unittest\\n\\nclass Test(unittest.TestCase):\\n    def test(self):\\n        self.assertEqual(function_under_test('a'), 1)\\n\\nif __name__ == '__main__':\\n    unittest.main()\", \"Context\": \"\", \"Question\": \"def get_total_number_of_sequences(m,n): \\n'''Write a function that takes in positive integers m and n and finds the number of possible sequences of length n, such that each element is a positive integer and is greater than or equal to twice the previous element but less than or equal to m.\\nassert get_total_number_of_sequences(10, 4) == 4'''\\n\"}",
    "TestScript": "import unittest\n\nclass Test(unittest.TestCase):\n    def test(self):\n        self.assertEqual(get_total_number_of_sequences(10, 4), 4)\n\nif __name__ == '__main__':\n    unittest.main()",
    "ScriptResult0": "F\n======================================================================\nFAIL: test (__main__.Test)\n----------------------------------------------------------------------\nTraceback (most recent call last):\n  File \"/Users/watch/PycharmProjects/XXXX-1-LLM/workspace/2024-03-11_10-17-37-492825/test_script.py\", line 16, in test\n    self.assertEqual(get_total_number_of_sequences(10, 4), 4)\nAssertionError: 9 != 4\n\n----------------------------------------------------------------------\nRan 1 test in 0.000s\n\nFAILED (failures=1)\n",
    "TestReport0": "Test Report:\n\nTest script's output:\nF\n======================================================================\nFAIL: test (__main__.Test)\n----------------------------------------------------------------------\nTraceback (most recent call last):\n  File \"/Users/watch/PycharmProjects/XXXX-1-LLM/workspace/2024-03-11_10-17-37-492825/test_script.py\", line 16, in test\n    self.assertEqual(get_total_number_of_sequences(10, 4), 4)\nAssertionError: 9 != 4\n\n----------------------------------------------------------------------\nRan 1 test in 0.000s\n\nFAILED (failures=1)\n\nCode Test Failed:\nInput Example: get_total_number_of_sequences(10, 4)\nExpected Output: 4\nActual Output: 9\n\nConclusion: Code Test Failed\n\nAnalysis:\nThe test case get_total_number_of_sequences(10, 4) failed as the expected output was 4 but the actual output was 9. The function get_total_number_of_sequences(m, n) did not return the expected value for this input.\n\nRecommendation:\nA review of the get_total_number_of_sequences function to correct the issue should be performed to ensure the correct output for the given input.\n\n[End of Report]",
    "SprintReview0": "[ScrumMaster]says: Here is our test Report: Test Report:\n\nTest script's output:\nF\n======================================================================\nFAIL: test (__main__.Test)\n----------------------------------------------------------------------\nTraceback (most recent call last):\n  File \"/Users/watch/PycharmProjects/XXXX-1-LLM/workspace/2024-03-11_10-17-37-492825/test_script.py\", line 16, in test\n    self.assertEqual(get_total_number_of_sequences(10, 4), 4)\nAssertionError: 9 != 4\n\n----------------------------------------------------------------------\nRan 1 test in 0.000s\n\nFAILED (failures=1)\n\nCode Test Failed:\nInput Example: get_total_number_of_sequences(10, 4)\nExpected Output: 4\nActual Output: 9\n\nConclusion: Code Test Failed\n\nAnalysis:\nThe test case get_total_number_of_sequences(10, 4) failed as the expected output was 4 but the actual output was 9. The function get_total_number_of_sequences(m, n) did not return the expected value for this input.\n\nRecommendation:\nA review of the get_total_number_of_sequences function to correct the issue should be performed to ensure the correct output for the given input.\n\n[End of Report], do you have any ideas?\n-----\n\n[Architect]says: As an Architect, I think we should review the get_total_number_of_sequences function to identify and correct the issue that caused the test case to fail.\n-----\n\n[ProductOwner]says: As a Product Owner, we should prioritize fixing the get_total_number_of_sequences function to ensure correct output for the given input.\n-----\n\n[Developer]says: As a Developer, I think we should review the get_total_number_of_sequences function and correct the issue to ensure the correct output for the given input.\n-----\n\n[Tester]says: As a Tester, I recommend reviewing the get_total_number_of_sequences function to correct the issue and ensure the correct output for the given input.\n-----\n\n[Architect]says: As an Architect, I think we should review the get_total_number_of_sequences function to identify and correct the issue that caused the test case to fail.\n-----\n\n[ProductOwner]says: As a Product Owner, we should prioritize fixing the get_total_number_of_sequences function to ensure correct output for the given input.\n-----\n\n[Tester]says: As a Tester, I recommend reviewing the get_total_number_of_sequences function to correct the issue and ensure the correct output for the given input.\n-----\n\n[Developer]says: As a Developer, I agree that we should review the get_total_number_of_sequences function and correct the issue to ensure the correct output for the given input.\n-----\n",
    "SprintReviewMeetings0": "{\n  \"product-owner\": [\n    \"We should prioritize fixing the get_total_number_of_sequences function to ensure correct output for the given input.\"\n  ],\n  \"architect\": [\n    \"We should review the get_total_number_of_sequences function to identify and correct the issue that caused the test case to fail.\"\n  ],\n  \"developer\": [\n    \"We should review the get_total_number_of_sequences function and correct the issue to ensure the correct output for the given input.\"\n  ],\n  \"tester\": [\n    \"I recommend reviewing the get_total_number_of_sequences function to correct the issue and ensure the correct output for the given input.\"\n  ]\n}",
    "SprintReviewMeetings0_prompt": "{\"Role\": \"You are a professional scrum master. Your goal is to summary the Discussion History into a suggestions list for the scrum team.\", \"Instruction\": \"1. Read and Understand the Discussion History. 2. Summary the suggestions from four roles: product-owner/architect/developer/tester. 3. Response in JSON format.\", \"Example\": \"{\\\"product-owner\\\":[\\\"suggestion1\\\",\\\"suggestion2\\\"],\\\"architect\\\":[\\\"suggestion1\\\",\\\"suggestion2\\\"], \\\"developer\\\":[\\\"suggestion1\\\",\\\"suggestion2\\\"], \\\"tester\\\":[\\\"suggestion1\\\",\\\"suggestion2\\\"]}\", \"Context\": \"[ScrumMaster]says: Here is our test Report: Test Report:\\n\\nTest script's output:\\nF\\n======================================================================\\nFAIL: test (__main__.Test)\\n----------------------------------------------------------------------\\nTraceback (most recent call last):\\n  File \\\"/Users/watch/PycharmProjects/XXXX-1-LLM/workspace/2024-03-11_10-17-37-492825/test_script.py\\\", line 16, in test\\n    self.assertEqual(get_total_number_of_sequences(10, 4), 4)\\nAssertionError: 9 != 4\\n\\n----------------------------------------------------------------------\\nRan 1 test in 0.000s\\n\\nFAILED (failures=1)\\n\\nCode Test Failed:\\nInput Example: get_total_number_of_sequences(10, 4)\\nExpected Output: 4\\nActual Output: 9\\n\\nConclusion: Code Test Failed\\n\\nAnalysis:\\nThe test case get_total_number_of_sequences(10, 4) failed as the expected output was 4 but the actual output was 9. The function get_total_number_of_sequences(m, n) did not return the expected value for this input.\\n\\nRecommendation:\\nA review of the get_total_number_of_sequences function to correct the issue should be performed to ensure the correct output for the given input.\\n\\n[End of Report], do you have any ideas?\\n-----\\n\\n[Architect]says: As an Architect, I think we should review the get_total_number_of_sequences function to identify and correct the issue that caused the test case to fail.\\n-----\\n\\n[ProductOwner]says: As a Product Owner, we should prioritize fixing the get_total_number_of_sequences function to ensure correct output for the given input.\\n-----\\n\\n[Developer]says: As a Developer, I think we should review the get_total_number_of_sequences function and correct the issue to ensure the correct output for the given input.\\n-----\\n\\n[Tester]says: As a Tester, I recommend reviewing the get_total_number_of_sequences function to correct the issue and ensure the correct output for the given input.\\n-----\\n\\n[Architect]says: As an Architect, I think we should review the get_total_number_of_sequences function to identify and correct the issue that caused the test case to fail.\\n-----\\n\\n[ProductOwner]says: As a Product Owner, we should prioritize fixing the get_total_number_of_sequences function to ensure correct output for the given input.\\n-----\\n\\n[Tester]says: As a Tester, I recommend reviewing the get_total_number_of_sequences function to correct the issue and ensure the correct output for the given input.\\n-----\\n\\n[Developer]says: As a Developer, I agree that we should review the get_total_number_of_sequences function and correct the issue to ensure the correct output for the given input.\\n-----\\n\", \"Question\": \"Follow the Instruction section. The Discussion History is in the Context section. You only need to return a list as the Example section.\"}",
    "RepairResponse0": "{\n  \"revised_code\": \"def get_total_number_of_sequences(m, n):\\n    if n == 0:\\n        return 1\\n    count = 0\\n    for i in range(1, m // 2 + 1):\\n        count += get_total_number_of_sequences(i, n - 1)\\n    return count\"\n}",
    "RepairResponse0_prompt": {
        "Role": "You are a professional software engineer. Your duty is to write code in Python that meets the requirements. Ensure that the code you write is efficient, readable, and follows best practices. Remember, do not need to explain the code you wrote.",
        "Instruction": "1. Rewrite a bug fix version of the original code. 2. Response in JSON format.",
        "Example": "{\"revised_code\":\"...\"}",
        "Context": "# Test Report:\nTest Report:\n\nTest script's output:\nF\n======================================================================\nFAIL: test (__main__.Test)\n----------------------------------------------------------------------\nTraceback (most recent call last):\n  File \"/Users/watch/PycharmProjects/XXXX-1-LLM/workspace/2024-03-11_10-17-37-492825/test_script.py\", line 16, in test\n    self.assertEqual(get_total_number_of_sequences(10, 4), 4)\nAssertionError: 9 != 4\n\n----------------------------------------------------------------------\nRan 1 test in 0.000s\n\nFAILED (failures=1)\n\nCode Test Failed:\nInput Example: get_total_number_of_sequences(10, 4)\nExpected Output: 4\nActual Output: 9\n\nConclusion: Code Test Failed\n\nAnalysis:\nThe test case get_total_number_of_sequences(10, 4) failed as the expected output was 4 but the actual output was 9. The function get_total_number_of_sequences(m, n) did not return the expected value for this input.\n\nRecommendation:\nA review of the get_total_number_of_sequences function to correct the issue should be performed to ensure the correct output for the given input.\n\n[End of Report]# suggestions:\n{\"product-owner\": [\"We should prioritize fixing the get_total_number_of_sequences function to ensure correct output for the given input.\"], \"architect\": [\"We should review the get_total_number_of_sequences function to identify and correct the issue that caused the test case to fail.\"], \"developer\": [\"We should review the get_total_number_of_sequences function and correct the issue to ensure the correct output for the given input.\"], \"tester\": [\"I recommend reviewing the get_total_number_of_sequences function to correct the issue and ensure the correct output for the given input.\"]}",
        "Question": "The original code has some bugs, according to the test report and suggestions, rewrite the code. Complete the following code:\ndef get_total_number_of_sequences(m,n): \n'''Write a function that takes in positive integers m and n and finds the number of possible sequences of length n, such that each element is a positive integer and is greater than or equal to twice the previous element but less than or equal to m.\nassert get_total_number_of_sequences(10, 4) == 4'''\n"
    },
    "Code1": "def get_total_number_of_sequences(m, n):\n    if n == 0:\n        return 1\n    count = 0\n    for i in range(1, m // 2 + 1):\n        count += get_total_number_of_sequences(i, n - 1)\n    return count",
    "ScriptResult1": "F\n======================================================================\nFAIL: test (__main__.Test)\n----------------------------------------------------------------------\nTraceback (most recent call last):\n  File \"/Users/watch/PycharmProjects/XXXX-1-LLM/workspace/2024-03-11_10-17-37-492825/test_script.py\", line 12, in test\n    self.assertEqual(get_total_number_of_sequences(10, 4), 4)\nAssertionError: 0 != 4\n\n----------------------------------------------------------------------\nRan 1 test in 0.000s\n\nFAILED (failures=1)\n",
    "TestReport1": "Test Report:\n\nThe test script's output shows a failure in the test case for the function get_total_number_of_sequences(m, n). The test case with input parameters (10, 4) is expected to return 4, but the actual output is 0, resulting in an assertion error.\n\nCode Test Failed\n\nInput and Expected Output Example:\nInput: (10, 4)\nExpected Output: 4\n\nCode:\ndef get_total_number_of_sequences(m, n):\n    if n == 0:\n        return 1\n    count = 0\n    for i in range(1, m // 2 + 1):\n        count += get_total_number_of_sequences(i, n - 1)\n    return count",
    "SprintReview1": "[ScrumMaster]says: Here is our test Report: Test Report:\n\nThe test script's output shows a failure in the test case for the function get_total_number_of_sequences(m, n). The test case with input parameters (10, 4) is expected to return 4, but the actual output is 0, resulting in an assertion error.\n\nCode Test Failed\n\nInput and Expected Output Example:\nInput: (10, 4)\nExpected Output: 4\n\nCode:\ndef get_total_number_of_sequences(m, n):\n    if n == 0:\n        return 1\n    count = 0\n    for i in range(1, m // 2 + 1):\n        count += get_total_number_of_sequences(i, n - 1)\n    return count, do you have any ideas?\n-----\n\n[Developer]says: As a Developer, I think we should review the code for the get_total_number_of_sequences function to identify the issue and fix it.\n-----\n\n[ProductOwner]says: As a Product Owner, I believe we should prioritize fixing the failed test case for the function get_total_number_of_sequences(m, n) to ensure the functionality of our product.\n-----\n\n[Architect]says: As an architect, it seems like there may be a recursion issue in the get_total_number_of_sequences function that is causing the test case to fail. We should review the function logic and test it with different input parameters to identify and fix the issue.\n-----\n\n[Tester]says: As a Tester, it seems like the function get_total_number_of_sequences(m, n) is not returning the expected value for the input parameters (10, 4). It might be worth investigating the logic inside the function and checking for any potential issues.\n-----\n\n[Developer]says: As a Developer, I will review the code for the get_total_number_of_sequences function to identify the issue and fix it.\n-----\n\n[ProductOwner]says: As a Product Owner, I agree that fixing the failed test case for the function get_total_number_of_sequences(m, n) should be our top priority to ensure the functionality of our product.\n-----\n\n[Tester]says: As a Tester, it seems like the function get_total_number_of_sequences(m, n) is not returning the expected value for the input parameters (10, 4). It might be worth investigating the logic inside the function and checking for any potential issues.\n-----\n\n[Architect]says: As an architect, I agree that we should review the function logic and test it with different input parameters to identify and fix the recursion issue in the get_total_number_of_sequences function.\n-----\n",
    "SprintReviewMeetings1": "{\n  \"product-owner\": [\"We should prioritize fixing the failed test case for the function get_total_number_of_sequences(m, n) to ensure the functionality of our product.\"],\n  \"architect\": [\"There may be a recursion issue in the get_total_number_of_sequences function that is causing the test case to fail. We should review the function logic and test it with different input parameters to identify and fix the issue.\"],\n  \"developer\": [\"We should review the code for the get_total_number_of_sequences function to identify the issue and fix it.\"],\n  \"tester\": [\"It seems like the function get_total_number_of_sequences(m, n) is not returning the expected value for the input parameters (10, 4). It might be worth investigating the logic inside the function and checking for any potential issues.\"]\n}",
    "SprintReviewMeetings1_prompt": "{\"Role\": \"You are a professional scrum master. Your goal is to summary the Discussion History into a suggestions list for the scrum team.\", \"Instruction\": \"1. Read and Understand the Discussion History. 2. Summary the suggestions from four roles: product-owner/architect/developer/tester. 3. Response in JSON format.\", \"Example\": \"{\\\"product-owner\\\":[\\\"suggestion1\\\",\\\"suggestion2\\\"],\\\"architect\\\":[\\\"suggestion1\\\",\\\"suggestion2\\\"], \\\"developer\\\":[\\\"suggestion1\\\",\\\"suggestion2\\\"], \\\"tester\\\":[\\\"suggestion1\\\",\\\"suggestion2\\\"]}\", \"Context\": \"[ScrumMaster]says: Here is our test Report: Test Report:\\n\\nThe test script's output shows a failure in the test case for the function get_total_number_of_sequences(m, n). The test case with input parameters (10, 4) is expected to return 4, but the actual output is 0, resulting in an assertion error.\\n\\nCode Test Failed\\n\\nInput and Expected Output Example:\\nInput: (10, 4)\\nExpected Output: 4\\n\\nCode:\\ndef get_total_number_of_sequences(m, n):\\n    if n == 0:\\n        return 1\\n    count = 0\\n    for i in range(1, m // 2 + 1):\\n        count += get_total_number_of_sequences(i, n - 1)\\n    return count, do you have any ideas?\\n-----\\n\\n[Developer]says: As a Developer, I think we should review the code for the get_total_number_of_sequences function to identify the issue and fix it.\\n-----\\n\\n[ProductOwner]says: As a Product Owner, I believe we should prioritize fixing the failed test case for the function get_total_number_of_sequences(m, n) to ensure the functionality of our product.\\n-----\\n\\n[Architect]says: As an architect, it seems like there may be a recursion issue in the get_total_number_of_sequences function that is causing the test case to fail. We should review the function logic and test it with different input parameters to identify and fix the issue.\\n-----\\n\\n[Tester]says: As a Tester, it seems like the function get_total_number_of_sequences(m, n) is not returning the expected value for the input parameters (10, 4). It might be worth investigating the logic inside the function and checking for any potential issues.\\n-----\\n\\n[Developer]says: As a Developer, I will review the code for the get_total_number_of_sequences function to identify the issue and fix it.\\n-----\\n\\n[ProductOwner]says: As a Product Owner, I agree that fixing the failed test case for the function get_total_number_of_sequences(m, n) should be our top priority to ensure the functionality of our product.\\n-----\\n\\n[Tester]says: As a Tester, it seems like the function get_total_number_of_sequences(m, n) is not returning the expected value for the input parameters (10, 4). It might be worth investigating the logic inside the function and checking for any potential issues.\\n-----\\n\\n[Architect]says: As an architect, I agree that we should review the function logic and test it with different input parameters to identify and fix the recursion issue in the get_total_number_of_sequences function.\\n-----\\n\", \"Question\": \"Follow the Instruction section. The Discussion History is in the Context section. You only need to return a list as the Example section.\"}",
    "RepairResponse1": "{\n  \"revised_code\": \"def get_total_number_of_sequences(m, n):\\n    if n == 0:\\n        return 1\\n    count = 0\\n    for i in range(1, m // 2 + 1):\\n        count += get_total_number_of_sequences(m-i, n-1)\\n    return count\"\n}",
    "RepairResponse1_prompt": {
        "Role": "You are a professional software engineer. Your duty is to write code in Python that meets the requirements. Ensure that the code you write is efficient, readable, and follows best practices. Remember, do not need to explain the code you wrote.",
        "Instruction": "1. Rewrite a bug fix version of the original code. 2. Response in JSON format.",
        "Example": "{\"revised_code\":\"...\"}",
        "Context": "# Test Report:\nTest Report:\n\nThe test script's output shows a failure in the test case for the function get_total_number_of_sequences(m, n). The test case with input parameters (10, 4) is expected to return 4, but the actual output is 0, resulting in an assertion error.\n\nCode Test Failed\n\nInput and Expected Output Example:\nInput: (10, 4)\nExpected Output: 4\n\nCode:\ndef get_total_number_of_sequences(m, n):\n    if n == 0:\n        return 1\n    count = 0\n    for i in range(1, m // 2 + 1):\n        count += get_total_number_of_sequences(i, n - 1)\n    return count# suggestions:\n{\"product-owner\": [\"We should prioritize fixing the failed test case for the function get_total_number_of_sequences(m, n) to ensure the functionality of our product.\"], \"architect\": [\"There may be a recursion issue in the get_total_number_of_sequences function that is causing the test case to fail. We should review the function logic and test it with different input parameters to identify and fix the issue.\"], \"developer\": [\"We should review the code for the get_total_number_of_sequences function to identify the issue and fix it.\"], \"tester\": [\"It seems like the function get_total_number_of_sequences(m, n) is not returning the expected value for the input parameters (10, 4). It might be worth investigating the logic inside the function and checking for any potential issues.\"]}",
        "Question": "The original code has some bugs, according to the test report and suggestions, rewrite the code. Complete the following code:\ndef get_total_number_of_sequences(m,n): \n'''Write a function that takes in positive integers m and n and finds the number of possible sequences of length n, such that each element is a positive integer and is greater than or equal to twice the previous element but less than or equal to m.\nassert get_total_number_of_sequences(10, 4) == 4'''\n"
    },
    "Code2": "def get_total_number_of_sequences(m, n):\n    if n == 0:\n        return 1\n    count = 0\n    for i in range(1, m // 2 + 1):\n        count += get_total_number_of_sequences(m-i, n-1)\n    return count",
    "ScriptResult2": "F\n======================================================================\nFAIL: test (__main__.Test)\n----------------------------------------------------------------------\nTraceback (most recent call last):\n  File \"/Users/watch/PycharmProjects/XXXX-1-LLM/workspace/2024-03-11_10-17-37-492825/test_script.py\", line 12, in test\n    self.assertEqual(get_total_number_of_sequences(10, 4), 4)\nAssertionError: 61 != 4\n\n----------------------------------------------------------------------\nRan 1 test in 0.000s\n\nFAILED (failures=1)\n",
    "TestReport2": "Test Report:\n\nTest Case: get_total_number_of_sequences\n\nInput: m=10, n=4\nExpected Output: 4\nActual Output: 61\nResult: FAIL\n\nConclusion: Code Test Failed\n\nCode:\ndef get_total_number_of_sequences(m, n):\n    if n == 0:\n        return 1\n    count = 0\n    for i in range(1, m // 2 + 1):\n        count += get_total_number_of_sequences(m-i, n-1)\n    return count",
    "SprintReview2": "[ScrumMaster]says: Here is our test Report: Test Report:\n\nTest Case: get_total_number_of_sequences\n\nInput: m=10, n=4\nExpected Output: 4\nActual Output: 61\nResult: FAIL\n\nConclusion: Code Test Failed\n\nCode:\ndef get_total_number_of_sequences(m, n):\n    if n == 0:\n        return 1\n    count = 0\n    for i in range(1, m // 2 + 1):\n        count += get_total_number_of_sequences(m-i, n-1)\n    return count, do you have any ideas?\n-----\n\n[Developer]says: As a developer, we need to review the code logic and verify the calculations for the get_total_number_of_sequences function.\n-----\n\n[Tester]says: As a Tester, I think we should review the code and consider potential edge cases before rerunning the test.\n-----\n\n[ProductOwner]says: As a Product Owner, I think we should prioritize fixing the code test failure before proceeding with further development.\n-----\n\n[Architect]says: As an Architect, it is important to review the code and consider refactoring it to improve testability and reliability.\n-----\n\n[Architect]says: As an Architect, I think we should prioritize refactoring the code to improve testability and reliability before proceeding with further development.\n-----\n\n[Tester]says: [Tester] As a Tester, I believe we should review the code and consider potential edge cases before rerunning the test.\n-----\n\n[ProductOwner]says: [ProductOwner]says: To create a product, we should prioritize fixing the code test failure before proceeding with further development.\n-----\n\n[Developer]says: [Developer] As a developer, I will review the code logic and verify the calculations for the get_total_number_of_sequences function.\n-----\n",
    "SprintReviewMeetings2": "{\n  \"product-owner\": [\"I think we should prioritize fixing the code test failure before proceeding with further development.\"],\n  \"architect\": [\"It is important to review the code and consider refactoring it to improve testability and reliability.\", \"I think we should prioritize refactoring the code to improve testability and reliability before proceeding with further development.\"],\n  \"developer\": [\"we need to review the code logic and verify the calculations for the get_total_number_of_sequences function.\"],\n  \"tester\": [\"we should review the code and consider potential edge cases before rerunning the test.\"]\n}",
    "SprintReviewMeetings2_prompt": "{\"Role\": \"You are a professional scrum master. Your goal is to summary the Discussion History into a suggestions list for the scrum team.\", \"Instruction\": \"1. Read and Understand the Discussion History. 2. Summary the suggestions from four roles: product-owner/architect/developer/tester. 3. Response in JSON format.\", \"Example\": \"{\\\"product-owner\\\":[\\\"suggestion1\\\",\\\"suggestion2\\\"],\\\"architect\\\":[\\\"suggestion1\\\",\\\"suggestion2\\\"], \\\"developer\\\":[\\\"suggestion1\\\",\\\"suggestion2\\\"], \\\"tester\\\":[\\\"suggestion1\\\",\\\"suggestion2\\\"]}\", \"Context\": \"[ScrumMaster]says: Here is our test Report: Test Report:\\n\\nTest Case: get_total_number_of_sequences\\n\\nInput: m=10, n=4\\nExpected Output: 4\\nActual Output: 61\\nResult: FAIL\\n\\nConclusion: Code Test Failed\\n\\nCode:\\ndef get_total_number_of_sequences(m, n):\\n    if n == 0:\\n        return 1\\n    count = 0\\n    for i in range(1, m // 2 + 1):\\n        count += get_total_number_of_sequences(m-i, n-1)\\n    return count, do you have any ideas?\\n-----\\n\\n[Developer]says: As a developer, we need to review the code logic and verify the calculations for the get_total_number_of_sequences function.\\n-----\\n\\n[Tester]says: As a Tester, I think we should review the code and consider potential edge cases before rerunning the test.\\n-----\\n\\n[ProductOwner]says: As a Product Owner, I think we should prioritize fixing the code test failure before proceeding with further development.\\n-----\\n\\n[Architect]says: As an Architect, it is important to review the code and consider refactoring it to improve testability and reliability.\\n-----\\n\\n[Architect]says: As an Architect, I think we should prioritize refactoring the code to improve testability and reliability before proceeding with further development.\\n-----\\n\\n[Tester]says: [Tester] As a Tester, I believe we should review the code and consider potential edge cases before rerunning the test.\\n-----\\n\\n[ProductOwner]says: [ProductOwner]says: To create a product, we should prioritize fixing the code test failure before proceeding with further development.\\n-----\\n\\n[Developer]says: [Developer] As a developer, I will review the code logic and verify the calculations for the get_total_number_of_sequences function.\\n-----\\n\", \"Question\": \"Follow the Instruction section. The Discussion History is in the Context section. You only need to return a list as the Example section.\"}",
    "RepairResponse2": "{\n  \"revised_code\": \"def get_total_number_of_sequences(m, n):\\n    if n == 0:\\n        return 1\\n    count = 0\\n    for i in range(1, m // 2 + 1):\\n        if m - i >= 2:\\n            count += get_total_number_of_sequences(m - i, n - 1)\\n    return count\"\n}",
    "RepairResponse2_prompt": {
        "Role": "You are a professional software engineer. Your duty is to write code in Python that meets the requirements. Ensure that the code you write is efficient, readable, and follows best practices. Remember, do not need to explain the code you wrote.",
        "Instruction": "1. Rewrite a bug fix version of the original code. 2. Response in JSON format.",
        "Example": "{\"revised_code\":\"...\"}",
        "Context": "# Test Report:\nTest Report:\n\nTest Case: get_total_number_of_sequences\n\nInput: m=10, n=4\nExpected Output: 4\nActual Output: 61\nResult: FAIL\n\nConclusion: Code Test Failed\n\nCode:\ndef get_total_number_of_sequences(m, n):\n    if n == 0:\n        return 1\n    count = 0\n    for i in range(1, m // 2 + 1):\n        count += get_total_number_of_sequences(m-i, n-1)\n    return count# suggestions:\n{\"product-owner\": [\"I think we should prioritize fixing the code test failure before proceeding with further development.\"], \"architect\": [\"It is important to review the code and consider refactoring it to improve testability and reliability.\", \"I think we should prioritize refactoring the code to improve testability and reliability before proceeding with further development.\"], \"developer\": [\"we need to review the code logic and verify the calculations for the get_total_number_of_sequences function.\"], \"tester\": [\"we should review the code and consider potential edge cases before rerunning the test.\"]}",
        "Question": "The original code has some bugs, according to the test report and suggestions, rewrite the code. Complete the following code:\ndef get_total_number_of_sequences(m,n): \n'''Write a function that takes in positive integers m and n and finds the number of possible sequences of length n, such that each element is a positive integer and is greater than or equal to twice the previous element but less than or equal to m.\nassert get_total_number_of_sequences(10, 4) == 4'''\n"
    },
    "Code3": "def get_total_number_of_sequences(m, n):\n    if n == 0:\n        return 1\n    count = 0\n    for i in range(1, m // 2 + 1):\n        if m - i >= 2:\n            count += get_total_number_of_sequences(m - i, n - 1)\n    return count",
    "ScriptResult3": "F\n======================================================================\nFAIL: test (__main__.Test)\n----------------------------------------------------------------------\nTraceback (most recent call last):\n  File \"/Users/watch/PycharmProjects/XXXX-1-LLM/workspace/2024-03-11_10-17-37-492825/test_script.py\", line 13, in test\n    self.assertEqual(get_total_number_of_sequences(10, 4), 4)\nAssertionError: 55 != 4\n\n----------------------------------------------------------------------\nRan 1 test in 0.000s\n\nFAILED (failures=1)\n",
    "TestReport3": "Test Report:\n\nTest Script's Output:\nF\n======================================================================\nFAIL: test (__main__.Test)\n----------------------------------------------------------------------\nTraceback (most recent call last):\n  File \"/Users/watch/PycharmProjects/XXXX-1-LLM/workspace/2024-03-11_10-17-37-492825/test_script.py\", line 13, in test\n    self.assertEqual(get_total_number_of_sequences(10, 4), 4)\nAssertionError: 55 != 4\n\n----------------------------------------------------------------------\nRan 1 test in 0.000s\n\nFAILED (failures=1)\n\nAnalysis:\nThe test script has failed with an assertion error. The expected output was 4, but the actual output was 55. This indicates that there is an issue with the get_total_number_of_sequences function.\n\nConclusion:\nCode Test Failed\n\nInput and Expected Output Example:\nExample Input: get_total_number_of_sequences(10, 4)\nExpected Output: 4\n\nCode:\ndef get_total_number_of_sequences(m, n):\n    if n == 0:\n        return 1\n    count = 0\n    for i in range(1, m // 2 + 1):\n        if m - i >= 2:\n            count += get_total_number_of_sequences(m - i, n - 1)\n    return count"
}