{
    "start_time": "2024-03-10_21-58-49-862656",
    "task": "def sum(a,b): \n'''Write a python function to find the sum of common divisors of two given numbers.\nassert sum(10,15) == 6'''\n",
    "datetime": {
        "task": "2024-03-10 21:58:49",
        "task-id": "2024-03-10 21:58:49",
        "workflow": "2024-03-10 21:58:49",
        "AnalyzeDraft": "2024-03-10 21:58:50",
        "AnalyzeMeetings": "2024-03-10 21:58:52",
        "Analyze": "2024-03-10 21:58:53",
        "Test Cases Draft": "2024-03-10 21:58:56",
        "Test Cases Meetings": "2024-03-10 21:58:57",
        "Test Cases": "2024-03-10 21:59:01",
        "Code0draft": "2024-03-10 21:59:01",
        "Code Review Meetings": "2024-03-10 21:59:02",
        "Code0": "2024-03-10 21:59:03",
        "TestScriptOriginal": "2024-03-10 21:59:04",
        "TestScript": "2024-03-10 21:59:04",
        "ScriptResult0": "2024-03-10 21:59:04",
        "TestReport0": "2024-03-10 21:59:05",
        "RepairResponse1": "2024-03-10 21:59:06",
        "Code1": "2024-03-10 21:59:06",
        "ScriptResult1": "2024-03-10 21:59:06",
        "TestReport1": "2024-03-10 21:59:10",
        "RepairResponse2": "2024-03-10 21:59:12",
        "Code2": "2024-03-10 21:59:12",
        "ScriptResult2": "2024-03-10 21:59:12",
        "TestReport2": "2024-03-10 21:59:15",
        "FinalCode": "2024-03-10 21:59:15"
    },
    "task-id": 126,
    "workflow": "testdriven/testdriven_version_0.0.5_remove.json",
    "AnalyzeDraft": "{\n  \"Requirement\": \"Write a python function to find the sum of common divisors of two given numbers.\",\n  \"Constraints\": \"The function should take two integer inputs a and b.\",\n  \"Expected Output\": \"The function should return the sum of common divisors of a and b.\",\n  \"Example\": \"assert sum(10,15) == 6\"\n}",
    "AnalyzeMeetings": "{\n  \"Architect\": \"The requirement and constraints are clear. It would be helpful to add some examples of common divisors and the expected output for those examples to further clarify the function's behavior.\",\n  \"Tester\": \"It would be beneficial to include some edge cases in the examples, such as when one of the numbers is 0 or negative, to ensure the function handles these cases correctly.\"\n}",
    "Analyze": "{\n  \"Revised Document\": {\n    \"Requirement\": \"Write a python function to find the sum of common divisors of two given numbers.\",\n    \"Constraints\": \"The function should take two integer inputs a and b.\",\n    \"Expected Output\": \"The function should return the sum of common divisors of a and b.\",\n    \"Example\": \"assert sum(10,15) == 6\",\n    \"Suggested Changes\": {\n      \"Architect\": \"It would be beneficial to add some examples of common divisors and the expected output for those examples to further clarify the function's behavior.\",\n      \"Tester\": \"It would be helpful to include some edge cases in the examples, such as when one of the numbers is 0 or negative, to ensure the function handles these cases correctly.\"\n    }\n  }\n}",
    "Test Cases Draft": "{\n  \"test_cases\": [\n    {\n      \"Test Title\": \"Valid Input\",\n      \"Input Data\": \"a=10, b=15\",\n      \"Expected Output\": \"6\"\n    },\n    {\n      \"Test Title\": \"Negative Input\",\n      \"Input Data\": \"a=-10, b=15\",\n      \"Expected Output\": \"Error\"\n    },\n    {\n      \"Test Title\": \"Zero Input\",\n      \"Input Data\": \"a=0, b=15\",\n      \"Expected Output\": \"Error\"\n    }\n  ]\n}",
    "Test Cases Draft_prompt": "{\"Role\": \"You are a quality assurance engineer. Your duty is to design test cases for the developers.\", \"Instruction\": \"According to the Context section, write test cases. Don't write long strings in your test cases. Response in JSON format.\", \"Example\": \"{\\\"requirement analysis\\\":\\\"analysis\\\",\\\"test_cases\\\":[{\\\"Test Title\\\":\\\"title\\\", \\\"Input Data\\\":\\\"parameter1=[1,2,3],parameter2='123'\\\", \\\"Expected Output\\\":\\\"456\\\"},]}\", \"Context\": \"# Requirement Analysis:\\n{\\n  \\\"Revised Document\\\": {\\n    \\\"Requirement\\\": \\\"Write a python function to find the sum of common divisors of two given numbers.\\\",\\n    \\\"Constraints\\\": \\\"The function should take two integer inputs a and b.\\\",\\n    \\\"Expected Output\\\": \\\"The function should return the sum of common divisors of a and b.\\\",\\n    \\\"Example\\\": \\\"assert sum(10,15) == 6\\\",\\n    \\\"Suggested Changes\\\": {\\n      \\\"Architect\\\": \\\"It would be beneficial to add some examples of common divisors and the expected output for those examples to further clarify the function's behavior.\\\",\\n      \\\"Tester\\\": \\\"It would be helpful to include some edge cases in the examples, such as when one of the numbers is 0 or negative, to ensure the function handles these cases correctly.\\\"\\n    }\\n  }\\n}\", \"Question\": \"def sum(a,b): \\n'''Write a python function to find the sum of common divisors of two given numbers.\\nassert sum(10,15) == 6'''\\n\"}",
    "Test Cases Meetings": "{\n  \"Architect\": \"As an Architect, I suggest revising the test cases to include edge cases such as maximum and minimum input values for 'a' and 'b'. This will help ensure that the functionality is thoroughly tested and robust.\",\n  \"Developer\": \"As a Developer, I suggest revising the test cases to include additional scenarios such as non-integer input for 'a' and 'b', and input exceeding the expected data type. This will help catch potential errors and improve the test coverage.\"\n}",
    "Test Cases Meetings_prompt": "{\"Role\": \"I want you to act as a different roles and then give some suggestions about how to revise the test cases.\", \"Instruction\": \"1. Read the Context section. 2. Act as an Architect, give your suggestions. 3. Act as a Developer, give your suggestions. 4. Response in JSON format.\", \"Example\": \"{\\\"Architect\\\":\\\"Suggestion\\\",\\\"Developer\\\":\\\"Suggestion\\\"}\", \"Context\": \"{\\n  \\\"test_cases\\\": [\\n    {\\n      \\\"Test Title\\\": \\\"Valid Input\\\",\\n      \\\"Input Data\\\": \\\"a=10, b=15\\\",\\n      \\\"Expected Output\\\": \\\"6\\\"\\n    },\\n    {\\n      \\\"Test Title\\\": \\\"Negative Input\\\",\\n      \\\"Input Data\\\": \\\"a=-10, b=15\\\",\\n      \\\"Expected Output\\\": \\\"Error\\\"\\n    },\\n    {\\n      \\\"Test Title\\\": \\\"Zero Input\\\",\\n      \\\"Input Data\\\": \\\"a=0, b=15\\\",\\n      \\\"Expected Output\\\": \\\"Error\\\"\\n    }\\n  ]\\n}\", \"Question\": \"Follow the Instruction. The Context section include the test cases.\"}",
    "Test Cases": "{\n  \"test_cases\": [\n    {\n      \"Test Title\": \"Valid Input\",\n      \"Input Data\": \"a=10, b=15\",\n      \"Expected Output\": \"6\"\n    },\n    {\n      \"Test Title\": \"Negative Input\",\n      \"Input Data\": \"a=-10, b=15\",\n      \"Expected Output\": \"Error\"\n    },\n    {\n      \"Test Title\": \"Zero Input\",\n      \"Input Data\": \"a=0, b=15\",\n      \"Expected Output\": \"Error\"\n    },\n    {\n      \"Test Title\": \"Maximum Input Values\",\n      \"Input Data\": \"a=2147483647, b=2147483647\",\n      \"Expected Output\": \"Error\"\n    },\n    {\n      \"Test Title\": \"Minimum Input Values\",\n      \"Input Data\": \"a=-2147483648, b=-2147483648\",\n      \"Expected Output\": \"Error\"\n    },\n    {\n      \"Test Title\": \"Non-Integer Input\",\n      \"Input Data\": \"a=10.5, b=15.5\",\n      \"Expected Output\": \"Error\"\n    },\n    {\n      \"Test Title\": \"Exceeding Expected Data Type\",\n      \"Input Data\": \"a='abc', b='def'\",\n      \"Expected Output\": \"Error\"\n    }\n  ]\n}",
    "Test Cases_prompt": "{\"Role\": \"You are a quality assurance engineer. Your duty is to revise the test cases based on the suggestions.\", \"Instruction\": \"1. Your colleague give you some suggestions(in the Context section) about the draft test cases, read these suggestions. 2. Revise your draft version test cases, but don't use long parameters. 3. Response in JSON format.\", \"Example\": \"{\\\"requirement analysis\\\":\\\"analysis\\\",\\\"test_cases\\\":[{\\\"Test Title\\\":\\\"title\\\", \\\"Input Data\\\":\\\"parameter1=[1,2,3],parameter2='123'\\\", \\\"Expected Output\\\":\\\"456\\\"},]}\", \"Context\": \"# Suggestions:\\n{\\n  \\\"Architect\\\": \\\"As an Architect, I suggest revising the test cases to include edge cases such as maximum and minimum input values for 'a' and 'b'. This will help ensure that the functionality is thoroughly tested and robust.\\\",\\n  \\\"Developer\\\": \\\"As a Developer, I suggest revising the test cases to include additional scenarios such as non-integer input for 'a' and 'b', and input exceeding the expected data type. This will help catch potential errors and improve the test coverage.\\\"\\n}\\n # Draft Test cases:\\n{\\n  \\\"test_cases\\\": [\\n    {\\n      \\\"Test Title\\\": \\\"Valid Input\\\",\\n      \\\"Input Data\\\": \\\"a=10, b=15\\\",\\n      \\\"Expected Output\\\": \\\"6\\\"\\n    },\\n    {\\n      \\\"Test Title\\\": \\\"Negative Input\\\",\\n      \\\"Input Data\\\": \\\"a=-10, b=15\\\",\\n      \\\"Expected Output\\\": \\\"Error\\\"\\n    },\\n    {\\n      \\\"Test Title\\\": \\\"Zero Input\\\",\\n      \\\"Input Data\\\": \\\"a=0, b=15\\\",\\n      \\\"Expected Output\\\": \\\"Error\\\"\\n    }\\n  ]\\n}\", \"Question\": \"Follow the Instruction. Please make sure your response length are less than 512. Your test cases is for the below question:\\ndef sum(a,b): \\n'''Write a python function to find the sum of common divisors of two given numbers.\\nassert sum(10,15) == 6'''\\n\"}",
    "Code0draft": "def sum(a, b):\n    # Write your code here\n    pass",
    "Code0draft_prompt": "{\"Role\": \"You are a professional engineer. Your duty is to write code in Python that meets the requirements. Ensure that the code you write is efficient, readable, and follows best practices. Remember, do not need to explain the code you wrote.\", \"Instruction\": \"According to the Context section, write your code.\", \"Example\": \"\", \"Context\": \"# Test Cases:\\n{\\n  \\\"test_cases\\\": [\\n    {\\n      \\\"Test Title\\\": \\\"Valid Input\\\",\\n      \\\"Input Data\\\": \\\"a=10, b=15\\\",\\n      \\\"Expected Output\\\": \\\"6\\\"\\n    },\\n    {\\n      \\\"Test Title\\\": \\\"Negative Input\\\",\\n      \\\"Input Data\\\": \\\"a=-10, b=15\\\",\\n      \\\"Expected Output\\\": \\\"Error\\\"\\n    },\\n    {\\n      \\\"Test Title\\\": \\\"Zero Input\\\",\\n      \\\"Input Data\\\": \\\"a=0, b=15\\\",\\n      \\\"Expected Output\\\": \\\"Error\\\"\\n    },\\n    {\\n      \\\"Test Title\\\": \\\"Maximum Input Values\\\",\\n      \\\"Input Data\\\": \\\"a=2147483647, b=2147483647\\\",\\n      \\\"Expected Output\\\": \\\"Error\\\"\\n    },\\n    {\\n      \\\"Test Title\\\": \\\"Minimum Input Values\\\",\\n      \\\"Input Data\\\": \\\"a=-2147483648, b=-2147483648\\\",\\n      \\\"Expected Output\\\": \\\"Error\\\"\\n    },\\n    {\\n      \\\"Test Title\\\": \\\"Non-Integer Input\\\",\\n      \\\"Input Data\\\": \\\"a=10.5, b=15.5\\\",\\n      \\\"Expected Output\\\": \\\"Error\\\"\\n    },\\n    {\\n      \\\"Test Title\\\": \\\"Exceeding Expected Data Type\\\",\\n      \\\"Input Data\\\": \\\"a='abc', b='def'\\\",\\n      \\\"Expected Output\\\": \\\"Error\\\"\\n    }\\n  ]\\n}\", \"Question\": \"Follow the Instruction section. Complete the following code:\\ndef sum(a,b): \\n'''Write a python function to find the sum of common divisors of two given numbers.\\nassert sum(10,15) == 6'''\\n\"}",
    "Code Review Meetings": "{\n  \"Architect\": \"I suggest adding a return statement to the sum function to actually return the sum of a and b\",\n  \"Tester\": \"I suggest writing test cases for the sum function to ensure it works correctly for different input values\"\n}",
    "Code0": "def sum(a, b):\n    # Write your code here\n    common_divisors = [i for i in range(1, min(a, b) + 1) if a % i == 0 and b % i == 0]\n    return sum(common_divisors)",
    "Code0_prompt": "{\"Role\": \"You are a professional software engineer. Your duty is to write code in Python that meets the requirements. Ensure that the code you write is efficient, readable, and follows best practices. Remember, do not need to explain the code you wrote.\", \"Instruction\": \"1. Understand the suggestions(in the Context section) about the original code. 2. Rewrite your code.\", \"Example\": \"\", \"Context\": \"# Suggestions:\\n{\\n  \\\"Architect\\\": \\\"I suggest adding a return statement to the sum function to actually return the sum of a and b\\\",\\n  \\\"Tester\\\": \\\"I suggest writing test cases for the sum function to ensure it works correctly for different input values\\\"\\n}\\n# Original code:\\ndef sum(a, b):\\n    # Write your code here\\n    pass\", \"Question\": \"Follow the Instruction section. Complete the following code:\\ndef sum(a,b): \\n'''Write a python function to find the sum of common divisors of two given numbers.\\nassert sum(10,15) == 6'''\\n\"}",
    "TestScriptOriginal": "import unittest\n\ndef sum(a, b):\n    common_divisors = [i for i in range(1, min(a, b) + 1) if a % i == 0 and b % i == 0]\n    return sum(common_divisors)\n\nclass Test(unittest.TestCase):\n    def test(self):\n        self.assertEqual(sum(10, 15), 6)\n\nif __name__ == '__main__':\n    unittest.main()",
    "TestScriptOriginal_prompt": "{\"Role\": \"You are a quality assurance engineer. Your duty is to write a python test script in unittest framework.\", \"Instruction\": \"1. Write a python test script. 2. Use the input and output given by the question.\", \"Example\": \"import unittest\\n\\nclass Test(unittest.TestCase):\\n    def test(self):\\n        self.assertEqual(function_under_test('a'), 1)\\n\\nif __name__ == '__main__':\\n    unittest.main()\", \"Context\": \"\", \"Question\": \"def sum(a,b): \\n'''Write a python function to find the sum of common divisors of two given numbers.\\nassert sum(10,15) == 6'''\\n\"}",
    "TestScript": "import unittest\n\nclass Test(unittest.TestCase):\n    def test(self):\n        self.assertEqual(sum(10, 15), 6)\n\nif __name__ == '__main__':\n    unittest.main()",
    "TestScript_prompt": "{\"Role\": \"You are a quality assurance engineer. Your duty is to write a python test script in unittest framework.\", \"Instruction\": \"1. Write a python test script. 2. Use the input and output given by the question.\", \"Example\": \"import unittest\\n\\nclass Test(unittest.TestCase):\\n    def test(self):\\n        self.assertEqual(function_under_test('a'), 1)\\n\\nif __name__ == '__main__':\\n    unittest.main()\", \"Context\": \"\", \"Question\": \"def sum(a,b): \\n'''Write a python function to find the sum of common divisors of two given numbers.\\nassert sum(10,15) == 6'''\\n\"}",
    "ScriptResult0": "E\n======================================================================\nERROR: test (__main__.Test)\n----------------------------------------------------------------------\nTraceback (most recent call last):\n  File \"/Users/watch/PycharmProjects/XXXX-1-LLM/workspace/2024-03-10_21-58-49-862656/test_script.py\", line 9, in test\n    self.assertEqual(sum(10, 15), 6)\n  File \"/Users/watch/PycharmProjects/XXXX-1-LLM/workspace/2024-03-10_21-58-49-862656/test_script.py\", line 4, in sum\n    return sum(common_divisors)\nTypeError: sum() missing 1 required positional argument: 'b'\n\n----------------------------------------------------------------------\nRan 1 test in 0.000s\n\nFAILED (errors=1)\n",
    "TestReport0": "Test Report:\n\nTest Script Output Analysis:\nThe test script output indicates that there is an error in the code. The specific error is a TypeError caused by a missing required positional argument 'b' in the sum function. This error resulted in the test failing.\n\nConclusion:\nCode Test Failed\n\nInput and Expected Output Example:\nInput: sum(10, 15)\nExpected Output: 6\n\nRecommendation:\nThe code needs to be revised to include the required positional argument 'b' in the sum function in order to resolve the TypeError and ensure the test passes.\n\nSigned,\n[Your Name]\nQuality Assurance Engineer",
    "RepairResponse1": "{\n  \"revised_code\": \"def sum(a, b):\\n    common_divisors = [i for i in range(1, min(a, b) + 1) if a % i == 0 and b % i == 0]\\n    return sum(common_divisors)\"\n}",
    "RepairResponse1_prompt": "{\"Role\": \"You are a professional software engineer. Your duty is to write code in Python that meets the requirements. Ensure that the code you write is efficient, readable, and follows best practices. Remember, do not need to explain the code you wrote.\", \"Instruction\": \"1. Rewrite a bug fix version of the original code. 2. Response in JSON format.\", \"Example\": \"{\\\"revised_code\\\":\\\"...\\\"}\", \"Context\": \"# the original code:\\ndef sum(a, b):\\n    # Write your code here\\n    common_divisors = [i for i in range(1, min(a, b) + 1) if a % i == 0 and b % i == 0]\\n    return sum(common_divisors)\\n# test report:\\nTest Report:\\n\\nTest Script Output Analysis:\\nThe test script output indicates that there is an error in the code. The specific error is a TypeError caused by a missing required positional argument 'b' in the sum function. This error resulted in the test failing.\\n\\nConclusion:\\nCode Test Failed\\n\\nInput and Expected Output Example:\\nInput: sum(10, 15)\\nExpected Output: 6\\n\\nRecommendation:\\nThe code needs to be revised to include the required positional argument 'b' in the sum function in order to resolve the TypeError and ensure the test passes.\\n\\nSigned,\\n[Your Name]\\nQuality Assurance Engineer\", \"Question\": \"The original code has some bugs, according to the test report and suggestions, rewrite the code. Complete the following code:\\ndef sum(a,b): \\n'''Write a python function to find the sum of common divisors of two given numbers.\\nassert sum(10,15) == 6'''\\n\"}",
    "Code1": "def sum(a, b):\n    common_divisors = [i for i in range(1, min(a, b) + 1) if a % i == 0 and b % i == 0]\n    return sum(common_divisors)",
    "ScriptResult1": "E\n======================================================================\nERROR: test (__main__.Test)\n----------------------------------------------------------------------\nTraceback (most recent call last):\n  File \"/Users/watch/PycharmProjects/XXXX-1-LLM/workspace/2024-03-10_21-58-49-862656/test_script.py\", line 8, in test\n    self.assertEqual(sum(10, 15), 6)\n  File \"/Users/watch/PycharmProjects/XXXX-1-LLM/workspace/2024-03-10_21-58-49-862656/test_script.py\", line 3, in sum\n    return sum(common_divisors)\nTypeError: sum() missing 1 required positional argument: 'b'\n\n----------------------------------------------------------------------\nRan 1 test in 0.000s\n\nFAILED (errors=1)\n",
    "TestReport1": "Test Report:\n\nTest Script Output:\nE\n======================================================================\nERROR: test (__main__.Test)\n----------------------------------------------------------------------\nTraceback (most recent call last):\n  File \"/Users/watch/PycharmProjects/XXXX-1-LLM/workspace/2024-03-10_21-58-49-862656/test_script.py\", line 8, in test\n    self.assertEqual(sum(10, 15), 6)\n  File \"/Users/watch/PycharmProjects/XXXX-1-LLM/workspace/2024-03-10_21-58-49-862656/test_script.py\", line 3, in sum\n    return sum(common_divisors)\nTypeError: sum() missing 1 required positional argument: 'b'\n\n----------------------------------------------------------------------\nRan 1 test in 0.000s\n\nFAILED (errors=1)\n\nConclusion:\nThe code has failed the test. The error is due to the missing positional argument 'b' in the sum function.\n\nExample of Input and Expected Output:\nInput: sum(10, 15)\nExpected Output: 6\n\nCode Test Failed.",
    "RepairResponse2": "{\n\t\"revised_code\": \"def sum(a, b): \\n    common_divisors = [i for i in range(1, min(a, b) + 1) if a % i == 0 and b % i == 0]\\n    return sum(common_divisors)\"\n}",
    "RepairResponse2_prompt": "{\"Role\": \"You are a professional software engineer. Your duty is to write code in Python that meets the requirements. Ensure that the code you write is efficient, readable, and follows best practices. Remember, do not need to explain the code you wrote.\", \"Instruction\": \"1. Rewrite a bug fix version of the original code. 2. Response in JSON format.\", \"Example\": \"{\\\"revised_code\\\":\\\"...\\\"}\", \"Context\": \"# the original code:\\ndef sum(a, b):\\n    common_divisors = [i for i in range(1, min(a, b) + 1) if a % i == 0 and b % i == 0]\\n    return sum(common_divisors)\\n# test report:\\nTest Report:\\n\\nTest Script Output:\\nE\\n======================================================================\\nERROR: test (__main__.Test)\\n----------------------------------------------------------------------\\nTraceback (most recent call last):\\n  File \\\"/Users/watch/PycharmProjects/XXXX-1-LLM/workspace/2024-03-10_21-58-49-862656/test_script.py\\\", line 8, in test\\n    self.assertEqual(sum(10, 15), 6)\\n  File \\\"/Users/watch/PycharmProjects/XXXX-1-LLM/workspace/2024-03-10_21-58-49-862656/test_script.py\\\", line 3, in sum\\n    return sum(common_divisors)\\nTypeError: sum() missing 1 required positional argument: 'b'\\n\\n----------------------------------------------------------------------\\nRan 1 test in 0.000s\\n\\nFAILED (errors=1)\\n\\nConclusion:\\nThe code has failed the test. The error is due to the missing positional argument 'b' in the sum function.\\n\\nExample of Input and Expected Output:\\nInput: sum(10, 15)\\nExpected Output: 6\\n\\nCode Test Failed.\", \"Question\": \"The original code has some bugs, according to the test report and suggestions, rewrite the code. Complete the following code:\\ndef sum(a,b): \\n'''Write a python function to find the sum of common divisors of two given numbers.\\nassert sum(10,15) == 6'''\\n\"}",
    "Code2": "def sum(a, b): \n    common_divisors = [i for i in range(1, min(a, b) + 1) if a % i == 0 and b % i == 0]\n    return sum(common_divisors)",
    "ScriptResult2": "E\n======================================================================\nERROR: test (__main__.Test)\n----------------------------------------------------------------------\nTraceback (most recent call last):\n  File \"/Users/watch/PycharmProjects/XXXX-1-LLM/workspace/2024-03-10_21-58-49-862656/test_script.py\", line 8, in test\n    self.assertEqual(sum(10, 15), 6)\n  File \"/Users/watch/PycharmProjects/XXXX-1-LLM/workspace/2024-03-10_21-58-49-862656/test_script.py\", line 3, in sum\n    return sum(common_divisors)\nTypeError: sum() missing 1 required positional argument: 'b'\n\n----------------------------------------------------------------------\nRan 1 test in 0.000s\n\nFAILED (errors=1)\n",
    "TestReport2": "Test Report:\n\nTest Script Output:\nE\n======================================================================\nERROR: test (__main__.Test)\n----------------------------------------------------------------------\nTraceback (most recent call last):\n  File \"/Users/watch/PycharmProjects/XXXX-1-LLM/workspace/2024-03-10_21-58-49-862656/test_script.py\", line 8, in test\n    self.assertEqual(sum(10, 15), 6)\n  File \"/Users/watch/PycharmProjects/XXXX-1-LLM/workspace/2024-03-10_21-58-49-862656/test_script.py\", line 3, in sum\n    return sum(common_divisors)\nTypeError: sum() missing 1 required positional argument: 'b'\n\n----------------------------------------------------------------------\nRan 1 test in 0.000s\n\nFAILED (errors=1)\n\nTest Report:\nThe test script has failed with the following error:\n- The sum function is missing a required positional argument 'b'.\n- The test case expected a sum of 6 for inputs 10 and 15, but the actual output did not match.\n\nConclusion: Code Test Failed.",
    "FinalCode": "def sum(a, b): \n    common_divisors = [i for i in range(1, min(a, b) + 1) if a % i == 0 and b % i == 0]\n    return sum(common_divisors)"
}