{
    "start_time": "2024-03-11_18-32-25-839650",
    "task": "def dog_age(h_age):\n'''Write a function to calculate a dog's age in dog's years.\nassert dog_age(12)==61'''\n",
    "datetime": {
        "task": "2024-03-11 18:32:25",
        "task-id": "2024-03-11 18:32:25",
        "workflow": "2024-03-11 18:32:25",
        "UserStoryDraft0": "2024-03-11 18:32:26",
        "AnalyzeMeetings": "2024-03-11 18:32:29",
        "UserStory0": "2024-03-11 18:32:30",
        "DesignDraft0": "2024-03-11 18:32:32",
        "DesignMeetings0": "2024-03-11 18:32:33",
        "Design0": "2024-03-11 18:32:35",
        "CodeDraft0": "2024-03-11 18:32:36",
        "CodeReviewMeetings0": "2024-03-11 18:32:37",
        "Code0CR": "2024-03-11 18:32:38",
        "FinalCode": "2024-03-11 18:33:08",
        "Test Cases Draft": "2024-03-11 18:32:41",
        "Test Cases Meetings": "2024-03-11 18:32:43",
        "Test Cases": "2024-03-11 18:32:45",
        "Code0": "2024-03-11 18:32:47",
        "TestScriptOriginal": "2024-03-11 18:32:48",
        "TestScript": "2024-03-11 18:32:48",
        "ScriptResult0": "2024-03-11 18:32:48",
        "TestReport0": "2024-03-11 18:32:50",
        "SprintReview0": "2024-03-11 18:32:52",
        "SprintReviewMeetings0": "2024-03-11 18:32:54",
        "RepairResponse0": "2024-03-11 18:32:55",
        "Code1": "2024-03-11 18:32:55",
        "ScriptResult1": "2024-03-11 18:32:55",
        "TestReport1": "2024-03-11 18:32:56",
        "SprintReview1": "2024-03-11 18:32:58",
        "SprintReviewMeetings1": "2024-03-11 18:33:00",
        "RepairResponse1": "2024-03-11 18:33:00",
        "Code2": "2024-03-11 18:33:00",
        "ScriptResult2": "2024-03-11 18:33:00",
        "TestReport2": "2024-03-11 18:33:03",
        "SprintReview2": "2024-03-11 18:33:04",
        "SprintReviewMeetings2": "2024-03-11 18:33:07",
        "RepairResponse2": "2024-03-11 18:33:08",
        "Code3": "2024-03-11 18:33:08",
        "ScriptResult3": "2024-03-11 18:33:08",
        "TestReport3": "2024-03-11 18:33:10"
    },
    "task-id": 264,
    "workflow": "agile/agile_version_0.0.5_remove.json",
    "UserStoryDraft0": "{\n  \"UserStory\": \"As a product owner, I want a function that can calculate a dog's age in dog's years so that users can easily determine their dog's age in a way that is meaningful to them.\"\n}",
    "UserStoryDraft0_prompt": "{\"Role\": \"You need to act as a professional product owner. Your task is to write a UserStory\", \"Instruction\": \"According to the Context, please analyze the requirement and write your response. Response in JSON format. Your response should be high-level, rather than providing implementation details.\", \"Example\": \"\", \"Context\": [], \"Question\": \"Follow the Instruction. The requirement is as follows:\\ndef dog_age(h_age):\\n'''Write a function to calculate a dog's age in dog's years.\\nassert dog_age(12)==61'''\\n\"}",
    "AnalyzeMeetings": "{\n  \"Architect\": \"I suggest adding a section for design considerations, such as input validation for the dog's age, and the expected output format. This will help to ensure that the function is well-defined and can be easily implemented by the development team.\"\n}",
    "UserStory0": "{\n  \"RevisedDocument\": {\n    \"UserStory\": \"As a product owner, I want a function that can calculate a dog's age in dog's years so that users can easily determine their dog's age in a way that is meaningful to them.\",\n    \"DesignConsiderations\": {\n      \"InputValidation\": \"The function should include input validation for the dog's age to ensure that only valid input is accepted.\",\n      \"OutputFormat\": \"The function should have a well-defined expected output format to ensure consistency and ease of use for the users.\"\n    }\n  }\n}",
    "UserStory0_prompt": {
        "Role": "You need to act as a professional product owner. Your duty is to revise the document based on the suggestions.",
        "Instruction": "1. Read the suggestions. 2. Revise your draft version document. 3. Response in JSON format. 4. REMEMBER: Your analysis should be high-level, rather than providing implementation details.",
        "Example": "",
        "Context": "# Suggestion:\n{\n  \"Architect\": \"I suggest adding a section for design considerations, such as input validation for the dog's age, and the expected output format. This will help to ensure that the function is well-defined and can be easily implemented by the development team.\"\n}",
        "Question": "Follow the Instruction. Your colleague give you some suggestions(in the Context section) about this draft document:{\n  \"UserStory\": \"As a product owner, I want a function that can calculate a dog's age in dog's years so that users can easily determine their dog's age in a way that is meaningful to them.\"\n}"
    },
    "DesignDraft0": "Design:\n- Create a function called dog_age that takes the human age of the dog as input.\n- Include input validation to ensure that only valid input is accepted for the dog's age.\n- The function should have a well-defined expected output format to ensure consistency and ease of use for the users. \n- The function should calculate the dog's age in dog years using a standard conversion formula.\n- The function should be named and documented clearly to indicate its purpose and expected input/output.",
    "DesignMeetings0": "{\n  \"Developer\": \"I suggest implementing input validation using conditional statements or regular expressions to ensure only valid input is accepted. Additionally, we should use a well-tested standard conversion formula to calculate the dog's age in dog years.\",\n  \"Requirement Engineer\": \"I recommend including specific requirements for the input validation process and the standard conversion formula in the design documentation. It's also important to define the expected output format clearly to ensure consistency and ease of use for the users. Additionally, the function's purpose and expected input/output should be clearly documented for reference.\" \n}",
    "Design0": "New Design:\n- The function \"dog_age\" will take the human age of the dog as input and implement input validation using conditional statements to ensure only valid input is accepted.\n- The design documentation will include specific requirements for the input validation process and the standard conversion formula. It will also define the expected output format clearly to ensure consistency and ease of use for the users.\n- The function will calculate the dog's age in dog years using a well-tested standard conversion formula.\n- The purpose and expected input/output of the function will be clearly documented for reference.",
    "CodeDraft0": "def dog_age(h_age):\n    if h_age <= 0:\n        return \"Invalid input: Age cannot be less than or equal to 0\"\n    elif h_age <= 2:\n        return h_age * 10.5\n    else:\n        return 21 + (h_age - 2) * 4\n\n# Test the function\nassert dog_age(12) == 61",
    "CodeDraft0_prompt": {
        "Role": "You are a professional engineer. Your duty is to write code in Python that meets the requirements. Ensure that the code you write is efficient, readable, and follows best practices. Remember, do not need to explain the code you wrote.",
        "Instruction": "According to the Context section, write your code.",
        "Example": "",
        "Context": "# Tasks:\n[]\n# Design:\nNew Design:\n- The function \"dog_age\" will take the human age of the dog as input and implement input validation using conditional statements to ensure only valid input is accepted.\n- The design documentation will include specific requirements for the input validation process and the standard conversion formula. It will also define the expected output format clearly to ensure consistency and ease of use for the users.\n- The function will calculate the dog's age in dog years using a well-tested standard conversion formula.\n- The purpose and expected input/output of the function will be clearly documented for reference.",
        "Question": "Follow the Instruction section. Complete the following code:\ndef dog_age(h_age):\n'''Write a function to calculate a dog's age in dog's years.\nassert dog_age(12)==61'''\n"
    },
    "CodeReviewMeetings0": "{\n  \"Architect\": \"The code should have better error handling for invalid input. It can also be improved by using more descriptive variable names and adding comments for better understanding.\",\n  \"Tester\": \"The test cases should cover more scenarios, such as negative input, input between 0 and 2, and input greater than 2. It is also important to test the error handling for invalid input.\"\n}",
    "Code0CR": "def dog_age(human_age):\n    '''Write a function to calculate a dog's age in dog's years.\n    assert dog_age(12)==61'''\n    \n    # Input validation\n    if not isinstance(human_age, (int, float)) or human_age < 0:\n        raise ValueError(\"Invalid input: Please provide a positive number for human_age\")\n    \n    # Calculate dog's age in dog years\n    if human_age <= 2:\n        dog_years = human_age * 10.5\n    else:\n        dog_years = 21 + (human_age - 2) * 4\n    \n    return dog_years",
    "Code0CR_prompt": "{\"Role\": \"You are a professional software engineer. Your duty is to write code in Python that meets the requirements. Ensure that the code you write is efficient, readable, and follows best practices. Remember, do not need to explain the code you wrote.\", \"Instruction\": \"1. Understand the suggestions(in the Context section) about the original code. 2. Rewrite your code.\", \"Example\": \"\", \"Context\": \"# Tasks:\\n[]\\n# Design:\\nNew Design:\\n- The function \\\"dog_age\\\" will take the human age of the dog as input and implement input validation using conditional statements to ensure only valid input is accepted.\\n- The design documentation will include specific requirements for the input validation process and the standard conversion formula. It will also define the expected output format clearly to ensure consistency and ease of use for the users.\\n- The function will calculate the dog's age in dog years using a well-tested standard conversion formula.\\n- The purpose and expected input/output of the function will be clearly documented for reference.# Suggestions:\\n{\\n  \\\"Architect\\\": \\\"The code should have better error handling for invalid input. It can also be improved by using more descriptive variable names and adding comments for better understanding.\\\",\\n  \\\"Tester\\\": \\\"The test cases should cover more scenarios, such as negative input, input between 0 and 2, and input greater than 2. It is also important to test the error handling for invalid input.\\\"\\n}\", \"Question\": \"Follow the Instruction section. Complete the following code:\\ndef dog_age(h_age):\\n'''Write a function to calculate a dog's age in dog's years.\\nassert dog_age(12)==61'''\\n\"}",
    "FinalCode": "def dog_age(h_age):\n    '''Write a function to calculate a dog's age in dog's years.'''\n    return h_age * 5",
    "Test Cases Draft": "{\n  \"requirement_analysis\": \"The function should include input validation for the dog's age to ensure that only valid input is accepted. The function should have a well-defined expected output format to ensure consistency and ease of use for the users.\",\n  \"test_cases\": [\n    {\n      \"Test Title\": \"Valid input test\",\n      \"Input Data\": \"h_age=3\",\n      \"Expected Output\": \"28\"\n    },\n    {\n      \"Test Title\": \"Invalid input test\",\n      \"Input Data\": \"h_age='abc'\",\n      \"Expected Output\": \"Invalid input\"\n    },\n    {\n      \"Test Title\": \"Boundary test\",\n      \"Input Data\": \"h_age=0\",\n      \"Expected Output\": \"0\"\n    }\n  ]\n}",
    "Test Cases Draft_prompt": "{\"Role\": \"You are a quality assurance engineer. Your duty is to design test cases for the developers.\", \"Instruction\": \"According to the Context section, write test cases. Don't write long strings in your test cases. Response in JSON format.\", \"Example\": \"{\\\"requirement analysis\\\":\\\"analysis\\\",\\\"test_cases\\\":[{\\\"Test Title\\\":\\\"title\\\", \\\"Input Data\\\":\\\"parameter1=[1,2,3],parameter2='123'\\\", \\\"Expected Output\\\":\\\"456\\\"},]}\", \"Context\": \"# UsrtStory:\\n{\\n  \\\"RevisedDocument\\\": {\\n    \\\"UserStory\\\": \\\"As a product owner, I want a function that can calculate a dog's age in dog's years so that users can easily determine their dog's age in a way that is meaningful to them.\\\",\\n    \\\"DesignConsiderations\\\": {\\n      \\\"InputValidation\\\": \\\"The function should include input validation for the dog's age to ensure that only valid input is accepted.\\\",\\n      \\\"OutputFormat\\\": \\\"The function should have a well-defined expected output format to ensure consistency and ease of use for the users.\\\"\\n    }\\n  }\\n}\\n# Tasks:\\n[]\\n# Design:\\nNew Design:\\n- The function \\\"dog_age\\\" will take the human age of the dog as input and implement input validation using conditional statements to ensure only valid input is accepted.\\n- The design documentation will include specific requirements for the input validation process and the standard conversion formula. It will also define the expected output format clearly to ensure consistency and ease of use for the users.\\n- The function will calculate the dog's age in dog years using a well-tested standard conversion formula.\\n- The purpose and expected input/output of the function will be clearly documented for reference.\", \"Question\": \"def dog_age(h_age):\\n'''Write a function to calculate a dog's age in dog's years.\\nassert dog_age(12)==61'''\\n\"}",
    "Test Cases Meetings": "{\n  \"Developer\": \"For the valid input test, it would be better to use a range of valid ages as input data rather than just one value. This will ensure that the input validation covers all possible valid inputs. Additionally, the expected output should be more specific, such as 'dog_age=3 corresponds to 28 in human years' for better clarity. For the invalid input test, we can add more cases such as negative numbers or empty input to further validate the input validation. The expected output should also be more descriptive, such as 'Error: Invalid input format' to provide more information to the user. For the boundary test, the input data should include the maximum possible age for a dog, and the expected output should be more specific, such as 'dog_age=0 corresponds to 0 in human years' for clarity.\"\n}",
    "Test Cases": "{\n  \"requirement_analysis\": \"The function should include input validation for the dog's age to ensure that only valid input is accepted. The function should have a well-defined expected output format to ensure consistency and ease of use for the users.\",\n  \"test_cases\": [\n    {\n      \"Test Title\": \"Valid input test\",\n      \"Input Data\": \"h_age=1,2,3,4,5\",\n      \"Expected Output\": \"dog_age=3 corresponds to 28 in human years\"\n    },\n    {\n      \"Test Title\": \"Invalid input test\",\n      \"Input Data\": \"h_age=-1,0,'abc'\",\n      \"Expected Output\": \"Error: Invalid input format\"\n    },\n    {\n      \"Test Title\": \"Boundary test\",\n      \"Input Data\": \"h_age=20\",\n      \"Expected Output\": \"dog_age=0 corresponds to 0 in human years\"\n    }\n  ]\n}",
    "Test Cases_prompt": "{\"Role\": \"You are a quality assurance engineer. Your duty is to revise the test cases based on the suggestions.\", \"Instruction\": \"1. Your colleague give you some suggestions(in the Context section) about the draft test cases, read these suggestions. 2. Revise your draft version test cases, but don't use long parameters. 3. Response in JSON format.\", \"Example\": \"{\\\"requirement analysis\\\":\\\"analysis\\\",\\\"test_cases\\\":[{\\\"Test Title\\\":\\\"title\\\", \\\"Input Data\\\":\\\"parameter1=[1,2,3],parameter2='123'\\\", \\\"Expected Output\\\":\\\"456\\\"},]}\", \"Context\": \"# Suggestions:\\n{\\n  \\\"Developer\\\": \\\"For the valid input test, it would be better to use a range of valid ages as input data rather than just one value. This will ensure that the input validation covers all possible valid inputs. Additionally, the expected output should be more specific, such as 'dog_age=3 corresponds to 28 in human years' for better clarity. For the invalid input test, we can add more cases such as negative numbers or empty input to further validate the input validation. The expected output should also be more descriptive, such as 'Error: Invalid input format' to provide more information to the user. For the boundary test, the input data should include the maximum possible age for a dog, and the expected output should be more specific, such as 'dog_age=0 corresponds to 0 in human years' for clarity.\\\"\\n}\\n # Draft Test cases:\\n{\\n  \\\"requirement_analysis\\\": \\\"The function should include input validation for the dog's age to ensure that only valid input is accepted. The function should have a well-defined expected output format to ensure consistency and ease of use for the users.\\\",\\n  \\\"test_cases\\\": [\\n    {\\n      \\\"Test Title\\\": \\\"Valid input test\\\",\\n      \\\"Input Data\\\": \\\"h_age=3\\\",\\n      \\\"Expected Output\\\": \\\"28\\\"\\n    },\\n    {\\n      \\\"Test Title\\\": \\\"Invalid input test\\\",\\n      \\\"Input Data\\\": \\\"h_age='abc'\\\",\\n      \\\"Expected Output\\\": \\\"Invalid input\\\"\\n    },\\n    {\\n      \\\"Test Title\\\": \\\"Boundary test\\\",\\n      \\\"Input Data\\\": \\\"h_age=0\\\",\\n      \\\"Expected Output\\\": \\\"0\\\"\\n    }\\n  ]\\n}\", \"Question\": \"Follow the Instruction. Please make sure your response length are less than 512. Your test cases is for the below question:\\ndef dog_age(h_age):\\n'''Write a function to calculate a dog's age in dog's years.\\nassert dog_age(12)==61'''\\n\"}",
    "Code0": "def dog_age(h_age):\n    if not isinstance(h_age, (int, float)) or h_age < 0:\n        raise ValueError(\"Invalid input: Please provide a positive number for human_age\")\n    \n    if h_age <= 2:\n        dog_years = h_age * 10.5\n    else:\n        dog_years = 21 + (h_age - 2) * 4\n    \n    return f\"dog_age={dog_years} corresponds to {h_age} in human years\"",
    "Code0_prompt": {
        "Role": "You are a professional software engineer. Your duty is to write code in Python that meets the requirements. Ensure that the code you write is efficient, readable, and follows best practices. Remember, do not need to explain the code you wrote.",
        "Instruction": "1. Understand the test cases(in the Context section) about the original code. 2. Rewrite your code, make sure your code pass all test cases.",
        "Example": "",
        "Context": "# Original Code:\ndef dog_age(human_age):\n    '''Write a function to calculate a dog's age in dog's years.\n    assert dog_age(12)==61'''\n    \n    # Input validation\n    if not isinstance(human_age, (int, float)) or human_age < 0:\n        raise ValueError(\"Invalid input: Please provide a positive number for human_age\")\n    \n    # Calculate dog's age in dog years\n    if human_age <= 2:\n        dog_years = human_age * 10.5\n    else:\n        dog_years = 21 + (human_age - 2) * 4\n    \n    return dog_years\n# Test Cases:\n{\n  \"requirement_analysis\": \"The function should include input validation for the dog's age to ensure that only valid input is accepted. The function should have a well-defined expected output format to ensure consistency and ease of use for the users.\",\n  \"test_cases\": [\n    {\n      \"Test Title\": \"Valid input test\",\n      \"Input Data\": \"h_age=1,2,3,4,5\",\n      \"Expected Output\": \"dog_age=3 corresponds to 28 in human years\"\n    },\n    {\n      \"Test Title\": \"Invalid input test\",\n      \"Input Data\": \"h_age=-1,0,'abc'\",\n      \"Expected Output\": \"Error: Invalid input format\"\n    },\n    {\n      \"Test Title\": \"Boundary test\",\n      \"Input Data\": \"h_age=20\",\n      \"Expected Output\": \"dog_age=0 corresponds to 0 in human years\"\n    }\n  ]\n}",
        "Question": "def dog_age(h_age):\n'''Write a function to calculate a dog's age in dog's years.\nassert dog_age(12)==61'''\n"
    },
    "TestScriptOriginal": "import unittest\n\ndef dog_age(h_age):\n    return h_age * 5\n\nclass Test(unittest.TestCase):\n    def test(self):\n        self.assertEqual(dog_age(12), 61)\n\nif __name__ == '__main__':\n    unittest.main()",
    "TestScriptOriginal_prompt": "{\"Role\": \"You are a quality assurance engineer. Your duty is to write a python test script in unittest framework.\", \"Instruction\": \"1. Write a python test script. 2. Use the input and output given by the question.\", \"Example\": \"import unittest\\n\\nclass Test(unittest.TestCase):\\n    def test(self):\\n        self.assertEqual(function_under_test('a'), 1)\\n\\nif __name__ == '__main__':\\n    unittest.main()\", \"Context\": \"\", \"Question\": \"def dog_age(h_age):\\n'''Write a function to calculate a dog's age in dog's years.\\nassert dog_age(12)==61'''\\n\"}",
    "TestScript": "import unittest\n\nclass Test(unittest.TestCase):\n    def test(self):\n        self.assertEqual(dog_age(12), 61)\n\nif __name__ == '__main__':\n    unittest.main()",
    "ScriptResult0": "F\n======================================================================\nFAIL: test (__main__.Test)\n----------------------------------------------------------------------\nTraceback (most recent call last):\n  File \"/Users/watch/PycharmProjects/XXXX-1-LLM/workspace/2024-03-11_18-32-25-839650/test_script.py\", line 15, in test\n    self.assertEqual(dog_age(12), 61)\nAssertionError: 'dog_age=61 corresponds to 12 in human years' != 61\n\n----------------------------------------------------------------------\nRan 1 test in 0.000s\n\nFAILED (failures=1)\n",
    "TestReport0": "Test Report:\n\nTest Script's Output:\nF\n======================================================================\nFAIL: test (__main__.Test)\n----------------------------------------------------------------------\nTraceback (most recent call last):\n  File \"/Users/watch/PycharmProjects/XXXX-1-LLM/workspace/2024-03-11_18-32-25-839650/test_script.py\", line 15, in test\n    self.assertEqual(dog_age(12), 61)\nAssertionError: 'dog_age=61 corresponds to 12 in human years' != 61\n\n----------------------------------------------------------------------\nRan 1 test in 0.000s\n\nFAILED (failures=1)\n\nConclusion:\nThe code has failed the test.\n\nInput and Expected Output Example:\nInput: 12\nExpected Output: 'dog_age=61 corresponds to 12 in human years'\n\nRecommendation:\nThe code for the dog_age function needs to be revised to match the expected output for the input value of 12.\n\nCode Test Failed.",
    "SprintReview0": "[ScrumMaster]says: Here is our test Report: Test Report:\n\nTest Script's Output:\nF\n======================================================================\nFAIL: test (__main__.Test)\n----------------------------------------------------------------------\nTraceback (most recent call last):\n  File \"/Users/watch/PycharmProjects/XXXX-1-LLM/workspace/2024-03-11_18-32-25-839650/test_script.py\", line 15, in test\n    self.assertEqual(dog_age(12), 61)\nAssertionError: 'dog_age=61 corresponds to 12 in human years' != 61\n\n----------------------------------------------------------------------\nRan 1 test in 0.000s\n\nFAILED (failures=1)\n\nConclusion:\nThe code has failed the test.\n\nInput and Expected Output Example:\nInput: 12\nExpected Output: 'dog_age=61 corresponds to 12 in human years'\n\nRecommendation:\nThe code for the dog_age function needs to be revised to match the expected output for the input value of 12.\n\nCode Test Failed., do you have any ideas?\n-----\n\n[Tester]says: As a Tester, I recommend revising the code for the dog_age function to match the expected output for the input value of 12.\n-----\n\n[Developer]says: As a Developer, I will review the test report and take the necessary steps to revise the code for the dog_age function to match the expected output for the input value of 12.\n-----\n\n[Architect]says: As an Architect, I think we need to review the code for the dog_age function and ensure it aligns with the expected output for the input value of 12.\n-----\n\n[ProductOwner]says: As a Product Owner, I think we need to prioritize fixing the dog_age function to ensure the product meets the expected output for the input value of 12.\n-----\n\n[Tester]says: As a Tester, I recommend revising the code for the dog_age function to match the expected output for the input value of 12.\n-----\n\n[Architect]says: As an Architect, I recommend reviewing the code for the dog_age function to ensure it aligns with the expected output for the input value of 12.\n-----\n\n[ProductOwner]says: As a Product Owner, I think we need to prioritize fixing the dog_age function to ensure the product meets the expected output for the input value of 12.\n-----\n\n[Developer]says: [Developer] I will review the test report and take the necessary steps to revise the code for the dog_age function to match the expected output for the input value of 12.\n-----\n",
    "SprintReviewMeetings0": "{\n\t\"product-owner\":[\"Priority fixing the dog_age function to meet expected output for input value of 12\"],\n\t\"architect\":[\"Review the code for the dog_age function to ensure it aligns with the expected output for the input value of 12\"],\n\t\"developer\":[\"Review the test report and revise the code for the dog_age function to match the expected output for the input value of 12\"],\n\t\"tester\":[\"Recommend revising the code for the dog_age function to match the expected output for the input value of 12\"]\n}",
    "SprintReviewMeetings0_prompt": "{\"Role\": \"You are a professional scrum master. Your goal is to summary the Discussion History into a suggestions list for the scrum team.\", \"Instruction\": \"1. Read and Understand the Discussion History. 2. Summary the suggestions from four roles: product-owner/architect/developer/tester. 3. Response in JSON format.\", \"Example\": \"{\\\"product-owner\\\":[\\\"suggestion1\\\",\\\"suggestion2\\\"],\\\"architect\\\":[\\\"suggestion1\\\",\\\"suggestion2\\\"], \\\"developer\\\":[\\\"suggestion1\\\",\\\"suggestion2\\\"], \\\"tester\\\":[\\\"suggestion1\\\",\\\"suggestion2\\\"]}\", \"Context\": \"[ScrumMaster]says: Here is our test Report: Test Report:\\n\\nTest Script's Output:\\nF\\n======================================================================\\nFAIL: test (__main__.Test)\\n----------------------------------------------------------------------\\nTraceback (most recent call last):\\n  File \\\"/Users/watch/PycharmProjects/XXXX-1-LLM/workspace/2024-03-11_18-32-25-839650/test_script.py\\\", line 15, in test\\n    self.assertEqual(dog_age(12), 61)\\nAssertionError: 'dog_age=61 corresponds to 12 in human years' != 61\\n\\n----------------------------------------------------------------------\\nRan 1 test in 0.000s\\n\\nFAILED (failures=1)\\n\\nConclusion:\\nThe code has failed the test.\\n\\nInput and Expected Output Example:\\nInput: 12\\nExpected Output: 'dog_age=61 corresponds to 12 in human years'\\n\\nRecommendation:\\nThe code for the dog_age function needs to be revised to match the expected output for the input value of 12.\\n\\nCode Test Failed., do you have any ideas?\\n-----\\n\\n[Tester]says: As a Tester, I recommend revising the code for the dog_age function to match the expected output for the input value of 12.\\n-----\\n\\n[Developer]says: As a Developer, I will review the test report and take the necessary steps to revise the code for the dog_age function to match the expected output for the input value of 12.\\n-----\\n\\n[Architect]says: As an Architect, I think we need to review the code for the dog_age function and ensure it aligns with the expected output for the input value of 12.\\n-----\\n\\n[ProductOwner]says: As a Product Owner, I think we need to prioritize fixing the dog_age function to ensure the product meets the expected output for the input value of 12.\\n-----\\n\\n[Tester]says: As a Tester, I recommend revising the code for the dog_age function to match the expected output for the input value of 12.\\n-----\\n\\n[Architect]says: As an Architect, I recommend reviewing the code for the dog_age function to ensure it aligns with the expected output for the input value of 12.\\n-----\\n\\n[ProductOwner]says: As a Product Owner, I think we need to prioritize fixing the dog_age function to ensure the product meets the expected output for the input value of 12.\\n-----\\n\\n[Developer]says: [Developer] I will review the test report and take the necessary steps to revise the code for the dog_age function to match the expected output for the input value of 12.\\n-----\\n\", \"Question\": \"Follow the Instruction section. The Discussion History is in the Context section. You only need to return a list as the Example section.\"}",
    "RepairResponse0": "{\n  \"revised_code\": \"def dog_age(h_age):\\n    dog_years = h_age * 5\\n    return f'dog_age={dog_years} corresponds to {h_age} in human years'\"\n}",
    "RepairResponse0_prompt": {
        "Role": "You are a professional software engineer. Your duty is to write code in Python that meets the requirements. Ensure that the code you write is efficient, readable, and follows best practices. Remember, do not need to explain the code you wrote.",
        "Instruction": "1. Rewrite a bug fix version of the original code. 2. Response in JSON format.",
        "Example": "{\"revised_code\":\"...\"}",
        "Context": "# Test Report:\nTest Report:\n\nTest Script's Output:\nF\n======================================================================\nFAIL: test (__main__.Test)\n----------------------------------------------------------------------\nTraceback (most recent call last):\n  File \"/Users/watch/PycharmProjects/XXXX-1-LLM/workspace/2024-03-11_18-32-25-839650/test_script.py\", line 15, in test\n    self.assertEqual(dog_age(12), 61)\nAssertionError: 'dog_age=61 corresponds to 12 in human years' != 61\n\n----------------------------------------------------------------------\nRan 1 test in 0.000s\n\nFAILED (failures=1)\n\nConclusion:\nThe code has failed the test.\n\nInput and Expected Output Example:\nInput: 12\nExpected Output: 'dog_age=61 corresponds to 12 in human years'\n\nRecommendation:\nThe code for the dog_age function needs to be revised to match the expected output for the input value of 12.\n\nCode Test Failed.# suggestions:\n{\"product-owner\": [\"Priority fixing the dog_age function to meet expected output for input value of 12\"], \"architect\": [\"Review the code for the dog_age function to ensure it aligns with the expected output for the input value of 12\"], \"developer\": [\"Review the test report and revise the code for the dog_age function to match the expected output for the input value of 12\"], \"tester\": [\"Recommend revising the code for the dog_age function to match the expected output for the input value of 12\"]}",
        "Question": "The original code has some bugs, according to the test report and suggestions, rewrite the code. Complete the following code:\ndef dog_age(h_age):\n'''Write a function to calculate a dog's age in dog's years.\nassert dog_age(12)==61'''\n"
    },
    "Code1": "def dog_age(h_age):\n    dog_years = h_age * 5\n    return f'dog_age={dog_years} corresponds to {h_age} in human years'",
    "ScriptResult1": "F\n======================================================================\nFAIL: test (__main__.Test)\n----------------------------------------------------------------------\nTraceback (most recent call last):\n  File \"/Users/watch/PycharmProjects/XXXX-1-LLM/workspace/2024-03-11_18-32-25-839650/test_script.py\", line 8, in test\n    self.assertEqual(dog_age(12), 61)\nAssertionError: 'dog_age=60 corresponds to 12 in human years' != 61\n\n----------------------------------------------------------------------\nRan 1 test in 0.000s\n\nFAILED (failures=1)\n",
    "TestReport1": "Test Report:\n\nTest Script Output:\nThe test script output shows that the test has failed.\n\nFailure Details:\n- Function: dog_age(h_age)\n- Input: 12\n- Expected Output: 61\n\nAnalysis:\nThe test failed due to an assertion error. The expected output of 61 did not match the actual output of 'dog_age=60 corresponds to 12 in human years'.\n\nConclusion:\nCode Test FAILED.",
    "SprintReview1": "[ScrumMaster]says: Here is our test Report: Test Report:\n\nTest Script Output:\nThe test script output shows that the test has failed.\n\nFailure Details:\n- Function: dog_age(h_age)\n- Input: 12\n- Expected Output: 61\n\nAnalysis:\nThe test failed due to an assertion error. The expected output of 61 did not match the actual output of 'dog_age=60 corresponds to 12 in human years'.\n\nConclusion:\nCode Test FAILED., do you have any ideas?\n-----\n\n[Developer]says: As a Developer, I will review the code for the dog_age function and run some tests to identify and fix the assertion error.\n-----\n\n[ProductOwner]says: As a Product Owner, I recommend involving the development team to review the test script and identify the root cause of the assertion error.\n-----\n\n[Architect]says: As an Architect, I recommend analyzing the test script and reviewing the dog_age function to identify any coding errors that may have caused the test failure.\n-----\n\n[Tester]says: As a tester, I suggest reviewing the code for the function dog_age(h_age) and verifying the calculation for converting human years to dog years.\n-----\n\n[ProductOwner]says: As a Product Owner, I recommend involving the development team to review the test script and identify the root cause of the assertion error.\n-----\n\n[Architect]says: As an Architect, I recommend analyzing the test script and reviewing the dog_age function to identify any coding errors that may have caused the test failure.\n-----\n\n[Developer]says: As a Developer, I will review the code for the dog_age function and run some tests to identify and fix the assertion error.\n-----\n\n[Tester]says: As a tester, I suggest reviewing the code for the function dog_age(h_age) and verifying the calculation for converting human years to dog years.\n-----\n",
    "SprintReviewMeetings1": "{\n  \"product-owner\":[\"I recommend involving the development team to review the test script and identify the root cause of the assertion error.\"],\n  \"architect\":[\"I recommend analyzing the test script and reviewing the dog_age function to identify any coding errors that may have caused the test failure.\"],\n  \"developer\":[\"I will review the code for the dog_age function and run some tests to identify and fix the assertion error.\"],\n  \"tester\":[\"I suggest reviewing the code for the function dog_age(h_age) and verifying the calculation for converting human years to dog years.\"]\n}",
    "SprintReviewMeetings1_prompt": "{\"Role\": \"You are a professional scrum master. Your goal is to summary the Discussion History into a suggestions list for the scrum team.\", \"Instruction\": \"1. Read and Understand the Discussion History. 2. Summary the suggestions from four roles: product-owner/architect/developer/tester. 3. Response in JSON format.\", \"Example\": \"{\\\"product-owner\\\":[\\\"suggestion1\\\",\\\"suggestion2\\\"],\\\"architect\\\":[\\\"suggestion1\\\",\\\"suggestion2\\\"], \\\"developer\\\":[\\\"suggestion1\\\",\\\"suggestion2\\\"], \\\"tester\\\":[\\\"suggestion1\\\",\\\"suggestion2\\\"]}\", \"Context\": \"[ScrumMaster]says: Here is our test Report: Test Report:\\n\\nTest Script Output:\\nThe test script output shows that the test has failed.\\n\\nFailure Details:\\n- Function: dog_age(h_age)\\n- Input: 12\\n- Expected Output: 61\\n\\nAnalysis:\\nThe test failed due to an assertion error. The expected output of 61 did not match the actual output of 'dog_age=60 corresponds to 12 in human years'.\\n\\nConclusion:\\nCode Test FAILED., do you have any ideas?\\n-----\\n\\n[Developer]says: As a Developer, I will review the code for the dog_age function and run some tests to identify and fix the assertion error.\\n-----\\n\\n[ProductOwner]says: As a Product Owner, I recommend involving the development team to review the test script and identify the root cause of the assertion error.\\n-----\\n\\n[Architect]says: As an Architect, I recommend analyzing the test script and reviewing the dog_age function to identify any coding errors that may have caused the test failure.\\n-----\\n\\n[Tester]says: As a tester, I suggest reviewing the code for the function dog_age(h_age) and verifying the calculation for converting human years to dog years.\\n-----\\n\\n[ProductOwner]says: As a Product Owner, I recommend involving the development team to review the test script and identify the root cause of the assertion error.\\n-----\\n\\n[Architect]says: As an Architect, I recommend analyzing the test script and reviewing the dog_age function to identify any coding errors that may have caused the test failure.\\n-----\\n\\n[Developer]says: As a Developer, I will review the code for the dog_age function and run some tests to identify and fix the assertion error.\\n-----\\n\\n[Tester]says: As a tester, I suggest reviewing the code for the function dog_age(h_age) and verifying the calculation for converting human years to dog years.\\n-----\\n\", \"Question\": \"Follow the Instruction section. The Discussion History is in the Context section. You only need to return a list as the Example section.\"}",
    "RepairResponse1": "{\n  \"revised_code\": \"def dog_age(h_age):\\n    return h_age * 5\"\n}",
    "RepairResponse1_prompt": {
        "Role": "You are a professional software engineer. Your duty is to write code in Python that meets the requirements. Ensure that the code you write is efficient, readable, and follows best practices. Remember, do not need to explain the code you wrote.",
        "Instruction": "1. Rewrite a bug fix version of the original code. 2. Response in JSON format.",
        "Example": "{\"revised_code\":\"...\"}",
        "Context": "# Test Report:\nTest Report:\n\nTest Script Output:\nThe test script output shows that the test has failed.\n\nFailure Details:\n- Function: dog_age(h_age)\n- Input: 12\n- Expected Output: 61\n\nAnalysis:\nThe test failed due to an assertion error. The expected output of 61 did not match the actual output of 'dog_age=60 corresponds to 12 in human years'.\n\nConclusion:\nCode Test FAILED.# suggestions:\n{\"product-owner\": [\"I recommend involving the development team to review the test script and identify the root cause of the assertion error.\"], \"architect\": [\"I recommend analyzing the test script and reviewing the dog_age function to identify any coding errors that may have caused the test failure.\"], \"developer\": [\"I will review the code for the dog_age function and run some tests to identify and fix the assertion error.\"], \"tester\": [\"I suggest reviewing the code for the function dog_age(h_age) and verifying the calculation for converting human years to dog years.\"]}",
        "Question": "The original code has some bugs, according to the test report and suggestions, rewrite the code. Complete the following code:\ndef dog_age(h_age):\n'''Write a function to calculate a dog's age in dog's years.\nassert dog_age(12)==61'''\n"
    },
    "Code2": "def dog_age(h_age):\n    return h_age * 5",
    "ScriptResult2": "F\n======================================================================\nFAIL: test (__main__.Test)\n----------------------------------------------------------------------\nTraceback (most recent call last):\n  File \"/Users/watch/PycharmProjects/XXXX-1-LLM/workspace/2024-03-11_18-32-25-839650/test_script.py\", line 7, in test\n    self.assertEqual(dog_age(12), 61)\nAssertionError: 60 != 61\n\n----------------------------------------------------------------------\nRan 1 test in 0.000s\n\nFAILED (failures=1)\n",
    "TestReport2": "Test Report:\n\nTest script's output:\nF\n======================================================================\nFAIL: test (__main__.Test)\n----------------------------------------------------------------------\nTraceback (most recent call last):\n  File \"/Users/watch/PycharmProjects/XXXX-1-LLM/workspace/2024-03-11_18-32-25-839650/test_script.py\", line 7, in test\n    self.assertEqual(dog_age(12), 61)\nAssertionError: 60 != 61\n\n----------------------------------------------------------------------\nRan 1 test in 0.000s\n\nFAILED (failures=1)\n\nConclusion: Code Test Failed\n\nInput and Expected Output Example:\nInput: dog_age(12)\nExpected Output: 61\n\nActual Output: 60\n\nThe code has failed to pass the test as the actual output does not match the expected output.\n\nCode Test Failed",
    "SprintReview2": "[ScrumMaster]says: Here is our test Report: Test Report:\n\nTest script's output:\nF\n======================================================================\nFAIL: test (__main__.Test)\n----------------------------------------------------------------------\nTraceback (most recent call last):\n  File \"/Users/watch/PycharmProjects/XXXX-1-LLM/workspace/2024-03-11_18-32-25-839650/test_script.py\", line 7, in test\n    self.assertEqual(dog_age(12), 61)\nAssertionError: 60 != 61\n\n----------------------------------------------------------------------\nRan 1 test in 0.000s\n\nFAILED (failures=1)\n\nConclusion: Code Test Failed\n\nInput and Expected Output Example:\nInput: dog_age(12)\nExpected Output: 61\n\nActual Output: 60\n\nThe code has failed to pass the test as the actual output does not match the expected output.\n\nCode Test Failed, do you have any ideas?\n-----\n\n[ProductOwner]says: As a Product Owner, I think we need to review the code and identify potential issues before retesting.\n-----\n\n[Architect]says: As an Architect, I suggest reviewing the code implementation and ensuring that the input and expected output are accurately defined before retesting the code.\n-----\n\n[Tester]says: As a Tester, it seems like there might be an issue with the code for the function dog_age, causing the test to fail. It might be worth checking the implementation of the function to see where the discrepancy lies.\n-----\n\n[Developer]says: As a Developer, it looks like the test case for the dog_age function failed because the actual output did not match the expected output. I will investigate the code to find the issue and make the necessary corrections.\n-----\n\n[ProductOwner]says: [ProductOwner] To create a product, we should review the code and identify potential issues before retesting.\n-----\n\n[Architect]says: As an Architect, I suggest reviewing the code implementation and ensuring that the input and expected output are accurately defined before retesting the code.\n-----\n\n[Developer]says: [Developer] To create a product, we should investigate the code to find the issue and make the necessary corrections.\n-----\n\n[Tester]says: As a Tester, it seems like there might be an issue with the code for the function dog_age, causing the test to fail. It might be worth checking the implementation of the function to see where the discrepancy lies.\n-----\n",
    "SprintReviewMeetings2": "{\n  \"product-owner\":[\"I think we need to review the code and identify potential issues before retesting.\",\"To create a product, we should review the code and identify potential issues before retesting.\"],\n  \"architect\":[\"I suggest reviewing the code implementation and ensuring that the input and expected output are accurately defined before retesting the code.\",\"As an Architect, I suggest reviewing the code implementation and ensuring that the input and expected output are accurately defined before retesting the code.\"],\n  \"developer\":[\"It looks like the test case for the dog_age function failed because the actual output did not match the expected output. I will investigate the code to find the issue and make the necessary corrections.\",\"To create a product, we should investigate the code to find the issue and make the necessary corrections.\"],\n  \"tester\":[\"It seems like there might be an issue with the code for the function dog_age, causing the test to fail. It might be worth checking the implementation of the function to see where the discrepancy lies.\"]\n}",
    "SprintReviewMeetings2_prompt": "{\"Role\": \"You are a professional scrum master. Your goal is to summary the Discussion History into a suggestions list for the scrum team.\", \"Instruction\": \"1. Read and Understand the Discussion History. 2. Summary the suggestions from four roles: product-owner/architect/developer/tester. 3. Response in JSON format.\", \"Example\": \"{\\\"product-owner\\\":[\\\"suggestion1\\\",\\\"suggestion2\\\"],\\\"architect\\\":[\\\"suggestion1\\\",\\\"suggestion2\\\"], \\\"developer\\\":[\\\"suggestion1\\\",\\\"suggestion2\\\"], \\\"tester\\\":[\\\"suggestion1\\\",\\\"suggestion2\\\"]}\", \"Context\": \"[ScrumMaster]says: Here is our test Report: Test Report:\\n\\nTest script's output:\\nF\\n======================================================================\\nFAIL: test (__main__.Test)\\n----------------------------------------------------------------------\\nTraceback (most recent call last):\\n  File \\\"/Users/watch/PycharmProjects/XXXX-1-LLM/workspace/2024-03-11_18-32-25-839650/test_script.py\\\", line 7, in test\\n    self.assertEqual(dog_age(12), 61)\\nAssertionError: 60 != 61\\n\\n----------------------------------------------------------------------\\nRan 1 test in 0.000s\\n\\nFAILED (failures=1)\\n\\nConclusion: Code Test Failed\\n\\nInput and Expected Output Example:\\nInput: dog_age(12)\\nExpected Output: 61\\n\\nActual Output: 60\\n\\nThe code has failed to pass the test as the actual output does not match the expected output.\\n\\nCode Test Failed, do you have any ideas?\\n-----\\n\\n[ProductOwner]says: As a Product Owner, I think we need to review the code and identify potential issues before retesting.\\n-----\\n\\n[Architect]says: As an Architect, I suggest reviewing the code implementation and ensuring that the input and expected output are accurately defined before retesting the code.\\n-----\\n\\n[Tester]says: As a Tester, it seems like there might be an issue with the code for the function dog_age, causing the test to fail. It might be worth checking the implementation of the function to see where the discrepancy lies.\\n-----\\n\\n[Developer]says: As a Developer, it looks like the test case for the dog_age function failed because the actual output did not match the expected output. I will investigate the code to find the issue and make the necessary corrections.\\n-----\\n\\n[ProductOwner]says: [ProductOwner] To create a product, we should review the code and identify potential issues before retesting.\\n-----\\n\\n[Architect]says: As an Architect, I suggest reviewing the code implementation and ensuring that the input and expected output are accurately defined before retesting the code.\\n-----\\n\\n[Developer]says: [Developer] To create a product, we should investigate the code to find the issue and make the necessary corrections.\\n-----\\n\\n[Tester]says: As a Tester, it seems like there might be an issue with the code for the function dog_age, causing the test to fail. It might be worth checking the implementation of the function to see where the discrepancy lies.\\n-----\\n\", \"Question\": \"Follow the Instruction section. The Discussion History is in the Context section. You only need to return a list as the Example section.\"}",
    "RepairResponse2": "{\n  \"revised_code\": \"def dog_age(h_age):\\n    '''Write a function to calculate a dog's age in dog's years.'''\\n    return h_age * 5\"\n}",
    "RepairResponse2_prompt": {
        "Role": "You are a professional software engineer. Your duty is to write code in Python that meets the requirements. Ensure that the code you write is efficient, readable, and follows best practices. Remember, do not need to explain the code you wrote.",
        "Instruction": "1. Rewrite a bug fix version of the original code. 2. Response in JSON format.",
        "Example": "{\"revised_code\":\"...\"}",
        "Context": "# Test Report:\nTest Report:\n\nTest script's output:\nF\n======================================================================\nFAIL: test (__main__.Test)\n----------------------------------------------------------------------\nTraceback (most recent call last):\n  File \"/Users/watch/PycharmProjects/XXXX-1-LLM/workspace/2024-03-11_18-32-25-839650/test_script.py\", line 7, in test\n    self.assertEqual(dog_age(12), 61)\nAssertionError: 60 != 61\n\n----------------------------------------------------------------------\nRan 1 test in 0.000s\n\nFAILED (failures=1)\n\nConclusion: Code Test Failed\n\nInput and Expected Output Example:\nInput: dog_age(12)\nExpected Output: 61\n\nActual Output: 60\n\nThe code has failed to pass the test as the actual output does not match the expected output.\n\nCode Test Failed# suggestions:\n{\"product-owner\": [\"I think we need to review the code and identify potential issues before retesting.\", \"To create a product, we should review the code and identify potential issues before retesting.\"], \"architect\": [\"I suggest reviewing the code implementation and ensuring that the input and expected output are accurately defined before retesting the code.\", \"As an Architect, I suggest reviewing the code implementation and ensuring that the input and expected output are accurately defined before retesting the code.\"], \"developer\": [\"It looks like the test case for the dog_age function failed because the actual output did not match the expected output. I will investigate the code to find the issue and make the necessary corrections.\", \"To create a product, we should investigate the code to find the issue and make the necessary corrections.\"], \"tester\": [\"It seems like there might be an issue with the code for the function dog_age, causing the test to fail. It might be worth checking the implementation of the function to see where the discrepancy lies.\"]}",
        "Question": "The original code has some bugs, according to the test report and suggestions, rewrite the code. Complete the following code:\ndef dog_age(h_age):\n'''Write a function to calculate a dog's age in dog's years.\nassert dog_age(12)==61'''\n"
    },
    "Code3": "def dog_age(h_age):\n    '''Write a function to calculate a dog's age in dog's years.'''\n    return h_age * 5",
    "ScriptResult3": "F\n======================================================================\nFAIL: test (__main__.Test)\n----------------------------------------------------------------------\nTraceback (most recent call last):\n  File \"/Users/watch/PycharmProjects/XXXX-1-LLM/workspace/2024-03-11_18-32-25-839650/test_script.py\", line 8, in test\n    self.assertEqual(dog_age(12), 61)\nAssertionError: 60 != 61\n\n----------------------------------------------------------------------\nRan 1 test in 0.000s\n\nFAILED (failures=1)\n",
    "TestReport3": "Test Report:\n\nThe test script's output indicates that the code has failed the test.\n\nInput Example:\nFunction: dog_age(12)\nExpected Output: 60\n\nConclusion: Code Test Failed\n\nExplanation:\nThe test failed because the expected output was 60, but the actual output was 61. The code did not produce the correct result for the given input.\n\nRecommendation:\nThe code needs to be reviewed and corrected to ensure it provides the expected output for the given input.\n\nEnd of Test Report."
}