{
    "start_time": "2024-03-11_13-47-43-261250",
    "task": "def cummulative_sum(test_list):\n'''Write a function to find the cumulative sum of all the values that are present in the given tuple list.\nassert cummulative_sum([(1, 3), (5, 6, 7), (2, 6)]) == 30'''\n",
    "datetime": {
        "task": "2024-03-11 13:47:43",
        "task-id": "2024-03-11 13:47:43",
        "workflow": "2024-03-11 13:47:43",
        "Discussion": "2024-03-11 13:47:44",
        "DisorderedSprintMeetings": "2024-03-11 13:47:46",
        "UserStoryDraft0": "2024-03-11 13:47:48",
        "AnalyzeMeetings": "2024-03-11 13:47:50",
        "UserStory0": "2024-03-11 13:47:51",
        "DesignDraft0": "2024-03-11 13:47:55",
        "DesignMeetings0": "2024-03-11 13:47:56",
        "Design0": "2024-03-11 13:47:59",
        "CodeDraft0": "2024-03-11 13:48:00",
        "Code0CR": "2024-03-11 13:48:00",
        "FinalCode": "2024-03-11 13:48:28",
        "Test Cases Draft": "2024-03-11 13:48:03",
        "Test Cases Meetings": "2024-03-11 13:48:05",
        "Test Cases": "2024-03-11 13:48:10",
        "Code0": "2024-03-11 13:48:11",
        "TestScriptOriginal": "2024-03-11 13:48:13",
        "TestScript": "2024-03-11 13:48:13",
        "ScriptResult0": "2024-03-11 13:48:13",
        "TestReport0": "2024-03-11 13:48:15",
        "SprintReview0": "2024-03-11 13:48:17",
        "SprintReviewMeetings0": "2024-03-11 13:48:18",
        "RepairResponse0": "2024-03-11 13:48:20",
        "Code1": "2024-03-11 13:48:20",
        "ScriptResult1": "2024-03-11 13:48:20",
        "TestReport1": "2024-03-11 13:48:23",
        "SprintReview1": "2024-03-11 13:48:25",
        "SprintReviewMeetings1": "2024-03-11 13:48:27",
        "RepairResponse1": "2024-03-11 13:48:28",
        "Code2": "2024-03-11 13:48:28",
        "ScriptResult2": "2024-03-11 13:48:28",
        "TestReport2": "2024-03-11 13:48:29"
    },
    "task-id": 614,
    "workflow": "agile/agile_version_0.0.5_remove.json",
    "Discussion": "[ScrumMaster]says: We have a job: def cummulative_sum(test_list):\n'''Write a function to find the cumulative sum of all the values that are present in the given tuple list.\nassert cummulative_sum([(1, 3), (5, 6, 7), (2, 6)]) == 30'''\n, do you have any ideas?\n-----\n\n[Developer]says: As a Developer, I will start by breaking down the problem and identifying the steps needed to solve it.\n-----\n\n[Architect]says: As an Architect, I recommend breaking down the task into smaller functions and using a modular approach to create the cumulative sum function.\n-----\n\n[Tester]says: As a Tester, I want to suggest writing test cases to cover different scenarios and edge cases for the cummulative_sum function.\n-----\n\n[ProductOwner]says: As a Product Owner, I think we should consider the user requirements and the potential impact on the product's value before deciding on the approach to solve the problem.\n-----\n\n[Developer]says: As a Developer, I will start by breaking down the problem and identifying the steps needed to solve it.\n-----\n\n[Architect]says: As an Architect, I recommend breaking down the task into smaller functions and using a modular approach to create the cumulative sum function.\n-----\n\n[Tester]says: As a Tester, I agree with the suggestion to write test cases for different scenarios and edge cases for the cummulative_sum function. This will help ensure the function works as expected in various situations.\n-----\n\n[ProductOwner]says: [ProductOwner] To create a product, we should consider the user requirements and the potential impact on the product's value before deciding on the approach to solve the problem.\n-----\n",
    "DisorderedSprintMeetings": "{\n  \"product-owner\": [\n    \"consider user requirements and potential impact on product's value\",\n    \"decide on the approach to solve the problem\"\n  ],\n  \"architect\": [\n    \"break down the task into smaller functions\",\n    \"use a modular approach to create the cumulative sum function\"\n  ],\n  \"developer\": [\n    \"break down the problem and identify the steps needed to solve it\",\n    \"implement the steps and develop the cumulative sum function\"\n  ],\n  \"tester\": [\n    \"write test cases for different scenarios and edge cases\",\n    \"ensure the function works as expected in various situations\"\n  ]\n}",
    "DisorderedSprintMeetings_prompt": "{\"Role\": \"You are a professional scrum master. Your goal is to breakdown the Discussion History into a task list for the scrum team.\", \"Instruction\": \"1. Read and Understand the Discussion History. 2. Define the tasks for four roles: product-owner/architect/developer/tester. 3. Response in JSON format.\", \"Example\": \"{\\\"product-owner\\\":[\\\"task1\\\",\\\"task2\\\"],\\\"architect\\\":[\\\"task1\\\",\\\"task2\\\"], \\\"developer\\\":[\\\"task1\\\",\\\"task2\\\"], \\\"tester\\\":[\\\"task1\\\",\\\"task2\\\"]}\", \"Context\": \"[ScrumMaster]says: We have a job: def cummulative_sum(test_list):\\n'''Write a function to find the cumulative sum of all the values that are present in the given tuple list.\\nassert cummulative_sum([(1, 3), (5, 6, 7), (2, 6)]) == 30'''\\n, do you have any ideas?\\n-----\\n\\n[Developer]says: As a Developer, I will start by breaking down the problem and identifying the steps needed to solve it.\\n-----\\n\\n[Architect]says: As an Architect, I recommend breaking down the task into smaller functions and using a modular approach to create the cumulative sum function.\\n-----\\n\\n[Tester]says: As a Tester, I want to suggest writing test cases to cover different scenarios and edge cases for the cummulative_sum function.\\n-----\\n\\n[ProductOwner]says: As a Product Owner, I think we should consider the user requirements and the potential impact on the product's value before deciding on the approach to solve the problem.\\n-----\\n\\n[Developer]says: As a Developer, I will start by breaking down the problem and identifying the steps needed to solve it.\\n-----\\n\\n[Architect]says: As an Architect, I recommend breaking down the task into smaller functions and using a modular approach to create the cumulative sum function.\\n-----\\n\\n[Tester]says: As a Tester, I agree with the suggestion to write test cases for different scenarios and edge cases for the cummulative_sum function. This will help ensure the function works as expected in various situations.\\n-----\\n\\n[ProductOwner]says: [ProductOwner] To create a product, we should consider the user requirements and the potential impact on the product's value before deciding on the approach to solve the problem.\\n-----\\n\", \"Question\": \"Follow the Instruction section. The Discussion History is in the Context section. You only need to return a task list as the Example section.\"}",
    "UserStoryDraft0": "{\n  \"UserStory\": {\n    \"As a product owner, I want to provide a function that calculates the cumulative sum of values in a given tuple list so that users can easily obtain the total sum of all values in the list. The function should return the cumulative sum as per the provided example test case.\"\n \t\t: \"\"\n  }\n}",
    "UserStoryDraft0_prompt": "{\"Role\": \"You need to act as a professional product owner. Your task is to write a UserStory\", \"Instruction\": \"According to the Context, please analyze the requirement and write your response. Response in JSON format. Your response should be high-level, rather than providing implementation details.\", \"Example\": \"\", \"Context\": [\"consider user requirements and potential impact on product's value\", \"decide on the approach to solve the problem\"], \"Question\": \"Follow the Instruction. The requirement is as follows:\\ndef cummulative_sum(test_list):\\n'''Write a function to find the cumulative sum of all the values that are present in the given tuple list.\\nassert cummulative_sum([(1, 3), (5, 6, 7), (2, 6)]) == 30'''\\n\"}",
    "AnalyzeMeetings": "{\n  \"Architect\": \"I suggest using a for loop to iterate through the tuple list and calculate the cumulative sum. It would be more efficient and easier to read the code.\",\n  \"Tester\": \"I suggest testing the function with different sizes of tuple lists to ensure it can handle large inputs without performance issues. Also, we should test edge cases such as empty lists or lists with negative numbers.\"\n}",
    "UserStory0": "{\n  \"RevisedDocument\": {\n    \"UserStory\": {\n      \"As a product owner, I want to provide a function that calculates the cumulative sum of values in a given tuple list so that users can easily obtain the total sum of all values in the list. The function should return the cumulative sum as per the provided example test case.\"\n      : \"I suggest using a for loop to iterate through the tuple list and calculate the cumulative sum. It would be more efficient and easier to read the code. Also, we should test the function with different sizes of tuple lists to ensure it can handle large inputs without performance issues. Additionally, we should test edge cases such as empty lists or lists with negative numbers.\"\n    }\n  }\n}",
    "UserStory0_prompt": {
        "Role": "You need to act as a professional product owner. Your duty is to revise the document based on the suggestions.",
        "Instruction": "1. Read the suggestions. 2. Revise your draft version document. 3. Response in JSON format. 4. REMEMBER: Your analysis should be high-level, rather than providing implementation details.",
        "Example": "",
        "Context": "# Suggestion:\n{\n  \"Architect\": \"I suggest using a for loop to iterate through the tuple list and calculate the cumulative sum. It would be more efficient and easier to read the code.\",\n  \"Tester\": \"I suggest testing the function with different sizes of tuple lists to ensure it can handle large inputs without performance issues. Also, we should test edge cases such as empty lists or lists with negative numbers.\"\n}",
        "Question": "Follow the Instruction. Your colleague give you some suggestions(in the Context section) about this draft document:{\n  \"UserStory\": {\n    \"As a product owner, I want to provide a function that calculates the cumulative sum of values in a given tuple list so that users can easily obtain the total sum of all values in the list. The function should return the cumulative sum as per the provided example test case.\"\n \t\t: \"\"\n  }\n}"
    },
    "DesignDraft0": "Design:\n\n- Create a function called `cumulative_sum` that takes a list of tuples as input.\n- Iterate through the tuple list using a for loop to calculate the cumulative sum of all values.\n- Initialize a variable to store the cumulative sum.\n- For each tuple in the list, calculate the sum of its elements and add it to the cumulative sum variable.\n- Return the cumulative sum as the output of the function.\n- Ensure to handle edge cases such as empty lists or lists with negative numbers.\n- Test the function with different sizes of tuple lists to ensure it can handle large inputs without performance issues.\n\nExample:\n```python\ndef cumulative_sum(test_list):\n    cumulative_sum = 0\n    for tup in test_list:\n        cumulative_sum += sum(tup)\n    return cumulative_sum\n```\n\nThis high-level design provides guidance to the developer on how to approach the task and write the code for the cumulative sum function. It focuses on the overall structure and approach rather than specific implementation details.",
    "DesignMeetings0": "{\n  \"Developer\": \"1. Consider adding type checking to ensure the input is a list of tuples.\\n2. Use a more descriptive variable name instead of 'cumulative_sum' to improve readability.\\n3. Add error handling to handle cases where the input list is empty or contains negative numbers.\",\n  \"Tester\": \"1. Test the function with empty lists and lists containing negative numbers to ensure error handling is working correctly.\\n2. Perform performance testing with large input lists to ensure the function can handle them efficiently.\"\n}",
    "Design0": "Based on the suggestions, here is the new design for the cumulative sum function:\n\nDesign:\n\n- Create a function called `calculate_cumulative_sum` that takes a list of tuples as input with type checking to ensure the input is a list of tuples.\n- Use a more descriptive variable name such as `input_list` instead of 'test_list' to improve readability.\n- Iterate through the tuple list using a for loop to calculate the cumulative sum of all values.\n- Initialize a variable called `cumulative_sum` to store the cumulative sum.\n- For each tuple in the list, calculate the sum of its elements and add it to the cumulative sum variable.\n- Add error handling to handle cases where the input list is empty or contains negative numbers.\n- Return the cumulative sum as the output of the function.\n- Perform performance testing with large input lists to ensure the function can handle them efficiently.\n\nExample:\n```python\ndef calculate_cumulative_sum(input_list: List[Tuple[int, int]]) -> int:\n    if not input_list:\n        raise ValueError(\"Input list cannot be empty\")\n    for tup in input_list:\n        for num in tup:\n            if num < 0:\n                raise ValueError(\"Input list contains negative numbers\")\n    cumulative_sum = 0\n    for tup in input_list:\n        cumulative_sum += sum(tup)\n    return cumulative_sum\n```",
    "CodeDraft0": "def calculate_cumulative_sum(input_list: List[Tuple[int, int]]) -> int:\n    if not input_list:\n        raise ValueError(\"Input list cannot be empty\")\n    for tup in input_list:\n        for num in tup:\n            if num < 0:\n                raise ValueError(\"Input list contains negative numbers\")\n    cumulative_sum = 0\n    for tup in input_list:\n        cumulative_sum += sum(tup)\n    return cumulative_sum",
    "CodeDraft0_prompt": {
        "Role": "You are a professional engineer. Your duty is to write code in Python that meets the requirements. Ensure that the code you write is efficient, readable, and follows best practices. Remember, do not need to explain the code you wrote.",
        "Instruction": "According to the Context section, write your code.",
        "Example": "",
        "Context": "# Tasks:\n['break down the problem and identify the steps needed to solve it', 'implement the steps and develop the cumulative sum function']\n# Design:\nBased on the suggestions, here is the new design for the cumulative sum function:\n\nDesign:\n\n- Create a function called `calculate_cumulative_sum` that takes a list of tuples as input with type checking to ensure the input is a list of tuples.\n- Use a more descriptive variable name such as `input_list` instead of 'test_list' to improve readability.\n- Iterate through the tuple list using a for loop to calculate the cumulative sum of all values.\n- Initialize a variable called `cumulative_sum` to store the cumulative sum.\n- For each tuple in the list, calculate the sum of its elements and add it to the cumulative sum variable.\n- Add error handling to handle cases where the input list is empty or contains negative numbers.\n- Return the cumulative sum as the output of the function.\n- Perform performance testing with large input lists to ensure the function can handle them efficiently.\n\nExample:\n```python\ndef calculate_cumulative_sum(input_list: List[Tuple[int, int]]) -> int:\n    if not input_list:\n        raise ValueError(\"Input list cannot be empty\")\n    for tup in input_list:\n        for num in tup:\n            if num < 0:\n                raise ValueError(\"Input list contains negative numbers\")\n    cumulative_sum = 0\n    for tup in input_list:\n        cumulative_sum += sum(tup)\n    return cumulative_sum\n```",
        "Question": "Follow the Instruction section. Complete the following code:\ndef cummulative_sum(test_list):\n'''Write a function to find the cumulative sum of all the values that are present in the given tuple list.\nassert cummulative_sum([(1, 3), (5, 6, 7), (2, 6)]) == 30'''\n"
    },
    "Code0CR": "def calculate_cumulative_sum(input_list: List[Tuple[int, int]]) -> int:\n    if not input_list:\n        raise ValueError(\"Input list cannot be empty\")\n    for tup in input_list:\n        for num in tup:\n            if num < 0:\n                raise ValueError(\"Input list contains negative numbers\")\n    cumulative_sum = 0\n    for tup in input_list:\n        cumulative_sum += sum(tup)\n    return cumulative_sum",
    "FinalCode": "def cummulative_sum(test_list):\n    result = 0\n    for tup in test_list:\n        result += sum(tup)\n    return result\n",
    "Test Cases Draft": "{\n  \"test_cases\": [\n    {\n      \"Test Title\": \"Empty Input List\",\n      \"Input Data\": \"[]\",\n      \"Expected Output\": \"ValueError: Input list cannot be empty\"\n    },\n    {\n      \"Test Title\": \"Negative Numbers in Input List\",\n      \"Input Data\": \"[(1, -3), (5, 6, 7), (2, 6)]\",\n      \"Expected Output\": \"ValueError: Input list contains negative numbers\"\n    },\n    {\n      \"Test Title\": \"Small Input List\",\n      \"Input Data\": \"[(1, 3), (5, 6, 7), (2, 6)]\",\n      \"Expected Output\": \"30\"\n    },\n    {\n      \"Test Title\": \"Large Input List\",\n      \"Input Data\": \"[(1, 3), (5, 6, 7), (2, 6), (10, 20), (30, 40), (100, 200)]\",\n      \"Expected Output\": \"427\"\n    }\n  ]\n}",
    "Test Cases Draft_prompt": "{\"Role\": \"You are a quality assurance engineer. Your duty is to design test cases for the developers.\", \"Instruction\": \"According to the Context section, write test cases. Don't write long strings in your test cases. Response in JSON format.\", \"Example\": \"{\\\"requirement analysis\\\":\\\"analysis\\\",\\\"test_cases\\\":[{\\\"Test Title\\\":\\\"title\\\", \\\"Input Data\\\":\\\"parameter1=[1,2,3],parameter2='123'\\\", \\\"Expected Output\\\":\\\"456\\\"},]}\", \"Context\": \"# UsrtStory:\\n{\\n  \\\"RevisedDocument\\\": {\\n    \\\"UserStory\\\": {\\n      \\\"As a product owner, I want to provide a function that calculates the cumulative sum of values in a given tuple list so that users can easily obtain the total sum of all values in the list. The function should return the cumulative sum as per the provided example test case.\\\"\\n      : \\\"I suggest using a for loop to iterate through the tuple list and calculate the cumulative sum. It would be more efficient and easier to read the code. Also, we should test the function with different sizes of tuple lists to ensure it can handle large inputs without performance issues. Additionally, we should test edge cases such as empty lists or lists with negative numbers.\\\"\\n    }\\n  }\\n}\\n# Tasks:\\n['write test cases for different scenarios and edge cases', 'ensure the function works as expected in various situations']\\n# Design:\\nBased on the suggestions, here is the new design for the cumulative sum function:\\n\\nDesign:\\n\\n- Create a function called `calculate_cumulative_sum` that takes a list of tuples as input with type checking to ensure the input is a list of tuples.\\n- Use a more descriptive variable name such as `input_list` instead of 'test_list' to improve readability.\\n- Iterate through the tuple list using a for loop to calculate the cumulative sum of all values.\\n- Initialize a variable called `cumulative_sum` to store the cumulative sum.\\n- For each tuple in the list, calculate the sum of its elements and add it to the cumulative sum variable.\\n- Add error handling to handle cases where the input list is empty or contains negative numbers.\\n- Return the cumulative sum as the output of the function.\\n- Perform performance testing with large input lists to ensure the function can handle them efficiently.\\n\\nExample:\\n```python\\ndef calculate_cumulative_sum(input_list: List[Tuple[int, int]]) -> int:\\n    if not input_list:\\n        raise ValueError(\\\"Input list cannot be empty\\\")\\n    for tup in input_list:\\n        for num in tup:\\n            if num < 0:\\n                raise ValueError(\\\"Input list contains negative numbers\\\")\\n    cumulative_sum = 0\\n    for tup in input_list:\\n        cumulative_sum += sum(tup)\\n    return cumulative_sum\\n```\", \"Question\": \"def cummulative_sum(test_list):\\n'''Write a function to find the cumulative sum of all the values that are present in the given tuple list.\\nassert cummulative_sum([(1, 3), (5, 6, 7), (2, 6)]) == 30'''\\n\"}",
    "Test Cases Meetings": "{\n  \"Architect\": {\n    \"Suggestion\": \"As an Architect, I suggest adding more edge cases such as duplicate numbers in the input list, or an input list with only one element. Additionally, we should consider adding test cases for performance and scalability, especially for the large input list.\"\n  },\n  \"Developer\": {\n    \"Suggestion\": \"As a Developer, I suggest revising the test cases to include boundary values for the input list, such as the maximum and minimum integer values. We should also consider adding test cases for different data types in the input list, such as strings or floats, to ensure the function handles them correctly.\"\n  }\n}",
    "Test Cases": "{\n  \"test_cases\": [\n    {\n      \"Test Title\": \"Empty Input List\",\n      \"Input Data\": \"[]\",\n      \"Expected Output\": \"ValueError: Input list cannot be empty\"\n    },\n    {\n      \"Test Title\": \"Negative Numbers in Input List\",\n      \"Input Data\": \"[(1, -3), (5, 6, 7), (2, 6)]\",\n      \"Expected Output\": \"ValueError: Input list contains negative numbers\"\n    },\n    {\n      \"Test Title\": \"Small Input List\",\n      \"Input Data\": \"[(1, 3), (5, 6, 7), (2, 6)]\",\n      \"Expected Output\": \"30\"\n    },\n    {\n      \"Test Title\": \"Large Input List\",\n      \"Input Data\": \"[(1, 3), (5, 6, 7), (2, 6), (10, 20), (30, 40), (100, 200)]\",\n      \"Expected Output\": \"427\"\n    },\n    {\n      \"Test Title\": \"Duplicate Numbers in Input List\",\n      \"Input Data\": \"[(1, 3), (3, 3, 7), (2, 6)]\",\n      \"Expected Output\": \"36\"\n    },\n    {\n      \"Test Title\": \"Single Element Input List\",\n      \"Input Data\": \"[(5,)]\",\n      \"Expected Output\": \"5\"\n    }\n  ]\n}",
    "Test Cases_prompt": "{\"Role\": \"You are a quality assurance engineer. Your duty is to revise the test cases based on the suggestions.\", \"Instruction\": \"1. Your colleague give you some suggestions(in the Context section) about the draft test cases, read these suggestions. 2. Revise your draft version test cases, but don't use long parameters. 3. Response in JSON format.\", \"Example\": \"{\\\"requirement analysis\\\":\\\"analysis\\\",\\\"test_cases\\\":[{\\\"Test Title\\\":\\\"title\\\", \\\"Input Data\\\":\\\"parameter1=[1,2,3],parameter2='123'\\\", \\\"Expected Output\\\":\\\"456\\\"},]}\", \"Context\": \"# Suggestions:\\n{\\n  \\\"Architect\\\": {\\n    \\\"Suggestion\\\": \\\"As an Architect, I suggest adding more edge cases such as duplicate numbers in the input list, or an input list with only one element. Additionally, we should consider adding test cases for performance and scalability, especially for the large input list.\\\"\\n  },\\n  \\\"Developer\\\": {\\n    \\\"Suggestion\\\": \\\"As a Developer, I suggest revising the test cases to include boundary values for the input list, such as the maximum and minimum integer values. We should also consider adding test cases for different data types in the input list, such as strings or floats, to ensure the function handles them correctly.\\\"\\n  }\\n}\\n # Draft Test cases:\\n{\\n  \\\"test_cases\\\": [\\n    {\\n      \\\"Test Title\\\": \\\"Empty Input List\\\",\\n      \\\"Input Data\\\": \\\"[]\\\",\\n      \\\"Expected Output\\\": \\\"ValueError: Input list cannot be empty\\\"\\n    },\\n    {\\n      \\\"Test Title\\\": \\\"Negative Numbers in Input List\\\",\\n      \\\"Input Data\\\": \\\"[(1, -3), (5, 6, 7), (2, 6)]\\\",\\n      \\\"Expected Output\\\": \\\"ValueError: Input list contains negative numbers\\\"\\n    },\\n    {\\n      \\\"Test Title\\\": \\\"Small Input List\\\",\\n      \\\"Input Data\\\": \\\"[(1, 3), (5, 6, 7), (2, 6)]\\\",\\n      \\\"Expected Output\\\": \\\"30\\\"\\n    },\\n    {\\n      \\\"Test Title\\\": \\\"Large Input List\\\",\\n      \\\"Input Data\\\": \\\"[(1, 3), (5, 6, 7), (2, 6), (10, 20), (30, 40), (100, 200)]\\\",\\n      \\\"Expected Output\\\": \\\"427\\\"\\n    }\\n  ]\\n}\", \"Question\": \"Follow the Instruction. Please make sure your response length are less than 512. Your test cases is for the below question:\\ndef cummulative_sum(test_list):\\n'''Write a function to find the cumulative sum of all the values that are present in the given tuple list.\\nassert cummulative_sum([(1, 3), (5, 6, 7), (2, 6)]) == 30'''\\n\"}",
    "Code0": "def calculate_cumulative_sum(input_list: List[Tuple[int, int]]) -> int:\n    if not input_list:\n        raise ValueError(\"Input list cannot be empty\")\n    for tup in input_list:\n        for num in tup:\n            if num < 0:\n                raise ValueError(\"Input list contains negative numbers\")\n    cumulative_sum = 0\n    for tup in input_list:\n        cumulative_sum += sum(tup)\n    return cumulative_sum",
    "Code0_prompt": {
        "Role": "You are a professional software engineer. Your duty is to write code in Python that meets the requirements. Ensure that the code you write is efficient, readable, and follows best practices. Remember, do not need to explain the code you wrote.",
        "Instruction": "1. Understand the test cases(in the Context section) about the original code. 2. Rewrite your code, make sure your code pass all test cases.",
        "Example": "",
        "Context": "# Original Code:\ndef calculate_cumulative_sum(input_list: List[Tuple[int, int]]) -> int:\n    if not input_list:\n        raise ValueError(\"Input list cannot be empty\")\n    for tup in input_list:\n        for num in tup:\n            if num < 0:\n                raise ValueError(\"Input list contains negative numbers\")\n    cumulative_sum = 0\n    for tup in input_list:\n        cumulative_sum += sum(tup)\n    return cumulative_sum\n# Test Cases:\n{\n  \"test_cases\": [\n    {\n      \"Test Title\": \"Empty Input List\",\n      \"Input Data\": \"[]\",\n      \"Expected Output\": \"ValueError: Input list cannot be empty\"\n    },\n    {\n      \"Test Title\": \"Negative Numbers in Input List\",\n      \"Input Data\": \"[(1, -3), (5, 6, 7), (2, 6)]\",\n      \"Expected Output\": \"ValueError: Input list contains negative numbers\"\n    },\n    {\n      \"Test Title\": \"Small Input List\",\n      \"Input Data\": \"[(1, 3), (5, 6, 7), (2, 6)]\",\n      \"Expected Output\": \"30\"\n    },\n    {\n      \"Test Title\": \"Large Input List\",\n      \"Input Data\": \"[(1, 3), (5, 6, 7), (2, 6), (10, 20), (30, 40), (100, 200)]\",\n      \"Expected Output\": \"427\"\n    },\n    {\n      \"Test Title\": \"Duplicate Numbers in Input List\",\n      \"Input Data\": \"[(1, 3), (3, 3, 7), (2, 6)]\",\n      \"Expected Output\": \"36\"\n    },\n    {\n      \"Test Title\": \"Single Element Input List\",\n      \"Input Data\": \"[(5,)]\",\n      \"Expected Output\": \"5\"\n    }\n  ]\n}",
        "Question": "def cummulative_sum(test_list):\n'''Write a function to find the cumulative sum of all the values that are present in the given tuple list.\nassert cummulative_sum([(1, 3), (5, 6, 7), (2, 6)]) == 30'''\n"
    },
    "TestScriptOriginal": "import unittest\n\ndef cummulative_sum(test_list):\n    '''Write a function to find the cumulative sum of all the values that are present in the given tuple list.'''\n    total_sum = 0\n    for tup in test_list:\n        total_sum += sum(tup)\n    return total_sum\n\nclass Test(unittest.TestCase):\n    def test(self):\n        self.assertEqual(cummulative_sum([(1, 3), (5, 6, 7), (2, 6)]), 30)\n\nif __name__ == '__main__':\n    unittest.main()",
    "TestScriptOriginal_prompt": "{\"Role\": \"You are a quality assurance engineer. Your duty is to write a python test script in unittest framework.\", \"Instruction\": \"1. Write a python test script. 2. Use the input and output given by the question.\", \"Example\": \"import unittest\\n\\nclass Test(unittest.TestCase):\\n    def test(self):\\n        self.assertEqual(function_under_test('a'), 1)\\n\\nif __name__ == '__main__':\\n    unittest.main()\", \"Context\": \"\", \"Question\": \"def cummulative_sum(test_list):\\n'''Write a function to find the cumulative sum of all the values that are present in the given tuple list.\\nassert cummulative_sum([(1, 3), (5, 6, 7), (2, 6)]) == 30'''\\n\"}",
    "TestScript": "import unittest\n\nclass Test(unittest.TestCase):\n    def test(self):\n        self.assertEqual(cummulative_sum([(1, 3), (5, 6, 7), (2, 6)]), 30)\n\nif __name__ == '__main__':\n    unittest.main()",
    "ScriptResult0": "Traceback (most recent call last):\n  File \"/Users/watch/PycharmProjects/XXXX-1-LLM/workspace/2024-03-11_13-47-43-261250/test_script.py\", line 1, in <module>\n    def calculate_cumulative_sum(input_list: List[Tuple[int, int]]) -> int:\nNameError: name 'List' is not defined\n",
    "TestReport0": "Test Report:\n\nTest script's output:\nTraceback (most recent call last):\n  File \"/Users/watch/PycharmProjects/XXXX-1-LLM/workspace/2024-03-11_13-47-43-261250/test_script.py\", line 1, in <module>\n    def calculate_cumulative_sum(input_list: List[Tuple[int, int]]) -> int:\nNameError: name 'List' is not defined\n\nConclusion: Code Test Failed\nInput and Expected Output Example:\nInput: [(1, 2), (3, 4)]\nExpected Output: 10\n\nThe code failed the test due to a NameError 'List' not being defined. The input and expected output example is [(1, 2), (3, 4)] which should return 10.\n\nTest Report completed.",
    "SprintReview0": "[ScrumMaster]says: Here is our test Report: Test Report:\n\nTest script's output:\nTraceback (most recent call last):\n  File \"/Users/watch/PycharmProjects/XXXX-1-LLM/workspace/2024-03-11_13-47-43-261250/test_script.py\", line 1, in <module>\n    def calculate_cumulative_sum(input_list: List[Tuple[int, int]]) -> int:\nNameError: name 'List' is not defined\n\nConclusion: Code Test Failed\nInput and Expected Output Example:\nInput: [(1, 2), (3, 4)]\nExpected Output: 10\n\nThe code failed the test due to a NameError 'List' not being defined. The input and expected output example is [(1, 2), (3, 4)] which should return 10.\n\nTest Report completed., do you have any ideas?\n-----\n\n[Architect]says: As an Architect, I believe we should review the code and ensure that all necessary imports, including 'List', are properly included in the script.\n-----\n\n[Developer]says: As a Developer, I will review the code and define the 'List' to fix the NameError issue.\n-----\n\n[Tester]says: As a Tester, based on the test report, it seems like there is an issue with the definition of 'List' in the code which needs to be addressed.\n-----\n\n[ProductOwner]says: As a Product Owner, I think we should prioritize fixing the NameError issue in the code to ensure successful testing and development of the product.\n-----\n\n[ProductOwner]says: As a Product Owner, I think we should prioritize fixing the NameError issue in the code to ensure successful testing and development of the product.\n-----\n\n[Developer]says: As a Developer, I will review the code and define the 'List' to fix the NameError issue.\n-----\n\n[Architect]says: As an Architect, I think the first step is to review the code and ensure that all necessary imports, including 'List', are properly included in the script.\n-----\n\n[Tester]says: As a Tester, based on the test report, it seems like there is an issue with the definition of 'List' in the code which needs to be addressed.\n-----\n",
    "SprintReviewMeetings0": "{\n  \"product-owner\": [\n    \"I think we should prioritize fixing the NameError issue in the code to ensure successful testing and development of the product.\"\n  ],\n  \"architect\": [\n    \"We should review the code and ensure that all necessary imports, including 'List', are properly included in the script.\"\n  ],\n  \"developer\": [\n   \"I will review the code and define the 'List' to fix the NameError issue.\"\n  ],\n  \"tester\": [\n   \"Based on the test report, it seems like there is an issue with the definition of 'List' in the code which needs to be addressed.\"\n  ]\n}",
    "SprintReviewMeetings0_prompt": "{\"Role\": \"You are a professional scrum master. Your goal is to summary the Discussion History into a suggestions list for the scrum team.\", \"Instruction\": \"1. Read and Understand the Discussion History. 2. Summary the suggestions from four roles: product-owner/architect/developer/tester. 3. Response in JSON format.\", \"Example\": \"{\\\"product-owner\\\":[\\\"suggestion1\\\",\\\"suggestion2\\\"],\\\"architect\\\":[\\\"suggestion1\\\",\\\"suggestion2\\\"], \\\"developer\\\":[\\\"suggestion1\\\",\\\"suggestion2\\\"], \\\"tester\\\":[\\\"suggestion1\\\",\\\"suggestion2\\\"]}\", \"Context\": \"[ScrumMaster]says: Here is our test Report: Test Report:\\n\\nTest script's output:\\nTraceback (most recent call last):\\n  File \\\"/Users/watch/PycharmProjects/XXXX-1-LLM/workspace/2024-03-11_13-47-43-261250/test_script.py\\\", line 1, in <module>\\n    def calculate_cumulative_sum(input_list: List[Tuple[int, int]]) -> int:\\nNameError: name 'List' is not defined\\n\\nConclusion: Code Test Failed\\nInput and Expected Output Example:\\nInput: [(1, 2), (3, 4)]\\nExpected Output: 10\\n\\nThe code failed the test due to a NameError 'List' not being defined. The input and expected output example is [(1, 2), (3, 4)] which should return 10.\\n\\nTest Report completed., do you have any ideas?\\n-----\\n\\n[Architect]says: As an Architect, I believe we should review the code and ensure that all necessary imports, including 'List', are properly included in the script.\\n-----\\n\\n[Developer]says: As a Developer, I will review the code and define the 'List' to fix the NameError issue.\\n-----\\n\\n[Tester]says: As a Tester, based on the test report, it seems like there is an issue with the definition of 'List' in the code which needs to be addressed.\\n-----\\n\\n[ProductOwner]says: As a Product Owner, I think we should prioritize fixing the NameError issue in the code to ensure successful testing and development of the product.\\n-----\\n\\n[ProductOwner]says: As a Product Owner, I think we should prioritize fixing the NameError issue in the code to ensure successful testing and development of the product.\\n-----\\n\\n[Developer]says: As a Developer, I will review the code and define the 'List' to fix the NameError issue.\\n-----\\n\\n[Architect]says: As an Architect, I think the first step is to review the code and ensure that all necessary imports, including 'List', are properly included in the script.\\n-----\\n\\n[Tester]says: As a Tester, based on the test report, it seems like there is an issue with the definition of 'List' in the code which needs to be addressed.\\n-----\\n\", \"Question\": \"Follow the Instruction section. The Discussion History is in the Context section. You only need to return a list as the Example section.\"}",
    "RepairResponse0": "{\n  \"revised_code\": \"from typing import List, Tuple\\n\\ndef calculate_cumulative_sum(input_list: List[Tuple[int, ...]]) -> int:\\n    total_sum = 0\\n    for tpl in input_list:\\n        total_sum += sum(tpl)\\n    return total_sum\"\n}",
    "RepairResponse0_prompt": {
        "Role": "You are a professional software engineer. Your duty is to write code in Python that meets the requirements. Ensure that the code you write is efficient, readable, and follows best practices. Remember, do not need to explain the code you wrote.",
        "Instruction": "1. Rewrite a bug fix version of the original code. 2. Response in JSON format.",
        "Example": "{\"revised_code\":\"...\"}",
        "Context": "# Test Report:\nTest Report:\n\nTest script's output:\nTraceback (most recent call last):\n  File \"/Users/watch/PycharmProjects/XXXX-1-LLM/workspace/2024-03-11_13-47-43-261250/test_script.py\", line 1, in <module>\n    def calculate_cumulative_sum(input_list: List[Tuple[int, int]]) -> int:\nNameError: name 'List' is not defined\n\nConclusion: Code Test Failed\nInput and Expected Output Example:\nInput: [(1, 2), (3, 4)]\nExpected Output: 10\n\nThe code failed the test due to a NameError 'List' not being defined. The input and expected output example is [(1, 2), (3, 4)] which should return 10.\n\nTest Report completed.# suggestions:\n{\"product-owner\": [\"I think we should prioritize fixing the NameError issue in the code to ensure successful testing and development of the product.\"], \"architect\": [\"We should review the code and ensure that all necessary imports, including 'List', are properly included in the script.\"], \"developer\": [\"I will review the code and define the 'List' to fix the NameError issue.\"], \"tester\": [\"Based on the test report, it seems like there is an issue with the definition of 'List' in the code which needs to be addressed.\"]}",
        "Question": "The original code has some bugs, according to the test report and suggestions, rewrite the code. Complete the following code:\ndef cummulative_sum(test_list):\n'''Write a function to find the cumulative sum of all the values that are present in the given tuple list.\nassert cummulative_sum([(1, 3), (5, 6, 7), (2, 6)]) == 30'''\n"
    },
    "Code1": "from typing import List, Tuple\n\ndef calculate_cumulative_sum(input_list: List[Tuple[int, ...]]) -> int:\n    total_sum = 0\n    for tpl in input_list:\n        total_sum += sum(tpl)\n    return total_sum",
    "ScriptResult1": "E\n======================================================================\nERROR: test (__main__.Test)\n----------------------------------------------------------------------\nTraceback (most recent call last):\n  File \"/Users/watch/PycharmProjects/XXXX-1-LLM/workspace/2024-03-11_13-47-43-261250/test_script.py\", line 12, in test\n    self.assertEqual(cummulative_sum([(1, 3), (5, 6, 7), (2, 6)]), 30)\nNameError: name 'cummulative_sum' is not defined\n\n----------------------------------------------------------------------\nRan 1 test in 0.000s\n\nFAILED (errors=1)\n",
    "TestReport1": "Test Report:\n\nTest script's output:\nE\n======================================================================\nERROR: test (__main__.Test)\n----------------------------------------------------------------------\nTraceback (most recent call last):\n  File \"/Users/watch/PycharmProjects/XXXX-1-LLM/workspace/2024-03-11_13-47-43-261250/test_script.py\", line 12, in test\n    self.assertEqual(cummulative_sum([(1, 3), (5, 6, 7), (2, 6)]), 30)\nNameError: name 'cummulative_sum' is not defined\n\n----------------------------------------------------------------------\nRan 1 test in 0.000s\n\nFAILED (errors=1)\n\nConclusion: Code Test Failed\n\nInput and expected output example:\nInput: [(1, 3), (5, 6, 7), (2, 6)]\nExpected output: 30\n\nThe code has failed the test as the 'cummulative_sum' function is not defined. The expected output was 30 for the given input, but the function is missing, leading to a failure in the test.",
    "SprintReview1": "[ScrumMaster]says: Here is our test Report: Test Report:\n\nTest script's output:\nE\n======================================================================\nERROR: test (__main__.Test)\n----------------------------------------------------------------------\nTraceback (most recent call last):\n  File \"/Users/watch/PycharmProjects/XXXX-1-LLM/workspace/2024-03-11_13-47-43-261250/test_script.py\", line 12, in test\n    self.assertEqual(cummulative_sum([(1, 3), (5, 6, 7), (2, 6)]), 30)\nNameError: name 'cummulative_sum' is not defined\n\n----------------------------------------------------------------------\nRan 1 test in 0.000s\n\nFAILED (errors=1)\n\nConclusion: Code Test Failed\n\nInput and expected output example:\nInput: [(1, 3), (5, 6, 7), (2, 6)]\nExpected output: 30\n\nThe code has failed the test as the 'cummulative_sum' function is not defined. The expected output was 30 for the given input, but the function is missing, leading to a failure in the test., do you have any ideas?\n-----\n\n[Developer]says: As a Developer, I believe we should first define and implement the 'cummulative_sum' function to fix the test failure.\n-----\n\n[Tester]says: As a Tester, I suggest defining the 'cummulative_sum' function to address the test failure.\n-----\n\n[ProductOwner]says: As a Product Owner, I believe we need to prioritize creating the 'cummulative_sum' function to meet the expected output and pass the test.\n-----\n\n[Architect]says: As an Architect, to address the test failure, we should define the 'cummulative_sum' function and ensure it accurately calculates the expected output for the given input.\n-----\n\n[Developer]says: As a Developer, I believe we should first define and implement the 'cummulative_sum' function to fix the test failure.\n-----\n\n[Tester]says: [Tester] I agree, defining the 'cummulative_sum' function is necessary to address the test failure.\n-----\n\n[Architect]says: As an Architect, I agree that defining the 'cummulative_sum' function is crucial to address the test failure and meet the expected output.\n-----\n\n[ProductOwner]says: As a Product Owner, I believe we need to prioritize creating the 'cummulative_sum' function to meet the expected output and pass the test.\n-----\n",
    "SprintReviewMeetings1": "{\n  \"product-owner\": [\n    \"We need to prioritize creating the 'cummulative_sum' function to meet the expected output and pass the test.\"\n  ],\n  \"architect\": [\n    \"To address the test failure, we should define the 'cummulative_sum' function and ensure it accurately calculates the expected output for the given input.\"\n  ],\n  \"developer\": [\n    \"We should first define and implement the 'cummulative_sum' function to fix the test failure.\"\n  ],\n  \"tester\": [\n    \"Defining the 'cummulative_sum' function is necessary to address the test failure.\"\n  ]\n}",
    "SprintReviewMeetings1_prompt": "{\"Role\": \"You are a professional scrum master. Your goal is to summary the Discussion History into a suggestions list for the scrum team.\", \"Instruction\": \"1. Read and Understand the Discussion History. 2. Summary the suggestions from four roles: product-owner/architect/developer/tester. 3. Response in JSON format.\", \"Example\": \"{\\\"product-owner\\\":[\\\"suggestion1\\\",\\\"suggestion2\\\"],\\\"architect\\\":[\\\"suggestion1\\\",\\\"suggestion2\\\"], \\\"developer\\\":[\\\"suggestion1\\\",\\\"suggestion2\\\"], \\\"tester\\\":[\\\"suggestion1\\\",\\\"suggestion2\\\"]}\", \"Context\": \"[ScrumMaster]says: Here is our test Report: Test Report:\\n\\nTest script's output:\\nE\\n======================================================================\\nERROR: test (__main__.Test)\\n----------------------------------------------------------------------\\nTraceback (most recent call last):\\n  File \\\"/Users/watch/PycharmProjects/XXXX-1-LLM/workspace/2024-03-11_13-47-43-261250/test_script.py\\\", line 12, in test\\n    self.assertEqual(cummulative_sum([(1, 3), (5, 6, 7), (2, 6)]), 30)\\nNameError: name 'cummulative_sum' is not defined\\n\\n----------------------------------------------------------------------\\nRan 1 test in 0.000s\\n\\nFAILED (errors=1)\\n\\nConclusion: Code Test Failed\\n\\nInput and expected output example:\\nInput: [(1, 3), (5, 6, 7), (2, 6)]\\nExpected output: 30\\n\\nThe code has failed the test as the 'cummulative_sum' function is not defined. The expected output was 30 for the given input, but the function is missing, leading to a failure in the test., do you have any ideas?\\n-----\\n\\n[Developer]says: As a Developer, I believe we should first define and implement the 'cummulative_sum' function to fix the test failure.\\n-----\\n\\n[Tester]says: As a Tester, I suggest defining the 'cummulative_sum' function to address the test failure.\\n-----\\n\\n[ProductOwner]says: As a Product Owner, I believe we need to prioritize creating the 'cummulative_sum' function to meet the expected output and pass the test.\\n-----\\n\\n[Architect]says: As an Architect, to address the test failure, we should define the 'cummulative_sum' function and ensure it accurately calculates the expected output for the given input.\\n-----\\n\\n[Developer]says: As a Developer, I believe we should first define and implement the 'cummulative_sum' function to fix the test failure.\\n-----\\n\\n[Tester]says: [Tester] I agree, defining the 'cummulative_sum' function is necessary to address the test failure.\\n-----\\n\\n[Architect]says: As an Architect, I agree that defining the 'cummulative_sum' function is crucial to address the test failure and meet the expected output.\\n-----\\n\\n[ProductOwner]says: As a Product Owner, I believe we need to prioritize creating the 'cummulative_sum' function to meet the expected output and pass the test.\\n-----\\n\", \"Question\": \"Follow the Instruction section. The Discussion History is in the Context section. You only need to return a list as the Example section.\"}",
    "RepairResponse1": "{\n  \"revised_code\": \"def cummulative_sum(test_list):\\n    result = 0\\n    for tup in test_list:\\n        result += sum(tup)\\n    return result\\n\"\n}",
    "RepairResponse1_prompt": {
        "Role": "You are a professional software engineer. Your duty is to write code in Python that meets the requirements. Ensure that the code you write is efficient, readable, and follows best practices. Remember, do not need to explain the code you wrote.",
        "Instruction": "1. Rewrite a bug fix version of the original code. 2. Response in JSON format.",
        "Example": "{\"revised_code\":\"...\"}",
        "Context": "# Test Report:\nTest Report:\n\nTest script's output:\nE\n======================================================================\nERROR: test (__main__.Test)\n----------------------------------------------------------------------\nTraceback (most recent call last):\n  File \"/Users/watch/PycharmProjects/XXXX-1-LLM/workspace/2024-03-11_13-47-43-261250/test_script.py\", line 12, in test\n    self.assertEqual(cummulative_sum([(1, 3), (5, 6, 7), (2, 6)]), 30)\nNameError: name 'cummulative_sum' is not defined\n\n----------------------------------------------------------------------\nRan 1 test in 0.000s\n\nFAILED (errors=1)\n\nConclusion: Code Test Failed\n\nInput and expected output example:\nInput: [(1, 3), (5, 6, 7), (2, 6)]\nExpected output: 30\n\nThe code has failed the test as the 'cummulative_sum' function is not defined. The expected output was 30 for the given input, but the function is missing, leading to a failure in the test.# suggestions:\n{\"product-owner\": [\"We need to prioritize creating the 'cummulative_sum' function to meet the expected output and pass the test.\"], \"architect\": [\"To address the test failure, we should define the 'cummulative_sum' function and ensure it accurately calculates the expected output for the given input.\"], \"developer\": [\"We should first define and implement the 'cummulative_sum' function to fix the test failure.\"], \"tester\": [\"Defining the 'cummulative_sum' function is necessary to address the test failure.\"]}",
        "Question": "The original code has some bugs, according to the test report and suggestions, rewrite the code. Complete the following code:\ndef cummulative_sum(test_list):\n'''Write a function to find the cumulative sum of all the values that are present in the given tuple list.\nassert cummulative_sum([(1, 3), (5, 6, 7), (2, 6)]) == 30'''\n"
    },
    "Code2": "def cummulative_sum(test_list):\n    result = 0\n    for tup in test_list:\n        result += sum(tup)\n    return result\n",
    "ScriptResult2": ".\n----------------------------------------------------------------------\nRan 1 test in 0.000s\n\nOK\n",
    "TestReport2": "Test Report\n\nTest script's output:\n.\n----------------------------------------------------------------------\nRan 1 test in 0.000s\n\nOK\n\nConclusion: Code Test Passed"
}