{
    "2": "F\n======================================================================\nFAIL: test (__main__.Test)\n----------------------------------------------------------------------\nTraceback (most recent call last):\n  File \"/Users/watch/PycharmProjects/XXXX-1-LLM/Temps/ET-extra-test/test_scripts/test2.py\", line 17, in test\n    assert similar_elements((3, 4, 5, 6),(5, 7, 4, 10)) == (4, 5)\nAssertionError\n\n----------------------------------------------------------------------\nRan 1 test in 0.000s\n\nFAILED (failures=1)\n",
    "3": "F\n======================================================================\nFAIL: test (__main__.Test)\n----------------------------------------------------------------------\nTraceback (most recent call last):\n  File \"/Users/watch/PycharmProjects/XXXX-1-LLM/Temps/ET-extra-test/test_scripts/test3.py\", line 38, in test\n    assert is_not_prime(1) == False\nAssertionError\n\n----------------------------------------------------------------------\nRan 1 test in 0.000s\n\nFAILED (failures=1)\n",
    "4": "F\n======================================================================\nFAIL: test (__main__.Test)\n----------------------------------------------------------------------\nTraceback (most recent call last):\n  File \"/Users/watch/PycharmProjects/XXXX-1-LLM/Temps/ET-extra-test/test_scripts/test4.py\", line 100, in test\n    assert heap_queue_largest([29, 33, 20, 87, 10, 61, 80, 21, 57], 10) == [87, 80, 61, 57, 33, 29, 21, 20, 10]\nAssertionError\n\n----------------------------------------------------------------------\nRan 1 test in 0.000s\n\nFAILED (failures=1)\n",
    "6": ".\n----------------------------------------------------------------------\nRan 1 test in 0.000s\n\nOK\n",
    "7": "F\n======================================================================\nFAIL: test (__main__.Test)\n----------------------------------------------------------------------\nTraceback (most recent call last):\n  File \"/Users/watch/PycharmProjects/XXXX-1-LLM/Temps/ET-extra-test/test_scripts/test7.py\", line 23, in test\n    assert find_char_long('Please move back to stream') == ['Please', 'move', 'back', 'stream']\nAssertionError\n\n----------------------------------------------------------------------\nRan 1 test in 0.000s\n\nFAILED (failures=1)\n",
    "8": ".\n----------------------------------------------------------------------\nRan 1 test in 0.000s\n\nOK\n",
    "9": "F\n======================================================================\nFAIL: test (__main__.Test)\n----------------------------------------------------------------------\nTraceback (most recent call last):\n  File \"/Users/watch/PycharmProjects/XXXX-1-LLM/Temps/ET-extra-test/test_scripts/test9.py\", line 52, in test\n    assert find_Rotations(\"sis\") == 3\nAssertionError\n\n----------------------------------------------------------------------\nRan 1 test in 0.000s\n\nFAILED (failures=1)\n",
    "11": "F\n======================================================================\nFAIL: test (__main__.Test)\n----------------------------------------------------------------------\nTraceback (most recent call last):\n  File \"/Users/watch/PycharmProjects/XXXX-1-LLM/Temps/ET-extra-test/test_scripts/test11.py\", line 37, in test\n    assert remove_Occ('bjfcnn', 'k') == \"bjfcnn\"\nAssertionError\n\n----------------------------------------------------------------------\nRan 1 test in 0.000s\n\nFAILED (failures=1)\n",
    "12": ".\n----------------------------------------------------------------------\nRan 1 test in 0.000s\n\nOK\n",
    "14": ".\n----------------------------------------------------------------------\nRan 1 test in 0.000s\n\nOK\n",
    "16": "F\n======================================================================\nFAIL: test (__main__.Test)\n----------------------------------------------------------------------\nTraceback (most recent call last):\n  File \"/Users/watch/PycharmProjects/XXXX-1-LLM/Temps/ET-extra-test/test_scripts/test16.py\", line 29, in test\n    assert text_lowercase_underscore(\"aab_cbbbc\")==('Found a match!')\nAssertionError\n\n----------------------------------------------------------------------\nRan 1 test in 0.000s\n\nFAILED (failures=1)\n",
    "17": ".\n----------------------------------------------------------------------\nRan 1 test in 0.000s\n\nOK\n",
    "18": "E\n======================================================================\nERROR: test (__main__.Test)\n----------------------------------------------------------------------\nTraceback (most recent call last):\n  File \"/Users/watch/PycharmProjects/XXXX-1-LLM/Temps/ET-extra-test/test_scripts/test18.py\", line 26, in test\n    assert remove_dirty_chars(\"digitalindia\", \"talent\") == 'digiidi'\n  File \"/Users/watch/PycharmProjects/XXXX-1-LLM/Temps/ET-extra-test/test_scripts/test18.py\", line 13, in remove_dirty_chars\n    raise ValueError(\nValueError: Second string contains characters not present in the first string\n\n----------------------------------------------------------------------\nRan 1 test in 0.000s\n\nFAILED (errors=1)\n",
    "19": ".\n----------------------------------------------------------------------\nRan 1 test in 0.000s\n\nOK\n",
    "20": "F\n======================================================================\nFAIL: test (__main__.Test)\n----------------------------------------------------------------------\nTraceback (most recent call last):\n  File \"/Users/watch/PycharmProjects/XXXX-1-LLM/Temps/ET-extra-test/test_scripts/test20.py\", line 20, in test\n    assert is_woodall(383) == True\nAssertionError\n\n----------------------------------------------------------------------\nRan 1 test in 0.000s\n\nFAILED (failures=1)\n",
    "56": "E\n======================================================================\nERROR: test (__main__.Test)\n----------------------------------------------------------------------\nTraceback (most recent call last):\n  File \"/Users/watch/PycharmProjects/XXXX-1-LLM/Temps/ET-extra-test/test_scripts/test56.py\", line 22, in test\n    assert check(70) == False\nNameError: name 'check' is not defined\n\n----------------------------------------------------------------------\nRan 1 test in 0.000s\n\nFAILED (errors=1)\n",
    "57": "E\n======================================================================\nERROR: test (__main__.Test)\n----------------------------------------------------------------------\nTraceback (most recent call last):\n  File \"/Users/watch/PycharmProjects/XXXX-1-LLM/Temps/ET-extra-test/test_scripts/test57.py\", line 21, in test\n    assert find_Max_Num([1,2,3],3) == 321\nTypeError: find_Max_Num() takes 1 positional argument but 2 were given\n\n----------------------------------------------------------------------\nRan 1 test in 0.000s\n\nFAILED (errors=1)\n",
    "58": ".\n----------------------------------------------------------------------\nRan 1 test in 0.000s\n\nOK\n",
    "59": ".\n----------------------------------------------------------------------\nRan 1 test in 0.000s\n\nOK\n",
    "61": "E\n======================================================================\nERROR: test (__main__.Test)\n----------------------------------------------------------------------\nTraceback (most recent call last):\n  File \"/Users/watch/PycharmProjects/XXXX-1-LLM/Temps/ET-extra-test/test_scripts/test61.py\", line 20, in test\n    assert count_Substrings('112112',6) == 6\nTypeError: count_Substrings() takes 1 positional argument but 2 were given\n\n----------------------------------------------------------------------\nRan 1 test in 0.000s\n\nFAILED (errors=1)\n",
    "62": ".\n----------------------------------------------------------------------\nRan 1 test in 0.000s\n\nOK\n",
    "63": ".\n----------------------------------------------------------------------\nRan 1 test in 0.000s\n\nOK\n",
    "64": ".\n----------------------------------------------------------------------\nRan 1 test in 0.000s\n\nOK\n",
    "65": ".\n----------------------------------------------------------------------\nRan 1 test in 0.000s\n\nOK\n",
    "66": "F\n======================================================================\nFAIL: test (__main__.Test)\n----------------------------------------------------------------------\nTraceback (most recent call last):\n  File \"/Users/watch/PycharmProjects/XXXX-1-LLM/Temps/ET-extra-test/test_scripts/test66.py\", line 21, in test\n    assert pos_count([1, 0, 2, -5]) == 3\nAssertionError\n\n----------------------------------------------------------------------\nRan 1 test in 0.000s\n\nFAILED (failures=1)\n",
    "67": "F\n======================================================================\nFAIL: test (__main__.Test)\n----------------------------------------------------------------------\nTraceback (most recent call last):\n  File \"/Users/watch/PycharmProjects/XXXX-1-LLM/Temps/ET-extra-test/test_scripts/test67.py\", line 19, in test\n    assert bell_number(10)==115975\nAssertionError\n\n----------------------------------------------------------------------\nRan 1 test in 0.000s\n\nFAILED (failures=1)\n",
    "68": ".\n----------------------------------------------------------------------\nRan 1 test in 0.000s\n\nOK\n",
    "69": ".\n----------------------------------------------------------------------\nRan 1 test in 0.000s\n\nOK\n",
    "70": "E\n======================================================================\nERROR: test (__main__.Test)\n----------------------------------------------------------------------\nTraceback (most recent call last):\n  File \"/Users/watch/PycharmProjects/XXXX-1-LLM/Temps/ET-extra-test/test_scripts/test70.py\", line 24, in test\n    assert get_equal([(11, 22, 33), (44, 55, 66)], 3) == 'All tuples have same length'\nTypeError: get_equal() takes 1 positional argument but 2 were given\n\n----------------------------------------------------------------------\nRan 1 test in 0.000s\n\nFAILED (errors=1)\n",
    "71": ".\n----------------------------------------------------------------------\nRan 1 test in 0.000s\n\nOK\n",
    "72": "F\n======================================================================\nFAIL: test (__main__.Test)\n----------------------------------------------------------------------\nTraceback (most recent call last):\n  File \"/Users/watch/PycharmProjects/XXXX-1-LLM/Temps/ET-extra-test/test_scripts/test72.py\", line 20, in test\n    assert dif_Square(10) == False\nAssertionError\n\n----------------------------------------------------------------------\nRan 1 test in 0.000s\n\nFAILED (failures=1)\n",
    "74": "F\n======================================================================\nFAIL: test (__main__.Test)\n----------------------------------------------------------------------\nTraceback (most recent call last):\n  File \"/Users/watch/PycharmProjects/XXXX-1-LLM/Temps/ET-extra-test/test_scripts/test74.py\", line 32, in test\n    assert is_samepatterns([\"red\",\"green\",\"greenn\"], [\"a\",\"b\"])==False\nAssertionError\n\n----------------------------------------------------------------------\nRan 1 test in 0.000s\n\nFAILED (failures=1)\n",
    "75": "F\n======================================================================\nFAIL: test (__main__.Test)\n----------------------------------------------------------------------\nTraceback (most recent call last):\n  File \"/Users/watch/PycharmProjects/XXXX-1-LLM/Temps/ET-extra-test/test_scripts/test75.py\", line 24, in test\n    assert find_tuples([(6, 24, 12), (7, 9, 6), (12, 18, 21)], 6) == '[(6, 24, 12)]'\nAssertionError\n\n----------------------------------------------------------------------\nRan 1 test in 0.000s\n\nFAILED (failures=1)\n",
    "77": ".\n----------------------------------------------------------------------\nRan 1 test in 0.000s\n\nOK\n",
    "79": ".\n----------------------------------------------------------------------\nRan 1 test in 0.000s\n\nOK\n",
    "80": ".\n----------------------------------------------------------------------\nRan 1 test in 0.000s\n\nOK\n",
    "82": "F\n======================================================================\nFAIL: test (__main__.Test)\n----------------------------------------------------------------------\nTraceback (most recent call last):\n  File \"/Users/watch/PycharmProjects/XXXX-1-LLM/Temps/ET-extra-test/test_scripts/test82.py\", line 20, in test\n    assert volume_sphere(10)==4188.790204786391\nAssertionError\n\n----------------------------------------------------------------------\nRan 1 test in 0.000s\n\nFAILED (failures=1)\n",
    "83": "F\n======================================================================\nFAIL: test (__main__.Test)\n----------------------------------------------------------------------\nTraceback (most recent call last):\n  File \"/Users/watch/PycharmProjects/XXXX-1-LLM/Temps/ET-extra-test/test_scripts/test83.py\", line 27, in test\n    assert get_Char(\"abc\") == \"f\"\nAssertionError\n\n----------------------------------------------------------------------\nRan 1 test in 0.000s\n\nFAILED (failures=1)\n",
    "84": ".\n----------------------------------------------------------------------\nRan 1 test in 0.000s\n\nOK\n",
    "85": "F\n======================================================================\nFAIL: test (__main__.Test)\n----------------------------------------------------------------------\nTraceback (most recent call last):\n  File \"/Users/watch/PycharmProjects/XXXX-1-LLM/Temps/ET-extra-test/test_scripts/test85.py\", line 27, in test\n    assert surfacearea_sphere(11) == 1520.5308443374597\nAssertionError\n\n----------------------------------------------------------------------\nRan 1 test in 0.000s\n\nFAILED (failures=1)\n",
    "86": ".\n----------------------------------------------------------------------\nRan 1 test in 0.000s\n\nOK\n",
    "87": "F\n======================================================================\nFAIL: test (__main__.Test)\n----------------------------------------------------------------------\nTraceback (most recent call last):\n  File \"/Users/watch/PycharmProjects/XXXX-1-LLM/Temps/ET-extra-test/test_scripts/test87.py\", line 17, in test\n    assert merge_dictionaries_three({ \"R\": \"Red\", \"B\": \"Black\", \"P\": \"Pink\" }, { \"G\": \"Green\", \"W\": \"White\" },{\"L\":\"lavender\",\"B\":\"Blue\"})=={'W': 'White', 'P': 'Pink', 'B': 'Black', 'R': 'Red', 'G': 'Green', 'L': 'lavender'}\nAssertionError\n\n----------------------------------------------------------------------\nRan 1 test in 0.000s\n\nFAILED (failures=1)\n",
    "88": "E\n======================================================================\nERROR: test (__main__.Test)\n----------------------------------------------------------------------\nTraceback (most recent call last):\n  File \"/Users/watch/PycharmProjects/XXXX-1-LLM/Temps/ET-extra-test/test_scripts/test88.py\", line 25, in test\n    assert freq_count([11, 6, 14, 10, 18, 17, 18, 20, 42, 45, 52, 46, 35]) == Counter({18: 2, 11: 1, 6: 1, 14: 1, 10: 1, 17: 1, 20: 1, 42: 1, 45: 1, 52: 1, 46: 1, 35: 1})\nNameError: name 'Counter' is not defined\n\n----------------------------------------------------------------------\nRan 1 test in 0.000s\n\nFAILED (errors=1)\n",
    "89": ".\n----------------------------------------------------------------------\nRan 1 test in 0.000s\n\nOK\n",
    "90": ".\n----------------------------------------------------------------------\nRan 1 test in 0.000s\n\nOK\n",
    "91": ".\n----------------------------------------------------------------------\nRan 1 test in 0.000s\n\nOK\n",
    "92": "E\n======================================================================\nERROR: test (__main__.Test)\n----------------------------------------------------------------------\nTraceback (most recent call last):\n  File \"/Users/watch/PycharmProjects/XXXX-1-LLM/Temps/ET-extra-test/test_scripts/test92.py\", line 25, in test\n    assert is_undulating(\"1212121\") == True\n  File \"/Users/watch/PycharmProjects/XXXX-1-LLM/Temps/ET-extra-test/test_scripts/test92.py\", line 8, in is_undulating\n    num_str = str(abs(n))\nTypeError: bad operand type for abs(): 'str'\n\n----------------------------------------------------------------------\nRan 1 test in 0.000s\n\nFAILED (errors=1)\n",
    "93": ".\n----------------------------------------------------------------------\nRan 1 test in 0.000s\n\nOK\n",
    "94": ".\n----------------------------------------------------------------------\nRan 1 test in 0.000s\n\nOK\n",
    "95": ".\n----------------------------------------------------------------------\nRan 1 test in 0.000s\n\nOK\n",
    "96": "F\n======================================================================\nFAIL: test (__main__.Test)\n----------------------------------------------------------------------\nTraceback (most recent call last):\n  File \"/Users/watch/PycharmProjects/XXXX-1-LLM/Temps/ET-extra-test/test_scripts/test96.py\", line 29, in test\n    assert divisor(9) == 3\nAssertionError\n\n----------------------------------------------------------------------\nRan 1 test in 0.000s\n\nFAILED (failures=1)\n",
    "97": ".\n----------------------------------------------------------------------\nRan 1 test in 0.000s\n\nOK\n",
    "98": "F\n======================================================================\nFAIL: test (__main__.Test)\n----------------------------------------------------------------------\nTraceback (most recent call last):\n  File \"/Users/watch/PycharmProjects/XXXX-1-LLM/Temps/ET-extra-test/test_scripts/test98.py\", line 56, in test\n    assert multiply_num((-8, -17, -28)) == -1269.3333333333333\nAssertionError\n\n----------------------------------------------------------------------\nRan 1 test in 0.000s\n\nFAILED (failures=1)\n",
    "99": "F\n======================================================================\nFAIL: test (__main__.Test)\n----------------------------------------------------------------------\nTraceback (most recent call last):\n  File \"/Users/watch/PycharmProjects/XXXX-1-LLM/Temps/ET-extra-test/test_scripts/test99.py\", line 23, in test\n    assert decimal_to_binary(4) == 100\nAssertionError\n\n----------------------------------------------------------------------\nRan 1 test in 0.000s\n\nFAILED (failures=1)\n",
    "100": ".\n----------------------------------------------------------------------\nRan 1 test in 0.000s\n\nOK\n",
    "101": "E\n======================================================================\nERROR: test (__main__.Test)\n----------------------------------------------------------------------\nTraceback (most recent call last):\n  File \"/Users/watch/PycharmProjects/XXXX-1-LLM/Temps/ET-extra-test/test_scripts/test101.py\", line 20, in test\n    assert kth_element([12,3,5,7,19], 5, 2) == 3\nTypeError: kth_element() takes 2 positional arguments but 3 were given\n\n----------------------------------------------------------------------\nRan 1 test in 0.000s\n\nFAILED (errors=1)\n",
    "102": "E\n======================================================================\nERROR: test (__main__.Test)\n----------------------------------------------------------------------\nTraceback (most recent call last):\n  File \"/Users/watch/PycharmProjects/XXXX-1-LLM/Temps/ET-extra-test/test_scripts/test102.py\", line 26, in test\n    assert snake_to_camel(\"wgy%_lpwdkhv=bblj~\") == \"Wgy%Lpwdkhv=bblj~\"\n  File \"/Users/watch/PycharmProjects/XXXX-1-LLM/Temps/ET-extra-test/test_scripts/test102.py\", line 16, in snake_to_camel\n    raise ValueError(\"Invalid input\")\nValueError: Invalid input\n\n----------------------------------------------------------------------\nRan 1 test in 0.000s\n\nFAILED (errors=1)\n",
    "103": "F\n======================================================================\nFAIL: test (__main__.Test)\n----------------------------------------------------------------------\nTraceback (most recent call last):\n  File \"/Users/watch/PycharmProjects/XXXX-1-LLM/Temps/ET-extra-test/test_scripts/test103.py\", line 21, in test\n    assert eulerian_num(3, 1) == 4\nAssertionError\n\n----------------------------------------------------------------------\nRan 1 test in 0.000s\n\nFAILED (failures=1)\n",
    "104": "F\n======================================================================\nFAIL: test (__main__.Test)\n----------------------------------------------------------------------\nTraceback (most recent call last):\n  File \"/Users/watch/PycharmProjects/XXXX-1-LLM/Temps/ET-extra-test/test_scripts/test104.py\", line 32, in test\n    assert sort_sublists((['cuatvcr', 'nusxurf'], ['buo', 'jji'], ['mrij', 'mjknvmmdr', 'cnkkpwwtdgbi'])) == [['cuatvcr', 'nusxurf'], ['buo', 'jji'], ['cnkkpwwtdgbi', 'mrij', 'mjknvmmdr']]\nAssertionError\n\n----------------------------------------------------------------------\nRan 1 test in 0.000s\n\nFAILED (failures=1)\n",
    "105": "E\n======================================================================\nERROR: test (__main__.Test)\n----------------------------------------------------------------------\nTraceback (most recent call last):\n  File \"/Users/watch/PycharmProjects/XXXX-1-LLM/Temps/ET-extra-test/test_scripts/test105.py\", line 28, in test\n    assert count([1, 1, 4]) == 6\n  File \"/Users/watch/PycharmProjects/XXXX-1-LLM/Temps/ET-extra-test/test_scripts/test105.py\", line 15, in count\n    raise ValueError\nValueError\n\n----------------------------------------------------------------------\nRan 1 test in 0.000s\n\nFAILED (errors=1)\n",
    "106": ".\n----------------------------------------------------------------------\nRan 1 test in 0.000s\n\nOK\n",
    "108": ".\n----------------------------------------------------------------------\nRan 1 test in 0.002s\n\nOK\n",
    "109": "F\n======================================================================\nFAIL: test (__main__.Test)\n----------------------------------------------------------------------\nTraceback (most recent call last):\n  File \"/Users/watch/PycharmProjects/XXXX-1-LLM/Temps/ET-extra-test/test_scripts/test109.py\", line 23, in test\n    assert odd_Equivalent('359859369', 7) == 0\nAssertionError\n\n----------------------------------------------------------------------\nRan 1 test in 0.000s\n\nFAILED (failures=1)\n",
    "111": ".\n----------------------------------------------------------------------\nRan 1 test in 0.000s\n\nOK\n",
    "113": ".\n----------------------------------------------------------------------\nRan 1 test in 0.000s\n\nOK\n",
    "115": "E\n======================================================================\nERROR: test (__main__.Test)\n----------------------------------------------------------------------\nTraceback (most recent call last):\n  File \"/Users/watch/PycharmProjects/XXXX-1-LLM/Temps/ET-extra-test/test_scripts/test115.py\", line 21, in test\n    assert empty_dit([{1,2},{},{}])==False\n  File \"/Users/watch/PycharmProjects/XXXX-1-LLM/Temps/ET-extra-test/test_scripts/test115.py\", line 12, in empty_dit\n    raise ValueError\nValueError\n\n----------------------------------------------------------------------\nRan 1 test in 0.000s\n\nFAILED (errors=1)\n",
    "116": ".\n----------------------------------------------------------------------\nRan 1 test in 0.000s\n\nOK\n",
    "117": "F\n======================================================================\nFAIL: test (__main__.Test)\n----------------------------------------------------------------------\nTraceback (most recent call last):\n  File \"/Users/watch/PycharmProjects/XXXX-1-LLM/Temps/ET-extra-test/test_scripts/test117.py\", line 20, in test\n    assert list_to_float( [(\"3\", \"4\"), (\"1\", \"26.45\"), (\"7.32\", \"8\"), (\"4\", \"8\")] ) == '[(3.0, 4.0), (1.0, 26.45), (7.32, 8.0), (4.0, 8.0)]'\nAssertionError\n\n----------------------------------------------------------------------\nRan 1 test in 0.000s\n\nFAILED (failures=1)\n",
    "118": "F\n======================================================================\nFAIL: test (__main__.Test)\n----------------------------------------------------------------------\nTraceback (most recent call last):\n  File \"/Users/watch/PycharmProjects/XXXX-1-LLM/Temps/ET-extra-test/test_scripts/test118.py\", line 28, in test\n    assert string_to_list(\" guiolhudbohi dwbr\") == ['', 'guiolhudbohi', 'dwbr']\nAssertionError\n\n----------------------------------------------------------------------\nRan 1 test in 0.000s\n\nFAILED (failures=1)\n",
    "119": "E\n======================================================================\nERROR: test (__main__.Test)\n----------------------------------------------------------------------\nTraceback (most recent call last):\n  File \"/Users/watch/PycharmProjects/XXXX-1-LLM/Temps/ET-extra-test/test_scripts/test119.py\", line 20, in test\n    assert search([1,1,2,2,3],5) == 3\nTypeError: search() takes 1 positional argument but 2 were given\n\n----------------------------------------------------------------------\nRan 1 test in 0.000s\n\nFAILED (errors=1)\n",
    "120": ".\n----------------------------------------------------------------------\nRan 1 test in 0.000s\n\nOK\n",
    "123": "TimeOut",
    "124": "E\n======================================================================\nERROR: test (__main__.Test)\n----------------------------------------------------------------------\nTraceback (most recent call last):\n  File \"/Users/watch/PycharmProjects/XXXX-1-LLM/Temps/ET-extra-test/test_scripts/test124.py\", line 29, in test\n    assert angle_complex(0,1j)==1.5707963267948966\n  File \"/Users/watch/PycharmProjects/XXXX-1-LLM/Temps/ET-extra-test/test_scripts/test124.py\", line 14, in angle_complex\n    raise TypeError(\"Parameters must be of type int or float\")\nTypeError: Parameters must be of type int or float\n\n----------------------------------------------------------------------\nRan 1 test in 0.000s\n\nFAILED (errors=1)\n",
    "125": "Traceback (most recent call last):\n  File \"/Users/watch/PycharmProjects/XXXX-1-LLM/Temps/ET-extra-test/test_scripts/test125.py\", line 20, in <module>\n    assert find_length(\"11000010001\") == 6\nAssertionError\n",
    "126": "E\n======================================================================\nERROR: test (__main__.Test)\n----------------------------------------------------------------------\nTraceback (most recent call last):\n  File \"/Users/watch/PycharmProjects/XXXX-1-LLM/Temps/ET-extra-test/test_scripts/test126.py\", line 17, in test\n    assert sum(10,15) == 6\n  File \"/Users/watch/PycharmProjects/XXXX-1-LLM/Temps/ET-extra-test/test_scripts/test126.py\", line 12, in sum\n    return sum(common_divisors)\nTypeError: sum() missing 1 required positional argument: 'b'\n\n----------------------------------------------------------------------\nRan 1 test in 0.000s\n\nFAILED (errors=1)\n",
    "127": ".\n----------------------------------------------------------------------\nRan 1 test in 0.000s\n\nOK\n",
    "128": ".\n----------------------------------------------------------------------\nRan 1 test in 0.000s\n\nOK\n",
    "129": ".\n----------------------------------------------------------------------\nRan 1 test in 0.000s\n\nOK\n",
    "130": "F\n======================================================================\nFAIL: test (__main__.Test)\n----------------------------------------------------------------------\nTraceback (most recent call last):\n  File \"/Users/watch/PycharmProjects/XXXX-1-LLM/Temps/ET-extra-test/test_scripts/test130.py\", line 30, in test\n    assert max_occurrences([2,3,8,4,7,9,8,2,6,5,1,6,1,2,3,2,4,6,9,1,2])==(2, 5)\nAssertionError\n\n----------------------------------------------------------------------\nRan 1 test in 0.000s\n\nFAILED (failures=1)\n",
    "131": ".\n----------------------------------------------------------------------\nRan 1 test in 0.000s\n\nOK\n",
    "132": ".\n----------------------------------------------------------------------\nRan 1 test in 0.000s\n\nOK\n",
    "133": ".\n----------------------------------------------------------------------\nRan 1 test in 0.000s\n\nOK\n",
    "135": ".\n----------------------------------------------------------------------\nRan 1 test in 0.000s\n\nOK\n",
    "137": "F\n======================================================================\nFAIL: test (__main__.Test)\n----------------------------------------------------------------------\nTraceback (most recent call last):\n  File \"/Users/watch/PycharmProjects/XXXX-1-LLM/Temps/ET-extra-test/test_scripts/test137.py\", line 19, in test\n    assert zero_count([0, 1, 2, -1, -5, 6, 0, -3, -2, 3, 4, 6, 8])==0.15\nAssertionError\n\n----------------------------------------------------------------------\nRan 1 test in 0.000s\n\nFAILED (failures=1)\n",
    "138": "F\n======================================================================\nFAIL: test (__main__.Test)\n----------------------------------------------------------------------\nTraceback (most recent call last):\n  File \"/Users/watch/PycharmProjects/XXXX-1-LLM/Temps/ET-extra-test/test_scripts/test138.py\", line 19, in test\n    assert is_Sum_Of_Powers_Of_Two(10) == True\nAssertionError\n\n----------------------------------------------------------------------\nRan 1 test in 0.000s\n\nFAILED (failures=1)\n",
    "139": "F\n======================================================================\nFAIL: test (__main__.Test)\n----------------------------------------------------------------------\nTraceback (most recent call last):\n  File \"/Users/watch/PycharmProjects/XXXX-1-LLM/Temps/ET-extra-test/test_scripts/test139.py\", line 18, in test\n    assert circle_circumference(10)==62.830000000000005\nAssertionError\n\n----------------------------------------------------------------------\nRan 1 test in 0.000s\n\nFAILED (failures=1)\n",
    "140": "F\n======================================================================\nFAIL: test (__main__.Test)\n----------------------------------------------------------------------\nTraceback (most recent call last):\n  File \"/Users/watch/PycharmProjects/XXXX-1-LLM/Temps/ET-extra-test/test_scripts/test140.py\", line 13, in test\n    assert extract_singly([(3, 4, 5), (4, 5, 7), (1, 4)]) == [3, 4, 5, 7, 1]\nAssertionError\n\n----------------------------------------------------------------------\nRan 1 test in 0.000s\n\nFAILED (failures=1)\n",
    "141": ".\n----------------------------------------------------------------------\nRan 1 test in 0.000s\n\nOK\n",
    "142": ".\n----------------------------------------------------------------------\nRan 1 test in 0.000s\n\nOK\n",
    "143": "F\n======================================================================\nFAIL: test (__main__.Test)\n----------------------------------------------------------------------\nTraceback (most recent call last):\n  File \"/Users/watch/PycharmProjects/XXXX-1-LLM/Temps/ET-extra-test/test_scripts/test143.py\", line 15, in test\n    assert find_lists(([9, 8, 7, 6, 5, 4, 3, 2, 1])) == 1\nAssertionError\n\n----------------------------------------------------------------------\nRan 1 test in 0.000s\n\nFAILED (failures=1)\n",
    "145": "E\n======================================================================\nERROR: test (__main__.Test)\n----------------------------------------------------------------------\nTraceback (most recent call last):\n  File \"/Users/watch/PycharmProjects/XXXX-1-LLM/Temps/ET-extra-test/test_scripts/test145.py\", line 17, in test\n    assert max_Abs_Diff((2,1,5,3),4) == 4\nTypeError: max_Abs_Diff() takes 1 positional argument but 2 were given\n\n----------------------------------------------------------------------\nRan 1 test in 0.000s\n\nFAILED (errors=1)\n",
    "160": "  File \"/Users/watch/PycharmProjects/XXXX-1-LLM/Temps/ET-extra-test/test_scripts/test160.py\", line 22\n    assert solution(2, 2, 9) == No solution\n                                   ^\nSyntaxError: invalid syntax\n",
    "161": ".\n----------------------------------------------------------------------\nRan 1 test in 0.000s\n\nOK\n",
    "162": ".\n----------------------------------------------------------------------\nRan 1 test in 0.000s\n\nOK\n",
    "163": "F\n======================================================================\nFAIL: test (__main__.Test)\n----------------------------------------------------------------------\nTraceback (most recent call last):\n  File \"/Users/watch/PycharmProjects/XXXX-1-LLM/Temps/ET-extra-test/test_scripts/test163.py\", line 26, in test\n    assert area_polygon(6, 21) == 1145.7516092068124\nAssertionError\n\n----------------------------------------------------------------------\nRan 1 test in 0.000s\n\nFAILED (failures=1)\n",
    "164": "Traceback (most recent call last):\n  File \"/Users/watch/PycharmProjects/XXXX-1-LLM/Temps/ET-extra-test/test_scripts/test164.py\", line 18, in <module>\n    print(div_sum(36, 57))  # False\n  File \"/Users/watch/PycharmProjects/XXXX-1-LLM/Temps/ET-extra-test/test_scripts/test164.py\", line 12, in div_sum\n    div_sum_n1 = sum_of_divisors(n1)\nNameError: name 'sum_of_divisors' is not defined\n",
    "165": ".\n----------------------------------------------------------------------\nRan 1 test in 0.000s\n\nOK\n",
    "166": "E\n======================================================================\nERROR: test (__main__.Test)\n----------------------------------------------------------------------\nTraceback (most recent call last):\n  File \"/Users/watch/PycharmProjects/XXXX-1-LLM/Temps/ET-extra-test/test_scripts/test166.py\", line 22, in test\n    assert find_even_Pair([5,4,7,2,1],5) == 4\nNameError: name 'find_even_Pair' is not defined\n\n----------------------------------------------------------------------\nRan 1 test in 0.000s\n\nFAILED (errors=1)\n",
    "167": "E\n======================================================================\nERROR: test (__main__.Test)\n----------------------------------------------------------------------\nTraceback (most recent call last):\n  File \"/Users/watch/PycharmProjects/XXXX-1-LLM/Temps/ET-extra-test/test_scripts/test167.py\", line 18, in test\n    assert next_Power_Of_2(0) == 1\nNameError: name 'next_Power_Of_2' is not defined\n\n----------------------------------------------------------------------\nRan 1 test in 0.000s\n\nFAILED (errors=1)\n",
    "168": ".\n----------------------------------------------------------------------\nRan 1 test in 0.000s\n\nOK\n",
    "170": "F\n======================================================================\nFAIL: test (__main__.Test)\n----------------------------------------------------------------------\nTraceback (most recent call last):\n  File \"/Users/watch/PycharmProjects/XXXX-1-LLM/Temps/ET-extra-test/test_scripts/test170.py\", line 30, in test\n    assert sum_range_list([4, 5, 6, 6, 13, 1, 2, 5, 5, 10, 8, 15], 7, 6) == 0\nAssertionError\n\n----------------------------------------------------------------------\nRan 1 test in 0.000s\n\nFAILED (failures=1)\n",
    "171": ".\n----------------------------------------------------------------------\nRan 1 test in 0.000s\n\nOK\n",
    "172": ".\n----------------------------------------------------------------------\nRan 1 test in 0.000s\n\nOK\n",
    "222": ".\n----------------------------------------------------------------------\nRan 1 test in 0.000s\n\nOK\n",
    "223": "F\n======================================================================\nFAIL: test (__main__.Test)\n----------------------------------------------------------------------\nTraceback (most recent call last):\n  File \"/Users/watch/PycharmProjects/XXXX-1-LLM/Temps/ET-extra-test/test_scripts/test223.py\", line 70, in test\n    assert is_majority([3, 1, 1, 6, 6, 6, 5], 3, 1) == False\nAssertionError\n\n----------------------------------------------------------------------\nRan 1 test in 0.000s\n\nFAILED (failures=1)\n",
    "224": ".\n----------------------------------------------------------------------\nRan 1 test in 0.000s\n\nOK\n",
    "226": ".\n----------------------------------------------------------------------\nRan 1 test in 0.000s\n\nOK\n",
    "227": ".\n----------------------------------------------------------------------\nRan 1 test in 0.000s\n\nOK\n",
    "228": "F\n======================================================================\nFAIL: test (__main__.Test)\n----------------------------------------------------------------------\nTraceback (most recent call last):\n  File \"/Users/watch/PycharmProjects/XXXX-1-LLM/Temps/ET-extra-test/test_scripts/test228.py\", line 18, in test\n    assert all_Bits_Set_In_The_Given_Range(4,1,2) == True\nAssertionError\n\n----------------------------------------------------------------------\nRan 1 test in 0.000s\n\nFAILED (failures=1)\n",
    "229": "F\n======================================================================\nFAIL: test (__main__.Test)\n----------------------------------------------------------------------\nTraceback (most recent call last):\n  File \"/Users/watch/PycharmProjects/XXXX-1-LLM/Temps/ET-extra-test/test_scripts/test229.py\", line 28, in test\n    assert re_arrange_array([-1, 2, -3, 4, 5, 6, -7, 8, 9], 9) == [-1, -3, -7, 4, 5, 6, 2, 8, 9]\nAssertionError\n\n----------------------------------------------------------------------\nRan 1 test in 0.000s\n\nFAILED (failures=1)\n",
    "230": ".\n----------------------------------------------------------------------\nRan 1 test in 0.000s\n\nOK\n",
    "232": ".\n----------------------------------------------------------------------\nRan 1 test in 0.000s\n\nOK\n",
    "233": "F\n======================================================================\nFAIL: test (__main__.Test)\n----------------------------------------------------------------------\nTraceback (most recent call last):\n  File \"/Users/watch/PycharmProjects/XXXX-1-LLM/Temps/ET-extra-test/test_scripts/test233.py\", line 20, in test\n    assert lateralsuface_cylinder(10,5)==314.15000000000003\nAssertionError\n\n----------------------------------------------------------------------\nRan 1 test in 0.000s\n\nFAILED (failures=1)\n",
    "234": "27\nSide length must be a positive number\n.\n----------------------------------------------------------------------\nRan 1 test in 0.000s\n\nOK\n",
    "235": "F\n======================================================================\nFAIL: test (__main__.Test)\n----------------------------------------------------------------------\nTraceback (most recent call last):\n  File \"/Users/watch/PycharmProjects/XXXX-1-LLM/Temps/ET-extra-test/test_scripts/test235.py\", line 16, in test\n    assert even_bit_set_number(20) == 30\nAssertionError\n\n----------------------------------------------------------------------\nRan 1 test in 0.000s\n\nFAILED (failures=1)\n",
    "237": "F\n======================================================================\nFAIL: test (__main__.Test)\n----------------------------------------------------------------------\nTraceback (most recent call last):\n  File \"/Users/watch/PycharmProjects/XXXX-1-LLM/Temps/ET-extra-test/test_scripts/test237.py\", line 21, in test\n    assert check_occurences([(3, 1), (1, 3), (2, 5), (5, 2), (6, 3)] ) == {(1, 3): 2, (2, 5): 2, (3, 6): 1}\nAssertionError\n\n----------------------------------------------------------------------\nRan 1 test in 0.001s\n\nFAILED (failures=1)\n",
    "238": ".\n----------------------------------------------------------------------\nRan 1 test in 0.000s\n\nOK\n",
    "239": ".\n----------------------------------------------------------------------\nRan 1 test in 0.001s\n\nOK\n",
    "240": ".\n----------------------------------------------------------------------\nRan 1 test in 0.000s\n\nOK\n",
    "242": ".\n----------------------------------------------------------------------\nRan 1 test in 0.000s\n\nOK\n",
    "244": ".\n----------------------------------------------------------------------\nRan 1 test in 0.000s\n\nOK\n",
    "245": "E\n======================================================================\nERROR: test (__main__.Test)\n----------------------------------------------------------------------\nTraceback (most recent call last):\n  File \"/Users/watch/PycharmProjects/XXXX-1-LLM/Temps/ET-extra-test/test_scripts/test245.py\", line 31, in test\n    assert max_sum([1, 15, 51, 45, 33, 100, 12, 18, 9], 9) == 194\nTypeError: max_sum() takes 1 positional argument but 2 were given\n\n----------------------------------------------------------------------\nRan 1 test in 0.000s\n\nFAILED (errors=1)\n",
    "246": "F\n======================================================================\nFAIL: test (__main__.Test)\n----------------------------------------------------------------------\nTraceback (most recent call last):\n  File \"/Users/watch/PycharmProjects/XXXX-1-LLM/Temps/ET-extra-test/test_scripts/test246.py\", line 34, in test\n    assert babylonian_squareroot(10)==3.162277660168379\nAssertionError\n\n----------------------------------------------------------------------\nRan 1 test in 0.000s\n\nFAILED (failures=1)\n",
    "247": ".\n----------------------------------------------------------------------\nRan 1 test in 0.006s\n\nOK\n",
    "248": "F\n======================================================================\nFAIL: test (__main__.Test)\n----------------------------------------------------------------------\nTraceback (most recent call last):\n  File \"/Users/watch/PycharmProjects/XXXX-1-LLM/Temps/ET-extra-test/test_scripts/test248.py\", line 21, in test\n    assert harmonic_sum(7) == 2.5928571428571425\nAssertionError\n\n----------------------------------------------------------------------\nRan 1 test in 0.000s\n\nFAILED (failures=1)\n",
    "249": "F\n======================================================================\nFAIL: test (__main__.Test)\n----------------------------------------------------------------------\nTraceback (most recent call last):\n  File \"/Users/watch/PycharmProjects/XXXX-1-LLM/Temps/ET-extra-test/test_scripts/test249.py\", line 18, in test\n    assert intersection_array([1, 2, 3, 5, 7, 8, 9, 10],[1, 2, 4, 8, 9])==[1, 2, 8, 9]\nAssertionError\n\n----------------------------------------------------------------------\nRan 1 test in 0.000s\n\nFAILED (failures=1)\n",
    "250": ".\n----------------------------------------------------------------------\nRan 1 test in 0.000s\n\nOK\n",
    "251": ".\n----------------------------------------------------------------------\nRan 1 test in 0.000s\n\nOK\n",
    "252": ".\n----------------------------------------------------------------------\nRan 1 test in 0.000s\n\nOK\n",
    "253": ".\n----------------------------------------------------------------------\nRan 1 test in 0.000s\n\nOK\n",
    "255": ".\n----------------------------------------------------------------------\nRan 1 test in 0.001s\n\nOK\n",
    "256": ".\n----------------------------------------------------------------------\nRan 1 test in 0.000s\n\nOK\n",
    "257": "F\n======================================================================\nFAIL: test (__main__.Test)\n----------------------------------------------------------------------\nTraceback (most recent call last):\n  File \"/Users/watch/PycharmProjects/XXXX-1-LLM/Temps/ET-extra-test/test_scripts/test257.py\", line 58, in test\n    assert swap_numbers(18, 18) == (18, 18)\n  File \"/Users/watch/PycharmProjects/XXXX-1-LLM/Temps/ET-extra-test/test_scripts/test257.py\", line 11, in swap_numbers\n    assert a != b, \"Numbers should not be the same\"\nAssertionError: Numbers should not be the same\n\n----------------------------------------------------------------------\nRan 1 test in 0.000s\n\nFAILED (failures=1)\n",
    "259": ".\n----------------------------------------------------------------------\nRan 1 test in 0.000s\n\nOK\n",
    "260": "F\n======================================================================\nFAIL: test (__main__.Test)\n----------------------------------------------------------------------\nTraceback (most recent call last):\n  File \"/Users/watch/PycharmProjects/XXXX-1-LLM/Temps/ET-extra-test/test_scripts/test260.py\", line 22, in test\n    assert newman_prime(3) == 7\nAssertionError\n\n----------------------------------------------------------------------\nRan 1 test in 0.000s\n\nFAILED (failures=1)\n",
    "261": "F\n======================================================================\nFAIL: test (__main__.Test)\n----------------------------------------------------------------------\nTraceback (most recent call last):\n  File \"/Users/watch/PycharmProjects/XXXX-1-LLM/Temps/ET-extra-test/test_scripts/test261.py\", line 26, in test\n    assert division_elements((13, 9, 11, 13), (7, 2, 7, 8)) == (1, 4, 1, 1)\nAssertionError\n\n----------------------------------------------------------------------\nRan 1 test in 0.000s\n\nFAILED (failures=1)\n",
    "262": "E\n======================================================================\nERROR: test (__main__.Test)\n----------------------------------------------------------------------\nTraceback (most recent call last):\n  File \"/Users/watch/PycharmProjects/XXXX-1-LLM/Temps/ET-extra-test/test_scripts/test262.py\", line 55, in test\n    assert split_two_parts(['b', 'g', 'i', 'k'], 6) == (['b', 'g', 'i', 'k'], [])\n  File \"/Users/watch/PycharmProjects/XXXX-1-LLM/Temps/ET-extra-test/test_scripts/test262.py\", line 12, in split_two_parts\n    raise ValueError(\"Length of list1 should be greater than or equal to L\")\nValueError: Length of list1 should be greater than or equal to L\n\n----------------------------------------------------------------------\nRan 1 test in 0.000s\n\nFAILED (errors=1)\n",
    "264": "F\n======================================================================\nFAIL: test (__main__.Test)\n----------------------------------------------------------------------\nTraceback (most recent call last):\n  File \"/Users/watch/PycharmProjects/XXXX-1-LLM/Temps/ET-extra-test/test_scripts/test264.py\", line 15, in test\n    assert dog_age(12)==61\nAssertionError\n\n----------------------------------------------------------------------\nRan 1 test in 0.000s\n\nFAILED (failures=1)\n",
    "265": "F\n======================================================================\nFAIL: test (__main__.Test)\n----------------------------------------------------------------------\nTraceback (most recent call last):\n  File \"/Users/watch/PycharmProjects/XXXX-1-LLM/Temps/ET-extra-test/test_scripts/test265.py\", line 23, in test\n    assert list_split(['a', 'b', 'c', 'd', 'e', 'f', 'g', 'h', 'i', 'j', 'k', 'l', 'm', 'n'],3)==[['a', 'd', 'g', 'j', 'm'], ['b', 'e', 'h', 'k', 'n'], ['c', 'f', 'i', 'l']]\nAssertionError\n\n----------------------------------------------------------------------\nRan 1 test in 0.000s\n\nFAILED (failures=1)\n",
    "266": ".\n----------------------------------------------------------------------\nRan 1 test in 0.000s\n\nOK\n",
    "267": ".\n----------------------------------------------------------------------\nRan 1 test in 0.000s\n\nOK\n",
    "268": ".\n----------------------------------------------------------------------\nRan 1 test in 0.000s\n\nOK\n",
    "269": ".\n----------------------------------------------------------------------\nRan 1 test in 0.000s\n\nOK\n",
    "270": "E\n======================================================================\nERROR: test (__main__.Test)\n----------------------------------------------------------------------\nTraceback (most recent call last):\n  File \"/Users/watch/PycharmProjects/XXXX-1-LLM/Temps/ET-extra-test/test_scripts/test270.py\", line 21, in test\n    assert sum_even_and_even_index([5, 6, 12, 1, 18, 8],6) == 30\nTypeError: sum_even_and_even_index() takes 1 positional argument but 2 were given\n\n----------------------------------------------------------------------\nRan 1 test in 0.000s\n\nFAILED (errors=1)\n",
    "271": ".\n----------------------------------------------------------------------\nRan 1 test in 0.000s\n\nOK\n",
    "272": ".\n----------------------------------------------------------------------\nRan 1 test in 0.000s\n\nOK\n",
    "273": ".\n----------------------------------------------------------------------\nRan 1 test in 0.000s\n\nOK\n",
    "274": "E\n======================================================================\nERROR: test (__main__.Test)\n----------------------------------------------------------------------\nTraceback (most recent call last):\n  File \"/Users/watch/PycharmProjects/XXXX-1-LLM/Temps/ET-extra-test/test_scripts/test274.py\", line 16, in test\n    assert even_binomial_Coeff_Sum(4) == 8\n  File \"/Users/watch/PycharmProjects/XXXX-1-LLM/Temps/ET-extra-test/test_scripts/test274.py\", line 10, in even_binomial_Coeff_Sum\n    result += comb(n, i)\nNameError: name 'comb' is not defined\n\n----------------------------------------------------------------------\nRan 1 test in 0.000s\n\nFAILED (errors=1)\n",
    "276": "F\n======================================================================\nFAIL: test (__main__.Test)\n----------------------------------------------------------------------\nTraceback (most recent call last):\n  File \"/Users/watch/PycharmProjects/XXXX-1-LLM/Temps/ET-extra-test/test_scripts/test276.py\", line 20, in test\n    assert volume_cylinder(10,5)==1570.7500000000002\nAssertionError\n\n----------------------------------------------------------------------\nRan 1 test in 0.000s\n\nFAILED (failures=1)\n",
    "277": ".\n----------------------------------------------------------------------\nRan 1 test in 0.000s\n\nOK\n",
    "278": "F\n======================================================================\nFAIL: test (__main__.Test)\n----------------------------------------------------------------------\nTraceback (most recent call last):\n  File \"/Users/watch/PycharmProjects/XXXX-1-LLM/Temps/ET-extra-test/test_scripts/test278.py\", line 28, in test\n    assert count_first_elements((1, 5, 7, (4, 6), 10) ) == 3\nAssertionError\n\n----------------------------------------------------------------------\nRan 1 test in 0.000s\n\nFAILED (failures=1)\n",
    "279": "F\n======================================================================\nFAIL: test (__main__.Test)\n----------------------------------------------------------------------\nTraceback (most recent call last):\n  File \"/Users/watch/PycharmProjects/XXXX-1-LLM/Temps/ET-extra-test/test_scripts/test279.py\", line 17, in test\n    assert is_num_decagonal(3) == 27\nAssertionError\n\n----------------------------------------------------------------------\nRan 1 test in 0.000s\n\nFAILED (failures=1)\n",
    "280": "F\n======================================================================\nFAIL: test (__main__.Test)\n----------------------------------------------------------------------\nTraceback (most recent call last):\n  File \"/Users/watch/PycharmProjects/XXXX-1-LLM/Temps/ET-extra-test/test_scripts/test280.py\", line 25, in test\n    assert sequential_search([9, 22, 55, 30, 51, 81, 47, 16, 67, 22], 31) == (False, 10)\nAssertionError\n\n----------------------------------------------------------------------\nRan 1 test in 0.000s\n\nFAILED (failures=1)\n",
    "281": ".\n----------------------------------------------------------------------\nRan 1 test in 0.000s\n\nOK\n",
    "282": ".\n----------------------------------------------------------------------\nRan 1 test in 0.000s\n\nOK\n",
    "283": "F\n======================================================================\nFAIL: test (__main__.Test)\n----------------------------------------------------------------------\nTraceback (most recent call last):\n  File \"/Users/watch/PycharmProjects/XXXX-1-LLM/Temps/ET-extra-test/test_scripts/test283.py\", line 29, in test\n    assert validate(2047) == False\nAssertionError\n\n----------------------------------------------------------------------\nRan 1 test in 0.000s\n\nFAILED (failures=1)\n",
    "284": "False\n.\n----------------------------------------------------------------------\nRan 1 test in 0.000s\n\nOK\n",
    "285": "F\n======================================================================\nFAIL: test (__main__.Test)\n----------------------------------------------------------------------\nTraceback (most recent call last):\n  File \"/Users/watch/PycharmProjects/XXXX-1-LLM/Temps/ET-extra-test/test_scripts/test285.py\", line 22, in test\n    assert text_match_two_three(\"ac\")==('Not matched!')\nAssertionError\n\n----------------------------------------------------------------------\nRan 1 test in 0.000s\n\nFAILED (failures=1)\n",
    "286": "F\n======================================================================\nFAIL: test (__main__.Test)\n----------------------------------------------------------------------\nTraceback (most recent call last):\n  File \"/Users/watch/PycharmProjects/XXXX-1-LLM/Temps/ET-extra-test/test_scripts/test286.py\", line 28, in test\n    assert max_sub_array_sum_repeated([11, 25, -25, -3], 2, 3) == 108\nAssertionError\n\n----------------------------------------------------------------------\nRan 1 test in 0.000s\n\nFAILED (failures=1)\n",
    "287": ".\n----------------------------------------------------------------------\nRan 1 test in 0.000s\n\nOK\n",
    "290": "F\n======================================================================\nFAIL: test (__main__.Test)\n----------------------------------------------------------------------\nTraceback (most recent call last):\n  File \"/Users/watch/PycharmProjects/XXXX-1-LLM/Temps/ET-extra-test/test_scripts/test290.py\", line 26, in test\n    assert max_length([[1], [2, 5], [10, 4], [13, 6], [10, 10, 21]]) == (3, [13, 6])\nAssertionError\n\n----------------------------------------------------------------------\nRan 1 test in 0.000s\n\nFAILED (failures=1)\n",
    "291": ".\n----------------------------------------------------------------------\nRan 1 test in 0.000s\n\nOK\n",
    "292": ".\n----------------------------------------------------------------------\nRan 1 test in 0.000s\n\nOK\n",
    "293": "F\n======================================================================\nFAIL: test (__main__.Test)\n----------------------------------------------------------------------\nTraceback (most recent call last):\n  File \"/Users/watch/PycharmProjects/XXXX-1-LLM/Temps/ET-extra-test/test_scripts/test293.py\", line 24, in test\n    assert otherside_rightangle(6, 9) == 10.816653826391969\nAssertionError\n\n----------------------------------------------------------------------\nRan 1 test in 0.000s\n\nFAILED (failures=1)\n",
    "294": ".\n----------------------------------------------------------------------\nRan 1 test in 0.000s\n\nOK\n",
    "295": "F\n======================================================================\nFAIL: test (__main__.Test)\n----------------------------------------------------------------------\nTraceback (most recent call last):\n  File \"/Users/watch/PycharmProjects/XXXX-1-LLM/Temps/ET-extra-test/test_scripts/test295.py\", line 26, in test\n    assert sum_div(9) == 4\nAssertionError\n\n----------------------------------------------------------------------\nRan 1 test in 0.000s\n\nFAILED (failures=1)\n",
    "296": "E\n======================================================================\nERROR: test (__main__.Test)\n----------------------------------------------------------------------\nTraceback (most recent call last):\n  File \"/Users/watch/PycharmProjects/XXXX-1-LLM/Temps/ET-extra-test/test_scripts/test296.py\", line 57, in test\n    assert get_Inv_Count([1,20,6,4,5],5) == 5\nTypeError: get_Inv_Count() takes 1 positional argument but 2 were given\n\n----------------------------------------------------------------------\nRan 1 test in 0.000s\n\nFAILED (errors=1)\n",
    "297": "F\n======================================================================\nFAIL: test (__main__.Test)\n----------------------------------------------------------------------\nTraceback (most recent call last):\n  File \"/Users/watch/PycharmProjects/XXXX-1-LLM/Temps/ET-extra-test/test_scripts/test297.py\", line 26, in test\n    assert flatten_list([0, 10, [20, 30], 40, 50, [60, 70, 80], [90, 100, 110, 120]])==[0, 10, 20, 30, 40, 50, 60, 70, 80, 90, 100, 110, 120]\nAssertionError\n\n----------------------------------------------------------------------\nRan 1 test in 0.000s\n\nFAILED (failures=1)\n",
    "299": ".\n----------------------------------------------------------------------\nRan 1 test in 0.000s\n\nOK\n",
    "300": ".\n----------------------------------------------------------------------\nRan 1 test in 0.002s\n\nOK\n",
    "301": ".\n----------------------------------------------------------------------\nRan 1 test in 0.000s\n\nOK\n",
    "304": "F\n======================================================================\nFAIL: test (__main__.Test)\n----------------------------------------------------------------------\nTraceback (most recent call last):\n  File \"/Users/watch/PycharmProjects/XXXX-1-LLM/Temps/ET-extra-test/test_scripts/test304.py\", line 16, in test\n    assert find_Element([1,2,3,4],[[0,1],[0,2]],1,2) == 3\nAssertionError\n\n----------------------------------------------------------------------\nRan 1 test in 0.000s\n\nFAILED (failures=1)\n",
    "305": "F\n======================================================================\nFAIL: test (__main__.Test)\n----------------------------------------------------------------------\nTraceback (most recent call last):\n  File \"/Users/watch/PycharmProjects/XXXX-1-LLM/Temps/ET-extra-test/test_scripts/test305.py\", line 14, in test\n    assert start_withp([\"Python PHP\", \"Java JavaScript\", \"c c++\"])==('Python', 'PHP')\nAssertionError\n\n----------------------------------------------------------------------\nRan 1 test in 0.000s\n\nFAILED (failures=1)\n",
    "306": "F\n======================================================================\nFAIL: test (__main__.Test)\n----------------------------------------------------------------------\nTraceback (most recent call last):\n  File \"/Users/watch/PycharmProjects/XXXX-1-LLM/Temps/ET-extra-test/test_scripts/test306.py\", line 19, in test\n    assert max_sum_increasing_subseq([1, 101, 2, 3, 100, 4, 5 ], 7, 4, 6) == 11\nAssertionError\n\n----------------------------------------------------------------------\nRan 1 test in 0.000s\n\nFAILED (failures=1)\n",
    "307": ".\n----------------------------------------------------------------------\nRan 1 test in 0.000s\n\nOK\n",
    "308": ".\n----------------------------------------------------------------------\nRan 1 test in 0.001s\n\nOK\n",
    "309": "F\n======================================================================\nFAIL: test (__main__.Test)\n----------------------------------------------------------------------\nTraceback (most recent call last):\n  File \"/Users/watch/PycharmProjects/XXXX-1-LLM/Temps/ET-extra-test/test_scripts/test309.py\", line 58, in test\n    assert maximum(1, 1) == 1\nAssertionError\n\n----------------------------------------------------------------------\nRan 1 test in 0.000s\n\nFAILED (failures=1)\n",
    "310": "F\n======================================================================\nFAIL: test (__main__.Test)\n----------------------------------------------------------------------\nTraceback (most recent call last):\n  File \"/Users/watch/PycharmProjects/XXXX-1-LLM/Temps/ET-extra-test/test_scripts/test310.py\", line 16, in test\n    assert string_to_tuple(\"python 3.0\")==('p', 'y', 't', 'h', 'o', 'n', '3', '.', '0')\nAssertionError\n\n----------------------------------------------------------------------\nRan 1 test in 0.000s\n\nFAILED (failures=1)\n",
    "311": "F\n======================================================================\nFAIL: test (__main__.Test)\n----------------------------------------------------------------------\nTraceback (most recent call last):\n  File \"/Users/watch/PycharmProjects/XXXX-1-LLM/Temps/ET-extra-test/test_scripts/test311.py\", line 18, in test\n    assert set_left_most_unset_bit(10) == 14\nAssertionError\n\n----------------------------------------------------------------------\nRan 1 test in 0.000s\n\nFAILED (failures=1)\n",
    "312": "F\n======================================================================\nFAIL: test (__main__.Test)\n----------------------------------------------------------------------\nTraceback (most recent call last):\n  File \"/Users/watch/PycharmProjects/XXXX-1-LLM/Temps/ET-extra-test/test_scripts/test312.py\", line 19, in test\n    assert volume_cone(19,17)==6426.651371693521\nAssertionError\n\n----------------------------------------------------------------------\nRan 1 test in 0.000s\n\nFAILED (failures=1)\n",
    "388": ".\n----------------------------------------------------------------------\nRan 1 test in 0.000s\n\nOK\n",
    "389": ".\n----------------------------------------------------------------------\nRan 1 test in 0.000s\n\nOK\n",
    "390": "F\n======================================================================\nFAIL: test (__main__.Test)\n----------------------------------------------------------------------\nTraceback (most recent call last):\n  File \"/Users/watch/PycharmProjects/XXXX-1-LLM/Temps/ET-extra-test/test_scripts/test390.py\", line 24, in test\n    assert add_string([5, 1, 7, 6], 'qvm6crdh1g') == ['qvm6crdh1g', 'qvm6crdh1g', 'qvm6crdh1g', 'qvm6crdh1g']\nAssertionError\n\n----------------------------------------------------------------------\nRan 1 test in 0.000s\n\nFAILED (failures=1)\n",
    "391": ".\n----------------------------------------------------------------------\nRan 1 test in 0.000s\n\nOK\n",
    "392": "F\n======================================================================\nFAIL: test (__main__.Test)\n----------------------------------------------------------------------\nTraceback (most recent call last):\n  File \"/Users/watch/PycharmProjects/XXXX-1-LLM/Temps/ET-extra-test/test_scripts/test392.py\", line 28, in test\n    assert get_max_sum(60) == 106\nAssertionError\n\n----------------------------------------------------------------------\nRan 1 test in 0.000s\n\nFAILED (failures=1)\n",
    "393": ".\n----------------------------------------------------------------------\nRan 1 test in 0.000s\n\nOK\n",
    "394": ".\n----------------------------------------------------------------------\nRan 1 test in 0.000s\n\nOK\n",
    "395": "E\n======================================================================\nERROR: test (__main__.Test)\n----------------------------------------------------------------------\nTraceback (most recent call last):\n  File \"/Users/watch/PycharmProjects/XXXX-1-LLM/Temps/ET-extra-test/test_scripts/test395.py\", line 40, in test\n    assert first_non_repeating_character(\"juo\") == j\nNameError: name 'j' is not defined\n\n----------------------------------------------------------------------\nRan 1 test in 0.000s\n\nFAILED (errors=1)\n",
    "396": ".\n----------------------------------------------------------------------\nRan 1 test in 0.000s\n\nOK\n",
    "397": ".\n----------------------------------------------------------------------\nRan 1 test in 0.000s\n\nOK\n",
    "398": "E\n======================================================================\nERROR: test (__main__.Test)\n----------------------------------------------------------------------\nTraceback (most recent call last):\n  File \"/Users/watch/PycharmProjects/XXXX-1-LLM/Temps/ET-extra-test/test_scripts/test398.py\", line 17, in test\n    assert sum_of_digits([[10,20,4,5,'b',70,'a']])==19\n  File \"/Users/watch/PycharmProjects/XXXX-1-LLM/Temps/ET-extra-test/test_scripts/test398.py\", line 10, in sum_of_digits\n    total_sum += sum(int(digit) for digit in str(num))\n  File \"/Users/watch/PycharmProjects/XXXX-1-LLM/Temps/ET-extra-test/test_scripts/test398.py\", line 10, in <genexpr>\n    total_sum += sum(int(digit) for digit in str(num))\nValueError: invalid literal for int() with base 10: '['\n\n----------------------------------------------------------------------\nRan 1 test in 0.000s\n\nFAILED (errors=1)\n",
    "399": ".\n----------------------------------------------------------------------\nRan 1 test in 0.000s\n\nOK\n",
    "400": ".\n----------------------------------------------------------------------\nRan 1 test in 0.000s\n\nOK\n",
    "401": ".\n----------------------------------------------------------------------\nRan 1 test in 0.000s\n\nOK\n",
    "404": "E\n======================================================================\nERROR: test (__main__.Test)\n----------------------------------------------------------------------\nTraceback (most recent call last):\n  File \"/Users/watch/PycharmProjects/XXXX-1-LLM/Temps/ET-extra-test/test_scripts/test404.py\", line 21, in test\n    assert minimum(0,0) == 0\n  File \"/Users/watch/PycharmProjects/XXXX-1-LLM/Temps/ET-extra-test/test_scripts/test404.py\", line 12, in minimum\n    raise ValueError(\"Inputs cannot be equal\")\nValueError: Inputs cannot be equal\n\n----------------------------------------------------------------------\nRan 1 test in 0.000s\n\nFAILED (errors=1)\n",
    "405": ".\n----------------------------------------------------------------------\nRan 1 test in 0.000s\n\nOK\n",
    "406": "F\n======================================================================\nFAIL: test (__main__.Test)\n----------------------------------------------------------------------\nTraceback (most recent call last):\n  File \"/Users/watch/PycharmProjects/XXXX-1-LLM/Temps/ET-extra-test/test_scripts/test406.py\", line 16, in test\n    assert find_Parity(12) == \"Even Parity\"\nAssertionError\n\n----------------------------------------------------------------------\nRan 1 test in 0.000s\n\nFAILED (failures=1)\n",
    "407": "F\n======================================================================\nFAIL: test (__main__.Test)\n----------------------------------------------------------------------\nTraceback (most recent call last):\n  File \"/Users/watch/PycharmProjects/XXXX-1-LLM/Temps/ET-extra-test/test_scripts/test407.py\", line 25, in test\n    assert rearrange_bigger(10)==False\nAssertionError\n\n----------------------------------------------------------------------\nRan 1 test in 0.000s\n\nFAILED (failures=1)\n",
    "408": "F\n======================================================================\nFAIL: test (__main__.Test)\n----------------------------------------------------------------------\nTraceback (most recent call last):\n  File \"/Users/watch/PycharmProjects/XXXX-1-LLM/Temps/ET-extra-test/test_scripts/test408.py\", line 28, in test\n    assert k_smallest_pairs([5, 2, 11], [1, 7, 11], 5) == [[5, 1], [2, 1], [2, 7], [5, 7], [11, 1]]\nAssertionError\n\n----------------------------------------------------------------------\nRan 1 test in 0.000s\n\nFAILED (failures=1)\n",
    "409": ".\n----------------------------------------------------------------------\nRan 1 test in 0.000s\n\nOK\n",
    "410": ".\n----------------------------------------------------------------------\nRan 1 test in 0.000s\n\nOK\n",
    "411": "E\n======================================================================\nERROR: test (__main__.Test)\n----------------------------------------------------------------------\nTraceback (most recent call last):\n  File \"/Users/watch/PycharmProjects/XXXX-1-LLM/Temps/ET-extra-test/test_scripts/test411.py\", line 28, in test\n    assert snake_to_camel(\"@m^_ss&\") == \"@m^Ss&\"\n  File \"/Users/watch/PycharmProjects/XXXX-1-LLM/Temps/ET-extra-test/test_scripts/test411.py\", line 15, in snake_to_camel\n    raise ValueError(\"Input is not in snake case format\")\nValueError: Input is not in snake case format\n\n----------------------------------------------------------------------\nRan 1 test in 0.000s\n\nFAILED (errors=1)\n",
    "412": "F\n======================================================================\nFAIL: test (__main__.Test)\n----------------------------------------------------------------------\nTraceback (most recent call last):\n  File \"/Users/watch/PycharmProjects/XXXX-1-LLM/Temps/ET-extra-test/test_scripts/test412.py\", line 23, in test\n    assert remove_odd([1, 3, 2]) == [3, 2]\nAssertionError\n\n----------------------------------------------------------------------\nRan 1 test in 0.000s\n\nFAILED (failures=1)\n",
    "413": ".\n----------------------------------------------------------------------\nRan 1 test in 0.000s\n\nOK\n",
    "414": ".\n----------------------------------------------------------------------\nRan 1 test in 0.000s\n\nOK\n",
    "415": ".\n----------------------------------------------------------------------\nRan 1 test in 0.000s\n\nOK\n",
    "417": ".\n----------------------------------------------------------------------\nRan 1 test in 0.000s\n\nOK\n",
    "418": "F\n======================================================================\nFAIL: test (__main__.Test)\n----------------------------------------------------------------------\nTraceback (most recent call last):\n  File \"/Users/watch/PycharmProjects/XXXX-1-LLM/Temps/ET-extra-test/test_scripts/test418.py\", line 17, in test\n    assert Find_Max([['A'],['A','B'],['A','B','C']]) == ['A','B','C']\nAssertionError\n\n----------------------------------------------------------------------\nRan 1 test in 0.000s\n\nFAILED (failures=1)\n",
    "419": ".\n----------------------------------------------------------------------\nRan 1 test in 0.000s\n\nOK\n",
    "420": ".\n----------------------------------------------------------------------\nRan 1 test in 0.000s\n\nOK\n",
    "421": ".\n----------------------------------------------------------------------\nRan 1 test in 0.000s\n\nOK\n",
    "422": ".\n----------------------------------------------------------------------\nRan 1 test in 0.000s\n\nOK\n",
    "424": ".\n----------------------------------------------------------------------\nRan 1 test in 0.000s\n\nOK\n",
    "425": ".\n----------------------------------------------------------------------\nRan 1 test in 0.000s\n\nOK\n",
    "426": ".\n----------------------------------------------------------------------\nRan 1 test in 0.000s\n\nOK\n",
    "427": "  File \"/Users/watch/PycharmProjects/XXXX-1-LLM/Temps/ET-extra-test/test_scripts/test427.py\", line 64\n    assert change_date_format(\"2-:9|&#>5\")  2== \"-:9|&#>5\"\n                                            ^\nSyntaxError: invalid syntax\n",
    "428": ".\n----------------------------------------------------------------------\nRan 1 test in 0.000s\n\nOK\n",
    "429": ".\n----------------------------------------------------------------------\nRan 1 test in 0.000s\n\nOK\n",
    "430": "F\n======================================================================\nFAIL: test (__main__.Test)\n----------------------------------------------------------------------\nTraceback (most recent call last):\n  File \"/Users/watch/PycharmProjects/XXXX-1-LLM/Temps/ET-extra-test/test_scripts/test430.py\", line 17, in test\n    assert parabola_directrix(5,3,2)==-198\nAssertionError\n\n----------------------------------------------------------------------\nRan 1 test in 0.000s\n\nFAILED (failures=1)\n",
    "431": "F\n======================================================================\nFAIL: test (__main__.Test)\n----------------------------------------------------------------------\nTraceback (most recent call last):\n  File \"/Users/watch/PycharmProjects/XXXX-1-LLM/Temps/ET-extra-test/test_scripts/test431.py\", line 22, in test\n    assert common_element([1,2,3,4,5], [6,7,8,9])==None\nAssertionError\n\n----------------------------------------------------------------------\nRan 1 test in 0.000s\n\nFAILED (failures=1)\n",
    "432": "F\n======================================================================\nFAIL: test (__main__.Test)\n----------------------------------------------------------------------\nTraceback (most recent call last):\n  File \"/Users/watch/PycharmProjects/XXXX-1-LLM/Temps/ET-extra-test/test_scripts/test432.py\", line 23, in test\n    assert median_trapezium(15,25,35)==20\nAssertionError\n\n----------------------------------------------------------------------\nRan 1 test in 0.000s\n\nFAILED (failures=1)\n",
    "433": "F\n======================================================================\nFAIL: test (__main__.Test)\n----------------------------------------------------------------------\nTraceback (most recent call last):\n  File \"/Users/watch/PycharmProjects/XXXX-1-LLM/Temps/ET-extra-test/test_scripts/test433.py\", line 25, in test\n    assert check_greater([1, 2, 3, 4, 5], 4) == 'No, entered number is less than those in the array'\nAssertionError\n\n----------------------------------------------------------------------\nRan 1 test in 0.000s\n\nFAILED (failures=1)\n",
    "434": "F\n======================================================================\nFAIL: test (__main__.Test)\n----------------------------------------------------------------------\nTraceback (most recent call last):\n  File \"/Users/watch/PycharmProjects/XXXX-1-LLM/Temps/ET-extra-test/test_scripts/test434.py\", line 18, in test\n    assert text_match_one(\"ac\")==('Not matched!')\nAssertionError\n\n----------------------------------------------------------------------\nRan 1 test in 0.000s\n\nFAILED (failures=1)\n",
    "435": ".\n----------------------------------------------------------------------\nRan 1 test in 0.000s\n\nOK\n",
    "436": "F\n======================================================================\nFAIL: test (__main__.Test)\n----------------------------------------------------------------------\nTraceback (most recent call last):\n  File \"/Users/watch/PycharmProjects/XXXX-1-LLM/Temps/ET-extra-test/test_scripts/test436.py\", line 19, in test\n    assert neg_nos([-1,4,5,-6]) == -1,-6\nAssertionError: -6\n\n----------------------------------------------------------------------\nRan 1 test in 0.000s\n\nFAILED (failures=1)\n",
    "437": "E\n======================================================================\nERROR: test (__main__.Test)\n----------------------------------------------------------------------\nTraceback (most recent call last):\n  File \"/Users/watch/PycharmProjects/XXXX-1-LLM/Temps/ET-extra-test/test_scripts/test437.py\", line 32, in test\n    assert remove_odd(\"ajj\") == j\nNameError: name 'j' is not defined\n\n----------------------------------------------------------------------\nRan 1 test in 0.000s\n\nFAILED (errors=1)\n",
    "438": "F\n======================================================================\nFAIL: test (__main__.Test)\n----------------------------------------------------------------------\nTraceback (most recent call last):\n  File \"/Users/watch/PycharmProjects/XXXX-1-LLM/Temps/ET-extra-test/test_scripts/test438.py\", line 26, in test\n    assert count_bidirectional([(5, 6), (1, 2), (6, 5), (9, 1), (6, 5), (2, 1)] ) == '3'\nAssertionError\n\n----------------------------------------------------------------------\nRan 1 test in 0.000s\n\nFAILED (failures=1)\n",
    "439": "F\n======================================================================\nFAIL: test (__main__.Test)\n----------------------------------------------------------------------\nTraceback (most recent call last):\n  File \"/Users/watch/PycharmProjects/XXXX-1-LLM/Temps/ET-extra-test/test_scripts/test439.py\", line 23, in test\n    assert multiple_to_single([-1,2,3,4,5,6])==-123456\nAssertionError\n\n----------------------------------------------------------------------\nRan 1 test in 0.000s\n\nFAILED (failures=1)\n",
    "440": "F\n======================================================================\nFAIL: test (__main__.Test)\n----------------------------------------------------------------------\nTraceback (most recent call last):\n  File \"/Users/watch/PycharmProjects/XXXX-1-LLM/Temps/ET-extra-test/test_scripts/test440.py\", line 26, in test\n    assert find_adverb_position(\"qe!hly_^syucrnddll@lnx:k\") == (3, 6, 'hly')\nAssertionError\n\n----------------------------------------------------------------------\nRan 1 test in 0.000s\n\nFAILED (failures=1)\n",
    "441": ".\n----------------------------------------------------------------------\nRan 1 test in 0.000s\n\nOK\n",
    "442": ".\n----------------------------------------------------------------------\nRan 1 test in 0.000s\n\nOK\n",
    "443": "F\n======================================================================\nFAIL: test (__main__.Test)\n----------------------------------------------------------------------\nTraceback (most recent call last):\n  File \"/Users/watch/PycharmProjects/XXXX-1-LLM/Temps/ET-extra-test/test_scripts/test443.py\", line 97, in test\n    assert largest_neg([2, 3, 7, 7, 4]) == 2\nAssertionError\n\n----------------------------------------------------------------------\nRan 1 test in 0.000s\n\nFAILED (failures=1)\n",
    "444": "F\n======================================================================\nFAIL: test (__main__.Test)\n----------------------------------------------------------------------\nTraceback (most recent call last):\n  File \"/Users/watch/PycharmProjects/XXXX-1-LLM/Temps/ET-extra-test/test_scripts/test444.py\", line 25, in test\n    assert trim_tuple([(5, 3, 2, 1, 4), (3, 4, 9, 2, 1),(9, 1, 2, 3, 5), (4, 8, 2, 1, 7)], 2) == '[(2,), (9,), (2,), (2,)]'\nAssertionError\n\n----------------------------------------------------------------------\nRan 1 test in 0.000s\n\nFAILED (failures=1)\n",
    "445": ".\n----------------------------------------------------------------------\nRan 1 test in 0.000s\n\nOK\n",
    "446": "F\n======================================================================\nFAIL: test (__main__.Test)\n----------------------------------------------------------------------\nTraceback (most recent call last):\n  File \"/Users/watch/PycharmProjects/XXXX-1-LLM/Temps/ET-extra-test/test_scripts/test446.py\", line 56, in test\n    assert count_Occurrence((1, 5, 1, 1, 3, 9, 5, 2, 4), [1, 1, 2]) == 4\nAssertionError\n\n----------------------------------------------------------------------\nRan 1 test in 0.000s\n\nFAILED (failures=1)\n",
    "447": ".\n----------------------------------------------------------------------\nRan 1 test in 0.000s\n\nOK\n",
    "448": "F\n======================================================================\nFAIL: test (__main__.Test)\n----------------------------------------------------------------------\nTraceback (most recent call last):\n  File \"/Users/watch/PycharmProjects/XXXX-1-LLM/Temps/ET-extra-test/test_scripts/test448.py\", line 26, in test\n    assert cal_sum(9) == 49\nAssertionError\n\n----------------------------------------------------------------------\nRan 1 test in 0.000s\n\nFAILED (failures=1)\n",
    "450": "F\n======================================================================\nFAIL: test (__main__.Test)\n----------------------------------------------------------------------\nTraceback (most recent call last):\n  File \"/Users/watch/PycharmProjects/XXXX-1-LLM/Temps/ET-extra-test/test_scripts/test450.py\", line 26, in test\n    assert extract_string(['jKZxOlbTaCu', 'zidnr', 'xltfgdxamss', 'smtiqxdjc', 'mgtwbidx'], 10) == []\nAssertionError\n\n----------------------------------------------------------------------\nRan 1 test in 0.000s\n\nFAILED (failures=1)\n",
    "451": ".\n----------------------------------------------------------------------\nRan 1 test in 0.000s\n\nOK\n",
    "452": "F\n======================================================================\nFAIL: test (__main__.Test)\n----------------------------------------------------------------------\nTraceback (most recent call last):\n  File \"/Users/watch/PycharmProjects/XXXX-1-LLM/Temps/ET-extra-test/test_scripts/test452.py\", line 17, in test\n    assert loss_amount(1500,1200)==None\nAssertionError\n\n----------------------------------------------------------------------\nRan 1 test in 0.000s\n\nFAILED (failures=1)\n",
    "453": "F\n======================================================================\nFAIL: test (__main__.Test)\n----------------------------------------------------------------------\nTraceback (most recent call last):\n  File \"/Users/watch/PycharmProjects/XXXX-1-LLM/Temps/ET-extra-test/test_scripts/test453.py\", line 91, in test\n    assert sumofFactors(2) == 3\nAssertionError\n\n----------------------------------------------------------------------\nRan 1 test in 0.000s\n\nFAILED (failures=1)\n",
    "454": "F\n======================================================================\nFAIL: test (__main__.Test)\n----------------------------------------------------------------------\nTraceback (most recent call last):\n  File \"/Users/watch/PycharmProjects/XXXX-1-LLM/Temps/ET-extra-test/test_scripts/test454.py\", line 21, in test\n    assert text_match_wordz(\"pythonz.\")==('Found a match!')\nAssertionError\n\n----------------------------------------------------------------------\nRan 1 test in 0.000s\n\nFAILED (failures=1)\n",
    "455": ".\n----------------------------------------------------------------------\nRan 1 test in 0.000s\n\nOK\n",
    "456": ".\n----------------------------------------------------------------------\nRan 1 test in 0.000s\n\nOK\n",
    "457": "F\n======================================================================\nFAIL: test (__main__.Test)\n----------------------------------------------------------------------\nTraceback (most recent call last):\n  File \"/Users/watch/PycharmProjects/XXXX-1-LLM/Temps/ET-extra-test/test_scripts/test457.py\", line 25, in test\n    assert Find_Min([[5], [3, 6], [5, 6, 7]]) == [3, 6]\nAssertionError\n\n----------------------------------------------------------------------\nRan 1 test in 0.000s\n\nFAILED (failures=1)\n",
    "458": ".\n----------------------------------------------------------------------\nRan 1 test in 0.000s\n\nOK\n",
    "459": ".\n----------------------------------------------------------------------\nRan 1 test in 0.000s\n\nOK\n",
    "460": ".\n----------------------------------------------------------------------\nRan 1 test in 0.000s\n\nOK\n",
    "461": "F\n======================================================================\nFAIL: test (__main__.Test)\n----------------------------------------------------------------------\nTraceback (most recent call last):\n  File \"/Users/watch/PycharmProjects/XXXX-1-LLM/Temps/ET-extra-test/test_scripts/test461.py\", line 17, in test\n    assert upper_ctr('PYthon') == 1\nAssertionError\n\n----------------------------------------------------------------------\nRan 1 test in 0.000s\n\nFAILED (failures=1)\n",
    "462": "F\n======================================================================\nFAIL: test (__main__.Test)\n----------------------------------------------------------------------\nTraceback (most recent call last):\n  File \"/Users/watch/PycharmProjects/XXXX-1-LLM/Temps/ET-extra-test/test_scripts/test462.py\", line 20, in test\n    assert combinations_list(['orange', 'red', 'green', 'blue'])==[[], ['orange'], ['red'], ['red', 'orange'], ['green'], ['green', 'orange'], ['green', 'red'], ['green', 'red', 'orange'], ['blue'], ['blue', 'orange'], ['blue', 'red'], ['blue', 'red', 'orange'], ['blue', 'green'], ['blue', 'green', 'orange'], ['blue', 'green', 'red'], ['blue', 'green', 'red', 'orange']]\nAssertionError\n\n----------------------------------------------------------------------\nRan 1 test in 0.000s\n\nFAILED (failures=1)\n",
    "463": ".\n----------------------------------------------------------------------\nRan 1 test in 0.000s\n\nOK\n",
    "464": ".\n----------------------------------------------------------------------\nRan 1 test in 0.000s\n\nOK\n",
    "465": ".\n----------------------------------------------------------------------\nRan 1 test in 0.000s\n\nOK\n",
    "468": "E\n======================================================================\nERROR: test (__main__.Test)\n----------------------------------------------------------------------\nTraceback (most recent call last):\n  File \"/Users/watch/PycharmProjects/XXXX-1-LLM/Temps/ET-extra-test/test_scripts/test468.py\", line 34, in test\n    assert max_product([3, 100, 4, 5, 150, 6], 6) == 45000\nTypeError: max_product() takes 1 positional argument but 2 were given\n\n----------------------------------------------------------------------\nRan 1 test in 0.000s\n\nFAILED (errors=1)\n",
    "470": ".\n----------------------------------------------------------------------\nRan 1 test in 0.000s\n\nOK\n",
    "471": "E\n======================================================================\nERROR: test (__main__.Test)\n----------------------------------------------------------------------\nTraceback (most recent call last):\n  File \"/Users/watch/PycharmProjects/XXXX-1-LLM/Temps/ET-extra-test/test_scripts/test471.py\", line 16, in test\n    assert find_remainder([ 100, 10, 5, 25, 35, 14 ],6,11) ==9\nTypeError: find_remainder() takes 2 positional arguments but 3 were given\n\n----------------------------------------------------------------------\nRan 1 test in 0.000s\n\nFAILED (errors=1)\n",
    "472": ".\n----------------------------------------------------------------------\nRan 1 test in 0.000s\n\nOK\n",
    "473": "E\n======================================================================\nERROR: test (__main__.Test)\n----------------------------------------------------------------------\nTraceback (most recent call last):\n  File \"/Users/watch/PycharmProjects/XXXX-1-LLM/Temps/ET-extra-test/test_scripts/test473.py\", line 17, in test\n    assert tuple_intersection([(3, 4), (5, 6), (9, 10), (4, 5)] , [(5, 4), (3, 4), (6, 5), (9, 11)]) == {(4, 5), (3, 4), (5, 6)}\n  File \"/Users/watch/PycharmProjects/XXXX-1-LLM/Temps/ET-extra-test/test_scripts/test473.py\", line 8, in tuple_intersection\n    count1 = collections.Counter(test_list1)\nNameError: name 'collections' is not defined\n\n----------------------------------------------------------------------\nRan 1 test in 0.000s\n\nFAILED (errors=1)\n",
    "474": ".\n----------------------------------------------------------------------\nRan 1 test in 0.000s\n\nOK\n",
    "475": ".\n----------------------------------------------------------------------\nRan 1 test in 0.000s\n\nOK\n",
    "476": ".\n----------------------------------------------------------------------\nRan 1 test in 0.000s\n\nOK\n",
    "477": ".\n----------------------------------------------------------------------\nRan 1 test in 0.000s\n\nOK\n",
    "478": ".\n----------------------------------------------------------------------\nRan 1 test in 0.000s\n\nOK\n",
    "479": ".\n----------------------------------------------------------------------\nRan 1 test in 0.000s\n\nOK\n",
    "554": ".\n----------------------------------------------------------------------\nRan 1 test in 0.000s\n\nOK\n",
    "555": ".\n----------------------------------------------------------------------\nRan 1 test in 0.000s\n\nOK\n",
    "556": "F\n======================================================================\nFAIL: test (__main__.Test)\n----------------------------------------------------------------------\nTraceback (most recent call last):\n  File \"/Users/watch/PycharmProjects/XXXX-1-LLM/Temps/ET-extra-test/test_scripts/test556.py\", line 20, in test\n    assert find_Odd_Pair([7, 6, 11, 1, 3], 3) == 2\nAssertionError\n\n----------------------------------------------------------------------\nRan 1 test in 0.000s\n\nFAILED (failures=1)\n",
    "557": ".\n----------------------------------------------------------------------\nRan 1 test in 0.000s\n\nOK\n",
    "558": "F\n======================================================================\nFAIL: test (__main__.Test)\n----------------------------------------------------------------------\nTraceback (most recent call last):\n  File \"/Users/watch/PycharmProjects/XXXX-1-LLM/Temps/ET-extra-test/test_scripts/test558.py\", line 70, in test\n    assert digit_distance_nums(19, 61) == 6\nAssertionError\n\n----------------------------------------------------------------------\nRan 1 test in 0.000s\n\nFAILED (failures=1)\n",
    "559": ".\n----------------------------------------------------------------------\nRan 1 test in 0.000s\n\nOK\n",
    "560": "F\n======================================================================\nFAIL: test (__main__.Test)\n----------------------------------------------------------------------\nTraceback (most recent call last):\n  File \"/Users/watch/PycharmProjects/XXXX-1-LLM/Temps/ET-extra-test/test_scripts/test560.py\", line 21, in test\n    assert union_elements((1, 4, 1, 8), (2, 4, 1, 13)) == (1, 2, 4, 8, 13)\nAssertionError\n\n----------------------------------------------------------------------\nRan 1 test in 0.000s\n\nFAILED (failures=1)\n",
    "562": ".\n----------------------------------------------------------------------\nRan 1 test in 0.000s\n\nOK\n",
    "563": "E\n======================================================================\nERROR: test (__main__.Test)\n----------------------------------------------------------------------\nTraceback (most recent call last):\n  File \"/Users/watch/PycharmProjects/XXXX-1-LLM/Temps/ET-extra-test/test_scripts/test563.py\", line 27, in test\n    assert extract_values(\"KvjcKHZdqYhwePYmLhhVyDYOju\") == []\n  File \"/Users/watch/PycharmProjects/XXXX-1-LLM/Temps/ET-extra-test/test_scripts/test563.py\", line 15, in extract_values\n    raise ValueError(\nValueError: No values enclosed in quotation marks found in the input text\n\n----------------------------------------------------------------------\nRan 1 test in 0.000s\n\nFAILED (errors=1)\n",
    "564": "F\n======================================================================\nFAIL: test (__main__.Test)\n----------------------------------------------------------------------\nTraceback (most recent call last):\n  File \"/Users/watch/PycharmProjects/XXXX-1-LLM/Temps/ET-extra-test/test_scripts/test564.py\", line 24, in test\n    assert count_Pairs([1,2,1],3) == 2\nAssertionError\n\n----------------------------------------------------------------------\nRan 1 test in 0.000s\n\nFAILED (failures=1)\n",
    "565": ".\n----------------------------------------------------------------------\nRan 1 test in 0.000s\n\nOK\n",
    "566": ".\n----------------------------------------------------------------------\nRan 1 test in 0.000s\n\nOK\n",
    "567": ".\n----------------------------------------------------------------------\nRan 1 test in 0.000s\n\nOK\n",
    "568": ".\n----------------------------------------------------------------------\nRan 1 test in 0.000s\n\nOK\n",
    "569": "[]\n[]\n[]\n[]\n[['green', 'orange'], ['black', 'white'], ['black', 'orange', 'white']]\n.\n----------------------------------------------------------------------\nRan 1 test in 0.000s\n\nOK\n",
    "572": ".\n----------------------------------------------------------------------\nRan 1 test in 0.000s\n\nOK\n",
    "573": ".\n----------------------------------------------------------------------\nRan 1 test in 0.000s\n\nOK\n",
    "574": "F\n======================================================================\nFAIL: test (__main__.Test)\n----------------------------------------------------------------------\nTraceback (most recent call last):\n  File \"/Users/watch/PycharmProjects/XXXX-1-LLM/Temps/ET-extra-test/test_scripts/test574.py\", line 20, in test\n    assert surfacearea_cylinder(10,5)==942.45\nAssertionError\n\n----------------------------------------------------------------------\nRan 1 test in 0.000s\n\nFAILED (failures=1)\n",
    "576": "E\n======================================================================\nERROR: test (__main__.Test)\n----------------------------------------------------------------------\nTraceback (most recent call last):\n  File \"/Users/watch/PycharmProjects/XXXX-1-LLM/Temps/ET-extra-test/test_scripts/test576.py\", line 26, in test\n    assert is_Sub_Array([1,4,3,5],[1,2],4,2) == False\nTypeError: is_Sub_Array() takes 2 positional arguments but 4 were given\n\n----------------------------------------------------------------------\nRan 1 test in 0.000s\n\nFAILED (errors=1)\n",
    "577": ".\n----------------------------------------------------------------------\nRan 1 test in 0.000s\n\nOK\n",
    "578": ".\n----------------------------------------------------------------------\nRan 1 test in 0.000s\n\nOK\n",
    "579": ".\n----------------------------------------------------------------------\nRan 1 test in 0.000s\n\nOK\n",
    "580": ".\n----------------------------------------------------------------------\nRan 1 test in 0.000s\n\nOK\n",
    "581": "F\n======================================================================\nFAIL: test (__main__.Test)\n----------------------------------------------------------------------\nTraceback (most recent call last):\n  File \"/Users/watch/PycharmProjects/XXXX-1-LLM/Temps/ET-extra-test/test_scripts/test581.py\", line 23, in test\n    assert surface_Area(3,4) == 33\nAssertionError\n\n----------------------------------------------------------------------\nRan 1 test in 0.000s\n\nFAILED (failures=1)\n",
    "582": ".\n----------------------------------------------------------------------\nRan 1 test in 0.000s\n\nOK\n",
    "583": ".\n----------------------------------------------------------------------\nRan 1 test in 0.001s\n\nOK\n",
    "584": "F\n======================================================================\nFAIL: test (__main__.Test)\n----------------------------------------------------------------------\nTraceback (most recent call last):\n  File \"/Users/watch/PycharmProjects/XXXX-1-LLM/Temps/ET-extra-test/test_scripts/test584.py\", line 24, in test\n    assert find_adverbs(\"Clearly, he has no excuse for such behavior.\") == '0-7: Clearly'\nAssertionError\n\n----------------------------------------------------------------------\nRan 1 test in 0.000s\n\nFAILED (failures=1)\n",
    "585": ".\n----------------------------------------------------------------------\nRan 1 test in 0.001s\n\nOK\n",
    "586": "E\n======================================================================\nERROR: test (__main__.Test)\n----------------------------------------------------------------------\nTraceback (most recent call last):\n  File \"/Users/watch/PycharmProjects/XXXX-1-LLM/Temps/ET-extra-test/test_scripts/test586.py\", line 16, in test\n    assert split_Arr([12,10,5,6,52,36],6,2) == [5,6,52,36,12,10]\nTypeError: split_Arr() takes 2 positional arguments but 3 were given\n\n----------------------------------------------------------------------\nRan 1 test in 0.000s\n\nFAILED (errors=1)\n",
    "587": ".\n----------------------------------------------------------------------\nRan 1 test in 0.000s\n\nOK\n",
    "588": ".\n----------------------------------------------------------------------\nRan 1 test in 0.000s\n\nOK\n",
    "589": ".\n----------------------------------------------------------------------\nRan 1 test in 0.000s\n\nOK\n",
    "590": "F\n======================================================================\nFAIL: test (__main__.Test)\n----------------------------------------------------------------------\nTraceback (most recent call last):\n  File \"/Users/watch/PycharmProjects/XXXX-1-LLM/Temps/ET-extra-test/test_scripts/test590.py\", line 21, in test\n    assert polar_rect(3,4)==((5.0, 0.9272952180016122), (-2+2.4492935982947064e-16j))\nAssertionError\n\n----------------------------------------------------------------------\nRan 1 test in 0.000s\n\nFAILED (failures=1)\n",
    "591": ".\n----------------------------------------------------------------------\nRan 1 test in 0.000s\n\nOK\n",
    "592": "E\n======================================================================\nERROR: test (__main__.Test)\n----------------------------------------------------------------------\nTraceback (most recent call last):\n  File \"/Users/watch/PycharmProjects/XXXX-1-LLM/Temps/ET-extra-test/test_scripts/test592.py\", line 35, in test\n    assert sum_Of_product(3) == 15\nTypeError: sum_Of_product() missing 1 required positional argument: 'k'\n\n----------------------------------------------------------------------\nRan 1 test in 0.000s\n\nFAILED (errors=1)\n",
    "593": "F\n======================================================================\nFAIL: test (__main__.Test)\n----------------------------------------------------------------------\nTraceback (most recent call last):\n  File \"/Users/watch/PycharmProjects/XXXX-1-LLM/Temps/ET-extra-test/test_scripts/test593.py\", line 27, in test\n    assert removezero_ip(\"12.01.024\")==('12.1.24')\nAssertionError\n\n----------------------------------------------------------------------\nRan 1 test in 0.000s\n\nFAILED (failures=1)\n",
    "594": "E\n======================================================================\nERROR: test (__main__.Test)\n----------------------------------------------------------------------\nTraceback (most recent call last):\n  File \"/Users/watch/PycharmProjects/XXXX-1-LLM/Temps/ET-extra-test/test_scripts/test594.py\", line 117, in test\n    assert diff_even_odd([4, 8, 2, 6, 6]) == 5\n  File \"/Users/watch/PycharmProjects/XXXX-1-LLM/Temps/ET-extra-test/test_scripts/test594.py\", line 13, in diff_even_odd\n    raise ValueError(\nValueError: Input list must not be empty and must contain at least one even and one odd number\n\n----------------------------------------------------------------------\nRan 1 test in 0.000s\n\nFAILED (errors=1)\n",
    "595": "F\n======================================================================\nFAIL: test (__main__.Test)\n----------------------------------------------------------------------\nTraceback (most recent call last):\n  File \"/Users/watch/PycharmProjects/XXXX-1-LLM/Temps/ET-extra-test/test_scripts/test595.py\", line 20, in test\n    assert min_Swaps(\"111\",\"000\") == \"Not Possible\"\nAssertionError\n\n----------------------------------------------------------------------\nRan 1 test in 0.000s\n\nFAILED (failures=1)\n",
    "596": ".\n----------------------------------------------------------------------\nRan 1 test in 0.000s\n\nOK\n",
    "597": "E\n======================================================================\nERROR: test (__main__.Test)\n----------------------------------------------------------------------\nTraceback (most recent call last):\n  File \"/Users/watch/PycharmProjects/XXXX-1-LLM/Temps/ET-extra-test/test_scripts/test597.py\", line 40, in test\n    assert find_kth([2, 3, 6, 7, 9], [1, 4, 8, 10], 5, 4, 5) == 6\nTypeError: find_kth() takes 3 positional arguments but 5 were given\n\n----------------------------------------------------------------------\nRan 1 test in 0.000s\n\nFAILED (errors=1)\n",
    "598": ".\n----------------------------------------------------------------------\nRan 1 test in 0.000s\n\nOK\n",
    "599": ".\n----------------------------------------------------------------------\nRan 1 test in 0.000s\n\nOK\n",
    "600": "Traceback (most recent call last):\n  File \"/Users/watch/PycharmProjects/XXXX-1-LLM/Temps/ET-extra-test/test_scripts/test600.py\", line 18, in <module>\n    assert is_even_number(1) == False\nNameError: name 'is_even_number' is not defined\n",
    "602": "F\n======================================================================\nFAIL: test (__main__.Test)\n----------------------------------------------------------------------\nTraceback (most recent call last):\n  File \"/Users/watch/PycharmProjects/XXXX-1-LLM/Temps/ET-extra-test/test_scripts/test602.py\", line 20, in test\n    assert first_repeated_char(\"abc\") == \"None\"\nAssertionError\n\n----------------------------------------------------------------------\nRan 1 test in 0.000s\n\nFAILED (failures=1)\n",
    "603": "F\n======================================================================\nFAIL: test (__main__.Test)\n----------------------------------------------------------------------\nTraceback (most recent call last):\n  File \"/Users/watch/PycharmProjects/XXXX-1-LLM/Temps/ET-extra-test/test_scripts/test603.py\", line 41, in test\n    assert get_ludic(25) == [1, 2, 3, 5, 7, 11, 13, 17, 23, 25]\nAssertionError\n\n----------------------------------------------------------------------\nRan 1 test in 0.000s\n\nFAILED (failures=1)\n",
    "604": ".\n----------------------------------------------------------------------\nRan 1 test in 0.000s\n\nOK\n",
    "605": "True\nFalse\nFalse\nFalse\nFalse\nFalse\nFalse\nTrue\nF\n======================================================================\nFAIL: test (__main__.Test)\n----------------------------------------------------------------------\nTraceback (most recent call last):\n  File \"/Users/watch/PycharmProjects/XXXX-1-LLM/Temps/ET-extra-test/test_scripts/test605.py\", line 34, in test\n    assert prime_num(15) == True\nAssertionError\n\n----------------------------------------------------------------------\nRan 1 test in 0.000s\n\nFAILED (failures=1)\n",
    "606": ".\n----------------------------------------------------------------------\nRan 1 test in 0.000s\n\nOK\n",
    "607": ".\n----------------------------------------------------------------------\nRan 1 test in 0.001s\n\nOK\n",
    "608": ".\n----------------------------------------------------------------------\nRan 1 test in 0.000s\n\nOK\n",
    "610": "F\n======================================================================\nFAIL: test (__main__.Test)\n----------------------------------------------------------------------\nTraceback (most recent call last):\n  File \"/Users/watch/PycharmProjects/XXXX-1-LLM/Temps/ET-extra-test/test_scripts/test610.py\", line 24, in test\n    assert remove_kth_element([5, 1, 3, 4, 4, 8, 3, 2], 8) == [5, 1, 3, 4, 4, 8, 3]\nAssertionError\n\n----------------------------------------------------------------------\nRan 1 test in 0.000s\n\nFAILED (failures=1)\n",
    "611": "F\n======================================================================\nFAIL: test (__main__.Test)\n----------------------------------------------------------------------\nTraceback (most recent call last):\n  File \"/Users/watch/PycharmProjects/XXXX-1-LLM/Temps/ET-extra-test/test_scripts/test611.py\", line 23, in test\n    assert max_of_nth([(5, 6, 7), (1, 3, 5), (8, 9, 19)], 2) == 19\nAssertionError\n\n----------------------------------------------------------------------\nRan 1 test in 0.000s\n\nFAILED (failures=1)\n",
    "612": "F\n======================================================================\nFAIL: test (__main__.Test)\n----------------------------------------------------------------------\nTraceback (most recent call last):\n  File \"/Users/watch/PycharmProjects/XXXX-1-LLM/Temps/ET-extra-test/test_scripts/test612.py\", line 21, in test\n    assert merge([['x', 'y','z' ], ['a', 'b','c'], ['m', 'n','o']]) == [['x', 'a', 'm'], ['y', 'b', 'n'],['z', 'c','o']]\nAssertionError\n\n----------------------------------------------------------------------\nRan 1 test in 0.000s\n\nFAILED (failures=1)\n",
    "614": "F\n======================================================================\nFAIL: test (__main__.Test)\n----------------------------------------------------------------------\nTraceback (most recent call last):\n  File \"/Users/watch/PycharmProjects/XXXX-1-LLM/Temps/ET-extra-test/test_scripts/test614.py\", line 16, in test\n    assert cummulative_sum([(1, 3), (5, 6, 7), (2, 6)]) == 30\nAssertionError\n\n----------------------------------------------------------------------\nRan 1 test in 0.000s\n\nFAILED (failures=1)\n",
    "615": "F\n======================================================================\nFAIL: test (__main__.Test)\n----------------------------------------------------------------------\nTraceback (most recent call last):\n  File \"/Users/watch/PycharmProjects/XXXX-1-LLM/Temps/ET-extra-test/test_scripts/test615.py\", line 14, in test\n    assert average_tuple(((10, 10, 10, 12), (30, 45, 56, 45), (81, 80, 39, 32), (1, 2, 3, 4)))==[30.5, 34.25, 27.0, 23.25]\nAssertionError\n\n----------------------------------------------------------------------\nRan 1 test in 0.000s\n\nFAILED (failures=1)\n",
    "616": ".\n----------------------------------------------------------------------\nRan 1 test in 0.000s\n\nOK\n",
    "617": "E\n======================================================================\nERROR: test (__main__.Test)\n----------------------------------------------------------------------\nTraceback (most recent call last):\n  File \"/Users/watch/PycharmProjects/XXXX-1-LLM/Temps/ET-extra-test/test_scripts/test617.py\", line 33, in test\n    assert min_Jumps(3,4,11)==3.5\nTypeError: min_Jumps() takes 2 positional arguments but 3 were given\n\n----------------------------------------------------------------------\nRan 1 test in 0.000s\n\nFAILED (errors=1)\n",
    "618": ".\n----------------------------------------------------------------------\nRan 1 test in 0.000s\n\nOK\n",
    "619": ".\n----------------------------------------------------------------------\nRan 1 test in 0.000s\n\nOK\n",
    "620": "E\n======================================================================\nERROR: test (__main__.Test)\n----------------------------------------------------------------------\nTraceback (most recent call last):\n  File \"/Users/watch/PycharmProjects/XXXX-1-LLM/Temps/ET-extra-test/test_scripts/test620.py\", line 19, in test\n    assert largest_subset([ 1, 3, 6, 13, 17, 18 ], 6) == 4\nTypeError: largest_subset() takes 1 positional argument but 2 were given\n\n----------------------------------------------------------------------\nRan 1 test in 0.000s\n\nFAILED (errors=1)\n",
    "622": "F\n======================================================================\nFAIL: test (__main__.Test)\n----------------------------------------------------------------------\nTraceback (most recent call last):\n  File \"/Users/watch/PycharmProjects/XXXX-1-LLM/Temps/ET-extra-test/test_scripts/test622.py\", line 22, in test\n    assert get_median([1, 17, 13, 24, 41], [1, 10, 21, 28, 50], 4) == 15.0\nAssertionError\n\n----------------------------------------------------------------------\nRan 1 test in 0.000s\n\nFAILED (failures=1)\n",
    "623": ".\n----------------------------------------------------------------------\nRan 1 test in 0.000s\n\nOK\n",
    "624": ".\n----------------------------------------------------------------------\nRan 1 test in 0.000s\n\nOK\n",
    "625": ".\n----------------------------------------------------------------------\nRan 1 test in 0.000s\n\nOK\n",
    "626": "F\n======================================================================\nFAIL: test (__main__.Test)\n----------------------------------------------------------------------\nTraceback (most recent call last):\n  File \"/Users/watch/PycharmProjects/XXXX-1-LLM/Temps/ET-extra-test/test_scripts/test626.py\", line 19, in test\n    assert triangle_area(0) == 0\nAssertionError\n\n----------------------------------------------------------------------\nRan 1 test in 0.000s\n\nFAILED (failures=1)\n",
    "627": "F\n======================================================================\nFAIL: test (__main__.Test)\n----------------------------------------------------------------------\nTraceback (most recent call last):\n  File \"/Users/watch/PycharmProjects/XXXX-1-LLM/Temps/ET-extra-test/test_scripts/test627.py\", line 26, in test\n    assert find_First_Missing([2,3,5,8,9],0,4) == 0\nAssertionError\n\n----------------------------------------------------------------------\nRan 1 test in 0.000s\n\nFAILED (failures=1)\n",
    "628": "F\n======================================================================\nFAIL: test (__main__.Test)\n----------------------------------------------------------------------\nTraceback (most recent call last):\n  File \"/Users/watch/PycharmProjects/XXXX-1-LLM/Temps/ET-extra-test/test_scripts/test628.py\", line 34, in test\n    assert replace_spaces(\"twMmYIRWpxfxRTTLJPy \") == \"twMmYIRWpxfxRTTLJPy\"\nAssertionError\n\n----------------------------------------------------------------------\nRan 1 test in 0.000s\n\nFAILED (failures=1)\n",
    "629": ".\n----------------------------------------------------------------------\nRan 1 test in 0.000s\n\nOK\n",
    "630": "F\n======================================================================\nFAIL: test (__main__.Test)\n----------------------------------------------------------------------\nTraceback (most recent call last):\n  File \"/Users/watch/PycharmProjects/XXXX-1-LLM/Temps/ET-extra-test/test_scripts/test630.py\", line 19, in test\n    assert get_coordinates((3, 4)) == [[2, 3], [2, 4], [2, 5], [3, 3], [3, 4], [3, 5], [4, 3], [4, 4], [4, 5]]\nAssertionError\n\n----------------------------------------------------------------------\nRan 1 test in 0.000s\n\nFAILED (failures=1)\n",
    "631": ".\n----------------------------------------------------------------------\nRan 1 test in 0.000s\n\nOK\n",
    "632": ".\n----------------------------------------------------------------------\nRan 1 test in 0.000s\n\nOK\n",
    "633": "E\n======================================================================\nERROR: test (__main__.Test)\n----------------------------------------------------------------------\nTraceback (most recent call last):\n  File \"/Users/watch/PycharmProjects/XXXX-1-LLM/Temps/ET-extra-test/test_scripts/test633.py\", line 27, in test\n    assert pair_OR_Sum([5,9,7,6],4) == 47\nNameError: name 'pair_OR_Sum' is not defined\n\n----------------------------------------------------------------------\nRan 1 test in 0.000s\n\nFAILED (errors=1)\n",
    "635": ".\n----------------------------------------------------------------------\nRan 1 test in 0.001s\n\nOK\n",
    "637": ".\n----------------------------------------------------------------------\nRan 1 test in 0.000s\n\nOK\n",
    "638": "F\n======================================================================\nFAIL: test (__main__.Test)\n----------------------------------------------------------------------\nTraceback (most recent call last):\n  File \"/Users/watch/PycharmProjects/XXXX-1-LLM/Temps/ET-extra-test/test_scripts/test638.py\", line 23, in test\n    assert wind_chill(120,35)==40\nAssertionError\n\n----------------------------------------------------------------------\nRan 1 test in 0.000s\n\nFAILED (failures=1)\n",
    "639": "F\n======================================================================\nFAIL: test (__main__.Test)\n----------------------------------------------------------------------\nTraceback (most recent call last):\n  File \"/Users/watch/PycharmProjects/XXXX-1-LLM/Temps/ET-extra-test/test_scripts/test639.py\", line 25, in test\n    assert sample_nam(['fwuozthbl', 'MimIDRo', 'gpvegpquem', 'sjt', 'IsFJIP', 'unjk']) == 0\nAssertionError\n\n----------------------------------------------------------------------\nRan 1 test in 0.000s\n\nFAILED (failures=1)\n",
    "640": "F\n======================================================================\nFAIL: test (__main__.Test)\n----------------------------------------------------------------------\nTraceback (most recent call last):\n  File \"/Users/watch/PycharmProjects/XXXX-1-LLM/Temps/ET-extra-test/test_scripts/test640.py\", line 29, in test\n    assert remove_parenthesis([\"python (chrome)\"])==(\"python\")\nAssertionError\n\n----------------------------------------------------------------------\nRan 1 test in 0.000s\n\nFAILED (failures=1)\n",
    "641": ".\n----------------------------------------------------------------------\nRan 1 test in 0.000s\n\nOK\n",
    "643": "F\n======================================================================\nFAIL: test (__main__.Test)\n----------------------------------------------------------------------\nTraceback (most recent call last):\n  File \"/Users/watch/PycharmProjects/XXXX-1-LLM/Temps/ET-extra-test/test_scripts/test643.py\", line 19, in test\n    assert text_match_wordz_middle(\"pythonzabc.\")==('Found a match!')\nAssertionError\n\n----------------------------------------------------------------------\nRan 1 test in 0.000s\n\nFAILED (failures=1)\n",
    "644": ".\n----------------------------------------------------------------------\nRan 1 test in 0.000s\n\nOK\n",
    "720": ".\n----------------------------------------------------------------------\nRan 1 test in 0.000s\n\nOK\n",
    "721": "E\n======================================================================\nERROR: test (__main__.Test)\n----------------------------------------------------------------------\nTraceback (most recent call last):\n  File \"/Users/watch/PycharmProjects/XXXX-1-LLM/Temps/ET-extra-test/test_scripts/test721.py\", line 26, in test\n    assert maxAverageOfPath([[1, 2, 3], [6, 5, 4], [7, 3, 9]], 3) == 5.2\nTypeError: maxAverageOfPath() takes 1 positional argument but 2 were given\n\n----------------------------------------------------------------------\nRan 1 test in 0.000s\n\nFAILED (errors=1)\n",
    "722": ".\n----------------------------------------------------------------------\nRan 1 test in 0.000s\n\nOK\n",
    "723": "E\n======================================================================\nERROR: test (__main__.Test)\n----------------------------------------------------------------------\nTraceback (most recent call last):\n  File \"/Users/watch/PycharmProjects/XXXX-1-LLM/Temps/ET-extra-test/test_scripts/test723.py\", line 18, in test\n    assert count_same_pair([2, 4, -6, -9, 11, -12, 14, -5, 17],[2, 1, 2, -1, -5, 6, 4, -3, -2, 3, 4, 6, 8])==1\n  File \"/Users/watch/PycharmProjects/XXXX-1-LLM/Temps/ET-extra-test/test_scripts/test723.py\", line 9, in count_same_pair\n    raise ValueError(\"nums1 and nums2 must be of the same length\")\nValueError: nums1 and nums2 must be of the same length\n\n----------------------------------------------------------------------\nRan 1 test in 0.000s\n\nFAILED (errors=1)\n",
    "724": ".\n----------------------------------------------------------------------\nRan 1 test in 0.000s\n\nOK\n",
    "725": ".\n----------------------------------------------------------------------\nRan 1 test in 0.000s\n\nOK\n",
    "726": ".\n----------------------------------------------------------------------\nRan 1 test in 0.000s\n\nOK\n",
    "728": ".\n----------------------------------------------------------------------\nRan 1 test in 0.000s\n\nOK\n",
    "730": ".\n----------------------------------------------------------------------\nRan 1 test in 0.000s\n\nOK\n",
    "731": "F\n======================================================================\nFAIL: test (__main__.Test)\n----------------------------------------------------------------------\nTraceback (most recent call last):\n  File \"/Users/watch/PycharmProjects/XXXX-1-LLM/Temps/ET-extra-test/test_scripts/test731.py\", line 31, in test\n    assert lateralsurface_cone(1, 11) == 34.700025027842585\nAssertionError\n\n----------------------------------------------------------------------\nRan 1 test in 0.000s\n\nFAILED (failures=1)\n",
    "732": ".\n----------------------------------------------------------------------\nRan 1 test in 0.000s\n\nOK\n",
    "733": "F\n======================================================================\nFAIL: test (__main__.Test)\n----------------------------------------------------------------------\nTraceback (most recent call last):\n  File \"/Users/watch/PycharmProjects/XXXX-1-LLM/Temps/ET-extra-test/test_scripts/test733.py\", line 62, in test\n    assert find_first_occurrence([6, 1, 3, 8, 3, 7, 6, 11, 4, 10], 3) == 2\nAssertionError\n\n----------------------------------------------------------------------\nRan 1 test in 0.000s\n\nFAILED (failures=1)\n",
    "734": "E\n======================================================================\nERROR: test (__main__.Test)\n----------------------------------------------------------------------\nTraceback (most recent call last):\n  File \"/Users/watch/PycharmProjects/XXXX-1-LLM/Temps/ET-extra-test/test_scripts/test734.py\", line 25, in test\n    assert sum_Of_Subarray_Prod([1,2,3],3) == 20\nTypeError: sum_Of_Subarray_Prod() takes 1 positional argument but 2 were given\n\n----------------------------------------------------------------------\nRan 1 test in 0.000s\n\nFAILED (errors=1)\n",
    "735": "F\n======================================================================\nFAIL: test (__main__.Test)\n----------------------------------------------------------------------\nTraceback (most recent call last):\n  File \"/Users/watch/PycharmProjects/XXXX-1-LLM/Temps/ET-extra-test/test_scripts/test735.py\", line 16, in test\n    assert toggle_middle_bits(9) == 15\nAssertionError\n\n----------------------------------------------------------------------\nRan 1 test in 0.000s\n\nFAILED (failures=1)\n",
    "736": ".\n----------------------------------------------------------------------\nRan 1 test in 0.000s\n\nOK\n",
    "737": "F\n======================================================================\nFAIL: test (__main__.Test)\n----------------------------------------------------------------------\nTraceback (most recent call last):\n  File \"/Users/watch/PycharmProjects/XXXX-1-LLM/Temps/ET-extra-test/test_scripts/test737.py\", line 20, in test\n    assert check_str(\"annie\") == 'Valid'\nAssertionError\n\n----------------------------------------------------------------------\nRan 1 test in 0.000s\n\nFAILED (failures=1)\n",
    "738": ".\n----------------------------------------------------------------------\nRan 1 test in 0.000s\n\nOK\n",
    "739": ".\n----------------------------------------------------------------------\nRan 1 test in 0.015s\n\nOK\n",
    "740": ".\n----------------------------------------------------------------------\nRan 1 test in 0.000s\n\nOK\n",
    "741": ".\n----------------------------------------------------------------------\nRan 1 test in 0.000s\n\nOK\n",
    "742": "F\n======================================================================\nFAIL: test (__main__.Test)\n----------------------------------------------------------------------\nTraceback (most recent call last):\n  File \"/Users/watch/PycharmProjects/XXXX-1-LLM/Temps/ET-extra-test/test_scripts/test742.py\", line 21, in test\n    assert area_tetrahedron(3)==15.588457268119894\nAssertionError\n\n----------------------------------------------------------------------\nRan 1 test in 0.000s\n\nFAILED (failures=1)\n",
    "743": "E\n======================================================================\nERROR: test (__main__.Test)\n----------------------------------------------------------------------\nTraceback (most recent call last):\n  File \"/Users/watch/PycharmProjects/XXXX-1-LLM/Temps/ET-extra-test/test_scripts/test743.py\", line 20, in test\n    assert rotate_right([1, 2, 3, 4, 5, 6, 7, 8, 9, 10],3,4)==[8, 9, 10, 1, 2, 3, 4, 5, 6]\nTypeError: rotate_right() takes 2 positional arguments but 3 were given\n\n----------------------------------------------------------------------\nRan 1 test in 0.000s\n\nFAILED (errors=1)\n",
    "744": ".\n----------------------------------------------------------------------\nRan 1 test in 0.000s\n\nOK\n",
    "745": ".\n----------------------------------------------------------------------\nRan 1 test in 0.000s\n\nOK\n",
    "746": "F\n======================================================================\nFAIL: test (__main__.Test)\n----------------------------------------------------------------------\nTraceback (most recent call last):\n  File \"/Users/watch/PycharmProjects/XXXX-1-LLM/Temps/ET-extra-test/test_scripts/test746.py\", line 17, in test\n    assert sector_area(4,45)==6.285714285714286\nAssertionError\n\n----------------------------------------------------------------------\nRan 1 test in 0.000s\n\nFAILED (failures=1)\n",
    "747": "E\n======================================================================\nERROR: test (__main__.Test)\n----------------------------------------------------------------------\nTraceback (most recent call last):\n  File \"/Users/watch/PycharmProjects/XXXX-1-LLM/Temps/ET-extra-test/test_scripts/test747.py\", line 27, in test\n    assert lcs_of_three('AGGT12', '12TXAYB', '12XBA', 6, 7, 5) == 2\nTypeError: lcs_of_three() takes 3 positional arguments but 6 were given\n\n----------------------------------------------------------------------\nRan 1 test in 0.000s\n\nFAILED (errors=1)\n",
    "748": "F\n======================================================================\nFAIL: test (__main__.Test)\n----------------------------------------------------------------------\nTraceback (most recent call last):\n  File \"/Users/watch/PycharmProjects/XXXX-1-LLM/Temps/ET-extra-test/test_scripts/test748.py\", line 19, in test\n    assert capital_words_spaces(\"NQhchIZD\") == \"N Qhch IZ D\"\nAssertionError\n\n----------------------------------------------------------------------\nRan 1 test in 0.000s\n\nFAILED (failures=1)\n",
    "749": "E\n======================================================================\nERROR: test (__main__.Test)\n----------------------------------------------------------------------\nTraceback (most recent call last):\n  File \"/Users/watch/PycharmProjects/XXXX-1-LLM/Temps/ET-extra-test/test_scripts/test749.py\", line 24, in test\n    assert sort_numeric_strings(['1','3','5','7','1', '3','13', '15', '17','5', '7 ','9','1', '11'])==[1, 1, 1, 3, 3, 5, 5, 7, 7, 9, 11, 13, 15, 17]\n  File \"/Users/watch/PycharmProjects/XXXX-1-LLM/Temps/ET-extra-test/test_scripts/test749.py\", line 12, in sort_numeric_strings\n    raise ValueError(\"Input must be a list of strings of numbers\")\nValueError: Input must be a list of strings of numbers\n\n----------------------------------------------------------------------\nRan 1 test in 0.000s\n\nFAILED (errors=1)\n",
    "750": "E\n======================================================================\nERROR: test (__main__.Test)\n----------------------------------------------------------------------\nTraceback (most recent call last):\n  File \"/Users/watch/PycharmProjects/XXXX-1-LLM/Temps/ET-extra-test/test_scripts/test750.py\", line 19, in test\n    assert add_tuple([5, 6, 7], (9, 10)) == [5, 6, 7, 9, 10]\n  File \"/Users/watch/PycharmProjects/XXXX-1-LLM/Temps/ET-extra-test/test_scripts/test750.py\", line 9, in add_tuple\n    raise ValueError(\"Input list and input tuple should have the same length\")\nValueError: Input list and input tuple should have the same length\n\n----------------------------------------------------------------------\nRan 1 test in 0.000s\n\nFAILED (errors=1)\n",
    "751": "E\n======================================================================\nERROR: test (__main__.Test)\n----------------------------------------------------------------------\nTraceback (most recent call last):\n  File \"/Users/watch/PycharmProjects/XXXX-1-LLM/Temps/ET-extra-test/test_scripts/test751.py\", line 27, in test\n    assert check_min_heap([1, 2, 3, 4, 5, 6], 0) == True\nTypeError: check_min_heap() takes 1 positional argument but 2 were given\n\n----------------------------------------------------------------------\nRan 1 test in 0.000s\n\nFAILED (errors=1)\n",
    "752": "Traceback (most recent call last):\n  File \"/Users/watch/PycharmProjects/XXXX-1-LLM/Temps/ET-extra-test/test_scripts/test752.py\", line 24, in <module>\n    assert jacobsthal_num(5) == 11\nAssertionError\n",
    "753": "F\n======================================================================\nFAIL: test (__main__.Test)\n----------------------------------------------------------------------\nTraceback (most recent call last):\n  File \"/Users/watch/PycharmProjects/XXXX-1-LLM/Temps/ET-extra-test/test_scripts/test753.py\", line 30, in test\n    assert min_k([('IkzAHAMMOsfQ', 7), ('CqqPoohYqAh', 7), ('SSDKwj', 4), ('wTEjEnmwPt', 8)], 6) == [('SSDKwj', 4), ('IkzAHAMMOsfQ', 7), ('CqqPoohYqAh', 7), ('wTEjEnmwPt', 8)]\n  File \"/Users/watch/PycharmProjects/XXXX-1-LLM/Temps/ET-extra-test/test_scripts/test753.py\", line 12, in min_k\n    assert K <= len(\nAssertionError: K should be less than or equal to the length of the input list\n\n----------------------------------------------------------------------\nRan 1 test in 0.000s\n\nFAILED (failures=1)\n",
    "754": ".\n----------------------------------------------------------------------\nRan 1 test in 0.000s\n\nOK\n",
    "755": "E\n======================================================================\nERROR: test (__main__.Test)\n----------------------------------------------------------------------\nTraceback (most recent call last):\n  File \"/Users/watch/PycharmProjects/XXXX-1-LLM/Temps/ET-extra-test/test_scripts/test755.py\", line 34, in test\n    assert second_smallest([2,2])==None\n  File \"/Users/watch/PycharmProjects/XXXX-1-LLM/Temps/ET-extra-test/test_scripts/test755.py\", line 25, in second_smallest\n    raise ValueError(\"List should contain at least two unique numbers\")\nValueError: List should contain at least two unique numbers\n\n----------------------------------------------------------------------\nRan 1 test in 0.000s\n\nFAILED (errors=1)\n",
    "756": "F\n======================================================================\nFAIL: test (__main__.Test)\n----------------------------------------------------------------------\nTraceback (most recent call last):\n  File \"/Users/watch/PycharmProjects/XXXX-1-LLM/Temps/ET-extra-test/test_scripts/test756.py\", line 17, in test\n    assert text_match_zero_one(\"ac\")==('Found a match!')\nAssertionError\n\n----------------------------------------------------------------------\nRan 1 test in 0.000s\n\nFAILED (failures=1)\n",
    "757": "F\n======================================================================\nFAIL: test (__main__.Test)\n----------------------------------------------------------------------\nTraceback (most recent call last):\n  File \"/Users/watch/PycharmProjects/XXXX-1-LLM/Temps/ET-extra-test/test_scripts/test757.py\", line 24, in test\n    assert count_reverse_pairs([\"julia\", \"best\", \"tseb\", \"for\", \"ailuj\"])== '2'\nAssertionError\n\n----------------------------------------------------------------------\nRan 1 test in 0.000s\n\nFAILED (failures=1)\n",
    "758": ".\n----------------------------------------------------------------------\nRan 1 test in 0.000s\n\nOK\n",
    "759": "F\n======================================================================\nFAIL: test (__main__.Test)\n----------------------------------------------------------------------\nTraceback (most recent call last):\n  File \"/Users/watch/PycharmProjects/XXXX-1-LLM/Temps/ET-extra-test/test_scripts/test759.py\", line 19, in test\n    assert is_decimal(\"710\") == True\nAssertionError\n\n----------------------------------------------------------------------\nRan 1 test in 0.000s\n\nFAILED (failures=1)\n",
    "760": "E\n======================================================================\nERROR: test (__main__.Test)\n----------------------------------------------------------------------\nTraceback (most recent call last):\n  File \"/Users/watch/PycharmProjects/XXXX-1-LLM/Temps/ET-extra-test/test_scripts/test760.py\", line 17, in test\n    assert unique_Element([1,1,1],3) == 'YES'\nTypeError: unique_Element() takes 1 positional argument but 2 were given\n\n----------------------------------------------------------------------\nRan 1 test in 0.000s\n\nFAILED (errors=1)\n",
    "762": ".\n----------------------------------------------------------------------\nRan 1 test in 0.000s\n\nOK\n",
    "763": "E\n======================================================================\nERROR: test (__main__.Test)\n----------------------------------------------------------------------\nTraceback (most recent call last):\n  File \"/Users/watch/PycharmProjects/XXXX-1-LLM/Temps/ET-extra-test/test_scripts/test763.py\", line 21, in test\n    assert find_Min_Diff((1,5,3,19,18,25),6) == 1\nNameError: name 'find_Min_Diff' is not defined\n\n----------------------------------------------------------------------\nRan 1 test in 0.000s\n\nFAILED (errors=1)\n",
    "764": ".\n----------------------------------------------------------------------\nRan 1 test in 0.000s\n\nOK\n",
    "765": "F\n======================================================================\nFAIL: test (__main__.Test)\n----------------------------------------------------------------------\nTraceback (most recent call last):\n  File \"/Users/watch/PycharmProjects/XXXX-1-LLM/Temps/ET-extra-test/test_scripts/test765.py\", line 16, in test\n    assert is_polite(7) == 11\nAssertionError\n\n----------------------------------------------------------------------\nRan 1 test in 0.000s\n\nFAILED (failures=1)\n",
    "766": ".\n----------------------------------------------------------------------\nRan 1 test in 0.000s\n\nOK\n",
    "767": "E\n======================================================================\nERROR: test (__main__.Test)\n----------------------------------------------------------------------\nTraceback (most recent call last):\n  File \"/Users/watch/PycharmProjects/XXXX-1-LLM/Temps/ET-extra-test/test_scripts/test767.py\", line 22, in test\n    assert get_Pairs_Count([1,1,1,1],4,2) == 6\nNameError: name 'get_Pairs_Count' is not defined\n\n----------------------------------------------------------------------\nRan 1 test in 0.000s\n\nFAILED (errors=1)\n",
    "769": "F\n======================================================================\nFAIL: test (__main__.Test)\n----------------------------------------------------------------------\nTraceback (most recent call last):\n  File \"/Users/watch/PycharmProjects/XXXX-1-LLM/Temps/ET-extra-test/test_scripts/test769.py\", line 14, in test\n    assert (Diff([1,2,3,4,5], [6,7,1])) == [2,3,4,5,6,7]\nAssertionError\n\n----------------------------------------------------------------------\nRan 1 test in 0.000s\n\nFAILED (failures=1)\n",
    "770": "E\n======================================================================\nERROR: test (__main__.Test)\n----------------------------------------------------------------------\nTraceback (most recent call last):\n  File \"/Users/watch/PycharmProjects/XXXX-1-LLM/Temps/ET-extra-test/test_scripts/test770.py\", line 16, in test\n    assert odd_Num_Sum(2) == 82\nNameError: name 'odd_Num_Sum' is not defined\n\n----------------------------------------------------------------------\nRan 1 test in 0.000s\n\nFAILED (errors=1)\n",
    "771": "F\n======================================================================\nFAIL: test (__main__.Test)\n----------------------------------------------------------------------\nTraceback (most recent call last):\n  File \"/Users/watch/PycharmProjects/XXXX-1-LLM/Temps/ET-extra-test/test_scripts/test771.py\", line 48, in test\n    assert check_expression(\"<()(<)\") == True\nAssertionError\n\n----------------------------------------------------------------------\nRan 1 test in 0.000s\n\nFAILED (failures=1)\n",
    "772": ".\n----------------------------------------------------------------------\nRan 1 test in 0.000s\n\nOK\n",
    "773": ".\n----------------------------------------------------------------------\nRan 1 test in 0.002s\n\nOK\n",
    "775": "F\n======================================================================\nFAIL: test (__main__.Test)\n----------------------------------------------------------------------\nTraceback (most recent call last):\n  File \"/Users/watch/PycharmProjects/XXXX-1-LLM/Temps/ET-extra-test/test_scripts/test775.py\", line 56, in test\n    assert odd_position([4, 1, 5]) == False\nAssertionError\n\n----------------------------------------------------------------------\nRan 1 test in 0.000s\n\nFAILED (failures=1)\n",
    "776": "F\n======================================================================\nFAIL: test (__main__.Test)\n----------------------------------------------------------------------\nTraceback (most recent call last):\n  File \"/Users/watch/PycharmProjects/XXXX-1-LLM/Temps/ET-extra-test/test_scripts/test776.py\", line 25, in test\n    assert count_vowels('bestinstareels') == 7\nAssertionError\n\n----------------------------------------------------------------------\nRan 1 test in 0.000s\n\nFAILED (failures=1)\n",
    "777": "E\n======================================================================\nERROR: test (__main__.Test)\n----------------------------------------------------------------------\nTraceback (most recent call last):\n  File \"/Users/watch/PycharmProjects/XXXX-1-LLM/Temps/ET-extra-test/test_scripts/test777.py\", line 17, in test\n    assert find_Sum([1,2,3,1,1,4,5,6],8) == 21\nNameError: name 'find_Sum' is not defined\n\n----------------------------------------------------------------------\nRan 1 test in 0.000s\n\nFAILED (errors=1)\n",
    "778": ".\n----------------------------------------------------------------------\nRan 1 test in 0.000s\n\nOK\n",
    "779": ".\n----------------------------------------------------------------------\nRan 1 test in 0.000s\n\nOK\n",
    "780": ".\n----------------------------------------------------------------------\nRan 1 test in 0.000s\n\nOK\n",
    "781": "E\n======================================================================\nERROR: test (__main__.Test)\n----------------------------------------------------------------------\nTraceback (most recent call last):\n  File \"/Users/watch/PycharmProjects/XXXX-1-LLM/Temps/ET-extra-test/test_scripts/test781.py\", line 19, in test\n    assert count_Divisors(10) == \"Even\"\nNameError: name 'count_Divisors' is not defined\n\n----------------------------------------------------------------------\nRan 1 test in 0.000s\n\nFAILED (errors=1)\n",
    "782": "E\n======================================================================\nERROR: test (__main__.Test)\n----------------------------------------------------------------------\nTraceback (most recent call last):\n  File \"/Users/watch/PycharmProjects/XXXX-1-LLM/Temps/ET-extra-test/test_scripts/test782.py\", line 18, in test\n    assert Odd_Length_Sum([1,2,4]) == 14\nNameError: name 'Odd_Length_Sum' is not defined\n\n----------------------------------------------------------------------\nRan 1 test in 0.000s\n\nFAILED (errors=1)\n",
    "783": "F\n======================================================================\nFAIL: test (__main__.Test)\n----------------------------------------------------------------------\nTraceback (most recent call last):\n  File \"/Users/watch/PycharmProjects/XXXX-1-LLM/Temps/ET-extra-test/test_scripts/test783.py\", line 34, in test\n    assert rgb_to_hsv(0, 215, 0)==(120.0, 100.0, 84.31372549019608)\nAssertionError\n\n----------------------------------------------------------------------\nRan 1 test in 0.000s\n\nFAILED (failures=1)\n",
    "784": "F\n======================================================================\nFAIL: test (__main__.Test)\n----------------------------------------------------------------------\nTraceback (most recent call last):\n  File \"/Users/watch/PycharmProjects/XXXX-1-LLM/Temps/ET-extra-test/test_scripts/test784.py\", line 47, in test\n    assert mul_even_odd([4, 8, 4, 2, 6, 6, 6, 4]) == -4\nAssertionError\n\n----------------------------------------------------------------------\nRan 1 test in 0.000s\n\nFAILED (failures=1)\n",
    "785": "F\n======================================================================\nFAIL: test (__main__.Test)\n----------------------------------------------------------------------\nTraceback (most recent call last):\n  File \"/Users/watch/PycharmProjects/XXXX-1-LLM/Temps/ET-extra-test/test_scripts/test785.py\", line 27, in test\n    assert tuple_str_int(\" 99380\") == (99380,)\nAssertionError\n\n----------------------------------------------------------------------\nRan 1 test in 0.000s\n\nFAILED (failures=1)\n",
    "786": "F\n======================================================================\nFAIL: test (__main__.Test)\n----------------------------------------------------------------------\nTraceback (most recent call last):\n  File \"/Users/watch/PycharmProjects/XXXX-1-LLM/Temps/ET-extra-test/test_scripts/test786.py\", line 25, in test\n    assert right_insertion([3, 6, 2, 8], 2) == 3\nAssertionError\n\n----------------------------------------------------------------------\nRan 1 test in 0.000s\n\nFAILED (failures=1)\n",
    "787": "F\n======================================================================\nFAIL: test (__main__.Test)\n----------------------------------------------------------------------\nTraceback (most recent call last):\n  File \"/Users/watch/PycharmProjects/XXXX-1-LLM/Temps/ET-extra-test/test_scripts/test787.py\", line 23, in test\n    assert text_match_three(\"ac\")==('Not matched!')\nAssertionError\n\n----------------------------------------------------------------------\nRan 1 test in 0.000s\n\nFAILED (failures=1)\n",
    "788": ".\n----------------------------------------------------------------------\nRan 1 test in 0.000s\n\nOK\n",
    "790": "F\n======================================================================\nFAIL: test (__main__.Test)\n----------------------------------------------------------------------\nTraceback (most recent call last):\n  File \"/Users/watch/PycharmProjects/XXXX-1-LLM/Temps/ET-extra-test/test_scripts/test790.py\", line 55, in test\n    assert even_position([2, 4, 8]) == False\nAssertionError\n\n----------------------------------------------------------------------\nRan 1 test in 0.000s\n\nFAILED (failures=1)\n",
    "791": "F\n======================================================================\nFAIL: test (__main__.Test)\n----------------------------------------------------------------------\nTraceback (most recent call last):\n  File \"/Users/watch/PycharmProjects/XXXX-1-LLM/Temps/ET-extra-test/test_scripts/test791.py\", line 23, in test\n    assert remove_nested((1, 5, 7, (4, 6), 10)) == (1, 5, 7, 10)\nAssertionError\n\n----------------------------------------------------------------------\nRan 1 test in 0.000s\n\nFAILED (failures=1)\n",
    "792": ".\n----------------------------------------------------------------------\nRan 1 test in 0.000s\n\nOK\n",
    "793": "E\n======================================================================\nERROR: test (__main__.Test)\n----------------------------------------------------------------------\nTraceback (most recent call last):\n  File \"/Users/watch/PycharmProjects/XXXX-1-LLM/Temps/ET-extra-test/test_scripts/test793.py\", line 29, in test\n    assert last([1,2,3],1,3) == 0\nTypeError: last() takes 2 positional arguments but 3 were given\n\n----------------------------------------------------------------------\nRan 1 test in 0.000s\n\nFAILED (errors=1)\n",
    "794": "F\n======================================================================\nFAIL: test (__main__.Test)\n----------------------------------------------------------------------\nTraceback (most recent call last):\n  File \"/Users/watch/PycharmProjects/XXXX-1-LLM/Temps/ET-extra-test/test_scripts/test794.py\", line 23, in test\n    assert text_starta_endb(\"aabbbb\")==('Found a match!')\nAssertionError\n\n----------------------------------------------------------------------\nRan 1 test in 0.000s\n\nFAILED (failures=1)\n",
    "796": ".\n----------------------------------------------------------------------\nRan 1 test in 0.000s\n\nOK\n",
    "797": "E\n======================================================================\nERROR: test (__main__.Test)\n----------------------------------------------------------------------\nTraceback (most recent call last):\n  File \"/Users/watch/PycharmProjects/XXXX-1-LLM/Temps/ET-extra-test/test_scripts/test797.py\", line 17, in test\n    assert sum_in_Range(2,5) == 8\nNameError: name 'sum_in_Range' is not defined\n\n----------------------------------------------------------------------\nRan 1 test in 0.000s\n\nFAILED (errors=1)\n",
    "798": ".\n----------------------------------------------------------------------\nRan 1 test in 0.000s\n\nOK\n",
    "799": "E\n======================================================================\nERROR: test (__main__.Test)\n----------------------------------------------------------------------\nTraceback (most recent call last):\n  File \"/Users/watch/PycharmProjects/XXXX-1-LLM/Temps/ET-extra-test/test_scripts/test799.py\", line 14, in test\n    assert left_Rotate(16,2) == 64\nNameError: name 'left_Rotate' is not defined\n\n----------------------------------------------------------------------\nRan 1 test in 0.000s\n\nFAILED (errors=1)\n",
    "800": ".\n----------------------------------------------------------------------\nRan 1 test in 0.000s\n\nOK\n",
    "801": "E\n======================================================================\nERROR: test (__main__.Test)\n----------------------------------------------------------------------\nTraceback (most recent call last):\n  File \"/Users/watch/PycharmProjects/XXXX-1-LLM/Temps/ET-extra-test/test_scripts/test801.py\", line 25, in test\n    assert test_three_equal(-1,-2,-3) == 0\n  File \"/Users/watch/PycharmProjects/XXXX-1-LLM/Temps/ET-extra-test/test_scripts/test801.py\", line 12, in test_three_equal\n    raise ValueError(\"Inputs must be within the range of 0 to 100\")\nValueError: Inputs must be within the range of 0 to 100\n\n----------------------------------------------------------------------\nRan 1 test in 0.000s\n\nFAILED (errors=1)\n",
    "802": "E\n======================================================================\nERROR: test (__main__.Test)\n----------------------------------------------------------------------\nTraceback (most recent call last):\n  File \"/Users/watch/PycharmProjects/XXXX-1-LLM/Temps/ET-extra-test/test_scripts/test802.py\", line 21, in test\n    assert count_Rotation([3,2,1],3) == 1\nNameError: name 'count_Rotation' is not defined\n\n----------------------------------------------------------------------\nRan 1 test in 0.000s\n\nFAILED (errors=1)\n",
    "803": "True\nTrue\nFalse\nTrue\nE\n======================================================================\nERROR: test (__main__.Test)\n----------------------------------------------------------------------\nTraceback (most recent call last):\n  File \"/Users/watch/PycharmProjects/XXXX-1-LLM/Temps/ET-extra-test/test_scripts/test803.py\", line 23, in test\n    assert is_Perfect_Square(10) == False\nNameError: name 'is_Perfect_Square' is not defined\n\n----------------------------------------------------------------------\nRan 1 test in 0.000s\n\nFAILED (errors=1)\n",
    "804": "E\n======================================================================\nERROR: test (__main__.Test)\n----------------------------------------------------------------------\nTraceback (most recent call last):\n  File \"/Users/watch/PycharmProjects/XXXX-1-LLM/Temps/ET-extra-test/test_scripts/test804.py\", line 20, in test\n    assert is_Product_Even([1,2,3],3) == True\nNameError: name 'is_Product_Even' is not defined\n\n----------------------------------------------------------------------\nRan 1 test in 0.000s\n\nFAILED (errors=1)\n",
    "805": "F\n======================================================================\nFAIL: test (__main__.Test)\n----------------------------------------------------------------------\nTraceback (most recent call last):\n  File \"/Users/watch/PycharmProjects/XXXX-1-LLM/Temps/ET-extra-test/test_scripts/test805.py\", line 17, in test\n    assert max_sum_list([[1,2,3], [4,5,6], [10,11,12], [7,8,9]])==[10, 11, 12]\nAssertionError\n\n----------------------------------------------------------------------\nRan 1 test in 0.000s\n\nFAILED (failures=1)\n",
    "806": "F\n======================================================================\nFAIL: test (__main__.Test)\n----------------------------------------------------------------------\nTraceback (most recent call last):\n  File \"/Users/watch/PycharmProjects/XXXX-1-LLM/Temps/ET-extra-test/test_scripts/test806.py\", line 30, in test\n    assert max_run_uppercase(\"YwbacUeVJAlPlwg\") == 0\nAssertionError\n\n----------------------------------------------------------------------\nRan 1 test in 0.000s\n\nFAILED (failures=1)\n",
    "807": "F\n======================================================================\nFAIL: test (__main__.Test)\n----------------------------------------------------------------------\nTraceback (most recent call last):\n  File \"/Users/watch/PycharmProjects/XXXX-1-LLM/Temps/ET-extra-test/test_scripts/test807.py\", line 48, in test\n    assert first_odd([2, 6, 8]) == -1\nAssertionError\n\n----------------------------------------------------------------------\nRan 1 test in 0.000s\n\nFAILED (failures=1)\n",
    "808": ".\n----------------------------------------------------------------------\nRan 1 test in 0.000s\n\nOK\n",
    "809": ".\n----------------------------------------------------------------------\nRan 1 test in 0.000s\n\nOK\n"
}