{
    "start_time": "2024-02-13_19-49-22-515512",
    "task": "\ndef choose_num(x, y):\n    \"\"\"This function takes two positive numbers x and y and returns the\n    biggest even integer number that is in the range [x, y] inclusive. If \n    there's no such number, then the function should return -1.\n\n    For example:\n    choose_num(12, 15) = 14\n    choose_num(13, 12) = -1\n    \"\"\"\n",
    "datetime": {
        "task": "2024-02-13 19:49:22",
        "task-id": "2024-02-13 19:49:22",
        "workflow": "2024-02-13 19:49:22",
        "AnalyzeDraft": "2024-02-13 19:49:23",
        "AnalyzeMeetings": "2024-02-13 19:49:26",
        "Analyze": "2024-02-13 19:49:28",
        "DesignDraft": "2024-02-13 19:49:29",
        "DesignMeetings": "2024-02-13 19:49:31",
        "Design": "2024-02-13 19:49:33",
        "Test Cases Draft": "2024-02-13 19:49:35",
        "Test Cases Meetings": "2024-02-13 19:49:37",
        "Test Cases": "2024-02-13 19:49:46",
        "Code0draft": "2024-02-13 19:49:48",
        "Code0": "2024-02-13 19:49:48",
        "TestScriptOriginal": "2024-02-13 19:49:49",
        "TestScript": "2024-02-13 19:49:49",
        "ScriptResult0": "2024-02-13 19:49:49",
        "TestReport0": "2024-02-13 19:49:52",
        "RepairResponse1": "2024-02-13 19:49:53",
        "Code1": "2024-02-13 19:49:53",
        "ScriptResult1": "2024-02-13 19:49:53",
        "TestReport1": "2024-02-13 19:49:55",
        "RepairResponse2": "2024-02-13 19:49:58",
        "Code2": "2024-02-13 19:49:58",
        "ScriptResult2": "2024-02-13 19:49:58",
        "TestReport2": "2024-02-13 19:49:59",
        "FinalCode": "2024-02-13 19:49:59"
    },
    "task-id": "HumanEval/102",
    "workflow": "testdriven/testdriven_version_0.0.5_remove_cr.json",
    "AnalyzeDraft": "{\n  \"Requirement\": \"The system should have a function called 'choose_num' which takes two positive numbers x and y as input and returns the biggest even integer number that is in the range [x, y] inclusive. If there's no such number, then the function should return -1.\",\n  \"Example\": \"For example: choose_num(12, 15) = 14, choose_num(13, 12) = -1\"\n}",
    "AnalyzeMeetings": "{\n  \"Architect\": \"The function 'choose_num' should first validate the input values x and y to ensure they are positive numbers. Then it should iterate through the range [x, y] and check for the biggest even integer. If no such number is found, return -1. The algorithm should be efficient in handling large ranges of numbers to avoid performance issues.\",\n  \"Tester\": \"As a tester, I would suggest creating test cases for various scenarios such as inputting two positive numbers, inputting negative numbers, inputting the same number for x and y, and inputting a range where there are no even numbers. Test the function with both small and large ranges to ensure it performs efficiently and accurately in all cases.\"\n}",
    "Analyze": "{\n  \"RevisedDocument\": {\n    \"Requirement\": \"The system should have a function called 'choose_num' which takes two positive numbers x and y as input and returns the biggest even integer number that is in the range [x, y] inclusive. If there's no such number, then the function should return -1. The function 'choose_num' should first validate the input values x and y to ensure they are positive numbers. Then it should iterate through the range [x, y] and check for the biggest even integer. If no such number is found, return -1. The algorithm should be efficient in handling large ranges of numbers to avoid performance issues.\",\n    \"Example\": \"For example: choose_num(12, 15) = 14, choose_num(13, 12) = -1\"\n  }\n}",
    "DesignDraft": "Design:\n```python\ndef choose_num(x, y):\n    \"\"\"\n    This function takes two positive numbers x and y and returns the\n    biggest even integer number that is in the range [x, y] inclusive. If \n    there's no such number, then the function should return -1.\n\n    For example:\n    choose_num(12, 15) = 14\n    choose_num(13, 12) = -1\n    \"\"\"\n```",
    "DesignMeetings": "{\n  \"Developer\": \"1. Add input validation to ensure that x and y are positive numbers. 2. Consider handling edge cases where x is greater than y. 3. Add comments to explain the logic behind the code.\",\n  \"Tester\": \"1. Test the function with various input values to ensure it returns the correct output. 2. Test the function with negative numbers to ensure it returns -1. 3. Test the function with edge cases such as when x is equal to y.\"\n}",
    "Design": "Design:\n\n```python\ndef choose_num(x, y):\n    \"\"\"\n    This function takes two positive numbers x and y and returns the\n    biggest even integer number that is in the range [x, y] inclusive. If \n    there's no such number, then the function should return -1.\n\n    Input validation:\n    - Ensure that x and y are positive numbers\n    - Handle edge case where x is greater than y\n\n    For example:\n    choose_num(12, 15) = 14\n    choose_num(13, 12) = -1\n    \"\"\"\n```\nIn the new design, I have added input validation to ensure that x and y are positive numbers. I have also included comments to explain the logic behind the code. Additionally, I have considered handling edge cases where x is greater than y. Testing will now be conducted with various input values to ensure the correct output and also with negative numbers to ensure it returns -1. Testing will also be done with edge cases such as when x is equal to y.",
    "Test Cases Draft": "{\n  \"requirement analysis\": \"analysis\",\n  \"test_cases\": [\n    {\n      \"Test Title\": \"Valid input with even integer within range\",\n      \"Input Data\": \"parameter1=12, parameter2=15\",\n      \"Expected Output\": \"14\"\n    },\n    {\n      \"Test Title\": \"Valid input with no even integer within range\",\n      \"Input Data\": \"parameter1=13, parameter2=12\",\n      \"Expected Output\": \"-1\"\n    },\n    {\n      \"Test Title\": \"Invalid input with negative number\",\n      \"Input Data\": \"parameter1=-5, parameter2=10\",\n      \"Expected Output\": \"-1\"\n    }\n  ]\n}",
    "Test Cases Draft_prompt": "{\"Role\": \"You are a quality assurance engineer. Your duty is to design test cases for the developers.\", \"Instruction\": \"According to the Context section, write test cases. Don't write long strings in your test cases. Response in JSON format.\", \"Example\": \"{\\\"requirement analysis\\\":\\\"analysis\\\",\\\"test_cases\\\":[{\\\"Test Title\\\":\\\"title\\\", \\\"Input Data\\\":\\\"parameter1=[1,2,3],parameter2='123'\\\", \\\"Expected Output\\\":\\\"456\\\"},]}\", \"Context\": \"# Requirement Analysis:\\n{\\n  \\\"RevisedDocument\\\": {\\n    \\\"Requirement\\\": \\\"The system should have a function called 'choose_num' which takes two positive numbers x and y as input and returns the biggest even integer number that is in the range [x, y] inclusive. If there's no such number, then the function should return -1. The function 'choose_num' should first validate the input values x and y to ensure they are positive numbers. Then it should iterate through the range [x, y] and check for the biggest even integer. If no such number is found, return -1. The algorithm should be efficient in handling large ranges of numbers to avoid performance issues.\\\",\\n    \\\"Example\\\": \\\"For example: choose_num(12, 15) = 14, choose_num(13, 12) = -1\\\"\\n  }\\n}\", \"Question\": \"\\ndef choose_num(x, y):\\n    \\\"\\\"\\\"This function takes two positive numbers x and y and returns the\\n    biggest even integer number that is in the range [x, y] inclusive. If \\n    there's no such number, then the function should return -1.\\n\\n    For example:\\n    choose_num(12, 15) = 14\\n    choose_num(13, 12) = -1\\n    \\\"\\\"\\\"\\n\"}",
    "Test Cases Meetings": "{\n  \"Architect\": \"As an Architect, I suggest revising the test cases to include boundary test cases such as the minimum and maximum values for parameter1 and parameter2. This will help ensure that the function handles edge cases correctly.\"\n  ,\n  \"Developer\": \"As a Developer, I recommend revising the test cases to include additional negative test cases, such as invalid input with non-numeric values or special characters. This will help ensure that the function has robust error handling.\"\n}",
    "Test Cases Meetings_prompt": "{\"Role\": \"I want you to act as a different roles and then give some suggestions about how to revise the test cases.\", \"Instruction\": \"1. Read the Context section. 2. Act as an Architect, give your suggestions. 3. Act as a Developer, give your suggestions. 4. Response in JSON format.\", \"Example\": \"{\\\"Architect\\\":\\\"Suggestion\\\",\\\"Developer\\\":\\\"Suggestion\\\"}\", \"Context\": \"{\\n  \\\"requirement analysis\\\": \\\"analysis\\\",\\n  \\\"test_cases\\\": [\\n    {\\n      \\\"Test Title\\\": \\\"Valid input with even integer within range\\\",\\n      \\\"Input Data\\\": \\\"parameter1=12, parameter2=15\\\",\\n      \\\"Expected Output\\\": \\\"14\\\"\\n    },\\n    {\\n      \\\"Test Title\\\": \\\"Valid input with no even integer within range\\\",\\n      \\\"Input Data\\\": \\\"parameter1=13, parameter2=12\\\",\\n      \\\"Expected Output\\\": \\\"-1\\\"\\n    },\\n    {\\n      \\\"Test Title\\\": \\\"Invalid input with negative number\\\",\\n      \\\"Input Data\\\": \\\"parameter1=-5, parameter2=10\\\",\\n      \\\"Expected Output\\\": \\\"-1\\\"\\n    }\\n  ]\\n}\", \"Question\": \"Follow the Instruction. The Context section include the test cases.\"}",
    "Test Cases": "{\n  \"requirement analysis\": \"analysis\",\n  \"test_cases\": [\n    {\n      \"Test Title\": \"Valid input with even integer within range\",\n      \"Input Data\": \"parameter1=12, parameter2=15\",\n      \"Expected Output\": \"14\"\n    },\n    {\n      \"Test Title\": \"Valid input with no even integer within range\",\n      \"Input Data\": \"parameter1=13, parameter2=12\",\n      \"Expected Output\": \"-1\"\n    },\n    {\n      \"Test Title\": \"Invalid input with negative number\",\n      \"Input Data\": \"parameter1=-5, parameter2=10\",\n      \"Expected Output\": \"-1\"\n    },\n    {\n      \"Test Title\": \"Boundary test case for parameter1 minimum value\",\n      \"Input Data\": \"parameter1=0, parameter2=15\",\n      \"Expected Output\": \"-1\"\n    },\n    {\n      \"Test Title\": \"Boundary test case for parameter1 maximum value\",\n      \"Input Data\": \"parameter1=1000000, parameter2=15\",\n      \"Expected Output\": \"-1\"\n    },\n    {\n      \"Test Title\": \"Boundary test case for parameter2 minimum value\",\n      \"Input Data\": \"parameter1=12, parameter2=0\",\n      \"Expected Output\": \"-1\"\n    },\n    {\n      \"Test Title\": \"Boundary test case for parameter2 maximum value\",\n      \"Input Data\": \"parameter1=12, parameter2=1000000\",\n      \"Expected Output\": \"-1\"\n    },\n    {\n      \"Test Title\": \"Negative test case with non-numeric values for parameter1\",\n      \"Input Data\": \"parameter1='abc', parameter2=15\",\n      \"Expected Output\": \"-1\"\n    },\n    {\n      \"Test Title\": \"Negative test case with non-numeric values for parameter2\",\n      \"Input Data\": \"parameter1=12, parameter2='xyz'\",\n      \"Expected Output\": \"-1\"\n    }\n  ]\n}",
    "Test Cases_prompt": "{\"Role\": \"You are a quality assurance engineer. Your duty is to revise the test cases based on the suggestions.\", \"Instruction\": \"1. Your colleague give you some suggestions(in the Context section) about the draft test cases, read these suggestions. 2. Revise your draft version test cases, but don't use long parameters. 3. Response in JSON format.\", \"Example\": \"{\\\"requirement analysis\\\":\\\"analysis\\\",\\\"test_cases\\\":[{\\\"Test Title\\\":\\\"title\\\", \\\"Input Data\\\":\\\"parameter1=[1,2,3],parameter2='123'\\\", \\\"Expected Output\\\":\\\"456\\\"},]}\", \"Context\": \"# Suggestions:\\n{\\n  \\\"Architect\\\": \\\"As an Architect, I suggest revising the test cases to include boundary test cases such as the minimum and maximum values for parameter1 and parameter2. This will help ensure that the function handles edge cases correctly.\\\"\\n  ,\\n  \\\"Developer\\\": \\\"As a Developer, I recommend revising the test cases to include additional negative test cases, such as invalid input with non-numeric values or special characters. This will help ensure that the function has robust error handling.\\\"\\n}\\n # Draft Test cases:\\n{\\n  \\\"requirement analysis\\\": \\\"analysis\\\",\\n  \\\"test_cases\\\": [\\n    {\\n      \\\"Test Title\\\": \\\"Valid input with even integer within range\\\",\\n      \\\"Input Data\\\": \\\"parameter1=12, parameter2=15\\\",\\n      \\\"Expected Output\\\": \\\"14\\\"\\n    },\\n    {\\n      \\\"Test Title\\\": \\\"Valid input with no even integer within range\\\",\\n      \\\"Input Data\\\": \\\"parameter1=13, parameter2=12\\\",\\n      \\\"Expected Output\\\": \\\"-1\\\"\\n    },\\n    {\\n      \\\"Test Title\\\": \\\"Invalid input with negative number\\\",\\n      \\\"Input Data\\\": \\\"parameter1=-5, parameter2=10\\\",\\n      \\\"Expected Output\\\": \\\"-1\\\"\\n    }\\n  ]\\n}\", \"Question\": \"Follow the Instruction. Please make sure your response length are less than 512. Your test cases is for the below question:\\n\\ndef choose_num(x, y):\\n    \\\"\\\"\\\"This function takes two positive numbers x and y and returns the\\n    biggest even integer number that is in the range [x, y] inclusive. If \\n    there's no such number, then the function should return -1.\\n\\n    For example:\\n    choose_num(12, 15) = 14\\n    choose_num(13, 12) = -1\\n    \\\"\\\"\\\"\\n\"}",
    "Code0draft": "def choose_num(x, y):\n    if x < 0 or y < 0:\n        return -1\n    if x > y:\n        return -1\n    for num in range(y, x - 1, -1):\n        if num % 2 == 0:\n            return num\n    return -1\n",
    "Code0draft_prompt": "{\"Role\": \"You are a professional engineer. Your duty is to write code in Python that meets the requirements. Ensure that the code you write is efficient, readable, and follows best practices. Remember, do not need to explain the code you wrote.\", \"Instruction\": \"According to the Context section, write your code.\", \"Example\": \"\", \"Context\": \"# Test Cases:\\n{\\n  \\\"requirement analysis\\\": \\\"analysis\\\",\\n  \\\"test_cases\\\": [\\n    {\\n      \\\"Test Title\\\": \\\"Valid input with even integer within range\\\",\\n      \\\"Input Data\\\": \\\"parameter1=12, parameter2=15\\\",\\n      \\\"Expected Output\\\": \\\"14\\\"\\n    },\\n    {\\n      \\\"Test Title\\\": \\\"Valid input with no even integer within range\\\",\\n      \\\"Input Data\\\": \\\"parameter1=13, parameter2=12\\\",\\n      \\\"Expected Output\\\": \\\"-1\\\"\\n    },\\n    {\\n      \\\"Test Title\\\": \\\"Invalid input with negative number\\\",\\n      \\\"Input Data\\\": \\\"parameter1=-5, parameter2=10\\\",\\n      \\\"Expected Output\\\": \\\"-1\\\"\\n    },\\n    {\\n      \\\"Test Title\\\": \\\"Boundary test case for parameter1 minimum value\\\",\\n      \\\"Input Data\\\": \\\"parameter1=0, parameter2=15\\\",\\n      \\\"Expected Output\\\": \\\"-1\\\"\\n    },\\n    {\\n      \\\"Test Title\\\": \\\"Boundary test case for parameter1 maximum value\\\",\\n      \\\"Input Data\\\": \\\"parameter1=1000000, parameter2=15\\\",\\n      \\\"Expected Output\\\": \\\"-1\\\"\\n    },\\n    {\\n      \\\"Test Title\\\": \\\"Boundary test case for parameter2 minimum value\\\",\\n      \\\"Input Data\\\": \\\"parameter1=12, parameter2=0\\\",\\n      \\\"Expected Output\\\": \\\"-1\\\"\\n    },\\n    {\\n      \\\"Test Title\\\": \\\"Boundary test case for parameter2 maximum value\\\",\\n      \\\"Input Data\\\": \\\"parameter1=12, parameter2=1000000\\\",\\n      \\\"Expected Output\\\": \\\"-1\\\"\\n    },\\n    {\\n      \\\"Test Title\\\": \\\"Negative test case with non-numeric values for parameter1\\\",\\n      \\\"Input Data\\\": \\\"parameter1='abc', parameter2=15\\\",\\n      \\\"Expected Output\\\": \\\"-1\\\"\\n    },\\n    {\\n      \\\"Test Title\\\": \\\"Negative test case with non-numeric values for parameter2\\\",\\n      \\\"Input Data\\\": \\\"parameter1=12, parameter2='xyz'\\\",\\n      \\\"Expected Output\\\": \\\"-1\\\"\\n    }\\n  ]\\n}\\n# Design:\\nDesign:\\n\\n```python\\ndef choose_num(x, y):\\n    \\\"\\\"\\\"\\n    This function takes two positive numbers x and y and returns the\\n    biggest even integer number that is in the range [x, y] inclusive. If \\n    there's no such number, then the function should return -1.\\n\\n    Input validation:\\n    - Ensure that x and y are positive numbers\\n    - Handle edge case where x is greater than y\\n\\n    For example:\\n    choose_num(12, 15) = 14\\n    choose_num(13, 12) = -1\\n    \\\"\\\"\\\"\\n```\\nIn the new design, I have added input validation to ensure that x and y are positive numbers. I have also included comments to explain the logic behind the code. Additionally, I have considered handling edge cases where x is greater than y. Testing will now be conducted with various input values to ensure the correct output and also with negative numbers to ensure it returns -1. Testing will also be done with edge cases such as when x is equal to y.\", \"Question\": \"Follow the Instruction section. Complete the following code:\\n\\ndef choose_num(x, y):\\n    \\\"\\\"\\\"This function takes two positive numbers x and y and returns the\\n    biggest even integer number that is in the range [x, y] inclusive. If \\n    there's no such number, then the function should return -1.\\n\\n    For example:\\n    choose_num(12, 15) = 14\\n    choose_num(13, 12) = -1\\n    \\\"\\\"\\\"\\n\"}",
    "Code0": "def choose_num(x, y):\n    if x < 0 or y < 0:\n        return -1\n    if x > y:\n        return -1\n    for num in range(y, x - 1, -1):\n        if num % 2 == 0:\n            return num\n    return -1\n",
    "TestScriptOriginal": "import unittest\n\ndef function_under_test(x, y):\n    if x < y:\n        for i in range(y, x - 1, -1):\n            if i % 2 == 0:\n                return i\n        return -1\n    else:\n        return -1\n\nclass Test(unittest.TestCase):\n    def test(self):\n        self.assertEqual(function_under_test(12, 15), 14)\n        self.assertEqual(function_under_test(13, 12), -1)\n\nif __name__ == '__main__':\n    unittest.main()",
    "TestScriptOriginal_prompt": "{\"Role\": \"You are a quality assurance engineer. Your duty is to write a python test script in unittest framework.\", \"Instruction\": \"1. Write a python test script. 2. Use the input and output given by the question.\", \"Example\": \"import unittest\\n\\nclass Test(unittest.TestCase):\\n    def test(self):\\n        self.assertEqual(function_under_test('a'), 1)\\n\\nif __name__ == '__main__':\\n    unittest.main()\", \"Context\": \"\", \"Question\": \"\\ndef choose_num(x, y):\\n    \\\"\\\"\\\"This function takes two positive numbers x and y and returns the\\n    biggest even integer number that is in the range [x, y] inclusive. If \\n    there's no such number, then the function should return -1.\\n\\n    For example:\\n    choose_num(12, 15) = 14\\n    choose_num(13, 12) = -1\\n    \\\"\\\"\\\"\\n\"}",
    "TestScript": "import unittest\n\nclass Test(unittest.TestCase):\n    def test(self):\n        self.assertEqual(function_under_test(12, 15), 14)\n        self.assertEqual(function_under_test(13, 12), -1)\n\nif __name__ == '__main__':\n    unittest.main()",
    "TestScript_prompt": "{\"Role\": \"You are a quality assurance engineer. Your duty is to write a python test script in unittest framework.\", \"Instruction\": \"1. Write a python test script. 2. Use the input and output given by the question.\", \"Example\": \"import unittest\\n\\nclass Test(unittest.TestCase):\\n    def test(self):\\n        self.assertEqual(function_under_test('a'), 1)\\n\\nif __name__ == '__main__':\\n    unittest.main()\", \"Context\": \"\", \"Question\": \"\\ndef choose_num(x, y):\\n    \\\"\\\"\\\"This function takes two positive numbers x and y and returns the\\n    biggest even integer number that is in the range [x, y] inclusive. If \\n    there's no such number, then the function should return -1.\\n\\n    For example:\\n    choose_num(12, 15) = 14\\n    choose_num(13, 12) = -1\\n    \\\"\\\"\\\"\\n\"}",
    "ScriptResult0": "E\n======================================================================\nERROR: test (__main__.Test)\n----------------------------------------------------------------------\nTraceback (most recent call last):\n  File \"/Users/watch/PycharmProjects/XXXX-1-LLM/workspace/2024-02-13_19-49-22-515512/test_script.py\", line 15, in test\n    self.assertEqual(function_under_test(12, 15), 14)\nNameError: name 'function_under_test' is not defined\n\n----------------------------------------------------------------------\nRan 1 test in 0.000s\n\nFAILED (errors=1)\n",
    "TestReport0": "Test Report:\n\nTest script's output:\nE\n======================================================================\nERROR: test (__main__.Test)\n----------------------------------------------------------------------\nTraceback (most recent call last):\n  File \"/Users/watch/PycharmProjects/XXXX-1-LLM/workspace/2024-02-13_19-49-22-515512/test_script.py\", line 15, in test\n    self.assertEqual(function_under_test(12, 15), 14)\nNameError: name 'function_under_test' is not defined\n\n----------------------------------------------------------------------\nRan 1 test in 0.000s\n\nFAILED (errors=1)\n\nAnalysis:\nThe test script resulted in an error, specifically a NameError due to 'function_under_test' not being defined.\n\nTest Conclusion:\nCode Test Failed\n\nExample of Input and Expected Output:\nInput: function_under_test(12, 15)\nExpected Output: 14\n\nRecommendation:\nThe code needs to be revised to define the 'function_under_test' in order to pass the test.\n\nNote: The test script output indicates that the code has failed to pass the test. Hence, the conclusion is \"Code Test Failed\".",
    "RepairResponse1": "{\n\t\"revised_code\": \"def choose_num(x, y):\\n    if x < 0 or y < 0 or x > y:\\n        return -1\\n    for num in range(y, x - 1, -1):\\n        if num % 2 == 0:\\n            return num\\n    return -1\"\n}",
    "RepairResponse1_prompt": "{\"Role\": \"You are a professional software engineer. Your duty is to write code in Python that meets the requirements. Ensure that the code you write is efficient, readable, and follows best practices. Remember, do not need to explain the code you wrote.\", \"Instruction\": \"1. Rewrite a bug fix version of the original code. 2. Response in JSON format.\", \"Example\": \"{\\\"revised_code\\\":\\\"...\\\"}\", \"Context\": \"# the original code:\\ndef choose_num(x, y):\\n    if x < 0 or y < 0:\\n        return -1\\n    if x > y:\\n        return -1\\n    for num in range(y, x - 1, -1):\\n        if num % 2 == 0:\\n            return num\\n    return -1\\n\\n# test report:\\nTest Report:\\n\\nTest script's output:\\nE\\n======================================================================\\nERROR: test (__main__.Test)\\n----------------------------------------------------------------------\\nTraceback (most recent call last):\\n  File \\\"/Users/watch/PycharmProjects/XXXX-1-LLM/workspace/2024-02-13_19-49-22-515512/test_script.py\\\", line 15, in test\\n    self.assertEqual(function_under_test(12, 15), 14)\\nNameError: name 'function_under_test' is not defined\\n\\n----------------------------------------------------------------------\\nRan 1 test in 0.000s\\n\\nFAILED (errors=1)\\n\\nAnalysis:\\nThe test script resulted in an error, specifically a NameError due to 'function_under_test' not being defined.\\n\\nTest Conclusion:\\nCode Test Failed\\n\\nExample of Input and Expected Output:\\nInput: function_under_test(12, 15)\\nExpected Output: 14\\n\\nRecommendation:\\nThe code needs to be revised to define the 'function_under_test' in order to pass the test.\\n\\nNote: The test script output indicates that the code has failed to pass the test. Hence, the conclusion is \\\"Code Test Failed\\\".\", \"Question\": \"The original code has some bugs, according to the test report and suggestions, rewrite the code. Complete the following code:\\n\\ndef choose_num(x, y):\\n    \\\"\\\"\\\"This function takes two positive numbers x and y and returns the\\n    biggest even integer number that is in the range [x, y] inclusive. If \\n    there's no such number, then the function should return -1.\\n\\n    For example:\\n    choose_num(12, 15) = 14\\n    choose_num(13, 12) = -1\\n    \\\"\\\"\\\"\\n\"}",
    "Code1": "def choose_num(x, y):\n    if x < 0 or y < 0 or x > y:\n        return -1\n    for num in range(y, x - 1, -1):\n        if num % 2 == 0:\n            return num\n    return -1",
    "ScriptResult1": "E\n======================================================================\nERROR: test (__main__.Test)\n----------------------------------------------------------------------\nTraceback (most recent call last):\n  File \"/Users/watch/PycharmProjects/XXXX-1-LLM/workspace/2024-02-13_19-49-22-515512/test_script.py\", line 12, in test\n    self.assertEqual(function_under_test(12, 15), 14)\nNameError: name 'function_under_test' is not defined\n\n----------------------------------------------------------------------\nRan 1 test in 0.000s\n\nFAILED (errors=1)\n",
    "TestReport1": "Test Report:\n\nTest Script Output:\nE\n======================================================================\nERROR: test (__main__.Test)\n----------------------------------------------------------------------\nTraceback (most recent call last):\n  File \"/Users/watch/PycharmProjects/XXXX-1-LLM/workspace/2024-02-13_19-49-22-515512/test_script.py\", line 12, in test\n    self.assertEqual(function_under_test(12, 15), 14)\nNameError: name 'function_under_test' is not defined\n\n----------------------------------------------------------------------\nRan 1 test in 0.000s\n\nFAILED (errors=1)\n\nConclusion: Code Test Failed\n\nExample of Input and Expected Output:\nInput: function_under_test(12, 15)\nExpected Output: 14\n\nPlease address the NameError issue for 'function_under_test' and re-run the tests.",
    "RepairResponse2": "{\n  \"revised_code\": \"def choose_num(x, y):\\n    \\\"\\\"\\\"This function takes two positive numbers x and y and returns the\\n    biggest even integer number that is in the range [x, y] inclusive. If \\n    there's no such number, then the function should return -1.\\n\\n    For example:\\n    choose_num(12, 15) = 14\\n    choose_num(13, 12) = -1\\n    \\\"\\\"\\\"\\n    if x < 0 or y < 0 or x > y:\\n        return -1\\n    for num in range(y, x - 1, -1):\\n        if num % 2 == 0:\\n            return num\\n    return -1\"\n}",
    "RepairResponse2_prompt": "{\"Role\": \"You are a professional software engineer. Your duty is to write code in Python that meets the requirements. Ensure that the code you write is efficient, readable, and follows best practices. Remember, do not need to explain the code you wrote.\", \"Instruction\": \"1. Rewrite a bug fix version of the original code. 2. Response in JSON format.\", \"Example\": \"{\\\"revised_code\\\":\\\"...\\\"}\", \"Context\": \"# the original code:\\ndef choose_num(x, y):\\n    if x < 0 or y < 0 or x > y:\\n        return -1\\n    for num in range(y, x - 1, -1):\\n        if num % 2 == 0:\\n            return num\\n    return -1\\n# test report:\\nTest Report:\\n\\nTest Script Output:\\nE\\n======================================================================\\nERROR: test (__main__.Test)\\n----------------------------------------------------------------------\\nTraceback (most recent call last):\\n  File \\\"/Users/watch/PycharmProjects/XXXX-1-LLM/workspace/2024-02-13_19-49-22-515512/test_script.py\\\", line 12, in test\\n    self.assertEqual(function_under_test(12, 15), 14)\\nNameError: name 'function_under_test' is not defined\\n\\n----------------------------------------------------------------------\\nRan 1 test in 0.000s\\n\\nFAILED (errors=1)\\n\\nConclusion: Code Test Failed\\n\\nExample of Input and Expected Output:\\nInput: function_under_test(12, 15)\\nExpected Output: 14\\n\\nPlease address the NameError issue for 'function_under_test' and re-run the tests.\", \"Question\": \"The original code has some bugs, according to the test report and suggestions, rewrite the code. Complete the following code:\\n\\ndef choose_num(x, y):\\n    \\\"\\\"\\\"This function takes two positive numbers x and y and returns the\\n    biggest even integer number that is in the range [x, y] inclusive. If \\n    there's no such number, then the function should return -1.\\n\\n    For example:\\n    choose_num(12, 15) = 14\\n    choose_num(13, 12) = -1\\n    \\\"\\\"\\\"\\n\"}",
    "Code2": "def choose_num(x, y):\n    \"\"\"This function takes two positive numbers x and y and returns the\n    biggest even integer number that is in the range [x, y] inclusive. If \n    there's no such number, then the function should return -1.\n\n    For example:\n    choose_num(12, 15) = 14\n    choose_num(13, 12) = -1\n    \"\"\"\n    if x < 0 or y < 0 or x > y:\n        return -1\n    for num in range(y, x - 1, -1):\n        if num % 2 == 0:\n            return num\n    return -1",
    "ScriptResult2": "E\n======================================================================\nERROR: test (__main__.Test)\n----------------------------------------------------------------------\nTraceback (most recent call last):\n  File \"/Users/watch/PycharmProjects/XXXX-1-LLM/workspace/2024-02-13_19-49-22-515512/test_script.py\", line 20, in test\n    self.assertEqual(function_under_test(12, 15), 14)\nNameError: name 'function_under_test' is not defined\n\n----------------------------------------------------------------------\nRan 1 test in 0.000s\n\nFAILED (errors=1)\n",
    "TestReport2": "Test Report:\n\n- Test script's output:\n  - The test script output shows that there is an error in the code. The function_under_test is not defined which resulted in a NameError.\n\n- Conclusion:\n  - Code Test Failed\n\n- Input and Expected Output Example:\n  - Input: function_under_test(12, 15)\n  - Expected Output: 14\n\nBased on the test script's output, it is evident that the code has failed the tests due to the NameError. Therefore, the conclusion is 'Code Test Failed'.",
    "FinalCode": "def choose_num(x, y):\n    \"\"\"This function takes two positive numbers x and y and returns the\n    biggest even integer number that is in the range [x, y] inclusive. If \n    there's no such number, then the function should return -1.\n\n    For example:\n    choose_num(12, 15) = 14\n    choose_num(13, 12) = -1\n    \"\"\"\n    if x < 0 or y < 0 or x > y:\n        return -1\n    for num in range(y, x - 1, -1):\n        if num % 2 == 0:\n            return num\n    return -1"
}