{
    "start_time": "2024-03-11_13-47-56-367863",
    "task": "def average_tuple(nums):\n'''Write a function which takes a tuple of tuples and returns the average value for each tuple as a list.\nassert average_tuple(((10, 10, 10, 12), (30, 45, 56, 45), (81, 80, 39, 32), (1, 2, 3, 4)))==[30.5, 34.25, 27.0, 23.25]'''\n",
    "datetime": {
        "task": "2024-03-11 13:47:56",
        "task-id": "2024-03-11 13:47:56",
        "workflow": "2024-03-11 13:47:56",
        "Discussion": "2024-03-11 13:47:58",
        "DisorderedSprintMeetings": "2024-03-11 13:47:59",
        "UserStoryDraft0": "2024-03-11 13:48:00",
        "AnalyzeMeetings": "2024-03-11 13:48:02",
        "UserStory0": "2024-03-11 13:48:04",
        "DesignDraft0": "2024-03-11 13:48:07",
        "DesignMeetings0": "2024-03-11 13:48:09",
        "Design0": "2024-03-11 13:48:29",
        "CodeDraft0": "2024-03-11 13:48:30",
        "Code0CR": "2024-03-11 13:48:30",
        "FinalCode": "2024-03-11 13:49:19",
        "Test Cases Draft": "2024-03-11 13:48:35",
        "Test Cases Meetings": "2024-03-11 13:48:36",
        "Test Cases": "2024-03-11 13:48:41",
        "Code0": "2024-03-11 13:48:42",
        "TestScriptOriginal": "2024-03-11 13:48:45",
        "TestScript": "2024-03-11 13:48:45",
        "ScriptResult0": "2024-03-11 13:48:45",
        "TestReport0": "2024-03-11 13:48:48",
        "SprintReview0": "2024-03-11 13:48:50",
        "SprintReviewMeetings0": "2024-03-11 13:48:52",
        "RepairResponse0": "2024-03-11 13:48:53",
        "Code1": "2024-03-11 13:48:53",
        "ScriptResult1": "2024-03-11 13:48:53",
        "TestReport1": "2024-03-11 13:49:00",
        "SprintReview1": "2024-03-11 13:49:02",
        "SprintReviewMeetings1": "2024-03-11 13:49:04",
        "RepairResponse1": "2024-03-11 13:49:06",
        "Code2": "2024-03-11 13:49:06",
        "ScriptResult2": "2024-03-11 13:49:06",
        "TestReport2": "2024-03-11 13:49:12",
        "SprintReview2": "2024-03-11 13:49:14",
        "SprintReviewMeetings2": "2024-03-11 13:49:17",
        "RepairResponse2": "2024-03-11 13:49:19",
        "Code3": "2024-03-11 13:49:19",
        "ScriptResult3": "2024-03-11 13:49:19",
        "TestReport3": "2024-03-11 13:49:25"
    },
    "task-id": 615,
    "workflow": "agile/agile_version_0.0.5_remove.json",
    "Discussion": "[ScrumMaster]says: We have a job: def average_tuple(nums):\n'''Write a function which takes a tuple of tuples and returns the average value for each tuple as a list.\nassert average_tuple(((10, 10, 10, 12), (30, 45, 56, 45), (81, 80, 39, 32), (1, 2, 3, 4)))==[30.5, 34.25, 27.0, 23.25]'''\n, do you have any ideas?\n-----\n\n[Architect]says: As an architect, I believe the first step is to analyze the structure and organization of the tuples to determine the best approach for calculating their average values. I will also consider the performance and scalability of the solution.\n-----\n\n[Tester]says: As a Tester, I would suggest writing test cases to cover different edge cases and validate the function's accuracy.\n-----\n\n[ProductOwner]says: As the Product Owner, I think we should prioritize creating a user-friendly interface for this function to make it easier for users to input their data and get the average values.\n-----\n\n[Developer]says: As a Developer, I think we should start by iterating through the tuple of tuples and calculating the average for each tuple. We can then store the results in a list and return it as the output of the function.\n-----\n\n[Tester]says: As a Tester, I would suggest writing test cases to cover different edge cases and validate the function's accuracy.\n-----\n\n[Architect]says: As an architect, I believe the first step is to analyze the structure and organization of the tuples to determine the best approach for calculating their average values. I will also consider the performance and scalability of the solution.\n-----\n\n[ProductOwner]says: As the Product Owner, I will prioritize creating a user-friendly interface for this function to make it easier for users to input their data and get the average values.\n-----\n\n[Developer]says: [Developer] To create a product, we should start by iterating through the tuple of tuples and calculating the average for each tuple. Let's store the results in a list and return it as the output of the function.\n-----\n",
    "DisorderedSprintMeetings": "{\n  \"product-owner\":[\"Prioritize creating a user-friendly interface for the function\"],\n  \"architect\":[\"Analyze the structure and organization of the tuples to determine the best approach for calculating average values, consider performance and scalability\"],\n  \"developer\":[\"Iterate through the tuple of tuples and calculate the average for each tuple, store the results in a list and return it as the output of the function\"],\n  \"tester\":[\"Write test cases to cover different edge cases and validate the function's accuracy\"]\n}",
    "DisorderedSprintMeetings_prompt": "{\"Role\": \"You are a professional scrum master. Your goal is to breakdown the Discussion History into a task list for the scrum team.\", \"Instruction\": \"1. Read and Understand the Discussion History. 2. Define the tasks for four roles: product-owner/architect/developer/tester. 3. Response in JSON format.\", \"Example\": \"{\\\"product-owner\\\":[\\\"task1\\\",\\\"task2\\\"],\\\"architect\\\":[\\\"task1\\\",\\\"task2\\\"], \\\"developer\\\":[\\\"task1\\\",\\\"task2\\\"], \\\"tester\\\":[\\\"task1\\\",\\\"task2\\\"]}\", \"Context\": \"[ScrumMaster]says: We have a job: def average_tuple(nums):\\n'''Write a function which takes a tuple of tuples and returns the average value for each tuple as a list.\\nassert average_tuple(((10, 10, 10, 12), (30, 45, 56, 45), (81, 80, 39, 32), (1, 2, 3, 4)))==[30.5, 34.25, 27.0, 23.25]'''\\n, do you have any ideas?\\n-----\\n\\n[Architect]says: As an architect, I believe the first step is to analyze the structure and organization of the tuples to determine the best approach for calculating their average values. I will also consider the performance and scalability of the solution.\\n-----\\n\\n[Tester]says: As a Tester, I would suggest writing test cases to cover different edge cases and validate the function's accuracy.\\n-----\\n\\n[ProductOwner]says: As the Product Owner, I think we should prioritize creating a user-friendly interface for this function to make it easier for users to input their data and get the average values.\\n-----\\n\\n[Developer]says: As a Developer, I think we should start by iterating through the tuple of tuples and calculating the average for each tuple. We can then store the results in a list and return it as the output of the function.\\n-----\\n\\n[Tester]says: As a Tester, I would suggest writing test cases to cover different edge cases and validate the function's accuracy.\\n-----\\n\\n[Architect]says: As an architect, I believe the first step is to analyze the structure and organization of the tuples to determine the best approach for calculating their average values. I will also consider the performance and scalability of the solution.\\n-----\\n\\n[ProductOwner]says: As the Product Owner, I will prioritize creating a user-friendly interface for this function to make it easier for users to input their data and get the average values.\\n-----\\n\\n[Developer]says: [Developer] To create a product, we should start by iterating through the tuple of tuples and calculating the average for each tuple. Let's store the results in a list and return it as the output of the function.\\n-----\\n\", \"Question\": \"Follow the Instruction section. The Discussion History is in the Context section. You only need to return a task list as the Example section.\"}",
    "UserStoryDraft0": "{\n  \"UserStory\": \"As a product owner, I want to prioritize creating a user-friendly interface for the function that takes a tuple of tuples and returns the average value for each tuple as a list, so that users can easily input the tuples and view the average values in a clear and understandable format.\"\n}",
    "UserStoryDraft0_prompt": "{\"Role\": \"You need to act as a professional product owner. Your task is to write a UserStory\", \"Instruction\": \"According to the Context, please analyze the requirement and write your response. Response in JSON format. Your response should be high-level, rather than providing implementation details.\", \"Example\": \"\", \"Context\": [\"Prioritize creating a user-friendly interface for the function\"], \"Question\": \"Follow the Instruction. The requirement is as follows:\\ndef average_tuple(nums):\\n'''Write a function which takes a tuple of tuples and returns the average value for each tuple as a list.\\nassert average_tuple(((10, 10, 10, 12), (30, 45, 56, 45), (81, 80, 39, 32), (1, 2, 3, 4)))==[30.5, 34.25, 27.0, 23.25]'''\\n\"}",
    "AnalyzeMeetings": "{\n  \"Architect\": \"I suggest breaking down the task into smaller, more manageable components to ensure the user-friendly interface is effectively implemented. Additionally, consider using clear and intuitive design elements to help users easily input the tuples and view the average values.\",\n  \"Tester\": \"I recommend thoroughly testing the function with various input tuples to ensure accurate average value calculations. Additionally, focus on testing the user interface to ensure it is easy to use and understand.\"\n}",
    "UserStory0": "{\n  \"RevisedDocument\": {\n    \"UserStory\": \"As a product owner, I want to prioritize creating a user-friendly interface for the function that takes a tuple of tuples and returns the average value for each tuple as a list, so that users can easily input the tuples and view the average values in a clear and understandable format. To ensure the user-friendly interface is effectively implemented, I will break down the task into smaller, more manageable components. I will also consider using clear and intuitive design elements to help users easily input the tuples and view the average values. Additionally, I will thoroughly test the function with various input tuples to ensure accurate average value calculations and focus on testing the user interface to ensure it is easy to use and understand.\"\n  }\n}",
    "UserStory0_prompt": {
        "Role": "You need to act as a professional product owner. Your duty is to revise the document based on the suggestions.",
        "Instruction": "1. Read the suggestions. 2. Revise your draft version document. 3. Response in JSON format. 4. REMEMBER: Your analysis should be high-level, rather than providing implementation details.",
        "Example": "",
        "Context": "# Suggestion:\n{\n  \"Architect\": \"I suggest breaking down the task into smaller, more manageable components to ensure the user-friendly interface is effectively implemented. Additionally, consider using clear and intuitive design elements to help users easily input the tuples and view the average values.\",\n  \"Tester\": \"I recommend thoroughly testing the function with various input tuples to ensure accurate average value calculations. Additionally, focus on testing the user interface to ensure it is easy to use and understand.\"\n}",
        "Question": "Follow the Instruction. Your colleague give you some suggestions(in the Context section) about this draft document:{\n  \"UserStory\": \"As a product owner, I want to prioritize creating a user-friendly interface for the function that takes a tuple of tuples and returns the average value for each tuple as a list, so that users can easily input the tuples and view the average values in a clear and understandable format.\"\n}"
    },
    "DesignDraft0": "Design:\n- The function average_tuple(nums) should take a tuple of tuples as input and return the average value for each tuple as a list.\n- The function should prioritize performance and scalability by implementing efficient algorithms for calculating average values.\n- The user-friendly interface should be implemented with clear and intuitive design elements to allow users to easily input the tuples and view the average values.\n- Thorough testing of the function with various input tuples should be conducted to ensure accurate average value calculations.\n- Testing of the user interface should focus on ease of use and understandability.\n\nHigh-level Code:\n```python\ndef average_tuple(nums):\n    '''Write a function which takes a tuple of tuples and returns the average value for each tuple as a list.\n    assert average_tuple(((10, 10, 10, 12), (30, 45, 56, 45), (81, 80, 39, 32), (1, 2, 3, 4)))==[30.5, 34.25, 27.0, 23.25]'''\n```",
    "DesignMeetings0": "{\n  \"Developer\": \"1. Consider using built-in functions or libraries for efficient calculation of average values for each tuple. 2. Implement error handling for invalid input tuples to ensure robustness of the function.\",\n  \"Tester\": \"1. Test the function with various input tuples of different sizes to ensure accurate average value calculations. 2. Conduct usability testing of the user interface to identify any potential issues with inputting tuples and viewing average values.\"\n}",
    "Design0": "Based on the suggestions provided by the developer and tester, I have updated the design and the high-level code as follows:\n\nDesign:\n- The function average_tuple(nums) should take a tuple of tuples as input and return the average value for each tuple as a list.\n- Built-in functions or libraries will be utilized for efficient calculation of average values for each tuple to prioritize performance and scalability.\n- Error handling for invalid input tuples will be implemented to ensure robustness of the function.\n- The user-friendly interface should be implemented with clear and intuitive design elements to allow users to easily input the tuples and view the average values.\n- Thorough testing of the function with various input tuples will be conducted to ensure accurate average value calculations.\n- Usability testing of the user interface will be carried out to identify any potential issues with inputting tuples and viewing average values.\n\nHigh-level Code:\n```python\ndef average_tuple(nums):\n    '''Write a function which takes a tuple of tuples and returns the average value for each tuple as a list.\n    assert average_tuple(((10, 10, 10, 12), (30, 45, 56, 45), (81, 80, 39, 32), (1, 2, 3, 4)))==[30.5, 34.25, 27.0, 23.25]'''\n    # Efficient calculation of average values using built-in functions or libraries\n    # Error handling for invalid input tuples\n    # Thorough testing to ensure accurate average value calculations\n    # Implementation of user-friendly interface\n```\n\nPlease review the updated design and let me know if any further modifications are required.",
    "CodeDraft0": "def average_tuple(nums):\n    result = []\n    for tpl in nums:\n        avg = sum(tpl) / len(tpl)\n        result.append(avg)\n    return result",
    "CodeDraft0_prompt": {
        "Role": "You are a professional engineer. Your duty is to write code in Python that meets the requirements. Ensure that the code you write is efficient, readable, and follows best practices. Remember, do not need to explain the code you wrote.",
        "Instruction": "According to the Context section, write your code.",
        "Example": "",
        "Context": "# Tasks:\n['Iterate through the tuple of tuples and calculate the average for each tuple, store the results in a list and return it as the output of the function']\n# Design:\nBased on the suggestions provided by the developer and tester, I have updated the design and the high-level code as follows:\n\nDesign:\n- The function average_tuple(nums) should take a tuple of tuples as input and return the average value for each tuple as a list.\n- Built-in functions or libraries will be utilized for efficient calculation of average values for each tuple to prioritize performance and scalability.\n- Error handling for invalid input tuples will be implemented to ensure robustness of the function.\n- The user-friendly interface should be implemented with clear and intuitive design elements to allow users to easily input the tuples and view the average values.\n- Thorough testing of the function with various input tuples will be conducted to ensure accurate average value calculations.\n- Usability testing of the user interface will be carried out to identify any potential issues with inputting tuples and viewing average values.\n\nHigh-level Code:\n```python\ndef average_tuple(nums):\n    '''Write a function which takes a tuple of tuples and returns the average value for each tuple as a list.\n    assert average_tuple(((10, 10, 10, 12), (30, 45, 56, 45), (81, 80, 39, 32), (1, 2, 3, 4)))==[30.5, 34.25, 27.0, 23.25]'''\n    # Efficient calculation of average values using built-in functions or libraries\n    # Error handling for invalid input tuples\n    # Thorough testing to ensure accurate average value calculations\n    # Implementation of user-friendly interface\n```\n\nPlease review the updated design and let me know if any further modifications are required.",
        "Question": "Follow the Instruction section. Complete the following code:\ndef average_tuple(nums):\n'''Write a function which takes a tuple of tuples and returns the average value for each tuple as a list.\nassert average_tuple(((10, 10, 10, 12), (30, 45, 56, 45), (81, 80, 39, 32), (1, 2, 3, 4)))==[30.5, 34.25, 27.0, 23.25]'''\n"
    },
    "Code0CR": "def average_tuple(nums):\n    result = []\n    for tpl in nums:\n        avg = sum(tpl) / len(tpl)\n        result.append(avg)\n    return result",
    "FinalCode": "def average_tuple(nums):\n    result = []\n    for tup in nums:\n        avg = sum(tup) / len(tup)\n        result.append(round(avg, 2))\n    return result",
    "Test Cases Draft": "{\n  \"test_cases\": [\n    {\n      \"Test Title\": \"Valid Input Tuple\",\n      \"Input Data\": \"parameter1=((10, 10, 10, 12), (30, 45, 56, 45), (81, 80, 39, 32), (1, 2, 3, 4))\",\n      \"Expected Output\": \"[30.5, 34.25, 27.0, 23.25]\"\n    },\n    {\n      \"Test Title\": \"Empty Input Tuple\",\n      \"Input Data\": \"parameter1=()\",\n      \"Expected Output\": \"[]\"\n    },\n    {\n      \"Test Title\": \"Single Tuple Input\",\n      \"Input Data\": \"parameter1=((1, 2, 3, 4))\",\n      \"Expected Output\": \"[2.5]\"\n    },\n    {\n      \"Test Title\": \"Negative Number Input\",\n      \"Input Data\": \"parameter1=((-10, 10, -5, 12), (30, -45, 56, 45))\",\n      \"Expected Output\": \"[-0.25, 21.5]\"\n    }\n  ]\n}",
    "Test Cases Draft_prompt": "{\"Role\": \"You are a quality assurance engineer. Your duty is to design test cases for the developers.\", \"Instruction\": \"According to the Context section, write test cases. Don't write long strings in your test cases. Response in JSON format.\", \"Example\": \"{\\\"requirement analysis\\\":\\\"analysis\\\",\\\"test_cases\\\":[{\\\"Test Title\\\":\\\"title\\\", \\\"Input Data\\\":\\\"parameter1=[1,2,3],parameter2='123'\\\", \\\"Expected Output\\\":\\\"456\\\"},]}\", \"Context\": \"# UsrtStory:\\n{\\n  \\\"RevisedDocument\\\": {\\n    \\\"UserStory\\\": \\\"As a product owner, I want to prioritize creating a user-friendly interface for the function that takes a tuple of tuples and returns the average value for each tuple as a list, so that users can easily input the tuples and view the average values in a clear and understandable format. To ensure the user-friendly interface is effectively implemented, I will break down the task into smaller, more manageable components. I will also consider using clear and intuitive design elements to help users easily input the tuples and view the average values. Additionally, I will thoroughly test the function with various input tuples to ensure accurate average value calculations and focus on testing the user interface to ensure it is easy to use and understand.\\\"\\n  }\\n}\\n# Tasks:\\n[\\\"Write test cases to cover different edge cases and validate the function's accuracy\\\"]\\n# Design:\\nBased on the suggestions provided by the developer and tester, I have updated the design and the high-level code as follows:\\n\\nDesign:\\n- The function average_tuple(nums) should take a tuple of tuples as input and return the average value for each tuple as a list.\\n- Built-in functions or libraries will be utilized for efficient calculation of average values for each tuple to prioritize performance and scalability.\\n- Error handling for invalid input tuples will be implemented to ensure robustness of the function.\\n- The user-friendly interface should be implemented with clear and intuitive design elements to allow users to easily input the tuples and view the average values.\\n- Thorough testing of the function with various input tuples will be conducted to ensure accurate average value calculations.\\n- Usability testing of the user interface will be carried out to identify any potential issues with inputting tuples and viewing average values.\\n\\nHigh-level Code:\\n```python\\ndef average_tuple(nums):\\n    '''Write a function which takes a tuple of tuples and returns the average value for each tuple as a list.\\n    assert average_tuple(((10, 10, 10, 12), (30, 45, 56, 45), (81, 80, 39, 32), (1, 2, 3, 4)))==[30.5, 34.25, 27.0, 23.25]'''\\n    # Efficient calculation of average values using built-in functions or libraries\\n    # Error handling for invalid input tuples\\n    # Thorough testing to ensure accurate average value calculations\\n    # Implementation of user-friendly interface\\n```\\n\\nPlease review the updated design and let me know if any further modifications are required.\", \"Question\": \"def average_tuple(nums):\\n'''Write a function which takes a tuple of tuples and returns the average value for each tuple as a list.\\nassert average_tuple(((10, 10, 10, 12), (30, 45, 56, 45), (81, 80, 39, 32), (1, 2, 3, 4)))==[30.5, 34.25, 27.0, 23.25]'''\\n\"}",
    "Test Cases Meetings": "{\n  \"Architect\": \"As an Architect, I suggest revising the test cases to include boundary test cases such as maximum and minimum input values, as well as edge cases for handling invalid input. Additionally, considering adding test cases for performance and scalability testing.\",\n  \"Developer\": \"As a Developer, I suggest revising the test cases to include negative test cases for handling invalid input data, as well as adding test cases for handling different data types and formats. It would also be helpful to include test cases for error handling and exception scenarios.\"\n}",
    "Test Cases": "{\n  \"test_cases\": [\n    {\n      \"Test Title\": \"Valid Input Tuple\",\n      \"Input Data\": \"((10, 10, 10, 12), (30, 45, 56, 45), (81, 80, 39, 32), (1, 2, 3, 4))\",\n      \"Expected Output\": \"[30.5, 34.25, 27.0, 23.25]\"\n    },\n    {\n      \"Test Title\": \"Empty Input Tuple\",\n      \"Input Data\": \"()\",\n      \"Expected Output\": \"[]\"\n    },\n    {\n      \"Test Title\": \"Single Tuple Input\",\n      \"Input Data\": \"((1, 2, 3, 4))\",\n      \"Expected Output\": \"[2.5]\"\n    },\n    {\n      \"Test Title\": \"Negative Number Input\",\n      \"Input Data\": \"((-10, 10, -5, 12), (30, -45, 56, 45))\",\n      \"Expected Output\": \"[-0.25, 21.5]\"\n    },\n    {\n      \"Test Title\": \"Maximum Input Tuple\",\n      \"Input Data\": \"((999999999, 999999999, 999999999, 999999999))\",\n      \"Expected Output\": \"[999999999.0]\"\n    },\n    {\n      \"Test Title\": \"Minimum Input Tuple\",\n      \"Input Data\": \"((-999999999, -999999999, -999999999, -999999999))\",\n      \"Expected Output\": \"[-999999999.0]\"\n    }\n  ]\n}",
    "Test Cases_prompt": "{\"Role\": \"You are a quality assurance engineer. Your duty is to revise the test cases based on the suggestions.\", \"Instruction\": \"1. Your colleague give you some suggestions(in the Context section) about the draft test cases, read these suggestions. 2. Revise your draft version test cases, but don't use long parameters. 3. Response in JSON format.\", \"Example\": \"{\\\"requirement analysis\\\":\\\"analysis\\\",\\\"test_cases\\\":[{\\\"Test Title\\\":\\\"title\\\", \\\"Input Data\\\":\\\"parameter1=[1,2,3],parameter2='123'\\\", \\\"Expected Output\\\":\\\"456\\\"},]}\", \"Context\": \"# Suggestions:\\n{\\n  \\\"Architect\\\": \\\"As an Architect, I suggest revising the test cases to include boundary test cases such as maximum and minimum input values, as well as edge cases for handling invalid input. Additionally, considering adding test cases for performance and scalability testing.\\\",\\n  \\\"Developer\\\": \\\"As a Developer, I suggest revising the test cases to include negative test cases for handling invalid input data, as well as adding test cases for handling different data types and formats. It would also be helpful to include test cases for error handling and exception scenarios.\\\"\\n}\\n # Draft Test cases:\\n{\\n  \\\"test_cases\\\": [\\n    {\\n      \\\"Test Title\\\": \\\"Valid Input Tuple\\\",\\n      \\\"Input Data\\\": \\\"parameter1=((10, 10, 10, 12), (30, 45, 56, 45), (81, 80, 39, 32), (1, 2, 3, 4))\\\",\\n      \\\"Expected Output\\\": \\\"[30.5, 34.25, 27.0, 23.25]\\\"\\n    },\\n    {\\n      \\\"Test Title\\\": \\\"Empty Input Tuple\\\",\\n      \\\"Input Data\\\": \\\"parameter1=()\\\",\\n      \\\"Expected Output\\\": \\\"[]\\\"\\n    },\\n    {\\n      \\\"Test Title\\\": \\\"Single Tuple Input\\\",\\n      \\\"Input Data\\\": \\\"parameter1=((1, 2, 3, 4))\\\",\\n      \\\"Expected Output\\\": \\\"[2.5]\\\"\\n    },\\n    {\\n      \\\"Test Title\\\": \\\"Negative Number Input\\\",\\n      \\\"Input Data\\\": \\\"parameter1=((-10, 10, -5, 12), (30, -45, 56, 45))\\\",\\n      \\\"Expected Output\\\": \\\"[-0.25, 21.5]\\\"\\n    }\\n  ]\\n}\", \"Question\": \"Follow the Instruction. Please make sure your response length are less than 512. Your test cases is for the below question:\\ndef average_tuple(nums):\\n'''Write a function which takes a tuple of tuples and returns the average value for each tuple as a list.\\nassert average_tuple(((10, 10, 10, 12), (30, 45, 56, 45), (81, 80, 39, 32), (1, 2, 3, 4)))==[30.5, 34.25, 27.0, 23.25]'''\\n\"}",
    "Code0": "def average_tuple(nums):\n    result = [sum(tpl) / len(tpl) for tpl in nums]\n    return result",
    "Code0_prompt": {
        "Role": "You are a professional software engineer. Your duty is to write code in Python that meets the requirements. Ensure that the code you write is efficient, readable, and follows best practices. Remember, do not need to explain the code you wrote.",
        "Instruction": "1. Understand the test cases(in the Context section) about the original code. 2. Rewrite your code, make sure your code pass all test cases.",
        "Example": "",
        "Context": "# Original Code:\ndef average_tuple(nums):\n    result = []\n    for tpl in nums:\n        avg = sum(tpl) / len(tpl)\n        result.append(avg)\n    return result\n# Test Cases:\n{\n  \"test_cases\": [\n    {\n      \"Test Title\": \"Valid Input Tuple\",\n      \"Input Data\": \"((10, 10, 10, 12), (30, 45, 56, 45), (81, 80, 39, 32), (1, 2, 3, 4))\",\n      \"Expected Output\": \"[30.5, 34.25, 27.0, 23.25]\"\n    },\n    {\n      \"Test Title\": \"Empty Input Tuple\",\n      \"Input Data\": \"()\",\n      \"Expected Output\": \"[]\"\n    },\n    {\n      \"Test Title\": \"Single Tuple Input\",\n      \"Input Data\": \"((1, 2, 3, 4))\",\n      \"Expected Output\": \"[2.5]\"\n    },\n    {\n      \"Test Title\": \"Negative Number Input\",\n      \"Input Data\": \"((-10, 10, -5, 12), (30, -45, 56, 45))\",\n      \"Expected Output\": \"[-0.25, 21.5]\"\n    },\n    {\n      \"Test Title\": \"Maximum Input Tuple\",\n      \"Input Data\": \"((999999999, 999999999, 999999999, 999999999))\",\n      \"Expected Output\": \"[999999999.0]\"\n    },\n    {\n      \"Test Title\": \"Minimum Input Tuple\",\n      \"Input Data\": \"((-999999999, -999999999, -999999999, -999999999))\",\n      \"Expected Output\": \"[-999999999.0]\"\n    }\n  ]\n}",
        "Question": "def average_tuple(nums):\n'''Write a function which takes a tuple of tuples and returns the average value for each tuple as a list.\nassert average_tuple(((10, 10, 10, 12), (30, 45, 56, 45), (81, 80, 39, 32), (1, 2, 3, 4)))==[30.5, 34.25, 27.0, 23.25]'''\n"
    },
    "TestScriptOriginal": "import unittest\n\ndef average_tuple(nums):\n    '''Write a function which takes a tuple of tuples and returns the average value for each tuple as a list.'''\n    result = []\n    for tup in nums:\n        result.append(sum(tup) / len(tup))\n    return result\n\nclass Test(unittest.TestCase):\n    def test(self):\n        self.assertEqual(average_tuple(((10, 10, 10, 12), (30, 45, 56, 45), (81, 80, 39, 32), (1, 2, 3, 4))), [30.5, 34.25, 48.0, 2.5])\n\nif __name__ == '__main__':\n    unittest.main()",
    "TestScriptOriginal_prompt": "{\"Role\": \"You are a quality assurance engineer. Your duty is to write a python test script in unittest framework.\", \"Instruction\": \"1. Write a python test script. 2. Use the input and output given by the question.\", \"Example\": \"import unittest\\n\\nclass Test(unittest.TestCase):\\n    def test(self):\\n        self.assertEqual(function_under_test('a'), 1)\\n\\nif __name__ == '__main__':\\n    unittest.main()\", \"Context\": \"\", \"Question\": \"def average_tuple(nums):\\n'''Write a function which takes a tuple of tuples and returns the average value for each tuple as a list.\\nassert average_tuple(((10, 10, 10, 12), (30, 45, 56, 45), (81, 80, 39, 32), (1, 2, 3, 4)))==[30.5, 34.25, 27.0, 23.25]'''\\n\"}",
    "TestScript": "import unittest\n\nclass Test(unittest.TestCase):\n    def test(self):\n        self.assertEqual(average_tuple(((10, 10, 10, 12), (30, 45, 56, 45), (81, 80, 39, 32), (1, 2, 3, 4))), [30.5, 34.25, 48.0, 2.5])\n\nif __name__ == '__main__':\n    unittest.main()",
    "ScriptResult0": "F\n======================================================================\nFAIL: test (__main__.Test)\n----------------------------------------------------------------------\nTraceback (most recent call last):\n  File \"/Users/watch/PycharmProjects/XXXX-1-LLM/workspace/2024-03-11_13-47-56-367863/test_script.py\", line 8, in test\n    self.assertEqual(average_tuple(((10, 10, 10, 12), (30, 45, 56, 45), (81, 80, 39, 32), (1, 2, 3, 4))), [30.5, 34.25, 48.0, 2.5])\nAssertionError: Lists differ: [10.5, 44.0, 58.0, 2.5] != [30.5, 34.25, 48.0, 2.5]\n\nFirst differing element 0:\n10.5\n30.5\n\n- [10.5, 44.0, 58.0, 2.5]\n?  ^     ^  ^  ^\n\n+ [30.5, 34.25, 48.0, 2.5]\n?  ^     ^  ^^  ^\n\n\n----------------------------------------------------------------------\nRan 1 test in 0.000s\n\nFAILED (failures=1)\n",
    "TestReport0": "Test Report\n\nTest Case: average_tuple(nums)\n\nTest Result: FAIL\n\nInput: ((10, 10, 10, 12), (30, 45, 56, 45), (81, 80, 39, 32), (1, 2, 3, 4))\n\nExpected Output: [30.5, 34.25, 48.0, 2.5]\n\nActual Output: [10.5, 44.0, 58.0, 2.5]\n\nDiscrepancy: Lists differ at index 0, 1, and 2 with the expected output.\n\nConclusion: Code Test Failed\n\nNote: The test case for the function average_tuple(nums) has failed to produce the expected output. The actual output differs from the expected output as mentioned above. Further investigation and debugging are required to address the discrepancies.\n\nEnd of Test Report",
    "SprintReview0": "[ScrumMaster]says: Here is our test Report: Test Report\n\nTest Case: average_tuple(nums)\n\nTest Result: FAIL\n\nInput: ((10, 10, 10, 12), (30, 45, 56, 45), (81, 80, 39, 32), (1, 2, 3, 4))\n\nExpected Output: [30.5, 34.25, 48.0, 2.5]\n\nActual Output: [10.5, 44.0, 58.0, 2.5]\n\nDiscrepancy: Lists differ at index 0, 1, and 2 with the expected output.\n\nConclusion: Code Test Failed\n\nNote: The test case for the function average_tuple(nums) has failed to produce the expected output. The actual output differs from the expected output as mentioned above. Further investigation and debugging are required to address the discrepancies.\n\nEnd of Test Report, do you have any ideas?\n-----\n\n[Architect]says: As an Architect, I suggest reviewing the code for the average_tuple(nums) function to identify and fix the discrepancies in the test results.\n-----\n\n[Developer]says: As a Developer, I will review the code for the average_tuple(nums) function and run some debugging to address the discrepancies mentioned in the test report.\n-----\n\n[Tester]says: As a Tester, I would suggest reviewing the code for the average_tuple(nums) function and conducting further debugging to address the discrepancies mentioned in the test report.\n-----\n\n[ProductOwner]says: As a Product Owner, I think we should prioritize fixing the failed test case for the function average_tuple(nums) before moving forward with any other development tasks.\n-----\n\n[Architect]says: As an Architect, I suggest reviewing the code for the average_tuple(nums) function to identify and fix the discrepancies in the test results.\n-----\n\n[Developer]says: As a Developer, I will review the code for the average_tuple(nums) function and run some debugging to address the discrepancies mentioned in the test report.\n-----\n\n[Tester]says: As a Tester, I agree with the suggestion to review the code for the average_tuple(nums) function and conduct further debugging to address the discrepancies mentioned in the test report.\n-----\n\n[ProductOwner]says: As a Product Owner, I think we should prioritize fixing the failed test case for the function average_tuple(nums) before moving forward with any other development tasks.\n-----\n",
    "SprintReviewMeetings0": "{\n  \"product-owner\": [\"I think we should prioritize fixing the failed test case for the function average_tuple(nums) before moving forward with any other development tasks.\"],\n  \"architect\": [\"I suggest reviewing the code for the average_tuple(nums) function to identify and fix the discrepancies in the test results.\"],\n  \"developer\": [\"I will review the code for the average_tuple(nums) function and run some debugging to address the discrepancies mentioned in the test report.\"],\n  \"tester\": [\"I would suggest reviewing the code for the average_tuple(nums) function and conducting further debugging to address the discrepancies mentioned in the test report.\"]\n}",
    "SprintReviewMeetings0_prompt": "{\"Role\": \"You are a professional scrum master. Your goal is to summary the Discussion History into a suggestions list for the scrum team.\", \"Instruction\": \"1. Read and Understand the Discussion History. 2. Summary the suggestions from four roles: product-owner/architect/developer/tester. 3. Response in JSON format.\", \"Example\": \"{\\\"product-owner\\\":[\\\"suggestion1\\\",\\\"suggestion2\\\"],\\\"architect\\\":[\\\"suggestion1\\\",\\\"suggestion2\\\"], \\\"developer\\\":[\\\"suggestion1\\\",\\\"suggestion2\\\"], \\\"tester\\\":[\\\"suggestion1\\\",\\\"suggestion2\\\"]}\", \"Context\": \"[ScrumMaster]says: Here is our test Report: Test Report\\n\\nTest Case: average_tuple(nums)\\n\\nTest Result: FAIL\\n\\nInput: ((10, 10, 10, 12), (30, 45, 56, 45), (81, 80, 39, 32), (1, 2, 3, 4))\\n\\nExpected Output: [30.5, 34.25, 48.0, 2.5]\\n\\nActual Output: [10.5, 44.0, 58.0, 2.5]\\n\\nDiscrepancy: Lists differ at index 0, 1, and 2 with the expected output.\\n\\nConclusion: Code Test Failed\\n\\nNote: The test case for the function average_tuple(nums) has failed to produce the expected output. The actual output differs from the expected output as mentioned above. Further investigation and debugging are required to address the discrepancies.\\n\\nEnd of Test Report, do you have any ideas?\\n-----\\n\\n[Architect]says: As an Architect, I suggest reviewing the code for the average_tuple(nums) function to identify and fix the discrepancies in the test results.\\n-----\\n\\n[Developer]says: As a Developer, I will review the code for the average_tuple(nums) function and run some debugging to address the discrepancies mentioned in the test report.\\n-----\\n\\n[Tester]says: As a Tester, I would suggest reviewing the code for the average_tuple(nums) function and conducting further debugging to address the discrepancies mentioned in the test report.\\n-----\\n\\n[ProductOwner]says: As a Product Owner, I think we should prioritize fixing the failed test case for the function average_tuple(nums) before moving forward with any other development tasks.\\n-----\\n\\n[Architect]says: As an Architect, I suggest reviewing the code for the average_tuple(nums) function to identify and fix the discrepancies in the test results.\\n-----\\n\\n[Developer]says: As a Developer, I will review the code for the average_tuple(nums) function and run some debugging to address the discrepancies mentioned in the test report.\\n-----\\n\\n[Tester]says: As a Tester, I agree with the suggestion to review the code for the average_tuple(nums) function and conduct further debugging to address the discrepancies mentioned in the test report.\\n-----\\n\\n[ProductOwner]says: As a Product Owner, I think we should prioritize fixing the failed test case for the function average_tuple(nums) before moving forward with any other development tasks.\\n-----\\n\", \"Question\": \"Follow the Instruction section. The Discussion History is in the Context section. You only need to return a list as the Example section.\"}",
    "RepairResponse0": "{\n  \"revised_code\": \"def average_tuple(nums):\\n    averages = []\\n    for tup in nums:\\n        avg = sum(tup) / len(tup)\\n        averages.append(avg)\\n    return averages\"\n}",
    "RepairResponse0_prompt": {
        "Role": "You are a professional software engineer. Your duty is to write code in Python that meets the requirements. Ensure that the code you write is efficient, readable, and follows best practices. Remember, do not need to explain the code you wrote.",
        "Instruction": "1. Rewrite a bug fix version of the original code. 2. Response in JSON format.",
        "Example": "{\"revised_code\":\"...\"}",
        "Context": "# Test Report:\nTest Report\n\nTest Case: average_tuple(nums)\n\nTest Result: FAIL\n\nInput: ((10, 10, 10, 12), (30, 45, 56, 45), (81, 80, 39, 32), (1, 2, 3, 4))\n\nExpected Output: [30.5, 34.25, 48.0, 2.5]\n\nActual Output: [10.5, 44.0, 58.0, 2.5]\n\nDiscrepancy: Lists differ at index 0, 1, and 2 with the expected output.\n\nConclusion: Code Test Failed\n\nNote: The test case for the function average_tuple(nums) has failed to produce the expected output. The actual output differs from the expected output as mentioned above. Further investigation and debugging are required to address the discrepancies.\n\nEnd of Test Report# suggestions:\n{\"product-owner\": [\"I think we should prioritize fixing the failed test case for the function average_tuple(nums) before moving forward with any other development tasks.\"], \"architect\": [\"I suggest reviewing the code for the average_tuple(nums) function to identify and fix the discrepancies in the test results.\"], \"developer\": [\"I will review the code for the average_tuple(nums) function and run some debugging to address the discrepancies mentioned in the test report.\"], \"tester\": [\"I would suggest reviewing the code for the average_tuple(nums) function and conducting further debugging to address the discrepancies mentioned in the test report.\"]}",
        "Question": "The original code has some bugs, according to the test report and suggestions, rewrite the code. Complete the following code:\ndef average_tuple(nums):\n'''Write a function which takes a tuple of tuples and returns the average value for each tuple as a list.\nassert average_tuple(((10, 10, 10, 12), (30, 45, 56, 45), (81, 80, 39, 32), (1, 2, 3, 4)))==[30.5, 34.25, 27.0, 23.25]'''\n"
    },
    "Code1": "def average_tuple(nums):\n    averages = []\n    for tup in nums:\n        avg = sum(tup) / len(tup)\n        averages.append(avg)\n    return averages",
    "ScriptResult1": "F\n======================================================================\nFAIL: test (__main__.Test)\n----------------------------------------------------------------------\nTraceback (most recent call last):\n  File \"/Users/watch/PycharmProjects/XXXX-1-LLM/workspace/2024-03-11_13-47-56-367863/test_script.py\", line 11, in test\n    self.assertEqual(average_tuple(((10, 10, 10, 12), (30, 45, 56, 45), (81, 80, 39, 32), (1, 2, 3, 4))), [30.5, 34.25, 48.0, 2.5])\nAssertionError: Lists differ: [10.5, 44.0, 58.0, 2.5] != [30.5, 34.25, 48.0, 2.5]\n\nFirst differing element 0:\n10.5\n30.5\n\n- [10.5, 44.0, 58.0, 2.5]\n?  ^     ^  ^  ^\n\n+ [30.5, 34.25, 48.0, 2.5]\n?  ^     ^  ^^  ^\n\n\n----------------------------------------------------------------------\nRan 1 test in 0.000s\n\nFAILED (failures=1)\n",
    "TestReport1": "Test Report:\n\nTest Script's Output:\nF\n======================================================================\nFAIL: test (__main__.Test)\n----------------------------------------------------------------------\nTraceback (most recent call last):\n  File \"/Users/watch/PycharmProjects/XXXX-1-LLM/workspace/2024-03-11_13-47-56-367863/test_script.py\", line 11, in test\n    self.assertEqual(average_tuple(((10, 10, 10, 12), (30, 45, 56, 45), (81, 80, 39, 32), (1, 2, 3, 4))), [30.5, 34.25, 48.0, 2.5])\nAssertionError: Lists differ: [10.5, 44.0, 58.0, 2.5] != [30.5, 34.25, 48.0, 2.5]\n\nFirst differing element 0:\n10.5\n30.5\n\n- [10.5, 44.0, 58.0, 2.5]\n?  ^     ^  ^  ^\n\n+ [30.5, 34.25, 48.0, 2.5]\n?  ^     ^  ^^  ^\n\n----------------------------------------------------------------------\nRan 1 test in 0.000s\n\nFAILED (failures=1)\n\nConclusion: Code Test Failed\n\nInput Example:\naverage_tuple(((10, 10, 10, 12), (30, 45, 56, 45), (81, 80, 39, 32), (1, 2, 3, 4)))\nExpected Output:\n[30.5, 34.25, 48.0, 2.5]\n\nBased on the test output, the code has failed the test. The expected output [30.5, 34.25, 48.0, 2.5] does not match the actual output [10.5, 44.0, 58.0, 2.5]. Further investigation and debugging are required to fix the code.",
    "SprintReview1": "[ScrumMaster]says: Here is our test Report: Test Report:\n\nTest Script's Output:\nF\n======================================================================\nFAIL: test (__main__.Test)\n----------------------------------------------------------------------\nTraceback (most recent call last):\n  File \"/Users/watch/PycharmProjects/XXXX-1-LLM/workspace/2024-03-11_13-47-56-367863/test_script.py\", line 11, in test\n    self.assertEqual(average_tuple(((10, 10, 10, 12), (30, 45, 56, 45), (81, 80, 39, 32), (1, 2, 3, 4))), [30.5, 34.25, 48.0, 2.5])\nAssertionError: Lists differ: [10.5, 44.0, 58.0, 2.5] != [30.5, 34.25, 48.0, 2.5]\n\nFirst differing element 0:\n10.5\n30.5\n\n- [10.5, 44.0, 58.0, 2.5]\n?  ^     ^  ^  ^\n\n+ [30.5, 34.25, 48.0, 2.5]\n?  ^     ^  ^^  ^\n\n----------------------------------------------------------------------\nRan 1 test in 0.000s\n\nFAILED (failures=1)\n\nConclusion: Code Test Failed\n\nInput Example:\naverage_tuple(((10, 10, 10, 12), (30, 45, 56, 45), (81, 80, 39, 32), (1, 2, 3, 4)))\nExpected Output:\n[30.5, 34.25, 48.0, 2.5]\n\nBased on the test output, the code has failed the test. The expected output [30.5, 34.25, 48.0, 2.5] does not match the actual output [10.5, 44.0, 58.0, 2.5]. Further investigation and debugging are required to fix the code., do you have any ideas?\n-----\n\n[Developer]says: As a Developer, I think we should review the code to identify and fix the discrepancy in the test output.\n-----\n\n[Tester]says: As a Tester, I recommend reviewing the code and debugging to identify the cause of the test failure.\n-----\n\n[Architect]says: As an Architect, I suggest reviewing the code for the average_tuple function to identify and fix the discrepancy in the test output.\n-----\n\n[ProductOwner]says: As a Product Owner, it is important to prioritize fixing the code issue in order to ensure the product meets the expected output.\n-----\n\n[Developer]says: As a Developer, I will review the code to identify and fix the discrepancy in the test output.\n-----\n\n[Tester]says: As a Tester, I recommend reviewing the code and debugging to identify the cause of the test failure.\n-----\n\n[Architect]says: As an Architect, I recommend reviewing the code for the average_tuple function to identify and fix the discrepancy in the test output.\n-----\n\n[ProductOwner]says: As a Product Owner, I believe it is important to prioritize fixing the code issue in order to ensure the product meets the expected output.\n-----\n",
    "SprintReviewMeetings1": "{\n  \"product-owner\": [\n    \"It is important to prioritize fixing the code issue in order to ensure the product meets the expected output.\"\n  ],\n  \"architect\": [\n    \"Review the code for the average_tuple function to identify and fix the discrepancy in the test output.\"\n  ],\n  \"developer\": [\n    \"Review the code to identify and fix the discrepancy in the test output.\"\n  ],\n  \"tester\": [\n    \"Recommend reviewing the code and debugging to identify the cause of the test failure.\"\n  ]\n}",
    "SprintReviewMeetings1_prompt": "{\"Role\": \"You are a professional scrum master. Your goal is to summary the Discussion History into a suggestions list for the scrum team.\", \"Instruction\": \"1. Read and Understand the Discussion History. 2. Summary the suggestions from four roles: product-owner/architect/developer/tester. 3. Response in JSON format.\", \"Example\": \"{\\\"product-owner\\\":[\\\"suggestion1\\\",\\\"suggestion2\\\"],\\\"architect\\\":[\\\"suggestion1\\\",\\\"suggestion2\\\"], \\\"developer\\\":[\\\"suggestion1\\\",\\\"suggestion2\\\"], \\\"tester\\\":[\\\"suggestion1\\\",\\\"suggestion2\\\"]}\", \"Context\": \"[ScrumMaster]says: Here is our test Report: Test Report:\\n\\nTest Script's Output:\\nF\\n======================================================================\\nFAIL: test (__main__.Test)\\n----------------------------------------------------------------------\\nTraceback (most recent call last):\\n  File \\\"/Users/watch/PycharmProjects/XXXX-1-LLM/workspace/2024-03-11_13-47-56-367863/test_script.py\\\", line 11, in test\\n    self.assertEqual(average_tuple(((10, 10, 10, 12), (30, 45, 56, 45), (81, 80, 39, 32), (1, 2, 3, 4))), [30.5, 34.25, 48.0, 2.5])\\nAssertionError: Lists differ: [10.5, 44.0, 58.0, 2.5] != [30.5, 34.25, 48.0, 2.5]\\n\\nFirst differing element 0:\\n10.5\\n30.5\\n\\n- [10.5, 44.0, 58.0, 2.5]\\n?  ^     ^  ^  ^\\n\\n+ [30.5, 34.25, 48.0, 2.5]\\n?  ^     ^  ^^  ^\\n\\n----------------------------------------------------------------------\\nRan 1 test in 0.000s\\n\\nFAILED (failures=1)\\n\\nConclusion: Code Test Failed\\n\\nInput Example:\\naverage_tuple(((10, 10, 10, 12), (30, 45, 56, 45), (81, 80, 39, 32), (1, 2, 3, 4)))\\nExpected Output:\\n[30.5, 34.25, 48.0, 2.5]\\n\\nBased on the test output, the code has failed the test. The expected output [30.5, 34.25, 48.0, 2.5] does not match the actual output [10.5, 44.0, 58.0, 2.5]. Further investigation and debugging are required to fix the code., do you have any ideas?\\n-----\\n\\n[Developer]says: As a Developer, I think we should review the code to identify and fix the discrepancy in the test output.\\n-----\\n\\n[Tester]says: As a Tester, I recommend reviewing the code and debugging to identify the cause of the test failure.\\n-----\\n\\n[Architect]says: As an Architect, I suggest reviewing the code for the average_tuple function to identify and fix the discrepancy in the test output.\\n-----\\n\\n[ProductOwner]says: As a Product Owner, it is important to prioritize fixing the code issue in order to ensure the product meets the expected output.\\n-----\\n\\n[Developer]says: As a Developer, I will review the code to identify and fix the discrepancy in the test output.\\n-----\\n\\n[Tester]says: As a Tester, I recommend reviewing the code and debugging to identify the cause of the test failure.\\n-----\\n\\n[Architect]says: As an Architect, I recommend reviewing the code for the average_tuple function to identify and fix the discrepancy in the test output.\\n-----\\n\\n[ProductOwner]says: As a Product Owner, I believe it is important to prioritize fixing the code issue in order to ensure the product meets the expected output.\\n-----\\n\", \"Question\": \"Follow the Instruction section. The Discussion History is in the Context section. You only need to return a list as the Example section.\"}",
    "RepairResponse1": "{\n  \"revised_code\": \"def average_tuple(nums):\\n    result = []\\n    for tup in nums:\\n        avg = sum(tup) / len(tup)\\n        result.append(avg)\\n    return result\"\n}",
    "RepairResponse1_prompt": {
        "Role": "You are a professional software engineer. Your duty is to write code in Python that meets the requirements. Ensure that the code you write is efficient, readable, and follows best practices. Remember, do not need to explain the code you wrote.",
        "Instruction": "1. Rewrite a bug fix version of the original code. 2. Response in JSON format.",
        "Example": "{\"revised_code\":\"...\"}",
        "Context": "# Test Report:\nTest Report:\n\nTest Script's Output:\nF\n======================================================================\nFAIL: test (__main__.Test)\n----------------------------------------------------------------------\nTraceback (most recent call last):\n  File \"/Users/watch/PycharmProjects/XXXX-1-LLM/workspace/2024-03-11_13-47-56-367863/test_script.py\", line 11, in test\n    self.assertEqual(average_tuple(((10, 10, 10, 12), (30, 45, 56, 45), (81, 80, 39, 32), (1, 2, 3, 4))), [30.5, 34.25, 48.0, 2.5])\nAssertionError: Lists differ: [10.5, 44.0, 58.0, 2.5] != [30.5, 34.25, 48.0, 2.5]\n\nFirst differing element 0:\n10.5\n30.5\n\n- [10.5, 44.0, 58.0, 2.5]\n?  ^     ^  ^  ^\n\n+ [30.5, 34.25, 48.0, 2.5]\n?  ^     ^  ^^  ^\n\n----------------------------------------------------------------------\nRan 1 test in 0.000s\n\nFAILED (failures=1)\n\nConclusion: Code Test Failed\n\nInput Example:\naverage_tuple(((10, 10, 10, 12), (30, 45, 56, 45), (81, 80, 39, 32), (1, 2, 3, 4)))\nExpected Output:\n[30.5, 34.25, 48.0, 2.5]\n\nBased on the test output, the code has failed the test. The expected output [30.5, 34.25, 48.0, 2.5] does not match the actual output [10.5, 44.0, 58.0, 2.5]. Further investigation and debugging are required to fix the code.# suggestions:\n{\"product-owner\": [\"It is important to prioritize fixing the code issue in order to ensure the product meets the expected output.\"], \"architect\": [\"Review the code for the average_tuple function to identify and fix the discrepancy in the test output.\"], \"developer\": [\"Review the code to identify and fix the discrepancy in the test output.\"], \"tester\": [\"Recommend reviewing the code and debugging to identify the cause of the test failure.\"]}",
        "Question": "The original code has some bugs, according to the test report and suggestions, rewrite the code. Complete the following code:\ndef average_tuple(nums):\n'''Write a function which takes a tuple of tuples and returns the average value for each tuple as a list.\nassert average_tuple(((10, 10, 10, 12), (30, 45, 56, 45), (81, 80, 39, 32), (1, 2, 3, 4)))==[30.5, 34.25, 27.0, 23.25]'''\n"
    },
    "Code2": "def average_tuple(nums):\n    result = []\n    for tup in nums:\n        avg = sum(tup) / len(tup)\n        result.append(avg)\n    return result",
    "ScriptResult2": "F\n======================================================================\nFAIL: test (__main__.Test)\n----------------------------------------------------------------------\nTraceback (most recent call last):\n  File \"/Users/watch/PycharmProjects/XXXX-1-LLM/workspace/2024-03-11_13-47-56-367863/test_script.py\", line 11, in test\n    self.assertEqual(average_tuple(((10, 10, 10, 12), (30, 45, 56, 45), (81, 80, 39, 32), (1, 2, 3, 4))), [30.5, 34.25, 48.0, 2.5])\nAssertionError: Lists differ: [10.5, 44.0, 58.0, 2.5] != [30.5, 34.25, 48.0, 2.5]\n\nFirst differing element 0:\n10.5\n30.5\n\n- [10.5, 44.0, 58.0, 2.5]\n?  ^     ^  ^  ^\n\n+ [30.5, 34.25, 48.0, 2.5]\n?  ^     ^  ^^  ^\n\n\n----------------------------------------------------------------------\nRan 1 test in 0.001s\n\nFAILED (failures=1)\n",
    "TestReport2": "Test Report:\n\nTest Script Output:\nF\n======================================================================\nFAIL: test (__main__.Test)\n----------------------------------------------------------------------\nTraceback (most recent call last):\n  File \"/Users/watch/PycharmProjects/XXXX-1-LLM/workspace/2024-03-11_13-47-56-367863/test_script.py\", line 11, in test\n    self.assertEqual(average_tuple(((10, 10, 10, 12), (30, 45, 56, 45), (81, 80, 39, 32), (1, 2, 3, 4))), [30.5, 34.25, 48.0, 2.5])\nAssertionError: Lists differ: [10.5, 44.0, 58.0, 2.5] != [30.5, 34.25, 48.0, 2.5]\n\nFirst differing element 0:\n10.5\n30.5\n\n- [10.5, 44.0, 58.0, 2.5]\n?  ^     ^  ^  ^\n\n+ [30.5, 34.25, 48.0, 2.5]\n?  ^     ^  ^^  ^\n\n\nRan 1 test in 0.001s\n\nFAILED (failures=1)\n\nTest Conclusion: Code Test Failed\n\nInput Example:\naverage_tuple(((10, 10, 10, 12), (30, 45, 56, 45), (81, 80, 39, 32), (1, 2, 3, 4)))\n\nExpected Output:\n[30.5, 34.25, 48.0, 2.5]\n\nThe code has failed the test as the actual output is different from the expected output. The first element of the list is 10.5 instead of 30.5.\n\nQuestion:\ndef average_tuple(nums):\n    result = []\n    for tup in nums:\n        avg = sum(tup) / len(tup)\n        result.append(avg)\n    return result",
    "SprintReview2": "[ScrumMaster]says: Here is our test Report: Test Report:\n\nTest Script Output:\nF\n======================================================================\nFAIL: test (__main__.Test)\n----------------------------------------------------------------------\nTraceback (most recent call last):\n  File \"/Users/watch/PycharmProjects/XXXX-1-LLM/workspace/2024-03-11_13-47-56-367863/test_script.py\", line 11, in test\n    self.assertEqual(average_tuple(((10, 10, 10, 12), (30, 45, 56, 45), (81, 80, 39, 32), (1, 2, 3, 4))), [30.5, 34.25, 48.0, 2.5])\nAssertionError: Lists differ: [10.5, 44.0, 58.0, 2.5] != [30.5, 34.25, 48.0, 2.5]\n\nFirst differing element 0:\n10.5\n30.5\n\n- [10.5, 44.0, 58.0, 2.5]\n?  ^     ^  ^  ^\n\n+ [30.5, 34.25, 48.0, 2.5]\n?  ^     ^  ^^  ^\n\n\nRan 1 test in 0.001s\n\nFAILED (failures=1)\n\nTest Conclusion: Code Test Failed\n\nInput Example:\naverage_tuple(((10, 10, 10, 12), (30, 45, 56, 45), (81, 80, 39, 32), (1, 2, 3, 4)))\n\nExpected Output:\n[30.5, 34.25, 48.0, 2.5]\n\nThe code has failed the test as the actual output is different from the expected output. The first element of the list is 10.5 instead of 30.5.\n\nQuestion:\ndef average_tuple(nums):\n    result = []\n    for tup in nums:\n        avg = sum(tup) / len(tup)\n        result.append(avg)\n    return result, do you have any ideas?\n-----\n\n[Architect]says: As an architect, to address this issue, we should review the code for calculating the average_tuple and ensure that it is correctly implemented to produce the expected output.\n-----\n\n[Tester]says: As a Tester, it seems like there is an issue with the calculation of the average_tuple function resulting in a failed test. It might be helpful to review the code for any errors in the calculation logic.\n-----\n\n[Developer]says: As a Developer, it seems like there's an issue with the calculation of the average in the code. We should review the calculation logic and the input data to identify the issue and make the necessary corrections.\n-----\n\n[ProductOwner]says: As a Product Owner, I think we need to prioritize fixing this test failure as it is important for the overall quality and functionality of our product. Let's work with the team to come up with a plan to address this issue.\n-----\n\n[Architect]says: As an architect, to address this issue, we should review the code for calculating the average_tuple and ensure that it is correctly implemented to produce the expected output.\n-----\n\n[Tester]says: As a Tester, it seems like there is an issue with the calculation of the average_tuple function resulting in a failed test. It might be helpful to review the code for any errors in the calculation logic.\n-----\n\n[Developer]says: As a Developer, I agree that there seems to be an issue with the calculation of the average in the code. We should review the calculation logic and the input data to identify the issue and make the necessary corrections.\n-----\n\n[ProductOwner]says: As a Product Owner, I think we need to prioritize fixing this test failure as it is important for the overall quality and functionality of our product. Let's work with the team to come up with a plan to address this issue.\n-----\n",
    "SprintReviewMeetings2": "{\n  \"product-owner\": [\n    \"We need to prioritize fixing this test failure as it is important for the overall quality and functionality of our product. Let's work with the team to come up with a plan to address this issue.\"\n  ],\n  \"architect\": [\n    \"To address this issue, we should review the code for calculating the average_tuple and ensure that it is correctly implemented to produce the expected output.\"\n  ],\n  \"developer\": [\n    \"There seems to be an issue with the calculation of the average in the code. We should review the calculation logic and the input data to identify the issue and make the necessary corrections.\"\n  ],\n  \"tester\": [\n    \"There is an issue with the calculation of the average_tuple function resulting in a failed test. It might be helpful to review the code for any errors in the calculation logic.\"\n  ]\n}",
    "SprintReviewMeetings2_prompt": "{\"Role\": \"You are a professional scrum master. Your goal is to summary the Discussion History into a suggestions list for the scrum team.\", \"Instruction\": \"1. Read and Understand the Discussion History. 2. Summary the suggestions from four roles: product-owner/architect/developer/tester. 3. Response in JSON format.\", \"Example\": \"{\\\"product-owner\\\":[\\\"suggestion1\\\",\\\"suggestion2\\\"],\\\"architect\\\":[\\\"suggestion1\\\",\\\"suggestion2\\\"], \\\"developer\\\":[\\\"suggestion1\\\",\\\"suggestion2\\\"], \\\"tester\\\":[\\\"suggestion1\\\",\\\"suggestion2\\\"]}\", \"Context\": \"[ScrumMaster]says: Here is our test Report: Test Report:\\n\\nTest Script Output:\\nF\\n======================================================================\\nFAIL: test (__main__.Test)\\n----------------------------------------------------------------------\\nTraceback (most recent call last):\\n  File \\\"/Users/watch/PycharmProjects/XXXX-1-LLM/workspace/2024-03-11_13-47-56-367863/test_script.py\\\", line 11, in test\\n    self.assertEqual(average_tuple(((10, 10, 10, 12), (30, 45, 56, 45), (81, 80, 39, 32), (1, 2, 3, 4))), [30.5, 34.25, 48.0, 2.5])\\nAssertionError: Lists differ: [10.5, 44.0, 58.0, 2.5] != [30.5, 34.25, 48.0, 2.5]\\n\\nFirst differing element 0:\\n10.5\\n30.5\\n\\n- [10.5, 44.0, 58.0, 2.5]\\n?  ^     ^  ^  ^\\n\\n+ [30.5, 34.25, 48.0, 2.5]\\n?  ^     ^  ^^  ^\\n\\n\\nRan 1 test in 0.001s\\n\\nFAILED (failures=1)\\n\\nTest Conclusion: Code Test Failed\\n\\nInput Example:\\naverage_tuple(((10, 10, 10, 12), (30, 45, 56, 45), (81, 80, 39, 32), (1, 2, 3, 4)))\\n\\nExpected Output:\\n[30.5, 34.25, 48.0, 2.5]\\n\\nThe code has failed the test as the actual output is different from the expected output. The first element of the list is 10.5 instead of 30.5.\\n\\nQuestion:\\ndef average_tuple(nums):\\n    result = []\\n    for tup in nums:\\n        avg = sum(tup) / len(tup)\\n        result.append(avg)\\n    return result, do you have any ideas?\\n-----\\n\\n[Architect]says: As an architect, to address this issue, we should review the code for calculating the average_tuple and ensure that it is correctly implemented to produce the expected output.\\n-----\\n\\n[Tester]says: As a Tester, it seems like there is an issue with the calculation of the average_tuple function resulting in a failed test. It might be helpful to review the code for any errors in the calculation logic.\\n-----\\n\\n[Developer]says: As a Developer, it seems like there's an issue with the calculation of the average in the code. We should review the calculation logic and the input data to identify the issue and make the necessary corrections.\\n-----\\n\\n[ProductOwner]says: As a Product Owner, I think we need to prioritize fixing this test failure as it is important for the overall quality and functionality of our product. Let's work with the team to come up with a plan to address this issue.\\n-----\\n\\n[Architect]says: As an architect, to address this issue, we should review the code for calculating the average_tuple and ensure that it is correctly implemented to produce the expected output.\\n-----\\n\\n[Tester]says: As a Tester, it seems like there is an issue with the calculation of the average_tuple function resulting in a failed test. It might be helpful to review the code for any errors in the calculation logic.\\n-----\\n\\n[Developer]says: As a Developer, I agree that there seems to be an issue with the calculation of the average in the code. We should review the calculation logic and the input data to identify the issue and make the necessary corrections.\\n-----\\n\\n[ProductOwner]says: As a Product Owner, I think we need to prioritize fixing this test failure as it is important for the overall quality and functionality of our product. Let's work with the team to come up with a plan to address this issue.\\n-----\\n\", \"Question\": \"Follow the Instruction section. The Discussion History is in the Context section. You only need to return a list as the Example section.\"}",
    "RepairResponse2": "{\n  \"revised_code\": \"def average_tuple(nums):\\n    result = []\\n    for tup in nums:\\n        avg = sum(tup) / len(tup)\\n        result.append(round(avg, 2))\\n    return result\"\n}",
    "RepairResponse2_prompt": {
        "Role": "You are a professional software engineer. Your duty is to write code in Python that meets the requirements. Ensure that the code you write is efficient, readable, and follows best practices. Remember, do not need to explain the code you wrote.",
        "Instruction": "1. Rewrite a bug fix version of the original code. 2. Response in JSON format.",
        "Example": "{\"revised_code\":\"...\"}",
        "Context": "# Test Report:\nTest Report:\n\nTest Script Output:\nF\n======================================================================\nFAIL: test (__main__.Test)\n----------------------------------------------------------------------\nTraceback (most recent call last):\n  File \"/Users/watch/PycharmProjects/XXXX-1-LLM/workspace/2024-03-11_13-47-56-367863/test_script.py\", line 11, in test\n    self.assertEqual(average_tuple(((10, 10, 10, 12), (30, 45, 56, 45), (81, 80, 39, 32), (1, 2, 3, 4))), [30.5, 34.25, 48.0, 2.5])\nAssertionError: Lists differ: [10.5, 44.0, 58.0, 2.5] != [30.5, 34.25, 48.0, 2.5]\n\nFirst differing element 0:\n10.5\n30.5\n\n- [10.5, 44.0, 58.0, 2.5]\n?  ^     ^  ^  ^\n\n+ [30.5, 34.25, 48.0, 2.5]\n?  ^     ^  ^^  ^\n\n\nRan 1 test in 0.001s\n\nFAILED (failures=1)\n\nTest Conclusion: Code Test Failed\n\nInput Example:\naverage_tuple(((10, 10, 10, 12), (30, 45, 56, 45), (81, 80, 39, 32), (1, 2, 3, 4)))\n\nExpected Output:\n[30.5, 34.25, 48.0, 2.5]\n\nThe code has failed the test as the actual output is different from the expected output. The first element of the list is 10.5 instead of 30.5.\n\nQuestion:\ndef average_tuple(nums):\n    result = []\n    for tup in nums:\n        avg = sum(tup) / len(tup)\n        result.append(avg)\n    return result# suggestions:\n{\"product-owner\": [\"We need to prioritize fixing this test failure as it is important for the overall quality and functionality of our product. Let's work with the team to come up with a plan to address this issue.\"], \"architect\": [\"To address this issue, we should review the code for calculating the average_tuple and ensure that it is correctly implemented to produce the expected output.\"], \"developer\": [\"There seems to be an issue with the calculation of the average in the code. We should review the calculation logic and the input data to identify the issue and make the necessary corrections.\"], \"tester\": [\"There is an issue with the calculation of the average_tuple function resulting in a failed test. It might be helpful to review the code for any errors in the calculation logic.\"]}",
        "Question": "The original code has some bugs, according to the test report and suggestions, rewrite the code. Complete the following code:\ndef average_tuple(nums):\n'''Write a function which takes a tuple of tuples and returns the average value for each tuple as a list.\nassert average_tuple(((10, 10, 10, 12), (30, 45, 56, 45), (81, 80, 39, 32), (1, 2, 3, 4)))==[30.5, 34.25, 27.0, 23.25]'''\n"
    },
    "Code3": "def average_tuple(nums):\n    result = []\n    for tup in nums:\n        avg = sum(tup) / len(tup)\n        result.append(round(avg, 2))\n    return result",
    "ScriptResult3": "F\n======================================================================\nFAIL: test (__main__.Test)\n----------------------------------------------------------------------\nTraceback (most recent call last):\n  File \"/Users/watch/PycharmProjects/XXXX-1-LLM/workspace/2024-03-11_13-47-56-367863/test_script.py\", line 11, in test\n    self.assertEqual(average_tuple(((10, 10, 10, 12), (30, 45, 56, 45), (81, 80, 39, 32), (1, 2, 3, 4))), [30.5, 34.25, 48.0, 2.5])\nAssertionError: Lists differ: [10.5, 44.0, 58.0, 2.5] != [30.5, 34.25, 48.0, 2.5]\n\nFirst differing element 0:\n10.5\n30.5\n\n- [10.5, 44.0, 58.0, 2.5]\n?  ^     ^  ^  ^\n\n+ [30.5, 34.25, 48.0, 2.5]\n?  ^     ^  ^^  ^\n\n\n----------------------------------------------------------------------\nRan 1 test in 0.000s\n\nFAILED (failures=1)\n",
    "TestReport3": "Test Report\n\nTest script's output:\nF\n======================================================================\nFAIL: test (__main__.Test)\n----------------------------------------------------------------------\nTraceback (most recent call last):\n  File \"/Users/watch/PycharmProjects/XXXX-1-LLM/workspace/2024-03-11_13-47-56-367863/test_script.py\", line 11, in test\n    self.assertEqual(average_tuple(((10, 10, 10, 12), (30, 45, 56, 45), (81, 80, 39, 32), (1, 2, 3, 4))), [30.5, 34.25, 48.0, 2.5])\nAssertionError: Lists differ: [10.5, 44.0, 58.0, 2.5] != [30.5, 34.25, 48.0, 2.5]\n\nFirst differing element 0:\n10.5\n30.5\n\n- [10.5, 44.0, 58.0, 2.5]\n?  ^     ^  ^  ^\n\n+ [30.5, 34.25, 48.0, 2.5]\n?  ^     ^  ^^  ^\n\n\nRan 1 test in 0.000s\n\nFAILED (failures=1)\n\nConclusion: Code Test Failed\n\nExample of Input and Expected Output:\nInput: average_tuple(((10, 10, 10, 12), (30, 45, 56, 45), (81, 80, 39, 32), (1, 2, 3, 4)))\nExpected Output: [30.5, 34.25, 48.0, 2.5]\n\nCode Test Failed\n\nCode:\ndef average_tuple(nums):\n    result = []\n    for tup in nums:\n        avg = sum(tup) / len(tup)\n        result.append(round(avg, 2))\n    return result"
}