{
    "start_time": "2024-02-13_16-19-12-683467",
    "task": "\ndef odd_count(lst):\n    \"\"\"Given a list of strings, where each string consists of only digits, return a list.\n    Each element i of the output should be \"the number of odd elements in the\n    string i of the input.\" where all the i's should be replaced by the number\n    of odd digits in the i'th string of the input.\n\n    >>> odd_count(['1234567'])\n    [\"the number of odd elements 4n the str4ng 4 of the 4nput.\"]\n    >>> odd_count(['3',\"11111111\"])\n    [\"the number of odd elements 1n the str1ng 1 of the 1nput.\",\n     \"the number of odd elements 8n the str8ng 8 of the 8nput.\"]\n    \"\"\"\n",
    "datetime": {
        "task": "2024-02-13 16:19:12",
        "task-id": "2024-02-13 16:19:12",
        "workflow": "2024-02-13 16:19:12",
        "Discussion": "2024-02-13 16:19:14",
        "DisorderedSprintMeetings": "2024-02-13 16:19:15",
        "UserStoryDraft0": "2024-02-13 16:20:09",
        "AnalyzeMeetings": "2024-02-13 16:20:12",
        "UserStory0": "2024-02-13 16:22:15",
        "CodeDraft0": "2024-02-13 16:22:16",
        "CodeReviewMeetings0": "2024-02-13 16:22:18",
        "Code0CR": "2024-02-13 16:22:19",
        "FinalCode": "2024-02-13 16:23:02",
        "Test Cases Draft": "2024-02-13 16:22:22",
        "Test Cases Meetings": "2024-02-13 16:22:25",
        "Test Cases": "2024-02-13 16:22:27",
        "Code0": "2024-02-13 16:22:29",
        "TestScriptOriginal": "2024-02-13 16:22:32",
        "TestScript": "2024-02-13 16:22:32",
        "ScriptResult0": "2024-02-13 16:22:32",
        "TestReport0": "2024-02-13 16:22:35",
        "SprintReview0": "2024-02-13 16:22:37",
        "SprintReviewMeetings0": "2024-02-13 16:22:40",
        "RepairResponse0": "2024-02-13 16:22:41",
        "Code1": "2024-02-13 16:22:41",
        "ScriptResult1": "2024-02-13 16:22:41",
        "TestReport1": "2024-02-13 16:22:45",
        "SprintReview1": "2024-02-13 16:22:47",
        "SprintReviewMeetings1": "2024-02-13 16:22:49",
        "RepairResponse1": "2024-02-13 16:22:51",
        "Code2": "2024-02-13 16:22:51",
        "ScriptResult2": "2024-02-13 16:22:51",
        "TestReport2": "2024-02-13 16:22:55",
        "SprintReview2": "2024-02-13 16:22:57",
        "SprintReviewMeetings2": "2024-02-13 16:23:00",
        "RepairResponse2": "2024-02-13 16:23:02",
        "Code3": "2024-02-13 16:23:02",
        "ScriptResult3": "2024-02-13 16:23:02",
        "TestReport3": "2024-02-13 16:23:06"
    },
    "task-id": "HumanEval/113",
    "workflow": "agile/agile_version_0.0.5_remove_stage.json",
    "Discussion": "[ScrumMaster]says: We have a job: \ndef odd_count(lst):\n    \"\"\"Given a list of strings, where each string consists of only digits, return a list.\n    Each element i of the output should be \"the number of odd elements in the\n    string i of the input.\" where all the i's should be replaced by the number\n    of odd digits in the i'th string of the input.\n\n    >>> odd_count(['1234567'])\n    [\"the number of odd elements 4n the str4ng 4 of the 4nput.\"]\n    >>> odd_count(['3',\"11111111\"])\n    [\"the number of odd elements 1n the str1ng 1 of the 1nput.\",\n     \"the number of odd elements 8n the str8ng 8 of the 8nput.\"]\n    \"\"\"\n, do you have any ideas?\n-----\n\n[ProductOwner]says: As a Product Owner, I think the first step is to clarify the specific requirements for the odd_count function and its input/output format.\n-----\n\n[Developer]says: As a Developer, I think we should start by creating a function to count the number of odd digits in a given string.\n-----\n\n[Tester]says: As a Tester, I would recommend clarifying the expected output for the input ['1234567'] in the odd_count function.\n-----\n\n[Architect]says: As an architect, I think the first step is to analyze the requirements and constraints of the odd_count function before designing the solution.\n-----\n\n[Developer]says: As a Developer, I will start by creating a function to count the number of odd digits in a given string.\n-----\n\n[ProductOwner]says: [ProductOwner] To create a product, we should clarify the specific requirements for the odd_count function and its input/output format.\n-----\n\n[Tester]says: As a Tester, I would recommend clarifying the expected output for the input ['1234567'] in the odd_count function.\n-----\n\n[Architect]says: As an architect, I believe it is important to analyze the requirements and constraints of the odd_count function before designing the solution.\n-----\n",
    "DisorderedSprintMeetings": "{\n  \"product-owner\": [\n    \"Clarify specific requirements for the odd_count function and its input/output format\"\n  ],\n  \"architect\": [\n    \"Analyze the requirements and constraints of the odd_count function before designing the solution\"\n  ],\n  \"developer\": [\n    \"Create a function to count the number of odd digits in a given string\"\n  ],\n  \"tester\": [\n    \"Clarify the expected output for the input ['1234567'] in the odd_count function\"\n  ]\n}",
    "DisorderedSprintMeetings_prompt": "{\"Role\": \"You are a professional scrum master. Your goal is to breakdown the Discussion History into a task list for the scrum team.\", \"Instruction\": \"1. Read and Understand the Discussion History. 2. Define the tasks for four roles: product-owner/architect/developer/tester. 3. Response in JSON format.\", \"Example\": \"{\\\"product-owner\\\":[\\\"task1\\\",\\\"task2\\\"],\\\"architect\\\":[\\\"task1\\\",\\\"task2\\\"], \\\"developer\\\":[\\\"task1\\\",\\\"task2\\\"], \\\"tester\\\":[\\\"task1\\\",\\\"task2\\\"]}\", \"Context\": \"[ScrumMaster]says: We have a job: \\ndef odd_count(lst):\\n    \\\"\\\"\\\"Given a list of strings, where each string consists of only digits, return a list.\\n    Each element i of the output should be \\\"the number of odd elements in the\\n    string i of the input.\\\" where all the i's should be replaced by the number\\n    of odd digits in the i'th string of the input.\\n\\n    >>> odd_count(['1234567'])\\n    [\\\"the number of odd elements 4n the str4ng 4 of the 4nput.\\\"]\\n    >>> odd_count(['3',\\\"11111111\\\"])\\n    [\\\"the number of odd elements 1n the str1ng 1 of the 1nput.\\\",\\n     \\\"the number of odd elements 8n the str8ng 8 of the 8nput.\\\"]\\n    \\\"\\\"\\\"\\n, do you have any ideas?\\n-----\\n\\n[ProductOwner]says: As a Product Owner, I think the first step is to clarify the specific requirements for the odd_count function and its input/output format.\\n-----\\n\\n[Developer]says: As a Developer, I think we should start by creating a function to count the number of odd digits in a given string.\\n-----\\n\\n[Tester]says: As a Tester, I would recommend clarifying the expected output for the input ['1234567'] in the odd_count function.\\n-----\\n\\n[Architect]says: As an architect, I think the first step is to analyze the requirements and constraints of the odd_count function before designing the solution.\\n-----\\n\\n[Developer]says: As a Developer, I will start by creating a function to count the number of odd digits in a given string.\\n-----\\n\\n[ProductOwner]says: [ProductOwner] To create a product, we should clarify the specific requirements for the odd_count function and its input/output format.\\n-----\\n\\n[Tester]says: As a Tester, I would recommend clarifying the expected output for the input ['1234567'] in the odd_count function.\\n-----\\n\\n[Architect]says: As an architect, I believe it is important to analyze the requirements and constraints of the odd_count function before designing the solution.\\n-----\\n\", \"Question\": \"Follow the Instruction section. The Discussion History is in the Context section. You only need to return a task list as the Example section.\"}",
    "UserStoryDraft0": "{\n  \"UserStory\": {\n    \"As a product owner, I want to create a function odd_count that takes a list of strings consisting of only digits as input and returns a list where each element represents the number of odd digits in the corresponding input string, so that users can easily count the odd elements in the input strings.\"\n \t\t\n \t\t\n \t\n \t\n \t\n \t\n \t\n \t\n \t\n \t\n \t\n \t\n \t\n \t\n \t\n \t\n \t\n \t\n \t\n \t\n \t\n \t\n \t\n \t\n \t\n \t\n \t\n \t\n \t\n \t\n \t\n \t\n \t\n \t\n \t\n \t\n \t\n \t\n \t\n \t\n \t\n \t\n \t\n \t\n \t\n \t\n \t\n \t\n \t\n \t\n \t\n \t\n \t\n \t\n \t\n \t\n \t\n \t\n \t\n \t\n \t\n \t\n \t\n \t\n \t\n \t\n \t\n \t\n \t\n \t\n \t\n \t\n \t\n \t\n \t\n \t\n \t\n \t\n \t\n \t\n \t\n \t\n \t\n \t\n \t\n \t\n \t\n \t\n \t\n \t\n \t\n \t\n \t\n \t\n \t\n \t\n \t\n \t\n \t\n \t\n \t\n \t\n",
    "UserStoryDraft0_prompt": "{\"Role\": \"You need to act as a professional product owner. Your task is to write a UserStory\", \"Instruction\": \"According to the Context, please analyze the requirement and write your response. Response in JSON format. Your response should be high-level, rather than providing implementation details.\", \"Example\": \"\", \"Context\": [\"Clarify specific requirements for the odd_count function and its input/output format\"], \"Question\": \"Follow the Instruction. The requirement is as follows:\\n\\ndef odd_count(lst):\\n    \\\"\\\"\\\"Given a list of strings, where each string consists of only digits, return a list.\\n    Each element i of the output should be \\\"the number of odd elements in the\\n    string i of the input.\\\" where all the i's should be replaced by the number\\n    of odd digits in the i'th string of the input.\\n\\n    >>> odd_count(['1234567'])\\n    [\\\"the number of odd elements 4n the str4ng 4 of the 4nput.\\\"]\\n    >>> odd_count(['3',\\\"11111111\\\"])\\n    [\\\"the number of odd elements 1n the str1ng 1 of the 1nput.\\\",\\n     \\\"the number of odd elements 8n the str8ng 8 of the 8nput.\\\"]\\n    \\\"\\\"\\\"\\n\"}",
    "AnalyzeMeetings": "{\n  \"Architect\": \"The function odd_count should be designed to take a list of strings as input and return a list of integers. It should validate the input to ensure that each input string consists of only digits. The function should also handle edge cases such as empty input list or empty strings in the input list.\",\n  \"Tester\": \"When testing the odd_count function, make sure to include test cases with different types of input strings, including empty strings, strings with only even digits, and strings with odd digits. Also, verify that the function handles invalid inputs gracefully and returns the correct output for valid inputs.\"\n}",
    "UserStory0": "{\n  \"RevisedDocument\": {\n    \"UserStory\": \"As a product owner, I want to create a function odd_count that takes a list of strings consisting of only digits as input and returns a list where each element represents the number of odd digits in the corresponding input string, so that users can easily count the odd elements in the input strings.\",\n    \"ArchitectSuggestion\": {\n      \"Description\": \"The function odd_count should be designed to take a list of strings as input and return a list of integers. It should validate the input to ensure that each input string consists of only digits. The function should also handle edge cases such as empty input list or empty strings in the input list.\"\n    },\n    \"TesterSuggestion\": {\n      \"Description\": \"When testing the odd_count function, make sure to include test cases with different types of input strings, including empty strings, strings with only even digits, and strings with odd digits. Also, verify that the function handles invalid inputs gracefully and returns the correct output for valid inputs.\"\n    }\n  }\n}",
    "UserStory0_prompt": {
        "Role": "You need to act as a professional product owner. Your duty is to revise the document based on the suggestions.",
        "Instruction": "1. Read the suggestions. 2. Revise your draft version document. 3. Response in JSON format. 4. REMEMBER: Your analysis should be high-level, rather than providing implementation details.",
        "Example": "",
        "Context": "# Suggestion:\n{\n  \"Architect\": \"The function odd_count should be designed to take a list of strings as input and return a list of integers. It should validate the input to ensure that each input string consists of only digits. The function should also handle edge cases such as empty input list or empty strings in the input list.\",\n  \"Tester\": \"When testing the odd_count function, make sure to include test cases with different types of input strings, including empty strings, strings with only even digits, and strings with odd digits. Also, verify that the function handles invalid inputs gracefully and returns the correct output for valid inputs.\"\n}",
        "Question": "Follow the Instruction. Your colleague give you some suggestions(in the Context section) about this draft document:{\n  \"UserStory\": {\n    \"As a product owner, I want to create a function odd_count that takes a list of strings consisting of only digits as input and returns a list where each element represents the number of odd digits in the corresponding input string, so that users can easily count the odd elements in the input strings.\"\n \t\t\n \t\t\n \t\n \t\n \t\n \t\n \t\n \t\n \t\n \t\n \t\n \t\n \t\n \t\n \t\n \t\n \t\n \t\n \t\n \t\n \t\n \t\n \t\n \t\n \t\n \t\n \t\n \t\n \t\n \t\n \t\n \t\n \t\n \t\n \t\n \t\n \t\n \t\n \t\n \t\n \t\n \t\n \t\n \t\n \t\n \t\n \t\n \t\n \t\n \t\n \t\n \t\n \t\n \t\n \t\n \t\n \t\n \t\n \t\n \t\n \t\n \t\n \t\n \t\n \t\n \t\n \t\n \t\n \t\n \t\n \t\n \t\n \t\n \t\n \t\n \t\n \t\n \t\n \t\n \t\n \t\n \t\n \t\n \t\n \t\n \t\n \t\n \t\n \t\n \t\n \t\n \t\n \t\n \t\n \t\n \t\n \t\n \t\n \t\n \t\n \t\n \t\n"
    },
    "CodeDraft0": "def odd_count(lst):\n    result = []\n    for string in lst:\n        count = sum(1 for char in string if int(char) % 2 != 0)\n        result.append(f\"the number of odd elements {count}n the str{string}ng {string} of the {string}nput.\")\n    return result",
    "CodeDraft0_prompt": {
        "Role": "You are a professional engineer. Your duty is to write code in Python that meets the requirements. Ensure that the code you write is efficient, readable, and follows best practices. Remember, do not need to explain the code you wrote.",
        "Instruction": "According to the Context section, write your code.",
        "Example": "",
        "Context": "# Tasks:\n['Create a function to count the number of odd digits in a given string']\n",
        "Question": "Follow the Instruction section. Complete the following code:\n\ndef odd_count(lst):\n    \"\"\"Given a list of strings, where each string consists of only digits, return a list.\n    Each element i of the output should be \"the number of odd elements in the\n    string i of the input.\" where all the i's should be replaced by the number\n    of odd digits in the i'th string of the input.\n\n    >>> odd_count(['1234567'])\n    [\"the number of odd elements 4n the str4ng 4 of the 4nput.\"]\n    >>> odd_count(['3',\"11111111\"])\n    [\"the number of odd elements 1n the str1ng 1 of the 1nput.\",\n     \"the number of odd elements 8n the str8ng 8 of the 8nput.\"]\n    \"\"\"\n"
    },
    "CodeReviewMeetings0": "{\n  \"Architect\": \"I suggest refactoring the code to make it more readable and maintainable. It would be beneficial to break down the logic into smaller, more understandable functions and use more descriptive variable names to improve the overall clarity of the code.\",\n  \"Tester\": \"I would suggest adding some test cases to cover different scenarios, such as empty input, input with only even numbers, and input with only odd numbers. It would also be helpful to test the function with a variety of input sizes to ensure its scalability and performance.\"\n}",
    "Code0CR": "def odd_count(lst):\n    result = []\n    for item in lst:\n        count = sum(1 for i in item if int(i) % 2 != 0)\n        result.append(\"the number of odd elements {}n the str{}ng {} of the {}nput.\".format(count, count, count, count))\n    return result",
    "Code0CR_prompt": "{\"Role\": \"You are a professional software engineer. Your duty is to write code in Python that meets the requirements. Ensure that the code you write is efficient, readable, and follows best practices. Remember, do not need to explain the code you wrote.\", \"Instruction\": \"1. Understand the suggestions(in the Context section) about the original code. 2. Rewrite your code.\", \"Example\": \"\", \"Context\": \"# Tasks:\\n['Create a function to count the number of odd digits in a given string']\\n# Suggestions:\\n{\\n  \\\"Architect\\\": \\\"I suggest refactoring the code to make it more readable and maintainable. It would be beneficial to break down the logic into smaller, more understandable functions and use more descriptive variable names to improve the overall clarity of the code.\\\",\\n  \\\"Tester\\\": \\\"I would suggest adding some test cases to cover different scenarios, such as empty input, input with only even numbers, and input with only odd numbers. It would also be helpful to test the function with a variety of input sizes to ensure its scalability and performance.\\\"\\n}\", \"Question\": \"Follow the Instruction section. Complete the following code:\\n\\ndef odd_count(lst):\\n    \\\"\\\"\\\"Given a list of strings, where each string consists of only digits, return a list.\\n    Each element i of the output should be \\\"the number of odd elements in the\\n    string i of the input.\\\" where all the i's should be replaced by the number\\n    of odd digits in the i'th string of the input.\\n\\n    >>> odd_count(['1234567'])\\n    [\\\"the number of odd elements 4n the str4ng 4 of the 4nput.\\\"]\\n    >>> odd_count(['3',\\\"11111111\\\"])\\n    [\\\"the number of odd elements 1n the str1ng 1 of the 1nput.\\\",\\n     \\\"the number of odd elements 8n the str8ng 8 of the 8nput.\\\"]\\n    \\\"\\\"\\\"\\n\"}",
    "FinalCode": "def odd_count(lst):\n    result = []\n    for s in lst:\n        count = sum(1 for c in s if int(c) % 2 != 0)\n        result.append('the number of odd elements {}n the str{}ng {} of the {}nput.'.format(count, count, count, count))\n    return result",
    "Test Cases Draft": "{\n  \"TestCases\": [\n    {\n      \"Test Title\": \"Valid Input with Odd Digits\",\n      \"Input Data\": \"['1234567']\",\n      \"Expected Output\": \"[4]\"\n    },\n    {\n      \"Test Title\": \"Valid Input with Even Digits\",\n      \"Input Data\": \"['2', '2468']\",\n      \"Expected Output\": \"[0, 0]\"\n    },\n    {\n      \"Test Title\": \"Empty Input List\",\n      \"Input Data\": \"[]\",\n      \"Expected Output\": \"[]\"\n    },\n    {\n      \"Test Title\": \"Invalid Input - Non-Digit Characters\",\n      \"Input Data\": \"['1234a56', '789b']\",\n      \"Expected Output\": \"Invalid Input\"\n    },\n    {\n      \"Test Title\": \"Invalid Input - Empty Strings\",\n      \"Input Data\": \"['', '123']\",\n      \"Expected Output\": \"Invalid Input\"\n    }\n  ]\n}",
    "Test Cases Draft_prompt": "{\"Role\": \"You are a quality assurance engineer. Your duty is to design test cases for the developers.\", \"Instruction\": \"According to the Context section, write test cases. Don't write long strings in your test cases. Response in JSON format.\", \"Example\": \"{\\\"requirement analysis\\\":\\\"analysis\\\",\\\"test_cases\\\":[{\\\"Test Title\\\":\\\"title\\\", \\\"Input Data\\\":\\\"parameter1=[1,2,3],parameter2='123'\\\", \\\"Expected Output\\\":\\\"456\\\"},]}\", \"Context\": \"# UsrtStory:\\n{\\n  \\\"RevisedDocument\\\": {\\n    \\\"UserStory\\\": \\\"As a product owner, I want to create a function odd_count that takes a list of strings consisting of only digits as input and returns a list where each element represents the number of odd digits in the corresponding input string, so that users can easily count the odd elements in the input strings.\\\",\\n    \\\"ArchitectSuggestion\\\": {\\n      \\\"Description\\\": \\\"The function odd_count should be designed to take a list of strings as input and return a list of integers. It should validate the input to ensure that each input string consists of only digits. The function should also handle edge cases such as empty input list or empty strings in the input list.\\\"\\n    },\\n    \\\"TesterSuggestion\\\": {\\n      \\\"Description\\\": \\\"When testing the odd_count function, make sure to include test cases with different types of input strings, including empty strings, strings with only even digits, and strings with odd digits. Also, verify that the function handles invalid inputs gracefully and returns the correct output for valid inputs.\\\"\\n    }\\n  }\\n}\\n# Tasks:\\n[\\\"Clarify the expected output for the input ['1234567'] in the odd_count function\\\"]\\n\", \"Question\": \"\\ndef odd_count(lst):\\n    \\\"\\\"\\\"Given a list of strings, where each string consists of only digits, return a list.\\n    Each element i of the output should be \\\"the number of odd elements in the\\n    string i of the input.\\\" where all the i's should be replaced by the number\\n    of odd digits in the i'th string of the input.\\n\\n    >>> odd_count(['1234567'])\\n    [\\\"the number of odd elements 4n the str4ng 4 of the 4nput.\\\"]\\n    >>> odd_count(['3',\\\"11111111\\\"])\\n    [\\\"the number of odd elements 1n the str1ng 1 of the 1nput.\\\",\\n     \\\"the number of odd elements 8n the str8ng 8 of the 8nput.\\\"]\\n    \\\"\\\"\\\"\\n\"}",
    "Test Cases Meetings": "{\n  \"Architect\": \"As an architect, I would suggest adding more edge cases to the test cases, such as handling large input data, negative input data, or special characters in the input. Also, it would be beneficial to consider including test cases for different scenarios that might impact the functionality of the system, like concurrent user access or system load testing.\",\n  \"Developer\": \"As a developer, I would suggest revising the test cases to include more detailed steps on how to reproduce the input data and expected output. Additionally, it would be helpful to add assertions or conditions to validate the expected output and ensure that the test cases cover all possible scenarios for the input data.\"\n}",
    "Test Cases": "{\n  \"requirement analysis\": \"analysis\",\n  \"test_cases\": [\n    {\n      \"Test Title\": \"Valid Input with Odd Digits\",\n      \"Input Data\": \"['1234567']\",\n      \"Expected Output\": \"[4]\"\n    },\n    {\n      \"Test Title\": \"Valid Input with Even Digits\",\n      \"Input Data\": \"['2', '2468']\",\n      \"Expected Output\": \"[0, 0]\"\n    },\n    {\n      \"Test Title\": \"Empty Input List\",\n      \"Input Data\": \"[]\",\n      \"Expected Output\": \"[]\"\n    },\n    {\n      \"Test Title\": \"Invalid Input - Non-Digit Characters\",\n      \"Input Data\": \"['1234a56', '789b']\",\n      \"Expected Output\": \"Invalid Input\"\n    },\n    {\n      \"Test Title\": \"Invalid Input - Empty Strings\",\n      \"Input Data\": \"['', '123']\",\n      \"Expected Output\": \"Invalid Input\"\n    }\n  ]\n}",
    "Test Cases_prompt": "{\"Role\": \"You are a quality assurance engineer. Your duty is to revise the test cases based on the suggestions.\", \"Instruction\": \"1. Your colleague give you some suggestions(in the Context section) about the draft test cases, read these suggestions. 2. Revise your draft version test cases, but don't use long parameters. 3. Response in JSON format.\", \"Example\": \"{\\\"requirement analysis\\\":\\\"analysis\\\",\\\"test_cases\\\":[{\\\"Test Title\\\":\\\"title\\\", \\\"Input Data\\\":\\\"parameter1=[1,2,3],parameter2='123'\\\", \\\"Expected Output\\\":\\\"456\\\"},]}\", \"Context\": \"# Suggestions:\\n{\\n  \\\"Architect\\\": \\\"As an architect, I would suggest adding more edge cases to the test cases, such as handling large input data, negative input data, or special characters in the input. Also, it would be beneficial to consider including test cases for different scenarios that might impact the functionality of the system, like concurrent user access or system load testing.\\\",\\n  \\\"Developer\\\": \\\"As a developer, I would suggest revising the test cases to include more detailed steps on how to reproduce the input data and expected output. Additionally, it would be helpful to add assertions or conditions to validate the expected output and ensure that the test cases cover all possible scenarios for the input data.\\\"\\n}\\n # Draft Test cases:\\n{\\n  \\\"TestCases\\\": [\\n    {\\n      \\\"Test Title\\\": \\\"Valid Input with Odd Digits\\\",\\n      \\\"Input Data\\\": \\\"['1234567']\\\",\\n      \\\"Expected Output\\\": \\\"[4]\\\"\\n    },\\n    {\\n      \\\"Test Title\\\": \\\"Valid Input with Even Digits\\\",\\n      \\\"Input Data\\\": \\\"['2', '2468']\\\",\\n      \\\"Expected Output\\\": \\\"[0, 0]\\\"\\n    },\\n    {\\n      \\\"Test Title\\\": \\\"Empty Input List\\\",\\n      \\\"Input Data\\\": \\\"[]\\\",\\n      \\\"Expected Output\\\": \\\"[]\\\"\\n    },\\n    {\\n      \\\"Test Title\\\": \\\"Invalid Input - Non-Digit Characters\\\",\\n      \\\"Input Data\\\": \\\"['1234a56', '789b']\\\",\\n      \\\"Expected Output\\\": \\\"Invalid Input\\\"\\n    },\\n    {\\n      \\\"Test Title\\\": \\\"Invalid Input - Empty Strings\\\",\\n      \\\"Input Data\\\": \\\"['', '123']\\\",\\n      \\\"Expected Output\\\": \\\"Invalid Input\\\"\\n    }\\n  ]\\n}\", \"Question\": \"Follow the Instruction. Please make sure your response length are less than 512. Your test cases is for the below question:\\n\\ndef odd_count(lst):\\n    \\\"\\\"\\\"Given a list of strings, where each string consists of only digits, return a list.\\n    Each element i of the output should be \\\"the number of odd elements in the\\n    string i of the input.\\\" where all the i's should be replaced by the number\\n    of odd digits in the i'th string of the input.\\n\\n    >>> odd_count(['1234567'])\\n    [\\\"the number of odd elements 4n the str4ng 4 of the 4nput.\\\"]\\n    >>> odd_count(['3',\\\"11111111\\\"])\\n    [\\\"the number of odd elements 1n the str1ng 1 of the 1nput.\\\",\\n     \\\"the number of odd elements 8n the str8ng 8 of the 8nput.\\\"]\\n    \\\"\\\"\\\"\\n\"}",
    "Code0": "def odd_count(lst):\n    result = []\n    for item in lst:\n        count = sum(1 for i in item if int(i) % 2 != 0)\n        result.append(\"the number of odd elements {}n the str{}ng {} of the {}nput.\".format(count, count, count, count))\n    return result",
    "Code0_prompt": {
        "Role": "You are a professional software engineer. Your duty is to write code in Python that meets the requirements. Ensure that the code you write is efficient, readable, and follows best practices. Remember, do not need to explain the code you wrote.",
        "Instruction": "1. Understand the test cases(in the Context section) about the original code. 2. Rewrite your code, make sure your code pass all test cases.",
        "Example": "",
        "Context": "# Original Code:\ndef odd_count(lst):\n    result = []\n    for item in lst:\n        count = sum(1 for i in item if int(i) % 2 != 0)\n        result.append(\"the number of odd elements {}n the str{}ng {} of the {}nput.\".format(count, count, count, count))\n    return result\n# Test Cases:\n{\n  \"requirement analysis\": \"analysis\",\n  \"test_cases\": [\n    {\n      \"Test Title\": \"Valid Input with Odd Digits\",\n      \"Input Data\": \"['1234567']\",\n      \"Expected Output\": \"[4]\"\n    },\n    {\n      \"Test Title\": \"Valid Input with Even Digits\",\n      \"Input Data\": \"['2', '2468']\",\n      \"Expected Output\": \"[0, 0]\"\n    },\n    {\n      \"Test Title\": \"Empty Input List\",\n      \"Input Data\": \"[]\",\n      \"Expected Output\": \"[]\"\n    },\n    {\n      \"Test Title\": \"Invalid Input - Non-Digit Characters\",\n      \"Input Data\": \"['1234a56', '789b']\",\n      \"Expected Output\": \"Invalid Input\"\n    },\n    {\n      \"Test Title\": \"Invalid Input - Empty Strings\",\n      \"Input Data\": \"['', '123']\",\n      \"Expected Output\": \"Invalid Input\"\n    }\n  ]\n}",
        "Question": "\ndef odd_count(lst):\n    \"\"\"Given a list of strings, where each string consists of only digits, return a list.\n    Each element i of the output should be \"the number of odd elements in the\n    string i of the input.\" where all the i's should be replaced by the number\n    of odd digits in the i'th string of the input.\n\n    >>> odd_count(['1234567'])\n    [\"the number of odd elements 4n the str4ng 4 of the 4nput.\"]\n    >>> odd_count(['3',\"11111111\"])\n    [\"the number of odd elements 1n the str1ng 1 of the 1nput.\",\n     \"the number of odd elements 8n the str8ng 8 of the 8nput.\"]\n    \"\"\"\n"
    },
    "TestScriptOriginal": "import unittest\n\ndef function_under_test(lst):\n    result = []\n    for s in lst:\n        odd_count = sum(1 for c in s if int(c) % 2 != 0)\n        result.append(f\"the number of odd elements {odd_count}n the str{s}ng {s} of the {s}nput.\")\n    return result\n\nclass Test(unittest.TestCase):\n    def test_odd_count(self):\n        self.assertEqual(function_under_test(['1234567']), [\"the number of odd elements 4n the str1234567ng 1234567 of the 1234567nput.\"])\n        self.assertEqual(function_under_test(['3', '11111111']), [\"the number of odd elements 1n the str3ng 3 of the 3nput.\", \"the number of odd elements 8n the str11111111ng 11111111 of the 11111111nput.\"])\n\nif __name__ == '__main__':\n    unittest.main()",
    "TestScriptOriginal_prompt": "{\"Role\": \"You are a quality assurance engineer. Your duty is to write a python test script in unittest framework.\", \"Instruction\": \"1. Write a python test script. 2. Use the input and output given by the question.\", \"Example\": \"import unittest\\n\\nclass Test(unittest.TestCase):\\n    def test(self):\\n        self.assertEqual(function_under_test('a'), 1)\\n\\nif __name__ == '__main__':\\n    unittest.main()\", \"Context\": \"\", \"Question\": \"\\ndef odd_count(lst):\\n    \\\"\\\"\\\"Given a list of strings, where each string consists of only digits, return a list.\\n    Each element i of the output should be \\\"the number of odd elements in the\\n    string i of the input.\\\" where all the i's should be replaced by the number\\n    of odd digits in the i'th string of the input.\\n\\n    >>> odd_count(['1234567'])\\n    [\\\"the number of odd elements 4n the str4ng 4 of the 4nput.\\\"]\\n    >>> odd_count(['3',\\\"11111111\\\"])\\n    [\\\"the number of odd elements 1n the str1ng 1 of the 1nput.\\\",\\n     \\\"the number of odd elements 8n the str8ng 8 of the 8nput.\\\"]\\n    \\\"\\\"\\\"\\n\"}",
    "TestScript": "import unittest\n\nclass Test(unittest.TestCase):\n    def test_odd_count(self):\n        self.assertEqual(function_under_test(['1234567']), [\"the number of odd elements 4n the str1234567ng 1234567 of the 1234567nput.\"])\n        self.assertEqual(function_under_test(['3', '11111111']), [\"the number of odd elements 1n the str3ng 3 of the 3nput.\", \"the number of odd elements 8n the str11111111ng 11111111 of the 11111111nput.\"])\n\nif __name__ == '__main__':\n    unittest.main()",
    "ScriptResult0": "E\n======================================================================\nERROR: test_odd_count (__main__.Test)\n----------------------------------------------------------------------\nTraceback (most recent call last):\n  File \"/Users/watch/PycharmProjects/XXXX-1-LLM/workspace/2024-02-13_16-19-12-683467/test_script.py\", line 11, in test_odd_count\n    self.assertEqual(function_under_test(['1234567']), [\"the number of odd elements 4n the str1234567ng 1234567 of the 1234567nput.\"])\nNameError: name 'function_under_test' is not defined\n\n----------------------------------------------------------------------\nRan 1 test in 0.000s\n\nFAILED (errors=1)\n",
    "TestReport0": "Test Report\n\nTest Script Output:\n# test script's output:\nE\n======================================================================\nERROR: test_odd_count (__main__.Test)\n----------------------------------------------------------------------\nTraceback (most recent call last):\n  File \"/Users/watch/PycharmProjects/XXXX-1-LLM/workspace/2024-02-13_16-19-12-683467/test_script.py\", line 11, in test_odd_count\n    self.assertEqual(function_under_test(['1234567']), [\"the number of odd elements 4n the str1234567ng 1234567 of the 1234567nput.\"])\nNameError: name 'function_under_test' is not defined\n\n----------------------------------------------------------------------\nRan 1 test in 0.000s\n\nFAILED (errors=1)\n\nTest Conclusion:\nThe code has FAILED the test. \n\nInput and Expected Output Example:\ndef odd_count(lst):\n    result = []\n    for item in lst:\n        count = sum(1 for i in item if int(i) % 2 != 0)\n        result.append(\"the number of odd elements {}n the str{}ng {} of the {}nput.\".format(count, count, count, count))\n    return result\n\nThe code failed to define the 'function_under_test' and did not produce the expected output. \n\nCode Test Result: FAILED",
    "SprintReview0": "[ScrumMaster]says: Here is our test Report: Test Report\n\nTest Script Output:\n# test script's output:\nE\n======================================================================\nERROR: test_odd_count (__main__.Test)\n----------------------------------------------------------------------\nTraceback (most recent call last):\n  File \"/Users/watch/PycharmProjects/XXXX-1-LLM/workspace/2024-02-13_16-19-12-683467/test_script.py\", line 11, in test_odd_count\n    self.assertEqual(function_under_test(['1234567']), [\"the number of odd elements 4n the str1234567ng 1234567 of the 1234567nput.\"])\nNameError: name 'function_under_test' is not defined\n\n----------------------------------------------------------------------\nRan 1 test in 0.000s\n\nFAILED (errors=1)\n\nTest Conclusion:\nThe code has FAILED the test. \n\nInput and Expected Output Example:\ndef odd_count(lst):\n    result = []\n    for item in lst:\n        count = sum(1 for i in item if int(i) % 2 != 0)\n        result.append(\"the number of odd elements {}n the str{}ng {} of the {}nput.\".format(count, count, count, count))\n    return result\n\nThe code failed to define the 'function_under_test' and did not produce the expected output. \n\nCode Test Result: FAILED, do you have any ideas?\n-----\n\n[Developer]says: As a Developer, I think we should define the 'function_under_test' properly before running the test script.\n-----\n\n[ProductOwner]says: As a Product Owner, I think we should prioritize fixing the issue with the 'function_under_test' and ensuring that the code produces the expected output to meet the testing requirements.\n-----\n\n[Tester]says: As a Tester, it seems that the code failed to define the 'function_under_test' and did not produce the expected output. It is important to fix this issue before moving forward with further testing.\n-----\n\n[Architect]says: As an Architect, to address the test failure, we should first define the 'function_under_test' and ensure it produces the expected output.\n-----\n\n[Developer]says: As a Developer, I think we should define the 'function_under_test' properly before running the test script.\n-----\n\n[ProductOwner]says: As a Product Owner, I agree that fixing the issue with the 'function_under_test' should be our priority to meet the testing requirements.\n-----\n\n[Architect]says: As an Architect, to address the test failure, we should first define the 'function_under_test' and ensure it produces the expected output.\n-----\n\n[Tester]says: As a Tester, it seems that the code failed to define the 'function_under_test' and did not produce the expected output. It is important to fix this issue before moving forward with further testing.\n-----\n",
    "SprintReviewMeetings0": "{\n  \"product-owner\": [\n    \"As a Product Owner, I think we should prioritize fixing the issue with the 'function_under_test' and ensuring that the code produces the expected output to meet the testing requirements.\"\n  ],\n  \"architect\": [\n    \"As an Architect, to address the test failure, we should first define the 'function_under_test' and ensure it produces the expected output.\"\n  ],\n  \"developer\": [\n    \"As a Developer, I think we should define the 'function_under_test' properly before running the test script.\"\n  ],\n  \"tester\": [\n    \"As a Tester, it seems that the code failed to define the 'function_under_test' and did not produce the expected output. It is important to fix this issue before moving forward with further testing.\"\n  ]\n}",
    "SprintReviewMeetings0_prompt": "{\"Role\": \"You are a professional scrum master. Your goal is to summary the Discussion History into a suggestions list for the scrum team.\", \"Instruction\": \"1. Read and Understand the Discussion History. 2. Summary the suggestions from four roles: product-owner/architect/developer/tester. 3. Response in JSON format.\", \"Example\": \"{\\\"product-owner\\\":[\\\"suggestion1\\\",\\\"suggestion2\\\"],\\\"architect\\\":[\\\"suggestion1\\\",\\\"suggestion2\\\"], \\\"developer\\\":[\\\"suggestion1\\\",\\\"suggestion2\\\"], \\\"tester\\\":[\\\"suggestion1\\\",\\\"suggestion2\\\"]}\", \"Context\": \"[ScrumMaster]says: Here is our test Report: Test Report\\n\\nTest Script Output:\\n# test script's output:\\nE\\n======================================================================\\nERROR: test_odd_count (__main__.Test)\\n----------------------------------------------------------------------\\nTraceback (most recent call last):\\n  File \\\"/Users/watch/PycharmProjects/XXXX-1-LLM/workspace/2024-02-13_16-19-12-683467/test_script.py\\\", line 11, in test_odd_count\\n    self.assertEqual(function_under_test(['1234567']), [\\\"the number of odd elements 4n the str1234567ng 1234567 of the 1234567nput.\\\"])\\nNameError: name 'function_under_test' is not defined\\n\\n----------------------------------------------------------------------\\nRan 1 test in 0.000s\\n\\nFAILED (errors=1)\\n\\nTest Conclusion:\\nThe code has FAILED the test. \\n\\nInput and Expected Output Example:\\ndef odd_count(lst):\\n    result = []\\n    for item in lst:\\n        count = sum(1 for i in item if int(i) % 2 != 0)\\n        result.append(\\\"the number of odd elements {}n the str{}ng {} of the {}nput.\\\".format(count, count, count, count))\\n    return result\\n\\nThe code failed to define the 'function_under_test' and did not produce the expected output. \\n\\nCode Test Result: FAILED, do you have any ideas?\\n-----\\n\\n[Developer]says: As a Developer, I think we should define the 'function_under_test' properly before running the test script.\\n-----\\n\\n[ProductOwner]says: As a Product Owner, I think we should prioritize fixing the issue with the 'function_under_test' and ensuring that the code produces the expected output to meet the testing requirements.\\n-----\\n\\n[Tester]says: As a Tester, it seems that the code failed to define the 'function_under_test' and did not produce the expected output. It is important to fix this issue before moving forward with further testing.\\n-----\\n\\n[Architect]says: As an Architect, to address the test failure, we should first define the 'function_under_test' and ensure it produces the expected output.\\n-----\\n\\n[Developer]says: As a Developer, I think we should define the 'function_under_test' properly before running the test script.\\n-----\\n\\n[ProductOwner]says: As a Product Owner, I agree that fixing the issue with the 'function_under_test' should be our priority to meet the testing requirements.\\n-----\\n\\n[Architect]says: As an Architect, to address the test failure, we should first define the 'function_under_test' and ensure it produces the expected output.\\n-----\\n\\n[Tester]says: As a Tester, it seems that the code failed to define the 'function_under_test' and did not produce the expected output. It is important to fix this issue before moving forward with further testing.\\n-----\\n\", \"Question\": \"Follow the Instruction section. The Discussion History is in the Context section. You only need to return a list as the Example section.\"}",
    "RepairResponse0": "{\n  \"revised_code\": \"def odd_count(lst):\\n    result = []\\n    for item in lst:\\n        count = sum(1 for i in item if int(i) % 2 != 0)\\n        result.append('the number of odd elements {}n the str{}ng {} of the {}nput.'.format(count, count, count, count))\\n    return result\"\n}",
    "RepairResponse0_prompt": {
        "Role": "You are a professional software engineer. Your duty is to write code in Python that meets the requirements. Ensure that the code you write is efficient, readable, and follows best practices. Remember, do not need to explain the code you wrote.",
        "Instruction": "1. Rewrite a bug fix version of the original code. 2. Response in JSON format.",
        "Example": "{\"revised_code\":\"...\"}",
        "Context": "# Test Report:\nTest Report\n\nTest Script Output:\n# test script's output:\nE\n======================================================================\nERROR: test_odd_count (__main__.Test)\n----------------------------------------------------------------------\nTraceback (most recent call last):\n  File \"/Users/watch/PycharmProjects/XXXX-1-LLM/workspace/2024-02-13_16-19-12-683467/test_script.py\", line 11, in test_odd_count\n    self.assertEqual(function_under_test(['1234567']), [\"the number of odd elements 4n the str1234567ng 1234567 of the 1234567nput.\"])\nNameError: name 'function_under_test' is not defined\n\n----------------------------------------------------------------------\nRan 1 test in 0.000s\n\nFAILED (errors=1)\n\nTest Conclusion:\nThe code has FAILED the test. \n\nInput and Expected Output Example:\ndef odd_count(lst):\n    result = []\n    for item in lst:\n        count = sum(1 for i in item if int(i) % 2 != 0)\n        result.append(\"the number of odd elements {}n the str{}ng {} of the {}nput.\".format(count, count, count, count))\n    return result\n\nThe code failed to define the 'function_under_test' and did not produce the expected output. \n\nCode Test Result: FAILED# suggestions:\n{\"product-owner\": [\"As a Product Owner, I think we should prioritize fixing the issue with the 'function_under_test' and ensuring that the code produces the expected output to meet the testing requirements.\"], \"architect\": [\"As an Architect, to address the test failure, we should first define the 'function_under_test' and ensure it produces the expected output.\"], \"developer\": [\"As a Developer, I think we should define the 'function_under_test' properly before running the test script.\"], \"tester\": [\"As a Tester, it seems that the code failed to define the 'function_under_test' and did not produce the expected output. It is important to fix this issue before moving forward with further testing.\"]}",
        "Question": "The original code has some bugs, according to the test report and suggestions, rewrite the code. Complete the following code:\n\ndef odd_count(lst):\n    \"\"\"Given a list of strings, where each string consists of only digits, return a list.\n    Each element i of the output should be \"the number of odd elements in the\n    string i of the input.\" where all the i's should be replaced by the number\n    of odd digits in the i'th string of the input.\n\n    >>> odd_count(['1234567'])\n    [\"the number of odd elements 4n the str4ng 4 of the 4nput.\"]\n    >>> odd_count(['3',\"11111111\"])\n    [\"the number of odd elements 1n the str1ng 1 of the 1nput.\",\n     \"the number of odd elements 8n the str8ng 8 of the 8nput.\"]\n    \"\"\"\n"
    },
    "Code1": "def odd_count(lst):\n    result = []\n    for item in lst:\n        count = sum(1 for i in item if int(i) % 2 != 0)\n        result.append('the number of odd elements {}n the str{}ng {} of the {}nput.'.format(count, count, count, count))\n    return result",
    "ScriptResult1": "E\n======================================================================\nERROR: test_odd_count (__main__.Test)\n----------------------------------------------------------------------\nTraceback (most recent call last):\n  File \"/Users/watch/PycharmProjects/XXXX-1-LLM/workspace/2024-02-13_16-19-12-683467/test_script.py\", line 11, in test_odd_count\n    self.assertEqual(function_under_test(['1234567']), [\"the number of odd elements 4n the str1234567ng 1234567 of the 1234567nput.\"])\nNameError: name 'function_under_test' is not defined\n\n----------------------------------------------------------------------\nRan 1 test in 0.000s\n\nFAILED (errors=1)\n",
    "TestReport1": "Test Report:\n\n- Test Script's Output:\nE\n======================================================================\nERROR: test_odd_count (__main__.Test)\n----------------------------------------------------------------------\nTraceback (most recent call last):\n  File \"/Users/watch/PycharmProjects/XXXX-1-LLM/workspace/2024-02-13_16-19-12-683467/test_script.py\", line 11, in test_odd_count\n    self.assertEqual(function_under_test(['1234567']), [\"the number of odd elements 4n the str1234567ng 1234567 of the 1234567nput.\"])\nNameError: name 'function_under_test' is not defined\n\n----------------------------------------------------------------------\nRan 1 test in 0.000s\n\nFAILED (errors=1)\n\n- Code Test Result: FAIL\n\n- Input Example:\nInput: ['1234567']\nExpected Output: [\"the number of odd elements 4n the str1234567ng 1234567 of the 1234567nput.\"]\n\nConclusion: The code test has failed.\n\n- Analysis:\nThe test script output shows that there is a NameError as 'function_under_test' is not defined. This indicates that the code failed to execute the test case for the 'odd_count' function.\n\nCode Test Result: FAIL\n\nNote: The test result indicates that the code has failed to pass the test.\n\nEnd of Test Report.",
    "SprintReview1": "[ScrumMaster]says: Here is our test Report: Test Report:\n\n- Test Script's Output:\nE\n======================================================================\nERROR: test_odd_count (__main__.Test)\n----------------------------------------------------------------------\nTraceback (most recent call last):\n  File \"/Users/watch/PycharmProjects/XXXX-1-LLM/workspace/2024-02-13_16-19-12-683467/test_script.py\", line 11, in test_odd_count\n    self.assertEqual(function_under_test(['1234567']), [\"the number of odd elements 4n the str1234567ng 1234567 of the 1234567nput.\"])\nNameError: name 'function_under_test' is not defined\n\n----------------------------------------------------------------------\nRan 1 test in 0.000s\n\nFAILED (errors=1)\n\n- Code Test Result: FAIL\n\n- Input Example:\nInput: ['1234567']\nExpected Output: [\"the number of odd elements 4n the str1234567ng 1234567 of the 1234567nput.\"]\n\nConclusion: The code test has failed.\n\n- Analysis:\nThe test script output shows that there is a NameError as 'function_under_test' is not defined. This indicates that the code failed to execute the test case for the 'odd_count' function.\n\nCode Test Result: FAIL\n\nNote: The test result indicates that the code has failed to pass the test.\n\nEnd of Test Report., do you have any ideas?\n-----\n\n[Architect]says: As an architect, I think we should review the code and ensure that the 'function_under_test' is properly defined before running the test again.\n-----\n\n[Tester]says: As a Tester, I think we need to define the 'function_under_test' in order to pass the test case for the 'odd_count' function.\n-----\n\n[ProductOwner]says: As a Product Owner, it is important for us to prioritize fixing the 'function_under_test' issue in order to pass the test and ensure the quality of our product.\n-----\n\n[Developer]says: As a developer, it is important to define the 'function_under_test' in order to pass the test case for the 'odd_count' function.\n-----\n\n[Architect]says: As an architect, I think we should review the code and ensure that the 'function_under_test' is properly defined before running the test again.\n-----\n\n[Developer]says: As a developer, I will review the code and define the 'function_under_test' to pass the test case for the 'odd_count' function.\n-----\n\n[ProductOwner]says: As a Product Owner, it is important for us to prioritize fixing the 'function_under_test' issue in order to pass the test and ensure the quality of our product.\n-----\n\n[Tester]says: As a Tester, I think we need to define the 'function_under_test' in order to pass the test case for the 'odd_count' function.\n-----\n",
    "SprintReviewMeetings1": "{\n  \"product-owner\": [\n    \"It is important for us to prioritize fixing the 'function_under_test' issue in order to pass the test and ensure the quality of our product.\"\n  ],\n  \"architect\": [\n    \"We should review the code and ensure that the 'function_under_test' is properly defined before running the test again.\"\n  ],\n  \"developer\": [\n    \"I will review the code and define the 'function_under_test' to pass the test case for the 'odd_count' function.\"\n  ],\n  \"tester\": [\n    \"We need to define the 'function_under_test' in order to pass the test case for the 'odd_count' function.\"\n  ]\n}",
    "SprintReviewMeetings1_prompt": "{\"Role\": \"You are a professional scrum master. Your goal is to summary the Discussion History into a suggestions list for the scrum team.\", \"Instruction\": \"1. Read and Understand the Discussion History. 2. Summary the suggestions from four roles: product-owner/architect/developer/tester. 3. Response in JSON format.\", \"Example\": \"{\\\"product-owner\\\":[\\\"suggestion1\\\",\\\"suggestion2\\\"],\\\"architect\\\":[\\\"suggestion1\\\",\\\"suggestion2\\\"], \\\"developer\\\":[\\\"suggestion1\\\",\\\"suggestion2\\\"], \\\"tester\\\":[\\\"suggestion1\\\",\\\"suggestion2\\\"]}\", \"Context\": \"[ScrumMaster]says: Here is our test Report: Test Report:\\n\\n- Test Script's Output:\\nE\\n======================================================================\\nERROR: test_odd_count (__main__.Test)\\n----------------------------------------------------------------------\\nTraceback (most recent call last):\\n  File \\\"/Users/watch/PycharmProjects/XXXX-1-LLM/workspace/2024-02-13_16-19-12-683467/test_script.py\\\", line 11, in test_odd_count\\n    self.assertEqual(function_under_test(['1234567']), [\\\"the number of odd elements 4n the str1234567ng 1234567 of the 1234567nput.\\\"])\\nNameError: name 'function_under_test' is not defined\\n\\n----------------------------------------------------------------------\\nRan 1 test in 0.000s\\n\\nFAILED (errors=1)\\n\\n- Code Test Result: FAIL\\n\\n- Input Example:\\nInput: ['1234567']\\nExpected Output: [\\\"the number of odd elements 4n the str1234567ng 1234567 of the 1234567nput.\\\"]\\n\\nConclusion: The code test has failed.\\n\\n- Analysis:\\nThe test script output shows that there is a NameError as 'function_under_test' is not defined. This indicates that the code failed to execute the test case for the 'odd_count' function.\\n\\nCode Test Result: FAIL\\n\\nNote: The test result indicates that the code has failed to pass the test.\\n\\nEnd of Test Report., do you have any ideas?\\n-----\\n\\n[Architect]says: As an architect, I think we should review the code and ensure that the 'function_under_test' is properly defined before running the test again.\\n-----\\n\\n[Tester]says: As a Tester, I think we need to define the 'function_under_test' in order to pass the test case for the 'odd_count' function.\\n-----\\n\\n[ProductOwner]says: As a Product Owner, it is important for us to prioritize fixing the 'function_under_test' issue in order to pass the test and ensure the quality of our product.\\n-----\\n\\n[Developer]says: As a developer, it is important to define the 'function_under_test' in order to pass the test case for the 'odd_count' function.\\n-----\\n\\n[Architect]says: As an architect, I think we should review the code and ensure that the 'function_under_test' is properly defined before running the test again.\\n-----\\n\\n[Developer]says: As a developer, I will review the code and define the 'function_under_test' to pass the test case for the 'odd_count' function.\\n-----\\n\\n[ProductOwner]says: As a Product Owner, it is important for us to prioritize fixing the 'function_under_test' issue in order to pass the test and ensure the quality of our product.\\n-----\\n\\n[Tester]says: As a Tester, I think we need to define the 'function_under_test' in order to pass the test case for the 'odd_count' function.\\n-----\\n\", \"Question\": \"Follow the Instruction section. The Discussion History is in the Context section. You only need to return a list as the Example section.\"}",
    "RepairResponse1": "{\n  \"revised_code\": \"def odd_count(lst):\\n    result = []\\n    for string in lst:\\n        count = sum(1 for char in string if int(char) % 2 != 0)\\n        replaced_string = string.replace(str(count), f'the number of odd elements {count}n the str{count}ng {string} of the {count}nput.')\\n        result.append(replaced_string)\\n    return result\"\n}",
    "RepairResponse1_prompt": {
        "Role": "You are a professional software engineer. Your duty is to write code in Python that meets the requirements. Ensure that the code you write is efficient, readable, and follows best practices. Remember, do not need to explain the code you wrote.",
        "Instruction": "1. Rewrite a bug fix version of the original code. 2. Response in JSON format.",
        "Example": "{\"revised_code\":\"...\"}",
        "Context": "# Test Report:\nTest Report:\n\n- Test Script's Output:\nE\n======================================================================\nERROR: test_odd_count (__main__.Test)\n----------------------------------------------------------------------\nTraceback (most recent call last):\n  File \"/Users/watch/PycharmProjects/XXXX-1-LLM/workspace/2024-02-13_16-19-12-683467/test_script.py\", line 11, in test_odd_count\n    self.assertEqual(function_under_test(['1234567']), [\"the number of odd elements 4n the str1234567ng 1234567 of the 1234567nput.\"])\nNameError: name 'function_under_test' is not defined\n\n----------------------------------------------------------------------\nRan 1 test in 0.000s\n\nFAILED (errors=1)\n\n- Code Test Result: FAIL\n\n- Input Example:\nInput: ['1234567']\nExpected Output: [\"the number of odd elements 4n the str1234567ng 1234567 of the 1234567nput.\"]\n\nConclusion: The code test has failed.\n\n- Analysis:\nThe test script output shows that there is a NameError as 'function_under_test' is not defined. This indicates that the code failed to execute the test case for the 'odd_count' function.\n\nCode Test Result: FAIL\n\nNote: The test result indicates that the code has failed to pass the test.\n\nEnd of Test Report.# suggestions:\n{\"product-owner\": [\"It is important for us to prioritize fixing the 'function_under_test' issue in order to pass the test and ensure the quality of our product.\"], \"architect\": [\"We should review the code and ensure that the 'function_under_test' is properly defined before running the test again.\"], \"developer\": [\"I will review the code and define the 'function_under_test' to pass the test case for the 'odd_count' function.\"], \"tester\": [\"We need to define the 'function_under_test' in order to pass the test case for the 'odd_count' function.\"]}",
        "Question": "The original code has some bugs, according to the test report and suggestions, rewrite the code. Complete the following code:\n\ndef odd_count(lst):\n    \"\"\"Given a list of strings, where each string consists of only digits, return a list.\n    Each element i of the output should be \"the number of odd elements in the\n    string i of the input.\" where all the i's should be replaced by the number\n    of odd digits in the i'th string of the input.\n\n    >>> odd_count(['1234567'])\n    [\"the number of odd elements 4n the str4ng 4 of the 4nput.\"]\n    >>> odd_count(['3',\"11111111\"])\n    [\"the number of odd elements 1n the str1ng 1 of the 1nput.\",\n     \"the number of odd elements 8n the str8ng 8 of the 8nput.\"]\n    \"\"\"\n"
    },
    "Code2": "def odd_count(lst):\n    result = []\n    for string in lst:\n        count = sum(1 for char in string if int(char) % 2 != 0)\n        replaced_string = string.replace(str(count), f'the number of odd elements {count}n the str{count}ng {string} of the {count}nput.')\n        result.append(replaced_string)\n    return result",
    "ScriptResult2": "E\n======================================================================\nERROR: test_odd_count (__main__.Test)\n----------------------------------------------------------------------\nTraceback (most recent call last):\n  File \"/Users/watch/PycharmProjects/XXXX-1-LLM/workspace/2024-02-13_16-19-12-683467/test_script.py\", line 12, in test_odd_count\n    self.assertEqual(function_under_test(['1234567']), [\"the number of odd elements 4n the str1234567ng 1234567 of the 1234567nput.\"])\nNameError: name 'function_under_test' is not defined\n\n----------------------------------------------------------------------\nRan 1 test in 0.000s\n\nFAILED (errors=1)\n",
    "TestReport2": "Test Report\n\nTest script's output:\nE\n======================================================================\nERROR: test_odd_count (__main__.Test)\n----------------------------------------------------------------------\nTraceback (most recent call last):\n  File \"/Users/watch/PycharmProjects/XXXX-1-LLM/workspace/2024-02-13_16-19-12-683467/test_script.py\", line 12, in test_odd_count\n    self.assertEqual(function_under_test(['1234567']), [\"the number of odd elements 4n the str1234567ng 1234567 of the 1234567nput.\"])\nNameError: name 'function_under_test' is not defined\n\n----------------------------------------------------------------------\nRan 1 test in 0.000s\n\nFAILED (errors=1)\n\nCode Test Failed\n\nInput:\n['1234567']\n\nExpected Output:\n[\"the number of odd elements 4n the str1234567ng 1234567 of the 1234567nput.\"]\n\nConclusion:\nThe code has failed the test. The function 'function_under_test' is not defined, resulting in an error during the test.",
    "SprintReview2": "[ScrumMaster]says: Here is our test Report: Test Report\n\nTest script's output:\nE\n======================================================================\nERROR: test_odd_count (__main__.Test)\n----------------------------------------------------------------------\nTraceback (most recent call last):\n  File \"/Users/watch/PycharmProjects/XXXX-1-LLM/workspace/2024-02-13_16-19-12-683467/test_script.py\", line 12, in test_odd_count\n    self.assertEqual(function_under_test(['1234567']), [\"the number of odd elements 4n the str1234567ng 1234567 of the 1234567nput.\"])\nNameError: name 'function_under_test' is not defined\n\n----------------------------------------------------------------------\nRan 1 test in 0.000s\n\nFAILED (errors=1)\n\nCode Test Failed\n\nInput:\n['1234567']\n\nExpected Output:\n[\"the number of odd elements 4n the str1234567ng 1234567 of the 1234567nput.\"]\n\nConclusion:\nThe code has failed the test. The function 'function_under_test' is not defined, resulting in an error during the test., do you have any ideas?\n-----\n\n[Architect]says: As an Architect, it is important to define and implement the function 'function_under_test' to ensure the code passes the test.\n-----\n\n[Developer]says: As a Developer, I will review the test code and ensure that the function 'function_under_test' is properly defined and implemented to pass the test.\n-----\n\n[Tester]says: As a Tester, I suggest reviewing the test script to ensure that the function 'function_under_test' is correctly defined and called in the test.\n-----\n\n[ProductOwner]says: As a Product Owner, I think the first step is to prioritize fixing the error in the function_under_test and ensuring the test script runs successfully.\n-----\n\n[ProductOwner]says: I will prioritize fixing the error in the function_under_test and ensuring the test script runs successfully.\n-----\n\n[Tester]says: As a Tester, I suggest reviewing the test script to ensure that the function 'function_under_test' is correctly defined and called in the test.\n-----\n\n[Developer]says: As a Developer, I will review the test code and ensure that the function 'function_under_test' is properly defined and implemented to pass the test.\n-----\n\n[Architect]says: [Architect] To create a product, we should define and implement the function 'function_under_test' to ensure the code passes the test.\n-----\n",
    "SprintReviewMeetings2": "{\n\t\"product-owner\": [\n\t\t\"I will prioritize fixing the error in the function_under_test and ensuring the test script runs successfully.\"\n\t],\n\t\"architect\": [\n\t\t\"It is important to define and implement the function 'function_under_test' to ensure the code passes the test.\",\n\t\t\"To create a product, we should define and implement the function 'function_under_test' to ensure the code passes the test.\"\n\t],\n\t\"developer\": [\n\t\t\"I will review the test code and ensure that the function 'function_under_test' is properly defined and implemented to pass the test.\",\n\t\t\"I will review the test code and ensure that the function 'function_under_test' is properly defined and implemented to pass the test.\"\n\t],\n\t\"tester\": [\n\t\t\"As a Tester, I suggest reviewing the test script to ensure that the function 'function_under_test' is correctly defined and called in the test.\",\n\t\t\"As a Tester, I suggest reviewing the test script to ensure that the function 'function_under_test' is correctly defined and called in the test.\"\n\t]\n}",
    "SprintReviewMeetings2_prompt": "{\"Role\": \"You are a professional scrum master. Your goal is to summary the Discussion History into a suggestions list for the scrum team.\", \"Instruction\": \"1. Read and Understand the Discussion History. 2. Summary the suggestions from four roles: product-owner/architect/developer/tester. 3. Response in JSON format.\", \"Example\": \"{\\\"product-owner\\\":[\\\"suggestion1\\\",\\\"suggestion2\\\"],\\\"architect\\\":[\\\"suggestion1\\\",\\\"suggestion2\\\"], \\\"developer\\\":[\\\"suggestion1\\\",\\\"suggestion2\\\"], \\\"tester\\\":[\\\"suggestion1\\\",\\\"suggestion2\\\"]}\", \"Context\": \"[ScrumMaster]says: Here is our test Report: Test Report\\n\\nTest script's output:\\nE\\n======================================================================\\nERROR: test_odd_count (__main__.Test)\\n----------------------------------------------------------------------\\nTraceback (most recent call last):\\n  File \\\"/Users/watch/PycharmProjects/XXXX-1-LLM/workspace/2024-02-13_16-19-12-683467/test_script.py\\\", line 12, in test_odd_count\\n    self.assertEqual(function_under_test(['1234567']), [\\\"the number of odd elements 4n the str1234567ng 1234567 of the 1234567nput.\\\"])\\nNameError: name 'function_under_test' is not defined\\n\\n----------------------------------------------------------------------\\nRan 1 test in 0.000s\\n\\nFAILED (errors=1)\\n\\nCode Test Failed\\n\\nInput:\\n['1234567']\\n\\nExpected Output:\\n[\\\"the number of odd elements 4n the str1234567ng 1234567 of the 1234567nput.\\\"]\\n\\nConclusion:\\nThe code has failed the test. The function 'function_under_test' is not defined, resulting in an error during the test., do you have any ideas?\\n-----\\n\\n[Architect]says: As an Architect, it is important to define and implement the function 'function_under_test' to ensure the code passes the test.\\n-----\\n\\n[Developer]says: As a Developer, I will review the test code and ensure that the function 'function_under_test' is properly defined and implemented to pass the test.\\n-----\\n\\n[Tester]says: As a Tester, I suggest reviewing the test script to ensure that the function 'function_under_test' is correctly defined and called in the test.\\n-----\\n\\n[ProductOwner]says: As a Product Owner, I think the first step is to prioritize fixing the error in the function_under_test and ensuring the test script runs successfully.\\n-----\\n\\n[ProductOwner]says: I will prioritize fixing the error in the function_under_test and ensuring the test script runs successfully.\\n-----\\n\\n[Tester]says: As a Tester, I suggest reviewing the test script to ensure that the function 'function_under_test' is correctly defined and called in the test.\\n-----\\n\\n[Developer]says: As a Developer, I will review the test code and ensure that the function 'function_under_test' is properly defined and implemented to pass the test.\\n-----\\n\\n[Architect]says: [Architect] To create a product, we should define and implement the function 'function_under_test' to ensure the code passes the test.\\n-----\\n\", \"Question\": \"Follow the Instruction section. The Discussion History is in the Context section. You only need to return a list as the Example section.\"}",
    "RepairResponse2": "{\n\t\"revised_code\": \"def odd_count(lst):\\n    result = []\\n    for s in lst:\\n        count = sum(1 for c in s if int(c) % 2 != 0)\\n        result.append('the number of odd elements {}n the str{}ng {} of the {}nput.'.format(count, count, count, count))\\n    return result\"\n}",
    "RepairResponse2_prompt": {
        "Role": "You are a professional software engineer. Your duty is to write code in Python that meets the requirements. Ensure that the code you write is efficient, readable, and follows best practices. Remember, do not need to explain the code you wrote.",
        "Instruction": "1. Rewrite a bug fix version of the original code. 2. Response in JSON format.",
        "Example": "{\"revised_code\":\"...\"}",
        "Context": "# Test Report:\nTest Report\n\nTest script's output:\nE\n======================================================================\nERROR: test_odd_count (__main__.Test)\n----------------------------------------------------------------------\nTraceback (most recent call last):\n  File \"/Users/watch/PycharmProjects/XXXX-1-LLM/workspace/2024-02-13_16-19-12-683467/test_script.py\", line 12, in test_odd_count\n    self.assertEqual(function_under_test(['1234567']), [\"the number of odd elements 4n the str1234567ng 1234567 of the 1234567nput.\"])\nNameError: name 'function_under_test' is not defined\n\n----------------------------------------------------------------------\nRan 1 test in 0.000s\n\nFAILED (errors=1)\n\nCode Test Failed\n\nInput:\n['1234567']\n\nExpected Output:\n[\"the number of odd elements 4n the str1234567ng 1234567 of the 1234567nput.\"]\n\nConclusion:\nThe code has failed the test. The function 'function_under_test' is not defined, resulting in an error during the test.# suggestions:\n{\"product-owner\": [\"I will prioritize fixing the error in the function_under_test and ensuring the test script runs successfully.\"], \"architect\": [\"It is important to define and implement the function 'function_under_test' to ensure the code passes the test.\", \"To create a product, we should define and implement the function 'function_under_test' to ensure the code passes the test.\"], \"developer\": [\"I will review the test code and ensure that the function 'function_under_test' is properly defined and implemented to pass the test.\", \"I will review the test code and ensure that the function 'function_under_test' is properly defined and implemented to pass the test.\"], \"tester\": [\"As a Tester, I suggest reviewing the test script to ensure that the function 'function_under_test' is correctly defined and called in the test.\", \"As a Tester, I suggest reviewing the test script to ensure that the function 'function_under_test' is correctly defined and called in the test.\"]}",
        "Question": "The original code has some bugs, according to the test report and suggestions, rewrite the code. Complete the following code:\n\ndef odd_count(lst):\n    \"\"\"Given a list of strings, where each string consists of only digits, return a list.\n    Each element i of the output should be \"the number of odd elements in the\n    string i of the input.\" where all the i's should be replaced by the number\n    of odd digits in the i'th string of the input.\n\n    >>> odd_count(['1234567'])\n    [\"the number of odd elements 4n the str4ng 4 of the 4nput.\"]\n    >>> odd_count(['3',\"11111111\"])\n    [\"the number of odd elements 1n the str1ng 1 of the 1nput.\",\n     \"the number of odd elements 8n the str8ng 8 of the 8nput.\"]\n    \"\"\"\n"
    },
    "Code3": "def odd_count(lst):\n    result = []\n    for s in lst:\n        count = sum(1 for c in s if int(c) % 2 != 0)\n        result.append('the number of odd elements {}n the str{}ng {} of the {}nput.'.format(count, count, count, count))\n    return result",
    "ScriptResult3": "E\n======================================================================\nERROR: test_odd_count (__main__.Test)\n----------------------------------------------------------------------\nTraceback (most recent call last):\n  File \"/Users/watch/PycharmProjects/XXXX-1-LLM/workspace/2024-02-13_16-19-12-683467/test_script.py\", line 11, in test_odd_count\n    self.assertEqual(function_under_test(['1234567']), [\"the number of odd elements 4n the str1234567ng 1234567 of the 1234567nput.\"])\nNameError: name 'function_under_test' is not defined\n\n----------------------------------------------------------------------\nRan 1 test in 0.000s\n\nFAILED (errors=1)\n",
    "TestReport3": "Test Report\n\nTest script's output:\nE\n======================================================================\nERROR: test_odd_count (__main__.Test)\n----------------------------------------------------------------------\nTraceback (most recent call last):\n  File \"/Users/watch/PycharmProjects/XXXX-1-LLM/workspace/2024-02-13_16-19-12-683467/test_script.py\", line 11, in test_odd_count\n    self.assertEqual(function_under_test(['1234567']), [\"the number of odd elements 4n the str1234567ng 1234567 of the 1234567nput.\"])\nNameError: name 'function_under_test' is not defined\n\n----------------------------------------------------------------------\nRan 1 test in 0.000s\n\nFAILED (errors=1)\n\nCode Test Failed\n\nInput Example:\nodd_count(['1234567'])\n\nExpected Output Example:\n[\"the number of odd elements 4n the str1234567ng 1234567 of the 1234567nput.\"]\n\nConclusion:\nThe code has failed the test due to a NameError as the 'function_under_test' is not defined.\n\nRecommendation:\nThe 'function_under_test' needs to be defined and properly referenced in the test script to resolve this error. Additionally, further testing is recommended to ensure the functionality of the 'odd_count' function.\n\nSignature:\n[Your Name]\nQuality Assurance Engineer"
}