{
    "start_time": "2024-03-11_11-01-15-329078",
    "task": "def replace_spaces(string):\n'''Write a function to replace all spaces in the given string with '%20'.\nassert replace_spaces(\"My Name is Dawood\") == 'My%20Name%20is%20Dawood''''\n",
    "datetime": {
        "task": "2024-03-11 11:01:15",
        "task-id": "2024-03-11 11:01:15",
        "workflow": "2024-03-11 11:01:15",
        "Discussion": "2024-03-11 11:01:18",
        "DisorderedSprintMeetings": "2024-03-11 11:01:20",
        "UserStoryDraft0": "2024-03-11 11:01:21",
        "AnalyzeMeetings": "2024-03-11 11:01:23",
        "UserStory0": "2024-03-11 11:01:25",
        "CodeDraft0": "2024-03-11 11:01:25",
        "CodeReviewMeetings0": "2024-03-11 11:01:26",
        "Code0CR": "2024-03-11 11:01:27",
        "FinalCode": "2024-03-11 11:01:57",
        "Test Cases Draft": "2024-03-11 11:01:30",
        "Test Cases Meetings": "2024-03-11 11:01:31",
        "Test Cases": "2024-03-11 11:01:38",
        "Code0": "2024-03-11 11:01:39",
        "TestScriptOriginal": "2024-03-11 11:01:40",
        "TestScript": "2024-03-11 11:01:40",
        "ScriptResult0": "2024-03-11 11:01:40",
        "TestReport0": "2024-03-11 11:01:41",
        "SprintReview0": "2024-03-11 11:01:43",
        "SprintReviewMeetings0": "2024-03-11 11:01:48",
        "RepairResponse0": "2024-03-11 11:01:49",
        "Code1": "2024-03-11 11:01:49",
        "ScriptResult1": "2024-03-11 11:01:49",
        "TestReport1": "2024-03-11 11:01:52",
        "SprintReview1": "2024-03-11 11:01:54",
        "SprintReviewMeetings1": "2024-03-11 11:01:56",
        "RepairResponse1": "2024-03-11 11:01:57",
        "Code2": "2024-03-11 11:01:57",
        "ScriptResult2": "2024-03-11 11:01:57",
        "TestReport2": "2024-03-11 11:01:58"
    },
    "task-id": 628,
    "workflow": "agile/agile_version_0.0.5_remove.json",
    "Discussion": "[ScrumMaster]says: We have a job: def replace_spaces(string):\n'''Write a function to replace all spaces in the given string with '%20'.\nassert replace_spaces(\"My Name is Dawood\") == 'My%20Name%20is%20Dawood''''\n, do you have any ideas?\n-----\n\n[Developer]says: As a developer, I think we should start by creating a function that iterates through the string and replaces spaces with '%20'.\n-----\n\n[Architect]says: As an architect, I think the first step is to analyze the existing code and determine the best approach for implementing the replace_spaces function.\n-----\n\n[Tester]says: As a Tester, I will ensure that the function replace_spaces accurately replaces spaces in the given string with '%20' before moving forward with the development process.\n-----\n\n[Architect]says: As an architect, I will analyze the existing code and determine the best approach for implementing the replace_spaces function.\n-----\n\n[Tester]says: [Tester] I will ensure that the function replace_spaces accurately replaces spaces in the given string with '%20' before moving forward with the development process.\n-----\n\n[Developer]says: [Developer] I will start by creating a function that iterates through the string and replaces spaces with '%20'.\n-----\n\n[ProductOwner]says: As a Product Owner, I think the first step is to understand the user requirements for the function and prioritize it accordingly in the product backlog.\n-----\n\n[ProductOwner]says: As a Product Owner, I think the first step is to understand the user requirements for the function and prioritize it accordingly in the product backlog.\n-----\n",
    "DisorderedSprintMeetings": "{\n  \"product-owner\": [\"Understand user requirements for the function\", \"Prioritize function in the product backlog\"],\n  \"architect\": [\"Analyze existing code\", \"Determine best approach for implementing replace_spaces function\"],\n  \"developer\": [\"Create function to iterate through string and replace spaces with '%20'\", \"Implement replace_spaces function\"],\n  \"tester\": [\"Ensure replace_spaces function accurately replaces spaces with '%20'\", \"Test replace_spaces function\"]\n}",
    "DisorderedSprintMeetings_prompt": "{\"Role\": \"You are a professional scrum master. Your goal is to breakdown the Discussion History into a task list for the scrum team.\", \"Instruction\": \"1. Read and Understand the Discussion History. 2. Define the tasks for four roles: product-owner/architect/developer/tester. 3. Response in JSON format.\", \"Example\": \"{\\\"product-owner\\\":[\\\"task1\\\",\\\"task2\\\"],\\\"architect\\\":[\\\"task1\\\",\\\"task2\\\"], \\\"developer\\\":[\\\"task1\\\",\\\"task2\\\"], \\\"tester\\\":[\\\"task1\\\",\\\"task2\\\"]}\", \"Context\": \"[ScrumMaster]says: We have a job: def replace_spaces(string):\\n'''Write a function to replace all spaces in the given string with '%20'.\\nassert replace_spaces(\\\"My Name is Dawood\\\") == 'My%20Name%20is%20Dawood''''\\n, do you have any ideas?\\n-----\\n\\n[Developer]says: As a developer, I think we should start by creating a function that iterates through the string and replaces spaces with '%20'.\\n-----\\n\\n[Architect]says: As an architect, I think the first step is to analyze the existing code and determine the best approach for implementing the replace_spaces function.\\n-----\\n\\n[Tester]says: As a Tester, I will ensure that the function replace_spaces accurately replaces spaces in the given string with '%20' before moving forward with the development process.\\n-----\\n\\n[Architect]says: As an architect, I will analyze the existing code and determine the best approach for implementing the replace_spaces function.\\n-----\\n\\n[Tester]says: [Tester] I will ensure that the function replace_spaces accurately replaces spaces in the given string with '%20' before moving forward with the development process.\\n-----\\n\\n[Developer]says: [Developer] I will start by creating a function that iterates through the string and replaces spaces with '%20'.\\n-----\\n\\n[ProductOwner]says: As a Product Owner, I think the first step is to understand the user requirements for the function and prioritize it accordingly in the product backlog.\\n-----\\n\\n[ProductOwner]says: As a Product Owner, I think the first step is to understand the user requirements for the function and prioritize it accordingly in the product backlog.\\n-----\\n\", \"Question\": \"Follow the Instruction section. The Discussion History is in the Context section. You only need to return a task list as the Example section.\"}",
    "UserStoryDraft0": "{\n  \"UserStory\": {\n    \"title\": \"As a user, I want a function to replace spaces in a string with '%20'\",\n    \"description\": \"In order to handle strings with spaces, I need a function that can replace all spaces with '%20'. This function should take a string as input and return the modified string with replaced spaces.\"\n  }\n}",
    "UserStoryDraft0_prompt": "{\"Role\": \"You need to act as a professional product owner. Your task is to write a UserStory\", \"Instruction\": \"According to the Context, please analyze the requirement and write your response. Response in JSON format. Your response should be high-level, rather than providing implementation details.\", \"Example\": \"\", \"Context\": [\"Understand user requirements for the function\", \"Prioritize function in the product backlog\"], \"Question\": \"Follow the Instruction. The requirement is as follows:\\ndef replace_spaces(string):\\n'''Write a function to replace all spaces in the given string with '%20'.\\nassert replace_spaces(\\\"My Name is Dawood\\\") == 'My%20Name%20is%20Dawood''''\\n\"}",
    "AnalyzeMeetings": "{\n  \"Architect\": \"As an architect, I suggest creating a separate function specifically for replacing spaces with '%20'. This function can be called within other parts of the code where string manipulation is needed. It would also be beneficial to consider edge cases such as leading/trailing spaces, consecutive spaces, and empty strings.\",\n  \"Tester\": \"As a tester, I suggest writing test cases to cover various scenarios such as strings with no spaces, strings with multiple spaces, and special characters. It's important to verify that the function returns the correct modified string with '%20' and doesn't introduce any unintended side effects.\"\n}",
    "UserStory0": "{\n  \"RevisedUserStory\": {\n    \"title\": \"As a user, I want a function to replace spaces in a string with '%20'\",\n    \"description\": \"In order to handle strings with spaces, I need a function that can replace all spaces with '%20'. This function should take a string as input and return the modified string with replaced spaces. It should include a separate function for replacing spaces with '%20' to be called within other parts of the code where string manipulation is needed. Additionally, edge cases such as leading/trailing spaces, consecutive spaces, and empty strings should be considered. Test cases should be written to cover various scenarios such as strings with no spaces, strings with multiple spaces, and special characters, in order to verify that the function returns the correct modified string with '%20' and doesn't introduce any unintended side effects.\"\n  }\n}",
    "UserStory0_prompt": {
        "Role": "You need to act as a professional product owner. Your duty is to revise the document based on the suggestions.",
        "Instruction": "1. Read the suggestions. 2. Revise your draft version document. 3. Response in JSON format. 4. REMEMBER: Your analysis should be high-level, rather than providing implementation details.",
        "Example": "",
        "Context": "# Suggestion:\n{\n  \"Architect\": \"As an architect, I suggest creating a separate function specifically for replacing spaces with '%20'. This function can be called within other parts of the code where string manipulation is needed. It would also be beneficial to consider edge cases such as leading/trailing spaces, consecutive spaces, and empty strings.\",\n  \"Tester\": \"As a tester, I suggest writing test cases to cover various scenarios such as strings with no spaces, strings with multiple spaces, and special characters. It's important to verify that the function returns the correct modified string with '%20' and doesn't introduce any unintended side effects.\"\n}",
        "Question": "Follow the Instruction. Your colleague give you some suggestions(in the Context section) about this draft document:{\n  \"UserStory\": {\n    \"title\": \"As a user, I want a function to replace spaces in a string with '%20'\",\n    \"description\": \"In order to handle strings with spaces, I need a function that can replace all spaces with '%20'. This function should take a string as input and return the modified string with replaced spaces.\"\n  }\n}"
    },
    "CodeDraft0": "def replace_spaces(string):\n    return string.replace(\" \", \"%20\")",
    "CodeDraft0_prompt": {
        "Role": "You are a professional engineer. Your duty is to write code in Python that meets the requirements. Ensure that the code you write is efficient, readable, and follows best practices. Remember, do not need to explain the code you wrote.",
        "Instruction": "According to the Context section, write your code.",
        "Example": "",
        "Context": "# Tasks:\n[\"Create function to iterate through string and replace spaces with '%20'\", 'Implement replace_spaces function']",
        "Question": "Follow the Instruction section. Complete the following code:\ndef replace_spaces(string):\n'''Write a function to replace all spaces in the given string with '%20'.\nassert replace_spaces(\"My Name is Dawood\") == 'My%20Name%20is%20Dawood''''\n"
    },
    "CodeReviewMeetings0": "{\"Architect\":\"Consider using the built-in urllib.parse.quote() function for URL encoding instead of manually replacing spaces with %20. This will provide more robust encoding for different characters in the string.\",\"Tester\":\"Test the function with various inputs including strings with multiple spaces and special characters to ensure that the URL encoding is working correctly.\"}",
    "Code0CR": "def replace_spaces(string):\n    return urllib.parse.quote(string)\n\n# Test the function with various inputs including strings with multiple spaces and special characters to ensure that the URL encoding is working correctly.\nassert replace_spaces(\"My Name is Dawood\") == \"My%20Name%20is%20Dawood\"",
    "Code0CR_prompt": "{\"Role\": \"You are a professional software engineer. Your duty is to write code in Python that meets the requirements. Ensure that the code you write is efficient, readable, and follows best practices. Remember, do not need to explain the code you wrote.\", \"Instruction\": \"1. Understand the suggestions(in the Context section) about the original code. 2. Rewrite your code.\", \"Example\": \"\", \"Context\": \"# Tasks:\\n[\\\"Create function to iterate through string and replace spaces with '%20'\\\", 'Implement replace_spaces function']\\n# Suggestions:\\n{\\\"Architect\\\":\\\"Consider using the built-in urllib.parse.quote() function for URL encoding instead of manually replacing spaces with %20. This will provide more robust encoding for different characters in the string.\\\",\\\"Tester\\\":\\\"Test the function with various inputs including strings with multiple spaces and special characters to ensure that the URL encoding is working correctly.\\\"}\", \"Question\": \"Follow the Instruction section. Complete the following code:\\ndef replace_spaces(string):\\n'''Write a function to replace all spaces in the given string with '%20'.\\nassert replace_spaces(\\\"My Name is Dawood\\\") == 'My%20Name%20is%20Dawood''''\\n\"}",
    "FinalCode": "def replace_spaces(string):\n    return string.replace(' ', '%20')",
    "Test Cases Draft": "{\n  \"test_cases\": [\n    {\n      \"Test Title\": \"No spaces in the string\",\n      \"Input Data\": \"parameter1='NoSpaces'\",\n      \"Expected Output\": \"'NoSpaces'\"\n    },\n    {\n      \"Test Title\": \"Single space in the string\",\n      \"Input Data\": \"parameter1='Single Space'\",\n      \"Expected Output\": \"'Single%20Space'\"\n    },\n    {\n      \"Test Title\": \"Multiple consecutive spaces in the string\",\n      \"Input Data\": \"parameter1='Multiple   Spaces'\",\n      \"Expected Output\": \"'Multiple%20%20%20Spaces'\"\n    },\n    {\n      \"Test Title\": \"Leading and trailing spaces in the string\",\n      \"Input Data\": \"parameter1='  LeadingTrailingSpaces  '\",\n      \"Expected Output\": \"'%20%20LeadingTrailingSpaces%20%20'\"\n    },\n    {\n      \"Test Title\": \"Empty string\",\n      \"Input Data\": \"parameter1=''\",\n      \"Expected Output\": \"''\"\n    }\n  ]\n}",
    "Test Cases Draft_prompt": "{\"Role\": \"You are a quality assurance engineer. Your duty is to design test cases for the developers.\", \"Instruction\": \"According to the Context section, write test cases. Don't write long strings in your test cases. Response in JSON format.\", \"Example\": \"{\\\"requirement analysis\\\":\\\"analysis\\\",\\\"test_cases\\\":[{\\\"Test Title\\\":\\\"title\\\", \\\"Input Data\\\":\\\"parameter1=[1,2,3],parameter2='123'\\\", \\\"Expected Output\\\":\\\"456\\\"},]}\", \"Context\": \"# UsrtStory:\\n{\\n  \\\"RevisedUserStory\\\": {\\n    \\\"title\\\": \\\"As a user, I want a function to replace spaces in a string with '%20'\\\",\\n    \\\"description\\\": \\\"In order to handle strings with spaces, I need a function that can replace all spaces with '%20'. This function should take a string as input and return the modified string with replaced spaces. It should include a separate function for replacing spaces with '%20' to be called within other parts of the code where string manipulation is needed. Additionally, edge cases such as leading/trailing spaces, consecutive spaces, and empty strings should be considered. Test cases should be written to cover various scenarios such as strings with no spaces, strings with multiple spaces, and special characters, in order to verify that the function returns the correct modified string with '%20' and doesn't introduce any unintended side effects.\\\"\\n  }\\n}\\n# Tasks:\\n[\\\"Ensure replace_spaces function accurately replaces spaces with '%20'\\\", 'Test replace_spaces function']\\n\", \"Question\": \"def replace_spaces(string):\\n'''Write a function to replace all spaces in the given string with '%20'.\\nassert replace_spaces(\\\"My Name is Dawood\\\") == 'My%20Name%20is%20Dawood''''\\n\"}",
    "Test Cases Meetings": "{\n  \"Architect\": \"As an Architect, I suggest revising the test cases to include edge cases such as special characters, non-ASCII characters, and long input strings to ensure the robustness of the code. Also, consider adding test cases for different encoding formats such as UTF-8 or ISO-8859-1.\"\n  ,\n  \"Developer\": \"As a Developer, I suggest revising the test cases to include negative test cases such as invalid input data (e.g., numbers, symbols) to ensure the code handles unexpected inputs appropriately. Additionally, consider adding test cases for performance testing with large input data to check for any potential efficiency issues.\"\n}",
    "Test Cases": "{\n  \"test_cases\": [\n    {\n      \"Test Title\": \"No spaces in the string\",\n      \"Input Data\": \"parameter1='NoSpaces'\",\n      \"Expected Output\": \"'NoSpaces'\"\n    },\n    {\n      \"Test Title\": \"Single space in the string\",\n      \"Input Data\": \"parameter1='Single Space'\",\n      \"Expected Output\": \"'Single%20Space'\"\n    },\n    {\n      \"Test Title\": \"Multiple consecutive spaces in the string\",\n      \"Input Data\": \"parameter1='Multiple   Spaces'\",\n      \"Expected Output\": \"'Multiple%20%20%20Spaces'\"\n    },\n    {\n      \"Test Title\": \"Leading and trailing spaces in the string\",\n      \"Input Data\": \"parameter1='  LeadingTrailingSpaces  '\",\n      \"Expected Output\": \"'%20%20LeadingTrailingSpaces%20%20'\"\n    },\n    {\n      \"Test Title\": \"Empty string\",\n      \"Input Data\": \"parameter1=''\",\n      \"Expected Output\": \"''\"\n    },\n    {\n      \"Test Title\": \"Special characters in the string\",\n      \"Input Data\": \"parameter1='@#$%^&*'\",\n      \"Expected Output\": \"'@#$%^&*'\"\n    },\n    {\n      \"Test Title\": \"Non-ASCII characters in the string\",\n      \"Input Data\": \"parameter1='\u00d1\u00e1\u00e9\u00ed\u00f3\u00fa'\",\n      \"Expected Output\": \"'\u00d1\u00e1\u00e9\u00ed\u00f3\u00fa'\"\n    },\n    {\n      \"Test Title\": \"Long input string\",\n      \"Input Data\": \"parameter1='This is a long input string with more than 20 characters'\",\n      \"Expected Output\": \"'This%20is%20a%20long%20input%20string%20with%20more%20than%2020%20characters'\"\n    },\n    {\n      \"Test Title\": \"Invalid input data - numbers\",\n      \"Input Data\": \"parameter1='12345'\",\n      \"Expected Output\": \"'12345'\"\n    },\n    {\n      \"Test Title\": \"Invalid input data - symbols\",\n      \"Input Data\": \"parameter1='!@#$'\",\n      \"Expected Output\": \"'!@#$'\"\n    },\n    {\n      \"Test Title\": \"Performance testing - large input data\",\n      \"Input Data\": \"parameter1='A' * 1000000\",\n      \"Expected Output\": \"'A'*1000000 with %20 replacing spaces\"\n    }\n  ]\n}",
    "Test Cases_prompt": "{\"Role\": \"You are a quality assurance engineer. Your duty is to revise the test cases based on the suggestions.\", \"Instruction\": \"1. Your colleague give you some suggestions(in the Context section) about the draft test cases, read these suggestions. 2. Revise your draft version test cases, but don't use long parameters. 3. Response in JSON format.\", \"Example\": \"{\\\"requirement analysis\\\":\\\"analysis\\\",\\\"test_cases\\\":[{\\\"Test Title\\\":\\\"title\\\", \\\"Input Data\\\":\\\"parameter1=[1,2,3],parameter2='123'\\\", \\\"Expected Output\\\":\\\"456\\\"},]}\", \"Context\": \"# Suggestions:\\n{\\n  \\\"Architect\\\": \\\"As an Architect, I suggest revising the test cases to include edge cases such as special characters, non-ASCII characters, and long input strings to ensure the robustness of the code. Also, consider adding test cases for different encoding formats such as UTF-8 or ISO-8859-1.\\\"\\n  ,\\n  \\\"Developer\\\": \\\"As a Developer, I suggest revising the test cases to include negative test cases such as invalid input data (e.g., numbers, symbols) to ensure the code handles unexpected inputs appropriately. Additionally, consider adding test cases for performance testing with large input data to check for any potential efficiency issues.\\\"\\n}\\n # Draft Test cases:\\n{\\n  \\\"test_cases\\\": [\\n    {\\n      \\\"Test Title\\\": \\\"No spaces in the string\\\",\\n      \\\"Input Data\\\": \\\"parameter1='NoSpaces'\\\",\\n      \\\"Expected Output\\\": \\\"'NoSpaces'\\\"\\n    },\\n    {\\n      \\\"Test Title\\\": \\\"Single space in the string\\\",\\n      \\\"Input Data\\\": \\\"parameter1='Single Space'\\\",\\n      \\\"Expected Output\\\": \\\"'Single%20Space'\\\"\\n    },\\n    {\\n      \\\"Test Title\\\": \\\"Multiple consecutive spaces in the string\\\",\\n      \\\"Input Data\\\": \\\"parameter1='Multiple   Spaces'\\\",\\n      \\\"Expected Output\\\": \\\"'Multiple%20%20%20Spaces'\\\"\\n    },\\n    {\\n      \\\"Test Title\\\": \\\"Leading and trailing spaces in the string\\\",\\n      \\\"Input Data\\\": \\\"parameter1='  LeadingTrailingSpaces  '\\\",\\n      \\\"Expected Output\\\": \\\"'%20%20LeadingTrailingSpaces%20%20'\\\"\\n    },\\n    {\\n      \\\"Test Title\\\": \\\"Empty string\\\",\\n      \\\"Input Data\\\": \\\"parameter1=''\\\",\\n      \\\"Expected Output\\\": \\\"''\\\"\\n    }\\n  ]\\n}\", \"Question\": \"Follow the Instruction. Please make sure your response length are less than 512. Your test cases is for the below question:\\ndef replace_spaces(string):\\n'''Write a function to replace all spaces in the given string with '%20'.\\nassert replace_spaces(\\\"My Name is Dawood\\\") == 'My%20Name%20is%20Dawood''''\\n\"}",
    "Code0": "def replace_spaces(string):\n    return urllib.parse.quote(string)",
    "Code0_prompt": {
        "Role": "You are a professional software engineer. Your duty is to write code in Python that meets the requirements. Ensure that the code you write is efficient, readable, and follows best practices. Remember, do not need to explain the code you wrote.",
        "Instruction": "1. Understand the test cases(in the Context section) about the original code. 2. Rewrite your code, make sure your code pass all test cases.",
        "Example": "",
        "Context": "# Original Code:\ndef replace_spaces(string):\n    return urllib.parse.quote(string)\n\n# Test the function with various inputs including strings with multiple spaces and special characters to ensure that the URL encoding is working correctly.\nassert replace_spaces(\"My Name is Dawood\") == \"My%20Name%20is%20Dawood\"\n# Test Cases:\n{\n  \"test_cases\": [\n    {\n      \"Test Title\": \"No spaces in the string\",\n      \"Input Data\": \"parameter1='NoSpaces'\",\n      \"Expected Output\": \"'NoSpaces'\"\n    },\n    {\n      \"Test Title\": \"Single space in the string\",\n      \"Input Data\": \"parameter1='Single Space'\",\n      \"Expected Output\": \"'Single%20Space'\"\n    },\n    {\n      \"Test Title\": \"Multiple consecutive spaces in the string\",\n      \"Input Data\": \"parameter1='Multiple   Spaces'\",\n      \"Expected Output\": \"'Multiple%20%20%20Spaces'\"\n    },\n    {\n      \"Test Title\": \"Leading and trailing spaces in the string\",\n      \"Input Data\": \"parameter1='  LeadingTrailingSpaces  '\",\n      \"Expected Output\": \"'%20%20LeadingTrailingSpaces%20%20'\"\n    },\n    {\n      \"Test Title\": \"Empty string\",\n      \"Input Data\": \"parameter1=''\",\n      \"Expected Output\": \"''\"\n    },\n    {\n      \"Test Title\": \"Special characters in the string\",\n      \"Input Data\": \"parameter1='@#$%^&*'\",\n      \"Expected Output\": \"'@#$%^&*'\"\n    },\n    {\n      \"Test Title\": \"Non-ASCII characters in the string\",\n      \"Input Data\": \"parameter1='\u00d1\u00e1\u00e9\u00ed\u00f3\u00fa'\",\n      \"Expected Output\": \"'\u00d1\u00e1\u00e9\u00ed\u00f3\u00fa'\"\n    },\n    {\n      \"Test Title\": \"Long input string\",\n      \"Input Data\": \"parameter1='This is a long input string with more than 20 characters'\",\n      \"Expected Output\": \"'This%20is%20a%20long%20input%20string%20with%20more%20than%2020%20characters'\"\n    },\n    {\n      \"Test Title\": \"Invalid input data - numbers\",\n      \"Input Data\": \"parameter1='12345'\",\n      \"Expected Output\": \"'12345'\"\n    },\n    {\n      \"Test Title\": \"Invalid input data - symbols\",\n      \"Input Data\": \"parameter1='!@#$'\",\n      \"Expected Output\": \"'!@#$'\"\n    },\n    {\n      \"Test Title\": \"Performance testing - large input data\",\n      \"Input Data\": \"parameter1='A' * 1000000\",\n      \"Expected Output\": \"'A'*1000000 with %20 replacing spaces\"\n    }\n  ]\n}",
        "Question": "def replace_spaces(string):\n'''Write a function to replace all spaces in the given string with '%20'.\nassert replace_spaces(\"My Name is Dawood\") == 'My%20Name%20is%20Dawood''''\n"
    },
    "TestScriptOriginal": "import unittest\n\ndef replace_spaces(string):\n    return string.replace(' ', '%20')\n\nclass Test(unittest.TestCase):\n    def test(self):\n        self.assertEqual(replace_spaces('My Name is Dawood'), 'My%20Name%20is%20Dawood')\n\nif __name__ == '__main__':\n    unittest.main()",
    "TestScriptOriginal_prompt": "{\"Role\": \"You are a quality assurance engineer. Your duty is to write a python test script in unittest framework.\", \"Instruction\": \"1. Write a python test script. 2. Use the input and output given by the question.\", \"Example\": \"import unittest\\n\\nclass Test(unittest.TestCase):\\n    def test(self):\\n        self.assertEqual(function_under_test('a'), 1)\\n\\nif __name__ == '__main__':\\n    unittest.main()\", \"Context\": \"\", \"Question\": \"def replace_spaces(string):\\n'''Write a function to replace all spaces in the given string with '%20'.\\nassert replace_spaces(\\\"My Name is Dawood\\\") == 'My%20Name%20is%20Dawood''''\\n\"}",
    "TestScript": "import unittest\n\nclass Test(unittest.TestCase):\n    def test(self):\n        self.assertEqual(replace_spaces('My Name is Dawood'), 'My%20Name%20is%20Dawood')\n\nif __name__ == '__main__':\n    unittest.main()",
    "ScriptResult0": "E\n======================================================================\nERROR: test (__main__.Test)\n----------------------------------------------------------------------\nTraceback (most recent call last):\n  File \"/Users/watch/PycharmProjects/XXXX-1-LLM/workspace/2024-03-11_11-01-15-329078/test_script.py\", line 7, in test\n    self.assertEqual(replace_spaces('My Name is Dawood'), 'My%20Name%20is%20Dawood')\n  File \"/Users/watch/PycharmProjects/XXXX-1-LLM/workspace/2024-03-11_11-01-15-329078/test_script.py\", line 2, in replace_spaces\n    return urllib.parse.quote(string)\nNameError: name 'urllib' is not defined\n\n----------------------------------------------------------------------\nRan 1 test in 0.000s\n\nFAILED (errors=1)\n",
    "TestReport0": "Test Report:\n\nThe test script's output shows that the code has failed with the following error:\nNameError: name 'urllib' is not defined\n\nInput Example:\nString: \"My Name is Dawood\"\n\nExpected Output Example:\n\"My%20Name%20is%20Dawood\"\n\nConclusion: Code Test Failed",
    "SprintReview0": "[ScrumMaster]says: Here is our test Report: Test Report:\n\nThe test script's output shows that the code has failed with the following error:\nNameError: name 'urllib' is not defined\n\nInput Example:\nString: \"My Name is Dawood\"\n\nExpected Output Example:\n\"My%20Name%20is%20Dawood\"\n\nConclusion: Code Test Failed, do you have any ideas?\n-----\n\n[Tester]says: As a Tester, I suggest checking the import statement for the urllib module to ensure it is properly defined in the code.\n-----\n\n[ProductOwner]says: As a Product Owner, it's important for us to prioritize fixing this code error in order to move forward with the development of the product.\n-----\n\n[Architect]says: As an architect, it is important to review the code and ensure that the necessary modules, such as urllib, are properly defined and imported for the code to function correctly.\n-----\n\n[Developer]says: As a Developer, I can see that the NameError is related to the 'urllib' module not being defined, we should import the 'urllib' module to resolve this issue.\n-----\n\n[Tester]says: As a Tester, I suggest checking the import statement for the urllib module to ensure it is properly defined in the code.\n-----\n\n[Architect]says: As an architect, it is essential to review the code and ensure that the necessary modules, such as urllib, are properly defined and imported for the code to function correctly.\n-----\n\n[ProductOwner]says: As a Product Owner, it's important for us to prioritize fixing this code error in order to move forward with the development of the product.\n-----\n\n[Developer]says: As a Developer, I can see that the NameError is related to the 'urllib' module not being defined, we should import the 'urllib' module to resolve this issue.\n-----\n",
    "SprintReviewMeetings0": "{\n  \"product-owner\":[\"It's important for us to prioritize fixing this code error in order to move forward with the development of the product.\"],\n  \"architect\":[\"It is important to review the code and ensure that the necessary modules, such as urllib, are properly defined and imported for the code to function correctly.\"],\n  \"developer\":[\"The NameError is related to the 'urllib' module not being defined, we should import the 'urllib' module to resolve this issue.\"],\n  \"tester\":[\"I suggest checking the import statement for the urllib module to ensure it is properly defined in the code.\"]\n}",
    "SprintReviewMeetings0_prompt": "{\"Role\": \"You are a professional scrum master. Your goal is to summary the Discussion History into a suggestions list for the scrum team.\", \"Instruction\": \"1. Read and Understand the Discussion History. 2. Summary the suggestions from four roles: product-owner/architect/developer/tester. 3. Response in JSON format.\", \"Example\": \"{\\\"product-owner\\\":[\\\"suggestion1\\\",\\\"suggestion2\\\"],\\\"architect\\\":[\\\"suggestion1\\\",\\\"suggestion2\\\"], \\\"developer\\\":[\\\"suggestion1\\\",\\\"suggestion2\\\"], \\\"tester\\\":[\\\"suggestion1\\\",\\\"suggestion2\\\"]}\", \"Context\": \"[ScrumMaster]says: Here is our test Report: Test Report:\\n\\nThe test script's output shows that the code has failed with the following error:\\nNameError: name 'urllib' is not defined\\n\\nInput Example:\\nString: \\\"My Name is Dawood\\\"\\n\\nExpected Output Example:\\n\\\"My%20Name%20is%20Dawood\\\"\\n\\nConclusion: Code Test Failed, do you have any ideas?\\n-----\\n\\n[Tester]says: As a Tester, I suggest checking the import statement for the urllib module to ensure it is properly defined in the code.\\n-----\\n\\n[ProductOwner]says: As a Product Owner, it's important for us to prioritize fixing this code error in order to move forward with the development of the product.\\n-----\\n\\n[Architect]says: As an architect, it is important to review the code and ensure that the necessary modules, such as urllib, are properly defined and imported for the code to function correctly.\\n-----\\n\\n[Developer]says: As a Developer, I can see that the NameError is related to the 'urllib' module not being defined, we should import the 'urllib' module to resolve this issue.\\n-----\\n\\n[Tester]says: As a Tester, I suggest checking the import statement for the urllib module to ensure it is properly defined in the code.\\n-----\\n\\n[Architect]says: As an architect, it is essential to review the code and ensure that the necessary modules, such as urllib, are properly defined and imported for the code to function correctly.\\n-----\\n\\n[ProductOwner]says: As a Product Owner, it's important for us to prioritize fixing this code error in order to move forward with the development of the product.\\n-----\\n\\n[Developer]says: As a Developer, I can see that the NameError is related to the 'urllib' module not being defined, we should import the 'urllib' module to resolve this issue.\\n-----\\n\", \"Question\": \"Follow the Instruction section. The Discussion History is in the Context section. You only need to return a list as the Example section.\"}",
    "RepairResponse0": "{\n  \"revised_code\": \"def replace_spaces(string):\\n    '''Write a function to replace all spaces in the given string with '%20'.\\n    assert replace_spaces(\\\"My Name is Dawood\\\") == 'My%20Name%20is%20Dawood''''\\n    return string.replace(' ', '%20')\"\n}",
    "RepairResponse0_prompt": {
        "Role": "You are a professional software engineer. Your duty is to write code in Python that meets the requirements. Ensure that the code you write is efficient, readable, and follows best practices. Remember, do not need to explain the code you wrote.",
        "Instruction": "1. Rewrite a bug fix version of the original code. 2. Response in JSON format.",
        "Example": "{\"revised_code\":\"...\"}",
        "Context": "# Test Report:\nTest Report:\n\nThe test script's output shows that the code has failed with the following error:\nNameError: name 'urllib' is not defined\n\nInput Example:\nString: \"My Name is Dawood\"\n\nExpected Output Example:\n\"My%20Name%20is%20Dawood\"\n\nConclusion: Code Test Failed# suggestions:\n{\"product-owner\": [\"It's important for us to prioritize fixing this code error in order to move forward with the development of the product.\"], \"architect\": [\"It is important to review the code and ensure that the necessary modules, such as urllib, are properly defined and imported for the code to function correctly.\"], \"developer\": [\"The NameError is related to the 'urllib' module not being defined, we should import the 'urllib' module to resolve this issue.\"], \"tester\": [\"I suggest checking the import statement for the urllib module to ensure it is properly defined in the code.\"]}",
        "Question": "The original code has some bugs, according to the test report and suggestions, rewrite the code. Complete the following code:\ndef replace_spaces(string):\n'''Write a function to replace all spaces in the given string with '%20'.\nassert replace_spaces(\"My Name is Dawood\") == 'My%20Name%20is%20Dawood''''\n"
    },
    "Code1": "def replace_spaces(string):\n    '''Write a function to replace all spaces in the given string with '%20'.\n    assert replace_spaces(\"My Name is Dawood\") == 'My%20Name%20is%20Dawood''''\n    return string.replace(' ', '%20')",
    "ScriptResult1": "  File \"/Users/watch/PycharmProjects/XXXX-1-LLM/workspace/2024-03-11_11-01-15-329078/test_script.py\", line 3\n    assert replace_spaces(\"My Name is Dawood\") == 'My%20Name%20is%20Dawood''''\n                                                                              ^\nSyntaxError: EOL while scanning string literal\n",
    "TestReport1": "Test Report\n\nTest Script Output:\nFile \"/Users/watch/PycharmProjects/XXXX-1-LLM/workspace/2024-03-11_11-01-15-329078/test_script.py\", line 3\nassert replace_spaces(\"My Name is Dawood\") == 'My%20Name%20is%20Dawood'''' \n^\nSyntaxError: EOL while scanning string literal\n\nAnalysis:\nThe test script encountered a SyntaxError while scanning the string literal. The expected output seems to be incorrect and there is an additional quotation mark at the end of the expected output.\n\nConclusion:\nCode Test Failed\n\nInput and Expected Output Example:\nInput: \"My Name is Dawood\"\nExpected Output: 'My%20Name%20is%20Dawood'\n\nActual Output: SyntaxError encountered\n\nRecommendation:\nThe test script needs to be revised to fix the SyntaxError and ensure the expected output is accurate.\n\n[End of Test Report]",
    "SprintReview1": "[ScrumMaster]says: Here is our test Report: Test Report\n\nTest Script Output:\nFile \"/Users/watch/PycharmProjects/XXXX-1-LLM/workspace/2024-03-11_11-01-15-329078/test_script.py\", line 3\nassert replace_spaces(\"My Name is Dawood\") == 'My%20Name%20is%20Dawood'''' \n^\nSyntaxError: EOL while scanning string literal\n\nAnalysis:\nThe test script encountered a SyntaxError while scanning the string literal. The expected output seems to be incorrect and there is an additional quotation mark at the end of the expected output.\n\nConclusion:\nCode Test Failed\n\nInput and Expected Output Example:\nInput: \"My Name is Dawood\"\nExpected Output: 'My%20Name%20is%20Dawood'\n\nActual Output: SyntaxError encountered\n\nRecommendation:\nThe test script needs to be revised to fix the SyntaxError and ensure the expected output is accurate.\n\n[End of Test Report], do you have any ideas?\n-----\n\n[Developer]says: As a Developer, I think we should review the test script and fix the SyntaxError to ensure the accuracy of the expected output.\n-----\n\n[Architect]says: As an Architect, I recommend reviewing the test script and ensuring that the expected output is accurately represented in the code.\n-----\n\n[Tester]says: As a Tester, it is important to revise the test script to fix the SyntaxError and ensure the expected output is accurate.\n-----\n\n[ProductOwner]says: As a Product Owner, I think the first step is to review the test script and make sure it accurately reflects the expected output. I will work with the team to ensure the test script is revised to fix the SyntaxError.\n-----\n\n[Architect]says: As an Architect, I recommend reviewing the test script and ensuring that the expected output is accurately represented in the code.\n-----\n\n[Tester]says: As a Tester, it is important to revise the test script to fix the SyntaxError and ensure the expected output is accurate.\n-----\n\n[Developer]says: [Developer] To create a product, we should review the test script and fix the SyntaxError to ensure the accuracy of the expected output.\n-----\n\n[ProductOwner]says: As a Product Owner, I think the first step is to review the test script and make sure it accurately reflects the expected output. I will work with the team to ensure the test script is revised to fix the SyntaxError.\n-----\n",
    "SprintReviewMeetings1": "{\n  \"product-owner\":[\"I think the first step is to review the test script and make sure it accurately reflects the expected output. I will work with the team to ensure the test script is revised to fix the SyntaxError.\"],\n  \"architect\":[\"I recommend reviewing the test script and ensuring that the expected output is accurately represented in the code.\"],\n  \"developer\":[\"I think we should review the test script and fix the SyntaxError to ensure the accuracy of the expected output.\"],\n  \"tester\":[\"It is important to revise the test script to fix the SyntaxError and ensure the expected output is accurate.\"]\n}",
    "SprintReviewMeetings1_prompt": "{\"Role\": \"You are a professional scrum master. Your goal is to summary the Discussion History into a suggestions list for the scrum team.\", \"Instruction\": \"1. Read and Understand the Discussion History. 2. Summary the suggestions from four roles: product-owner/architect/developer/tester. 3. Response in JSON format.\", \"Example\": \"{\\\"product-owner\\\":[\\\"suggestion1\\\",\\\"suggestion2\\\"],\\\"architect\\\":[\\\"suggestion1\\\",\\\"suggestion2\\\"], \\\"developer\\\":[\\\"suggestion1\\\",\\\"suggestion2\\\"], \\\"tester\\\":[\\\"suggestion1\\\",\\\"suggestion2\\\"]}\", \"Context\": \"[ScrumMaster]says: Here is our test Report: Test Report\\n\\nTest Script Output:\\nFile \\\"/Users/watch/PycharmProjects/XXXX-1-LLM/workspace/2024-03-11_11-01-15-329078/test_script.py\\\", line 3\\nassert replace_spaces(\\\"My Name is Dawood\\\") == 'My%20Name%20is%20Dawood'''' \\n^\\nSyntaxError: EOL while scanning string literal\\n\\nAnalysis:\\nThe test script encountered a SyntaxError while scanning the string literal. The expected output seems to be incorrect and there is an additional quotation mark at the end of the expected output.\\n\\nConclusion:\\nCode Test Failed\\n\\nInput and Expected Output Example:\\nInput: \\\"My Name is Dawood\\\"\\nExpected Output: 'My%20Name%20is%20Dawood'\\n\\nActual Output: SyntaxError encountered\\n\\nRecommendation:\\nThe test script needs to be revised to fix the SyntaxError and ensure the expected output is accurate.\\n\\n[End of Test Report], do you have any ideas?\\n-----\\n\\n[Developer]says: As a Developer, I think we should review the test script and fix the SyntaxError to ensure the accuracy of the expected output.\\n-----\\n\\n[Architect]says: As an Architect, I recommend reviewing the test script and ensuring that the expected output is accurately represented in the code.\\n-----\\n\\n[Tester]says: As a Tester, it is important to revise the test script to fix the SyntaxError and ensure the expected output is accurate.\\n-----\\n\\n[ProductOwner]says: As a Product Owner, I think the first step is to review the test script and make sure it accurately reflects the expected output. I will work with the team to ensure the test script is revised to fix the SyntaxError.\\n-----\\n\\n[Architect]says: As an Architect, I recommend reviewing the test script and ensuring that the expected output is accurately represented in the code.\\n-----\\n\\n[Tester]says: As a Tester, it is important to revise the test script to fix the SyntaxError and ensure the expected output is accurate.\\n-----\\n\\n[Developer]says: [Developer] To create a product, we should review the test script and fix the SyntaxError to ensure the accuracy of the expected output.\\n-----\\n\\n[ProductOwner]says: As a Product Owner, I think the first step is to review the test script and make sure it accurately reflects the expected output. I will work with the team to ensure the test script is revised to fix the SyntaxError.\\n-----\\n\", \"Question\": \"Follow the Instruction section. The Discussion History is in the Context section. You only need to return a list as the Example section.\"}",
    "RepairResponse1": "{\n  \"revised_code\": \"def replace_spaces(string):\\n    return string.replace(' ', '%20')\"\n}",
    "RepairResponse1_prompt": {
        "Role": "You are a professional software engineer. Your duty is to write code in Python that meets the requirements. Ensure that the code you write is efficient, readable, and follows best practices. Remember, do not need to explain the code you wrote.",
        "Instruction": "1. Rewrite a bug fix version of the original code. 2. Response in JSON format.",
        "Example": "{\"revised_code\":\"...\"}",
        "Context": "# Test Report:\nTest Report\n\nTest Script Output:\nFile \"/Users/watch/PycharmProjects/XXXX-1-LLM/workspace/2024-03-11_11-01-15-329078/test_script.py\", line 3\nassert replace_spaces(\"My Name is Dawood\") == 'My%20Name%20is%20Dawood'''' \n^\nSyntaxError: EOL while scanning string literal\n\nAnalysis:\nThe test script encountered a SyntaxError while scanning the string literal. The expected output seems to be incorrect and there is an additional quotation mark at the end of the expected output.\n\nConclusion:\nCode Test Failed\n\nInput and Expected Output Example:\nInput: \"My Name is Dawood\"\nExpected Output: 'My%20Name%20is%20Dawood'\n\nActual Output: SyntaxError encountered\n\nRecommendation:\nThe test script needs to be revised to fix the SyntaxError and ensure the expected output is accurate.\n\n[End of Test Report]# suggestions:\n{\"product-owner\": [\"I think the first step is to review the test script and make sure it accurately reflects the expected output. I will work with the team to ensure the test script is revised to fix the SyntaxError.\"], \"architect\": [\"I recommend reviewing the test script and ensuring that the expected output is accurately represented in the code.\"], \"developer\": [\"I think we should review the test script and fix the SyntaxError to ensure the accuracy of the expected output.\"], \"tester\": [\"It is important to revise the test script to fix the SyntaxError and ensure the expected output is accurate.\"]}",
        "Question": "The original code has some bugs, according to the test report and suggestions, rewrite the code. Complete the following code:\ndef replace_spaces(string):\n'''Write a function to replace all spaces in the given string with '%20'.\nassert replace_spaces(\"My Name is Dawood\") == 'My%20Name%20is%20Dawood''''\n"
    },
    "Code2": "def replace_spaces(string):\n    return string.replace(' ', '%20')",
    "ScriptResult2": ".\n----------------------------------------------------------------------\nRan 1 test in 0.000s\n\nOK\n",
    "TestReport2": "Test Report\n\nTest script's output:\n.\n----------------------------------------------------------------------\nRan 1 test in 0.000s\n\nOK\n\nConclusion: Code Test Passed"
}