{
    "start_time": "2024-03-11_18-38-20-617881",
    "task": "def colon_tuplex(tuplex,m,n):\n'''Write a function to get a colon of a tuple.\nassert colon_tuplex((\"HELLO\", 5, [], True) ,2,50)==(\"HELLO\", 5, [50], True)'''\n",
    "datetime": {
        "task": "2024-03-11 18:38:20",
        "task-id": "2024-03-11 18:38:20",
        "workflow": "2024-03-11 18:38:20",
        "UserStoryDraft0": "2024-03-11 18:38:21",
        "AnalyzeMeetings": "2024-03-11 18:38:22",
        "UserStory0": "2024-03-11 18:38:23",
        "DesignDraft0": "2024-03-11 18:38:25",
        "DesignMeetings0": "2024-03-11 18:38:27",
        "Design0": "2024-03-11 18:38:30",
        "CodeDraft0": "2024-03-11 18:38:32",
        "CodeReviewMeetings0": "2024-03-11 18:38:34",
        "Code0CR": "2024-03-11 18:38:35",
        "FinalCode": "2024-03-11 18:39:00",
        "Test Cases Draft": "2024-03-11 18:38:38",
        "Test Cases Meetings": "2024-03-11 18:38:39",
        "Test Cases": "2024-03-11 18:38:41",
        "Code0": "2024-03-11 18:38:44",
        "TestScriptOriginal": "2024-03-11 18:38:45",
        "TestScript": "2024-03-11 18:38:45",
        "ScriptResult0": "2024-03-11 18:38:45",
        "TestReport0": "2024-03-11 18:38:48",
        "SprintReview0": "2024-03-11 18:38:50",
        "SprintReviewMeetings0": "2024-03-11 18:38:52",
        "RepairResponse0": "2024-03-11 18:38:53",
        "Code1": "2024-03-11 18:38:53",
        "ScriptResult1": "2024-03-11 18:38:53",
        "TestReport1": "2024-03-11 18:38:56",
        "SprintReview1": "2024-03-11 18:38:57",
        "SprintReviewMeetings1": "2024-03-11 18:38:59",
        "RepairResponse1": "2024-03-11 18:39:00",
        "Code2": "2024-03-11 18:39:00",
        "ScriptResult2": "2024-03-11 18:39:00",
        "TestReport2": "2024-03-11 18:39:01"
    },
    "task-id": 307,
    "workflow": "agile/agile_version_0.0.5_remove.json",
    "UserStoryDraft0": "{\n  \"UserStory\": \"As a product owner, I want a function called colon_tuplex that takes a tuple, an index, and a value as input and returns a new tuple with the value inserted at the specified index, so that I can manipulate tuples easily in my application.\"\n}",
    "UserStoryDraft0_prompt": "{\"Role\": \"You need to act as a professional product owner. Your task is to write a UserStory\", \"Instruction\": \"According to the Context, please analyze the requirement and write your response. Response in JSON format. Your response should be high-level, rather than providing implementation details.\", \"Example\": \"\", \"Context\": [], \"Question\": \"Follow the Instruction. The requirement is as follows:\\ndef colon_tuplex(tuplex,m,n):\\n'''Write a function to get a colon of a tuple.\\nassert colon_tuplex((\\\"HELLO\\\", 5, [], True) ,2,50)==(\\\"HELLO\\\", 5, [50], True)'''\\n\"}",
    "AnalyzeMeetings": "{\n  \"Architect\": \"I suggest providing more detailed requirements for the function, such as input validation and handling of edge cases. This will help ensure the function behaves as expected in all scenarios.\"\n}",
    "UserStory0": "{\n  \"RevisedDocument\": {\n    \"UserStory\": \"As a product owner, I want a function called colon_tuplex that takes a tuple, an index, and a value as input and returns a new tuple with the value inserted at the specified index, so that I can manipulate tuples easily in my application.\",\n    \"ArchitectSuggestions\": {\n      \"Requirements\": \"Detailed requirements for the function, such as input validation and handling of edge cases, have been added to ensure the function behaves as expected in all scenarios.\"\n    }\n  }\n}",
    "UserStory0_prompt": {
        "Role": "You need to act as a professional product owner. Your duty is to revise the document based on the suggestions.",
        "Instruction": "1. Read the suggestions. 2. Revise your draft version document. 3. Response in JSON format. 4. REMEMBER: Your analysis should be high-level, rather than providing implementation details.",
        "Example": "",
        "Context": "# Suggestion:\n{\n  \"Architect\": \"I suggest providing more detailed requirements for the function, such as input validation and handling of edge cases. This will help ensure the function behaves as expected in all scenarios.\"\n}",
        "Question": "Follow the Instruction. Your colleague give you some suggestions(in the Context section) about this draft document:{\n  \"UserStory\": \"As a product owner, I want a function called colon_tuplex that takes a tuple, an index, and a value as input and returns a new tuple with the value inserted at the specified index, so that I can manipulate tuples easily in my application.\"\n}"
    },
    "DesignDraft0": "Design:\n\nFunction Name: colon_tuplex\n\nParameters:\n- tuplex: tuple\n- m: index where value needs to be inserted\n- n: value to be inserted\n\nReturn:\n- New tuple with the value inserted at the specified index\n\nHigh-level Design:\n1. Check if the index 'm' is within the range of the tuple 'tuplex'.\n2. If 'm' is valid, create a new tuple by inserting the value 'n' at index 'm' and return the new tuple.\n3. If 'm' is not valid, raise an exception or handle the edge case as per the detailed requirements.\n\nNote: The function should handle input validation and edge cases as per the detailed requirements provided.",
    "DesignMeetings0": "{\n  \"Developer\": \"It would be helpful to include more detailed information about the input validation and edge cases that need to be handled. For example, what specific exceptions should be raised if 'm' is not valid? Additionally, considering adding some example test cases to better understand the expected behavior of the function.\",\n  \"Requirement Engineer\": \"It would be beneficial to provide more specific details about the input validation and edge cases that need to be handled. For example, what are the specific requirements for handling the edge cases when 'm' is not valid? Additionally, including some example test cases would help clarify the expected behavior of the function.\"\n}",
    "Design0": "Based on the suggestions, I have revised the design as follows:\n\nFunction Name: colon_tuplex\n\nParameters:\n- tuplex: tuple\n- m: index where value needs to be inserted\n- n: value to be inserted\n\nReturn:\n- New tuple with the value inserted at the specified index\n\nHigh-level Design:\n1. Check if the index 'm' is within the range of the tuple 'tuplex'. If 'm' is out of range, raise a ValueError exception specifying that the index is out of range.\n2. If 'm' is valid, create a new tuple by inserting the value 'n' at index 'm' and return the new tuple.\n3. Include example test cases to demonstrate the expected behavior of the function. For example, the input tuple (1, 2, 3, 4) with m=2, n=10 should return (1, 2, 10, 3, 4) as the output tuple.\n\nThis revised design provides more detailed information about the input validation, specific exceptions to be raised, and includes example test cases to better understand the expected behavior of the function.",
    "CodeDraft0": "def colon_tuplex(tuplex, m, n):\n    if m < 0 or m > len(tuplex):\n        raise ValueError(\"Index is out of range\")\n    else:\n        new_tuple = list(tuplex)\n        new_tuple.insert(m, n)\n        return tuple(new_tuple)",
    "CodeDraft0_prompt": {
        "Role": "You are a professional engineer. Your duty is to write code in Python that meets the requirements. Ensure that the code you write is efficient, readable, and follows best practices. Remember, do not need to explain the code you wrote.",
        "Instruction": "According to the Context section, write your code.",
        "Example": "",
        "Context": "# Tasks:\n[]\n# Design:\nBased on the suggestions, I have revised the design as follows:\n\nFunction Name: colon_tuplex\n\nParameters:\n- tuplex: tuple\n- m: index where value needs to be inserted\n- n: value to be inserted\n\nReturn:\n- New tuple with the value inserted at the specified index\n\nHigh-level Design:\n1. Check if the index 'm' is within the range of the tuple 'tuplex'. If 'm' is out of range, raise a ValueError exception specifying that the index is out of range.\n2. If 'm' is valid, create a new tuple by inserting the value 'n' at index 'm' and return the new tuple.\n3. Include example test cases to demonstrate the expected behavior of the function. For example, the input tuple (1, 2, 3, 4) with m=2, n=10 should return (1, 2, 10, 3, 4) as the output tuple.\n\nThis revised design provides more detailed information about the input validation, specific exceptions to be raised, and includes example test cases to better understand the expected behavior of the function.",
        "Question": "Follow the Instruction section. Complete the following code:\ndef colon_tuplex(tuplex,m,n):\n'''Write a function to get a colon of a tuple.\nassert colon_tuplex((\"HELLO\", 5, [], True) ,2,50)==(\"HELLO\", 5, [50], True)'''\n"
    },
    "CodeReviewMeetings0": "{\n  \"Architect\": \"The code seems to be adding an element at a specific index in a tuple. It can be improved by using tuple concatenation instead of converting the tuple to a list and then back to a tuple. This will improve the efficiency of the code.\",\n  \"Tester\": \"The code should be tested with different input tuples, including empty tuples, to ensure it handles various scenarios correctly. Also, boundary tests should be conducted to check if the code correctly handles the index range.\"\n}",
    "Code0CR": "def colon_tuplex(tuplex, m, n):\n    if m < 0 or m > len(tuplex):\n        raise ValueError(\"Index is out of range\")\n\n    new_tuple = tuplex[:m] + (n,) + tuplex[m+1:]\n    return new_tuple",
    "Code0CR_prompt": "{\"Role\": \"You are a professional software engineer. Your duty is to write code in Python that meets the requirements. Ensure that the code you write is efficient, readable, and follows best practices. Remember, do not need to explain the code you wrote.\", \"Instruction\": \"1. Understand the suggestions(in the Context section) about the original code. 2. Rewrite your code.\", \"Example\": \"\", \"Context\": \"# Tasks:\\n[]\\n# Design:\\nBased on the suggestions, I have revised the design as follows:\\n\\nFunction Name: colon_tuplex\\n\\nParameters:\\n- tuplex: tuple\\n- m: index where value needs to be inserted\\n- n: value to be inserted\\n\\nReturn:\\n- New tuple with the value inserted at the specified index\\n\\nHigh-level Design:\\n1. Check if the index 'm' is within the range of the tuple 'tuplex'. If 'm' is out of range, raise a ValueError exception specifying that the index is out of range.\\n2. If 'm' is valid, create a new tuple by inserting the value 'n' at index 'm' and return the new tuple.\\n3. Include example test cases to demonstrate the expected behavior of the function. For example, the input tuple (1, 2, 3, 4) with m=2, n=10 should return (1, 2, 10, 3, 4) as the output tuple.\\n\\nThis revised design provides more detailed information about the input validation, specific exceptions to be raised, and includes example test cases to better understand the expected behavior of the function.# Suggestions:\\n{\\n  \\\"Architect\\\": \\\"The code seems to be adding an element at a specific index in a tuple. It can be improved by using tuple concatenation instead of converting the tuple to a list and then back to a tuple. This will improve the efficiency of the code.\\\",\\n  \\\"Tester\\\": \\\"The code should be tested with different input tuples, including empty tuples, to ensure it handles various scenarios correctly. Also, boundary tests should be conducted to check if the code correctly handles the index range.\\\"\\n}\", \"Question\": \"Follow the Instruction section. Complete the following code:\\ndef colon_tuplex(tuplex,m,n):\\n'''Write a function to get a colon of a tuple.\\nassert colon_tuplex((\\\"HELLO\\\", 5, [], True) ,2,50)==(\\\"HELLO\\\", 5, [50], True)'''\\n\"}",
    "FinalCode": "def colon_tuplex(tuplex, m, n):\n    lst = list(tuplex)\n    lst[m] = [n]\n    return tuple(lst)",
    "Test Cases Draft": "{\n  \"test_cases\": [\n    {\n      \"Test Title\": \"Valid index and value\",\n      \"Input Data\": \"tuplex=(1,2,3,4), m=2, n=10\",\n      \"Expected Output\": \"(1, 2, 10, 3, 4)\"\n    },\n    {\n      \"Test Title\": \"Invalid index\",\n      \"Input Data\": \"tuplex=(1,2,3,4), m=5, n=10\",\n      \"Expected Output\": \"ValueError: Index is out of range\"\n    }\n  ]\n}",
    "Test Cases Draft_prompt": "{\"Role\": \"You are a quality assurance engineer. Your duty is to design test cases for the developers.\", \"Instruction\": \"According to the Context section, write test cases. Don't write long strings in your test cases. Response in JSON format.\", \"Example\": \"{\\\"requirement analysis\\\":\\\"analysis\\\",\\\"test_cases\\\":[{\\\"Test Title\\\":\\\"title\\\", \\\"Input Data\\\":\\\"parameter1=[1,2,3],parameter2='123'\\\", \\\"Expected Output\\\":\\\"456\\\"},]}\", \"Context\": \"# UsrtStory:\\n{\\n  \\\"RevisedDocument\\\": {\\n    \\\"UserStory\\\": \\\"As a product owner, I want a function called colon_tuplex that takes a tuple, an index, and a value as input and returns a new tuple with the value inserted at the specified index, so that I can manipulate tuples easily in my application.\\\",\\n    \\\"ArchitectSuggestions\\\": {\\n      \\\"Requirements\\\": \\\"Detailed requirements for the function, such as input validation and handling of edge cases, have been added to ensure the function behaves as expected in all scenarios.\\\"\\n    }\\n  }\\n}\\n# Tasks:\\n[]\\n# Design:\\nBased on the suggestions, I have revised the design as follows:\\n\\nFunction Name: colon_tuplex\\n\\nParameters:\\n- tuplex: tuple\\n- m: index where value needs to be inserted\\n- n: value to be inserted\\n\\nReturn:\\n- New tuple with the value inserted at the specified index\\n\\nHigh-level Design:\\n1. Check if the index 'm' is within the range of the tuple 'tuplex'. If 'm' is out of range, raise a ValueError exception specifying that the index is out of range.\\n2. If 'm' is valid, create a new tuple by inserting the value 'n' at index 'm' and return the new tuple.\\n3. Include example test cases to demonstrate the expected behavior of the function. For example, the input tuple (1, 2, 3, 4) with m=2, n=10 should return (1, 2, 10, 3, 4) as the output tuple.\\n\\nThis revised design provides more detailed information about the input validation, specific exceptions to be raised, and includes example test cases to better understand the expected behavior of the function.\", \"Question\": \"def colon_tuplex(tuplex,m,n):\\n'''Write a function to get a colon of a tuple.\\nassert colon_tuplex((\\\"HELLO\\\", 5, [], True) ,2,50)==(\\\"HELLO\\\", 5, [50], True)'''\\n\"}",
    "Test Cases Meetings": "{\n  \"Developer\": \"For the 'Valid index and value' test case, the input data should include the expected result as well. It would be clearer to have the input data as separate variables rather than a single string. Additionally, the expected output should be more specific, such as 'the value at index m is replaced with n'. For the 'Invalid index' test case, it would be beneficial to include a description of the error message that is expected, rather than just stating 'ValueError: Index is out of range'.\"\n}",
    "Test Cases": "{\n  \"test_cases\": [\n    {\n      \"Test Title\": \"Valid index and value\",\n      \"Input Data\": {\n        \"tuplex\": [1, 2, 3, 4],\n        \"m\": 2,\n        \"n\": 10\n      },\n      \"Expected Output\": \"the value at index 2 is replaced with 10\"\n    },\n    {\n      \"Test Title\": \"Invalid index\",\n      \"Input Data\": {\n        \"tuplex\": [1, 2, 3, 4],\n        \"m\": 5,\n        \"n\": 10\n      },\n      \"Expected Output\": \"the error message is 'ValueError: Index is out of range'\"\n    }\n  ]\n}",
    "Test Cases_prompt": "{\"Role\": \"You are a quality assurance engineer. Your duty is to revise the test cases based on the suggestions.\", \"Instruction\": \"1. Your colleague give you some suggestions(in the Context section) about the draft test cases, read these suggestions. 2. Revise your draft version test cases, but don't use long parameters. 3. Response in JSON format.\", \"Example\": \"{\\\"requirement analysis\\\":\\\"analysis\\\",\\\"test_cases\\\":[{\\\"Test Title\\\":\\\"title\\\", \\\"Input Data\\\":\\\"parameter1=[1,2,3],parameter2='123'\\\", \\\"Expected Output\\\":\\\"456\\\"},]}\", \"Context\": \"# Suggestions:\\n{\\n  \\\"Developer\\\": \\\"For the 'Valid index and value' test case, the input data should include the expected result as well. It would be clearer to have the input data as separate variables rather than a single string. Additionally, the expected output should be more specific, such as 'the value at index m is replaced with n'. For the 'Invalid index' test case, it would be beneficial to include a description of the error message that is expected, rather than just stating 'ValueError: Index is out of range'.\\\"\\n}\\n # Draft Test cases:\\n{\\n  \\\"test_cases\\\": [\\n    {\\n      \\\"Test Title\\\": \\\"Valid index and value\\\",\\n      \\\"Input Data\\\": \\\"tuplex=(1,2,3,4), m=2, n=10\\\",\\n      \\\"Expected Output\\\": \\\"(1, 2, 10, 3, 4)\\\"\\n    },\\n    {\\n      \\\"Test Title\\\": \\\"Invalid index\\\",\\n      \\\"Input Data\\\": \\\"tuplex=(1,2,3,4), m=5, n=10\\\",\\n      \\\"Expected Output\\\": \\\"ValueError: Index is out of range\\\"\\n    }\\n  ]\\n}\", \"Question\": \"Follow the Instruction. Please make sure your response length are less than 512. Your test cases is for the below question:\\ndef colon_tuplex(tuplex,m,n):\\n'''Write a function to get a colon of a tuple.\\nassert colon_tuplex((\\\"HELLO\\\", 5, [], True) ,2,50)==(\\\"HELLO\\\", 5, [50], True)'''\\n\"}",
    "Code0": "def colon_tuplex(tuplex, m, n):\n    if m < 0 or m > len(tuplex):\n        raise ValueError(\"Index is out of range\")\n\n    new_tuple = tuplex[:m] + (n,) + tuplex[m+1:]\n    return new_tuple",
    "Code0_prompt": {
        "Role": "You are a professional software engineer. Your duty is to write code in Python that meets the requirements. Ensure that the code you write is efficient, readable, and follows best practices. Remember, do not need to explain the code you wrote.",
        "Instruction": "1. Understand the test cases(in the Context section) about the original code. 2. Rewrite your code, make sure your code pass all test cases.",
        "Example": "",
        "Context": "# Original Code:\ndef colon_tuplex(tuplex, m, n):\n    if m < 0 or m > len(tuplex):\n        raise ValueError(\"Index is out of range\")\n\n    new_tuple = tuplex[:m] + (n,) + tuplex[m+1:]\n    return new_tuple\n# Test Cases:\n{\n  \"test_cases\": [\n    {\n      \"Test Title\": \"Valid index and value\",\n      \"Input Data\": {\n        \"tuplex\": [1, 2, 3, 4],\n        \"m\": 2,\n        \"n\": 10\n      },\n      \"Expected Output\": \"the value at index 2 is replaced with 10\"\n    },\n    {\n      \"Test Title\": \"Invalid index\",\n      \"Input Data\": {\n        \"tuplex\": [1, 2, 3, 4],\n        \"m\": 5,\n        \"n\": 10\n      },\n      \"Expected Output\": \"the error message is 'ValueError: Index is out of range'\"\n    }\n  ]\n}",
        "Question": "def colon_tuplex(tuplex,m,n):\n'''Write a function to get a colon of a tuple.\nassert colon_tuplex((\"HELLO\", 5, [], True) ,2,50)==(\"HELLO\", 5, [50], True)'''\n"
    },
    "TestScriptOriginal": "import unittest\n\ndef colon_tuplex(tuplex, m, n):\n    new_tuplex = list(tuplex)\n    new_tuplex[m] = n\n    return tuple(new_tuplex)\n\nclass Test(unittest.TestCase):\n    def test(self):\n        self.assertEqual(colon_tuplex((\"HELLO\", 5, [], True), 2, 50), (\"HELLO\", 5, [50], True))\n\nif __name__ == '__main__':\n    unittest.main()",
    "TestScriptOriginal_prompt": "{\"Role\": \"You are a quality assurance engineer. Your duty is to write a python test script in unittest framework.\", \"Instruction\": \"1. Write a python test script. 2. Use the input and output given by the question.\", \"Example\": \"import unittest\\n\\nclass Test(unittest.TestCase):\\n    def test(self):\\n        self.assertEqual(function_under_test('a'), 1)\\n\\nif __name__ == '__main__':\\n    unittest.main()\", \"Context\": \"\", \"Question\": \"def colon_tuplex(tuplex,m,n):\\n'''Write a function to get a colon of a tuple.\\nassert colon_tuplex((\\\"HELLO\\\", 5, [], True) ,2,50)==(\\\"HELLO\\\", 5, [50], True)'''\\n\"}",
    "TestScript": "import unittest\n\nclass Test(unittest.TestCase):\n    def test(self):\n        self.assertEqual(colon_tuplex((\"HELLO\", 5, [], True), 2, 50), (\"HELLO\", 5, [50], True))\n\nif __name__ == '__main__':\n    unittest.main()",
    "ScriptResult0": "F\n======================================================================\nFAIL: test (__main__.Test)\n----------------------------------------------------------------------\nTraceback (most recent call last):\n  File \"/Users/watch/PycharmProjects/XXXX-1-LLM/workspace/2024-03-11_18-38-20-617881/test_script.py\", line 11, in test\n    self.assertEqual(colon_tuplex((\"HELLO\", 5, [], True), 2, 50), (\"HELLO\", 5, [50], True))\nAssertionError: Tuples differ: ('HELLO', 5, 50, True) != ('HELLO', 5, [50], True)\n\nFirst differing element 2:\n50\n[50]\n\n- ('HELLO', 5, 50, True)\n+ ('HELLO', 5, [50], True)\n?              +  +\n\n\n----------------------------------------------------------------------\nRan 1 test in 0.000s\n\nFAILED (failures=1)\n",
    "TestReport0": "Test Report:\n\nTest script's output:\nF\n======================================================================\nFAIL: test (__main__.Test)\n----------------------------------------------------------------------\nTraceback (most recent call last):\n  File \"/Users/watch/PycharmProjects/XXXX-1-LLM/workspace/2024-03-11_18-38-20-617881/test_script.py\", line 11, in test\n    self.assertEqual(colon_tuplex((\"HELLO\", 5, [], True), 2, 50), (\"HELLO\", 5, [50], True))\nAssertionError: Tuples differ: ('HELLO', 5, 50, True) != ('HELLO', 5, [50], True)\n\nFirst differing element 2:\n50\n[50]\n\n- ('HELLO', 5, 50, True)\n+ ('HELLO', 5, [50], True)\n?              +  +\n\n\n----------------------------------------------------------------------\nRan 1 test in 0.000s\n\nFAILED (failures=1)\n\nCode Test Failed\n\nInput Example:\ntuplex = (\"HELLO\", 5, [], True)\nm = 2\nn = 50\n\nExpected Output Example:\n(\"HELLO\", 5, [50], True)\n\nActual Output Example:\n('HELLO', 5, 50, True)\n\nConclusion:\nThe code has failed the test due to a mismatch in the tuple elements. A tuple modification function 'colon_tuplex' did not produce the expected output.\n\nCode Test Failed",
    "SprintReview0": "[ScrumMaster]says: Here is our test Report: Test Report:\n\nTest script's output:\nF\n======================================================================\nFAIL: test (__main__.Test)\n----------------------------------------------------------------------\nTraceback (most recent call last):\n  File \"/Users/watch/PycharmProjects/XXXX-1-LLM/workspace/2024-03-11_18-38-20-617881/test_script.py\", line 11, in test\n    self.assertEqual(colon_tuplex((\"HELLO\", 5, [], True), 2, 50), (\"HELLO\", 5, [50], True))\nAssertionError: Tuples differ: ('HELLO', 5, 50, True) != ('HELLO', 5, [50], True)\n\nFirst differing element 2:\n50\n[50]\n\n- ('HELLO', 5, 50, True)\n+ ('HELLO', 5, [50], True)\n?              +  +\n\n\n----------------------------------------------------------------------\nRan 1 test in 0.000s\n\nFAILED (failures=1)\n\nCode Test Failed\n\nInput Example:\ntuplex = (\"HELLO\", 5, [], True)\nm = 2\nn = 50\n\nExpected Output Example:\n(\"HELLO\", 5, [50], True)\n\nActual Output Example:\n('HELLO', 5, 50, True)\n\nConclusion:\nThe code has failed the test due to a mismatch in the tuple elements. A tuple modification function 'colon_tuplex' did not produce the expected output.\n\nCode Test Failed, do you have any ideas?\n-----\n\n[ProductOwner]says: As a Product Owner, I think we need to prioritize fixing the issue with the code test failure before moving forward with any other product development tasks.\n-----\n\n[Developer]says: As a Developer, I will review the test script and identify the issue in the 'colon_tuplex' function that caused the tuple modification to not produce the expected output.\n-----\n\n[Architect]says: As an architect, I think we should review the code for the 'colon_tuplex' function and ensure that it is modifying the tuple elements correctly to produce the expected output.\n-----\n\n[Tester]says: As a Tester, it seems that the code failed the test due to a mismatch in the tuple elements, and the tuple modification function 'colon_tuplex' did not produce the expected output. It may be necessary to review the code and make necessary adjustments to ensure it meets the expected output.\n-----\n\n[ProductOwner]says: [ProductOwner] As a Product Owner, I think we need to prioritize fixing the issue with the code test failure before moving forward with any other product development tasks.\n-----\n\n[Developer]says: [Developer] I will review the test script and identify the issue in the 'colon_tuplex' function that caused the tuple modification to not produce the expected output.\n-----\n\n[Architect]says: As an architect, I think we should review the code for the 'colon_tuplex' function and ensure that it is modifying the tuple elements correctly to produce the expected output.\n-----\n\n[Tester]says: As a Tester, it seems that the code failed the test due to a mismatch in the tuple elements, and the tuple modification function 'colon_tuplex' did not produce the expected output. It may be necessary to review the code and make necessary adjustments to ensure it meets the expected output.\n-----\n",
    "SprintReviewMeetings0": "{\n  \"product-owner\": [\"We need to prioritize fixing the issue with the code test failure before moving forward with any other product development tasks.\"],\n  \"architect\": [\"Review the code for the 'colon_tuplex' function and ensure that it is modifying the tuple elements correctly to produce the expected output.\"],\n  \"developer\": [\"Review the test script and identify the issue in the 'colon_tuplex' function that caused the tuple modification to not produce the expected output.\"],\n  \"tester\": [\"Review the code and make necessary adjustments to ensure it meets the expected output.\"]\n}",
    "SprintReviewMeetings0_prompt": "{\"Role\": \"You are a professional scrum master. Your goal is to summary the Discussion History into a suggestions list for the scrum team.\", \"Instruction\": \"1. Read and Understand the Discussion History. 2. Summary the suggestions from four roles: product-owner/architect/developer/tester. 3. Response in JSON format.\", \"Example\": \"{\\\"product-owner\\\":[\\\"suggestion1\\\",\\\"suggestion2\\\"],\\\"architect\\\":[\\\"suggestion1\\\",\\\"suggestion2\\\"], \\\"developer\\\":[\\\"suggestion1\\\",\\\"suggestion2\\\"], \\\"tester\\\":[\\\"suggestion1\\\",\\\"suggestion2\\\"]}\", \"Context\": \"[ScrumMaster]says: Here is our test Report: Test Report:\\n\\nTest script's output:\\nF\\n======================================================================\\nFAIL: test (__main__.Test)\\n----------------------------------------------------------------------\\nTraceback (most recent call last):\\n  File \\\"/Users/watch/PycharmProjects/XXXX-1-LLM/workspace/2024-03-11_18-38-20-617881/test_script.py\\\", line 11, in test\\n    self.assertEqual(colon_tuplex((\\\"HELLO\\\", 5, [], True), 2, 50), (\\\"HELLO\\\", 5, [50], True))\\nAssertionError: Tuples differ: ('HELLO', 5, 50, True) != ('HELLO', 5, [50], True)\\n\\nFirst differing element 2:\\n50\\n[50]\\n\\n- ('HELLO', 5, 50, True)\\n+ ('HELLO', 5, [50], True)\\n?              +  +\\n\\n\\n----------------------------------------------------------------------\\nRan 1 test in 0.000s\\n\\nFAILED (failures=1)\\n\\nCode Test Failed\\n\\nInput Example:\\ntuplex = (\\\"HELLO\\\", 5, [], True)\\nm = 2\\nn = 50\\n\\nExpected Output Example:\\n(\\\"HELLO\\\", 5, [50], True)\\n\\nActual Output Example:\\n('HELLO', 5, 50, True)\\n\\nConclusion:\\nThe code has failed the test due to a mismatch in the tuple elements. A tuple modification function 'colon_tuplex' did not produce the expected output.\\n\\nCode Test Failed, do you have any ideas?\\n-----\\n\\n[ProductOwner]says: As a Product Owner, I think we need to prioritize fixing the issue with the code test failure before moving forward with any other product development tasks.\\n-----\\n\\n[Developer]says: As a Developer, I will review the test script and identify the issue in the 'colon_tuplex' function that caused the tuple modification to not produce the expected output.\\n-----\\n\\n[Architect]says: As an architect, I think we should review the code for the 'colon_tuplex' function and ensure that it is modifying the tuple elements correctly to produce the expected output.\\n-----\\n\\n[Tester]says: As a Tester, it seems that the code failed the test due to a mismatch in the tuple elements, and the tuple modification function 'colon_tuplex' did not produce the expected output. It may be necessary to review the code and make necessary adjustments to ensure it meets the expected output.\\n-----\\n\\n[ProductOwner]says: [ProductOwner] As a Product Owner, I think we need to prioritize fixing the issue with the code test failure before moving forward with any other product development tasks.\\n-----\\n\\n[Developer]says: [Developer] I will review the test script and identify the issue in the 'colon_tuplex' function that caused the tuple modification to not produce the expected output.\\n-----\\n\\n[Architect]says: As an architect, I think we should review the code for the 'colon_tuplex' function and ensure that it is modifying the tuple elements correctly to produce the expected output.\\n-----\\n\\n[Tester]says: As a Tester, it seems that the code failed the test due to a mismatch in the tuple elements, and the tuple modification function 'colon_tuplex' did not produce the expected output. It may be necessary to review the code and make necessary adjustments to ensure it meets the expected output.\\n-----\\n\", \"Question\": \"Follow the Instruction section. The Discussion History is in the Context section. You only need to return a list as the Example section.\"}",
    "RepairResponse0": "{\n  \"revised_code\": \"def colon_tuplex(tuplex, m, n):\\n    list_tuplex = list(tuplex)\\n    list_tuplex[m] = n\\n    return tuple(list_tuplex)\"\n}",
    "RepairResponse0_prompt": {
        "Role": "You are a professional software engineer. Your duty is to write code in Python that meets the requirements. Ensure that the code you write is efficient, readable, and follows best practices. Remember, do not need to explain the code you wrote.",
        "Instruction": "1. Rewrite a bug fix version of the original code. 2. Response in JSON format.",
        "Example": "{\"revised_code\":\"...\"}",
        "Context": "# Test Report:\nTest Report:\n\nTest script's output:\nF\n======================================================================\nFAIL: test (__main__.Test)\n----------------------------------------------------------------------\nTraceback (most recent call last):\n  File \"/Users/watch/PycharmProjects/XXXX-1-LLM/workspace/2024-03-11_18-38-20-617881/test_script.py\", line 11, in test\n    self.assertEqual(colon_tuplex((\"HELLO\", 5, [], True), 2, 50), (\"HELLO\", 5, [50], True))\nAssertionError: Tuples differ: ('HELLO', 5, 50, True) != ('HELLO', 5, [50], True)\n\nFirst differing element 2:\n50\n[50]\n\n- ('HELLO', 5, 50, True)\n+ ('HELLO', 5, [50], True)\n?              +  +\n\n\n----------------------------------------------------------------------\nRan 1 test in 0.000s\n\nFAILED (failures=1)\n\nCode Test Failed\n\nInput Example:\ntuplex = (\"HELLO\", 5, [], True)\nm = 2\nn = 50\n\nExpected Output Example:\n(\"HELLO\", 5, [50], True)\n\nActual Output Example:\n('HELLO', 5, 50, True)\n\nConclusion:\nThe code has failed the test due to a mismatch in the tuple elements. A tuple modification function 'colon_tuplex' did not produce the expected output.\n\nCode Test Failed# suggestions:\n{\"product-owner\": [\"We need to prioritize fixing the issue with the code test failure before moving forward with any other product development tasks.\"], \"architect\": [\"Review the code for the 'colon_tuplex' function and ensure that it is modifying the tuple elements correctly to produce the expected output.\"], \"developer\": [\"Review the test script and identify the issue in the 'colon_tuplex' function that caused the tuple modification to not produce the expected output.\"], \"tester\": [\"Review the code and make necessary adjustments to ensure it meets the expected output.\"]}",
        "Question": "The original code has some bugs, according to the test report and suggestions, rewrite the code. Complete the following code:\ndef colon_tuplex(tuplex,m,n):\n'''Write a function to get a colon of a tuple.\nassert colon_tuplex((\"HELLO\", 5, [], True) ,2,50)==(\"HELLO\", 5, [50], True)'''\n"
    },
    "Code1": "def colon_tuplex(tuplex, m, n):\n    list_tuplex = list(tuplex)\n    list_tuplex[m] = n\n    return tuple(list_tuplex)",
    "ScriptResult1": "F\n======================================================================\nFAIL: test (__main__.Test)\n----------------------------------------------------------------------\nTraceback (most recent call last):\n  File \"/Users/watch/PycharmProjects/XXXX-1-LLM/workspace/2024-03-11_18-38-20-617881/test_script.py\", line 9, in test\n    self.assertEqual(colon_tuplex((\"HELLO\", 5, [], True), 2, 50), (\"HELLO\", 5, [50], True))\nAssertionError: Tuples differ: ('HELLO', 5, 50, True) != ('HELLO', 5, [50], True)\n\nFirst differing element 2:\n50\n[50]\n\n- ('HELLO', 5, 50, True)\n+ ('HELLO', 5, [50], True)\n?              +  +\n\n\n----------------------------------------------------------------------\nRan 1 test in 0.001s\n\nFAILED (failures=1)\n",
    "TestReport1": "Test Report:\n\nTest script's output:\nF\n======================================================================\nFAIL: test (__main__.Test)\n----------------------------------------------------------------------\nTraceback (most recent call last):\n  File \"/Users/watch/PycharmProjects/XXXX-1-LLM/workspace/2024-03-11_18-38-20-617881/test_script.py\", line 9, in test\n    self.assertEqual(colon_tuplex((\"HELLO\", 5, [], True), 2, 50), (\"HELLO\", 5, [50], True))\nAssertionError: Tuples differ: ('HELLO', 5, 50, True) != ('HELLO', 5, [50], True)\n\nFirst differing element 2:\n50\n[50]\n\n- ('HELLO', 5, 50, True)\n+ ('HELLO', 5, [50], True)\n?              +  +\n\n\n----------------------------------------------------------------------\n\nRan 1 test in 0.001s\n\nFAILED (failures=1)\n\nConclusion: Code Test Failed\n\nInput and Expected Output Example:\ncolon_tuplex((\"HELLO\", 5, [], True), 2, 50) should return (\"HELLO\", 5, [50], True)\n\nBased on the output from the test script, the code did not pass the test. The expected output was (\"HELLO\", 5, [50], True) but the actual output was ('HELLO', 5, 50, True). This indicates that there is an issue with the colon_tuplex function.\n\nRecommendation:\nFurther investigation and debugging are required to address the issue and ensure that the code passes the test.\n\nEnd of Report.",
    "SprintReview1": "[ScrumMaster]says: Here is our test Report: Test Report:\n\nTest script's output:\nF\n======================================================================\nFAIL: test (__main__.Test)\n----------------------------------------------------------------------\nTraceback (most recent call last):\n  File \"/Users/watch/PycharmProjects/XXXX-1-LLM/workspace/2024-03-11_18-38-20-617881/test_script.py\", line 9, in test\n    self.assertEqual(colon_tuplex((\"HELLO\", 5, [], True), 2, 50), (\"HELLO\", 5, [50], True))\nAssertionError: Tuples differ: ('HELLO', 5, 50, True) != ('HELLO', 5, [50], True)\n\nFirst differing element 2:\n50\n[50]\n\n- ('HELLO', 5, 50, True)\n+ ('HELLO', 5, [50], True)\n?              +  +\n\n\n----------------------------------------------------------------------\n\nRan 1 test in 0.001s\n\nFAILED (failures=1)\n\nConclusion: Code Test Failed\n\nInput and Expected Output Example:\ncolon_tuplex((\"HELLO\", 5, [], True), 2, 50) should return (\"HELLO\", 5, [50], True)\n\nBased on the output from the test script, the code did not pass the test. The expected output was (\"HELLO\", 5, [50], True) but the actual output was ('HELLO', 5, 50, True). This indicates that there is an issue with the colon_tuplex function.\n\nRecommendation:\nFurther investigation and debugging are required to address the issue and ensure that the code passes the test.\n\nEnd of Report., do you have any ideas?\n-----\n\n[Developer]says: As a developer, I think we should review the colon_tuplex function and debug it to address the issue.\n-----\n\n[Architect]says: As an Architect, to address the issue with the colon_tuplex function, I suggest reviewing the code to identify and fix the discrepancy in the output.\n-----\n\n[ProductOwner]says: As the Product Owner, I think it's important to prioritize fixing the issue with the colon_tuplex function as it directly impacts the quality of the product.\n-----\n\n[Tester]says: As a Tester, based on the test report, further investigation and debugging are required to address the issue with the colon_tuplex function in order to ensure that the code passes the test.\n-----\n\n[Developer]says: As a developer, I think we should review the colon_tuplex function and debug it to address the issue.\n-----\n\n[ProductOwner]says: As the Product Owner, I believe it's crucial to prioritize fixing the issue with the colon_tuplex function as it directly impacts the quality of the product.\n-----\n\n[Architect]says: As an Architect, I recommend reviewing the code to identify and fix the discrepancy in the output.\n-----\n\n[Tester]says: As a Tester, based on the test report, further investigation and debugging are required to address the issue with the colon_tuplex function in order to ensure that the code passes the test.\n-----\n",
    "SprintReviewMeetings1": "{\n  \"product-owner\": [\n    \"I think it's important to prioritize fixing the issue with the colon_tuplex function as it directly impacts the quality of the product.\"\n  ],\n  \"architect\": [\n    \"To address the issue with the colon_tuplex function, I suggest reviewing the code to identify and fix the discrepancy in the output.\"\n  ],\n  \"developer\": [\n    \"We should review the colon_tuplex function and debug it to address the issue.\"\n  ],\n  \"tester\": [\n    \"Further investigation and debugging are required to address the issue with the colon_tuplex function in order to ensure that the code passes the test.\"\n  ]\n}",
    "SprintReviewMeetings1_prompt": "{\"Role\": \"You are a professional scrum master. Your goal is to summary the Discussion History into a suggestions list for the scrum team.\", \"Instruction\": \"1. Read and Understand the Discussion History. 2. Summary the suggestions from four roles: product-owner/architect/developer/tester. 3. Response in JSON format.\", \"Example\": \"{\\\"product-owner\\\":[\\\"suggestion1\\\",\\\"suggestion2\\\"],\\\"architect\\\":[\\\"suggestion1\\\",\\\"suggestion2\\\"], \\\"developer\\\":[\\\"suggestion1\\\",\\\"suggestion2\\\"], \\\"tester\\\":[\\\"suggestion1\\\",\\\"suggestion2\\\"]}\", \"Context\": \"[ScrumMaster]says: Here is our test Report: Test Report:\\n\\nTest script's output:\\nF\\n======================================================================\\nFAIL: test (__main__.Test)\\n----------------------------------------------------------------------\\nTraceback (most recent call last):\\n  File \\\"/Users/watch/PycharmProjects/XXXX-1-LLM/workspace/2024-03-11_18-38-20-617881/test_script.py\\\", line 9, in test\\n    self.assertEqual(colon_tuplex((\\\"HELLO\\\", 5, [], True), 2, 50), (\\\"HELLO\\\", 5, [50], True))\\nAssertionError: Tuples differ: ('HELLO', 5, 50, True) != ('HELLO', 5, [50], True)\\n\\nFirst differing element 2:\\n50\\n[50]\\n\\n- ('HELLO', 5, 50, True)\\n+ ('HELLO', 5, [50], True)\\n?              +  +\\n\\n\\n----------------------------------------------------------------------\\n\\nRan 1 test in 0.001s\\n\\nFAILED (failures=1)\\n\\nConclusion: Code Test Failed\\n\\nInput and Expected Output Example:\\ncolon_tuplex((\\\"HELLO\\\", 5, [], True), 2, 50) should return (\\\"HELLO\\\", 5, [50], True)\\n\\nBased on the output from the test script, the code did not pass the test. The expected output was (\\\"HELLO\\\", 5, [50], True) but the actual output was ('HELLO', 5, 50, True). This indicates that there is an issue with the colon_tuplex function.\\n\\nRecommendation:\\nFurther investigation and debugging are required to address the issue and ensure that the code passes the test.\\n\\nEnd of Report., do you have any ideas?\\n-----\\n\\n[Developer]says: As a developer, I think we should review the colon_tuplex function and debug it to address the issue.\\n-----\\n\\n[Architect]says: As an Architect, to address the issue with the colon_tuplex function, I suggest reviewing the code to identify and fix the discrepancy in the output.\\n-----\\n\\n[ProductOwner]says: As the Product Owner, I think it's important to prioritize fixing the issue with the colon_tuplex function as it directly impacts the quality of the product.\\n-----\\n\\n[Tester]says: As a Tester, based on the test report, further investigation and debugging are required to address the issue with the colon_tuplex function in order to ensure that the code passes the test.\\n-----\\n\\n[Developer]says: As a developer, I think we should review the colon_tuplex function and debug it to address the issue.\\n-----\\n\\n[ProductOwner]says: As the Product Owner, I believe it's crucial to prioritize fixing the issue with the colon_tuplex function as it directly impacts the quality of the product.\\n-----\\n\\n[Architect]says: As an Architect, I recommend reviewing the code to identify and fix the discrepancy in the output.\\n-----\\n\\n[Tester]says: As a Tester, based on the test report, further investigation and debugging are required to address the issue with the colon_tuplex function in order to ensure that the code passes the test.\\n-----\\n\", \"Question\": \"Follow the Instruction section. The Discussion History is in the Context section. You only need to return a list as the Example section.\"}",
    "RepairResponse1": "{\n  \"revised_code\": \"def colon_tuplex(tuplex, m, n):\\n    lst = list(tuplex)\\n    lst[m] = [n]\\n    return tuple(lst)\"\n}",
    "RepairResponse1_prompt": {
        "Role": "You are a professional software engineer. Your duty is to write code in Python that meets the requirements. Ensure that the code you write is efficient, readable, and follows best practices. Remember, do not need to explain the code you wrote.",
        "Instruction": "1. Rewrite a bug fix version of the original code. 2. Response in JSON format.",
        "Example": "{\"revised_code\":\"...\"}",
        "Context": "# Test Report:\nTest Report:\n\nTest script's output:\nF\n======================================================================\nFAIL: test (__main__.Test)\n----------------------------------------------------------------------\nTraceback (most recent call last):\n  File \"/Users/watch/PycharmProjects/XXXX-1-LLM/workspace/2024-03-11_18-38-20-617881/test_script.py\", line 9, in test\n    self.assertEqual(colon_tuplex((\"HELLO\", 5, [], True), 2, 50), (\"HELLO\", 5, [50], True))\nAssertionError: Tuples differ: ('HELLO', 5, 50, True) != ('HELLO', 5, [50], True)\n\nFirst differing element 2:\n50\n[50]\n\n- ('HELLO', 5, 50, True)\n+ ('HELLO', 5, [50], True)\n?              +  +\n\n\n----------------------------------------------------------------------\n\nRan 1 test in 0.001s\n\nFAILED (failures=1)\n\nConclusion: Code Test Failed\n\nInput and Expected Output Example:\ncolon_tuplex((\"HELLO\", 5, [], True), 2, 50) should return (\"HELLO\", 5, [50], True)\n\nBased on the output from the test script, the code did not pass the test. The expected output was (\"HELLO\", 5, [50], True) but the actual output was ('HELLO', 5, 50, True). This indicates that there is an issue with the colon_tuplex function.\n\nRecommendation:\nFurther investigation and debugging are required to address the issue and ensure that the code passes the test.\n\nEnd of Report.# suggestions:\n{\"product-owner\": [\"I think it's important to prioritize fixing the issue with the colon_tuplex function as it directly impacts the quality of the product.\"], \"architect\": [\"To address the issue with the colon_tuplex function, I suggest reviewing the code to identify and fix the discrepancy in the output.\"], \"developer\": [\"We should review the colon_tuplex function and debug it to address the issue.\"], \"tester\": [\"Further investigation and debugging are required to address the issue with the colon_tuplex function in order to ensure that the code passes the test.\"]}",
        "Question": "The original code has some bugs, according to the test report and suggestions, rewrite the code. Complete the following code:\ndef colon_tuplex(tuplex,m,n):\n'''Write a function to get a colon of a tuple.\nassert colon_tuplex((\"HELLO\", 5, [], True) ,2,50)==(\"HELLO\", 5, [50], True)'''\n"
    },
    "Code2": "def colon_tuplex(tuplex, m, n):\n    lst = list(tuplex)\n    lst[m] = [n]\n    return tuple(lst)",
    "ScriptResult2": ".\n----------------------------------------------------------------------\nRan 1 test in 0.000s\n\nOK\n",
    "TestReport2": "Test Report\n\nTest script's output:\n\n.\n----------------------------------------------------------------------\nRan 1 test in 0.000s\n\nOK\n\nConclusion: Code Test Passed\n\nCode Review:\nThe test script ran 1 test and completed in 0.000s with an 'OK' result, indicating that the code has passed the tests.\n\nOverall Assessment: Code Test Passed"
}