{
    "start_time": "2024-03-11_09-13-04-095095",
    "task": "def check_monthnumb_number(monthnum2):\n'''Write a function to check whether the given month number contains 31 days or not.\nassert check_monthnumb_number(5)==True'''\n",
    "datetime": {
        "task": "2024-03-11 09:13:04",
        "task-id": "2024-03-11 09:13:04",
        "workflow": "2024-03-11 09:13:04",
        "Discussion": "2024-03-11 09:13:05",
        "DisorderedSprintMeetings": "2024-03-11 09:13:08",
        "DesignDraft0": "2024-03-11 09:13:11",
        "DesignMeetings0": "2024-03-11 09:13:12",
        "Design0": "2024-03-11 09:13:15",
        "CodeDraft0": "2024-03-11 09:13:17",
        "CodeReviewMeetings0": "2024-03-11 09:13:18",
        "Code0CR": "2024-03-11 09:13:19",
        "FinalCode": "2024-03-11 09:13:44",
        "Test Cases Draft": "2024-03-11 09:13:21",
        "Test Cases Meetings": "2024-03-11 09:13:22",
        "Test Cases": "2024-03-11 09:13:25",
        "Code0": "2024-03-11 09:13:26",
        "TestScriptOriginal": "2024-03-11 09:13:28",
        "TestScript": "2024-03-11 09:13:28",
        "ScriptResult0": "2024-03-11 09:13:28",
        "TestReport0": "2024-03-11 09:13:31",
        "SprintReview0": "2024-03-11 09:13:32",
        "SprintReviewMeetings0": "2024-03-11 09:13:34",
        "RepairResponse0": "2024-03-11 09:13:36",
        "Code1": "2024-03-11 09:13:36",
        "ScriptResult1": "2024-03-11 09:13:36",
        "TestReport1": "2024-03-11 09:13:38",
        "SprintReview1": "2024-03-11 09:13:40",
        "SprintReviewMeetings1": "2024-03-11 09:13:42",
        "RepairResponse1": "2024-03-11 09:13:44",
        "Code2": "2024-03-11 09:13:44",
        "ScriptResult2": "2024-03-11 09:13:44",
        "TestReport2": "2024-03-11 09:13:45"
    },
    "task-id": 455,
    "workflow": "agile/agile_version_0.0.5_remove.json",
    "Discussion": "[ScrumMaster]says: We have a job: def check_monthnumb_number(monthnum2):\n'''Write a function to check whether the given month number contains 31 days or not.\nassert check_monthnumb_number(5)==True'''\n, do you have any ideas?\n-----\n\n[Tester]says: As a Tester, I will review the function to ensure it accurately checks whether the given month number contains 31 days or not.\n-----\n\n[ProductOwner]says: As a Product Owner, I believe we should focus on creating a user-friendly and efficient function to check month numbers for 31 days.\n-----\n\n[Architect]says: As an Architect, I would suggest breaking down the task into smaller components and creating a clear plan for implementing the function to check the number of days in a given month.\n-----\n\n[Developer]says: As a developer, I think the first step is to create a function that takes the month number as input and checks if it contains 31 days or not.\n-----\n\n[Tester]says: As a Tester, I will review the function to ensure it accurately checks whether the given month number contains 31 days or not.\n-----\n\n[Developer]says: As a developer, I will begin by designing the logic for the function to check if a given month number contains 31 days or not.\n-----\n\n[ProductOwner]says: [ProductOwner] To create a product, we should prioritize a user-friendly and efficient function for checking month numbers for 31 days. Let's focus on delivering value to the end-users with this feature.\n-----\n\n[Architect]says: As an Architect, I would suggest creating a clear plan for implementing the function to check the number of days in a given month.\n-----\n",
    "DisorderedSprintMeetings": "{\n  \"product-owner\": [\n    \"Prioritize user-friendly and efficient function for checking month numbers for 31 days\",\n    \"Focus on delivering value to end-users with this feature\"\n  ],\n  \"architect\": [\n    \"Break down the task into smaller components\",\n    \"Create a clear plan for implementing the function to check the number of days in a given month\"\n  ],\n  \"developer\": [\n    \"Design the logic for the function to check if a given month number contains 31 days or not\",\n    \"Create a function that takes the month number as input and checks if it contains 31 days or not\"\n  ],\n  \"tester\": [\n    \"Review the function to ensure it accurately checks whether the given month number contains 31 days or not\"\n  ]\n}",
    "DisorderedSprintMeetings_prompt": "{\"Role\": \"You are a professional scrum master. Your goal is to breakdown the Discussion History into a task list for the scrum team.\", \"Instruction\": \"1. Read and Understand the Discussion History. 2. Define the tasks for four roles: product-owner/architect/developer/tester. 3. Response in JSON format.\", \"Example\": \"{\\\"product-owner\\\":[\\\"task1\\\",\\\"task2\\\"],\\\"architect\\\":[\\\"task1\\\",\\\"task2\\\"], \\\"developer\\\":[\\\"task1\\\",\\\"task2\\\"], \\\"tester\\\":[\\\"task1\\\",\\\"task2\\\"]}\", \"Context\": \"[ScrumMaster]says: We have a job: def check_monthnumb_number(monthnum2):\\n'''Write a function to check whether the given month number contains 31 days or not.\\nassert check_monthnumb_number(5)==True'''\\n, do you have any ideas?\\n-----\\n\\n[Tester]says: As a Tester, I will review the function to ensure it accurately checks whether the given month number contains 31 days or not.\\n-----\\n\\n[ProductOwner]says: As a Product Owner, I believe we should focus on creating a user-friendly and efficient function to check month numbers for 31 days.\\n-----\\n\\n[Architect]says: As an Architect, I would suggest breaking down the task into smaller components and creating a clear plan for implementing the function to check the number of days in a given month.\\n-----\\n\\n[Developer]says: As a developer, I think the first step is to create a function that takes the month number as input and checks if it contains 31 days or not.\\n-----\\n\\n[Tester]says: As a Tester, I will review the function to ensure it accurately checks whether the given month number contains 31 days or not.\\n-----\\n\\n[Developer]says: As a developer, I will begin by designing the logic for the function to check if a given month number contains 31 days or not.\\n-----\\n\\n[ProductOwner]says: [ProductOwner] To create a product, we should prioritize a user-friendly and efficient function for checking month numbers for 31 days. Let's focus on delivering value to the end-users with this feature.\\n-----\\n\\n[Architect]says: As an Architect, I would suggest creating a clear plan for implementing the function to check the number of days in a given month.\\n-----\\n\", \"Question\": \"Follow the Instruction section. The Discussion History is in the Context section. You only need to return a task list as the Example section.\"}",
    "DesignDraft0": "Design:\n\n1. Break down the task into smaller components:\n   a. Define a function check_monthnumb_number(monthnum2) to determine the number of days in a given month.\n   b. Create a clear plan for implementing the function to check the number of days in a given month.\n\n2. Proposed function:\n   def check_monthnumb_number(monthnum2):\n      # Implementation details to be determined by the developer\n      pass\n\n3. High-level steps for implementation:\n   a. Define a dictionary mapping month numbers to the number of days in each month.\n   b. Use the dictionary to check if the given month number contains 31 days.\n\n4. Developer guidance:\n   a. Use a dictionary data structure to store the number of days for each month.\n   b. Implement a logic that checks if the given month number corresponds to 31 days.\n\nNote: This design provides a high-level outline and guidance for the developer to implement the function without specifying the exact code implementation.",
    "DesignMeetings0": "{\n  \"Developer\": \"I suggest using a dictionary to map month numbers to the number of days in each month as outlined in the design. Additionally, the logic for checking if the given month number corresponds to 31 days should be implemented as per the guidance provided.\",\n  \"Tester\": \"I suggest testing the function with different month numbers to ensure that it accurately determines the number of days in a given month. Additionally, the tester should also validate that the function correctly identifies if the given month number corresponds to 31 days.\"\n}",
    "Design0": "Based on the suggestions provided, I have developed a new design for the task:\n\nDesign:\n\n1. Function to check the number of days in a given month:\n   a. Define a function check_month_days(month_number) to determine the number of days in a given month.\n   b. Implement the logic for checking the number of days in the given month.\n\n2. Proposed function:\n   def check_month_days(month_number):\n      # Implementation to be determined by the developer\n      pass\n\n3. High-level steps for implementation:\n   a. Define a dictionary mapping month numbers to the number of days in each month.\n   b. Use the dictionary to check if the given month number contains 31 days.\n\n4. Developer guidance:\n   a. Utilize a dictionary data structure to store the number of days for each month.\n   b. Implement a logic that checks if the given month number corresponds to 31 days.\n\nNote: This design provides a high-level outline and guidance for the developer to implement the function without specifying the exact code implementation. Additionally, the function should be thoroughly tested with various month numbers to ensure accuracy in determining the number of days in a given month. The logic for checking if the given month number corresponds to 31 days should be validated extensively during testing.",
    "CodeDraft0": "def check_monthnumb_number(month_number):\n    days_in_month = {\n        1: 31,\n        2: 28,\n        3: 31,\n        4: 30,\n        5: 31,\n        6: 30,\n        7: 31,\n        8: 31,\n        9: 30,\n        10: 31,\n        11: 30,\n        12: 31\n    }\n    \n    return month_number in days_in_month and days_in_month[month_number] == 31\n\nassert check_monthnumb_number(5)==True",
    "CodeDraft0_prompt": {
        "Role": "You are a professional engineer. Your duty is to write code in Python that meets the requirements. Ensure that the code you write is efficient, readable, and follows best practices. Remember, do not need to explain the code you wrote.",
        "Instruction": "According to the Context section, write your code.",
        "Example": "",
        "Context": "# Tasks:\n['Design the logic for the function to check if a given month number contains 31 days or not', 'Create a function that takes the month number as input and checks if it contains 31 days or not']\n# Design:\nBased on the suggestions provided, I have developed a new design for the task:\n\nDesign:\n\n1. Function to check the number of days in a given month:\n   a. Define a function check_month_days(month_number) to determine the number of days in a given month.\n   b. Implement the logic for checking the number of days in the given month.\n\n2. Proposed function:\n   def check_month_days(month_number):\n      # Implementation to be determined by the developer\n      pass\n\n3. High-level steps for implementation:\n   a. Define a dictionary mapping month numbers to the number of days in each month.\n   b. Use the dictionary to check if the given month number contains 31 days.\n\n4. Developer guidance:\n   a. Utilize a dictionary data structure to store the number of days for each month.\n   b. Implement a logic that checks if the given month number corresponds to 31 days.\n\nNote: This design provides a high-level outline and guidance for the developer to implement the function without specifying the exact code implementation. Additionally, the function should be thoroughly tested with various month numbers to ensure accuracy in determining the number of days in a given month. The logic for checking if the given month number corresponds to 31 days should be validated extensively during testing.",
        "Question": "Follow the Instruction section. Complete the following code:\ndef check_monthnumb_number(monthnum2):\n'''Write a function to check whether the given month number contains 31 days or not.\nassert check_monthnumb_number(5)==True'''\n"
    },
    "CodeReviewMeetings0": "{\n  \"Architect\": \"Consider using a more descriptive function name that reflects the functionality, such as 'is_month_with_31_days'. Also, it may be beneficial to handle leap years for February.\",\n  \"Tester\": \"Test with different month numbers to ensure the function behaves as expected. Also, consider adding test cases for edge cases like 0 and 13 as input.\"\n}",
    "Code0CR": "def check_month_days(month_number):\n    days_in_month = {\n        1: 31, 2: 28, 3: 31, 4: 30, 5: 31, 6: 30,\n        7: 31, 8: 31, 9: 30, 10: 31, 11: 30, 12: 31\n    }\n    return month_number in days_in_month and days_in_month[month_number] == 31",
    "Code0CR_prompt": "{\"Role\": \"You are a professional software engineer. Your duty is to write code in Python that meets the requirements. Ensure that the code you write is efficient, readable, and follows best practices. Remember, do not need to explain the code you wrote.\", \"Instruction\": \"1. Understand the suggestions(in the Context section) about the original code. 2. Rewrite your code.\", \"Example\": \"\", \"Context\": \"# Tasks:\\n['Design the logic for the function to check if a given month number contains 31 days or not', 'Create a function that takes the month number as input and checks if it contains 31 days or not']\\n# Design:\\nBased on the suggestions provided, I have developed a new design for the task:\\n\\nDesign:\\n\\n1. Function to check the number of days in a given month:\\n   a. Define a function check_month_days(month_number) to determine the number of days in a given month.\\n   b. Implement the logic for checking the number of days in the given month.\\n\\n2. Proposed function:\\n   def check_month_days(month_number):\\n      # Implementation to be determined by the developer\\n      pass\\n\\n3. High-level steps for implementation:\\n   a. Define a dictionary mapping month numbers to the number of days in each month.\\n   b. Use the dictionary to check if the given month number contains 31 days.\\n\\n4. Developer guidance:\\n   a. Utilize a dictionary data structure to store the number of days for each month.\\n   b. Implement a logic that checks if the given month number corresponds to 31 days.\\n\\nNote: This design provides a high-level outline and guidance for the developer to implement the function without specifying the exact code implementation. Additionally, the function should be thoroughly tested with various month numbers to ensure accuracy in determining the number of days in a given month. The logic for checking if the given month number corresponds to 31 days should be validated extensively during testing.# Suggestions:\\n{\\n  \\\"Architect\\\": \\\"Consider using a more descriptive function name that reflects the functionality, such as 'is_month_with_31_days'. Also, it may be beneficial to handle leap years for February.\\\",\\n  \\\"Tester\\\": \\\"Test with different month numbers to ensure the function behaves as expected. Also, consider adding test cases for edge cases like 0 and 13 as input.\\\"\\n}\", \"Question\": \"Follow the Instruction section. Complete the following code:\\ndef check_monthnumb_number(monthnum2):\\n'''Write a function to check whether the given month number contains 31 days or not.\\nassert check_monthnumb_number(5)==True'''\\n\"}",
    "FinalCode": "def check_monthnumb_number(monthnum):\n    '''Write a function to check whether the given month number contains 31 days or not.'''\n    if monthnum in [1, 3, 5, 7, 8, 10, 12]:\n        return True\n    else:\n        return False",
    "Test Cases Draft": "{\n  \"test_cases\": [\n    {\n      \"Test Title\": \"Valid month number for 31 days\",\n      \"Input Data\": \"month_number=1\",\n      \"Expected Output\": \"True\"\n    },\n    {\n      \"Test Title\": \"Invalid month number for 31 days\",\n      \"Input Data\": \"month_number=2\",\n      \"Expected Output\": \"False\"\n    },\n    {\n      \"Test Title\": \"Boundary month number for 31 days\",\n      \"Input Data\": \"month_number=7\",\n      \"Expected Output\": \"True\"\n    }\n  ]\n}",
    "Test Cases Draft_prompt": "{\"Role\": \"You are a quality assurance engineer. Your duty is to design test cases for the developers.\", \"Instruction\": \"According to the Context section, write test cases. Don't write long strings in your test cases. Response in JSON format.\", \"Example\": \"{\\\"requirement analysis\\\":\\\"analysis\\\",\\\"test_cases\\\":[{\\\"Test Title\\\":\\\"title\\\", \\\"Input Data\\\":\\\"parameter1=[1,2,3],parameter2='123'\\\", \\\"Expected Output\\\":\\\"456\\\"},]}\", \"Context\": \"# Tasks:\\n['Review the function to ensure it accurately checks whether the given month number contains 31 days or not']\\n# Design:\\nBased on the suggestions provided, I have developed a new design for the task:\\n\\nDesign:\\n\\n1. Function to check the number of days in a given month:\\n   a. Define a function check_month_days(month_number) to determine the number of days in a given month.\\n   b. Implement the logic for checking the number of days in the given month.\\n\\n2. Proposed function:\\n   def check_month_days(month_number):\\n      # Implementation to be determined by the developer\\n      pass\\n\\n3. High-level steps for implementation:\\n   a. Define a dictionary mapping month numbers to the number of days in each month.\\n   b. Use the dictionary to check if the given month number contains 31 days.\\n\\n4. Developer guidance:\\n   a. Utilize a dictionary data structure to store the number of days for each month.\\n   b. Implement a logic that checks if the given month number corresponds to 31 days.\\n\\nNote: This design provides a high-level outline and guidance for the developer to implement the function without specifying the exact code implementation. Additionally, the function should be thoroughly tested with various month numbers to ensure accuracy in determining the number of days in a given month. The logic for checking if the given month number corresponds to 31 days should be validated extensively during testing.\", \"Question\": \"def check_monthnumb_number(monthnum2):\\n'''Write a function to check whether the given month number contains 31 days or not.\\nassert check_monthnumb_number(5)==True'''\\n\"}",
    "Test Cases Meetings": "{\n  \"Architect\": \"As an Architect, I suggest adding more test cases to cover edge cases and boundary conditions. This will help ensure the robustness and reliability of the system under test.\",\n  \"Developer\": \"As a Developer, I suggest revising the test cases to include negative test cases and boundary test cases to cover a wider range of scenarios. This will help identify potential issues and improve the overall test coverage.\"\n}",
    "Test Cases": "{\n  \"test_cases\": [\n    {\n      \"Test Title\": \"Valid month number for 31 days\",\n      \"Input Data\": \"month_number=1\",\n      \"Expected Output\": \"True\"\n    },\n    {\n      \"Test Title\": \"Invalid month number for 31 days\",\n      \"Input Data\": \"month_number=2\",\n      \"Expected Output\": \"False\"\n    },\n    {\n      \"Test Title\": \"Boundary month number for 31 days\",\n      \"Input Data\": \"month_number=7\",\n      \"Expected Output\": \"True\"\n    },\n    {\n      \"Test Title\": \"Negative month number for 31 days\",\n      \"Input Data\": \"month_number=13\",\n      \"Expected Output\": \"False\"\n    },\n    {\n      \"Test Title\": \"Boundary month number for 31 days\",\n      \"Input Data\": \"month_number=12\",\n      \"Expected Output\": \"True\"\n    }\n  ]\n}",
    "Test Cases_prompt": "{\"Role\": \"You are a quality assurance engineer. Your duty is to revise the test cases based on the suggestions.\", \"Instruction\": \"1. Your colleague give you some suggestions(in the Context section) about the draft test cases, read these suggestions. 2. Revise your draft version test cases, but don't use long parameters. 3. Response in JSON format.\", \"Example\": \"{\\\"requirement analysis\\\":\\\"analysis\\\",\\\"test_cases\\\":[{\\\"Test Title\\\":\\\"title\\\", \\\"Input Data\\\":\\\"parameter1=[1,2,3],parameter2='123'\\\", \\\"Expected Output\\\":\\\"456\\\"},]}\", \"Context\": \"# Suggestions:\\n{\\n  \\\"Architect\\\": \\\"As an Architect, I suggest adding more test cases to cover edge cases and boundary conditions. This will help ensure the robustness and reliability of the system under test.\\\",\\n  \\\"Developer\\\": \\\"As a Developer, I suggest revising the test cases to include negative test cases and boundary test cases to cover a wider range of scenarios. This will help identify potential issues and improve the overall test coverage.\\\"\\n}\\n # Draft Test cases:\\n{\\n  \\\"test_cases\\\": [\\n    {\\n      \\\"Test Title\\\": \\\"Valid month number for 31 days\\\",\\n      \\\"Input Data\\\": \\\"month_number=1\\\",\\n      \\\"Expected Output\\\": \\\"True\\\"\\n    },\\n    {\\n      \\\"Test Title\\\": \\\"Invalid month number for 31 days\\\",\\n      \\\"Input Data\\\": \\\"month_number=2\\\",\\n      \\\"Expected Output\\\": \\\"False\\\"\\n    },\\n    {\\n      \\\"Test Title\\\": \\\"Boundary month number for 31 days\\\",\\n      \\\"Input Data\\\": \\\"month_number=7\\\",\\n      \\\"Expected Output\\\": \\\"True\\\"\\n    }\\n  ]\\n}\", \"Question\": \"Follow the Instruction. Please make sure your response length are less than 512. Your test cases is for the below question:\\ndef check_monthnumb_number(monthnum2):\\n'''Write a function to check whether the given month number contains 31 days or not.\\nassert check_monthnumb_number(5)==True'''\\n\"}",
    "Code0": "def check_month_number(month_number):\n    days_in_month = {\n        1: 31, 2: 28, 3: 31, 4: 30, 5: 31, 6: 30,\n        7: 31, 8: 31, 9: 30, 10: 31, 11: 30, 12: 31\n    }\n    return month_number in days_in_month and days_in_month[month_number] == 31",
    "Code0_prompt": {
        "Role": "You are a professional software engineer. Your duty is to write code in Python that meets the requirements. Ensure that the code you write is efficient, readable, and follows best practices. Remember, do not need to explain the code you wrote.",
        "Instruction": "1. Understand the test cases(in the Context section) about the original code. 2. Rewrite your code, make sure your code pass all test cases.",
        "Example": "",
        "Context": "# Original Code:\ndef check_month_days(month_number):\n    days_in_month = {\n        1: 31, 2: 28, 3: 31, 4: 30, 5: 31, 6: 30,\n        7: 31, 8: 31, 9: 30, 10: 31, 11: 30, 12: 31\n    }\n    return month_number in days_in_month and days_in_month[month_number] == 31\n# Test Cases:\n{\n  \"test_cases\": [\n    {\n      \"Test Title\": \"Valid month number for 31 days\",\n      \"Input Data\": \"month_number=1\",\n      \"Expected Output\": \"True\"\n    },\n    {\n      \"Test Title\": \"Invalid month number for 31 days\",\n      \"Input Data\": \"month_number=2\",\n      \"Expected Output\": \"False\"\n    },\n    {\n      \"Test Title\": \"Boundary month number for 31 days\",\n      \"Input Data\": \"month_number=7\",\n      \"Expected Output\": \"True\"\n    },\n    {\n      \"Test Title\": \"Negative month number for 31 days\",\n      \"Input Data\": \"month_number=13\",\n      \"Expected Output\": \"False\"\n    },\n    {\n      \"Test Title\": \"Boundary month number for 31 days\",\n      \"Input Data\": \"month_number=12\",\n      \"Expected Output\": \"True\"\n    }\n  ]\n}",
        "Question": "def check_monthnumb_number(monthnum2):\n'''Write a function to check whether the given month number contains 31 days or not.\nassert check_monthnumb_number(5)==True'''\n"
    },
    "TestScriptOriginal": "import unittest\n\ndef check_monthnumb_number(monthnum2):\n    if monthnum2 in [1, 3, 5, 7, 8, 10, 12]:\n        return True\n    else:\n        return False\n\nclass Test(unittest.TestCase):\n    def test(self):\n        self.assertEqual(check_monthnumb_number(5), True)\n\nif __name__ == '__main__':\n    unittest.main()",
    "TestScriptOriginal_prompt": "{\"Role\": \"You are a quality assurance engineer. Your duty is to write a python test script in unittest framework.\", \"Instruction\": \"1. Write a python test script. 2. Use the input and output given by the question.\", \"Example\": \"import unittest\\n\\nclass Test(unittest.TestCase):\\n    def test(self):\\n        self.assertEqual(function_under_test('a'), 1)\\n\\nif __name__ == '__main__':\\n    unittest.main()\", \"Context\": \"\", \"Question\": \"def check_monthnumb_number(monthnum2):\\n'''Write a function to check whether the given month number contains 31 days or not.\\nassert check_monthnumb_number(5)==True'''\\n\"}",
    "TestScript": "import unittest\n\nclass Test(unittest.TestCase):\n    def test(self):\n        self.assertEqual(check_monthnumb_number(5), True)\n\nif __name__ == '__main__':\n    unittest.main()",
    "ScriptResult0": "E\n======================================================================\nERROR: test (__main__.Test)\n----------------------------------------------------------------------\nTraceback (most recent call last):\n  File \"/Users/watch/PycharmProjects/XXXX-1-LLM/workspace/2024-03-11_09-13-04-095095/test_script.py\", line 11, in test\n    self.assertEqual(check_monthnumb_number(5), True)\nNameError: name 'check_monthnumb_number' is not defined\n\n----------------------------------------------------------------------\nRan 1 test in 0.000s\n\nFAILED (errors=1)\n",
    "TestReport0": "Test Report:\n\nTest script's output:\nE\n======================================================================\nERROR: test (__main__.Test)\n----------------------------------------------------------------------\nTraceback (most recent call last):\n  File \"/Users/watch/PycharmProjects/XXXX-1-LLM/workspace/2024-03-11_09-13-04-095095/test_script.py\", line 11, in test\n    self.assertEqual(check_monthnumb_number(5), True)\nNameError: name 'check_monthnumb_number' is not defined\n\n----------------------------------------------------------------------\nRan 1 test in 0.000s\n\nFAILED (errors=1)\n\nConclusion: Code Test Failed\n\nInput and Expected Output Example:\ndef check_month_number(month_number):\n    days_in_month = {\n        1: 31, 2: 28, 3: 31, 4: 30, 5: 31, 6: 30,\n        7: 31, 8: 31, 9: 30, 10: 31, 11: 30, 12: 31\n    }\n    return month_number in days_in_month and days_in_month[month_number] == 31\n\nThe test failed due to a NameError for the function 'check_monthnumb_number'. The expected output was not achieved.\n\nRecommendation: The code needs to be corrected to address the NameError and ensure that the function 'check_month_number' is properly defined and executed.\n\nCode Test Failed",
    "SprintReview0": "[ScrumMaster]says: Here is our test Report: Test Report:\n\nTest script's output:\nE\n======================================================================\nERROR: test (__main__.Test)\n----------------------------------------------------------------------\nTraceback (most recent call last):\n  File \"/Users/watch/PycharmProjects/XXXX-1-LLM/workspace/2024-03-11_09-13-04-095095/test_script.py\", line 11, in test\n    self.assertEqual(check_monthnumb_number(5), True)\nNameError: name 'check_monthnumb_number' is not defined\n\n----------------------------------------------------------------------\nRan 1 test in 0.000s\n\nFAILED (errors=1)\n\nConclusion: Code Test Failed\n\nInput and Expected Output Example:\ndef check_month_number(month_number):\n    days_in_month = {\n        1: 31, 2: 28, 3: 31, 4: 30, 5: 31, 6: 30,\n        7: 31, 8: 31, 9: 30, 10: 31, 11: 30, 12: 31\n    }\n    return month_number in days_in_month and days_in_month[month_number] == 31\n\nThe test failed due to a NameError for the function 'check_monthnumb_number'. The expected output was not achieved.\n\nRecommendation: The code needs to be corrected to address the NameError and ensure that the function 'check_month_number' is properly defined and executed.\n\nCode Test Failed, do you have any ideas?\n-----\n\n[Tester]says: As a Tester, I recommend checking the code to address the NameError for the function 'check_month_number' and ensure it is properly defined and executed.\n-----\n\n[Developer]says: As a Developer, I will review the code and make sure that the function 'check_month_number' is properly defined and executed to address the NameError issue.\n-----\n\n[ProductOwner]says: As a Product Owner, we should prioritize fixing the NameError issue with the function 'check_month_number' and ensure it is properly defined and executed to achieve the expected output.\n-----\n\n[Architect]says: As an architect, I suggest reviewing the code and ensuring that the function 'check_month_number' is properly defined in order to fix the NameError and achieve the expected output.\n-----\n\n[Tester]says: As a Tester, I recommend checking the code to address the NameError for the function 'check_month_number' and ensure it is properly defined and executed.\n-----\n\n[Developer]says: [Developer] To create a product, we should review the code and ensure that the function 'check_month_number' is properly defined and executed to address the NameError issue.\n-----\n\n[Architect]says: As an architect, I suggest reviewing the code and ensuring that the function 'check_month_number' is properly defined in order to fix the NameError and achieve the expected output.\n-----\n\n[ProductOwner]says: As a Product Owner, we should prioritize fixing the NameError issue with the function 'check_month_number' and ensure it is properly defined and executed to achieve the expected output.\n-----\n",
    "SprintReviewMeetings0": "{\n  \"product-owner\": [\n    \"We should prioritize fixing the NameError issue with the function 'check_month_number' and ensure it is properly defined and executed to achieve the expected output.\"\n  ],\n  \"architect\": [\n    \"I suggest reviewing the code and ensuring that the function 'check_month_number' is properly defined in order to fix the NameError and achieve the expected output.\"\n  ],\n  \"developer\": [\n   \"To review the code and ensure that the function 'check_month_number' is properly defined and executed to address the NameError issue.\"\n  ],\n  \"tester\": [\n   \"I recommend checking the code to address the NameError for the function 'check_month_number' and ensure it is properly defined and executed.\"\n  ]\n}",
    "SprintReviewMeetings0_prompt": "{\"Role\": \"You are a professional scrum master. Your goal is to summary the Discussion History into a suggestions list for the scrum team.\", \"Instruction\": \"1. Read and Understand the Discussion History. 2. Summary the suggestions from four roles: product-owner/architect/developer/tester. 3. Response in JSON format.\", \"Example\": \"{\\\"product-owner\\\":[\\\"suggestion1\\\",\\\"suggestion2\\\"],\\\"architect\\\":[\\\"suggestion1\\\",\\\"suggestion2\\\"], \\\"developer\\\":[\\\"suggestion1\\\",\\\"suggestion2\\\"], \\\"tester\\\":[\\\"suggestion1\\\",\\\"suggestion2\\\"]}\", \"Context\": \"[ScrumMaster]says: Here is our test Report: Test Report:\\n\\nTest script's output:\\nE\\n======================================================================\\nERROR: test (__main__.Test)\\n----------------------------------------------------------------------\\nTraceback (most recent call last):\\n  File \\\"/Users/watch/PycharmProjects/XXXX-1-LLM/workspace/2024-03-11_09-13-04-095095/test_script.py\\\", line 11, in test\\n    self.assertEqual(check_monthnumb_number(5), True)\\nNameError: name 'check_monthnumb_number' is not defined\\n\\n----------------------------------------------------------------------\\nRan 1 test in 0.000s\\n\\nFAILED (errors=1)\\n\\nConclusion: Code Test Failed\\n\\nInput and Expected Output Example:\\ndef check_month_number(month_number):\\n    days_in_month = {\\n        1: 31, 2: 28, 3: 31, 4: 30, 5: 31, 6: 30,\\n        7: 31, 8: 31, 9: 30, 10: 31, 11: 30, 12: 31\\n    }\\n    return month_number in days_in_month and days_in_month[month_number] == 31\\n\\nThe test failed due to a NameError for the function 'check_monthnumb_number'. The expected output was not achieved.\\n\\nRecommendation: The code needs to be corrected to address the NameError and ensure that the function 'check_month_number' is properly defined and executed.\\n\\nCode Test Failed, do you have any ideas?\\n-----\\n\\n[Tester]says: As a Tester, I recommend checking the code to address the NameError for the function 'check_month_number' and ensure it is properly defined and executed.\\n-----\\n\\n[Developer]says: As a Developer, I will review the code and make sure that the function 'check_month_number' is properly defined and executed to address the NameError issue.\\n-----\\n\\n[ProductOwner]says: As a Product Owner, we should prioritize fixing the NameError issue with the function 'check_month_number' and ensure it is properly defined and executed to achieve the expected output.\\n-----\\n\\n[Architect]says: As an architect, I suggest reviewing the code and ensuring that the function 'check_month_number' is properly defined in order to fix the NameError and achieve the expected output.\\n-----\\n\\n[Tester]says: As a Tester, I recommend checking the code to address the NameError for the function 'check_month_number' and ensure it is properly defined and executed.\\n-----\\n\\n[Developer]says: [Developer] To create a product, we should review the code and ensure that the function 'check_month_number' is properly defined and executed to address the NameError issue.\\n-----\\n\\n[Architect]says: As an architect, I suggest reviewing the code and ensuring that the function 'check_month_number' is properly defined in order to fix the NameError and achieve the expected output.\\n-----\\n\\n[ProductOwner]says: As a Product Owner, we should prioritize fixing the NameError issue with the function 'check_month_number' and ensure it is properly defined and executed to achieve the expected output.\\n-----\\n\", \"Question\": \"Follow the Instruction section. The Discussion History is in the Context section. You only need to return a list as the Example section.\"}",
    "RepairResponse0": "{\n  \"revised_code\": \"def check_month_number(month_number):\\n    days_in_month = {\\n        1: 31, 2: 28, 3: 31, 4: 30, 5: 31, 6: 30,\\n        7: 31, 8: 31, 9: 30, 10: 31, 11: 30, 12: 31\\n    }\\n    return month_number in days_in_month and days_in_month[month_number] == 31\\n\"\n}",
    "RepairResponse0_prompt": {
        "Role": "You are a professional software engineer. Your duty is to write code in Python that meets the requirements. Ensure that the code you write is efficient, readable, and follows best practices. Remember, do not need to explain the code you wrote.",
        "Instruction": "1. Rewrite a bug fix version of the original code. 2. Response in JSON format.",
        "Example": "{\"revised_code\":\"...\"}",
        "Context": "# Test Report:\nTest Report:\n\nTest script's output:\nE\n======================================================================\nERROR: test (__main__.Test)\n----------------------------------------------------------------------\nTraceback (most recent call last):\n  File \"/Users/watch/PycharmProjects/XXXX-1-LLM/workspace/2024-03-11_09-13-04-095095/test_script.py\", line 11, in test\n    self.assertEqual(check_monthnumb_number(5), True)\nNameError: name 'check_monthnumb_number' is not defined\n\n----------------------------------------------------------------------\nRan 1 test in 0.000s\n\nFAILED (errors=1)\n\nConclusion: Code Test Failed\n\nInput and Expected Output Example:\ndef check_month_number(month_number):\n    days_in_month = {\n        1: 31, 2: 28, 3: 31, 4: 30, 5: 31, 6: 30,\n        7: 31, 8: 31, 9: 30, 10: 31, 11: 30, 12: 31\n    }\n    return month_number in days_in_month and days_in_month[month_number] == 31\n\nThe test failed due to a NameError for the function 'check_monthnumb_number'. The expected output was not achieved.\n\nRecommendation: The code needs to be corrected to address the NameError and ensure that the function 'check_month_number' is properly defined and executed.\n\nCode Test Failed# suggestions:\n{\"product-owner\": [\"We should prioritize fixing the NameError issue with the function 'check_month_number' and ensure it is properly defined and executed to achieve the expected output.\"], \"architect\": [\"I suggest reviewing the code and ensuring that the function 'check_month_number' is properly defined in order to fix the NameError and achieve the expected output.\"], \"developer\": [\"To review the code and ensure that the function 'check_month_number' is properly defined and executed to address the NameError issue.\"], \"tester\": [\"I recommend checking the code to address the NameError for the function 'check_month_number' and ensure it is properly defined and executed.\"]}",
        "Question": "The original code has some bugs, according to the test report and suggestions, rewrite the code. Complete the following code:\ndef check_monthnumb_number(monthnum2):\n'''Write a function to check whether the given month number contains 31 days or not.\nassert check_monthnumb_number(5)==True'''\n"
    },
    "Code1": "def check_month_number(month_number):\n    days_in_month = {\n        1: 31, 2: 28, 3: 31, 4: 30, 5: 31, 6: 30,\n        7: 31, 8: 31, 9: 30, 10: 31, 11: 30, 12: 31\n    }\n    return month_number in days_in_month and days_in_month[month_number] == 31\n",
    "ScriptResult1": "E\n======================================================================\nERROR: test (__main__.Test)\n----------------------------------------------------------------------\nTraceback (most recent call last):\n  File \"/Users/watch/PycharmProjects/XXXX-1-LLM/workspace/2024-03-11_09-13-04-095095/test_script.py\", line 12, in test\n    self.assertEqual(check_monthnumb_number(5), True)\nNameError: name 'check_monthnumb_number' is not defined\n\n----------------------------------------------------------------------\nRan 1 test in 0.000s\n\nFAILED (errors=1)\n",
    "TestReport1": "Test Report:\n\nTest script's output:\nE\n======================================================================\nERROR: test (__main__.Test)\n----------------------------------------------------------------------\nTraceback (most recent call last):\n  File \"/Users/watch/PycharmProjects/XXXX-1-LLM/workspace/2024-03-11_09-13-04-095095/test_script.py\", line 12, in test\n    self.assertEqual(check_monthnumb_number(5), True)\nNameError: name 'check_monthnumb_number' is not defined\n\n----------------------------------------------------------------------\nRan 1 test in 0.000s\n\nFAILED (errors=1)\n\nBased on the test script's output, it is clear that the code has failed the test. The error is related to the name 'check_monthnumb_number' not being defined.\n\nExample of failing input and expected output:\nInput: check_month_number(5)\nExpected Output: True\n\nConclusion: Code Test Failed\n\nThe code failed to pass the test due to the error mentioned above. The 'check_monthnumb_number' needs to be defined for the test to pass.",
    "SprintReview1": "[ScrumMaster]says: Here is our test Report: Test Report:\n\nTest script's output:\nE\n======================================================================\nERROR: test (__main__.Test)\n----------------------------------------------------------------------\nTraceback (most recent call last):\n  File \"/Users/watch/PycharmProjects/XXXX-1-LLM/workspace/2024-03-11_09-13-04-095095/test_script.py\", line 12, in test\n    self.assertEqual(check_monthnumb_number(5), True)\nNameError: name 'check_monthnumb_number' is not defined\n\n----------------------------------------------------------------------\nRan 1 test in 0.000s\n\nFAILED (errors=1)\n\nBased on the test script's output, it is clear that the code has failed the test. The error is related to the name 'check_monthnumb_number' not being defined.\n\nExample of failing input and expected output:\nInput: check_month_number(5)\nExpected Output: True\n\nConclusion: Code Test Failed\n\nThe code failed to pass the test due to the error mentioned above. The 'check_monthnumb_number' needs to be defined for the test to pass., do you have any ideas?\n-----\n\n[Developer]says: As a Developer, I will review the test script and define the 'check_monthnumb_number' function to address the error.\n-----\n\n[Architect]says: As an Architect, I suggest reviewing the code and ensuring that the function 'check_monthnumb_number' is properly defined and called in the test script.\n-----\n\n[ProductOwner]says: As a Product Owner, I think we should prioritize fixing the error 'check_monthnumb_number' in order to pass the test and move forward with the development process.\n-----\n\n[Tester]says: As a Tester, I would recommend reviewing the code to ensure that the function 'check_monthnumb_number' is properly defined and used within the test script.\n-----\n\n[Developer]says: As a Developer, I will review the test script and define the 'check_monthnumb_number' function to address the error.\n-----\n\n[ProductOwner]says: As a Product Owner, I think we should prioritize fixing the error 'check_monthnumb_number' in order to pass the test and move forward with the development process.\n-----\n\n[Architect]says: As an Architect, I recommend reviewing the code and ensuring that the function 'check_monthnumb_number' is properly defined and called in the test script.\n-----\n\n[Tester]says: As a Tester, I would recommend reviewing the code to ensure that the function 'check_monthnumb_number' is properly defined and used within the test script.\n-----\n",
    "SprintReviewMeetings1": "{\n  \"product-owner\": [\n    \"we should prioritize fixing the error 'check_monthnumb_number' in order to pass the test and move forward with the development process.\"\n  ],\n  \"architect\": [\n    \"suggest reviewing the code and ensuring that the function 'check_monthnumb_number' is properly defined and called in the test script.\"\n  ],\n  \"developer\": [\n    \"review the test script and define the 'check_monthnumb_number' function to address the error.\"\n  ],\n  \"tester\": [\n    \"recommend reviewing the code to ensure that the function 'check_monthnumb_number' is properly defined and used within the test script.\"\n  ]\n}",
    "SprintReviewMeetings1_prompt": "{\"Role\": \"You are a professional scrum master. Your goal is to summary the Discussion History into a suggestions list for the scrum team.\", \"Instruction\": \"1. Read and Understand the Discussion History. 2. Summary the suggestions from four roles: product-owner/architect/developer/tester. 3. Response in JSON format.\", \"Example\": \"{\\\"product-owner\\\":[\\\"suggestion1\\\",\\\"suggestion2\\\"],\\\"architect\\\":[\\\"suggestion1\\\",\\\"suggestion2\\\"], \\\"developer\\\":[\\\"suggestion1\\\",\\\"suggestion2\\\"], \\\"tester\\\":[\\\"suggestion1\\\",\\\"suggestion2\\\"]}\", \"Context\": \"[ScrumMaster]says: Here is our test Report: Test Report:\\n\\nTest script's output:\\nE\\n======================================================================\\nERROR: test (__main__.Test)\\n----------------------------------------------------------------------\\nTraceback (most recent call last):\\n  File \\\"/Users/watch/PycharmProjects/XXXX-1-LLM/workspace/2024-03-11_09-13-04-095095/test_script.py\\\", line 12, in test\\n    self.assertEqual(check_monthnumb_number(5), True)\\nNameError: name 'check_monthnumb_number' is not defined\\n\\n----------------------------------------------------------------------\\nRan 1 test in 0.000s\\n\\nFAILED (errors=1)\\n\\nBased on the test script's output, it is clear that the code has failed the test. The error is related to the name 'check_monthnumb_number' not being defined.\\n\\nExample of failing input and expected output:\\nInput: check_month_number(5)\\nExpected Output: True\\n\\nConclusion: Code Test Failed\\n\\nThe code failed to pass the test due to the error mentioned above. The 'check_monthnumb_number' needs to be defined for the test to pass., do you have any ideas?\\n-----\\n\\n[Developer]says: As a Developer, I will review the test script and define the 'check_monthnumb_number' function to address the error.\\n-----\\n\\n[Architect]says: As an Architect, I suggest reviewing the code and ensuring that the function 'check_monthnumb_number' is properly defined and called in the test script.\\n-----\\n\\n[ProductOwner]says: As a Product Owner, I think we should prioritize fixing the error 'check_monthnumb_number' in order to pass the test and move forward with the development process.\\n-----\\n\\n[Tester]says: As a Tester, I would recommend reviewing the code to ensure that the function 'check_monthnumb_number' is properly defined and used within the test script.\\n-----\\n\\n[Developer]says: As a Developer, I will review the test script and define the 'check_monthnumb_number' function to address the error.\\n-----\\n\\n[ProductOwner]says: As a Product Owner, I think we should prioritize fixing the error 'check_monthnumb_number' in order to pass the test and move forward with the development process.\\n-----\\n\\n[Architect]says: As an Architect, I recommend reviewing the code and ensuring that the function 'check_monthnumb_number' is properly defined and called in the test script.\\n-----\\n\\n[Tester]says: As a Tester, I would recommend reviewing the code to ensure that the function 'check_monthnumb_number' is properly defined and used within the test script.\\n-----\\n\", \"Question\": \"Follow the Instruction section. The Discussion History is in the Context section. You only need to return a list as the Example section.\"}",
    "RepairResponse1": "{\n  \"revised_code\": \"def check_monthnumb_number(monthnum):\\n    '''Write a function to check whether the given month number contains 31 days or not.'''\\n    if monthnum in [1, 3, 5, 7, 8, 10, 12]:\\n        return True\\n    else:\\n        return False\"\n}",
    "RepairResponse1_prompt": {
        "Role": "You are a professional software engineer. Your duty is to write code in Python that meets the requirements. Ensure that the code you write is efficient, readable, and follows best practices. Remember, do not need to explain the code you wrote.",
        "Instruction": "1. Rewrite a bug fix version of the original code. 2. Response in JSON format.",
        "Example": "{\"revised_code\":\"...\"}",
        "Context": "# Test Report:\nTest Report:\n\nTest script's output:\nE\n======================================================================\nERROR: test (__main__.Test)\n----------------------------------------------------------------------\nTraceback (most recent call last):\n  File \"/Users/watch/PycharmProjects/XXXX-1-LLM/workspace/2024-03-11_09-13-04-095095/test_script.py\", line 12, in test\n    self.assertEqual(check_monthnumb_number(5), True)\nNameError: name 'check_monthnumb_number' is not defined\n\n----------------------------------------------------------------------\nRan 1 test in 0.000s\n\nFAILED (errors=1)\n\nBased on the test script's output, it is clear that the code has failed the test. The error is related to the name 'check_monthnumb_number' not being defined.\n\nExample of failing input and expected output:\nInput: check_month_number(5)\nExpected Output: True\n\nConclusion: Code Test Failed\n\nThe code failed to pass the test due to the error mentioned above. The 'check_monthnumb_number' needs to be defined for the test to pass.# suggestions:\n{\"product-owner\": [\"we should prioritize fixing the error 'check_monthnumb_number' in order to pass the test and move forward with the development process.\"], \"architect\": [\"suggest reviewing the code and ensuring that the function 'check_monthnumb_number' is properly defined and called in the test script.\"], \"developer\": [\"review the test script and define the 'check_monthnumb_number' function to address the error.\"], \"tester\": [\"recommend reviewing the code to ensure that the function 'check_monthnumb_number' is properly defined and used within the test script.\"]}",
        "Question": "The original code has some bugs, according to the test report and suggestions, rewrite the code. Complete the following code:\ndef check_monthnumb_number(monthnum2):\n'''Write a function to check whether the given month number contains 31 days or not.\nassert check_monthnumb_number(5)==True'''\n"
    },
    "Code2": "def check_monthnumb_number(monthnum):\n    '''Write a function to check whether the given month number contains 31 days or not.'''\n    if monthnum in [1, 3, 5, 7, 8, 10, 12]:\n        return True\n    else:\n        return False",
    "ScriptResult2": ".\n----------------------------------------------------------------------\nRan 1 test in 0.000s\n\nOK\n",
    "TestReport2": "Test Report:\n\nTest script's output:\n.\n----------------------------------------------------------------------\nRan 1 test in 0.000s\n\nOK\n\nConclusion: Code Test Passed\n\nNote: The test script output indicates that the code has passed the test."
}