{
    "start_time": "2024-03-11_10-41-54-298225",
    "task": "def sumofFactors(n) : \n'''Write a python function to find the sum of even factors of a number.\nassert sumofFactors(18) == 26'''\n",
    "datetime": {
        "task": "2024-03-11 10:41:54",
        "task-id": "2024-03-11 10:41:54",
        "workflow": "2024-03-11 10:41:54",
        "Discussion": "2024-03-11 10:41:56",
        "DisorderedSprintMeetings": "2024-03-11 10:41:57",
        "UserStoryDraft0": "2024-03-11 10:42:37",
        "AnalyzeMeetings": "2024-03-11 10:42:38",
        "UserStory0": "2024-03-11 10:43:32",
        "CodeDraft0": "2024-03-11 10:43:32",
        "CodeReviewMeetings0": "2024-03-11 10:43:34",
        "Code0CR": "2024-03-11 10:43:35",
        "FinalCode": "2024-03-11 10:44:10",
        "Test Cases Draft": "2024-03-11 10:43:36",
        "Test Cases Meetings": "2024-03-11 10:43:38",
        "Test Cases": "2024-03-11 10:43:40",
        "Code0": "2024-03-11 10:43:41",
        "TestScriptOriginal": "2024-03-11 10:43:42",
        "TestScript": "2024-03-11 10:43:42",
        "ScriptResult0": "2024-03-11 10:43:42",
        "TestReport0": "2024-03-11 10:43:45",
        "SprintReview0": "2024-03-11 10:43:46",
        "SprintReviewMeetings0": "2024-03-11 10:43:48",
        "RepairResponse0": "2024-03-11 10:43:49",
        "Code1": "2024-03-11 10:43:49",
        "ScriptResult1": "2024-03-11 10:43:49",
        "TestReport1": "2024-03-11 10:43:54",
        "SprintReview1": "2024-03-11 10:43:55",
        "SprintReviewMeetings1": "2024-03-11 10:43:58",
        "RepairResponse1": "2024-03-11 10:44:00",
        "Code2": "2024-03-11 10:44:00",
        "ScriptResult2": "2024-03-11 10:44:01",
        "TestReport2": "2024-03-11 10:44:04",
        "SprintReview2": "2024-03-11 10:44:07",
        "SprintReviewMeetings2": "2024-03-11 10:44:09",
        "RepairResponse2": "2024-03-11 10:44:10",
        "Code3": "2024-03-11 10:44:10",
        "ScriptResult3": "2024-03-11 10:44:10",
        "TestReport3": "2024-03-11 10:44:11"
    },
    "task-id": 453,
    "workflow": "agile/agile_version_0.0.5_remove.json",
    "Discussion": "[ScrumMaster]says: We have a job: def sumofFactors(n) : \n'''Write a python function to find the sum of even factors of a number.\nassert sumofFactors(18) == 26'''\n, do you have any ideas?\n-----\n\n[Tester]says: As a Tester, I would suggest writing test cases to cover both even and odd factors of the input number.\n-----\n\n[ProductOwner]says: As a Product Owner, I think we should consider the user requirements and potential impact on the product before deciding on the approach for the function.\n-----\n\n[Developer]says: As a Developer, I will start by analyzing the problem and come up with a plan to write a Python function to find the sum of even factors of a number.\n-----\n\n[Architect]says: As an architect, I think the first step is to analyze the requirements and design a modular and efficient solution for finding the sum of even factors of a number.\n-----\n\n[Tester]says: As a Tester, I would suggest writing test cases to cover both even and odd factors of the input number.\n-----\n\n[ProductOwner]says: As a Product Owner, I think we should consider the user requirements and potential impact on the product before deciding on the approach for the function.\n-----\n\n[Developer]says: As a Developer, I will start by analyzing the problem and come up with a plan to write a Python function to find the sum of even factors of a number.\n-----\n\n[Architect]says: As an architect, I will design a modular and efficient solution for finding the sum of even factors of a number.\n-----\n",
    "DisorderedSprintMeetings": "{\n  \"product-owner\":[\"consider user requirements\",\"decide on approach for the function\"],\n  \"architect\":[\"analyze requirements\",\"design modular and efficient solution\"],\n  \"developer\":[\"analyze the problem\",\"come up with a plan\",\"write Python function\"],\n  \"tester\":[\"write test cases to cover even and odd factors\"]\n}",
    "DisorderedSprintMeetings_prompt": "{\"Role\": \"You are a professional scrum master. Your goal is to breakdown the Discussion History into a task list for the scrum team.\", \"Instruction\": \"1. Read and Understand the Discussion History. 2. Define the tasks for four roles: product-owner/architect/developer/tester. 3. Response in JSON format.\", \"Example\": \"{\\\"product-owner\\\":[\\\"task1\\\",\\\"task2\\\"],\\\"architect\\\":[\\\"task1\\\",\\\"task2\\\"], \\\"developer\\\":[\\\"task1\\\",\\\"task2\\\"], \\\"tester\\\":[\\\"task1\\\",\\\"task2\\\"]}\", \"Context\": \"[ScrumMaster]says: We have a job: def sumofFactors(n) : \\n'''Write a python function to find the sum of even factors of a number.\\nassert sumofFactors(18) == 26'''\\n, do you have any ideas?\\n-----\\n\\n[Tester]says: As a Tester, I would suggest writing test cases to cover both even and odd factors of the input number.\\n-----\\n\\n[ProductOwner]says: As a Product Owner, I think we should consider the user requirements and potential impact on the product before deciding on the approach for the function.\\n-----\\n\\n[Developer]says: As a Developer, I will start by analyzing the problem and come up with a plan to write a Python function to find the sum of even factors of a number.\\n-----\\n\\n[Architect]says: As an architect, I think the first step is to analyze the requirements and design a modular and efficient solution for finding the sum of even factors of a number.\\n-----\\n\\n[Tester]says: As a Tester, I would suggest writing test cases to cover both even and odd factors of the input number.\\n-----\\n\\n[ProductOwner]says: As a Product Owner, I think we should consider the user requirements and potential impact on the product before deciding on the approach for the function.\\n-----\\n\\n[Developer]says: As a Developer, I will start by analyzing the problem and come up with a plan to write a Python function to find the sum of even factors of a number.\\n-----\\n\\n[Architect]says: As an architect, I will design a modular and efficient solution for finding the sum of even factors of a number.\\n-----\\n\", \"Question\": \"Follow the Instruction section. The Discussion History is in the Context section. You only need to return a task list as the Example section.\"}",
    "UserStoryDraft0": "{\n  \"UserStory\": {\n    \"As a product owner, I want a python function to find the sum of even factors of a number, so that I can efficiently calculate the sum of even factors for a given number in my application.\"\n \t\t\t\t\n \t\t\n \t\n \t\n \t\n \t\n \t\n \t\n \t\n \t\n \t\n \t\n \t\n \t\n \t\n \t\n \t\n \t\n \t\n \t\n \t\n \t\n \t\n \t\n \t\n \t\n \t\n \t\n \t\n \t\n \t\n \t\n \t\n \t\n \t\n \t\n \t\n \t\n \t\n \t\n \t\n \t\n \t\n \t\n \t\n \t\n \t\n \t\n \t\n \t\n \t\n \t\n \t\n \t\n \t\n \t\n \t\n \t\n \t\n \t\n \t\n \t\n \t\n \t\n \t\n \t\n \t\n \t\n \t\n \t\n \t\n \t\n \t\n \t\n \t\n \t\n \t\n \t\n \t\n \t\n \t\n \t\n \t\n \t\n \t\n \t\n \t\n \t\n \t\n \t\n \t\n \t\n \t\n \t\n \t\n \t\n \t\n \t\n \t\n \t\n \t\n ",
    "UserStoryDraft0_prompt": "{\"Role\": \"You need to act as a professional product owner. Your task is to write a UserStory\", \"Instruction\": \"According to the Context, please analyze the requirement and write your response. Response in JSON format. Your response should be high-level, rather than providing implementation details.\", \"Example\": \"\", \"Context\": [\"consider user requirements\", \"decide on approach for the function\"], \"Question\": \"Follow the Instruction. The requirement is as follows:\\ndef sumofFactors(n) : \\n'''Write a python function to find the sum of even factors of a number.\\nassert sumofFactors(18) == 26'''\\n\"}",
    "AnalyzeMeetings": "{\n  \"Architect\": \"The Python function should take an input number and return the sum of its even factors. It should handle edge cases such as when the input number is 0 or negative. Additionally, consider using efficient algorithms to calculate the sum of even factors.\",\n  \"Tester\": \"Test the Python function with various input numbers, including positive, negative, and zero. Verify that the function returns the correct sum of even factors for each input. Also, test the function with large input numbers to ensure it can handle them without performance issues.\"\n}",
    "UserStory0": "{\n  \"UserStory\": {\n    \"As a product owner, I want a python function to find the sum of even factors of a number, so that I can efficiently calculate the sum of even factors for a given number in my application.\"\n \t\n \t\n \t\n \t\n \t\n \t\n \t\n \t\n \t\n \t\n \t\n \t\n \t\n \t\n \t\n \t\n \t\n \t\n \t\n \t\n \t\n \t\n \t\n \t\n \t\n \t\n \t\n \t\n \t\n \t\n \t\n \t\n \t\n \t\n \t\n \t\n \t\n \t\n \t\n \t\n \t\n \t\n \t\n \t\n \t\n \t\n \t\n \t\n \t\n \t\n \t\n \t\n \t\n \t\n \t\n \t\n \t\n \t\n \t\n \t\n \t\n \t\n \t\n \t\n \t\n \t\n \t\n \t\n \t\n \t\n \t\n \t\n \t\n \t\n \t\n \t\n \t\n \t\n \t\n \t\n \t\n \t\n \t\n \t\n \t\n \t\n \t\n \t\n \t\n \t\n \t\n \t\n \t\n \t\n \t\n \t\n \t\n \t\n \t\n \t\n \t",
    "UserStory0_prompt": {
        "Role": "You need to act as a professional product owner. Your duty is to revise the document based on the suggestions.",
        "Instruction": "1. Read the suggestions. 2. Revise your draft version document. 3. Response in JSON format. 4. REMEMBER: Your analysis should be high-level, rather than providing implementation details.",
        "Example": "",
        "Context": "# Suggestion:\n{\n  \"Architect\": \"The Python function should take an input number and return the sum of its even factors. It should handle edge cases such as when the input number is 0 or negative. Additionally, consider using efficient algorithms to calculate the sum of even factors.\",\n  \"Tester\": \"Test the Python function with various input numbers, including positive, negative, and zero. Verify that the function returns the correct sum of even factors for each input. Also, test the function with large input numbers to ensure it can handle them without performance issues.\"\n}",
        "Question": "Follow the Instruction. Your colleague give you some suggestions(in the Context section) about this draft document:{\n  \"UserStory\": {\n    \"As a product owner, I want a python function to find the sum of even factors of a number, so that I can efficiently calculate the sum of even factors for a given number in my application.\"\n \t\t\t\t\n \t\t\n \t\n \t\n \t\n \t\n \t\n \t\n \t\n \t\n \t\n \t\n \t\n \t\n \t\n \t\n \t\n \t\n \t\n \t\n \t\n \t\n \t\n \t\n \t\n \t\n \t\n \t\n \t\n \t\n \t\n \t\n \t\n \t\n \t\n \t\n \t\n \t\n \t\n \t\n \t\n \t\n \t\n \t\n \t\n \t\n \t\n \t\n \t\n \t\n \t\n \t\n \t\n \t\n \t\n \t\n \t\n \t\n \t\n \t\n \t\n \t\n \t\n \t\n \t\n \t\n \t\n \t\n \t\n \t\n \t\n \t\n \t\n \t\n \t\n \t\n \t\n \t\n \t\n \t\n \t\n \t\n \t\n \t\n \t\n \t\n \t\n \t\n \t\n \t\n \t\n \t\n \t\n \t\n \t\n \t\n \t\n \t\n \t\n \t\n \t\n "
    },
    "CodeDraft0": "def sumofFactors(n):\n    sum = 0\n    for i in range(1, n+1):\n        if n % i == 0 and i % 2 == 0:\n            sum += i\n    return sum",
    "CodeDraft0_prompt": {
        "Role": "You are a professional engineer. Your duty is to write code in Python that meets the requirements. Ensure that the code you write is efficient, readable, and follows best practices. Remember, do not need to explain the code you wrote.",
        "Instruction": "According to the Context section, write your code.",
        "Example": "",
        "Context": "# Tasks:\n['analyze the problem', 'come up with a plan', 'write Python function']",
        "Question": "Follow the Instruction section. Complete the following code:\ndef sumofFactors(n) : \n'''Write a python function to find the sum of even factors of a number.\nassert sumofFactors(18) == 26'''\n"
    },
    "CodeReviewMeetings0": "{\n  \"Architect\": \"I suggest using more descriptive variable names instead of 'n' and 'sum' to improve the readability of the code. Also, consider adding comments to explain the purpose of the code and the logic behind it.\",\n  \"Tester\": \"I suggest adding more test cases to cover a wider range of input values, including edge cases such as 0 and negative numbers, to ensure the function works correctly in all scenarios.\"\n}",
    "Code0CR": "def sum_of_even_factors(number):\n    '''Write a python function to find the sum of even factors of a number.'''\n    sum = 0\n    for i in range(1, number + 1):\n        if number % i == 0 and i % 2 == 0:\n            sum += i\n    return sum\n\n# Test cases\nassert sum_of_even_factors(18) == 26",
    "Code0CR_prompt": "{\"Role\": \"You are a professional software engineer. Your duty is to write code in Python that meets the requirements. Ensure that the code you write is efficient, readable, and follows best practices. Remember, do not need to explain the code you wrote.\", \"Instruction\": \"1. Understand the suggestions(in the Context section) about the original code. 2. Rewrite your code.\", \"Example\": \"\", \"Context\": \"# Tasks:\\n['analyze the problem', 'come up with a plan', 'write Python function']\\n# Suggestions:\\n{\\n  \\\"Architect\\\": \\\"I suggest using more descriptive variable names instead of 'n' and 'sum' to improve the readability of the code. Also, consider adding comments to explain the purpose of the code and the logic behind it.\\\",\\n  \\\"Tester\\\": \\\"I suggest adding more test cases to cover a wider range of input values, including edge cases such as 0 and negative numbers, to ensure the function works correctly in all scenarios.\\\"\\n}\", \"Question\": \"Follow the Instruction section. Complete the following code:\\ndef sumofFactors(n) : \\n'''Write a python function to find the sum of even factors of a number.\\nassert sumofFactors(18) == 26'''\\n\"}",
    "FinalCode": "def sumofFactors(n):\n    sum = 0\n    for i in range(1, n+1):\n        if n % i == 0 and i % 2 == 0:\n            sum += i\n    return sum\n",
    "Test Cases Draft": "{\n  \"test_cases\": [\n    {\n      \"Test Title\": \"Test for even factors\",\n      \"Input Data\": \"parameter1=18\",\n      \"Expected Output\": \"26\"\n    }\n  ]\n}",
    "Test Cases Draft_prompt": "{\"Role\": \"You are a quality assurance engineer. Your duty is to design test cases for the developers.\", \"Instruction\": \"According to the Context section, write test cases. Don't write long strings in your test cases. Response in JSON format.\", \"Example\": \"{\\\"requirement analysis\\\":\\\"analysis\\\",\\\"test_cases\\\":[{\\\"Test Title\\\":\\\"title\\\", \\\"Input Data\\\":\\\"parameter1=[1,2,3],parameter2='123'\\\", \\\"Expected Output\\\":\\\"456\\\"},]}\", \"Context\": \"# UsrtStory:\\n{\\n  \\\"UserStory\\\": {\\n    \\\"As a product owner, I want a python function to find the sum of even factors of a number, so that I can efficiently calculate the sum of even factors for a given number in my application.\\\"\\n \\t\\n \\t\\n \\t\\n \\t\\n \\t\\n \\t\\n \\t\\n \\t\\n \\t\\n \\t\\n \\t\\n \\t\\n \\t\\n \\t\\n \\t\\n \\t\\n \\t\\n \\t\\n \\t\\n \\t\\n \\t\\n \\t\\n \\t\\n \\t\\n \\t\\n \\t\\n \\t\\n \\t\\n \\t\\n \\t\\n \\t\\n \\t\\n \\t\\n \\t\\n \\t\\n \\t\\n \\t\\n \\t\\n \\t\\n \\t\\n \\t\\n \\t\\n \\t\\n \\t\\n \\t\\n \\t\\n \\t\\n \\t\\n \\t\\n \\t\\n \\t\\n \\t\\n \\t\\n \\t\\n \\t\\n \\t\\n \\t\\n \\t\\n \\t\\n \\t\\n \\t\\n \\t\\n \\t\\n \\t\\n \\t\\n \\t\\n \\t\\n \\t\\n \\t\\n \\t\\n \\t\\n \\t\\n \\t\\n \\t\\n \\t\\n \\t\\n \\t\\n \\t\\n \\t\\n \\t\\n \\t\\n \\t\\n \\t\\n \\t\\n \\t\\n \\t\\n \\t\\n \\t\\n \\t\\n \\t\\n \\t\\n \\t\\n \\t\\n \\t\\n \\t\\n \\t\\n \\t\\n \\t\\n \\t\\n \\t\\n \\t\\n# Tasks:\\n['write test cases to cover even and odd factors']\\n\", \"Question\": \"def sumofFactors(n) : \\n'''Write a python function to find the sum of even factors of a number.\\nassert sumofFactors(18) == 26'''\\n\"}",
    "Test Cases Meetings": "{\n  \"Architect\": \"As an Architect, I suggest revising the test case to include a more descriptive Test Title and provide more context on what the expected output represents. Additionally, consider adding boundary test cases to ensure comprehensive coverage.\",\n  \"Developer\": \"As a Developer, I suggest revising the test case to include more detailed input data and expected output, as well as adding additional test cases to cover different scenarios such as negative numbers or zero as input.\"\n}",
    "Test Cases": "{\n  \"revised_test_cases\": [\n    {\n      \"Test Title\": \"Test for even factors of positive number\",\n      \"Input Data\": \"parameter1=18\",\n      \"Expected Output\": \"26\"\n    },\n    {\n      \"Test Title\": \"Test for even factors of negative number\",\n      \"Input Data\": \"parameter1=-18\",\n      \"Expected Output\": \"-26\"\n    },\n    {\n      \"Test Title\": \"Test for even factors of zero\",\n      \"Input Data\": \"parameter1=0\",\n      \"Expected Output\": \"0\"\n    }\n  ]\n}",
    "Test Cases_prompt": "{\"Role\": \"You are a quality assurance engineer. Your duty is to revise the test cases based on the suggestions.\", \"Instruction\": \"1. Your colleague give you some suggestions(in the Context section) about the draft test cases, read these suggestions. 2. Revise your draft version test cases, but don't use long parameters. 3. Response in JSON format.\", \"Example\": \"{\\\"requirement analysis\\\":\\\"analysis\\\",\\\"test_cases\\\":[{\\\"Test Title\\\":\\\"title\\\", \\\"Input Data\\\":\\\"parameter1=[1,2,3],parameter2='123'\\\", \\\"Expected Output\\\":\\\"456\\\"},]}\", \"Context\": \"# Suggestions:\\n{\\n  \\\"Architect\\\": \\\"As an Architect, I suggest revising the test case to include a more descriptive Test Title and provide more context on what the expected output represents. Additionally, consider adding boundary test cases to ensure comprehensive coverage.\\\",\\n  \\\"Developer\\\": \\\"As a Developer, I suggest revising the test case to include more detailed input data and expected output, as well as adding additional test cases to cover different scenarios such as negative numbers or zero as input.\\\"\\n}\\n # Draft Test cases:\\n{\\n  \\\"test_cases\\\": [\\n    {\\n      \\\"Test Title\\\": \\\"Test for even factors\\\",\\n      \\\"Input Data\\\": \\\"parameter1=18\\\",\\n      \\\"Expected Output\\\": \\\"26\\\"\\n    }\\n  ]\\n}\", \"Question\": \"Follow the Instruction. Please make sure your response length are less than 512. Your test cases is for the below question:\\ndef sumofFactors(n) : \\n'''Write a python function to find the sum of even factors of a number.\\nassert sumofFactors(18) == 26'''\\n\"}",
    "Code0": "def sum_of_even_factors(number):\n    sum = 0\n    for i in range(1, abs(number) + 1):\n        if number % i == 0 and i % 2 == 0:\n            sum += i\n    return sum * (1 if number > 0 else -1)",
    "Code0_prompt": {
        "Role": "You are a professional software engineer. Your duty is to write code in Python that meets the requirements. Ensure that the code you write is efficient, readable, and follows best practices. Remember, do not need to explain the code you wrote.",
        "Instruction": "1. Understand the test cases(in the Context section) about the original code. 2. Rewrite your code, make sure your code pass all test cases.",
        "Example": "",
        "Context": "# Original Code:\ndef sum_of_even_factors(number):\n    '''Write a python function to find the sum of even factors of a number.'''\n    sum = 0\n    for i in range(1, number + 1):\n        if number % i == 0 and i % 2 == 0:\n            sum += i\n    return sum\n\n# Test cases\nassert sum_of_even_factors(18) == 26\n# Test Cases:\n{\n  \"revised_test_cases\": [\n    {\n      \"Test Title\": \"Test for even factors of positive number\",\n      \"Input Data\": \"parameter1=18\",\n      \"Expected Output\": \"26\"\n    },\n    {\n      \"Test Title\": \"Test for even factors of negative number\",\n      \"Input Data\": \"parameter1=-18\",\n      \"Expected Output\": \"-26\"\n    },\n    {\n      \"Test Title\": \"Test for even factors of zero\",\n      \"Input Data\": \"parameter1=0\",\n      \"Expected Output\": \"0\"\n    }\n  ]\n}",
        "Question": "def sumofFactors(n) : \n'''Write a python function to find the sum of even factors of a number.\nassert sumofFactors(18) == 26'''\n"
    },
    "TestScriptOriginal": "import unittest\n\ndef sumofFactors(n) :\n    sum = 0\n    for i in range(1, n+1):\n        if n % i == 0 and i % 2 == 0:\n            sum += i\n    return sum\n\nclass Test(unittest.TestCase):\n    def test(self):\n        self.assertEqual(sumofFactors(18), 26)\n\nif __name__ == '__main__':\n    unittest.main()",
    "TestScriptOriginal_prompt": "{\"Role\": \"You are a quality assurance engineer. Your duty is to write a python test script in unittest framework.\", \"Instruction\": \"1. Write a python test script. 2. Use the input and output given by the question.\", \"Example\": \"import unittest\\n\\nclass Test(unittest.TestCase):\\n    def test(self):\\n        self.assertEqual(function_under_test('a'), 1)\\n\\nif __name__ == '__main__':\\n    unittest.main()\", \"Context\": \"\", \"Question\": \"def sumofFactors(n) : \\n'''Write a python function to find the sum of even factors of a number.\\nassert sumofFactors(18) == 26'''\\n\"}",
    "TestScript": "import unittest\n\nclass Test(unittest.TestCase):\n    def test(self):\n        self.assertEqual(sumofFactors(18), 26)\n\nif __name__ == '__main__':\n    unittest.main()",
    "ScriptResult0": "E\n======================================================================\nERROR: test (__main__.Test)\n----------------------------------------------------------------------\nTraceback (most recent call last):\n  File \"/Users/watch/PycharmProjects/XXXX-1-LLM/workspace/2024-03-11_10-41-54-298225/test_script.py\", line 11, in test\n    self.assertEqual(sumofFactors(18), 26)\nNameError: name 'sumofFactors' is not defined\n\n----------------------------------------------------------------------\nRan 1 test in 0.000s\n\nFAILED (errors=1)\n",
    "TestReport0": "Test Report:\n\nCode Test Failed\n\nInput: sum_of_even_factors(18)\nExpected Output: 26\n\nTest script's output:\nE\n======================================================================\nERROR: test (__main__.Test)\n----------------------------------------------------------------------\nTraceback (most recent call last):\n  File \"/Users/watch/PycharmProjects/XXXX-1-LLM/workspace/2024-03-11_10-41-54-298225/test_script.py\", line 11, in test\n    self.assertEqual(sumofFactors(18), 26)\nNameError: name 'sumofFactors' is not defined\n\n----------------------------------------------------------------------\nRan 1 test in 0.000s\n\nFAILED (errors=1)\n\nConclusion: Code Test Failed",
    "SprintReview0": "[ScrumMaster]says: Here is our test Report: Test Report:\n\nCode Test Failed\n\nInput: sum_of_even_factors(18)\nExpected Output: 26\n\nTest script's output:\nE\n======================================================================\nERROR: test (__main__.Test)\n----------------------------------------------------------------------\nTraceback (most recent call last):\n  File \"/Users/watch/PycharmProjects/XXXX-1-LLM/workspace/2024-03-11_10-41-54-298225/test_script.py\", line 11, in test\n    self.assertEqual(sumofFactors(18), 26)\nNameError: name 'sumofFactors' is not defined\n\n----------------------------------------------------------------------\nRan 1 test in 0.000s\n\nFAILED (errors=1)\n\nConclusion: Code Test Failed, do you have any ideas?\n-----\n\n[Tester]says: As a Tester, it looks like the code test failed due to a name error, so we need to define the function sumofFactors to fix the issue.\n-----\n\n[ProductOwner]says: As a Product Owner, I think we should prioritize fixing the code test failure as it is crucial for the development of the product.\n-----\n\n[Architect]says: As an architect, I think the first step is to define the requirements and design a clear architecture for the product to avoid such errors in the future.\n-----\n\n[Developer]says: As a Developer, I will start by checking the code to see why the 'sumofFactors' function is not defined and then ensure it is properly implemented to fix the test failure.\n-----\n\n[ProductOwner]says: [ProductOwner] To create a product, we should prioritize fixing the code test failure as it is crucial for the development of the product.\n-----\n\n[Tester]says: As a Tester, it looks like the code test failed due to a name error, so we need to define the function sumofFactors to fix the issue.\n-----\n\n[Architect]says: [Architect] To create a product, we should define the requirements and design a clear architecture for the product to avoid such errors in the future.\n-----\n\n[Developer]says: As a Developer, I will start by checking the code to see why the 'sumofFactors' function is not defined and then ensure it is properly implemented to fix the test failure.\n-----\n",
    "SprintReviewMeetings0": "{\n  \"product-owner\":[\"Prioritize fixing the code test failure as it is crucial for the development of the product.\"],\n  \"architect\":[\"Define the requirements and design a clear architecture for the product to avoid such errors in the future.\"],\n  \"developer\":[\"Check the code to see why the 'sumofFactors' function is not defined and then ensure it is properly implemented to fix the test failure.\"],\n  \"tester\":[\"Define the function sumofFactors to fix the issue.\"]\n}",
    "SprintReviewMeetings0_prompt": "{\"Role\": \"You are a professional scrum master. Your goal is to summary the Discussion History into a suggestions list for the scrum team.\", \"Instruction\": \"1. Read and Understand the Discussion History. 2. Summary the suggestions from four roles: product-owner/architect/developer/tester. 3. Response in JSON format.\", \"Example\": \"{\\\"product-owner\\\":[\\\"suggestion1\\\",\\\"suggestion2\\\"],\\\"architect\\\":[\\\"suggestion1\\\",\\\"suggestion2\\\"], \\\"developer\\\":[\\\"suggestion1\\\",\\\"suggestion2\\\"], \\\"tester\\\":[\\\"suggestion1\\\",\\\"suggestion2\\\"]}\", \"Context\": \"[ScrumMaster]says: Here is our test Report: Test Report:\\n\\nCode Test Failed\\n\\nInput: sum_of_even_factors(18)\\nExpected Output: 26\\n\\nTest script's output:\\nE\\n======================================================================\\nERROR: test (__main__.Test)\\n----------------------------------------------------------------------\\nTraceback (most recent call last):\\n  File \\\"/Users/watch/PycharmProjects/XXXX-1-LLM/workspace/2024-03-11_10-41-54-298225/test_script.py\\\", line 11, in test\\n    self.assertEqual(sumofFactors(18), 26)\\nNameError: name 'sumofFactors' is not defined\\n\\n----------------------------------------------------------------------\\nRan 1 test in 0.000s\\n\\nFAILED (errors=1)\\n\\nConclusion: Code Test Failed, do you have any ideas?\\n-----\\n\\n[Tester]says: As a Tester, it looks like the code test failed due to a name error, so we need to define the function sumofFactors to fix the issue.\\n-----\\n\\n[ProductOwner]says: As a Product Owner, I think we should prioritize fixing the code test failure as it is crucial for the development of the product.\\n-----\\n\\n[Architect]says: As an architect, I think the first step is to define the requirements and design a clear architecture for the product to avoid such errors in the future.\\n-----\\n\\n[Developer]says: As a Developer, I will start by checking the code to see why the 'sumofFactors' function is not defined and then ensure it is properly implemented to fix the test failure.\\n-----\\n\\n[ProductOwner]says: [ProductOwner] To create a product, we should prioritize fixing the code test failure as it is crucial for the development of the product.\\n-----\\n\\n[Tester]says: As a Tester, it looks like the code test failed due to a name error, so we need to define the function sumofFactors to fix the issue.\\n-----\\n\\n[Architect]says: [Architect] To create a product, we should define the requirements and design a clear architecture for the product to avoid such errors in the future.\\n-----\\n\\n[Developer]says: As a Developer, I will start by checking the code to see why the 'sumofFactors' function is not defined and then ensure it is properly implemented to fix the test failure.\\n-----\\n\", \"Question\": \"Follow the Instruction section. The Discussion History is in the Context section. You only need to return a list as the Example section.\"}",
    "RepairResponse0": "{\n  \"revised_code\": \"def sum_of_even_factors(n):\\n    sum = 0\\n    for i in range(1, n + 1):\\n        if n % i == 0 and i % 2 == 0:\\n            sum += i\\n    return sum\"\n}",
    "RepairResponse0_prompt": {
        "Role": "You are a professional software engineer. Your duty is to write code in Python that meets the requirements. Ensure that the code you write is efficient, readable, and follows best practices. Remember, do not need to explain the code you wrote.",
        "Instruction": "1. Rewrite a bug fix version of the original code. 2. Response in JSON format.",
        "Example": "{\"revised_code\":\"...\"}",
        "Context": "# Test Report:\nTest Report:\n\nCode Test Failed\n\nInput: sum_of_even_factors(18)\nExpected Output: 26\n\nTest script's output:\nE\n======================================================================\nERROR: test (__main__.Test)\n----------------------------------------------------------------------\nTraceback (most recent call last):\n  File \"/Users/watch/PycharmProjects/XXXX-1-LLM/workspace/2024-03-11_10-41-54-298225/test_script.py\", line 11, in test\n    self.assertEqual(sumofFactors(18), 26)\nNameError: name 'sumofFactors' is not defined\n\n----------------------------------------------------------------------\nRan 1 test in 0.000s\n\nFAILED (errors=1)\n\nConclusion: Code Test Failed# suggestions:\n{\"product-owner\": [\"Prioritize fixing the code test failure as it is crucial for the development of the product.\"], \"architect\": [\"Define the requirements and design a clear architecture for the product to avoid such errors in the future.\"], \"developer\": [\"Check the code to see why the 'sumofFactors' function is not defined and then ensure it is properly implemented to fix the test failure.\"], \"tester\": [\"Define the function sumofFactors to fix the issue.\"]}",
        "Question": "The original code has some bugs, according to the test report and suggestions, rewrite the code. Complete the following code:\ndef sumofFactors(n) : \n'''Write a python function to find the sum of even factors of a number.\nassert sumofFactors(18) == 26'''\n"
    },
    "Code1": "def sum_of_even_factors(n):\n    sum = 0\n    for i in range(1, n + 1):\n        if n % i == 0 and i % 2 == 0:\n            sum += i\n    return sum",
    "ScriptResult1": "E\n======================================================================\nERROR: test (__main__.Test)\n----------------------------------------------------------------------\nTraceback (most recent call last):\n  File \"/Users/watch/PycharmProjects/XXXX-1-LLM/workspace/2024-03-11_10-41-54-298225/test_script.py\", line 11, in test\n    self.assertEqual(sumofFactors(18), 26)\nNameError: name 'sumofFactors' is not defined\n\n----------------------------------------------------------------------\nRan 1 test in 0.000s\n\nFAILED (errors=1)\n",
    "TestReport1": "Test Report:\n\nContext:\nThe test script's output is as follows:\n\n# test script's output:\nE\n======================================================================\nERROR: test (__main__.Test)\n----------------------------------------------------------------------\nTraceback (most recent call last):\n  File \"/Users/watch/PycharmProjects/XXXX-1-LLM/workspace/2024-03-11_10-41-54-298225/test_script.py\", line 11, in test\n    self.assertEqual(sumofFactors(18), 26)\nNameError: name 'sumofFactors' is not defined\n\n----------------------------------------------------------------------\nRan 1 test in 0.000s\n\nFAILED (errors=1)\n\nAnalysis:\nThe test script output indicates that there is an error in the test case for the function sum_of_even_factors(n). The NameError suggests that the function sumofFactors is not defined, which is causing the test to fail.\n\nRecommendation:\nThe code needs to be reviewed and the function name should be corrected to sum_of_even_factors to match the test case.\n\nConclusion:\nCode Test Failed. The input and expected output example:\nInput: sum_of_even_factors(18)\nExpected Output: 26",
    "SprintReview1": "[ScrumMaster]says: Here is our test Report: Test Report:\n\nContext:\nThe test script's output is as follows:\n\n# test script's output:\nE\n======================================================================\nERROR: test (__main__.Test)\n----------------------------------------------------------------------\nTraceback (most recent call last):\n  File \"/Users/watch/PycharmProjects/XXXX-1-LLM/workspace/2024-03-11_10-41-54-298225/test_script.py\", line 11, in test\n    self.assertEqual(sumofFactors(18), 26)\nNameError: name 'sumofFactors' is not defined\n\n----------------------------------------------------------------------\nRan 1 test in 0.000s\n\nFAILED (errors=1)\n\nAnalysis:\nThe test script output indicates that there is an error in the test case for the function sum_of_even_factors(n). The NameError suggests that the function sumofFactors is not defined, which is causing the test to fail.\n\nRecommendation:\nThe code needs to be reviewed and the function name should be corrected to sum_of_even_factors to match the test case.\n\nConclusion:\nCode Test Failed. The input and expected output example:\nInput: sum_of_even_factors(18)\nExpected Output: 26, do you have any ideas?\n-----\n\n[ProductOwner]says: As a Product Owner, it is important that we prioritize fixing the code to ensure the proper functioning of the product.\n-----\n\n[Developer]says: As a Developer, I will review the code and correct the function name to sum_of_even_factors to match the test case.\n-----\n\n[Architect]says: As an Architect, I recommend reviewing the code to correct the function name to 'sum_of_even_factors' in order to match the test case and resolve the error.\n-----\n\n[Tester]says: As a Tester, I recommend reviewing the code and correcting the function name to sum_of_even_factors to match the test case.\n-----\n\n[ProductOwner]says: As a Product Owner, it is important that we prioritize fixing the code to ensure the proper functioning of the product.\n-----\n\n[Tester]says: As a Tester, I recommend reviewing the code and correcting the function name to sum_of_even_factors to match the test case.\n-----\n\n[Developer]says: As a Developer, I will review the code and correct the function name to sum_of_even_factors to match the test case.\n-----\n\n[Architect]says: As an Architect, I will ensure that the code is reviewed and the function name is corrected to 'sum_of_even_factors' to match the test case and resolve the error.\n-----\n",
    "SprintReviewMeetings1": "{\n  \"product-owner\":[\"It is important that we prioritize fixing the code to ensure the proper functioning of the product.\"],\n  \"architect\":[\"I recommend reviewing the code to correct the function name to 'sum_of_even_factors' in order to match the test case and resolve the error.\",\n  \"I will ensure that the code is reviewed and the function name is corrected to 'sum_of_even_factors' to match the test case and resolve the error.\"],\n  \"developer\":[\"I will review the code and correct the function name to sum_of_even_factors to match the test case.\",\n  \"I will review the code and correct the function name to sum_of_even_factors to match the test case.\"],\n  \"tester\":[\"I recommend reviewing the code and correcting the function name to sum_of_even_factors to match the test case.\",\n  \"I recommend reviewing the code and correcting the function name to sum_of_even_factors to match the test case.\"]\n}",
    "SprintReviewMeetings1_prompt": "{\"Role\": \"You are a professional scrum master. Your goal is to summary the Discussion History into a suggestions list for the scrum team.\", \"Instruction\": \"1. Read and Understand the Discussion History. 2. Summary the suggestions from four roles: product-owner/architect/developer/tester. 3. Response in JSON format.\", \"Example\": \"{\\\"product-owner\\\":[\\\"suggestion1\\\",\\\"suggestion2\\\"],\\\"architect\\\":[\\\"suggestion1\\\",\\\"suggestion2\\\"], \\\"developer\\\":[\\\"suggestion1\\\",\\\"suggestion2\\\"], \\\"tester\\\":[\\\"suggestion1\\\",\\\"suggestion2\\\"]}\", \"Context\": \"[ScrumMaster]says: Here is our test Report: Test Report:\\n\\nContext:\\nThe test script's output is as follows:\\n\\n# test script's output:\\nE\\n======================================================================\\nERROR: test (__main__.Test)\\n----------------------------------------------------------------------\\nTraceback (most recent call last):\\n  File \\\"/Users/watch/PycharmProjects/XXXX-1-LLM/workspace/2024-03-11_10-41-54-298225/test_script.py\\\", line 11, in test\\n    self.assertEqual(sumofFactors(18), 26)\\nNameError: name 'sumofFactors' is not defined\\n\\n----------------------------------------------------------------------\\nRan 1 test in 0.000s\\n\\nFAILED (errors=1)\\n\\nAnalysis:\\nThe test script output indicates that there is an error in the test case for the function sum_of_even_factors(n). The NameError suggests that the function sumofFactors is not defined, which is causing the test to fail.\\n\\nRecommendation:\\nThe code needs to be reviewed and the function name should be corrected to sum_of_even_factors to match the test case.\\n\\nConclusion:\\nCode Test Failed. The input and expected output example:\\nInput: sum_of_even_factors(18)\\nExpected Output: 26, do you have any ideas?\\n-----\\n\\n[ProductOwner]says: As a Product Owner, it is important that we prioritize fixing the code to ensure the proper functioning of the product.\\n-----\\n\\n[Developer]says: As a Developer, I will review the code and correct the function name to sum_of_even_factors to match the test case.\\n-----\\n\\n[Architect]says: As an Architect, I recommend reviewing the code to correct the function name to 'sum_of_even_factors' in order to match the test case and resolve the error.\\n-----\\n\\n[Tester]says: As a Tester, I recommend reviewing the code and correcting the function name to sum_of_even_factors to match the test case.\\n-----\\n\\n[ProductOwner]says: As a Product Owner, it is important that we prioritize fixing the code to ensure the proper functioning of the product.\\n-----\\n\\n[Tester]says: As a Tester, I recommend reviewing the code and correcting the function name to sum_of_even_factors to match the test case.\\n-----\\n\\n[Developer]says: As a Developer, I will review the code and correct the function name to sum_of_even_factors to match the test case.\\n-----\\n\\n[Architect]says: As an Architect, I will ensure that the code is reviewed and the function name is corrected to 'sum_of_even_factors' to match the test case and resolve the error.\\n-----\\n\", \"Question\": \"Follow the Instruction section. The Discussion History is in the Context section. You only need to return a list as the Example section.\"}",
    "RepairResponse1": "{\n  \"revised_code\": \"def sum_of_even_factors(n):\\n    sum = 0\\n    for i in range(1, n+1):\\n        if n % i == 0 and i % 2 == 0:\\n            sum += i\\n    return sum\"\n}",
    "RepairResponse1_prompt": {
        "Role": "You are a professional software engineer. Your duty is to write code in Python that meets the requirements. Ensure that the code you write is efficient, readable, and follows best practices. Remember, do not need to explain the code you wrote.",
        "Instruction": "1. Rewrite a bug fix version of the original code. 2. Response in JSON format.",
        "Example": "{\"revised_code\":\"...\"}",
        "Context": "# Test Report:\nTest Report:\n\nContext:\nThe test script's output is as follows:\n\n# test script's output:\nE\n======================================================================\nERROR: test (__main__.Test)\n----------------------------------------------------------------------\nTraceback (most recent call last):\n  File \"/Users/watch/PycharmProjects/XXXX-1-LLM/workspace/2024-03-11_10-41-54-298225/test_script.py\", line 11, in test\n    self.assertEqual(sumofFactors(18), 26)\nNameError: name 'sumofFactors' is not defined\n\n----------------------------------------------------------------------\nRan 1 test in 0.000s\n\nFAILED (errors=1)\n\nAnalysis:\nThe test script output indicates that there is an error in the test case for the function sum_of_even_factors(n). The NameError suggests that the function sumofFactors is not defined, which is causing the test to fail.\n\nRecommendation:\nThe code needs to be reviewed and the function name should be corrected to sum_of_even_factors to match the test case.\n\nConclusion:\nCode Test Failed. The input and expected output example:\nInput: sum_of_even_factors(18)\nExpected Output: 26# suggestions:\n{\"product-owner\": [\"It is important that we prioritize fixing the code to ensure the proper functioning of the product.\"], \"architect\": [\"I recommend reviewing the code to correct the function name to 'sum_of_even_factors' in order to match the test case and resolve the error.\", \"I will ensure that the code is reviewed and the function name is corrected to 'sum_of_even_factors' to match the test case and resolve the error.\"], \"developer\": [\"I will review the code and correct the function name to sum_of_even_factors to match the test case.\", \"I will review the code and correct the function name to sum_of_even_factors to match the test case.\"], \"tester\": [\"I recommend reviewing the code and correcting the function name to sum_of_even_factors to match the test case.\", \"I recommend reviewing the code and correcting the function name to sum_of_even_factors to match the test case.\"]}",
        "Question": "The original code has some bugs, according to the test report and suggestions, rewrite the code. Complete the following code:\ndef sumofFactors(n) : \n'''Write a python function to find the sum of even factors of a number.\nassert sumofFactors(18) == 26'''\n"
    },
    "Code2": "def sum_of_even_factors(n):\n    sum = 0\n    for i in range(1, n+1):\n        if n % i == 0 and i % 2 == 0:\n            sum += i\n    return sum",
    "ScriptResult2": "E\n======================================================================\nERROR: test (__main__.Test)\n----------------------------------------------------------------------\nTraceback (most recent call last):\n  File \"/Users/watch/PycharmProjects/XXXX-1-LLM/workspace/2024-03-11_10-41-54-298225/test_script.py\", line 11, in test\n    self.assertEqual(sumofFactors(18), 26)\nNameError: name 'sumofFactors' is not defined\n\n----------------------------------------------------------------------\nRan 1 test in 0.000s\n\nFAILED (errors=1)\n",
    "TestReport2": "Test Report:\n\nTest Script's Output:\nE\n======================================================================\nERROR: test (__main__.Test)\n----------------------------------------------------------------------\nTraceback (most recent call last):\n  File \"/Users/watch/PycharmProjects/XXXX-1-LLM/workspace/2024-03-11_10-41-54-298225/test_script.py\", line 11, in test\n    self.assertEqual(sumofFactors(18), 26)\nNameError: name 'sumofFactors' is not defined\n\n----------------------------------------------------------------------\nRan 1 test in 0.000s\n\nFAILED (errors=1)\n\nAnalysis:\nThe test script output shows that there is an error in the code. The 'sumofFactors' function is not defined, which resulted in the test failure.\n\nConclusion:\nCode Test Failed\n\nInput and Expected Output Example:\ndef sum_of_even_factors(n):\n    sum = 0\n    for i in range(1, n+1):\n        if n % i == 0 and i % 2 == 0:\n            sum += i\n    return sum\n\nNote: The code has failed the test due to the undefined 'sumofFactors' function and the test case example is not applicable in this scenario.",
    "SprintReview2": "[ScrumMaster]says: Here is our test Report: Test Report:\n\nTest Script's Output:\nE\n======================================================================\nERROR: test (__main__.Test)\n----------------------------------------------------------------------\nTraceback (most recent call last):\n  File \"/Users/watch/PycharmProjects/XXXX-1-LLM/workspace/2024-03-11_10-41-54-298225/test_script.py\", line 11, in test\n    self.assertEqual(sumofFactors(18), 26)\nNameError: name 'sumofFactors' is not defined\n\n----------------------------------------------------------------------\nRan 1 test in 0.000s\n\nFAILED (errors=1)\n\nAnalysis:\nThe test script output shows that there is an error in the code. The 'sumofFactors' function is not defined, which resulted in the test failure.\n\nConclusion:\nCode Test Failed\n\nInput and Expected Output Example:\ndef sum_of_even_factors(n):\n    sum = 0\n    for i in range(1, n+1):\n        if n % i == 0 and i % 2 == 0:\n            sum += i\n    return sum\n\nNote: The code has failed the test due to the undefined 'sumofFactors' function and the test case example is not applicable in this scenario., do you have any ideas?\n-----\n\n[Developer]says: As a Developer, I believe we should define the 'sumofFactors' function and modify the test case example to match the code.\n-----\n\n[ProductOwner]says: As a Product Owner, I think we should prioritize defining and implementing the 'sumofFactors' function to address the test failure.\n-----\n\n[Architect]says: As an architect, I recommend reviewing the test script and ensuring that the 'sumofFactors' function is properly defined to pass the test.\n-----\n\n[Developer]says: [Developer] To create a product, we should define the 'sumofFactors' function and modify the test case example to match the code.\n-----\n\n[ProductOwner]says: As a Product Owner, I agree that defining and implementing the 'sumofFactors' function should be our priority to address the test failure.\n-----\n\n[Architect]says: As an architect, I recommend reviewing the test script and ensuring that the 'sumofFactors' function is properly defined to pass the test.\n-----\n\n[Tester]says: As a Tester, it is important to ensure that all functions used in the code are defined and functioning correctly before running the test script.\n-----\n\n[Tester]says: As a Tester, it is important to ensure that all functions used in the code are defined and functioning correctly before running the test script.\n-----\n",
    "SprintReviewMeetings2": "{\n  \"product-owner\": [\n    \"We should prioritize defining and implementing the 'sumofFactors' function to address the test failure.\"\n  ],\n  \"architect\": [\n    \"Review the test script and ensure that the 'sumofFactors' function is properly defined to pass the test.\"\n  ],\n  \"developer\": [\n   \"We should define the 'sumofFactors' function and modify the test case example to match the code.\"\n  ],\n  \"tester\": [\n   \"It is important to ensure that all functions used in the code are defined and functioning correctly before running the test script.\"\n  ]\n}",
    "SprintReviewMeetings2_prompt": "{\"Role\": \"You are a professional scrum master. Your goal is to summary the Discussion History into a suggestions list for the scrum team.\", \"Instruction\": \"1. Read and Understand the Discussion History. 2. Summary the suggestions from four roles: product-owner/architect/developer/tester. 3. Response in JSON format.\", \"Example\": \"{\\\"product-owner\\\":[\\\"suggestion1\\\",\\\"suggestion2\\\"],\\\"architect\\\":[\\\"suggestion1\\\",\\\"suggestion2\\\"], \\\"developer\\\":[\\\"suggestion1\\\",\\\"suggestion2\\\"], \\\"tester\\\":[\\\"suggestion1\\\",\\\"suggestion2\\\"]}\", \"Context\": \"[ScrumMaster]says: Here is our test Report: Test Report:\\n\\nTest Script's Output:\\nE\\n======================================================================\\nERROR: test (__main__.Test)\\n----------------------------------------------------------------------\\nTraceback (most recent call last):\\n  File \\\"/Users/watch/PycharmProjects/XXXX-1-LLM/workspace/2024-03-11_10-41-54-298225/test_script.py\\\", line 11, in test\\n    self.assertEqual(sumofFactors(18), 26)\\nNameError: name 'sumofFactors' is not defined\\n\\n----------------------------------------------------------------------\\nRan 1 test in 0.000s\\n\\nFAILED (errors=1)\\n\\nAnalysis:\\nThe test script output shows that there is an error in the code. The 'sumofFactors' function is not defined, which resulted in the test failure.\\n\\nConclusion:\\nCode Test Failed\\n\\nInput and Expected Output Example:\\ndef sum_of_even_factors(n):\\n    sum = 0\\n    for i in range(1, n+1):\\n        if n % i == 0 and i % 2 == 0:\\n            sum += i\\n    return sum\\n\\nNote: The code has failed the test due to the undefined 'sumofFactors' function and the test case example is not applicable in this scenario., do you have any ideas?\\n-----\\n\\n[Developer]says: As a Developer, I believe we should define the 'sumofFactors' function and modify the test case example to match the code.\\n-----\\n\\n[ProductOwner]says: As a Product Owner, I think we should prioritize defining and implementing the 'sumofFactors' function to address the test failure.\\n-----\\n\\n[Architect]says: As an architect, I recommend reviewing the test script and ensuring that the 'sumofFactors' function is properly defined to pass the test.\\n-----\\n\\n[Developer]says: [Developer] To create a product, we should define the 'sumofFactors' function and modify the test case example to match the code.\\n-----\\n\\n[ProductOwner]says: As a Product Owner, I agree that defining and implementing the 'sumofFactors' function should be our priority to address the test failure.\\n-----\\n\\n[Architect]says: As an architect, I recommend reviewing the test script and ensuring that the 'sumofFactors' function is properly defined to pass the test.\\n-----\\n\\n[Tester]says: As a Tester, it is important to ensure that all functions used in the code are defined and functioning correctly before running the test script.\\n-----\\n\\n[Tester]says: As a Tester, it is important to ensure that all functions used in the code are defined and functioning correctly before running the test script.\\n-----\\n\", \"Question\": \"Follow the Instruction section. The Discussion History is in the Context section. You only need to return a list as the Example section.\"}",
    "RepairResponse2": "{\n  \"revised_code\": \"def sumofFactors(n):\\n    sum = 0\\n    for i in range(1, n+1):\\n        if n % i == 0 and i % 2 == 0:\\n            sum += i\\n    return sum\\n\"\n}",
    "RepairResponse2_prompt": {
        "Role": "You are a professional software engineer. Your duty is to write code in Python that meets the requirements. Ensure that the code you write is efficient, readable, and follows best practices. Remember, do not need to explain the code you wrote.",
        "Instruction": "1. Rewrite a bug fix version of the original code. 2. Response in JSON format.",
        "Example": "{\"revised_code\":\"...\"}",
        "Context": "# Test Report:\nTest Report:\n\nTest Script's Output:\nE\n======================================================================\nERROR: test (__main__.Test)\n----------------------------------------------------------------------\nTraceback (most recent call last):\n  File \"/Users/watch/PycharmProjects/XXXX-1-LLM/workspace/2024-03-11_10-41-54-298225/test_script.py\", line 11, in test\n    self.assertEqual(sumofFactors(18), 26)\nNameError: name 'sumofFactors' is not defined\n\n----------------------------------------------------------------------\nRan 1 test in 0.000s\n\nFAILED (errors=1)\n\nAnalysis:\nThe test script output shows that there is an error in the code. The 'sumofFactors' function is not defined, which resulted in the test failure.\n\nConclusion:\nCode Test Failed\n\nInput and Expected Output Example:\ndef sum_of_even_factors(n):\n    sum = 0\n    for i in range(1, n+1):\n        if n % i == 0 and i % 2 == 0:\n            sum += i\n    return sum\n\nNote: The code has failed the test due to the undefined 'sumofFactors' function and the test case example is not applicable in this scenario.# suggestions:\n{\"product-owner\": [\"We should prioritize defining and implementing the 'sumofFactors' function to address the test failure.\"], \"architect\": [\"Review the test script and ensure that the 'sumofFactors' function is properly defined to pass the test.\"], \"developer\": [\"We should define the 'sumofFactors' function and modify the test case example to match the code.\"], \"tester\": [\"It is important to ensure that all functions used in the code are defined and functioning correctly before running the test script.\"]}",
        "Question": "The original code has some bugs, according to the test report and suggestions, rewrite the code. Complete the following code:\ndef sumofFactors(n) : \n'''Write a python function to find the sum of even factors of a number.\nassert sumofFactors(18) == 26'''\n"
    },
    "Code3": "def sumofFactors(n):\n    sum = 0\n    for i in range(1, n+1):\n        if n % i == 0 and i % 2 == 0:\n            sum += i\n    return sum\n",
    "ScriptResult3": ".\n----------------------------------------------------------------------\nRan 1 test in 0.000s\n\nOK\n",
    "TestReport3": "Test Report:\n\nTest script's output:\n.\n----------------------------------------------------------------------\nRan 1 test in 0.000s\n\nOK\n\nConclusion: Code Test Passed\n\nCode:\ndef sumofFactors(n):\n    sum = 0\n    for i in range(1, n+1):\n        if n % i == 0 and i % 2 == 0:\n            sum += i\n    return sum"
}