{
    "start_time": "2024-01-30_14-24-57-133638",
    "task": "def find_Average_Of_Cube(n):  \n'''Write a python function to find the average of cubes of first n natural numbers.\nassert find_Average_Of_Cube(2) == 4.5'''\n",
    "datetime": {
        "task": "2024-01-30 14:24:57",
        "task-id": "2024-01-30 14:24:57",
        "workflow": "2024-01-30 14:24:57",
        "Original PRD": "2024-01-30 14:25:01",
        "PRD Review": "2024-01-30 14:25:08",
        "Final PRD": "2024-01-30 14:25:11",
        "Original_architect_design": "2024-01-30 14:26:15",
        "Design Review": "2024-01-30 14:26:20",
        "Final Design": "2024-01-30 14:26:28",
        "Code0Draft": "2024-01-30 14:26:32",
        "Code Review": "2024-01-30 14:26:37",
        "Code0Revise": "2024-01-30 14:26:39",
        "Test Cases": "2024-01-30 14:26:41",
        "Test Cases Review": "2024-01-30 14:26:48",
        "Final Test Cases": "2024-01-30 14:26:52",
        "Code0": "2024-01-30 14:26:56",
        "TestScriptOriginal": "2024-01-30 14:26:58",
        "TestScript": "2024-01-30 14:26:58",
        "ScriptResult0": "2024-01-30 14:26:58",
        "TestReport0": "2024-01-30 14:27:05",
        "RepairResponse1": "2024-01-30 14:27:07",
        "Code1": "2024-01-30 14:27:07",
        "ScriptResult1": "2024-01-30 14:27:07",
        "TestReport1": "2024-01-30 14:27:14",
        "RepairResponse2": "2024-01-30 14:27:22",
        "Code2": "2024-01-30 14:27:22",
        "ScriptResult2": "2024-01-30 14:27:22",
        "TestReport2": "2024-01-30 14:27:29",
        "FinalCode": "2024-01-30 14:27:29"
    },
    "task-id": 422,
    "workflow": "waterfall/waterfall_version_0.0.4.json",
    "Original PRD": "{\n  \"ProductRequirementDocument\": {\n    \"Title\": \"Average of Cubes of First n Natural Numbers\",\n    \"Description\": \"The product requirement is to develop a Python function that calculates the average of the cubes of the first n natural numbers. The function should take an input parameter n and return the average as output. The requirement also includes a specific test case to verify the correctness of the function.\"\n  }\n}",
    "Original PRD_prompt": "{\"Role\": \"You need to act as a professional product owner. Your task is to write a Product Requirement Document\", \"Instruction\": \"According to the Context, please analyze the requirement and write your response. Response in JSON format. Your response should be high-level, rather than providing implementation details.\", \"Example\": \"\", \"Context\": \"\", \"Question\": \"Follow the Instruction. The requirement is as follows:\\ndef find_Average_Of_Cube(n):  \\n'''Write a python function to find the average of cubes of first n natural numbers.\\nassert find_Average_Of_Cube(2) == 4.5'''\\n\"}",
    "PRD Review": "{\n  \"Architect\": \"I suggest adding more details about the expected input and output of the function, as well as any constraints or assumptions that need to be considered. It would also be helpful to include information about the expected performance and scalability of the function.\",\n  \"Tester\": \"I suggest adding specific test cases and expected outcomes to the document. It would also be helpful to include information about any edge cases or boundary conditions that should be tested.\"\n}",
    "Final PRD": "{\n  \"RevisedProductRequirementDocument\": {\n    \"Title\": \"Average of Cubes of First n Natural Numbers\",\n    \"Description\": \"The product requirement is to develop a Python function that calculates the average of the cubes of the first n natural numbers. The function should take an input parameter n and return the average as output. The requirement also includes a specific test case to verify the correctness of the function.\",\n    \"AdditionalDetails\": {\n      \"ExpectedInput\": \"The function should specify the expected input format and any constraints or assumptions that need to be considered.\",\n      \"ExpectedOutput\": \"The function should specify the expected output format and any constraints or assumptions that need to be considered.\",\n      \"PerformanceScalability\": \"Information about the expected performance and scalability of the function should be included.\",\n      \"TestCases\": \"Specific test cases and expected outcomes should be added to the document. Information about any edge cases or boundary conditions that should be tested should also be included.\"\n    }\n  }\n}",
    "Final PRD_prompt": {
        "Role": "You need to act as a professional product owner. Your duty is to revise the document based on the suggestions.",
        "Instruction": "1. Read the suggestions. 2. Revise your draft version document. 3. Response in JSON format. 4. REMEMBER: Your analysis should be high-level, rather than providing implementation details.",
        "Example": "",
        "Context": "# Suggestion:\n{\n  \"Architect\": \"I suggest adding more details about the expected input and output of the function, as well as any constraints or assumptions that need to be considered. It would also be helpful to include information about the expected performance and scalability of the function.\",\n  \"Tester\": \"I suggest adding specific test cases and expected outcomes to the document. It would also be helpful to include information about any edge cases or boundary conditions that should be tested.\"\n}",
        "Question": "Follow the Instruction. Your colleague give you some suggestions(in the Context section) about this draft document:{\n  \"ProductRequirementDocument\": {\n    \"Title\": \"Average of Cubes of First n Natural Numbers\",\n    \"Description\": \"The product requirement is to develop a Python function that calculates the average of the cubes of the first n natural numbers. The function should take an input parameter n and return the average as output. The requirement also includes a specific test case to verify the correctness of the function.\"\n  }\n}"
    },
    "Original_architect_design": "Design:\n\nFunction Name: find_Average_Of_Cube\n\nInput: \n- n (integer): Number of natural numbers to consider for calculating the average of cubes.\n\nOutput:\n- average (float): Average of the cubes of the first n natural numbers.\n\nAlgorithm:\n1. Initialize a variable sum_cubes to 0.\n2. Iterate through the first n natural numbers and calculate the cube of each number.\n3. Add the cube of each number to the sum_cubes.\n4. Calculate the average by dividing the sum_cubes by n.\n5. Return the average.\n\nGuidance to Developer:\n- Ensure that the input parameter n is a positive integer.\n- The function should handle edge cases such as n being 0 or 1.\n- Use efficient looping constructs to iterate through the natural numbers.\n- Include appropriate comments to explain the logic and purpose of the code.\n- Write test cases to validate the correctness of the function, including the specific test case mentioned in the product requirement document.",
    "Original_architect_design_prompt": "{\"Role\": \"You need to act as a professional architect.\", \"Instruction\": \"According to the Context, please write your design. Your design should be high-level and focused on guiding the developer in writing code, rather than providing implementation details.\", \"Example\": \"\", \"Context\": \"# Product Requirement Document:\\n{\\n  \\\"RevisedProductRequirementDocument\\\": {\\n    \\\"Title\\\": \\\"Average of Cubes of First n Natural Numbers\\\",\\n    \\\"Description\\\": \\\"The product requirement is to develop a Python function that calculates the average of the cubes of the first n natural numbers. The function should take an input parameter n and return the average as output. The requirement also includes a specific test case to verify the correctness of the function.\\\",\\n    \\\"AdditionalDetails\\\": {\\n      \\\"ExpectedInput\\\": \\\"The function should specify the expected input format and any constraints or assumptions that need to be considered.\\\",\\n      \\\"ExpectedOutput\\\": \\\"The function should specify the expected output format and any constraints or assumptions that need to be considered.\\\",\\n      \\\"PerformanceScalability\\\": \\\"Information about the expected performance and scalability of the function should be included.\\\",\\n      \\\"TestCases\\\": \\\"Specific test cases and expected outcomes should be added to the document. Information about any edge cases or boundary conditions that should be tested should also be included.\\\"\\n    }\\n  }\\n}\", \"Question\": \"Follow the Instruction. Write your design for this requirement:\\ndef find_Average_Of_Cube(n):  \\n'''Write a python function to find the average of cubes of first n natural numbers.\\nassert find_Average_Of_Cube(2) == 4.5'''\\n\"}",
    "Design Review": "{\n  \"Developer\": \"1. Add input validation to check if n is a positive integer. 2. Add handling for edge cases where n is 0 or 1. 3. Use efficient looping constructs like for loop to iterate through the natural numbers. 4. Include comments to explain the logic and purpose of the code. 5. Write test cases to validate the correctness of the function, including the specific test case mentioned in the product requirement document.\",\n  \"Tester\": \"1. Test the function with various values of n, including 0 and 1 to ensure edge cases are handled correctly. 2. Verify that the average of cubes is calculated accurately for different input values. 3. Check for any potential logical errors in the code. 4. Validate that the test cases cover all possible scenarios and edge cases.\"\n}",
    "Design Review_prompt": "{\"Role\": \"I want you to act as a different roles and then give some suggestions about how to revise the design.\", \"Instruction\": \"1. Read the Context section. 2. Act as an Developer, give your suggestions. 3. Act as a tester, give your suggestions. 4. Response in JSON format.\", \"Example\": \"{\\\"Developer\\\":\\\"Suggestion\\\",\\\"Tester\\\":\\\"Suggestion\\\"}\", \"Context\": \"Design:\\n\\nFunction Name: find_Average_Of_Cube\\n\\nInput: \\n- n (integer): Number of natural numbers to consider for calculating the average of cubes.\\n\\nOutput:\\n- average (float): Average of the cubes of the first n natural numbers.\\n\\nAlgorithm:\\n1. Initialize a variable sum_cubes to 0.\\n2. Iterate through the first n natural numbers and calculate the cube of each number.\\n3. Add the cube of each number to the sum_cubes.\\n4. Calculate the average by dividing the sum_cubes by n.\\n5. Return the average.\\n\\nGuidance to Developer:\\n- Ensure that the input parameter n is a positive integer.\\n- The function should handle edge cases such as n being 0 or 1.\\n- Use efficient looping constructs to iterate through the natural numbers.\\n- Include appropriate comments to explain the logic and purpose of the code.\\n- Write test cases to validate the correctness of the function, including the specific test case mentioned in the product requirement document.\", \"Question\": \"Follow the Instruction. The Context section include the design.\"}",
    "Final Design": "New Design:\n\nFunction Name: find_Average_OfCube\n\nInput:\n- n (integer): Number of natural numbers to consider for calculating the average of cubes.\n\nOutput:\n- average (float): Average of the cubes of the first n natural numbers.\n\nAlgorithm:\n1. Check if the input parameter n is a positive integer. If not, return an error message.\n2. If n is 0 or 1, return 0 or 1 respectively as the average of cubes.\n3. Initialize a variable sum_cubes to 0.\n4. Use a for loop to iterate through the first n natural numbers and calculate the cube of each number. Add each cube to the sum_cubes.\n5. Calculate the average by dividing the sum_cubes by n.\n6. Return the average.\n\nGuidance to Developer:\n- Input validation should be added to check if n is a positive integer.\n- Edge cases such as n being 0 or 1 should be handled.\n- Efficient for loop should be used to iterate through the natural numbers.\n- Comments should be included to explain the logic and purpose of the code.\n- Test cases should be written to validate the correctness of the function, including the specific test case mentioned in the product requirement document.",
    "Final Design_prompt": "{\"Role\": \"I want you to act as a professional architect. Your duty is to write a new design based on the suggestions.\", \"Instruction\": \"1. Read the suggestions. 2. Write your new design base on the draft version. 3. Only response your new design.\", \"Example\": \"\", \"Context\": \"# Suggestions:\\n{\\n  \\\"Developer\\\": \\\"1. Add input validation to check if n is a positive integer. 2. Add handling for edge cases where n is 0 or 1. 3. Use efficient looping constructs like for loop to iterate through the natural numbers. 4. Include comments to explain the logic and purpose of the code. 5. Write test cases to validate the correctness of the function, including the specific test case mentioned in the product requirement document.\\\",\\n  \\\"Tester\\\": \\\"1. Test the function with various values of n, including 0 and 1 to ensure edge cases are handled correctly. 2. Verify that the average of cubes is calculated accurately for different input values. 3. Check for any potential logical errors in the code. 4. Validate that the test cases cover all possible scenarios and edge cases.\\\"\\n}\", \"Question\": \"Follow the Instruction. Your colleague give you some suggestions(in the Context section) about this draft version design:Design:\\n\\nFunction Name: find_Average_Of_Cube\\n\\nInput: \\n- n (integer): Number of natural numbers to consider for calculating the average of cubes.\\n\\nOutput:\\n- average (float): Average of the cubes of the first n natural numbers.\\n\\nAlgorithm:\\n1. Initialize a variable sum_cubes to 0.\\n2. Iterate through the first n natural numbers and calculate the cube of each number.\\n3. Add the cube of each number to the sum_cubes.\\n4. Calculate the average by dividing the sum_cubes by n.\\n5. Return the average.\\n\\nGuidance to Developer:\\n- Ensure that the input parameter n is a positive integer.\\n- The function should handle edge cases such as n being 0 or 1.\\n- Use efficient looping constructs to iterate through the natural numbers.\\n- Include appropriate comments to explain the logic and purpose of the code.\\n- Write test cases to validate the correctness of the function, including the specific test case mentioned in the product requirement document.\"}",
    "Code0Draft": "def find_Average_Of_Cube(n):\n    '''Write a python function to find the average of cubes of first n natural numbers.\n    assert find_Average_Of_Cube(2) == 4.5'''\n    \n    if not isinstance(n, int) or n <= 0:\n        return \"Error: Input parameter n must be a positive integer.\"\n\n    if n == 0:\n        return 0\n    elif n == 1:\n        return 1\n\n    sum_cubes = 0\n    for i in range(1, n+1):\n        cube = i**3\n        sum_cubes += cube\n\n    average = sum_cubes / n\n    return average",
    "Code0Draft_prompt": "{\"Role\": \"You are a professional engineer. Your duty is to write code in Python that meets the requirements. Ensure that the code you write is efficient, readable, and follows best practices. Remember, do not need to explain the code you wrote.\", \"Instruction\": \"According to the Context section, write your code.\", \"Example\": \"\", \"Context\": \"# Design:\\nNew Design:\\n\\nFunction Name: find_Average_OfCube\\n\\nInput:\\n- n (integer): Number of natural numbers to consider for calculating the average of cubes.\\n\\nOutput:\\n- average (float): Average of the cubes of the first n natural numbers.\\n\\nAlgorithm:\\n1. Check if the input parameter n is a positive integer. If not, return an error message.\\n2. If n is 0 or 1, return 0 or 1 respectively as the average of cubes.\\n3. Initialize a variable sum_cubes to 0.\\n4. Use a for loop to iterate through the first n natural numbers and calculate the cube of each number. Add each cube to the sum_cubes.\\n5. Calculate the average by dividing the sum_cubes by n.\\n6. Return the average.\\n\\nGuidance to Developer:\\n- Input validation should be added to check if n is a positive integer.\\n- Edge cases such as n being 0 or 1 should be handled.\\n- Efficient for loop should be used to iterate through the natural numbers.\\n- Comments should be included to explain the logic and purpose of the code.\\n- Test cases should be written to validate the correctness of the function, including the specific test case mentioned in the product requirement document.\", \"Question\": \"Follow the Instruction section. Complete the following code:\\ndef find_Average_Of_Cube(n):  \\n'''Write a python function to find the average of cubes of first n natural numbers.\\nassert find_Average_Of_Cube(2) == 4.5'''\\n\"}",
    "Code Review": "{\n  \"Architect\": \"The function name 'find_Average_Of_Cube' should follow the snake_case naming convention. The function can be optimized by using the formula for sum of cubes of first n natural numbers instead of using a loop. This will improve the time complexity of the function.\",\n  \"Tester\": \"Test cases should be added to cover scenarios where n is a large number, a negative number, or a float. Also, edge cases like n=0 and n=1 should be included in the test cases.\"\n}",
    "Code Review_prompt": "{\"Role\": \"I want you to act as a different roles and then give some suggestions about how to revise the code.\", \"Instruction\": \"1. Read the Context section. 2. Act as an architect, give your suggestions. 3. Act as a tester, give your suggestions. 4. Response in JSON format.\", \"Example\": \"{\\\"Architect\\\":\\\"Suggestion\\\",\\\"Tester\\\":\\\"Suggestion\\\"}\", \"Context\": \"def find_Average_Of_Cube(n):\\n    '''Write a python function to find the average of cubes of first n natural numbers.\\n    assert find_Average_Of_Cube(2) == 4.5'''\\n    \\n    if not isinstance(n, int) or n <= 0:\\n        return \\\"Error: Input parameter n must be a positive integer.\\\"\\n\\n    if n == 0:\\n        return 0\\n    elif n == 1:\\n        return 1\\n\\n    sum_cubes = 0\\n    for i in range(1, n+1):\\n        cube = i**3\\n        sum_cubes += cube\\n\\n    average = sum_cubes / n\\n    return average\", \"Question\": \"Follow the Instruction. The Context section include the code.\"}",
    "Code0Revise": "def find_average_of_cube(n):\n    if not isinstance(n, int) or n <= 0:\n        return \"Error: Input parameter n must be a positive integer.\"\n\n    if n == 0:\n        return 0\n    elif n == 1:\n        return 1\n\n    sum_cubes = (n * (n + 1) / 2) ** 2\n    average = sum_cubes / n\n    return average",
    "Code0Revise_prompt": "{\"Role\": \"You are a professional software engineer. Your duty is to write code in Python that meets the requirements. Ensure that the code you write is efficient, readable, and follows best practices. Remember, do not need to explain the code you wrote.\", \"Instruction\": \"1. Understand the suggestions(in the Context section) about the original code. 2. Rewrite your code.\", \"Example\": \"\", \"Context\": \"# Original Code:\\ndef find_Average_Of_Cube(n):\\n    '''Write a python function to find the average of cubes of first n natural numbers.\\n    assert find_Average_Of_Cube(2) == 4.5'''\\n    \\n    if not isinstance(n, int) or n <= 0:\\n        return \\\"Error: Input parameter n must be a positive integer.\\\"\\n\\n    if n == 0:\\n        return 0\\n    elif n == 1:\\n        return 1\\n\\n    sum_cubes = 0\\n    for i in range(1, n+1):\\n        cube = i**3\\n        sum_cubes += cube\\n\\n    average = sum_cubes / n\\n    return average\\n# Advices:\\n\\\"{\\\\n  \\\\\\\"Architect\\\\\\\": \\\\\\\"The function name 'find_Average_Of_Cube' should follow the snake_case naming convention. The function can be optimized by using the formula for sum of cubes of first n natural numbers instead of using a loop. This will improve the time complexity of the function.\\\\\\\",\\\\n  \\\\\\\"Tester\\\\\\\": \\\\\\\"Test cases should be added to cover scenarios where n is a large number, a negative number, or a float. Also, edge cases like n=0 and n=1 should be included in the test cases.\\\\\\\"\\\\n}\\\"\", \"Question\": \"Follow the Instruction section. Complete the following code:\\n\"}",
    "Test Cases": "{\n  \"test_cases\": [\n    {\n      \"Test Title\": \"Positive Integer Input\",\n      \"Input Data\": \"n=5\",\n      \"Expected Output\": \"25\"\n    },\n    {\n      \"Test Title\": \"Zero Input\",\n      \"Input Data\": \"n=0\",\n      \"Expected Output\": \"0\"\n    },\n    {\n      \"Test Title\": \"One Input\",\n      \"Input Data\": \"n=1\",\n      \"Expected Output\": \"1\"\n    },\n    {\n      \"Test Title\": \"Specific Test Case\",\n      \"Input Data\": \"n=2\",\n      \"Expected Output\": \"4.5\"\n    }\n  ]\n}",
    "Test Cases_prompt": "{\"Role\": \"You are a quality assurance engineer. Your duty is to design test cases for the developers.\", \"Instruction\": \"According to the Context section, write test cases. Don't write long strings in your test cases. Response in JSON format.\", \"Example\": \"{\\\"requirement analysis\\\":\\\"analysis\\\",\\\"test_cases\\\":[{\\\"Test Title\\\":\\\"title\\\", \\\"Input Data\\\":\\\"parameter1=[1,2,3],parameter2='123'\\\", \\\"Expected Output\\\":\\\"456\\\"},]}\", \"Context\": \"# ProductRequirementDocument:\\n{\\n  \\\"RevisedProductRequirementDocument\\\": {\\n    \\\"Title\\\": \\\"Average of Cubes of First n Natural Numbers\\\",\\n    \\\"Description\\\": \\\"The product requirement is to develop a Python function that calculates the average of the cubes of the first n natural numbers. The function should take an input parameter n and return the average as output. The requirement also includes a specific test case to verify the correctness of the function.\\\",\\n    \\\"AdditionalDetails\\\": {\\n      \\\"ExpectedInput\\\": \\\"The function should specify the expected input format and any constraints or assumptions that need to be considered.\\\",\\n      \\\"ExpectedOutput\\\": \\\"The function should specify the expected output format and any constraints or assumptions that need to be considered.\\\",\\n      \\\"PerformanceScalability\\\": \\\"Information about the expected performance and scalability of the function should be included.\\\",\\n      \\\"TestCases\\\": \\\"Specific test cases and expected outcomes should be added to the document. Information about any edge cases or boundary conditions that should be tested should also be included.\\\"\\n    }\\n  }\\n}\\n# Design:\\nNew Design:\\n\\nFunction Name: find_Average_OfCube\\n\\nInput:\\n- n (integer): Number of natural numbers to consider for calculating the average of cubes.\\n\\nOutput:\\n- average (float): Average of the cubes of the first n natural numbers.\\n\\nAlgorithm:\\n1. Check if the input parameter n is a positive integer. If not, return an error message.\\n2. If n is 0 or 1, return 0 or 1 respectively as the average of cubes.\\n3. Initialize a variable sum_cubes to 0.\\n4. Use a for loop to iterate through the first n natural numbers and calculate the cube of each number. Add each cube to the sum_cubes.\\n5. Calculate the average by dividing the sum_cubes by n.\\n6. Return the average.\\n\\nGuidance to Developer:\\n- Input validation should be added to check if n is a positive integer.\\n- Edge cases such as n being 0 or 1 should be handled.\\n- Efficient for loop should be used to iterate through the natural numbers.\\n- Comments should be included to explain the logic and purpose of the code.\\n- Test cases should be written to validate the correctness of the function, including the specific test case mentioned in the product requirement document.\", \"Question\": \"def find_Average_Of_Cube(n):  \\n'''Write a python function to find the average of cubes of first n natural numbers.\\nassert find_Average_Of_Cube(2) == 4.5'''\\n\"}",
    "Test Cases Review": "{\n  \"Architect\": \"I suggest adding test cases for negative integer input and large integer input to ensure the function handles all possible input scenarios. Also, consider adding test cases for invalid input, such as non-integer input or missing input.\"\n  ,\n  \"Developer\": \"I suggest revising the test case for 'Specific Test Case' to have a more clear and expected output. It seems unclear if the expected output of '4.5' is correct or not. Also, consider adding edge cases like negative integer and large integer inputs to ensure the function handles all possible scenarios.\"\n}",
    "Test Cases Review_prompt": "{\"Role\": \"I want you to act as a different roles and then give some suggestions about how to revise the test cases.\", \"Instruction\": \"1. Read the Context section. 2. Act as an Architect, give your suggestions. 3. Act as a Developer, give your suggestions. 4. Response in JSON format.\", \"Example\": \"{\\\"Architect\\\":\\\"Suggestion\\\",\\\"Developer\\\":\\\"Suggestion\\\"}\", \"Context\": \"{\\n  \\\"test_cases\\\": [\\n    {\\n      \\\"Test Title\\\": \\\"Positive Integer Input\\\",\\n      \\\"Input Data\\\": \\\"n=5\\\",\\n      \\\"Expected Output\\\": \\\"25\\\"\\n    },\\n    {\\n      \\\"Test Title\\\": \\\"Zero Input\\\",\\n      \\\"Input Data\\\": \\\"n=0\\\",\\n      \\\"Expected Output\\\": \\\"0\\\"\\n    },\\n    {\\n      \\\"Test Title\\\": \\\"One Input\\\",\\n      \\\"Input Data\\\": \\\"n=1\\\",\\n      \\\"Expected Output\\\": \\\"1\\\"\\n    },\\n    {\\n      \\\"Test Title\\\": \\\"Specific Test Case\\\",\\n      \\\"Input Data\\\": \\\"n=2\\\",\\n      \\\"Expected Output\\\": \\\"4.5\\\"\\n    }\\n  ]\\n}\", \"Question\": \"Follow the Instruction. The Context section include the test cases.\"}",
    "Final Test Cases": "{\n  \"test_cases\": [\n    {\n      \"Test Title\": \"Positive Integer Input\",\n      \"Input Data\": \"n=5\",\n      \"Expected Output\": \"125\"\n    },\n    {\n      \"Test Title\": \"Zero Input\",\n      \"Input Data\": \"n=0\",\n      \"Expected Output\": \"0\"\n    },\n    {\n      \"Test Title\": \"One Input\",\n      \"Input Data\": \"n=1\",\n      \"Expected Output\": \"1\"\n    },\n    {\n      \"Test Title\": \"Specific Test Case\",\n      \"Input Data\": \"n=2\",\n      \"Expected Output\": \"8\"\n    },\n    {\n      \"Test Title\": \"Negative Integer Input\",\n      \"Input Data\": \"n=-3\",\n      \"Expected Output\": \"-27\"\n    },\n    {\n      \"Test Title\": \"Large Integer Input\",\n      \"Input Data\": \"n=100\",\n      \"Expected Output\": \"25502500\"\n    }\n  ]\n}",
    "Final Test Cases_prompt": "{\"Role\": \"You are a quality assurance engineer. Your duty is to revise the test cases based on the suggestions.\", \"Instruction\": \"1. Your colleague give you some suggestions(in the Context section) about the draft test cases, read these suggestions. 2. Revise your draft version test cases, but don't use long parameters. 3. Response in JSON format.\", \"Example\": \"{\\\"requirement analysis\\\":\\\"analysis\\\",\\\"test_cases\\\":[{\\\"Test Title\\\":\\\"title\\\", \\\"Input Data\\\":\\\"parameter1=[1,2,3],parameter2='123'\\\", \\\"Expected Output\\\":\\\"456\\\"},]}\", \"Context\": \"# Suggestions:\\n{\\n  \\\"Architect\\\": \\\"I suggest adding test cases for negative integer input and large integer input to ensure the function handles all possible input scenarios. Also, consider adding test cases for invalid input, such as non-integer input or missing input.\\\"\\n  ,\\n  \\\"Developer\\\": \\\"I suggest revising the test case for 'Specific Test Case' to have a more clear and expected output. It seems unclear if the expected output of '4.5' is correct or not. Also, consider adding edge cases like negative integer and large integer inputs to ensure the function handles all possible scenarios.\\\"\\n}\\n # Draft Test cases:\\n{\\n  \\\"test_cases\\\": [\\n    {\\n      \\\"Test Title\\\": \\\"Positive Integer Input\\\",\\n      \\\"Input Data\\\": \\\"n=5\\\",\\n      \\\"Expected Output\\\": \\\"25\\\"\\n    },\\n    {\\n      \\\"Test Title\\\": \\\"Zero Input\\\",\\n      \\\"Input Data\\\": \\\"n=0\\\",\\n      \\\"Expected Output\\\": \\\"0\\\"\\n    },\\n    {\\n      \\\"Test Title\\\": \\\"One Input\\\",\\n      \\\"Input Data\\\": \\\"n=1\\\",\\n      \\\"Expected Output\\\": \\\"1\\\"\\n    },\\n    {\\n      \\\"Test Title\\\": \\\"Specific Test Case\\\",\\n      \\\"Input Data\\\": \\\"n=2\\\",\\n      \\\"Expected Output\\\": \\\"4.5\\\"\\n    }\\n  ]\\n}\", \"Question\": \"Follow the Instruction. Please make sure your response length are less than 512. Your test cases is for the below question:\\ndef find_Average_Of_Cube(n):  \\n'''Write a python function to find the average of cubes of first n natural numbers.\\nassert find_Average_Of_Cube(2) == 4.5'''\\n\"}",
    "Code0": "def find_average_of_cube(n):\n    if not isinstance(n, int) or n <= 0:\n        return \"Error: Input parameter n must be a positive integer.\"\n\n    if n == 0:\n        return 0\n    elif n == 1:\n        return 1\n\n    sum_cubes = sum(i**3 for i in range(1, n+1))\n    average = sum_cubes / n\n    return int(average) if average.is_integer() else round(average, 2)",
    "Code0_prompt": "{\"Role\": \"You are a professional software engineer. Your duty is to write code in Python that meets the requirements. Ensure that the code you write is efficient, readable, and follows best practices. Remember, do not need to explain the code you wrote.\", \"Instruction\": \"1. Understand the test cases(in the Context section) about the original code. 2. Rewrite your code, make sure your code pass all test cases.\", \"Example\": \"\", \"Context\": \"# Original Code:\\ndef find_average_of_cube(n):\\n    if not isinstance(n, int) or n <= 0:\\n        return \\\"Error: Input parameter n must be a positive integer.\\\"\\n\\n    if n == 0:\\n        return 0\\n    elif n == 1:\\n        return 1\\n\\n    sum_cubes = (n * (n + 1) / 2) ** 2\\n    average = sum_cubes / n\\n    return average\\n# Test Cases:\\n{\\n  \\\"test_cases\\\": [\\n    {\\n      \\\"Test Title\\\": \\\"Positive Integer Input\\\",\\n      \\\"Input Data\\\": \\\"n=5\\\",\\n      \\\"Expected Output\\\": \\\"125\\\"\\n    },\\n    {\\n      \\\"Test Title\\\": \\\"Zero Input\\\",\\n      \\\"Input Data\\\": \\\"n=0\\\",\\n      \\\"Expected Output\\\": \\\"0\\\"\\n    },\\n    {\\n      \\\"Test Title\\\": \\\"One Input\\\",\\n      \\\"Input Data\\\": \\\"n=1\\\",\\n      \\\"Expected Output\\\": \\\"1\\\"\\n    },\\n    {\\n      \\\"Test Title\\\": \\\"Specific Test Case\\\",\\n      \\\"Input Data\\\": \\\"n=2\\\",\\n      \\\"Expected Output\\\": \\\"8\\\"\\n    },\\n    {\\n      \\\"Test Title\\\": \\\"Negative Integer Input\\\",\\n      \\\"Input Data\\\": \\\"n=-3\\\",\\n      \\\"Expected Output\\\": \\\"-27\\\"\\n    },\\n    {\\n      \\\"Test Title\\\": \\\"Large Integer Input\\\",\\n      \\\"Input Data\\\": \\\"n=100\\\",\\n      \\\"Expected Output\\\": \\\"25502500\\\"\\n    }\\n  ]\\n}\", \"Question\": \"def find_Average_Of_Cube(n):  \\n'''Write a python function to find the average of cubes of first n natural numbers.\\nassert find_Average_Of_Cube(2) == 4.5'''\\n\"}",
    "TestScriptOriginal": "import unittest\n\ndef find_Average_Of_Cube(n):\n    sum_of_cubes = 0\n    for i in range(1, n+1):\n        sum_of_cubes += i ** 3\n    return sum_of_cubes / n\n\nclass Test(unittest.TestCase):\n    def test(self):\n        self.assertEqual(find_Average_Of_Cube(2), 4.5)\n\nif __name__ == '__main__':\n    unittest.main()",
    "TestScriptOriginal_prompt": "{\"Role\": \"You are a quality assurance engineer. Your duty is to write a python test script in unittest framework.\", \"Instruction\": \"1. Write a python test script. 2. Use the input and output given by the question.\", \"Example\": \"import unittest\\n\\nclass Test(unittest.TestCase):\\n    def test(self):\\n        self.assertEqual(function_under_test('a'), 1)\\n\\nif __name__ == '__main__':\\n    unittest.main()\", \"Context\": \"\", \"Question\": \"def find_Average_Of_Cube(n):  \\n'''Write a python function to find the average of cubes of first n natural numbers.\\nassert find_Average_Of_Cube(2) == 4.5'''\\n\"}",
    "TestScript": "import unittest\n\nclass Test(unittest.TestCase):\n    def test(self):\n        self.assertEqual(find_Average_Of_Cube(2), 4.5)\n\nif __name__ == '__main__':\n    unittest.main()",
    "TestScript_prompt": "{\"Role\": \"You are a quality assurance engineer. Your duty is to write a python test script in unittest framework.\", \"Instruction\": \"1. Write a python test script. 2. Use the input and output given by the question.\", \"Example\": \"import unittest\\n\\nclass Test(unittest.TestCase):\\n    def test(self):\\n        self.assertEqual(function_under_test('a'), 1)\\n\\nif __name__ == '__main__':\\n    unittest.main()\", \"Context\": \"\", \"Question\": \"def find_Average_Of_Cube(n):  \\n'''Write a python function to find the average of cubes of first n natural numbers.\\nassert find_Average_Of_Cube(2) == 4.5'''\\n\"}",
    "ScriptResult0": "E\n======================================================================\nERROR: test (__main__.Test)\n----------------------------------------------------------------------\nTraceback (most recent call last):\n  File \"/Users/watch/PycharmProjects/XXXX-1-LLM/workspace/2024-01-30_14-24-57-133638/test_script.py\", line 17, in test\n    self.assertEqual(find_Average_Of_Cube(2), 4.5)\nNameError: name 'find_Average_Of_Cube' is not defined\n\n----------------------------------------------------------------------\nRan 1 test in 0.000s\n\nFAILED (errors=1)\n",
    "TestReport0": "Test Report\n\nTest Script Output:\n======================================================================\nERROR: test (__main__.Test)\n----------------------------------------------------------------------\nTraceback (most recent call last):\n  File \"/Users/watch/PycharmProjects/XXXX-1-LLM/workspace/2024-01-30_14-24-57-133638/test_script.py\", line 17, in test\n    self.assertEqual(find_Average_Of_Cube(2), 4.5)\nNameError: name 'find_Average_Of_Cube' is not defined\n\n----------------------------------------------------------------------\nRan 1 test in 0.000s\n\nFAILED (errors=1)\n\nTest Report:\nThe test script failed with an error. The 'find_Average_Of_Cube' function is not defined which resulted in a NameError. The expected output was 4.5 for the input of 2, but the function was not found.\n\nConclusion:\nCode Test Failed. \n\nPlease fix the 'find_Average_Of_Cube' function and rerun the test script. \n\nThank you.",
    "RepairResponse1": "{\n  \"revised_code\": \"def find_average_of_cube(n):\\n    if not isinstance(n, int) or n <= 0:\\n        return \\\"Error: Input parameter n must be a positive integer.\\\"\\n\\n    if n == 0:\\n        return 0\\n    elif n == 1:\\n        return 1\\n\\n    sum_cubes = sum(i**3 for i in range(1, n+1))\\n    average = sum_cubes / n\\n    return round(average, 2)\"\n}",
    "RepairResponse1_prompt": "{\"Role\": \"You are a professional software engineer. Your duty is to write code in Python that meets the requirements. Ensure that the code you write is efficient, readable, and follows best practices. Remember, do not need to explain the code you wrote.\", \"Instruction\": \"1. Rewrite a bug fix version of the original code. 2. Response in JSON format.\", \"Example\": \"{\\\"revised_code\\\":\\\"...\\\"}\", \"Context\": \"# the original code:\\ndef find_average_of_cube(n):\\n    if not isinstance(n, int) or n <= 0:\\n        return \\\"Error: Input parameter n must be a positive integer.\\\"\\n\\n    if n == 0:\\n        return 0\\n    elif n == 1:\\n        return 1\\n\\n    sum_cubes = sum(i**3 for i in range(1, n+1))\\n    average = sum_cubes / n\\n    return int(average) if average.is_integer() else round(average, 2)\\n# test report:\\nTest Report\\n\\nTest Script Output:\\n======================================================================\\nERROR: test (__main__.Test)\\n----------------------------------------------------------------------\\nTraceback (most recent call last):\\n  File \\\"/Users/watch/PycharmProjects/XXXX-1-LLM/workspace/2024-01-30_14-24-57-133638/test_script.py\\\", line 17, in test\\n    self.assertEqual(find_Average_Of_Cube(2), 4.5)\\nNameError: name 'find_Average_Of_Cube' is not defined\\n\\n----------------------------------------------------------------------\\nRan 1 test in 0.000s\\n\\nFAILED (errors=1)\\n\\nTest Report:\\nThe test script failed with an error. The 'find_Average_Of_Cube' function is not defined which resulted in a NameError. The expected output was 4.5 for the input of 2, but the function was not found.\\n\\nConclusion:\\nCode Test Failed. \\n\\nPlease fix the 'find_Average_Of_Cube' function and rerun the test script. \\n\\nThank you.\", \"Question\": \"The original code has some bugs, according to the test report and suggestions, rewrite the code. Complete the following code:\\ndef find_Average_Of_Cube(n):  \\n'''Write a python function to find the average of cubes of first n natural numbers.\\nassert find_Average_Of_Cube(2) == 4.5'''\\n\"}",
    "Code1": "def find_average_of_cube(n):\n    if not isinstance(n, int) or n <= 0:\n        return \"Error: Input parameter n must be a positive integer.\"\n\n    if n == 0:\n        return 0\n    elif n == 1:\n        return 1\n\n    sum_cubes = sum(i**3 for i in range(1, n+1))\n    average = sum_cubes / n\n    return round(average, 2)",
    "ScriptResult1": "E\n======================================================================\nERROR: test (__main__.Test)\n----------------------------------------------------------------------\nTraceback (most recent call last):\n  File \"/Users/watch/PycharmProjects/XXXX-1-LLM/workspace/2024-01-30_14-24-57-133638/test_script.py\", line 17, in test\n    self.assertEqual(find_Average_Of_Cube(2), 4.5)\nNameError: name 'find_Average_Of_Cube' is not defined\n\n----------------------------------------------------------------------\nRan 1 test in 0.000s\n\nFAILED (errors=1)\n",
    "TestReport1": "Test Report:\n\n- Test script's output:\nE\n======================================================================\nERROR: test (__main__.Test)\n----------------------------------------------------------------------\nTraceback (most recent call last):\n  File \"/Users/watch/PycharmProjects/XXXX-1-LLM/workspace/2024-01-30_14-24-57-133638/test_script.py\", line 17, in test\n    self.assertEqual(find_Average_Of_Cube(2), 4.5)\nNameError: name 'find_Average_Of_Cube' is not defined\n\n----------------------------------------------------------------------\nRan 1 test in 0.000s\n\nFAILED (errors=1)\n\n- Conclusion: Code Test Failed\n\n- Input and expected output example:\nInput: find_Average_Of_Cube(2)\nExpected output: 4.5\n\nThe code failed the test due to a NameError where the function find_Average_Of_Cube is not defined. The expected output was 4.5 for the input 2, but the function was not found. \n\nEnd of Test Report.",
    "RepairResponse2": "{\n  \"revised_code\": \"def find_average_of_cube(n):\\n    if not isinstance(n, int) or n <= 0:\\n        return \\\"Error: Input parameter n must be a positive integer.\\\"\\n\\n    if n == 0:\\n        return 0\\n    elif n == 1:\\n        return 1\\n\\n    sum_cubes = sum(i**3 for i in range(1, n+1))\\n    average = sum_cubes / n\\n    return round(average, 2)\\n\\n# Test case\\nassert find_average_of_cube(2) == 4.5\"\n}",
    "RepairResponse2_prompt": "{\"Role\": \"You are a professional software engineer. Your duty is to write code in Python that meets the requirements. Ensure that the code you write is efficient, readable, and follows best practices. Remember, do not need to explain the code you wrote.\", \"Instruction\": \"1. Rewrite a bug fix version of the original code. 2. Response in JSON format.\", \"Example\": \"{\\\"revised_code\\\":\\\"...\\\"}\", \"Context\": \"# the original code:\\ndef find_average_of_cube(n):\\n    if not isinstance(n, int) or n <= 0:\\n        return \\\"Error: Input parameter n must be a positive integer.\\\"\\n\\n    if n == 0:\\n        return 0\\n    elif n == 1:\\n        return 1\\n\\n    sum_cubes = sum(i**3 for i in range(1, n+1))\\n    average = sum_cubes / n\\n    return round(average, 2)\\n# test report:\\nTest Report:\\n\\n- Test script's output:\\nE\\n======================================================================\\nERROR: test (__main__.Test)\\n----------------------------------------------------------------------\\nTraceback (most recent call last):\\n  File \\\"/Users/watch/PycharmProjects/XXXX-1-LLM/workspace/2024-01-30_14-24-57-133638/test_script.py\\\", line 17, in test\\n    self.assertEqual(find_Average_Of_Cube(2), 4.5)\\nNameError: name 'find_Average_Of_Cube' is not defined\\n\\n----------------------------------------------------------------------\\nRan 1 test in 0.000s\\n\\nFAILED (errors=1)\\n\\n- Conclusion: Code Test Failed\\n\\n- Input and expected output example:\\nInput: find_Average_Of_Cube(2)\\nExpected output: 4.5\\n\\nThe code failed the test due to a NameError where the function find_Average_Of_Cube is not defined. The expected output was 4.5 for the input 2, but the function was not found. \\n\\nEnd of Test Report.\", \"Question\": \"The original code has some bugs, according to the test report and suggestions, rewrite the code. Complete the following code:\\ndef find_Average_Of_Cube(n):  \\n'''Write a python function to find the average of cubes of first n natural numbers.\\nassert find_Average_Of_Cube(2) == 4.5'''\\n\"}",
    "Code2": "def find_average_of_cube(n):\n    if not isinstance(n, int) or n <= 0:\n        return \"Error: Input parameter n must be a positive integer.\"\n\n    if n == 0:\n        return 0\n    elif n == 1:\n        return 1\n\n    sum_cubes = sum(i**3 for i in range(1, n+1))\n    average = sum_cubes / n\n    return round(average, 2)\n\n# Test case\nassert find_average_of_cube(2) == 4.5",
    "ScriptResult2": "E\n======================================================================\nERROR: test (__main__.Test)\n----------------------------------------------------------------------\nTraceback (most recent call last):\n  File \"/Users/watch/PycharmProjects/XXXX-1-LLM/workspace/2024-01-30_14-24-57-133638/test_script.py\", line 20, in test\n    self.assertEqual(find_Average_Of_Cube(2), 4.5)\nNameError: name 'find_Average_Of_Cube' is not defined\n\n----------------------------------------------------------------------\nRan 1 test in 0.000s\n\nFAILED (errors=1)\n",
    "TestReport2": "Test Report:\n- Test Script Output:\n    - ERROR: test (__main__.Test)\n        - Traceback (most recent call last):\n          - File \"/Users/watch/PycharmProjects/XXXX-1-LLM/workspace/2024-01-30_14-24-57-133638/test_script.py\", line 20, in test\n            - self.assertEqual(find_Average_Of_Cube(2), 4.5)\n        - NameError: name 'find_Average_Of_Cube' is not defined\n    - Ran 1 test in 0.000s\n    - FAILED (errors=1)\n\n- Test Analysis:\n    - The code has failed the test due to a NameError, 'find_Average_Of_Cube' is not defined.\n\n- Test Conclusion:\n    - Code Test Failed\n    - Input and expected output example:\n        - Input: 2\n        - Expected Output: 4.5\n\nNote: The code needs to define the 'find_Average_Of_Cube' function to pass the test.",
    "FinalCode": "def find_average_of_cube(n):\n    if not isinstance(n, int) or n <= 0:\n        return \"Error: Input parameter n must be a positive integer.\"\n\n    if n == 0:\n        return 0\n    elif n == 1:\n        return 1\n\n    sum_cubes = sum(i**3 for i in range(1, n+1))\n    average = sum_cubes / n\n    return round(average, 2)\n\n# Test case\nassert find_average_of_cube(2) == 4.5"
}