{
    "start_time": "2024-03-11_09-06-59-857015",
    "task": "def find_Element(arr,ranges,rotations,index) :  \n'''Write a python function to find element at a given index after number of rotations.\nassert find_Element([1,2,3,4,5],[[0,2],[0,3]],2,1) == 3'''\n",
    "datetime": {
        "task": "2024-03-11 09:06:59",
        "task-id": "2024-03-11 09:06:59",
        "workflow": "2024-03-11 09:06:59",
        "Discussion": "2024-03-11 09:07:01",
        "DisorderedSprintMeetings": "2024-03-11 09:07:02",
        "DesignDraft0": "2024-03-11 09:07:04",
        "DesignMeetings0": "2024-03-11 09:07:05",
        "Design0": "2024-03-11 09:07:07",
        "CodeDraft0": "2024-03-11 09:07:08",
        "CodeReviewMeetings0": "2024-03-11 09:07:09",
        "Code0CR": "2024-03-11 09:07:10",
        "FinalCode": "2024-03-11 09:07:20",
        "Test Cases Draft": "2024-03-11 09:07:13",
        "Test Cases Meetings": "2024-03-11 09:07:14",
        "Test Cases": "2024-03-11 09:07:20",
        "Code0": "2024-03-11 09:07:20",
        "TestScriptOriginal": "2024-03-11 09:07:22",
        "TestScript": "2024-03-11 09:07:22",
        "ScriptResult0": "2024-03-11 09:07:22",
        "TestReport0": "2024-03-11 09:07:25",
        "SprintReview0": "2024-03-11 09:07:27",
        "SprintReviewMeetings0": "2024-03-11 09:07:28",
        "RepairResponse0": "2024-03-11 09:07:33"
    },
    "task-id": 304,
    "workflow": "agile/agile_version_0.0.5_remove.json",
    "Discussion": "[ScrumMaster]says: We have a job: def find_Element(arr,ranges,rotations,index) :  \n'''Write a python function to find element at a given index after number of rotations.\nassert find_Element([1,2,3,4,5],[[0,2],[0,3]],2,1) == 3'''\n, do you have any ideas?\n-----\n\n[Tester]says: As a Tester, I would suggest conducting thorough testing on the function to ensure it works correctly for different input scenarios.\n-----\n\n[Architect]says: As an Architect, I think the first step is to analyze the current system design and identify potential areas for improvement in the code.\n-----\n\n[ProductOwner]says: As a Product Owner, I think the first step is to gather user requirements and determine the priority of features for the product.\n-----\n\n[Developer]says: As a Developer, I think we should start by writing a function that takes into account the rotations and index to find the element in the array.\n-----\n\n[Tester]says: As a Tester, I would suggest conducting thorough testing on the function to ensure it works correctly for different input scenarios.\n-----\n\n[ProductOwner]says: [ProductOwner] To create a product, we should gather user requirements and determine the priority of features for the product.\n-----\n\n[Developer]says: As a Developer, I will start by implementing a function that takes into account the rotations and index to find the element in the array.\n-----\n\n[Architect]says: As an Architect, I believe it is important to analyze the current system design and identify potential areas for improvement in the code.\n-----\n",
    "DisorderedSprintMeetings": "{\n  \"product-owner\":[\"gather user requirements\",\"determine priority of features\"],\n  \"architect\":[\"analyze current system design\",\"identify potential areas for improvement\"],\n  \"developer\":[\"write a function considering rotations and index\",\"implement the function\"],\n  \"tester\":[\"conduct thorough testing for different input scenarios\"]\n}",
    "DisorderedSprintMeetings_prompt": "{\"Role\": \"You are a professional scrum master. Your goal is to breakdown the Discussion History into a task list for the scrum team.\", \"Instruction\": \"1. Read and Understand the Discussion History. 2. Define the tasks for four roles: product-owner/architect/developer/tester. 3. Response in JSON format.\", \"Example\": \"{\\\"product-owner\\\":[\\\"task1\\\",\\\"task2\\\"],\\\"architect\\\":[\\\"task1\\\",\\\"task2\\\"], \\\"developer\\\":[\\\"task1\\\",\\\"task2\\\"], \\\"tester\\\":[\\\"task1\\\",\\\"task2\\\"]}\", \"Context\": \"[ScrumMaster]says: We have a job: def find_Element(arr,ranges,rotations,index) :  \\n'''Write a python function to find element at a given index after number of rotations.\\nassert find_Element([1,2,3,4,5],[[0,2],[0,3]],2,1) == 3'''\\n, do you have any ideas?\\n-----\\n\\n[Tester]says: As a Tester, I would suggest conducting thorough testing on the function to ensure it works correctly for different input scenarios.\\n-----\\n\\n[Architect]says: As an Architect, I think the first step is to analyze the current system design and identify potential areas for improvement in the code.\\n-----\\n\\n[ProductOwner]says: As a Product Owner, I think the first step is to gather user requirements and determine the priority of features for the product.\\n-----\\n\\n[Developer]says: As a Developer, I think we should start by writing a function that takes into account the rotations and index to find the element in the array.\\n-----\\n\\n[Tester]says: As a Tester, I would suggest conducting thorough testing on the function to ensure it works correctly for different input scenarios.\\n-----\\n\\n[ProductOwner]says: [ProductOwner] To create a product, we should gather user requirements and determine the priority of features for the product.\\n-----\\n\\n[Developer]says: As a Developer, I will start by implementing a function that takes into account the rotations and index to find the element in the array.\\n-----\\n\\n[Architect]says: As an Architect, I believe it is important to analyze the current system design and identify potential areas for improvement in the code.\\n-----\\n\", \"Question\": \"Follow the Instruction section. The Discussion History is in the Context section. You only need to return a task list as the Example section.\"}",
    "DesignDraft0": "Design:\n\nThe design should focus on creating a function that takes in the input array, rotation ranges, number of rotations, and the index to find the element at the given index after the specified number of rotations.\n\nThe function should first apply the specified number of rotations to the input array based on the given rotation ranges. Then, it should return the element at the specified index in the rotated array.\n\nThe high-level design should include steps for handling the rotation of the array and then accessing the element at the given index. It should also consider potential edge cases such as out-of-bounds index or empty input arrays.\n\nOverall, the design should guide the developer in creating a well-structured and efficient function to meet the specified requirements.",
    "DesignMeetings0": "{\n  \"Developer\": \"As a developer, I would suggest breaking down the high-level design into smaller, more detailed steps for rotating the array and accessing the element at the given index. This will help in creating a more structured and manageable code. Additionally, I would also recommend considering error handling for potential edge cases such as out-of-bounds index or empty input arrays.\",\n  \"Tester\": \"As a tester, I would suggest creating test cases for both normal and edge cases to ensure the function works as expected. This would include testing the function with different input arrays, rotation ranges, number of rotations, and index values to cover all possible scenarios. Additionally, I would recommend testing for error handling to ensure the function behaves correctly in case of out-of-bounds index or empty input arrays.\"\n}",
    "Design0": "Based on the suggestions provided by the developer and tester, I have revised the design to include breaking down the high-level design into smaller, more detailed steps for rotating the array and accessing the element at the given index. This will help in creating a more structured and manageable code. Additionally, I have included considerations for error handling for potential edge cases such as out-of-bounds index or empty input arrays.\n\nThe design now also includes creating test cases for both normal and edge cases to ensure the function works as expected. This would include testing the function with different input arrays, rotation ranges, number of rotations, and index values to cover all possible scenarios. Additionally, I have included testing for error handling to ensure the function behaves correctly in case of out-of-bounds index or empty input arrays.\n\nOverall, the revised design focuses on creating a well-structured and efficient function that meets the specified requirements, taking into account the suggestions provided by the developer and tester.",
    "CodeDraft0": "def find_Element(arr, ranges, rotations, index):\n    n = len(arr)\n    for r in ranges:\n        start = r[0]\n        end = r[1]\n        for i in range(start, end+1):\n            arr[i] = arr[i-1]\n    index = (index + rotations) % n\n    return arr[index]",
    "CodeDraft0_prompt": {
        "Role": "You are a professional engineer. Your duty is to write code in Python that meets the requirements. Ensure that the code you write is efficient, readable, and follows best practices. Remember, do not need to explain the code you wrote.",
        "Instruction": "According to the Context section, write your code.",
        "Example": "",
        "Context": "# Tasks:\n['write a function considering rotations and index', 'implement the function']\n# Design:\nBased on the suggestions provided by the developer and tester, I have revised the design to include breaking down the high-level design into smaller, more detailed steps for rotating the array and accessing the element at the given index. This will help in creating a more structured and manageable code. Additionally, I have included considerations for error handling for potential edge cases such as out-of-bounds index or empty input arrays.\n\nThe design now also includes creating test cases for both normal and edge cases to ensure the function works as expected. This would include testing the function with different input arrays, rotation ranges, number of rotations, and index values to cover all possible scenarios. Additionally, I have included testing for error handling to ensure the function behaves correctly in case of out-of-bounds index or empty input arrays.\n\nOverall, the revised design focuses on creating a well-structured and efficient function that meets the specified requirements, taking into account the suggestions provided by the developer and tester.",
        "Question": "Follow the Instruction section. Complete the following code:\ndef find_Element(arr,ranges,rotations,index) :  \n'''Write a python function to find element at a given index after number of rotations.\nassert find_Element([1,2,3,4,5],[[0,2],[0,3]],2,1) == 3'''\n"
    },
    "CodeReviewMeetings0": "{\n  \"Architect\": \"I suggest using more descriptive variable names to improve code readability. Also, consider adding comments to explain the purpose of the code blocks.\",\n  \"Tester\": \"I recommend writing test cases to cover different scenarios, such as empty arrays, negative index values, and large rotations. Additionally, consider handling edge cases and adding error handling for invalid inputs.\"\n}",
    "Code0CR": "def find_Element(arr, ranges, rotations, index):\n    # Write a python function to find element at a given index after number of rotations\n    # assert find_Element([1,2,3,4,5],[[0,2],[0,3]],2,1) == 3\n    for _ in range(rotations):\n        element = arr.pop(0)\n        arr.append(element)\n    for r in ranges:\n        start, end = r\n        arr = arr[start:end+1]\n    if index < 0 or index >= len(arr):\n        return -1\n    return arr[index]",
    "Code0CR_prompt": "{\"Role\": \"You are a professional software engineer. Your duty is to write code in Python that meets the requirements. Ensure that the code you write is efficient, readable, and follows best practices. Remember, do not need to explain the code you wrote.\", \"Instruction\": \"1. Understand the suggestions(in the Context section) about the original code. 2. Rewrite your code.\", \"Example\": \"\", \"Context\": \"# Tasks:\\n['write a function considering rotations and index', 'implement the function']\\n# Design:\\nBased on the suggestions provided by the developer and tester, I have revised the design to include breaking down the high-level design into smaller, more detailed steps for rotating the array and accessing the element at the given index. This will help in creating a more structured and manageable code. Additionally, I have included considerations for error handling for potential edge cases such as out-of-bounds index or empty input arrays.\\n\\nThe design now also includes creating test cases for both normal and edge cases to ensure the function works as expected. This would include testing the function with different input arrays, rotation ranges, number of rotations, and index values to cover all possible scenarios. Additionally, I have included testing for error handling to ensure the function behaves correctly in case of out-of-bounds index or empty input arrays.\\n\\nOverall, the revised design focuses on creating a well-structured and efficient function that meets the specified requirements, taking into account the suggestions provided by the developer and tester.# Suggestions:\\n{\\n  \\\"Architect\\\": \\\"I suggest using more descriptive variable names to improve code readability. Also, consider adding comments to explain the purpose of the code blocks.\\\",\\n  \\\"Tester\\\": \\\"I recommend writing test cases to cover different scenarios, such as empty arrays, negative index values, and large rotations. Additionally, consider handling edge cases and adding error handling for invalid inputs.\\\"\\n}\", \"Question\": \"Follow the Instruction section. Complete the following code:\\ndef find_Element(arr,ranges,rotations,index) :  \\n'''Write a python function to find element at a given index after number of rotations.\\nassert find_Element([1,2,3,4,5],[[0,2],[0,3]],2,1) == 3'''\\n\"}",
    "FinalCode": "def find_Element(arr, ranges, rotations, index):\n    for _ in range(rotations):\n        element = arr.pop(0)\n        arr.append(element)\n    for r in ranges:\n        start, end = r\n        arr = arr[start:end+1]\n    if index < 0 or index >= len(arr):\n        return -1\n    return arr[index]",
    "Test Cases Draft": "{\n  \"test_cases\": [\n    {\n      \"Test Title\": \"Normal Case\",\n      \"Input Data\": \"arr=[1,2,3,4,5], ranges=[[0,2],[0,3]], rotations=2, index=1\",\n      \"Expected Output\": 3\n    },\n    {\n      \"Test Title\": \"Edge Case - Out of Bounds Index\",\n      \"Input Data\": \"arr=[1,2,3,4,5], ranges=[[0,2],[0,3]], rotations=2, index=6\",\n      \"Expected Output\": \"Index out of bounds\"\n    },\n    {\n      \"Test Title\": \"Edge Case - Empty Input Array\",\n      \"Input Data\": \"arr=[], ranges=[[0,2],[0,3]], rotations=2, index=1\",\n      \"Expected Output\": \"Empty input array\"\n    },\n    {\n      \"Test Title\": \"Edge Case - Empty Ranges\",\n      \"Input Data\": \"arr=[1,2,3,4,5], ranges=[], rotations=2, index=1\",\n      \"Expected Output\": \"No rotation range specified\"\n    }\n  ]\n}",
    "Test Cases Draft_prompt": "{\"Role\": \"You are a quality assurance engineer. Your duty is to design test cases for the developers.\", \"Instruction\": \"According to the Context section, write test cases. Don't write long strings in your test cases. Response in JSON format.\", \"Example\": \"{\\\"requirement analysis\\\":\\\"analysis\\\",\\\"test_cases\\\":[{\\\"Test Title\\\":\\\"title\\\", \\\"Input Data\\\":\\\"parameter1=[1,2,3],parameter2='123'\\\", \\\"Expected Output\\\":\\\"456\\\"},]}\", \"Context\": \"# Tasks:\\n['conduct thorough testing for different input scenarios']\\n# Design:\\nBased on the suggestions provided by the developer and tester, I have revised the design to include breaking down the high-level design into smaller, more detailed steps for rotating the array and accessing the element at the given index. This will help in creating a more structured and manageable code. Additionally, I have included considerations for error handling for potential edge cases such as out-of-bounds index or empty input arrays.\\n\\nThe design now also includes creating test cases for both normal and edge cases to ensure the function works as expected. This would include testing the function with different input arrays, rotation ranges, number of rotations, and index values to cover all possible scenarios. Additionally, I have included testing for error handling to ensure the function behaves correctly in case of out-of-bounds index or empty input arrays.\\n\\nOverall, the revised design focuses on creating a well-structured and efficient function that meets the specified requirements, taking into account the suggestions provided by the developer and tester.\", \"Question\": \"def find_Element(arr,ranges,rotations,index) :  \\n'''Write a python function to find element at a given index after number of rotations.\\nassert find_Element([1,2,3,4,5],[[0,2],[0,3]],2,1) == 3'''\\n\"}",
    "Test Cases Meetings": "{\n  \"Architect\": \"As an architect, I would suggest adding more test cases to cover different scenarios such as negative numbers in the array, large input arrays, and different range combinations. Additionally, I would recommend reviewing the expected outputs to ensure they are comprehensive and cover all possible outcomes.\"\n  ,\n  \"Developer\": \"As a developer, I would suggest revising the test cases to include boundary cases, such as testing with large input arrays, negative numbers in the array, and different range combinations. Additionally, I would recommend reviewing the expected outputs to ensure they cover all possible outcomes and edge cases.\"\n}",
    "Test Cases": "{\n  \"test_cases\": [\n    {\n      \"Test Title\": \"Normal Case\",\n      \"Input Data\": \"arr=[1,2,3,4,5], ranges=[[0,2],[0,3]], rotations=2, index=1\",\n      \"Expected Output\": 3\n    },\n    {\n      \"Test Title\": \"Edge Case - Out of Bounds Index\",\n      \"Input Data\": \"arr=[1,2,3,4,5], ranges=[[0,2],[0,3]], rotations=2, index=6\",\n      \"Expected Output\": \"Index out of bounds\"\n    },\n    {\n      \"Test Title\": \"Edge Case - Empty Input Array\",\n      \"Input Data\": \"arr=[], ranges=[[0,2],[0,3]], rotations=2, index=1\",\n      \"Expected Output\": \"Empty input array\"\n    },\n    {\n      \"Test Title\": \"Edge Case - Empty Ranges\",\n      \"Input Data\": \"arr=[1,2,3,4,5], ranges=[], rotations=2, index=1\",\n      \"Expected Output\": \"No rotation range specified\"\n    },\n    {\n      \"Test Title\": \"Boundary Case - Negative Numbers in Array\",\n      \"Input Data\": \"arr=[-1,-2,-3,-4,-5], ranges=[[0,2],[-3,3]], rotations=2, index=1\",\n      \"Expected Output\": -2\n    },\n    {\n      \"Test Title\": \"Boundary Case - Large Input Arrays\",\n      \"Input Data\": \"arr=[1,2,3,4,5,6,7,8,9,10], ranges=[[0,5],[0,9]], rotations=3, index=4\",\n      \"Expected Output\": 7\n    },\n    {\n      \"Test Title\": \"Boundary Case - Different Range Combinations\",\n      \"Input Data\": \"arr=[1,2,3,4,5], ranges=[[0,3],[1,4]], rotations=1, index=2\",\n      \"Expected Output\": 3\n    }\n  ]\n}",
    "Test Cases_prompt": "{\"Role\": \"You are a quality assurance engineer. Your duty is to revise the test cases based on the suggestions.\", \"Instruction\": \"1. Your colleague give you some suggestions(in the Context section) about the draft test cases, read these suggestions. 2. Revise your draft version test cases, but don't use long parameters. 3. Response in JSON format.\", \"Example\": \"{\\\"requirement analysis\\\":\\\"analysis\\\",\\\"test_cases\\\":[{\\\"Test Title\\\":\\\"title\\\", \\\"Input Data\\\":\\\"parameter1=[1,2,3],parameter2='123'\\\", \\\"Expected Output\\\":\\\"456\\\"},]}\", \"Context\": \"# Suggestions:\\n{\\n  \\\"Architect\\\": \\\"As an architect, I would suggest adding more test cases to cover different scenarios such as negative numbers in the array, large input arrays, and different range combinations. Additionally, I would recommend reviewing the expected outputs to ensure they are comprehensive and cover all possible outcomes.\\\"\\n  ,\\n  \\\"Developer\\\": \\\"As a developer, I would suggest revising the test cases to include boundary cases, such as testing with large input arrays, negative numbers in the array, and different range combinations. Additionally, I would recommend reviewing the expected outputs to ensure they cover all possible outcomes and edge cases.\\\"\\n}\\n # Draft Test cases:\\n{\\n  \\\"test_cases\\\": [\\n    {\\n      \\\"Test Title\\\": \\\"Normal Case\\\",\\n      \\\"Input Data\\\": \\\"arr=[1,2,3,4,5], ranges=[[0,2],[0,3]], rotations=2, index=1\\\",\\n      \\\"Expected Output\\\": 3\\n    },\\n    {\\n      \\\"Test Title\\\": \\\"Edge Case - Out of Bounds Index\\\",\\n      \\\"Input Data\\\": \\\"arr=[1,2,3,4,5], ranges=[[0,2],[0,3]], rotations=2, index=6\\\",\\n      \\\"Expected Output\\\": \\\"Index out of bounds\\\"\\n    },\\n    {\\n      \\\"Test Title\\\": \\\"Edge Case - Empty Input Array\\\",\\n      \\\"Input Data\\\": \\\"arr=[], ranges=[[0,2],[0,3]], rotations=2, index=1\\\",\\n      \\\"Expected Output\\\": \\\"Empty input array\\\"\\n    },\\n    {\\n      \\\"Test Title\\\": \\\"Edge Case - Empty Ranges\\\",\\n      \\\"Input Data\\\": \\\"arr=[1,2,3,4,5], ranges=[], rotations=2, index=1\\\",\\n      \\\"Expected Output\\\": \\\"No rotation range specified\\\"\\n    }\\n  ]\\n}\", \"Question\": \"Follow the Instruction. Please make sure your response length are less than 512. Your test cases is for the below question:\\ndef find_Element(arr,ranges,rotations,index) :  \\n'''Write a python function to find element at a given index after number of rotations.\\nassert find_Element([1,2,3,4,5],[[0,2],[0,3]],2,1) == 3'''\\n\"}",
    "Code0": "def find_Element(arr, ranges, rotations, index):\n    for _ in range(rotations):\n        element = arr.pop(0)\n        arr.append(element)\n    for r in ranges:\n        start, end = r\n        arr = arr[start:end+1]\n    if index < 0 or index >= len(arr):\n        return -1\n    return arr[index]",
    "Code0_prompt": {
        "Role": "You are a professional software engineer. Your duty is to write code in Python that meets the requirements. Ensure that the code you write is efficient, readable, and follows best practices. Remember, do not need to explain the code you wrote.",
        "Instruction": "1. Understand the test cases(in the Context section) about the original code. 2. Rewrite your code, make sure your code pass all test cases.",
        "Example": "",
        "Context": "# Original Code:\ndef find_Element(arr, ranges, rotations, index):\n    # Write a python function to find element at a given index after number of rotations\n    # assert find_Element([1,2,3,4,5],[[0,2],[0,3]],2,1) == 3\n    for _ in range(rotations):\n        element = arr.pop(0)\n        arr.append(element)\n    for r in ranges:\n        start, end = r\n        arr = arr[start:end+1]\n    if index < 0 or index >= len(arr):\n        return -1\n    return arr[index]\n# Test Cases:\n{\n  \"test_cases\": [\n    {\n      \"Test Title\": \"Normal Case\",\n      \"Input Data\": \"arr=[1,2,3,4,5], ranges=[[0,2],[0,3]], rotations=2, index=1\",\n      \"Expected Output\": 3\n    },\n    {\n      \"Test Title\": \"Edge Case - Out of Bounds Index\",\n      \"Input Data\": \"arr=[1,2,3,4,5], ranges=[[0,2],[0,3]], rotations=2, index=6\",\n      \"Expected Output\": \"Index out of bounds\"\n    },\n    {\n      \"Test Title\": \"Edge Case - Empty Input Array\",\n      \"Input Data\": \"arr=[], ranges=[[0,2],[0,3]], rotations=2, index=1\",\n      \"Expected Output\": \"Empty input array\"\n    },\n    {\n      \"Test Title\": \"Edge Case - Empty Ranges\",\n      \"Input Data\": \"arr=[1,2,3,4,5], ranges=[], rotations=2, index=1\",\n      \"Expected Output\": \"No rotation range specified\"\n    },\n    {\n      \"Test Title\": \"Boundary Case - Negative Numbers in Array\",\n      \"Input Data\": \"arr=[-1,-2,-3,-4,-5], ranges=[[0,2],[-3,3]], rotations=2, index=1\",\n      \"Expected Output\": -2\n    },\n    {\n      \"Test Title\": \"Boundary Case - Large Input Arrays\",\n      \"Input Data\": \"arr=[1,2,3,4,5,6,7,8,9,10], ranges=[[0,5],[0,9]], rotations=3, index=4\",\n      \"Expected Output\": 7\n    },\n    {\n      \"Test Title\": \"Boundary Case - Different Range Combinations\",\n      \"Input Data\": \"arr=[1,2,3,4,5], ranges=[[0,3],[1,4]], rotations=1, index=2\",\n      \"Expected Output\": 3\n    }\n  ]\n}",
        "Question": "def find_Element(arr,ranges,rotations,index) :  \n'''Write a python function to find element at a given index after number of rotations.\nassert find_Element([1,2,3,4,5],[[0,2],[0,3]],2,1) == 3'''\n"
    },
    "TestScriptOriginal": "import unittest\n\ndef find_Element(arr, ranges, rotations, index):\n    for r in ranges:\n        start, end = r\n        for _ in range(rotations):\n            temp = arr[start]\n            for i in range(start, end):\n                arr[i] = arr[i+1]\n            arr[end] = temp\n    return arr[index]\n\nclass Test(unittest.TestCase):\n    def test(self):\n        self.assertEqual(find_Element([1,2,3,4,5], [[0,2],[0,3]], 2, 1), 3)\n\nif __name__ == '__main__':\n    unittest.main()",
    "TestScriptOriginal_prompt": "{\"Role\": \"You are a quality assurance engineer. Your duty is to write a python test script in unittest framework.\", \"Instruction\": \"1. Write a python test script. 2. Use the input and output given by the question.\", \"Example\": \"import unittest\\n\\nclass Test(unittest.TestCase):\\n    def test(self):\\n        self.assertEqual(function_under_test('a'), 1)\\n\\nif __name__ == '__main__':\\n    unittest.main()\", \"Context\": \"\", \"Question\": \"def find_Element(arr,ranges,rotations,index) :  \\n'''Write a python function to find element at a given index after number of rotations.\\nassert find_Element([1,2,3,4,5],[[0,2],[0,3]],2,1) == 3'''\\n\"}",
    "TestScript": "import unittest\n\nclass Test(unittest.TestCase):\n    def test(self):\n        self.assertEqual(find_Element([1,2,3,4,5], [[0,2],[0,3]], 2, 1), 3)\n\nif __name__ == '__main__':\n    unittest.main()",
    "ScriptResult0": "F\n======================================================================\nFAIL: test (__main__.Test)\n----------------------------------------------------------------------\nTraceback (most recent call last):\n  File \"/Users/watch/PycharmProjects/XXXX-1-LLM/workspace/2024-03-11_09-06-59-857015/test_script.py\", line 15, in test\n    self.assertEqual(find_Element([1,2,3,4,5], [[0,2],[0,3]], 2, 1), 3)\nAssertionError: 4 != 3\n\n----------------------------------------------------------------------\nRan 1 test in 0.000s\n\nFAILED (failures=1)\n",
    "TestReport0": "Test Report:\n\nTest script's output:\nF\n======================================================================\nFAIL: test (__main__.Test)\n----------------------------------------------------------------------\nTraceback (most recent call last):\n  File \"/Users/watch/PycharmProjects/XXXX-1-LLM/workspace/2024-03-11_09-06-59-857015/test_script.py\", line 15, in test\n    self.assertEqual(find_Element([1,2,3,4,5], [[0,2],[0,3]], 2, 1), 3)\nAssertionError: 4 != 3\n\n----------------------------------------------------------------------\nRan 1 test in 0.000s\n\nFAILED (failures=1)\n\nConclusion: Code Test Failed\n\nInput and Expected Output Example:\nInput: find_Element([1,2,3,4,5], [[0,2],[0,3]], 2, 1)\nExpected Output: 3\nActual Output: 4\n\ndef find_Element(arr, ranges, rotations, index):\n    for _ in range(rotations):\n        element = arr.pop(0)\n        arr.append(element)\n    for r in ranges:\n        start, end = r\n        arr = arr[start:end+1]\n    if index < 0 or index >= len(arr):\n        return -1\n    return arr[index]",
    "SprintReview0": "[ScrumMaster]says: Here is our test Report: Test Report:\n\nTest script's output:\nF\n======================================================================\nFAIL: test (__main__.Test)\n----------------------------------------------------------------------\nTraceback (most recent call last):\n  File \"/Users/watch/PycharmProjects/XXXX-1-LLM/workspace/2024-03-11_09-06-59-857015/test_script.py\", line 15, in test\n    self.assertEqual(find_Element([1,2,3,4,5], [[0,2],[0,3]], 2, 1), 3)\nAssertionError: 4 != 3\n\n----------------------------------------------------------------------\nRan 1 test in 0.000s\n\nFAILED (failures=1)\n\nConclusion: Code Test Failed\n\nInput and Expected Output Example:\nInput: find_Element([1,2,3,4,5], [[0,2],[0,3]], 2, 1)\nExpected Output: 3\nActual Output: 4\n\ndef find_Element(arr, ranges, rotations, index):\n    for _ in range(rotations):\n        element = arr.pop(0)\n        arr.append(element)\n    for r in ranges:\n        start, end = r\n        arr = arr[start:end+1]\n    if index < 0 or index >= len(arr):\n        return -1\n    return arr[index], do you have any ideas?\n-----\n\n[ProductOwner]says: As a Product Owner, I think we need to prioritize fixing this failed code test before moving forward with any other development tasks.\n-----\n\n[Tester]says: As a Tester, based on the test report, it seems that the find_Element function is not producing the expected output. We should review and debug the function to ensure it works correctly.\n-----\n\n[Architect]says: As an architect, I think it's important to review the test script and the code implementation to identify the root cause of the failure and suggest possible solutions for improvement.\n-----\n\n[Developer]says: As a Developer, it seems like the test script is failing due to the find_Element function not producing the expected output, so we should review and debug the find_Element function to fix the issue.\n-----\n\n[ProductOwner]says: As a Product Owner, I think we need to prioritize fixing this failed code test before moving forward with any other development tasks.\n-----\n\n[Tester]says: [Tester]says: As a Tester, based on the test report, it seems that the find_Element function is not producing the expected output. We should review and debug the function to ensure it works correctly.\n-----\n\n[Architect]says: As an architect, I believe we should review the test script and code implementation to identify the root cause of the failure and suggest possible solutions for improvement.\n-----\n\n[Developer]says: As a Developer, I agree that we need to review and debug the find_Element function to fix the issue with the test script.\n-----\n",
    "SprintReviewMeetings0": "{\n  \"product-owner\": [\n    \"We need to prioritize fixing the failed code test before moving forward with any other development tasks.\"\n  ],\n  \"architect\": [\n    \"Review the test script and code implementation to identify the root cause of the failure.\",\n    \"Suggest possible solutions for improvement.\"\n  ],\n  \"developer\": [\n    \"Review and debug the find_Element function to fix the issue with the test script.\"\n  ],\n  \"tester\": [\n    \"Review and debug the find_Element function to ensure it works correctly.\"\n  ]\n}",
    "SprintReviewMeetings0_prompt": "{\"Role\": \"You are a professional scrum master. Your goal is to summary the Discussion History into a suggestions list for the scrum team.\", \"Instruction\": \"1. Read and Understand the Discussion History. 2. Summary the suggestions from four roles: product-owner/architect/developer/tester. 3. Response in JSON format.\", \"Example\": \"{\\\"product-owner\\\":[\\\"suggestion1\\\",\\\"suggestion2\\\"],\\\"architect\\\":[\\\"suggestion1\\\",\\\"suggestion2\\\"], \\\"developer\\\":[\\\"suggestion1\\\",\\\"suggestion2\\\"], \\\"tester\\\":[\\\"suggestion1\\\",\\\"suggestion2\\\"]}\", \"Context\": \"[ScrumMaster]says: Here is our test Report: Test Report:\\n\\nTest script's output:\\nF\\n======================================================================\\nFAIL: test (__main__.Test)\\n----------------------------------------------------------------------\\nTraceback (most recent call last):\\n  File \\\"/Users/watch/PycharmProjects/XXXX-1-LLM/workspace/2024-03-11_09-06-59-857015/test_script.py\\\", line 15, in test\\n    self.assertEqual(find_Element([1,2,3,4,5], [[0,2],[0,3]], 2, 1), 3)\\nAssertionError: 4 != 3\\n\\n----------------------------------------------------------------------\\nRan 1 test in 0.000s\\n\\nFAILED (failures=1)\\n\\nConclusion: Code Test Failed\\n\\nInput and Expected Output Example:\\nInput: find_Element([1,2,3,4,5], [[0,2],[0,3]], 2, 1)\\nExpected Output: 3\\nActual Output: 4\\n\\ndef find_Element(arr, ranges, rotations, index):\\n    for _ in range(rotations):\\n        element = arr.pop(0)\\n        arr.append(element)\\n    for r in ranges:\\n        start, end = r\\n        arr = arr[start:end+1]\\n    if index < 0 or index >= len(arr):\\n        return -1\\n    return arr[index], do you have any ideas?\\n-----\\n\\n[ProductOwner]says: As a Product Owner, I think we need to prioritize fixing this failed code test before moving forward with any other development tasks.\\n-----\\n\\n[Tester]says: As a Tester, based on the test report, it seems that the find_Element function is not producing the expected output. We should review and debug the function to ensure it works correctly.\\n-----\\n\\n[Architect]says: As an architect, I think it's important to review the test script and the code implementation to identify the root cause of the failure and suggest possible solutions for improvement.\\n-----\\n\\n[Developer]says: As a Developer, it seems like the test script is failing due to the find_Element function not producing the expected output, so we should review and debug the find_Element function to fix the issue.\\n-----\\n\\n[ProductOwner]says: As a Product Owner, I think we need to prioritize fixing this failed code test before moving forward with any other development tasks.\\n-----\\n\\n[Tester]says: [Tester]says: As a Tester, based on the test report, it seems that the find_Element function is not producing the expected output. We should review and debug the function to ensure it works correctly.\\n-----\\n\\n[Architect]says: As an architect, I believe we should review the test script and code implementation to identify the root cause of the failure and suggest possible solutions for improvement.\\n-----\\n\\n[Developer]says: As a Developer, I agree that we need to review and debug the find_Element function to fix the issue with the test script.\\n-----\\n\", \"Question\": \"Follow the Instruction section. The Discussion History is in the Context section. You only need to return a list as the Example section.\"}",
    "RepairResponse0": "{\n  \"revised_code\": \"def find_Element(arr, ranges, rotations, index):\\n    for _ in range(rotations):\\n        element = arr.pop(0)\\n        arr.append(element)\\n    for r in ranges:\\n        start, end = r\\n        arr = arr[start:end+1]\\n    if index < 0 or index >= len(arr):\\n        return -1\\n    return arr[index]\"\n}",
    "RepairResponse0_prompt": {
        "Role": "You are a professional software engineer. Your duty is to write code in Python that meets the requirements. Ensure that the code you write is efficient, readable, and follows best practices. Remember, do not need to explain the code you wrote.",
        "Instruction": "1. Rewrite a bug fix version of the original code. 2. Response in JSON format.",
        "Example": "{\"revised_code\":\"...\"}",
        "Context": "# Test Report:\nTest Report:\n\nTest script's output:\nF\n======================================================================\nFAIL: test (__main__.Test)\n----------------------------------------------------------------------\nTraceback (most recent call last):\n  File \"/Users/watch/PycharmProjects/XXXX-1-LLM/workspace/2024-03-11_09-06-59-857015/test_script.py\", line 15, in test\n    self.assertEqual(find_Element([1,2,3,4,5], [[0,2],[0,3]], 2, 1), 3)\nAssertionError: 4 != 3\n\n----------------------------------------------------------------------\nRan 1 test in 0.000s\n\nFAILED (failures=1)\n\nConclusion: Code Test Failed\n\nInput and Expected Output Example:\nInput: find_Element([1,2,3,4,5], [[0,2],[0,3]], 2, 1)\nExpected Output: 3\nActual Output: 4\n\ndef find_Element(arr, ranges, rotations, index):\n    for _ in range(rotations):\n        element = arr.pop(0)\n        arr.append(element)\n    for r in ranges:\n        start, end = r\n        arr = arr[start:end+1]\n    if index < 0 or index >= len(arr):\n        return -1\n    return arr[index]# suggestions:\n{\"product-owner\": [\"We need to prioritize fixing the failed code test before moving forward with any other development tasks.\"], \"architect\": [\"Review the test script and code implementation to identify the root cause of the failure.\", \"Suggest possible solutions for improvement.\"], \"developer\": [\"Review and debug the find_Element function to fix the issue with the test script.\"], \"tester\": [\"Review and debug the find_Element function to ensure it works correctly.\"]}",
        "Question": "The original code has some bugs, according to the test report and suggestions, rewrite the code. Complete the following code:\ndef find_Element(arr,ranges,rotations,index) :  \n'''Write a python function to find element at a given index after number of rotations.\nassert find_Element([1,2,3,4,5],[[0,2],[0,3]],2,1) == 3'''\n"
    }
}