{
    "start_time": "2024-03-11_09-20-19-751639",
    "task": "def min_Jumps(steps, d): \n'''Write a function to check for the number of jumps required of given length to reach a point of form (d, 0) from origin in a 2d plane.\nassert min_Jumps((3,4),11)==3.5'''\n",
    "datetime": {
        "task": "2024-03-11 09:20:19",
        "task-id": "2024-03-11 09:20:19",
        "workflow": "2024-03-11 09:20:19",
        "Discussion": "2024-03-11 09:20:21",
        "DisorderedSprintMeetings": "2024-03-11 09:20:22",
        "DesignDraft0": "2024-03-11 09:20:24",
        "DesignMeetings0": "2024-03-11 09:20:27",
        "Design0": "2024-03-11 09:20:29",
        "CodeDraft0": "2024-03-11 09:20:31",
        "CodeReviewMeetings0": "2024-03-11 09:20:33",
        "Code0CR": "2024-03-11 09:20:35",
        "FinalCode": "2024-03-11 09:21:13",
        "Test Cases Draft": "2024-03-11 09:20:37",
        "Test Cases Meetings": "2024-03-11 09:20:39",
        "Test Cases": "2024-03-11 09:20:46",
        "Code0": "2024-03-11 09:20:47",
        "TestScriptOriginal": "2024-03-11 09:20:48",
        "TestScript": "2024-03-11 09:20:48",
        "ScriptResult0": "2024-03-11 09:20:48",
        "TestReport0": "2024-03-11 09:20:51",
        "SprintReview0": "2024-03-11 09:20:52",
        "SprintReviewMeetings0": "2024-03-11 09:20:54",
        "RepairResponse0": "2024-03-11 09:20:55",
        "Code1": "2024-03-11 09:20:55",
        "ScriptResult1": "2024-03-11 09:20:55",
        "TestReport1": "2024-03-11 09:21:00",
        "SprintReview1": "2024-03-11 09:21:02",
        "SprintReviewMeetings1": "2024-03-11 09:21:03",
        "RepairResponse1": "2024-03-11 09:21:04",
        "Code2": "2024-03-11 09:21:04",
        "ScriptResult2": "2024-03-11 09:21:04",
        "TestReport2": "2024-03-11 09:21:06",
        "SprintReview2": "2024-03-11 09:21:08",
        "SprintReviewMeetings2": "2024-03-11 09:21:11",
        "RepairResponse2": "2024-03-11 09:21:13",
        "Code3": "2024-03-11 09:21:13",
        "ScriptResult3": "2024-03-11 09:21:13",
        "TestReport3": "2024-03-11 09:21:16"
    },
    "task-id": 617,
    "workflow": "agile/agile_version_0.0.5_remove.json",
    "Discussion": "[ScrumMaster]says: We have a job: def min_Jumps(steps, d): \n'''Write a function to check for the number of jumps required of given length to reach a point of form (d, 0) from origin in a 2d plane.\nassert min_Jumps((3,4),11)==3.5'''\n, do you have any ideas?\n-----\n\n[Developer]says: I will start by considering the algorithmic approach and data structures needed to solve this problem.\n-----\n\n[ProductOwner]says: As a Product Owner, I think the first step is to understand the user requirements and prioritize the features needed for the product.\n-----\n\n[Tester]says: As a Tester, I would suggest first defining the requirements and acceptance criteria for the function before starting the development process.\n-----\n\n[Architect]says: As an Architect, I suggest breaking down the problem into smaller components and then designing a solution that would efficiently calculate the minimum number of jumps required to reach the given point.\n-----\n\n[Tester]says: [Tester]says: I agree with the Product Owner and suggest defining clear requirements and acceptance criteria before starting the development process.\n-----\n\n[ProductOwner]says: As a Product Owner, I will prioritize understanding the user requirements and defining the features needed for the product to ensure it meets the customer's needs.\n-----\n\n[Architect]says: To create a product, we should focus on designing a solution that efficiently calculates the minimum number of jumps required to reach the given point. I recommend breaking down the problem into smaller components for effective design.\n-----\n\n[Developer]says: As a Developer, I think we should consider using dynamic programming to solve this problem efficiently.\n-----\n",
    "DisorderedSprintMeetings": "{\n  \"product-owner\": [\"Understand user requirements\", \"Prioritize features for the product\"],\n  \"architect\": [\"Break down problem into smaller components\", \"Design solution for efficient calculation of jumps\"],\n  \"developer\": [\"Consider algorithmic approach and data structures\", \"Use dynamic programming for efficient solution\"],\n  \"tester\": [\"Define requirements and acceptance criteria\", \"Ensure development process aligns with criteria\"]\n}",
    "DisorderedSprintMeetings_prompt": "{\"Role\": \"You are a professional scrum master. Your goal is to breakdown the Discussion History into a task list for the scrum team.\", \"Instruction\": \"1. Read and Understand the Discussion History. 2. Define the tasks for four roles: product-owner/architect/developer/tester. 3. Response in JSON format.\", \"Example\": \"{\\\"product-owner\\\":[\\\"task1\\\",\\\"task2\\\"],\\\"architect\\\":[\\\"task1\\\",\\\"task2\\\"], \\\"developer\\\":[\\\"task1\\\",\\\"task2\\\"], \\\"tester\\\":[\\\"task1\\\",\\\"task2\\\"]}\", \"Context\": \"[ScrumMaster]says: We have a job: def min_Jumps(steps, d): \\n'''Write a function to check for the number of jumps required of given length to reach a point of form (d, 0) from origin in a 2d plane.\\nassert min_Jumps((3,4),11)==3.5'''\\n, do you have any ideas?\\n-----\\n\\n[Developer]says: I will start by considering the algorithmic approach and data structures needed to solve this problem.\\n-----\\n\\n[ProductOwner]says: As a Product Owner, I think the first step is to understand the user requirements and prioritize the features needed for the product.\\n-----\\n\\n[Tester]says: As a Tester, I would suggest first defining the requirements and acceptance criteria for the function before starting the development process.\\n-----\\n\\n[Architect]says: As an Architect, I suggest breaking down the problem into smaller components and then designing a solution that would efficiently calculate the minimum number of jumps required to reach the given point.\\n-----\\n\\n[Tester]says: [Tester]says: I agree with the Product Owner and suggest defining clear requirements and acceptance criteria before starting the development process.\\n-----\\n\\n[ProductOwner]says: As a Product Owner, I will prioritize understanding the user requirements and defining the features needed for the product to ensure it meets the customer's needs.\\n-----\\n\\n[Architect]says: To create a product, we should focus on designing a solution that efficiently calculates the minimum number of jumps required to reach the given point. I recommend breaking down the problem into smaller components for effective design.\\n-----\\n\\n[Developer]says: As a Developer, I think we should consider using dynamic programming to solve this problem efficiently.\\n-----\\n\", \"Question\": \"Follow the Instruction section. The Discussion History is in the Context section. You only need to return a task list as the Example section.\"}",
    "DesignDraft0": "Design:\n\n1. Define the min_Jumps function to take in two parameters: steps and d.\n2. Break down the problem into smaller components:\n   a. Calculate the total distance from the origin to the point (d, 0) using the steps provided.\n   b. Determine the number of jumps required to cover the total distance.\n3. Design a solution for efficient calculation of jumps:\n   a. Use mathematical calculations to determine the number of jumps required based on the total distance and the length of the steps.\n   b. Consider potential edge cases, such as non-integer number of jumps, and handle them appropriately.\n4. Provide clear and concise comments within the code to explain the functionality and expected output of the min_Jumps function.\n\nNote: This high-level design guides the developer in writing code for the min_Jumps function without providing specific implementation details.",
    "DesignMeetings0": "{\n  \"Developer\": \"Based on the design, I would suggest implementing the min_Jumps function by first calculating the total distance using the steps and d provided. Then, I would use mathematical calculations to determine the number of jumps required based on the total distance and the length of the steps. Additionally, I would handle potential edge cases, such as non-integer number of jumps, by incorporating appropriate error handling in the code. Finally, I would ensure to provide clear and concise comments within the code to explain the functionality and expected output of the min_Jumps function.\",\n  \"Tester\": \"As a tester, I would suggest writing test cases to cover various scenarios such as different values for steps and d, including edge cases. I would also test for non-integer number of jumps and ensure that the code handles them appropriately. Additionally, I would verify that the comments within the code are clear and accurately explain the functionality and expected output of the min_Jumps function.\"\n}",
    "Design0": "Based on the suggestions provided by the developer and tester, I have revised the design for the min_Jumps function as follows:\n\nDesign:\n1. Define the min_Jumps function to take in two parameters: steps and d.\n2. Calculate the total distance from the origin to the point (d, 0) using the steps provided.\n3. Use mathematical calculations to determine the number of jumps required based on the total distance and the length of the steps.\n4. Handle potential edge cases, such as non-integer number of jumps, by incorporating appropriate error handling in the code.\n5. Write test cases to cover various scenarios such as different values for steps and d, including edge cases, and test for non-integer number of jumps.\n6. Provide clear and concise comments within the code to explain the functionality and expected output of the min_Jumps function.\n\nThis revised design takes into account the suggestions from the developer and tester to ensure efficient calculation of jumps and thorough testing of the min_Jumps function.",
    "CodeDraft0": "def min_Jumps(steps, d):\n    total_distance = (d**2)**0.5  # Calculate the total distance from the origin to the point (d, 0) using the steps provided\n    num_jumps = total_distance / steps  # Determine the number of jumps required based on the total distance and the length of the steps\n    return num_jumps  # Return the number of jumps required\n\n# Test cases\nassert min_Jumps((3,4),11) == 3.5",
    "CodeDraft0_prompt": {
        "Role": "You are a professional engineer. Your duty is to write code in Python that meets the requirements. Ensure that the code you write is efficient, readable, and follows best practices. Remember, do not need to explain the code you wrote.",
        "Instruction": "According to the Context section, write your code.",
        "Example": "",
        "Context": "# Tasks:\n['Consider algorithmic approach and data structures', 'Use dynamic programming for efficient solution']\n# Design:\nBased on the suggestions provided by the developer and tester, I have revised the design for the min_Jumps function as follows:\n\nDesign:\n1. Define the min_Jumps function to take in two parameters: steps and d.\n2. Calculate the total distance from the origin to the point (d, 0) using the steps provided.\n3. Use mathematical calculations to determine the number of jumps required based on the total distance and the length of the steps.\n4. Handle potential edge cases, such as non-integer number of jumps, by incorporating appropriate error handling in the code.\n5. Write test cases to cover various scenarios such as different values for steps and d, including edge cases, and test for non-integer number of jumps.\n6. Provide clear and concise comments within the code to explain the functionality and expected output of the min_Jumps function.\n\nThis revised design takes into account the suggestions from the developer and tester to ensure efficient calculation of jumps and thorough testing of the min_Jumps function.",
        "Question": "Follow the Instruction section. Complete the following code:\ndef min_Jumps(steps, d): \n'''Write a function to check for the number of jumps required of given length to reach a point of form (d, 0) from origin in a 2d plane.\nassert min_Jumps((3,4),11)==3.5'''\n"
    },
    "CodeReviewMeetings0": "{\n  \"Architect\": \"The code needs to be more readable and should include comments to explain the logic of the calculations. Also, it's better to use more descriptive variable names instead of 'd' and 'steps'.\",\n  \"Tester\": \"The code should include more comprehensive test cases to cover different scenarios, such as negative inputs, zero inputs, and large inputs. Additionally, it's important to consider edge cases and validate the output against expected results.\"\n}",
    "Code0CR": "def min_Jumps(steps, distance): \n    '''Write a function to check for the number of jumps required of given length to reach a point of form (distance, 0) from origin in a 2d plane.\n    assert min_Jumps((3,4),11)==3.5'''\n    total_distance = ((distance**2) - (0**2)) ** 0.5\n    jumps = total_distance / steps\n    return jumps",
    "Code0CR_prompt": "{\"Role\": \"You are a professional software engineer. Your duty is to write code in Python that meets the requirements. Ensure that the code you write is efficient, readable, and follows best practices. Remember, do not need to explain the code you wrote.\", \"Instruction\": \"1. Understand the suggestions(in the Context section) about the original code. 2. Rewrite your code.\", \"Example\": \"\", \"Context\": \"# Tasks:\\n['Consider algorithmic approach and data structures', 'Use dynamic programming for efficient solution']\\n# Design:\\nBased on the suggestions provided by the developer and tester, I have revised the design for the min_Jumps function as follows:\\n\\nDesign:\\n1. Define the min_Jumps function to take in two parameters: steps and d.\\n2. Calculate the total distance from the origin to the point (d, 0) using the steps provided.\\n3. Use mathematical calculations to determine the number of jumps required based on the total distance and the length of the steps.\\n4. Handle potential edge cases, such as non-integer number of jumps, by incorporating appropriate error handling in the code.\\n5. Write test cases to cover various scenarios such as different values for steps and d, including edge cases, and test for non-integer number of jumps.\\n6. Provide clear and concise comments within the code to explain the functionality and expected output of the min_Jumps function.\\n\\nThis revised design takes into account the suggestions from the developer and tester to ensure efficient calculation of jumps and thorough testing of the min_Jumps function.# Suggestions:\\n{\\n  \\\"Architect\\\": \\\"The code needs to be more readable and should include comments to explain the logic of the calculations. Also, it's better to use more descriptive variable names instead of 'd' and 'steps'.\\\",\\n  \\\"Tester\\\": \\\"The code should include more comprehensive test cases to cover different scenarios, such as negative inputs, zero inputs, and large inputs. Additionally, it's important to consider edge cases and validate the output against expected results.\\\"\\n}\", \"Question\": \"Follow the Instruction section. Complete the following code:\\ndef min_Jumps(steps, d): \\n'''Write a function to check for the number of jumps required of given length to reach a point of form (d, 0) from origin in a 2d plane.\\nassert min_Jumps((3,4),11)==3.5'''\\n\"}",
    "FinalCode": "def min_Jumps(steps, d):\n    '''Write a function to check for the number of jumps required of given length to reach a point of form (d, 0) from origin in a 2d plane.'''\n    x = d / steps[0]\n    y = steps[1] / steps[0]\n    return x + (y * (d - (x * steps[0])) / steps[1])",
    "Test Cases Draft": "{\n  \"test_cases\": [\n    {\n      \"Test Title\": \"Valid input - integer number of jumps\",\n      \"Input Data\": \"steps=3, d=11\",\n      \"Expected Output\": \"3.5\"\n    },\n    {\n      \"Test Title\": \"Valid input - non-integer number of jumps\",\n      \"Input Data\": \"steps=2, d=10\",\n      \"Expected Output\": \"5\"\n    },\n    {\n      \"Test Title\": \"Edge case - steps and d both zero\",\n      \"Input Data\": \"steps=0, d=0\",\n      \"Expected Output\": \"0\"\n    },\n    {\n      \"Test Title\": \"Edge case - d is zero\",\n      \"Input Data\": \"steps=5, d=0\",\n      \"Expected Output\": \"0\"\n    },\n    {\n      \"Test Title\": \"Edge case - steps is zero\",\n      \"Input Data\": \"steps=0, d=8\",\n      \"Expected Output\": \"0\"\n    }\n  ]\n}",
    "Test Cases Draft_prompt": "{\"Role\": \"You are a quality assurance engineer. Your duty is to design test cases for the developers.\", \"Instruction\": \"According to the Context section, write test cases. Don't write long strings in your test cases. Response in JSON format.\", \"Example\": \"{\\\"requirement analysis\\\":\\\"analysis\\\",\\\"test_cases\\\":[{\\\"Test Title\\\":\\\"title\\\", \\\"Input Data\\\":\\\"parameter1=[1,2,3],parameter2='123'\\\", \\\"Expected Output\\\":\\\"456\\\"},]}\", \"Context\": \"# Tasks:\\n['Define requirements and acceptance criteria', 'Ensure development process aligns with criteria']\\n# Design:\\nBased on the suggestions provided by the developer and tester, I have revised the design for the min_Jumps function as follows:\\n\\nDesign:\\n1. Define the min_Jumps function to take in two parameters: steps and d.\\n2. Calculate the total distance from the origin to the point (d, 0) using the steps provided.\\n3. Use mathematical calculations to determine the number of jumps required based on the total distance and the length of the steps.\\n4. Handle potential edge cases, such as non-integer number of jumps, by incorporating appropriate error handling in the code.\\n5. Write test cases to cover various scenarios such as different values for steps and d, including edge cases, and test for non-integer number of jumps.\\n6. Provide clear and concise comments within the code to explain the functionality and expected output of the min_Jumps function.\\n\\nThis revised design takes into account the suggestions from the developer and tester to ensure efficient calculation of jumps and thorough testing of the min_Jumps function.\", \"Question\": \"def min_Jumps(steps, d): \\n'''Write a function to check for the number of jumps required of given length to reach a point of form (d, 0) from origin in a 2d plane.\\nassert min_Jumps((3,4),11)==3.5'''\\n\"}",
    "Test Cases Meetings": "{\n  \"Architect\": \"As an Architect, I suggest revising the test cases to include boundary values and negative test cases. For example, testing with a negative number of steps or distance, testing with a very large number of steps or distance, and testing with non-numeric input should be considered.\",\n  \"Developer\": \"As a Developer, I suggest revising the test cases to include more detailed descriptions of the expected behavior and the reasoning behind the input data. Additionally, adding more test cases to cover different scenarios and conditions would be beneficial for thorough testing.\"\n}",
    "Test Cases": "{\n  \"test_cases\": [\n    {\n      \"Test Title\": \"Valid input - integer number of jumps\",\n      \"Input Data\": \"steps=3, d=11\",\n      \"Expected Output\": \"3.5\"\n    },\n    {\n      \"Test Title\": \"Valid input - non-integer number of jumps\",\n      \"Input Data\": \"steps=2, d=10\",\n      \"Expected Output\": \"5\"\n    },\n    {\n      \"Test Title\": \"Edge case - steps and d both zero\",\n      \"Input Data\": \"steps=0, d=0\",\n      \"Expected Output\": \"0\"\n    },\n    {\n      \"Test Title\": \"Edge case - d is zero\",\n      \"Input Data\": \"steps=5, d=0\",\n      \"Expected Output\": \"0\"\n    },\n    {\n      \"Test Title\": \"Edge case - steps is zero\",\n      \"Input Data\": \"steps=0, d=8\",\n      \"Expected Output\": \"0\"\n    },\n    {\n      \"Test Title\": \"Negative test case - negative number of steps\",\n      \"Input Data\": \"steps=-3, d=11\",\n      \"Expected Output\": \"Invalid input\"\n    },\n    {\n      \"Test Title\": \"Boundary test case - very large number of steps\",\n      \"Input Data\": \"steps=1000000, d=11\",\n      \"Expected Output\": \"550000\"\n    },\n    {\n      \"Test Title\": \"Boundary test case - very large distance\",\n      \"Input Data\": \"steps=3, d=1000000\",\n      \"Expected Output\": \"500000\"\n    },\n    {\n      \"Test Title\": \"Negative test case - non-numeric input for steps\",\n      \"Input Data\": \"steps='abc', d=11\",\n      \"Expected Output\": \"Invalid input\"\n    },\n    {\n      \"Test Title\": \"Negative test case - non-numeric input for distance\",\n      \"Input Data\": \"steps=3, d='def'\",\n      \"Expected Output\": \"Invalid input\"\n    }\n  ]\n}",
    "Test Cases_prompt": "{\"Role\": \"You are a quality assurance engineer. Your duty is to revise the test cases based on the suggestions.\", \"Instruction\": \"1. Your colleague give you some suggestions(in the Context section) about the draft test cases, read these suggestions. 2. Revise your draft version test cases, but don't use long parameters. 3. Response in JSON format.\", \"Example\": \"{\\\"requirement analysis\\\":\\\"analysis\\\",\\\"test_cases\\\":[{\\\"Test Title\\\":\\\"title\\\", \\\"Input Data\\\":\\\"parameter1=[1,2,3],parameter2='123'\\\", \\\"Expected Output\\\":\\\"456\\\"},]}\", \"Context\": \"# Suggestions:\\n{\\n  \\\"Architect\\\": \\\"As an Architect, I suggest revising the test cases to include boundary values and negative test cases. For example, testing with a negative number of steps or distance, testing with a very large number of steps or distance, and testing with non-numeric input should be considered.\\\",\\n  \\\"Developer\\\": \\\"As a Developer, I suggest revising the test cases to include more detailed descriptions of the expected behavior and the reasoning behind the input data. Additionally, adding more test cases to cover different scenarios and conditions would be beneficial for thorough testing.\\\"\\n}\\n # Draft Test cases:\\n{\\n  \\\"test_cases\\\": [\\n    {\\n      \\\"Test Title\\\": \\\"Valid input - integer number of jumps\\\",\\n      \\\"Input Data\\\": \\\"steps=3, d=11\\\",\\n      \\\"Expected Output\\\": \\\"3.5\\\"\\n    },\\n    {\\n      \\\"Test Title\\\": \\\"Valid input - non-integer number of jumps\\\",\\n      \\\"Input Data\\\": \\\"steps=2, d=10\\\",\\n      \\\"Expected Output\\\": \\\"5\\\"\\n    },\\n    {\\n      \\\"Test Title\\\": \\\"Edge case - steps and d both zero\\\",\\n      \\\"Input Data\\\": \\\"steps=0, d=0\\\",\\n      \\\"Expected Output\\\": \\\"0\\\"\\n    },\\n    {\\n      \\\"Test Title\\\": \\\"Edge case - d is zero\\\",\\n      \\\"Input Data\\\": \\\"steps=5, d=0\\\",\\n      \\\"Expected Output\\\": \\\"0\\\"\\n    },\\n    {\\n      \\\"Test Title\\\": \\\"Edge case - steps is zero\\\",\\n      \\\"Input Data\\\": \\\"steps=0, d=8\\\",\\n      \\\"Expected Output\\\": \\\"0\\\"\\n    }\\n  ]\\n}\", \"Question\": \"Follow the Instruction. Please make sure your response length are less than 512. Your test cases is for the below question:\\ndef min_Jumps(steps, d): \\n'''Write a function to check for the number of jumps required of given length to reach a point of form (d, 0) from origin in a 2d plane.\\nassert min_Jumps((3,4),11)==3.5'''\\n\"}",
    "Code0": "def min_Jumps(steps, d):\n    total_distance = ((d**2) - (0**2)) ** 0.5\n    jumps = total_distance / steps\n    return jumps",
    "Code0_prompt": {
        "Role": "You are a professional software engineer. Your duty is to write code in Python that meets the requirements. Ensure that the code you write is efficient, readable, and follows best practices. Remember, do not need to explain the code you wrote.",
        "Instruction": "1. Understand the test cases(in the Context section) about the original code. 2. Rewrite your code, make sure your code pass all test cases.",
        "Example": "",
        "Context": "# Original Code:\ndef min_Jumps(steps, distance): \n    '''Write a function to check for the number of jumps required of given length to reach a point of form (distance, 0) from origin in a 2d plane.\n    assert min_Jumps((3,4),11)==3.5'''\n    total_distance = ((distance**2) - (0**2)) ** 0.5\n    jumps = total_distance / steps\n    return jumps\n# Test Cases:\n{\n  \"test_cases\": [\n    {\n      \"Test Title\": \"Valid input - integer number of jumps\",\n      \"Input Data\": \"steps=3, d=11\",\n      \"Expected Output\": \"3.5\"\n    },\n    {\n      \"Test Title\": \"Valid input - non-integer number of jumps\",\n      \"Input Data\": \"steps=2, d=10\",\n      \"Expected Output\": \"5\"\n    },\n    {\n      \"Test Title\": \"Edge case - steps and d both zero\",\n      \"Input Data\": \"steps=0, d=0\",\n      \"Expected Output\": \"0\"\n    },\n    {\n      \"Test Title\": \"Edge case - d is zero\",\n      \"Input Data\": \"steps=5, d=0\",\n      \"Expected Output\": \"0\"\n    },\n    {\n      \"Test Title\": \"Edge case - steps is zero\",\n      \"Input Data\": \"steps=0, d=8\",\n      \"Expected Output\": \"0\"\n    },\n    {\n      \"Test Title\": \"Negative test case - negative number of steps\",\n      \"Input Data\": \"steps=-3, d=11\",\n      \"Expected Output\": \"Invalid input\"\n    },\n    {\n      \"Test Title\": \"Boundary test case - very large number of steps\",\n      \"Input Data\": \"steps=1000000, d=11\",\n      \"Expected Output\": \"550000\"\n    },\n    {\n      \"Test Title\": \"Boundary test case - very large distance\",\n      \"Input Data\": \"steps=3, d=1000000\",\n      \"Expected Output\": \"500000\"\n    },\n    {\n      \"Test Title\": \"Negative test case - non-numeric input for steps\",\n      \"Input Data\": \"steps='abc', d=11\",\n      \"Expected Output\": \"Invalid input\"\n    },\n    {\n      \"Test Title\": \"Negative test case - non-numeric input for distance\",\n      \"Input Data\": \"steps=3, d='def'\",\n      \"Expected Output\": \"Invalid input\"\n    }\n  ]\n}",
        "Question": "def min_Jumps(steps, d): \n'''Write a function to check for the number of jumps required of given length to reach a point of form (d, 0) from origin in a 2d plane.\nassert min_Jumps((3,4),11)==3.5'''\n"
    },
    "TestScriptOriginal": "import unittest\n\ndef min_Jumps(steps, d):\n    # Write your function here\n    pass\n\nclass Test(unittest.TestCase):\n    def test_min_jumps(self):\n        self.assertEqual(min_Jumps((3,4), 11), 3.5)\n\nif __name__ == '__main__':\n    unittest.main()",
    "TestScriptOriginal_prompt": "{\"Role\": \"You are a quality assurance engineer. Your duty is to write a python test script in unittest framework.\", \"Instruction\": \"1. Write a python test script. 2. Use the input and output given by the question.\", \"Example\": \"import unittest\\n\\nclass Test(unittest.TestCase):\\n    def test(self):\\n        self.assertEqual(function_under_test('a'), 1)\\n\\nif __name__ == '__main__':\\n    unittest.main()\", \"Context\": \"\", \"Question\": \"def min_Jumps(steps, d): \\n'''Write a function to check for the number of jumps required of given length to reach a point of form (d, 0) from origin in a 2d plane.\\nassert min_Jumps((3,4),11)==3.5'''\\n\"}",
    "TestScript": "import unittest\n\nclass Test(unittest.TestCase):\n    def test_min_jumps(self):\n        self.assertEqual(min_Jumps((3,4), 11), 3.5)\n\nif __name__ == '__main__':\n    unittest.main()",
    "ScriptResult0": "E\n======================================================================\nERROR: test_min_jumps (__main__.Test)\n----------------------------------------------------------------------\nTraceback (most recent call last):\n  File \"/Users/watch/PycharmProjects/XXXX-1-LLM/workspace/2024-03-11_09-20-19-751639/test_script.py\", line 9, in test_min_jumps\n    self.assertEqual(min_Jumps((3,4), 11), 3.5)\n  File \"/Users/watch/PycharmProjects/XXXX-1-LLM/workspace/2024-03-11_09-20-19-751639/test_script.py\", line 3, in min_Jumps\n    jumps = total_distance / steps\nTypeError: unsupported operand type(s) for /: 'float' and 'tuple'\n\n----------------------------------------------------------------------\nRan 1 test in 0.000s\n\nFAILED (errors=1)\n",
    "TestReport0": "Test Report:\n\nTest Script Output:\nE\n======================================================================\nERROR: test_min_jumps (__main__.Test)\n----------------------------------------------------------------------\nTraceback (most recent call last):\n  File \"/Users/watch/PycharmProjects/XXXX-1-LLM/workspace/2024-03-11_09-20-19-751639/test_script.py\", line 9, in test_min_jumps\n    self.assertEqual(min_Jumps((3,4), 11), 3.5)\n  File \"/Users/watch/PycharmProjects/XXXX-1-LLM/workspace/2024-03-11_09-20-19-751639/test_script.py\", line 3, in min_Jumps\n    jumps = total_distance / steps\nTypeError: unsupported operand type(s) for /: 'float' and 'tuple'\n\n----------------------------------------------------------------------\n\nRan 1 test in 0.000s\n\nFAILED (errors=1)\n\nCode Test Failed\n\nInput and Expected Output Example:\ndef min_Jumps(steps, d):\n    total_distance = ((d**2) - (0**2)) ** 0.5\n    jumps = total_distance / steps\n    return jumps\n\nConclusion:\nThe code has failed the test due to unsupported operand types for the division operation. The test case (min_Jumps((3,4), 11), 3.5) resulted in a TypeError. The code needs to be revised to handle the division of a float and a tuple.",
    "SprintReview0": "[ScrumMaster]says: Here is our test Report: Test Report:\n\nTest Script Output:\nE\n======================================================================\nERROR: test_min_jumps (__main__.Test)\n----------------------------------------------------------------------\nTraceback (most recent call last):\n  File \"/Users/watch/PycharmProjects/XXXX-1-LLM/workspace/2024-03-11_09-20-19-751639/test_script.py\", line 9, in test_min_jumps\n    self.assertEqual(min_Jumps((3,4), 11), 3.5)\n  File \"/Users/watch/PycharmProjects/XXXX-1-LLM/workspace/2024-03-11_09-20-19-751639/test_script.py\", line 3, in min_Jumps\n    jumps = total_distance / steps\nTypeError: unsupported operand type(s) for /: 'float' and 'tuple'\n\n----------------------------------------------------------------------\n\nRan 1 test in 0.000s\n\nFAILED (errors=1)\n\nCode Test Failed\n\nInput and Expected Output Example:\ndef min_Jumps(steps, d):\n    total_distance = ((d**2) - (0**2)) ** 0.5\n    jumps = total_distance / steps\n    return jumps\n\nConclusion:\nThe code has failed the test due to unsupported operand types for the division operation. The test case (min_Jumps((3,4), 11), 3.5) resulted in a TypeError. The code needs to be revised to handle the division of a float and a tuple., do you have any ideas?\n-----\n\n[Architect]says: As an architect, we should review the code and ensure that the division operation can handle the input types appropriately.\n-----\n\n[Developer]says: As a Developer, I will review the code and make the necessary revisions to handle the division of a float and a tuple.\n-----\n\n[ProductOwner]says: As a Product Owner, we should prioritize fixing this issue as it directly impacts the functionality and reliability of our product.\n-----\n\n[Tester]says: As a Tester, I suggest that we revise the code to handle the division of a float and a tuple in order to fix the TypeError issue.\n-----\n\n[Architect]says: As an architect, we should review the code and ensure that the division operation can handle the input types appropriately.\n-----\n\n[ProductOwner]says: As a Product Owner, I agree that fixing this issue should be a top priority to ensure the functionality and reliability of our product.\n-----\n\n[Developer]says: As a Developer, I will review the code and make the necessary revisions to handle the division of a float and a tuple.\n-----\n\n[Tester]says: As a Tester, I suggest that we revise the code to handle the division of a float and a tuple in order to fix the TypeError issue.\n-----\n",
    "SprintReviewMeetings0": "{\n  \"product-owner\":[\"We should prioritize fixing this issue as it directly impacts the functionality and reliability of our product.\"],\n  \"architect\":[\"We should review the code and ensure that the division operation can handle the input types appropriately.\"],\n  \"developer\":[\"I will review the code and make the necessary revisions to handle the division of a float and a tuple.\"],\n  \"tester\":[\"I suggest that we revise the code to handle the division of a float and a tuple in order to fix the TypeError issue.\"]\n}",
    "SprintReviewMeetings0_prompt": "{\"Role\": \"You are a professional scrum master. Your goal is to summary the Discussion History into a suggestions list for the scrum team.\", \"Instruction\": \"1. Read and Understand the Discussion History. 2. Summary the suggestions from four roles: product-owner/architect/developer/tester. 3. Response in JSON format.\", \"Example\": \"{\\\"product-owner\\\":[\\\"suggestion1\\\",\\\"suggestion2\\\"],\\\"architect\\\":[\\\"suggestion1\\\",\\\"suggestion2\\\"], \\\"developer\\\":[\\\"suggestion1\\\",\\\"suggestion2\\\"], \\\"tester\\\":[\\\"suggestion1\\\",\\\"suggestion2\\\"]}\", \"Context\": \"[ScrumMaster]says: Here is our test Report: Test Report:\\n\\nTest Script Output:\\nE\\n======================================================================\\nERROR: test_min_jumps (__main__.Test)\\n----------------------------------------------------------------------\\nTraceback (most recent call last):\\n  File \\\"/Users/watch/PycharmProjects/XXXX-1-LLM/workspace/2024-03-11_09-20-19-751639/test_script.py\\\", line 9, in test_min_jumps\\n    self.assertEqual(min_Jumps((3,4), 11), 3.5)\\n  File \\\"/Users/watch/PycharmProjects/XXXX-1-LLM/workspace/2024-03-11_09-20-19-751639/test_script.py\\\", line 3, in min_Jumps\\n    jumps = total_distance / steps\\nTypeError: unsupported operand type(s) for /: 'float' and 'tuple'\\n\\n----------------------------------------------------------------------\\n\\nRan 1 test in 0.000s\\n\\nFAILED (errors=1)\\n\\nCode Test Failed\\n\\nInput and Expected Output Example:\\ndef min_Jumps(steps, d):\\n    total_distance = ((d**2) - (0**2)) ** 0.5\\n    jumps = total_distance / steps\\n    return jumps\\n\\nConclusion:\\nThe code has failed the test due to unsupported operand types for the division operation. The test case (min_Jumps((3,4), 11), 3.5) resulted in a TypeError. The code needs to be revised to handle the division of a float and a tuple., do you have any ideas?\\n-----\\n\\n[Architect]says: As an architect, we should review the code and ensure that the division operation can handle the input types appropriately.\\n-----\\n\\n[Developer]says: As a Developer, I will review the code and make the necessary revisions to handle the division of a float and a tuple.\\n-----\\n\\n[ProductOwner]says: As a Product Owner, we should prioritize fixing this issue as it directly impacts the functionality and reliability of our product.\\n-----\\n\\n[Tester]says: As a Tester, I suggest that we revise the code to handle the division of a float and a tuple in order to fix the TypeError issue.\\n-----\\n\\n[Architect]says: As an architect, we should review the code and ensure that the division operation can handle the input types appropriately.\\n-----\\n\\n[ProductOwner]says: As a Product Owner, I agree that fixing this issue should be a top priority to ensure the functionality and reliability of our product.\\n-----\\n\\n[Developer]says: As a Developer, I will review the code and make the necessary revisions to handle the division of a float and a tuple.\\n-----\\n\\n[Tester]says: As a Tester, I suggest that we revise the code to handle the division of a float and a tuple in order to fix the TypeError issue.\\n-----\\n\", \"Question\": \"Follow the Instruction section. The Discussion History is in the Context section. You only need to return a list as the Example section.\"}",
    "RepairResponse0": "{\n  \"revised_code\": \"def min_Jumps(steps, d):\\n    total_distance = ((d[0]**2) - (0**2)) ** 0.5\\n    jumps = total_distance / (steps[0] + steps[1])\\n    return jumps\"\n}",
    "RepairResponse0_prompt": {
        "Role": "You are a professional software engineer. Your duty is to write code in Python that meets the requirements. Ensure that the code you write is efficient, readable, and follows best practices. Remember, do not need to explain the code you wrote.",
        "Instruction": "1. Rewrite a bug fix version of the original code. 2. Response in JSON format.",
        "Example": "{\"revised_code\":\"...\"}",
        "Context": "# Test Report:\nTest Report:\n\nTest Script Output:\nE\n======================================================================\nERROR: test_min_jumps (__main__.Test)\n----------------------------------------------------------------------\nTraceback (most recent call last):\n  File \"/Users/watch/PycharmProjects/XXXX-1-LLM/workspace/2024-03-11_09-20-19-751639/test_script.py\", line 9, in test_min_jumps\n    self.assertEqual(min_Jumps((3,4), 11), 3.5)\n  File \"/Users/watch/PycharmProjects/XXXX-1-LLM/workspace/2024-03-11_09-20-19-751639/test_script.py\", line 3, in min_Jumps\n    jumps = total_distance / steps\nTypeError: unsupported operand type(s) for /: 'float' and 'tuple'\n\n----------------------------------------------------------------------\n\nRan 1 test in 0.000s\n\nFAILED (errors=1)\n\nCode Test Failed\n\nInput and Expected Output Example:\ndef min_Jumps(steps, d):\n    total_distance = ((d**2) - (0**2)) ** 0.5\n    jumps = total_distance / steps\n    return jumps\n\nConclusion:\nThe code has failed the test due to unsupported operand types for the division operation. The test case (min_Jumps((3,4), 11), 3.5) resulted in a TypeError. The code needs to be revised to handle the division of a float and a tuple.# suggestions:\n{\"product-owner\": [\"We should prioritize fixing this issue as it directly impacts the functionality and reliability of our product.\"], \"architect\": [\"We should review the code and ensure that the division operation can handle the input types appropriately.\"], \"developer\": [\"I will review the code and make the necessary revisions to handle the division of a float and a tuple.\"], \"tester\": [\"I suggest that we revise the code to handle the division of a float and a tuple in order to fix the TypeError issue.\"]}",
        "Question": "The original code has some bugs, according to the test report and suggestions, rewrite the code. Complete the following code:\ndef min_Jumps(steps, d): \n'''Write a function to check for the number of jumps required of given length to reach a point of form (d, 0) from origin in a 2d plane.\nassert min_Jumps((3,4),11)==3.5'''\n"
    },
    "Code1": "def min_Jumps(steps, d):\n    total_distance = ((d[0]**2) - (0**2)) ** 0.5\n    jumps = total_distance / (steps[0] + steps[1])\n    return jumps",
    "ScriptResult1": "E\n======================================================================\nERROR: test_min_jumps (__main__.Test)\n----------------------------------------------------------------------\nTraceback (most recent call last):\n  File \"/Users/watch/PycharmProjects/XXXX-1-LLM/workspace/2024-03-11_09-20-19-751639/test_script.py\", line 9, in test_min_jumps\n    self.assertEqual(min_Jumps((3,4), 11), 3.5)\n  File \"/Users/watch/PycharmProjects/XXXX-1-LLM/workspace/2024-03-11_09-20-19-751639/test_script.py\", line 2, in min_Jumps\n    total_distance = ((d[0]**2) - (0**2)) ** 0.5\nTypeError: 'int' object is not subscriptable\n\n----------------------------------------------------------------------\nRan 1 test in 0.000s\n\nFAILED (errors=1)\n",
    "TestReport1": "Test Report:\n\nTest script's output:\nE\n======================================================================\nERROR: test_min_jumps (__main__.Test)\n----------------------------------------------------------------------\nTraceback (most recent call last):\n  File \"/Users/watch/PycharmProjects/XXXX-1-LLM/workspace/2024-03-11_09-20-19-751639/test_script.py\", line 9, in test_min_jumps\n    self.assertEqual(min_Jumps((3,4), 11), 3.5)\n  File \"/Users/watch/PycharmProjects/XXXX-1-LLM/workspace/2024-03-11_09-20-19-751639/test_script.py\", line 2, in min_Jumps\n    total_distance = ((d[0]**2) - (0**2)) ** 0.5\nTypeError: 'int' object is not subscriptable\n\n----------------------------------------------------------------------\nRan 1 test in 0.000s\n\nFAILED (errors=1)\n\nTest Conclusion: Code Test FAILED\n\nInput and Expected Output Example:\ndef min_Jumps(steps, d):\n    total_distance = ((d[0]**2) - (0**2)) ** 0.5\n    jumps = total_distance / (steps[0] + steps[1])\n    return jumps\n\nThe code failed the test due to a TypeError: 'int' object is not subscriptable. The expected output was 3.5 but the code did not produce the expected output, resulting in a test failure.",
    "SprintReview1": "[ScrumMaster]says: Here is our test Report: Test Report:\n\nTest script's output:\nE\n======================================================================\nERROR: test_min_jumps (__main__.Test)\n----------------------------------------------------------------------\nTraceback (most recent call last):\n  File \"/Users/watch/PycharmProjects/XXXX-1-LLM/workspace/2024-03-11_09-20-19-751639/test_script.py\", line 9, in test_min_jumps\n    self.assertEqual(min_Jumps((3,4), 11), 3.5)\n  File \"/Users/watch/PycharmProjects/XXXX-1-LLM/workspace/2024-03-11_09-20-19-751639/test_script.py\", line 2, in min_Jumps\n    total_distance = ((d[0]**2) - (0**2)) ** 0.5\nTypeError: 'int' object is not subscriptable\n\n----------------------------------------------------------------------\nRan 1 test in 0.000s\n\nFAILED (errors=1)\n\nTest Conclusion: Code Test FAILED\n\nInput and Expected Output Example:\ndef min_Jumps(steps, d):\n    total_distance = ((d[0]**2) - (0**2)) ** 0.5\n    jumps = total_distance / (steps[0] + steps[1])\n    return jumps\n\nThe code failed the test due to a TypeError: 'int' object is not subscriptable. The expected output was 3.5 but the code did not produce the expected output, resulting in a test failure., do you have any ideas?\n-----\n\n[Architect]says: As an Architect, I suggest reviewing the code to identify and fix the issue causing the TypeError.\n-----\n\n[Developer]says: As a Developer, I will review the code and look into the TypeError to fix the issue.\n-----\n\n[ProductOwner]says: As a Product Owner, I suggest conducting a thorough review of the code and identifying the root cause of the TypeError to rectify the issue.\n-----\n\n[Tester]says: As a Tester, it seems that the code failed the test due to a TypeError: 'int' object is not subscriptable. I suggest checking the code to ensure it can handle the input properly.\n-----\n\n[Architect]says: As an Architect, I suggest reviewing the code to identify and fix the issue causing the TypeError.\n-----\n\n[Developer]says: As a Developer, I will review the code and look into the TypeError to fix the issue.\n-----\n\n[ProductOwner]says: As a Product Owner, I would like to ensure that the team conducts a thorough review of the code and identifies the root cause of the TypeError to rectify the issue.\n-----\n\n[Tester]says: As a Tester, it seems that the code failed the test due to a TypeError: 'int' object is not subscriptable. I suggest checking the code to ensure it can handle the input properly.\n-----\n",
    "SprintReviewMeetings1": "{\n  \"product-owner\": [\n    \"conducting a thorough review of the code and identifying the root cause of the TypeError to rectify the issue\"\n  ],\n  \"architect\": [\n    \"reviewing the code to identify and fix the issue causing the TypeError\"\n  ],\n  \"developer\": [\n    \"review the code and look into the TypeError to fix the issue\"\n  ],\n  \"tester\": [\n    \"checking the code to ensure it can handle the input properly\"\n  ]\n}",
    "SprintReviewMeetings1_prompt": "{\"Role\": \"You are a professional scrum master. Your goal is to summary the Discussion History into a suggestions list for the scrum team.\", \"Instruction\": \"1. Read and Understand the Discussion History. 2. Summary the suggestions from four roles: product-owner/architect/developer/tester. 3. Response in JSON format.\", \"Example\": \"{\\\"product-owner\\\":[\\\"suggestion1\\\",\\\"suggestion2\\\"],\\\"architect\\\":[\\\"suggestion1\\\",\\\"suggestion2\\\"], \\\"developer\\\":[\\\"suggestion1\\\",\\\"suggestion2\\\"], \\\"tester\\\":[\\\"suggestion1\\\",\\\"suggestion2\\\"]}\", \"Context\": \"[ScrumMaster]says: Here is our test Report: Test Report:\\n\\nTest script's output:\\nE\\n======================================================================\\nERROR: test_min_jumps (__main__.Test)\\n----------------------------------------------------------------------\\nTraceback (most recent call last):\\n  File \\\"/Users/watch/PycharmProjects/XXXX-1-LLM/workspace/2024-03-11_09-20-19-751639/test_script.py\\\", line 9, in test_min_jumps\\n    self.assertEqual(min_Jumps((3,4), 11), 3.5)\\n  File \\\"/Users/watch/PycharmProjects/XXXX-1-LLM/workspace/2024-03-11_09-20-19-751639/test_script.py\\\", line 2, in min_Jumps\\n    total_distance = ((d[0]**2) - (0**2)) ** 0.5\\nTypeError: 'int' object is not subscriptable\\n\\n----------------------------------------------------------------------\\nRan 1 test in 0.000s\\n\\nFAILED (errors=1)\\n\\nTest Conclusion: Code Test FAILED\\n\\nInput and Expected Output Example:\\ndef min_Jumps(steps, d):\\n    total_distance = ((d[0]**2) - (0**2)) ** 0.5\\n    jumps = total_distance / (steps[0] + steps[1])\\n    return jumps\\n\\nThe code failed the test due to a TypeError: 'int' object is not subscriptable. The expected output was 3.5 but the code did not produce the expected output, resulting in a test failure., do you have any ideas?\\n-----\\n\\n[Architect]says: As an Architect, I suggest reviewing the code to identify and fix the issue causing the TypeError.\\n-----\\n\\n[Developer]says: As a Developer, I will review the code and look into the TypeError to fix the issue.\\n-----\\n\\n[ProductOwner]says: As a Product Owner, I suggest conducting a thorough review of the code and identifying the root cause of the TypeError to rectify the issue.\\n-----\\n\\n[Tester]says: As a Tester, it seems that the code failed the test due to a TypeError: 'int' object is not subscriptable. I suggest checking the code to ensure it can handle the input properly.\\n-----\\n\\n[Architect]says: As an Architect, I suggest reviewing the code to identify and fix the issue causing the TypeError.\\n-----\\n\\n[Developer]says: As a Developer, I will review the code and look into the TypeError to fix the issue.\\n-----\\n\\n[ProductOwner]says: As a Product Owner, I would like to ensure that the team conducts a thorough review of the code and identifies the root cause of the TypeError to rectify the issue.\\n-----\\n\\n[Tester]says: As a Tester, it seems that the code failed the test due to a TypeError: 'int' object is not subscriptable. I suggest checking the code to ensure it can handle the input properly.\\n-----\\n\", \"Question\": \"Follow the Instruction section. The Discussion History is in the Context section. You only need to return a list as the Example section.\"}",
    "RepairResponse1": "{\n  \"revised_code\": \"def min_Jumps(steps, d):\\n    total_distance = ((d**2) - (0**2)) ** 0.5\\n    jumps = total_distance / (steps[0] + steps[1])\\n    return jumps\"\n}",
    "RepairResponse1_prompt": {
        "Role": "You are a professional software engineer. Your duty is to write code in Python that meets the requirements. Ensure that the code you write is efficient, readable, and follows best practices. Remember, do not need to explain the code you wrote.",
        "Instruction": "1. Rewrite a bug fix version of the original code. 2. Response in JSON format.",
        "Example": "{\"revised_code\":\"...\"}",
        "Context": "# Test Report:\nTest Report:\n\nTest script's output:\nE\n======================================================================\nERROR: test_min_jumps (__main__.Test)\n----------------------------------------------------------------------\nTraceback (most recent call last):\n  File \"/Users/watch/PycharmProjects/XXXX-1-LLM/workspace/2024-03-11_09-20-19-751639/test_script.py\", line 9, in test_min_jumps\n    self.assertEqual(min_Jumps((3,4), 11), 3.5)\n  File \"/Users/watch/PycharmProjects/XXXX-1-LLM/workspace/2024-03-11_09-20-19-751639/test_script.py\", line 2, in min_Jumps\n    total_distance = ((d[0]**2) - (0**2)) ** 0.5\nTypeError: 'int' object is not subscriptable\n\n----------------------------------------------------------------------\nRan 1 test in 0.000s\n\nFAILED (errors=1)\n\nTest Conclusion: Code Test FAILED\n\nInput and Expected Output Example:\ndef min_Jumps(steps, d):\n    total_distance = ((d[0]**2) - (0**2)) ** 0.5\n    jumps = total_distance / (steps[0] + steps[1])\n    return jumps\n\nThe code failed the test due to a TypeError: 'int' object is not subscriptable. The expected output was 3.5 but the code did not produce the expected output, resulting in a test failure.# suggestions:\n{\"product-owner\": [\"conducting a thorough review of the code and identifying the root cause of the TypeError to rectify the issue\"], \"architect\": [\"reviewing the code to identify and fix the issue causing the TypeError\"], \"developer\": [\"review the code and look into the TypeError to fix the issue\"], \"tester\": [\"checking the code to ensure it can handle the input properly\"]}",
        "Question": "The original code has some bugs, according to the test report and suggestions, rewrite the code. Complete the following code:\ndef min_Jumps(steps, d): \n'''Write a function to check for the number of jumps required of given length to reach a point of form (d, 0) from origin in a 2d plane.\nassert min_Jumps((3,4),11)==3.5'''\n"
    },
    "Code2": "def min_Jumps(steps, d):\n    total_distance = ((d**2) - (0**2)) ** 0.5\n    jumps = total_distance / (steps[0] + steps[1])\n    return jumps",
    "ScriptResult2": "F\n======================================================================\nFAIL: test_min_jumps (__main__.Test)\n----------------------------------------------------------------------\nTraceback (most recent call last):\n  File \"/Users/watch/PycharmProjects/XXXX-1-LLM/workspace/2024-03-11_09-20-19-751639/test_script.py\", line 9, in test_min_jumps\n    self.assertEqual(min_Jumps((3,4), 11), 3.5)\nAssertionError: 1.5714285714285714 != 3.5\n\n----------------------------------------------------------------------\nRan 1 test in 0.000s\n\nFAILED (failures=1)\n",
    "TestReport2": "Test Report:\n\n- Test Case: test_min_jumps\n- Input: steps = (3, 4), d = 11\n- Expected Output: 3.5\n- Actual Output: 1.5714285714285714\n\nConclusion: Code Test Failed\n\nExplanation:\nThe test case for the function min_Jumps has failed. The expected output for the given input (steps = (3, 4), d = 11) is 3.5, but the actual output is 1.5714285714285714. The assertion error indicates that the actual output does not match the expected output.\n\nRecommendation:\nThe function min_Jumps needs to be reviewed and corrected to provide the expected output for the given input.\n\nNote: The test script's output indicates that the code has failed the test. Therefore, the conclusion is that the \"Code Test Failed\".",
    "SprintReview2": "[ScrumMaster]says: Here is our test Report: Test Report:\n\n- Test Case: test_min_jumps\n- Input: steps = (3, 4), d = 11\n- Expected Output: 3.5\n- Actual Output: 1.5714285714285714\n\nConclusion: Code Test Failed\n\nExplanation:\nThe test case for the function min_Jumps has failed. The expected output for the given input (steps = (3, 4), d = 11) is 3.5, but the actual output is 1.5714285714285714. The assertion error indicates that the actual output does not match the expected output.\n\nRecommendation:\nThe function min_Jumps needs to be reviewed and corrected to provide the expected output for the given input.\n\nNote: The test script's output indicates that the code has failed the test. Therefore, the conclusion is that the \"Code Test Failed\"., do you have any ideas?\n-----\n\n[Developer]says: As a Developer, I will review the min_Jumps function and identify the cause of the discrepancy between the expected and actual outputs.\n-----\n\n[ProductOwner]says: As a Product Owner, I think we should prioritize reviewing and correcting the function min_Jumps to ensure the expected output for the given input is achieved.\n-----\n\n[Tester]says: As a Tester, I recommend reviewing and correcting the function min_Jumps to provide the expected output for the given input.\n-----\n\n[Architect]says: As an Architect, I suggest that we review the code for the function min_Jumps and identify the issue in order to provide the expected output for the given input.\n-----\n\n[Tester]says: As a Tester, I recommend reviewing and correcting the function min_Jumps to provide the expected output for the given input.\n-----\n\n[Developer]says: As a Developer, I will debug the min_Jumps function to identify and fix the issue causing the test failure.\n-----\n\n[ProductOwner]says: As a Product Owner, I believe it is important to prioritize reviewing and correcting the function min_Jumps to ensure the expected output for the given input is achieved.\n-----\n\n[Architect]says: As an Architect, I suggest that we review the architecture of the min_Jumps function and identify any design issues that may be causing the discrepancy in the expected and actual outputs.\n-----\n",
    "SprintReviewMeetings2": "{\n  \"product-owner\":[\"I think we should prioritize reviewing and correcting the function min_Jumps to ensure the expected output for the given input is achieved.\", \"I believe it is important to prioritize reviewing and correcting the function min_Jumps to ensure the expected output for the given input is achieved.\"],\n  \"architect\":[\"I suggest that we review the code for the function min_Jumps and identify the issue in order to provide the expected output for the given input.\", \"I suggest that we review the architecture of the min_Jumps function and identify any design issues that may be causing the discrepancy in the expected and actual outputs.\"],\n  \"developer\":[\"I will review the min_Jumps function and identify the cause of the discrepancy between the expected and actual outputs.\", \"I will debug the min_Jumps function to identify and fix the issue causing the test failure.\"],\n  \"tester\":[\"I recommend reviewing and correcting the function min_Jumps to provide the expected output for the given input.\", \"I recommend reviewing and correcting the function min_Jumps to provide the expected output for the given input.\"]\n}",
    "SprintReviewMeetings2_prompt": "{\"Role\": \"You are a professional scrum master. Your goal is to summary the Discussion History into a suggestions list for the scrum team.\", \"Instruction\": \"1. Read and Understand the Discussion History. 2. Summary the suggestions from four roles: product-owner/architect/developer/tester. 3. Response in JSON format.\", \"Example\": \"{\\\"product-owner\\\":[\\\"suggestion1\\\",\\\"suggestion2\\\"],\\\"architect\\\":[\\\"suggestion1\\\",\\\"suggestion2\\\"], \\\"developer\\\":[\\\"suggestion1\\\",\\\"suggestion2\\\"], \\\"tester\\\":[\\\"suggestion1\\\",\\\"suggestion2\\\"]}\", \"Context\": \"[ScrumMaster]says: Here is our test Report: Test Report:\\n\\n- Test Case: test_min_jumps\\n- Input: steps = (3, 4), d = 11\\n- Expected Output: 3.5\\n- Actual Output: 1.5714285714285714\\n\\nConclusion: Code Test Failed\\n\\nExplanation:\\nThe test case for the function min_Jumps has failed. The expected output for the given input (steps = (3, 4), d = 11) is 3.5, but the actual output is 1.5714285714285714. The assertion error indicates that the actual output does not match the expected output.\\n\\nRecommendation:\\nThe function min_Jumps needs to be reviewed and corrected to provide the expected output for the given input.\\n\\nNote: The test script's output indicates that the code has failed the test. Therefore, the conclusion is that the \\\"Code Test Failed\\\"., do you have any ideas?\\n-----\\n\\n[Developer]says: As a Developer, I will review the min_Jumps function and identify the cause of the discrepancy between the expected and actual outputs.\\n-----\\n\\n[ProductOwner]says: As a Product Owner, I think we should prioritize reviewing and correcting the function min_Jumps to ensure the expected output for the given input is achieved.\\n-----\\n\\n[Tester]says: As a Tester, I recommend reviewing and correcting the function min_Jumps to provide the expected output for the given input.\\n-----\\n\\n[Architect]says: As an Architect, I suggest that we review the code for the function min_Jumps and identify the issue in order to provide the expected output for the given input.\\n-----\\n\\n[Tester]says: As a Tester, I recommend reviewing and correcting the function min_Jumps to provide the expected output for the given input.\\n-----\\n\\n[Developer]says: As a Developer, I will debug the min_Jumps function to identify and fix the issue causing the test failure.\\n-----\\n\\n[ProductOwner]says: As a Product Owner, I believe it is important to prioritize reviewing and correcting the function min_Jumps to ensure the expected output for the given input is achieved.\\n-----\\n\\n[Architect]says: As an Architect, I suggest that we review the architecture of the min_Jumps function and identify any design issues that may be causing the discrepancy in the expected and actual outputs.\\n-----\\n\", \"Question\": \"Follow the Instruction section. The Discussion History is in the Context section. You only need to return a list as the Example section.\"}",
    "RepairResponse2": "{\n  \"revised_code\": \"def min_Jumps(steps, d):\\n    '''Write a function to check for the number of jumps required of given length to reach a point of form (d, 0) from origin in a 2d plane.'''\\n    x = d / steps[0]\\n    y = steps[1] / steps[0]\\n    return x + (y * (d - (x * steps[0])) / steps[1])\"\n}",
    "RepairResponse2_prompt": {
        "Role": "You are a professional software engineer. Your duty is to write code in Python that meets the requirements. Ensure that the code you write is efficient, readable, and follows best practices. Remember, do not need to explain the code you wrote.",
        "Instruction": "1. Rewrite a bug fix version of the original code. 2. Response in JSON format.",
        "Example": "{\"revised_code\":\"...\"}",
        "Context": "# Test Report:\nTest Report:\n\n- Test Case: test_min_jumps\n- Input: steps = (3, 4), d = 11\n- Expected Output: 3.5\n- Actual Output: 1.5714285714285714\n\nConclusion: Code Test Failed\n\nExplanation:\nThe test case for the function min_Jumps has failed. The expected output for the given input (steps = (3, 4), d = 11) is 3.5, but the actual output is 1.5714285714285714. The assertion error indicates that the actual output does not match the expected output.\n\nRecommendation:\nThe function min_Jumps needs to be reviewed and corrected to provide the expected output for the given input.\n\nNote: The test script's output indicates that the code has failed the test. Therefore, the conclusion is that the \"Code Test Failed\".# suggestions:\n{\"product-owner\": [\"I think we should prioritize reviewing and correcting the function min_Jumps to ensure the expected output for the given input is achieved.\", \"I believe it is important to prioritize reviewing and correcting the function min_Jumps to ensure the expected output for the given input is achieved.\"], \"architect\": [\"I suggest that we review the code for the function min_Jumps and identify the issue in order to provide the expected output for the given input.\", \"I suggest that we review the architecture of the min_Jumps function and identify any design issues that may be causing the discrepancy in the expected and actual outputs.\"], \"developer\": [\"I will review the min_Jumps function and identify the cause of the discrepancy between the expected and actual outputs.\", \"I will debug the min_Jumps function to identify and fix the issue causing the test failure.\"], \"tester\": [\"I recommend reviewing and correcting the function min_Jumps to provide the expected output for the given input.\", \"I recommend reviewing and correcting the function min_Jumps to provide the expected output for the given input.\"]}",
        "Question": "The original code has some bugs, according to the test report and suggestions, rewrite the code. Complete the following code:\ndef min_Jumps(steps, d): \n'''Write a function to check for the number of jumps required of given length to reach a point of form (d, 0) from origin in a 2d plane.\nassert min_Jumps((3,4),11)==3.5'''\n"
    },
    "Code3": "def min_Jumps(steps, d):\n    '''Write a function to check for the number of jumps required of given length to reach a point of form (d, 0) from origin in a 2d plane.'''\n    x = d / steps[0]\n    y = steps[1] / steps[0]\n    return x + (y * (d - (x * steps[0])) / steps[1])",
    "ScriptResult3": "F\n======================================================================\nFAIL: test_min_jumps (__main__.Test)\n----------------------------------------------------------------------\nTraceback (most recent call last):\n  File \"/Users/watch/PycharmProjects/XXXX-1-LLM/workspace/2024-03-11_09-20-19-751639/test_script.py\", line 10, in test_min_jumps\n    self.assertEqual(min_Jumps((3,4), 11), 3.5)\nAssertionError: 3.6666666666666665 != 3.5\n\n----------------------------------------------------------------------\nRan 1 test in 0.000s\n\nFAILED (failures=1)\n",
    "TestReport3": "Test Report:\n\nTest Script's Output:\nF\n======================================================================\nFAIL: test_min_jumps (__main__.Test)\n----------------------------------------------------------------------\nTraceback (most recent call last):\n  File \"/Users/watch/PycharmProjects/XXXX-1-LLM/workspace/2024-03-11_09-20-19-751639/test_script.py\", line 10, in test_min_jumps\n    self.assertEqual(min_Jumps((3,4), 11), 3.5)\nAssertionError: 3.6666666666666665 != 3.5\n\n----------------------------------------------------------------------\nRan 1 test in 0.000s\n\nFAILED (failures=1)\n\nConclusion: Code Test Failed\n\nInput and Expected Output Example:\ndef min_Jumps(steps, d):\n    '''Write a function to check for the number of jumps required of given length to reach a point of form (d, 0) from origin in a 2d plane.'''\n    x = d / steps[0]\n    y = steps[1] / steps[0]\n    return x + (y * (d - (x * steps[0])) / steps[1)\n\nThe code failed the test due to the assertion error. The expected output was 3.5, but the actual output was 3.6666666666666665. This indicates a discrepancy in the calculation, leading to a failed test.\n\nNote: Please review the min_Jumps function to correct the calculation discrepancy and rerun the test.\n\nEnd of Test Report."
}