{
    "start_time": "2024-03-11_10-44-20-273402",
    "task": "def check_value(dict, n):\n'''Write a function to check if all values are same in a dictionary.\nassert check_value({'Cierra Vega': 12, 'Alden Cantrell': 12, 'Kierra Gentry': 12, 'Pierre Cox': 12},10)==False'''\n",
    "datetime": {
        "task": "2024-03-11 10:44:20",
        "task-id": "2024-03-11 10:44:20",
        "workflow": "2024-03-11 10:44:20",
        "Discussion": "2024-03-11 10:44:21",
        "DisorderedSprintMeetings": "2024-03-11 10:44:23",
        "UserStoryDraft0": "2024-03-11 10:44:24",
        "AnalyzeMeetings": "2024-03-11 10:44:25",
        "UserStory0": "2024-03-11 10:44:28",
        "CodeDraft0": "2024-03-11 10:44:30",
        "CodeReviewMeetings0": "2024-03-11 10:44:33",
        "Code0CR": "2024-03-11 10:44:34",
        "FinalCode": "2024-03-11 10:45:07",
        "Test Cases Draft": "2024-03-11 10:44:36",
        "Test Cases Meetings": "2024-03-11 10:44:38",
        "Test Cases": "2024-03-11 10:44:42",
        "Code0": "2024-03-11 10:44:44",
        "TestScriptOriginal": "2024-03-11 10:44:45",
        "TestScript": "2024-03-11 10:44:45",
        "ScriptResult0": "2024-03-11 10:44:45",
        "TestReport0": "2024-03-11 10:44:48",
        "SprintReview0": "2024-03-11 10:44:49",
        "SprintReviewMeetings0": "2024-03-11 10:44:51",
        "RepairResponse0": "2024-03-11 10:44:52",
        "Code1": "2024-03-11 10:44:52",
        "ScriptResult1": "2024-03-11 10:44:52",
        "TestReport1": "2024-03-11 10:44:55",
        "SprintReview1": "2024-03-11 10:44:56",
        "SprintReviewMeetings1": "2024-03-11 10:44:58",
        "RepairResponse1": "2024-03-11 10:44:59",
        "Code2": "2024-03-11 10:44:59",
        "ScriptResult2": "2024-03-11 10:44:59",
        "TestReport2": "2024-03-11 10:45:02",
        "SprintReview2": "2024-03-11 10:45:04",
        "SprintReviewMeetings2": "2024-03-11 10:45:06",
        "RepairResponse2": "2024-03-11 10:45:07",
        "Code3": "2024-03-11 10:45:07",
        "ScriptResult3": "2024-03-11 10:45:07",
        "TestReport3": "2024-03-11 10:45:10"
    },
    "task-id": 464,
    "workflow": "agile/agile_version_0.0.5_remove.json",
    "Discussion": "[ScrumMaster]says: We have a job: def check_value(dict, n):\n'''Write a function to check if all values are same in a dictionary.\nassert check_value({'Cierra Vega': 12, 'Alden Cantrell': 12, 'Kierra Gentry': 12, 'Pierre Cox': 12},10)==False'''\n, do you have any ideas?\n-----\n\n[ProductOwner]says: As a Product Owner, I think we should prioritize creating a user story for this task and discuss the potential impact on the product.\n-----\n\n[Developer]says: As a Developer, I think we can start by iterating over the values in the dictionary and comparing them to the first value to check if they are all the same.\n-----\n\n[Architect]says: As an architect, I will suggest breaking down the task into smaller modules and then defining the data structure to handle the dictionary values efficiently.\n-----\n\n[Tester]says: As a Tester, I would suggest writing test cases for the check_value function to ensure it covers all possible scenarios and edge cases.\n-----\n\n[ProductOwner]says: As a Product Owner, I think we should prioritize creating a user story for this task and discuss the potential impact on the product.\n-----\n\n[Architect]says: As an architect, I will suggest breaking down the task into smaller modules and then defining the data structure to handle the dictionary values efficiently.\n-----\n\n[Tester]says: As a Tester, I would suggest writing test cases for the check_value function to ensure it covers all possible scenarios and edge cases.\n-----\n\n[Developer]says: As a Developer, I think we can start by writing test cases to cover different scenarios and then implement the function to check if all values are the same in the dictionary.\n-----\n",
    "DisorderedSprintMeetings": "{\n  \"product-owner\": [\"Prioritize creating a user story for the task\", \"Discuss potential impact on the product\"],\n  \"architect\": [\"Break down the task into smaller modules\", \"Define data structure to handle dictionary values efficiently\"],\n  \"developer\": [\"Iterate over dictionary values and compare them to the first value\", \"Write test cases to cover different scenarios and implement the function\"],\n  \"tester\": [\"Write test cases for the check_value function\", \"Ensure it covers all possible scenarios and edge cases\"]\n}",
    "DisorderedSprintMeetings_prompt": "{\"Role\": \"You are a professional scrum master. Your goal is to breakdown the Discussion History into a task list for the scrum team.\", \"Instruction\": \"1. Read and Understand the Discussion History. 2. Define the tasks for four roles: product-owner/architect/developer/tester. 3. Response in JSON format.\", \"Example\": \"{\\\"product-owner\\\":[\\\"task1\\\",\\\"task2\\\"],\\\"architect\\\":[\\\"task1\\\",\\\"task2\\\"], \\\"developer\\\":[\\\"task1\\\",\\\"task2\\\"], \\\"tester\\\":[\\\"task1\\\",\\\"task2\\\"]}\", \"Context\": \"[ScrumMaster]says: We have a job: def check_value(dict, n):\\n'''Write a function to check if all values are same in a dictionary.\\nassert check_value({'Cierra Vega': 12, 'Alden Cantrell': 12, 'Kierra Gentry': 12, 'Pierre Cox': 12},10)==False'''\\n, do you have any ideas?\\n-----\\n\\n[ProductOwner]says: As a Product Owner, I think we should prioritize creating a user story for this task and discuss the potential impact on the product.\\n-----\\n\\n[Developer]says: As a Developer, I think we can start by iterating over the values in the dictionary and comparing them to the first value to check if they are all the same.\\n-----\\n\\n[Architect]says: As an architect, I will suggest breaking down the task into smaller modules and then defining the data structure to handle the dictionary values efficiently.\\n-----\\n\\n[Tester]says: As a Tester, I would suggest writing test cases for the check_value function to ensure it covers all possible scenarios and edge cases.\\n-----\\n\\n[ProductOwner]says: As a Product Owner, I think we should prioritize creating a user story for this task and discuss the potential impact on the product.\\n-----\\n\\n[Architect]says: As an architect, I will suggest breaking down the task into smaller modules and then defining the data structure to handle the dictionary values efficiently.\\n-----\\n\\n[Tester]says: As a Tester, I would suggest writing test cases for the check_value function to ensure it covers all possible scenarios and edge cases.\\n-----\\n\\n[Developer]says: As a Developer, I think we can start by writing test cases to cover different scenarios and then implement the function to check if all values are the same in the dictionary.\\n-----\\n\", \"Question\": \"Follow the Instruction section. The Discussion History is in the Context section. You only need to return a task list as the Example section.\"}",
    "UserStoryDraft0": "{\n  \"UserStory\": \"As a product owner, I want to ensure that the system has a function to check if all values in a dictionary are the same, so that we can maintain data integrity and accuracy. This will help in improving the reliability and quality of the product.\"\n}",
    "UserStoryDraft0_prompt": "{\"Role\": \"You need to act as a professional product owner. Your task is to write a UserStory\", \"Instruction\": \"According to the Context, please analyze the requirement and write your response. Response in JSON format. Your response should be high-level, rather than providing implementation details.\", \"Example\": \"\", \"Context\": [\"Prioritize creating a user story for the task\", \"Discuss potential impact on the product\"], \"Question\": \"Follow the Instruction. The requirement is as follows:\\ndef check_value(dict, n):\\n'''Write a function to check if all values are same in a dictionary.\\nassert check_value({'Cierra Vega': 12, 'Alden Cantrell': 12, 'Kierra Gentry': 12, 'Pierre Cox': 12},10)==False'''\\n\"}",
    "AnalyzeMeetings": "{\n  \"Architect\": \"I suggest using a built-in function or library for checking if all values in a dictionary are the same, rather than implementing a custom solution. This will ensure efficiency and reliability of the function.\",\n  \"Tester\": \"I suggest testing the function with various types of dictionaries, including empty dictionaries, dictionaries with all values the same, and dictionaries with different values. This will ensure that the function is robust and accurate in checking for uniform values.\"\n}",
    "UserStory0": "{\n  \"RevisedDocument\": {\n    \"UserStory\": \"As a product owner, I want to ensure that the system has a built-in function or library to check if all values in a dictionary are the same, so that we can maintain data integrity and accuracy. This will help in improving the reliability and quality of the product.\",\n    \"RevisionNotes\": \"I have revised the document based on the suggestions. I have incorporated the suggestion from the Architect to use a built-in function or library for checking if all values in a dictionary are the same. This will ensure efficiency and reliability. Additionally, I have included the suggestion from the Tester to test the function with various types of dictionaries to ensure robustness and accuracy.\"\n  }\n}",
    "UserStory0_prompt": {
        "Role": "You need to act as a professional product owner. Your duty is to revise the document based on the suggestions.",
        "Instruction": "1. Read the suggestions. 2. Revise your draft version document. 3. Response in JSON format. 4. REMEMBER: Your analysis should be high-level, rather than providing implementation details.",
        "Example": "",
        "Context": "# Suggestion:\n{\n  \"Architect\": \"I suggest using a built-in function or library for checking if all values in a dictionary are the same, rather than implementing a custom solution. This will ensure efficiency and reliability of the function.\",\n  \"Tester\": \"I suggest testing the function with various types of dictionaries, including empty dictionaries, dictionaries with all values the same, and dictionaries with different values. This will ensure that the function is robust and accurate in checking for uniform values.\"\n}",
        "Question": "Follow the Instruction. Your colleague give you some suggestions(in the Context section) about this draft document:{\n  \"UserStory\": \"As a product owner, I want to ensure that the system has a function to check if all values in a dictionary are the same, so that we can maintain data integrity and accuracy. This will help in improving the reliability and quality of the product.\"\n}"
    },
    "CodeDraft0": "def check_value(dict, n):\n    first_value = list(dict.values())[0]\n    for value in dict.values():\n        if value != first_value:\n            return False\n    return True\n\n# Test cases\nassert check_value({'Cierra Vega': 12, 'Alden Cantrell': 12, 'Kierra Gentry': 12, 'Pierre Cox': 12}, 10) == True\nassert check_value({'Cierra Vega': 12, 'Alden Cantrell': 10, 'Kierra Gentry': 12, 'Pierre Cox': 12}, 10) == False\nassert check_value({'Cierra Vega': 5, 'Alden Cantrell': 5, 'Kierra Gentry': 5, 'Pierre Cox': 5}, 10) == True",
    "CodeDraft0_prompt": {
        "Role": "You are a professional engineer. Your duty is to write code in Python that meets the requirements. Ensure that the code you write is efficient, readable, and follows best practices. Remember, do not need to explain the code you wrote.",
        "Instruction": "According to the Context section, write your code.",
        "Example": "",
        "Context": "# Tasks:\n['Iterate over dictionary values and compare them to the first value', 'Write test cases to cover different scenarios and implement the function']",
        "Question": "Follow the Instruction section. Complete the following code:\ndef check_value(dict, n):\n'''Write a function to check if all values are same in a dictionary.\nassert check_value({'Cierra Vega': 12, 'Alden Cantrell': 12, 'Kierra Gentry': 12, 'Pierre Cox': 12},10)==False'''\n"
    },
    "CodeReviewMeetings0": "{\n  \"Architect\": \"The function should be more general and not just check for equality of values. It should take into account the value of 'n' and compare it with the values in the dictionary. Additionally, the function should handle edge cases such as empty dictionary input.\",\n  \"Tester\": \"The test cases should cover more scenarios including empty dictionary input, negative numbers for 'n', and dictionary with non-integer values. Also, the test cases should include more descriptive assert messages for better understanding of failures.\"\n}",
    "Code0CR": "def check_value(dict, n):\n    if not dict:\n        return False\n    first_value = next(iter(dict.values()))\n    for value in dict.values():\n        if value != first_value or value != n:\n            return False\n    return True",
    "Code0CR_prompt": "{\"Role\": \"You are a professional software engineer. Your duty is to write code in Python that meets the requirements. Ensure that the code you write is efficient, readable, and follows best practices. Remember, do not need to explain the code you wrote.\", \"Instruction\": \"1. Understand the suggestions(in the Context section) about the original code. 2. Rewrite your code.\", \"Example\": \"\", \"Context\": \"# Tasks:\\n['Iterate over dictionary values and compare them to the first value', 'Write test cases to cover different scenarios and implement the function']\\n# Suggestions:\\n{\\n  \\\"Architect\\\": \\\"The function should be more general and not just check for equality of values. It should take into account the value of 'n' and compare it with the values in the dictionary. Additionally, the function should handle edge cases such as empty dictionary input.\\\",\\n  \\\"Tester\\\": \\\"The test cases should cover more scenarios including empty dictionary input, negative numbers for 'n', and dictionary with non-integer values. Also, the test cases should include more descriptive assert messages for better understanding of failures.\\\"\\n}\", \"Question\": \"Follow the Instruction section. Complete the following code:\\ndef check_value(dict, n):\\n'''Write a function to check if all values are same in a dictionary.\\nassert check_value({'Cierra Vega': 12, 'Alden Cantrell': 12, 'Kierra Gentry': 12, 'Pierre Cox': 12},10)==False'''\\n\"}",
    "FinalCode": "def check_value(dictionary, n):\n    '''Write a function to check if all values are same in a dictionary.'''\n    return all(value == n for value in dictionary.values())",
    "Test Cases Draft": "{\n  \"TestCases\": [\n    {\n      \"TestTitle\": \"Test with identical values in dictionary\",\n      \"InputData\": \"{'Cierra Vega': 12, 'Alden Cantrell': 12, 'Kierra Gentry': 12, 'Pierre Cox': 12}, 10\",\n      \"ExpectedOutput\": \"False\"\n    },\n    {\n      \"TestTitle\": \"Test with different values in dictionary\",\n      \"InputData\": \"{'Cierra Vega': 12, 'Alden Cantrell': 10, 'Kierra Gentry': 12, 'Pierre Cox': 12}, 10\",\n      \"ExpectedOutput\": \"True\"\n    },\n    {\n      \"TestTitle\": \"Test with empty dictionary\",\n      \"InputData\": \"{}, 5\",\n      \"ExpectedOutput\": \"True\"\n    },\n    {\n      \"TestTitle\": \"Test with large dictionary size\",\n      \"InputData\": \"{'A': 1, 'B': 1, 'C': 1, ... 'Z': 1}, 1\",\n      \"ExpectedOutput\": \"True\"\n    }\n  ]\n}",
    "Test Cases Draft_prompt": "{\"Role\": \"You are a quality assurance engineer. Your duty is to design test cases for the developers.\", \"Instruction\": \"According to the Context section, write test cases. Don't write long strings in your test cases. Response in JSON format.\", \"Example\": \"{\\\"requirement analysis\\\":\\\"analysis\\\",\\\"test_cases\\\":[{\\\"Test Title\\\":\\\"title\\\", \\\"Input Data\\\":\\\"parameter1=[1,2,3],parameter2='123'\\\", \\\"Expected Output\\\":\\\"456\\\"},]}\", \"Context\": \"# UsrtStory:\\n{\\n  \\\"RevisedDocument\\\": {\\n    \\\"UserStory\\\": \\\"As a product owner, I want to ensure that the system has a built-in function or library to check if all values in a dictionary are the same, so that we can maintain data integrity and accuracy. This will help in improving the reliability and quality of the product.\\\",\\n    \\\"RevisionNotes\\\": \\\"I have revised the document based on the suggestions. I have incorporated the suggestion from the Architect to use a built-in function or library for checking if all values in a dictionary are the same. This will ensure efficiency and reliability. Additionally, I have included the suggestion from the Tester to test the function with various types of dictionaries to ensure robustness and accuracy.\\\"\\n  }\\n}\\n# Tasks:\\n['Write test cases for the check_value function', 'Ensure it covers all possible scenarios and edge cases']\\n\", \"Question\": \"def check_value(dict, n):\\n'''Write a function to check if all values are same in a dictionary.\\nassert check_value({'Cierra Vega': 12, 'Alden Cantrell': 12, 'Kierra Gentry': 12, 'Pierre Cox': 12},10)==False'''\\n\"}",
    "Test Cases Meetings": "{\n  \"Architect\": \"As an Architect, I suggest revising the test cases to include boundary value testing for the dictionary size, as well as testing for negative values in the dictionary. Additionally, it would be beneficial to include test cases that validate the handling of non-dictionary input data.\",\n  \"Developer\": \"As a Developer, I recommend revising the test cases to ensure that the input data and expected output are clearly defined and aligned with the functionality of the code. It would also be helpful to include test cases that cover edge cases such as empty input data or unexpected data types.\"\n}",
    "Test Cases": "{\n  \"test_cases\": [\n    {\n      \"TestTitle\": \"Test with identical values in dictionary\",\n      \"InputData\": \"{ 'Cierra Vega': 12, 'Alden Cantrell': 12, 'Kierra Gentry': 12, 'Pierre Cox': 12 }, 10\",\n      \"ExpectedOutput\": \"False\"\n    },\n    {\n      \"TestTitle\": \"Test with different values in dictionary\",\n      \"InputData\": \"{ 'Cierra Vega': 12, 'Alden Cantrell': 10, 'Kierra Gentry': 12, 'Pierre Cox': 12 }, 10\",\n      \"ExpectedOutput\": \"True\"\n    },\n    {\n      \"TestTitle\": \"Test with empty dictionary\",\n      \"InputData\": \"{}, 5\",\n      \"ExpectedOutput\": \"True\"\n    },\n    {\n      \"TestTitle\": \"Test with large dictionary size\",\n      \"InputData\": \"{ 'A': 1, 'B': 1, 'C': 1, ... 'Z': 1 }, 1\",\n      \"ExpectedOutput\": \"True\"\n    },\n    {\n      \"TestTitle\": \"Boundary value testing for dictionary size\",\n      \"InputData\": \"{ 'A': 1, 'B': 1, 'C': 1, ... 'Z': 1 }, 10\",\n      \"ExpectedOutput\": \"True\"\n    },\n    {\n      \"TestTitle\": \"Testing for negative values in dictionary\",\n      \"InputData\": \"{ 'Cierra Vega': -12, 'Alden Cantrell': -12, 'Kierra Gentry': -12, 'Pierre Cox': -12 }, 10\",\n      \"ExpectedOutput\": \"False\"\n    },\n    {\n      \"TestTitle\": \"Testing handling of non-dictionary input data\",\n      \"InputData\": \"123, 10\",\n      \"ExpectedOutput\": \"Invalid input\"\n    }\n  ]\n}",
    "Test Cases_prompt": "{\"Role\": \"You are a quality assurance engineer. Your duty is to revise the test cases based on the suggestions.\", \"Instruction\": \"1. Your colleague give you some suggestions(in the Context section) about the draft test cases, read these suggestions. 2. Revise your draft version test cases, but don't use long parameters. 3. Response in JSON format.\", \"Example\": \"{\\\"requirement analysis\\\":\\\"analysis\\\",\\\"test_cases\\\":[{\\\"Test Title\\\":\\\"title\\\", \\\"Input Data\\\":\\\"parameter1=[1,2,3],parameter2='123'\\\", \\\"Expected Output\\\":\\\"456\\\"},]}\", \"Context\": \"# Suggestions:\\n{\\n  \\\"Architect\\\": \\\"As an Architect, I suggest revising the test cases to include boundary value testing for the dictionary size, as well as testing for negative values in the dictionary. Additionally, it would be beneficial to include test cases that validate the handling of non-dictionary input data.\\\",\\n  \\\"Developer\\\": \\\"As a Developer, I recommend revising the test cases to ensure that the input data and expected output are clearly defined and aligned with the functionality of the code. It would also be helpful to include test cases that cover edge cases such as empty input data or unexpected data types.\\\"\\n}\\n # Draft Test cases:\\n{\\n  \\\"TestCases\\\": [\\n    {\\n      \\\"TestTitle\\\": \\\"Test with identical values in dictionary\\\",\\n      \\\"InputData\\\": \\\"{'Cierra Vega': 12, 'Alden Cantrell': 12, 'Kierra Gentry': 12, 'Pierre Cox': 12}, 10\\\",\\n      \\\"ExpectedOutput\\\": \\\"False\\\"\\n    },\\n    {\\n      \\\"TestTitle\\\": \\\"Test with different values in dictionary\\\",\\n      \\\"InputData\\\": \\\"{'Cierra Vega': 12, 'Alden Cantrell': 10, 'Kierra Gentry': 12, 'Pierre Cox': 12}, 10\\\",\\n      \\\"ExpectedOutput\\\": \\\"True\\\"\\n    },\\n    {\\n      \\\"TestTitle\\\": \\\"Test with empty dictionary\\\",\\n      \\\"InputData\\\": \\\"{}, 5\\\",\\n      \\\"ExpectedOutput\\\": \\\"True\\\"\\n    },\\n    {\\n      \\\"TestTitle\\\": \\\"Test with large dictionary size\\\",\\n      \\\"InputData\\\": \\\"{'A': 1, 'B': 1, 'C': 1, ... 'Z': 1}, 1\\\",\\n      \\\"ExpectedOutput\\\": \\\"True\\\"\\n    }\\n  ]\\n}\", \"Question\": \"Follow the Instruction. Please make sure your response length are less than 512. Your test cases is for the below question:\\ndef check_value(dict, n):\\n'''Write a function to check if all values are same in a dictionary.\\nassert check_value({'Cierra Vega': 12, 'Alden Cantrell': 12, 'Kierra Gentry': 12, 'Pierre Cox': 12},10)==False'''\\n\"}",
    "Code0": "def check_value(dict, n):\n    if not isinstance(dict, dict):\n        return \"Invalid input\"\n    if not dict:\n        return True\n    first_value = next(iter(dict.values()))\n    for value in dict.values():\n        if value != first_value or value != n:\n            return False\n    return True",
    "Code0_prompt": {
        "Role": "You are a professional software engineer. Your duty is to write code in Python that meets the requirements. Ensure that the code you write is efficient, readable, and follows best practices. Remember, do not need to explain the code you wrote.",
        "Instruction": "1. Understand the test cases(in the Context section) about the original code. 2. Rewrite your code, make sure your code pass all test cases.",
        "Example": "",
        "Context": "# Original Code:\ndef check_value(dict, n):\n    if not dict:\n        return False\n    first_value = next(iter(dict.values()))\n    for value in dict.values():\n        if value != first_value or value != n:\n            return False\n    return True\n# Test Cases:\n{\n  \"test_cases\": [\n    {\n      \"TestTitle\": \"Test with identical values in dictionary\",\n      \"InputData\": \"{ 'Cierra Vega': 12, 'Alden Cantrell': 12, 'Kierra Gentry': 12, 'Pierre Cox': 12 }, 10\",\n      \"ExpectedOutput\": \"False\"\n    },\n    {\n      \"TestTitle\": \"Test with different values in dictionary\",\n      \"InputData\": \"{ 'Cierra Vega': 12, 'Alden Cantrell': 10, 'Kierra Gentry': 12, 'Pierre Cox': 12 }, 10\",\n      \"ExpectedOutput\": \"True\"\n    },\n    {\n      \"TestTitle\": \"Test with empty dictionary\",\n      \"InputData\": \"{}, 5\",\n      \"ExpectedOutput\": \"True\"\n    },\n    {\n      \"TestTitle\": \"Test with large dictionary size\",\n      \"InputData\": \"{ 'A': 1, 'B': 1, 'C': 1, ... 'Z': 1 }, 1\",\n      \"ExpectedOutput\": \"True\"\n    },\n    {\n      \"TestTitle\": \"Boundary value testing for dictionary size\",\n      \"InputData\": \"{ 'A': 1, 'B': 1, 'C': 1, ... 'Z': 1 }, 10\",\n      \"ExpectedOutput\": \"True\"\n    },\n    {\n      \"TestTitle\": \"Testing for negative values in dictionary\",\n      \"InputData\": \"{ 'Cierra Vega': -12, 'Alden Cantrell': -12, 'Kierra Gentry': -12, 'Pierre Cox': -12 }, 10\",\n      \"ExpectedOutput\": \"False\"\n    },\n    {\n      \"TestTitle\": \"Testing handling of non-dictionary input data\",\n      \"InputData\": \"123, 10\",\n      \"ExpectedOutput\": \"Invalid input\"\n    }\n  ]\n}",
        "Question": "def check_value(dict, n):\n'''Write a function to check if all values are same in a dictionary.\nassert check_value({'Cierra Vega': 12, 'Alden Cantrell': 12, 'Kierra Gentry': 12, 'Pierre Cox': 12},10)==False'''\n"
    },
    "TestScriptOriginal": "import unittest\n\ndef check_value(dict, n):\n    '''Write a function to check if all values are same in a dictionary.'''\n    values = list(dict.values())\n    return all(value == values[0] for value in values)\n\nclass Test(unittest.TestCase):\n    def test(self):\n        self.assertEqual(check_value({'Cierra Vega': 12, 'Alden Cantrell': 12, 'Kierra Gentry': 12, 'Pierre Cox': 12}, 10), True)\n\nif __name__ == '__main__':\n    unittest.main()",
    "TestScriptOriginal_prompt": "{\"Role\": \"You are a quality assurance engineer. Your duty is to write a python test script in unittest framework.\", \"Instruction\": \"1. Write a python test script. 2. Use the input and output given by the question.\", \"Example\": \"import unittest\\n\\nclass Test(unittest.TestCase):\\n    def test(self):\\n        self.assertEqual(function_under_test('a'), 1)\\n\\nif __name__ == '__main__':\\n    unittest.main()\", \"Context\": \"\", \"Question\": \"def check_value(dict, n):\\n'''Write a function to check if all values are same in a dictionary.\\nassert check_value({'Cierra Vega': 12, 'Alden Cantrell': 12, 'Kierra Gentry': 12, 'Pierre Cox': 12},10)==False'''\\n\"}",
    "TestScript": "import unittest\n\nclass Test(unittest.TestCase):\n    def test(self):\n        self.assertEqual(check_value({'Cierra Vega': 12, 'Alden Cantrell': 12, 'Kierra Gentry': 12, 'Pierre Cox': 12}, 10), True)\n\nif __name__ == '__main__':\n    unittest.main()",
    "ScriptResult0": "E\n======================================================================\nERROR: test (__main__.Test)\n----------------------------------------------------------------------\nTraceback (most recent call last):\n  File \"/Users/watch/PycharmProjects/XXXX-1-LLM/workspace/2024-03-11_10-44-20-273402/test_script.py\", line 15, in test\n    self.assertEqual(check_value({'Cierra Vega': 12, 'Alden Cantrell': 12, 'Kierra Gentry': 12, 'Pierre Cox': 12}, 10), True)\n  File \"/Users/watch/PycharmProjects/XXXX-1-LLM/workspace/2024-03-11_10-44-20-273402/test_script.py\", line 2, in check_value\n    if not isinstance(dict, dict):\nTypeError: isinstance() arg 2 must be a type or tuple of types\n\n----------------------------------------------------------------------\nRan 1 test in 0.000s\n\nFAILED (errors=1)\n",
    "TestReport0": "Test Report:\n\n- The test script's output shows an error related to the test case for the check_value function.\n- The error message indicates a TypeError in the check_value function, specifically in the isinstance() call.\n- The test case failed with the following error message: \"TypeError: isinstance() arg 2 must be a type or tuple of types\".\n- The test script indicates that 1 test ran and that it failed due to errors.\n\nConclusion:\nBased on the output of the test script, the code has FAILED the tests.\n\nInput and Expected Output Example:\nThe input and expected output example for the failing test case is as follows:\nInput: {'Cierra Vega': 12, 'Alden Cantrell': 12, 'Kierra Gentry': 12, 'Pierre Cox': 12}, 10\nExpected Output: True\n\nBased on the error message and the failing test case, it is evident that the code did not pass the tests and requires further debugging and correction.",
    "SprintReview0": "[ScrumMaster]says: Here is our test Report: Test Report:\n\n- The test script's output shows an error related to the test case for the check_value function.\n- The error message indicates a TypeError in the check_value function, specifically in the isinstance() call.\n- The test case failed with the following error message: \"TypeError: isinstance() arg 2 must be a type or tuple of types\".\n- The test script indicates that 1 test ran and that it failed due to errors.\n\nConclusion:\nBased on the output of the test script, the code has FAILED the tests.\n\nInput and Expected Output Example:\nThe input and expected output example for the failing test case is as follows:\nInput: {'Cierra Vega': 12, 'Alden Cantrell': 12, 'Kierra Gentry': 12, 'Pierre Cox': 12}, 10\nExpected Output: True\n\nBased on the error message and the failing test case, it is evident that the code did not pass the tests and requires further debugging and correction., do you have any ideas?\n-----\n\n[ProductOwner]says: As a Product Owner, I think the first step is to prioritize fixing the check_value function in order to ensure the code passes the tests.\n-----\n\n[Developer]says: As a Developer, it seems that the check_value function is not handling the input correctly. I believe we should review the function's implementation and address the TypeError in the isinstance() call.\n-----\n\n[Architect]says: As an Architect, I suggest reviewing the check_value function to identify and correct the TypeError in the isinstance() call.\n-----\n\n[Tester]says: As a Tester, I suggest reviewing the check_value function to address the TypeError and ensure it can handle the input correctly.\n-----\n\n[ProductOwner]says: As a Product Owner, I think the first step is to prioritize fixing the check_value function in order to ensure the code passes the tests.\n-----\n\n[Developer]says: As a Developer, I will review the check_value function's implementation and address the TypeError in the isinstance() call to ensure the code passes the tests.\n-----\n\n[Tester]says: As a Tester, I suggest reviewing the check_value function to address the TypeError and ensure it can handle the input correctly.\n-----\n\n[Architect]says: [Architect] To create a product, we should focus on reviewing the check_value function to identify and correct the TypeError in the isinstance() call.\n-----\n",
    "SprintReviewMeetings0": "{\n  \"product-owner\": [\n    \"Prioritize fixing the check_value function in order to ensure the code passes the tests.\"\n  ],\n  \"architect\": [\n    \"Review the check_value function to identify and correct the TypeError in the isinstance() call.\"\n  ],\n  \"developer\": [\n    \"Review the check_value function's implementation and address the TypeError in the isinstance() call to ensure the code passes the tests.\"\n  ],\n  \"tester\": [\n    \"Review the check_value function to address the TypeError and ensure it can handle the input correctly.\"\n  ]\n}",
    "SprintReviewMeetings0_prompt": "{\"Role\": \"You are a professional scrum master. Your goal is to summary the Discussion History into a suggestions list for the scrum team.\", \"Instruction\": \"1. Read and Understand the Discussion History. 2. Summary the suggestions from four roles: product-owner/architect/developer/tester. 3. Response in JSON format.\", \"Example\": \"{\\\"product-owner\\\":[\\\"suggestion1\\\",\\\"suggestion2\\\"],\\\"architect\\\":[\\\"suggestion1\\\",\\\"suggestion2\\\"], \\\"developer\\\":[\\\"suggestion1\\\",\\\"suggestion2\\\"], \\\"tester\\\":[\\\"suggestion1\\\",\\\"suggestion2\\\"]}\", \"Context\": \"[ScrumMaster]says: Here is our test Report: Test Report:\\n\\n- The test script's output shows an error related to the test case for the check_value function.\\n- The error message indicates a TypeError in the check_value function, specifically in the isinstance() call.\\n- The test case failed with the following error message: \\\"TypeError: isinstance() arg 2 must be a type or tuple of types\\\".\\n- The test script indicates that 1 test ran and that it failed due to errors.\\n\\nConclusion:\\nBased on the output of the test script, the code has FAILED the tests.\\n\\nInput and Expected Output Example:\\nThe input and expected output example for the failing test case is as follows:\\nInput: {'Cierra Vega': 12, 'Alden Cantrell': 12, 'Kierra Gentry': 12, 'Pierre Cox': 12}, 10\\nExpected Output: True\\n\\nBased on the error message and the failing test case, it is evident that the code did not pass the tests and requires further debugging and correction., do you have any ideas?\\n-----\\n\\n[ProductOwner]says: As a Product Owner, I think the first step is to prioritize fixing the check_value function in order to ensure the code passes the tests.\\n-----\\n\\n[Developer]says: As a Developer, it seems that the check_value function is not handling the input correctly. I believe we should review the function's implementation and address the TypeError in the isinstance() call.\\n-----\\n\\n[Architect]says: As an Architect, I suggest reviewing the check_value function to identify and correct the TypeError in the isinstance() call.\\n-----\\n\\n[Tester]says: As a Tester, I suggest reviewing the check_value function to address the TypeError and ensure it can handle the input correctly.\\n-----\\n\\n[ProductOwner]says: As a Product Owner, I think the first step is to prioritize fixing the check_value function in order to ensure the code passes the tests.\\n-----\\n\\n[Developer]says: As a Developer, I will review the check_value function's implementation and address the TypeError in the isinstance() call to ensure the code passes the tests.\\n-----\\n\\n[Tester]says: As a Tester, I suggest reviewing the check_value function to address the TypeError and ensure it can handle the input correctly.\\n-----\\n\\n[Architect]says: [Architect] To create a product, we should focus on reviewing the check_value function to identify and correct the TypeError in the isinstance() call.\\n-----\\n\", \"Question\": \"Follow the Instruction section. The Discussion History is in the Context section. You only need to return a list as the Example section.\"}",
    "RepairResponse0": "{\n  \"revised_code\": \"def check_value(dictionary, n):\\n  return all(value == n for value in dictionary.values())\"\n}",
    "RepairResponse0_prompt": {
        "Role": "You are a professional software engineer. Your duty is to write code in Python that meets the requirements. Ensure that the code you write is efficient, readable, and follows best practices. Remember, do not need to explain the code you wrote.",
        "Instruction": "1. Rewrite a bug fix version of the original code. 2. Response in JSON format.",
        "Example": "{\"revised_code\":\"...\"}",
        "Context": "# Test Report:\nTest Report:\n\n- The test script's output shows an error related to the test case for the check_value function.\n- The error message indicates a TypeError in the check_value function, specifically in the isinstance() call.\n- The test case failed with the following error message: \"TypeError: isinstance() arg 2 must be a type or tuple of types\".\n- The test script indicates that 1 test ran and that it failed due to errors.\n\nConclusion:\nBased on the output of the test script, the code has FAILED the tests.\n\nInput and Expected Output Example:\nThe input and expected output example for the failing test case is as follows:\nInput: {'Cierra Vega': 12, 'Alden Cantrell': 12, 'Kierra Gentry': 12, 'Pierre Cox': 12}, 10\nExpected Output: True\n\nBased on the error message and the failing test case, it is evident that the code did not pass the tests and requires further debugging and correction.# suggestions:\n{\"product-owner\": [\"Prioritize fixing the check_value function in order to ensure the code passes the tests.\"], \"architect\": [\"Review the check_value function to identify and correct the TypeError in the isinstance() call.\"], \"developer\": [\"Review the check_value function's implementation and address the TypeError in the isinstance() call to ensure the code passes the tests.\"], \"tester\": [\"Review the check_value function to address the TypeError and ensure it can handle the input correctly.\"]}",
        "Question": "The original code has some bugs, according to the test report and suggestions, rewrite the code. Complete the following code:\ndef check_value(dict, n):\n'''Write a function to check if all values are same in a dictionary.\nassert check_value({'Cierra Vega': 12, 'Alden Cantrell': 12, 'Kierra Gentry': 12, 'Pierre Cox': 12},10)==False'''\n"
    },
    "Code1": "def check_value(dictionary, n):\n  return all(value == n for value in dictionary.values())",
    "ScriptResult1": "F\n======================================================================\nFAIL: test (__main__.Test)\n----------------------------------------------------------------------\nTraceback (most recent call last):\n  File \"/Users/watch/PycharmProjects/XXXX-1-LLM/workspace/2024-03-11_10-44-20-273402/test_script.py\", line 7, in test\n    self.assertEqual(check_value({'Cierra Vega': 12, 'Alden Cantrell': 12, 'Kierra Gentry': 12, 'Pierre Cox': 12}, 10), True)\nAssertionError: False != True\n\n----------------------------------------------------------------------\nRan 1 test in 0.000s\n\nFAILED (failures=1)\n",
    "TestReport1": "Test Report\n\nTest Script Output:\nF\n======================================================================\nFAIL: test (__main__.Test)\n----------------------------------------------------------------------\nTraceback (most recent call last):\n  File \"/Users/watch/PycharmProjects/XXXX-1-LLM/workspace/2024-03-11_10-44-20-273402/test_script.py\", line 7, in test\n    self.assertEqual(check_value({'Cierra Vega': 12, 'Alden Cantrell': 12, 'Kierra Gentry': 12, 'Pierre Cox': 12}, 10), True)\nAssertionError: False != True\n\n----------------------------------------------------------------------\nRan 1 test in 0.000s\n\nFAILED (failures=1)\n\nTest Conclusion:\nThe code has FAILED the test. The input and expected output example are as follows:\n\nInput:\nDictionary: {'Cierra Vega': 12, 'Alden Cantrell': 12, 'Kierra Gentry': 12, 'Pierre Cox': 12}\nn: 10\n\nExpected Output: True\n\nActual Output: False\n\nCode Test Failed\n\nTested Function: def check_value(dictionary, n):\n  return all(value == n for value in dictionary.values())\n\nEnd of Test Report",
    "SprintReview1": "[ScrumMaster]says: Here is our test Report: Test Report\n\nTest Script Output:\nF\n======================================================================\nFAIL: test (__main__.Test)\n----------------------------------------------------------------------\nTraceback (most recent call last):\n  File \"/Users/watch/PycharmProjects/XXXX-1-LLM/workspace/2024-03-11_10-44-20-273402/test_script.py\", line 7, in test\n    self.assertEqual(check_value({'Cierra Vega': 12, 'Alden Cantrell': 12, 'Kierra Gentry': 12, 'Pierre Cox': 12}, 10), True)\nAssertionError: False != True\n\n----------------------------------------------------------------------\nRan 1 test in 0.000s\n\nFAILED (failures=1)\n\nTest Conclusion:\nThe code has FAILED the test. The input and expected output example are as follows:\n\nInput:\nDictionary: {'Cierra Vega': 12, 'Alden Cantrell': 12, 'Kierra Gentry': 12, 'Pierre Cox': 12}\nn: 10\n\nExpected Output: True\n\nActual Output: False\n\nCode Test Failed\n\nTested Function: def check_value(dictionary, n):\n  return all(value == n for value in dictionary.values())\n\nEnd of Test Report, do you have any ideas?\n-----\n\n[ProductOwner]says: As a Product Owner, I think we should prioritize fixing the failed test in order to ensure the product's functionality and reliability.\n-----\n\n[Architect]says: As an Architect, I suggest reviewing the test script and the function \"check_value\" to identify any potential issues in the code.\n-----\n\n[Developer]says: As a Developer, I will review the test script and identify the issue in the check_value function to ensure that all dictionary values are equal to n.\n-----\n\n[Tester]says: As a Tester, I would suggest reviewing the check_value function to ensure that it is correctly comparing the values in the dictionary to the given input value.\n-----\n\n[ProductOwner]says: As a Product Owner, I think we should prioritize fixing the failed test in order to ensure the product's functionality and reliability.\n-----\n\n[Architect]says: As an Architect, I suggest reviewing the test script and the function \"check_value\" to identify any potential issues in the code.\n-----\n\n[Tester]says: As a Tester, I would suggest reviewing the check_value function to ensure that it is correctly comparing the values in the dictionary to the given input value.\n-----\n\n[Developer]says: As a Developer, I will review the test script and identify the issue in the check_value function to ensure that all dictionary values are equal to n.\n-----\n",
    "SprintReviewMeetings1": "{\n  \"product-owner\": [\"We should prioritize fixing the failed test in order to ensure the product's functionality and reliability.\"],\n  \"architect\": [\"Review the test script and the function \\\"check_value\\\" to identify any potential issues in the code.\"],\n  \"developer\": [\"Review the test script and identify the issue in the check_value function to ensure that all dictionary values are equal to n.\"],\n  \"tester\": [\"Review the check_value function to ensure that it is correctly comparing the values in the dictionary to the given input value.\"]\n}",
    "SprintReviewMeetings1_prompt": "{\"Role\": \"You are a professional scrum master. Your goal is to summary the Discussion History into a suggestions list for the scrum team.\", \"Instruction\": \"1. Read and Understand the Discussion History. 2. Summary the suggestions from four roles: product-owner/architect/developer/tester. 3. Response in JSON format.\", \"Example\": \"{\\\"product-owner\\\":[\\\"suggestion1\\\",\\\"suggestion2\\\"],\\\"architect\\\":[\\\"suggestion1\\\",\\\"suggestion2\\\"], \\\"developer\\\":[\\\"suggestion1\\\",\\\"suggestion2\\\"], \\\"tester\\\":[\\\"suggestion1\\\",\\\"suggestion2\\\"]}\", \"Context\": \"[ScrumMaster]says: Here is our test Report: Test Report\\n\\nTest Script Output:\\nF\\n======================================================================\\nFAIL: test (__main__.Test)\\n----------------------------------------------------------------------\\nTraceback (most recent call last):\\n  File \\\"/Users/watch/PycharmProjects/XXXX-1-LLM/workspace/2024-03-11_10-44-20-273402/test_script.py\\\", line 7, in test\\n    self.assertEqual(check_value({'Cierra Vega': 12, 'Alden Cantrell': 12, 'Kierra Gentry': 12, 'Pierre Cox': 12}, 10), True)\\nAssertionError: False != True\\n\\n----------------------------------------------------------------------\\nRan 1 test in 0.000s\\n\\nFAILED (failures=1)\\n\\nTest Conclusion:\\nThe code has FAILED the test. The input and expected output example are as follows:\\n\\nInput:\\nDictionary: {'Cierra Vega': 12, 'Alden Cantrell': 12, 'Kierra Gentry': 12, 'Pierre Cox': 12}\\nn: 10\\n\\nExpected Output: True\\n\\nActual Output: False\\n\\nCode Test Failed\\n\\nTested Function: def check_value(dictionary, n):\\n  return all(value == n for value in dictionary.values())\\n\\nEnd of Test Report, do you have any ideas?\\n-----\\n\\n[ProductOwner]says: As a Product Owner, I think we should prioritize fixing the failed test in order to ensure the product's functionality and reliability.\\n-----\\n\\n[Architect]says: As an Architect, I suggest reviewing the test script and the function \\\"check_value\\\" to identify any potential issues in the code.\\n-----\\n\\n[Developer]says: As a Developer, I will review the test script and identify the issue in the check_value function to ensure that all dictionary values are equal to n.\\n-----\\n\\n[Tester]says: As a Tester, I would suggest reviewing the check_value function to ensure that it is correctly comparing the values in the dictionary to the given input value.\\n-----\\n\\n[ProductOwner]says: As a Product Owner, I think we should prioritize fixing the failed test in order to ensure the product's functionality and reliability.\\n-----\\n\\n[Architect]says: As an Architect, I suggest reviewing the test script and the function \\\"check_value\\\" to identify any potential issues in the code.\\n-----\\n\\n[Tester]says: As a Tester, I would suggest reviewing the check_value function to ensure that it is correctly comparing the values in the dictionary to the given input value.\\n-----\\n\\n[Developer]says: As a Developer, I will review the test script and identify the issue in the check_value function to ensure that all dictionary values are equal to n.\\n-----\\n\", \"Question\": \"Follow the Instruction section. The Discussion History is in the Context section. You only need to return a list as the Example section.\"}",
    "RepairResponse1": "{\n  \"revised_code\": \"def check_value(dictionary, n):\\n    return all(value == n for value in dictionary.values())\"\n}",
    "RepairResponse1_prompt": {
        "Role": "You are a professional software engineer. Your duty is to write code in Python that meets the requirements. Ensure that the code you write is efficient, readable, and follows best practices. Remember, do not need to explain the code you wrote.",
        "Instruction": "1. Rewrite a bug fix version of the original code. 2. Response in JSON format.",
        "Example": "{\"revised_code\":\"...\"}",
        "Context": "# Test Report:\nTest Report\n\nTest Script Output:\nF\n======================================================================\nFAIL: test (__main__.Test)\n----------------------------------------------------------------------\nTraceback (most recent call last):\n  File \"/Users/watch/PycharmProjects/XXXX-1-LLM/workspace/2024-03-11_10-44-20-273402/test_script.py\", line 7, in test\n    self.assertEqual(check_value({'Cierra Vega': 12, 'Alden Cantrell': 12, 'Kierra Gentry': 12, 'Pierre Cox': 12}, 10), True)\nAssertionError: False != True\n\n----------------------------------------------------------------------\nRan 1 test in 0.000s\n\nFAILED (failures=1)\n\nTest Conclusion:\nThe code has FAILED the test. The input and expected output example are as follows:\n\nInput:\nDictionary: {'Cierra Vega': 12, 'Alden Cantrell': 12, 'Kierra Gentry': 12, 'Pierre Cox': 12}\nn: 10\n\nExpected Output: True\n\nActual Output: False\n\nCode Test Failed\n\nTested Function: def check_value(dictionary, n):\n  return all(value == n for value in dictionary.values())\n\nEnd of Test Report# suggestions:\n{\"product-owner\": [\"We should prioritize fixing the failed test in order to ensure the product's functionality and reliability.\"], \"architect\": [\"Review the test script and the function \\\"check_value\\\" to identify any potential issues in the code.\"], \"developer\": [\"Review the test script and identify the issue in the check_value function to ensure that all dictionary values are equal to n.\"], \"tester\": [\"Review the check_value function to ensure that it is correctly comparing the values in the dictionary to the given input value.\"]}",
        "Question": "The original code has some bugs, according to the test report and suggestions, rewrite the code. Complete the following code:\ndef check_value(dict, n):\n'''Write a function to check if all values are same in a dictionary.\nassert check_value({'Cierra Vega': 12, 'Alden Cantrell': 12, 'Kierra Gentry': 12, 'Pierre Cox': 12},10)==False'''\n"
    },
    "Code2": "def check_value(dictionary, n):\n    return all(value == n for value in dictionary.values())",
    "ScriptResult2": "F\n======================================================================\nFAIL: test (__main__.Test)\n----------------------------------------------------------------------\nTraceback (most recent call last):\n  File \"/Users/watch/PycharmProjects/XXXX-1-LLM/workspace/2024-03-11_10-44-20-273402/test_script.py\", line 7, in test\n    self.assertEqual(check_value({'Cierra Vega': 12, 'Alden Cantrell': 12, 'Kierra Gentry': 12, 'Pierre Cox': 12}, 10), True)\nAssertionError: False != True\n\n----------------------------------------------------------------------\nRan 1 test in 0.000s\n\nFAILED (failures=1)\n",
    "TestReport2": "Test Report\n\nTest script's output:\nF\n======================================================================\nFAIL: test (__main__.Test)\n----------------------------------------------------------------------\nTraceback (most recent call last):\n  File \"/Users/watch/PycharmProjects/XXXX-1-LLM/workspace/2024-03-11_10-44-20-273402/test_script.py\", line 7, in test\n    self.assertEqual(check_value({'Cierra Vega': 12, 'Alden Cantrell': 12, 'Kierra Gentry': 12, 'Pierre Cox': 12}, 10), True)\nAssertionError: False != True\n\n----------------------------------------------------------------------\nRan 1 test in 0.000s\n\nFAILED (failures=1)\n\nInput and expected output example:\ncheck_value({'Cierra Vega': 12, 'Alden Cantrell': 12, 'Kierra Gentry': 12, 'Pierre Cox': 12}, 10) \n\nConclusion:\nCode Test Failed. \n\nCode did not pass the test as the expected output does not match the actual output.",
    "SprintReview2": "[ScrumMaster]says: Here is our test Report: Test Report\n\nTest script's output:\nF\n======================================================================\nFAIL: test (__main__.Test)\n----------------------------------------------------------------------\nTraceback (most recent call last):\n  File \"/Users/watch/PycharmProjects/XXXX-1-LLM/workspace/2024-03-11_10-44-20-273402/test_script.py\", line 7, in test\n    self.assertEqual(check_value({'Cierra Vega': 12, 'Alden Cantrell': 12, 'Kierra Gentry': 12, 'Pierre Cox': 12}, 10), True)\nAssertionError: False != True\n\n----------------------------------------------------------------------\nRan 1 test in 0.000s\n\nFAILED (failures=1)\n\nInput and expected output example:\ncheck_value({'Cierra Vega': 12, 'Alden Cantrell': 12, 'Kierra Gentry': 12, 'Pierre Cox': 12}, 10) \n\nConclusion:\nCode Test Failed. \n\nCode did not pass the test as the expected output does not match the actual output., do you have any ideas?\n-----\n\n[ProductOwner]says: As a Product Owner, I think we need to prioritize fixing the failing test in order to ensure the product's functionality.\n-----\n\n[Architect]says: As an Architect, it is crucial to review the test script and identify any potential architectural issues that may be contributing to the failed test. I will analyze the code structure and provide recommendations for improvement.\n-----\n\n[Developer]says: As a developer, I believe we need to review the test script and identify the issue to ensure the expected output matches the actual output.\n-----\n\n[Tester]says: As a Tester, it seems that there is a discrepancy between the expected and actual output in the test report. I suggest reviewing the code and test script to identify and fix the issue.\n-----\n\n[Architect]says: As an Architect, I will analyze the code structure and provide recommendations for improvement to address the failing test.\n-----\n\n[ProductOwner]says: As a Product Owner, I think we need to prioritize fixing the failing test in order to ensure the product's functionality.\n-----\n\n[Developer]says: As a developer, I will review the test script and identify the issue to ensure the expected output matches the actual output.\n-----\n\n[Tester]says: As a Tester, it seems that there is a discrepancy between the expected and actual output in the test report. I suggest reviewing the code and test script to identify and fix the issue.\n-----\n",
    "SprintReviewMeetings2": "{\n  \"product-owner\":[\"We need to prioritize fixing the failing test in order to ensure the product's functionality.\"],\n  \"architect\":[\"Review the test script and identify any potential architectural issues that may be contributing to the failed test.\"],\n  \"developer\":[\"Review the test script and identify the issue to ensure the expected output matches the actual output.\"],\n  \"tester\":[\"There is a discrepancy between the expected and actual output in the test report. Review the code and test script to identify and fix the issue.\"]\n}",
    "SprintReviewMeetings2_prompt": "{\"Role\": \"You are a professional scrum master. Your goal is to summary the Discussion History into a suggestions list for the scrum team.\", \"Instruction\": \"1. Read and Understand the Discussion History. 2. Summary the suggestions from four roles: product-owner/architect/developer/tester. 3. Response in JSON format.\", \"Example\": \"{\\\"product-owner\\\":[\\\"suggestion1\\\",\\\"suggestion2\\\"],\\\"architect\\\":[\\\"suggestion1\\\",\\\"suggestion2\\\"], \\\"developer\\\":[\\\"suggestion1\\\",\\\"suggestion2\\\"], \\\"tester\\\":[\\\"suggestion1\\\",\\\"suggestion2\\\"]}\", \"Context\": \"[ScrumMaster]says: Here is our test Report: Test Report\\n\\nTest script's output:\\nF\\n======================================================================\\nFAIL: test (__main__.Test)\\n----------------------------------------------------------------------\\nTraceback (most recent call last):\\n  File \\\"/Users/watch/PycharmProjects/XXXX-1-LLM/workspace/2024-03-11_10-44-20-273402/test_script.py\\\", line 7, in test\\n    self.assertEqual(check_value({'Cierra Vega': 12, 'Alden Cantrell': 12, 'Kierra Gentry': 12, 'Pierre Cox': 12}, 10), True)\\nAssertionError: False != True\\n\\n----------------------------------------------------------------------\\nRan 1 test in 0.000s\\n\\nFAILED (failures=1)\\n\\nInput and expected output example:\\ncheck_value({'Cierra Vega': 12, 'Alden Cantrell': 12, 'Kierra Gentry': 12, 'Pierre Cox': 12}, 10) \\n\\nConclusion:\\nCode Test Failed. \\n\\nCode did not pass the test as the expected output does not match the actual output., do you have any ideas?\\n-----\\n\\n[ProductOwner]says: As a Product Owner, I think we need to prioritize fixing the failing test in order to ensure the product's functionality.\\n-----\\n\\n[Architect]says: As an Architect, it is crucial to review the test script and identify any potential architectural issues that may be contributing to the failed test. I will analyze the code structure and provide recommendations for improvement.\\n-----\\n\\n[Developer]says: As a developer, I believe we need to review the test script and identify the issue to ensure the expected output matches the actual output.\\n-----\\n\\n[Tester]says: As a Tester, it seems that there is a discrepancy between the expected and actual output in the test report. I suggest reviewing the code and test script to identify and fix the issue.\\n-----\\n\\n[Architect]says: As an Architect, I will analyze the code structure and provide recommendations for improvement to address the failing test.\\n-----\\n\\n[ProductOwner]says: As a Product Owner, I think we need to prioritize fixing the failing test in order to ensure the product's functionality.\\n-----\\n\\n[Developer]says: As a developer, I will review the test script and identify the issue to ensure the expected output matches the actual output.\\n-----\\n\\n[Tester]says: As a Tester, it seems that there is a discrepancy between the expected and actual output in the test report. I suggest reviewing the code and test script to identify and fix the issue.\\n-----\\n\", \"Question\": \"Follow the Instruction section. The Discussion History is in the Context section. You only need to return a list as the Example section.\"}",
    "RepairResponse2": "{\n  \"revised_code\": \"def check_value(dictionary, n):\\n    '''Write a function to check if all values are same in a dictionary.'''\\n    return all(value == n for value in dictionary.values())\"\n}",
    "RepairResponse2_prompt": {
        "Role": "You are a professional software engineer. Your duty is to write code in Python that meets the requirements. Ensure that the code you write is efficient, readable, and follows best practices. Remember, do not need to explain the code you wrote.",
        "Instruction": "1. Rewrite a bug fix version of the original code. 2. Response in JSON format.",
        "Example": "{\"revised_code\":\"...\"}",
        "Context": "# Test Report:\nTest Report\n\nTest script's output:\nF\n======================================================================\nFAIL: test (__main__.Test)\n----------------------------------------------------------------------\nTraceback (most recent call last):\n  File \"/Users/watch/PycharmProjects/XXXX-1-LLM/workspace/2024-03-11_10-44-20-273402/test_script.py\", line 7, in test\n    self.assertEqual(check_value({'Cierra Vega': 12, 'Alden Cantrell': 12, 'Kierra Gentry': 12, 'Pierre Cox': 12}, 10), True)\nAssertionError: False != True\n\n----------------------------------------------------------------------\nRan 1 test in 0.000s\n\nFAILED (failures=1)\n\nInput and expected output example:\ncheck_value({'Cierra Vega': 12, 'Alden Cantrell': 12, 'Kierra Gentry': 12, 'Pierre Cox': 12}, 10) \n\nConclusion:\nCode Test Failed. \n\nCode did not pass the test as the expected output does not match the actual output.# suggestions:\n{\"product-owner\": [\"We need to prioritize fixing the failing test in order to ensure the product's functionality.\"], \"architect\": [\"Review the test script and identify any potential architectural issues that may be contributing to the failed test.\"], \"developer\": [\"Review the test script and identify the issue to ensure the expected output matches the actual output.\"], \"tester\": [\"There is a discrepancy between the expected and actual output in the test report. Review the code and test script to identify and fix the issue.\"]}",
        "Question": "The original code has some bugs, according to the test report and suggestions, rewrite the code. Complete the following code:\ndef check_value(dict, n):\n'''Write a function to check if all values are same in a dictionary.\nassert check_value({'Cierra Vega': 12, 'Alden Cantrell': 12, 'Kierra Gentry': 12, 'Pierre Cox': 12},10)==False'''\n"
    },
    "Code3": "def check_value(dictionary, n):\n    '''Write a function to check if all values are same in a dictionary.'''\n    return all(value == n for value in dictionary.values())",
    "ScriptResult3": "F\n======================================================================\nFAIL: test (__main__.Test)\n----------------------------------------------------------------------\nTraceback (most recent call last):\n  File \"/Users/watch/PycharmProjects/XXXX-1-LLM/workspace/2024-03-11_10-44-20-273402/test_script.py\", line 8, in test\n    self.assertEqual(check_value({'Cierra Vega': 12, 'Alden Cantrell': 12, 'Kierra Gentry': 12, 'Pierre Cox': 12}, 10), True)\nAssertionError: False != True\n\n----------------------------------------------------------------------\nRan 1 test in 0.000s\n\nFAILED (failures=1)\n",
    "TestReport3": "Test Report\n\nTest Script Output:\nF\n======================================================================\nFAIL: test (__main__.Test)\n----------------------------------------------------------------------\nTraceback (most recent call last):\n  File \"/Users/watch/PycharmProjects/XXXX-1-LLM/workspace/2024-03-11_10-44-20-273402/test_script.py\", line 8, in test\n    self.assertEqual(check_value({'Cierra Vega': 12, 'Alden Cantrell': 12, 'Kierra Gentry': 12, 'Pierre Cox': 12}, 10), True)\nAssertionError: False != True\n\n----------------------------------------------------------------------\nRan 1 test in 0.000s\n\nFAILED (failures=1)\n\nTest Conclusion: Code Test Failed\n\nInput and Expected Output Example:\ndef check_value(dictionary, n):\n    '''Write a function to check if all values are same in a dictionary.'''\n    return all(value == n for value in dictionary.values())\n\nIn this example, the test failed because the actual output (False) did not match the expected output (True) for the given input dictionary and value.\n\nCode Test: Failed"
}