{
    "start_time": "2024-02-13_15-13-44-868403",
    "task": "\ndef starts_one_ends(n):\n    \"\"\"\n    Given a positive integer n, return the count of the numbers of n-digit\n    positive integers that start or end with 1.\n    \"\"\"\n",
    "datetime": {
        "task": "2024-02-13 15:13:44",
        "task-id": "2024-02-13 15:13:44",
        "workflow": "2024-02-13 15:13:44",
        "Discussion": "2024-02-13 15:13:55",
        "DisorderedSprintMeetings": "2024-02-13 15:13:56",
        "DesignDraft0": "2024-02-13 15:14:00",
        "DesignMeetings0": "2024-02-13 15:14:07",
        "Design0": "2024-02-13 15:14:11",
        "CodeDraft0": "2024-02-13 15:14:16",
        "CodeReviewMeetings0": "2024-02-13 15:14:21",
        "Code0CR": "2024-02-13 15:14:23",
        "FinalCode": "2024-02-13 15:15:44",
        "Test Cases Draft": "2024-02-13 15:14:26",
        "Test Cases Meetings": "2024-02-13 15:14:33",
        "Test Cases": "2024-02-13 15:14:38",
        "Code0": "2024-02-13 15:14:39",
        "TestScriptOriginal": "2024-02-13 15:14:43",
        "TestScript": "2024-02-13 15:14:43",
        "ScriptResult0": "2024-02-13 15:14:43",
        "TestReport0": "2024-02-13 15:14:46",
        "SprintReview0": "2024-02-13 15:14:53",
        "SprintReviewMeetings0": "2024-02-13 15:14:59",
        "RepairResponse0": "2024-02-13 15:15:00",
        "Code1": "2024-02-13 15:15:00",
        "ScriptResult1": "2024-02-13 15:15:00",
        "TestReport1": "2024-02-13 15:15:03",
        "SprintReview1": "2024-02-13 15:15:10",
        "SprintReviewMeetings1": "2024-02-13 15:15:14",
        "RepairResponse1": "2024-02-13 15:15:23",
        "Code2": "2024-02-13 15:15:23",
        "ScriptResult2": "2024-02-13 15:15:23",
        "TestReport2": "2024-02-13 15:15:27",
        "SprintReview2": "2024-02-13 15:15:34",
        "SprintReviewMeetings2": "2024-02-13 15:15:41",
        "RepairResponse2": "2024-02-13 15:15:44",
        "Code3": "2024-02-13 15:15:44",
        "ScriptResult3": "2024-02-13 15:15:44",
        "TestReport3": "2024-02-13 15:15:47"
    },
    "task-id": "HumanEval/83",
    "workflow": "agile/agile_version_0.0.5_remove_stage.json",
    "Discussion": "[ScrumMaster]says: We have a job: \ndef starts_one_ends(n):\n    \"\"\"\n    Given a positive integer n, return the count of the numbers of n-digit\n    positive integers that start or end with 1.\n    \"\"\"\n, do you have any ideas?\n-----\n\n[ProductOwner]says: As a Product Owner, I suggest that we prioritize the development of a user-friendly interface for this product.\n-----\n\n[Architect]says: As an architect, I think the first step is to define the requirements and constraints for the product we are going to develop.\n-----\n\n[Tester]says: As a Tester, I need clarification on the expected behavior for edge cases and invalid input.\n-----\n\n[Developer]says: As a Developer, I think we should start by defining the input and output requirements for the function.\n-----\n\n[ProductOwner]says: [ProductOwner] I think the first step is to gather user feedback and prioritize the features that will make the interface user-friendly.\n-----\n\n[Architect]says: As an architect, I suggest that we prioritize defining the requirements and constraints for the product we are going to develop.\n-----\n\n[Developer]says: As a Developer, I will start by defining the input and output requirements for the function.\n-----\n\n[Tester]says: As a Tester, I need clarification on the expected behavior for edge cases and invalid input.\n-----\n",
    "DisorderedSprintMeetings": "{\n  \"product-owner\":[\"Prioritize development of user-friendly interface\",\"Gather user feedback\"],\n  \"architect\":[\"Define requirements and constraints\",\"Prioritize defining requirements and constraints\"],\n  \"developer\":[\"Define input and output requirements\",\"Start defining input and output requirements\"],\n  \"tester\":[\"Clarify expected behavior for edge cases and invalid input\",\"Need clarification on expected behavior for edge cases and invalid input\"]\n}",
    "DisorderedSprintMeetings_prompt": "{\"Role\": \"You are a professional scrum master. Your goal is to breakdown the Discussion History into a task list for the scrum team.\", \"Instruction\": \"1. Read and Understand the Discussion History. 2. Define the tasks for four roles: product-owner/architect/developer/tester. 3. Response in JSON format.\", \"Example\": \"{\\\"product-owner\\\":[\\\"task1\\\",\\\"task2\\\"],\\\"architect\\\":[\\\"task1\\\",\\\"task2\\\"], \\\"developer\\\":[\\\"task1\\\",\\\"task2\\\"], \\\"tester\\\":[\\\"task1\\\",\\\"task2\\\"]}\", \"Context\": \"[ScrumMaster]says: We have a job: \\ndef starts_one_ends(n):\\n    \\\"\\\"\\\"\\n    Given a positive integer n, return the count of the numbers of n-digit\\n    positive integers that start or end with 1.\\n    \\\"\\\"\\\"\\n, do you have any ideas?\\n-----\\n\\n[ProductOwner]says: As a Product Owner, I suggest that we prioritize the development of a user-friendly interface for this product.\\n-----\\n\\n[Architect]says: As an architect, I think the first step is to define the requirements and constraints for the product we are going to develop.\\n-----\\n\\n[Tester]says: As a Tester, I need clarification on the expected behavior for edge cases and invalid input.\\n-----\\n\\n[Developer]says: As a Developer, I think we should start by defining the input and output requirements for the function.\\n-----\\n\\n[ProductOwner]says: [ProductOwner] I think the first step is to gather user feedback and prioritize the features that will make the interface user-friendly.\\n-----\\n\\n[Architect]says: As an architect, I suggest that we prioritize defining the requirements and constraints for the product we are going to develop.\\n-----\\n\\n[Developer]says: As a Developer, I will start by defining the input and output requirements for the function.\\n-----\\n\\n[Tester]says: As a Tester, I need clarification on the expected behavior for edge cases and invalid input.\\n-----\\n\", \"Question\": \"Follow the Instruction section. The Discussion History is in the Context section. You only need to return a task list as the Example section.\"}",
    "DesignDraft0": "Design:\n\nThe design for the requirement of the starts_one_ends function should prioritize defining the requirements and constraints. The function should take a positive integer n as input and return the count of the numbers of n-digit positive integers that start or end with 1.\n\nThe design should focus on the high-level approach of the algorithm to achieve this functionality, rather than providing specific implementation details. It should guide the developer in writing code by outlining the general steps and considerations for achieving the desired outcome.\n\nThe design should consider the efficiency and performance of the algorithm, potential edge cases, and any specific constraints or requirements for the input and output of the function. It should also provide guidance on how to handle different scenarios and potential pitfalls in the implementation of the functionality.",
    "DesignMeetings0": "{\n  \"Developer\": \"As a developer, I would suggest breaking down the high-level approach into smaller steps such as identifying the input range, determining the conditions for numbers that start or end with 1, and implementing a counting mechanism. Additionally, the design should consider potential edge cases such as 0 and negative numbers as input, and provide guidance on handling these scenarios.\",\n  \"Tester\": \"As a tester, I would suggest validating the design by considering different input scenarios and ensuring that the algorithm covers all possible cases. It's important to test for efficiency and performance, as well as handling edge cases and potential pitfalls in the implementation. The design should also include test cases to validate the functionality and ensure it meets the specified requirements.\"\n}",
    "Design0": "Based on the suggestions provided, the new design for the starts_one_ends function should prioritize defining the requirements and constraints. The function should take a positive integer n as input and return the count of the numbers of n-digit positive integers that start or end with 1.\n\nThe design should break down the high-level approach into smaller steps, such as identifying the input range, determining the conditions for numbers that start or end with 1, and implementing a counting mechanism. It should focus on guiding the developer in writing code by outlining the general steps and considerations for achieving the desired outcome.\n\nEfficiency and performance of the algorithm should be considered, and potential edge cases such as 0 and negative numbers as input should be addressed. The design should include test cases to validate the functionality and ensure it meets the specified requirements. Additionally, it should provide guidance on handling different scenarios and potential pitfalls in the implementation of the functionality.",
    "CodeDraft0": "def starts_one_ends(n):\n    count = 0\n    if n <= 0:\n        return 0\n    for i in range(10 ** (n-1), 10 ** n):\n        if str(i)[0] == '1' or str(i)[-1] == '1':\n            count += 1\n    return count",
    "CodeDraft0_prompt": {
        "Role": "You are a professional engineer. Your duty is to write code in Python that meets the requirements. Ensure that the code you write is efficient, readable, and follows best practices. Remember, do not need to explain the code you wrote.",
        "Instruction": "According to the Context section, write your code.",
        "Example": "",
        "Context": "# Tasks:\n['Define input and output requirements', 'Start defining input and output requirements']\n# Design:\nBased on the suggestions provided, the new design for the starts_one_ends function should prioritize defining the requirements and constraints. The function should take a positive integer n as input and return the count of the numbers of n-digit positive integers that start or end with 1.\n\nThe design should break down the high-level approach into smaller steps, such as identifying the input range, determining the conditions for numbers that start or end with 1, and implementing a counting mechanism. It should focus on guiding the developer in writing code by outlining the general steps and considerations for achieving the desired outcome.\n\nEfficiency and performance of the algorithm should be considered, and potential edge cases such as 0 and negative numbers as input should be addressed. The design should include test cases to validate the functionality and ensure it meets the specified requirements. Additionally, it should provide guidance on handling different scenarios and potential pitfalls in the implementation of the functionality.",
        "Question": "Follow the Instruction section. Complete the following code:\n\ndef starts_one_ends(n):\n    \"\"\"\n    Given a positive integer n, return the count of the numbers of n-digit\n    positive integers that start or end with 1.\n    \"\"\"\n"
    },
    "CodeReviewMeetings0": "{\n  \"Architect\": \"Consider using a more meaningful function name that describes its purpose. Also, optimize the loop to make the code more efficient.\",\n  \"Tester\": \"Test the function with different input values including positive, negative, and zero, and check if the output is as expected. Also, consider adding boundary test cases.\"\n}",
    "Code0CR": "def count_numbers_starting_or_ending_with_one(n):\n    count = 0\n    if n <= 0:\n        return 0\n    for i in range(10**(n-1), 10**n):\n        if str(i)[0] == '1' or str(i)[-1] == '1':\n            count += 1\n    return count",
    "Code0CR_prompt": "{\"Role\": \"You are a professional software engineer. Your duty is to write code in Python that meets the requirements. Ensure that the code you write is efficient, readable, and follows best practices. Remember, do not need to explain the code you wrote.\", \"Instruction\": \"1. Understand the suggestions(in the Context section) about the original code. 2. Rewrite your code.\", \"Example\": \"\", \"Context\": \"# Tasks:\\n['Define input and output requirements', 'Start defining input and output requirements']\\n# Design:\\nBased on the suggestions provided, the new design for the starts_one_ends function should prioritize defining the requirements and constraints. The function should take a positive integer n as input and return the count of the numbers of n-digit positive integers that start or end with 1.\\n\\nThe design should break down the high-level approach into smaller steps, such as identifying the input range, determining the conditions for numbers that start or end with 1, and implementing a counting mechanism. It should focus on guiding the developer in writing code by outlining the general steps and considerations for achieving the desired outcome.\\n\\nEfficiency and performance of the algorithm should be considered, and potential edge cases such as 0 and negative numbers as input should be addressed. The design should include test cases to validate the functionality and ensure it meets the specified requirements. Additionally, it should provide guidance on handling different scenarios and potential pitfalls in the implementation of the functionality.# Suggestions:\\n{\\n  \\\"Architect\\\": \\\"Consider using a more meaningful function name that describes its purpose. Also, optimize the loop to make the code more efficient.\\\",\\n  \\\"Tester\\\": \\\"Test the function with different input values including positive, negative, and zero, and check if the output is as expected. Also, consider adding boundary test cases.\\\"\\n}\", \"Question\": \"Follow the Instruction section. Complete the following code:\\n\\ndef starts_one_ends(n):\\n    \\\"\\\"\\\"\\n    Given a positive integer n, return the count of the numbers of n-digit\\n    positive integers that start or end with 1.\\n    \\\"\\\"\\\"\\n\"}",
    "FinalCode": "def starts_one_ends(n):\n    count = 0\n    if n < 1:\n        return count\n    count = 2 * 9 * 10 ** (n-2) + 10 ** (n-1) - 9 ** (n-1)\n    return count",
    "Test Cases Draft": "{\n  \"test_cases\": [\n    {\n      \"Test Title\": \"Valid input with single digit number\",\n      \"Input Data\": \"parameter1=1\",\n      \"Expected Output\": \"1\"\n    },\n    {\n      \"Test Title\": \"Valid input with multi-digit number\",\n      \"Input Data\": \"parameter1=5\",\n      \"Expected Output\": \"10\"\n    },\n    {\n      \"Test Title\": \"Invalid input with negative number\",\n      \"Input Data\": \"parameter1=-3\",\n      \"Expected Output\": \"Invalid input\"\n    },\n    {\n      \"Test Title\": \"Invalid input with zero\",\n      \"Input Data\": \"parameter1=0\",\n      \"Expected Output\": \"Invalid input\"\n    }\n  ]\n}",
    "Test Cases Draft_prompt": "{\"Role\": \"You are a quality assurance engineer. Your duty is to design test cases for the developers.\", \"Instruction\": \"According to the Context section, write test cases. Don't write long strings in your test cases. Response in JSON format.\", \"Example\": \"{\\\"requirement analysis\\\":\\\"analysis\\\",\\\"test_cases\\\":[{\\\"Test Title\\\":\\\"title\\\", \\\"Input Data\\\":\\\"parameter1=[1,2,3],parameter2='123'\\\", \\\"Expected Output\\\":\\\"456\\\"},]}\", \"Context\": \"# Tasks:\\n['Clarify expected behavior for edge cases and invalid input', 'Need clarification on expected behavior for edge cases and invalid input']\\n# Design:\\nBased on the suggestions provided, the new design for the starts_one_ends function should prioritize defining the requirements and constraints. The function should take a positive integer n as input and return the count of the numbers of n-digit positive integers that start or end with 1.\\n\\nThe design should break down the high-level approach into smaller steps, such as identifying the input range, determining the conditions for numbers that start or end with 1, and implementing a counting mechanism. It should focus on guiding the developer in writing code by outlining the general steps and considerations for achieving the desired outcome.\\n\\nEfficiency and performance of the algorithm should be considered, and potential edge cases such as 0 and negative numbers as input should be addressed. The design should include test cases to validate the functionality and ensure it meets the specified requirements. Additionally, it should provide guidance on handling different scenarios and potential pitfalls in the implementation of the functionality.\", \"Question\": \"\\ndef starts_one_ends(n):\\n    \\\"\\\"\\\"\\n    Given a positive integer n, return the count of the numbers of n-digit\\n    positive integers that start or end with 1.\\n    \\\"\\\"\\\"\\n\"}",
    "Test Cases Meetings": "{\n  \"Architect\": \"As an architect, I suggest revising the test cases to include edge cases, such as inputting a large number or a decimal number. It's also important to include test cases for boundary conditions, such as the maximum and minimum possible input values.\"\n  ,\n  \"Developer\": \"As a developer, I suggest revising the test cases to include negative test cases, such as providing non-numeric input or no input at all. It's also important to include test cases for error handling, such as when the system encounters unexpected input.\"\n}",
    "Test Cases": "{\n  \"test_cases\": [\n    {\n      \"Test Title\": \"Valid input with single digit number\",\n      \"Input Data\": \"parameter1=1\",\n      \"Expected Output\": \"1\"\n    },\n    {\n      \"Test Title\": \"Valid input with multi-digit number\",\n      \"Input Data\": \"parameter1=5\",\n      \"Expected Output\": \"10\"\n    },\n    {\n      \"Test Title\": \"Invalid input with negative number\",\n      \"Input Data\": \"parameter1=-3\",\n      \"Expected Output\": \"Invalid input\"\n    },\n    {\n      \"Test Title\": \"Invalid input with zero\",\n      \"Input Data\": \"parameter1=0\",\n      \"Expected Output\": \"Invalid input\"\n    },\n    {\n      \"Test Title\": \"Boundary condition with maximum possible input value\",\n      \"Input Data\": \"parameter1=999999999\",\n      \"Expected Output\": \"1\"\n    },\n    {\n      \"Test Title\": \"Boundary condition with minimum possible input value\",\n      \"Input Data\": \"parameter1=1\",\n      \"Expected Output\": \"1\"\n    },\n    {\n      \"Test Title\": \"Negative test case with non-numeric input\",\n      \"Input Data\": \"parameter1=abc\",\n      \"Expected Output\": \"Invalid input\"\n    },\n    {\n      \"Test Title\": \"Negative test case with no input\",\n      \"Input Data\": \"\",\n      \"Expected Output\": \"Invalid input\"\n    },\n    {\n      \"Test Title\": \"Error handling test case with unexpected input\",\n      \"Input Data\": \"parameter1=@#$%\",\n      \"Expected Output\": \"Invalid input\"\n    }\n  ]\n}",
    "Test Cases_prompt": "{\"Role\": \"You are a quality assurance engineer. Your duty is to revise the test cases based on the suggestions.\", \"Instruction\": \"1. Your colleague give you some suggestions(in the Context section) about the draft test cases, read these suggestions. 2. Revise your draft version test cases, but don't use long parameters. 3. Response in JSON format.\", \"Example\": \"{\\\"requirement analysis\\\":\\\"analysis\\\",\\\"test_cases\\\":[{\\\"Test Title\\\":\\\"title\\\", \\\"Input Data\\\":\\\"parameter1=[1,2,3],parameter2='123'\\\", \\\"Expected Output\\\":\\\"456\\\"},]}\", \"Context\": \"# Suggestions:\\n{\\n  \\\"Architect\\\": \\\"As an architect, I suggest revising the test cases to include edge cases, such as inputting a large number or a decimal number. It's also important to include test cases for boundary conditions, such as the maximum and minimum possible input values.\\\"\\n  ,\\n  \\\"Developer\\\": \\\"As a developer, I suggest revising the test cases to include negative test cases, such as providing non-numeric input or no input at all. It's also important to include test cases for error handling, such as when the system encounters unexpected input.\\\"\\n}\\n # Draft Test cases:\\n{\\n  \\\"test_cases\\\": [\\n    {\\n      \\\"Test Title\\\": \\\"Valid input with single digit number\\\",\\n      \\\"Input Data\\\": \\\"parameter1=1\\\",\\n      \\\"Expected Output\\\": \\\"1\\\"\\n    },\\n    {\\n      \\\"Test Title\\\": \\\"Valid input with multi-digit number\\\",\\n      \\\"Input Data\\\": \\\"parameter1=5\\\",\\n      \\\"Expected Output\\\": \\\"10\\\"\\n    },\\n    {\\n      \\\"Test Title\\\": \\\"Invalid input with negative number\\\",\\n      \\\"Input Data\\\": \\\"parameter1=-3\\\",\\n      \\\"Expected Output\\\": \\\"Invalid input\\\"\\n    },\\n    {\\n      \\\"Test Title\\\": \\\"Invalid input with zero\\\",\\n      \\\"Input Data\\\": \\\"parameter1=0\\\",\\n      \\\"Expected Output\\\": \\\"Invalid input\\\"\\n    }\\n  ]\\n}\", \"Question\": \"Follow the Instruction. Please make sure your response length are less than 512. Your test cases is for the below question:\\n\\ndef starts_one_ends(n):\\n    \\\"\\\"\\\"\\n    Given a positive integer n, return the count of the numbers of n-digit\\n    positive integers that start or end with 1.\\n    \\\"\\\"\\\"\\n\"}",
    "Code0": "def count_numbers_starting_or_ending_with_one(n):\n    count = 0\n    if n <= 0:\n        return 0\n    for i in range(10**(n-1), 10**n):\n        if str(i)[0] == '1' or str(i)[-1] == '1':\n            count += 1\n    return count",
    "Code0_prompt": {
        "Role": "You are a professional software engineer. Your duty is to write code in Python that meets the requirements. Ensure that the code you write is efficient, readable, and follows best practices. Remember, do not need to explain the code you wrote.",
        "Instruction": "1. Understand the test cases(in the Context section) about the original code. 2. Rewrite your code, make sure your code pass all test cases.",
        "Example": "",
        "Context": "# Original Code:\ndef count_numbers_starting_or_ending_with_one(n):\n    count = 0\n    if n <= 0:\n        return 0\n    for i in range(10**(n-1), 10**n):\n        if str(i)[0] == '1' or str(i)[-1] == '1':\n            count += 1\n    return count\n# Test Cases:\n{\n  \"test_cases\": [\n    {\n      \"Test Title\": \"Valid input with single digit number\",\n      \"Input Data\": \"parameter1=1\",\n      \"Expected Output\": \"1\"\n    },\n    {\n      \"Test Title\": \"Valid input with multi-digit number\",\n      \"Input Data\": \"parameter1=5\",\n      \"Expected Output\": \"10\"\n    },\n    {\n      \"Test Title\": \"Invalid input with negative number\",\n      \"Input Data\": \"parameter1=-3\",\n      \"Expected Output\": \"Invalid input\"\n    },\n    {\n      \"Test Title\": \"Invalid input with zero\",\n      \"Input Data\": \"parameter1=0\",\n      \"Expected Output\": \"Invalid input\"\n    },\n    {\n      \"Test Title\": \"Boundary condition with maximum possible input value\",\n      \"Input Data\": \"parameter1=999999999\",\n      \"Expected Output\": \"1\"\n    },\n    {\n      \"Test Title\": \"Boundary condition with minimum possible input value\",\n      \"Input Data\": \"parameter1=1\",\n      \"Expected Output\": \"1\"\n    },\n    {\n      \"Test Title\": \"Negative test case with non-numeric input\",\n      \"Input Data\": \"parameter1=abc\",\n      \"Expected Output\": \"Invalid input\"\n    },\n    {\n      \"Test Title\": \"Negative test case with no input\",\n      \"Input Data\": \"\",\n      \"Expected Output\": \"Invalid input\"\n    },\n    {\n      \"Test Title\": \"Error handling test case with unexpected input\",\n      \"Input Data\": \"parameter1=@#$%\",\n      \"Expected Output\": \"Invalid input\"\n    }\n  ]\n}",
        "Question": "\ndef starts_one_ends(n):\n    \"\"\"\n    Given a positive integer n, return the count of the numbers of n-digit\n    positive integers that start or end with 1.\n    \"\"\"\n"
    },
    "TestScriptOriginal": "import unittest\n\ndef starts_one_ends(n):\n    count = 0\n    for i in range(10**(n-1), 10**n):\n        if str(i)[0] == '1' or str(i)[-1] == '1':\n            count += 1\n    return count\n\nclass Test(unittest.TestCase):\n    def test(self):\n        self.assertEqual(starts_one_ends(1), 1)\n        self.assertEqual(starts_one_ends(2), 11)\n        self.assertEqual(starts_one_ends(3), 111)\n\nif __name__ == '__main__':\n    unittest.main()",
    "TestScriptOriginal_prompt": "{\"Role\": \"You are a quality assurance engineer. Your duty is to write a python test script in unittest framework.\", \"Instruction\": \"1. Write a python test script. 2. Use the input and output given by the question.\", \"Example\": \"import unittest\\n\\nclass Test(unittest.TestCase):\\n    def test(self):\\n        self.assertEqual(function_under_test('a'), 1)\\n\\nif __name__ == '__main__':\\n    unittest.main()\", \"Context\": \"\", \"Question\": \"\\ndef starts_one_ends(n):\\n    \\\"\\\"\\\"\\n    Given a positive integer n, return the count of the numbers of n-digit\\n    positive integers that start or end with 1.\\n    \\\"\\\"\\\"\\n\"}",
    "TestScript": "import unittest\n\nclass Test(unittest.TestCase):\n    def test(self):\n        self.assertEqual(starts_one_ends(1), 1)\n        self.assertEqual(starts_one_ends(2), 11)\n        self.assertEqual(starts_one_ends(3), 111)\n\nif __name__ == '__main__':\n    unittest.main()",
    "ScriptResult0": "E\n======================================================================\nERROR: test (__main__.Test)\n----------------------------------------------------------------------\nTraceback (most recent call last):\n  File \"/Users/watch/PycharmProjects/XXXX-1-LLM/workspace/2024-02-13_15-13-44-868403/test_script.py\", line 13, in test\n    self.assertEqual(starts_one_ends(1), 1)\nNameError: name 'starts_one_ends' is not defined\n\n----------------------------------------------------------------------\nRan 1 test in 0.000s\n\nFAILED (errors=1)\n",
    "TestReport0": "Test Report:\n\nTest script's output:\nE\n======================================================================\nERROR: test (__main__.Test)\n----------------------------------------------------------------------\nTraceback (most recent call last):\n  File \"/Users/watch/PycharmProjects/XXXX-1-LLM/workspace/2024-02-13_15-13-44-868403/test_script.py\", line 13, in test\n    self.assertEqual(starts_one_ends(1), 1)\nNameError: name 'starts_one_ends' is not defined\n\n----------------------------------------------------------------------\nRan 1 test in 0.000s\n\nFAILED (errors=1)\n\nConclusion: Code Test Failed\n\nInput and Expected Output Example:\nFor the function count_numbers_starting_or_ending_with_one(n):\n- Input: count_numbers_starting_or_ending_with_one(1)\n- Expected Output: 1\n- Actual Output: NameError: name 'starts_one_ends' is not defined\n\nRecommendation: The function starts_one_ends() is not defined, and therefore the test failed. The function needs to be defined and implemented correctly to pass the test.",
    "SprintReview0": "[ScrumMaster]says: Here is our test Report: Test Report:\n\nTest script's output:\nE\n======================================================================\nERROR: test (__main__.Test)\n----------------------------------------------------------------------\nTraceback (most recent call last):\n  File \"/Users/watch/PycharmProjects/XXXX-1-LLM/workspace/2024-02-13_15-13-44-868403/test_script.py\", line 13, in test\n    self.assertEqual(starts_one_ends(1), 1)\nNameError: name 'starts_one_ends' is not defined\n\n----------------------------------------------------------------------\nRan 1 test in 0.000s\n\nFAILED (errors=1)\n\nConclusion: Code Test Failed\n\nInput and Expected Output Example:\nFor the function count_numbers_starting_or_ending_with_one(n):\n- Input: count_numbers_starting_or_ending_with_one(1)\n- Expected Output: 1\n- Actual Output: NameError: name 'starts_one_ends' is not defined\n\nRecommendation: The function starts_one_ends() is not defined, and therefore the test failed. The function needs to be defined and implemented correctly to pass the test., do you have any ideas?\n-----\n\n[Developer]says: As a Developer, I will start by defining and implementing the starts_one_ends() function correctly to pass the test.\n-----\n\n[Architect]says: As an Architect, I think the first step is to define and implement the starts_one_ends() function correctly in order to pass the test.\n-----\n\n[Developer]says: As a Developer, I will start by defining and implementing the starts_one_ends() function correctly to pass the test.\n-----\n\n[ProductOwner]says: As a Product Owner, I think we should prioritize defining and implementing the starts_one_ends() function to pass the test.\n-----\n\n[Tester]says: As a Tester, I recommend defining and implementing the starts_one_ends() function correctly to pass the test.\n-----\n\n[Tester]says: As a Tester, I recommend defining and implementing the starts_one_ends() function correctly to pass the test.\n-----\n\n[Architect]says: As an Architect, I will ensure that the starts_one_ends() function is implemented correctly to pass the test.\n-----\n\n[ProductOwner]says: As a Product Owner, I will prioritize defining and implementing the starts_one_ends() function to pass the test.\n-----\n",
    "SprintReviewMeetings0": "{\n  \"product-owner\": [\"prioritize defining and implementing the starts_one_ends() function to pass the test.\"],\n  \"architect\": [\"ensure that the starts_one_ends() function is implemented correctly to pass the test.\"],\n  \"developer\": [\"defining and implementing the starts_one_ends() function correctly to pass the test.\"],\n  \"tester\": [\"recommend defining and implementing the starts_one_ends() function correctly to pass the test.\"]\n}",
    "SprintReviewMeetings0_prompt": "{\"Role\": \"You are a professional scrum master. Your goal is to summary the Discussion History into a suggestions list for the scrum team.\", \"Instruction\": \"1. Read and Understand the Discussion History. 2. Summary the suggestions from four roles: product-owner/architect/developer/tester. 3. Response in JSON format.\", \"Example\": \"{\\\"product-owner\\\":[\\\"suggestion1\\\",\\\"suggestion2\\\"],\\\"architect\\\":[\\\"suggestion1\\\",\\\"suggestion2\\\"], \\\"developer\\\":[\\\"suggestion1\\\",\\\"suggestion2\\\"], \\\"tester\\\":[\\\"suggestion1\\\",\\\"suggestion2\\\"]}\", \"Context\": \"[ScrumMaster]says: Here is our test Report: Test Report:\\n\\nTest script's output:\\nE\\n======================================================================\\nERROR: test (__main__.Test)\\n----------------------------------------------------------------------\\nTraceback (most recent call last):\\n  File \\\"/Users/watch/PycharmProjects/XXXX-1-LLM/workspace/2024-02-13_15-13-44-868403/test_script.py\\\", line 13, in test\\n    self.assertEqual(starts_one_ends(1), 1)\\nNameError: name 'starts_one_ends' is not defined\\n\\n----------------------------------------------------------------------\\nRan 1 test in 0.000s\\n\\nFAILED (errors=1)\\n\\nConclusion: Code Test Failed\\n\\nInput and Expected Output Example:\\nFor the function count_numbers_starting_or_ending_with_one(n):\\n- Input: count_numbers_starting_or_ending_with_one(1)\\n- Expected Output: 1\\n- Actual Output: NameError: name 'starts_one_ends' is not defined\\n\\nRecommendation: The function starts_one_ends() is not defined, and therefore the test failed. The function needs to be defined and implemented correctly to pass the test., do you have any ideas?\\n-----\\n\\n[Developer]says: As a Developer, I will start by defining and implementing the starts_one_ends() function correctly to pass the test.\\n-----\\n\\n[Architect]says: As an Architect, I think the first step is to define and implement the starts_one_ends() function correctly in order to pass the test.\\n-----\\n\\n[Developer]says: As a Developer, I will start by defining and implementing the starts_one_ends() function correctly to pass the test.\\n-----\\n\\n[ProductOwner]says: As a Product Owner, I think we should prioritize defining and implementing the starts_one_ends() function to pass the test.\\n-----\\n\\n[Tester]says: As a Tester, I recommend defining and implementing the starts_one_ends() function correctly to pass the test.\\n-----\\n\\n[Tester]says: As a Tester, I recommend defining and implementing the starts_one_ends() function correctly to pass the test.\\n-----\\n\\n[Architect]says: As an Architect, I will ensure that the starts_one_ends() function is implemented correctly to pass the test.\\n-----\\n\\n[ProductOwner]says: As a Product Owner, I will prioritize defining and implementing the starts_one_ends() function to pass the test.\\n-----\\n\", \"Question\": \"Follow the Instruction section. The Discussion History is in the Context section. You only need to return a list as the Example section.\"}",
    "RepairResponse0": "{\n  \"revised_code\": \"def starts_one_ends(n):\\n    count = 0\\n    for i in range(10**(n-1), 10**n):\\n        if str(i)[0] == '1' or str(i)[-1] == '1':\\n            count += 1\\n    return count\"\n}",
    "RepairResponse0_prompt": {
        "Role": "You are a professional software engineer. Your duty is to write code in Python that meets the requirements. Ensure that the code you write is efficient, readable, and follows best practices. Remember, do not need to explain the code you wrote.",
        "Instruction": "1. Rewrite a bug fix version of the original code. 2. Response in JSON format.",
        "Example": "{\"revised_code\":\"...\"}",
        "Context": "# Test Report:\nTest Report:\n\nTest script's output:\nE\n======================================================================\nERROR: test (__main__.Test)\n----------------------------------------------------------------------\nTraceback (most recent call last):\n  File \"/Users/watch/PycharmProjects/XXXX-1-LLM/workspace/2024-02-13_15-13-44-868403/test_script.py\", line 13, in test\n    self.assertEqual(starts_one_ends(1), 1)\nNameError: name 'starts_one_ends' is not defined\n\n----------------------------------------------------------------------\nRan 1 test in 0.000s\n\nFAILED (errors=1)\n\nConclusion: Code Test Failed\n\nInput and Expected Output Example:\nFor the function count_numbers_starting_or_ending_with_one(n):\n- Input: count_numbers_starting_or_ending_with_one(1)\n- Expected Output: 1\n- Actual Output: NameError: name 'starts_one_ends' is not defined\n\nRecommendation: The function starts_one_ends() is not defined, and therefore the test failed. The function needs to be defined and implemented correctly to pass the test.# suggestions:\n{\"product-owner\": [\"prioritize defining and implementing the starts_one_ends() function to pass the test.\"], \"architect\": [\"ensure that the starts_one_ends() function is implemented correctly to pass the test.\"], \"developer\": [\"defining and implementing the starts_one_ends() function correctly to pass the test.\"], \"tester\": [\"recommend defining and implementing the starts_one_ends() function correctly to pass the test.\"]}",
        "Question": "The original code has some bugs, according to the test report and suggestions, rewrite the code. Complete the following code:\n\ndef starts_one_ends(n):\n    \"\"\"\n    Given a positive integer n, return the count of the numbers of n-digit\n    positive integers that start or end with 1.\n    \"\"\"\n"
    },
    "Code1": "def starts_one_ends(n):\n    count = 0\n    for i in range(10**(n-1), 10**n):\n        if str(i)[0] == '1' or str(i)[-1] == '1':\n            count += 1\n    return count",
    "ScriptResult1": "F\n======================================================================\nFAIL: test (__main__.Test)\n----------------------------------------------------------------------\nTraceback (most recent call last):\n  File \"/Users/watch/PycharmProjects/XXXX-1-LLM/workspace/2024-02-13_15-13-44-868403/test_script.py\", line 12, in test\n    self.assertEqual(starts_one_ends(2), 11)\nAssertionError: 18 != 11\n\n----------------------------------------------------------------------\nRan 1 test in 0.000s\n\nFAILED (failures=1)\n",
    "TestReport1": "Test Report:\n\nTest script's output:\nF\n======================================================================\nFAIL: test (__main__.Test)\n----------------------------------------------------------------------\nTraceback (most recent call last):\n  File \"/Users/watch/PycharmProjects/XXXX-1-LLM/workspace/2024-02-13_15-13-44-868403/test_script.py\", line 12, in test\n    self.assertEqual(starts_one_ends(2), 11)\nAssertionError: 18 != 11\n\n----------------------------------------------------------------------\nRan 1 test in 0.000s\n\nFAILED (failures=1)\n\nConclusion: Code Test Failed\n\nInput and Expected Output Example:\n- Input: starts_one_ends(2)\n- Expected Output: 11\n\nCode:\ndef starts_one_ends(n):\n    count = 0\n    for i in range(10**(n-1), 10**n):\n        if str(i)[0] == '1' or str(i)[-1] == '1':\n            count += 1\n    return count",
    "SprintReview1": "[ScrumMaster]says: Here is our test Report: Test Report:\n\nTest script's output:\nF\n======================================================================\nFAIL: test (__main__.Test)\n----------------------------------------------------------------------\nTraceback (most recent call last):\n  File \"/Users/watch/PycharmProjects/XXXX-1-LLM/workspace/2024-02-13_15-13-44-868403/test_script.py\", line 12, in test\n    self.assertEqual(starts_one_ends(2), 11)\nAssertionError: 18 != 11\n\n----------------------------------------------------------------------\nRan 1 test in 0.000s\n\nFAILED (failures=1)\n\nConclusion: Code Test Failed\n\nInput and Expected Output Example:\n- Input: starts_one_ends(2)\n- Expected Output: 11\n\nCode:\ndef starts_one_ends(n):\n    count = 0\n    for i in range(10**(n-1), 10**n):\n        if str(i)[0] == '1' or str(i)[-1] == '1':\n            count += 1\n    return count, do you have any ideas?\n-----\n\n[Developer]says: As a Developer, I think we should review the code and the test script to identify the issue and make necessary corrections.\n-----\n\n[ProductOwner]says: As a Product Owner, I think we need to review the code and identify the root cause of the test failure before proceeding with any product development.\n-----\n\n[Architect]says: As an Architect, I believe we should review the code and identify the root cause of the failure before making any changes to the product.\n-----\n\n[Tester]says: As a Tester, I would suggest reviewing the test script and the code to identify and fix the issue with the starts_one_ends function.\n-----\n\n[Developer]says: As a Developer, I think we should review the code and the test script to identify the issue and make necessary corrections.\n-----\n\n[Architect]says: As an Architect, I believe we should review the code and identify the root cause of the failure before making any changes to the product.\n-----\n\n[Tester]says: As a Tester, I would suggest reviewing the test script and the code to identify and fix the issue with the starts_one_ends function.\n-----\n\n[ProductOwner]says: As a Product Owner, I agree that we need to review the code and identify the root cause of the test failure before proceeding with any product development.\n-----\n",
    "SprintReviewMeetings1": "{\n  \"product-owner\": [\"Review the code and identify the root cause of the test failure before proceeding with any product development.\"],\n  \"architect\": [\"Review the code and identify the root cause of the failure before making any changes to the product.\"],\n  \"developer\": [\"Review the code and the test script to identify the issue and make necessary corrections.\"],\n  \"tester\": [\"Review the test script and the code to identify and fix the issue with the starts_one_ends function.\"]\n}",
    "SprintReviewMeetings1_prompt": "{\"Role\": \"You are a professional scrum master. Your goal is to summary the Discussion History into a suggestions list for the scrum team.\", \"Instruction\": \"1. Read and Understand the Discussion History. 2. Summary the suggestions from four roles: product-owner/architect/developer/tester. 3. Response in JSON format.\", \"Example\": \"{\\\"product-owner\\\":[\\\"suggestion1\\\",\\\"suggestion2\\\"],\\\"architect\\\":[\\\"suggestion1\\\",\\\"suggestion2\\\"], \\\"developer\\\":[\\\"suggestion1\\\",\\\"suggestion2\\\"], \\\"tester\\\":[\\\"suggestion1\\\",\\\"suggestion2\\\"]}\", \"Context\": \"[ScrumMaster]says: Here is our test Report: Test Report:\\n\\nTest script's output:\\nF\\n======================================================================\\nFAIL: test (__main__.Test)\\n----------------------------------------------------------------------\\nTraceback (most recent call last):\\n  File \\\"/Users/watch/PycharmProjects/XXXX-1-LLM/workspace/2024-02-13_15-13-44-868403/test_script.py\\\", line 12, in test\\n    self.assertEqual(starts_one_ends(2), 11)\\nAssertionError: 18 != 11\\n\\n----------------------------------------------------------------------\\nRan 1 test in 0.000s\\n\\nFAILED (failures=1)\\n\\nConclusion: Code Test Failed\\n\\nInput and Expected Output Example:\\n- Input: starts_one_ends(2)\\n- Expected Output: 11\\n\\nCode:\\ndef starts_one_ends(n):\\n    count = 0\\n    for i in range(10**(n-1), 10**n):\\n        if str(i)[0] == '1' or str(i)[-1] == '1':\\n            count += 1\\n    return count, do you have any ideas?\\n-----\\n\\n[Developer]says: As a Developer, I think we should review the code and the test script to identify the issue and make necessary corrections.\\n-----\\n\\n[ProductOwner]says: As a Product Owner, I think we need to review the code and identify the root cause of the test failure before proceeding with any product development.\\n-----\\n\\n[Architect]says: As an Architect, I believe we should review the code and identify the root cause of the failure before making any changes to the product.\\n-----\\n\\n[Tester]says: As a Tester, I would suggest reviewing the test script and the code to identify and fix the issue with the starts_one_ends function.\\n-----\\n\\n[Developer]says: As a Developer, I think we should review the code and the test script to identify the issue and make necessary corrections.\\n-----\\n\\n[Architect]says: As an Architect, I believe we should review the code and identify the root cause of the failure before making any changes to the product.\\n-----\\n\\n[Tester]says: As a Tester, I would suggest reviewing the test script and the code to identify and fix the issue with the starts_one_ends function.\\n-----\\n\\n[ProductOwner]says: As a Product Owner, I agree that we need to review the code and identify the root cause of the test failure before proceeding with any product development.\\n-----\\n\", \"Question\": \"Follow the Instruction section. The Discussion History is in the Context section. You only need to return a list as the Example section.\"}",
    "RepairResponse1": "{\n  \"revised_code\": \"def starts_one_ends(n):\\n    count = 0\\n    for i in range(10**(n-1), 10**n):\\n        if str(i)[0] == '1' or str(i)[:-1] == '1':\\n            count += 1\\n    return count\"\n}",
    "RepairResponse1_prompt": {
        "Role": "You are a professional software engineer. Your duty is to write code in Python that meets the requirements. Ensure that the code you write is efficient, readable, and follows best practices. Remember, do not need to explain the code you wrote.",
        "Instruction": "1. Rewrite a bug fix version of the original code. 2. Response in JSON format.",
        "Example": "{\"revised_code\":\"...\"}",
        "Context": "# Test Report:\nTest Report:\n\nTest script's output:\nF\n======================================================================\nFAIL: test (__main__.Test)\n----------------------------------------------------------------------\nTraceback (most recent call last):\n  File \"/Users/watch/PycharmProjects/XXXX-1-LLM/workspace/2024-02-13_15-13-44-868403/test_script.py\", line 12, in test\n    self.assertEqual(starts_one_ends(2), 11)\nAssertionError: 18 != 11\n\n----------------------------------------------------------------------\nRan 1 test in 0.000s\n\nFAILED (failures=1)\n\nConclusion: Code Test Failed\n\nInput and Expected Output Example:\n- Input: starts_one_ends(2)\n- Expected Output: 11\n\nCode:\ndef starts_one_ends(n):\n    count = 0\n    for i in range(10**(n-1), 10**n):\n        if str(i)[0] == '1' or str(i)[-1] == '1':\n            count += 1\n    return count# suggestions:\n{\"product-owner\": [\"Review the code and identify the root cause of the test failure before proceeding with any product development.\"], \"architect\": [\"Review the code and identify the root cause of the failure before making any changes to the product.\"], \"developer\": [\"Review the code and the test script to identify the issue and make necessary corrections.\"], \"tester\": [\"Review the test script and the code to identify and fix the issue with the starts_one_ends function.\"]}",
        "Question": "The original code has some bugs, according to the test report and suggestions, rewrite the code. Complete the following code:\n\ndef starts_one_ends(n):\n    \"\"\"\n    Given a positive integer n, return the count of the numbers of n-digit\n    positive integers that start or end with 1.\n    \"\"\"\n"
    },
    "Code2": "def starts_one_ends(n):\n    count = 0\n    for i in range(10**(n-1), 10**n):\n        if str(i)[0] == '1' or str(i)[:-1] == '1':\n            count += 1\n    return count",
    "ScriptResult2": "F\n======================================================================\nFAIL: test (__main__.Test)\n----------------------------------------------------------------------\nTraceback (most recent call last):\n  File \"/Users/watch/PycharmProjects/XXXX-1-LLM/workspace/2024-02-13_15-13-44-868403/test_script.py\", line 12, in test\n    self.assertEqual(starts_one_ends(2), 11)\nAssertionError: 10 != 11\n\n----------------------------------------------------------------------\nRan 1 test in 0.000s\n\nFAILED (failures=1)\n",
    "TestReport2": "Test Report:\n\nTest script's output:\nF\n======================================================================\nFAIL: test (__main__.Test)\n----------------------------------------------------------------------\nTraceback (most recent call last):\n  File \"/Users/watch/PycharmProjects/XXXX-1-LLM/workspace/2024-02-13_15-13-44-868403/test_script.py\", line 12, in test\n    self.assertEqual(starts_one_ends(2), 11)\nAssertionError: 10 != 11\n\n----------------------------------------------------------------------\nRan 1 test in 0.000s\n\nFAILED (failures=1)\n\nConclusion:\nThe code test has FAILED. The input and expected output example are as follows:\n\nInput: starts_one_ends(2)\nExpected Output: 11\n\nBased on the test script's output, the code has not passed the tests.\n\nCode Test Result: FAIL",
    "SprintReview2": "[ScrumMaster]says: Here is our test Report: Test Report:\n\nTest script's output:\nF\n======================================================================\nFAIL: test (__main__.Test)\n----------------------------------------------------------------------\nTraceback (most recent call last):\n  File \"/Users/watch/PycharmProjects/XXXX-1-LLM/workspace/2024-02-13_15-13-44-868403/test_script.py\", line 12, in test\n    self.assertEqual(starts_one_ends(2), 11)\nAssertionError: 10 != 11\n\n----------------------------------------------------------------------\nRan 1 test in 0.000s\n\nFAILED (failures=1)\n\nConclusion:\nThe code test has FAILED. The input and expected output example are as follows:\n\nInput: starts_one_ends(2)\nExpected Output: 11\n\nBased on the test script's output, the code has not passed the tests.\n\nCode Test Result: FAIL, do you have any ideas?\n-----\n\n[Tester]says: As a Tester, I suggest reviewing the test script and checking the code for any errors or discrepancies that may be causing the failure.\n-----\n\n[Developer]says: As a Developer, it seems like there might be a problem with the starts_one_ends function, and we should review the code to fix it.\n-----\n\n[ProductOwner]says: As a Product Owner, I think we need to review the requirements and user stories to ensure that the code aligns with the expected outcomes. We should also prioritize fixing this issue in the next sprint.\n-----\n\n[Architect]says: As an Architect, I suggest reviewing the code and identifying the issue in the starts_one_ends function to ensure it aligns with the expected output.\n-----\n\n[Developer]says: As a Developer, I will review the starts_one_ends function and work on fixing the code to address the test failure.\n-----\n\n[Tester]says: As a Tester, I suggest thoroughly reviewing the test script and code for any errors or discrepancies that may be causing the failure.\n-----\n\n[Architect]says: As an Architect, I suggest reviewing the code and identifying the issue in the starts_one_ends function to ensure it aligns with the expected output.\n-----\n\n[ProductOwner]says: [ProductOwner]says: To create a product, we should prioritize fixing this issue in the next sprint. Let's review the requirements and user stories to ensure that the code aligns with the expected outcomes.\n-----\n",
    "SprintReviewMeetings2": "{\n  \"product-owner\": [\n    \"I think we need to review the requirements and user stories to ensure that the code aligns with the expected outcomes. We should also prioritize fixing this issue in the next sprint.\",\n    \"To create a product, we should prioritize fixing this issue in the next sprint. Let's review the requirements and user stories to ensure that the code aligns with the expected outcomes.\"\n  ],\n  \"architect\": [\n    \"I suggest reviewing the code and identifying the issue in the starts_one_ends function to ensure it aligns with the expected output.\"\n  ],\n  \"developer\": [\n    \"it seems like there might be a problem with the starts_one_ends function, and we should review the code to fix it.\",\n    \"I will review the starts_one_ends function and work on fixing the code to address the test failure.\"\n  ],\n  \"tester\": [\n    \"I suggest reviewing the test script and checking the code for any errors or discrepancies that may be causing the failure.\",\n    \"I suggest thoroughly reviewing the test script and code for any errors or discrepancies that may be causing the failure.\"\n  ]\n}",
    "SprintReviewMeetings2_prompt": "{\"Role\": \"You are a professional scrum master. Your goal is to summary the Discussion History into a suggestions list for the scrum team.\", \"Instruction\": \"1. Read and Understand the Discussion History. 2. Summary the suggestions from four roles: product-owner/architect/developer/tester. 3. Response in JSON format.\", \"Example\": \"{\\\"product-owner\\\":[\\\"suggestion1\\\",\\\"suggestion2\\\"],\\\"architect\\\":[\\\"suggestion1\\\",\\\"suggestion2\\\"], \\\"developer\\\":[\\\"suggestion1\\\",\\\"suggestion2\\\"], \\\"tester\\\":[\\\"suggestion1\\\",\\\"suggestion2\\\"]}\", \"Context\": \"[ScrumMaster]says: Here is our test Report: Test Report:\\n\\nTest script's output:\\nF\\n======================================================================\\nFAIL: test (__main__.Test)\\n----------------------------------------------------------------------\\nTraceback (most recent call last):\\n  File \\\"/Users/watch/PycharmProjects/XXXX-1-LLM/workspace/2024-02-13_15-13-44-868403/test_script.py\\\", line 12, in test\\n    self.assertEqual(starts_one_ends(2), 11)\\nAssertionError: 10 != 11\\n\\n----------------------------------------------------------------------\\nRan 1 test in 0.000s\\n\\nFAILED (failures=1)\\n\\nConclusion:\\nThe code test has FAILED. The input and expected output example are as follows:\\n\\nInput: starts_one_ends(2)\\nExpected Output: 11\\n\\nBased on the test script's output, the code has not passed the tests.\\n\\nCode Test Result: FAIL, do you have any ideas?\\n-----\\n\\n[Tester]says: As a Tester, I suggest reviewing the test script and checking the code for any errors or discrepancies that may be causing the failure.\\n-----\\n\\n[Developer]says: As a Developer, it seems like there might be a problem with the starts_one_ends function, and we should review the code to fix it.\\n-----\\n\\n[ProductOwner]says: As a Product Owner, I think we need to review the requirements and user stories to ensure that the code aligns with the expected outcomes. We should also prioritize fixing this issue in the next sprint.\\n-----\\n\\n[Architect]says: As an Architect, I suggest reviewing the code and identifying the issue in the starts_one_ends function to ensure it aligns with the expected output.\\n-----\\n\\n[Developer]says: As a Developer, I will review the starts_one_ends function and work on fixing the code to address the test failure.\\n-----\\n\\n[Tester]says: As a Tester, I suggest thoroughly reviewing the test script and code for any errors or discrepancies that may be causing the failure.\\n-----\\n\\n[Architect]says: As an Architect, I suggest reviewing the code and identifying the issue in the starts_one_ends function to ensure it aligns with the expected output.\\n-----\\n\\n[ProductOwner]says: [ProductOwner]says: To create a product, we should prioritize fixing this issue in the next sprint. Let's review the requirements and user stories to ensure that the code aligns with the expected outcomes.\\n-----\\n\", \"Question\": \"Follow the Instruction section. The Discussion History is in the Context section. You only need to return a list as the Example section.\"}",
    "RepairResponse2": "{\n  \"revised_code\": \"def starts_one_ends(n):\\n    count = 0\\n    if n < 1:\\n        return count\\n    count = 2 * 9 * 10 ** (n-2) + 10 ** (n-1) - 9 ** (n-1)\\n    return count\"\n}",
    "RepairResponse2_prompt": {
        "Role": "You are a professional software engineer. Your duty is to write code in Python that meets the requirements. Ensure that the code you write is efficient, readable, and follows best practices. Remember, do not need to explain the code you wrote.",
        "Instruction": "1. Rewrite a bug fix version of the original code. 2. Response in JSON format.",
        "Example": "{\"revised_code\":\"...\"}",
        "Context": "# Test Report:\nTest Report:\n\nTest script's output:\nF\n======================================================================\nFAIL: test (__main__.Test)\n----------------------------------------------------------------------\nTraceback (most recent call last):\n  File \"/Users/watch/PycharmProjects/XXXX-1-LLM/workspace/2024-02-13_15-13-44-868403/test_script.py\", line 12, in test\n    self.assertEqual(starts_one_ends(2), 11)\nAssertionError: 10 != 11\n\n----------------------------------------------------------------------\nRan 1 test in 0.000s\n\nFAILED (failures=1)\n\nConclusion:\nThe code test has FAILED. The input and expected output example are as follows:\n\nInput: starts_one_ends(2)\nExpected Output: 11\n\nBased on the test script's output, the code has not passed the tests.\n\nCode Test Result: FAIL# suggestions:\n{\"product-owner\": [\"I think we need to review the requirements and user stories to ensure that the code aligns with the expected outcomes. We should also prioritize fixing this issue in the next sprint.\", \"To create a product, we should prioritize fixing this issue in the next sprint. Let's review the requirements and user stories to ensure that the code aligns with the expected outcomes.\"], \"architect\": [\"I suggest reviewing the code and identifying the issue in the starts_one_ends function to ensure it aligns with the expected output.\"], \"developer\": [\"it seems like there might be a problem with the starts_one_ends function, and we should review the code to fix it.\", \"I will review the starts_one_ends function and work on fixing the code to address the test failure.\"], \"tester\": [\"I suggest reviewing the test script and checking the code for any errors or discrepancies that may be causing the failure.\", \"I suggest thoroughly reviewing the test script and code for any errors or discrepancies that may be causing the failure.\"]}",
        "Question": "The original code has some bugs, according to the test report and suggestions, rewrite the code. Complete the following code:\n\ndef starts_one_ends(n):\n    \"\"\"\n    Given a positive integer n, return the count of the numbers of n-digit\n    positive integers that start or end with 1.\n    \"\"\"\n"
    },
    "Code3": "def starts_one_ends(n):\n    count = 0\n    if n < 1:\n        return count\n    count = 2 * 9 * 10 ** (n-2) + 10 ** (n-1) - 9 ** (n-1)\n    return count",
    "ScriptResult3": "F\n======================================================================\nFAIL: test (__main__.Test)\n----------------------------------------------------------------------\nTraceback (most recent call last):\n  File \"/Users/watch/PycharmProjects/XXXX-1-LLM/workspace/2024-02-13_15-13-44-868403/test_script.py\", line 11, in test\n    self.assertEqual(starts_one_ends(1), 1)\nAssertionError: 1.7999999999999998 != 1\n\n----------------------------------------------------------------------\nRan 1 test in 0.000s\n\nFAILED (failures=1)\n",
    "TestReport3": "Test Report:\n\n# Test Script's Output:\nF\n======================================================================\nFAIL: test (__main__.Test)\n----------------------------------------------------------------------\nTraceback (most recent call last):\n  File \"/Users/watch/PycharmProjects/XXXX-1-LLM/workspace/2024-02-13_15-13-44-868403/test_script.py\", line 11, in test\n    self.assertEqual(starts_one_ends(1), 1)\nAssertionError: 1.7999999999999998 != 1\n\n----------------------------------------------------------------------\nRan 1 test in 0.000s\n\nFAILED (failures=1)\n\nThe test script output indicates a failure in the test case for the starts_one_ends function. The specific failure is due to the assertion that the output of the function for input 1 should be 1, but the actual output is 1.7999999999999998.\n\nBased on this output, the code has failed the test.\n\nInput Example: starts_one_ends(1)\nExpected Output: 1\n\nCode Test Failed"
}