{
    "start_time": "2024-03-11_12-31-54-949369",
    "task": "def rev(num):    \n'''Write a python function to check if a given number is one less than twice its reverse.\nassert check(70) == False'''\n",
    "datetime": {
        "task": "2024-03-11 12:31:54",
        "task-id": "2024-03-11 12:31:54",
        "workflow": "2024-03-11 12:31:54",
        "Discussion": "2024-03-11 12:31:57",
        "DisorderedSprintMeetings": "2024-03-11 12:31:58",
        "UserStoryDraft0": "2024-03-11 12:33:53",
        "AnalyzeMeetings": "2024-03-11 12:33:55",
        "UserStory0": "2024-03-11 12:36:36",
        "DesignDraft0": "2024-03-11 12:36:38",
        "DesignMeetings0": "2024-03-11 12:36:40",
        "Design0": "2024-03-11 12:36:43",
        "CodeDraft0": "2024-03-11 12:36:45",
        "Code0CR": "2024-03-11 12:36:45",
        "FinalCode": "2024-03-11 12:37:04",
        "Test Cases Draft": "2024-03-11 12:36:47",
        "Test Cases Meetings": "2024-03-11 12:36:49",
        "Test Cases": "2024-03-11 12:36:53",
        "Code0": "2024-03-11 12:36:53",
        "TestScriptOriginal": "2024-03-11 12:36:54",
        "TestScript": "2024-03-11 12:36:54",
        "ScriptResult0": "2024-03-11 12:36:54",
        "TestReport0": "2024-03-11 12:36:58",
        "SprintReview0": "2024-03-11 12:36:59",
        "SprintReviewMeetings0": "2024-03-11 12:37:03",
        "RepairResponse0": "2024-03-11 12:37:04",
        "Code1": "2024-03-11 12:37:04",
        "ScriptResult1": "2024-03-11 12:37:04",
        "TestReport1": "2024-03-11 12:37:05"
    },
    "task-id": 56,
    "workflow": "agile/agile_version_0.0.5_remove.json",
    "Discussion": "[ScrumMaster]says: We have a job: def rev(num):    \n'''Write a python function to check if a given number is one less than twice its reverse.\nassert check(70) == False'''\n, do you have any ideas?\n-----\n\n[ProductOwner]says: As a Product Owner, I think we should start by defining the user requirements for this function and prioritize them accordingly.\n-----\n\n[Architect]says: As an Architect, I recommend breaking down the problem into smaller tasks and defining the input and output requirements for the function.\n-----\n\n[Developer]says: As a Developer, I think the first step is to define the inputs and outputs of the function and then start working on the algorithm to solve the problem.\n-----\n\n[Architect]says: As an Architect, I recommend breaking down the problem into smaller tasks and defining the input and output requirements for the function.\n-----\n\n[Developer]says: As a Developer, I will start working on the algorithm to solve the problem and define the inputs and outputs of the function.\n-----\n\n[ProductOwner]says: As a Product Owner, I think we should start by defining the user requirements for this function and prioritize them accordingly.\n-----\n\n[Tester]says: As a Tester, I would suggest writing test cases to cover different scenarios and edge cases for the given function.\n-----\n\n[Tester]says: As a Tester, I would suggest writing test cases to cover different scenarios and edge cases for the given function.\n-----\n",
    "DisorderedSprintMeetings": "{\n  \"product-owner\": [\"Define user requirements for the function\", \"Prioritize user requirements\"],\n  \"architect\": [\"Break down the problem into smaller tasks\", \"Define input and output requirements\"],\n  \"developer\": [\"Define inputs and outputs for the function\", \"Work on the algorithm to solve the problem\"],\n  \"tester\": [\"Write test cases for different scenarios and edge cases\"]\n}",
    "DisorderedSprintMeetings_prompt": "{\"Role\": \"You are a professional scrum master. Your goal is to breakdown the Discussion History into a task list for the scrum team.\", \"Instruction\": \"1. Read and Understand the Discussion History. 2. Define the tasks for four roles: product-owner/architect/developer/tester. 3. Response in JSON format.\", \"Example\": \"{\\\"product-owner\\\":[\\\"task1\\\",\\\"task2\\\"],\\\"architect\\\":[\\\"task1\\\",\\\"task2\\\"], \\\"developer\\\":[\\\"task1\\\",\\\"task2\\\"], \\\"tester\\\":[\\\"task1\\\",\\\"task2\\\"]}\", \"Context\": \"[ScrumMaster]says: We have a job: def rev(num):    \\n'''Write a python function to check if a given number is one less than twice its reverse.\\nassert check(70) == False'''\\n, do you have any ideas?\\n-----\\n\\n[ProductOwner]says: As a Product Owner, I think we should start by defining the user requirements for this function and prioritize them accordingly.\\n-----\\n\\n[Architect]says: As an Architect, I recommend breaking down the problem into smaller tasks and defining the input and output requirements for the function.\\n-----\\n\\n[Developer]says: As a Developer, I think the first step is to define the inputs and outputs of the function and then start working on the algorithm to solve the problem.\\n-----\\n\\n[Architect]says: As an Architect, I recommend breaking down the problem into smaller tasks and defining the input and output requirements for the function.\\n-----\\n\\n[Developer]says: As a Developer, I will start working on the algorithm to solve the problem and define the inputs and outputs of the function.\\n-----\\n\\n[ProductOwner]says: As a Product Owner, I think we should start by defining the user requirements for this function and prioritize them accordingly.\\n-----\\n\\n[Tester]says: As a Tester, I would suggest writing test cases to cover different scenarios and edge cases for the given function.\\n-----\\n\\n[Tester]says: As a Tester, I would suggest writing test cases to cover different scenarios and edge cases for the given function.\\n-----\\n\", \"Question\": \"Follow the Instruction section. The Discussion History is in the Context section. You only need to return a task list as the Example section.\"}",
    "UserStoryDraft0": "{\n  \"UserStory\": {\n    \"As a product owner, I want to define the user requirements for the function rev(num) in order to prioritize the user requirements and ensure that the python function checks if a given number is one less than twice its reverse.\"\n \t\t\t\t\n \t\t\n \t\n \t\n \t\n \t\n \t\n \t\n \t\n \t\n \t\n \t\n \t\n \t\n \t\n \t\n \t\n \t\n \t\n \t\n \t\n \t\n \t\n \t\n \t\n \t\n \t\n \t\n \t\n \t\n \t\n \t\n \t\n \t\n \t\n \t\n \t\n \t\n \t\n \t\n \t\n \t\n \t\n \t\n \t\n \t\n \t\n \t\n \t\n \t\n \t\n \t\n \t\n \t\n \t\n \t\n \t\n \t\n \t\n \t\n \t\n \t\n \t\n \t\n \t\n \t\n \t\n \t\n \t\n \t\n \t\n \t\n \t\n \t\n \t\n \t\n \t\n \t\n \t\n \t\n \t\n \t\n \t\n \t\n \t\n \t\n \t\n \t\n \t\n \t\n \t\n \t\n \t\n \t\n \t\n \t\n \t\n \t\n \t\n \t\n \t\n \t\n",
    "UserStoryDraft0_prompt": "{\"Role\": \"You need to act as a professional product owner. Your task is to write a UserStory\", \"Instruction\": \"According to the Context, please analyze the requirement and write your response. Response in JSON format. Your response should be high-level, rather than providing implementation details.\", \"Example\": \"\", \"Context\": [\"Define user requirements for the function\", \"Prioritize user requirements\"], \"Question\": \"Follow the Instruction. The requirement is as follows:\\ndef rev(num):    \\n'''Write a python function to check if a given number is one less than twice its reverse.\\nassert check(70) == False'''\\n\"}",
    "AnalyzeMeetings": "{\n  \"Architect\": \"The user story is clear and specific about the requirement for the function rev(num). It would be helpful to have more details about the expected input and output of the function, as well as any specific constraints or edge cases that should be considered. Additionally, it would be beneficial to have a proposed design or architecture for the function implementation.\",\n  \"Tester\": \"The user story provides a clear understanding of the expected behavior of the function rev(num). It would be helpful to have test cases outlined that cover various scenarios, including valid and invalid inputs, boundary cases, and any specific requirements mentioned in the user story. Additionally, having access to any specific acceptance criteria or validation rules would aid in developing comprehensive test cases.\"\n}",
    "UserStory0": "{\n  \"RevisedUserStory\": {\n    \"As a product owner, I want to define the user requirements for the function rev(num) in order to prioritize the user requirements and ensure that the python function rev(num) checks if a given number is one less than twice its reverse and returns a boolean value based on the result.\"\n \n  \n \n \n \n \n \n \n \n \n \n \n \n \n \n \n \n \n \n \n \n \n \n \n \n \n \n \n \n \n \n \n \n \n \n \n \n \n \n \n \n \n \n \n \n \n \n \n \n \n \n \n \n \n \n \n \n \n \n \n \n \n \n \n \n \n \n \n \n \n \n \n \n \n \n \n \n \n \n \n \n \n \n \n \n \n \n \n \n \n \n \n \n \n \n \n \n \n \n \n \n",
    "UserStory0_prompt": {
        "Role": "You need to act as a professional product owner. Your duty is to revise the document based on the suggestions.",
        "Instruction": "1. Read the suggestions. 2. Revise your draft version document. 3. Response in JSON format. 4. REMEMBER: Your analysis should be high-level, rather than providing implementation details.",
        "Example": "",
        "Context": "# Suggestion:\n{\n  \"Architect\": \"The user story is clear and specific about the requirement for the function rev(num). It would be helpful to have more details about the expected input and output of the function, as well as any specific constraints or edge cases that should be considered. Additionally, it would be beneficial to have a proposed design or architecture for the function implementation.\",\n  \"Tester\": \"The user story provides a clear understanding of the expected behavior of the function rev(num). It would be helpful to have test cases outlined that cover various scenarios, including valid and invalid inputs, boundary cases, and any specific requirements mentioned in the user story. Additionally, having access to any specific acceptance criteria or validation rules would aid in developing comprehensive test cases.\"\n}",
        "Question": "Follow the Instruction. Your colleague give you some suggestions(in the Context section) about this draft document:{\n  \"UserStory\": {\n    \"As a product owner, I want to define the user requirements for the function rev(num) in order to prioritize the user requirements and ensure that the python function checks if a given number is one less than twice its reverse.\"\n \t\t\t\t\n \t\t\n \t\n \t\n \t\n \t\n \t\n \t\n \t\n \t\n \t\n \t\n \t\n \t\n \t\n \t\n \t\n \t\n \t\n \t\n \t\n \t\n \t\n \t\n \t\n \t\n \t\n \t\n \t\n \t\n \t\n \t\n \t\n \t\n \t\n \t\n \t\n \t\n \t\n \t\n \t\n \t\n \t\n \t\n \t\n \t\n \t\n \t\n \t\n \t\n \t\n \t\n \t\n \t\n \t\n \t\n \t\n \t\n \t\n \t\n \t\n \t\n \t\n \t\n \t\n \t\n \t\n \t\n \t\n \t\n \t\n \t\n \t\n \t\n \t\n \t\n \t\n \t\n \t\n \t\n \t\n \t\n \t\n \t\n \t\n \t\n \t\n \t\n \t\n \t\n \t\n \t\n \t\n \t\n \t\n \t\n \t\n \t\n \t\n \t\n \t\n \t\n"
    },
    "DesignDraft0": "Design:\n\n- Define the function rev(num) in Python to check if a given number is one less than twice its reverse.\n- The function should take a single argument, num, which is the input number to be checked.\n- The function should return a boolean value based on the result of the check.\n- The function should include an assertion to check if the result of rev(70) is False.\n\nThis high-level design provides the developer with the necessary guidance to implement the function rev(num) in Python. It outlines the purpose of the function, its input and output requirements, and includes a specific example to be verified using an assertion.",
    "DesignMeetings0": "{\n  \"Developer\": \"The design is clear and provides a good starting point for implementing the rev(num) function. It specifies the input, output, and includes an example assertion for verification. One suggestion would be to also include some examples of valid input to be checked using assertions, to cover a wider range of test cases.\",\n  \"Tester\": \"The design is well-defined and includes an example assertion for verification. One suggestion would be to include additional test cases to cover different scenarios, such as edge cases or negative numbers, to ensure thorough testing of the rev(num) function.\"\n}",
    "Design0": "Based on the suggestions, I have updated the design for the rev(num) function in Python. \n\nNew Design:\n- Define the function rev(num) in Python to check if a given number is one less than twice its reverse.\n- The function should take a single argument, num, which is the input number to be checked.\n- The function should return a boolean value based on the result of the check.\n- The function should include assertions to check the following:\n  - rev(70) should return False.\n  - Additional assertions for valid input cases, such as rev(12) returning True and rev(5) returning False, to cover a wider range of test cases.\n- The design should also include additional test cases to cover different scenarios, such as edge cases or negative numbers, to ensure thorough testing of the rev(num) function.\n\nThis updated design provides a more comprehensive outline for the rev(num) function, including additional test cases and assertions to cover a wider range of scenarios for thorough testing.",
    "CodeDraft0": "def rev(num):\n    '''Write a python function to check if a given number is one less than twice its reverse.'''\n    num_str = str(num)\n    num_rev = int(num_str[::-1])\n    return num == 2*num_rev - 1\n\nassert rev(70) == False\nassert rev(12) == True\nassert rev(5) == False\n# Additional test cases for thorough testing\nassert rev(0) == True\nassert rev(11) == False\nassert rev(121) == True",
    "CodeDraft0_prompt": {
        "Role": "You are a professional engineer. Your duty is to write code in Python that meets the requirements. Ensure that the code you write is efficient, readable, and follows best practices. Remember, do not need to explain the code you wrote.",
        "Instruction": "According to the Context section, write your code.",
        "Example": "",
        "Context": "# Tasks:\n['Define inputs and outputs for the function', 'Work on the algorithm to solve the problem']\n# Design:\nBased on the suggestions, I have updated the design for the rev(num) function in Python. \n\nNew Design:\n- Define the function rev(num) in Python to check if a given number is one less than twice its reverse.\n- The function should take a single argument, num, which is the input number to be checked.\n- The function should return a boolean value based on the result of the check.\n- The function should include assertions to check the following:\n  - rev(70) should return False.\n  - Additional assertions for valid input cases, such as rev(12) returning True and rev(5) returning False, to cover a wider range of test cases.\n- The design should also include additional test cases to cover different scenarios, such as edge cases or negative numbers, to ensure thorough testing of the rev(num) function.\n\nThis updated design provides a more comprehensive outline for the rev(num) function, including additional test cases and assertions to cover a wider range of scenarios for thorough testing.",
        "Question": "Follow the Instruction section. Complete the following code:\ndef rev(num):    \n'''Write a python function to check if a given number is one less than twice its reverse.\nassert check(70) == False'''\n"
    },
    "Code0CR": "def rev(num):\n    '''Write a python function to check if a given number is one less than twice its reverse.'''\n    num_str = str(num)\n    num_rev = int(num_str[::-1])\n    return num == 2*num_rev - 1\n\nassert rev(70) == False\nassert rev(12) == True\nassert rev(5) == False\n# Additional test cases for thorough testing\nassert rev(0) == True\nassert rev(11) == False\nassert rev(121) == True",
    "FinalCode": "def check(num):\n    reversed_num = int(str(num)[::-1])\n    if num == (2 * reversed_num - 1):\n        return True\n    else:\n        return False",
    "Test Cases Draft": "{\n  \"test_cases\": [\n    {\n      \"Test Title\": \"Valid Input Case\",\n      \"Input Data\": \"parameter1=12\",\n      \"Expected Output\": \"True\"\n    },\n    {\n      \"Test Title\": \"Valid Input Case\",\n      \"Input Data\": \"parameter1=5\",\n      \"Expected Output\": \"False\"\n    },\n    {\n      \"Test Title\": \"Invalid Input Case\",\n      \"Input Data\": \"parameter1=70\",\n      \"Expected Output\": \"False\"\n    },\n    {\n      \"Test Title\": \"Edge Case\",\n      \"Input Data\": \"parameter1=0\",\n      \"Expected Output\": \"False\"\n    },\n    {\n      \"Test Title\": \"Negative Number Case\",\n      \"Input Data\": \"parameter1=-5\",\n      \"Expected Output\": \"True\"\n    }\n  ]\n}",
    "Test Cases Draft_prompt": "{\"Role\": \"You are a quality assurance engineer. Your duty is to design test cases for the developers.\", \"Instruction\": \"According to the Context section, write test cases. Don't write long strings in your test cases. Response in JSON format.\", \"Example\": \"{\\\"requirement analysis\\\":\\\"analysis\\\",\\\"test_cases\\\":[{\\\"Test Title\\\":\\\"title\\\", \\\"Input Data\\\":\\\"parameter1=[1,2,3],parameter2='123'\\\", \\\"Expected Output\\\":\\\"456\\\"},]}\", \"Context\": \"# UsrtStory:\\n{\\n  \\\"RevisedUserStory\\\": {\\n    \\\"As a product owner, I want to define the user requirements for the function rev(num) in order to prioritize the user requirements and ensure that the python function rev(num) checks if a given number is one less than twice its reverse and returns a boolean value based on the result.\\\"\\n \\n  \\n \\n \\n \\n \\n \\n \\n \\n \\n \\n \\n \\n \\n \\n \\n \\n \\n \\n \\n \\n \\n \\n \\n \\n \\n \\n \\n \\n \\n \\n \\n \\n \\n \\n \\n \\n \\n \\n \\n \\n \\n \\n \\n \\n \\n \\n \\n \\n \\n \\n \\n \\n \\n \\n \\n \\n \\n \\n \\n \\n \\n \\n \\n \\n \\n \\n \\n \\n \\n \\n \\n \\n \\n \\n \\n \\n \\n \\n \\n \\n \\n \\n \\n \\n \\n \\n \\n \\n \\n \\n \\n \\n \\n \\n \\n \\n \\n \\n \\n \\n\\n# Tasks:\\n['Write test cases for different scenarios and edge cases']\\n# Design:\\nBased on the suggestions, I have updated the design for the rev(num) function in Python. \\n\\nNew Design:\\n- Define the function rev(num) in Python to check if a given number is one less than twice its reverse.\\n- The function should take a single argument, num, which is the input number to be checked.\\n- The function should return a boolean value based on the result of the check.\\n- The function should include assertions to check the following:\\n  - rev(70) should return False.\\n  - Additional assertions for valid input cases, such as rev(12) returning True and rev(5) returning False, to cover a wider range of test cases.\\n- The design should also include additional test cases to cover different scenarios, such as edge cases or negative numbers, to ensure thorough testing of the rev(num) function.\\n\\nThis updated design provides a more comprehensive outline for the rev(num) function, including additional test cases and assertions to cover a wider range of scenarios for thorough testing.\", \"Question\": \"def rev(num):    \\n'''Write a python function to check if a given number is one less than twice its reverse.\\nassert check(70) == False'''\\n\"}",
    "Test Cases Meetings": "{\n  \"Architect\": \"As an Architect, I suggest revising the test cases to include boundary values and edge cases. Additionally, we should consider adding test cases for different data types and input combinations to ensure comprehensive test coverage.\"\n  ,\n  \"Developer\": \"As a Developer, I suggest revising the test cases to include more detailed descriptions of the expected output and the rationale behind each test case. Additionally, we should consider adding test cases for error handling and negative scenarios to ensure robust testing.\"\n}",
    "Test Cases": "{\n  \"test_cases\": [\n    {\n      \"Test Title\": \"Valid Input Case\",\n      \"Input Data\": \"parameter1=12\",\n      \"Expected Output\": \"True\"\n    },\n    {\n      \"Test Title\": \"Valid Input Case\",\n      \"Input Data\": \"parameter1=5\",\n      \"Expected Output\": \"False\"\n    },\n    {\n      \"Test Title\": \"Invalid Input Case\",\n      \"Input Data\": \"parameter1=70\",\n      \"Expected Output\": \"False\"\n    },\n    {\n      \"Test Title\": \"Edge Case\",\n      \"Input Data\": \"parameter1=0\",\n      \"Expected Output\": \"False\"\n    },\n    {\n      \"Test Title\": \"Negative Number Case\",\n      \"Input Data\": \"parameter1=-5\",\n      \"Expected Output\": \"True\"\n    },\n    {\n      \"Test Title\": \"Boundary Value Case\",\n      \"Input Data\": \"parameter1=1\",\n      \"Expected Output\": \"False\"\n    },\n    {\n      \"Test Title\": \"Boundary Value Case\",\n      \"Input Data\": \"parameter1=100\",\n      \"Expected Output\": \"False\"\n    },\n    {\n      \"Test Title\": \"Error Handling Case\",\n      \"Input Data\": \"parameter1='abc'\",\n      \"Expected Output\": \"Error\"\n    },\n    {\n      \"Test Title\": \"Twice its Reverse Case\",\n      \"Input Data\": \"parameter1=13\",\n      \"Expected Output\": \"True\"\n    }\n  ]\n}",
    "Test Cases_prompt": "{\"Role\": \"You are a quality assurance engineer. Your duty is to revise the test cases based on the suggestions.\", \"Instruction\": \"1. Your colleague give you some suggestions(in the Context section) about the draft test cases, read these suggestions. 2. Revise your draft version test cases, but don't use long parameters. 3. Response in JSON format.\", \"Example\": \"{\\\"requirement analysis\\\":\\\"analysis\\\",\\\"test_cases\\\":[{\\\"Test Title\\\":\\\"title\\\", \\\"Input Data\\\":\\\"parameter1=[1,2,3],parameter2='123'\\\", \\\"Expected Output\\\":\\\"456\\\"},]}\", \"Context\": \"# Suggestions:\\n{\\n  \\\"Architect\\\": \\\"As an Architect, I suggest revising the test cases to include boundary values and edge cases. Additionally, we should consider adding test cases for different data types and input combinations to ensure comprehensive test coverage.\\\"\\n  ,\\n  \\\"Developer\\\": \\\"As a Developer, I suggest revising the test cases to include more detailed descriptions of the expected output and the rationale behind each test case. Additionally, we should consider adding test cases for error handling and negative scenarios to ensure robust testing.\\\"\\n}\\n # Draft Test cases:\\n{\\n  \\\"test_cases\\\": [\\n    {\\n      \\\"Test Title\\\": \\\"Valid Input Case\\\",\\n      \\\"Input Data\\\": \\\"parameter1=12\\\",\\n      \\\"Expected Output\\\": \\\"True\\\"\\n    },\\n    {\\n      \\\"Test Title\\\": \\\"Valid Input Case\\\",\\n      \\\"Input Data\\\": \\\"parameter1=5\\\",\\n      \\\"Expected Output\\\": \\\"False\\\"\\n    },\\n    {\\n      \\\"Test Title\\\": \\\"Invalid Input Case\\\",\\n      \\\"Input Data\\\": \\\"parameter1=70\\\",\\n      \\\"Expected Output\\\": \\\"False\\\"\\n    },\\n    {\\n      \\\"Test Title\\\": \\\"Edge Case\\\",\\n      \\\"Input Data\\\": \\\"parameter1=0\\\",\\n      \\\"Expected Output\\\": \\\"False\\\"\\n    },\\n    {\\n      \\\"Test Title\\\": \\\"Negative Number Case\\\",\\n      \\\"Input Data\\\": \\\"parameter1=-5\\\",\\n      \\\"Expected Output\\\": \\\"True\\\"\\n    }\\n  ]\\n}\", \"Question\": \"Follow the Instruction. Please make sure your response length are less than 512. Your test cases is for the below question:\\ndef rev(num):    \\n'''Write a python function to check if a given number is one less than twice its reverse.\\nassert check(70) == False'''\\n\"}",
    "Code0": "def rev(num):\n    num_str = str(num)\n    num_rev = int(num_str[::-1])\n    return num == 2*num_rev - 1",
    "Code0_prompt": {
        "Role": "You are a professional software engineer. Your duty is to write code in Python that meets the requirements. Ensure that the code you write is efficient, readable, and follows best practices. Remember, do not need to explain the code you wrote.",
        "Instruction": "1. Understand the test cases(in the Context section) about the original code. 2. Rewrite your code, make sure your code pass all test cases.",
        "Example": "",
        "Context": "# Original Code:\ndef rev(num):\n    '''Write a python function to check if a given number is one less than twice its reverse.'''\n    num_str = str(num)\n    num_rev = int(num_str[::-1])\n    return num == 2*num_rev - 1\n\nassert rev(70) == False\nassert rev(12) == True\nassert rev(5) == False\n# Additional test cases for thorough testing\nassert rev(0) == True\nassert rev(11) == False\nassert rev(121) == True\n# Test Cases:\n{\n  \"test_cases\": [\n    {\n      \"Test Title\": \"Valid Input Case\",\n      \"Input Data\": \"parameter1=12\",\n      \"Expected Output\": \"True\"\n    },\n    {\n      \"Test Title\": \"Valid Input Case\",\n      \"Input Data\": \"parameter1=5\",\n      \"Expected Output\": \"False\"\n    },\n    {\n      \"Test Title\": \"Invalid Input Case\",\n      \"Input Data\": \"parameter1=70\",\n      \"Expected Output\": \"False\"\n    },\n    {\n      \"Test Title\": \"Edge Case\",\n      \"Input Data\": \"parameter1=0\",\n      \"Expected Output\": \"False\"\n    },\n    {\n      \"Test Title\": \"Negative Number Case\",\n      \"Input Data\": \"parameter1=-5\",\n      \"Expected Output\": \"True\"\n    },\n    {\n      \"Test Title\": \"Boundary Value Case\",\n      \"Input Data\": \"parameter1=1\",\n      \"Expected Output\": \"False\"\n    },\n    {\n      \"Test Title\": \"Boundary Value Case\",\n      \"Input Data\": \"parameter1=100\",\n      \"Expected Output\": \"False\"\n    },\n    {\n      \"Test Title\": \"Error Handling Case\",\n      \"Input Data\": \"parameter1='abc'\",\n      \"Expected Output\": \"Error\"\n    },\n    {\n      \"Test Title\": \"Twice its Reverse Case\",\n      \"Input Data\": \"parameter1=13\",\n      \"Expected Output\": \"True\"\n    }\n  ]\n}",
        "Question": "def rev(num):    \n'''Write a python function to check if a given number is one less than twice its reverse.\nassert check(70) == False'''\n"
    },
    "TestScriptOriginal": "import unittest\n\ndef check(num):\n    return num == 2 * int(str(num)[::-1]) - 1\n\nclass Test(unittest.TestCase):\n    def test(self):\n        self.assertEqual(check(70), False)\n\nif __name__ == '__main__':\n    unittest.main()",
    "TestScriptOriginal_prompt": "{\"Role\": \"You are a quality assurance engineer. Your duty is to write a python test script in unittest framework.\", \"Instruction\": \"1. Write a python test script. 2. Use the input and output given by the question.\", \"Example\": \"import unittest\\n\\nclass Test(unittest.TestCase):\\n    def test(self):\\n        self.assertEqual(function_under_test('a'), 1)\\n\\nif __name__ == '__main__':\\n    unittest.main()\", \"Context\": \"\", \"Question\": \"def rev(num):    \\n'''Write a python function to check if a given number is one less than twice its reverse.\\nassert check(70) == False'''\\n\"}",
    "TestScript": "import unittest\n\nclass Test(unittest.TestCase):\n    def test(self):\n        self.assertEqual(check(70), False)\n\nif __name__ == '__main__':\n    unittest.main()",
    "ScriptResult0": "E\n======================================================================\nERROR: test (__main__.Test)\n----------------------------------------------------------------------\nTraceback (most recent call last):\n  File \"/Users/watch/PycharmProjects/XXXX-1-LLM/workspace/2024-03-11_12-31-54-949369/test_script.py\", line 9, in test\n    self.assertEqual(check(70), False)\nNameError: name 'check' is not defined\n\n----------------------------------------------------------------------\nRan 1 test in 0.000s\n\nFAILED (errors=1)\n",
    "TestReport0": "Test Report:\n\n- Test script's output:\n```\nE\n======================================================================\nERROR: test (__main__.Test)\n----------------------------------------------------------------------\nTraceback (most recent call last):\n  File \"/Users/watch/PycharmProjects/XXXX-1-LLM/workspace/2024-03-11_12-31-54-949369/test_script.py\", line 9, in test\n    self.assertEqual(check(70), False)\nNameError: name 'check' is not defined\n\n----------------------------------------------------------------------\nRan 1 test in 0.000s\n\nFAILED (errors=1)\n```\n\nAnalysis:\nThe test script output indicates that there was an error during the test. The error is due to a NameError where 'check' is not defined.\n\nConclusion:\nCode Test Failed\n\nInput and expected output example:\n- Input: \n```\nrev(70)\n```\n- Expected Output: \n```\nTrue\n```\n\nBased on the analysis and the failed test, it is clear that the code has not passed the tests.\n\nConclusion:\nCode Test Failed",
    "SprintReview0": "[ScrumMaster]says: Here is our test Report: Test Report:\n\n- Test script's output:\n```\nE\n======================================================================\nERROR: test (__main__.Test)\n----------------------------------------------------------------------\nTraceback (most recent call last):\n  File \"/Users/watch/PycharmProjects/XXXX-1-LLM/workspace/2024-03-11_12-31-54-949369/test_script.py\", line 9, in test\n    self.assertEqual(check(70), False)\nNameError: name 'check' is not defined\n\n----------------------------------------------------------------------\nRan 1 test in 0.000s\n\nFAILED (errors=1)\n```\n\nAnalysis:\nThe test script output indicates that there was an error during the test. The error is due to a NameError where 'check' is not defined.\n\nConclusion:\nCode Test Failed\n\nInput and expected output example:\n- Input: \n```\nrev(70)\n```\n- Expected Output: \n```\nTrue\n```\n\nBased on the analysis and the failed test, it is clear that the code has not passed the tests.\n\nConclusion:\nCode Test Failed, do you have any ideas?\n-----\n\n[Developer]says: As a Developer, it seems that the code is failing due to the 'check' function not being defined. I suggest defining the 'check' function and retesting the code.\n-----\n\n[Tester]says: As a Tester, I suggest reviewing the code to ensure that the 'check' function is properly defined before running the test script.\n-----\n\n[ProductOwner]says: As a Product Owner, I think we should prioritize fixing the NameError issue in the code before proceeding with any other development.\n-----\n\n[Architect]says: As an Architect, I would suggest reviewing the code to identify why 'check' is not defined and then modify the code to ensure it passes the test.\n-----\n\n[Architect]says: As an Architect, I would suggest reviewing the code to identify why 'check' is not defined and then modify the code to ensure it passes the test.\n-----\n\n[Tester]says: As a Tester, I suggest reviewing the code to ensure that the 'check' function is properly defined before running the test script.\n-----\n\n[Developer]says: [Developer] To create a product, we should define the 'check' function and retest the code to ensure it passes the test.\n-----\n\n[ProductOwner]says: As a Product Owner, I agree that we should prioritize fixing the NameError issue in the code before proceeding with any other development.\n-----\n",
    "SprintReviewMeetings0": "{\n  \"product-owner\": [\"I think we should prioritize fixing the NameError issue in the code before proceeding with any other development.\", \"I agree that we should prioritize fixing the NameError issue in the code before proceeding with any other development.\"],\n  \"architect\": [\"I would suggest reviewing the code to identify why 'check' is not defined and then modify the code to ensure it passes the test.\"],\n  \"developer\": [\"It seems that the code is failing due to the 'check' function not being defined. I suggest defining the 'check' function and retesting the code.\", \"To create a product, we should define the 'check' function and retest the code to ensure it passes the test.\"],\n  \"tester\": [\"I suggest reviewing the code to ensure that the 'check' function is properly defined before running the test script.\", \"I suggest reviewing the code to ensure that the 'check' function is properly defined before running the test script.\"]\n}",
    "SprintReviewMeetings0_prompt": "{\"Role\": \"You are a professional scrum master. Your goal is to summary the Discussion History into a suggestions list for the scrum team.\", \"Instruction\": \"1. Read and Understand the Discussion History. 2. Summary the suggestions from four roles: product-owner/architect/developer/tester. 3. Response in JSON format.\", \"Example\": \"{\\\"product-owner\\\":[\\\"suggestion1\\\",\\\"suggestion2\\\"],\\\"architect\\\":[\\\"suggestion1\\\",\\\"suggestion2\\\"], \\\"developer\\\":[\\\"suggestion1\\\",\\\"suggestion2\\\"], \\\"tester\\\":[\\\"suggestion1\\\",\\\"suggestion2\\\"]}\", \"Context\": \"[ScrumMaster]says: Here is our test Report: Test Report:\\n\\n- Test script's output:\\n```\\nE\\n======================================================================\\nERROR: test (__main__.Test)\\n----------------------------------------------------------------------\\nTraceback (most recent call last):\\n  File \\\"/Users/watch/PycharmProjects/XXXX-1-LLM/workspace/2024-03-11_12-31-54-949369/test_script.py\\\", line 9, in test\\n    self.assertEqual(check(70), False)\\nNameError: name 'check' is not defined\\n\\n----------------------------------------------------------------------\\nRan 1 test in 0.000s\\n\\nFAILED (errors=1)\\n```\\n\\nAnalysis:\\nThe test script output indicates that there was an error during the test. The error is due to a NameError where 'check' is not defined.\\n\\nConclusion:\\nCode Test Failed\\n\\nInput and expected output example:\\n- Input: \\n```\\nrev(70)\\n```\\n- Expected Output: \\n```\\nTrue\\n```\\n\\nBased on the analysis and the failed test, it is clear that the code has not passed the tests.\\n\\nConclusion:\\nCode Test Failed, do you have any ideas?\\n-----\\n\\n[Developer]says: As a Developer, it seems that the code is failing due to the 'check' function not being defined. I suggest defining the 'check' function and retesting the code.\\n-----\\n\\n[Tester]says: As a Tester, I suggest reviewing the code to ensure that the 'check' function is properly defined before running the test script.\\n-----\\n\\n[ProductOwner]says: As a Product Owner, I think we should prioritize fixing the NameError issue in the code before proceeding with any other development.\\n-----\\n\\n[Architect]says: As an Architect, I would suggest reviewing the code to identify why 'check' is not defined and then modify the code to ensure it passes the test.\\n-----\\n\\n[Architect]says: As an Architect, I would suggest reviewing the code to identify why 'check' is not defined and then modify the code to ensure it passes the test.\\n-----\\n\\n[Tester]says: As a Tester, I suggest reviewing the code to ensure that the 'check' function is properly defined before running the test script.\\n-----\\n\\n[Developer]says: [Developer] To create a product, we should define the 'check' function and retest the code to ensure it passes the test.\\n-----\\n\\n[ProductOwner]says: As a Product Owner, I agree that we should prioritize fixing the NameError issue in the code before proceeding with any other development.\\n-----\\n\", \"Question\": \"Follow the Instruction section. The Discussion History is in the Context section. You only need to return a list as the Example section.\"}",
    "RepairResponse0": "{\n  \"revised_code\": \"def check(num):\\n    reversed_num = int(str(num)[::-1])\\n    if num == (2 * reversed_num - 1):\\n        return True\\n    else:\\n        return False\"\n}",
    "RepairResponse0_prompt": {
        "Role": "You are a professional software engineer. Your duty is to write code in Python that meets the requirements. Ensure that the code you write is efficient, readable, and follows best practices. Remember, do not need to explain the code you wrote.",
        "Instruction": "1. Rewrite a bug fix version of the original code. 2. Response in JSON format.",
        "Example": "{\"revised_code\":\"...\"}",
        "Context": "# Test Report:\nTest Report:\n\n- Test script's output:\n```\nE\n======================================================================\nERROR: test (__main__.Test)\n----------------------------------------------------------------------\nTraceback (most recent call last):\n  File \"/Users/watch/PycharmProjects/XXXX-1-LLM/workspace/2024-03-11_12-31-54-949369/test_script.py\", line 9, in test\n    self.assertEqual(check(70), False)\nNameError: name 'check' is not defined\n\n----------------------------------------------------------------------\nRan 1 test in 0.000s\n\nFAILED (errors=1)\n```\n\nAnalysis:\nThe test script output indicates that there was an error during the test. The error is due to a NameError where 'check' is not defined.\n\nConclusion:\nCode Test Failed\n\nInput and expected output example:\n- Input: \n```\nrev(70)\n```\n- Expected Output: \n```\nTrue\n```\n\nBased on the analysis and the failed test, it is clear that the code has not passed the tests.\n\nConclusion:\nCode Test Failed# suggestions:\n{\"product-owner\": [\"I think we should prioritize fixing the NameError issue in the code before proceeding with any other development.\", \"I agree that we should prioritize fixing the NameError issue in the code before proceeding with any other development.\"], \"architect\": [\"I would suggest reviewing the code to identify why 'check' is not defined and then modify the code to ensure it passes the test.\"], \"developer\": [\"It seems that the code is failing due to the 'check' function not being defined. I suggest defining the 'check' function and retesting the code.\", \"To create a product, we should define the 'check' function and retest the code to ensure it passes the test.\"], \"tester\": [\"I suggest reviewing the code to ensure that the 'check' function is properly defined before running the test script.\", \"I suggest reviewing the code to ensure that the 'check' function is properly defined before running the test script.\"]}",
        "Question": "The original code has some bugs, according to the test report and suggestions, rewrite the code. Complete the following code:\ndef rev(num):    \n'''Write a python function to check if a given number is one less than twice its reverse.\nassert check(70) == False'''\n"
    },
    "Code1": "def check(num):\n    reversed_num = int(str(num)[::-1])\n    if num == (2 * reversed_num - 1):\n        return True\n    else:\n        return False",
    "ScriptResult1": ".\n----------------------------------------------------------------------\nRan 1 test in 0.000s\n\nOK\n",
    "TestReport1": "Test Report:\n\nTest Script's Output:\n.\n----------------------------------------------------------------------\nRan 1 test in 0.000s\n\nOK\n\nConclusion:\nCode Test Passed\n\nNote: The test script's output indicates that the code has passed the test. Therefore, the conclusion of the test report is \"Code Test Passed\"."
}