{
    "2": ".\n----------------------------------------------------------------------\nRan 1 test in 0.000s\n\nOK\n",
    "3": ".\n----------------------------------------------------------------------\nRan 1 test in 0.000s\n\nOK\n",
    "4": ".\n----------------------------------------------------------------------\nRan 1 test in 0.000s\n\nOK\n",
    "6": "Traceback (most recent call last):\n  File \"/Users/watch/PycharmProjects/XXXX-1-LLM/Temps/mbpp/test_scripts/test6.py\", line 11, in <module>\n    assert is_Power_Of_Two(8) == True\nNameError: name 'is_Power_Of_Two' is not defined\n",
    "7": ".\n----------------------------------------------------------------------\nRan 1 test in 0.000s\n\nOK\n",
    "8": ".\n----------------------------------------------------------------------\nRan 1 test in 0.000s\n\nOK\n",
    "9": "Traceback (most recent call last):\n  File \"/Users/watch/PycharmProjects/XXXX-1-LLM/Temps/mbpp/test_scripts/test9.py\", line 16, in <module>\n    assert find_Rotations(\"aaaa\") == 1\nAssertionError\n",
    "11": ".\n----------------------------------------------------------------------\nRan 1 test in 0.000s\n\nOK\n",
    "12": ".\n----------------------------------------------------------------------\nRan 1 test in 0.000s\n\nOK\n",
    "14": ".\n----------------------------------------------------------------------\nRan 1 test in 0.000s\n\nOK\n",
    "16": ".\n----------------------------------------------------------------------\nRan 1 test in 0.000s\n\nOK\n",
    "17": ".\n----------------------------------------------------------------------\nRan 1 test in 0.000s\n\nOK\n",
    "18": "Traceback (most recent call last):\n  File \"/Users/watch/PycharmProjects/XXXX-1-LLM/Temps/mbpp/test_scripts/test18.py\", line 16, in <module>\n    assert remove_dirty_chars(\"probasscurve\", \"pros\") == \"bacuve\"\nTypeError: remove_dirty_chars() takes 1 positional argument but 2 were given\n",
    "19": "E\n======================================================================\nERROR: test (__main__.Test)\n----------------------------------------------------------------------\nTraceback (most recent call last):\n  File \"/Users/watch/PycharmProjects/XXXX-1-LLM/Temps/mbpp/test_scripts/test19.py\", line 25, in test\n    assert test_duplicate(([1,2,3,4,5],))==False\n  File \"/Users/watch/PycharmProjects/XXXX-1-LLM/Temps/mbpp/test_scripts/test19.py\", line 9, in test_duplicate\n    if len(arraynums) == len(set(arraynums)):\nTypeError: unhashable type: 'list'\n\n----------------------------------------------------------------------\nRan 1 test in 0.000s\n\nFAILED (errors=1)\n",
    "20": "Traceback (most recent call last):\n  File \"/Users/watch/PycharmProjects/XXXX-1-LLM/Temps/mbpp/test_scripts/test20.py\", line 16, in <module>\n    assert is_woodall(383) == True\nAssertionError\n",
    "56": "Traceback (most recent call last):\n  File \"/Users/watch/PycharmProjects/XXXX-1-LLM/Temps/mbpp/test_scripts/test56.py\", line 19, in <module>\n    assert rev(70) == False\nNameError: name 'rev' is not defined\n",
    "57": ".\n----------------------------------------------------------------------\nRan 1 test in 0.000s\n\nOK\n",
    "58": ".\n----------------------------------------------------------------------\nRan 1 test in 0.000s\n\nOK\n",
    "59": ".\n----------------------------------------------------------------------\nRan 1 test in 0.000s\n\nOK\n",
    "61": ".\n----------------------------------------------------------------------\nRan 1 test in 0.000s\n\nOK\n",
    "62": ".\n----------------------------------------------------------------------\nRan 1 test in 0.000s\n\nOK\n",
    "63": ".\n----------------------------------------------------------------------\nRan 1 test in 0.000s\n\nOK\n",
    "64": ".\n----------------------------------------------------------------------\nRan 1 test in 0.000s\n\nOK\n",
    "65": ".\n----------------------------------------------------------------------\nRan 1 test in 0.000s\n\nOK\n",
    "66": ".\n----------------------------------------------------------------------\nRan 1 test in 0.000s\n\nOK\n",
    "67": ".\n----------------------------------------------------------------------\nRan 1 test in 0.000s\n\nOK\n",
    "68": ".\n----------------------------------------------------------------------\nRan 1 test in 0.000s\n\nOK\n",
    "69": ".\n----------------------------------------------------------------------\nRan 1 test in 0.000s\n\nOK\n",
    "70": "Traceback (most recent call last):\n  File \"/Users/watch/PycharmProjects/XXXX-1-LLM/Temps/mbpp/test_scripts/test70.py\", line 13, in <module>\n    assert find_equal_tuple([(11, 22, 33), (44, 55, 66)]) == True\nNameError: name 'find_equal_tuple' is not defined\n",
    "71": ".\n----------------------------------------------------------------------\nRan 1 test in 0.000s\n\nOK\n",
    "72": ".\n----------------------------------------------------------------------\nRan 1 test in 0.000s\n\nOK\n",
    "74": ".\n----------------------------------------------------------------------\nRan 1 test in 0.000s\n\nOK\n",
    "75": ".\n----------------------------------------------------------------------\nRan 1 test in 0.000s\n\nOK\n",
    "77": ".\n----------------------------------------------------------------------\nRan 1 test in 0.000s\n\nOK\n",
    "79": ".\n----------------------------------------------------------------------\nRan 1 test in 0.000s\n\nOK\n",
    "80": ".\n----------------------------------------------------------------------\nRan 1 test in 0.000s\n\nOK\n",
    "82": ".\n----------------------------------------------------------------------\nRan 1 test in 0.000s\n\nOK\n",
    "83": "Traceback (most recent call last):\n  File \"/Users/watch/PycharmProjects/XXXX-1-LLM/Temps/mbpp/test_scripts/test83.py\", line 13, in <module>\n    assert get_Char(\"abc\") == \"f\"\nAssertionError\n",
    "84": ".\n----------------------------------------------------------------------\nRan 1 test in 0.000s\n\nOK\n",
    "85": ".\n----------------------------------------------------------------------\nRan 1 test in 0.000s\n\nOK\n",
    "86": ".\n----------------------------------------------------------------------\nRan 1 test in 0.000s\n\nOK\n",
    "87": "Test Passed!\nF\n======================================================================\nFAIL: test (__main__.Test)\n----------------------------------------------------------------------\nTraceback (most recent call last):\n  File \"/Users/watch/PycharmProjects/XXXX-1-LLM/Temps/mbpp/test_scripts/test87.py\", line 26, in test\n    assert merge_dictionaries_three({ \"R\": \"Red\", \"B\": \"Black\", \"P\": \"Pink\" }, { \"G\": \"Green\", \"W\": \"White\" },{\"L\":\"lavender\",\"B\":\"Blue\"})=={'W': 'White', 'P': 'Pink', 'B': 'Black', 'R': 'Red', 'G': 'Green', 'L': 'lavender'}\nAssertionError\n\n----------------------------------------------------------------------\nRan 1 test in 0.000s\n\nFAILED (failures=1)\n",
    "88": ".\n----------------------------------------------------------------------\nRan 1 test in 0.000s\n\nOK\n",
    "89": ".\n----------------------------------------------------------------------\nRan 1 test in 0.000s\n\nOK\n",
    "90": ".\n----------------------------------------------------------------------\nRan 1 test in 0.000s\n\nOK\n",
    "91": ".\n----------------------------------------------------------------------\nRan 1 test in 0.000s\n\nOK\n",
    "92": ".\n----------------------------------------------------------------------\nRan 1 test in 0.000s\n\nOK\n",
    "93": ".\n----------------------------------------------------------------------\nRan 1 test in 0.000s\n\nOK\n",
    "94": ".\n----------------------------------------------------------------------\nRan 1 test in 0.000s\n\nOK\n",
    "95": ".\n----------------------------------------------------------------------\nRan 1 test in 0.000s\n\nOK\n",
    "96": ".\n----------------------------------------------------------------------\nRan 1 test in 0.000s\n\nOK\n",
    "97": ".\n----------------------------------------------------------------------\nRan 1 test in 0.000s\n\nOK\n",
    "98": ".\n----------------------------------------------------------------------\nRan 1 test in 0.000s\n\nOK\n",
    "99": ".\n----------------------------------------------------------------------\nRan 1 test in 0.000s\n\nOK\n",
    "100": ".\n----------------------------------------------------------------------\nRan 1 test in 0.000s\n\nOK\n",
    "101": ".\n----------------------------------------------------------------------\nRan 1 test in 0.000s\n\nOK\n",
    "102": "  File \"/Users/watch/PycharmProjects/XXXX-1-LLM/Temps/mbpp/test_scripts/test102.py\", line 8\n    '''Write a function to convert a snake case string to camel case string.'''\n    ^\nIndentationError: expected an indented block\n",
    "103": "Traceback (most recent call last):\n  File \"/Users/watch/PycharmProjects/XXXX-1-LLM/Temps/mbpp/test_scripts/test103.py\", line 18, in <module>\n    assert eulerian_num(3, 1) == 4\n  File \"/Users/watch/PycharmProjects/XXXX-1-LLM/Temps/mbpp/test_scripts/test103.py\", line 14, in eulerian_num\n    return (n - m) * eulerian_num(n - 1, m - 1) + (m + 1) * eulerian_num(n - 1, m)\n  File \"/Users/watch/PycharmProjects/XXXX-1-LLM/Temps/mbpp/test_scripts/test103.py\", line 14, in eulerian_num\n    return (n - m) * eulerian_num(n - 1, m - 1) + (m + 1) * eulerian_num(n - 1, m)\n  File \"/Users/watch/PycharmProjects/XXXX-1-LLM/Temps/mbpp/test_scripts/test103.py\", line 14, in eulerian_num\n    return (n - m) * eulerian_num(n - 1, m - 1) + (m + 1) * eulerian_num(n - 1, m)\n  [Previous line repeated 995 more times]\n  File \"/Users/watch/PycharmProjects/XXXX-1-LLM/Temps/mbpp/test_scripts/test103.py\", line 8, in eulerian_num\n    if m == 0:\nRecursionError: maximum recursion depth exceeded in comparison\n",
    "104": "Traceback (most recent call last):\n  File \"/Users/watch/PycharmProjects/XXXX-1-LLM/Temps/mbpp/test_scripts/test104.py\", line 14, in <module>\n    assert sort_sublists(\nAssertionError\n",
    "105": ".\n----------------------------------------------------------------------\nRan 1 test in 0.000s\n\nOK\n",
    "106": ".\n----------------------------------------------------------------------\nRan 1 test in 0.000s\n\nOK\n",
    "108": ".\n----------------------------------------------------------------------\nRan 1 test in 0.000s\n\nOK\n",
    "109": "Traceback (most recent call last):\n  File \"/Users/watch/PycharmProjects/XXXX-1-LLM/Temps/mbpp/test_scripts/test109.py\", line 15, in <module>\n    assert odd_Equivalent(\"011001\", 6) == 3\nAssertionError\n",
    "111": ".\n----------------------------------------------------------------------\nRan 1 test in 0.000s\n\nOK\n",
    "113": ".\n----------------------------------------------------------------------\nRan 1 test in 0.000s\n\nOK\n",
    "115": ".\n----------------------------------------------------------------------\nRan 1 test in 0.000s\n\nOK\n",
    "116": ".\n----------------------------------------------------------------------\nRan 1 test in 0.000s\n\nOK\n",
    "117": ".\n----------------------------------------------------------------------\nRan 1 test in 0.000s\n\nOK\n",
    "118": ".\n----------------------------------------------------------------------\nRan 1 test in 0.000s\n\nOK\n",
    "119": ".\n----------------------------------------------------------------------\nRan 1 test in 0.000s\n\nOK\n",
    "120": "36\n.\n----------------------------------------------------------------------\nRan 1 test in 0.000s\n\nOK\n",
    "123": ".\n----------------------------------------------------------------------\nRan 1 test in 2.629s\n\nOK\n",
    "124": "Traceback (most recent call last):\n  File \"/Users/watch/PycharmProjects/XXXX-1-LLM/Temps/mbpp/test_scripts/test124.py\", line 14, in <module>\n    assert math.isclose(angle_complex(0, 1j), 1.5707963267948966, rel_tol=0.001)\n  File \"/Users/watch/PycharmProjects/XXXX-1-LLM/Temps/mbpp/test_scripts/test124.py\", line 11, in angle_complex\n    return math.atan2(b, a)\nTypeError: can't convert complex to float\n",
    "125": "F\n======================================================================\nFAIL: test (__main__.Test)\n----------------------------------------------------------------------\nTraceback (most recent call last):\n  File \"/Users/watch/PycharmProjects/XXXX-1-LLM/Temps/mbpp/test_scripts/test125.py\", line 35, in test\n    assert find_length(\"10111\") == 1\nAssertionError\n\n----------------------------------------------------------------------\nRan 1 test in 0.000s\n\nFAILED (failures=1)\n",
    "126": "Traceback (most recent call last):\n  File \"/Users/watch/PycharmProjects/XXXX-1-LLM/Temps/mbpp/test_scripts/test126.py\", line 19, in <module>\n    print(sum(10, 15))  # Output: 6\n  File \"/Users/watch/PycharmProjects/XXXX-1-LLM/Temps/mbpp/test_scripts/test126.py\", line 15, in sum\n    return sum(common_divisors)\nTypeError: sum() missing 1 required positional argument: 'b'\n",
    "127": ".\n----------------------------------------------------------------------\nRan 1 test in 0.000s\n\nOK\n",
    "128": ".\n----------------------------------------------------------------------\nRan 1 test in 0.000s\n\nOK\n",
    "129": ".\n----------------------------------------------------------------------\nRan 1 test in 0.000s\n\nOK\n",
    "130": ".\n----------------------------------------------------------------------\nRan 1 test in 0.000s\n\nOK\n",
    "131": ".\n----------------------------------------------------------------------\nRan 1 test in 0.000s\n\nOK\n",
    "132": ".\n----------------------------------------------------------------------\nRan 1 test in 0.000s\n\nOK\n",
    "133": ".\n----------------------------------------------------------------------\nRan 1 test in 0.000s\n\nOK\n",
    "135": ".\n----------------------------------------------------------------------\nRan 1 test in 0.000s\n\nOK\n",
    "137": ".\n----------------------------------------------------------------------\nRan 1 test in 0.000s\n\nOK\n",
    "138": "F\n======================================================================\nFAIL: test (__main__.Test)\n----------------------------------------------------------------------\nTraceback (most recent call last):\n  File \"/Users/watch/PycharmProjects/XXXX-1-LLM/Temps/mbpp/test_scripts/test138.py\", line 25, in test\n    assert is_Sum_Of_Powers_Of_Two(7) == False\nAssertionError\n\n----------------------------------------------------------------------\nRan 1 test in 0.000s\n\nFAILED (failures=1)\n",
    "139": ".\n----------------------------------------------------------------------\nRan 1 test in 0.000s\n\nOK\n",
    "140": ".\n----------------------------------------------------------------------\nRan 1 test in 0.000s\n\nOK\n",
    "141": "E\n======================================================================\nERROR: test (__main__.Test)\n----------------------------------------------------------------------\nTraceback (most recent call last):\n  File \"/Users/watch/PycharmProjects/XXXX-1-LLM/Temps/mbpp/test_scripts/test141.py\", line 14, in test\n    assert pancake_sort([15, 79, 25, 38, 69]) == [15, 25, 38, 69, 79]\n  File \"/Users/watch/PycharmProjects/XXXX-1-LLM/Temps/mbpp/test_scripts/test141.py\", line 9, in pancake_sort\n    assert pancake_sort([15, 79, 25, 38, 69]) == [15, 25, 38, 69, 79]\n  File \"/Users/watch/PycharmProjects/XXXX-1-LLM/Temps/mbpp/test_scripts/test141.py\", line 9, in pancake_sort\n    assert pancake_sort([15, 79, 25, 38, 69]) == [15, 25, 38, 69, 79]\n  File \"/Users/watch/PycharmProjects/XXXX-1-LLM/Temps/mbpp/test_scripts/test141.py\", line 9, in pancake_sort\n    assert pancake_sort([15, 79, 25, 38, 69]) == [15, 25, 38, 69, 79]\n  [Previous line repeated 981 more times]\nRecursionError: maximum recursion depth exceeded\n\n----------------------------------------------------------------------\nRan 1 test in 0.002s\n\nFAILED (errors=1)\n",
    "142": ".\n----------------------------------------------------------------------\nRan 1 test in 0.000s\n\nOK\n",
    "143": ".\n----------------------------------------------------------------------\nRan 1 test in 0.000s\n\nOK\n",
    "145": ".\n----------------------------------------------------------------------\nRan 1 test in 0.000s\n\nOK\n",
    "160": ".\n----------------------------------------------------------------------\nRan 1 test in 0.000s\n\nOK\n",
    "161": ".\n----------------------------------------------------------------------\nRan 1 test in 0.000s\n\nOK\n",
    "162": ".\n----------------------------------------------------------------------\nRan 1 test in 0.000s\n\nOK\n",
    "163": "  File \"/Users/watch/PycharmProjects/XXXX-1-LLM/Temps/mbpp/test_scripts/test163.py\", line 8\n    Here the function `area_polygon` takes two parameters `s` (number of sides) and `l` (length of each side) and returns the area of the regular polygon.\n    ^\nIndentationError: expected an indented block\n",
    "164": "Traceback (most recent call last):\n  File \"/Users/watch/PycharmProjects/XXXX-1-LLM/Temps/mbpp/test_scripts/test164.py\", line 12, in <module>\n    assert div_sum((36, 57)) == False\nNameError: name 'div_sum' is not defined\n",
    "165": ".\n----------------------------------------------------------------------\nRan 1 test in 0.000s\n\nOK\n",
    "166": ".\n----------------------------------------------------------------------\nRan 1 test in 0.000s\n\nOK\n",
    "167": ".\n----------------------------------------------------------------------\nRan 1 test in 0.000s\n\nOK\n",
    "168": ".\n----------------------------------------------------------------------\nRan 1 test in 0.000s\n\nOK\n",
    "170": ".\n----------------------------------------------------------------------\nRan 1 test in 0.000s\n\nOK\n",
    "171": ".\n----------------------------------------------------------------------\nRan 1 test in 0.000s\n\nOK\n",
    "172": ".\n----------------------------------------------------------------------\nRan 1 test in 0.000s\n\nOK\n",
    "222": ".\n----------------------------------------------------------------------\nRan 1 test in 0.000s\n\nOK\n",
    "223": "E\n======================================================================\nERROR: test (__main__.Test)\n----------------------------------------------------------------------\nTraceback (most recent call last):\n  File \"/Users/watch/PycharmProjects/XXXX-1-LLM/Temps/mbpp/test_scripts/test223.py\", line 22, in test\n    assert is_majority([1, 1, 2, 2], 5, 1) == False\n  File \"/Users/watch/PycharmProjects/XXXX-1-LLM/Temps/mbpp/test_scripts/test223.py\", line 10, in is_majority\n    if arr[i] == x:\nIndexError: list index out of range\n\n----------------------------------------------------------------------\nRan 1 test in 0.000s\n\nFAILED (errors=1)\n",
    "224": ".\n----------------------------------------------------------------------\nRan 1 test in 0.000s\n\nOK\n",
    "226": ".\n----------------------------------------------------------------------\nRan 1 test in 0.000s\n\nOK\n",
    "227": ".\n----------------------------------------------------------------------\nRan 1 test in 0.000s\n\nOK\n",
    "228": "Traceback (most recent call last):\n  File \"/Users/watch/PycharmProjects/XXXX-1-LLM/Temps/mbpp/test_scripts/test228.py\", line 14, in <module>\n    assert all_Bits_Set_In_The_Given_Range(4, 1, 2) == True\nAssertionError\n",
    "229": "F\n======================================================================\nFAIL: test (__main__.Test)\n----------------------------------------------------------------------\nTraceback (most recent call last):\n  File \"/Users/watch/PycharmProjects/XXXX-1-LLM/Temps/mbpp/test_scripts/test229.py\", line 15, in test\n    assert re_arrange_array([-1, 2, -3, 4, 5, 6, -7, 8, 9], 9) == [-1, -3, -7, 4, 5, 6, 2, 8, 9]\nAssertionError\n\n----------------------------------------------------------------------\nRan 1 test in 0.000s\n\nFAILED (failures=1)\n",
    "230": ".\n----------------------------------------------------------------------\nRan 1 test in 0.000s\n\nOK\n",
    "232": ".\n----------------------------------------------------------------------\nRan 1 test in 0.000s\n\nOK\n",
    "233": "Traceback (most recent call last):\n  File \"/Users/watch/PycharmProjects/XXXX-1-LLM/Temps/mbpp/test_scripts/test233.py\", line 14, in <module>\n    assert math.isclose(lateralsurface_cylinder(10, 5), 314.15000000000003, rel_tol=0.001)\nNameError: name 'lateralsurface_cylinder' is not defined\n",
    "234": ".\n----------------------------------------------------------------------\nRan 1 test in 0.000s\n\nOK\n",
    "235": "F\n======================================================================\nFAIL: test (__main__.Test)\n----------------------------------------------------------------------\nTraceback (most recent call last):\n  File \"/Users/watch/PycharmProjects/XXXX-1-LLM/Temps/mbpp/test_scripts/test235.py\", line 14, in test\n    assert even_bit_set_number(10) == 10\nAssertionError\n\n----------------------------------------------------------------------\nRan 1 test in 0.000s\n\nFAILED (failures=1)\n",
    "237": "F\n======================================================================\nFAIL: test (__main__.Test)\n----------------------------------------------------------------------\nTraceback (most recent call last):\n  File \"/Users/watch/PycharmProjects/XXXX-1-LLM/Temps/mbpp/test_scripts/test237.py\", line 29, in test\n    assert check_occurences([(3, 1), (1, 3), (2, 5), (5, 2), (6, 3)] ) == {(1, 3): 2, (2, 5): 2, (3, 6): 1}\nAssertionError\n\n----------------------------------------------------------------------\nRan 1 test in 0.000s\n\nFAILED (failures=1)\n",
    "238": ".\n----------------------------------------------------------------------\nRan 1 test in 0.000s\n\nOK\n",
    "239": "Traceback (most recent call last):\n  File \"/Users/watch/PycharmProjects/XXXX-1-LLM/Temps/mbpp/test_scripts/test239.py\", line 20, in <module>\n    assert get_total_number_of_sequences(10, 4) == 4\nAssertionError\n",
    "240": ".\n----------------------------------------------------------------------\nRan 1 test in 0.000s\n\nOK\n",
    "242": ".\n----------------------------------------------------------------------\nRan 1 test in 0.000s\n\nOK\n",
    "244": ".\n----------------------------------------------------------------------\nRan 1 test in 0.000s\n\nOK\n",
    "245": ".\n----------------------------------------------------------------------\nRan 1 test in 0.000s\n\nOK\n",
    "246": ".\n----------------------------------------------------------------------\nRan 1 test in 0.000s\n\nOK\n",
    "247": ".\n----------------------------------------------------------------------\nRan 1 test in 0.000s\n\nOK\n",
    "248": "Traceback (most recent call last):\n  File \"/Users/watch/PycharmProjects/XXXX-1-LLM/Temps/mbpp/test_scripts/test248.py\", line 17, in <module>\n    assert math.isclose(harmonic_sum(7), 2.5928571428571425, rel_tol=0.001)\nAssertionError\n",
    "249": "F\n======================================================================\nFAIL: test (__main__.Test)\n----------------------------------------------------------------------\nTraceback (most recent call last):\n  File \"/Users/watch/PycharmProjects/XXXX-1-LLM/Temps/mbpp/test_scripts/test249.py\", line 13, in test\n    assert intersection_array([1, 2, 3, 5, 7, 8, 9, 10],[1, 2, 4, 8, 9])==[1, 2, 8, 9]\nAssertionError\n\n----------------------------------------------------------------------\nRan 1 test in 0.000s\n\nFAILED (failures=1)\n",
    "250": ".\n----------------------------------------------------------------------\nRan 1 test in 0.000s\n\nOK\n",
    "251": ".\n----------------------------------------------------------------------\nRan 1 test in 0.000s\n\nOK\n",
    "252": "E\n======================================================================\nERROR: test (__main__.Test)\n----------------------------------------------------------------------\nTraceback (most recent call last):\n  File \"/Users/watch/PycharmProjects/XXXX-1-LLM/Temps/mbpp/test_scripts/test252.py\", line 15, in test\n    assert convert(1) == (1.0, 0.0)\n  File \"/Users/watch/PycharmProjects/XXXX-1-LLM/Temps/mbpp/test_scripts/test252.py\", line 10, in convert\n    return (abs(numbers), cmath.phase(numbers))\nNameError: name 'cmath' is not defined\n\n----------------------------------------------------------------------\nRan 1 test in 0.000s\n\nFAILED (errors=1)\n",
    "253": ".\n----------------------------------------------------------------------\nRan 1 test in 0.000s\n\nOK\n",
    "255": "F\n======================================================================\nFAIL: test (__main__.Test)\n----------------------------------------------------------------------\nTraceback (most recent call last):\n  File \"/Users/watch/PycharmProjects/XXXX-1-LLM/Temps/mbpp/test_scripts/test255.py\", line 18, in test\n    assert combinations_colors( [\"Red\",\"Green\",\"Blue\"],2)==[('Red', 'Red'), ('Red', 'Green'), ('Red', 'Blue'), ('Green', 'Green'), ('Green', 'Blue'), ('Blue', 'Blue')]\nAssertionError\n\n----------------------------------------------------------------------\nRan 1 test in 0.000s\n\nFAILED (failures=1)\n",
    "256": ".\n----------------------------------------------------------------------\nRan 1 test in 0.000s\n\nOK\n",
    "257": ".\n----------------------------------------------------------------------\nRan 1 test in 0.000s\n\nOK\n",
    "259": "Traceback (most recent call last):\n  File \"/Users/watch/PycharmProjects/XXXX-1-LLM/Temps/mbpp/test_scripts/test259.py\", line 12, in <module>\n    assert maximize_elements(((1, 3), (4, 5), (2, 9), (1, 10)), ((6, 7), (3, 9), (1, 1), (7, 3))) == ((6, 7), (4, 9), (2, 9), (7, 10))\nAssertionError\n",
    "260": "Traceback (most recent call last):\n  File \"/Users/watch/PycharmProjects/XXXX-1-LLM/Temps/mbpp/test_scripts/test260.py\", line 21, in <module>\n    assert newman_prime(3) == 7\nAssertionError\n",
    "261": ".\n----------------------------------------------------------------------\nRan 1 test in 0.000s\n\nOK\n",
    "262": ".\n----------------------------------------------------------------------\nRan 1 test in 0.000s\n\nOK\n",
    "264": ".\n----------------------------------------------------------------------\nRan 1 test in 0.000s\n\nOK\n",
    "265": ".\n----------------------------------------------------------------------\nRan 1 test in 0.000s\n\nOK\n",
    "266": ".\n----------------------------------------------------------------------\nRan 1 test in 0.000s\n\nOK\n",
    "267": ".\n----------------------------------------------------------------------\nRan 1 test in 0.000s\n\nOK\n",
    "268": "Traceback (most recent call last):\n  File \"/Users/watch/PycharmProjects/XXXX-1-LLM/Temps/mbpp/test_scripts/test268.py\", line 15, in <module>\n    assert find_star_num(3) == 37\nAssertionError\n",
    "269": ".\n----------------------------------------------------------------------\nRan 1 test in 0.000s\n\nOK\n",
    "270": "The function works correctly!\n.\n----------------------------------------------------------------------\nRan 1 test in 0.000s\n\nOK\n",
    "271": "Traceback (most recent call last):\n  File \"/Users/watch/PycharmProjects/XXXX-1-LLM/Temps/mbpp/test_scripts/test271.py\", line 14, in <module>\n    assert even_Power_Sum(2) == 1056\nAssertionError\n",
    "272": ".\n----------------------------------------------------------------------\nRan 1 test in 0.000s\n\nOK\n",
    "273": ".\n----------------------------------------------------------------------\nRan 1 test in 0.000s\n\nOK\n",
    "274": ".\n----------------------------------------------------------------------\nRan 1 test in 0.000s\n\nOK\n",
    "276": ".\n----------------------------------------------------------------------\nRan 1 test in 0.000s\n\nOK\n",
    "277": ".\n----------------------------------------------------------------------\nRan 1 test in 0.000s\n\nOK\n",
    "278": "F\n======================================================================\nFAIL: test (__main__.Test)\n----------------------------------------------------------------------\nTraceback (most recent call last):\n  File \"/Users/watch/PycharmProjects/XXXX-1-LLM/Temps/mbpp/test_scripts/test278.py\", line 23, in test\n    assert count_first_elements((2, 9, (5, 7), 11) ) == 2\nAssertionError\n\n----------------------------------------------------------------------\nRan 1 test in 0.000s\n\nFAILED (failures=1)\n",
    "279": "Traceback (most recent call last):\n  File \"/Users/watch/PycharmProjects/XXXX-1-LLM/Temps/mbpp/test_scripts/test279.py\", line 14, in <module>\n    assert is_num_decagonal(3) == 27\nAssertionError\n",
    "280": "Test passed!\n.\n----------------------------------------------------------------------\nRan 1 test in 0.000s\n\nOK\n",
    "281": ".\n----------------------------------------------------------------------\nRan 1 test in 0.000s\n\nOK\n",
    "282": ".\n----------------------------------------------------------------------\nRan 1 test in 0.000s\n\nOK\n",
    "283": ".\n----------------------------------------------------------------------\nRan 1 test in 0.000s\n\nOK\n",
    "284": ".\n----------------------------------------------------------------------\nRan 1 test in 0.000s\n\nOK\n",
    "285": ".\n----------------------------------------------------------------------\nRan 1 test in 0.000s\n\nOK\n",
    "286": ".\n----------------------------------------------------------------------\nRan 1 test in 0.000s\n\nOK\n",
    "287": "Traceback (most recent call last):\n  File \"/Users/watch/PycharmProjects/XXXX-1-LLM/Temps/mbpp/test_scripts/test287.py\", line 15, in <module>\n    assert square_Sum(2) == 20\nAssertionError\n",
    "290": ".\n----------------------------------------------------------------------\nRan 1 test in 0.000s\n\nOK\n",
    "291": ".\n----------------------------------------------------------------------\nRan 1 test in 0.000s\n\nOK\n",
    "292": ".\n----------------------------------------------------------------------\nRan 1 test in 0.000s\n\nOK\n",
    "293": ".\n----------------------------------------------------------------------\nRan 1 test in 0.000s\n\nOK\n",
    "294": ".\n----------------------------------------------------------------------\nRan 1 test in 0.000s\n\nOK\n",
    "295": ".\n----------------------------------------------------------------------\nRan 1 test in 0.000s\n\nOK\n",
    "296": ".\n----------------------------------------------------------------------\nRan 1 test in 0.000s\n\nOK\n",
    "297": ".\n----------------------------------------------------------------------\nRan 1 test in 0.000s\n\nOK\n",
    "299": ".\n----------------------------------------------------------------------\nRan 1 test in 0.000s\n\nOK\n",
    "300": ".\n----------------------------------------------------------------------\nRan 1 test in 0.000s\n\nOK\n",
    "301": "Traceback (most recent call last):\n  File \"/Users/watch/PycharmProjects/XXXX-1-LLM/Temps/mbpp/test_scripts/test301.py\", line 15, in <module>\n    assert dict_depth({\"a\": 1, \"b\": {\"c\": {\"d\": {}}}}) == 4\nAssertionError\n",
    "304": "Traceback (most recent call last):\n  File \"/Users/watch/PycharmProjects/XXXX-1-LLM/Temps/mbpp/test_scripts/test304.py\", line 16, in <module>\n    assert find_Element([1, 2, 3, 4, 5], [[0, 2], [0, 3]], 2, 1) == 3\nAssertionError\n",
    "305": ".\n----------------------------------------------------------------------\nRan 1 test in 0.000s\n\nOK\n",
    "306": "Traceback (most recent call last):\n  File \"/Users/watch/PycharmProjects/XXXX-1-LLM/Temps/mbpp/test_scripts/test306.py\", line 20, in <module>\n    assert max_sum_increasing_subseq([1, 101, 2, 3, 100, 4, 5], 7, 4, 6) == 11\nAssertionError\n",
    "307": "Traceback (most recent call last):\n  File \"/Users/watch/PycharmProjects/XXXX-1-LLM/Temps/mbpp/test_scripts/test307.py\", line 15, in <module>\n    assert colon_tuplex((\"HELLO\", 5, [], True), 2, 50) == (\"HELLO\", 5, [50], True)\nAssertionError\n",
    "308": ".\n----------------------------------------------------------------------\nRan 1 test in 0.000s\n\nOK\n",
    "309": ".\n----------------------------------------------------------------------\nRan 1 test in 0.000s\n\nOK\n",
    "310": "F\n======================================================================\nFAIL: test (__main__.Test)\n----------------------------------------------------------------------\nTraceback (most recent call last):\n  File \"/Users/watch/PycharmProjects/XXXX-1-LLM/Temps/mbpp/test_scripts/test310.py\", line 28, in test\n    assert string_to_tuple(\"python 3.0\")==('p', 'y', 't', 'h', 'o', 'n', '3', '.', '0')\nAssertionError\n\n----------------------------------------------------------------------\nRan 1 test in 0.000s\n\nFAILED (failures=1)\n",
    "311": "Traceback (most recent call last):\n  File \"/Users/watch/PycharmProjects/XXXX-1-LLM/Temps/mbpp/test_scripts/test311.py\", line 12, in <module>\n    assert set_left_most_unset_bit(10) == 14\nAssertionError\n",
    "312": ".\n----------------------------------------------------------------------\nRan 1 test in 0.000s\n\nOK\n",
    "388": ".\n----------------------------------------------------------------------\nRan 1 test in 0.000s\n\nOK\n",
    "389": ".\n----------------------------------------------------------------------\nRan 1 test in 0.000s\n\nOK\n",
    "390": ".\n----------------------------------------------------------------------\nRan 1 test in 0.000s\n\nOK\n",
    "391": "[{'S001': {'Adina Park': 85}}, {'S002': {'Leyton Marsh': 98}}, {'S003': {'Duncan Boyle': 89}}, {'S004': {'Saim Richards': 92}}]\n.\n----------------------------------------------------------------------\nRan 1 test in 0.000s\n\nOK\n",
    "392": ".\n----------------------------------------------------------------------\nRan 1 test in 0.000s\n\nOK\n",
    "393": ".\n----------------------------------------------------------------------\nRan 1 test in 0.000s\n\nOK\n",
    "394": ".\n----------------------------------------------------------------------\nRan 1 test in 0.000s\n\nOK\n",
    "395": ".\n----------------------------------------------------------------------\nRan 1 test in 0.000s\n\nOK\n",
    "396": ".\n----------------------------------------------------------------------\nRan 1 test in 0.000s\n\nOK\n",
    "397": ".\n----------------------------------------------------------------------\nRan 1 test in 0.000s\n\nOK\n",
    "398": "Assertion passed!\nE\n======================================================================\nERROR: test (__main__.Test)\n----------------------------------------------------------------------\nTraceback (most recent call last):\n  File \"/Users/watch/PycharmProjects/XXXX-1-LLM/Temps/mbpp/test_scripts/test398.py\", line 22, in test\n    assert sum_of_digits([[10,20,4,5,'b',70,'a']])==19\n  File \"/Users/watch/PycharmProjects/XXXX-1-LLM/Temps/mbpp/test_scripts/test398.py\", line 10, in sum_of_digits\n    total_sum += sum(int(digit) for digit in str(num))\n  File \"/Users/watch/PycharmProjects/XXXX-1-LLM/Temps/mbpp/test_scripts/test398.py\", line 10, in <genexpr>\n    total_sum += sum(int(digit) for digit in str(num))\nValueError: invalid literal for int() with base 10: '['\n\n----------------------------------------------------------------------\nRan 1 test in 0.000s\n\nFAILED (errors=1)\n",
    "399": ".\n----------------------------------------------------------------------\nRan 1 test in 0.000s\n\nOK\n",
    "400": "Traceback (most recent call last):\n  File \"/Users/watch/PycharmProjects/XXXX-1-LLM/Temps/mbpp/test_scripts/test400.py\", line 13, in <module>\n    assert extract_freq([(3, 4), (1, 2), (4, 3), (5, 6)]) == 3\nAssertionError\n",
    "401": ".\n----------------------------------------------------------------------\nRan 1 test in 0.000s\n\nOK\n",
    "404": ".\n----------------------------------------------------------------------\nRan 1 test in 0.000s\n\nOK\n",
    "405": ".\n----------------------------------------------------------------------\nRan 1 test in 0.000s\n\nOK\n",
    "406": ".\n----------------------------------------------------------------------\nRan 1 test in 0.000s\n\nOK\n",
    "407": "  File \"/Users/watch/PycharmProjects/XXXX-1-LLM/Temps/mbpp/test_scripts/test407.py\", line 20\n    return result\n    ^\nSyntaxError: invalid syntax\n",
    "408": ".\n----------------------------------------------------------------------\nRan 1 test in 0.000s\n\nOK\n",
    "409": ".\n----------------------------------------------------------------------\nRan 1 test in 0.000s\n\nOK\n",
    "410": ".\n----------------------------------------------------------------------\nRan 1 test in 0.000s\n\nOK\n",
    "411": ".\n----------------------------------------------------------------------\nRan 1 test in 0.000s\n\nOK\n",
    "412": "[2]\n.\n----------------------------------------------------------------------\nRan 1 test in 0.000s\n\nOK\n",
    "413": ".\n----------------------------------------------------------------------\nRan 1 test in 0.000s\n\nOK\n",
    "414": ".\n----------------------------------------------------------------------\nRan 1 test in 0.000s\n\nOK\n",
    "415": ".\n----------------------------------------------------------------------\nRan 1 test in 0.000s\n\nOK\n",
    "417": "[('x', 'y', 'z'), ('w', 't')]\n[('a', 'b'), ('c', 'd', 'e')]\n.\n----------------------------------------------------------------------\nRan 1 test in 0.000s\n\nOK\n",
    "418": ".\n----------------------------------------------------------------------\nRan 1 test in 0.000s\n\nOK\n",
    "419": ".\n----------------------------------------------------------------------\nRan 1 test in 0.000s\n\nOK\n",
    "420": ".\n----------------------------------------------------------------------\nRan 1 test in 0.000s\n\nOK\n",
    "421": ".\n----------------------------------------------------------------------\nRan 1 test in 0.000s\n\nOK\n",
    "422": ".\n----------------------------------------------------------------------\nRan 1 test in 0.000s\n\nOK\n",
    "424": ".\n----------------------------------------------------------------------\nRan 1 test in 0.000s\n\nOK\n",
    "425": ".\n----------------------------------------------------------------------\nRan 1 test in 0.000s\n\nOK\n",
    "426": ".\n----------------------------------------------------------------------\nRan 1 test in 0.000s\n\nOK\n",
    "427": ".\n----------------------------------------------------------------------\nRan 1 test in 0.000s\n\nOK\n",
    "428": ".\n----------------------------------------------------------------------\nRan 1 test in 0.000s\n\nOK\n",
    "429": ".\n----------------------------------------------------------------------\nRan 1 test in 0.000s\n\nOK\n",
    "430": "Traceback (most recent call last):\n  File \"/Users/watch/PycharmProjects/XXXX-1-LLM/Temps/mbpp/test_scripts/test430.py\", line 12, in <module>\n    assert parabola_directrix(5, 3, 2) == -198\nAssertionError\n",
    "431": "F\n======================================================================\nFAIL: test (__main__.Test)\n----------------------------------------------------------------------\nTraceback (most recent call last):\n  File \"/Users/watch/PycharmProjects/XXXX-1-LLM/Temps/mbpp/test_scripts/test431.py\", line 21, in test\n    assert common_element([1,2,3,4,5], [6,7,8,9])==None\nAssertionError\n\n----------------------------------------------------------------------\nRan 1 test in 0.000s\n\nFAILED (failures=1)\n",
    "432": ".\n----------------------------------------------------------------------\nRan 1 test in 0.000s\n\nOK\n",
    "433": ".\n----------------------------------------------------------------------\nRan 1 test in 0.000s\n\nOK\n",
    "434": ".\n----------------------------------------------------------------------\nRan 1 test in 0.000s\n\nOK\n",
    "435": ".\n----------------------------------------------------------------------\nRan 1 test in 0.000s\n\nOK\n",
    "436": ".\n----------------------------------------------------------------------\nRan 1 test in 0.000s\n\nOK\n",
    "437": ".\n----------------------------------------------------------------------\nRan 1 test in 0.000s\n\nOK\n",
    "438": "Traceback (most recent call last):\n  File \"/Users/watch/PycharmProjects/XXXX-1-LLM/Temps/mbpp/test_scripts/test438.py\", line 17, in <module>\n    assert count_bidirectional([(5, 6), (1, 2), (6, 5), (9, 1), (6, 5), (2, 1)]) == 3\nAssertionError\n",
    "439": ".\n----------------------------------------------------------------------\nRan 1 test in 0.000s\n\nOK\n",
    "440": "Traceback (most recent call last):\n  File \"/Users/watch/PycharmProjects/XXXX-1-LLM/Temps/mbpp/test_scripts/test440.py\", line 32, in <module>\n    assert find_adverb_position(\"clearly!! we can see the sky\") == (0, 7, \"clearly\")\nAssertionError\n",
    "441": ".\n----------------------------------------------------------------------\nRan 1 test in 0.000s\n\nOK\n",
    "442": ".\n----------------------------------------------------------------------\nRan 1 test in 0.000s\n\nOK\n",
    "443": "Traceback (most recent call last):\n  File \"/Users/watch/PycharmProjects/XXXX-1-LLM/Temps/mbpp/test_scripts/test443.py\", line 16, in <module>\n    assert largest_neg([1, 2, 3, -4, -6]) == -6\nAssertionError\n",
    "444": "F\n======================================================================\nFAIL: test (__main__.Test)\n----------------------------------------------------------------------\nTraceback (most recent call last):\n  File \"/Users/watch/PycharmProjects/XXXX-1-LLM/Temps/mbpp/test_scripts/test444.py\", line 23, in test\n    assert trim_tuple([(5, 3, 2, 1, 4), (3, 4, 9, 2, 1),(9, 1, 2, 3, 5), (4, 8, 2, 1, 7)], 2) == '[(2,), (9,), (2,), (2,)]'\nAssertionError\n\n----------------------------------------------------------------------\nRan 1 test in 0.000s\n\nFAILED (failures=1)\n",
    "445": ".\n----------------------------------------------------------------------\nRan 1 test in 0.000s\n\nOK\n",
    "446": ".\n----------------------------------------------------------------------\nRan 1 test in 0.000s\n\nOK\n",
    "447": ".\n----------------------------------------------------------------------\nRan 1 test in 0.000s\n\nOK\n",
    "448": "Traceback (most recent call last):\n  File \"/Users/watch/PycharmProjects/XXXX-1-LLM/Temps/mbpp/test_scripts/test448.py\", line 19, in <module>\n    assert cal_sum(9) == 49\nAssertionError\n",
    "450": "['exercises', 'practice', 'solution']\nF\n======================================================================\nFAIL: test (__main__.Test)\n----------------------------------------------------------------------\nTraceback (most recent call last):\n  File \"/Users/watch/PycharmProjects/XXXX-1-LLM/Temps/mbpp/test_scripts/test450.py\", line 21, in test\n    assert extract_string(['Python', 'list', 'exercises', 'practice', 'solution'] ,8)==['practice', 'solution']\nAssertionError\n\n----------------------------------------------------------------------\nRan 1 test in 0.000s\n\nFAILED (failures=1)\n",
    "451": ".\n----------------------------------------------------------------------\nRan 1 test in 0.000s\n\nOK\n",
    "452": "Traceback (most recent call last):\n  File \"/Users/watch/PycharmProjects/XXXX-1-LLM/Temps/mbpp/test_scripts/test452.py\", line 14, in <module>\n    assert loss_amount(1500, 1200) == 0\nAssertionError\n",
    "453": ".\n----------------------------------------------------------------------\nRan 1 test in 0.000s\n\nOK\n",
    "454": ".\n----------------------------------------------------------------------\nRan 1 test in 0.000s\n\nOK\n",
    "455": ".\n----------------------------------------------------------------------\nRan 1 test in 0.000s\n\nOK\n",
    "456": ".\n----------------------------------------------------------------------\nRan 1 test in 0.000s\n\nOK\n",
    "457": ".\n----------------------------------------------------------------------\nRan 1 test in 0.000s\n\nOK\n",
    "458": ".\n----------------------------------------------------------------------\nRan 1 test in 0.000s\n\nOK\n",
    "459": ".\n----------------------------------------------------------------------\nRan 1 test in 0.000s\n\nOK\n",
    "460": ".\n----------------------------------------------------------------------\nRan 1 test in 0.000s\n\nOK\n",
    "461": "Traceback (most recent call last):\n  File \"/Users/watch/PycharmProjects/XXXX-1-LLM/Temps/mbpp/test_scripts/test461.py\", line 16, in <module>\n    assert upper_ctr(\"PYthon\") == 1\nAssertionError\n",
    "462": "[[], ['orange'], ['red'], ['orange', 'red'], ['green'], ['orange', 'green'], ['red', 'green'], ['orange', 'red', 'green'], ['blue'], ['orange', 'blue'], ['red', 'blue'], ['orange', 'red', 'blue'], ['green', 'blue'], ['orange', 'green', 'blue'], ['red', 'green', 'blue'], ['orange', 'red', 'green', 'blue']]\nF\n======================================================================\nFAIL: test (__main__.Test)\n----------------------------------------------------------------------\nTraceback (most recent call last):\n  File \"/Users/watch/PycharmProjects/XXXX-1-LLM/Temps/mbpp/test_scripts/test462.py\", line 21, in test\n    assert combinations_list(['orange', 'red', 'green', 'blue'])==[[], ['orange'], ['red'], ['red', 'orange'], ['green'], ['green', 'orange'], ['green', 'red'], ['green', 'red', 'orange'], ['blue'], ['blue', 'orange'], ['blue', 'red'], ['blue', 'red', 'orange'], ['blue', 'green'], ['blue', 'green', 'orange'], ['blue', 'green', 'red'], ['blue', 'green', 'red', 'orange']]\nAssertionError\n\n----------------------------------------------------------------------\nRan 1 test in 0.000s\n\nFAILED (failures=1)\n",
    "463": ".\n----------------------------------------------------------------------\nRan 1 test in 0.000s\n\nOK\n",
    "464": "Traceback (most recent call last):\n  File \"/Users/watch/PycharmProjects/XXXX-1-LLM/Temps/mbpp/test_scripts/test464.py\", line 13, in <module>\n    assert (\nAssertionError\n",
    "465": ".\n----------------------------------------------------------------------\nRan 1 test in 0.000s\n\nOK\n",
    "468": "F\n======================================================================\nFAIL: test (__main__.Test)\n----------------------------------------------------------------------\nTraceback (most recent call last):\n  File \"/Users/watch/PycharmProjects/XXXX-1-LLM/Temps/mbpp/test_scripts/test468.py\", line 27, in test\n    assert max_product([3, 100, 4, 5, 150, 6]) == 3000\nAssertionError\n\n----------------------------------------------------------------------\nRan 1 test in 0.000s\n\nFAILED (failures=1)\n",
    "470": ".\n----------------------------------------------------------------------\nRan 1 test in 0.000s\n\nOK\n",
    "471": ".\n----------------------------------------------------------------------\nRan 1 test in 0.000s\n\nOK\n",
    "472": ".\n----------------------------------------------------------------------\nRan 1 test in 0.000s\n\nOK\n",
    "473": "Traceback (most recent call last):\n  File \"/Users/watch/PycharmProjects/XXXX-1-LLM/Temps/mbpp/test_scripts/test473.py\", line 13, in <module>\n    assert tuple_intersection([(3, 4), (5, 6), (9, 10), (4, 5)] , [(5, 4), (3, 4), (6, 5), (9, 11)]) == {(4, 5), (3, 4), (5, 6)}\nAssertionError\n",
    "474": ".\n----------------------------------------------------------------------\nRan 1 test in 0.000s\n\nOK\n",
    "475": ".\n----------------------------------------------------------------------\nRan 1 test in 0.000s\n\nOK\n",
    "476": ".\n----------------------------------------------------------------------\nRan 1 test in 0.000s\n\nOK\n",
    "477": ".\n----------------------------------------------------------------------\nRan 1 test in 0.000s\n\nOK\n",
    "478": ".\n----------------------------------------------------------------------\nRan 1 test in 0.000s\n\nOK\n",
    "479": ".\n----------------------------------------------------------------------\nRan 1 test in 0.000s\n\nOK\n",
    "554": ".\n----------------------------------------------------------------------\nRan 1 test in 0.000s\n\nOK\n",
    "555": "Traceback (most recent call last):\n  File \"/Users/watch/PycharmProjects/XXXX-1-LLM/Temps/mbpp/test_scripts/test555.py\", line 14, in <module>\n    assert difference(3) == 30\nAssertionError\n",
    "556": ".\n----------------------------------------------------------------------\nRan 1 test in 0.000s\n\nOK\n",
    "557": ".\n----------------------------------------------------------------------\nRan 1 test in 0.000s\n\nOK\n",
    "558": ".\n----------------------------------------------------------------------\nRan 1 test in 0.000s\n\nOK\n",
    "559": ".\n----------------------------------------------------------------------\nRan 1 test in 0.000s\n\nOK\n",
    "560": ".\n----------------------------------------------------------------------\nRan 1 test in 0.000s\n\nOK\n",
    "562": ".\n----------------------------------------------------------------------\nRan 1 test in 0.000s\n\nOK\n",
    "563": ".\n----------------------------------------------------------------------\nRan 1 test in 0.000s\n\nOK\n",
    "564": ".\n----------------------------------------------------------------------\nRan 1 test in 0.000s\n\nOK\n",
    "565": ".\n----------------------------------------------------------------------\nRan 1 test in 0.000s\n\nOK\n",
    "566": ".\n----------------------------------------------------------------------\nRan 1 test in 0.000s\n\nOK\n",
    "567": ".\n----------------------------------------------------------------------\nRan 1 test in 0.000s\n\nOK\n",
    "568": ".\n----------------------------------------------------------------------\nRan 1 test in 0.000s\n\nOK\n",
    "569": ".\n----------------------------------------------------------------------\nRan 1 test in 0.000s\n\nOK\n",
    "572": ".\n----------------------------------------------------------------------\nRan 1 test in 0.000s\n\nOK\n",
    "573": ".\n----------------------------------------------------------------------\nRan 1 test in 0.000s\n\nOK\n",
    "574": "F\n======================================================================\nFAIL: test (__main__.Test)\n----------------------------------------------------------------------\nTraceback (most recent call last):\n  File \"/Users/watch/PycharmProjects/XXXX-1-LLM/Temps/mbpp/test_scripts/test574.py\", line 17, in test\n    assert surfacearea_cylinder(10,5)==942.45\nAssertionError\n\n----------------------------------------------------------------------\nRan 1 test in 0.000s\n\nFAILED (failures=1)\n",
    "576": ".\n----------------------------------------------------------------------\nRan 1 test in 0.000s\n\nOK\n",
    "577": ".\n----------------------------------------------------------------------\nRan 1 test in 0.000s\n\nOK\n",
    "578": ".\n----------------------------------------------------------------------\nRan 1 test in 0.000s\n\nOK\n",
    "579": ".\n----------------------------------------------------------------------\nRan 1 test in 0.000s\n\nOK\n",
    "580": "E\n======================================================================\nERROR: test (__main__.Test)\n----------------------------------------------------------------------\nTraceback (most recent call last):\n  File \"/Users/watch/PycharmProjects/XXXX-1-LLM/Temps/mbpp/test_scripts/test580.py\", line 19, in test\n    assert extract_even((4, 5, (7, 6, (2, 4,)), 6, 8,)) == (4, (6, (2, 4,)), 6, 8)\nTypeError: extract_even() missing 1 required positional argument: 'even_fnc'\n\n----------------------------------------------------------------------\nRan 1 test in 0.000s\n\nFAILED (errors=1)\n",
    "581": "Traceback (most recent call last):\n  File \"/Users/watch/PycharmProjects/XXXX-1-LLM/Temps/mbpp/test_scripts/test581.py\", line 12, in <module>\n    assert surface_Area(3, 4) == 33\nAssertionError\n",
    "582": "F\n======================================================================\nFAIL: test (__main__.Test)\n----------------------------------------------------------------------\nTraceback (most recent call last):\n  File \"/Users/watch/PycharmProjects/XXXX-1-LLM/Temps/mbpp/test_scripts/test582.py\", line 14, in test\n    assert my_dict({10})==False\nAssertionError\n\n----------------------------------------------------------------------\nRan 1 test in 0.000s\n\nFAILED (failures=1)\n",
    "583": ".\n----------------------------------------------------------------------\nRan 1 test in 0.004s\n\nOK\n",
    "584": "Traceback (most recent call last):\n  File \"/Users/watch/PycharmProjects/XXXX-1-LLM/Temps/mbpp/test_scripts/test584.py\", line 16, in <module>\n    assert find_adverbs(\"Clearly, he has no excuse for such behavior.\") == \"0-7: Clearly\"\nAssertionError\n",
    "585": ".\n----------------------------------------------------------------------\nRan 1 test in 0.000s\n\nOK\n",
    "586": ".\n----------------------------------------------------------------------\nRan 1 test in 0.000s\n\nOK\n",
    "587": ".\n----------------------------------------------------------------------\nRan 1 test in 0.000s\n\nOK\n",
    "588": ".\n----------------------------------------------------------------------\nRan 1 test in 0.000s\n\nOK\n",
    "589": ".\n----------------------------------------------------------------------\nRan 1 test in 0.000s\n\nOK\n",
    "590": "F\n======================================================================\nFAIL: test (__main__.Test)\n----------------------------------------------------------------------\nTraceback (most recent call last):\n  File \"/Users/watch/PycharmProjects/XXXX-1-LLM/Temps/mbpp/test_scripts/test590.py\", line 15, in test\n    assert polar_rect(3,4)==((5.0, 0.9272952180016122), (-2+2.4492935982947064e-16j,))\nAssertionError\n\n----------------------------------------------------------------------\nRan 1 test in 0.000s\n\nFAILED (failures=1)\n",
    "591": ".\n----------------------------------------------------------------------\nRan 1 test in 0.000s\n\nOK\n",
    "592": "Traceback (most recent call last):\n  File \"/Users/watch/PycharmProjects/XXXX-1-LLM/Temps/mbpp/test_scripts/test592.py\", line 22, in <module>\n    assert sum_Of_product(3) == 15\nAssertionError\n",
    "593": ".\n----------------------------------------------------------------------\nRan 1 test in 0.000s\n\nOK\n",
    "594": ".\n----------------------------------------------------------------------\nRan 1 test in 0.000s\n\nOK\n",
    "595": "Traceback (most recent call last):\n  File \"/Users/watch/PycharmProjects/XXXX-1-LLM/Temps/mbpp/test_scripts/test595.py\", line 15, in <module>\n    assert min_Swaps(\"1101\", \"1110\") == 1\nAssertionError\n",
    "596": ".\n----------------------------------------------------------------------\nRan 1 test in 0.000s\n\nOK\n",
    "597": ".\n----------------------------------------------------------------------\nRan 1 test in 0.000s\n\nOK\n",
    "598": ".\n----------------------------------------------------------------------\nRan 1 test in 0.000s\n\nOK\n",
    "599": ".\n----------------------------------------------------------------------\nRan 1 test in 0.000s\n\nOK\n",
    "600": ".\n----------------------------------------------------------------------\nRan 1 test in 0.000s\n\nOK\n",
    "602": ".\n----------------------------------------------------------------------\nRan 1 test in 0.000s\n\nOK\n",
    "603": "Traceback (most recent call last):\n  File \"/Users/watch/PycharmProjects/XXXX-1-LLM/Temps/mbpp/test_scripts/test603.py\", line 30, in <module>\n    assert get_ludic(10) == [1, 2, 3, 5, 7]\nAssertionError\n",
    "604": ".\n----------------------------------------------------------------------\nRan 1 test in 0.000s\n\nOK\n",
    "605": ".\n----------------------------------------------------------------------\nRan 1 test in 0.000s\n\nOK\n",
    "606": ".\n----------------------------------------------------------------------\nRan 1 test in 0.000s\n\nOK\n",
    "607": ".\n----------------------------------------------------------------------\nRan 1 test in 0.000s\n\nOK\n",
    "608": ".\n----------------------------------------------------------------------\nRan 1 test in 0.000s\n\nOK\n",
    "610": ".\n----------------------------------------------------------------------\nRan 1 test in 0.000s\n\nOK\n",
    "611": "Traceback (most recent call last):\n  File \"/Users/watch/PycharmProjects/XXXX-1-LLM/Temps/mbpp/test_scripts/test611.py\", line 13, in <module>\n    assert max_of_nth([[5, 6, 7], [1, 3, 5], [8, 9, 19]], 2) == 19\nAssertionError\n",
    "612": "[['x', 'a', 'm'], ['y', 'b', 'n']]\nF\n======================================================================\nFAIL: test (__main__.Test)\n----------------------------------------------------------------------\nTraceback (most recent call last):\n  File \"/Users/watch/PycharmProjects/XXXX-1-LLM/Temps/mbpp/test_scripts/test612.py\", line 20, in test\n    assert merge([['x', 'y','z' ], ['a', 'b','c'], ['m', 'n','o']]) == [['x', 'a', 'm'], ['y', 'b', 'n'],['z', 'c','o']]\nAssertionError\n\n----------------------------------------------------------------------\nRan 1 test in 0.000s\n\nFAILED (failures=1)\n",
    "614": ".\n----------------------------------------------------------------------\nRan 1 test in 0.000s\n\nOK\n",
    "615": "Traceback (most recent call last):\n  File \"/Users/watch/PycharmProjects/XXXX-1-LLM/Temps/mbpp/test_scripts/test615.py\", line 15, in <module>\n    assert average_tuple(((10, 10, 10, 12), (30, 45, 56, 45), (81, 80, 39, 32), (1, 2, 3, 4))) == [30.5, 34.25, 58.0, 2.5]\nAssertionError\n",
    "616": ".\n----------------------------------------------------------------------\nRan 1 test in 0.000s\n\nOK\n",
    "617": "Traceback (most recent call last):\n  File \"/Users/watch/PycharmProjects/XXXX-1-LLM/Temps/mbpp/test_scripts/test617.py\", line 13, in <module>\n    assert min_Jumps((3, 4), 11) == 3.5\nAssertionError\n",
    "618": ".\n----------------------------------------------------------------------\nRan 1 test in 0.000s\n\nOK\n",
    "619": ".\n----------------------------------------------------------------------\nRan 1 test in 0.000s\n\nOK\n",
    "620": "Traceback (most recent call last):\n  File \"/Users/watch/PycharmProjects/XXXX-1-LLM/Temps/mbpp/test_scripts/test620.py\", line 19, in <module>\n    assert largest_subset([1, 3, 6, 13, 17, 18]) == 4\nAssertionError\n",
    "622": "Traceback (most recent call last):\n  File \"/Users/watch/PycharmProjects/XXXX-1-LLM/Temps/mbpp/test_scripts/test622.py\", line 19, in <module>\n    assert get_median([1, 12, 15, 26, 38], [2, 13, 17, 30, 45], 5) == 16.0\nAssertionError\n",
    "623": ".\n----------------------------------------------------------------------\nRan 1 test in 0.000s\n\nOK\n",
    "624": ".\n----------------------------------------------------------------------\nRan 1 test in 0.000s\n\nOK\n",
    "625": ".\n----------------------------------------------------------------------\nRan 1 test in 0.000s\n\nOK\n",
    "626": "F\n======================================================================\nFAIL: test (__main__.Test)\n----------------------------------------------------------------------\nTraceback (most recent call last):\n  File \"/Users/watch/PycharmProjects/XXXX-1-LLM/Temps/mbpp/test_scripts/test626.py\", line 19, in test\n    assert triangle_area(2) == 4\nAssertionError\n\n----------------------------------------------------------------------\nRan 1 test in 0.000s\n\nFAILED (failures=1)\n",
    "627": ".\n----------------------------------------------------------------------\nRan 1 test in 0.000s\n\nOK\n",
    "628": ".\n----------------------------------------------------------------------\nRan 1 test in 0.000s\n\nOK\n",
    "629": ".\n----------------------------------------------------------------------\nRan 1 test in 0.000s\n\nOK\n",
    "630": "Traceback (most recent call last):\n  File \"/Users/watch/PycharmProjects/XXXX-1-LLM/Temps/mbpp/test_scripts/test630.py\", line 18, in <module>\n    adjac((3, 4))\nNameError: name 'adjac' is not defined\n",
    "631": "Traceback (most recent call last):\n  File \"/Users/watch/PycharmProjects/XXXX-1-LLM/Temps/mbpp/test_scripts/test631.py\", line 12, in <module>\n    assert replace_spaces(\"Jumanji The Jungle\") == \"Jumanji_The_Jungle\"\nAssertionError\n",
    "632": "[1, 2, 3, 4, 0, 0]\n.\n----------------------------------------------------------------------\nRan 1 test in 0.000s\n\nOK\n",
    "633": ".\n----------------------------------------------------------------------\nRan 1 test in 0.000s\n\nOK\n",
    "635": ".\n----------------------------------------------------------------------\nRan 1 test in 0.000s\n\nOK\n",
    "637": ".\n----------------------------------------------------------------------\nRan 1 test in 0.000s\n\nOK\n",
    "638": ".\n----------------------------------------------------------------------\nRan 1 test in 0.000s\n\nOK\n",
    "639": ".\n----------------------------------------------------------------------\nRan 1 test in 0.000s\n\nOK\n",
    "640": "Traceback (most recent call last):\n  File \"/Users/watch/PycharmProjects/XXXX-1-LLM/Temps/mbpp/test_scripts/test640.py\", line 20, in <module>\n    assert remove_parenthesis([\"python (chrome)\"]) == (\"python\")\nAssertionError\n",
    "641": ".\n----------------------------------------------------------------------\nRan 1 test in 0.000s\n\nOK\n",
    "643": ".\n----------------------------------------------------------------------\nRan 1 test in 0.000s\n\nOK\n",
    "644": ".\n----------------------------------------------------------------------\nRan 1 test in 0.000s\n\nOK\n",
    "720": ".\n----------------------------------------------------------------------\nRan 1 test in 0.000s\n\nOK\n",
    "721": ".\n----------------------------------------------------------------------\nRan 1 test in 0.000s\n\nOK\n",
    "722": ".\n----------------------------------------------------------------------\nRan 1 test in 0.000s\n\nOK\n",
    "723": ".\n----------------------------------------------------------------------\nRan 1 test in 0.000s\n\nOK\n",
    "724": ".\n----------------------------------------------------------------------\nRan 1 test in 0.000s\n\nOK\n",
    "725": ".\n----------------------------------------------------------------------\nRan 1 test in 0.000s\n\nOK\n",
    "726": "  File \"/Users/watch/PycharmProjects/XXXX-1-LLM/Temps/mbpp/test_scripts/test726.py\", line 21\n    assert multiply_elements((12,,)) == ()\n                                 ^\nSyntaxError: invalid syntax\n",
    "728": ".\n----------------------------------------------------------------------\nRan 1 test in 0.000s\n\nOK\n",
    "730": ".\n----------------------------------------------------------------------\nRan 1 test in 0.000s\n\nOK\n",
    "731": ".\n----------------------------------------------------------------------\nRan 1 test in 0.000s\n\nOK\n",
    "732": ".\n----------------------------------------------------------------------\nRan 1 test in 0.000s\n\nOK\n",
    "733": ".\n----------------------------------------------------------------------\nRan 1 test in 0.000s\n\nOK\n",
    "734": ".\n----------------------------------------------------------------------\nRan 1 test in 0.000s\n\nOK\n",
    "735": "Traceback (most recent call last):\n  File \"/Users/watch/PycharmProjects/XXXX-1-LLM/Temps/mbpp/test_scripts/test735.py\", line 21, in <module>\n    assert toggle_middle_bits(9) == 15\nAssertionError\n",
    "736": ".\n----------------------------------------------------------------------\nRan 1 test in 0.000s\n\nOK\n",
    "737": ".\n----------------------------------------------------------------------\nRan 1 test in 0.000s\n\nOK\n",
    "738": "Traceback (most recent call last):\n  File \"/Users/watch/PycharmProjects/XXXX-1-LLM/Temps/mbpp/test_scripts/test738.py\", line 14, in <module>\n    assert geometric_sum(7) == 1.9921875\nAssertionError\n",
    "739": "  File \"/Users/watch/PycharmProjects/XXXX-1-LLM/Temps/mbpp/test_scripts/test739.py\", line 7\n    Here is the implementation of the find_Index function in Python:\n                ^\nSyntaxError: invalid syntax\n",
    "740": ".\n----------------------------------------------------------------------\nRan 1 test in 0.000s\n\nOK\n",
    "741": ".\n----------------------------------------------------------------------\nRan 1 test in 0.000s\n\nOK\n",
    "742": ".\n----------------------------------------------------------------------\nRan 1 test in 0.000s\n\nOK\n",
    "743": ".\n----------------------------------------------------------------------\nRan 1 test in 0.000s\n\nOK\n",
    "744": ".\n----------------------------------------------------------------------\nRan 1 test in 0.000s\n\nOK\n",
    "745": "Traceback (most recent call last):\n  File \"/Users/watch/PycharmProjects/XXXX-1-LLM/Temps/mbpp/test_scripts/test745.py\", line 16, in <module>\n    assert divisible_by_digits(1,22) == [1, 2, 3, 4, 5, 6, 7, 8, 9, 11, 12, 15, 22]\nAssertionError\n",
    "746": "Traceback (most recent call last):\n  File \"/Users/watch/PycharmProjects/XXXX-1-LLM/Temps/mbpp/test_scripts/test746.py\", line 15, in <module>\n    assert sector_area(4, 45) == 6.283185307179586\nAssertionError\n",
    "747": ".\n----------------------------------------------------------------------\nRan 1 test in 0.001s\n\nOK\n",
    "748": ".\n----------------------------------------------------------------------\nRan 1 test in 0.000s\n\nOK\n",
    "749": ".\n----------------------------------------------------------------------\nRan 1 test in 0.000s\n\nOK\n",
    "750": ".\n----------------------------------------------------------------------\nRan 1 test in 0.000s\n\nOK\n",
    "751": ".\n----------------------------------------------------------------------\nRan 1 test in 0.000s\n\nOK\n",
    "752": ".\n----------------------------------------------------------------------\nRan 1 test in 0.000s\n\nOK\n",
    "753": ".\n----------------------------------------------------------------------\nRan 1 test in 0.000s\n\nOK\n",
    "754": ".\n----------------------------------------------------------------------\nRan 1 test in 0.000s\n\nOK\n",
    "755": "F\n======================================================================\nFAIL: test (__main__.Test)\n----------------------------------------------------------------------\nTraceback (most recent call last):\n  File \"/Users/watch/PycharmProjects/XXXX-1-LLM/Temps/mbpp/test_scripts/test755.py\", line 19, in test\n    assert second_smallest([1, 1, -0.5, 0, 2, -2, -2])==-0.5\nAssertionError\n\n----------------------------------------------------------------------\nRan 1 test in 0.000s\n\nFAILED (failures=1)\n",
    "756": "  File \"/Users/watch/PycharmProjects/XXXX-1-LLM/Temps/mbpp/test_scripts/test756.py\", line 8\n    It looks like the given code is a Python function named `text_match_zero_one` that is intended to check if a given string contains an 'a' followed by one or more 'b's. The function seems to be using regular expressions to perform the matching.\n    ^\nIndentationError: expected an indented block\n",
    "757": "2\n.\n----------------------------------------------------------------------\nRan 1 test in 0.000s\n\nOK\n",
    "758": ".\n----------------------------------------------------------------------\nRan 1 test in 0.000s\n\nOK\n",
    "759": ".\n----------------------------------------------------------------------\nRan 1 test in 0.000s\n\nOK\n",
    "760": ".\n----------------------------------------------------------------------\nRan 1 test in 0.000s\n\nOK\n",
    "762": ".\n----------------------------------------------------------------------\nRan 1 test in 0.000s\n\nOK\n",
    "763": "Traceback (most recent call last):\n  File \"/Users/watch/PycharmProjects/XXXX-1-LLM/Temps/mbpp/test_scripts/test763.py\", line 17, in <module>\n    assert find_min_diff((1, 5, 3, 19, 18, 25), 6) == 1\n  File \"/Users/watch/PycharmProjects/XXXX-1-LLM/Temps/mbpp/test_scripts/test763.py\", line 8, in find_min_diff\n    arr.sort()\nAttributeError: 'tuple' object has no attribute 'sort'\n",
    "764": ".\n----------------------------------------------------------------------\nRan 1 test in 0.000s\n\nOK\n",
    "765": "Traceback (most recent call last):\n  File \"/Users/watch/PycharmProjects/XXXX-1-LLM/Temps/mbpp/test_scripts/test765.py\", line 16, in <module>\n    assert is_polite(7) == 11\nAssertionError\n",
    "766": ".\n----------------------------------------------------------------------\nRan 1 test in 0.000s\n\nOK\n",
    "767": ".\n----------------------------------------------------------------------\nRan 1 test in 0.000s\n\nOK\n",
    "769": ".\n----------------------------------------------------------------------\nRan 1 test in 0.000s\n\nOK\n",
    "770": ".\n----------------------------------------------------------------------\nRan 1 test in 0.000s\n\nOK\n",
    "771": ".\n----------------------------------------------------------------------\nRan 1 test in 0.000s\n\nOK\n",
    "772": ".\n----------------------------------------------------------------------\nRan 1 test in 0.000s\n\nOK\n",
    "773": ".\n----------------------------------------------------------------------\nRan 1 test in 0.000s\n\nOK\n",
    "775": ".\n----------------------------------------------------------------------\nRan 1 test in 0.000s\n\nOK\n",
    "776": "Traceback (most recent call last):\n  File \"/Users/watch/PycharmProjects/XXXX-1-LLM/Temps/mbpp/test_scripts/test776.py\", line 19, in <module>\n    assert count_vowels(\"bestinstareels\") == 7\nAssertionError\n",
    "777": ".\n----------------------------------------------------------------------\nRan 1 test in 0.000s\n\nOK\n",
    "778": ".\n----------------------------------------------------------------------\nRan 1 test in 0.000s\n\nOK\n",
    "779": ".\n----------------------------------------------------------------------\nRan 1 test in 0.000s\n\nOK\n",
    "780": "Traceback (most recent call last):\n  File \"/Users/watch/PycharmProjects/XXXX-1-LLM/Temps/mbpp/test_scripts/test780.py\", line 21, in <module>\n    assert find_combinations([(2, 4), (6, 7), (5, 1), (6, 10)]) == [\nAssertionError\n",
    "781": ".\n----------------------------------------------------------------------\nRan 1 test in 0.000s\n\nOK\n",
    "782": ".\n----------------------------------------------------------------------\nRan 1 test in 0.000s\n\nOK\n",
    "783": "F\n======================================================================\nFAIL: test (__main__.Test)\n----------------------------------------------------------------------\nTraceback (most recent call last):\n  File \"/Users/watch/PycharmProjects/XXXX-1-LLM/Temps/mbpp/test_scripts/test783.py\", line 35, in test\n    assert rgb_to_hsv(0, 215, 0)==(120.0, 100.0, 84.31372549019608)\nAssertionError\n\n----------------------------------------------------------------------\nRan 1 test in 0.000s\n\nFAILED (failures=1)\n",
    "784": ".\n----------------------------------------------------------------------\nRan 1 test in 0.000s\n\nOK\n",
    "785": ".\n----------------------------------------------------------------------\nRan 1 test in 0.000s\n\nOK\n",
    "786": ".\n----------------------------------------------------------------------\nRan 1 test in 0.000s\n\nOK\n",
    "787": ".\n----------------------------------------------------------------------\nRan 1 test in 0.000s\n\nOK\n",
    "788": ".\n----------------------------------------------------------------------\nRan 1 test in 0.000s\n\nOK\n",
    "790": ".\n----------------------------------------------------------------------\nRan 1 test in 0.000s\n\nOK\n",
    "791": ".\n----------------------------------------------------------------------\nRan 1 test in 0.000s\n\nOK\n",
    "792": ".\n----------------------------------------------------------------------\nRan 1 test in 0.000s\n\nOK\n",
    "793": "0\nF\n======================================================================\nFAIL: test (__main__.Test)\n----------------------------------------------------------------------\nTraceback (most recent call last):\n  File \"/Users/watch/PycharmProjects/XXXX-1-LLM/Temps/mbpp/test_scripts/test793.py\", line 21, in test\n    assert last([1,1,1,2,3,4],1) == 2\nAssertionError\n\n----------------------------------------------------------------------\nRan 1 test in 0.000s\n\nFAILED (failures=1)\n",
    "794": ".\n----------------------------------------------------------------------\nRan 1 test in 0.000s\n\nOK\n",
    "796": ".\n----------------------------------------------------------------------\nRan 1 test in 0.000s\n\nOK\n",
    "797": ".\n----------------------------------------------------------------------\nRan 1 test in 0.000s\n\nOK\n",
    "798": ".\n----------------------------------------------------------------------\nRan 1 test in 0.000s\n\nOK\n",
    "799": ".\n----------------------------------------------------------------------\nRan 1 test in 0.000s\n\nOK\n",
    "800": ".\n----------------------------------------------------------------------\nRan 1 test in 0.000s\n\nOK\n",
    "801": ".\n----------------------------------------------------------------------\nRan 1 test in 0.000s\n\nOK\n",
    "802": "F\n======================================================================\nFAIL: test (__main__.Test)\n----------------------------------------------------------------------\nTraceback (most recent call last):\n  File \"/Users/watch/PycharmProjects/XXXX-1-LLM/Temps/mbpp/test_scripts/test802.py\", line 23, in test\n    assert count_rotation([3,2,1]) == 1\nAssertionError\n\n----------------------------------------------------------------------\nRan 1 test in 0.000s\n\nFAILED (failures=1)\n",
    "803": ".\n----------------------------------------------------------------------\nRan 1 test in 0.000s\n\nOK\n",
    "804": ".\n----------------------------------------------------------------------\nRan 1 test in 0.000s\n\nOK\n",
    "805": ".\n----------------------------------------------------------------------\nRan 1 test in 0.000s\n\nOK\n",
    "806": ".\n----------------------------------------------------------------------\nRan 1 test in 0.000s\n\nOK\n",
    "807": ".\n----------------------------------------------------------------------\nRan 1 test in 0.000s\n\nOK\n",
    "808": ".\n----------------------------------------------------------------------\nRan 1 test in 0.000s\n\nOK\n",
    "809": ".\n----------------------------------------------------------------------\nRan 1 test in 0.000s\n\nOK\n"
}