{
    "start_time": "2024-03-11_11-24-34-784065",
    "task": "def cube_Sum(n): \n'''Write a python function to find the cube sum of first n even natural numbers.\nassert cube_Sum(2) == 72'''\n",
    "datetime": {
        "task": "2024-03-11 11:24:34",
        "task-id": "2024-03-11 11:24:34",
        "workflow": "2024-03-11 11:24:34",
        "Discussion": "2024-03-11 11:24:36",
        "DisorderedSprintMeetings": "2024-03-11 11:24:37",
        "UserStoryDraft0": "2024-03-11 11:25:22",
        "AnalyzeMeetings": "2024-03-11 11:25:23",
        "UserStory0": "2024-03-11 11:26:19",
        "CodeDraft0": "2024-03-11 11:26:19",
        "CodeReviewMeetings0": "2024-03-11 11:26:21",
        "Code0CR": "2024-03-11 11:26:22",
        "FinalCode": "2024-03-11 11:26:58",
        "Test Cases Draft": "2024-03-11 11:26:24",
        "Test Cases Meetings": "2024-03-11 11:26:25",
        "Test Cases": "2024-03-11 11:26:28",
        "Code0": "2024-03-11 11:26:29",
        "TestScriptOriginal": "2024-03-11 11:26:30",
        "TestScript": "2024-03-11 11:26:30",
        "ScriptResult0": "2024-03-11 11:26:30",
        "TestReport0": "2024-03-11 11:26:36",
        "SprintReview0": "2024-03-11 11:26:38",
        "SprintReviewMeetings0": "2024-03-11 11:26:40",
        "RepairResponse0": "2024-03-11 11:26:41",
        "Code1": "2024-03-11 11:26:41",
        "ScriptResult1": "2024-03-11 11:26:41",
        "TestReport1": "2024-03-11 11:26:44",
        "SprintReview1": "2024-03-11 11:26:46",
        "SprintReviewMeetings1": "2024-03-11 11:26:48",
        "RepairResponse1": "2024-03-11 11:26:49",
        "Code2": "2024-03-11 11:26:49",
        "ScriptResult2": "2024-03-11 11:26:49",
        "TestReport2": "2024-03-11 11:26:52",
        "SprintReview2": "2024-03-11 11:26:55",
        "SprintReviewMeetings2": "2024-03-11 11:26:57",
        "RepairResponse2": "2024-03-11 11:26:58",
        "Code3": "2024-03-11 11:26:58",
        "ScriptResult3": "2024-03-11 11:26:58",
        "TestReport3": "2024-03-11 11:27:01"
    },
    "task-id": 420,
    "workflow": "agile/agile_version_0.0.5_remove.json",
    "Discussion": "[ScrumMaster]says: We have a job: def cube_Sum(n): \n'''Write a python function to find the cube sum of first n even natural numbers.\nassert cube_Sum(2) == 72'''\n, do you have any ideas?\n-----\n\n[Tester]says: As a Tester, I think we should consider testing for different edge cases and error handling in the function.\n-----\n\n[ProductOwner]says: As a Product Owner, I think the first step is to gather requirements and prioritize the features for the product.\n-----\n\n[Developer]says: As a Developer, I think we can start by creating a Python function that generates the first n even natural numbers, and then find the cube sum of those numbers.\n-----\n\n[Architect]says: As an Architect, to create a product, we should consider the most efficient algorithm for finding the cube sum of the first n even natural numbers. Let's discuss potential approaches and consider the trade-offs.\n-----\n\n[Tester]says: As a Tester, I think we should consider testing for different edge cases and error handling in the function.\n-----\n\n[ProductOwner]says: [ProductOwner] says: To create a product, we should gather requirements and prioritize the features for the product. Let's start with that.\n-----\n\n[Developer]says: As a Developer, I will start by creating a Python function that generates the first n even natural numbers and then find the cube sum of those numbers.\n-----\n\n[Architect]says: As an Architect, I think it is important that we consider the scalability and performance implications of the algorithm for finding the cube sum of the first n even natural numbers. Let's explore potential approaches and their impact on the overall product.\n-----\n",
    "DisorderedSprintMeetings": "{\n  \"product-owner\":[\"Gather requirements\",\"Prioritize features\"],\n  \"architect\":[\"Explore potential approaches\",\"Consider trade-offs\",\"Consider scalability and performance implications\"],\n  \"developer\":[\"Create Python function for generating first n even natural numbers\",\"Find cube sum of numbers\"],\n  \"tester\":[\"Test for different edge cases\",\"Test error handling\"]\n}",
    "DisorderedSprintMeetings_prompt": "{\"Role\": \"You are a professional scrum master. Your goal is to breakdown the Discussion History into a task list for the scrum team.\", \"Instruction\": \"1. Read and Understand the Discussion History. 2. Define the tasks for four roles: product-owner/architect/developer/tester. 3. Response in JSON format.\", \"Example\": \"{\\\"product-owner\\\":[\\\"task1\\\",\\\"task2\\\"],\\\"architect\\\":[\\\"task1\\\",\\\"task2\\\"], \\\"developer\\\":[\\\"task1\\\",\\\"task2\\\"], \\\"tester\\\":[\\\"task1\\\",\\\"task2\\\"]}\", \"Context\": \"[ScrumMaster]says: We have a job: def cube_Sum(n): \\n'''Write a python function to find the cube sum of first n even natural numbers.\\nassert cube_Sum(2) == 72'''\\n, do you have any ideas?\\n-----\\n\\n[Tester]says: As a Tester, I think we should consider testing for different edge cases and error handling in the function.\\n-----\\n\\n[ProductOwner]says: As a Product Owner, I think the first step is to gather requirements and prioritize the features for the product.\\n-----\\n\\n[Developer]says: As a Developer, I think we can start by creating a Python function that generates the first n even natural numbers, and then find the cube sum of those numbers.\\n-----\\n\\n[Architect]says: As an Architect, to create a product, we should consider the most efficient algorithm for finding the cube sum of the first n even natural numbers. Let's discuss potential approaches and consider the trade-offs.\\n-----\\n\\n[Tester]says: As a Tester, I think we should consider testing for different edge cases and error handling in the function.\\n-----\\n\\n[ProductOwner]says: [ProductOwner] says: To create a product, we should gather requirements and prioritize the features for the product. Let's start with that.\\n-----\\n\\n[Developer]says: As a Developer, I will start by creating a Python function that generates the first n even natural numbers and then find the cube sum of those numbers.\\n-----\\n\\n[Architect]says: As an Architect, I think it is important that we consider the scalability and performance implications of the algorithm for finding the cube sum of the first n even natural numbers. Let's explore potential approaches and their impact on the overall product.\\n-----\\n\", \"Question\": \"Follow the Instruction section. The Discussion History is in the Context section. You only need to return a task list as the Example section.\"}",
    "UserStoryDraft0": "{\n  \"UserStory\": {\n    \"As a product owner, I want a Python function to calculate the cube sum of the first n even natural numbers, so that I can use it in my application to perform calculations efficiently.\"\n  \n  \n \n \n \n \n \n \n \n \n \n \n \n \n \n \n \n \n \n \n \n \n \n \n \n \n \n \n \n \n \n \n \n \n \n \n \n \n \n \n \n \n \n \n \n \n \n \n \n \n \n \n \n \n \n \n \n \n \n \n \n \n \n \n \n \n \n \n \n \n \n \n \n \n \n \n \n \n \n \n \n \n \n \n \n \n \n \n \n \n \n \n \n \n \n \n \n \n \n \n \n",
    "UserStoryDraft0_prompt": "{\"Role\": \"You need to act as a professional product owner. Your task is to write a UserStory\", \"Instruction\": \"According to the Context, please analyze the requirement and write your response. Response in JSON format. Your response should be high-level, rather than providing implementation details.\", \"Example\": \"\", \"Context\": [\"Gather requirements\", \"Prioritize features\"], \"Question\": \"Follow the Instruction. The requirement is as follows:\\ndef cube_Sum(n): \\n'''Write a python function to find the cube sum of first n even natural numbers.\\nassert cube_Sum(2) == 72'''\\n\"}",
    "AnalyzeMeetings": "{\n  \"Architect\": \"I suggest creating a Python function that takes a parameter n and returns the cube sum of the first n even natural numbers. This function should efficiently handle large values of n and should have error handling for invalid inputs.\",\n  \"Tester\": \"I suggest testing the Python function with various inputs, including small and large values of n, as well as negative and zero values. Additionally, test for edge cases and invalid inputs to ensure the function handles them correctly.\"\n}",
    "UserStory0": "{\n  \"UserStory\": {\n    \"As a product owner, I want a Python function to efficiently calculate the cube sum of the first n even natural numbers, so that I can use it in my application to perform calculations efficiently. The function should handle large values of n and should have error handling for invalid inputs.\"\n \n \n \n \n \n \n \n \n \n \n \n \n \n \n \n \n \n \n \n \n \n \n \n \n \n \n \n \n \n \n \n \n \n \n \n \n \n \n \n \n \n \n \n \n \n \n \n \n \n \n \n \n \n \n \n \n \n \n \n \n \n \n \n \n \n \n \n \n \n \n \n \n \n \n \n \n \n \n \n \n \n \n \n \n \n \n \n \n \n \n \n \n \n \n \n \n \n \n \n \n",
    "UserStory0_prompt": {
        "Role": "You need to act as a professional product owner. Your duty is to revise the document based on the suggestions.",
        "Instruction": "1. Read the suggestions. 2. Revise your draft version document. 3. Response in JSON format. 4. REMEMBER: Your analysis should be high-level, rather than providing implementation details.",
        "Example": "",
        "Context": "# Suggestion:\n{\n  \"Architect\": \"I suggest creating a Python function that takes a parameter n and returns the cube sum of the first n even natural numbers. This function should efficiently handle large values of n and should have error handling for invalid inputs.\",\n  \"Tester\": \"I suggest testing the Python function with various inputs, including small and large values of n, as well as negative and zero values. Additionally, test for edge cases and invalid inputs to ensure the function handles them correctly.\"\n}",
        "Question": "Follow the Instruction. Your colleague give you some suggestions(in the Context section) about this draft document:{\n  \"UserStory\": {\n    \"As a product owner, I want a Python function to calculate the cube sum of the first n even natural numbers, so that I can use it in my application to perform calculations efficiently.\"\n  \n  \n \n \n \n \n \n \n \n \n \n \n \n \n \n \n \n \n \n \n \n \n \n \n \n \n \n \n \n \n \n \n \n \n \n \n \n \n \n \n \n \n \n \n \n \n \n \n \n \n \n \n \n \n \n \n \n \n \n \n \n \n \n \n \n \n \n \n \n \n \n \n \n \n \n \n \n \n \n \n \n \n \n \n \n \n \n \n \n \n \n \n \n \n \n \n \n \n \n \n \n"
    },
    "CodeDraft0": "def cube_Sum(n):\n    sum = 0\n    for i in range(1, n*2+1, 2):\n        sum += i**3\n    return sum",
    "CodeDraft0_prompt": {
        "Role": "You are a professional engineer. Your duty is to write code in Python that meets the requirements. Ensure that the code you write is efficient, readable, and follows best practices. Remember, do not need to explain the code you wrote.",
        "Instruction": "According to the Context section, write your code.",
        "Example": "",
        "Context": "# Tasks:\n['Create Python function for generating first n even natural numbers', 'Find cube sum of numbers']",
        "Question": "Follow the Instruction section. Complete the following code:\ndef cube_Sum(n): \n'''Write a python function to find the cube sum of first n even natural numbers.\nassert cube_Sum(2) == 72'''\n"
    },
    "CodeReviewMeetings0": "{\n  \"Architect\": \"I suggest renaming the variable 'sum' to something else to avoid shadowing the built-in function. Also, consider adding comments to explain the purpose of the code and improve readability.\",\n  \"Tester\": \"I suggest writing test cases to cover different scenarios such as when n is 0, when n is a negative number, and when n is a positive number. Also, consider adding boundary value tests to ensure the function behaves as expected.\"\n}",
    "Code0CR": "def cube_sum(n):\n    '''Write a Python function to find the cube sum of the first n even natural numbers.'''\n    total = 0\n    for i in range(1, n*2+1):\n        total += (i*2)**3\n    return total\n\n# Test cases\nassert cube_sum(2) == 72",
    "Code0CR_prompt": "{\"Role\": \"You are a professional software engineer. Your duty is to write code in Python that meets the requirements. Ensure that the code you write is efficient, readable, and follows best practices. Remember, do not need to explain the code you wrote.\", \"Instruction\": \"1. Understand the suggestions(in the Context section) about the original code. 2. Rewrite your code.\", \"Example\": \"\", \"Context\": \"# Tasks:\\n['Create Python function for generating first n even natural numbers', 'Find cube sum of numbers']\\n# Suggestions:\\n{\\n  \\\"Architect\\\": \\\"I suggest renaming the variable 'sum' to something else to avoid shadowing the built-in function. Also, consider adding comments to explain the purpose of the code and improve readability.\\\",\\n  \\\"Tester\\\": \\\"I suggest writing test cases to cover different scenarios such as when n is 0, when n is a negative number, and when n is a positive number. Also, consider adding boundary value tests to ensure the function behaves as expected.\\\"\\n}\", \"Question\": \"Follow the Instruction section. Complete the following code:\\ndef cube_Sum(n): \\n'''Write a python function to find the cube sum of first n even natural numbers.\\nassert cube_Sum(2) == 72'''\\n\"}",
    "FinalCode": "def cube_sum(n):\n  sum = 0\n  for i in range(2, 2*n+1, 2):\n    sum += i**3\n  return sum",
    "Test Cases Draft": "{\n  \"requirement analysis\": \"analysis\",\n  \"test_cases\": [\n    {\n      \"Test Title\": \"Valid input test\",\n      \"Input Data\": \"n=2\",\n      \"Expected Output\": \"72\"\n    },\n    {\n      \"Test Title\": \"Large input test\",\n      \"Input Data\": \"n=100\",\n      \"Expected Output\": \"25502500\"\n    },\n    {\n      \"Test Title\": \"Invalid input test\",\n      \"Input Data\": \"n='abc'\",\n      \"Expected Output\": \"Invalid input\"\n    }\n  ]\n}",
    "Test Cases Draft_prompt": "{\"Role\": \"You are a quality assurance engineer. Your duty is to design test cases for the developers.\", \"Instruction\": \"According to the Context section, write test cases. Don't write long strings in your test cases. Response in JSON format.\", \"Example\": \"{\\\"requirement analysis\\\":\\\"analysis\\\",\\\"test_cases\\\":[{\\\"Test Title\\\":\\\"title\\\", \\\"Input Data\\\":\\\"parameter1=[1,2,3],parameter2='123'\\\", \\\"Expected Output\\\":\\\"456\\\"},]}\", \"Context\": \"# UsrtStory:\\n{\\n  \\\"UserStory\\\": {\\n    \\\"As a product owner, I want a Python function to efficiently calculate the cube sum of the first n even natural numbers, so that I can use it in my application to perform calculations efficiently. The function should handle large values of n and should have error handling for invalid inputs.\\\"\\n \\n \\n \\n \\n \\n \\n \\n \\n \\n \\n \\n \\n \\n \\n \\n \\n \\n \\n \\n \\n \\n \\n \\n \\n \\n \\n \\n \\n \\n \\n \\n \\n \\n \\n \\n \\n \\n \\n \\n \\n \\n \\n \\n \\n \\n \\n \\n \\n \\n \\n \\n \\n \\n \\n \\n \\n \\n \\n \\n \\n \\n \\n \\n \\n \\n \\n \\n \\n \\n \\n \\n \\n \\n \\n \\n \\n \\n \\n \\n \\n \\n \\n \\n \\n \\n \\n \\n \\n \\n \\n \\n \\n \\n \\n \\n \\n \\n \\n \\n \\n\\n# Tasks:\\n['Test for different edge cases', 'Test error handling']\\n\", \"Question\": \"def cube_Sum(n): \\n'''Write a python function to find the cube sum of first n even natural numbers.\\nassert cube_Sum(2) == 72'''\\n\"}",
    "Test Cases Meetings": "{\n  \"Architect\": \"As an Architect, I suggest revising the test cases to include boundary tests, such as inputting the minimum and maximum possible values for 'n'. This will ensure that the function can handle extreme cases effectively.\"\n  ,\n  \"Developer\": \"As a Developer, I suggest revising the test cases to include edge cases, such as negative values for 'n' or zero. This will help ensure that the function can handle a wide range of input scenarios.\"\n}",
    "Test Cases": "{\n  \"requirement analysis\": \"analysis\",\n  \"test_cases\": [\n    {\n      \"Test Title\": \"Valid input test\",\n      \"Input Data\": \"n=2\",\n      \"Expected Output\": \"8\"\n    },\n    {\n      \"Test Title\": \"Boundary test - minimum value\",\n      \"Input Data\": \"n=0\",\n      \"Expected Output\": \"0\"\n    },\n    {\n      \"Test Title\": \"Boundary test - maximum value\",\n      \"Input Data\": \"n=1000\",\n      \"Expected Output\": \"250250000\"\n    },\n    {\n      \"Test Title\": \"Edge test - negative value\",\n      \"Input Data\": \"n=-2\",\n      \"Expected Output\": \"Invalid input\"\n    }\n  ]\n}",
    "Test Cases_prompt": "{\"Role\": \"You are a quality assurance engineer. Your duty is to revise the test cases based on the suggestions.\", \"Instruction\": \"1. Your colleague give you some suggestions(in the Context section) about the draft test cases, read these suggestions. 2. Revise your draft version test cases, but don't use long parameters. 3. Response in JSON format.\", \"Example\": \"{\\\"requirement analysis\\\":\\\"analysis\\\",\\\"test_cases\\\":[{\\\"Test Title\\\":\\\"title\\\", \\\"Input Data\\\":\\\"parameter1=[1,2,3],parameter2='123'\\\", \\\"Expected Output\\\":\\\"456\\\"},]}\", \"Context\": \"# Suggestions:\\n{\\n  \\\"Architect\\\": \\\"As an Architect, I suggest revising the test cases to include boundary tests, such as inputting the minimum and maximum possible values for 'n'. This will ensure that the function can handle extreme cases effectively.\\\"\\n  ,\\n  \\\"Developer\\\": \\\"As a Developer, I suggest revising the test cases to include edge cases, such as negative values for 'n' or zero. This will help ensure that the function can handle a wide range of input scenarios.\\\"\\n}\\n # Draft Test cases:\\n{\\n  \\\"requirement analysis\\\": \\\"analysis\\\",\\n  \\\"test_cases\\\": [\\n    {\\n      \\\"Test Title\\\": \\\"Valid input test\\\",\\n      \\\"Input Data\\\": \\\"n=2\\\",\\n      \\\"Expected Output\\\": \\\"72\\\"\\n    },\\n    {\\n      \\\"Test Title\\\": \\\"Large input test\\\",\\n      \\\"Input Data\\\": \\\"n=100\\\",\\n      \\\"Expected Output\\\": \\\"25502500\\\"\\n    },\\n    {\\n      \\\"Test Title\\\": \\\"Invalid input test\\\",\\n      \\\"Input Data\\\": \\\"n='abc'\\\",\\n      \\\"Expected Output\\\": \\\"Invalid input\\\"\\n    }\\n  ]\\n}\", \"Question\": \"Follow the Instruction. Please make sure your response length are less than 512. Your test cases is for the below question:\\ndef cube_Sum(n): \\n'''Write a python function to find the cube sum of first n even natural numbers.\\nassert cube_Sum(2) == 72'''\\n\"}",
    "Code0": "def cube_sum(n):\n    total = 0\n    if n < 0:\n        return \"Invalid input\"\n    for i in range(1, n*2+1):\n        total += (i*2)**3\n    return total\n\n# Test cases\nassert cube_sum(2) == 72\nassert cube_sum(0) == 0\nassert cube_sum(1000) == 250250000\nassert cube_sum(-2) == \"Invalid input\"",
    "Code0_prompt": {
        "Role": "You are a professional software engineer. Your duty is to write code in Python that meets the requirements. Ensure that the code you write is efficient, readable, and follows best practices. Remember, do not need to explain the code you wrote.",
        "Instruction": "1. Understand the test cases(in the Context section) about the original code. 2. Rewrite your code, make sure your code pass all test cases.",
        "Example": "",
        "Context": "# Original Code:\ndef cube_sum(n):\n    '''Write a Python function to find the cube sum of the first n even natural numbers.'''\n    total = 0\n    for i in range(1, n*2+1):\n        total += (i*2)**3\n    return total\n\n# Test cases\nassert cube_sum(2) == 72\n# Test Cases:\n{\n  \"requirement analysis\": \"analysis\",\n  \"test_cases\": [\n    {\n      \"Test Title\": \"Valid input test\",\n      \"Input Data\": \"n=2\",\n      \"Expected Output\": \"8\"\n    },\n    {\n      \"Test Title\": \"Boundary test - minimum value\",\n      \"Input Data\": \"n=0\",\n      \"Expected Output\": \"0\"\n    },\n    {\n      \"Test Title\": \"Boundary test - maximum value\",\n      \"Input Data\": \"n=1000\",\n      \"Expected Output\": \"250250000\"\n    },\n    {\n      \"Test Title\": \"Edge test - negative value\",\n      \"Input Data\": \"n=-2\",\n      \"Expected Output\": \"Invalid input\"\n    }\n  ]\n}",
        "Question": "def cube_Sum(n): \n'''Write a python function to find the cube sum of first n even natural numbers.\nassert cube_Sum(2) == 72'''\n"
    },
    "TestScriptOriginal": "import unittest\n\ndef cube_Sum(n):\n    sum = 0\n    for i in range(2, 2*n+1, 2):\n        sum += i**3\n    return sum\n\nclass Test(unittest.TestCase):\n    def test(self):\n        self.assertEqual(cube_Sum(2), 72)\n\nif __name__ == '__main__':\n    unittest.main()",
    "TestScriptOriginal_prompt": "{\"Role\": \"You are a quality assurance engineer. Your duty is to write a python test script in unittest framework.\", \"Instruction\": \"1. Write a python test script. 2. Use the input and output given by the question.\", \"Example\": \"import unittest\\n\\nclass Test(unittest.TestCase):\\n    def test(self):\\n        self.assertEqual(function_under_test('a'), 1)\\n\\nif __name__ == '__main__':\\n    unittest.main()\", \"Context\": \"\", \"Question\": \"def cube_Sum(n): \\n'''Write a python function to find the cube sum of first n even natural numbers.\\nassert cube_Sum(2) == 72'''\\n\"}",
    "TestScript": "import unittest\n\nclass Test(unittest.TestCase):\n    def test(self):\n        self.assertEqual(cube_Sum(2), 72)\n\nif __name__ == '__main__':\n    unittest.main()",
    "ScriptResult0": "Traceback (most recent call last):\n  File \"/Users/watch/PycharmProjects/XXXX-1-LLM/workspace/2024-03-11_11-24-34-784065/test_script.py\", line 10, in <module>\n    assert cube_sum(2) == 72\nAssertionError\n",
    "TestReport0": "Test Report\n\nContext:\nThe test script's output shows a Traceback with the assertion error for the test case cube_sum(2), indicating that the code has failed the test.\n\nTest Report:\n- Input: cube_sum(2)\n- Expected Output: 72\n- Actual Output: Assertion Error\n\nConclusion:\nCode Test Failed\nExample:\ndef cube_sum(n):\n    total = 0\n    if n < 0:\n        return \"Invalid input\"\n    for i in range(1, n*2+1):\n        total += (i*2)**3\n    return total\n\n# Test cases\nassert cube_sum(2) == 72\nassert cube_sum(0) == 0\nassert cube_sum(1000) == 250250000\nassert cube_sum(-2) == \"Invalid input\"",
    "SprintReview0": "[ScrumMaster]says: Here is our test Report: Test Report\n\nContext:\nThe test script's output shows a Traceback with the assertion error for the test case cube_sum(2), indicating that the code has failed the test.\n\nTest Report:\n- Input: cube_sum(2)\n- Expected Output: 72\n- Actual Output: Assertion Error\n\nConclusion:\nCode Test Failed\nExample:\ndef cube_sum(n):\n    total = 0\n    if n < 0:\n        return \"Invalid input\"\n    for i in range(1, n*2+1):\n        total += (i*2)**3\n    return total\n\n# Test cases\nassert cube_sum(2) == 72\nassert cube_sum(0) == 0\nassert cube_sum(1000) == 250250000\nassert cube_sum(-2) == \"Invalid input\", do you have any ideas?\n-----\n\n[Tester]says: As a Tester, it seems like the code for the cube_sum function is not working properly and needs to be fixed before further testing.\n-----\n\n[Developer]says: As a Developer, I think the first step is to review and debug the cube_sum function to address the assertion error in the test report.\n-----\n\n[ProductOwner]says: As a Product Owner, it is important that we prioritize fixing the code failure for the test case cube_sum(2) to ensure the product's functionality meets the expected requirements.\n-----\n\n[Architect]says: As an architect, I suggest reviewing the cube_sum function's logic and ensuring that it properly calculates the cube sum for the given input.\n-----\n\n[Developer]says: [Developer] To address the assertion error, I will review and debug the cube_sum function.\n-----\n\n[Tester]says: I will prioritize fixing the code failure for the test case cube_sum(2) as a Product Owner.\n-----\n\n[ProductOwner]says: As a Product Owner, I will prioritize fixing the code failure for the test case cube_sum(2) to ensure the product's functionality meets the expected requirements.\n-----\n\n[Architect]says: As an architect, I suggest reviewing the cube_sum function's logic and ensuring that it properly calculates the cube sum for the given input.\n-----\n",
    "SprintReviewMeetings0": "{\n  \"product-owner\": [\"It is important to prioritize fixing the code failure for the test case cube_sum(2) to ensure the product's functionality meets the expected requirements.\"],\n  \"architect\": [\"Reviewing the cube_sum function's logic and ensuring that it properly calculates the cube sum for the given input.\"],\n  \"developer\": [\"Reviewing and debugging the cube_sum function to address the assertion error in the test report.\"],\n  \"tester\": [\"The code for the cube_sum function is not working properly and needs to be fixed before further testing.\"]\n}",
    "SprintReviewMeetings0_prompt": "{\"Role\": \"You are a professional scrum master. Your goal is to summary the Discussion History into a suggestions list for the scrum team.\", \"Instruction\": \"1. Read and Understand the Discussion History. 2. Summary the suggestions from four roles: product-owner/architect/developer/tester. 3. Response in JSON format.\", \"Example\": \"{\\\"product-owner\\\":[\\\"suggestion1\\\",\\\"suggestion2\\\"],\\\"architect\\\":[\\\"suggestion1\\\",\\\"suggestion2\\\"], \\\"developer\\\":[\\\"suggestion1\\\",\\\"suggestion2\\\"], \\\"tester\\\":[\\\"suggestion1\\\",\\\"suggestion2\\\"]}\", \"Context\": \"[ScrumMaster]says: Here is our test Report: Test Report\\n\\nContext:\\nThe test script's output shows a Traceback with the assertion error for the test case cube_sum(2), indicating that the code has failed the test.\\n\\nTest Report:\\n- Input: cube_sum(2)\\n- Expected Output: 72\\n- Actual Output: Assertion Error\\n\\nConclusion:\\nCode Test Failed\\nExample:\\ndef cube_sum(n):\\n    total = 0\\n    if n < 0:\\n        return \\\"Invalid input\\\"\\n    for i in range(1, n*2+1):\\n        total += (i*2)**3\\n    return total\\n\\n# Test cases\\nassert cube_sum(2) == 72\\nassert cube_sum(0) == 0\\nassert cube_sum(1000) == 250250000\\nassert cube_sum(-2) == \\\"Invalid input\\\", do you have any ideas?\\n-----\\n\\n[Tester]says: As a Tester, it seems like the code for the cube_sum function is not working properly and needs to be fixed before further testing.\\n-----\\n\\n[Developer]says: As a Developer, I think the first step is to review and debug the cube_sum function to address the assertion error in the test report.\\n-----\\n\\n[ProductOwner]says: As a Product Owner, it is important that we prioritize fixing the code failure for the test case cube_sum(2) to ensure the product's functionality meets the expected requirements.\\n-----\\n\\n[Architect]says: As an architect, I suggest reviewing the cube_sum function's logic and ensuring that it properly calculates the cube sum for the given input.\\n-----\\n\\n[Developer]says: [Developer] To address the assertion error, I will review and debug the cube_sum function.\\n-----\\n\\n[Tester]says: I will prioritize fixing the code failure for the test case cube_sum(2) as a Product Owner.\\n-----\\n\\n[ProductOwner]says: As a Product Owner, I will prioritize fixing the code failure for the test case cube_sum(2) to ensure the product's functionality meets the expected requirements.\\n-----\\n\\n[Architect]says: As an architect, I suggest reviewing the cube_sum function's logic and ensuring that it properly calculates the cube sum for the given input.\\n-----\\n\", \"Question\": \"Follow the Instruction section. The Discussion History is in the Context section. You only need to return a list as the Example section.\"}",
    "RepairResponse0": "{\n  \"revised_code\": \"def cube_sum(n):\\n    if n < 0:\\n        return 'Invalid input'\\n    total = 0\\n    for i in range(2, n*2+1, 2):\\n        total += i**3\\n    return total*4\"\n}",
    "RepairResponse0_prompt": {
        "Role": "You are a professional software engineer. Your duty is to write code in Python that meets the requirements. Ensure that the code you write is efficient, readable, and follows best practices. Remember, do not need to explain the code you wrote.",
        "Instruction": "1. Rewrite a bug fix version of the original code. 2. Response in JSON format.",
        "Example": "{\"revised_code\":\"...\"}",
        "Context": "# Test Report:\nTest Report\n\nContext:\nThe test script's output shows a Traceback with the assertion error for the test case cube_sum(2), indicating that the code has failed the test.\n\nTest Report:\n- Input: cube_sum(2)\n- Expected Output: 72\n- Actual Output: Assertion Error\n\nConclusion:\nCode Test Failed\nExample:\ndef cube_sum(n):\n    total = 0\n    if n < 0:\n        return \"Invalid input\"\n    for i in range(1, n*2+1):\n        total += (i*2)**3\n    return total\n\n# Test cases\nassert cube_sum(2) == 72\nassert cube_sum(0) == 0\nassert cube_sum(1000) == 250250000\nassert cube_sum(-2) == \"Invalid input\"# suggestions:\n{\"product-owner\": [\"It is important to prioritize fixing the code failure for the test case cube_sum(2) to ensure the product's functionality meets the expected requirements.\"], \"architect\": [\"Reviewing the cube_sum function's logic and ensuring that it properly calculates the cube sum for the given input.\"], \"developer\": [\"Reviewing and debugging the cube_sum function to address the assertion error in the test report.\"], \"tester\": [\"The code for the cube_sum function is not working properly and needs to be fixed before further testing.\"]}",
        "Question": "The original code has some bugs, according to the test report and suggestions, rewrite the code. Complete the following code:\ndef cube_Sum(n): \n'''Write a python function to find the cube sum of first n even natural numbers.\nassert cube_Sum(2) == 72'''\n"
    },
    "Code1": "def cube_sum(n):\n    if n < 0:\n        return 'Invalid input'\n    total = 0\n    for i in range(2, n*2+1, 2):\n        total += i**3\n    return total*4",
    "ScriptResult1": "E\n======================================================================\nERROR: test (__main__.Test)\n----------------------------------------------------------------------\nTraceback (most recent call last):\n  File \"/Users/watch/PycharmProjects/XXXX-1-LLM/workspace/2024-03-11_11-24-34-784065/test_script.py\", line 12, in test\n    self.assertEqual(cube_Sum(2), 72)\nNameError: name 'cube_Sum' is not defined\n\n----------------------------------------------------------------------\nRan 1 test in 0.000s\n\nFAILED (errors=1)\n",
    "TestReport1": "Test Report:\n\nTest Script Output:\n\n# test script's output:\nE\n======================================================================\nERROR: test (__main__.Test)\n----------------------------------------------------------------------\nTraceback (most recent call last):\n  File \"/Users/watch/PycharmProjects/XXXX-1-LLM/workspace/2024-03-11_11-24-34-784065/test_script.py\", line 12, in test\n    self.assertEqual(cube_sum(2), 72)\nNameError: name 'cube_sum' is not defined\n\n----------------------------------------------------------------------\nRan 1 test in 0.000s\n\nFAILED (errors=1)\n\nConclusion:\nThe code has failed the test. The error is due to the name 'cube_sum' not being defined in the test script.\n\nInput and Expected Output Example:\nInput: cube_sum(2)\nExpected Output: 72\n\nRecommendation:\nDefine the function 'cube_sum' in the test script to resolve the error and rerun the test.\n\nCode Test Failed.",
    "SprintReview1": "[ScrumMaster]says: Here is our test Report: Test Report:\n\nTest Script Output:\n\n# test script's output:\nE\n======================================================================\nERROR: test (__main__.Test)\n----------------------------------------------------------------------\nTraceback (most recent call last):\n  File \"/Users/watch/PycharmProjects/XXXX-1-LLM/workspace/2024-03-11_11-24-34-784065/test_script.py\", line 12, in test\n    self.assertEqual(cube_sum(2), 72)\nNameError: name 'cube_sum' is not defined\n\n----------------------------------------------------------------------\nRan 1 test in 0.000s\n\nFAILED (errors=1)\n\nConclusion:\nThe code has failed the test. The error is due to the name 'cube_sum' not being defined in the test script.\n\nInput and Expected Output Example:\nInput: cube_sum(2)\nExpected Output: 72\n\nRecommendation:\nDefine the function 'cube_sum' in the test script to resolve the error and rerun the test.\n\nCode Test Failed., do you have any ideas?\n-----\n\n[Developer]says: As a Developer, I will define the function 'cube_sum' in the test script to resolve the error and rerun the test.\n-----\n\n[Tester]says: As a Tester, I recommend defining the function 'cube_sum' in the test script to resolve the error and rerun the test.\n-----\n\n[ProductOwner]says: As the Product Owner, in order to develop a product, it is important that we define the function 'cube_sum' in the test script to resolve the error and rerun the test.\n-----\n\n[Architect]says: As an Architect, it is important to ensure that the function 'cube_sum' is defined in the test script in order to pass the test.\n-----\n\n[Developer]says: As a Developer, I will define the function 'cube_sum' in the test script to resolve the error and rerun the test.\n-----\n\n[Tester]says: As a Tester, I recommend defining the function 'cube_sum' in the test script to resolve the error and rerun the test.\n-----\n\n[Architect]says: As an Architect, I recommend defining the function 'cube_sum' in the test script to resolve the error and rerun the test.\n-----\n\n[ProductOwner]says: As the Product Owner, I think the first step is to define the function 'cube_sum' in the test script to resolve the error and rerun the test.\n-----\n",
    "SprintReviewMeetings1": "{\n  \"product-owner\": [\"Define the function 'cube_sum' in the test script to resolve the error and rerun the test.\"],\n  \"architect\": [\"Ensure that the function 'cube_sum' is defined in the test script in order to pass the test.\", \"Recommend defining the function 'cube_sum' in the test script to resolve the error and rerun the test.\"],\n  \"developer\": [\"Define the function 'cube_sum' in the test script to resolve the error and rerun the test.\"],\n  \"tester\": [\"Recommend defining the function 'cube_sum' in the test script to resolve the error and rerun the test.\"]\n}",
    "SprintReviewMeetings1_prompt": "{\"Role\": \"You are a professional scrum master. Your goal is to summary the Discussion History into a suggestions list for the scrum team.\", \"Instruction\": \"1. Read and Understand the Discussion History. 2. Summary the suggestions from four roles: product-owner/architect/developer/tester. 3. Response in JSON format.\", \"Example\": \"{\\\"product-owner\\\":[\\\"suggestion1\\\",\\\"suggestion2\\\"],\\\"architect\\\":[\\\"suggestion1\\\",\\\"suggestion2\\\"], \\\"developer\\\":[\\\"suggestion1\\\",\\\"suggestion2\\\"], \\\"tester\\\":[\\\"suggestion1\\\",\\\"suggestion2\\\"]}\", \"Context\": \"[ScrumMaster]says: Here is our test Report: Test Report:\\n\\nTest Script Output:\\n\\n# test script's output:\\nE\\n======================================================================\\nERROR: test (__main__.Test)\\n----------------------------------------------------------------------\\nTraceback (most recent call last):\\n  File \\\"/Users/watch/PycharmProjects/XXXX-1-LLM/workspace/2024-03-11_11-24-34-784065/test_script.py\\\", line 12, in test\\n    self.assertEqual(cube_sum(2), 72)\\nNameError: name 'cube_sum' is not defined\\n\\n----------------------------------------------------------------------\\nRan 1 test in 0.000s\\n\\nFAILED (errors=1)\\n\\nConclusion:\\nThe code has failed the test. The error is due to the name 'cube_sum' not being defined in the test script.\\n\\nInput and Expected Output Example:\\nInput: cube_sum(2)\\nExpected Output: 72\\n\\nRecommendation:\\nDefine the function 'cube_sum' in the test script to resolve the error and rerun the test.\\n\\nCode Test Failed., do you have any ideas?\\n-----\\n\\n[Developer]says: As a Developer, I will define the function 'cube_sum' in the test script to resolve the error and rerun the test.\\n-----\\n\\n[Tester]says: As a Tester, I recommend defining the function 'cube_sum' in the test script to resolve the error and rerun the test.\\n-----\\n\\n[ProductOwner]says: As the Product Owner, in order to develop a product, it is important that we define the function 'cube_sum' in the test script to resolve the error and rerun the test.\\n-----\\n\\n[Architect]says: As an Architect, it is important to ensure that the function 'cube_sum' is defined in the test script in order to pass the test.\\n-----\\n\\n[Developer]says: As a Developer, I will define the function 'cube_sum' in the test script to resolve the error and rerun the test.\\n-----\\n\\n[Tester]says: As a Tester, I recommend defining the function 'cube_sum' in the test script to resolve the error and rerun the test.\\n-----\\n\\n[Architect]says: As an Architect, I recommend defining the function 'cube_sum' in the test script to resolve the error and rerun the test.\\n-----\\n\\n[ProductOwner]says: As the Product Owner, I think the first step is to define the function 'cube_sum' in the test script to resolve the error and rerun the test.\\n-----\\n\", \"Question\": \"Follow the Instruction section. The Discussion History is in the Context section. You only need to return a list as the Example section.\"}",
    "RepairResponse1": "{\n\t\"revised_code\": \"def cube_sum(n):\\n    sum = 0\\n    for i in range(2, 2*n+1, 2):\\n        sum += i**3\\n    return sum\"\n}",
    "RepairResponse1_prompt": {
        "Role": "You are a professional software engineer. Your duty is to write code in Python that meets the requirements. Ensure that the code you write is efficient, readable, and follows best practices. Remember, do not need to explain the code you wrote.",
        "Instruction": "1. Rewrite a bug fix version of the original code. 2. Response in JSON format.",
        "Example": "{\"revised_code\":\"...\"}",
        "Context": "# Test Report:\nTest Report:\n\nTest Script Output:\n\n# test script's output:\nE\n======================================================================\nERROR: test (__main__.Test)\n----------------------------------------------------------------------\nTraceback (most recent call last):\n  File \"/Users/watch/PycharmProjects/XXXX-1-LLM/workspace/2024-03-11_11-24-34-784065/test_script.py\", line 12, in test\n    self.assertEqual(cube_sum(2), 72)\nNameError: name 'cube_sum' is not defined\n\n----------------------------------------------------------------------\nRan 1 test in 0.000s\n\nFAILED (errors=1)\n\nConclusion:\nThe code has failed the test. The error is due to the name 'cube_sum' not being defined in the test script.\n\nInput and Expected Output Example:\nInput: cube_sum(2)\nExpected Output: 72\n\nRecommendation:\nDefine the function 'cube_sum' in the test script to resolve the error and rerun the test.\n\nCode Test Failed.# suggestions:\n{\"product-owner\": [\"Define the function 'cube_sum' in the test script to resolve the error and rerun the test.\"], \"architect\": [\"Ensure that the function 'cube_sum' is defined in the test script in order to pass the test.\", \"Recommend defining the function 'cube_sum' in the test script to resolve the error and rerun the test.\"], \"developer\": [\"Define the function 'cube_sum' in the test script to resolve the error and rerun the test.\"], \"tester\": [\"Recommend defining the function 'cube_sum' in the test script to resolve the error and rerun the test.\"]}",
        "Question": "The original code has some bugs, according to the test report and suggestions, rewrite the code. Complete the following code:\ndef cube_Sum(n): \n'''Write a python function to find the cube sum of first n even natural numbers.\nassert cube_Sum(2) == 72'''\n"
    },
    "Code2": "def cube_sum(n):\n    sum = 0\n    for i in range(2, 2*n+1, 2):\n        sum += i**3\n    return sum",
    "ScriptResult2": "E\n======================================================================\nERROR: test (__main__.Test)\n----------------------------------------------------------------------\nTraceback (most recent call last):\n  File \"/Users/watch/PycharmProjects/XXXX-1-LLM/workspace/2024-03-11_11-24-34-784065/test_script.py\", line 10, in test\n    self.assertEqual(cube_Sum(2), 72)\nNameError: name 'cube_Sum' is not defined\n\n----------------------------------------------------------------------\nRan 1 test in 0.000s\n\nFAILED (errors=1)\n",
    "TestReport2": "Test Report:\n\nTest script's output:\nE\n======================================================================\nERROR: test (__main__.Test)\n----------------------------------------------------------------------\nTraceback (most recent call last):\n  File \"/Users/watch/PycharmProjects/XXXX-1-LLM/workspace/2024-03-11_11-24-34-784065/test_script.py\", line 10, in test\n    self.assertEqual(cube_Sum(2), 72)\nNameError: name 'cube_Sum' is not defined\n\n----------------------------------------------------------------------\nRan 1 test in 0.000s\n\nFAILED (errors=1)\n\nAnalysis:\nThe test script output indicates that there was an error in the test. The error message indicates that the function 'cube_Sum' is not defined. This suggests that there is a typographical error in the function name.\n\nConclusion:\nCode Test Failed\n\nInput and expected output example:\nFunction: cube_sum(n)\nInput: cube_sum(2)\nExpected Output: 72\n\nRecommendation:\nThe function 'cube_sum' should be reviewed for any typographical errors and the test should be re-run to validate the code.\n\nEnd of Test Report.",
    "SprintReview2": "[ScrumMaster]says: Here is our test Report: Test Report:\n\nTest script's output:\nE\n======================================================================\nERROR: test (__main__.Test)\n----------------------------------------------------------------------\nTraceback (most recent call last):\n  File \"/Users/watch/PycharmProjects/XXXX-1-LLM/workspace/2024-03-11_11-24-34-784065/test_script.py\", line 10, in test\n    self.assertEqual(cube_Sum(2), 72)\nNameError: name 'cube_Sum' is not defined\n\n----------------------------------------------------------------------\nRan 1 test in 0.000s\n\nFAILED (errors=1)\n\nAnalysis:\nThe test script output indicates that there was an error in the test. The error message indicates that the function 'cube_Sum' is not defined. This suggests that there is a typographical error in the function name.\n\nConclusion:\nCode Test Failed\n\nInput and expected output example:\nFunction: cube_sum(n)\nInput: cube_sum(2)\nExpected Output: 72\n\nRecommendation:\nThe function 'cube_sum' should be reviewed for any typographical errors and the test should be re-run to validate the code.\n\nEnd of Test Report., do you have any ideas?\n-----\n\n[ProductOwner]says: As a Product Owner, I think we should prioritize reviewing the function 'cube_sum' for any typographical errors and re-running the test to validate the code.\n-----\n\n[Developer]says: As a Developer, I think we should review the function 'cube_sum' for any typographical errors and re-run the test to validate the code.\n-----\n\n[Architect]says: As an Architect, I think it's important to review the function 'cube_sum' for any typographical errors and ensure the test is re-run to validate the code.\n-----\n\n[Developer]says: As a Developer, I agree that we should review the function 'cube_sum' for any typographical errors and re-run the test to validate the code.\n-----\n\n[ProductOwner]says: As a Product Owner, I think we should prioritize reviewing the function 'cube_sum' for any typographical errors and re-running the test to validate the code.\n-----\n\n[Architect]says: As an Architect, I think it's important to review the function 'cube_sum' for any typographical errors and ensure the test is re-run to validate the code.\n-----\n\n[Tester]says: As a Tester, I suggest reviewing the function 'cube_sum' for any typographical errors and re-running the test to validate the code.\n-----\n\n[Tester]says: As a Tester, I suggest reviewing the function 'cube_sum' for any typographical errors and re-running the test to validate the code.\n-----\n",
    "SprintReviewMeetings2": "{\n  \"product-owner\": [\"Prioritize reviewing the function 'cube_sum' for any typographical errors and re-running the test to validate the code.\"],\n  \"architect\": [\"Review the function 'cube_sum' for any typographical errors and ensure the test is re-run to validate the code.\"],\n  \"developer\": [\"Review the function 'cube_sum' for any typographical errors and re-run the test to validate the code.\"],\n  \"tester\": [\"Review the function 'cube_sum' for any typographical errors and re-running the test to validate the code.\"]\n}",
    "SprintReviewMeetings2_prompt": "{\"Role\": \"You are a professional scrum master. Your goal is to summary the Discussion History into a suggestions list for the scrum team.\", \"Instruction\": \"1. Read and Understand the Discussion History. 2. Summary the suggestions from four roles: product-owner/architect/developer/tester. 3. Response in JSON format.\", \"Example\": \"{\\\"product-owner\\\":[\\\"suggestion1\\\",\\\"suggestion2\\\"],\\\"architect\\\":[\\\"suggestion1\\\",\\\"suggestion2\\\"], \\\"developer\\\":[\\\"suggestion1\\\",\\\"suggestion2\\\"], \\\"tester\\\":[\\\"suggestion1\\\",\\\"suggestion2\\\"]}\", \"Context\": \"[ScrumMaster]says: Here is our test Report: Test Report:\\n\\nTest script's output:\\nE\\n======================================================================\\nERROR: test (__main__.Test)\\n----------------------------------------------------------------------\\nTraceback (most recent call last):\\n  File \\\"/Users/watch/PycharmProjects/XXXX-1-LLM/workspace/2024-03-11_11-24-34-784065/test_script.py\\\", line 10, in test\\n    self.assertEqual(cube_Sum(2), 72)\\nNameError: name 'cube_Sum' is not defined\\n\\n----------------------------------------------------------------------\\nRan 1 test in 0.000s\\n\\nFAILED (errors=1)\\n\\nAnalysis:\\nThe test script output indicates that there was an error in the test. The error message indicates that the function 'cube_Sum' is not defined. This suggests that there is a typographical error in the function name.\\n\\nConclusion:\\nCode Test Failed\\n\\nInput and expected output example:\\nFunction: cube_sum(n)\\nInput: cube_sum(2)\\nExpected Output: 72\\n\\nRecommendation:\\nThe function 'cube_sum' should be reviewed for any typographical errors and the test should be re-run to validate the code.\\n\\nEnd of Test Report., do you have any ideas?\\n-----\\n\\n[ProductOwner]says: As a Product Owner, I think we should prioritize reviewing the function 'cube_sum' for any typographical errors and re-running the test to validate the code.\\n-----\\n\\n[Developer]says: As a Developer, I think we should review the function 'cube_sum' for any typographical errors and re-run the test to validate the code.\\n-----\\n\\n[Architect]says: As an Architect, I think it's important to review the function 'cube_sum' for any typographical errors and ensure the test is re-run to validate the code.\\n-----\\n\\n[Developer]says: As a Developer, I agree that we should review the function 'cube_sum' for any typographical errors and re-run the test to validate the code.\\n-----\\n\\n[ProductOwner]says: As a Product Owner, I think we should prioritize reviewing the function 'cube_sum' for any typographical errors and re-running the test to validate the code.\\n-----\\n\\n[Architect]says: As an Architect, I think it's important to review the function 'cube_sum' for any typographical errors and ensure the test is re-run to validate the code.\\n-----\\n\\n[Tester]says: As a Tester, I suggest reviewing the function 'cube_sum' for any typographical errors and re-running the test to validate the code.\\n-----\\n\\n[Tester]says: As a Tester, I suggest reviewing the function 'cube_sum' for any typographical errors and re-running the test to validate the code.\\n-----\\n\", \"Question\": \"Follow the Instruction section. The Discussion History is in the Context section. You only need to return a list as the Example section.\"}",
    "RepairResponse2": "{\n  \"revised_code\": \"def cube_sum(n):\\n  sum = 0\\n  for i in range(2, 2*n+1, 2):\\n    sum += i**3\\n  return sum\"\n}",
    "RepairResponse2_prompt": {
        "Role": "You are a professional software engineer. Your duty is to write code in Python that meets the requirements. Ensure that the code you write is efficient, readable, and follows best practices. Remember, do not need to explain the code you wrote.",
        "Instruction": "1. Rewrite a bug fix version of the original code. 2. Response in JSON format.",
        "Example": "{\"revised_code\":\"...\"}",
        "Context": "# Test Report:\nTest Report:\n\nTest script's output:\nE\n======================================================================\nERROR: test (__main__.Test)\n----------------------------------------------------------------------\nTraceback (most recent call last):\n  File \"/Users/watch/PycharmProjects/XXXX-1-LLM/workspace/2024-03-11_11-24-34-784065/test_script.py\", line 10, in test\n    self.assertEqual(cube_Sum(2), 72)\nNameError: name 'cube_Sum' is not defined\n\n----------------------------------------------------------------------\nRan 1 test in 0.000s\n\nFAILED (errors=1)\n\nAnalysis:\nThe test script output indicates that there was an error in the test. The error message indicates that the function 'cube_Sum' is not defined. This suggests that there is a typographical error in the function name.\n\nConclusion:\nCode Test Failed\n\nInput and expected output example:\nFunction: cube_sum(n)\nInput: cube_sum(2)\nExpected Output: 72\n\nRecommendation:\nThe function 'cube_sum' should be reviewed for any typographical errors and the test should be re-run to validate the code.\n\nEnd of Test Report.# suggestions:\n{\"product-owner\": [\"Prioritize reviewing the function 'cube_sum' for any typographical errors and re-running the test to validate the code.\"], \"architect\": [\"Review the function 'cube_sum' for any typographical errors and ensure the test is re-run to validate the code.\"], \"developer\": [\"Review the function 'cube_sum' for any typographical errors and re-run the test to validate the code.\"], \"tester\": [\"Review the function 'cube_sum' for any typographical errors and re-running the test to validate the code.\"]}",
        "Question": "The original code has some bugs, according to the test report and suggestions, rewrite the code. Complete the following code:\ndef cube_Sum(n): \n'''Write a python function to find the cube sum of first n even natural numbers.\nassert cube_Sum(2) == 72'''\n"
    },
    "Code3": "def cube_sum(n):\n  sum = 0\n  for i in range(2, 2*n+1, 2):\n    sum += i**3\n  return sum",
    "ScriptResult3": "E\n======================================================================\nERROR: test (__main__.Test)\n----------------------------------------------------------------------\nTraceback (most recent call last):\n  File \"/Users/watch/PycharmProjects/XXXX-1-LLM/workspace/2024-03-11_11-24-34-784065/test_script.py\", line 10, in test\n    self.assertEqual(cube_Sum(2), 72)\nNameError: name 'cube_Sum' is not defined\n\n----------------------------------------------------------------------\nRan 1 test in 0.000s\n\nFAILED (errors=1)\n",
    "TestReport3": "Test Report:\n\nTest script's output:\nE\n======================================================================\nERROR: test (__main__.Test)\n----------------------------------------------------------------------\nTraceback (most recent call last):\n  File \"/Users/watch/PycharmProjects/XXXX-1-LLM/workspace/2024-03-11_11-24-34-784065/test_script.py\", line 10, in test\n    self.assertEqual(cube_Sum(2), 72)\nNameError: name 'cube_Sum' is not defined\n\n----------------------------------------------------------------------\nRan 1 test in 0.000s\n\nFAILED (errors=1)\n\nConclusion: \nCode Test Failed\n\nInput and Expected Output Example:\ndef cube_sum(n):\n  sum = 0\n  for i in range(2, 2*n+1, 2):\n    sum += i**3\n  return sum\n\nThe test script failed with the error \"NameError: name 'cube_Sum' is not defined\". The expected output was 72, but the test script encountered an error due to the 'cube_Sum' not being defined. Therefore, the code test has failed.\n\nNote: The function name in the test script should match the function definition in the provided code to avoid the NameError issue."
}