{
    "start_time": "2024-03-10_22-04-37-431079",
    "task": "def otherside_rightangle(w,h):\n'''Write a function to find the third side of a right angled triangle.\nassert otherside_rightangle(7,8)==10.63014581273465'''\n",
    "datetime": {
        "task": "2024-03-10 22:04:37",
        "task-id": "2024-03-10 22:04:37",
        "workflow": "2024-03-10 22:04:37",
        "AnalyzeDraft": "2024-03-10 22:04:38",
        "AnalyzeMeetings": "2024-03-10 22:04:39",
        "Analyze": "2024-03-10 22:04:41",
        "Test Cases Draft": "2024-03-10 22:04:42",
        "Test Cases Meetings": "2024-03-10 22:04:43",
        "Test Cases": "2024-03-10 22:04:44",
        "Code0draft": "2024-03-10 22:04:45",
        "Code Review Meetings": "2024-03-10 22:04:46",
        "Code0": "2024-03-10 22:04:47",
        "TestScriptOriginal": "2024-03-10 22:04:48",
        "TestScript": "2024-03-10 22:04:48",
        "ScriptResult0": "2024-03-10 22:04:48",
        "TestReport0": "2024-03-10 22:04:50",
        "RepairResponse1": "2024-03-10 22:04:51",
        "Code1": "2024-03-10 22:04:51",
        "ScriptResult1": "2024-03-10 22:04:51",
        "TestReport1": "2024-03-10 22:04:53",
        "RepairResponse2": "2024-03-10 22:04:54",
        "Code2": "2024-03-10 22:04:54",
        "ScriptResult2": "2024-03-10 22:04:54",
        "TestReport2": "2024-03-10 22:04:56",
        "FinalCode": "2024-03-10 22:04:56"
    },
    "task-id": 293,
    "workflow": "testdriven/testdriven_version_0.0.5_remove.json",
    "AnalyzeDraft": "{\n  \"Requirement\": \"The system should have a function called 'otherside_rightangle' which takes two parameters 'w' and 'h' representing the two sides of a right-angled triangle. The function should return the length of the third side of the triangle.\",\n  \"Example\": \"assert otherside_rightangle(7,8)==10.63014581273465\"\n}",
    "AnalyzeMeetings": "{\n  \"Architect\": \"The requirement for the 'otherside_rightangle' function is clear and well-defined. It is important to ensure that the function takes two parameters representing the two sides of a right-angled triangle and calculates the length of the third side correctly. It would be beneficial to consider adding input validation to check if the input sides can form a right-angled triangle.\",\n  \"Tester\": \"As a tester, it is essential to verify that the 'otherside_rightangle' function accurately calculates the length of the third side of a right-angled triangle. Test cases should be designed to cover different scenarios such as input validation, valid input sides, and edge cases to ensure the function behaves as expected in all situations.\"\n}",
    "Analyze": "{\n  \"RevisedDocument\": {\n    \"Requirement\": \"The system should have a function called 'otherside_rightangle' which takes two parameters 'w' and 'h' representing the two sides of a right-angled triangle. The function should return the length of the third side of the triangle. It is important to ensure that the function includes input validation to check if the input sides can form a right-angled triangle.\",\n    \"Example\": \"assert otherside_rightangle(7,8)==10.63014581273465\"\n  }\n}",
    "Test Cases Draft": "{\n  \"requirement analysis\": \"analysis\",\n  \"test_cases\": [\n    {\n      \"Test Title\": \"Valid Input Test Case\",\n      \"Input Data\": \"parameter1=7,parameter2=8\",\n      \"Expected Output\": \"10.63014581273465\"\n    },\n    {\n      \"Test Title\": \"Invalid Input Test Case\",\n      \"Input Data\": \"parameter1=3,parameter2=4\",\n      \"Expected Output\": \"Input sides cannot form a right-angled triangle\"\n    }\n  ]\n}",
    "Test Cases Draft_prompt": "{\"Role\": \"You are a quality assurance engineer. Your duty is to design test cases for the developers.\", \"Instruction\": \"According to the Context section, write test cases. Don't write long strings in your test cases. Response in JSON format.\", \"Example\": \"{\\\"requirement analysis\\\":\\\"analysis\\\",\\\"test_cases\\\":[{\\\"Test Title\\\":\\\"title\\\", \\\"Input Data\\\":\\\"parameter1=[1,2,3],parameter2='123'\\\", \\\"Expected Output\\\":\\\"456\\\"},]}\", \"Context\": \"# Requirement Analysis:\\n{\\n  \\\"RevisedDocument\\\": {\\n    \\\"Requirement\\\": \\\"The system should have a function called 'otherside_rightangle' which takes two parameters 'w' and 'h' representing the two sides of a right-angled triangle. The function should return the length of the third side of the triangle. It is important to ensure that the function includes input validation to check if the input sides can form a right-angled triangle.\\\",\\n    \\\"Example\\\": \\\"assert otherside_rightangle(7,8)==10.63014581273465\\\"\\n  }\\n}\", \"Question\": \"def otherside_rightangle(w,h):\\n'''Write a function to find the third side of a right angled triangle.\\nassert otherside_rightangle(7,8)==10.63014581273465'''\\n\"}",
    "Test Cases Meetings": "{\n  \"Architect\": \"The test cases should cover more scenarios such as edge cases, boundary values, and negative testing. Also, it would be helpful to have clear acceptance criteria for each test case.\",\n  \"Developer\": \"I suggest adding more details about the test environment and any specific dependencies or configurations needed to execute the test cases. Additionally, the test data should be more diverse to cover a wider range of input scenarios.\"\n}",
    "Test Cases Meetings_prompt": "{\"Role\": \"I want you to act as a different roles and then give some suggestions about how to revise the test cases.\", \"Instruction\": \"1. Read the Context section. 2. Act as an Architect, give your suggestions. 3. Act as a Developer, give your suggestions. 4. Response in JSON format.\", \"Example\": \"{\\\"Architect\\\":\\\"Suggestion\\\",\\\"Developer\\\":\\\"Suggestion\\\"}\", \"Context\": \"{\\n  \\\"requirement analysis\\\": \\\"analysis\\\",\\n  \\\"test_cases\\\": [\\n    {\\n      \\\"Test Title\\\": \\\"Valid Input Test Case\\\",\\n      \\\"Input Data\\\": \\\"parameter1=7,parameter2=8\\\",\\n      \\\"Expected Output\\\": \\\"10.63014581273465\\\"\\n    },\\n    {\\n      \\\"Test Title\\\": \\\"Invalid Input Test Case\\\",\\n      \\\"Input Data\\\": \\\"parameter1=3,parameter2=4\\\",\\n      \\\"Expected Output\\\": \\\"Input sides cannot form a right-angled triangle\\\"\\n    }\\n  ]\\n}\", \"Question\": \"Follow the Instruction. The Context section include the test cases.\"}",
    "Test Cases": "{\n  \"requirement analysis\": \"analysis\",\n  \"test_cases\": [\n    {\n      \"Test Title\": \"Valid Input Test Case\",\n      \"Input Data\": \"parameter1=[1,2,3],parameter2='123'\",\n      \"Expected Output\": \"456\"\n    },\n    {\n      \"Test Title\": \"Invalid Input Test Case\",\n      \"Input Data\": \"parameter1=3,parameter2=4\",\n      \"Expected Output\": \"Input sides cannot form a right-angled triangle\"\n    }\n  ]\n}",
    "Test Cases_prompt": "{\"Role\": \"You are a quality assurance engineer. Your duty is to revise the test cases based on the suggestions.\", \"Instruction\": \"1. Your colleague give you some suggestions(in the Context section) about the draft test cases, read these suggestions. 2. Revise your draft version test cases, but don't use long parameters. 3. Response in JSON format.\", \"Example\": \"{\\\"requirement analysis\\\":\\\"analysis\\\",\\\"test_cases\\\":[{\\\"Test Title\\\":\\\"title\\\", \\\"Input Data\\\":\\\"parameter1=[1,2,3],parameter2='123'\\\", \\\"Expected Output\\\":\\\"456\\\"},]}\", \"Context\": \"# Suggestions:\\n{\\n  \\\"Architect\\\": \\\"The test cases should cover more scenarios such as edge cases, boundary values, and negative testing. Also, it would be helpful to have clear acceptance criteria for each test case.\\\",\\n  \\\"Developer\\\": \\\"I suggest adding more details about the test environment and any specific dependencies or configurations needed to execute the test cases. Additionally, the test data should be more diverse to cover a wider range of input scenarios.\\\"\\n}\\n # Draft Test cases:\\n{\\n  \\\"requirement analysis\\\": \\\"analysis\\\",\\n  \\\"test_cases\\\": [\\n    {\\n      \\\"Test Title\\\": \\\"Valid Input Test Case\\\",\\n      \\\"Input Data\\\": \\\"parameter1=7,parameter2=8\\\",\\n      \\\"Expected Output\\\": \\\"10.63014581273465\\\"\\n    },\\n    {\\n      \\\"Test Title\\\": \\\"Invalid Input Test Case\\\",\\n      \\\"Input Data\\\": \\\"parameter1=3,parameter2=4\\\",\\n      \\\"Expected Output\\\": \\\"Input sides cannot form a right-angled triangle\\\"\\n    }\\n  ]\\n}\", \"Question\": \"Follow the Instruction. Please make sure your response length are less than 512. Your test cases is for the below question:\\ndef otherside_rightangle(w,h):\\n'''Write a function to find the third side of a right angled triangle.\\nassert otherside_rightangle(7,8)==10.63014581273465'''\\n\"}",
    "Code0draft": "def otherside_rightangle(w, h):\n    '''\n    Write a function to find the third side of a right angled triangle.\n    assert otherside_rightangle(7,8)==10.63014581273465\n    '''\n    import math\n    return math.sqrt(w**2 + h**2)",
    "Code0draft_prompt": "{\"Role\": \"You are a professional engineer. Your duty is to write code in Python that meets the requirements. Ensure that the code you write is efficient, readable, and follows best practices. Remember, do not need to explain the code you wrote.\", \"Instruction\": \"According to the Context section, write your code.\", \"Example\": \"\", \"Context\": \"# Test Cases:\\n{\\n  \\\"requirement analysis\\\": \\\"analysis\\\",\\n  \\\"test_cases\\\": [\\n    {\\n      \\\"Test Title\\\": \\\"Valid Input Test Case\\\",\\n      \\\"Input Data\\\": \\\"parameter1=[1,2,3],parameter2='123'\\\",\\n      \\\"Expected Output\\\": \\\"456\\\"\\n    },\\n    {\\n      \\\"Test Title\\\": \\\"Invalid Input Test Case\\\",\\n      \\\"Input Data\\\": \\\"parameter1=3,parameter2=4\\\",\\n      \\\"Expected Output\\\": \\\"Input sides cannot form a right-angled triangle\\\"\\n    }\\n  ]\\n}\", \"Question\": \"Follow the Instruction section. Complete the following code:\\ndef otherside_rightangle(w,h):\\n'''Write a function to find the third side of a right angled triangle.\\nassert otherside_rightangle(7,8)==10.63014581273465'''\\n\"}",
    "Code Review Meetings": "{\n  \"Architect\": \"The function should include input validation to ensure that the values of w and h are positive numbers. Additionally, the function should handle the case when either w or h is 0.\",\n  \"Tester\": \"Test the function with different values of w and h, including edge cases such as 0, negative numbers, and large numbers to ensure the function handles them correctly.\"\n}",
    "Code0": "def otherside_rightangle(w, h):\n    if w <= 0 or h <= 0:\n        return \"Both width and height must be positive numbers.\"\n    import math\n    return math.sqrt(w**2 + h**2)",
    "Code0_prompt": "{\"Role\": \"You are a professional software engineer. Your duty is to write code in Python that meets the requirements. Ensure that the code you write is efficient, readable, and follows best practices. Remember, do not need to explain the code you wrote.\", \"Instruction\": \"1. Understand the suggestions(in the Context section) about the original code. 2. Rewrite your code.\", \"Example\": \"\", \"Context\": \"# Suggestions:\\n{\\n  \\\"Architect\\\": \\\"The function should include input validation to ensure that the values of w and h are positive numbers. Additionally, the function should handle the case when either w or h is 0.\\\",\\n  \\\"Tester\\\": \\\"Test the function with different values of w and h, including edge cases such as 0, negative numbers, and large numbers to ensure the function handles them correctly.\\\"\\n}\\n# Original code:\\ndef otherside_rightangle(w, h):\\n    '''\\n    Write a function to find the third side of a right angled triangle.\\n    assert otherside_rightangle(7,8)==10.63014581273465\\n    '''\\n    import math\\n    return math.sqrt(w**2 + h**2)\", \"Question\": \"Follow the Instruction section. Complete the following code:\\ndef otherside_rightangle(w,h):\\n'''Write a function to find the third side of a right angled triangle.\\nassert otherside_rightangle(7,8)==10.63014581273465'''\\n\"}",
    "TestScriptOriginal": "import math\n\ndef otherside_rightangle(w, h):\n    return math.sqrt(w**2 + h**2)\n\nimport unittest\n\nclass Test(unittest.TestCase):\n    def test(self):\n        self.assertAlmostEqual(otherside_rightangle(7, 8), 10.63014581273465)\n\nif __name__ == '__main__':\n    unittest.main()",
    "TestScriptOriginal_prompt": "{\"Role\": \"You are a quality assurance engineer. Your duty is to write a python test script in unittest framework.\", \"Instruction\": \"1. Write a python test script. 2. Use the input and output given by the question.\", \"Example\": \"import unittest\\n\\nclass Test(unittest.TestCase):\\n    def test(self):\\n        self.assertEqual(function_under_test('a'), 1)\\n\\nif __name__ == '__main__':\\n    unittest.main()\", \"Context\": \"\", \"Question\": \"def otherside_rightangle(w,h):\\n'''Write a function to find the third side of a right angled triangle.\\nassert otherside_rightangle(7,8)==10.63014581273465'''\\n\"}",
    "TestScript": "import math\n\nclass Test(unittest.TestCase):\n    def test(self):\n        self.assertAlmostEqual(otherside_rightangle(7, 8), 10.63014581273465)\n\nif __name__ == '__main__':\n    unittest.main()",
    "TestScript_prompt": "{\"Role\": \"You are a quality assurance engineer. Your duty is to write a python test script in unittest framework.\", \"Instruction\": \"1. Write a python test script. 2. Use the input and output given by the question.\", \"Example\": \"import unittest\\n\\nclass Test(unittest.TestCase):\\n    def test(self):\\n        self.assertEqual(function_under_test('a'), 1)\\n\\nif __name__ == '__main__':\\n    unittest.main()\", \"Context\": \"\", \"Question\": \"def otherside_rightangle(w,h):\\n'''Write a function to find the third side of a right angled triangle.\\nassert otherside_rightangle(7,8)==10.63014581273465'''\\n\"}",
    "ScriptResult0": "Traceback (most recent call last):\n  File \"/Users/watch/PycharmProjects/XXXX-1-LLM/workspace/2024-03-10_22-04-37-431079/test_script.py\", line 8, in <module>\n    class Test(unittest.TestCase):\nNameError: name 'unittest' is not defined\n",
    "TestReport0": "Test Report\nDate: [Current Date]\n\nTest Script Output:\nTraceback (most recent call last):\n  File \"/Users/watch/PycharmProjects/XXXX-1-LLM/workspace/2024-03-10_22-04-37-431079/test_script.py\", line 8, in <module>\n    class Test(unittest.TestCase):\nNameError: name 'unittest' is not defined\n\nAnalysis:\nThe test script output indicates a NameError, specifically stating that the name 'unittest' is not defined. This suggests that there may be an issue with the test script's import or usage of the 'unittest' module.\n\nConclusion:\nCode Test Failed\n\nInput and Expected Output Example:\nInput:\n...\nExpected Output:\n...\n\nRecommendation:\nThe test script should be reviewed to ensure that the 'unittest' module is correctly imported and utilized. Additionally, any dependencies or configurations related to the 'unittest' module should be checked for errors.\n\nTest Engineer: [Your Name]\nSignature: _____________________",
    "RepairResponse1": "{\n  \"revised_code\": \"import math\\n\\ndef otherside_rightangle(w, h):\\n    if w <= 0 or h <= 0:\\n        return \\\"Both width and height must be positive numbers.\\\"\\n    return math.sqrt(w**2 + h**2)\"\n}",
    "RepairResponse1_prompt": "{\"Role\": \"You are a professional software engineer. Your duty is to write code in Python that meets the requirements. Ensure that the code you write is efficient, readable, and follows best practices. Remember, do not need to explain the code you wrote.\", \"Instruction\": \"1. Rewrite a bug fix version of the original code. 2. Response in JSON format.\", \"Example\": \"{\\\"revised_code\\\":\\\"...\\\"}\", \"Context\": \"# the original code:\\ndef otherside_rightangle(w, h):\\n    if w <= 0 or h <= 0:\\n        return \\\"Both width and height must be positive numbers.\\\"\\n    import math\\n    return math.sqrt(w**2 + h**2)\\n# test report:\\nTest Report\\nDate: [Current Date]\\n\\nTest Script Output:\\nTraceback (most recent call last):\\n  File \\\"/Users/watch/PycharmProjects/XXXX-1-LLM/workspace/2024-03-10_22-04-37-431079/test_script.py\\\", line 8, in <module>\\n    class Test(unittest.TestCase):\\nNameError: name 'unittest' is not defined\\n\\nAnalysis:\\nThe test script output indicates a NameError, specifically stating that the name 'unittest' is not defined. This suggests that there may be an issue with the test script's import or usage of the 'unittest' module.\\n\\nConclusion:\\nCode Test Failed\\n\\nInput and Expected Output Example:\\nInput:\\n...\\nExpected Output:\\n...\\n\\nRecommendation:\\nThe test script should be reviewed to ensure that the 'unittest' module is correctly imported and utilized. Additionally, any dependencies or configurations related to the 'unittest' module should be checked for errors.\\n\\nTest Engineer: [Your Name]\\nSignature: _____________________\", \"Question\": \"The original code has some bugs, according to the test report and suggestions, rewrite the code. Complete the following code:\\ndef otherside_rightangle(w,h):\\n'''Write a function to find the third side of a right angled triangle.\\nassert otherside_rightangle(7,8)==10.63014581273465'''\\n\"}",
    "Code1": "import math\n\ndef otherside_rightangle(w, h):\n    if w <= 0 or h <= 0:\n        return \"Both width and height must be positive numbers.\"\n    return math.sqrt(w**2 + h**2)",
    "ScriptResult1": "Traceback (most recent call last):\n  File \"/Users/watch/PycharmProjects/XXXX-1-LLM/workspace/2024-03-10_22-04-37-431079/test_script.py\", line 9, in <module>\n    class Test(unittest.TestCase):\nNameError: name 'unittest' is not defined\n",
    "TestReport1": "Test Report\n\nContext:\nThe test script's output is as follows:\nTraceback (most recent call last):\n  File \"/Users/watch/PycharmProjects/XXXX-1-LLM/workspace/2024-03-10_22-04-37-431079/test_script.py\", line 9, in <module>\n    class Test(unittest.TestCase):\nNameError: name 'unittest' is not defined\n\nAnalysis:\nBased on the output of the test script, it appears that there is a NameError due to 'unittest' not being defined.\n\nConclusion:\nCode Test Failed\n\nInput and Expected Output Example:\nInput: \nimport unittest\n\nExpected Output:\nNo NameError for 'unittest' being undefined.",
    "RepairResponse2": "{\n  \"revised_code\": \"import math\\nimport unittest\\n\\ndef otherside_rightangle(w, h):\\n    if w <= 0 or h <= 0:\\n        return \\\"Both width and height must be positive numbers.\\\"\\n    return round(math.sqrt(w**2 + h**2), 15)\\n\\nclass Test(unittest.TestCase):\\n    def test_otherside_rightangle(self):\\n        self.assertEqual(otherside_rightangle(7, 8), 10.63014581273465)\\n\\nif __name__ == '__main__':\\n    unittest.main()\"\n}",
    "RepairResponse2_prompt": "{\"Role\": \"You are a professional software engineer. Your duty is to write code in Python that meets the requirements. Ensure that the code you write is efficient, readable, and follows best practices. Remember, do not need to explain the code you wrote.\", \"Instruction\": \"1. Rewrite a bug fix version of the original code. 2. Response in JSON format.\", \"Example\": \"{\\\"revised_code\\\":\\\"...\\\"}\", \"Context\": \"# the original code:\\nimport math\\n\\ndef otherside_rightangle(w, h):\\n    if w <= 0 or h <= 0:\\n        return \\\"Both width and height must be positive numbers.\\\"\\n    return math.sqrt(w**2 + h**2)\\n# test report:\\nTest Report\\n\\nContext:\\nThe test script's output is as follows:\\nTraceback (most recent call last):\\n  File \\\"/Users/watch/PycharmProjects/XXXX-1-LLM/workspace/2024-03-10_22-04-37-431079/test_script.py\\\", line 9, in <module>\\n    class Test(unittest.TestCase):\\nNameError: name 'unittest' is not defined\\n\\nAnalysis:\\nBased on the output of the test script, it appears that there is a NameError due to 'unittest' not being defined.\\n\\nConclusion:\\nCode Test Failed\\n\\nInput and Expected Output Example:\\nInput: \\nimport unittest\\n\\nExpected Output:\\nNo NameError for 'unittest' being undefined.\", \"Question\": \"The original code has some bugs, according to the test report and suggestions, rewrite the code. Complete the following code:\\ndef otherside_rightangle(w,h):\\n'''Write a function to find the third side of a right angled triangle.\\nassert otherside_rightangle(7,8)==10.63014581273465'''\\n\"}",
    "Code2": "import math\nimport unittest\n\ndef otherside_rightangle(w, h):\n    if w <= 0 or h <= 0:\n        return \"Both width and height must be positive numbers.\"\n    return round(math.sqrt(w**2 + h**2), 15)\n\nclass Test(unittest.TestCase):\n    def test_otherside_rightangle(self):\n        self.assertEqual(otherside_rightangle(7, 8), 10.63014581273465)\n\nif __name__ == '__main__':\n    unittest.main()",
    "ScriptResult2": ".\n----------------------------------------------------------------------\nRan 1 test in 0.000s\n\nOK\n",
    "TestReport2": "Test Report\n\nTest Script Output:\n----------------------------------------------------------------------\nRan 1 test in 0.000s\n\nOK\n\nConclusion:\nCode Test Passed\n\nSigned,\n[Your Name]\nQuality Assurance Engineer",
    "FinalCode": "import math\nimport unittest\n\ndef otherside_rightangle(w, h):\n    if w <= 0 or h <= 0:\n        return \"Both width and height must be positive numbers.\"\n    return round(math.sqrt(w**2 + h**2), 15)\n\nclass Test(unittest.TestCase):\n    def test_otherside_rightangle(self):\n        self.assertEqual(otherside_rightangle(7, 8), 10.63014581273465)\n\nif __name__ == '__main__':\n    unittest.main()"
}