{
    "start_time": "2024-01-14_13-13-14-641400",
    "task": "\ndef solve(N):\n    \"\"\"Given a positive integer N, return the total sum of its digits in binary.\n    \n    Example\n        For N = 1000, the sum of digits will be 1 the output should be \"1\".\n        For N = 150, the sum of digits will be 6 the output should be \"110\".\n        For N = 147, the sum of digits will be 12 the output should be \"1100\".\n    \n    Variables:\n        @N integer\n             Constraints: 0 \u2264 N \u2264 10000.\n    Output:\n         a string of binary number\n    \"\"\"\n",
    "datetime": {
        "task": "2024-01-14 13:13:14",
        "task-id": "2024-01-14 13:13:14",
        "workflow": "2024-01-14 13:13:14",
        "Original PRD": "2024-01-14 13:13:17",
        "PRD Review": "2024-01-14 13:13:19",
        "Final PRD": "2024-01-14 13:13:25",
        "Code0Draft": "2024-01-14 13:13:25",
        "Code Review": "2024-01-14 13:13:27",
        "Code0Revise": "2024-01-14 13:13:29",
        "Test Cases": "2024-01-14 13:13:32",
        "Test Cases Review": "2024-01-14 13:13:34",
        "Final Test Cases": "2024-01-14 13:13:38",
        "Code0": "2024-01-14 13:13:40",
        "TestScriptOriginal": "2024-01-14 13:13:43",
        "TestScript": "2024-01-14 13:13:43",
        "ScriptResult0": "2024-01-14 13:13:43",
        "TestReport0": "2024-01-14 13:13:46",
        "RepairResponse1": "2024-01-14 13:13:48",
        "Code1": "2024-01-14 13:13:48",
        "ScriptResult1": "2024-01-14 13:13:48",
        "TestReport1": "2024-01-14 13:13:52",
        "RepairResponse2": "2024-01-14 13:13:53",
        "Code2": "2024-01-14 13:13:53",
        "ScriptResult2": "2024-01-14 13:13:53",
        "TestReport2": "2024-01-14 13:13:55",
        "FinalCode": "2024-01-14 13:13:55"
    },
    "task-id": "HumanEval/84",
    "workflow": "waterfall/waterfall_version_0.0.6.json",
    "Original PRD": "{\n  \"ProductRequirementDocument\": {\n    \"Title\": \"Sum of Digits in Binary\",\n    \"Description\": \"The system should take a positive integer N as input and return the total sum of its digits in binary.\",\n    \"Example\": {\n      \"Input\": \"N = 1000\",\n      \"Output\": \"1\"\n    },\n    \"Variables\": {\n      \"N\": {\n        \"Type\": \"integer\",\n        \"Constraints\": \"0 \u2264 N \u2264 10000\"\n      }\n    },\n    \"Output\": {\n      \"Type\": \"string\",\n      \"Format\": \"binary number\"\n    }\n  }\n}",
    "Original PRD_prompt": "{\"Role\": \"You need to act as a professional product owner. Your task is to write a Product Requirement Document\", \"Instruction\": \"According to the Context, please analyze the requirement and write your response. Response in JSON format. Your response should be high-level, rather than providing implementation details.\", \"Example\": \"\", \"Context\": \"\", \"Question\": \"Follow the Instruction. The requirement is as follows:\\n\\ndef solve(N):\\n    \\\"\\\"\\\"Given a positive integer N, return the total sum of its digits in binary.\\n    \\n    Example\\n        For N = 1000, the sum of digits will be 1 the output should be \\\"1\\\".\\n        For N = 150, the sum of digits will be 6 the output should be \\\"110\\\".\\n        For N = 147, the sum of digits will be 12 the output should be \\\"1100\\\".\\n    \\n    Variables:\\n        @N integer\\n             Constraints: 0 \\u2264 N \\u2264 10000.\\n    Output:\\n         a string of binary number\\n    \\\"\\\"\\\"\\n\"}",
    "PRD Review": "{\n  \"Architect\": \"The description should provide more details about how the system will calculate the sum of digits in binary. It should also include information about how the input will be processed and how the output will be formatted. Additionally, the constraints for the input variable N should be more specific and clear.\",\n  \"Tester\": \"It would be helpful to have more examples in the document to test different scenarios and edge cases. Also, the document should include test cases to verify the system's behavior for different inputs within the specified constraints. This will ensure thorough testing of the system.\"\n}",
    "Final PRD": "{\n  \"ProductRequirementDocument\": {\n    \"Title\": \"Sum of Digits in Binary\",\n    \"Description\": \"The system should take a positive integer N as input and return the total sum of its digits in binary. The system will calculate the sum of digits in binary by converting the integer N to binary, then summing the digits of the binary representation. The input will be processed by converting the integer N to binary using an algorithm that breaks down the integer into its binary representation. The output will be formatted as a binary number. Additionally, the constraints for the input variable N should be specified as follows: 0 \u2264 N \u2264 10000.\",\n    \"Example\": {\n      \"Input\": \"N = 1000\",\n      \"Output\": \"1\"\n    },\n    \"Variables\": {\n      \"N\": {\n        \"Type\": \"integer\",\n        \"Constraints\": \"0 \u2264 N \u2264 10000\"\n      }\n    },\n    \"Output\": {\n      \"Type\": \"string\",\n      \"Format\": \"binary number\"\n    },\n    \"Testing\": {\n      \"Examples\": \"More examples should be included to test different scenarios and edge cases, such as the input N being 0 or the maximum value of 10000.\",\n      \"TestCases\": \"Test cases should be provided to verify the system's behavior for different inputs within the specified constraints, ensuring thorough testing of the system.\"\n    }\n  }\n}",
    "Final PRD_prompt": {
        "Role": "You need to act as a professional product owner. Your duty is to revise the document based on the suggestions.",
        "Instruction": "1. Read the suggestions. 2. Revise your draft version document. 3. Response in JSON format. 4. REMEMBER: Your analysis should be high-level, rather than providing implementation details.",
        "Example": "",
        "Context": "# Suggestion:\n{\n  \"Architect\": \"The description should provide more details about how the system will calculate the sum of digits in binary. It should also include information about how the input will be processed and how the output will be formatted. Additionally, the constraints for the input variable N should be more specific and clear.\",\n  \"Tester\": \"It would be helpful to have more examples in the document to test different scenarios and edge cases. Also, the document should include test cases to verify the system's behavior for different inputs within the specified constraints. This will ensure thorough testing of the system.\"\n}",
        "Question": "Follow the Instruction. Your colleague give you some suggestions(in the Context section) about this draft document:{\n  \"ProductRequirementDocument\": {\n    \"Title\": \"Sum of Digits in Binary\",\n    \"Description\": \"The system should take a positive integer N as input and return the total sum of its digits in binary.\",\n    \"Example\": {\n      \"Input\": \"N = 1000\",\n      \"Output\": \"1\"\n    },\n    \"Variables\": {\n      \"N\": {\n        \"Type\": \"integer\",\n        \"Constraints\": \"0 \u2264 N \u2264 10000\"\n      }\n    },\n    \"Output\": {\n      \"Type\": \"string\",\n      \"Format\": \"binary number\"\n    }\n  }\n}"
    },
    "Code0Draft": "def solve(N):\n    binary_sum = sum([int(x) for x in bin(N)[2:]])\n    return bin(binary_sum)[2:]",
    "Code0Draft_prompt": "{\"Role\": \"You are a professional engineer. Your duty is to write code in Python that meets the requirements. Ensure that the code you write is efficient, readable, and follows best practices. Remember, do not need to explain the code you wrote.\", \"Instruction\": \"According to the Context section, write your code.\", \"Example\": \"\", \"Context\": \"\", \"Question\": \"Follow the Instruction section. Complete the following code:\\n\\ndef solve(N):\\n    \\\"\\\"\\\"Given a positive integer N, return the total sum of its digits in binary.\\n    \\n    Example\\n        For N = 1000, the sum of digits will be 1 the output should be \\\"1\\\".\\n        For N = 150, the sum of digits will be 6 the output should be \\\"110\\\".\\n        For N = 147, the sum of digits will be 12 the output should be \\\"1100\\\".\\n    \\n    Variables:\\n        @N integer\\n             Constraints: 0 \\u2264 N \\u2264 10000.\\n    Output:\\n         a string of binary number\\n    \\\"\\\"\\\"\\n\"}",
    "Code Review": "{\n  \"Architect\": \"Consider breaking down the code into smaller, more modular functions for better readability and maintainability. Also, consider adding comments to explain the purpose of each section of code.\",\n  \"Tester\": \"Test the code with different input values to ensure that it produces the expected output. Also, consider testing edge cases and invalid input to ensure the code handles them properly.\"\n}",
    "Code Review_prompt": "{\"Role\": \"I want you to act as a different roles and then give some suggestions about how to revise the code.\", \"Instruction\": \"1. Read the Context section. 2. Act as an architect, give your suggestions. 3. Act as a tester, give your suggestions. 4. Response in JSON format.\", \"Example\": \"{\\\"Architect\\\":\\\"Suggestion\\\",\\\"Tester\\\":\\\"Suggestion\\\"}\", \"Context\": \"def solve(N):\\n    binary_sum = sum([int(x) for x in bin(N)[2:]])\\n    return bin(binary_sum)[2:]\", \"Question\": \"Follow the Instruction. The Context section include the code.\"}",
    "Code0Revise": "def solve(N):\n    # Function to calculate the binary sum\n    def calculate_binary_sum(number):\n        binary_sum = sum([int(x) for x in bin(number)[2:]])\n        return binary_sum\n\n    # Function to convert the binary sum to binary\n    def convert_to_binary(number):\n        return bin(number)[2:]\n\n    binary_sum = calculate_binary_sum(N)\n    return convert_to_binary(binary_sum)",
    "Code0Revise_prompt": "{\"Role\": \"You are a professional software engineer. Your duty is to write code in Python that meets the requirements. Ensure that the code you write is efficient, readable, and follows best practices. Remember, do not need to explain the code you wrote.\", \"Instruction\": \"1. Understand the suggestions(in the Context section) about the original code. 2. Rewrite your code.\", \"Example\": \"\", \"Context\": \"# Original Code:\\ndef solve(N):\\n    binary_sum = sum([int(x) for x in bin(N)[2:]])\\n    return bin(binary_sum)[2:]\\n# Advices:\\n\\\"{\\\\n  \\\\\\\"Architect\\\\\\\": \\\\\\\"Consider breaking down the code into smaller, more modular functions for better readability and maintainability. Also, consider adding comments to explain the purpose of each section of code.\\\\\\\",\\\\n  \\\\\\\"Tester\\\\\\\": \\\\\\\"Test the code with different input values to ensure that it produces the expected output. Also, consider testing edge cases and invalid input to ensure the code handles them properly.\\\\\\\"\\\\n}\\\"\", \"Question\": \"Follow the Instruction section. Complete the following code:\\n\"}",
    "Test Cases": "{\n  \"test_cases\": [\n    {\n      \"Test Title\": \"N equals 1000\",\n      \"Input Data\": \"N=1000\",\n      \"Expected Output\": \"1\"\n    },\n    {\n      \"Test Title\": \"N equals 150\",\n      \"Input Data\": \"N=150\",\n      \"Expected Output\": \"110\"\n    },\n    {\n      \"Test Title\": \"N equals 147\",\n      \"Input Data\": \"N=147\",\n      \"Expected Output\": \"1100\"\n    }\n  ]\n}",
    "Test Cases_prompt": "{\"Role\": \"You are a quality assurance engineer. Your duty is to design test cases for the developers.\", \"Instruction\": \"According to the Context section, write test cases. Don't write long strings in your test cases. Response in JSON format.\", \"Example\": \"{\\\"requirement analysis\\\":\\\"analysis\\\",\\\"test_cases\\\":[{\\\"Test Title\\\":\\\"title\\\", \\\"Input Data\\\":\\\"parameter1=[1,2,3],parameter2='123'\\\", \\\"Expected Output\\\":\\\"456\\\"},]}\", \"Context\": \"# ProductRequirementDocument:\\n{\\n  \\\"ProductRequirementDocument\\\": {\\n    \\\"Title\\\": \\\"Sum of Digits in Binary\\\",\\n    \\\"Description\\\": \\\"The system should take a positive integer N as input and return the total sum of its digits in binary. The system will calculate the sum of digits in binary by converting the integer N to binary, then summing the digits of the binary representation. The input will be processed by converting the integer N to binary using an algorithm that breaks down the integer into its binary representation. The output will be formatted as a binary number. Additionally, the constraints for the input variable N should be specified as follows: 0 \\u2264 N \\u2264 10000.\\\",\\n    \\\"Example\\\": {\\n      \\\"Input\\\": \\\"N = 1000\\\",\\n      \\\"Output\\\": \\\"1\\\"\\n    },\\n    \\\"Variables\\\": {\\n      \\\"N\\\": {\\n        \\\"Type\\\": \\\"integer\\\",\\n        \\\"Constraints\\\": \\\"0 \\u2264 N \\u2264 10000\\\"\\n      }\\n    },\\n    \\\"Output\\\": {\\n      \\\"Type\\\": \\\"string\\\",\\n      \\\"Format\\\": \\\"binary number\\\"\\n    },\\n    \\\"Testing\\\": {\\n      \\\"Examples\\\": \\\"More examples should be included to test different scenarios and edge cases, such as the input N being 0 or the maximum value of 10000.\\\",\\n      \\\"TestCases\\\": \\\"Test cases should be provided to verify the system's behavior for different inputs within the specified constraints, ensuring thorough testing of the system.\\\"\\n    }\\n  }\\n}\", \"Question\": \"\\ndef solve(N):\\n    \\\"\\\"\\\"Given a positive integer N, return the total sum of its digits in binary.\\n    \\n    Example\\n        For N = 1000, the sum of digits will be 1 the output should be \\\"1\\\".\\n        For N = 150, the sum of digits will be 6 the output should be \\\"110\\\".\\n        For N = 147, the sum of digits will be 12 the output should be \\\"1100\\\".\\n    \\n    Variables:\\n        @N integer\\n             Constraints: 0 \\u2264 N \\u2264 10000.\\n    Output:\\n         a string of binary number\\n    \\\"\\\"\\\"\\n\"}",
    "Test Cases Review": "{\n  \"Architect\": \"As an Architect, I would suggest revising the test cases to include a wider range of input values for N, covering both positive and negative numbers, as well as zero. This will help ensure that the system can handle a variety of input scenarios and produce the correct output.\"\n  ,\n  \"Developer\": \"As a Developer, I would suggest revising the test cases to include edge cases and boundary values for N, such as the minimum and maximum possible values. This will help identify any potential issues with the system's behavior at the extremes of the input range.\"\n}",
    "Test Cases Review_prompt": "{\"Role\": \"I want you to act as a different roles and then give some suggestions about how to revise the test cases.\", \"Instruction\": \"1. Read the Context section. 2. Act as an Architect, give your suggestions. 3. Act as a Developer, give your suggestions. 4. Response in JSON format.\", \"Example\": \"{\\\"Architect\\\":\\\"Suggestion\\\",\\\"Developer\\\":\\\"Suggestion\\\"}\", \"Context\": \"{\\n  \\\"test_cases\\\": [\\n    {\\n      \\\"Test Title\\\": \\\"N equals 1000\\\",\\n      \\\"Input Data\\\": \\\"N=1000\\\",\\n      \\\"Expected Output\\\": \\\"1\\\"\\n    },\\n    {\\n      \\\"Test Title\\\": \\\"N equals 150\\\",\\n      \\\"Input Data\\\": \\\"N=150\\\",\\n      \\\"Expected Output\\\": \\\"110\\\"\\n    },\\n    {\\n      \\\"Test Title\\\": \\\"N equals 147\\\",\\n      \\\"Input Data\\\": \\\"N=147\\\",\\n      \\\"Expected Output\\\": \\\"1100\\\"\\n    }\\n  ]\\n}\", \"Question\": \"Follow the Instruction. The Context section include the test cases.\"}",
    "Final Test Cases": "{\n  \"test_cases\": [\n    {\n      \"Test Title\": \"N equals 1000\",\n      \"Input Data\": \"N=1000\",\n      \"Expected Output\": \"1\"\n    },\n    {\n      \"Test Title\": \"N equals 150\",\n      \"Input Data\": \"N=150\",\n      \"Expected Output\": \"110\"\n    },\n    {\n      \"Test Title\": \"N equals 147\",\n      \"Input Data\": \"N=147\",\n      \"Expected Output\": \"1100\"\n    },\n    {\n      \"Test Title\": \"N equals 0\",\n      \"Input Data\": \"N=0\",\n      \"Expected Output\": \"0\"\n    },\n    {\n      \"Test Title\": \"N equals 10000\",\n      \"Input Data\": \"N=10000\",\n      \"Expected Output\": \"1111101000000\"\n    }\n  ]\n}",
    "Final Test Cases_prompt": "{\"Role\": \"You are a quality assurance engineer. Your duty is to revise the test cases based on the suggestions.\", \"Instruction\": \"1. Your colleague give you some suggestions(in the Context section) about the draft test cases, read these suggestions. 2. Revise your draft version test cases, but don't use long parameters. 3. Response in JSON format.\", \"Example\": \"{\\\"requirement analysis\\\":\\\"analysis\\\",\\\"test_cases\\\":[{\\\"Test Title\\\":\\\"title\\\", \\\"Input Data\\\":\\\"parameter1=[1,2,3],parameter2='123'\\\", \\\"Expected Output\\\":\\\"456\\\"},]}\", \"Context\": \"# Suggestions:\\n{\\n  \\\"Architect\\\": \\\"As an Architect, I would suggest revising the test cases to include a wider range of input values for N, covering both positive and negative numbers, as well as zero. This will help ensure that the system can handle a variety of input scenarios and produce the correct output.\\\"\\n  ,\\n  \\\"Developer\\\": \\\"As a Developer, I would suggest revising the test cases to include edge cases and boundary values for N, such as the minimum and maximum possible values. This will help identify any potential issues with the system's behavior at the extremes of the input range.\\\"\\n}\\n # Draft Test cases:\\n{\\n  \\\"test_cases\\\": [\\n    {\\n      \\\"Test Title\\\": \\\"N equals 1000\\\",\\n      \\\"Input Data\\\": \\\"N=1000\\\",\\n      \\\"Expected Output\\\": \\\"1\\\"\\n    },\\n    {\\n      \\\"Test Title\\\": \\\"N equals 150\\\",\\n      \\\"Input Data\\\": \\\"N=150\\\",\\n      \\\"Expected Output\\\": \\\"110\\\"\\n    },\\n    {\\n      \\\"Test Title\\\": \\\"N equals 147\\\",\\n      \\\"Input Data\\\": \\\"N=147\\\",\\n      \\\"Expected Output\\\": \\\"1100\\\"\\n    }\\n  ]\\n}\", \"Question\": \"Follow the Instruction. Please make sure your response length are less than 512. Your test cases is for the below question:\\n\\ndef solve(N):\\n    \\\"\\\"\\\"Given a positive integer N, return the total sum of its digits in binary.\\n    \\n    Example\\n        For N = 1000, the sum of digits will be 1 the output should be \\\"1\\\".\\n        For N = 150, the sum of digits will be 6 the output should be \\\"110\\\".\\n        For N = 147, the sum of digits will be 12 the output should be \\\"1100\\\".\\n    \\n    Variables:\\n        @N integer\\n             Constraints: 0 \\u2264 N \\u2264 10000.\\n    Output:\\n         a string of binary number\\n    \\\"\\\"\\\"\\n\"}",
    "Code0": "def solve(N):\n    def calculate_binary_sum(number):\n        binary_sum = sum([int(x) for x in bin(number)[2:]])\n        return binary_sum\n\n    def convert_to_binary(number):\n        return bin(number)[2:]\n\n    binary_sum = calculate_binary_sum(N)\n    return convert_to_binary(binary_sum)",
    "Code0_prompt": "{\"Role\": \"You are a professional software engineer. Your duty is to write code in Python that meets the requirements. Ensure that the code you write is efficient, readable, and follows best practices. Remember, do not need to explain the code you wrote.\", \"Instruction\": \"1. Understand the test cases(in the Context section) about the original code. 2. Rewrite your code, make sure your code pass all test cases.\", \"Example\": \"\", \"Context\": \"# Original Code:\\ndef solve(N):\\n    # Function to calculate the binary sum\\n    def calculate_binary_sum(number):\\n        binary_sum = sum([int(x) for x in bin(number)[2:]])\\n        return binary_sum\\n\\n    # Function to convert the binary sum to binary\\n    def convert_to_binary(number):\\n        return bin(number)[2:]\\n\\n    binary_sum = calculate_binary_sum(N)\\n    return convert_to_binary(binary_sum)\\n# Test Cases:\\n{\\n  \\\"test_cases\\\": [\\n    {\\n      \\\"Test Title\\\": \\\"N equals 1000\\\",\\n      \\\"Input Data\\\": \\\"N=1000\\\",\\n      \\\"Expected Output\\\": \\\"1\\\"\\n    },\\n    {\\n      \\\"Test Title\\\": \\\"N equals 150\\\",\\n      \\\"Input Data\\\": \\\"N=150\\\",\\n      \\\"Expected Output\\\": \\\"110\\\"\\n    },\\n    {\\n      \\\"Test Title\\\": \\\"N equals 147\\\",\\n      \\\"Input Data\\\": \\\"N=147\\\",\\n      \\\"Expected Output\\\": \\\"1100\\\"\\n    },\\n    {\\n      \\\"Test Title\\\": \\\"N equals 0\\\",\\n      \\\"Input Data\\\": \\\"N=0\\\",\\n      \\\"Expected Output\\\": \\\"0\\\"\\n    },\\n    {\\n      \\\"Test Title\\\": \\\"N equals 10000\\\",\\n      \\\"Input Data\\\": \\\"N=10000\\\",\\n      \\\"Expected Output\\\": \\\"1111101000000\\\"\\n    }\\n  ]\\n}\", \"Question\": \"\\ndef solve(N):\\n    \\\"\\\"\\\"Given a positive integer N, return the total sum of its digits in binary.\\n    \\n    Example\\n        For N = 1000, the sum of digits will be 1 the output should be \\\"1\\\".\\n        For N = 150, the sum of digits will be 6 the output should be \\\"110\\\".\\n        For N = 147, the sum of digits will be 12 the output should be \\\"1100\\\".\\n    \\n    Variables:\\n        @N integer\\n             Constraints: 0 \\u2264 N \\u2264 10000.\\n    Output:\\n         a string of binary number\\n    \\\"\\\"\\\"\\n\"}",
    "TestScriptOriginal": "import unittest\n\ndef function_under_test(N):\n    binary_sum = sum(int(x) for x in bin(N)[2:])\n    return bin(binary_sum)[2:]\n\nclass Test(unittest.TestCase):\n    def test(self):\n        self.assertEqual(function_under_test(1000), \"1\")\n        self.assertEqual(function_under_test(150), \"110\")\n        self.assertEqual(function_under_test(147), \"1100\")\n\nif __name__ == '__main__':\n    unittest.main()",
    "TestScriptOriginal_prompt": "{\"Role\": \"You are a quality assurance engineer. Your duty is to write a python test script in unittest framework.\", \"Instruction\": \"1. Write a python test script. 2. Use the input and output given by the question.\", \"Example\": \"import unittest\\n\\nclass Test(unittest.TestCase):\\n    def test(self):\\n        self.assertEqual(function_under_test('a'), 1)\\n\\nif __name__ == '__main__':\\n    unittest.main()\", \"Context\": \"\", \"Question\": \"\\ndef solve(N):\\n    \\\"\\\"\\\"Given a positive integer N, return the total sum of its digits in binary.\\n    \\n    Example\\n        For N = 1000, the sum of digits will be 1 the output should be \\\"1\\\".\\n        For N = 150, the sum of digits will be 6 the output should be \\\"110\\\".\\n        For N = 147, the sum of digits will be 12 the output should be \\\"1100\\\".\\n    \\n    Variables:\\n        @N integer\\n             Constraints: 0 \\u2264 N \\u2264 10000.\\n    Output:\\n         a string of binary number\\n    \\\"\\\"\\\"\\n\"}",
    "TestScript": "import unittest\n\nclass Test(unittest.TestCase):\n    def test(self):\n        self.assertEqual(function_under_test(1000), \"1\")\n        self.assertEqual(function_under_test(150), \"110\")\n        self.assertEqual(function_under_test(147), \"1100\")\n\nif __name__ == '__main__':\n    unittest.main()",
    "TestScript_prompt": "{\"Role\": \"You are a quality assurance engineer. Your duty is to write a python test script in unittest framework.\", \"Instruction\": \"1. Write a python test script. 2. Use the input and output given by the question.\", \"Example\": \"import unittest\\n\\nclass Test(unittest.TestCase):\\n    def test(self):\\n        self.assertEqual(function_under_test('a'), 1)\\n\\nif __name__ == '__main__':\\n    unittest.main()\", \"Context\": \"\", \"Question\": \"\\ndef solve(N):\\n    \\\"\\\"\\\"Given a positive integer N, return the total sum of its digits in binary.\\n    \\n    Example\\n        For N = 1000, the sum of digits will be 1 the output should be \\\"1\\\".\\n        For N = 150, the sum of digits will be 6 the output should be \\\"110\\\".\\n        For N = 147, the sum of digits will be 12 the output should be \\\"1100\\\".\\n    \\n    Variables:\\n        @N integer\\n             Constraints: 0 \\u2264 N \\u2264 10000.\\n    Output:\\n         a string of binary number\\n    \\\"\\\"\\\"\\n\"}",
    "ScriptResult0": "E\n======================================================================\nERROR: test (__main__.Test)\n----------------------------------------------------------------------\nTraceback (most recent call last):\n  File \"/Users/watch/PycharmProjects/XXXX-1-LLM/workspace/2024-01-14_13-13-14-641400/test_script.py\", line 15, in test\n    self.assertEqual(function_under_test(1000), \"1\")\nNameError: name 'function_under_test' is not defined\n\n----------------------------------------------------------------------\nRan 1 test in 0.000s\n\nFAILED (errors=1)\n",
    "TestReport0": "Test Report\n\nTest Script Output:\nE\n======================================================================\nERROR: test (__main__.Test)\n----------------------------------------------------------------------\nTraceback (most recent call last):\n  File \"/Users/watch/PycharmProjects/XXXX-1-LLM/workspace/2024-01-14_13-13-14-641400/test_script.py\", line 15, in test\n    self.assertEqual(function_under_test(1000), \"1\")\nNameError: name 'function_under_test' is not defined\n\n----------------------------------------------------------------------\nRan 1 test in 0.000s\n\nFAILED (errors=1)\n\nTest Report:\nThe test script output indicates that there was an error in running the test. The error occurred in the test function where the 'function_under_test' is not defined, resulting in a NameError. This caused the test to fail with 1 error.\n\nConclusion:\nCode Test Failed\n\nInput and Expected Output Example:\nInput: function_under_test(1000)\nExpected Output: \"1\"\n\nNote: The above input and expected output example show that the test failed due to the 'function_under_test' not being defined.\n\nEnd of Test Report.",
    "RepairResponse1": "{\n\t\"revised_code\": \"def solve(N):\\n    def calculate_binary_sum(number):\\n        binary_sum = sum([int(x) for x in bin(number)[2:]])\\n        return bin(binary_sum)[2:]\\n\\n    binary_sum = calculate_binary_sum(N)\\n    return binary_sum\"\n}",
    "RepairResponse1_prompt": "{\"Role\": \"You are a professional software engineer. Your duty is to write code in Python that meets the requirements. Ensure that the code you write is efficient, readable, and follows best practices. Remember, do not need to explain the code you wrote.\", \"Instruction\": \"1. Rewrite a bug fix version of the original code. 2. Response in JSON format.\", \"Example\": \"{\\\"revised_code\\\":\\\"...\\\"}\", \"Context\": \"# the original code:\\ndef solve(N):\\n    def calculate_binary_sum(number):\\n        binary_sum = sum([int(x) for x in bin(number)[2:]])\\n        return binary_sum\\n\\n    def convert_to_binary(number):\\n        return bin(number)[2:]\\n\\n    binary_sum = calculate_binary_sum(N)\\n    return convert_to_binary(binary_sum)\\n# test report:\\nTest Report\\n\\nTest Script Output:\\nE\\n======================================================================\\nERROR: test (__main__.Test)\\n----------------------------------------------------------------------\\nTraceback (most recent call last):\\n  File \\\"/Users/watch/PycharmProjects/XXXX-1-LLM/workspace/2024-01-14_13-13-14-641400/test_script.py\\\", line 15, in test\\n    self.assertEqual(function_under_test(1000), \\\"1\\\")\\nNameError: name 'function_under_test' is not defined\\n\\n----------------------------------------------------------------------\\nRan 1 test in 0.000s\\n\\nFAILED (errors=1)\\n\\nTest Report:\\nThe test script output indicates that there was an error in running the test. The error occurred in the test function where the 'function_under_test' is not defined, resulting in a NameError. This caused the test to fail with 1 error.\\n\\nConclusion:\\nCode Test Failed\\n\\nInput and Expected Output Example:\\nInput: function_under_test(1000)\\nExpected Output: \\\"1\\\"\\n\\nNote: The above input and expected output example show that the test failed due to the 'function_under_test' not being defined.\\n\\nEnd of Test Report.\", \"Question\": \"The original code has some bugs, according to the test report and suggestions, rewrite the code. Complete the following code:\\n\\ndef solve(N):\\n    \\\"\\\"\\\"Given a positive integer N, return the total sum of its digits in binary.\\n    \\n    Example\\n        For N = 1000, the sum of digits will be 1 the output should be \\\"1\\\".\\n        For N = 150, the sum of digits will be 6 the output should be \\\"110\\\".\\n        For N = 147, the sum of digits will be 12 the output should be \\\"1100\\\".\\n    \\n    Variables:\\n        @N integer\\n             Constraints: 0 \\u2264 N \\u2264 10000.\\n    Output:\\n         a string of binary number\\n    \\\"\\\"\\\"\\n\"}",
    "Code1": "def solve(N):\n    def calculate_binary_sum(number):\n        binary_sum = sum([int(x) for x in bin(number)[2:]])\n        return bin(binary_sum)[2:]\n\n    binary_sum = calculate_binary_sum(N)\n    return binary_sum",
    "ScriptResult1": "E\n======================================================================\nERROR: test (__main__.Test)\n----------------------------------------------------------------------\nTraceback (most recent call last):\n  File \"/Users/watch/PycharmProjects/XXXX-1-LLM/workspace/2024-01-14_13-13-14-641400/test_script.py\", line 12, in test\n    self.assertEqual(function_under_test(1000), \"1\")\nNameError: name 'function_under_test' is not defined\n\n----------------------------------------------------------------------\nRan 1 test in 0.000s\n\nFAILED (errors=1)\n",
    "TestReport1": "Test Report:\n\nTest Script Output:\nE\n======================================================================\nERROR: test (__main__.Test)\n----------------------------------------------------------------------\nTraceback (most recent call last):\n  File \"/Users/watch/PycharmProjects/XXXX-1-LLM/workspace/2024-01-14_13-13-14-641400/test_script.py\", line 12, in test\n    self.assertEqual(function_under_test(1000), \"1\")\nNameError: name 'function_under_test' is not defined\n\n----------------------------------------------------------------------\nRan 1 test in 0.000s\n\nFAILED (errors=1)\n\nAnalysis:\nThe test script output indicates that there was an error in the test. The error message \"NameError: name 'function_under_test' is not defined\" suggests that the function_under_test is not defined, which led to the failure of the test.\n\nConclusion:\nCode Test Failed\n\nInput and Expected Output Example:\nInput: 1000\nExpected Output: \"1\"",
    "RepairResponse2": "{\n\"revised_code\": \"def solve(N):\\n    binary_sum = bin(sum(map(int, bin(N)[2:])))\\n    return binary_sum[2:]\"\n}",
    "RepairResponse2_prompt": "{\"Role\": \"You are a professional software engineer. Your duty is to write code in Python that meets the requirements. Ensure that the code you write is efficient, readable, and follows best practices. Remember, do not need to explain the code you wrote.\", \"Instruction\": \"1. Rewrite a bug fix version of the original code. 2. Response in JSON format.\", \"Example\": \"{\\\"revised_code\\\":\\\"...\\\"}\", \"Context\": \"# the original code:\\ndef solve(N):\\n    def calculate_binary_sum(number):\\n        binary_sum = sum([int(x) for x in bin(number)[2:]])\\n        return bin(binary_sum)[2:]\\n\\n    binary_sum = calculate_binary_sum(N)\\n    return binary_sum\\n# test report:\\nTest Report:\\n\\nTest Script Output:\\nE\\n======================================================================\\nERROR: test (__main__.Test)\\n----------------------------------------------------------------------\\nTraceback (most recent call last):\\n  File \\\"/Users/watch/PycharmProjects/XXXX-1-LLM/workspace/2024-01-14_13-13-14-641400/test_script.py\\\", line 12, in test\\n    self.assertEqual(function_under_test(1000), \\\"1\\\")\\nNameError: name 'function_under_test' is not defined\\n\\n----------------------------------------------------------------------\\nRan 1 test in 0.000s\\n\\nFAILED (errors=1)\\n\\nAnalysis:\\nThe test script output indicates that there was an error in the test. The error message \\\"NameError: name 'function_under_test' is not defined\\\" suggests that the function_under_test is not defined, which led to the failure of the test.\\n\\nConclusion:\\nCode Test Failed\\n\\nInput and Expected Output Example:\\nInput: 1000\\nExpected Output: \\\"1\\\"\", \"Question\": \"The original code has some bugs, according to the test report and suggestions, rewrite the code. Complete the following code:\\n\\ndef solve(N):\\n    \\\"\\\"\\\"Given a positive integer N, return the total sum of its digits in binary.\\n    \\n    Example\\n        For N = 1000, the sum of digits will be 1 the output should be \\\"1\\\".\\n        For N = 150, the sum of digits will be 6 the output should be \\\"110\\\".\\n        For N = 147, the sum of digits will be 12 the output should be \\\"1100\\\".\\n    \\n    Variables:\\n        @N integer\\n             Constraints: 0 \\u2264 N \\u2264 10000.\\n    Output:\\n         a string of binary number\\n    \\\"\\\"\\\"\\n\"}",
    "Code2": "def solve(N):\n    binary_sum = bin(sum(map(int, bin(N)[2:])))\n    return binary_sum[2:]",
    "ScriptResult2": "E\n======================================================================\nERROR: test (__main__.Test)\n----------------------------------------------------------------------\nTraceback (most recent call last):\n  File \"/Users/watch/PycharmProjects/XXXX-1-LLM/workspace/2024-01-14_13-13-14-641400/test_script.py\", line 8, in test\n    self.assertEqual(function_under_test(1000), \"1\")\nNameError: name 'function_under_test' is not defined\n\n----------------------------------------------------------------------\nRan 1 test in 0.000s\n\nFAILED (errors=1)\n",
    "TestReport2": "Test Report\n\nContext:\nThe test script's output shows that there is an error in the test case. The error is a NameError, indicating that the 'function_under_test' is not defined. The test has failed, and there is 1 error.\n\nTest Report:\nThe test script output indicates that the code has failed the test due to a NameError. The 'function_under_test' is not defined, which caused the test to fail. \n\nConclusion:\nCode Test Failed. \n\nInput and Expected Output Example:\nInput: 1000\nExpected Output: \"1\"\n\nNote: The expected output is \"1\", but the test failed before reaching this point.\n\nEnd of Test Report.",
    "FinalCode": "def solve(N):\n    binary_sum = bin(sum(map(int, bin(N)[2:])))\n    return binary_sum[2:]"
}