{
    "start_time": "2024-03-11_09-05-13-134081",
    "task": "def sequential_search(dlist, item):\n'''Write a function that takes in an array and element and returns a tuple containing a boolean that indicates if the element is in the array and the index position of the element (or -1 if the element is not found).\nassert sequential_search([11,23,58,31,56,77,43,12,65,19],31) == (True, 3)'''\n",
    "datetime": {
        "task": "2024-03-11 09:05:13",
        "task-id": "2024-03-11 09:05:13",
        "workflow": "2024-03-11 09:05:13",
        "Discussion": "2024-03-11 09:05:14",
        "DisorderedSprintMeetings": "2024-03-11 09:05:16",
        "DesignDraft0": "2024-03-11 09:05:18",
        "DesignMeetings0": "2024-03-11 09:05:19",
        "Design0": "2024-03-11 09:05:22",
        "CodeDraft0": "2024-03-11 09:05:24",
        "CodeReviewMeetings0": "2024-03-11 09:05:25",
        "Code0CR": "2024-03-11 09:05:27",
        "FinalCode": "2024-03-11 09:05:45",
        "Test Cases Draft": "2024-03-11 09:05:29",
        "Test Cases Meetings": "2024-03-11 09:05:30",
        "Test Cases": "2024-03-11 09:05:35",
        "Code0": "2024-03-11 09:05:37",
        "TestScriptOriginal": "2024-03-11 09:05:38",
        "TestScript": "2024-03-11 09:05:38",
        "ScriptResult0": "2024-03-11 09:05:38",
        "TestReport0": "2024-03-11 09:05:40",
        "SprintReview0": "2024-03-11 09:05:41",
        "SprintReviewMeetings0": "2024-03-11 09:05:43",
        "RepairResponse0": "2024-03-11 09:05:45",
        "Code1": "2024-03-11 09:05:45",
        "ScriptResult1": "2024-03-11 09:05:45",
        "TestReport1": "2024-03-11 09:05:46"
    },
    "task-id": 280,
    "workflow": "agile/agile_version_0.0.5_remove.json",
    "Discussion": "[ScrumMaster]says: We have a job: def sequential_search(dlist, item):\n'''Write a function that takes in an array and element and returns a tuple containing a boolean that indicates if the element is in the array and the index position of the element (or -1 if the element is not found).\nassert sequential_search([11,23,58,31,56,77,43,12,65,19],31) == (True, 3)'''\n, do you have any ideas?\n-----\n\n[Developer]says: As a Developer, I think we should start by defining the function header and then iterate through the array to check for the element.\n-----\n\n[Architect]says: As an Architect, I suggest considering the efficiency and scalability of the search algorithm to ensure optimal performance.\n-----\n\n[ProductOwner]says: As a Product Owner, I think we should consider the user's needs and prioritize the features that will provide the most value to them.\n-----\n\n[Tester]says: As a Tester, I think we should start by brainstorming test cases for the sequential_search function to ensure it returns the correct results for different input arrays and elements.\n-----\n\n[Architect]says: As an Architect, I recommend considering different search algorithms to ensure efficient and scalable performance.\n-----\n\n[Developer]says: As a Developer, I think we should start by defining the function header and then iterate through the array to check for the element.\n-----\n\n[ProductOwner]says: As a Product Owner, I think we should prioritize features that will provide the most value to the user and consider their needs when creating the product.\n-----\n\n[Tester]says: [Tester] I think we should start by brainstorming test cases for the sequential_search function to ensure it returns the correct results for different input arrays and elements.\n-----\n",
    "DisorderedSprintMeetings": "{\n  \"product-owner\": [\n    \"Prioritize features based on user needs and value\",\n    \"Ensure user needs are considered in product creation\"\n  ],\n  \"architect\": [\n    \"Consider efficiency and scalability of search algorithm\",\n    \"Explore different search algorithms for efficiency and scalability\"\n  ],\n  \"developer\": [\n    \"Define function header for sequential_search\",\n    \"Iterate through array to check for element\"\n  ],\n  \"tester\": [\n    \"Brainstorm test cases for sequential_search function\",\n    \"Ensure correct results for different input arrays and elements\"\n  ]\n}",
    "DisorderedSprintMeetings_prompt": "{\"Role\": \"You are a professional scrum master. Your goal is to breakdown the Discussion History into a task list for the scrum team.\", \"Instruction\": \"1. Read and Understand the Discussion History. 2. Define the tasks for four roles: product-owner/architect/developer/tester. 3. Response in JSON format.\", \"Example\": \"{\\\"product-owner\\\":[\\\"task1\\\",\\\"task2\\\"],\\\"architect\\\":[\\\"task1\\\",\\\"task2\\\"], \\\"developer\\\":[\\\"task1\\\",\\\"task2\\\"], \\\"tester\\\":[\\\"task1\\\",\\\"task2\\\"]}\", \"Context\": \"[ScrumMaster]says: We have a job: def sequential_search(dlist, item):\\n'''Write a function that takes in an array and element and returns a tuple containing a boolean that indicates if the element is in the array and the index position of the element (or -1 if the element is not found).\\nassert sequential_search([11,23,58,31,56,77,43,12,65,19],31) == (True, 3)'''\\n, do you have any ideas?\\n-----\\n\\n[Developer]says: As a Developer, I think we should start by defining the function header and then iterate through the array to check for the element.\\n-----\\n\\n[Architect]says: As an Architect, I suggest considering the efficiency and scalability of the search algorithm to ensure optimal performance.\\n-----\\n\\n[ProductOwner]says: As a Product Owner, I think we should consider the user's needs and prioritize the features that will provide the most value to them.\\n-----\\n\\n[Tester]says: As a Tester, I think we should start by brainstorming test cases for the sequential_search function to ensure it returns the correct results for different input arrays and elements.\\n-----\\n\\n[Architect]says: As an Architect, I recommend considering different search algorithms to ensure efficient and scalable performance.\\n-----\\n\\n[Developer]says: As a Developer, I think we should start by defining the function header and then iterate through the array to check for the element.\\n-----\\n\\n[ProductOwner]says: As a Product Owner, I think we should prioritize features that will provide the most value to the user and consider their needs when creating the product.\\n-----\\n\\n[Tester]says: [Tester] I think we should start by brainstorming test cases for the sequential_search function to ensure it returns the correct results for different input arrays and elements.\\n-----\\n\", \"Question\": \"Follow the Instruction section. The Discussion History is in the Context section. You only need to return a task list as the Example section.\"}",
    "DesignDraft0": "Design:\n\n1. Consider efficiency and scalability of search algorithm\n2. Explore different search algorithms for efficiency and scalability\n3. Design a search algorithm that can efficiently and accurately find an element in an array\n4. The algorithm should return a tuple containing a boolean indicating if the element is in the array and the index position of the element (or -1 if the element is not found)\n5. Provide guidance on the best approach for implementing the search algorithm to ensure efficiency and scalability. This may include discussing different search algorithms such as linear search, binary search, or other more advanced algorithms.\n\nThis design should guide the developer in implementing a search algorithm that meets the efficiency and scalability requirements, rather than providing specific implementation details.",
    "DesignMeetings0": "{\n  \"Developer\": \"To meet the efficiency and scalability requirements, I suggest implementing a binary search algorithm. This algorithm has a time complexity of O(log n) and is efficient for searching in sorted arrays. It also meets the scalability requirement as the time complexity remains efficient even for large input sizes.\",\n  \"Tester\": \"I would suggest testing the search algorithm with a variety of input sizes to ensure scalability. Additionally, it's important to test the algorithm with both sorted and unsorted arrays to verify its accuracy and efficiency in different scenarios.\"\n}",
    "Design0": "Based on the suggestions provided, the new design for the search algorithm should focus on implementing a binary search algorithm. This algorithm has a time complexity of O(log n) and is efficient for searching in sorted arrays, meeting the efficiency and scalability requirements. It should also be tested with a variety of input sizes and both sorted and unsorted arrays to ensure scalability and accuracy. Additionally, the algorithm should return a tuple containing a boolean indicating if the element is in the array and the index position of the element (or -1 if the element is not found). The design should provide guidance on the best approach for implementing the search algorithm to ensure efficiency and scalability, including discussing different search algorithms such as linear search, binary search, or other more advanced algorithms. This design should guide the developer in implementing a search algorithm that meets the efficiency and scalability requirements, rather than providing specific implementation details.",
    "CodeDraft0": "def sequential_search(dlist, item):\n    '''Write a function that takes in an array and element and returns a tuple containing a boolean that indicates if the element is in the array and the index position of the element (or -1 if the element is not found).'''\n\n    found = False\n    position = -1\n    for i in range(len(dlist)):\n        if dlist[i] == item:\n            found = True\n            position = i\n            break\n    return (found, position)\n\nassert sequential_search([11,23,58,31,56,77,43,12,65,19],31) == (True, 3)",
    "CodeDraft0_prompt": {
        "Role": "You are a professional engineer. Your duty is to write code in Python that meets the requirements. Ensure that the code you write is efficient, readable, and follows best practices. Remember, do not need to explain the code you wrote.",
        "Instruction": "According to the Context section, write your code.",
        "Example": "",
        "Context": "# Tasks:\n['Define function header for sequential_search', 'Iterate through array to check for element']\n# Design:\nBased on the suggestions provided, the new design for the search algorithm should focus on implementing a binary search algorithm. This algorithm has a time complexity of O(log n) and is efficient for searching in sorted arrays, meeting the efficiency and scalability requirements. It should also be tested with a variety of input sizes and both sorted and unsorted arrays to ensure scalability and accuracy. Additionally, the algorithm should return a tuple containing a boolean indicating if the element is in the array and the index position of the element (or -1 if the element is not found). The design should provide guidance on the best approach for implementing the search algorithm to ensure efficiency and scalability, including discussing different search algorithms such as linear search, binary search, or other more advanced algorithms. This design should guide the developer in implementing a search algorithm that meets the efficiency and scalability requirements, rather than providing specific implementation details.",
        "Question": "Follow the Instruction section. Complete the following code:\ndef sequential_search(dlist, item):\n'''Write a function that takes in an array and element and returns a tuple containing a boolean that indicates if the element is in the array and the index position of the element (or -1 if the element is not found).\nassert sequential_search([11,23,58,31,56,77,43,12,65,19],31) == (True, 3)'''\n"
    },
    "CodeReviewMeetings0": "{\n  \"Architect\": \"Consider using a more descriptive function name, such as 'search_array' to improve readability and maintainability of the code. Additionally, you may want to consider error handling for cases where the input array is empty or the item to search for is not found.\",\n  \"Tester\": \"Test cases should include scenarios where the item is not found in the array and when the input array is empty. Also, consider testing for edge cases, such as when the input array contains duplicate items.\"\n}",
    "Code0CR": "def binary_search(arr, element):\n    start = 0\n    end = len(arr) - 1\n    found = False\n    index = -1\n\n    while start <= end:\n        mid = (start + end) // 2\n        if arr[mid] == element:\n            found = True\n            index = mid\n            break\n        elif arr[mid] < element:\n            start = mid + 1\n        else:\n            end = mid - 1\n\n    return (found, index)",
    "Code0CR_prompt": "{\"Role\": \"You are a professional software engineer. Your duty is to write code in Python that meets the requirements. Ensure that the code you write is efficient, readable, and follows best practices. Remember, do not need to explain the code you wrote.\", \"Instruction\": \"1. Understand the suggestions(in the Context section) about the original code. 2. Rewrite your code.\", \"Example\": \"\", \"Context\": \"# Tasks:\\n['Define function header for sequential_search', 'Iterate through array to check for element']\\n# Design:\\nBased on the suggestions provided, the new design for the search algorithm should focus on implementing a binary search algorithm. This algorithm has a time complexity of O(log n) and is efficient for searching in sorted arrays, meeting the efficiency and scalability requirements. It should also be tested with a variety of input sizes and both sorted and unsorted arrays to ensure scalability and accuracy. Additionally, the algorithm should return a tuple containing a boolean indicating if the element is in the array and the index position of the element (or -1 if the element is not found). The design should provide guidance on the best approach for implementing the search algorithm to ensure efficiency and scalability, including discussing different search algorithms such as linear search, binary search, or other more advanced algorithms. This design should guide the developer in implementing a search algorithm that meets the efficiency and scalability requirements, rather than providing specific implementation details.# Suggestions:\\n{\\n  \\\"Architect\\\": \\\"Consider using a more descriptive function name, such as 'search_array' to improve readability and maintainability of the code. Additionally, you may want to consider error handling for cases where the input array is empty or the item to search for is not found.\\\",\\n  \\\"Tester\\\": \\\"Test cases should include scenarios where the item is not found in the array and when the input array is empty. Also, consider testing for edge cases, such as when the input array contains duplicate items.\\\"\\n}\", \"Question\": \"Follow the Instruction section. Complete the following code:\\ndef sequential_search(dlist, item):\\n'''Write a function that takes in an array and element and returns a tuple containing a boolean that indicates if the element is in the array and the index position of the element (or -1 if the element is not found).\\nassert sequential_search([11,23,58,31,56,77,43,12,65,19],31) == (True, 3)'''\\n\"}",
    "FinalCode": "def sequential_search(dlist, item):\n    index = 0\n    found = False\n    while index < len(dlist) and not found:\n        if dlist[index] == item:\n            found = True\n        else:\n            index = index + 1\n    if found:\n        return (found, index)\n    else:\n        return (found, -1)",
    "Test Cases Draft": "{\n  \"test_cases\": [\n    {\n      \"Test Title\": \"Test with element present in the array\",\n      \"Input Data\": \"dlist=[11,23,58,31,56,77,43,12,65,19], item=31\",\n      \"Expected Output\": \"(True, 3)\"\n    },\n    {\n      \"Test Title\": \"Test with element not present in the array\",\n      \"Input Data\": \"dlist=[11,23,58,31,56,77,43,12,65,19], item=50\",\n      \"Expected Output\": \"(False, -1)\"\n    },\n    {\n      \"Test Title\": \"Test with empty array\",\n      \"Input Data\": \"dlist=[], item=31\",\n      \"Expected Output\": \"(False, -1)\"\n    },\n    {\n      \"Test Title\": \"Test with large input array\",\n      \"Input Data\": \"dlist=[1,2,3,...,10000], item=5000\",\n      \"Expected Output\": \"(True, 4999)\"\n    }\n  ]\n}",
    "Test Cases Draft_prompt": "{\"Role\": \"You are a quality assurance engineer. Your duty is to design test cases for the developers.\", \"Instruction\": \"According to the Context section, write test cases. Don't write long strings in your test cases. Response in JSON format.\", \"Example\": \"{\\\"requirement analysis\\\":\\\"analysis\\\",\\\"test_cases\\\":[{\\\"Test Title\\\":\\\"title\\\", \\\"Input Data\\\":\\\"parameter1=[1,2,3],parameter2='123'\\\", \\\"Expected Output\\\":\\\"456\\\"},]}\", \"Context\": \"# Tasks:\\n['Brainstorm test cases for sequential_search function', 'Ensure correct results for different input arrays and elements']\\n# Design:\\nBased on the suggestions provided, the new design for the search algorithm should focus on implementing a binary search algorithm. This algorithm has a time complexity of O(log n) and is efficient for searching in sorted arrays, meeting the efficiency and scalability requirements. It should also be tested with a variety of input sizes and both sorted and unsorted arrays to ensure scalability and accuracy. Additionally, the algorithm should return a tuple containing a boolean indicating if the element is in the array and the index position of the element (or -1 if the element is not found). The design should provide guidance on the best approach for implementing the search algorithm to ensure efficiency and scalability, including discussing different search algorithms such as linear search, binary search, or other more advanced algorithms. This design should guide the developer in implementing a search algorithm that meets the efficiency and scalability requirements, rather than providing specific implementation details.\", \"Question\": \"def sequential_search(dlist, item):\\n'''Write a function that takes in an array and element and returns a tuple containing a boolean that indicates if the element is in the array and the index position of the element (or -1 if the element is not found).\\nassert sequential_search([11,23,58,31,56,77,43,12,65,19],31) == (True, 3)'''\\n\"}",
    "Test Cases Meetings": "{\n  \"Architect\": \"I suggest adding test cases to cover edge cases such as the maximum and minimum values for the input array and the item. This will ensure that the function can handle extreme input scenarios.\",\n  \"Developer\": \"I suggest revising the test cases to include boundary and negative test cases to ensure the function handles all possible scenarios. Additionally, we should consider adding test cases for error handling and exception cases to ensure the robustness of the function.\"\n}",
    "Test Cases": "{\n  \"test_cases\": [\n    {\n      \"Test Title\": \"Test with element present in the array\",\n      \"Input Data\": \"dlist=[11,23,58,31,56,77,43,12,65,19], item=31\",\n      \"Expected Output\": \"(True, 3)\"\n    },\n    {\n      \"Test Title\": \"Test with element not present in the array\",\n      \"Input Data\": \"dlist=[11,23,58,31,56,77,43,12,65,19], item=50\",\n      \"Expected Output\": \"(False, -1)\"\n    },\n    {\n      \"Test Title\": \"Test with empty array\",\n      \"Input Data\": \"dlist=[], item=31\",\n      \"Expected Output\": \"(False, -1)\"\n    },\n    {\n      \"Test Title\": \"Test with large input array\",\n      \"Input Data\": \"dlist=[1,2,3,...,10000], item=5000\",\n      \"Expected Output\": \"(True, 4999)\"\n    },\n    {\n      \"Test Title\": \"Test with maximum value in the array\",\n      \"Input Data\": \"dlist=[1,2,3,...,MAX_INT], item=MAX_INT\",\n      \"Expected Output\": \"(True, MAX_INDEX)\"\n    },\n    {\n      \"Test Title\": \"Test with minimum value in the array\",\n      \"Input Data\": \"dlist=[MIN_INT,...,2,1], item=MIN_INT\",\n      \"Expected Output\": \"(True, 0)\"\n    },\n    {\n      \"Test Title\": \"Test with negative item\",\n      \"Input Data\": \"dlist=[11,23,58,31,56,77,43,12,65,19], item=-31\",\n      \"Expected Output\": \"(False, -1)\"\n    },\n    {\n      \"Test Title\": \"Test with error handling\",\n      \"Input Data\": \"dlist='invalid', item=31\",\n      \"Expected Output\": \"Error: Invalid input\"\n    }\n  ]\n}",
    "Test Cases_prompt": "{\"Role\": \"You are a quality assurance engineer. Your duty is to revise the test cases based on the suggestions.\", \"Instruction\": \"1. Your colleague give you some suggestions(in the Context section) about the draft test cases, read these suggestions. 2. Revise your draft version test cases, but don't use long parameters. 3. Response in JSON format.\", \"Example\": \"{\\\"requirement analysis\\\":\\\"analysis\\\",\\\"test_cases\\\":[{\\\"Test Title\\\":\\\"title\\\", \\\"Input Data\\\":\\\"parameter1=[1,2,3],parameter2='123'\\\", \\\"Expected Output\\\":\\\"456\\\"},]}\", \"Context\": \"# Suggestions:\\n{\\n  \\\"Architect\\\": \\\"I suggest adding test cases to cover edge cases such as the maximum and minimum values for the input array and the item. This will ensure that the function can handle extreme input scenarios.\\\",\\n  \\\"Developer\\\": \\\"I suggest revising the test cases to include boundary and negative test cases to ensure the function handles all possible scenarios. Additionally, we should consider adding test cases for error handling and exception cases to ensure the robustness of the function.\\\"\\n}\\n # Draft Test cases:\\n{\\n  \\\"test_cases\\\": [\\n    {\\n      \\\"Test Title\\\": \\\"Test with element present in the array\\\",\\n      \\\"Input Data\\\": \\\"dlist=[11,23,58,31,56,77,43,12,65,19], item=31\\\",\\n      \\\"Expected Output\\\": \\\"(True, 3)\\\"\\n    },\\n    {\\n      \\\"Test Title\\\": \\\"Test with element not present in the array\\\",\\n      \\\"Input Data\\\": \\\"dlist=[11,23,58,31,56,77,43,12,65,19], item=50\\\",\\n      \\\"Expected Output\\\": \\\"(False, -1)\\\"\\n    },\\n    {\\n      \\\"Test Title\\\": \\\"Test with empty array\\\",\\n      \\\"Input Data\\\": \\\"dlist=[], item=31\\\",\\n      \\\"Expected Output\\\": \\\"(False, -1)\\\"\\n    },\\n    {\\n      \\\"Test Title\\\": \\\"Test with large input array\\\",\\n      \\\"Input Data\\\": \\\"dlist=[1,2,3,...,10000], item=5000\\\",\\n      \\\"Expected Output\\\": \\\"(True, 4999)\\\"\\n    }\\n  ]\\n}\", \"Question\": \"Follow the Instruction. Please make sure your response length are less than 512. Your test cases is for the below question:\\ndef sequential_search(dlist, item):\\n'''Write a function that takes in an array and element and returns a tuple containing a boolean that indicates if the element is in the array and the index position of the element (or -1 if the element is not found).\\nassert sequential_search([11,23,58,31,56,77,43,12,65,19],31) == (True, 3)'''\\n\"}",
    "Code0": "def binary_search(arr, element):\n    start = 0\n    end = len(arr) - 1\n    found = False\n    index = -1\n\n    while start <= end:\n        mid = (start + end) // 2\n        if arr[mid] == element:\n            found = True\n            index = mid\n            break\n        elif arr[mid] < element:\n            start = mid + 1\n        else:\n            end = mid - 1\n\n    return (found, index)",
    "Code0_prompt": {
        "Role": "You are a professional software engineer. Your duty is to write code in Python that meets the requirements. Ensure that the code you write is efficient, readable, and follows best practices. Remember, do not need to explain the code you wrote.",
        "Instruction": "1. Understand the test cases(in the Context section) about the original code. 2. Rewrite your code, make sure your code pass all test cases.",
        "Example": "",
        "Context": "# Original Code:\ndef binary_search(arr, element):\n    start = 0\n    end = len(arr) - 1\n    found = False\n    index = -1\n\n    while start <= end:\n        mid = (start + end) // 2\n        if arr[mid] == element:\n            found = True\n            index = mid\n            break\n        elif arr[mid] < element:\n            start = mid + 1\n        else:\n            end = mid - 1\n\n    return (found, index)\n# Test Cases:\n{\n  \"test_cases\": [\n    {\n      \"Test Title\": \"Test with element present in the array\",\n      \"Input Data\": \"dlist=[11,23,58,31,56,77,43,12,65,19], item=31\",\n      \"Expected Output\": \"(True, 3)\"\n    },\n    {\n      \"Test Title\": \"Test with element not present in the array\",\n      \"Input Data\": \"dlist=[11,23,58,31,56,77,43,12,65,19], item=50\",\n      \"Expected Output\": \"(False, -1)\"\n    },\n    {\n      \"Test Title\": \"Test with empty array\",\n      \"Input Data\": \"dlist=[], item=31\",\n      \"Expected Output\": \"(False, -1)\"\n    },\n    {\n      \"Test Title\": \"Test with large input array\",\n      \"Input Data\": \"dlist=[1,2,3,...,10000], item=5000\",\n      \"Expected Output\": \"(True, 4999)\"\n    },\n    {\n      \"Test Title\": \"Test with maximum value in the array\",\n      \"Input Data\": \"dlist=[1,2,3,...,MAX_INT], item=MAX_INT\",\n      \"Expected Output\": \"(True, MAX_INDEX)\"\n    },\n    {\n      \"Test Title\": \"Test with minimum value in the array\",\n      \"Input Data\": \"dlist=[MIN_INT,...,2,1], item=MIN_INT\",\n      \"Expected Output\": \"(True, 0)\"\n    },\n    {\n      \"Test Title\": \"Test with negative item\",\n      \"Input Data\": \"dlist=[11,23,58,31,56,77,43,12,65,19], item=-31\",\n      \"Expected Output\": \"(False, -1)\"\n    },\n    {\n      \"Test Title\": \"Test with error handling\",\n      \"Input Data\": \"dlist='invalid', item=31\",\n      \"Expected Output\": \"Error: Invalid input\"\n    }\n  ]\n}",
        "Question": "def sequential_search(dlist, item):\n'''Write a function that takes in an array and element and returns a tuple containing a boolean that indicates if the element is in the array and the index position of the element (or -1 if the element is not found).\nassert sequential_search([11,23,58,31,56,77,43,12,65,19],31) == (True, 3)'''\n"
    },
    "TestScriptOriginal": "import unittest\n\ndef sequential_search(dlist, item):\n    for i in range(len(dlist)):\n        if dlist[i] == item:\n            return (True, i)\n    return (False, -1)\n\nclass Test(unittest.TestCase):\n    def test(self):\n        self.assertEqual(sequential_search([11,23,58,31,56,77,43,12,65,19], 31), (True, 3))\n\nif __name__ == '__main__':\n    unittest.main()",
    "TestScriptOriginal_prompt": "{\"Role\": \"You are a quality assurance engineer. Your duty is to write a python test script in unittest framework.\", \"Instruction\": \"1. Write a python test script. 2. Use the input and output given by the question.\", \"Example\": \"import unittest\\n\\nclass Test(unittest.TestCase):\\n    def test(self):\\n        self.assertEqual(function_under_test('a'), 1)\\n\\nif __name__ == '__main__':\\n    unittest.main()\", \"Context\": \"\", \"Question\": \"def sequential_search(dlist, item):\\n'''Write a function that takes in an array and element and returns a tuple containing a boolean that indicates if the element is in the array and the index position of the element (or -1 if the element is not found).\\nassert sequential_search([11,23,58,31,56,77,43,12,65,19],31) == (True, 3)'''\\n\"}",
    "TestScript": "import unittest\n\nclass Test(unittest.TestCase):\n    def test(self):\n        self.assertEqual(sequential_search([11,23,58,31,56,77,43,12,65,19], 31), (True, 3))\n\nif __name__ == '__main__':\n    unittest.main()",
    "ScriptResult0": "E\n======================================================================\nERROR: test (__main__.Test)\n----------------------------------------------------------------------\nTraceback (most recent call last):\n  File \"/Users/watch/PycharmProjects/XXXX-1-LLM/workspace/2024-03-11_09-05-13-134081/test_script.py\", line 23, in test\n    self.assertEqual(sequential_search([11,23,58,31,56,77,43,12,65,19], 31), (True, 3))\nNameError: name 'sequential_search' is not defined\n\n----------------------------------------------------------------------\nRan 1 test in 0.000s\n\nFAILED (errors=1)\n",
    "TestReport0": "Test Report:\n\nThe test script's output shows that there is an error in the code. The error is related to the name 'sequential_search' not being defined. The test failed with 1 error.\n\nConclusion: Code Test Failed\n\nInput and Expected Output Example:\ndef binary_search(arr, element):\n    start = 0\n    end = len(arr) - 1\n    found = False\n    index = -1\n\n    while start <= end:\n        mid = (start + end) // 2\n        if arr[mid] == element:\n            found = True\n            index = mid\n            break\n        elif arr[mid] < element:\n            start = mid + 1\n        else:\n            end = mid - 1\n\n    return (found, index)",
    "SprintReview0": "[ScrumMaster]says: Here is our test Report: Test Report:\n\nThe test script's output shows that there is an error in the code. The error is related to the name 'sequential_search' not being defined. The test failed with 1 error.\n\nConclusion: Code Test Failed\n\nInput and Expected Output Example:\ndef binary_search(arr, element):\n    start = 0\n    end = len(arr) - 1\n    found = False\n    index = -1\n\n    while start <= end:\n        mid = (start + end) // 2\n        if arr[mid] == element:\n            found = True\n            index = mid\n            break\n        elif arr[mid] < element:\n            start = mid + 1\n        else:\n            end = mid - 1\n\n    return (found, index), do you have any ideas?\n-----\n\n[Tester]says: As a Tester, I recommend reviewing the code for the 'sequential_search' function to ensure it is properly defined and implemented.\n-----\n\n[Architect]says: As an Architect, I will review the code and suggest implementing error handling to handle cases where 'sequential_search' is not defined.\n-----\n\n[ProductOwner]says: As a Product Owner, we need to prioritize fixing the error in the code for 'sequential_search' and ensure that the test passes before moving forward with any further development.\n-----\n\n[Developer]says: As a Developer, I think we should review the code for the 'sequential_search' function and ensure it is properly defined. We should also consider running additional tests to identify and fix any other errors.\n-----\n\n[Architect]says: As an Architect, I will review the code and suggest implementing error handling to handle cases where 'sequential_search' is not defined.\n-----\n\n[ProductOwner]says: As a Product Owner, we need to prioritize fixing the error in the code for 'sequential_search' and ensure that the test passes before moving forward with any further development.\n-----\n\n[Tester]says: [Tester] says: Based on my role as a Tester, I recommend reviewing the code for the 'sequential_search' function to ensure it is properly defined and implemented.\n-----\n\n[Developer]says: As a Developer, I will review the code for the 'sequential_search' function and ensure it is properly defined. We should also consider running additional tests to identify and fix any other errors.\n-----\n",
    "SprintReviewMeetings0": "{\n  \"product-owner\": [\n    \"We need to prioritize fixing the error in the code for 'sequential_search' and ensure that the test passes before moving forward with any further development.\"\n  ],\n  \"architect\": [\n    \"Review the code and suggest implementing error handling to handle cases where 'sequential_search' is not defined.\"\n  ],\n  \"developer\": [\n    \"Review the code for the 'sequential_search' function and ensure it is properly defined.\",\n    \"Consider running additional tests to identify and fix any other errors.\"\n  ],\n  \"tester\": [\n    \"Recommend reviewing the code for the 'sequential_search' function to ensure it is properly defined and implemented.\"\n  ]\n}",
    "SprintReviewMeetings0_prompt": "{\"Role\": \"You are a professional scrum master. Your goal is to summary the Discussion History into a suggestions list for the scrum team.\", \"Instruction\": \"1. Read and Understand the Discussion History. 2. Summary the suggestions from four roles: product-owner/architect/developer/tester. 3. Response in JSON format.\", \"Example\": \"{\\\"product-owner\\\":[\\\"suggestion1\\\",\\\"suggestion2\\\"],\\\"architect\\\":[\\\"suggestion1\\\",\\\"suggestion2\\\"], \\\"developer\\\":[\\\"suggestion1\\\",\\\"suggestion2\\\"], \\\"tester\\\":[\\\"suggestion1\\\",\\\"suggestion2\\\"]}\", \"Context\": \"[ScrumMaster]says: Here is our test Report: Test Report:\\n\\nThe test script's output shows that there is an error in the code. The error is related to the name 'sequential_search' not being defined. The test failed with 1 error.\\n\\nConclusion: Code Test Failed\\n\\nInput and Expected Output Example:\\ndef binary_search(arr, element):\\n    start = 0\\n    end = len(arr) - 1\\n    found = False\\n    index = -1\\n\\n    while start <= end:\\n        mid = (start + end) // 2\\n        if arr[mid] == element:\\n            found = True\\n            index = mid\\n            break\\n        elif arr[mid] < element:\\n            start = mid + 1\\n        else:\\n            end = mid - 1\\n\\n    return (found, index), do you have any ideas?\\n-----\\n\\n[Tester]says: As a Tester, I recommend reviewing the code for the 'sequential_search' function to ensure it is properly defined and implemented.\\n-----\\n\\n[Architect]says: As an Architect, I will review the code and suggest implementing error handling to handle cases where 'sequential_search' is not defined.\\n-----\\n\\n[ProductOwner]says: As a Product Owner, we need to prioritize fixing the error in the code for 'sequential_search' and ensure that the test passes before moving forward with any further development.\\n-----\\n\\n[Developer]says: As a Developer, I think we should review the code for the 'sequential_search' function and ensure it is properly defined. We should also consider running additional tests to identify and fix any other errors.\\n-----\\n\\n[Architect]says: As an Architect, I will review the code and suggest implementing error handling to handle cases where 'sequential_search' is not defined.\\n-----\\n\\n[ProductOwner]says: As a Product Owner, we need to prioritize fixing the error in the code for 'sequential_search' and ensure that the test passes before moving forward with any further development.\\n-----\\n\\n[Tester]says: [Tester] says: Based on my role as a Tester, I recommend reviewing the code for the 'sequential_search' function to ensure it is properly defined and implemented.\\n-----\\n\\n[Developer]says: As a Developer, I will review the code for the 'sequential_search' function and ensure it is properly defined. We should also consider running additional tests to identify and fix any other errors.\\n-----\\n\", \"Question\": \"Follow the Instruction section. The Discussion History is in the Context section. You only need to return a list as the Example section.\"}",
    "RepairResponse0": "{\n  \"revised_code\": \"def sequential_search(dlist, item):\\n    index = 0\\n    found = False\\n    while index < len(dlist) and not found:\\n        if dlist[index] == item:\\n            found = True\\n        else:\\n            index = index + 1\\n    if found:\\n        return (found, index)\\n    else:\\n        return (found, -1)\"\n}",
    "RepairResponse0_prompt": {
        "Role": "You are a professional software engineer. Your duty is to write code in Python that meets the requirements. Ensure that the code you write is efficient, readable, and follows best practices. Remember, do not need to explain the code you wrote.",
        "Instruction": "1. Rewrite a bug fix version of the original code. 2. Response in JSON format.",
        "Example": "{\"revised_code\":\"...\"}",
        "Context": "# Test Report:\nTest Report:\n\nThe test script's output shows that there is an error in the code. The error is related to the name 'sequential_search' not being defined. The test failed with 1 error.\n\nConclusion: Code Test Failed\n\nInput and Expected Output Example:\ndef binary_search(arr, element):\n    start = 0\n    end = len(arr) - 1\n    found = False\n    index = -1\n\n    while start <= end:\n        mid = (start + end) // 2\n        if arr[mid] == element:\n            found = True\n            index = mid\n            break\n        elif arr[mid] < element:\n            start = mid + 1\n        else:\n            end = mid - 1\n\n    return (found, index)# suggestions:\n{\"product-owner\": [\"We need to prioritize fixing the error in the code for 'sequential_search' and ensure that the test passes before moving forward with any further development.\"], \"architect\": [\"Review the code and suggest implementing error handling to handle cases where 'sequential_search' is not defined.\"], \"developer\": [\"Review the code for the 'sequential_search' function and ensure it is properly defined.\", \"Consider running additional tests to identify and fix any other errors.\"], \"tester\": [\"Recommend reviewing the code for the 'sequential_search' function to ensure it is properly defined and implemented.\"]}",
        "Question": "The original code has some bugs, according to the test report and suggestions, rewrite the code. Complete the following code:\ndef sequential_search(dlist, item):\n'''Write a function that takes in an array and element and returns a tuple containing a boolean that indicates if the element is in the array and the index position of the element (or -1 if the element is not found).\nassert sequential_search([11,23,58,31,56,77,43,12,65,19],31) == (True, 3)'''\n"
    },
    "Code1": "def sequential_search(dlist, item):\n    index = 0\n    found = False\n    while index < len(dlist) and not found:\n        if dlist[index] == item:\n            found = True\n        else:\n            index = index + 1\n    if found:\n        return (found, index)\n    else:\n        return (found, -1)",
    "ScriptResult1": ".\n----------------------------------------------------------------------\nRan 1 test in 0.000s\n\nOK\n",
    "TestReport1": "Test Report:\n\nTest Script Output:\n.\n----------------------------------------------------------------------\nRan 1 test in 0.000s\n\nOK\n\nConclusion:\nCode Test Passed\n\nCode:\ndef sequential_search(dlist, item):\n    index = 0\n    found = False\n    while index < len(dlist) and not found:\n        if dlist[index] == item:\n            found = True\n        else:\n            index = index + 1\n    if found:\n        return (found, index)\n    else:\n        return (found, -1)"
}