{
    "start_time": "2024-03-11_11-33-12-087647",
    "task": "def sum(a,b): \n'''Write a python function to find the sum of common divisors of two given numbers.\nassert sum(10,15) == 6'''\n",
    "datetime": {
        "task": "2024-03-11 11:33:12",
        "task-id": "2024-03-11 11:33:12",
        "workflow": "2024-03-11 11:33:12",
        "Discussion": "2024-03-11 11:33:13",
        "DisorderedSprintMeetings": "2024-03-11 11:33:15",
        "UserStoryDraft0": "2024-03-11 11:33:55",
        "AnalyzeMeetings": "2024-03-11 11:33:57",
        "UserStory0": "2024-03-11 11:35:42",
        "CodeDraft0": "2024-03-11 11:35:43",
        "CodeReviewMeetings0": "2024-03-11 11:35:45",
        "Code0CR": "2024-03-11 11:35:46",
        "FinalCode": "2024-03-11 11:36:22",
        "Test Cases Draft": "2024-03-11 11:35:48",
        "Test Cases Meetings": "2024-03-11 11:35:50",
        "Test Cases": "2024-03-11 11:35:52",
        "Code0": "2024-03-11 11:35:52",
        "TestScriptOriginal": "2024-03-11 11:35:54",
        "TestScript": "2024-03-11 11:35:54",
        "ScriptResult0": "2024-03-11 11:35:55",
        "TestReport0": "2024-03-11 11:35:59",
        "SprintReview0": "2024-03-11 11:36:01",
        "SprintReviewMeetings0": "2024-03-11 11:36:03",
        "RepairResponse0": "2024-03-11 11:36:04",
        "Code1": "2024-03-11 11:36:04",
        "ScriptResult1": "2024-03-11 11:36:04",
        "TestReport1": "2024-03-11 11:36:07",
        "SprintReview1": "2024-03-11 11:36:08",
        "SprintReviewMeetings1": "2024-03-11 11:36:10",
        "RepairResponse1": "2024-03-11 11:36:12",
        "Code2": "2024-03-11 11:36:12",
        "ScriptResult2": "2024-03-11 11:36:12",
        "TestReport2": "2024-03-11 11:36:16",
        "SprintReview2": "2024-03-11 11:36:17",
        "SprintReviewMeetings2": "2024-03-11 11:36:20",
        "RepairResponse2": "2024-03-11 11:36:22",
        "Code3": "2024-03-11 11:36:22",
        "ScriptResult3": "2024-03-11 11:36:22",
        "TestReport3": "2024-03-11 11:36:24"
    },
    "task-id": 126,
    "workflow": "agile/agile_version_0.0.5_remove.json",
    "Discussion": "[ScrumMaster]says: We have a job: def sum(a,b): \n'''Write a python function to find the sum of common divisors of two given numbers.\nassert sum(10,15) == 6'''\n, do you have any ideas?\n-----\n\n[ProductOwner]says: As a Product Owner, I think we should first prioritize identifying the user requirements for this function.\n-----\n\n[Developer]says: As a developer, I think we should start by brainstorming different approaches to solving this problem.\n-----\n\n[Tester]says: As a Tester, I would suggest testing the sum function with different sets of numbers to ensure it returns the correct sum of common divisors.\n-----\n\n[Architect]says: As an architect, I suggest considering a modular approach to designing the function in order to make it more scalable and maintainable.\n-----\n\n[ProductOwner]says: As a Product Owner, I think we should first prioritize identifying the user requirements for this function.\n-----\n\n[Developer]says: [Developer] I think we should start by brainstorming different approaches to solving this problem.\n-----\n\n[Tester]says: [Tester] I would suggest testing the sum function with different sets of numbers to ensure it returns the correct sum of common divisors.\n-----\n\n[Architect]says: As an Architect, I suggest considering a modular approach to designing the function in order to make it more scalable and maintainable.\n-----\n",
    "DisorderedSprintMeetings": "{\n  \"product-owner\": [\n    \"Identify user requirements for the sum function\",\n    \"Prioritize user requirements\"\n  ],\n  \"architect\": [\n    \"Consider modular approach for designing the function\",\n    \"Make function more scalable and maintainable\"\n  ],\n  \"developer\": [\n    \"Brainstorm different approaches to solving the problem\",\n    \"Write python function to find the sum of common divisors\"\n  ],\n  \"tester\": [\n    \"Test sum function with different sets of numbers\",\n    \"Ensure correct sum of common divisors\"\n  ]\n}",
    "DisorderedSprintMeetings_prompt": "{\"Role\": \"You are a professional scrum master. Your goal is to breakdown the Discussion History into a task list for the scrum team.\", \"Instruction\": \"1. Read and Understand the Discussion History. 2. Define the tasks for four roles: product-owner/architect/developer/tester. 3. Response in JSON format.\", \"Example\": \"{\\\"product-owner\\\":[\\\"task1\\\",\\\"task2\\\"],\\\"architect\\\":[\\\"task1\\\",\\\"task2\\\"], \\\"developer\\\":[\\\"task1\\\",\\\"task2\\\"], \\\"tester\\\":[\\\"task1\\\",\\\"task2\\\"]}\", \"Context\": \"[ScrumMaster]says: We have a job: def sum(a,b): \\n'''Write a python function to find the sum of common divisors of two given numbers.\\nassert sum(10,15) == 6'''\\n, do you have any ideas?\\n-----\\n\\n[ProductOwner]says: As a Product Owner, I think we should first prioritize identifying the user requirements for this function.\\n-----\\n\\n[Developer]says: As a developer, I think we should start by brainstorming different approaches to solving this problem.\\n-----\\n\\n[Tester]says: As a Tester, I would suggest testing the sum function with different sets of numbers to ensure it returns the correct sum of common divisors.\\n-----\\n\\n[Architect]says: As an architect, I suggest considering a modular approach to designing the function in order to make it more scalable and maintainable.\\n-----\\n\\n[ProductOwner]says: As a Product Owner, I think we should first prioritize identifying the user requirements for this function.\\n-----\\n\\n[Developer]says: [Developer] I think we should start by brainstorming different approaches to solving this problem.\\n-----\\n\\n[Tester]says: [Tester] I would suggest testing the sum function with different sets of numbers to ensure it returns the correct sum of common divisors.\\n-----\\n\\n[Architect]says: As an Architect, I suggest considering a modular approach to designing the function in order to make it more scalable and maintainable.\\n-----\\n\", \"Question\": \"Follow the Instruction section. The Discussion History is in the Context section. You only need to return a task list as the Example section.\"}",
    "UserStoryDraft0": "{\n  \"UserStory\": {\n    \"As a product owner, I want to identify user requirements for the sum function, so that I can prioritize and define the scope of the function's functionality.\"\n \t\t\t\t\n \t\t\t\n \t\n \t\n \t\n \t\n \t\n \t\n \t\n \t\n \t\n \t\n \t\n \t\n \t\n \t\n \t\n \t\n \t\n \t\n \t\n \t\n \t\n \t\n \t\n \t\n \t\n \t\n \t\n \t\n \t\n \t\n \t\n \t\n\t\t\n \t\n\t\t\n \t\n \t\n \t\n \t\n \t\n \t\n \t\n \t\n \t\n \t\n \t\n \t\n \t\n \t\n \t\n \t\n \t\n \t\n \t\n \t\n \t\n \t\n \t\n \t\n \t\n \t\n \t\n \t\n \t\n \t\n \t\n \t\n \t\n \t\n \t\n \t\n \t\n \t\n \t\n \t\n \t\n \t\n \t\n \t\n \t\n \t\n \t\n \t\n \t\n \t\n \t\n \t\n \t\n \t\n \t\n \t\n \t\n \t\n \t\n \t\n \t\n \t\n \t\n \t\n \t\n \t\n \t\n \t\n \t\n",
    "UserStoryDraft0_prompt": "{\"Role\": \"You need to act as a professional product owner. Your task is to write a UserStory\", \"Instruction\": \"According to the Context, please analyze the requirement and write your response. Response in JSON format. Your response should be high-level, rather than providing implementation details.\", \"Example\": \"\", \"Context\": [\"Identify user requirements for the sum function\", \"Prioritize user requirements\"], \"Question\": \"Follow the Instruction. The requirement is as follows:\\ndef sum(a,b): \\n'''Write a python function to find the sum of common divisors of two given numbers.\\nassert sum(10,15) == 6'''\\n\"}",
    "AnalyzeMeetings": "{\n  \"Architect\": \"Based on the user story, it is important to gather and prioritize user requirements for the sum function. This can be achieved by conducting stakeholder interviews, creating use case diagrams, and defining functional and non-functional requirements. Additionally, it would be beneficial to consider scalability and performance requirements for the function.\",\n  \"Tester\": \"As a tester, it is important to ensure that the identified user requirements for the sum function are testable. It would be beneficial to create test cases based on the defined requirements and prioritize them based on their criticality. Additionally, it is important to consider both positive and negative test scenarios to ensure comprehensive test coverage.\"\n}",
    "UserStory0": "{\n  \"RevisedDocument\": {\n    \"UserStory\": {\n      \"As a product owner, I want to identify and prioritize user requirements for the sum function, so that I can define the scope of the function's functionality.\"\n   \t\n     \t\t\t\n     \t\t\n   \t\n   \t\n   \t\n   \t\n   \t\n   \t\n   \t\n   \t\n   \t\n   \t\n   \t\n   \t\n   \t\n   \t\n   \t\n   \t\n   \t\n   \t\n   \t\n   \t\n   \t\n   \t\n   \t\n   \t\n   \t\n   \t\n   \t\n   \t\n   \t\n   \t\n   \t\n   \t\n   \t\n   \t\n   \t\n   \t\n   \t\n   \t\n   \t\n   \t\n   \t\n   \t\n   \t\n   \t\n   \t\n   \t\n   \t\n   \t\n   \t\n   \t\n   \t\n   \t\n   \t\n   \t\n   \t\n   \t\n   \t\n   \t\n   \t\n   \t\n   \t\n   \t\n   \t\n   \t\n   \t\n   \t\n   \t\n   \t\n   \t\n   \t\n   \t\n   \t\n   \t\n   \t\n   \t\n   \t\n   \t\n   \t\n   \t\n   \t\n   \t\n   \t\n   \t\n   \t\n   \t\n   \t\n   \t\n   \t\n   \t\n   \t\n   \t\n   \t\n   \t\n   \t\n   \t\n   \t\n \t\t\n \t\n \t\n \t\n \t\n \t\n",
    "UserStory0_prompt": {
        "Role": "You need to act as a professional product owner. Your duty is to revise the document based on the suggestions.",
        "Instruction": "1. Read the suggestions. 2. Revise your draft version document. 3. Response in JSON format. 4. REMEMBER: Your analysis should be high-level, rather than providing implementation details.",
        "Example": "",
        "Context": "# Suggestion:\n{\n  \"Architect\": \"Based on the user story, it is important to gather and prioritize user requirements for the sum function. This can be achieved by conducting stakeholder interviews, creating use case diagrams, and defining functional and non-functional requirements. Additionally, it would be beneficial to consider scalability and performance requirements for the function.\",\n  \"Tester\": \"As a tester, it is important to ensure that the identified user requirements for the sum function are testable. It would be beneficial to create test cases based on the defined requirements and prioritize them based on their criticality. Additionally, it is important to consider both positive and negative test scenarios to ensure comprehensive test coverage.\"\n}",
        "Question": "Follow the Instruction. Your colleague give you some suggestions(in the Context section) about this draft document:{\n  \"UserStory\": {\n    \"As a product owner, I want to identify user requirements for the sum function, so that I can prioritize and define the scope of the function's functionality.\"\n \t\t\t\t\n \t\t\t\n \t\n \t\n \t\n \t\n \t\n \t\n \t\n \t\n \t\n \t\n \t\n \t\n \t\n \t\n \t\n \t\n \t\n \t\n \t\n \t\n \t\n \t\n \t\n \t\n \t\n \t\n \t\n \t\n \t\n \t\n \t\n \t\n\t\t\n \t\n\t\t\n \t\n \t\n \t\n \t\n \t\n \t\n \t\n \t\n \t\n \t\n \t\n \t\n \t\n \t\n \t\n \t\n \t\n \t\n \t\n \t\n \t\n \t\n \t\n \t\n \t\n \t\n \t\n \t\n \t\n \t\n \t\n \t\n \t\n \t\n \t\n \t\n \t\n \t\n \t\n \t\n \t\n \t\n \t\n \t\n \t\n \t\n \t\n \t\n \t\n \t\n \t\n \t\n \t\n \t\n \t\n \t\n \t\n \t\n \t\n \t\n \t\n \t\n \t\n \t\n \t\n \t\n \t\n \t\n \t\n"
    },
    "CodeDraft0": "def sum(a, b):\n    common_divisors = []\n    for i in range(1, min(a, b) + 1):\n        if a % i == 0 and b % i == 0:\n            common_divisors.append(i)\n    return sum(common_divisors)",
    "CodeDraft0_prompt": {
        "Role": "You are a professional engineer. Your duty is to write code in Python that meets the requirements. Ensure that the code you write is efficient, readable, and follows best practices. Remember, do not need to explain the code you wrote.",
        "Instruction": "According to the Context section, write your code.",
        "Example": "",
        "Context": "# Tasks:\n['Brainstorm different approaches to solving the problem', 'Write python function to find the sum of common divisors']",
        "Question": "Follow the Instruction section. Complete the following code:\ndef sum(a,b): \n'''Write a python function to find the sum of common divisors of two given numbers.\nassert sum(10,15) == 6'''\n"
    },
    "CodeReviewMeetings0": "{\n  \"Architect\": \"The function name 'sum' is confusing, it should be renamed to something like 'sum_of_common_divisors'. Also, the code can be optimized by using a list comprehension to generate the 'common_divisors' list.\",\n  \"Tester\": \"The code should be tested with different sets of input values, including edge cases such as 0, negative numbers, and large numbers to ensure it handles all scenarios correctly. Additionally, it's important to verify the correctness of the sum_of_common_divisors result against known test cases.\"\n}",
    "Code0CR": "def sum_of_common_divisors(a, b):\n    common_divisors = [i for i in range(1, min(a, b) + 1) if a % i == 0 and b % i == 0]\n    return sum(common_divisors)",
    "Code0CR_prompt": "{\"Role\": \"You are a professional software engineer. Your duty is to write code in Python that meets the requirements. Ensure that the code you write is efficient, readable, and follows best practices. Remember, do not need to explain the code you wrote.\", \"Instruction\": \"1. Understand the suggestions(in the Context section) about the original code. 2. Rewrite your code.\", \"Example\": \"\", \"Context\": \"# Tasks:\\n['Brainstorm different approaches to solving the problem', 'Write python function to find the sum of common divisors']\\n# Suggestions:\\n{\\n  \\\"Architect\\\": \\\"The function name 'sum' is confusing, it should be renamed to something like 'sum_of_common_divisors'. Also, the code can be optimized by using a list comprehension to generate the 'common_divisors' list.\\\",\\n  \\\"Tester\\\": \\\"The code should be tested with different sets of input values, including edge cases such as 0, negative numbers, and large numbers to ensure it handles all scenarios correctly. Additionally, it's important to verify the correctness of the sum_of_common_divisors result against known test cases.\\\"\\n}\", \"Question\": \"Follow the Instruction section. Complete the following code:\\ndef sum(a,b): \\n'''Write a python function to find the sum of common divisors of two given numbers.\\nassert sum(10,15) == 6'''\\n\"}",
    "FinalCode": "def sum(a, b):\n    common_divisors = []\n    for i in range(1, min(a, b) + 1):\n        if a % i == 0 and b % i == 0:\n            common_divisors.append(i)\n    return sum(common_divisors)",
    "Test Cases Draft": "{\n  \"requirement analysis\": \"Identify and prioritize user requirements for the sum function\",\n  \"test_cases\": [\n    {\n      \"Test Title\": \"Test sum function with different sets of numbers\",\n      \"Input Data\": \"parameter1=10, parameter2=15\",\n      \"Expected Output\": \"6\"\n    },\n    {\n      \"Test Title\": \"Ensure correct sum of common divisors\",\n      \"Input Data\": \"parameter1=10, parameter2=15\",\n      \"Expected Output\": \"6\"\n    }\n  ]\n}",
    "Test Cases Draft_prompt": "{\"Role\": \"You are a quality assurance engineer. Your duty is to design test cases for the developers.\", \"Instruction\": \"According to the Context section, write test cases. Don't write long strings in your test cases. Response in JSON format.\", \"Example\": \"{\\\"requirement analysis\\\":\\\"analysis\\\",\\\"test_cases\\\":[{\\\"Test Title\\\":\\\"title\\\", \\\"Input Data\\\":\\\"parameter1=[1,2,3],parameter2='123'\\\", \\\"Expected Output\\\":\\\"456\\\"},]}\", \"Context\": \"# UsrtStory:\\n{\\n  \\\"RevisedDocument\\\": {\\n    \\\"UserStory\\\": {\\n      \\\"As a product owner, I want to identify and prioritize user requirements for the sum function, so that I can define the scope of the function's functionality.\\\"\\n   \\t\\n     \\t\\t\\t\\n     \\t\\t\\n   \\t\\n   \\t\\n   \\t\\n   \\t\\n   \\t\\n   \\t\\n   \\t\\n   \\t\\n   \\t\\n   \\t\\n   \\t\\n   \\t\\n   \\t\\n   \\t\\n   \\t\\n   \\t\\n   \\t\\n   \\t\\n   \\t\\n   \\t\\n   \\t\\n   \\t\\n   \\t\\n   \\t\\n   \\t\\n   \\t\\n   \\t\\n   \\t\\n   \\t\\n   \\t\\n   \\t\\n   \\t\\n   \\t\\n   \\t\\n   \\t\\n   \\t\\n   \\t\\n   \\t\\n   \\t\\n   \\t\\n   \\t\\n   \\t\\n   \\t\\n   \\t\\n   \\t\\n   \\t\\n   \\t\\n   \\t\\n   \\t\\n   \\t\\n   \\t\\n   \\t\\n   \\t\\n   \\t\\n   \\t\\n   \\t\\n   \\t\\n   \\t\\n   \\t\\n   \\t\\n   \\t\\n   \\t\\n   \\t\\n   \\t\\n   \\t\\n   \\t\\n   \\t\\n   \\t\\n   \\t\\n   \\t\\n   \\t\\n   \\t\\n   \\t\\n   \\t\\n   \\t\\n   \\t\\n   \\t\\n   \\t\\n   \\t\\n   \\t\\n   \\t\\n   \\t\\n   \\t\\n   \\t\\n   \\t\\n   \\t\\n   \\t\\n   \\t\\n   \\t\\n   \\t\\n   \\t\\n   \\t\\n   \\t\\n   \\t\\n   \\t\\n   \\t\\n \\t\\t\\n \\t\\n \\t\\n \\t\\n \\t\\n \\t\\n\\n# Tasks:\\n['Test sum function with different sets of numbers', 'Ensure correct sum of common divisors']\\n\", \"Question\": \"def sum(a,b): \\n'''Write a python function to find the sum of common divisors of two given numbers.\\nassert sum(10,15) == 6'''\\n\"}",
    "Test Cases Meetings": "{\n  \"Architect\": \"As an Architect, I suggest revising the test cases to ensure they align with the identified and prioritized user requirements for the sum function. The test cases should cover a wider range of input data and expected outputs to thoroughly validate the function's behavior.\",\n  \"Developer\": \"As a Developer, I suggest revising the test cases to include more diverse input data and expected outputs to cover different scenarios and edge cases. Additionally, the expected outputs should be corrected to reflect the actual sum of the input parameters.\"\n}",
    "Test Cases": "{\n  \"requirement analysis\": \"Identify and prioritize user requirements for the sum function\",\n  \"test_cases\": [\n    {\n      \"Test Title\": \"Test sum function with different sets of numbers\",\n      \"Input Data\": \"parameter1=[1,2,5,10], parameter2=[1,3,5,15]\",\n      \"Expected Output\": \"24\"\n    },\n    {\n      \"Test Title\": \"Ensure correct sum of common divisors\",\n      \"Input Data\": \"parameter1=[10,20,30], parameter2=[15,30,45]\",\n      \"Expected Output\": \"12\"\n    }\n  ]\n}",
    "Test Cases_prompt": "{\"Role\": \"You are a quality assurance engineer. Your duty is to revise the test cases based on the suggestions.\", \"Instruction\": \"1. Your colleague give you some suggestions(in the Context section) about the draft test cases, read these suggestions. 2. Revise your draft version test cases, but don't use long parameters. 3. Response in JSON format.\", \"Example\": \"{\\\"requirement analysis\\\":\\\"analysis\\\",\\\"test_cases\\\":[{\\\"Test Title\\\":\\\"title\\\", \\\"Input Data\\\":\\\"parameter1=[1,2,3],parameter2='123'\\\", \\\"Expected Output\\\":\\\"456\\\"},]}\", \"Context\": \"# Suggestions:\\n{\\n  \\\"Architect\\\": \\\"As an Architect, I suggest revising the test cases to ensure they align with the identified and prioritized user requirements for the sum function. The test cases should cover a wider range of input data and expected outputs to thoroughly validate the function's behavior.\\\",\\n  \\\"Developer\\\": \\\"As a Developer, I suggest revising the test cases to include more diverse input data and expected outputs to cover different scenarios and edge cases. Additionally, the expected outputs should be corrected to reflect the actual sum of the input parameters.\\\"\\n}\\n # Draft Test cases:\\n{\\n  \\\"requirement analysis\\\": \\\"Identify and prioritize user requirements for the sum function\\\",\\n  \\\"test_cases\\\": [\\n    {\\n      \\\"Test Title\\\": \\\"Test sum function with different sets of numbers\\\",\\n      \\\"Input Data\\\": \\\"parameter1=10, parameter2=15\\\",\\n      \\\"Expected Output\\\": \\\"6\\\"\\n    },\\n    {\\n      \\\"Test Title\\\": \\\"Ensure correct sum of common divisors\\\",\\n      \\\"Input Data\\\": \\\"parameter1=10, parameter2=15\\\",\\n      \\\"Expected Output\\\": \\\"6\\\"\\n    }\\n  ]\\n}\", \"Question\": \"Follow the Instruction. Please make sure your response length are less than 512. Your test cases is for the below question:\\ndef sum(a,b): \\n'''Write a python function to find the sum of common divisors of two given numbers.\\nassert sum(10,15) == 6'''\\n\"}",
    "Code0": "def sum(a, b):\n    common_divisors = [i for i in range(1, min(a, b) + 1) if a % i == 0 and b % i == 0]\n    return sum(common_divisors)",
    "Code0_prompt": {
        "Role": "You are a professional software engineer. Your duty is to write code in Python that meets the requirements. Ensure that the code you write is efficient, readable, and follows best practices. Remember, do not need to explain the code you wrote.",
        "Instruction": "1. Understand the test cases(in the Context section) about the original code. 2. Rewrite your code, make sure your code pass all test cases.",
        "Example": "",
        "Context": "# Original Code:\ndef sum_of_common_divisors(a, b):\n    common_divisors = [i for i in range(1, min(a, b) + 1) if a % i == 0 and b % i == 0]\n    return sum(common_divisors)\n# Test Cases:\n{\n  \"requirement analysis\": \"Identify and prioritize user requirements for the sum function\",\n  \"test_cases\": [\n    {\n      \"Test Title\": \"Test sum function with different sets of numbers\",\n      \"Input Data\": \"parameter1=[1,2,5,10], parameter2=[1,3,5,15]\",\n      \"Expected Output\": \"24\"\n    },\n    {\n      \"Test Title\": \"Ensure correct sum of common divisors\",\n      \"Input Data\": \"parameter1=[10,20,30], parameter2=[15,30,45]\",\n      \"Expected Output\": \"12\"\n    }\n  ]\n}",
        "Question": "def sum(a,b): \n'''Write a python function to find the sum of common divisors of two given numbers.\nassert sum(10,15) == 6'''\n"
    },
    "TestScriptOriginal": "import unittest\n\ndef sum(a, b):\n    '''Write a python function to find the sum of common divisors of two given numbers.'''\n    common_divisors = []\n    for i in range(1, min(a, b) + 1):\n        if a % i == 0 and b % i == 0:\n            common_divisors.append(i)\n    return sum(common_divisors)\n\nclass Test(unittest.TestCase):\n\n    def test(self):\n        self.assertEqual(sum(10, 15), 6)\n\nif __name__ == '__main__':\n    unittest.main()",
    "TestScriptOriginal_prompt": "{\"Role\": \"You are a quality assurance engineer. Your duty is to write a python test script in unittest framework.\", \"Instruction\": \"1. Write a python test script. 2. Use the input and output given by the question.\", \"Example\": \"import unittest\\n\\nclass Test(unittest.TestCase):\\n    def test(self):\\n        self.assertEqual(function_under_test('a'), 1)\\n\\nif __name__ == '__main__':\\n    unittest.main()\", \"Context\": \"\", \"Question\": \"def sum(a,b): \\n'''Write a python function to find the sum of common divisors of two given numbers.\\nassert sum(10,15) == 6'''\\n\"}",
    "TestScript": "import unittest\n\nclass Test(unittest.TestCase):\n\n    def test(self):\n        self.assertEqual(sum(10, 15), 6)\n\nif __name__ == '__main__':\n    unittest.main()",
    "ScriptResult0": "E\n======================================================================\nERROR: test (__main__.Test)\n----------------------------------------------------------------------\nTraceback (most recent call last):\n  File \"/Users/watch/PycharmProjects/XXXX-1-LLM/workspace/2024-03-11_11-33-12-087647/test_script.py\", line 9, in test\n    self.assertEqual(sum(10, 15), 6)\n  File \"/Users/watch/PycharmProjects/XXXX-1-LLM/workspace/2024-03-11_11-33-12-087647/test_script.py\", line 3, in sum\n    return sum(common_divisors)\nTypeError: sum() missing 1 required positional argument: 'b'\n\n----------------------------------------------------------------------\nRan 1 test in 0.000s\n\nFAILED (errors=1)\n",
    "TestReport0": "Test Report:\n\nTest Script's Output:\nE\n======================================================================\nERROR: test (__main__.Test)\n----------------------------------------------------------------------\nTraceback (most recent call last):\n  File \"/Users/watch/PycharmProjects/XXXX-1-LLM/workspace/2024-03-11_11-33-12-087647/test_script.py\", line 9, in test\n    self.assertEqual(sum(10, 15), 6)\n  File \"/Users/watch/PycharmProjects/XXXX-1-LLM/workspace/2024-03-11_11-33-12-087647/test_script.py\", line 3, in sum\n    return sum(common_divisors)\nTypeError: sum() missing 1 required positional argument: 'b'\n\n----------------------------------------------------------------------\nRan 1 test in 0.000s\n\nFAILED (errors=1)\n\nCode Test Failed\n\nInput and Expected Output Example:\nDef sum(a, b):\n    common_divisors = [i for i in range(1, min(a, b) + 1) if a % i == 0 and b % i == 0]\n    return sum(common_divisors)\n\nConclusion:\nThe code has failed the test due to a missing required positional argument 'b' in the sum() function. The test script output has indicated an error with the test case.\n\nRecommended Action:\nThe code needs to be modified to ensure that the sum() function accepts the required positional argument 'b' in order to pass the test.",
    "SprintReview0": "[ScrumMaster]says: Here is our test Report: Test Report:\n\nTest Script's Output:\nE\n======================================================================\nERROR: test (__main__.Test)\n----------------------------------------------------------------------\nTraceback (most recent call last):\n  File \"/Users/watch/PycharmProjects/XXXX-1-LLM/workspace/2024-03-11_11-33-12-087647/test_script.py\", line 9, in test\n    self.assertEqual(sum(10, 15), 6)\n  File \"/Users/watch/PycharmProjects/XXXX-1-LLM/workspace/2024-03-11_11-33-12-087647/test_script.py\", line 3, in sum\n    return sum(common_divisors)\nTypeError: sum() missing 1 required positional argument: 'b'\n\n----------------------------------------------------------------------\nRan 1 test in 0.000s\n\nFAILED (errors=1)\n\nCode Test Failed\n\nInput and Expected Output Example:\nDef sum(a, b):\n    common_divisors = [i for i in range(1, min(a, b) + 1) if a % i == 0 and b % i == 0]\n    return sum(common_divisors)\n\nConclusion:\nThe code has failed the test due to a missing required positional argument 'b' in the sum() function. The test script output has indicated an error with the test case.\n\nRecommended Action:\nThe code needs to be modified to ensure that the sum() function accepts the required positional argument 'b' in order to pass the test., do you have any ideas?\n-----\n\n[Tester]says: As a Tester, I recommend modifying the code to ensure that the sum() function accepts the required positional argument 'b' in order to pass the test.\n-----\n\n[Architect]says: As an Architect, I recommend reviewing the code and ensuring that the sum() function accepts the required positional argument 'b' in order to pass the test.\n-----\n\n[Developer]says: As a Developer, I will review the code and make the necessary modification to ensure the sum() function accepts the required positional argument 'b' in order to pass the test.\n-----\n\n[ProductOwner]says: As the Product Owner, I think we should prioritize fixing the code to ensure that the sum() function accepts the required positional argument 'b' in order to pass the test.\n-----\n\n[Tester]says: As a Tester, I recommend modifying the code to ensure that the sum() function accepts the required positional argument 'b' in order to pass the test.\n-----\n\n[Developer]says: As a Developer, I will review the code and make the necessary modification to ensure the sum() function accepts the required positional argument 'b' in order to pass the test.\n-----\n\n[Architect]says: As an Architect, I recommend reviewing the code and ensuring that the sum() function accepts the required positional argument 'b' in order to pass the test.\n-----\n\n[ProductOwner]says: As the Product Owner, I will prioritize fixing the code to ensure that the sum() function accepts the required positional argument 'b' in order to pass the test.\n-----\n",
    "SprintReviewMeetings0": "{\n  \"product-owner\": [\"I think we should prioritize fixing the code to ensure that the sum() function accepts the required positional argument 'b' in order to pass the test.\"],\n  \"architect\": [\"I recommend reviewing the code and ensuring that the sum() function accepts the required positional argument 'b' in order to pass the test.\"],\n  \"developer\": [\"I will review the code and make the necessary modification to ensure the sum() function accepts the required positional argument 'b' in order to pass the test.\"],\n  \"tester\": [\"I recommend modifying the code to ensure that the sum() function accepts the required positional argument 'b' in order to pass the test.\"]\n}",
    "SprintReviewMeetings0_prompt": "{\"Role\": \"You are a professional scrum master. Your goal is to summary the Discussion History into a suggestions list for the scrum team.\", \"Instruction\": \"1. Read and Understand the Discussion History. 2. Summary the suggestions from four roles: product-owner/architect/developer/tester. 3. Response in JSON format.\", \"Example\": \"{\\\"product-owner\\\":[\\\"suggestion1\\\",\\\"suggestion2\\\"],\\\"architect\\\":[\\\"suggestion1\\\",\\\"suggestion2\\\"], \\\"developer\\\":[\\\"suggestion1\\\",\\\"suggestion2\\\"], \\\"tester\\\":[\\\"suggestion1\\\",\\\"suggestion2\\\"]}\", \"Context\": \"[ScrumMaster]says: Here is our test Report: Test Report:\\n\\nTest Script's Output:\\nE\\n======================================================================\\nERROR: test (__main__.Test)\\n----------------------------------------------------------------------\\nTraceback (most recent call last):\\n  File \\\"/Users/watch/PycharmProjects/XXXX-1-LLM/workspace/2024-03-11_11-33-12-087647/test_script.py\\\", line 9, in test\\n    self.assertEqual(sum(10, 15), 6)\\n  File \\\"/Users/watch/PycharmProjects/XXXX-1-LLM/workspace/2024-03-11_11-33-12-087647/test_script.py\\\", line 3, in sum\\n    return sum(common_divisors)\\nTypeError: sum() missing 1 required positional argument: 'b'\\n\\n----------------------------------------------------------------------\\nRan 1 test in 0.000s\\n\\nFAILED (errors=1)\\n\\nCode Test Failed\\n\\nInput and Expected Output Example:\\nDef sum(a, b):\\n    common_divisors = [i for i in range(1, min(a, b) + 1) if a % i == 0 and b % i == 0]\\n    return sum(common_divisors)\\n\\nConclusion:\\nThe code has failed the test due to a missing required positional argument 'b' in the sum() function. The test script output has indicated an error with the test case.\\n\\nRecommended Action:\\nThe code needs to be modified to ensure that the sum() function accepts the required positional argument 'b' in order to pass the test., do you have any ideas?\\n-----\\n\\n[Tester]says: As a Tester, I recommend modifying the code to ensure that the sum() function accepts the required positional argument 'b' in order to pass the test.\\n-----\\n\\n[Architect]says: As an Architect, I recommend reviewing the code and ensuring that the sum() function accepts the required positional argument 'b' in order to pass the test.\\n-----\\n\\n[Developer]says: As a Developer, I will review the code and make the necessary modification to ensure the sum() function accepts the required positional argument 'b' in order to pass the test.\\n-----\\n\\n[ProductOwner]says: As the Product Owner, I think we should prioritize fixing the code to ensure that the sum() function accepts the required positional argument 'b' in order to pass the test.\\n-----\\n\\n[Tester]says: As a Tester, I recommend modifying the code to ensure that the sum() function accepts the required positional argument 'b' in order to pass the test.\\n-----\\n\\n[Developer]says: As a Developer, I will review the code and make the necessary modification to ensure the sum() function accepts the required positional argument 'b' in order to pass the test.\\n-----\\n\\n[Architect]says: As an Architect, I recommend reviewing the code and ensuring that the sum() function accepts the required positional argument 'b' in order to pass the test.\\n-----\\n\\n[ProductOwner]says: As the Product Owner, I will prioritize fixing the code to ensure that the sum() function accepts the required positional argument 'b' in order to pass the test.\\n-----\\n\", \"Question\": \"Follow the Instruction section. The Discussion History is in the Context section. You only need to return a list as the Example section.\"}",
    "RepairResponse0": "{\n  \"revised_code\": \"def sum(a, b):\\n  common_divisors = [i for i in range(1, min(a, b) + 1) if a % i == 0 and b % i == 0]\\n  return sum(common_divisors)\"\n}",
    "RepairResponse0_prompt": {
        "Role": "You are a professional software engineer. Your duty is to write code in Python that meets the requirements. Ensure that the code you write is efficient, readable, and follows best practices. Remember, do not need to explain the code you wrote.",
        "Instruction": "1. Rewrite a bug fix version of the original code. 2. Response in JSON format.",
        "Example": "{\"revised_code\":\"...\"}",
        "Context": "# Test Report:\nTest Report:\n\nTest Script's Output:\nE\n======================================================================\nERROR: test (__main__.Test)\n----------------------------------------------------------------------\nTraceback (most recent call last):\n  File \"/Users/watch/PycharmProjects/XXXX-1-LLM/workspace/2024-03-11_11-33-12-087647/test_script.py\", line 9, in test\n    self.assertEqual(sum(10, 15), 6)\n  File \"/Users/watch/PycharmProjects/XXXX-1-LLM/workspace/2024-03-11_11-33-12-087647/test_script.py\", line 3, in sum\n    return sum(common_divisors)\nTypeError: sum() missing 1 required positional argument: 'b'\n\n----------------------------------------------------------------------\nRan 1 test in 0.000s\n\nFAILED (errors=1)\n\nCode Test Failed\n\nInput and Expected Output Example:\nDef sum(a, b):\n    common_divisors = [i for i in range(1, min(a, b) + 1) if a % i == 0 and b % i == 0]\n    return sum(common_divisors)\n\nConclusion:\nThe code has failed the test due to a missing required positional argument 'b' in the sum() function. The test script output has indicated an error with the test case.\n\nRecommended Action:\nThe code needs to be modified to ensure that the sum() function accepts the required positional argument 'b' in order to pass the test.# suggestions:\n{\"product-owner\": [\"I think we should prioritize fixing the code to ensure that the sum() function accepts the required positional argument 'b' in order to pass the test.\"], \"architect\": [\"I recommend reviewing the code and ensuring that the sum() function accepts the required positional argument 'b' in order to pass the test.\"], \"developer\": [\"I will review the code and make the necessary modification to ensure the sum() function accepts the required positional argument 'b' in order to pass the test.\"], \"tester\": [\"I recommend modifying the code to ensure that the sum() function accepts the required positional argument 'b' in order to pass the test.\"]}",
        "Question": "The original code has some bugs, according to the test report and suggestions, rewrite the code. Complete the following code:\ndef sum(a,b): \n'''Write a python function to find the sum of common divisors of two given numbers.\nassert sum(10,15) == 6'''\n"
    },
    "Code1": "def sum(a, b):\n  common_divisors = [i for i in range(1, min(a, b) + 1) if a % i == 0 and b % i == 0]\n  return sum(common_divisors)",
    "ScriptResult1": "E\n======================================================================\nERROR: test (__main__.Test)\n----------------------------------------------------------------------\nTraceback (most recent call last):\n  File \"/Users/watch/PycharmProjects/XXXX-1-LLM/workspace/2024-03-11_11-33-12-087647/test_script.py\", line 9, in test\n    self.assertEqual(sum(10, 15), 6)\n  File \"/Users/watch/PycharmProjects/XXXX-1-LLM/workspace/2024-03-11_11-33-12-087647/test_script.py\", line 3, in sum\n    return sum(common_divisors)\nTypeError: sum() missing 1 required positional argument: 'b'\n\n----------------------------------------------------------------------\nRan 1 test in 0.000s\n\nFAILED (errors=1)\n",
    "TestReport1": "Test Report:\n\nContext:\nThe test script's output shows that there was an error during the test of the 'sum' function in the test_script.py file. The error is related to the 'sum' function missing a required positional argument 'b'.\n\nAnalysis:\nThe error occurred during the execution of the test, and it seems that the 'sum' function is not correctly implemented to handle the arguments 'a' and 'b'. The test failed due to a TypeError related to the missing positional argument.\n\nConclusion:\nThe code has failed the test due to the error in the 'sum' function. The error message indicates that the 'sum' function is missing a required positional argument 'b'.\n\nExample:\nInput example:\na = 10\nb = 15\n\nExpected output example:\ncommon_divisors = [1, 5]\nsum(common_divisors) = 6\n\nCode Test Failed.",
    "SprintReview1": "[ScrumMaster]says: Here is our test Report: Test Report:\n\nContext:\nThe test script's output shows that there was an error during the test of the 'sum' function in the test_script.py file. The error is related to the 'sum' function missing a required positional argument 'b'.\n\nAnalysis:\nThe error occurred during the execution of the test, and it seems that the 'sum' function is not correctly implemented to handle the arguments 'a' and 'b'. The test failed due to a TypeError related to the missing positional argument.\n\nConclusion:\nThe code has failed the test due to the error in the 'sum' function. The error message indicates that the 'sum' function is missing a required positional argument 'b'.\n\nExample:\nInput example:\na = 10\nb = 15\n\nExpected output example:\ncommon_divisors = [1, 5]\nsum(common_divisors) = 6\n\nCode Test Failed., do you have any ideas?\n-----\n\n[Architect]says: As an Architect, I would recommend reviewing the implementation of the 'sum' function and ensuring that it properly handles the required positional argument 'b'.\n-----\n\n[ProductOwner]says: As a Product Owner, I suggest that we prioritize fixing the error in the 'sum' function to ensure the product meets the expected output example.\n-----\n\n[Developer]says: As a Developer, I think we should review the 'sum' function implementation and ensure that it properly handles both 'a' and 'b' as required positional arguments.\n-----\n\n[Tester]says: As a Tester, I suggest reviewing the implementation of the 'sum' function to ensure that it correctly handles the arguments 'a' and 'b' in order to resolve the error in the test script.\n-----\n\n[ProductOwner]says: As a Product Owner, I suggest that we prioritize fixing the error in the 'sum' function to ensure the product meets the expected output example.\n-----\n\n[Developer]says: As a Developer, I think we should review the 'sum' function implementation and ensure that it properly handles both 'a' and 'b' as required positional arguments.\n-----\n\n[Architect]says: As an Architect, I would recommend reviewing the implementation of the 'sum' function and ensuring that it properly handles the required positional argument 'b'.\n-----\n\n[Tester]says: As a Tester, I suggest reviewing the implementation of the 'sum' function to ensure that it correctly handles the arguments 'a' and 'b' in order to resolve the error in the test script.\n-----\n",
    "SprintReviewMeetings1": "{\n  \"product-owner\": [\"I suggest that we prioritize fixing the error in the 'sum' function to ensure the product meets the expected output example.\"],\n  \"architect\": [\"I would recommend reviewing the implementation of the 'sum' function and ensuring that it properly handles the required positional argument 'b'.\"],\n  \"developer\": [\"I think we should review the 'sum' function implementation and ensure that it properly handles both 'a' and 'b' as required positional arguments.\"],\n  \"tester\": [\"I suggest reviewing the implementation of the 'sum' function to ensure that it correctly handles the arguments 'a' and 'b' in order to resolve the error in the test script.\"]\n}",
    "SprintReviewMeetings1_prompt": "{\"Role\": \"You are a professional scrum master. Your goal is to summary the Discussion History into a suggestions list for the scrum team.\", \"Instruction\": \"1. Read and Understand the Discussion History. 2. Summary the suggestions from four roles: product-owner/architect/developer/tester. 3. Response in JSON format.\", \"Example\": \"{\\\"product-owner\\\":[\\\"suggestion1\\\",\\\"suggestion2\\\"],\\\"architect\\\":[\\\"suggestion1\\\",\\\"suggestion2\\\"], \\\"developer\\\":[\\\"suggestion1\\\",\\\"suggestion2\\\"], \\\"tester\\\":[\\\"suggestion1\\\",\\\"suggestion2\\\"]}\", \"Context\": \"[ScrumMaster]says: Here is our test Report: Test Report:\\n\\nContext:\\nThe test script's output shows that there was an error during the test of the 'sum' function in the test_script.py file. The error is related to the 'sum' function missing a required positional argument 'b'.\\n\\nAnalysis:\\nThe error occurred during the execution of the test, and it seems that the 'sum' function is not correctly implemented to handle the arguments 'a' and 'b'. The test failed due to a TypeError related to the missing positional argument.\\n\\nConclusion:\\nThe code has failed the test due to the error in the 'sum' function. The error message indicates that the 'sum' function is missing a required positional argument 'b'.\\n\\nExample:\\nInput example:\\na = 10\\nb = 15\\n\\nExpected output example:\\ncommon_divisors = [1, 5]\\nsum(common_divisors) = 6\\n\\nCode Test Failed., do you have any ideas?\\n-----\\n\\n[Architect]says: As an Architect, I would recommend reviewing the implementation of the 'sum' function and ensuring that it properly handles the required positional argument 'b'.\\n-----\\n\\n[ProductOwner]says: As a Product Owner, I suggest that we prioritize fixing the error in the 'sum' function to ensure the product meets the expected output example.\\n-----\\n\\n[Developer]says: As a Developer, I think we should review the 'sum' function implementation and ensure that it properly handles both 'a' and 'b' as required positional arguments.\\n-----\\n\\n[Tester]says: As a Tester, I suggest reviewing the implementation of the 'sum' function to ensure that it correctly handles the arguments 'a' and 'b' in order to resolve the error in the test script.\\n-----\\n\\n[ProductOwner]says: As a Product Owner, I suggest that we prioritize fixing the error in the 'sum' function to ensure the product meets the expected output example.\\n-----\\n\\n[Developer]says: As a Developer, I think we should review the 'sum' function implementation and ensure that it properly handles both 'a' and 'b' as required positional arguments.\\n-----\\n\\n[Architect]says: As an Architect, I would recommend reviewing the implementation of the 'sum' function and ensuring that it properly handles the required positional argument 'b'.\\n-----\\n\\n[Tester]says: As a Tester, I suggest reviewing the implementation of the 'sum' function to ensure that it correctly handles the arguments 'a' and 'b' in order to resolve the error in the test script.\\n-----\\n\", \"Question\": \"Follow the Instruction section. The Discussion History is in the Context section. You only need to return a list as the Example section.\"}",
    "RepairResponse1": "{\n  \"revised_code\": \"def sum(a, b):\\n  common_divisors = []\\n  for i in range(1, min(a, b) + 1):\\n    if a % i == 0 and b % i == 0:\\n      common_divisors.append(i)\\n  return sum(common_divisors)\"\n}",
    "RepairResponse1_prompt": {
        "Role": "You are a professional software engineer. Your duty is to write code in Python that meets the requirements. Ensure that the code you write is efficient, readable, and follows best practices. Remember, do not need to explain the code you wrote.",
        "Instruction": "1. Rewrite a bug fix version of the original code. 2. Response in JSON format.",
        "Example": "{\"revised_code\":\"...\"}",
        "Context": "# Test Report:\nTest Report:\n\nContext:\nThe test script's output shows that there was an error during the test of the 'sum' function in the test_script.py file. The error is related to the 'sum' function missing a required positional argument 'b'.\n\nAnalysis:\nThe error occurred during the execution of the test, and it seems that the 'sum' function is not correctly implemented to handle the arguments 'a' and 'b'. The test failed due to a TypeError related to the missing positional argument.\n\nConclusion:\nThe code has failed the test due to the error in the 'sum' function. The error message indicates that the 'sum' function is missing a required positional argument 'b'.\n\nExample:\nInput example:\na = 10\nb = 15\n\nExpected output example:\ncommon_divisors = [1, 5]\nsum(common_divisors) = 6\n\nCode Test Failed.# suggestions:\n{\"product-owner\": [\"I suggest that we prioritize fixing the error in the 'sum' function to ensure the product meets the expected output example.\"], \"architect\": [\"I would recommend reviewing the implementation of the 'sum' function and ensuring that it properly handles the required positional argument 'b'.\"], \"developer\": [\"I think we should review the 'sum' function implementation and ensure that it properly handles both 'a' and 'b' as required positional arguments.\"], \"tester\": [\"I suggest reviewing the implementation of the 'sum' function to ensure that it correctly handles the arguments 'a' and 'b' in order to resolve the error in the test script.\"]}",
        "Question": "The original code has some bugs, according to the test report and suggestions, rewrite the code. Complete the following code:\ndef sum(a,b): \n'''Write a python function to find the sum of common divisors of two given numbers.\nassert sum(10,15) == 6'''\n"
    },
    "Code2": "def sum(a, b):\n  common_divisors = []\n  for i in range(1, min(a, b) + 1):\n    if a % i == 0 and b % i == 0:\n      common_divisors.append(i)\n  return sum(common_divisors)",
    "ScriptResult2": "E\n======================================================================\nERROR: test (__main__.Test)\n----------------------------------------------------------------------\nTraceback (most recent call last):\n  File \"/Users/watch/PycharmProjects/XXXX-1-LLM/workspace/2024-03-11_11-33-12-087647/test_script.py\", line 12, in test\n    self.assertEqual(sum(10, 15), 6)\n  File \"/Users/watch/PycharmProjects/XXXX-1-LLM/workspace/2024-03-11_11-33-12-087647/test_script.py\", line 6, in sum\n    return sum(common_divisors)\nTypeError: sum() missing 1 required positional argument: 'b'\n\n----------------------------------------------------------------------\nRan 1 test in 0.000s\n\nFAILED (errors=1)\n",
    "TestReport2": "Test Report:\n\nTest Script Output:\nE\n======================================================================\nERROR: test (__main__.Test)\n----------------------------------------------------------------------\nTraceback (most recent call last):\n  File \"/Users/watch/PycharmProjects/XXXX-1-LLM/workspace/2024-03-11_11-33-12-087647/test_script.py\", line 12, in test\n    self.assertEqual(sum(10, 15), 6)\n  File \"/Users/watch/PycharmProjects/XXXX-1-LLM/workspace/2024-03-11_11-33-12-087647/test_script.py\", line 6, in sum\n    return sum(common_divisors)\nTypeError: sum() missing 1 required positional argument: 'b'\n\n----------------------------------------------------------------------\nRan 1 test in 0.000s\n\nFAILED (errors=1)\n\nAnalysis:\nThe test script failed with an error indicating that the 'sum()' function is missing a required positional argument, 'b'.\n\nConclusion:\nCode Test Failed\n\nInput and Expected Output Example:\ndef sum(a, b):\n  common_divisors = []\n  for i in range(1, min(a, b) + 1):\n    if a % i == 0 and b % i == 0:\n      common_divisors.append(i)\n  return sum(common_divisors)",
    "SprintReview2": "[ScrumMaster]says: Here is our test Report: Test Report:\n\nTest Script Output:\nE\n======================================================================\nERROR: test (__main__.Test)\n----------------------------------------------------------------------\nTraceback (most recent call last):\n  File \"/Users/watch/PycharmProjects/XXXX-1-LLM/workspace/2024-03-11_11-33-12-087647/test_script.py\", line 12, in test\n    self.assertEqual(sum(10, 15), 6)\n  File \"/Users/watch/PycharmProjects/XXXX-1-LLM/workspace/2024-03-11_11-33-12-087647/test_script.py\", line 6, in sum\n    return sum(common_divisors)\nTypeError: sum() missing 1 required positional argument: 'b'\n\n----------------------------------------------------------------------\nRan 1 test in 0.000s\n\nFAILED (errors=1)\n\nAnalysis:\nThe test script failed with an error indicating that the 'sum()' function is missing a required positional argument, 'b'.\n\nConclusion:\nCode Test Failed\n\nInput and Expected Output Example:\ndef sum(a, b):\n  common_divisors = []\n  for i in range(1, min(a, b) + 1):\n    if a % i == 0 and b % i == 0:\n      common_divisors.append(i)\n  return sum(common_divisors), do you have any ideas?\n-----\n\n[Tester]says: As a Tester, I suggest reviewing the test script and making sure the 'sum()' function has the correct number of positional arguments.\n-----\n\n[Architect]says: As an Architect, I suggest reviewing the 'sum' function to ensure it has the correct parameters and return type for the expected output.\n-----\n\n[ProductOwner]says: As the Product Owner, I think it's important to prioritize fixing the error in the 'sum()' function before proceeding with any further development.\n-----\n\n[Developer]says: As a Developer, I will review the test script and ensure that the 'sum()' function is properly defined with both 'a' and 'b' as parameters.\n-----\n\n[Tester]says: I suggest reviewing the test script and making sure the 'sum()' function has the correct number of positional arguments.\n-----\n\n[Architect]says: As an Architect, I suggest reviewing the 'sum' function to ensure it has the correct parameters and return type for the expected output.\n-----\n\n[ProductOwner]says: As the Product Owner, I think it's important to prioritize fixing the error in the 'sum()' function before proceeding with any further development.\n-----\n\n[Developer]says: As a Developer, I will review the test script and ensure that the 'sum()' function is properly defined with both 'a' and 'b' as parameters.\n-----\n",
    "SprintReviewMeetings2": "{\n  \"product-owner\":[\"I think it's important to prioritize fixing the error in the 'sum()' function before proceeding with any further development.\"],\n  \"architect\":[\"I suggest reviewing the 'sum' function to ensure it has the correct parameters and return type for the expected output.\"],\n  \"developer\":[\"I will review the test script and ensure that the 'sum()' function is properly defined with both 'a' and 'b' as parameters.\"],\n  \"tester\":[\"I suggest reviewing the test script and making sure the 'sum()' function has the correct number of positional arguments.\"]\n}",
    "SprintReviewMeetings2_prompt": "{\"Role\": \"You are a professional scrum master. Your goal is to summary the Discussion History into a suggestions list for the scrum team.\", \"Instruction\": \"1. Read and Understand the Discussion History. 2. Summary the suggestions from four roles: product-owner/architect/developer/tester. 3. Response in JSON format.\", \"Example\": \"{\\\"product-owner\\\":[\\\"suggestion1\\\",\\\"suggestion2\\\"],\\\"architect\\\":[\\\"suggestion1\\\",\\\"suggestion2\\\"], \\\"developer\\\":[\\\"suggestion1\\\",\\\"suggestion2\\\"], \\\"tester\\\":[\\\"suggestion1\\\",\\\"suggestion2\\\"]}\", \"Context\": \"[ScrumMaster]says: Here is our test Report: Test Report:\\n\\nTest Script Output:\\nE\\n======================================================================\\nERROR: test (__main__.Test)\\n----------------------------------------------------------------------\\nTraceback (most recent call last):\\n  File \\\"/Users/watch/PycharmProjects/XXXX-1-LLM/workspace/2024-03-11_11-33-12-087647/test_script.py\\\", line 12, in test\\n    self.assertEqual(sum(10, 15), 6)\\n  File \\\"/Users/watch/PycharmProjects/XXXX-1-LLM/workspace/2024-03-11_11-33-12-087647/test_script.py\\\", line 6, in sum\\n    return sum(common_divisors)\\nTypeError: sum() missing 1 required positional argument: 'b'\\n\\n----------------------------------------------------------------------\\nRan 1 test in 0.000s\\n\\nFAILED (errors=1)\\n\\nAnalysis:\\nThe test script failed with an error indicating that the 'sum()' function is missing a required positional argument, 'b'.\\n\\nConclusion:\\nCode Test Failed\\n\\nInput and Expected Output Example:\\ndef sum(a, b):\\n  common_divisors = []\\n  for i in range(1, min(a, b) + 1):\\n    if a % i == 0 and b % i == 0:\\n      common_divisors.append(i)\\n  return sum(common_divisors), do you have any ideas?\\n-----\\n\\n[Tester]says: As a Tester, I suggest reviewing the test script and making sure the 'sum()' function has the correct number of positional arguments.\\n-----\\n\\n[Architect]says: As an Architect, I suggest reviewing the 'sum' function to ensure it has the correct parameters and return type for the expected output.\\n-----\\n\\n[ProductOwner]says: As the Product Owner, I think it's important to prioritize fixing the error in the 'sum()' function before proceeding with any further development.\\n-----\\n\\n[Developer]says: As a Developer, I will review the test script and ensure that the 'sum()' function is properly defined with both 'a' and 'b' as parameters.\\n-----\\n\\n[Tester]says: I suggest reviewing the test script and making sure the 'sum()' function has the correct number of positional arguments.\\n-----\\n\\n[Architect]says: As an Architect, I suggest reviewing the 'sum' function to ensure it has the correct parameters and return type for the expected output.\\n-----\\n\\n[ProductOwner]says: As the Product Owner, I think it's important to prioritize fixing the error in the 'sum()' function before proceeding with any further development.\\n-----\\n\\n[Developer]says: As a Developer, I will review the test script and ensure that the 'sum()' function is properly defined with both 'a' and 'b' as parameters.\\n-----\\n\", \"Question\": \"Follow the Instruction section. The Discussion History is in the Context section. You only need to return a list as the Example section.\"}",
    "RepairResponse2": "{\n\t\"revised_code\": \"def sum(a, b):\\n    common_divisors = []\\n    for i in range(1, min(a, b) + 1):\\n        if a % i == 0 and b % i == 0:\\n            common_divisors.append(i)\\n    return sum(common_divisors)\"\n}",
    "RepairResponse2_prompt": {
        "Role": "You are a professional software engineer. Your duty is to write code in Python that meets the requirements. Ensure that the code you write is efficient, readable, and follows best practices. Remember, do not need to explain the code you wrote.",
        "Instruction": "1. Rewrite a bug fix version of the original code. 2. Response in JSON format.",
        "Example": "{\"revised_code\":\"...\"}",
        "Context": "# Test Report:\nTest Report:\n\nTest Script Output:\nE\n======================================================================\nERROR: test (__main__.Test)\n----------------------------------------------------------------------\nTraceback (most recent call last):\n  File \"/Users/watch/PycharmProjects/XXXX-1-LLM/workspace/2024-03-11_11-33-12-087647/test_script.py\", line 12, in test\n    self.assertEqual(sum(10, 15), 6)\n  File \"/Users/watch/PycharmProjects/XXXX-1-LLM/workspace/2024-03-11_11-33-12-087647/test_script.py\", line 6, in sum\n    return sum(common_divisors)\nTypeError: sum() missing 1 required positional argument: 'b'\n\n----------------------------------------------------------------------\nRan 1 test in 0.000s\n\nFAILED (errors=1)\n\nAnalysis:\nThe test script failed with an error indicating that the 'sum()' function is missing a required positional argument, 'b'.\n\nConclusion:\nCode Test Failed\n\nInput and Expected Output Example:\ndef sum(a, b):\n  common_divisors = []\n  for i in range(1, min(a, b) + 1):\n    if a % i == 0 and b % i == 0:\n      common_divisors.append(i)\n  return sum(common_divisors)# suggestions:\n{\"product-owner\": [\"I think it's important to prioritize fixing the error in the 'sum()' function before proceeding with any further development.\"], \"architect\": [\"I suggest reviewing the 'sum' function to ensure it has the correct parameters and return type for the expected output.\"], \"developer\": [\"I will review the test script and ensure that the 'sum()' function is properly defined with both 'a' and 'b' as parameters.\"], \"tester\": [\"I suggest reviewing the test script and making sure the 'sum()' function has the correct number of positional arguments.\"]}",
        "Question": "The original code has some bugs, according to the test report and suggestions, rewrite the code. Complete the following code:\ndef sum(a,b): \n'''Write a python function to find the sum of common divisors of two given numbers.\nassert sum(10,15) == 6'''\n"
    },
    "Code3": "def sum(a, b):\n    common_divisors = []\n    for i in range(1, min(a, b) + 1):\n        if a % i == 0 and b % i == 0:\n            common_divisors.append(i)\n    return sum(common_divisors)",
    "ScriptResult3": "E\n======================================================================\nERROR: test (__main__.Test)\n----------------------------------------------------------------------\nTraceback (most recent call last):\n  File \"/Users/watch/PycharmProjects/XXXX-1-LLM/workspace/2024-03-11_11-33-12-087647/test_script.py\", line 12, in test\n    self.assertEqual(sum(10, 15), 6)\n  File \"/Users/watch/PycharmProjects/XXXX-1-LLM/workspace/2024-03-11_11-33-12-087647/test_script.py\", line 6, in sum\n    return sum(common_divisors)\nTypeError: sum() missing 1 required positional argument: 'b'\n\n----------------------------------------------------------------------\nRan 1 test in 0.000s\n\nFAILED (errors=1)\n",
    "TestReport3": "Test Report:\n\nThe test script's output indicates an error in the code. The error is related to the sum function, specifically a missing required positional argument 'b' in the sum() function. The test script results in a FAILED status with 1 error.\n\nCode Test Result: FAIL\n\nInput and Expected Output Example:\nInput: sum(10, 15)\nExpected Output: 6\n\nConclusion: Code Test Failed\n\nRecommendation: The code needs to be revised to address the missing required positional argument 'b' in the sum() function."
}