{
    "start_time": "2024-03-10_21-57-50-074342",
    "task": "def kth_element(arr, k):\n'''Write a function to find the kth element in the given array using 1-based indexing.\nassert kth_element([12,3,5,7,19], 2) == 3'''\n",
    "datetime": {
        "task": "2024-03-10 21:57:50",
        "task-id": "2024-03-10 21:57:50",
        "workflow": "2024-03-10 21:57:50",
        "AnalyzeDraft": "2024-03-10 21:57:52",
        "AnalyzeMeetings": "2024-03-10 21:57:53",
        "Analyze": "2024-03-10 21:57:56",
        "Test Cases Draft": "2024-03-10 21:57:59",
        "Test Cases Meetings": "2024-03-10 21:58:01",
        "Test Cases": "2024-03-10 21:58:05",
        "Code0draft": "2024-03-10 21:58:06",
        "Code Review Meetings": "2024-03-10 21:58:07",
        "Code0": "2024-03-10 21:58:09",
        "TestScriptOriginal": "2024-03-10 21:58:10",
        "TestScript": "2024-03-10 21:58:10",
        "ScriptResult0": "2024-03-10 21:58:10",
        "TestReport0": "2024-03-10 21:58:11",
        "RepairResponse1": "2024-03-10 21:58:12",
        "Code1": "2024-03-10 21:58:12",
        "ScriptResult1": "2024-03-10 21:58:12",
        "TestReport1": "2024-03-10 21:58:14",
        "RepairResponse2": "2024-03-10 21:58:16",
        "Code2": "2024-03-10 21:58:16",
        "ScriptResult2": "2024-03-10 21:58:16",
        "TestReport2": "2024-03-10 21:58:19",
        "FinalCode": "2024-03-10 21:58:19"
    },
    "task-id": 101,
    "workflow": "testdriven/testdriven_version_0.0.5_remove.json",
    "AnalyzeDraft": "{\n  \"Requirement\": \"The requirement is to write a function called kth_element that takes an array and a number k as input and returns the kth element in the array using 1-based indexing. For example, kth_element([12,3,5,7,19], 2) should return 3.\",\n  \"Analysis\": \"The function should take an array and a number k as parameters, and return the kth element in the array. It should use 1-based indexing, which means the first element in the array is at index 1. The function should also include a test case using the assert statement to validate the functionality.\",\n  \"Response\": \"The requirement is to create a function kth_element that takes an array and a number k as input and returns the kth element in the array using 1-based indexing. The function should also include a test case using the assert statement to validate the functionality.\"\n}",
    "AnalyzeMeetings": "{\n  \"Architect\": \"One suggestion is to add input validation to ensure that the input array is not empty and that the value of k is within the bounds of the array length. Additionally, consider using descriptive variable names for the input parameters and the function itself to improve readability and maintainability.\",\n  \"Tester\": \"One suggestion is to create multiple test cases to cover different scenarios, such as an empty array, a single element array, and a valid array with a valid k value. Additionally, consider adding edge cases to the test cases to ensure the function handles unexpected inputs correctly.\"\n}",
    "Analyze": "{\n  \"Requirement\": \"The requirement is to write a function called kth_element that takes an array and a number k as input and returns the kth element in the array using 1-based indexing. For example, kth_element([12,3,5,7,19], 2) should return 3.\",\n  \"Analysis\": \"Based on the suggestions, the function should include input validation to ensure that the input array is not empty and that the value of k is within the bounds of the array length. Additionally, descriptive variable names should be used for the input parameters and the function itself to improve readability and maintainability. The function should also include multiple test cases to cover different scenarios, such as an empty array, a single element array, and a valid array with a valid k value. Edge cases should also be added to the test cases to ensure the function handles unexpected inputs correctly.\",\n  \"Response\": \"The requirement is to create a function kth_element that takes an array and a number k as input and returns the kth element in the array using 1-based indexing. The function should also include input validation to ensure that the input array is not empty and that the value of k is within the bounds of the array length. Descriptive variable names should be used for the input parameters and the function itself to improve readability and maintainability. Additionally, multiple test cases should be included to cover different scenarios, and edge cases should be added to ensure the function handles unexpected inputs correctly.\"\n}",
    "Test Cases Draft": "{\n  \"requirement analysis\": \"analysis\",\n  \"test_cases\": [\n    {\n      \"Test Title\": \"Empty Array Test\",\n      \"Input Data\": \"arr=[], k=1\",\n      \"Expected Output\": \"Error: Empty array\"\n    },\n    {\n      \"Test Title\": \"Single Element Array Test\",\n      \"Input Data\": \"arr=[5], k=1\",\n      \"Expected Output\": \"5\"\n    },\n    {\n      \"Test Title\": \"Valid Array Test\",\n      \"Input Data\": \"arr=[12,3,5,7,19], k=2\",\n      \"Expected Output\": \"3\"\n    },\n    {\n      \"Test Title\": \"Invalid K Value Test\",\n      \"Input Data\": \"arr=[12,3,5,7,19], k=6\",\n      \"Expected Output\": \"Error: Invalid k value\"\n    }\n  ]\n}",
    "Test Cases Draft_prompt": "{\"Role\": \"You are a quality assurance engineer. Your duty is to design test cases for the developers.\", \"Instruction\": \"According to the Context section, write test cases. Don't write long strings in your test cases. Response in JSON format.\", \"Example\": \"{\\\"requirement analysis\\\":\\\"analysis\\\",\\\"test_cases\\\":[{\\\"Test Title\\\":\\\"title\\\", \\\"Input Data\\\":\\\"parameter1=[1,2,3],parameter2='123'\\\", \\\"Expected Output\\\":\\\"456\\\"},]}\", \"Context\": \"# Requirement Analysis:\\n{\\n  \\\"Requirement\\\": \\\"The requirement is to write a function called kth_element that takes an array and a number k as input and returns the kth element in the array using 1-based indexing. For example, kth_element([12,3,5,7,19], 2) should return 3.\\\",\\n  \\\"Analysis\\\": \\\"Based on the suggestions, the function should include input validation to ensure that the input array is not empty and that the value of k is within the bounds of the array length. Additionally, descriptive variable names should be used for the input parameters and the function itself to improve readability and maintainability. The function should also include multiple test cases to cover different scenarios, such as an empty array, a single element array, and a valid array with a valid k value. Edge cases should also be added to the test cases to ensure the function handles unexpected inputs correctly.\\\",\\n  \\\"Response\\\": \\\"The requirement is to create a function kth_element that takes an array and a number k as input and returns the kth element in the array using 1-based indexing. The function should also include input validation to ensure that the input array is not empty and that the value of k is within the bounds of the array length. Descriptive variable names should be used for the input parameters and the function itself to improve readability and maintainability. Additionally, multiple test cases should be included to cover different scenarios, and edge cases should be added to ensure the function handles unexpected inputs correctly.\\\"\\n}\", \"Question\": \"def kth_element(arr, k):\\n'''Write a function to find the kth element in the given array using 1-based indexing.\\nassert kth_element([12,3,5,7,19], 2) == 3'''\\n\"}",
    "Test Cases Meetings": "{\n  \"Architect\": \"As an Architect, I suggest revising the test cases to include edge cases such as negative values for k, larger arrays with more elements, and corner cases to ensure robustness of the code.\",\n  \"Developer\": \"As a Developer, I suggest revising the test cases to include boundary conditions for the input array, such as an array with only one element, an empty array, and an array with duplicate elements to ensure the code can handle diverse scenarios.\"\n}",
    "Test Cases Meetings_prompt": "{\"Role\": \"I want you to act as a different roles and then give some suggestions about how to revise the test cases.\", \"Instruction\": \"1. Read the Context section. 2. Act as an Architect, give your suggestions. 3. Act as a Developer, give your suggestions. 4. Response in JSON format.\", \"Example\": \"{\\\"Architect\\\":\\\"Suggestion\\\",\\\"Developer\\\":\\\"Suggestion\\\"}\", \"Context\": \"{\\n  \\\"requirement analysis\\\": \\\"analysis\\\",\\n  \\\"test_cases\\\": [\\n    {\\n      \\\"Test Title\\\": \\\"Empty Array Test\\\",\\n      \\\"Input Data\\\": \\\"arr=[], k=1\\\",\\n      \\\"Expected Output\\\": \\\"Error: Empty array\\\"\\n    },\\n    {\\n      \\\"Test Title\\\": \\\"Single Element Array Test\\\",\\n      \\\"Input Data\\\": \\\"arr=[5], k=1\\\",\\n      \\\"Expected Output\\\": \\\"5\\\"\\n    },\\n    {\\n      \\\"Test Title\\\": \\\"Valid Array Test\\\",\\n      \\\"Input Data\\\": \\\"arr=[12,3,5,7,19], k=2\\\",\\n      \\\"Expected Output\\\": \\\"3\\\"\\n    },\\n    {\\n      \\\"Test Title\\\": \\\"Invalid K Value Test\\\",\\n      \\\"Input Data\\\": \\\"arr=[12,3,5,7,19], k=6\\\",\\n      \\\"Expected Output\\\": \\\"Error: Invalid k value\\\"\\n    }\\n  ]\\n}\", \"Question\": \"Follow the Instruction. The Context section include the test cases.\"}",
    "Test Cases": "{\n  \"requirement analysis\": \"analysis\",\n  \"test_cases\": [\n    {\n      \"Test Title\": \"Empty Array Test\",\n      \"Input Data\": \"arr=[], k=1\",\n      \"Expected Output\": \"Error: Empty array\"\n    },\n    {\n      \"Test Title\": \"Single Element Array Test\",\n      \"Input Data\": \"arr=[5], k=1\",\n      \"Expected Output\": \"5\"\n    },\n    {\n      \"Test Title\": \"Valid Array Test\",\n      \"Input Data\": \"arr=[12,3,5,7,19], k=2\",\n      \"Expected Output\": \"3\"\n    },\n    {\n      \"Test Title\": \"Invalid K Value Test\",\n      \"Input Data\": \"arr=[12,3,5,7,19], k=6\",\n      \"Expected Output\": \"Error: Invalid k value\"\n    },\n    {\n      \"Test Title\": \"Negative Value for K Test\",\n      \"Input Data\": \"arr=[12,3,5,7,19], k=-1\",\n      \"Expected Output\": \"Error: Invalid k value\"\n    },\n    {\n      \"Test Title\": \"Larger Array Test\",\n      \"Input Data\": \"arr=[12,3,5,7,19,25,33,42], k=3\",\n      \"Expected Output\": \"5\"\n    },\n    {\n      \"Test Title\": \"Array with Duplicate Elements Test\",\n      \"Input Data\": \"arr=[12,3,5,7,19,5], k=3\",\n      \"Expected Output\": \"5\"\n    }\n  ]\n}",
    "Test Cases_prompt": "{\"Role\": \"You are a quality assurance engineer. Your duty is to revise the test cases based on the suggestions.\", \"Instruction\": \"1. Your colleague give you some suggestions(in the Context section) about the draft test cases, read these suggestions. 2. Revise your draft version test cases, but don't use long parameters. 3. Response in JSON format.\", \"Example\": \"{\\\"requirement analysis\\\":\\\"analysis\\\",\\\"test_cases\\\":[{\\\"Test Title\\\":\\\"title\\\", \\\"Input Data\\\":\\\"parameter1=[1,2,3],parameter2='123'\\\", \\\"Expected Output\\\":\\\"456\\\"},]}\", \"Context\": \"# Suggestions:\\n{\\n  \\\"Architect\\\": \\\"As an Architect, I suggest revising the test cases to include edge cases such as negative values for k, larger arrays with more elements, and corner cases to ensure robustness of the code.\\\",\\n  \\\"Developer\\\": \\\"As a Developer, I suggest revising the test cases to include boundary conditions for the input array, such as an array with only one element, an empty array, and an array with duplicate elements to ensure the code can handle diverse scenarios.\\\"\\n}\\n # Draft Test cases:\\n{\\n  \\\"requirement analysis\\\": \\\"analysis\\\",\\n  \\\"test_cases\\\": [\\n    {\\n      \\\"Test Title\\\": \\\"Empty Array Test\\\",\\n      \\\"Input Data\\\": \\\"arr=[], k=1\\\",\\n      \\\"Expected Output\\\": \\\"Error: Empty array\\\"\\n    },\\n    {\\n      \\\"Test Title\\\": \\\"Single Element Array Test\\\",\\n      \\\"Input Data\\\": \\\"arr=[5], k=1\\\",\\n      \\\"Expected Output\\\": \\\"5\\\"\\n    },\\n    {\\n      \\\"Test Title\\\": \\\"Valid Array Test\\\",\\n      \\\"Input Data\\\": \\\"arr=[12,3,5,7,19], k=2\\\",\\n      \\\"Expected Output\\\": \\\"3\\\"\\n    },\\n    {\\n      \\\"Test Title\\\": \\\"Invalid K Value Test\\\",\\n      \\\"Input Data\\\": \\\"arr=[12,3,5,7,19], k=6\\\",\\n      \\\"Expected Output\\\": \\\"Error: Invalid k value\\\"\\n    }\\n  ]\\n}\", \"Question\": \"Follow the Instruction. Please make sure your response length are less than 512. Your test cases is for the below question:\\ndef kth_element(arr, k):\\n'''Write a function to find the kth element in the given array using 1-based indexing.\\nassert kth_element([12,3,5,7,19], 2) == 3'''\\n\"}",
    "Code0draft": "def kth_element(arr, k):\n    if len(arr) == 0:\n        return \"Error: Empty array\"\n    elif k <= 0 or k > len(arr):\n        return \"Error: Invalid k value\"\n    else:\n        arr.sort()\n        return arr[k-1]",
    "Code0draft_prompt": "{\"Role\": \"You are a professional engineer. Your duty is to write code in Python that meets the requirements. Ensure that the code you write is efficient, readable, and follows best practices. Remember, do not need to explain the code you wrote.\", \"Instruction\": \"According to the Context section, write your code.\", \"Example\": \"\", \"Context\": \"# Test Cases:\\n{\\n  \\\"requirement analysis\\\": \\\"analysis\\\",\\n  \\\"test_cases\\\": [\\n    {\\n      \\\"Test Title\\\": \\\"Empty Array Test\\\",\\n      \\\"Input Data\\\": \\\"arr=[], k=1\\\",\\n      \\\"Expected Output\\\": \\\"Error: Empty array\\\"\\n    },\\n    {\\n      \\\"Test Title\\\": \\\"Single Element Array Test\\\",\\n      \\\"Input Data\\\": \\\"arr=[5], k=1\\\",\\n      \\\"Expected Output\\\": \\\"5\\\"\\n    },\\n    {\\n      \\\"Test Title\\\": \\\"Valid Array Test\\\",\\n      \\\"Input Data\\\": \\\"arr=[12,3,5,7,19], k=2\\\",\\n      \\\"Expected Output\\\": \\\"3\\\"\\n    },\\n    {\\n      \\\"Test Title\\\": \\\"Invalid K Value Test\\\",\\n      \\\"Input Data\\\": \\\"arr=[12,3,5,7,19], k=6\\\",\\n      \\\"Expected Output\\\": \\\"Error: Invalid k value\\\"\\n    },\\n    {\\n      \\\"Test Title\\\": \\\"Negative Value for K Test\\\",\\n      \\\"Input Data\\\": \\\"arr=[12,3,5,7,19], k=-1\\\",\\n      \\\"Expected Output\\\": \\\"Error: Invalid k value\\\"\\n    },\\n    {\\n      \\\"Test Title\\\": \\\"Larger Array Test\\\",\\n      \\\"Input Data\\\": \\\"arr=[12,3,5,7,19,25,33,42], k=3\\\",\\n      \\\"Expected Output\\\": \\\"5\\\"\\n    },\\n    {\\n      \\\"Test Title\\\": \\\"Array with Duplicate Elements Test\\\",\\n      \\\"Input Data\\\": \\\"arr=[12,3,5,7,19,5], k=3\\\",\\n      \\\"Expected Output\\\": \\\"5\\\"\\n    }\\n  ]\\n}\", \"Question\": \"Follow the Instruction section. Complete the following code:\\ndef kth_element(arr, k):\\n'''Write a function to find the kth element in the given array using 1-based indexing.\\nassert kth_element([12,3,5,7,19], 2) == 3'''\\n\"}",
    "Code Review Meetings": "{\n  \"Architect\": \"Instead of sorting the entire array, we can use a selection algorithm to find the kth element in O(n) time complexity.\"\n  ,\n  \"Tester\": \"Test the function with different types of arrays like empty array, array with negative numbers, array with duplicate elements, and verify if the function handles these cases correctly.\"\n}",
    "Code0": "def kth_element(arr, k):\n    if len(arr) == 0:\n        return \"Error: Empty array\"\n    elif k <= 0 or k > len(arr):\n        return \"Error: Invalid k value\"\n    else:\n        min_index = 0\n        for i in range(0, k):\n            min_index = i\n            for j in range(i+1, len(arr)):\n                if arr[j] < arr[min_index]:\n                    min_index = j\n            arr[i], arr[min_index] = arr[min_index], arr[i]\n        return arr[k-1]",
    "Code0_prompt": "{\"Role\": \"You are a professional software engineer. Your duty is to write code in Python that meets the requirements. Ensure that the code you write is efficient, readable, and follows best practices. Remember, do not need to explain the code you wrote.\", \"Instruction\": \"1. Understand the suggestions(in the Context section) about the original code. 2. Rewrite your code.\", \"Example\": \"\", \"Context\": \"# Suggestions:\\n{\\n  \\\"Architect\\\": \\\"Instead of sorting the entire array, we can use a selection algorithm to find the kth element in O(n) time complexity.\\\"\\n  ,\\n  \\\"Tester\\\": \\\"Test the function with different types of arrays like empty array, array with negative numbers, array with duplicate elements, and verify if the function handles these cases correctly.\\\"\\n}\\n# Original code:\\ndef kth_element(arr, k):\\n    if len(arr) == 0:\\n        return \\\"Error: Empty array\\\"\\n    elif k <= 0 or k > len(arr):\\n        return \\\"Error: Invalid k value\\\"\\n    else:\\n        arr.sort()\\n        return arr[k-1]\", \"Question\": \"Follow the Instruction section. Complete the following code:\\ndef kth_element(arr, k):\\n'''Write a function to find the kth element in the given array using 1-based indexing.\\nassert kth_element([12,3,5,7,19], 2) == 3'''\\n\"}",
    "TestScriptOriginal": "import unittest\n\ndef kth_element(arr, k):\n    '''Write a function to find the kth element in the given array using 1-based indexing.'''\n    return arr[k-1]\n\nclass Test(unittest.TestCase):\n    def test(self):\n        self.assertEqual(kth_element([12,3,5,7,19], 2), 3)\n\nif __name__ == '__main__':\n    unittest.main()",
    "TestScriptOriginal_prompt": "{\"Role\": \"You are a quality assurance engineer. Your duty is to write a python test script in unittest framework.\", \"Instruction\": \"1. Write a python test script. 2. Use the input and output given by the question.\", \"Example\": \"import unittest\\n\\nclass Test(unittest.TestCase):\\n    def test(self):\\n        self.assertEqual(function_under_test('a'), 1)\\n\\nif __name__ == '__main__':\\n    unittest.main()\", \"Context\": \"\", \"Question\": \"def kth_element(arr, k):\\n'''Write a function to find the kth element in the given array using 1-based indexing.\\nassert kth_element([12,3,5,7,19], 2) == 3'''\\n\"}",
    "TestScript": "import unittest\n\nclass Test(unittest.TestCase):\n    def test(self):\n        self.assertEqual(kth_element([12,3,5,7,19], 2), 3)\n\nif __name__ == '__main__':\n    unittest.main()",
    "TestScript_prompt": "{\"Role\": \"You are a quality assurance engineer. Your duty is to write a python test script in unittest framework.\", \"Instruction\": \"1. Write a python test script. 2. Use the input and output given by the question.\", \"Example\": \"import unittest\\n\\nclass Test(unittest.TestCase):\\n    def test(self):\\n        self.assertEqual(function_under_test('a'), 1)\\n\\nif __name__ == '__main__':\\n    unittest.main()\", \"Context\": \"\", \"Question\": \"def kth_element(arr, k):\\n'''Write a function to find the kth element in the given array using 1-based indexing.\\nassert kth_element([12,3,5,7,19], 2) == 3'''\\n\"}",
    "ScriptResult0": "F\n======================================================================\nFAIL: test (__main__.Test)\n----------------------------------------------------------------------\nTraceback (most recent call last):\n  File \"/Users/watch/PycharmProjects/XXXX-1-LLM/workspace/2024-03-10_21-57-50-074342/test_script.py\", line 19, in test\n    self.assertEqual(kth_element([12,3,5,7,19], 2), 3)\nAssertionError: 5 != 3\n\n----------------------------------------------------------------------\nRan 1 test in 0.000s\n\nFAILED (failures=1)\n",
    "TestReport0": "Test Report:\n\nTest Case: test\nFile: /Users/watch/PycharmProjects/XXXX-1-LLM/workspace/2024-03-10_21-57-50-074342/test_script.py\nLine: 19\n\nInput: kth_element([12,3,5,7,19], 2)\nExpected Output: 3\nActual Output: 5\n\nConclusion: Code Test Failed\n\nNote: The actual output (5) does not match the expected output (3) for the given input.",
    "RepairResponse1": "{\n  \"revised_code\": \"def kth_element(arr, k):\\n    if len(arr) == 0:\\n        return \\\"Error: Empty array\\\"\\n    elif k <= 0 or k > len(arr):\\n        return \\\"Error: Invalid k value\\\"\\n    else:\\n        arr.sort()\\n        return arr[k-1]\"\n}",
    "RepairResponse1_prompt": "{\"Role\": \"You are a professional software engineer. Your duty is to write code in Python that meets the requirements. Ensure that the code you write is efficient, readable, and follows best practices. Remember, do not need to explain the code you wrote.\", \"Instruction\": \"1. Rewrite a bug fix version of the original code. 2. Response in JSON format.\", \"Example\": \"{\\\"revised_code\\\":\\\"...\\\"}\", \"Context\": \"# the original code:\\ndef kth_element(arr, k):\\n    if len(arr) == 0:\\n        return \\\"Error: Empty array\\\"\\n    elif k <= 0 or k > len(arr):\\n        return \\\"Error: Invalid k value\\\"\\n    else:\\n        min_index = 0\\n        for i in range(0, k):\\n            min_index = i\\n            for j in range(i+1, len(arr)):\\n                if arr[j] < arr[min_index]:\\n                    min_index = j\\n            arr[i], arr[min_index] = arr[min_index], arr[i]\\n        return arr[k-1]\\n# test report:\\nTest Report:\\n\\nTest Case: test\\nFile: /Users/watch/PycharmProjects/XXXX-1-LLM/workspace/2024-03-10_21-57-50-074342/test_script.py\\nLine: 19\\n\\nInput: kth_element([12,3,5,7,19], 2)\\nExpected Output: 3\\nActual Output: 5\\n\\nConclusion: Code Test Failed\\n\\nNote: The actual output (5) does not match the expected output (3) for the given input.\", \"Question\": \"The original code has some bugs, according to the test report and suggestions, rewrite the code. Complete the following code:\\ndef kth_element(arr, k):\\n'''Write a function to find the kth element in the given array using 1-based indexing.\\nassert kth_element([12,3,5,7,19], 2) == 3'''\\n\"}",
    "Code1": "def kth_element(arr, k):\n    if len(arr) == 0:\n        return \"Error: Empty array\"\n    elif k <= 0 or k > len(arr):\n        return \"Error: Invalid k value\"\n    else:\n        arr.sort()\n        return arr[k-1]",
    "ScriptResult1": "F\n======================================================================\nFAIL: test (__main__.Test)\n----------------------------------------------------------------------\nTraceback (most recent call last):\n  File \"/Users/watch/PycharmProjects/XXXX-1-LLM/workspace/2024-03-10_21-57-50-074342/test_script.py\", line 13, in test\n    self.assertEqual(kth_element([12,3,5,7,19], 2), 3)\nAssertionError: 5 != 3\n\n----------------------------------------------------------------------\nRan 1 test in 0.000s\n\nFAILED (failures=1)\n",
    "TestReport1": "Test Report:\n\nTest Script Output:\n======================================================================\nFAIL: test (__main__.Test)\n----------------------------------------------------------------------\nTraceback (most recent call last):\n  File \"/Users/watch/PycharmProjects/XXXX-1-LLM/workspace/2024-03-10_21-57-50-074342/test_script.py\", line 13, in test\n    self.assertEqual(kth_element([12,3,5,7,19], 2), 3)\nAssertionError: 5 != 3\n\n----------------------------------------------------------------------\nRan 1 test in 0.000s\n\nFAILED (failures=1)\n\nConclusion:\nThe code has FAILED the test. The input [12,3,5,7,19] and expected output 3 did not match the actual output 5.\n\nPlease review and fix the code.\n\nEnd of Test Report.",
    "RepairResponse2": "{\n  \"revised_code\": \"def kth_element(arr, k):\\n    if len(arr) == 0:\\n        return \\\"Error: Empty array\\\"\\n    elif k < 1 or k > len(arr):\\n        return \\\"Error: Invalid k value\\\"\\n    else:\\n        arr.sort()\\n        return arr[k-1]\"\n}",
    "RepairResponse2_prompt": "{\"Role\": \"You are a professional software engineer. Your duty is to write code in Python that meets the requirements. Ensure that the code you write is efficient, readable, and follows best practices. Remember, do not need to explain the code you wrote.\", \"Instruction\": \"1. Rewrite a bug fix version of the original code. 2. Response in JSON format.\", \"Example\": \"{\\\"revised_code\\\":\\\"...\\\"}\", \"Context\": \"# the original code:\\ndef kth_element(arr, k):\\n    if len(arr) == 0:\\n        return \\\"Error: Empty array\\\"\\n    elif k <= 0 or k > len(arr):\\n        return \\\"Error: Invalid k value\\\"\\n    else:\\n        arr.sort()\\n        return arr[k-1]\\n# test report:\\nTest Report:\\n\\nTest Script Output:\\n======================================================================\\nFAIL: test (__main__.Test)\\n----------------------------------------------------------------------\\nTraceback (most recent call last):\\n  File \\\"/Users/watch/PycharmProjects/XXXX-1-LLM/workspace/2024-03-10_21-57-50-074342/test_script.py\\\", line 13, in test\\n    self.assertEqual(kth_element([12,3,5,7,19], 2), 3)\\nAssertionError: 5 != 3\\n\\n----------------------------------------------------------------------\\nRan 1 test in 0.000s\\n\\nFAILED (failures=1)\\n\\nConclusion:\\nThe code has FAILED the test. The input [12,3,5,7,19] and expected output 3 did not match the actual output 5.\\n\\nPlease review and fix the code.\\n\\nEnd of Test Report.\", \"Question\": \"The original code has some bugs, according to the test report and suggestions, rewrite the code. Complete the following code:\\ndef kth_element(arr, k):\\n'''Write a function to find the kth element in the given array using 1-based indexing.\\nassert kth_element([12,3,5,7,19], 2) == 3'''\\n\"}",
    "Code2": "def kth_element(arr, k):\n    if len(arr) == 0:\n        return \"Error: Empty array\"\n    elif k < 1 or k > len(arr):\n        return \"Error: Invalid k value\"\n    else:\n        arr.sort()\n        return arr[k-1]",
    "ScriptResult2": "F\n======================================================================\nFAIL: test (__main__.Test)\n----------------------------------------------------------------------\nTraceback (most recent call last):\n  File \"/Users/watch/PycharmProjects/XXXX-1-LLM/workspace/2024-03-10_21-57-50-074342/test_script.py\", line 13, in test\n    self.assertEqual(kth_element([12,3,5,7,19], 2), 3)\nAssertionError: 5 != 3\n\n----------------------------------------------------------------------\nRan 1 test in 0.000s\n\nFAILED (failures=1)\n",
    "TestReport2": "Test Report:\n\nTest Script Output:\n======================================================================\nFAIL: test (__main__.Test)\n----------------------------------------------------------------------\nTraceback (most recent call last):\n  File \"/Users/watch/PycharmProjects/XXXX-1-LLM/workspace/2024-03-10_21-57-50-074342/test_script.py\", line 13, in test\n    self.assertEqual(kth_element([12,3,5,7,19], 2), 3)\nAssertionError: 5 != 3\n\n----------------------------------------------------------------------\nRan 1 test in 0.000s\n\nFAILED (failures=1)\n\nTest Conclusion:\nThe code has failed the test.\n\nInput and Expected Output Example:\nInput: [12,3,5,7,19]\nExpected Output: 3\n\nReported by: [Your Name]\nDate: [Current Date]\n\nPlease make the necessary adjustments to the code to ensure it passes the test.",
    "FinalCode": "def kth_element(arr, k):\n    if len(arr) == 0:\n        return \"Error: Empty array\"\n    elif k < 1 or k > len(arr):\n        return \"Error: Invalid k value\"\n    else:\n        arr.sort()\n        return arr[k-1]"
}