{
    "start_time": "2024-02-01_17-13-14-823660",
    "task": "def sum(a,b): \n'''Write a python function to find the sum of common divisors of two given numbers.\nassert sum(10,15) == 6'''\n",
    "datetime": {
        "task": "2024-02-01 17:13:14",
        "task-id": "2024-02-01 17:13:14",
        "workflow": "2024-02-01 17:13:14",
        "Discussion": "2024-02-01 17:13:24",
        "DisorderedSprintMeetings": "2024-02-01 17:13:26",
        "UserStoryDraft0": "2024-02-01 17:13:30",
        "AnalyzeMeetings": "2024-02-01 17:13:33",
        "UserStory0": "2024-02-01 17:13:41",
        "DesignDraft0": "2024-02-01 17:13:45",
        "DesignMeetings0": "2024-02-01 17:13:47",
        "Design0": "2024-02-01 17:13:51",
        "CodeDraft0": "2024-02-01 17:14:00",
        "CodeReviewMeetings0": "2024-02-01 17:14:02",
        "Code0CR": "2024-02-01 17:14:05",
        "FinalCode": "2024-02-01 17:15:47",
        "Test Cases Draft": "2024-02-01 17:14:11",
        "Test Cases Meetings": "2024-02-01 17:14:12",
        "Test Cases": "2024-02-01 17:14:16",
        "Code0": "2024-02-01 17:14:21",
        "TestScriptOriginal": "2024-02-01 17:14:22",
        "TestScript": "2024-02-01 17:14:22",
        "ScriptResult0": "2024-02-01 17:14:23",
        "TestReport0": "2024-02-01 17:14:31",
        "SprintReview0": "2024-02-01 17:14:39",
        "SprintReviewMeetings0": "2024-02-01 17:14:45",
        "RepairResponse0": "2024-02-01 17:14:49",
        "Code1": "2024-02-01 17:14:49",
        "ScriptResult1": "2024-02-01 17:14:50",
        "TestReport1": "2024-02-01 17:14:54",
        "SprintReview1": "2024-02-01 17:15:12",
        "SprintReviewMeetings1": "2024-02-01 17:15:18",
        "RepairResponse1": "2024-02-01 17:15:29",
        "Code2": "2024-02-01 17:15:29",
        "ScriptResult2": "2024-02-01 17:15:29",
        "TestReport2": "2024-02-01 17:15:33",
        "SprintReview2": "2024-02-01 17:15:42",
        "SprintReviewMeetings2": "2024-02-01 17:15:44",
        "RepairResponse2": "2024-02-01 17:15:47",
        "Code3": "2024-02-01 17:15:47",
        "ScriptResult3": "2024-02-01 17:15:47",
        "TestReport3": "2024-02-01 17:16:01"
    },
    "task-id": 126,
    "workflow": "agile/agile_version_0.0.4.json",
    "Discussion": "[ScrumMaster]says: We have a job: def sum(a,b): \n'''Write a python function to find the sum of common divisors of two given numbers.\nassert sum(10,15) == 6'''\n, do you have any ideas?\n-----\n\n[Developer]says: As a Developer, I think we should start by identifying the common divisors of the given numbers and then calculating their sum.\n-----\n\n[Architect]says: As an Architect, I think we should start by analyzing the requirements and designing the structure of the function to find the sum of common divisors of two given numbers.\n-----\n\n[ProductOwner]says: As a Product Owner, I think we should prioritize creating a user-friendly interface for this function to make it more accessible for our users.\n-----\n\n[Architect]says: As an Architect, I think we should start by analyzing the requirements and designing the structure of the function to find the sum of common divisors of two given numbers.\n-----\n\n[Developer]says: As a Developer, I think we should start by identifying the common divisors of the given numbers and then calculating their sum.\n-----\n\n[Tester]says: As a Tester, I think we should consider edge cases and potential issues with the input numbers when creating the function.\n-----\n\n[Tester]says: As a Tester, I think we should consider edge cases and potential issues with the input numbers when creating the function.\n-----\n\n[ProductOwner]says: As a Product Owner, I think we should prioritize creating a user-friendly interface for this function to make it more accessible for our users.\n-----\n",
    "DisorderedSprintMeetings": "{\n  \"product-owner\": [\"prioritize creating a user-friendly interface\"],\n  \"architect\": [\"analyze the requirements\", \"design the structure of the function\"],\n  \"developer\": [\"identify common divisors\", \"calculate their sum\"],\n  \"tester\": [\"consider edge cases\", \"identify potential issues with input numbers\"]\n}",
    "DisorderedSprintMeetings_prompt": "{\"Role\": \"You are a professional scrum master. Your goal is to breakdown the Discussion History into a task list for the scrum team.\", \"Instruction\": \"1. Read and Understand the Discussion History. 2. Define the tasks for four roles: product-owner/architect/developer/tester. 3. Response in JSON format.\", \"Example\": \"{\\\"product-owner\\\":[\\\"task1\\\",\\\"task2\\\"],\\\"architect\\\":[\\\"task1\\\",\\\"task2\\\"], \\\"developer\\\":[\\\"task1\\\",\\\"task2\\\"], \\\"tester\\\":[\\\"task1\\\",\\\"task2\\\"]}\", \"Context\": \"[ScrumMaster]says: We have a job: def sum(a,b): \\n'''Write a python function to find the sum of common divisors of two given numbers.\\nassert sum(10,15) == 6'''\\n, do you have any ideas?\\n-----\\n\\n[Developer]says: As a Developer, I think we should start by identifying the common divisors of the given numbers and then calculating their sum.\\n-----\\n\\n[Architect]says: As an Architect, I think we should start by analyzing the requirements and designing the structure of the function to find the sum of common divisors of two given numbers.\\n-----\\n\\n[ProductOwner]says: As a Product Owner, I think we should prioritize creating a user-friendly interface for this function to make it more accessible for our users.\\n-----\\n\\n[Architect]says: As an Architect, I think we should start by analyzing the requirements and designing the structure of the function to find the sum of common divisors of two given numbers.\\n-----\\n\\n[Developer]says: As a Developer, I think we should start by identifying the common divisors of the given numbers and then calculating their sum.\\n-----\\n\\n[Tester]says: As a Tester, I think we should consider edge cases and potential issues with the input numbers when creating the function.\\n-----\\n\\n[Tester]says: As a Tester, I think we should consider edge cases and potential issues with the input numbers when creating the function.\\n-----\\n\\n[ProductOwner]says: As a Product Owner, I think we should prioritize creating a user-friendly interface for this function to make it more accessible for our users.\\n-----\\n\", \"Question\": \"Follow the Instruction section. The Discussion History is in the Context section. You only need to return a task list as the Example section.\"}",
    "UserStoryDraft0": "{\n  \"UserStory\": \"As a user, I want a user-friendly interface for the function to find the sum of common divisors of two given numbers so that I can easily input the numbers and get the result without any difficulty.\"\n}",
    "UserStoryDraft0_prompt": "{\"Role\": \"You need to act as a professional product owner. Your task is to write a UserStory\", \"Instruction\": \"According to the Context, please analyze the requirement and write your response. Response in JSON format. Your response should be high-level, rather than providing implementation details.\", \"Example\": \"\", \"Context\": [\"prioritize creating a user-friendly interface\"], \"Question\": \"Follow the Instruction. The requirement is as follows:\\ndef sum(a,b): \\n'''Write a python function to find the sum of common divisors of two given numbers.\\nassert sum(10,15) == 6'''\\n\"}",
    "AnalyzeMeetings": "{\n  \"Architect\": \"I suggest using a clear and intuitive design for the user interface, with input fields for the two numbers and a prominent button to initiate the calculation. Consider providing visual feedback to the user during the calculation process to enhance the user experience.\",\n  \"Tester\": \"I recommend thoroughly testing the user interface to ensure that it is indeed user-friendly and intuitive. Check for any potential difficulties in inputting the numbers and verify that the calculation result is accurately displayed to the user.\"\n}",
    "UserStory0": "{\n  \"RevisedUserStory\": \"As a user, I want a clear and intuitive design for the user interface, with input fields for the two numbers and a prominent button to initiate the calculation. I also expect visual feedback during the calculation process to enhance my user experience. I expect the user interface to be thoroughly tested to ensure it is user-friendly and intuitive, with no difficulties in inputting the numbers and accurate display of the calculation result.\"\n}",
    "UserStory0_prompt": {
        "Role": "You need to act as a professional product owner. Your duty is to revise the document based on the suggestions.",
        "Instruction": "1. Read the suggestions. 2. Revise your draft version document. 3. Response in JSON format. 4. REMEMBER: Your analysis should be high-level, rather than providing implementation details.",
        "Example": "",
        "Context": "# Suggestion:\n{\n  \"Architect\": \"I suggest using a clear and intuitive design for the user interface, with input fields for the two numbers and a prominent button to initiate the calculation. Consider providing visual feedback to the user during the calculation process to enhance the user experience.\",\n  \"Tester\": \"I recommend thoroughly testing the user interface to ensure that it is indeed user-friendly and intuitive. Check for any potential difficulties in inputting the numbers and verify that the calculation result is accurately displayed to the user.\"\n}",
        "Question": "Follow the Instruction. Your colleague give you some suggestions(in the Context section) about this draft document:{\n  \"UserStory\": \"As a user, I want a user-friendly interface for the function to find the sum of common divisors of two given numbers so that I can easily input the numbers and get the result without any difficulty.\"\n}"
    },
    "DesignDraft0": "Design:\n\nThe function sum(a, b) in the python script should take two input parameters, 'a' and 'b', representing the two numbers for which we need to find the sum of common divisors. The function should return the sum of common divisors of the two given numbers.\n\nThe structure of the function should include input validation to ensure that the input parameters 'a' and 'b' are valid numbers. The function should also handle the case where either 'a' or 'b' is zero. \n\nAdditionally, the user interface design should include clear and intuitive input fields for the two numbers and a prominent button to initiate the calculation. Visual feedback during the calculation process should be integrated to enhance the user experience. The user interface should also be thoroughly tested to ensure it is user-friendly and intuitive, with no difficulties in inputting the numbers and accurate display of the calculation result. This design should guide the developer in implementing the function and the user interface to meet the user's expectations.",
    "DesignMeetings0": "{\n  \"Developer\": \"For the function sum(a, b), ensure that input validation is implemented to check if 'a' and 'b' are valid numbers. Handle the case where either 'a' or 'b' is zero. Also, make sure to return the correct result for the sum of common divisors of the given numbers.\",\n  \"Tester\": \"Test the function with various input combinations, including valid numbers, zero values, and edge cases. Verify that the function returns the correct sum of common divisors for different input scenarios. For the user interface, test the input fields, button functionality, and visual feedback during the calculation process to ensure a smooth and intuitive user experience.\"\n}",
    "Design0": "Based on the suggestions, I have revised the design as follows:\n\nDesign:\n\nThe function sum(a, b) in the python script should take two input parameters, 'a' and 'b', representing the two numbers for which we need to find the sum of common divisors. The function should return the sum of common divisors of the two given numbers. \n\nThe structure of the function should include input validation to ensure that the input parameters 'a' and 'b' are valid numbers. It should handle the case where either 'a' or 'b' is zero and return an appropriate message in such cases. Additionally, it should calculate the sum of common divisors of the given numbers and return the correct result.\n\nFor the user interface, there should be clear and intuitive input fields for the two numbers and a prominent button to initiate the calculation. Visual feedback during the calculation process should be integrated to enhance the user experience. The user interface should also be thoroughly tested to ensure it is user-friendly and intuitive, with no difficulties in inputting the numbers and accurate display of the calculation result. \n\nThis design should guide the developer in implementing the function and the user interface to meet the user's expectations.",
    "CodeDraft0": "def sum(a, b):\n    # Input validation\n    if not isinstance(a, int) or not isinstance(b, int):\n        return \"Invalid input! Please enter valid numbers.\"\n    if a == 0 or b == 0:\n        return \"One of the numbers is zero. Cannot calculate common divisors.\"\n\n    # Find divisors of a and b\n    divisors_a = [i for i in range(1, a+1) if a % i == 0]\n    divisors_b = [i for i in range(1, b+1) if b % i == 0]\n\n    # Find common divisors\n    common_divisors = set(divisors_a) & set(divisors_b)\n\n    # Calculate sum of common divisors\n    sum_common_divisors = sum(common_divisors)\n\n    return sum_common_divisors",
    "CodeDraft0_prompt": {
        "Role": "You are a professional engineer. Your duty is to write code in Python that meets the requirements. Ensure that the code you write is efficient, readable, and follows best practices. Remember, do not need to explain the code you wrote.",
        "Instruction": "According to the Context section, write your code.",
        "Example": "",
        "Context": "# Tasks:\n['identify common divisors', 'calculate their sum']\n# Design:\nBased on the suggestions, I have revised the design as follows:\n\nDesign:\n\nThe function sum(a, b) in the python script should take two input parameters, 'a' and 'b', representing the two numbers for which we need to find the sum of common divisors. The function should return the sum of common divisors of the two given numbers. \n\nThe structure of the function should include input validation to ensure that the input parameters 'a' and 'b' are valid numbers. It should handle the case where either 'a' or 'b' is zero and return an appropriate message in such cases. Additionally, it should calculate the sum of common divisors of the given numbers and return the correct result.\n\nFor the user interface, there should be clear and intuitive input fields for the two numbers and a prominent button to initiate the calculation. Visual feedback during the calculation process should be integrated to enhance the user experience. The user interface should also be thoroughly tested to ensure it is user-friendly and intuitive, with no difficulties in inputting the numbers and accurate display of the calculation result. \n\nThis design should guide the developer in implementing the function and the user interface to meet the user's expectations.",
        "Question": "Follow the Instruction section. Complete the following code:\ndef sum(a,b): \n'''Write a python function to find the sum of common divisors of two given numbers.\nassert sum(10,15) == 6'''\n"
    },
    "CodeReviewMeetings0": "{\n  \"Architect\": \"1. Add comments to explain the purpose of each section of the code for better readability. 2. Consider handling edge cases where a or b is negative. 3. Use more descriptive variable names for better code understanding and maintenance.\",\n  \"Tester\": \"1. Test the function with different input combinations including positive and negative numbers, zero, and non-integer inputs. 2. Check if the function returns the correct sum of common divisors for the given inputs. 3. Verify if the function handles edge cases such as zero and non-integer inputs correctly.\"\n}",
    "Code0CR": "def sum_of_common_divisors(a, b):\n    # Input validation\n    if not isinstance(a, int) or not isinstance(b, int):\n        return \"Please enter valid numbers\"\n    \n    if a == 0 or b == 0:\n        return \"One of the numbers is zero\"\n    \n    # Find common divisors\n    divisors_a = {i for i in range(1, abs(a) + 1) if a % i == 0}\n    divisors_b = {i for i in range(1, abs(b) + 1) if b % i == 0}\n    common_divisors = divisors_a.intersection(divisors_b)\n    \n    # Calculate sum of common divisors\n    sum_of_divisors = sum(common_divisors)\n    \n    return sum_of_divisors\n\n# User interface and visual feedback not implemented as it is not part of the provided design suggestions.",
    "Code0CR_prompt": "{\"Role\": \"You are a professional software engineer. Your duty is to write code in Python that meets the requirements. Ensure that the code you write is efficient, readable, and follows best practices. Remember, do not need to explain the code you wrote.\", \"Instruction\": \"1. Understand the suggestions(in the Context section) about the original code. 2. Rewrite your code.\", \"Example\": \"\", \"Context\": \"# Tasks:\\n['identify common divisors', 'calculate their sum']\\n# Design:\\nBased on the suggestions, I have revised the design as follows:\\n\\nDesign:\\n\\nThe function sum(a, b) in the python script should take two input parameters, 'a' and 'b', representing the two numbers for which we need to find the sum of common divisors. The function should return the sum of common divisors of the two given numbers. \\n\\nThe structure of the function should include input validation to ensure that the input parameters 'a' and 'b' are valid numbers. It should handle the case where either 'a' or 'b' is zero and return an appropriate message in such cases. Additionally, it should calculate the sum of common divisors of the given numbers and return the correct result.\\n\\nFor the user interface, there should be clear and intuitive input fields for the two numbers and a prominent button to initiate the calculation. Visual feedback during the calculation process should be integrated to enhance the user experience. The user interface should also be thoroughly tested to ensure it is user-friendly and intuitive, with no difficulties in inputting the numbers and accurate display of the calculation result. \\n\\nThis design should guide the developer in implementing the function and the user interface to meet the user's expectations.# Suggestions:\\n{\\n  \\\"Architect\\\": \\\"1. Add comments to explain the purpose of each section of the code for better readability. 2. Consider handling edge cases where a or b is negative. 3. Use more descriptive variable names for better code understanding and maintenance.\\\",\\n  \\\"Tester\\\": \\\"1. Test the function with different input combinations including positive and negative numbers, zero, and non-integer inputs. 2. Check if the function returns the correct sum of common divisors for the given inputs. 3. Verify if the function handles edge cases such as zero and non-integer inputs correctly.\\\"\\n}\", \"Question\": \"Follow the Instruction section. Complete the following code:\\ndef sum(a,b): \\n'''Write a python function to find the sum of common divisors of two given numbers.\\nassert sum(10,15) == 6'''\\n\"}",
    "FinalCode": "def sum(a, b):\n  common_divisors = [i for i in range(1, min(a, b) + 1) if a % i == 0 and b % i == 0]\n  return sum(common_divisors)",
    "Test Cases Draft": "{\n  \"test_cases\": [\n    {\n      \"Test Title\": \"Valid Input Test\",\n      \"Input Data\": \"a=10, b=15\",\n      \"Expected Output\": \"6\"\n    },\n    {\n      \"Test Title\": \"Zero Input Test\",\n      \"Input Data\": \"a=0, b=15\",\n      \"Expected Output\": \"Invalid Input\"\n    },\n    {\n      \"Test Title\": \"Negative Input Test\",\n      \"Input Data\": \"a=-10, b=15\",\n      \"Expected Output\": \"Invalid Input\"\n    },\n    {\n      \"Test Title\": \"Large Input Test\",\n      \"Input Data\": \"a=1000000, b=1500000\",\n      \"Expected Output\": \"Some Number\"\n    }\n  ]\n}",
    "Test Cases Draft_prompt": "{\"Role\": \"You are a quality assurance engineer. Your duty is to design test cases for the developers.\", \"Instruction\": \"According to the Context section, write test cases. Don't write long strings in your test cases. Response in JSON format.\", \"Example\": \"{\\\"requirement analysis\\\":\\\"analysis\\\",\\\"test_cases\\\":[{\\\"Test Title\\\":\\\"title\\\", \\\"Input Data\\\":\\\"parameter1=[1,2,3],parameter2='123'\\\", \\\"Expected Output\\\":\\\"456\\\"},]}\", \"Context\": \"# UsrtStory:\\n{\\n  \\\"RevisedUserStory\\\": \\\"As a user, I want a clear and intuitive design for the user interface, with input fields for the two numbers and a prominent button to initiate the calculation. I also expect visual feedback during the calculation process to enhance my user experience. I expect the user interface to be thoroughly tested to ensure it is user-friendly and intuitive, with no difficulties in inputting the numbers and accurate display of the calculation result.\\\"\\n}\\n# Tasks:\\n['consider edge cases', 'identify potential issues with input numbers']\\n# Design:\\nBased on the suggestions, I have revised the design as follows:\\n\\nDesign:\\n\\nThe function sum(a, b) in the python script should take two input parameters, 'a' and 'b', representing the two numbers for which we need to find the sum of common divisors. The function should return the sum of common divisors of the two given numbers. \\n\\nThe structure of the function should include input validation to ensure that the input parameters 'a' and 'b' are valid numbers. It should handle the case where either 'a' or 'b' is zero and return an appropriate message in such cases. Additionally, it should calculate the sum of common divisors of the given numbers and return the correct result.\\n\\nFor the user interface, there should be clear and intuitive input fields for the two numbers and a prominent button to initiate the calculation. Visual feedback during the calculation process should be integrated to enhance the user experience. The user interface should also be thoroughly tested to ensure it is user-friendly and intuitive, with no difficulties in inputting the numbers and accurate display of the calculation result. \\n\\nThis design should guide the developer in implementing the function and the user interface to meet the user's expectations.\", \"Question\": \"def sum(a,b): \\n'''Write a python function to find the sum of common divisors of two given numbers.\\nassert sum(10,15) == 6'''\\n\"}",
    "Test Cases Meetings": "{\n  \"Architect\": \"As an Architect, I suggest adding more test cases to cover a wider range of input data and expected outputs. This will help ensure the robustness and reliability of the software.\"\n\n  ,\n  \"Developer\": \"As a Developer, I suggest revising the test cases to include edge cases such as boundary values and extreme inputs. This will help uncover any potential issues and improve the overall quality of the software.\"\n}",
    "Test Cases": "{\n  \"test_cases\": [\n    {\n      \"Test Title\": \"Valid Input Test\",\n      \"Input Data\": \"a=10, b=15\",\n      \"Expected Output\": \"6\"\n    },\n    {\n      \"Test Title\": \"Zero Input Test\",\n      \"Input Data\": \"a=0, b=15\",\n      \"Expected Output\": \"Invalid Input\"\n    },\n    {\n      \"Test Title\": \"Negative Input Test\",\n      \"Input Data\": \"a=-10, b=15\",\n      \"Expected Output\": \"Invalid Input\"\n    },\n    {\n      \"Test Title\": \"Large Input Test\",\n      \"Input Data\": \"a=1000000, b=1500000\",\n      \"Expected Output\": \"Some Number\"\n    },\n    {\n      \"Test Title\": \"Boundary Value Test\",\n      \"Input Data\": \"a=1, b=1\",\n      \"Expected Output\": \"1\"\n    },\n    {\n      \"Test Title\": \"Extreme Inputs Test\",\n      \"Input Data\": \"a=999999, b=999999\",\n      \"Expected Output\": \"Some Number\"\n    }\n  ]\n}",
    "Test Cases_prompt": "{\"Role\": \"You are a quality assurance engineer. Your duty is to revise the test cases based on the suggestions.\", \"Instruction\": \"1. Your colleague give you some suggestions(in the Context section) about the draft test cases, read these suggestions. 2. Revise your draft version test cases, but don't use long parameters. 3. Response in JSON format.\", \"Example\": \"{\\\"requirement analysis\\\":\\\"analysis\\\",\\\"test_cases\\\":[{\\\"Test Title\\\":\\\"title\\\", \\\"Input Data\\\":\\\"parameter1=[1,2,3],parameter2='123'\\\", \\\"Expected Output\\\":\\\"456\\\"},]}\", \"Context\": \"# Suggestions:\\n{\\n  \\\"Architect\\\": \\\"As an Architect, I suggest adding more test cases to cover a wider range of input data and expected outputs. This will help ensure the robustness and reliability of the software.\\\"\\n\\n  ,\\n  \\\"Developer\\\": \\\"As a Developer, I suggest revising the test cases to include edge cases such as boundary values and extreme inputs. This will help uncover any potential issues and improve the overall quality of the software.\\\"\\n}\\n # Draft Test cases:\\n{\\n  \\\"test_cases\\\": [\\n    {\\n      \\\"Test Title\\\": \\\"Valid Input Test\\\",\\n      \\\"Input Data\\\": \\\"a=10, b=15\\\",\\n      \\\"Expected Output\\\": \\\"6\\\"\\n    },\\n    {\\n      \\\"Test Title\\\": \\\"Zero Input Test\\\",\\n      \\\"Input Data\\\": \\\"a=0, b=15\\\",\\n      \\\"Expected Output\\\": \\\"Invalid Input\\\"\\n    },\\n    {\\n      \\\"Test Title\\\": \\\"Negative Input Test\\\",\\n      \\\"Input Data\\\": \\\"a=-10, b=15\\\",\\n      \\\"Expected Output\\\": \\\"Invalid Input\\\"\\n    },\\n    {\\n      \\\"Test Title\\\": \\\"Large Input Test\\\",\\n      \\\"Input Data\\\": \\\"a=1000000, b=1500000\\\",\\n      \\\"Expected Output\\\": \\\"Some Number\\\"\\n    }\\n  ]\\n}\", \"Question\": \"Follow the Instruction. Please make sure your response length are less than 512. Your test cases is for the below question:\\ndef sum(a,b): \\n'''Write a python function to find the sum of common divisors of two given numbers.\\nassert sum(10,15) == 6'''\\n\"}",
    "Code0": "def sum_of_common_divisors(a, b):\n    if not isinstance(a, int) or not isinstance(b, int):\n        return \"Please enter valid numbers\"\n    \n    if a == 0 or b == 0:\n        return \"Invalid Input\"\n    \n    divisors_a = {i for i in range(1, abs(a) + 1) if a % i == 0}\n    divisors_b = {i for i in range(1, abs(b) + 1) if b % i == 0}\n    common_divisors = divisors_a.intersection(divisors_b)\n    \n    sum_of_divisors = sum(common_divisors)\n    \n    return sum_of_divisors",
    "Code0_prompt": {
        "Role": "You are a professional software engineer. Your duty is to write code in Python that meets the requirements. Ensure that the code you write is efficient, readable, and follows best practices. Remember, do not need to explain the code you wrote.",
        "Instruction": "1. Understand the test cases(in the Context section) about the original code. 2. Rewrite your code, make sure your code pass all test cases.",
        "Example": "",
        "Context": "# Original Code:\ndef sum_of_common_divisors(a, b):\n    # Input validation\n    if not isinstance(a, int) or not isinstance(b, int):\n        return \"Please enter valid numbers\"\n    \n    if a == 0 or b == 0:\n        return \"One of the numbers is zero\"\n    \n    # Find common divisors\n    divisors_a = {i for i in range(1, abs(a) + 1) if a % i == 0}\n    divisors_b = {i for i in range(1, abs(b) + 1) if b % i == 0}\n    common_divisors = divisors_a.intersection(divisors_b)\n    \n    # Calculate sum of common divisors\n    sum_of_divisors = sum(common_divisors)\n    \n    return sum_of_divisors\n\n# User interface and visual feedback not implemented as it is not part of the provided design suggestions.\n# Test Cases:\n{\n  \"test_cases\": [\n    {\n      \"Test Title\": \"Valid Input Test\",\n      \"Input Data\": \"a=10, b=15\",\n      \"Expected Output\": \"6\"\n    },\n    {\n      \"Test Title\": \"Zero Input Test\",\n      \"Input Data\": \"a=0, b=15\",\n      \"Expected Output\": \"Invalid Input\"\n    },\n    {\n      \"Test Title\": \"Negative Input Test\",\n      \"Input Data\": \"a=-10, b=15\",\n      \"Expected Output\": \"Invalid Input\"\n    },\n    {\n      \"Test Title\": \"Large Input Test\",\n      \"Input Data\": \"a=1000000, b=1500000\",\n      \"Expected Output\": \"Some Number\"\n    },\n    {\n      \"Test Title\": \"Boundary Value Test\",\n      \"Input Data\": \"a=1, b=1\",\n      \"Expected Output\": \"1\"\n    },\n    {\n      \"Test Title\": \"Extreme Inputs Test\",\n      \"Input Data\": \"a=999999, b=999999\",\n      \"Expected Output\": \"Some Number\"\n    }\n  ]\n}",
        "Question": "def sum(a,b): \n'''Write a python function to find the sum of common divisors of two given numbers.\nassert sum(10,15) == 6'''\n"
    },
    "TestScriptOriginal": "import unittest\n\ndef sum(a, b):\n    common_divisors = [i for i in range(1, min(a, b) + 1) if a % i == 0 and b % i == 0]\n    return sum(common_divisors)\n\nclass Test(unittest.TestCase):\n    def test(self):\n        self.assertEqual(sum(10, 15), 6)\n\nif __name__ == '__main__':\n    unittest.main()",
    "TestScriptOriginal_prompt": "{\"Role\": \"You are a quality assurance engineer. Your duty is to write a python test script in unittest framework.\", \"Instruction\": \"1. Write a python test script. 2. Use the input and output given by the question.\", \"Example\": \"import unittest\\n\\nclass Test(unittest.TestCase):\\n    def test(self):\\n        self.assertEqual(function_under_test('a'), 1)\\n\\nif __name__ == '__main__':\\n    unittest.main()\", \"Context\": \"\", \"Question\": \"def sum(a,b): \\n'''Write a python function to find the sum of common divisors of two given numbers.\\nassert sum(10,15) == 6'''\\n\"}",
    "TestScript": "import unittest\n\nclass Test(unittest.TestCase):\n    def test(self):\n        self.assertEqual(sum(10, 15), 6)\n\nif __name__ == '__main__':\n    unittest.main()",
    "ScriptResult0": "E\n======================================================================\nERROR: test (__main__.Test)\n----------------------------------------------------------------------\nTraceback (most recent call last):\n  File \"/Users/watch/PycharmProjects/XXXX-1-LLM/workspace/2024-02-01_17-13-14-823660/test_script.py\", line 19, in test\n    self.assertEqual(sum(10, 15), 6)\nTypeError: 'int' object is not iterable\n\n----------------------------------------------------------------------\nRan 1 test in 0.000s\n\nFAILED (errors=1)\n",
    "TestReport0": "Test Report:\n\nThe test script's output is as follows:\n\nE\n======================================================================\nERROR: test (__main__.Test)\n----------------------------------------------------------------------\nTraceback (most recent call last):\n  File \"/Users/watch/PycharmProjects/XXXX-1-LLM/workspace/2024-02-01_17-13-14-823660/test_script.py\", line 19, in test\n    self.assertEqual(sum(10, 15), 6)\nTypeError: 'int' object is not iterable\n\n----------------------------------------------------------------------\nRan 1 test in 0.000s\n\nFAILED (errors=1)\n\nAnalysis:\nThe test failed with an error message indicating a TypeError. The test expected the sum of 10 and 15 to be 6, which led to the failure.\n\nConclusion:\nCode Test Failed\n\nInput and Expected Output Example:\n- Input: sum(10, 15)\n- Expected Output: 6\n\nRecommendation:\nThe code should be reviewed and corrected to ensure the expected output matches the actual output for the given input.\n\nReported by: [Your Name]\nDate: [Current Date]",
    "SprintReview0": "[ScrumMaster]says: Here is our test Report: Test Report:\n\nThe test script's output is as follows:\n\nE\n======================================================================\nERROR: test (__main__.Test)\n----------------------------------------------------------------------\nTraceback (most recent call last):\n  File \"/Users/watch/PycharmProjects/XXXX-1-LLM/workspace/2024-02-01_17-13-14-823660/test_script.py\", line 19, in test\n    self.assertEqual(sum(10, 15), 6)\nTypeError: 'int' object is not iterable\n\n----------------------------------------------------------------------\nRan 1 test in 0.000s\n\nFAILED (errors=1)\n\nAnalysis:\nThe test failed with an error message indicating a TypeError. The test expected the sum of 10 and 15 to be 6, which led to the failure.\n\nConclusion:\nCode Test Failed\n\nInput and Expected Output Example:\n- Input: sum(10, 15)\n- Expected Output: 6\n\nRecommendation:\nThe code should be reviewed and corrected to ensure the expected output matches the actual output for the given input.\n\nReported by: [Your Name]\nDate: [Current Date], do you have any ideas?\n-----\n\n[ProductOwner]says: As a Product Owner, I think we should prioritize fixing the code to ensure the expected output matches the actual output for the given input.\n-----\n\n[Architect]says: As an architect, I recommend reviewing the code and making necessary corrections to ensure the expected output matches the actual output for the given input.\n-----\n\n[ProductOwner]says: [ProductOwner] To create a product, we should prioritize fixing the code to ensure the expected output matches the actual output for the given input.\n-----\n\n[Architect]says: As an architect, I recommend reviewing the code and making necessary corrections to ensure the expected output matches the actual output for the given input.\n-----\n\n[Developer]says: As a Developer, I will review the code and identify the issue to ensure the expected output matches the actual output for the given input.\n-----\n\n[Tester]says: As a Tester, I recommend reviewing and correcting the code to ensure the expected output matches the actual output for the given input.\n-----\n\n[Tester]says: As a Tester, I recommend reviewing and correcting the code to ensure the expected output matches the actual output for the given input.\n-----\n\n[Developer]says: As a Developer, I will review the code and identify the issue to ensure the expected output matches the actual output for the given input.\n-----\n",
    "SprintReviewMeetings0": "{\n  \"product-owner\": [\"I think we should prioritize fixing the code to ensure the expected output matches the actual output for the given input.\", \"To create a product, we should prioritize fixing the code to ensure the expected output matches the actual output for the given input.\"],\n  \"architect\": [\"I recommend reviewing the code and making necessary corrections to ensure the expected output matches the actual output for the given input.\", \"As an architect, I recommend reviewing the code and making necessary corrections to ensure the expected output matches the actual output for the given input.\"],\n  \"developer\": [\"I will review the code and identify the issue to ensure the expected output matches the actual output for the given input.\", \"As a Developer, I will review the code and identify the issue to ensure the expected output matches the actual output for the given input.\"],\n  \"tester\": [\"I recommend reviewing and correcting the code to ensure the expected output matches the actual output for the given input.\", \"As a Tester, I recommend reviewing and correcting the code to ensure the expected output matches the actual output for the given input.\"]\n}",
    "SprintReviewMeetings0_prompt": "{\"Role\": \"You are a professional scrum master. Your goal is to summary the Discussion History into a suggestions list for the scrum team.\", \"Instruction\": \"1. Read and Understand the Discussion History. 2. Summary the suggestions from four roles: product-owner/architect/developer/tester. 3. Response in JSON format.\", \"Example\": \"{\\\"product-owner\\\":[\\\"suggestion1\\\",\\\"suggestion2\\\"],\\\"architect\\\":[\\\"suggestion1\\\",\\\"suggestion2\\\"], \\\"developer\\\":[\\\"suggestion1\\\",\\\"suggestion2\\\"], \\\"tester\\\":[\\\"suggestion1\\\",\\\"suggestion2\\\"]}\", \"Context\": \"[ScrumMaster]says: Here is our test Report: Test Report:\\n\\nThe test script's output is as follows:\\n\\nE\\n======================================================================\\nERROR: test (__main__.Test)\\n----------------------------------------------------------------------\\nTraceback (most recent call last):\\n  File \\\"/Users/watch/PycharmProjects/XXXX-1-LLM/workspace/2024-02-01_17-13-14-823660/test_script.py\\\", line 19, in test\\n    self.assertEqual(sum(10, 15), 6)\\nTypeError: 'int' object is not iterable\\n\\n----------------------------------------------------------------------\\nRan 1 test in 0.000s\\n\\nFAILED (errors=1)\\n\\nAnalysis:\\nThe test failed with an error message indicating a TypeError. The test expected the sum of 10 and 15 to be 6, which led to the failure.\\n\\nConclusion:\\nCode Test Failed\\n\\nInput and Expected Output Example:\\n- Input: sum(10, 15)\\n- Expected Output: 6\\n\\nRecommendation:\\nThe code should be reviewed and corrected to ensure the expected output matches the actual output for the given input.\\n\\nReported by: [Your Name]\\nDate: [Current Date], do you have any ideas?\\n-----\\n\\n[ProductOwner]says: As a Product Owner, I think we should prioritize fixing the code to ensure the expected output matches the actual output for the given input.\\n-----\\n\\n[Architect]says: As an architect, I recommend reviewing the code and making necessary corrections to ensure the expected output matches the actual output for the given input.\\n-----\\n\\n[ProductOwner]says: [ProductOwner] To create a product, we should prioritize fixing the code to ensure the expected output matches the actual output for the given input.\\n-----\\n\\n[Architect]says: As an architect, I recommend reviewing the code and making necessary corrections to ensure the expected output matches the actual output for the given input.\\n-----\\n\\n[Developer]says: As a Developer, I will review the code and identify the issue to ensure the expected output matches the actual output for the given input.\\n-----\\n\\n[Tester]says: As a Tester, I recommend reviewing and correcting the code to ensure the expected output matches the actual output for the given input.\\n-----\\n\\n[Tester]says: As a Tester, I recommend reviewing and correcting the code to ensure the expected output matches the actual output for the given input.\\n-----\\n\\n[Developer]says: As a Developer, I will review the code and identify the issue to ensure the expected output matches the actual output for the given input.\\n-----\\n\", \"Question\": \"Follow the Instruction section. The Discussion History is in the Context section. You only need to return a list as the Example section.\"}",
    "RepairResponse0": "{\n  \"revised_code\": \"def sum(a, b):\\n    '''Write a python function to find the sum of common divisors of two given numbers.'''\\n    common_divisors = [i for i in range(1, min(a, b) + 1) if a % i == 0 and b % i == 0]\\n    return sum(common_divisors)\"\n}",
    "RepairResponse0_prompt": {
        "Role": "You are a professional software engineer. Your duty is to write code in Python that meets the requirements. Ensure that the code you write is efficient, readable, and follows best practices. Remember, do not need to explain the code you wrote.",
        "Instruction": "1. Rewrite a bug fix version of the original code. 2. Response in JSON format.",
        "Example": "{\"revised_code\":\"...\"}",
        "Context": "# Test Report:\nTest Report:\n\nThe test script's output is as follows:\n\nE\n======================================================================\nERROR: test (__main__.Test)\n----------------------------------------------------------------------\nTraceback (most recent call last):\n  File \"/Users/watch/PycharmProjects/XXXX-1-LLM/workspace/2024-02-01_17-13-14-823660/test_script.py\", line 19, in test\n    self.assertEqual(sum(10, 15), 6)\nTypeError: 'int' object is not iterable\n\n----------------------------------------------------------------------\nRan 1 test in 0.000s\n\nFAILED (errors=1)\n\nAnalysis:\nThe test failed with an error message indicating a TypeError. The test expected the sum of 10 and 15 to be 6, which led to the failure.\n\nConclusion:\nCode Test Failed\n\nInput and Expected Output Example:\n- Input: sum(10, 15)\n- Expected Output: 6\n\nRecommendation:\nThe code should be reviewed and corrected to ensure the expected output matches the actual output for the given input.\n\nReported by: [Your Name]\nDate: [Current Date]# suggestions:\n{\"product-owner\": [\"I think we should prioritize fixing the code to ensure the expected output matches the actual output for the given input.\", \"To create a product, we should prioritize fixing the code to ensure the expected output matches the actual output for the given input.\"], \"architect\": [\"I recommend reviewing the code and making necessary corrections to ensure the expected output matches the actual output for the given input.\", \"As an architect, I recommend reviewing the code and making necessary corrections to ensure the expected output matches the actual output for the given input.\"], \"developer\": [\"I will review the code and identify the issue to ensure the expected output matches the actual output for the given input.\", \"As a Developer, I will review the code and identify the issue to ensure the expected output matches the actual output for the given input.\"], \"tester\": [\"I recommend reviewing and correcting the code to ensure the expected output matches the actual output for the given input.\", \"As a Tester, I recommend reviewing and correcting the code to ensure the expected output matches the actual output for the given input.\"]}",
        "Question": "The original code has some bugs, according to the test report and suggestions, rewrite the code. Complete the following code:\ndef sum(a,b): \n'''Write a python function to find the sum of common divisors of two given numbers.\nassert sum(10,15) == 6'''\n"
    },
    "Code1": "def sum(a, b):\n    '''Write a python function to find the sum of common divisors of two given numbers.'''\n    common_divisors = [i for i in range(1, min(a, b) + 1) if a % i == 0 and b % i == 0]\n    return sum(common_divisors)",
    "ScriptResult1": "E\n======================================================================\nERROR: test (__main__.Test)\n----------------------------------------------------------------------\nTraceback (most recent call last):\n  File \"/Users/watch/PycharmProjects/XXXX-1-LLM/workspace/2024-02-01_17-13-14-823660/test_script.py\", line 9, in test\n    self.assertEqual(sum(10, 15), 6)\n  File \"/Users/watch/PycharmProjects/XXXX-1-LLM/workspace/2024-02-01_17-13-14-823660/test_script.py\", line 4, in sum\n    return sum(common_divisors)\nTypeError: sum() missing 1 required positional argument: 'b'\n\n----------------------------------------------------------------------\nRan 1 test in 0.000s\n\nFAILED (errors=1)\n",
    "TestReport1": "Test Report:\n\nTest script's output:\n\nE\n======================================================================\nERROR: test (__main__.Test)\n----------------------------------------------------------------------\nTraceback (most recent call last):\n  File \"/Users/watch/PycharmProjects/XXXX-1-LLM/workspace/2024-02-01_17-13-14-823660/test_script.py\", line 9, in test\n    self.assertEqual(sum(10, 15), 6)\n  File \"/Users/watch/PycharmProjects/XXXX-1-LLM/workspace/2024-02-01_17-13-14-823660/test_script.py\", line 4, in sum\n    return sum(common_divisors)\nTypeError: sum() missing 1 required positional argument: 'b'\n\n----------------------------------------------------------------------\nRan 1 test in 0.000s\n\nFAILED (errors=1)\n\nTest Report:\n\nThe test script has failed with the following output. The 'sum' function is missing a required positional argument 'b' which resulted in a TypeError. The test case where sum(10, 15) was expected to be 6 failed due to this error.\n\nCode Test Failed\n\nExample of input and expected output:\ndef sum(a, b):\n    '''Write a python function to find the sum of common divisors of two given numbers.'''\n    common_divisors = [i for i in range(1, min(a, b) + 1) if a % i == 0 and b % i == 0]\n    return sum(common_divisors)",
    "SprintReview1": "[ScrumMaster]says: Here is our test Report: Test Report:\n\nTest script's output:\n\nE\n======================================================================\nERROR: test (__main__.Test)\n----------------------------------------------------------------------\nTraceback (most recent call last):\n  File \"/Users/watch/PycharmProjects/XXXX-1-LLM/workspace/2024-02-01_17-13-14-823660/test_script.py\", line 9, in test\n    self.assertEqual(sum(10, 15), 6)\n  File \"/Users/watch/PycharmProjects/XXXX-1-LLM/workspace/2024-02-01_17-13-14-823660/test_script.py\", line 4, in sum\n    return sum(common_divisors)\nTypeError: sum() missing 1 required positional argument: 'b'\n\n----------------------------------------------------------------------\nRan 1 test in 0.000s\n\nFAILED (errors=1)\n\nTest Report:\n\nThe test script has failed with the following output. The 'sum' function is missing a required positional argument 'b' which resulted in a TypeError. The test case where sum(10, 15) was expected to be 6 failed due to this error.\n\nCode Test Failed\n\nExample of input and expected output:\ndef sum(a, b):\n    '''Write a python function to find the sum of common divisors of two given numbers.'''\n    common_divisors = [i for i in range(1, min(a, b) + 1) if a % i == 0 and b % i == 0]\n    return sum(common_divisors), do you have any ideas?\n-----\n\n[Developer]says: As a Developer, I suggest reviewing the test script and ensuring that the sum function has the correct parameters to resolve the TypeError.\n-----\n\n[Tester]says: As a Tester, we need to review the test script and ensure that the 'sum' function has the correct parameters to avoid the TypeError.\n-----\n\n[Architect]says: As an architect, it is important to review the test script and identify the root cause of the error before suggesting any changes to the code.\n-----\n\n[Tester]says: As a Tester, I will review the test script and ensure that the 'sum' function has the correct parameters to avoid the TypeError.\n-----\n\n[Developer]says: As a Developer, I suggest reviewing the test script and ensuring that the sum function has the correct parameters to resolve the TypeError.\n-----\n\n[Architect]says: As an architect, I believe it is important to review the test script and identify the root cause of the error before suggesting any changes to the code.\n-----\n\n[ProductOwner]says: As the Product Owner, I think we should prioritize fixing the 'sum' function to avoid any further test failures.\n-----\n\n[ProductOwner]says: As the Product Owner, I think we should prioritize fixing the 'sum' function to avoid any further test failures.\n-----\n",
    "SprintReviewMeetings1": "{\n  \"product-owner\": [\"Prioritize fixing the 'sum' function to avoid further test failures\"],\n  \"architect\": [\"Review the test script and identify the root cause of the error before suggesting any changes to the code\"],\n  \"developer\": [\"Review the test script and ensure that the sum function has the correct parameters to resolve the TypeError\"],\n  \"tester\": [\"Review the test script and ensure that the 'sum' function has the correct parameters to avoid the TypeError\"]\n}",
    "SprintReviewMeetings1_prompt": "{\"Role\": \"You are a professional scrum master. Your goal is to summary the Discussion History into a suggestions list for the scrum team.\", \"Instruction\": \"1. Read and Understand the Discussion History. 2. Summary the suggestions from four roles: product-owner/architect/developer/tester. 3. Response in JSON format.\", \"Example\": \"{\\\"product-owner\\\":[\\\"suggestion1\\\",\\\"suggestion2\\\"],\\\"architect\\\":[\\\"suggestion1\\\",\\\"suggestion2\\\"], \\\"developer\\\":[\\\"suggestion1\\\",\\\"suggestion2\\\"], \\\"tester\\\":[\\\"suggestion1\\\",\\\"suggestion2\\\"]}\", \"Context\": \"[ScrumMaster]says: Here is our test Report: Test Report:\\n\\nTest script's output:\\n\\nE\\n======================================================================\\nERROR: test (__main__.Test)\\n----------------------------------------------------------------------\\nTraceback (most recent call last):\\n  File \\\"/Users/watch/PycharmProjects/XXXX-1-LLM/workspace/2024-02-01_17-13-14-823660/test_script.py\\\", line 9, in test\\n    self.assertEqual(sum(10, 15), 6)\\n  File \\\"/Users/watch/PycharmProjects/XXXX-1-LLM/workspace/2024-02-01_17-13-14-823660/test_script.py\\\", line 4, in sum\\n    return sum(common_divisors)\\nTypeError: sum() missing 1 required positional argument: 'b'\\n\\n----------------------------------------------------------------------\\nRan 1 test in 0.000s\\n\\nFAILED (errors=1)\\n\\nTest Report:\\n\\nThe test script has failed with the following output. The 'sum' function is missing a required positional argument 'b' which resulted in a TypeError. The test case where sum(10, 15) was expected to be 6 failed due to this error.\\n\\nCode Test Failed\\n\\nExample of input and expected output:\\ndef sum(a, b):\\n    '''Write a python function to find the sum of common divisors of two given numbers.'''\\n    common_divisors = [i for i in range(1, min(a, b) + 1) if a % i == 0 and b % i == 0]\\n    return sum(common_divisors), do you have any ideas?\\n-----\\n\\n[Developer]says: As a Developer, I suggest reviewing the test script and ensuring that the sum function has the correct parameters to resolve the TypeError.\\n-----\\n\\n[Tester]says: As a Tester, we need to review the test script and ensure that the 'sum' function has the correct parameters to avoid the TypeError.\\n-----\\n\\n[Architect]says: As an architect, it is important to review the test script and identify the root cause of the error before suggesting any changes to the code.\\n-----\\n\\n[Tester]says: As a Tester, I will review the test script and ensure that the 'sum' function has the correct parameters to avoid the TypeError.\\n-----\\n\\n[Developer]says: As a Developer, I suggest reviewing the test script and ensuring that the sum function has the correct parameters to resolve the TypeError.\\n-----\\n\\n[Architect]says: As an architect, I believe it is important to review the test script and identify the root cause of the error before suggesting any changes to the code.\\n-----\\n\\n[ProductOwner]says: As the Product Owner, I think we should prioritize fixing the 'sum' function to avoid any further test failures.\\n-----\\n\\n[ProductOwner]says: As the Product Owner, I think we should prioritize fixing the 'sum' function to avoid any further test failures.\\n-----\\n\", \"Question\": \"Follow the Instruction section. The Discussion History is in the Context section. You only need to return a list as the Example section.\"}",
    "RepairResponse1": "{\n\"revised_code\": \"def sum(a, b):\\n    '''Write a python function to find the sum of common divisors of two given numbers.'''\\n    common_divisors = [i for i in range(1, min(a, b) + 1) if a % i == 0 and b % i == 0]\\n    return sum(common_divisors)\\n\"\n}",
    "RepairResponse1_prompt": {
        "Role": "You are a professional software engineer. Your duty is to write code in Python that meets the requirements. Ensure that the code you write is efficient, readable, and follows best practices. Remember, do not need to explain the code you wrote.",
        "Instruction": "1. Rewrite a bug fix version of the original code. 2. Response in JSON format.",
        "Example": "{\"revised_code\":\"...\"}",
        "Context": "# Test Report:\nTest Report:\n\nTest script's output:\n\nE\n======================================================================\nERROR: test (__main__.Test)\n----------------------------------------------------------------------\nTraceback (most recent call last):\n  File \"/Users/watch/PycharmProjects/XXXX-1-LLM/workspace/2024-02-01_17-13-14-823660/test_script.py\", line 9, in test\n    self.assertEqual(sum(10, 15), 6)\n  File \"/Users/watch/PycharmProjects/XXXX-1-LLM/workspace/2024-02-01_17-13-14-823660/test_script.py\", line 4, in sum\n    return sum(common_divisors)\nTypeError: sum() missing 1 required positional argument: 'b'\n\n----------------------------------------------------------------------\nRan 1 test in 0.000s\n\nFAILED (errors=1)\n\nTest Report:\n\nThe test script has failed with the following output. The 'sum' function is missing a required positional argument 'b' which resulted in a TypeError. The test case where sum(10, 15) was expected to be 6 failed due to this error.\n\nCode Test Failed\n\nExample of input and expected output:\ndef sum(a, b):\n    '''Write a python function to find the sum of common divisors of two given numbers.'''\n    common_divisors = [i for i in range(1, min(a, b) + 1) if a % i == 0 and b % i == 0]\n    return sum(common_divisors)# suggestions:\n{\"product-owner\": [\"Prioritize fixing the 'sum' function to avoid further test failures\"], \"architect\": [\"Review the test script and identify the root cause of the error before suggesting any changes to the code\"], \"developer\": [\"Review the test script and ensure that the sum function has the correct parameters to resolve the TypeError\"], \"tester\": [\"Review the test script and ensure that the 'sum' function has the correct parameters to avoid the TypeError\"]}",
        "Question": "The original code has some bugs, according to the test report and suggestions, rewrite the code. Complete the following code:\ndef sum(a,b): \n'''Write a python function to find the sum of common divisors of two given numbers.\nassert sum(10,15) == 6'''\n"
    },
    "Code2": "def sum(a, b):\n    '''Write a python function to find the sum of common divisors of two given numbers.'''\n    common_divisors = [i for i in range(1, min(a, b) + 1) if a % i == 0 and b % i == 0]\n    return sum(common_divisors)\n",
    "ScriptResult2": "E\n======================================================================\nERROR: test (__main__.Test)\n----------------------------------------------------------------------\nTraceback (most recent call last):\n  File \"/Users/watch/PycharmProjects/XXXX-1-LLM/workspace/2024-02-01_17-13-14-823660/test_script.py\", line 10, in test\n    self.assertEqual(sum(10, 15), 6)\n  File \"/Users/watch/PycharmProjects/XXXX-1-LLM/workspace/2024-02-01_17-13-14-823660/test_script.py\", line 4, in sum\n    return sum(common_divisors)\nTypeError: sum() missing 1 required positional argument: 'b'\n\n----------------------------------------------------------------------\nRan 1 test in 0.000s\n\nFAILED (errors=1)\n",
    "TestReport2": "Test Report\n\nTest script's output:\nE\n======================================================================\nERROR: test (__main__.Test)\n----------------------------------------------------------------------\nTraceback (most recent call last):\n  File \"/Users/watch/PycharmProjects/XXXX-1-LLM/workspace/2024-02-01_17-13-14-823660/test_script.py\", line 10, in test\n    self.assertEqual(sum(10, 15), 6)\n  File \"/Users/watch/PycharmProjects/XXXX-1-LLM/workspace/2024-02-01_17-13-14-823660/test_script.py\", line 4, in sum\n    return sum(common_divisors)\nTypeError: sum() missing 1 required positional argument: 'b'\n\n----------------------------------------------------------------------\nRan 1 test in 0.000s\n\nFAILED (errors=1)\n\nTest Report:\nThe code has failed the test. The error occurred due to the 'sum' function missing a required positional argument 'b'. The test case input was sum(10, 15) and the expected output was 6, but the function failed to execute due to the missing argument.\n\nConclusion:\nCode Test Failed\n\nNote: The 'sum' function needs to be fixed to include the required positional argument 'b' for it to pass the test.",
    "SprintReview2": "[ScrumMaster]says: Here is our test Report: Test Report\n\nTest script's output:\nE\n======================================================================\nERROR: test (__main__.Test)\n----------------------------------------------------------------------\nTraceback (most recent call last):\n  File \"/Users/watch/PycharmProjects/XXXX-1-LLM/workspace/2024-02-01_17-13-14-823660/test_script.py\", line 10, in test\n    self.assertEqual(sum(10, 15), 6)\n  File \"/Users/watch/PycharmProjects/XXXX-1-LLM/workspace/2024-02-01_17-13-14-823660/test_script.py\", line 4, in sum\n    return sum(common_divisors)\nTypeError: sum() missing 1 required positional argument: 'b'\n\n----------------------------------------------------------------------\nRan 1 test in 0.000s\n\nFAILED (errors=1)\n\nTest Report:\nThe code has failed the test. The error occurred due to the 'sum' function missing a required positional argument 'b'. The test case input was sum(10, 15) and the expected output was 6, but the function failed to execute due to the missing argument.\n\nConclusion:\nCode Test Failed\n\nNote: The 'sum' function needs to be fixed to include the required positional argument 'b' for it to pass the test., do you have any ideas?\n-----\n\n[Developer]says: As a Developer, I will review the code and update the 'sum' function to include the required positional argument 'b'.\n-----\n\n[Tester]says: As a Tester, I recommend reviewing the 'sum' function to ensure it includes the required positional argument 'b' for it to pass the test.\n-----\n\n[ProductOwner]says: As a Product Owner, I think we should prioritize fixing the 'sum' function in order to pass the test and ensure the product's functionality.\n-----\n\n[Architect]says: As an Architect, I suggest reviewing the 'sum' function in the code and ensuring that it includes the required positional argument 'b' to fix the test failure.\n-----\n\n[Tester]says: As a Tester, I recommend reviewing the 'sum' function to ensure it includes the required positional argument 'b' for it to pass the test.\n-----\n\n[ProductOwner]says: As a Product Owner, I think we should prioritize fixing the 'sum' function in order to pass the test and ensure the product's functionality.\n-----\n\n[Developer]says: As a Developer, I will review the code and update the 'sum' function to include the required positional argument 'b'.\n-----\n\n[Architect]says: As an Architect, I suggest reviewing the 'sum' function in the code and ensuring that it includes the required positional argument 'b' to fix the test failure.\n-----\n",
    "SprintReviewMeetings2": "{\n  \"product-owner\": [\"we should prioritize fixing the 'sum' function in order to pass the test and ensure the product's functionality.\"],\n  \"architect\": [\"suggest reviewing the 'sum' function in the code and ensuring that it includes the required positional argument 'b' to fix the test failure.\"],\n  \"developer\": [\"will review the code and update the 'sum' function to include the required positional argument 'b'.\"],\n  \"tester\": [\"recommend reviewing the 'sum' function to ensure it includes the required positional argument 'b' for it to pass the test.\"]\n}",
    "SprintReviewMeetings2_prompt": "{\"Role\": \"You are a professional scrum master. Your goal is to summary the Discussion History into a suggestions list for the scrum team.\", \"Instruction\": \"1. Read and Understand the Discussion History. 2. Summary the suggestions from four roles: product-owner/architect/developer/tester. 3. Response in JSON format.\", \"Example\": \"{\\\"product-owner\\\":[\\\"suggestion1\\\",\\\"suggestion2\\\"],\\\"architect\\\":[\\\"suggestion1\\\",\\\"suggestion2\\\"], \\\"developer\\\":[\\\"suggestion1\\\",\\\"suggestion2\\\"], \\\"tester\\\":[\\\"suggestion1\\\",\\\"suggestion2\\\"]}\", \"Context\": \"[ScrumMaster]says: Here is our test Report: Test Report\\n\\nTest script's output:\\nE\\n======================================================================\\nERROR: test (__main__.Test)\\n----------------------------------------------------------------------\\nTraceback (most recent call last):\\n  File \\\"/Users/watch/PycharmProjects/XXXX-1-LLM/workspace/2024-02-01_17-13-14-823660/test_script.py\\\", line 10, in test\\n    self.assertEqual(sum(10, 15), 6)\\n  File \\\"/Users/watch/PycharmProjects/XXXX-1-LLM/workspace/2024-02-01_17-13-14-823660/test_script.py\\\", line 4, in sum\\n    return sum(common_divisors)\\nTypeError: sum() missing 1 required positional argument: 'b'\\n\\n----------------------------------------------------------------------\\nRan 1 test in 0.000s\\n\\nFAILED (errors=1)\\n\\nTest Report:\\nThe code has failed the test. The error occurred due to the 'sum' function missing a required positional argument 'b'. The test case input was sum(10, 15) and the expected output was 6, but the function failed to execute due to the missing argument.\\n\\nConclusion:\\nCode Test Failed\\n\\nNote: The 'sum' function needs to be fixed to include the required positional argument 'b' for it to pass the test., do you have any ideas?\\n-----\\n\\n[Developer]says: As a Developer, I will review the code and update the 'sum' function to include the required positional argument 'b'.\\n-----\\n\\n[Tester]says: As a Tester, I recommend reviewing the 'sum' function to ensure it includes the required positional argument 'b' for it to pass the test.\\n-----\\n\\n[ProductOwner]says: As a Product Owner, I think we should prioritize fixing the 'sum' function in order to pass the test and ensure the product's functionality.\\n-----\\n\\n[Architect]says: As an Architect, I suggest reviewing the 'sum' function in the code and ensuring that it includes the required positional argument 'b' to fix the test failure.\\n-----\\n\\n[Tester]says: As a Tester, I recommend reviewing the 'sum' function to ensure it includes the required positional argument 'b' for it to pass the test.\\n-----\\n\\n[ProductOwner]says: As a Product Owner, I think we should prioritize fixing the 'sum' function in order to pass the test and ensure the product's functionality.\\n-----\\n\\n[Developer]says: As a Developer, I will review the code and update the 'sum' function to include the required positional argument 'b'.\\n-----\\n\\n[Architect]says: As an Architect, I suggest reviewing the 'sum' function in the code and ensuring that it includes the required positional argument 'b' to fix the test failure.\\n-----\\n\", \"Question\": \"Follow the Instruction section. The Discussion History is in the Context section. You only need to return a list as the Example section.\"}",
    "RepairResponse2": "{\n  \"revised_code\": \"def sum(a, b):\\n  common_divisors = [i for i in range(1, min(a, b) + 1) if a % i == 0 and b % i == 0]\\n  return sum(common_divisors)\"\n}",
    "RepairResponse2_prompt": {
        "Role": "You are a professional software engineer. Your duty is to write code in Python that meets the requirements. Ensure that the code you write is efficient, readable, and follows best practices. Remember, do not need to explain the code you wrote.",
        "Instruction": "1. Rewrite a bug fix version of the original code. 2. Response in JSON format.",
        "Example": "{\"revised_code\":\"...\"}",
        "Context": "# Test Report:\nTest Report\n\nTest script's output:\nE\n======================================================================\nERROR: test (__main__.Test)\n----------------------------------------------------------------------\nTraceback (most recent call last):\n  File \"/Users/watch/PycharmProjects/XXXX-1-LLM/workspace/2024-02-01_17-13-14-823660/test_script.py\", line 10, in test\n    self.assertEqual(sum(10, 15), 6)\n  File \"/Users/watch/PycharmProjects/XXXX-1-LLM/workspace/2024-02-01_17-13-14-823660/test_script.py\", line 4, in sum\n    return sum(common_divisors)\nTypeError: sum() missing 1 required positional argument: 'b'\n\n----------------------------------------------------------------------\nRan 1 test in 0.000s\n\nFAILED (errors=1)\n\nTest Report:\nThe code has failed the test. The error occurred due to the 'sum' function missing a required positional argument 'b'. The test case input was sum(10, 15) and the expected output was 6, but the function failed to execute due to the missing argument.\n\nConclusion:\nCode Test Failed\n\nNote: The 'sum' function needs to be fixed to include the required positional argument 'b' for it to pass the test.# suggestions:\n{\"product-owner\": [\"we should prioritize fixing the 'sum' function in order to pass the test and ensure the product's functionality.\"], \"architect\": [\"suggest reviewing the 'sum' function in the code and ensuring that it includes the required positional argument 'b' to fix the test failure.\"], \"developer\": [\"will review the code and update the 'sum' function to include the required positional argument 'b'.\"], \"tester\": [\"recommend reviewing the 'sum' function to ensure it includes the required positional argument 'b' for it to pass the test.\"]}",
        "Question": "The original code has some bugs, according to the test report and suggestions, rewrite the code. Complete the following code:\ndef sum(a,b): \n'''Write a python function to find the sum of common divisors of two given numbers.\nassert sum(10,15) == 6'''\n"
    },
    "Code3": "def sum(a, b):\n  common_divisors = [i for i in range(1, min(a, b) + 1) if a % i == 0 and b % i == 0]\n  return sum(common_divisors)",
    "ScriptResult3": "E\n======================================================================\nERROR: test (__main__.Test)\n----------------------------------------------------------------------\nTraceback (most recent call last):\n  File \"/Users/watch/PycharmProjects/XXXX-1-LLM/workspace/2024-02-01_17-13-14-823660/test_script.py\", line 8, in test\n    self.assertEqual(sum(10, 15), 6)\n  File \"/Users/watch/PycharmProjects/XXXX-1-LLM/workspace/2024-02-01_17-13-14-823660/test_script.py\", line 3, in sum\n    return sum(common_divisors)\nTypeError: sum() missing 1 required positional argument: 'b'\n\n----------------------------------------------------------------------\nRan 1 test in 0.000s\n\nFAILED (errors=1)\n",
    "TestReport3": "Test Report:\n\nTest script's output:\n======================================================================\nERROR: test (__main__.Test)\n----------------------------------------------------------------------\nTraceback (most recent call last):\n  File \"/Users/watch/PycharmProjects/XXXX-1-LLM/workspace/2024-02-01_17-13-14-823660/test_script.py\", line 8, in test\n    self.assertEqual(sum(10, 15), 6)\n  File \"/Users/watch/PycharmProjects/XXXX-1-LLM/workspace/2024-02-01_17-13-14-823660/test_script.py\", line 3, in sum\n    return sum(common_divisors)\nTypeError: sum() missing 1 required positional argument: 'b'\n\n----------------------------------------------------------------------\nRan 1 test in 0.000s\n\nFAILED (errors=1)\n\nConclusion: Code Test Failed\n\nInput and Expected Output Example:\ndef sum(a, b):\n  common_divisors = [i for i in range(1, min(a, b) + 1) if a % i == 0 and b % i == 0]\n  return sum(common_divisors)\n\nThe code failed the test due to a missing positional argument 'b' in the sum() function.\n\nEnd of Test Report."
}