{
    "start_time": "2024-03-10_21-56-55-788996",
    "task": "def sequence(n): \n'''Write a function to find the nth number in the newman conway sequence.\nassert sequence(10) == 6'''\n",
    "datetime": {
        "task": "2024-03-10 21:56:55",
        "task-id": "2024-03-10 21:56:55",
        "workflow": "2024-03-10 21:56:55",
        "AnalyzeDraft": "2024-03-10 21:56:56",
        "AnalyzeMeetings": "2024-03-10 21:56:58",
        "Analyze": "2024-03-10 21:57:00",
        "Test Cases Draft": "2024-03-10 21:57:02",
        "Test Cases Meetings": "2024-03-10 21:57:03",
        "Test Cases": "2024-03-10 21:57:05",
        "Code0draft": "2024-03-10 21:57:06",
        "Code Review Meetings": "2024-03-10 21:57:08",
        "Code0": "2024-03-10 21:57:10",
        "TestScriptOriginal": "2024-03-10 21:57:11",
        "TestScript": "2024-03-10 21:57:11",
        "ScriptResult0": "2024-03-10 21:57:11",
        "TestReport0": "2024-03-10 21:57:13",
        "RepairResponse1": "2024-03-10 21:57:15",
        "Code1": "2024-03-10 21:57:15",
        "ScriptResult1": "2024-03-10 21:57:15",
        "TestReport1": "2024-03-10 21:57:16",
        "FinalCode": "2024-03-10 21:57:16"
    },
    "task-id": 84,
    "workflow": "testdriven/testdriven_version_0.0.5_remove.json",
    "AnalyzeDraft": "{\n  \"Requirement\": \"The requirement is to write a function called sequence(n) that will find the nth number in the Newman Conway sequence. The function should be able to return the nth number in the sequence when called. Additionally, the function should pass a specific test case where sequence(10) is expected to return 6.\"\n}",
    "AnalyzeMeetings": "{\n  \"Architect\": \"Consider using a memoization technique to improve the efficiency of the sequence function. This will help in storing the results of previous calculations and avoid redundant computations when finding the nth number in the sequence.\",\n  \"Tester\": \"Ensure to test the sequence function with various input values, including edge cases and large values of n, to validate its correctness and performance. Also, verify that the function returns the expected output for the specific test case of sequence(10) returning 6.\"\n}",
    "Analyze": "{\n  \"RevisedDocument\": {\n    \"Requirement\": \"The requirement is to write a function called sequence(n) that will find the nth number in the Newman Conway sequence. The function should be able to return the nth number in the sequence when called. Additionally, the function should pass a specific test case where sequence(10) is expected to return 6.\",\n    \"Analysis\": {\n      \"Architect\": \"Consider using a memoization technique to improve the efficiency of the sequence function. This will help in storing the results of previous calculations and avoid redundant computations when finding the nth number in the sequence.\",\n      \"Tester\": \"Ensure to test the sequence function with various input values, including edge cases and large values of n, to validate its correctness and performance. Also, verify that the function returns the expected output for the specific test case of sequence(10) returning 6.\"\n    }\n  }\n}",
    "Test Cases Draft": "{\n  \"test_cases\": [\n    {\n      \"Test Title\": \"Valid input\",\n      \"Input Data\": \"parameter1=1\",\n      \"Expected Output\": \"1\"\n    },\n    {\n      \"Test Title\": \"Valid input\",\n      \"Input Data\": \"parameter1=2\",\n      \"Expected Output\": \"1\"\n    },\n    {\n      \"Test Title\": \"Valid input\",\n      \"Input Data\": \"parameter1=5\",\n      \"Expected Output\": \"3\"\n    },\n    {\n      \"Test Title\": \"Valid input\",\n      \"Input Data\": \"parameter1=10\",\n      \"Expected Output\": \"6\"\n    },\n    {\n      \"Test Title\": \"Invalid input\",\n      \"Input Data\": \"parameter1=-5\",\n      \"Expected Output\": \"Invalid input\"\n    }\n  ]\n}",
    "Test Cases Draft_prompt": "{\"Role\": \"You are a quality assurance engineer. Your duty is to design test cases for the developers.\", \"Instruction\": \"According to the Context section, write test cases. Don't write long strings in your test cases. Response in JSON format.\", \"Example\": \"{\\\"requirement analysis\\\":\\\"analysis\\\",\\\"test_cases\\\":[{\\\"Test Title\\\":\\\"title\\\", \\\"Input Data\\\":\\\"parameter1=[1,2,3],parameter2='123'\\\", \\\"Expected Output\\\":\\\"456\\\"},]}\", \"Context\": \"# Requirement Analysis:\\n{\\n  \\\"RevisedDocument\\\": {\\n    \\\"Requirement\\\": \\\"The requirement is to write a function called sequence(n) that will find the nth number in the Newman Conway sequence. The function should be able to return the nth number in the sequence when called. Additionally, the function should pass a specific test case where sequence(10) is expected to return 6.\\\",\\n    \\\"Analysis\\\": {\\n      \\\"Architect\\\": \\\"Consider using a memoization technique to improve the efficiency of the sequence function. This will help in storing the results of previous calculations and avoid redundant computations when finding the nth number in the sequence.\\\",\\n      \\\"Tester\\\": \\\"Ensure to test the sequence function with various input values, including edge cases and large values of n, to validate its correctness and performance. Also, verify that the function returns the expected output for the specific test case of sequence(10) returning 6.\\\"\\n    }\\n  }\\n}\", \"Question\": \"def sequence(n): \\n'''Write a function to find the nth number in the newman conway sequence.\\nassert sequence(10) == 6'''\\n\"}",
    "Test Cases Meetings": "{\n  \"Architect\": \"As an Architect, I suggest revising the test cases to include boundary value testing for the input parameter. Also, the expected outputs for some test cases seem incorrect and need to be revised.\",\n  \"Developer\": \"As a Developer, I suggest revising the test cases to include edge cases and negative scenarios. Also, the expected outputs for some test cases need to be verified and corrected.\"\n}",
    "Test Cases Meetings_prompt": "{\"Role\": \"I want you to act as a different roles and then give some suggestions about how to revise the test cases.\", \"Instruction\": \"1. Read the Context section. 2. Act as an Architect, give your suggestions. 3. Act as a Developer, give your suggestions. 4. Response in JSON format.\", \"Example\": \"{\\\"Architect\\\":\\\"Suggestion\\\",\\\"Developer\\\":\\\"Suggestion\\\"}\", \"Context\": \"{\\n  \\\"test_cases\\\": [\\n    {\\n      \\\"Test Title\\\": \\\"Valid input\\\",\\n      \\\"Input Data\\\": \\\"parameter1=1\\\",\\n      \\\"Expected Output\\\": \\\"1\\\"\\n    },\\n    {\\n      \\\"Test Title\\\": \\\"Valid input\\\",\\n      \\\"Input Data\\\": \\\"parameter1=2\\\",\\n      \\\"Expected Output\\\": \\\"1\\\"\\n    },\\n    {\\n      \\\"Test Title\\\": \\\"Valid input\\\",\\n      \\\"Input Data\\\": \\\"parameter1=5\\\",\\n      \\\"Expected Output\\\": \\\"3\\\"\\n    },\\n    {\\n      \\\"Test Title\\\": \\\"Valid input\\\",\\n      \\\"Input Data\\\": \\\"parameter1=10\\\",\\n      \\\"Expected Output\\\": \\\"6\\\"\\n    },\\n    {\\n      \\\"Test Title\\\": \\\"Invalid input\\\",\\n      \\\"Input Data\\\": \\\"parameter1=-5\\\",\\n      \\\"Expected Output\\\": \\\"Invalid input\\\"\\n    }\\n  ]\\n}\", \"Question\": \"Follow the Instruction. The Context section include the test cases.\"}",
    "Test Cases": "{\n  \"test_cases\": [\n    {\n      \"Test Title\": \"Valid input\",\n      \"Input Data\": \"n=1\",\n      \"Expected Output\": \"1\"\n    },\n    {\n      \"Test Title\": \"Valid input\",\n      \"Input Data\": \"n=2\",\n      \"Expected Output\": \"1\"\n    },\n    {\n      \"Test Title\": \"Valid input\",\n      \"Input Data\": \"n=5\",\n      \"Expected Output\": \"3\"\n    },\n    {\n      \"Test Title\": \"Valid input\",\n      \"Input Data\": \"n=10\",\n      \"Expected Output\": \"6\"\n    },\n    {\n      \"Test Title\": \"Invalid input\",\n      \"Input Data\": \"n=0\",\n      \"Expected Output\": \"Invalid input\"\n    }\n  ]\n}",
    "Test Cases_prompt": "{\"Role\": \"You are a quality assurance engineer. Your duty is to revise the test cases based on the suggestions.\", \"Instruction\": \"1. Your colleague give you some suggestions(in the Context section) about the draft test cases, read these suggestions. 2. Revise your draft version test cases, but don't use long parameters. 3. Response in JSON format.\", \"Example\": \"{\\\"requirement analysis\\\":\\\"analysis\\\",\\\"test_cases\\\":[{\\\"Test Title\\\":\\\"title\\\", \\\"Input Data\\\":\\\"parameter1=[1,2,3],parameter2='123'\\\", \\\"Expected Output\\\":\\\"456\\\"},]}\", \"Context\": \"# Suggestions:\\n{\\n  \\\"Architect\\\": \\\"As an Architect, I suggest revising the test cases to include boundary value testing for the input parameter. Also, the expected outputs for some test cases seem incorrect and need to be revised.\\\",\\n  \\\"Developer\\\": \\\"As a Developer, I suggest revising the test cases to include edge cases and negative scenarios. Also, the expected outputs for some test cases need to be verified and corrected.\\\"\\n}\\n # Draft Test cases:\\n{\\n  \\\"test_cases\\\": [\\n    {\\n      \\\"Test Title\\\": \\\"Valid input\\\",\\n      \\\"Input Data\\\": \\\"parameter1=1\\\",\\n      \\\"Expected Output\\\": \\\"1\\\"\\n    },\\n    {\\n      \\\"Test Title\\\": \\\"Valid input\\\",\\n      \\\"Input Data\\\": \\\"parameter1=2\\\",\\n      \\\"Expected Output\\\": \\\"1\\\"\\n    },\\n    {\\n      \\\"Test Title\\\": \\\"Valid input\\\",\\n      \\\"Input Data\\\": \\\"parameter1=5\\\",\\n      \\\"Expected Output\\\": \\\"3\\\"\\n    },\\n    {\\n      \\\"Test Title\\\": \\\"Valid input\\\",\\n      \\\"Input Data\\\": \\\"parameter1=10\\\",\\n      \\\"Expected Output\\\": \\\"6\\\"\\n    },\\n    {\\n      \\\"Test Title\\\": \\\"Invalid input\\\",\\n      \\\"Input Data\\\": \\\"parameter1=-5\\\",\\n      \\\"Expected Output\\\": \\\"Invalid input\\\"\\n    }\\n  ]\\n}\", \"Question\": \"Follow the Instruction. Please make sure your response length are less than 512. Your test cases is for the below question:\\ndef sequence(n): \\n'''Write a function to find the nth number in the newman conway sequence.\\nassert sequence(10) == 6'''\\n\"}",
    "Code0draft": "def sequence(n):\n    if n == 0:\n        return \"Invalid input\"\n    elif n <= 2:\n        return \"1\"\n    else:\n        arr = [0] * (n + 1)\n        arr[1] = 1\n        arr[2] = 1\n        for i in range(3, n + 1):\n            arr[i] = arr[arr[i - 1]] + arr[i - arr[i - 1]]\n        return str(arr[n])",
    "Code0draft_prompt": "{\"Role\": \"You are a professional engineer. Your duty is to write code in Python that meets the requirements. Ensure that the code you write is efficient, readable, and follows best practices. Remember, do not need to explain the code you wrote.\", \"Instruction\": \"According to the Context section, write your code.\", \"Example\": \"\", \"Context\": \"# Test Cases:\\n{\\n  \\\"test_cases\\\": [\\n    {\\n      \\\"Test Title\\\": \\\"Valid input\\\",\\n      \\\"Input Data\\\": \\\"n=1\\\",\\n      \\\"Expected Output\\\": \\\"1\\\"\\n    },\\n    {\\n      \\\"Test Title\\\": \\\"Valid input\\\",\\n      \\\"Input Data\\\": \\\"n=2\\\",\\n      \\\"Expected Output\\\": \\\"1\\\"\\n    },\\n    {\\n      \\\"Test Title\\\": \\\"Valid input\\\",\\n      \\\"Input Data\\\": \\\"n=5\\\",\\n      \\\"Expected Output\\\": \\\"3\\\"\\n    },\\n    {\\n      \\\"Test Title\\\": \\\"Valid input\\\",\\n      \\\"Input Data\\\": \\\"n=10\\\",\\n      \\\"Expected Output\\\": \\\"6\\\"\\n    },\\n    {\\n      \\\"Test Title\\\": \\\"Invalid input\\\",\\n      \\\"Input Data\\\": \\\"n=0\\\",\\n      \\\"Expected Output\\\": \\\"Invalid input\\\"\\n    }\\n  ]\\n}\", \"Question\": \"Follow the Instruction section. Complete the following code:\\ndef sequence(n): \\n'''Write a function to find the nth number in the newman conway sequence.\\nassert sequence(10) == 6'''\\n\"}",
    "Code Review Meetings": "{\n  \"Architect\": \"The code could be improved by using more descriptive variable names and adding comments to explain the logic behind the sequence calculation. Additionally, error handling could be improved to provide more specific error messages for invalid inputs.\",\n  \"Tester\": \"When testing the code, make sure to test for edge cases such as n=0, n=1, and n=2 to ensure that the code handles these cases correctly. Also, consider testing with larger input values to check for performance and memory usage issues.\"\n}",
    "Code0": "def sequence(n):\n    '''Write a function to find the nth number in the newman conway sequence.\n    assert sequence(10) == 6'''\n    if n == 0:\n        return \"Invalid input\"\n    elif n <= 2:\n        return \"1\"\n    else:\n        newman_conway_sequence = [0] * (n + 1)\n        newman_conway_sequence[1] = 1\n        newman_conway_sequence[2] = 1\n        for i in range(3, n + 1):\n            newman_conway_sequence[i] = newman_conway_sequence[newman_conway_sequence[i - 1]] + newman_conway_sequence[i - newman_conway_sequence[i - 1]]\n        return str(newman_conway_sequence[n])",
    "Code0_prompt": "{\"Role\": \"You are a professional software engineer. Your duty is to write code in Python that meets the requirements. Ensure that the code you write is efficient, readable, and follows best practices. Remember, do not need to explain the code you wrote.\", \"Instruction\": \"1. Understand the suggestions(in the Context section) about the original code. 2. Rewrite your code.\", \"Example\": \"\", \"Context\": \"# Suggestions:\\n{\\n  \\\"Architect\\\": \\\"The code could be improved by using more descriptive variable names and adding comments to explain the logic behind the sequence calculation. Additionally, error handling could be improved to provide more specific error messages for invalid inputs.\\\",\\n  \\\"Tester\\\": \\\"When testing the code, make sure to test for edge cases such as n=0, n=1, and n=2 to ensure that the code handles these cases correctly. Also, consider testing with larger input values to check for performance and memory usage issues.\\\"\\n}\\n# Original code:\\ndef sequence(n):\\n    if n == 0:\\n        return \\\"Invalid input\\\"\\n    elif n <= 2:\\n        return \\\"1\\\"\\n    else:\\n        arr = [0] * (n + 1)\\n        arr[1] = 1\\n        arr[2] = 1\\n        for i in range(3, n + 1):\\n            arr[i] = arr[arr[i - 1]] + arr[i - arr[i - 1]]\\n        return str(arr[n])\", \"Question\": \"Follow the Instruction section. Complete the following code:\\ndef sequence(n): \\n'''Write a function to find the nth number in the newman conway sequence.\\nassert sequence(10) == 6'''\\n\"}",
    "TestScriptOriginal": "import unittest\n\ndef sequence(n):\n    if n == 1 or n == 2:\n        return 1\n    else:\n        return sequence(sequence(n-1)) + sequence(n-sequence(n-1))\n\nclass Test(unittest.TestCase):\n    def test(self):\n        self.assertEqual(sequence(10), 6)\n\nif __name__ == '__main__':\n    unittest.main()",
    "TestScriptOriginal_prompt": "{\"Role\": \"You are a quality assurance engineer. Your duty is to write a python test script in unittest framework.\", \"Instruction\": \"1. Write a python test script. 2. Use the input and output given by the question.\", \"Example\": \"import unittest\\n\\nclass Test(unittest.TestCase):\\n    def test(self):\\n        self.assertEqual(function_under_test('a'), 1)\\n\\nif __name__ == '__main__':\\n    unittest.main()\", \"Context\": \"\", \"Question\": \"def sequence(n): \\n'''Write a function to find the nth number in the newman conway sequence.\\nassert sequence(10) == 6'''\\n\"}",
    "TestScript": "import unittest\n\nclass Test(unittest.TestCase):\n    def test(self):\n        self.assertEqual(sequence(10), 6)\n\nif __name__ == '__main__':\n    unittest.main()",
    "TestScript_prompt": "{\"Role\": \"You are a quality assurance engineer. Your duty is to write a python test script in unittest framework.\", \"Instruction\": \"1. Write a python test script. 2. Use the input and output given by the question.\", \"Example\": \"import unittest\\n\\nclass Test(unittest.TestCase):\\n    def test(self):\\n        self.assertEqual(function_under_test('a'), 1)\\n\\nif __name__ == '__main__':\\n    unittest.main()\", \"Context\": \"\", \"Question\": \"def sequence(n): \\n'''Write a function to find the nth number in the newman conway sequence.\\nassert sequence(10) == 6'''\\n\"}",
    "ScriptResult0": "F\n======================================================================\nFAIL: test (__main__.Test)\n----------------------------------------------------------------------\nTraceback (most recent call last):\n  File \"/Users/watch/PycharmProjects/XXXX-1-LLM/workspace/2024-03-10_21-56-55-788996/test_script.py\", line 19, in test\n    self.assertEqual(sequence(10), 6)\nAssertionError: '6' != 6\n\n----------------------------------------------------------------------\nRan 1 test in 0.000s\n\nFAILED (failures=1)\n",
    "TestReport0": "Test Report\n\nTest Script Output:\n======================================================================\nFAIL: test (__main__.Test)\n----------------------------------------------------------------------\nTraceback (most recent call last):\n  File \"/Users/watch/PycharmProjects/XXXX-1-LLM/workspace/2024-03-10_21-56-55-788996/test_script.py\", line 19, in test\n    self.assertEqual(sequence(10), 6)\nAssertionError: '6' != 6\n\n----------------------------------------------------------------------\nRan 1 test in 0.000s\n\nFAILED (failures=1)\n\nTest Report Analysis:\nThe test script output shows that there is a failure in the test case. The expected output was 6, but the actual output was '6'. This indicates a mismatch in the output.\n\nConclusion:\nThe code test has FAILED. The input and expected output example are provided in the test report.\n\nInput: sequence(10)\nExpected Output: 6\n\nCode Test Result: FAIL",
    "RepairResponse1": "{\n  \"revised_code\": \"def sequence(n):\\n    if n == 0:\\n        return \\\"Invalid input\\\"\\n    elif n <= 2:\\n        return \\\"1\\\"\\n    else:\\n        newman_conway_sequence = [0, 1, 1]\\n        for i in range(3, n + 1):\\n            newman_conway_sequence.append(newman_conway_sequence[newman_conway_sequence[i - 1]] + newman_conway_sequence[i - newman_conway_sequence[i - 1]])\\n        return newman_conway_sequence[n]\"\n}",
    "RepairResponse1_prompt": "{\"Role\": \"You are a professional software engineer. Your duty is to write code in Python that meets the requirements. Ensure that the code you write is efficient, readable, and follows best practices. Remember, do not need to explain the code you wrote.\", \"Instruction\": \"1. Rewrite a bug fix version of the original code. 2. Response in JSON format.\", \"Example\": \"{\\\"revised_code\\\":\\\"...\\\"}\", \"Context\": \"# the original code:\\ndef sequence(n):\\n    '''Write a function to find the nth number in the newman conway sequence.\\n    assert sequence(10) == 6'''\\n    if n == 0:\\n        return \\\"Invalid input\\\"\\n    elif n <= 2:\\n        return \\\"1\\\"\\n    else:\\n        newman_conway_sequence = [0] * (n + 1)\\n        newman_conway_sequence[1] = 1\\n        newman_conway_sequence[2] = 1\\n        for i in range(3, n + 1):\\n            newman_conway_sequence[i] = newman_conway_sequence[newman_conway_sequence[i - 1]] + newman_conway_sequence[i - newman_conway_sequence[i - 1]]\\n        return str(newman_conway_sequence[n])\\n# test report:\\nTest Report\\n\\nTest Script Output:\\n======================================================================\\nFAIL: test (__main__.Test)\\n----------------------------------------------------------------------\\nTraceback (most recent call last):\\n  File \\\"/Users/watch/PycharmProjects/XXXX-1-LLM/workspace/2024-03-10_21-56-55-788996/test_script.py\\\", line 19, in test\\n    self.assertEqual(sequence(10), 6)\\nAssertionError: '6' != 6\\n\\n----------------------------------------------------------------------\\nRan 1 test in 0.000s\\n\\nFAILED (failures=1)\\n\\nTest Report Analysis:\\nThe test script output shows that there is a failure in the test case. The expected output was 6, but the actual output was '6'. This indicates a mismatch in the output.\\n\\nConclusion:\\nThe code test has FAILED. The input and expected output example are provided in the test report.\\n\\nInput: sequence(10)\\nExpected Output: 6\\n\\nCode Test Result: FAIL\", \"Question\": \"The original code has some bugs, according to the test report and suggestions, rewrite the code. Complete the following code:\\ndef sequence(n): \\n'''Write a function to find the nth number in the newman conway sequence.\\nassert sequence(10) == 6'''\\n\"}",
    "Code1": "def sequence(n):\n    if n == 0:\n        return \"Invalid input\"\n    elif n <= 2:\n        return \"1\"\n    else:\n        newman_conway_sequence = [0, 1, 1]\n        for i in range(3, n + 1):\n            newman_conway_sequence.append(newman_conway_sequence[newman_conway_sequence[i - 1]] + newman_conway_sequence[i - newman_conway_sequence[i - 1]])\n        return newman_conway_sequence[n]",
    "ScriptResult1": ".\n----------------------------------------------------------------------\nRan 1 test in 0.000s\n\nOK\n",
    "TestReport1": "Test Report\n\nTest Script Output:\n----------------------------------------------------------------------\nRan 1 test in 0.000s\n\nOK\n\nConclusion:\nCode Test Passed\n\nSigned,\n[Your Name]\nQuality Assurance Engineer",
    "FinalCode": "def sequence(n):\n    if n == 0:\n        return \"Invalid input\"\n    elif n <= 2:\n        return \"1\"\n    else:\n        newman_conway_sequence = [0, 1, 1]\n        for i in range(3, n + 1):\n            newman_conway_sequence.append(newman_conway_sequence[newman_conway_sequence[i - 1]] + newman_conway_sequence[i - newman_conway_sequence[i - 1]])\n        return newman_conway_sequence[n]"
}