{
    "start_time": "2024-03-11_08-55-25-877112",
    "task": "def angle_complex(a,b):\n'''Write a function to get the angle of a complex number.\nassert math.isclose(angle_complex(0,1j), 1.5707963267948966, rel_tol=0.001)'''\n",
    "datetime": {
        "task": "2024-03-11 08:55:25",
        "task-id": "2024-03-11 08:55:25",
        "workflow": "2024-03-11 08:55:25",
        "Discussion": "2024-03-11 08:55:27",
        "DisorderedSprintMeetings": "2024-03-11 08:55:28",
        "DesignDraft0": "2024-03-11 08:55:30",
        "DesignMeetings0": "2024-03-11 08:55:34",
        "Design0": "2024-03-11 08:55:35",
        "CodeDraft0": "2024-03-11 08:55:36",
        "CodeReviewMeetings0": "2024-03-11 08:55:37",
        "Code0CR": "2024-03-11 08:55:37",
        "FinalCode": "2024-03-11 08:56:02",
        "Test Cases Draft": "2024-03-11 08:55:40",
        "Test Cases Meetings": "2024-03-11 08:55:42",
        "Test Cases": "2024-03-11 08:55:46",
        "Code0": "2024-03-11 08:55:47",
        "TestScriptOriginal": "2024-03-11 08:55:48",
        "TestScript": "2024-03-11 08:55:48",
        "ScriptResult0": "2024-03-11 08:55:48",
        "TestReport0": "2024-03-11 08:55:51",
        "SprintReview0": "2024-03-11 08:55:52",
        "SprintReviewMeetings0": "2024-03-11 08:55:54",
        "RepairResponse0": "2024-03-11 08:55:55",
        "Code1": "2024-03-11 08:55:55",
        "ScriptResult1": "2024-03-11 08:55:55",
        "TestReport1": "2024-03-11 08:55:58",
        "SprintReview1": "2024-03-11 08:55:59",
        "SprintReviewMeetings1": "2024-03-11 08:56:01",
        "RepairResponse1": "2024-03-11 08:56:02",
        "Code2": "2024-03-11 08:56:02",
        "ScriptResult2": "2024-03-11 08:56:02",
        "TestReport2": "2024-03-11 08:56:03"
    },
    "task-id": 124,
    "workflow": "agile/agile_version_0.0.5_remove.json",
    "Discussion": "[ScrumMaster]says: We have a job: def angle_complex(a,b):\n'''Write a function to get the angle of a complex number.\nassert math.isclose(angle_complex(0,1j), 1.5707963267948966, rel_tol=0.001)'''\n, do you have any ideas?\n-----\n\n[Tester]says: As a Tester, I think we should consider edge cases and boundary conditions to ensure the function works correctly in all scenarios.\n-----\n\n[ProductOwner]says: As a Product Owner, I think we should prioritize defining the requirements and user stories for this function before proceeding with the development.\n-----\n\n[Developer]says: As a Developer, I think we should start by researching how to calculate the angle of a complex number and then write a function to implement it.\n-----\n\n[Architect]says: As an architect, I believe the first step is to analyze the requirements and design a solution that meets the needs of the function.\n-----\n\n[Tester]says: [Tester] I agree, we should also test for negative numbers and zero as inputs to cover all possible scenarios.\n-----\n\n[Architect]says: As an Architect, I think we should analyze the requirements and design a solution that meets the needs of the function.\n-----\n\n[Developer]says: As a Developer, I think we should start by researching how to calculate the angle of a complex number and then write a function to implement it.\n-----\n\n[ProductOwner]says: As a Product Owner, I think we should prioritize defining the requirements and user stories for this function before proceeding with the development.\n-----\n",
    "DisorderedSprintMeetings": "{\n  \"product-owner\": [\"Define requirements and user stories\", \"Prioritize requirements\"],\n  \"architect\": [\"Analyze requirements\", \"Design solution\"],\n  \"developer\": [\"Research angle calculation\", \"Implement function\"],\n  \"tester\": [\"Consider edge cases\", \"Test all scenarios\"]\n}",
    "DisorderedSprintMeetings_prompt": "{\"Role\": \"You are a professional scrum master. Your goal is to breakdown the Discussion History into a task list for the scrum team.\", \"Instruction\": \"1. Read and Understand the Discussion History. 2. Define the tasks for four roles: product-owner/architect/developer/tester. 3. Response in JSON format.\", \"Example\": \"{\\\"product-owner\\\":[\\\"task1\\\",\\\"task2\\\"],\\\"architect\\\":[\\\"task1\\\",\\\"task2\\\"], \\\"developer\\\":[\\\"task1\\\",\\\"task2\\\"], \\\"tester\\\":[\\\"task1\\\",\\\"task2\\\"]}\", \"Context\": \"[ScrumMaster]says: We have a job: def angle_complex(a,b):\\n'''Write a function to get the angle of a complex number.\\nassert math.isclose(angle_complex(0,1j), 1.5707963267948966, rel_tol=0.001)'''\\n, do you have any ideas?\\n-----\\n\\n[Tester]says: As a Tester, I think we should consider edge cases and boundary conditions to ensure the function works correctly in all scenarios.\\n-----\\n\\n[ProductOwner]says: As a Product Owner, I think we should prioritize defining the requirements and user stories for this function before proceeding with the development.\\n-----\\n\\n[Developer]says: As a Developer, I think we should start by researching how to calculate the angle of a complex number and then write a function to implement it.\\n-----\\n\\n[Architect]says: As an architect, I believe the first step is to analyze the requirements and design a solution that meets the needs of the function.\\n-----\\n\\n[Tester]says: [Tester] I agree, we should also test for negative numbers and zero as inputs to cover all possible scenarios.\\n-----\\n\\n[Architect]says: As an Architect, I think we should analyze the requirements and design a solution that meets the needs of the function.\\n-----\\n\\n[Developer]says: As a Developer, I think we should start by researching how to calculate the angle of a complex number and then write a function to implement it.\\n-----\\n\\n[ProductOwner]says: As a Product Owner, I think we should prioritize defining the requirements and user stories for this function before proceeding with the development.\\n-----\\n\", \"Question\": \"Follow the Instruction section. The Discussion History is in the Context section. You only need to return a task list as the Example section.\"}",
    "DesignDraft0": "Design:\n\nThe angle_complex function should take two parameters, a and b, which represent the real and imaginary parts of a complex number. The function should return the angle of the complex number using the atan2 function from the math module. The atan2 function takes the imaginary part as the first argument and the real part as the second argument. The result should be in radians.\n\nDeveloper guidance:\n- Use the atan2 function from the math module to calculate the angle of the complex number.\n- Ensure that the function returns the angle in radians.",
    "DesignMeetings0": "{\n  \"Developer\": \"Use the atan2 function from the math module to calculate the angle of the complex number. Make sure to handle cases where the real and imaginary parts are both zero.\",\n  \"Tester\": \"Test the angle_complex function with different combinations of real and imaginary parts, including positive and negative values, to ensure that the function returns the correct angle in radians.\"\n}",
    "Design0": "Design:\nThe angle_complex function should take two parameters, a and b, which represent the real and imaginary parts of a complex number. The function will utilize the atan2 function from the math module to calculate the angle of the complex number. It will handle cases where both the real and imaginary parts are zero, ensuring a comprehensive approach. The atan2 function will take the imaginary part as the first argument and the real part as the second argument. The result will be returned in radians, meeting the developer's guidance.\n\nThis design will be tested with various combinations of real and imaginary parts, including positive and negative values, to ensure that the function returns the correct angle in radians, aligning with the tester's suggestion.",
    "CodeDraft0": "def angle_complex(a, b):\n    import math\n    return math.atan2(b, a)",
    "CodeDraft0_prompt": {
        "Role": "You are a professional engineer. Your duty is to write code in Python that meets the requirements. Ensure that the code you write is efficient, readable, and follows best practices. Remember, do not need to explain the code you wrote.",
        "Instruction": "According to the Context section, write your code.",
        "Example": "",
        "Context": "# Tasks:\n['Research angle calculation', 'Implement function']\n# Design:\nDesign:\nThe angle_complex function should take two parameters, a and b, which represent the real and imaginary parts of a complex number. The function will utilize the atan2 function from the math module to calculate the angle of the complex number. It will handle cases where both the real and imaginary parts are zero, ensuring a comprehensive approach. The atan2 function will take the imaginary part as the first argument and the real part as the second argument. The result will be returned in radians, meeting the developer's guidance.\n\nThis design will be tested with various combinations of real and imaginary parts, including positive and negative values, to ensure that the function returns the correct angle in radians, aligning with the tester's suggestion.",
        "Question": "Follow the Instruction section. Complete the following code:\ndef angle_complex(a,b):\n'''Write a function to get the angle of a complex number.\nassert math.isclose(angle_complex(0,1j), 1.5707963267948966, rel_tol=0.001)'''\n"
    },
    "CodeReviewMeetings0": "{\"Architect\":\"Consider moving the import statement for the math module outside of the function to improve performance and readability. Also, consider adding comments to explain the purpose of the function and its parameters.\",\n\"Tester\":\"Test the function with various input values, including positive and negative numbers, to ensure it returns the correct angle in radians.\"}",
    "Code0CR": "def angle_complex(a, b):\n    import math\n\n    # Calculate the angle of the complex number using atan2 function\n    angle = math.atan2(b, a)\n\n    return angle",
    "Code0CR_prompt": "{\"Role\": \"You are a professional software engineer. Your duty is to write code in Python that meets the requirements. Ensure that the code you write is efficient, readable, and follows best practices. Remember, do not need to explain the code you wrote.\", \"Instruction\": \"1. Understand the suggestions(in the Context section) about the original code. 2. Rewrite your code.\", \"Example\": \"\", \"Context\": \"# Tasks:\\n['Research angle calculation', 'Implement function']\\n# Design:\\nDesign:\\nThe angle_complex function should take two parameters, a and b, which represent the real and imaginary parts of a complex number. The function will utilize the atan2 function from the math module to calculate the angle of the complex number. It will handle cases where both the real and imaginary parts are zero, ensuring a comprehensive approach. The atan2 function will take the imaginary part as the first argument and the real part as the second argument. The result will be returned in radians, meeting the developer's guidance.\\n\\nThis design will be tested with various combinations of real and imaginary parts, including positive and negative values, to ensure that the function returns the correct angle in radians, aligning with the tester's suggestion.# Suggestions:\\n{\\\"Architect\\\":\\\"Consider moving the import statement for the math module outside of the function to improve performance and readability. Also, consider adding comments to explain the purpose of the function and its parameters.\\\",\\n\\\"Tester\\\":\\\"Test the function with various input values, including positive and negative numbers, to ensure it returns the correct angle in radians.\\\"}\", \"Question\": \"Follow the Instruction section. Complete the following code:\\ndef angle_complex(a,b):\\n'''Write a function to get the angle of a complex number.\\nassert math.isclose(angle_complex(0,1j), 1.5707963267948966, rel_tol=0.001)'''\\n\"}",
    "FinalCode": "import math\n\ndef angle_complex(a, b):\n    angle = math.atan2(b.imag, a.real)\n    return angle",
    "Test Cases Draft": "{\n  \"requirement analysis\": \"analysis\",\n  \"test_cases\": [\n    {\n      \"Test Title\": \"Test with real and imaginary parts as positive integers\",\n      \"Input Data\": \"a=1, b=2\",\n      \"Expected Output\": \"angle in radians\"\n    },\n    {\n      \"Test Title\": \"Test with real and imaginary parts as negative integers\",\n      \"Input Data\": \"a=-3, b=-4\",\n      \"Expected Output\": \"angle in radians\"\n    },\n    {\n      \"Test Title\": \"Test with real part as zero and imaginary part as a positive integer\",\n      \"Input Data\": \"a=0, b=5\",\n      \"Expected Output\": \"angle in radians\"\n    },\n    {\n      \"Test Title\": \"Test with real part as a positive integer and imaginary part as zero\",\n      \"Input Data\": \"a=6, b=0\",\n      \"Expected Output\": \"angle in radians\"\n    }\n  ]\n}",
    "Test Cases Draft_prompt": "{\"Role\": \"You are a quality assurance engineer. Your duty is to design test cases for the developers.\", \"Instruction\": \"According to the Context section, write test cases. Don't write long strings in your test cases. Response in JSON format.\", \"Example\": \"{\\\"requirement analysis\\\":\\\"analysis\\\",\\\"test_cases\\\":[{\\\"Test Title\\\":\\\"title\\\", \\\"Input Data\\\":\\\"parameter1=[1,2,3],parameter2='123'\\\", \\\"Expected Output\\\":\\\"456\\\"},]}\", \"Context\": \"# Tasks:\\n['Consider edge cases', 'Test all scenarios']\\n# Design:\\nDesign:\\nThe angle_complex function should take two parameters, a and b, which represent the real and imaginary parts of a complex number. The function will utilize the atan2 function from the math module to calculate the angle of the complex number. It will handle cases where both the real and imaginary parts are zero, ensuring a comprehensive approach. The atan2 function will take the imaginary part as the first argument and the real part as the second argument. The result will be returned in radians, meeting the developer's guidance.\\n\\nThis design will be tested with various combinations of real and imaginary parts, including positive and negative values, to ensure that the function returns the correct angle in radians, aligning with the tester's suggestion.\", \"Question\": \"def angle_complex(a,b):\\n'''Write a function to get the angle of a complex number.\\nassert math.isclose(angle_complex(0,1j), 1.5707963267948966, rel_tol=0.001)'''\\n\"}",
    "Test Cases Meetings": "{\n  \"Architect\": \"The test cases seem to be focused on testing the calculation of the angle in radians for complex numbers with different combinations of real and imaginary parts. It would be beneficial to also include test cases for edge cases such as zero real and imaginary parts, or complex numbers with large values to ensure the robustness of the angle calculation algorithm. Additionally, it would be helpful to include negative test cases to test the handling of invalid input data.\"\n  ,\n  \"Developer\": \"I suggest revising the test cases to include edge cases such as zero real and imaginary parts, or complex numbers with large values to ensure the robustness of the angle calculation algorithm. Additionally, it would be beneficial to include negative test cases to test the handling of invalid input data. It would also be helpful to add more descriptive expected outputs for each test case to provide clearer criteria for passing the tests.\"\n}",
    "Test Cases": "{\n  \"requirement analysis\": \"analysis\",\n  \"test_cases\": [\n    {\n      \"Test Title\": \"Test with real and imaginary parts as positive integers\",\n      \"Input Data\": \"a=1, b=2\",\n      \"Expected Output\": \"angle in radians\"\n    },\n    {\n      \"Test Title\": \"Test with real and imaginary parts as negative integers\",\n      \"Input Data\": \"a=-3, b=-4\",\n      \"Expected Output\": \"angle in radians\"\n    },\n    {\n      \"Test Title\": \"Test with real part as zero and imaginary part as a positive integer\",\n      \"Input Data\": \"a=0, b=5\",\n      \"Expected Output\": \"angle in radians\"\n    },\n    {\n      \"Test Title\": \"Test with real part as a positive integer and imaginary part as zero\",\n      \"Input Data\": \"a=6, b=0\",\n      \"Expected Output\": \"angle in radians\"\n    },\n    {\n      \"Test Title\": \"Test with zero real and imaginary parts\",\n      \"Input Data\": \"a=0, b=0\",\n      \"Expected Output\": \"angle in radians\"\n    },\n    {\n      \"Test Title\": \"Test with large values for real and imaginary parts\",\n      \"Input Data\": \"a=10000, b=10000\",\n      \"Expected Output\": \"angle in radians\"\n    },\n    {\n      \"Test Title\": \"Test with invalid input data\",\n      \"Input Data\": \"a='abc', b='def'\",\n      \"Expected Output\": \"invalid input\"\n    }\n  ]\n}",
    "Test Cases_prompt": "{\"Role\": \"You are a quality assurance engineer. Your duty is to revise the test cases based on the suggestions.\", \"Instruction\": \"1. Your colleague give you some suggestions(in the Context section) about the draft test cases, read these suggestions. 2. Revise your draft version test cases, but don't use long parameters. 3. Response in JSON format.\", \"Example\": \"{\\\"requirement analysis\\\":\\\"analysis\\\",\\\"test_cases\\\":[{\\\"Test Title\\\":\\\"title\\\", \\\"Input Data\\\":\\\"parameter1=[1,2,3],parameter2='123'\\\", \\\"Expected Output\\\":\\\"456\\\"},]}\", \"Context\": \"# Suggestions:\\n{\\n  \\\"Architect\\\": \\\"The test cases seem to be focused on testing the calculation of the angle in radians for complex numbers with different combinations of real and imaginary parts. It would be beneficial to also include test cases for edge cases such as zero real and imaginary parts, or complex numbers with large values to ensure the robustness of the angle calculation algorithm. Additionally, it would be helpful to include negative test cases to test the handling of invalid input data.\\\"\\n  ,\\n  \\\"Developer\\\": \\\"I suggest revising the test cases to include edge cases such as zero real and imaginary parts, or complex numbers with large values to ensure the robustness of the angle calculation algorithm. Additionally, it would be beneficial to include negative test cases to test the handling of invalid input data. It would also be helpful to add more descriptive expected outputs for each test case to provide clearer criteria for passing the tests.\\\"\\n}\\n # Draft Test cases:\\n{\\n  \\\"requirement analysis\\\": \\\"analysis\\\",\\n  \\\"test_cases\\\": [\\n    {\\n      \\\"Test Title\\\": \\\"Test with real and imaginary parts as positive integers\\\",\\n      \\\"Input Data\\\": \\\"a=1, b=2\\\",\\n      \\\"Expected Output\\\": \\\"angle in radians\\\"\\n    },\\n    {\\n      \\\"Test Title\\\": \\\"Test with real and imaginary parts as negative integers\\\",\\n      \\\"Input Data\\\": \\\"a=-3, b=-4\\\",\\n      \\\"Expected Output\\\": \\\"angle in radians\\\"\\n    },\\n    {\\n      \\\"Test Title\\\": \\\"Test with real part as zero and imaginary part as a positive integer\\\",\\n      \\\"Input Data\\\": \\\"a=0, b=5\\\",\\n      \\\"Expected Output\\\": \\\"angle in radians\\\"\\n    },\\n    {\\n      \\\"Test Title\\\": \\\"Test with real part as a positive integer and imaginary part as zero\\\",\\n      \\\"Input Data\\\": \\\"a=6, b=0\\\",\\n      \\\"Expected Output\\\": \\\"angle in radians\\\"\\n    }\\n  ]\\n}\", \"Question\": \"Follow the Instruction. Please make sure your response length are less than 512. Your test cases is for the below question:\\ndef angle_complex(a,b):\\n'''Write a function to get the angle of a complex number.\\nassert math.isclose(angle_complex(0,1j), 1.5707963267948966, rel_tol=0.001)'''\\n\"}",
    "Code0": "def angle_complex(a, b):\n    import math\n\n    # Calculate the angle of the complex number using atan2 function\n    angle = math.atan2(b, a)\n\n    return angle",
    "Code0_prompt": {
        "Role": "You are a professional software engineer. Your duty is to write code in Python that meets the requirements. Ensure that the code you write is efficient, readable, and follows best practices. Remember, do not need to explain the code you wrote.",
        "Instruction": "1. Understand the test cases(in the Context section) about the original code. 2. Rewrite your code, make sure your code pass all test cases.",
        "Example": "",
        "Context": "# Original Code:\ndef angle_complex(a, b):\n    import math\n\n    # Calculate the angle of the complex number using atan2 function\n    angle = math.atan2(b, a)\n\n    return angle\n# Test Cases:\n{\n  \"requirement analysis\": \"analysis\",\n  \"test_cases\": [\n    {\n      \"Test Title\": \"Test with real and imaginary parts as positive integers\",\n      \"Input Data\": \"a=1, b=2\",\n      \"Expected Output\": \"angle in radians\"\n    },\n    {\n      \"Test Title\": \"Test with real and imaginary parts as negative integers\",\n      \"Input Data\": \"a=-3, b=-4\",\n      \"Expected Output\": \"angle in radians\"\n    },\n    {\n      \"Test Title\": \"Test with real part as zero and imaginary part as a positive integer\",\n      \"Input Data\": \"a=0, b=5\",\n      \"Expected Output\": \"angle in radians\"\n    },\n    {\n      \"Test Title\": \"Test with real part as a positive integer and imaginary part as zero\",\n      \"Input Data\": \"a=6, b=0\",\n      \"Expected Output\": \"angle in radians\"\n    },\n    {\n      \"Test Title\": \"Test with zero real and imaginary parts\",\n      \"Input Data\": \"a=0, b=0\",\n      \"Expected Output\": \"angle in radians\"\n    },\n    {\n      \"Test Title\": \"Test with large values for real and imaginary parts\",\n      \"Input Data\": \"a=10000, b=10000\",\n      \"Expected Output\": \"angle in radians\"\n    },\n    {\n      \"Test Title\": \"Test with invalid input data\",\n      \"Input Data\": \"a='abc', b='def'\",\n      \"Expected Output\": \"invalid input\"\n    }\n  ]\n}",
        "Question": "def angle_complex(a,b):\n'''Write a function to get the angle of a complex number.\nassert math.isclose(angle_complex(0,1j), 1.5707963267948966, rel_tol=0.001)'''\n"
    },
    "TestScriptOriginal": "import unittest\nimport math\n\ndef angle_complex(a, b):\n    angle = math.atan2(b, a)\n    return angle\n\nclass Test(unittest.TestCase):\n    def test(self):\n        self.assertAlmostEqual(angle_complex(0, 1j), 1.5707963267948966, places=3)\n\nif __name__ == '__main__':\n    unittest.main()",
    "TestScriptOriginal_prompt": "{\"Role\": \"You are a quality assurance engineer. Your duty is to write a python test script in unittest framework.\", \"Instruction\": \"1. Write a python test script. 2. Use the input and output given by the question.\", \"Example\": \"import unittest\\n\\nclass Test(unittest.TestCase):\\n    def test(self):\\n        self.assertEqual(function_under_test('a'), 1)\\n\\nif __name__ == '__main__':\\n    unittest.main()\", \"Context\": \"\", \"Question\": \"def angle_complex(a,b):\\n'''Write a function to get the angle of a complex number.\\nassert math.isclose(angle_complex(0,1j), 1.5707963267948966, rel_tol=0.001)'''\\n\"}",
    "TestScript": "import unittest\nimport math\n\nclass Test(unittest.TestCase):\n    def test(self):\n        self.assertAlmostEqual(angle_complex(0, 1j), 1.5707963267948966, places=3)\n\nif __name__ == '__main__':\n    unittest.main()",
    "ScriptResult0": "E\n======================================================================\nERROR: test (__main__.Test)\n----------------------------------------------------------------------\nTraceback (most recent call last):\n  File \"/Users/watch/PycharmProjects/XXXX-1-LLM/workspace/2024-03-11_08-55-25-877112/test_script.py\", line 13, in test\n    self.assertAlmostEqual(angle_complex(0, 1j), 1.5707963267948966, places=3)\n  File \"/Users/watch/PycharmProjects/XXXX-1-LLM/workspace/2024-03-11_08-55-25-877112/test_script.py\", line 5, in angle_complex\n    angle = math.atan2(b, a)\nTypeError: can't convert complex to float\n\n----------------------------------------------------------------------\nRan 1 test in 0.000s\n\nFAILED (errors=1)\n",
    "TestReport0": "Test Report:\n\nTest script's output:\nE\n======================================================================\nERROR: test (__main__.Test)\n----------------------------------------------------------------------\nTraceback (most recent call last):\n  File \"/Users/watch/PycharmProjects/XXXX-1-LLM/workspace/2024-03-11_08-55-25-877112/test_script.py\", line 13, in test\n    self.assertAlmostEqual(angle_complex(0, 1j), 1.5707963267948966, places=3)\n  File \"/Users/watch/PycharmProjects/XXXX-1-LLM/workspace/2024-03-11_08-55-25-877112/test_script.py\", line 5, in angle_complex\n    angle = math.atan2(b, a)\nTypeError: can't convert complex to float\n\n----------------------------------------------------------------------\nRan 1 test in 0.000s\n\nFAILED (errors=1)\n\nConclusion: Code Test Failed\n\nInput and expected output example:\nInput: angle_complex(0, 1j)\nExpected output: 1.5707963267948966\n\nThe code failed due to a TypeError that occurred when trying to convert a complex number to a float. The test case for angle_complex(0, 1j) resulted in an error, causing the overall test to fail.\n\nRecommendation: The code needs to be modified to handle complex numbers appropriately in order to pass the test.\n\nEnd of Test Report",
    "SprintReview0": "[ScrumMaster]says: Here is our test Report: Test Report:\n\nTest script's output:\nE\n======================================================================\nERROR: test (__main__.Test)\n----------------------------------------------------------------------\nTraceback (most recent call last):\n  File \"/Users/watch/PycharmProjects/XXXX-1-LLM/workspace/2024-03-11_08-55-25-877112/test_script.py\", line 13, in test\n    self.assertAlmostEqual(angle_complex(0, 1j), 1.5707963267948966, places=3)\n  File \"/Users/watch/PycharmProjects/XXXX-1-LLM/workspace/2024-03-11_08-55-25-877112/test_script.py\", line 5, in angle_complex\n    angle = math.atan2(b, a)\nTypeError: can't convert complex to float\n\n----------------------------------------------------------------------\nRan 1 test in 0.000s\n\nFAILED (errors=1)\n\nConclusion: Code Test Failed\n\nInput and expected output example:\nInput: angle_complex(0, 1j)\nExpected output: 1.5707963267948966\n\nThe code failed due to a TypeError that occurred when trying to convert a complex number to a float. The test case for angle_complex(0, 1j) resulted in an error, causing the overall test to fail.\n\nRecommendation: The code needs to be modified to handle complex numbers appropriately in order to pass the test.\n\nEnd of Test Report, do you have any ideas?\n-----\n\n[ProductOwner]says: As a Product Owner, I think we should prioritize fixing the code to handle complex numbers appropriately in order to pass the test.\n-----\n\n[Tester]says: As a Tester, the code needs to be modified to handle complex numbers appropriately in order to pass the test.\n-----\n\n[Developer]says: As a Developer, I think we should modify the code to handle complex numbers appropriately in order to pass the test.\n-----\n\n[Architect]says: As an architect, we should review the code and modify it to handle complex numbers appropriately in order to pass the test.\n-----\n\n[Tester]says: As a Tester, the code needs to be modified to handle complex numbers appropriately in order to pass the test.\n-----\n\n[Developer]says: As a Developer, I agree that we should modify the code to handle complex numbers appropriately in order to pass the test.\n-----\n\n[ProductOwner]says: As a Product Owner, I think we should prioritize fixing the code to handle complex numbers appropriately in order to pass the test.\n-----\n\n[Architect]says: As an architect, we should review the code and modify it to handle complex numbers appropriately in order to pass the test.\n-----\n",
    "SprintReviewMeetings0": "{\n  \"product-owner\": [\"We should prioritize fixing the code to handle complex numbers appropriately in order to pass the test.\"],\n  \"architect\": [\"We should review the code and modify it to handle complex numbers appropriately in order to pass the test.\"],\n  \"developer\": [\"We should modify the code to handle complex numbers appropriately in order to pass the test.\"],\n  \"tester\": [\"The code needs to be modified to handle complex numbers appropriately in order to pass the test.\"]\n}",
    "SprintReviewMeetings0_prompt": "{\"Role\": \"You are a professional scrum master. Your goal is to summary the Discussion History into a suggestions list for the scrum team.\", \"Instruction\": \"1. Read and Understand the Discussion History. 2. Summary the suggestions from four roles: product-owner/architect/developer/tester. 3. Response in JSON format.\", \"Example\": \"{\\\"product-owner\\\":[\\\"suggestion1\\\",\\\"suggestion2\\\"],\\\"architect\\\":[\\\"suggestion1\\\",\\\"suggestion2\\\"], \\\"developer\\\":[\\\"suggestion1\\\",\\\"suggestion2\\\"], \\\"tester\\\":[\\\"suggestion1\\\",\\\"suggestion2\\\"]}\", \"Context\": \"[ScrumMaster]says: Here is our test Report: Test Report:\\n\\nTest script's output:\\nE\\n======================================================================\\nERROR: test (__main__.Test)\\n----------------------------------------------------------------------\\nTraceback (most recent call last):\\n  File \\\"/Users/watch/PycharmProjects/XXXX-1-LLM/workspace/2024-03-11_08-55-25-877112/test_script.py\\\", line 13, in test\\n    self.assertAlmostEqual(angle_complex(0, 1j), 1.5707963267948966, places=3)\\n  File \\\"/Users/watch/PycharmProjects/XXXX-1-LLM/workspace/2024-03-11_08-55-25-877112/test_script.py\\\", line 5, in angle_complex\\n    angle = math.atan2(b, a)\\nTypeError: can't convert complex to float\\n\\n----------------------------------------------------------------------\\nRan 1 test in 0.000s\\n\\nFAILED (errors=1)\\n\\nConclusion: Code Test Failed\\n\\nInput and expected output example:\\nInput: angle_complex(0, 1j)\\nExpected output: 1.5707963267948966\\n\\nThe code failed due to a TypeError that occurred when trying to convert a complex number to a float. The test case for angle_complex(0, 1j) resulted in an error, causing the overall test to fail.\\n\\nRecommendation: The code needs to be modified to handle complex numbers appropriately in order to pass the test.\\n\\nEnd of Test Report, do you have any ideas?\\n-----\\n\\n[ProductOwner]says: As a Product Owner, I think we should prioritize fixing the code to handle complex numbers appropriately in order to pass the test.\\n-----\\n\\n[Tester]says: As a Tester, the code needs to be modified to handle complex numbers appropriately in order to pass the test.\\n-----\\n\\n[Developer]says: As a Developer, I think we should modify the code to handle complex numbers appropriately in order to pass the test.\\n-----\\n\\n[Architect]says: As an architect, we should review the code and modify it to handle complex numbers appropriately in order to pass the test.\\n-----\\n\\n[Tester]says: As a Tester, the code needs to be modified to handle complex numbers appropriately in order to pass the test.\\n-----\\n\\n[Developer]says: As a Developer, I agree that we should modify the code to handle complex numbers appropriately in order to pass the test.\\n-----\\n\\n[ProductOwner]says: As a Product Owner, I think we should prioritize fixing the code to handle complex numbers appropriately in order to pass the test.\\n-----\\n\\n[Architect]says: As an architect, we should review the code and modify it to handle complex numbers appropriately in order to pass the test.\\n-----\\n\", \"Question\": \"Follow the Instruction section. The Discussion History is in the Context section. You only need to return a list as the Example section.\"}",
    "RepairResponse0": "{\n  \"revised_code\": \"def angle_complex(a, b):\\n    angle = math.atan2(b.real, a.real)\\n    return angle\"\n}",
    "RepairResponse0_prompt": {
        "Role": "You are a professional software engineer. Your duty is to write code in Python that meets the requirements. Ensure that the code you write is efficient, readable, and follows best practices. Remember, do not need to explain the code you wrote.",
        "Instruction": "1. Rewrite a bug fix version of the original code. 2. Response in JSON format.",
        "Example": "{\"revised_code\":\"...\"}",
        "Context": "# Test Report:\nTest Report:\n\nTest script's output:\nE\n======================================================================\nERROR: test (__main__.Test)\n----------------------------------------------------------------------\nTraceback (most recent call last):\n  File \"/Users/watch/PycharmProjects/XXXX-1-LLM/workspace/2024-03-11_08-55-25-877112/test_script.py\", line 13, in test\n    self.assertAlmostEqual(angle_complex(0, 1j), 1.5707963267948966, places=3)\n  File \"/Users/watch/PycharmProjects/XXXX-1-LLM/workspace/2024-03-11_08-55-25-877112/test_script.py\", line 5, in angle_complex\n    angle = math.atan2(b, a)\nTypeError: can't convert complex to float\n\n----------------------------------------------------------------------\nRan 1 test in 0.000s\n\nFAILED (errors=1)\n\nConclusion: Code Test Failed\n\nInput and expected output example:\nInput: angle_complex(0, 1j)\nExpected output: 1.5707963267948966\n\nThe code failed due to a TypeError that occurred when trying to convert a complex number to a float. The test case for angle_complex(0, 1j) resulted in an error, causing the overall test to fail.\n\nRecommendation: The code needs to be modified to handle complex numbers appropriately in order to pass the test.\n\nEnd of Test Report# suggestions:\n{\"product-owner\": [\"We should prioritize fixing the code to handle complex numbers appropriately in order to pass the test.\"], \"architect\": [\"We should review the code and modify it to handle complex numbers appropriately in order to pass the test.\"], \"developer\": [\"We should modify the code to handle complex numbers appropriately in order to pass the test.\"], \"tester\": [\"The code needs to be modified to handle complex numbers appropriately in order to pass the test.\"]}",
        "Question": "The original code has some bugs, according to the test report and suggestions, rewrite the code. Complete the following code:\ndef angle_complex(a,b):\n'''Write a function to get the angle of a complex number.\nassert math.isclose(angle_complex(0,1j), 1.5707963267948966, rel_tol=0.001)'''\n"
    },
    "Code1": "def angle_complex(a, b):\n    angle = math.atan2(b.real, a.real)\n    return angle",
    "ScriptResult1": "F\n======================================================================\nFAIL: test (__main__.Test)\n----------------------------------------------------------------------\nTraceback (most recent call last):\n  File \"/Users/watch/PycharmProjects/XXXX-1-LLM/workspace/2024-03-11_08-55-25-877112/test_script.py\", line 9, in test\n    self.assertAlmostEqual(angle_complex(0, 1j), 1.5707963267948966, places=3)\nAssertionError: 0.0 != 1.5707963267948966 within 3 places (1.5707963267948966 difference)\n\n----------------------------------------------------------------------\nRan 1 test in 0.000s\n\nFAILED (failures=1)\n",
    "TestReport1": "Test Report:\n\nTest Script Output:\nF\n======================================================================\nFAIL: test (__main__.Test)\n----------------------------------------------------------------------\nTraceback (most recent call last):\n  File \"/Users/watch/PycharmProjects/XXXX-1-LLM/workspace/2024-03-11_08-55-25-877112/test_script.py\", line 9, in test\n    self.assertAlmostEqual(angle_complex(0, 1j), 1.5707963267948966, places=3)\nAssertionError: 0.0 != 1.5707963267948966 within 3 places (1.5707963267948966 difference)\n\n----------------------------------------------------------------------\nRan 1 test in 0.000s\n\nFAILED (failures=1)\n\nConclusion: Code Test Failed\n\nInput and Expected Output Example:\ndef angle_complex(a, b):\n    angle = math.atan2(b.real, a.real)\n    return angle\n\nThis code failed the test as the expected output of 1.5707963267948966 did not match the actual output of 0.0. The function \"angle_complex\" did not produce the expected result.\n\nTest Report Generated by:\n[Your Name]\n[Date]",
    "SprintReview1": "[ScrumMaster]says: Here is our test Report: Test Report:\n\nTest Script Output:\nF\n======================================================================\nFAIL: test (__main__.Test)\n----------------------------------------------------------------------\nTraceback (most recent call last):\n  File \"/Users/watch/PycharmProjects/XXXX-1-LLM/workspace/2024-03-11_08-55-25-877112/test_script.py\", line 9, in test\n    self.assertAlmostEqual(angle_complex(0, 1j), 1.5707963267948966, places=3)\nAssertionError: 0.0 != 1.5707963267948966 within 3 places (1.5707963267948966 difference)\n\n----------------------------------------------------------------------\nRan 1 test in 0.000s\n\nFAILED (failures=1)\n\nConclusion: Code Test Failed\n\nInput and Expected Output Example:\ndef angle_complex(a, b):\n    angle = math.atan2(b.real, a.real)\n    return angle\n\nThis code failed the test as the expected output of 1.5707963267948966 did not match the actual output of 0.0. The function \"angle_complex\" did not produce the expected result.\n\nTest Report Generated by:\n[Your Name]\n[Date], do you have any ideas?\n-----\n\n[Architect]says: As an architect, I suggest we review the code for the angle_complex function and consider using a different approach to calculate the angle.\n-----\n\n[Developer]says: As a Developer, I will review the test script and look into the \"angle_complex\" function to identify the issue and make the necessary corrections to pass the test.\n-----\n\n[Tester]says: As a Tester, it seems that the function \"angle_complex\" did not produce the expected result, and we should review the code for this function to identify the issue and make necessary corrections.\n-----\n\n[ProductOwner]says: As a Product Owner, I think we need to prioritize fixing the failed test case for the \"angle_complex\" function before moving forward with any other development tasks.\n-----\n\n[Architect]says: As an architect, I suggest we review the code for the angle_complex function and consider using a different approach to calculate the angle.\n-----\n\n[Tester]says: As a tester, I agree that the function \"angle_complex\" needs to be reviewed and corrected to produce the expected result.\n-----\n\n[Developer]says: As a Developer, I will review the test script and look into the \"angle_complex\" function to identify the issue and make the necessary corrections to pass the test.\n-----\n\n[ProductOwner]says: As a Product Owner, I think we need to prioritize fixing the failed test case for the \"angle_complex\" function before moving forward with any other development tasks.\n-----\n",
    "SprintReviewMeetings1": "{\n  \"product-owner\":[\"I think we need to prioritize fixing the failed test case for the \\\"angle_complex\\\" function before moving forward with any other development tasks.\"],\n  \"architect\":[\"I suggest we review the code for the angle_complex function and consider using a different approach to calculate the angle.\"],\n  \"developer\":[\"I will review the test script and look into the \\\"angle_complex\\\" function to identify the issue and make the necessary corrections to pass the test.\"],\n  \"tester\":[\"It seems that the function \\\"angle_complex\\\" did not produce the expected result, and we should review the code for this function to identify the issue and make necessary corrections.\"]\n}",
    "SprintReviewMeetings1_prompt": "{\"Role\": \"You are a professional scrum master. Your goal is to summary the Discussion History into a suggestions list for the scrum team.\", \"Instruction\": \"1. Read and Understand the Discussion History. 2. Summary the suggestions from four roles: product-owner/architect/developer/tester. 3. Response in JSON format.\", \"Example\": \"{\\\"product-owner\\\":[\\\"suggestion1\\\",\\\"suggestion2\\\"],\\\"architect\\\":[\\\"suggestion1\\\",\\\"suggestion2\\\"], \\\"developer\\\":[\\\"suggestion1\\\",\\\"suggestion2\\\"], \\\"tester\\\":[\\\"suggestion1\\\",\\\"suggestion2\\\"]}\", \"Context\": \"[ScrumMaster]says: Here is our test Report: Test Report:\\n\\nTest Script Output:\\nF\\n======================================================================\\nFAIL: test (__main__.Test)\\n----------------------------------------------------------------------\\nTraceback (most recent call last):\\n  File \\\"/Users/watch/PycharmProjects/XXXX-1-LLM/workspace/2024-03-11_08-55-25-877112/test_script.py\\\", line 9, in test\\n    self.assertAlmostEqual(angle_complex(0, 1j), 1.5707963267948966, places=3)\\nAssertionError: 0.0 != 1.5707963267948966 within 3 places (1.5707963267948966 difference)\\n\\n----------------------------------------------------------------------\\nRan 1 test in 0.000s\\n\\nFAILED (failures=1)\\n\\nConclusion: Code Test Failed\\n\\nInput and Expected Output Example:\\ndef angle_complex(a, b):\\n    angle = math.atan2(b.real, a.real)\\n    return angle\\n\\nThis code failed the test as the expected output of 1.5707963267948966 did not match the actual output of 0.0. The function \\\"angle_complex\\\" did not produce the expected result.\\n\\nTest Report Generated by:\\n[Your Name]\\n[Date], do you have any ideas?\\n-----\\n\\n[Architect]says: As an architect, I suggest we review the code for the angle_complex function and consider using a different approach to calculate the angle.\\n-----\\n\\n[Developer]says: As a Developer, I will review the test script and look into the \\\"angle_complex\\\" function to identify the issue and make the necessary corrections to pass the test.\\n-----\\n\\n[Tester]says: As a Tester, it seems that the function \\\"angle_complex\\\" did not produce the expected result, and we should review the code for this function to identify the issue and make necessary corrections.\\n-----\\n\\n[ProductOwner]says: As a Product Owner, I think we need to prioritize fixing the failed test case for the \\\"angle_complex\\\" function before moving forward with any other development tasks.\\n-----\\n\\n[Architect]says: As an architect, I suggest we review the code for the angle_complex function and consider using a different approach to calculate the angle.\\n-----\\n\\n[Tester]says: As a tester, I agree that the function \\\"angle_complex\\\" needs to be reviewed and corrected to produce the expected result.\\n-----\\n\\n[Developer]says: As a Developer, I will review the test script and look into the \\\"angle_complex\\\" function to identify the issue and make the necessary corrections to pass the test.\\n-----\\n\\n[ProductOwner]says: As a Product Owner, I think we need to prioritize fixing the failed test case for the \\\"angle_complex\\\" function before moving forward with any other development tasks.\\n-----\\n\", \"Question\": \"Follow the Instruction section. The Discussion History is in the Context section. You only need to return a list as the Example section.\"}",
    "RepairResponse1": "{\n  \"revised_code\": \"import math\\n\\ndef angle_complex(a, b):\\n    angle = math.atan2(b.imag, a.real)\\n    return angle\"\n}",
    "RepairResponse1_prompt": {
        "Role": "You are a professional software engineer. Your duty is to write code in Python that meets the requirements. Ensure that the code you write is efficient, readable, and follows best practices. Remember, do not need to explain the code you wrote.",
        "Instruction": "1. Rewrite a bug fix version of the original code. 2. Response in JSON format.",
        "Example": "{\"revised_code\":\"...\"}",
        "Context": "# Test Report:\nTest Report:\n\nTest Script Output:\nF\n======================================================================\nFAIL: test (__main__.Test)\n----------------------------------------------------------------------\nTraceback (most recent call last):\n  File \"/Users/watch/PycharmProjects/XXXX-1-LLM/workspace/2024-03-11_08-55-25-877112/test_script.py\", line 9, in test\n    self.assertAlmostEqual(angle_complex(0, 1j), 1.5707963267948966, places=3)\nAssertionError: 0.0 != 1.5707963267948966 within 3 places (1.5707963267948966 difference)\n\n----------------------------------------------------------------------\nRan 1 test in 0.000s\n\nFAILED (failures=1)\n\nConclusion: Code Test Failed\n\nInput and Expected Output Example:\ndef angle_complex(a, b):\n    angle = math.atan2(b.real, a.real)\n    return angle\n\nThis code failed the test as the expected output of 1.5707963267948966 did not match the actual output of 0.0. The function \"angle_complex\" did not produce the expected result.\n\nTest Report Generated by:\n[Your Name]\n[Date]# suggestions:\n{\"product-owner\": [\"I think we need to prioritize fixing the failed test case for the \\\"angle_complex\\\" function before moving forward with any other development tasks.\"], \"architect\": [\"I suggest we review the code for the angle_complex function and consider using a different approach to calculate the angle.\"], \"developer\": [\"I will review the test script and look into the \\\"angle_complex\\\" function to identify the issue and make the necessary corrections to pass the test.\"], \"tester\": [\"It seems that the function \\\"angle_complex\\\" did not produce the expected result, and we should review the code for this function to identify the issue and make necessary corrections.\"]}",
        "Question": "The original code has some bugs, according to the test report and suggestions, rewrite the code. Complete the following code:\ndef angle_complex(a,b):\n'''Write a function to get the angle of a complex number.\nassert math.isclose(angle_complex(0,1j), 1.5707963267948966, rel_tol=0.001)'''\n"
    },
    "Code2": "import math\n\ndef angle_complex(a, b):\n    angle = math.atan2(b.imag, a.real)\n    return angle",
    "ScriptResult2": ".\n----------------------------------------------------------------------\nRan 1 test in 0.000s\n\nOK\n",
    "TestReport2": "Test Report:\n\nContext:\n# test script's output:\n.\n----------------------------------------------------------------------\nRan 1 test in 0.000s\n\nOK\n\nConclusion:\nCode Test Passed\n\nNote:\nNo further action required as the code has passed the test."
}