{
    "start_time": "2024-03-10_21-14-57-570394",
    "task": "def even_Power_Sum(n): \n'''Write a python function that takes in an integer n and finds the sum of the first n even natural numbers that are raised to the fifth power.\nassert even_Power_Sum(2) == 1056'''\n",
    "datetime": {
        "task": "2024-03-10 21:14:57",
        "task-id": "2024-03-10 21:14:57",
        "workflow": "2024-03-10 21:14:57",
        "DesignDraft": "2024-03-10 21:14:59",
        "DesignMeetings": "2024-03-10 21:15:00",
        "Design": "2024-03-10 21:15:02",
        "Test Cases Draft": "2024-03-10 21:15:03",
        "Test Cases Meetings": "2024-03-10 21:15:04",
        "Test Cases": "2024-03-10 21:15:07",
        "Code0draft": "2024-03-10 21:15:08",
        "Code Review Meetings": "2024-03-10 21:15:09",
        "Code0": "2024-03-10 21:15:10",
        "TestScriptOriginal": "2024-03-10 21:15:11",
        "TestScript": "2024-03-10 21:15:11",
        "ScriptResult0": "2024-03-10 21:15:11",
        "TestReport0": "2024-03-10 21:15:14",
        "RepairResponse1": "2024-03-10 21:15:15",
        "Code1": "2024-03-10 21:15:15",
        "ScriptResult1": "2024-03-10 21:15:15",
        "TestReport1": "2024-03-10 21:15:17",
        "RepairResponse2": "2024-03-10 21:15:22",
        "Code2": "2024-03-10 21:15:22",
        "ScriptResult2": "2024-03-10 21:15:22",
        "TestReport2": "2024-03-10 21:15:24",
        "FinalCode": "2024-03-10 21:15:24"
    },
    "task-id": 271,
    "workflow": "testdriven/testdriven_version_0.0.5_remove.json",
    "DesignDraft": "Design:\n- Create a function called even_Power_Sum that takes in an integer n as input.\n- Initialize a variable called sum to store the final sum of the even numbers raised to the fifth power.\n- Use a loop to iterate through the first n even natural numbers.\n- For each even number, raise it to the fifth power and add the result to the sum variable.\n- Return the final sum after iterating through all the even numbers.\n\nThis design provides a high-level overview of the steps involved in implementing the even_Power_Sum function. It guides the developer in writing code by outlining the key components and logic required to achieve the desired outcome.",
    "DesignMeetings": "{\n  \"Developer\": \"I suggest adding input validation to ensure that the input n is a positive integer. This will help prevent potential errors or unexpected behavior in the function.\",\n  \"Tester\": \"I suggest writing test cases to cover different scenarios such as when n is 0, when n is a small positive number, and when n is a large positive number. This will help ensure the function works as expected and handles various inputs correctly.\"\n}",
    "Design": "Based on the suggestions provided, here is the new design for the even_Power_Sum function:\n\nDesign:\n- Create a function called even_Power_Sum that takes in a positive integer n as input. Implement input validation to ensure that the input n is a positive integer.\n- Initialize a variable called sum to store the final sum of the even numbers raised to the fifth power.\n- Use a loop to iterate through the first n even natural numbers.\n- For each even number, raise it to the fifth power and add the result to the sum variable.\n- Write test cases to cover different scenarios such as when n is 0, when n is a small positive number, and when n is a large positive number. This will help ensure the function works as expected and handles various inputs correctly.\n- Return the final sum after iterating through all the even numbers.\n\nThis new design incorporates input validation and test cases to ensure that the function works as expected and handles various inputs correctly.",
    "Test Cases Draft": "{\n  \"requirement analysis\": \"The function should take an integer n and find the sum of the first n even natural numbers that are raised to the fifth power.\",\n  \"test_cases\": [\n    {\n      \"Test Title\": \"n=2\",\n      \"Input Data\": \"n=2\",\n      \"Expected Output\": \"1056\"\n    }\n  ]\n}",
    "Test Cases Draft_prompt": "{\"Role\": \"You are a quality assurance engineer. Your duty is to design test cases for the developers.\", \"Instruction\": \"According to the Context section, write test cases. Don't write long strings in your test cases. Response in JSON format.\", \"Example\": \"{\\\"requirement analysis\\\":\\\"analysis\\\",\\\"test_cases\\\":[{\\\"Test Title\\\":\\\"title\\\", \\\"Input Data\\\":\\\"parameter1=[1,2,3],parameter2='123'\\\", \\\"Expected Output\\\":\\\"456\\\"},]}\", \"Context\": \"\", \"Question\": \"def even_Power_Sum(n): \\n'''Write a python function that takes in an integer n and finds the sum of the first n even natural numbers that are raised to the fifth power.\\nassert even_Power_Sum(2) == 1056'''\\n\"}",
    "Test Cases Meetings": "{\n  \"Architect\": \"As an Architect, I would suggest adding more test cases to cover different scenarios such as n=0, n=1, and n=5 to ensure the function handles various input values properly.\",\n  \"Developer\": \"As a Developer, I would suggest revising the test case titles to be more descriptive such as 'Test Title': 'Calculate sum of the first 2 even natural numbers raised to the fifth power'. This will make it easier to understand the purpose of each test case.\"\n}",
    "Test Cases Meetings_prompt": "{\"Role\": \"I want you to act as a different roles and then give some suggestions about how to revise the test cases.\", \"Instruction\": \"1. Read the Context section. 2. Act as an Architect, give your suggestions. 3. Act as a Developer, give your suggestions. 4. Response in JSON format.\", \"Example\": \"{\\\"Architect\\\":\\\"Suggestion\\\",\\\"Developer\\\":\\\"Suggestion\\\"}\", \"Context\": \"{\\n  \\\"requirement analysis\\\": \\\"The function should take an integer n and find the sum of the first n even natural numbers that are raised to the fifth power.\\\",\\n  \\\"test_cases\\\": [\\n    {\\n      \\\"Test Title\\\": \\\"n=2\\\",\\n      \\\"Input Data\\\": \\\"n=2\\\",\\n      \\\"Expected Output\\\": \\\"1056\\\"\\n    }\\n  ]\\n}\", \"Question\": \"Follow the Instruction. The Context section include the test cases.\"}",
    "Test Cases": "{\n  \"requirement analysis\": \"The function should take an integer n and find the sum of the first n even natural numbers that are raised to the fifth power.\",\n  \"test_cases\": [\n    {\n      \"Test Title\": \"Sum of first 2 even natural numbers raised to the fifth power\",\n      \"Input Data\": \"n=2\",\n      \"Expected Output\": \"1056\"\n    },\n    {\n      \"Test Title\": \"Sum of first 0 even natural numbers raised to the fifth power\",\n      \"Input Data\": \"n=0\",\n      \"Expected Output\": \"0\"\n    },\n    {\n      \"Test Title\": \"Sum of first 1 even natural numbers raised to the fifth power\",\n      \"Input Data\": \"n=1\",\n      \"Expected Output\": \"32\"\n    },\n    {\n      \"Test Title\": \"Sum of first 5 even natural numbers raised to the fifth power\",\n      \"Input Data\": \"n=5\",\n      \"Expected Output\": \"279450\"\n    }\n  ]\n}",
    "Test Cases_prompt": "{\"Role\": \"You are a quality assurance engineer. Your duty is to revise the test cases based on the suggestions.\", \"Instruction\": \"1. Your colleague give you some suggestions(in the Context section) about the draft test cases, read these suggestions. 2. Revise your draft version test cases, but don't use long parameters. 3. Response in JSON format.\", \"Example\": \"{\\\"requirement analysis\\\":\\\"analysis\\\",\\\"test_cases\\\":[{\\\"Test Title\\\":\\\"title\\\", \\\"Input Data\\\":\\\"parameter1=[1,2,3],parameter2='123'\\\", \\\"Expected Output\\\":\\\"456\\\"},]}\", \"Context\": \"# Suggestions:\\n{\\n  \\\"Architect\\\": \\\"As an Architect, I would suggest adding more test cases to cover different scenarios such as n=0, n=1, and n=5 to ensure the function handles various input values properly.\\\",\\n  \\\"Developer\\\": \\\"As a Developer, I would suggest revising the test case titles to be more descriptive such as 'Test Title': 'Calculate sum of the first 2 even natural numbers raised to the fifth power'. This will make it easier to understand the purpose of each test case.\\\"\\n}\\n # Draft Test cases:\\n{\\n  \\\"requirement analysis\\\": \\\"The function should take an integer n and find the sum of the first n even natural numbers that are raised to the fifth power.\\\",\\n  \\\"test_cases\\\": [\\n    {\\n      \\\"Test Title\\\": \\\"n=2\\\",\\n      \\\"Input Data\\\": \\\"n=2\\\",\\n      \\\"Expected Output\\\": \\\"1056\\\"\\n    }\\n  ]\\n}\", \"Question\": \"Follow the Instruction. Please make sure your response length are less than 512. Your test cases is for the below question:\\ndef even_Power_Sum(n): \\n'''Write a python function that takes in an integer n and finds the sum of the first n even natural numbers that are raised to the fifth power.\\nassert even_Power_Sum(2) == 1056'''\\n\"}",
    "Code0draft": "def even_Power_Sum(n):\n    if n <= 0:\n        return 0\n    else:\n        total_sum = 0\n        for i in range(1, n+1):\n            total_sum += (2*i)**5\n        return total_sum",
    "Code0draft_prompt": "{\"Role\": \"You are a professional engineer. Your duty is to write code in Python that meets the requirements. Ensure that the code you write is efficient, readable, and follows best practices. Remember, do not need to explain the code you wrote.\", \"Instruction\": \"According to the Context section, write your code.\", \"Example\": \"\", \"Context\": \"# Test Cases:\\n{\\n  \\\"requirement analysis\\\": \\\"The function should take an integer n and find the sum of the first n even natural numbers that are raised to the fifth power.\\\",\\n  \\\"test_cases\\\": [\\n    {\\n      \\\"Test Title\\\": \\\"Sum of first 2 even natural numbers raised to the fifth power\\\",\\n      \\\"Input Data\\\": \\\"n=2\\\",\\n      \\\"Expected Output\\\": \\\"1056\\\"\\n    },\\n    {\\n      \\\"Test Title\\\": \\\"Sum of first 0 even natural numbers raised to the fifth power\\\",\\n      \\\"Input Data\\\": \\\"n=0\\\",\\n      \\\"Expected Output\\\": \\\"0\\\"\\n    },\\n    {\\n      \\\"Test Title\\\": \\\"Sum of first 1 even natural numbers raised to the fifth power\\\",\\n      \\\"Input Data\\\": \\\"n=1\\\",\\n      \\\"Expected Output\\\": \\\"32\\\"\\n    },\\n    {\\n      \\\"Test Title\\\": \\\"Sum of first 5 even natural numbers raised to the fifth power\\\",\\n      \\\"Input Data\\\": \\\"n=5\\\",\\n      \\\"Expected Output\\\": \\\"279450\\\"\\n    }\\n  ]\\n}\\n# Design:\\nBased on the suggestions provided, here is the new design for the even_Power_Sum function:\\n\\nDesign:\\n- Create a function called even_Power_Sum that takes in a positive integer n as input. Implement input validation to ensure that the input n is a positive integer.\\n- Initialize a variable called sum to store the final sum of the even numbers raised to the fifth power.\\n- Use a loop to iterate through the first n even natural numbers.\\n- For each even number, raise it to the fifth power and add the result to the sum variable.\\n- Write test cases to cover different scenarios such as when n is 0, when n is a small positive number, and when n is a large positive number. This will help ensure the function works as expected and handles various inputs correctly.\\n- Return the final sum after iterating through all the even numbers.\\n\\nThis new design incorporates input validation and test cases to ensure that the function works as expected and handles various inputs correctly.\", \"Question\": \"Follow the Instruction section. Complete the following code:\\ndef even_Power_Sum(n): \\n'''Write a python function that takes in an integer n and finds the sum of the first n even natural numbers that are raised to the fifth power.\\nassert even_Power_Sum(2) == 1056'''\\n\"}",
    "Code Review Meetings": "{\n  \"Architect\": \"Consider using a more descriptive function name that reflects its purpose, such as 'calculate_even_power_sum'. Additionally, you may want to add comments to explain the purpose and logic of the code.\",\n  \"Tester\": \"Test the function with different input values, including negative numbers and zero, to ensure it handles them correctly. Also, consider adding test cases for large input values to check for performance and scalability issues.\"\n}",
    "Code0": "def calculate_even_power_sum(n):\n    '''\n    Write a python function that takes in an integer n and finds the sum of the first n even natural numbers that are raised to the fifth power.\n    assert calculate_even_power_sum(2) == 1056\n    '''\n    if n <= 0:\n        return 0\n    else:\n        total_sum = 0\n        for i in range(1, n+1):\n            total_sum += (2*i)**5\n        return total_sum",
    "Code0_prompt": "{\"Role\": \"You are a professional software engineer. Your duty is to write code in Python that meets the requirements. Ensure that the code you write is efficient, readable, and follows best practices. Remember, do not need to explain the code you wrote.\", \"Instruction\": \"1. Understand the suggestions(in the Context section) about the original code. 2. Rewrite your code.\", \"Example\": \"\", \"Context\": \"# Suggestions:\\n{\\n  \\\"Architect\\\": \\\"Consider using a more descriptive function name that reflects its purpose, such as 'calculate_even_power_sum'. Additionally, you may want to add comments to explain the purpose and logic of the code.\\\",\\n  \\\"Tester\\\": \\\"Test the function with different input values, including negative numbers and zero, to ensure it handles them correctly. Also, consider adding test cases for large input values to check for performance and scalability issues.\\\"\\n}\\n# Original code:\\ndef even_Power_Sum(n):\\n    if n <= 0:\\n        return 0\\n    else:\\n        total_sum = 0\\n        for i in range(1, n+1):\\n            total_sum += (2*i)**5\\n        return total_sum\", \"Question\": \"Follow the Instruction section. Complete the following code:\\ndef even_Power_Sum(n): \\n'''Write a python function that takes in an integer n and finds the sum of the first n even natural numbers that are raised to the fifth power.\\nassert even_Power_Sum(2) == 1056'''\\n\"}",
    "TestScriptOriginal": "import unittest\n\ndef even_Power_Sum(n):\n    sum = 0\n    for i in range(1, n*2+1, 2):\n        sum += i ** 5\n    return sum\n\nclass Test(unittest.TestCase):\n    def test(self):\n        self.assertEqual(even_Power_Sum(2), 1056)\n\nif __name__ == '__main__':\n    unittest.main()",
    "TestScriptOriginal_prompt": "{\"Role\": \"You are a quality assurance engineer. Your duty is to write a python test script in unittest framework.\", \"Instruction\": \"1. Write a python test script. 2. Use the input and output given by the question.\", \"Example\": \"import unittest\\n\\nclass Test(unittest.TestCase):\\n    def test(self):\\n        self.assertEqual(function_under_test('a'), 1)\\n\\nif __name__ == '__main__':\\n    unittest.main()\", \"Context\": \"\", \"Question\": \"def even_Power_Sum(n): \\n'''Write a python function that takes in an integer n and finds the sum of the first n even natural numbers that are raised to the fifth power.\\nassert even_Power_Sum(2) == 1056'''\\n\"}",
    "TestScript": "import unittest\n\nclass Test(unittest.TestCase):\n    def test(self):\n        self.assertEqual(even_Power_Sum(2), 1056)\n\nif __name__ == '__main__':\n    unittest.main()",
    "TestScript_prompt": "{\"Role\": \"You are a quality assurance engineer. Your duty is to write a python test script in unittest framework.\", \"Instruction\": \"1. Write a python test script. 2. Use the input and output given by the question.\", \"Example\": \"import unittest\\n\\nclass Test(unittest.TestCase):\\n    def test(self):\\n        self.assertEqual(function_under_test('a'), 1)\\n\\nif __name__ == '__main__':\\n    unittest.main()\", \"Context\": \"\", \"Question\": \"def even_Power_Sum(n): \\n'''Write a python function that takes in an integer n and finds the sum of the first n even natural numbers that are raised to the fifth power.\\nassert even_Power_Sum(2) == 1056'''\\n\"}",
    "ScriptResult0": "E\n======================================================================\nERROR: test (__main__.Test)\n----------------------------------------------------------------------\nTraceback (most recent call last):\n  File \"/Users/watch/PycharmProjects/XXXX-1-LLM/workspace/2024-03-10_21-14-57-570394/test_script.py\", line 17, in test\n    self.assertEqual(even_Power_Sum(2), 1056)\nNameError: name 'even_Power_Sum' is not defined\n\n----------------------------------------------------------------------\nRan 1 test in 0.000s\n\nFAILED (errors=1)\n",
    "TestReport0": "Test Report:\n\nTest Script Output:\nE\n======================================================================\nERROR: test (__main__.Test)\n----------------------------------------------------------------------\nTraceback (most recent call last):\n  File \"/Users/watch/PycharmProjects/XXXX-1-LLM/workspace/2024-03-10_21-14-57-570394/test_script.py\", line 17, in test\n    self.assertEqual(even_Power_Sum(2), 1056)\nNameError: name 'even_Power_Sum' is not defined\n\n----------------------------------------------------------------------\nRan 1 test in 0.000s\n\nFAILED (errors=1)\n\nTest Report Analysis:\nThe test script has produced an error due to a NameError. The function 'even_Power_Sum' is not defined, which caused the test to fail.\n\nConclusion:\nAs per the test report analysis, the code has failed the tests.\n\nExample:\nInput: even_Power_Sum(2)\nExpected Output: 1056\n\nCode Test Failed",
    "RepairResponse1": "{\n  \"revised_code\": \"def even_power_sum(n):\\n    '''\\n    Write a python function that takes in an integer n and finds the sum of the first n even natural numbers that are raised to the fifth power.\\n    assert even_power_sum(2) == 1056\\n    '''\\n    if n <= 0:\\n        return 0\\n    else:\\n        total_sum = 0\\n        for i in range(1, n+1):\\n            total_sum += (2*i)**5\\n        return total_sum\"\n}",
    "RepairResponse1_prompt": "{\"Role\": \"You are a professional software engineer. Your duty is to write code in Python that meets the requirements. Ensure that the code you write is efficient, readable, and follows best practices. Remember, do not need to explain the code you wrote.\", \"Instruction\": \"1. Rewrite a bug fix version of the original code. 2. Response in JSON format.\", \"Example\": \"{\\\"revised_code\\\":\\\"...\\\"}\", \"Context\": \"# the original code:\\ndef calculate_even_power_sum(n):\\n    '''\\n    Write a python function that takes in an integer n and finds the sum of the first n even natural numbers that are raised to the fifth power.\\n    assert calculate_even_power_sum(2) == 1056\\n    '''\\n    if n <= 0:\\n        return 0\\n    else:\\n        total_sum = 0\\n        for i in range(1, n+1):\\n            total_sum += (2*i)**5\\n        return total_sum\\n# test report:\\nTest Report:\\n\\nTest Script Output:\\nE\\n======================================================================\\nERROR: test (__main__.Test)\\n----------------------------------------------------------------------\\nTraceback (most recent call last):\\n  File \\\"/Users/watch/PycharmProjects/XXXX-1-LLM/workspace/2024-03-10_21-14-57-570394/test_script.py\\\", line 17, in test\\n    self.assertEqual(even_Power_Sum(2), 1056)\\nNameError: name 'even_Power_Sum' is not defined\\n\\n----------------------------------------------------------------------\\nRan 1 test in 0.000s\\n\\nFAILED (errors=1)\\n\\nTest Report Analysis:\\nThe test script has produced an error due to a NameError. The function 'even_Power_Sum' is not defined, which caused the test to fail.\\n\\nConclusion:\\nAs per the test report analysis, the code has failed the tests.\\n\\nExample:\\nInput: even_Power_Sum(2)\\nExpected Output: 1056\\n\\nCode Test Failed\", \"Question\": \"The original code has some bugs, according to the test report and suggestions, rewrite the code. Complete the following code:\\ndef even_Power_Sum(n): \\n'''Write a python function that takes in an integer n and finds the sum of the first n even natural numbers that are raised to the fifth power.\\nassert even_Power_Sum(2) == 1056'''\\n\"}",
    "Code1": "def even_power_sum(n):\n    '''\n    Write a python function that takes in an integer n and finds the sum of the first n even natural numbers that are raised to the fifth power.\n    assert even_power_sum(2) == 1056\n    '''\n    if n <= 0:\n        return 0\n    else:\n        total_sum = 0\n        for i in range(1, n+1):\n            total_sum += (2*i)**5\n        return total_sum",
    "ScriptResult1": "E\n======================================================================\nERROR: test (__main__.Test)\n----------------------------------------------------------------------\nTraceback (most recent call last):\n  File \"/Users/watch/PycharmProjects/XXXX-1-LLM/workspace/2024-03-10_21-14-57-570394/test_script.py\", line 17, in test\n    self.assertEqual(even_Power_Sum(2), 1056)\nNameError: name 'even_Power_Sum' is not defined\n\n----------------------------------------------------------------------\nRan 1 test in 0.000s\n\nFAILED (errors=1)\n",
    "TestReport1": "Test Report:\n\n- Test Script Output:\n    E\n    ======================================================================\n    ERROR: test (__main__.Test)\n    ----------------------------------------------------------------------\n    Traceback (most recent call last):\n      File \"/Users/watch/PycharmProjects/XXXX-1-LLM/workspace/2024-03-10_21-14-57-570394/test_script.py\", line 17, in test\n        self.assertEqual(even_Power_Sum(2), 1056)\n    NameError: name 'even_Power_Sum' is not defined\n\n    ----------------------------------------------------------------------\n    Ran 1 test in 0.000s\n\n    FAILED (errors=1)\n\n- Test Analysis:\n    The test script encountered an error due to the 'even_Power_Sum' function not being defined, resulting in a failed test.\n\n- Conclusion:\n    Code Test Failed\n\n- Input and Expected Output Example:\n    Input: even_Power_Sum(2)\n    Expected Output: 1056\n\nNote: An error occurred as the function 'even_Power_Sum' was not defined, leading to the failure of the test. The test report indicates that the code has failed the tests.",
    "RepairResponse2": "{\n  \"revised_code\": \"def even_power_sum(n):\\n    '''\\n    Write a python function that takes in an integer n and finds the sum of the first n even natural numbers that are raised to the fifth power.\\n    assert even_power_sum(2) == 1056\\n    '''\\n    if n <= 0:\\n        return 0\\n    else:\\n        total_sum = 0\\n        for i in range(1, n+1):\\n            total_sum += (2*i)**5\\n        return total_sum\\n\"\n}",
    "RepairResponse2_prompt": "{\"Role\": \"You are a professional software engineer. Your duty is to write code in Python that meets the requirements. Ensure that the code you write is efficient, readable, and follows best practices. Remember, do not need to explain the code you wrote.\", \"Instruction\": \"1. Rewrite a bug fix version of the original code. 2. Response in JSON format.\", \"Example\": \"{\\\"revised_code\\\":\\\"...\\\"}\", \"Context\": \"# the original code:\\ndef even_power_sum(n):\\n    '''\\n    Write a python function that takes in an integer n and finds the sum of the first n even natural numbers that are raised to the fifth power.\\n    assert even_power_sum(2) == 1056\\n    '''\\n    if n <= 0:\\n        return 0\\n    else:\\n        total_sum = 0\\n        for i in range(1, n+1):\\n            total_sum += (2*i)**5\\n        return total_sum\\n# test report:\\nTest Report:\\n\\n- Test Script Output:\\n    E\\n    ======================================================================\\n    ERROR: test (__main__.Test)\\n    ----------------------------------------------------------------------\\n    Traceback (most recent call last):\\n      File \\\"/Users/watch/PycharmProjects/XXXX-1-LLM/workspace/2024-03-10_21-14-57-570394/test_script.py\\\", line 17, in test\\n        self.assertEqual(even_Power_Sum(2), 1056)\\n    NameError: name 'even_Power_Sum' is not defined\\n\\n    ----------------------------------------------------------------------\\n    Ran 1 test in 0.000s\\n\\n    FAILED (errors=1)\\n\\n- Test Analysis:\\n    The test script encountered an error due to the 'even_Power_Sum' function not being defined, resulting in a failed test.\\n\\n- Conclusion:\\n    Code Test Failed\\n\\n- Input and Expected Output Example:\\n    Input: even_Power_Sum(2)\\n    Expected Output: 1056\\n\\nNote: An error occurred as the function 'even_Power_Sum' was not defined, leading to the failure of the test. The test report indicates that the code has failed the tests.\", \"Question\": \"The original code has some bugs, according to the test report and suggestions, rewrite the code. Complete the following code:\\ndef even_Power_Sum(n): \\n'''Write a python function that takes in an integer n and finds the sum of the first n even natural numbers that are raised to the fifth power.\\nassert even_Power_Sum(2) == 1056'''\\n\"}",
    "Code2": "def even_power_sum(n):\n    '''\n    Write a python function that takes in an integer n and finds the sum of the first n even natural numbers that are raised to the fifth power.\n    assert even_power_sum(2) == 1056\n    '''\n    if n <= 0:\n        return 0\n    else:\n        total_sum = 0\n        for i in range(1, n+1):\n            total_sum += (2*i)**5\n        return total_sum\n",
    "ScriptResult2": "E\n======================================================================\nERROR: test (__main__.Test)\n----------------------------------------------------------------------\nTraceback (most recent call last):\n  File \"/Users/watch/PycharmProjects/XXXX-1-LLM/workspace/2024-03-10_21-14-57-570394/test_script.py\", line 18, in test\n    self.assertEqual(even_Power_Sum(2), 1056)\nNameError: name 'even_Power_Sum' is not defined\n\n----------------------------------------------------------------------\nRan 1 test in 0.000s\n\nFAILED (errors=1)\n",
    "TestReport2": "Test Report:\n\nTest Script Output:\n======================================================================\nERROR: test (__main__.Test)\n----------------------------------------------------------------------\nTraceback (most recent call last):\n  File \"/Users/watch/PycharmProjects/XXXX-1-LLM/workspace/2024-03-10_21-14-57-570394/test_script.py\", line 18, in test\n    self.assertEqual(even_Power_Sum(2), 1056)\nNameError: name 'even_Power_Sum' is not defined\n\n----------------------------------------------------------------------\nRan 1 test in 0.000s\n\nFAILED (errors=1)\n\nTest Report Analysis:\nThe test script has failed with an error. The function 'even_Power_Sum' is not defined, which resulted in the test case failing.\n\nConclusion:\nCode Test Failed\nInput and Expected Output Example:\nInput: even_Power_Sum(2)\nExpected Output: 1056\n\nRecommendations:\nThe 'even_Power_Sum' function needs to be defined in the code to pass the test. Further debugging and testing are required to resolve this issue.\n\nSigned,\n[Your Name]\nQuality Assurance Engineer",
    "FinalCode": "def even_power_sum(n):\n    '''\n    Write a python function that takes in an integer n and finds the sum of the first n even natural numbers that are raised to the fifth power.\n    assert even_power_sum(2) == 1056\n    '''\n    if n <= 0:\n        return 0\n    else:\n        total_sum = 0\n        for i in range(1, n+1):\n            total_sum += (2*i)**5\n        return total_sum\n"
}