{
    "HumanEval/0": ".\n----------------------------------------------------------------------\nRan 1 test in 0.000s\n\nOK\n",
    "HumanEval/1": "F\n======================================================================\nFAIL: test (__main__.Test)\n----------------------------------------------------------------------\nTraceback (most recent call last):\n  File \"/Users/watch/PycharmProjects/XXXX-1-LLM/Temps/ET-extra-test/test_scripts/test1.py\", line 30, in test\n    assert separate_paren_groups(\"(()())(()())(())\") == ['(()())', '(()())', '(())']\nAssertionError\n\n----------------------------------------------------------------------\nRan 1 test in 0.000s\n\nFAILED (failures=1)\n",
    "HumanEval/2": ".\n----------------------------------------------------------------------\nRan 1 test in 0.000s\n\nOK\n",
    "HumanEval/3": ".\n----------------------------------------------------------------------\nRan 1 test in 0.000s\n\nOK\n",
    "HumanEval/4": ".\n----------------------------------------------------------------------\nRan 1 test in 0.000s\n\nOK\n",
    "HumanEval/5": ".\n----------------------------------------------------------------------\nRan 1 test in 0.000s\n\nOK\n",
    "HumanEval/6": "F\n======================================================================\nFAIL: test (__main__.Test)\n----------------------------------------------------------------------\nTraceback (most recent call last):\n  File \"/Users/watch/PycharmProjects/XXXX-1-LLM/Temps/ET-extra-test/test_scripts/test6.py\", line 20, in test\n    assert parse_nested_parens(\"((())()()) (()()) ((())) (((()))) (((()))) (()) ()\") == [3, 2, 3, 4, 4, 2, 1]\nAssertionError\n\n----------------------------------------------------------------------\nRan 1 test in 0.000s\n\nFAILED (failures=1)\n",
    "HumanEval/7": ".\n----------------------------------------------------------------------\nRan 1 test in 0.000s\n\nOK\n",
    "HumanEval/8": ".\n----------------------------------------------------------------------\nRan 1 test in 0.000s\n\nOK\n",
    "HumanEval/9": ".\n----------------------------------------------------------------------\nRan 1 test in 0.000s\n\nOK\n",
    "HumanEval/13": ".\n----------------------------------------------------------------------\nRan 1 test in 0.000s\n\nOK\n",
    "HumanEval/14": ".\n----------------------------------------------------------------------\nRan 1 test in 0.000s\n\nOK\n",
    "HumanEval/10": ".\n----------------------------------------------------------------------\nRan 1 test in 0.000s\n\nOK\n",
    "HumanEval/11": "E\n======================================================================\nERROR: test (__main__.Test)\n----------------------------------------------------------------------\nTraceback (most recent call last):\n  File \"/Users/watch/PycharmProjects/XXXX-1-LLM/Temps/ET-extra-test/test_scripts/test11.py\", line 26, in test\n    assert string_xor('9899538', '0376864') == '1111111'\n  File \"/Users/watch/PycharmProjects/XXXX-1-LLM/Temps/ET-extra-test/test_scripts/test11.py\", line 11, in string_xor\n    raise ValueError(\"Input strings should consist only of 1s and 0s\")\nValueError: Input strings should consist only of 1s and 0s\n\n----------------------------------------------------------------------\nRan 1 test in 0.000s\n\nFAILED (errors=1)\n",
    "HumanEval/12": ".\n----------------------------------------------------------------------\nRan 1 test in 0.000s\n\nOK\n",
    "HumanEval/15": ".\n----------------------------------------------------------------------\nRan 1 test in 0.000s\n\nOK\n",
    "HumanEval/16": ".\n----------------------------------------------------------------------\nRan 1 test in 0.000s\n\nOK\n",
    "HumanEval/17": "E\n======================================================================\nERROR: test (__main__.Test)\n----------------------------------------------------------------------\nTraceback (most recent call last):\n  File \"/Users/watch/PycharmProjects/XXXX-1-LLM/Temps/ET-extra-test/test_scripts/test17.py\", line 122, in test\n    assert parse_music('') == []\n  File \"/Users/watch/PycharmProjects/XXXX-1-LLM/Temps/ET-extra-test/test_scripts/test17.py\", line 23, in parse_music\n    raise ValueError(\"Input string cannot be empty\")\nValueError: Input string cannot be empty\n\n----------------------------------------------------------------------\nRan 1 test in 0.000s\n\nFAILED (errors=1)\n",
    "HumanEval/18": "F\n======================================================================\nFAIL: test (__main__.Test)\n----------------------------------------------------------------------\nTraceback (most recent call last):\n  File \"/Users/watch/PycharmProjects/XXXX-1-LLM/Temps/ET-extra-test/test_scripts/test18.py\", line 36, in test\n    assert how_many_times('z', '') == 2\nAssertionError\n\n----------------------------------------------------------------------\nRan 1 test in 0.000s\n\nFAILED (failures=1)\n",
    "HumanEval/19": ".\n----------------------------------------------------------------------\nRan 1 test in 0.000s\n\nOK\n",
    "HumanEval/20": ".\n----------------------------------------------------------------------\nRan 1 test in 0.000s\n\nOK\n",
    "HumanEval/21": ".\n----------------------------------------------------------------------\nRan 1 test in 0.000s\n\nOK\n",
    "HumanEval/22": ".\n----------------------------------------------------------------------\nRan 1 test in 0.000s\n\nOK\n",
    "HumanEval/23": "Input must be a non-empty string\n0\n3\nInput must be a non-empty string\n.\n----------------------------------------------------------------------\nRan 1 test in 0.000s\n\nOK\n",
    "HumanEval/24": ".\n----------------------------------------------------------------------\nRan 1 test in 0.000s\n\nOK\n",
    "HumanEval/25": "[2, 2, 2]\n[5, 5]\n[2, 5, 7]\n.\n----------------------------------------------------------------------\nRan 1 test in 0.022s\n\nOK\n",
    "HumanEval/26": "F\n======================================================================\nFAIL: test (__main__.Test)\n----------------------------------------------------------------------\nTraceback (most recent call last):\n  File \"/Users/watch/PycharmProjects/XXXX-1-LLM/Temps/ET-extra-test/test_scripts/test26.py\", line 18, in test\n    assert remove_duplicates([1, 2, 3, 2, 4, 3, 5]) == [1, 4, 5]\nAssertionError\n\n----------------------------------------------------------------------\nRan 1 test in 0.000s\n\nFAILED (failures=1)\n",
    "HumanEval/27": ".\n----------------------------------------------------------------------\nRan 1 test in 0.000s\n\nOK\n",
    "HumanEval/28": ".\n----------------------------------------------------------------------\nRan 1 test in 0.000s\n\nOK\n",
    "HumanEval/29": ".\n----------------------------------------------------------------------\nRan 1 test in 0.000s\n\nOK\n",
    "HumanEval/30": ".\n----------------------------------------------------------------------\nRan 1 test in 0.000s\n\nOK\n",
    "HumanEval/31": ".\n----------------------------------------------------------------------\nRan 1 test in 0.000s\n\nOK\n",
    "HumanEval/32": "TimeOut",
    "HumanEval/33": "F\n======================================================================\nFAIL: test (__main__.Test)\n----------------------------------------------------------------------\nTraceback (most recent call last):\n  File \"/Users/watch/PycharmProjects/XXXX-1-LLM/Temps/ET-extra-test/test_scripts/test33.py\", line 15, in test\n    assert sort_third([4, 11, 7, 4, 13, 12, 6]) == [4, 11, 7, 4, 13, 12, 6]\nAssertionError\n\n----------------------------------------------------------------------\nRan 1 test in 0.000s\n\nFAILED (failures=1)\n",
    "HumanEval/34": ".\n----------------------------------------------------------------------\nRan 1 test in 0.000s\n\nOK\n",
    "HumanEval/35": ".\n----------------------------------------------------------------------\nRan 1 test in 0.000s\n\nOK\n",
    "HumanEval/36": "F\n======================================================================\nFAIL: test (__main__.Test)\n----------------------------------------------------------------------\nTraceback (most recent call last):\n  File \"/Users/watch/PycharmProjects/XXXX-1-LLM/Temps/ET-extra-test/test_scripts/test36.py\", line 14, in test\n    assert fizz_buzz(99862) == 8022\nAssertionError\n\n----------------------------------------------------------------------\nRan 1 test in 0.006s\n\nFAILED (failures=1)\n",
    "HumanEval/37": ".\n----------------------------------------------------------------------\nRan 1 test in 0.000s\n\nOK\n",
    "HumanEval/38": "F\n======================================================================\nFAIL: test (__main__.Test)\n----------------------------------------------------------------------\nTraceback (most recent call last):\n  File \"/Users/watch/PycharmProjects/XXXX-1-LLM/Temps/ET-extra-test/test_scripts/test38.py\", line 26, in test\n    assert decode_cyclic(\"e=!@/xqg_^\") == '!e=x@/_qg^'\nAssertionError\n\n----------------------------------------------------------------------\nRan 1 test in 0.000s\n\nFAILED (failures=1)\n",
    "HumanEval/39": "TimeOut",
    "HumanEval/40": ".\n----------------------------------------------------------------------\nRan 1 test in 0.000s\n\nOK\n",
    "HumanEval/41": "F\n======================================================================\nFAIL: test (__main__.Test)\n----------------------------------------------------------------------\nTraceback (most recent call last):\n  File \"/Users/watch/PycharmProjects/XXXX-1-LLM/Temps/ET-extra-test/test_scripts/test41.py\", line 9, in test\n    assert car_race_collision(79) == 6241\nAssertionError\n\n----------------------------------------------------------------------\nRan 1 test in 0.000s\n\nFAILED (failures=1)\n",
    "HumanEval/42": ".\n----------------------------------------------------------------------\nRan 1 test in 0.000s\n\nOK\n",
    "HumanEval/43": ".\n----------------------------------------------------------------------\nRan 1 test in 0.000s\n\nOK\n",
    "HumanEval/44": "E\n======================================================================\nERROR: test (__main__.Test)\n----------------------------------------------------------------------\nTraceback (most recent call last):\n  File \"/Users/watch/PycharmProjects/XXXX-1-LLM/Temps/ET-extra-test/test_scripts/test44.py\", line 86, in test\n    assert change_base(x, x + 1) == str(x)\nNameError: name 'x' is not defined\n\n----------------------------------------------------------------------\nRan 1 test in 0.000s\n\nFAILED (errors=1)\n",
    "HumanEval/45": ".\n----------------------------------------------------------------------\nRan 1 test in 0.000s\n\nOK\n",
    "HumanEval/46": ".\n----------------------------------------------------------------------\nRan 1 test in 0.001s\n\nOK\n",
    "HumanEval/47": ".\n----------------------------------------------------------------------\nRan 1 test in 0.000s\n\nOK\n",
    "HumanEval/48": ".\n----------------------------------------------------------------------\nRan 1 test in 0.000s\n\nOK\n",
    "HumanEval/49": ".\n----------------------------------------------------------------------\nRan 1 test in 0.000s\n\nOK\n",
    "HumanEval/50": "F\n======================================================================\nFAIL: test (__main__.Test)\n----------------------------------------------------------------------\nTraceback (most recent call last):\n  File \"/Users/watch/PycharmProjects/XXXX-1-LLM/Temps/ET-extra-test/test_scripts/test50.py\", line 20, in test\n    assert decode_shift(\"ce#wkoapw.[bev%^o=bgyd+lvczhy)\") == 'xzlrfjvkrwpwzqnsjlwbtytgqxuctr'\nAssertionError\n\n----------------------------------------------------------------------\nRan 1 test in 0.000s\n\nFAILED (failures=1)\n",
    "HumanEval/51": ".\n----------------------------------------------------------------------\nRan 1 test in 0.000s\n\nOK\n",
    "HumanEval/52": ".\n----------------------------------------------------------------------\nRan 1 test in 0.000s\n\nOK\n",
    "HumanEval/53": "E\n======================================================================\nERROR: test (__main__.Test)\n----------------------------------------------------------------------\nTraceback (most recent call last):\n  File \"/Users/watch/PycharmProjects/XXXX-1-LLM/Temps/ET-extra-test/test_scripts/test53.py\", line 27, in test\n    assert add(x, y) == x + y\nNameError: name 'x' is not defined\n\n----------------------------------------------------------------------\nRan 1 test in 0.000s\n\nFAILED (errors=1)\n",
    "HumanEval/54": ".\n----------------------------------------------------------------------\nRan 1 test in 0.000s\n\nOK\n",
    "HumanEval/55": ".\n----------------------------------------------------------------------\nRan 1 test in 0.000s\n\nOK\n",
    "HumanEval/56": "F\n======================================================================\nFAIL: test (__main__.Test)\n----------------------------------------------------------------------\nTraceback (most recent call last):\n  File \"/Users/watch/PycharmProjects/XXXX-1-LLM/Temps/ET-extra-test/test_scripts/test56.py\", line 20, in test\n    assert correct_bracketing(\"<>\") == True\nAssertionError\n\n----------------------------------------------------------------------\nRan 1 test in 0.000s\n\nFAILED (failures=1)\n",
    "HumanEval/57": ".\n----------------------------------------------------------------------\nRan 1 test in 0.000s\n\nOK\n",
    "HumanEval/58": ".\n----------------------------------------------------------------------\nRan 1 test in 0.000s\n\nOK\n",
    "HumanEval/59": ".\n----------------------------------------------------------------------\nRan 1 test in 0.171s\n\nOK\n",
    "HumanEval/60": ".\n----------------------------------------------------------------------\nRan 1 test in 0.000s\n\nOK\n",
    "HumanEval/61": ".\n----------------------------------------------------------------------\nRan 1 test in 0.000s\n\nOK\n",
    "HumanEval/62": "E\n======================================================================\nERROR: test (__main__.Test)\n----------------------------------------------------------------------\nTraceback (most recent call last):\n  File \"/Users/watch/PycharmProjects/XXXX-1-LLM/Temps/ET-extra-test/test_scripts/test62.py\", line 62, in test\n    assert derivative([1]) == []\n  File \"/Users/watch/PycharmProjects/XXXX-1-LLM/Temps/ET-extra-test/test_scripts/test62.py\", line 6, in derivative\n    raise ValueError(\"Input list must not be empty and contain numeric values only\")\nValueError: Input list must not be empty and contain numeric values only\n\n----------------------------------------------------------------------\nRan 1 test in 0.000s\n\nFAILED (errors=1)\n",
    "HumanEval/63": ".\n----------------------------------------------------------------------\nRan 1 test in 0.000s\n\nOK\n",
    "HumanEval/64": "F\n======================================================================\nFAIL: test (__main__.Test)\n----------------------------------------------------------------------\nTraceback (most recent call last):\n  File \"/Users/watch/PycharmProjects/XXXX-1-LLM/Temps/ET-extra-test/test_scripts/test64.py\", line 47, in test\n    assert vowels_count(\"zxey\") == 2\nAssertionError\n\n----------------------------------------------------------------------\nRan 1 test in 0.000s\n\nFAILED (failures=1)\n",
    "HumanEval/65": ".\n----------------------------------------------------------------------\nRan 1 test in 0.000s\n\nOK\n",
    "HumanEval/66": ".\n----------------------------------------------------------------------\nRan 1 test in 0.000s\n\nOK\n",
    "HumanEval/67": "8\n2\n95\n19\n.\n----------------------------------------------------------------------\nRan 1 test in 0.000s\n\nOK\n",
    "HumanEval/68": ".\n----------------------------------------------------------------------\nRan 1 test in 0.000s\n\nOK\n",
    "HumanEval/69": "F\n======================================================================\nFAIL: test (__main__.Test)\n----------------------------------------------------------------------\nTraceback (most recent call last):\n  File \"/Users/watch/PycharmProjects/XXXX-1-LLM/Temps/ET-extra-test/test_scripts/test69.py\", line 31, in test\n    assert search([9, 1, 4, 1, 6, 6, 4, 2, 2, 6, 9, 12, 4, 14, 4, 6, 2, 4, 4, 2, 6, 6, 10, 10, 6, 2, 3, 14, 8, 6]) == 6\nAssertionError\n\n----------------------------------------------------------------------\nRan 1 test in 0.000s\n\nFAILED (failures=1)\n",
    "HumanEval/70": ".\n----------------------------------------------------------------------\nRan 1 test in 0.000s\n\nOK\n",
    "HumanEval/71": ".\n----------------------------------------------------------------------\nRan 1 test in 0.000s\n\nOK\n",
    "HumanEval/72": ".\n----------------------------------------------------------------------\nRan 1 test in 0.000s\n\nOK\n",
    "HumanEval/73": ".\n----------------------------------------------------------------------\nRan 1 test in 0.000s\n\nOK\n",
    "HumanEval/74": ".\n----------------------------------------------------------------------\nRan 1 test in 0.000s\n\nOK\n",
    "HumanEval/75": "F\n======================================================================\nFAIL: test (__main__.Test)\n----------------------------------------------------------------------\nTraceback (most recent call last):\n  File \"/Users/watch/PycharmProjects/XXXX-1-LLM/Temps/ET-extra-test/test_scripts/test75.py\", line 45, in test\n    assert is_multiply_prime(894) == False\nAssertionError\n\n----------------------------------------------------------------------\nRan 1 test in 0.000s\n\nFAILED (failures=1)\n",
    "HumanEval/76": ".\n----------------------------------------------------------------------\nRan 1 test in 0.000s\n\nOK\n",
    "HumanEval/77": "E\n======================================================================\nERROR: test (__main__.Test)\n----------------------------------------------------------------------\nTraceback (most recent call last):\n  File \"/Users/watch/PycharmProjects/XXXX-1-LLM/Temps/ET-extra-test/test_scripts/test77.py\", line 97, in test\n    assert iscube(-1) == True, \"Third test error: \" + str(iscube(-1))\n  File \"/Users/watch/PycharmProjects/XXXX-1-LLM/Temps/ET-extra-test/test_scripts/test77.py\", line 20, in iscube\n    return round(cube_root) ** 3 == a\nTypeError: type complex doesn't define __round__ method\n\n----------------------------------------------------------------------\nRan 1 test in 0.000s\n\nFAILED (errors=1)\n",
    "HumanEval/78": "F\n======================================================================\nFAIL: test (__main__.Test)\n----------------------------------------------------------------------\nTraceback (most recent call last):\n  File \"/Users/watch/PycharmProjects/XXXX-1-LLM/Temps/ET-extra-test/test_scripts/test78.py\", line 18, in test\n    assert hex_key(\"CWC8QDL29\") == 2\nAssertionError\n\n----------------------------------------------------------------------\nRan 1 test in 0.000s\n\nFAILED (failures=1)\n",
    "HumanEval/79": "F\n======================================================================\nFAIL: test (__main__.Test)\n----------------------------------------------------------------------\nTraceback (most recent call last):\n  File \"/Users/watch/PycharmProjects/XXXX-1-LLM/Temps/ET-extra-test/test_scripts/test79.py\", line 34, in test\n    assert decimal_to_binary(0) == \"db0db\"\nAssertionError\n\n----------------------------------------------------------------------\nRan 1 test in 0.000s\n\nFAILED (failures=1)\n",
    "HumanEval/80": ".\n----------------------------------------------------------------------\nRan 1 test in 0.000s\n\nOK\n",
    "HumanEval/81": "F\n======================================================================\nFAIL: test (__main__.Test)\n----------------------------------------------------------------------\nTraceback (most recent call last):\n  File \"/Users/watch/PycharmProjects/XXXX-1-LLM/Temps/ET-extra-test/test_scripts/test81.py\", line 54, in test\n    assert numerical_letter_grade([6.042, 3, 5.935, 5, 5.423]) == ['A', 'B', 'A', 'A', 'A']\nAssertionError\n\n----------------------------------------------------------------------\nRan 1 test in 0.000s\n\nFAILED (failures=1)\n",
    "HumanEval/82": ".\n----------------------------------------------------------------------\nRan 1 test in 0.000s\n\nOK\n",
    "HumanEval/83": "TimeOut",
    "HumanEval/84": "F\n======================================================================\nFAIL: test (__main__.Test)\n----------------------------------------------------------------------\nTraceback (most recent call last):\n  File \"/Users/watch/PycharmProjects/XXXX-1-LLM/Temps/ET-extra-test/test_scripts/test84.py\", line 14, in test\n    assert solve(8319) == '10101'\nAssertionError\n\n----------------------------------------------------------------------\nRan 1 test in 0.000s\n\nFAILED (failures=1)\n",
    "HumanEval/85": ".\n----------------------------------------------------------------------\nRan 1 test in 0.000s\n\nOK\n",
    "HumanEval/86": ".\n----------------------------------------------------------------------\nRan 1 test in 0.000s\n\nOK\n",
    "HumanEval/87": ".\n----------------------------------------------------------------------\nRan 1 test in 0.000s\n\nOK\n",
    "HumanEval/88": ".\n----------------------------------------------------------------------\nRan 1 test in 0.000s\n\nOK\n",
    "HumanEval/89": ".\n----------------------------------------------------------------------\nRan 1 test in 0.000s\n\nOK\n",
    "HumanEval/90": ".\n----------------------------------------------------------------------\nRan 1 test in 0.000s\n\nOK\n",
    "HumanEval/91": "F\n======================================================================\nFAIL: test (__main__.Test)\n----------------------------------------------------------------------\nTraceback (most recent call last):\n  File \"/Users/watch/PycharmProjects/XXXX-1-LLM/Temps/ET-extra-test/test_scripts/test91.py\", line 21, in test\n    assert is_bored(\"Hello I sky blue? I\") == 0\nAssertionError\n\n----------------------------------------------------------------------\nRan 1 test in 0.000s\n\nFAILED (failures=1)\n",
    "HumanEval/92": ".\n----------------------------------------------------------------------\nRan 1 test in 0.000s\n\nOK\n",
    "HumanEval/93": ".\n----------------------------------------------------------------------\nRan 1 test in 0.000s\n\nOK\n",
    "HumanEval/94": "E\n======================================================================\nERROR: test (__main__.Test)\n----------------------------------------------------------------------\nTraceback (most recent call last):\n  File \"/Users/watch/PycharmProjects/XXXX-1-LLM/Temps/ET-extra-test/test_scripts/test94.py\", line 25, in test\n    assert skjkasdkd([0,81,12,3,1,21]) == 3\nNameError: name 'skjkasdkd' is not defined\n\n----------------------------------------------------------------------\nRan 1 test in 0.000s\n\nFAILED (errors=1)\n",
    "HumanEval/95": ".\n----------------------------------------------------------------------\nRan 1 test in 0.000s\n\nOK\n",
    "HumanEval/96": ".\n----------------------------------------------------------------------\nRan 1 test in 0.016s\n\nOK\n",
    "HumanEval/97": "F\n======================================================================\nFAIL: test (__main__.Test)\n----------------------------------------------------------------------\nTraceback (most recent call last):\n  File \"/Users/watch/PycharmProjects/XXXX-1-LLM/Temps/ET-extra-test/test_scripts/test97.py\", line 31, in test\n    assert multiply(18, -17) == 24\nAssertionError\n\n----------------------------------------------------------------------\nRan 1 test in 0.000s\n\nFAILED (failures=1)\n",
    "HumanEval/98": ".\n----------------------------------------------------------------------\nRan 1 test in 0.000s\n\nOK\n",
    "HumanEval/99": "F\n======================================================================\nFAIL: test (__main__.Test)\n----------------------------------------------------------------------\nTraceback (most recent call last):\n  File \"/Users/watch/PycharmProjects/XXXX-1-LLM/Temps/ET-extra-test/test_scripts/test99.py\", line 59, in test\n    assert closest_integer(\"-15.5\") == -16, \"Test 3\"\nAssertionError: Test 3\n\n----------------------------------------------------------------------\nRan 1 test in 0.000s\n\nFAILED (failures=1)\n",
    "HumanEval/100": "F\n======================================================================\nFAIL: test (__main__.Test)\n----------------------------------------------------------------------\nTraceback (most recent call last):\n  File \"/Users/watch/PycharmProjects/XXXX-1-LLM/Temps/ET-extra-test/test_scripts/test100.py\", line 21, in test\n    assert make_a_pile(7) == [7, 9, 11, 13, 15, 17, 19]\nAssertionError\n\n----------------------------------------------------------------------\nRan 1 test in 0.000s\n\nFAILED (failures=1)\n",
    "HumanEval/101": ".\n----------------------------------------------------------------------\nRan 1 test in 0.000s\n\nOK\n",
    "HumanEval/102": ".\n----------------------------------------------------------------------\nRan 1 test in 0.003s\n\nOK\n",
    "HumanEval/103": ".\n----------------------------------------------------------------------\nRan 1 test in 0.001s\n\nOK\n",
    "HumanEval/104": ".\n----------------------------------------------------------------------\nRan 1 test in 0.000s\n\nOK\n",
    "HumanEval/105": ".\n----------------------------------------------------------------------\nRan 1 test in 0.000s\n\nOK\n",
    "HumanEval/106": ".\n----------------------------------------------------------------------\nRan 1 test in 0.000s\n\nOK\n",
    "HumanEval/107": ".\n----------------------------------------------------------------------\nRan 1 test in 0.015s\n\nOK\n",
    "HumanEval/108": "F\n======================================================================\nFAIL: test (__main__.Test)\n----------------------------------------------------------------------\nTraceback (most recent call last):\n  File \"/Users/watch/PycharmProjects/XXXX-1-LLM/Temps/ET-extra-test/test_scripts/test108.py\", line 23, in test\n    assert count_nums([-2, -5, 1]) == 1\nAssertionError\n\n----------------------------------------------------------------------\nRan 1 test in 0.000s\n\nFAILED (failures=1)\n",
    "HumanEval/109": ".\n----------------------------------------------------------------------\nRan 1 test in 0.000s\n\nOK\n",
    "HumanEval/110": "F\n======================================================================\nFAIL: test (__main__.Test)\n----------------------------------------------------------------------\nTraceback (most recent call last):\n  File \"/Users/watch/PycharmProjects/XXXX-1-LLM/Temps/ET-extra-test/test_scripts/test110.py\", line 14, in test\n    assert exchange([2, 7, 8, 8], [1, 8, 6, 7]) == 'YES'\nAssertionError\n\n----------------------------------------------------------------------\nRan 1 test in 0.000s\n\nFAILED (failures=1)\n",
    "HumanEval/111": "F\n======================================================================\nFAIL: test (__main__.Test)\n----------------------------------------------------------------------\nTraceback (most recent call last):\n  File \"/Users/watch/PycharmProjects/XXXX-1-LLM/Temps/ET-extra-test/test_scripts/test111.py\", line 18, in test\n    assert histogram(\"hqfrif u\") == {'hqfrif': 1, 'u': 1}\nAssertionError\n\n----------------------------------------------------------------------\nRan 1 test in 0.000s\n\nFAILED (failures=1)\n",
    "HumanEval/112": ".\n----------------------------------------------------------------------\nRan 1 test in 0.000s\n\nOK\n",
    "HumanEval/113": ".\n----------------------------------------------------------------------\nRan 1 test in 0.000s\n\nOK\n",
    "HumanEval/114": ".\n----------------------------------------------------------------------\nRan 1 test in 0.000s\n\nOK\n",
    "HumanEval/115": "F\n======================================================================\nFAIL: test (__main__.Test)\n----------------------------------------------------------------------\nTraceback (most recent call last):\n  File \"/Users/watch/PycharmProjects/XXXX-1-LLM/Temps/ET-extra-test/test_scripts/test115.py\", line 17, in test\n    assert max_fill([[1, 1, 5, 2], [4, 2, 4, 3], [1, 2, 5, 2]], 2) == 17\nAssertionError\n\n----------------------------------------------------------------------\nRan 1 test in 0.000s\n\nFAILED (failures=1)\n",
    "HumanEval/116": "F\n======================================================================\nFAIL: test (__main__.Test)\n----------------------------------------------------------------------\nTraceback (most recent call last):\n  File \"/Users/watch/PycharmProjects/XXXX-1-LLM/Temps/ET-extra-test/test_scripts/test116.py\", line 25, in test\n    assert sort_array([-4, -7, 0, -9, -1]) == [0, -4, -1, -9, -7]\nAssertionError\n\n----------------------------------------------------------------------\nRan 1 test in 0.000s\n\nFAILED (failures=1)\n",
    "HumanEval/117": ".\n----------------------------------------------------------------------\nRan 1 test in 0.000s\n\nOK\n",
    "HumanEval/118": "F\n======================================================================\nFAIL: test (__main__.Test)\n----------------------------------------------------------------------\nTraceback (most recent call last):\n  File \"/Users/watch/PycharmProjects/XXXX-1-LLM/Temps/ET-extra-test/test_scripts/test118.py\", line 31, in test\n    assert get_closest_vowel(\"rebqcy\") == 'e'\nAssertionError\n\n----------------------------------------------------------------------\nRan 1 test in 0.000s\n\nFAILED (failures=1)\n",
    "HumanEval/119": "F\n======================================================================\nFAIL: test (__main__.Test)\n----------------------------------------------------------------------\nTraceback (most recent call last):\n  File \"/Users/watch/PycharmProjects/XXXX-1-LLM/Temps/ET-extra-test/test_scripts/test119.py\", line 41, in test\n    assert match_parens((')())', '(()()(')) == 'Yes'\nAssertionError\n\n----------------------------------------------------------------------\nRan 1 test in 0.000s\n\nFAILED (failures=1)\n",
    "HumanEval/120": ".\n----------------------------------------------------------------------\nRan 1 test in 0.000s\n\nOK\n",
    "HumanEval/121": ".\n----------------------------------------------------------------------\nRan 1 test in 0.000s\n\nOK\n",
    "HumanEval/122": "F\n======================================================================\nFAIL: test (__main__.Test)\n----------------------------------------------------------------------\nTraceback (most recent call last):\n  File \"/Users/watch/PycharmProjects/XXXX-1-LLM/Temps/ET-extra-test/test_scripts/test122.py\", line 42, in test\n    assert add_elements([3], 4) == 3\nAssertionError\n\n----------------------------------------------------------------------\nRan 1 test in 0.000s\n\nFAILED (failures=1)\n",
    "HumanEval/123": "F\n======================================================================\nFAIL: test (__main__.Test)\n----------------------------------------------------------------------\nTraceback (most recent call last):\n  File \"/Users/watch/PycharmProjects/XXXX-1-LLM/Temps/ET-extra-test/test_scripts/test123.py\", line 38, in test\n    assert get_odd_collatz(12) == [1, 3, 5]\nAssertionError\n\n----------------------------------------------------------------------\nRan 1 test in 0.000s\n\nFAILED (failures=1)\n",
    "HumanEval/124": "F\n======================================================================\nFAIL: test (__main__.Test)\n----------------------------------------------------------------------\nTraceback (most recent call last):\n  File \"/Users/watch/PycharmProjects/XXXX-1-LLM/Temps/ET-extra-test/test_scripts/test124.py\", line 48, in test\n    assert valid_date(\"03-15-957\") == True\nAssertionError\n\n----------------------------------------------------------------------\nRan 1 test in 0.000s\n\nFAILED (failures=1)\n",
    "HumanEval/125": "F\n======================================================================\nFAIL: test (__main__.Test)\n----------------------------------------------------------------------\nTraceback (most recent call last):\n  File \"/Users/watch/PycharmProjects/concordia-LLM/Temps/ET-extra-test/test_scripts/test125.py\", line 28, in test\n    assert split_words(\"nqovy\") == 2\nAssertionError\n\n----------------------------------------------------------------------\nRan 1 test in 0.000s\n\nFAILED (failures=1)\n",
    "HumanEval/126": "F\n======================================================================\nFAIL: test (__main__.Test)\n----------------------------------------------------------------------\nTraceback (most recent call last):\n  File \"/Users/watch/PycharmProjects/XXXX-1-LLM/Temps/ET-extra-test/test_scripts/test126.py\", line 13, in test\n    assert is_sorted([1, 1, 3, 6, 7, 8]) == True\nAssertionError\n\n----------------------------------------------------------------------\nRan 1 test in 0.000s\n\nFAILED (failures=1)\n",
    "HumanEval/127": "F\n======================================================================\nFAIL: test (__main__.Test)\n----------------------------------------------------------------------\nTraceback (most recent call last):\n  File \"/Users/watch/PycharmProjects/XXXX-1-LLM/Temps/ET-extra-test/test_scripts/test127.py\", line 41, in test\n    assert intersection((-1, 6), (2, 5)) == 'YES'\nAssertionError\n\n----------------------------------------------------------------------\nRan 1 test in 0.000s\n\nFAILED (failures=1)\n",
    "HumanEval/128": ".\n----------------------------------------------------------------------\nRan 1 test in 0.000s\n\nOK\n",
    "HumanEval/129": "F\n======================================================================\nFAIL: test (__main__.Test)\n----------------------------------------------------------------------\nTraceback (most recent call last):\n  File \"/Users/watch/PycharmProjects/XXXX-1-LLM/Temps/ET-extra-test/test_scripts/test129.py\", line 29, in test\n    assert minPath([[13, 16, 6, 5], [2, 4, 15, 19], [3, 5, 1, 9], [2, 5, 10, 14]], 7) == [1, 5, 1, 5, 1, 5, 1]\nAssertionError\n\n----------------------------------------------------------------------\nRan 1 test in 0.000s\n\nFAILED (failures=1)\n",
    "HumanEval/130": "F\n======================================================================\nFAIL: test (__main__.Test)\n----------------------------------------------------------------------\nTraceback (most recent call last):\n  File \"/Users/watch/PycharmProjects/XXXX-1-LLM/Temps/ET-extra-test/test_scripts/test130.py\", line 20, in test\n    assert tri(4) == [1, 3, 2.0, 8.0, 3.0]\nAssertionError\n\n----------------------------------------------------------------------\nRan 1 test in 0.000s\n\nFAILED (failures=1)\n",
    "HumanEval/131": "F\n======================================================================\nFAIL: test (__main__.Test)\n----------------------------------------------------------------------\nTraceback (most recent call last):\n  File \"/Users/watch/PycharmProjects/XXXX-1-LLM/Temps/ET-extra-test/test_scripts/test131.py\", line 41, in test\n    assert digits(2621) == 1\nAssertionError\n\n----------------------------------------------------------------------\nRan 1 test in 0.000s\n\nFAILED (failures=1)\n",
    "HumanEval/132": "F\n======================================================================\nFAIL: test (__main__.Test)\n----------------------------------------------------------------------\nTraceback (most recent call last):\n  File \"/Users/watch/PycharmProjects/XXXX-1-LLM/Temps/ET-extra-test/test_scripts/test132.py\", line 20, in test\n    assert is_nested(\"][[[[]]\") == True\nAssertionError\n\n----------------------------------------------------------------------\nRan 1 test in 0.000s\n\nFAILED (failures=1)\n",
    "HumanEval/133": "F\n======================================================================\nFAIL: test (__main__.Test)\n----------------------------------------------------------------------\nTraceback (most recent call last):\n  File \"/Users/watch/PycharmProjects/XXXX-1-LLM/Temps/ET-extra-test/test_scripts/test133.py\", line 13, in test\n    assert sum_squares([5.997, 6, 3]) == 81\nAssertionError\n\n----------------------------------------------------------------------\nRan 1 test in 0.000s\n\nFAILED (failures=1)\n",
    "HumanEval/134": "F\n======================================================================\nFAIL: test (__main__.Test)\n----------------------------------------------------------------------\nTraceback (most recent call last):\n  File \"/Users/watch/PycharmProjects/XXXX-1-LLM/Temps/ET-extra-test/test_scripts/test134.py\", line 19, in test\n    assert check_if_last_char_is_a_letter(\"U U\") == True\nAssertionError\n\n----------------------------------------------------------------------\nRan 1 test in 0.000s\n\nFAILED (failures=1)\n",
    "HumanEval/135": "F\n======================================================================\nFAIL: test (__main__.Test)\n----------------------------------------------------------------------\nTraceback (most recent call last):\n  File \"/Users/watch/PycharmProjects/XXXX-1-LLM/Temps/ET-extra-test/test_scripts/test135.py\", line 17, in test\n    assert can_arrange([3, 2, 5, 9, 6, 10, 10, 9, 9]) == 7\nAssertionError\n\n----------------------------------------------------------------------\nRan 1 test in 0.000s\n\nFAILED (failures=1)\n",
    "HumanEval/136": ".\n----------------------------------------------------------------------\nRan 1 test in 0.000s\n\nOK\n",
    "HumanEval/137": "E\n======================================================================\nERROR: test (__main__.Test)\n----------------------------------------------------------------------\nTraceback (most recent call last):\n  File \"/Users/watch/PycharmProjects/XXXX-1-LLM/Temps/ET-extra-test/test_scripts/test137.py\", line 21, in test\n    assert compare_one(1, \"2,3\") == \"2,3\"\n  File \"/Users/watch/PycharmProjects/XXXX-1-LLM/Temps/ET-extra-test/test_scripts/test137.py\", line 6, in compare_one\n    a = a.replace(\",\", \".\")\nAttributeError: 'int' object has no attribute 'replace'\n\n----------------------------------------------------------------------\nRan 1 test in 0.000s\n\nFAILED (errors=1)\n",
    "HumanEval/138": ".\n----------------------------------------------------------------------\nRan 1 test in 0.000s\n\nOK\n",
    "HumanEval/139": ".\n----------------------------------------------------------------------\nRan 1 test in 0.000s\n\nOK\n",
    "HumanEval/140": "E\n======================================================================\nERROR: test (__main__.Test)\n----------------------------------------------------------------------\nTraceback (most recent call last):\n  File \"/Users/watch/PycharmProjects/XXXX-1-LLM/Temps/ET-extra-test/test_scripts/test140.py\", line 24, in test\n    assert fix_spaces(\"tDl\") == 'tDl'\n  File \"/Users/watch/PycharmProjects/XXXX-1-LLM/Temps/ET-extra-test/test_scripts/test140.py\", line 9, in fix_spaces\n    text = re.sub(r'\\t|\\n', '_', text)\nNameError: name 're' is not defined\n\n----------------------------------------------------------------------\nRan 1 test in 0.000s\n\nFAILED (errors=1)\n",
    "HumanEval/141": ".\n----------------------------------------------------------------------\nRan 1 test in 0.000s\n\nOK\n",
    "HumanEval/142": "F\n======================================================================\nFAIL: test (__main__.Test)\n----------------------------------------------------------------------\nTraceback (most recent call last):\n  File \"/Users/watch/PycharmProjects/XXXX-1-LLM/Temps/ET-extra-test/test_scripts/test142.py\", line 20, in test\n    assert sum_squares([-3, 2, 1, 2, 3, 5, 3, 2, -2]) == 51\nAssertionError\n\n----------------------------------------------------------------------\nRan 1 test in 0.000s\n\nFAILED (failures=1)\n",
    "HumanEval/143": ".\n----------------------------------------------------------------------\nRan 1 test in 0.000s\n\nOK\n",
    "HumanEval/144": ".\n----------------------------------------------------------------------\nRan 1 test in 0.000s\n\nOK\n",
    "HumanEval/145": "E\n======================================================================\nERROR: test (__main__.Test)\n----------------------------------------------------------------------\nTraceback (most recent call last):\n  File \"/Users/watch/PycharmProjects/XXXX-1-LLM/Temps/ET-extra-test/test_scripts/test145.py\", line 53, in test\n    assert order_by_points([1489, 428, 463, 140, 3, 424, 422, 57, 8, 37, 3107, 1, 53, 3, 46]) == [1, 3, 3, 140, 422, 8, 53, 424, 37, 46, 3107, 57, 463, 428, 1489]\n  File \"/Users/watch/PycharmProjects/XXXX-1-LLM/Temps/ET-extra-test/test_scripts/test145.py\", line 48, in order_by_points\n    merge_sort(nums)\n  File \"/Users/watch/PycharmProjects/XXXX-1-LLM/Temps/ET-extra-test/test_scripts/test145.py\", line 30, in merge_sort\n    if nums.index(left_half[i]) < nums.index(right_half[j]):\nValueError: 424 is not in list\n\n----------------------------------------------------------------------\nRan 1 test in 0.000s\n\nFAILED (errors=1)\n",
    "HumanEval/146": ".\n----------------------------------------------------------------------\nRan 1 test in 0.000s\n\nOK\n",
    "HumanEval/147": "1\n4\n36\n.\n----------------------------------------------------------------------\nRan 1 test in 2.754s\n\nOK\n",
    "HumanEval/148": ".\n----------------------------------------------------------------------\nRan 1 test in 0.000s\n\nOK\n",
    "HumanEval/149": ".\n----------------------------------------------------------------------\nRan 1 test in 0.000s\n\nOK\n",
    "HumanEval/150": ".\n----------------------------------------------------------------------\nRan 1 test in 0.000s\n\nOK\n",
    "HumanEval/151": "E\n======================================================================\nERROR: test (__main__.Test)\n----------------------------------------------------------------------\nTraceback (most recent call last):\n  File \"/Users/watch/PycharmProjects/XXXX-1-LLM/Temps/ET-extra-test/test_scripts/test151.py\", line 53, in test\n    assert double_the_difference(lst) == odd_sum\nNameError: name 'lst' is not defined\n\n----------------------------------------------------------------------\nRan 1 test in 0.000s\n\nFAILED (errors=1)\n",
    "HumanEval/152": ".\n----------------------------------------------------------------------\nRan 1 test in 0.000s\n\nOK\n",
    "HumanEval/153": ".\n----------------------------------------------------------------------\nRan 1 test in 0.001s\n\nOK\n",
    "HumanEval/154": "F\n======================================================================\nFAIL: test (__main__.Test)\n----------------------------------------------------------------------\nTraceback (most recent call last):\n  File \"/Users/watch/PycharmProjects/XXXX-1-LLM/Temps/ET-extra-test/test_scripts/test154.py\", line 13, in test\n    assert cycpattern_check('mswt', '') == True\nAssertionError\n\n----------------------------------------------------------------------\nRan 1 test in 0.000s\n\nFAILED (failures=1)\n",
    "HumanEval/155": "F\n======================================================================\nFAIL: test (__main__.Test)\n----------------------------------------------------------------------\nTraceback (most recent call last):\n  File \"/Users/watch/PycharmProjects/XXXX-1-LLM/Temps/ET-extra-test/test_scripts/test155.py\", line 34, in test\n    assert even_odd_count(0) == (1, 0)\nAssertionError\n\n----------------------------------------------------------------------\nRan 1 test in 0.000s\n\nFAILED (failures=1)\n",
    "HumanEval/156": ".\n----------------------------------------------------------------------\nRan 1 test in 0.000s\n\nOK\n",
    "HumanEval/157": ".\n----------------------------------------------------------------------\nRan 1 test in 0.000s\n\nOK\n",
    "HumanEval/158": ".\n----------------------------------------------------------------------\nRan 1 test in 0.000s\n\nOK\n",
    "HumanEval/159": "F\n======================================================================\nFAIL: test (__main__.Test)\n----------------------------------------------------------------------\nTraceback (most recent call last):\n  File \"/Users/watch/PycharmProjects/XXXX-1-LLM/Temps/ET-extra-test/test_scripts/test159.py\", line 15, in test\n    assert eat(5, 11, 12) == [16, 1]\nAssertionError\n\n----------------------------------------------------------------------\nRan 1 test in 0.000s\n\nFAILED (failures=1)\n",
    "HumanEval/160": ".\n----------------------------------------------------------------------\nRan 1 test in 0.001s\n\nOK\n",
    "HumanEval/161": ".\n----------------------------------------------------------------------\nRan 1 test in 0.000s\n\nOK\n",
    "HumanEval/162": ".\n----------------------------------------------------------------------\nRan 1 test in 0.000s\n\nOK\n",
    "HumanEval/163": "F\n======================================================================\nFAIL: test (__main__.Test)\n----------------------------------------------------------------------\nTraceback (most recent call last):\n  File \"/Users/watch/PycharmProjects/XXXX-1-LLM/Temps/ET-extra-test/test_scripts/test163.py\", line 15, in test\n    assert generate_integers(16, 88) == []\nAssertionError\n\n----------------------------------------------------------------------\nRan 1 test in 0.000s\n\nFAILED (failures=1)\n"
}