{
    "HumanEval/0": "F\n======================================================================\nFAIL: test (__main__.Test)\n----------------------------------------------------------------------\nTraceback (most recent call last):\n  File \"/Users/watch/PycharmProjects/XXXX-1-LLM/Temps/ET-extra-test/test_scripts/test0.py\", line 67, in test\n    assert has_close_elements([2.23, 5.08, 6.75, 5.08, 2.12], 0.10128793009561687) == True\nAssertionError\n\n----------------------------------------------------------------------\nRan 1 test in 0.000s\n\nFAILED (failures=1)\n",
    "HumanEval/1": ".\n----------------------------------------------------------------------\nRan 1 test in 0.000s\n\nOK\n",
    "HumanEval/2": "F\n======================================================================\nFAIL: test (__main__.Test)\n----------------------------------------------------------------------\nTraceback (most recent call last):\n  File \"/Users/watch/PycharmProjects/XXXX-1-LLM/Temps/ET-extra-test/test_scripts/test2.py\", line 9, in test\n    assert truncate_number(3.952) == 0.952\nAssertionError\n\n----------------------------------------------------------------------\nRan 1 test in 0.000s\n\nFAILED (failures=1)\n",
    "HumanEval/3": "E\n======================================================================\nERROR: test (__main__.Test)\n----------------------------------------------------------------------\nTraceback (most recent call last):\n  File \"/Users/watch/PycharmProjects/XXXX-1-LLM/Temps/ET-extra-test/test_scripts/test3.py\", line 96, in test\n    assert below_zero([]) == False\n  File \"/Users/watch/PycharmProjects/XXXX-1-LLM/Temps/ET-extra-test/test_scripts/test3.py\", line 17, in below_zero\n    raise ValueError(\"Input list must not be empty and must only contain integers\")\nValueError: Input list must not be empty and must only contain integers\n\n----------------------------------------------------------------------\nRan 1 test in 0.000s\n\nFAILED (errors=1)\n",
    "HumanEval/4": ".\n----------------------------------------------------------------------\nRan 1 test in 0.000s\n\nOK\n",
    "HumanEval/5": ".\n----------------------------------------------------------------------\nRan 1 test in 0.000s\n\nOK\n",
    "HumanEval/6": ".\n----------------------------------------------------------------------\nRan 1 test in 0.001s\n\nOK\n",
    "HumanEval/7": ".\n----------------------------------------------------------------------\nRan 1 test in 0.000s\n\nOK\n",
    "HumanEval/8": ".\n----------------------------------------------------------------------\nRan 1 test in 0.000s\n\nOK\n",
    "HumanEval/9": ".\n----------------------------------------------------------------------\nRan 1 test in 0.000s\n\nOK\n",
    "HumanEval/13": ".\n----------------------------------------------------------------------\nRan 1 test in 0.000s\n\nOK\n",
    "HumanEval/14": ".\n----------------------------------------------------------------------\nRan 1 test in 0.000s\n\nOK\n",
    "HumanEval/10": "F\n======================================================================\nFAIL: test (__main__.Test)\n----------------------------------------------------------------------\nTraceback (most recent call last):\n  File \"/Users/watch/PycharmProjects/XXXX-1-LLM/Temps/ET-extra-test/test_scripts/test10.py\", line 24, in test\n    assert make_palindrome(\"ukbpbbvnc\") == 'ukbpbbvncnvbbpbku'\nAssertionError\n\n----------------------------------------------------------------------\nRan 1 test in 0.000s\n\nFAILED (failures=1)\n",
    "HumanEval/11": "F\n======================================================================\nFAIL: test (__main__.Test)\n----------------------------------------------------------------------\nTraceback (most recent call last):\n  File \"/Users/watch/PycharmProjects/XXXX-1-LLM/Temps/ET-extra-test/test_scripts/test11.py\", line 25, in test\n    assert string_xor('9899538', '0376864') == '1111111'\nAssertionError\n\n----------------------------------------------------------------------\nRan 1 test in 0.000s\n\nFAILED (failures=1)\n",
    "HumanEval/12": ".\n----------------------------------------------------------------------\nRan 1 test in 0.000s\n\nOK\n",
    "HumanEval/15": ".\n----------------------------------------------------------------------\nRan 1 test in 0.000s\n\nOK\n",
    "HumanEval/16": "E\n======================================================================\nERROR: test (__main__.Test)\n----------------------------------------------------------------------\nTraceback (most recent call last):\n  File \"/Users/watch/PycharmProjects/XXXX-1-LLM/Temps/ET-extra-test/test_scripts/test16.py\", line 154, in test\n    assert count_distinct_characters('') == 0\n  File \"/Users/watch/PycharmProjects/XXXX-1-LLM/Temps/ET-extra-test/test_scripts/test16.py\", line 15, in count_distinct_characters\n    raise ValueError(\"Input string should not be empty and must be a valid string\")\nValueError: Input string should not be empty and must be a valid string\n\n----------------------------------------------------------------------\nRan 1 test in 0.000s\n\nFAILED (errors=1)\n",
    "HumanEval/17": ".\n----------------------------------------------------------------------\nRan 1 test in 0.000s\n\nOK\n",
    "HumanEval/18": "F\n======================================================================\nFAIL: test (__main__.Test)\n----------------------------------------------------------------------\nTraceback (most recent call last):\n  File \"/Users/watch/PycharmProjects/XXXX-1-LLM/Temps/ET-extra-test/test_scripts/test18.py\", line 45, in test\n    assert how_many_times('z', '') == 2\nAssertionError\n\n----------------------------------------------------------------------\nRan 1 test in 0.000s\n\nFAILED (failures=1)\n",
    "HumanEval/19": ".\n----------------------------------------------------------------------\nRan 1 test in 0.000s\n\nOK\n",
    "HumanEval/20": ".\n----------------------------------------------------------------------\nRan 1 test in 0.000s\n\nOK\n",
    "HumanEval/21": ".\n----------------------------------------------------------------------\nRan 1 test in 0.000s\n\nOK\n",
    "HumanEval/22": ".\n----------------------------------------------------------------------\nRan 1 test in 0.000s\n\nOK\n",
    "HumanEval/23": ".\n----------------------------------------------------------------------\nRan 1 test in 0.000s\n\nOK\n",
    "HumanEval/24": ".\n----------------------------------------------------------------------\nRan 1 test in 0.000s\n\nOK\n",
    "HumanEval/25": ".\n----------------------------------------------------------------------\nRan 1 test in 0.016s\n\nOK\n",
    "HumanEval/26": "F\n======================================================================\nFAIL: test (__main__.Test)\n----------------------------------------------------------------------\nTraceback (most recent call last):\n  File \"/Users/watch/PycharmProjects/XXXX-1-LLM/Temps/ET-extra-test/test_scripts/test26.py\", line 22, in test\n    assert remove_duplicates([1, 2, 3, 2, 4, 3, 5]) == [1, 4, 5]\nAssertionError\n\n----------------------------------------------------------------------\nRan 1 test in 0.000s\n\nFAILED (failures=1)\n",
    "HumanEval/27": ".\n----------------------------------------------------------------------\nRan 1 test in 0.000s\n\nOK\n",
    "HumanEval/28": ".\n----------------------------------------------------------------------\nRan 1 test in 0.000s\n\nOK\n",
    "HumanEval/29": ".\n----------------------------------------------------------------------\nRan 1 test in 0.000s\n\nOK\n",
    "HumanEval/30": ".\n----------------------------------------------------------------------\nRan 1 test in 0.000s\n\nOK\n",
    "HumanEval/31": ".\n----------------------------------------------------------------------\nRan 1 test in 0.000s\n\nOK\n",
    "HumanEval/32": "  File \"/Users/watch/PycharmProjects/XXXX-1-LLM/Temps/ET-extra-test/test_scripts/test32.py\", line 11\n    \"\"\" xs are coefficients of a polynomial. find_zero find x such that poly(x) = 0. find_zero returns only only zero point, even if there are many. Moreover, find_zero only takes list xs having even number of coefficients and largest non zero coefficient as it guarantees a solution. >>> round(find_zero([1, 2]), 2) # f(x) = 1 + 2x -0.5 >>> round(find_zero([-6, 11, -6, 1]), 2) # (x - 1) * (x - 2) * (x - 3) = -6 + 11x - 6x^2 + x^3 1.0 \"\"\" max_non_zero_coefficient = max(xs) if max_non_zero_coefficient == 0: return 0.0\n                                                                                                                                                                                                                                                                                                                                                                                                                                                         ^\nSyntaxError: invalid syntax\n",
    "HumanEval/33": ".\n----------------------------------------------------------------------\nRan 1 test in 0.000s\n\nOK\n",
    "HumanEval/34": ".\n----------------------------------------------------------------------\nRan 1 test in 0.000s\n\nOK\n",
    "HumanEval/35": ".\n----------------------------------------------------------------------\nRan 1 test in 0.000s\n\nOK\n",
    "HumanEval/36": ".\n----------------------------------------------------------------------\nRan 1 test in 0.136s\n\nOK\n",
    "HumanEval/37": ".\n----------------------------------------------------------------------\nRan 1 test in 0.000s\n\nOK\n",
    "HumanEval/38": "F\n======================================================================\nFAIL: test (__main__.Test)\n----------------------------------------------------------------------\nTraceback (most recent call last):\n  File \"/Users/watch/PycharmProjects/XXXX-1-LLM/Temps/ET-extra-test/test_scripts/test38.py\", line 24, in test\n    assert decode_cyclic(\"e=!@/xqg_^\") == '!e=x@/_qg^'\nAssertionError\n\n----------------------------------------------------------------------\nRan 1 test in 0.000s\n\nFAILED (failures=1)\n",
    "HumanEval/39": "TimeOut",
    "HumanEval/40": ".\n----------------------------------------------------------------------\nRan 1 test in 0.000s\n\nOK\n",
    "HumanEval/41": "F\n======================================================================\nFAIL: test (__main__.Test)\n----------------------------------------------------------------------\nTraceback (most recent call last):\n  File \"/Users/watch/PycharmProjects/XXXX-1-LLM/Temps/ET-extra-test/test_scripts/test41.py\", line 15, in test\n    assert car_race_collision(79) == 6241\nAssertionError\n\n----------------------------------------------------------------------\nRan 1 test in 0.000s\n\nFAILED (failures=1)\n",
    "HumanEval/42": ".\n----------------------------------------------------------------------\nRan 1 test in 0.000s\n\nOK\n",
    "HumanEval/43": ".\n----------------------------------------------------------------------\nRan 1 test in 0.000s\n\nOK\n",
    "HumanEval/44": "F\n======================================================================\nFAIL: test (__main__.Test)\n----------------------------------------------------------------------\nTraceback (most recent call last):\n  File \"/Users/watch/PycharmProjects/XXXX-1-LLM/Temps/ET-extra-test/test_scripts/test44.py\", line 20, in test\n    assert change_base(4253, 6) == '31405'\nAssertionError\n\n----------------------------------------------------------------------\nRan 1 test in 0.000s\n\nFAILED (failures=1)\n",
    "HumanEval/45": ".\n----------------------------------------------------------------------\nRan 1 test in 0.000s\n\nOK\n",
    "HumanEval/46": "F\n======================================================================\nFAIL: test (__main__.Test)\n----------------------------------------------------------------------\nTraceback (most recent call last):\n  File \"/Users/watch/PycharmProjects/XXXX-1-LLM/Temps/ET-extra-test/test_scripts/test46.py\", line 91, in test\n    assert fib4(2) == 2\nAssertionError\n\n----------------------------------------------------------------------\nRan 1 test in 0.000s\n\nFAILED (failures=1)\n",
    "HumanEval/47": ".\n----------------------------------------------------------------------\nRan 1 test in 0.000s\n\nOK\n",
    "HumanEval/48": ".\n----------------------------------------------------------------------\nRan 1 test in 0.000s\n\nOK\n",
    "HumanEval/49": ".\n----------------------------------------------------------------------\nRan 1 test in 0.000s\n\nOK\n",
    "HumanEval/50": "F\n======================================================================\nFAIL: test (__main__.Test)\n----------------------------------------------------------------------\nTraceback (most recent call last):\n  File \"/Users/watch/PycharmProjects/XXXX-1-LLM/Temps/ET-extra-test/test_scripts/test50.py\", line 26, in test\n    assert decode_shift(\"ce#wkoapw.[bev%^o=bgyd+lvczhy)\") == 'xzlrfjvkrwpwzqnsjlwbtytgqxuctr'\nAssertionError\n\n----------------------------------------------------------------------\nRan 1 test in 0.000s\n\nFAILED (failures=1)\n",
    "HumanEval/51": ".\n----------------------------------------------------------------------\nRan 1 test in 0.000s\n\nOK\n",
    "HumanEval/52": "F\n======================================================================\nFAIL: test (__main__.Test)\n----------------------------------------------------------------------\nTraceback (most recent call last):\n  File \"/Users/watch/PycharmProjects/XXXX-1-LLM/Temps/ET-extra-test/test_scripts/test52.py\", line 15, in test\n    assert below_threshold([1, 6, 8, 11], 11) == False\nAssertionError\n\n----------------------------------------------------------------------\nRan 1 test in 0.000s\n\nFAILED (failures=1)\n",
    "HumanEval/53": "E\n======================================================================\nERROR: test (__main__.Test)\n----------------------------------------------------------------------\nTraceback (most recent call last):\n  File \"/Users/watch/PycharmProjects/XXXX-1-LLM/Temps/ET-extra-test/test_scripts/test53.py\", line 27, in test\n    assert add(x, y) == x + y\nNameError: name 'x' is not defined\n\n----------------------------------------------------------------------\nRan 1 test in 0.000s\n\nFAILED (errors=1)\n",
    "HumanEval/54": ".\n----------------------------------------------------------------------\nRan 1 test in 0.000s\n\nOK\n",
    "HumanEval/55": "F\n======================================================================\nFAIL: test (__main__.Test)\n----------------------------------------------------------------------\nTraceback (most recent call last):\n  File \"/Users/watch/PycharmProjects/XXXX-1-LLM/Temps/ET-extra-test/test_scripts/test55.py\", line 33, in test\n    assert fib(34) == 5702887\nAssertionError\n\n----------------------------------------------------------------------\nRan 1 test in 0.000s\n\nFAILED (failures=1)\n",
    "HumanEval/56": "F\n======================================================================\nFAIL: test (__main__.Test)\n----------------------------------------------------------------------\nTraceback (most recent call last):\n  File \"/Users/watch/PycharmProjects/XXXX-1-LLM/Temps/ET-extra-test/test_scripts/test56.py\", line 72, in test\n    assert correct_bracketing(\"\") == True\nAssertionError\n\n----------------------------------------------------------------------\nRan 1 test in 0.000s\n\nFAILED (failures=1)\n",
    "HumanEval/57": ".\n----------------------------------------------------------------------\nRan 1 test in 0.000s\n\nOK\n",
    "HumanEval/58": ".\n----------------------------------------------------------------------\nRan 1 test in 0.000s\n\nOK\n",
    "HumanEval/59": ".\n----------------------------------------------------------------------\nRan 1 test in 0.719s\n\nOK\n",
    "HumanEval/60": ".\n----------------------------------------------------------------------\nRan 1 test in 0.001s\n\nOK\n",
    "HumanEval/61": ".\n----------------------------------------------------------------------\nRan 1 test in 0.000s\n\nOK\n",
    "HumanEval/62": ".\n----------------------------------------------------------------------\nRan 1 test in 0.000s\n\nOK\n",
    "HumanEval/63": ".\n----------------------------------------------------------------------\nRan 1 test in 0.000s\n\nOK\n",
    "HumanEval/64": ".\n----------------------------------------------------------------------\nRan 1 test in 0.000s\n\nOK\n",
    "HumanEval/65": "F\n======================================================================\nFAIL: test (__main__.Test)\n----------------------------------------------------------------------\nTraceback (most recent call last):\n  File \"/Users/watch/PycharmProjects/XXXX-1-LLM/Temps/ET-extra-test/test_scripts/test65.py\", line 32, in test\n    assert circular_shift(98, 6) == '89'\nAssertionError\n\n----------------------------------------------------------------------\nRan 1 test in 0.000s\n\nFAILED (failures=1)\n",
    "HumanEval/66": ".\n----------------------------------------------------------------------\nRan 1 test in 0.000s\n\nOK\n",
    "HumanEval/67": "E\n======================================================================\nERROR: test (__main__.Test)\n----------------------------------------------------------------------\nTraceback (most recent call last):\n  File \"/Users/watch/PycharmProjects/XXXX-1-LLM/Temps/ET-extra-test/test_scripts/test67.py\", line 13, in test\n    assert fruit_distribution('2 apples and 3 oranges', 525) == 520\n  File \"/Users/watch/PycharmProjects/XXXX-1-LLM/Temps/ET-extra-test/test_scripts/test67.py\", line 5, in fruit_distribution\n    numbers = [int(num) for num in re.findall('\\d+', s)]\nNameError: name 're' is not defined\n\n----------------------------------------------------------------------\nRan 1 test in 0.000s\n\nFAILED (errors=1)\n",
    "HumanEval/68": ".\n----------------------------------------------------------------------\nRan 1 test in 0.000s\n\nOK\n",
    "HumanEval/69": ".\n----------------------------------------------------------------------\nRan 1 test in 0.000s\n\nOK\n",
    "HumanEval/70": ".\n----------------------------------------------------------------------\nRan 1 test in 0.000s\n\nOK\n",
    "HumanEval/71": ".\n----------------------------------------------------------------------\nRan 1 test in 0.000s\n\nOK\n",
    "HumanEval/72": ".\n----------------------------------------------------------------------\nRan 1 test in 0.000s\n\nOK\n",
    "HumanEval/73": ".\n----------------------------------------------------------------------\nRan 1 test in 0.000s\n\nOK\n",
    "HumanEval/74": ".\n----------------------------------------------------------------------\nRan 1 test in 0.000s\n\nOK\n",
    "HumanEval/75": "F\n======================================================================\nFAIL: test (__main__.Test)\n----------------------------------------------------------------------\nTraceback (most recent call last):\n  File \"/Users/watch/PycharmProjects/XXXX-1-LLM/Temps/ET-extra-test/test_scripts/test75.py\", line 32, in test\n    assert is_multiply_prime(894) == False\nAssertionError\n\n----------------------------------------------------------------------\nRan 1 test in 0.000s\n\nFAILED (failures=1)\n",
    "HumanEval/76": "F\n======================================================================\nFAIL: test (__main__.Test)\n----------------------------------------------------------------------\nTraceback (most recent call last):\n  File \"/Users/watch/PycharmProjects/XXXX-1-LLM/Temps/ET-extra-test/test_scripts/test76.py\", line 16, in test\n    assert is_simple_power(32, 2) == True\nAssertionError\n\n----------------------------------------------------------------------\nRan 1 test in 0.000s\n\nFAILED (failures=1)\n",
    "HumanEval/77": "E\n======================================================================\nERROR: test (__main__.Test)\n----------------------------------------------------------------------\nTraceback (most recent call last):\n  File \"/Users/watch/PycharmProjects/XXXX-1-LLM/Temps/ET-extra-test/test_scripts/test77.py\", line 100, in test\n    assert iscube(-1) == True, \"Third test error: \" + str(iscube(-1))\n  File \"/Users/watch/PycharmProjects/XXXX-1-LLM/Temps/ET-extra-test/test_scripts/test77.py\", line 20, in iscube\n    return a == 0 or round(a ** (1/3)) ** 3 == a\nTypeError: type complex doesn't define __round__ method\n\n----------------------------------------------------------------------\nRan 1 test in 0.000s\n\nFAILED (errors=1)\n",
    "HumanEval/78": ".\n----------------------------------------------------------------------\nRan 1 test in 0.000s\n\nOK\n",
    "HumanEval/79": ".\n----------------------------------------------------------------------\nRan 1 test in 0.000s\n\nOK\n",
    "HumanEval/80": ".\n----------------------------------------------------------------------\nRan 1 test in 0.000s\n\nOK\n",
    "HumanEval/81": "F\n======================================================================\nFAIL: test (__main__.Test)\n----------------------------------------------------------------------\nTraceback (most recent call last):\n  File \"/Users/watch/PycharmProjects/XXXX-1-LLM/Temps/ET-extra-test/test_scripts/test81.py\", line 34, in test\n    assert numerical_letter_grade([6.042, 3, 5.935, 5, 5.423]) == ['A', 'B', 'A', 'A', 'A']\nAssertionError\n\n----------------------------------------------------------------------\nRan 1 test in 0.000s\n\nFAILED (failures=1)\n",
    "HumanEval/82": ".\n----------------------------------------------------------------------\nRan 1 test in 0.000s\n\nOK\n",
    "HumanEval/83": "F\n======================================================================\nFAIL: test (__main__.Test)\n----------------------------------------------------------------------\nTraceback (most recent call last):\n  File \"/Users/watch/PycharmProjects/XXXX-1-LLM/Temps/ET-extra-test/test_scripts/test83.py\", line 25, in test\n    assert starts_one_ends(12) == 180000000000\nAssertionError\n\n----------------------------------------------------------------------\nRan 1 test in 0.000s\n\nFAILED (failures=1)\n",
    "HumanEval/84": "F\n======================================================================\nFAIL: test (__main__.Test)\n----------------------------------------------------------------------\nTraceback (most recent call last):\n  File \"/Users/watch/PycharmProjects/XXXX-1-LLM/Temps/ET-extra-test/test_scripts/test84.py\", line 10, in test\n    assert solve(8319) == '10101'\nAssertionError\n\n----------------------------------------------------------------------\nRan 1 test in 0.000s\n\nFAILED (failures=1)\n",
    "HumanEval/85": ".\n----------------------------------------------------------------------\nRan 1 test in 0.000s\n\nOK\n",
    "HumanEval/86": ".\n----------------------------------------------------------------------\nRan 1 test in 0.000s\n\nOK\n",
    "HumanEval/87": ".\n----------------------------------------------------------------------\nRan 1 test in 0.000s\n\nOK\n",
    "HumanEval/88": "F\n======================================================================\nFAIL: test (__main__.Test)\n----------------------------------------------------------------------\nTraceback (most recent call last):\n  File \"/Users/watch/PycharmProjects/XXXX-1-LLM/Temps/ET-extra-test/test_scripts/test88.py\", line 25, in test\n    assert sort_array([19, 43, 92, 29, 10, 5]) == [92, 43, 29, 19, 10, 5]\nAssertionError\n\n----------------------------------------------------------------------\nRan 1 test in 0.000s\n\nFAILED (failures=1)\n",
    "HumanEval/89": ".\n----------------------------------------------------------------------\nRan 1 test in 0.000s\n\nOK\n",
    "HumanEval/90": ".\n----------------------------------------------------------------------\nRan 1 test in 0.000s\n\nOK\n",
    "HumanEval/91": "F\n======================================================================\nFAIL: test (__main__.Test)\n----------------------------------------------------------------------\nTraceback (most recent call last):\n  File \"/Users/watch/PycharmProjects/XXXX-1-LLM/Temps/ET-extra-test/test_scripts/test91.py\", line 22, in test\n    assert is_bored(\"Hello I sky blue? I\") == 0\nAssertionError\n\n----------------------------------------------------------------------\nRan 1 test in 0.000s\n\nFAILED (failures=1)\n",
    "HumanEval/92": ".\n----------------------------------------------------------------------\nRan 1 test in 0.000s\n\nOK\n",
    "HumanEval/93": "F\n======================================================================\nFAIL: test (__main__.Test)\n----------------------------------------------------------------------\nTraceback (most recent call last):\n  File \"/Users/watch/PycharmProjects/XXXX-1-LLM/Temps/ET-extra-test/test_scripts/test93.py\", line 28, in test\n    assert encode(\"ZUvOnpFUjJGGWcJQYQmTY W\") == 'zwVqNPfwJjggwCjqyqMty w'\nAssertionError\n\n----------------------------------------------------------------------\nRan 1 test in 0.000s\n\nFAILED (failures=1)\n",
    "HumanEval/94": "E\n======================================================================\nERROR: test (__main__.Test)\n----------------------------------------------------------------------\nTraceback (most recent call last):\n  File \"/Users/watch/PycharmProjects/XXXX-1-LLM/Temps/ET-extra-test/test_scripts/test94.py\", line 28, in test\n    assert skjkasdkd([0,81,12,3,1,21]) == 3\nNameError: name 'skjkasdkd' is not defined\n\n----------------------------------------------------------------------\nRan 1 test in 0.000s\n\nFAILED (errors=1)\n",
    "HumanEval/95": ".\n----------------------------------------------------------------------\nRan 1 test in 0.000s\n\nOK\n",
    "HumanEval/96": ".\n----------------------------------------------------------------------\nRan 1 test in 0.035s\n\nOK\n",
    "HumanEval/97": ".\n----------------------------------------------------------------------\nRan 1 test in 0.000s\n\nOK\n",
    "HumanEval/98": ".\n----------------------------------------------------------------------\nRan 1 test in 0.000s\n\nOK\n",
    "HumanEval/99": ".\n----------------------------------------------------------------------\nRan 1 test in 0.000s\n\nOK\n",
    "HumanEval/100": "F\n======================================================================\nFAIL: test (__main__.Test)\n----------------------------------------------------------------------\nTraceback (most recent call last):\n  File \"/Users/watch/PycharmProjects/XXXX-1-LLM/Temps/ET-extra-test/test_scripts/test100.py\", line 28, in test\n    assert make_a_pile(7) == [7, 9, 11, 13, 15, 17, 19]\nAssertionError\n\n----------------------------------------------------------------------\nRan 1 test in 0.000s\n\nFAILED (failures=1)\n",
    "HumanEval/101": ".\n----------------------------------------------------------------------\nRan 1 test in 0.000s\n\nOK\n",
    "HumanEval/102": ".\n----------------------------------------------------------------------\nRan 1 test in 0.015s\n\nOK\n",
    "HumanEval/103": ".\n----------------------------------------------------------------------\nRan 1 test in 0.000s\n\nOK\n",
    "HumanEval/104": ".\n----------------------------------------------------------------------\nRan 1 test in 0.000s\n\nOK\n",
    "HumanEval/105": ".\n----------------------------------------------------------------------\nRan 1 test in 0.000s\n\nOK\n",
    "HumanEval/106": ".\n----------------------------------------------------------------------\nRan 1 test in 0.000s\n\nOK\n",
    "HumanEval/107": ".\n----------------------------------------------------------------------\nRan 1 test in 0.015s\n\nOK\n",
    "HumanEval/108": "F\n======================================================================\nFAIL: test (__main__.Test)\n----------------------------------------------------------------------\nTraceback (most recent call last):\n  File \"/Users/watch/PycharmProjects/XXXX-1-LLM/Temps/ET-extra-test/test_scripts/test108.py\", line 23, in test\n    assert count_nums([-2, -5, 1]) == 1\nAssertionError\n\n----------------------------------------------------------------------\nRan 1 test in 0.000s\n\nFAILED (failures=1)\n",
    "HumanEval/109": ".\n----------------------------------------------------------------------\nRan 1 test in 0.000s\n\nOK\n",
    "HumanEval/110": "F\n======================================================================\nFAIL: test (__main__.Test)\n----------------------------------------------------------------------\nTraceback (most recent call last):\n  File \"/Users/watch/PycharmProjects/XXXX-1-LLM/Temps/ET-extra-test/test_scripts/test110.py\", line 18, in test\n    assert exchange([2, 7, 8, 8], [1, 8, 6, 7]) == 'YES'\nAssertionError\n\n----------------------------------------------------------------------\nRan 1 test in 0.000s\n\nFAILED (failures=1)\n",
    "HumanEval/111": "F\n======================================================================\nFAIL: test (__main__.Test)\n----------------------------------------------------------------------\nTraceback (most recent call last):\n  File \"/Users/watch/PycharmProjects/XXXX-1-LLM/Temps/ET-extra-test/test_scripts/test111.py\", line 37, in test\n    assert histogram(\" hgtjtrox\") == {'': 1, 'hgtjtrox': 1}\nAssertionError\n\n----------------------------------------------------------------------\nRan 1 test in 0.000s\n\nFAILED (failures=1)\n",
    "HumanEval/112": "E\n======================================================================\nERROR: test (__main__.Test)\n----------------------------------------------------------------------\nTraceback (most recent call last):\n  File \"/Users/watch/PycharmProjects/XXXX-1-LLM/Temps/ET-extra-test/test_scripts/test112.py\", line 82, in test\n    assert reverse_delete(\"abcdedcba\",\"\") == ('abcdedcba',True)\n  File \"/Users/watch/PycharmProjects/XXXX-1-LLM/Temps/ET-extra-test/test_scripts/test112.py\", line 8, in reverse_delete\n    raise ValueError(\"Input strings cannot be empty or null\")\nValueError: Input strings cannot be empty or null\n\n----------------------------------------------------------------------\nRan 1 test in 0.000s\n\nFAILED (errors=1)\n",
    "HumanEval/113": "F\n======================================================================\nFAIL: test (__main__.Test)\n----------------------------------------------------------------------\nTraceback (most recent call last):\n  File \"/Users/watch/PycharmProjects/XXXX-1-LLM/Temps/ET-extra-test/test_scripts/test113.py\", line 10, in test\n    assert odd_count(['0', '26919749']) == ['the number of odd elements 0n the str0ng 0 of the 0nput.', 'the number of odd elements 5n the str5ng 5 of the 5nput.']\nAssertionError\n\n----------------------------------------------------------------------\nRan 1 test in 0.000s\n\nFAILED (failures=1)\n",
    "HumanEval/114": ".\n----------------------------------------------------------------------\nRan 1 test in 0.000s\n\nOK\n",
    "HumanEval/115": "F\n======================================================================\nFAIL: test (__main__.Test)\n----------------------------------------------------------------------\nTraceback (most recent call last):\n  File \"/Users/watch/PycharmProjects/XXXX-1-LLM/Temps/ET-extra-test/test_scripts/test115.py\", line 14, in test\n    assert max_fill([[1, 1, 5, 2], [4, 2, 4, 3], [1, 2, 5, 2]], 2) == 17\nAssertionError\n\n----------------------------------------------------------------------\nRan 1 test in 0.000s\n\nFAILED (failures=1)\n",
    "HumanEval/116": ".\n----------------------------------------------------------------------\nRan 1 test in 0.000s\n\nOK\n",
    "HumanEval/117": ".\n----------------------------------------------------------------------\nRan 1 test in 0.000s\n\nOK\n",
    "HumanEval/118": "F\n======================================================================\nFAIL: test (__main__.Test)\n----------------------------------------------------------------------\nTraceback (most recent call last):\n  File \"/Users/watch/PycharmProjects/XXXX-1-LLM/Temps/ET-extra-test/test_scripts/test118.py\", line 22, in test\n    assert get_closest_vowel(\"vqjo\") == ''\nAssertionError\n\n----------------------------------------------------------------------\nRan 1 test in 0.000s\n\nFAILED (failures=1)\n",
    "HumanEval/119": "F\n======================================================================\nFAIL: test (__main__.Test)\n----------------------------------------------------------------------\nTraceback (most recent call last):\n  File \"/Users/watch/PycharmProjects/XXXX-1-LLM/Temps/ET-extra-test/test_scripts/test119.py\", line 23, in test\n    assert match_parens((')())', '(()()(')) == 'Yes'\nAssertionError\n\n----------------------------------------------------------------------\nRan 1 test in 0.000s\n\nFAILED (failures=1)\n",
    "HumanEval/120": "F\n======================================================================\nFAIL: test (__main__.Test)\n----------------------------------------------------------------------\nTraceback (most recent call last):\n  File \"/Users/watch/PycharmProjects/XXXX-1-LLM/Temps/ET-extra-test/test_scripts/test120.py\", line 116, in test\n    assert maximum([1, 2, 3, -23, 243, -400, 0], 0) == []\nAssertionError\n\n----------------------------------------------------------------------\nRan 1 test in 0.000s\n\nFAILED (failures=1)\n",
    "HumanEval/121": ".\n----------------------------------------------------------------------\nRan 1 test in 0.000s\n\nOK\n",
    "HumanEval/122": "F\n======================================================================\nFAIL: test (__main__.Test)\n----------------------------------------------------------------------\nTraceback (most recent call last):\n  File \"/Users/watch/PycharmProjects/XXXX-1-LLM/Temps/ET-extra-test/test_scripts/test122.py\", line 22, in test\n    assert add_elements([16, 26, 4, 94, 5, 10, 5, 12, 5], 5) == 145\nAssertionError\n\n----------------------------------------------------------------------\nRan 1 test in 0.000s\n\nFAILED (failures=1)\n",
    "HumanEval/123": "F\n======================================================================\nFAIL: test (__main__.Test)\n----------------------------------------------------------------------\nTraceback (most recent call last):\n  File \"/Users/watch/PycharmProjects/XXXX-1-LLM/Temps/ET-extra-test/test_scripts/test123.py\", line 20, in test\n    assert get_odd_collatz(57) == [1, 5, 7, 11, 13, 17, 37, 43, 49, 57, 65]\nAssertionError\n\n----------------------------------------------------------------------\nRan 1 test in 0.000s\n\nFAILED (failures=1)\n",
    "HumanEval/124": "F\n======================================================================\nFAIL: test (__main__.Test)\n----------------------------------------------------------------------\nTraceback (most recent call last):\n  File \"/Users/watch/PycharmProjects/XXXX-1-LLM/Temps/ET-extra-test/test_scripts/test124.py\", line 36, in test\n    assert valid_date(\"03-15-957\") == True\nAssertionError\n\n----------------------------------------------------------------------\nRan 1 test in 0.000s\n\nFAILED (failures=1)\n",
    "HumanEval/125": "F\n======================================================================\nFAIL: test (__main__.Test)\n----------------------------------------------------------------------\nTraceback (most recent call last):\n  File \"/Users/watch/PycharmProjects/XXXX-1-LLM/Temps/ET-extra-test/test_scripts/test125.py\", line 24, in test\n    assert split_words(\"nqovy\") == 2\nAssertionError\n\n----------------------------------------------------------------------\nRan 1 test in 0.000s\n\nFAILED (failures=1)\n",
    "HumanEval/126": "F\n======================================================================\nFAIL: test (__main__.Test)\n----------------------------------------------------------------------\nTraceback (most recent call last):\n  File \"/Users/watch/PycharmProjects/XXXX-1-LLM/Temps/ET-extra-test/test_scripts/test126.py\", line 17, in test\n    assert is_sorted([1, 1, 3, 6, 7, 8]) == True\nAssertionError\n\n----------------------------------------------------------------------\nRan 1 test in 0.000s\n\nFAILED (failures=1)\n",
    "HumanEval/127": "F\n======================================================================\nFAIL: test (__main__.Test)\n----------------------------------------------------------------------\nTraceback (most recent call last):\n  File \"/Users/watch/PycharmProjects/concordia-LLM/Temps/ET-extra-test/test_scripts/test127.py\", line 27, in test\n    assert intersection((-1, 1), (0, 4)) == \"NO\"\nAssertionError\n\n----------------------------------------------------------------------\nRan 1 test in 0.000s\n\nFAILED (failures=1)\n",
    "HumanEval/128": ".\n----------------------------------------------------------------------\nRan 1 test in 0.000s\n\nOK\n",
    "HumanEval/129": "E\n======================================================================\nERROR: test (__main__.Test)\n----------------------------------------------------------------------\nTraceback (most recent call last):\n  File \"/Users/watch/PycharmProjects/XXXX-1-LLM/Temps/ET-extra-test/test_scripts/test129.py\", line 21, in test\n    assert minPath([[6, 4], [3, 6]], 13) == [1, 5, 1, 5, 1, 5, 1, 5, 1, 5, 1, 5, 1]\n  File \"/Users/watch/PycharmProjects/XXXX-1-LLM/Temps/ET-extra-test/test_scripts/test129.py\", line 12, in minPath\n    next_start = min(candidates, key=lambda x: (grid[x[0]][x[1]], x))\n  File \"/Users/watch/PycharmProjects/XXXX-1-LLM/Temps/ET-extra-test/test_scripts/test129.py\", line 12, in <lambda>\n    next_start = min(candidates, key=lambda x: (grid[x[0]][x[1]], x))\nIndexError: list index out of range\n\n----------------------------------------------------------------------\nRan 1 test in 0.000s\n\nFAILED (errors=1)\n",
    "HumanEval/130": "E\n======================================================================\nERROR: test (__main__.Test)\n----------------------------------------------------------------------\nTraceback (most recent call last):\n  File \"/Users/watch/PycharmProjects/XXXX-1-LLM/Temps/ET-extra-test/test_scripts/test130.py\", line 29, in test\n    assert tri(4) == [1, 3, 2.0, 8.0, 3.0]\nNameError: name 'tri' is not defined\n\n----------------------------------------------------------------------\nRan 1 test in 0.000s\n\nFAILED (errors=1)\n",
    "HumanEval/131": "F\n======================================================================\nFAIL: test (__main__.Test)\n----------------------------------------------------------------------\nTraceback (most recent call last):\n  File \"/Users/watch/PycharmProjects/XXXX-1-LLM/Temps/ET-extra-test/test_scripts/test131.py\", line 28, in test\n    assert digits(2621) == 1\nAssertionError\n\n----------------------------------------------------------------------\nRan 1 test in 0.000s\n\nFAILED (failures=1)\n",
    "HumanEval/132": "F\n======================================================================\nFAIL: test (__main__.Test)\n----------------------------------------------------------------------\nTraceback (most recent call last):\n  File \"/Users/watch/PycharmProjects/XXXX-1-LLM/Temps/ET-extra-test/test_scripts/test132.py\", line 20, in test\n    assert is_nested(\"][[[[]]\") == True\nAssertionError\n\n----------------------------------------------------------------------\nRan 1 test in 0.000s\n\nFAILED (failures=1)\n",
    "HumanEval/133": ".\n----------------------------------------------------------------------\nRan 1 test in 0.000s\n\nOK\n",
    "HumanEval/134": "F\n======================================================================\nFAIL: test (__main__.Test)\n----------------------------------------------------------------------\nTraceback (most recent call last):\n  File \"/Users/watch/PycharmProjects/XXXX-1-LLM/Temps/ET-extra-test/test_scripts/test134.py\", line 82, in test\n    assert check_if_last_char_is_a_letter(\"apple pi e \") == False\nAssertionError\n\n----------------------------------------------------------------------\nRan 1 test in 0.000s\n\nFAILED (failures=1)\n",
    "HumanEval/135": "F\n======================================================================\nFAIL: test (__main__.Test)\n----------------------------------------------------------------------\nTraceback (most recent call last):\n  File \"/Users/watch/PycharmProjects/XXXX-1-LLM/Temps/ET-extra-test/test_scripts/test135.py\", line 21, in test\n    assert can_arrange([3, 2, 5, 9, 6, 10, 10, 9, 9]) == 7\nAssertionError\n\n----------------------------------------------------------------------\nRan 1 test in 0.000s\n\nFAILED (failures=1)\n",
    "HumanEval/136": ".\n----------------------------------------------------------------------\nRan 1 test in 0.000s\n\nOK\n",
    "HumanEval/137": "E\n======================================================================\nERROR: test (__main__.Test)\n----------------------------------------------------------------------\nTraceback (most recent call last):\n  File \"/Users/watch/PycharmProjects/XXXX-1-LLM/Temps/ET-extra-test/test_scripts/test137.py\", line 23, in test\n    assert compare_one(1, \"2,3\") == \"2,3\"\n  File \"/Users/watch/PycharmProjects/XXXX-1-LLM/Temps/ET-extra-test/test_scripts/test137.py\", line 13, in compare_one\n    if a > b:\nTypeError: '>' not supported between instances of 'int' and 'str'\n\n----------------------------------------------------------------------\nRan 1 test in 0.000s\n\nFAILED (errors=1)\n",
    "HumanEval/138": "F\n======================================================================\nFAIL: test (__main__.Test)\n----------------------------------------------------------------------\nTraceback (most recent call last):\n  File \"/Users/watch/PycharmProjects/XXXX-1-LLM/Temps/ET-extra-test/test_scripts/test138.py\", line 31, in test\n    assert is_equal_to_sum_even(7636) == True\nAssertionError\n\n----------------------------------------------------------------------\nRan 1 test in 0.000s\n\nFAILED (failures=1)\n",
    "HumanEval/139": ".\n----------------------------------------------------------------------\nRan 1 test in 0.000s\n\nOK\n",
    "HumanEval/140": "E\n======================================================================\nERROR: test (__main__.Test)\n----------------------------------------------------------------------\nTraceback (most recent call last):\n  File \"/Users/watch/PycharmProjects/XXXX-1-LLM/Temps/ET-extra-test/test_scripts/test140.py\", line 13, in test\n    assert fix_spaces(\"tDl\") == 'tDl'\n  File \"/Users/watch/PycharmProjects/XXXX-1-LLM/Temps/ET-extra-test/test_scripts/test140.py\", line 7, in fix_spaces\n    replaced_text = re.sub(r'\\s{2,}', '-', text)\nNameError: name 're' is not defined\n\n----------------------------------------------------------------------\nRan 1 test in 0.000s\n\nFAILED (errors=1)\n",
    "HumanEval/141": ".\n----------------------------------------------------------------------\nRan 1 test in 0.000s\n\nOK\n",
    "HumanEval/142": "F\n======================================================================\nFAIL: test (__main__.Test)\n----------------------------------------------------------------------\nTraceback (most recent call last):\n  File \"/Users/watch/PycharmProjects/XXXX-1-LLM/Temps/ET-extra-test/test_scripts/test142.py\", line 17, in test\n    assert sum_squares([-3, 2, 1, 2, 3, 5, 3, 2, -2]) == 51\nAssertionError\n\n----------------------------------------------------------------------\nRan 1 test in 0.000s\n\nFAILED (failures=1)\n",
    "HumanEval/143": ".\n----------------------------------------------------------------------\nRan 1 test in 0.000s\n\nOK\n",
    "HumanEval/144": ".\n----------------------------------------------------------------------\nRan 1 test in 0.000s\n\nOK\n",
    "HumanEval/145": "E\n======================================================================\nERROR: test (__main__.Test)\n----------------------------------------------------------------------\nTraceback (most recent call last):\n  File \"/Users/watch/PycharmProjects/XXXX-1-LLM/Temps/ET-extra-test/test_scripts/test145.py\", line 13, in test\n    assert order_by_points([1489, 428, 463, 140, 3, 424, 422, 57, 8, 37, 3107, 1, 53, 3, 46]) == [1, 3, 3, 140, 422, 8, 53, 424, 37, 46, 3107, 57, 463, 428, 1489]\n  File \"/Users/watch/PycharmProjects/XXXX-1-LLM/Temps/ET-extra-test/test_scripts/test145.py\", line 8, in order_by_points\n    nums.sort(key=lambda x: (get_sum_of_digits(x), nums.index(x)))\n  File \"/Users/watch/PycharmProjects/XXXX-1-LLM/Temps/ET-extra-test/test_scripts/test145.py\", line 8, in <lambda>\n    nums.sort(key=lambda x: (get_sum_of_digits(x), nums.index(x)))\nValueError: 1489 is not in list\n\n----------------------------------------------------------------------\nRan 1 test in 0.000s\n\nFAILED (errors=1)\n",
    "HumanEval/146": ".\n----------------------------------------------------------------------\nRan 1 test in 0.000s\n\nOK\n",
    "HumanEval/147": ".\n----------------------------------------------------------------------\nRan 1 test in 2.732s\n\nOK\n",
    "HumanEval/148": "F\n======================================================================\nFAIL: test (__main__.Test)\n----------------------------------------------------------------------\nTraceback (most recent call last):\n  File \"/Users/watch/PycharmProjects/XXXX-1-LLM/Temps/ET-extra-test/test_scripts/test148.py\", line 63, in test\n    assert bf('Neptune', 'Saturn') == ('Uranus',)\nAssertionError\n\n----------------------------------------------------------------------\nRan 1 test in 0.000s\n\nFAILED (failures=1)\n",
    "HumanEval/149": ".\n----------------------------------------------------------------------\nRan 1 test in 0.000s\n\nOK\n",
    "HumanEval/150": "F\n======================================================================\nFAIL: test (__main__.Test)\n----------------------------------------------------------------------\nTraceback (most recent call last):\n  File \"/Users/watch/PycharmProjects/XXXX-1-LLM/Temps/ET-extra-test/test_scripts/test150.py\", line 64, in test\n    assert x_or_y(1, 35, 5018) == 5018\nAssertionError\n\n----------------------------------------------------------------------\nRan 1 test in 0.000s\n\nFAILED (failures=1)\n",
    "HumanEval/151": "E\n======================================================================\nERROR: test (__main__.Test)\n----------------------------------------------------------------------\nTraceback (most recent call last):\n  File \"/Users/watch/PycharmProjects/XXXX-1-LLM/Temps/ET-extra-test/test_scripts/test151.py\", line 45, in test\n    assert double_the_difference(lst) == odd_sum\nNameError: name 'lst' is not defined\n\n----------------------------------------------------------------------\nRan 1 test in 0.000s\n\nFAILED (errors=1)\n",
    "HumanEval/152": ".\n----------------------------------------------------------------------\nRan 1 test in 0.000s\n\nOK\n",
    "HumanEval/153": ".\n----------------------------------------------------------------------\nRan 1 test in 0.001s\n\nOK\n",
    "HumanEval/154": "F\n======================================================================\nFAIL: test (__main__.Test)\n----------------------------------------------------------------------\nTraceback (most recent call last):\n  File \"/Users/watch/PycharmProjects/XXXX-1-LLM/Temps/ET-extra-test/test_scripts/test154.py\", line 14, in test\n    assert cycpattern_check('mswt', '') == True\nAssertionError\n\n----------------------------------------------------------------------\nRan 1 test in 0.000s\n\nFAILED (failures=1)\n",
    "HumanEval/155": ".\n----------------------------------------------------------------------\nRan 1 test in 0.000s\n\nOK\n",
    "HumanEval/156": ".\n----------------------------------------------------------------------\nRan 1 test in 0.000s\n\nOK\n",
    "HumanEval/157": ".\n----------------------------------------------------------------------\nRan 1 test in 0.000s\n\nOK\n",
    "HumanEval/158": ".\n----------------------------------------------------------------------\nRan 1 test in 0.000s\n\nOK\n",
    "HumanEval/159": "F\n======================================================================\nFAIL: test (__main__.Test)\n----------------------------------------------------------------------\nTraceback (most recent call last):\n  File \"/Users/watch/PycharmProjects/XXXX-1-LLM/Temps/ET-extra-test/test_scripts/test159.py\", line 14, in test\n    assert eat(5, 11, 12) == [16, 1]\nAssertionError\n\n----------------------------------------------------------------------\nRan 1 test in 0.000s\n\nFAILED (failures=1)\n",
    "HumanEval/160": "F\n======================================================================\nFAIL: test (__main__.Test)\n----------------------------------------------------------------------\nTraceback (most recent call last):\n  File \"/Users/watch/PycharmProjects/XXXX-1-LLM/Temps/ET-extra-test/test_scripts/test160.py\", line 37, in test\n    assert do_algebra(['-', '*', '-'], [1, 1, 2, 3]) == -4\nAssertionError\n\n----------------------------------------------------------------------\nRan 1 test in 0.000s\n\nFAILED (failures=1)\n",
    "HumanEval/161": ".\n----------------------------------------------------------------------\nRan 1 test in 0.000s\n\nOK\n",
    "HumanEval/162": ".\n----------------------------------------------------------------------\nRan 1 test in 0.002s\n\nOK\n",
    "HumanEval/163": "F\n======================================================================\nFAIL: test (__main__.Test)\n----------------------------------------------------------------------\nTraceback (most recent call last):\n  File \"/Users/watch/PycharmProjects/XXXX-1-LLM/Temps/ET-extra-test/test_scripts/test163.py\", line 27, in test\n    assert generate_integers(16, 88) == []\nAssertionError\n\n----------------------------------------------------------------------\nRan 1 test in 0.000s\n\nFAILED (failures=1)\n"
}