{
    "start_time": "2024-03-10_19-12-40-315868",
    "task": "def count_binary_seq(n): \n'''Write a function to find the count of all binary sequences of length 2n such that sum of first n bits is same as sum of last n bits.\nassert math.isclose(count_binary_seq(1), 2.0, rel_tol=0.001)'''\n",
    "datetime": {
        "task": "2024-03-10 19:12:40",
        "task-id": "2024-03-10 19:12:40",
        "workflow": "2024-03-10 19:12:40",
        "Original PRD": "2024-03-10 19:12:41",
        "PRD Review": "2024-03-10 19:12:43",
        "Final PRD": "2024-03-10 19:12:46",
        "Code0Draft": "2024-03-10 19:12:47",
        "Code Review": "2024-03-10 19:12:48",
        "Code0Revise": "2024-03-10 19:12:50",
        "Test Cases": "2024-03-10 19:12:51",
        "Test Cases Review": "2024-03-10 19:12:53",
        "Final Test Cases": "2024-03-10 19:12:55",
        "Code0": "2024-03-10 19:12:58",
        "TestScriptOriginal": "2024-03-10 19:12:59",
        "TestScript": "2024-03-10 19:12:59",
        "ScriptResult0": "2024-03-10 19:12:59",
        "TestReport0": "2024-03-10 19:13:02",
        "RepairResponse1": "2024-03-10 19:13:03",
        "Code1": "2024-03-10 19:13:03",
        "ScriptResult1": "2024-03-10 19:13:03",
        "TestReport1": "2024-03-10 19:13:06",
        "RepairResponse2": "2024-03-10 19:13:07",
        "Code2": "2024-03-10 19:13:07",
        "ScriptResult2": "2024-03-10 19:13:07",
        "TestReport2": "2024-03-10 19:13:09",
        "FinalCode": "2024-03-10 19:13:09"
    },
    "task-id": 300,
    "workflow": "waterfall/waterfall_version_0.0.5_remove.json",
    "Original PRD": "{\n  \"ProductRequirementDocument\": {\n    \"Title\": \"Count Binary Sequences\",\n    \"Description\": \"The product requirement is to create a function that can count all binary sequences of length 2n, where the sum of the first n bits is the same as the sum of the last n bits.\",\n    \"Features\": [\n      \"Function to count binary sequences\",\n      \"Validation using math.isclose with relative tolerance\"\n    ],\n    \"UserStories\": [\n      \"As a user, I want to be able to input the value of n and get the count of binary sequences that meet the given condition.\"\n    ],\n    \"AcceptanceCriteria\": [\n      \"The function should return the count of binary sequences as a floating point number\",\n      \"The count should be within a relative tolerance of 0.001 when compared to the expected value\"\n    ]\n  }\n}",
    "Original PRD_prompt": "{\"Role\": \"You need to act as a professional product owner. Your task is to write a Product Requirement Document\", \"Instruction\": \"According to the Context, please analyze the requirement and write your response. Response in JSON format. Your response should be high-level, rather than providing implementation details.\", \"Example\": \"\", \"Context\": \"\", \"Question\": \"Follow the Instruction. The requirement is as follows:\\ndef count_binary_seq(n): \\n'''Write a function to find the count of all binary sequences of length 2n such that sum of first n bits is same as sum of last n bits.\\nassert math.isclose(count_binary_seq(1), 2.0, rel_tol=0.001)'''\\n\"}",
    "PRD Review": "{\n  \"Architect\": \"The product requirement document looks well-defined and clear. The features and acceptance criteria are specific and measurable. However, it would be beneficial to add more details about the input validation and error handling in the document to ensure the robustness of the function. Additionally, including information about the expected performance and scalability requirements would be helpful for the development team.\",\n  \"Tester\": \"The product requirement document provides a clear understanding of the expected behavior of the function. As a tester, I would suggest including more specific test cases for both positive and negative scenarios to ensure thorough testing coverage. Additionally, it would be helpful to have information about the expected input range and potential edge cases to be considered during testing.\"\n}",
    "Final PRD": "{\n  \"RevisedProductRequirementDocument\": {\n    \"Title\": \"Count Binary Sequences\",\n    \"Description\": \"The product requirement is to create a function that can count all binary sequences of length 2n, where the sum of the first n bits is the same as the sum of the last n bits.\",\n    \"Features\": [\n      \"Function to count binary sequences\",\n      \"Validation using math.isclose with relative tolerance\",\n      \"Enhanced input validation and error handling\"\n    ],\n    \"UserStories\": [\n      \"As a user, I want to be able to input the value of n and get the count of binary sequences that meet the given condition.\"\n    ],\n    \"AcceptanceCriteria\": [\n      \"The function should return the count of binary sequences as a floating point number\",\n      \"The count should be within a relative tolerance of 0.001 when compared to the expected value\",\n      \"Performance and scalability requirements to be specified\",\n      \"Specific test cases for positive and negative scenarios to be included\",\n      \"Information about expected input range and potential edge cases for testing to be provided\"\n    ]\n  }\n}",
    "Final PRD_prompt": {
        "Role": "You need to act as a professional product owner. Your duty is to revise the document based on the suggestions.",
        "Instruction": "1. Read the suggestions. 2. Revise your draft version document. 3. Response in JSON format. 4. REMEMBER: Your analysis should be high-level, rather than providing implementation details.",
        "Example": "",
        "Context": "# Suggestion:\n{\n  \"Architect\": \"The product requirement document looks well-defined and clear. The features and acceptance criteria are specific and measurable. However, it would be beneficial to add more details about the input validation and error handling in the document to ensure the robustness of the function. Additionally, including information about the expected performance and scalability requirements would be helpful for the development team.\",\n  \"Tester\": \"The product requirement document provides a clear understanding of the expected behavior of the function. As a tester, I would suggest including more specific test cases for both positive and negative scenarios to ensure thorough testing coverage. Additionally, it would be helpful to have information about the expected input range and potential edge cases to be considered during testing.\"\n}",
        "Question": "Follow the Instruction. Your colleague give you some suggestions(in the Context section) about this draft document:{\n  \"ProductRequirementDocument\": {\n    \"Title\": \"Count Binary Sequences\",\n    \"Description\": \"The product requirement is to create a function that can count all binary sequences of length 2n, where the sum of the first n bits is the same as the sum of the last n bits.\",\n    \"Features\": [\n      \"Function to count binary sequences\",\n      \"Validation using math.isclose with relative tolerance\"\n    ],\n    \"UserStories\": [\n      \"As a user, I want to be able to input the value of n and get the count of binary sequences that meet the given condition.\"\n    ],\n    \"AcceptanceCriteria\": [\n      \"The function should return the count of binary sequences as a floating point number\",\n      \"The count should be within a relative tolerance of 0.001 when compared to the expected value\"\n    ]\n  }\n}"
    },
    "Code0Draft": "def count_binary_seq(n):\n    count = 0\n    for i in range(2**(2*n)):\n        binary = bin(i)[2:].zfill(2*n)\n        first_half = binary[:n]\n        second_half = binary[n:]\n        if first_half.count('1') == second_half.count('1'):\n            count += 1\n    return count",
    "Code0Draft_prompt": "{\"Role\": \"You are a professional engineer. Your duty is to write code in Python that meets the requirements. Ensure that the code you write is efficient, readable, and follows best practices. Remember, do not need to explain the code you wrote.\", \"Instruction\": \"According to the Context section, write your code.\", \"Example\": \"\", \"Context\": \"\", \"Question\": \"Follow the Instruction section. Complete the following code:\\ndef count_binary_seq(n): \\n'''Write a function to find the count of all binary sequences of length 2n such that sum of first n bits is same as sum of last n bits.\\nassert math.isclose(count_binary_seq(1), 2.0, rel_tol=0.001)'''\\n\"}",
    "Code Review": "{\n  \"Architect\": \"Instead of iterating through all possible binary sequences, consider finding a mathematical formula or algorithm to directly calculate the count of balanced binary sequences.\",\n  \"Tester\": \"Test the function with various values of n to ensure that it returns the correct count of balanced binary sequences.\"\n}",
    "Code Review_prompt": "{\"Role\": \"I want you to act as a different roles and then give some suggestions about how to revise the code.\", \"Instruction\": \"1. Read the Context section. 2. Act as an architect, give your suggestions. 3. Act as a tester, give your suggestions. 4. Response in JSON format.\", \"Example\": \"{\\\"Architect\\\":\\\"Suggestion\\\",\\\"Tester\\\":\\\"Suggestion\\\"}\", \"Context\": \"def count_binary_seq(n):\\n    count = 0\\n    for i in range(2**(2*n)):\\n        binary = bin(i)[2:].zfill(2*n)\\n        first_half = binary[:n]\\n        second_half = binary[n:]\\n        if first_half.count('1') == second_half.count('1'):\\n            count += 1\\n    return count\", \"Question\": \"Follow the Instruction. The Context section include the code.\"}",
    "Code0Revise": "def count_binary_seq(n):\n    count = 0\n    for i in range(2**n):\n        count += binomial_coef(2*n, n)\n    return count\n\ndef binomial_coef(n, k):\n    if k < 0 or k > n:\n        return 0\n    if k == 0 or k == n:\n        return 1\n    return binomial_coef(n-1, k-1) + binomial_coef(n-1, k)",
    "Code0Revise_prompt": "{\"Role\": \"You are a professional software engineer. Your duty is to write code in Python that meets the requirements. Ensure that the code you write is efficient, readable, and follows best practices. Remember, do not need to explain the code you wrote.\", \"Instruction\": \"1. Understand the suggestions(in the Context section) about the original code. 2. Rewrite your code.\", \"Example\": \"\", \"Context\": \"# Original Code:\\ndef count_binary_seq(n):\\n    count = 0\\n    for i in range(2**(2*n)):\\n        binary = bin(i)[2:].zfill(2*n)\\n        first_half = binary[:n]\\n        second_half = binary[n:]\\n        if first_half.count('1') == second_half.count('1'):\\n            count += 1\\n    return count\\n# Advices:\\n\\\"{\\\\n  \\\\\\\"Architect\\\\\\\": \\\\\\\"Instead of iterating through all possible binary sequences, consider finding a mathematical formula or algorithm to directly calculate the count of balanced binary sequences.\\\\\\\",\\\\n  \\\\\\\"Tester\\\\\\\": \\\\\\\"Test the function with various values of n to ensure that it returns the correct count of balanced binary sequences.\\\\\\\"\\\\n}\\\"\", \"Question\": \"Follow the Instruction section. Complete the following code:\\n\"}",
    "Test Cases": "{\n  \"requirement analysis\": \"The function should return the count of binary sequences as a floating point number\",\n  \"test_cases\": [\n    {\n      \"Test Title\": \"Valid Input Test\",\n      \"Input Data\": \"n=1\",\n      \"Expected Output\": \"2.0\"\n    },\n    {\n      \"Test Title\": \"Boundary Input Test\",\n      \"Input Data\": \"n=0\",\n      \"Expected Output\": \"1.0\"\n    },\n    {\n      \"Test Title\": \"Invalid Input Test\",\n      \"Input Data\": \"n=-1\",\n      \"Expected Output\": \"Input validation error\"\n    }\n  ]\n}",
    "Test Cases_prompt": "{\"Role\": \"You are a quality assurance engineer. Your duty is to design test cases for the developers.\", \"Instruction\": \"According to the Context section, write test cases. Don't write long strings in your test cases. Response in JSON format.\", \"Example\": \"{\\\"requirement analysis\\\":\\\"analysis\\\",\\\"test_cases\\\":[{\\\"Test Title\\\":\\\"title\\\", \\\"Input Data\\\":\\\"parameter1=[1,2,3],parameter2='123'\\\", \\\"Expected Output\\\":\\\"456\\\"},]}\", \"Context\": \"# ProductRequirementDocument:\\n{\\n  \\\"RevisedProductRequirementDocument\\\": {\\n    \\\"Title\\\": \\\"Count Binary Sequences\\\",\\n    \\\"Description\\\": \\\"The product requirement is to create a function that can count all binary sequences of length 2n, where the sum of the first n bits is the same as the sum of the last n bits.\\\",\\n    \\\"Features\\\": [\\n      \\\"Function to count binary sequences\\\",\\n      \\\"Validation using math.isclose with relative tolerance\\\",\\n      \\\"Enhanced input validation and error handling\\\"\\n    ],\\n    \\\"UserStories\\\": [\\n      \\\"As a user, I want to be able to input the value of n and get the count of binary sequences that meet the given condition.\\\"\\n    ],\\n    \\\"AcceptanceCriteria\\\": [\\n      \\\"The function should return the count of binary sequences as a floating point number\\\",\\n      \\\"The count should be within a relative tolerance of 0.001 when compared to the expected value\\\",\\n      \\\"Performance and scalability requirements to be specified\\\",\\n      \\\"Specific test cases for positive and negative scenarios to be included\\\",\\n      \\\"Information about expected input range and potential edge cases for testing to be provided\\\"\\n    ]\\n  }\\n}\", \"Question\": \"def count_binary_seq(n): \\n'''Write a function to find the count of all binary sequences of length 2n such that sum of first n bits is same as sum of last n bits.\\nassert math.isclose(count_binary_seq(1), 2.0, rel_tol=0.001)'''\\n\"}",
    "Test Cases Review": "{\n  \"Architect\": \"As an Architect, I would suggest adding more test cases to cover a wider range of input values, such as large input values, edge cases, and invalid input scenarios. Additionally, I would recommend revising the expected output for the 'Invalid Input Test' to be more specific and clearly defined.\",\n  \"Developer\": \"As a Developer, I would suggest reviewing the test cases to ensure they cover all possible scenarios and edge cases. It would also be helpful to add test cases that cover boundary values and invalid input scenarios. Additionally, I would recommend revising the expected output for the 'Invalid Input Test' to be more specific and clearly defined to guide the development of the function.\"\n}",
    "Test Cases Review_prompt": "{\"Role\": \"I want you to act as a different roles and then give some suggestions about how to revise the test cases.\", \"Instruction\": \"1. Read the Context section. 2. Act as an Architect, give your suggestions. 3. Act as a Developer, give your suggestions. 4. Response in JSON format.\", \"Example\": \"{\\\"Architect\\\":\\\"Suggestion\\\",\\\"Developer\\\":\\\"Suggestion\\\"}\", \"Context\": \"{\\n  \\\"requirement analysis\\\": \\\"The function should return the count of binary sequences as a floating point number\\\",\\n  \\\"test_cases\\\": [\\n    {\\n      \\\"Test Title\\\": \\\"Valid Input Test\\\",\\n      \\\"Input Data\\\": \\\"n=1\\\",\\n      \\\"Expected Output\\\": \\\"2.0\\\"\\n    },\\n    {\\n      \\\"Test Title\\\": \\\"Boundary Input Test\\\",\\n      \\\"Input Data\\\": \\\"n=0\\\",\\n      \\\"Expected Output\\\": \\\"1.0\\\"\\n    },\\n    {\\n      \\\"Test Title\\\": \\\"Invalid Input Test\\\",\\n      \\\"Input Data\\\": \\\"n=-1\\\",\\n      \\\"Expected Output\\\": \\\"Input validation error\\\"\\n    }\\n  ]\\n}\", \"Question\": \"Follow the Instruction. The Context section include the test cases.\"}",
    "Final Test Cases": "{\n  \"requirement analysis\": \"The function should return the count of binary sequences as a floating point number\",\n  \"test_cases\": [\n    {\n      \"Test Title\": \"Valid Input Test\",\n      \"Input Data\": \"n=1\",\n      \"Expected Output\": \"2.0\"\n    },\n    {\n      \"Test Title\": \"Boundary Input Test\",\n      \"Input Data\": \"n=0\",\n      \"Expected Output\": \"1.0\"\n    },\n    {\n      \"Test Title\": \"Invalid Input Test\",\n      \"Input Data\": \"n=-1\",\n      \"Expected Output\": \"Input validation error\"\n    },\n    {\n      \"Test Title\": \"Large Input Test\",\n      \"Input Data\": \"n=10000\",\n      \"Expected Output\": \"Some expected output for large input\"\n    },\n    {\n      \"Test Title\": \"Edge Case Test\",\n      \"Input Data\": \"n=2\",\n      \"Expected Output\": \"Some expected output for edge case\"\n    }\n  ]\n}",
    "Final Test Cases_prompt": "{\"Role\": \"You are a quality assurance engineer. Your duty is to revise the test cases based on the suggestions.\", \"Instruction\": \"1. Your colleague give you some suggestions(in the Context section) about the draft test cases, read these suggestions. 2. Revise your draft version test cases, but don't use long parameters. 3. Response in JSON format.\", \"Example\": \"{\\\"requirement analysis\\\":\\\"analysis\\\",\\\"test_cases\\\":[{\\\"Test Title\\\":\\\"title\\\", \\\"Input Data\\\":\\\"parameter1=[1,2,3],parameter2='123'\\\", \\\"Expected Output\\\":\\\"456\\\"},]}\", \"Context\": \"# Suggestions:\\n{\\n  \\\"Architect\\\": \\\"As an Architect, I would suggest adding more test cases to cover a wider range of input values, such as large input values, edge cases, and invalid input scenarios. Additionally, I would recommend revising the expected output for the 'Invalid Input Test' to be more specific and clearly defined.\\\",\\n  \\\"Developer\\\": \\\"As a Developer, I would suggest reviewing the test cases to ensure they cover all possible scenarios and edge cases. It would also be helpful to add test cases that cover boundary values and invalid input scenarios. Additionally, I would recommend revising the expected output for the 'Invalid Input Test' to be more specific and clearly defined to guide the development of the function.\\\"\\n}\\n # Draft Test cases:\\n{\\n  \\\"requirement analysis\\\": \\\"The function should return the count of binary sequences as a floating point number\\\",\\n  \\\"test_cases\\\": [\\n    {\\n      \\\"Test Title\\\": \\\"Valid Input Test\\\",\\n      \\\"Input Data\\\": \\\"n=1\\\",\\n      \\\"Expected Output\\\": \\\"2.0\\\"\\n    },\\n    {\\n      \\\"Test Title\\\": \\\"Boundary Input Test\\\",\\n      \\\"Input Data\\\": \\\"n=0\\\",\\n      \\\"Expected Output\\\": \\\"1.0\\\"\\n    },\\n    {\\n      \\\"Test Title\\\": \\\"Invalid Input Test\\\",\\n      \\\"Input Data\\\": \\\"n=-1\\\",\\n      \\\"Expected Output\\\": \\\"Input validation error\\\"\\n    }\\n  ]\\n}\", \"Question\": \"Follow the Instruction. Please make sure your response length are less than 512. Your test cases is for the below question:\\ndef count_binary_seq(n): \\n'''Write a function to find the count of all binary sequences of length 2n such that sum of first n bits is same as sum of last n bits.\\nassert math.isclose(count_binary_seq(1), 2.0, rel_tol=0.001)'''\\n\"}",
    "Code0": "def count_binary_seq(n):\n    def binomial_coef(n, k):\n        if k < 0 or k > n:\n            return 0\n        if k == 0 or k == n:\n            return 1\n        return binomial_coef(n-1, k-1) + binomial_coef(n-1, k)\n\n    count = 0\n    for i in range(2**n):\n        count += binomial_coef(2*n, n)\n    return count\n\n# Test Cases:\n{\n  \"requirement analysis\": \"The function should return the count of binary sequences as a floating point number\",\n  \"test_cases\": [\n    {\n      \"Test Title\": \"Valid Input Test\",\n      \"Input Data\": \"n=1\",\n      \"Expected Output\": \"2.0\"\n    },\n    {\n      \"Test Title\": \"Boundary Input Test\",\n      \"Input Data\": \"n=0\",\n      \"Expected Output\": \"1.0\"\n    },\n    {\n      \"Test Title\": \"Invalid Input Test\",\n      \"Input Data\": \"n=-1\",\n      \"Expected Output\": \"Input validation error\"\n    },\n    {\n      \"Test Title\": \"Large Input Test\",\n      \"Input Data\": \"n=10000\",\n      \"Expected Output\": \"Some expected output for large input\"\n    },\n    {\n      \"Test Title\": \"Edge Case Test\",\n      \"Input Data\": \"n=2\",\n      \"Expected Output\": \"Some expected output for edge case\"\n    }\n  ]\n}",
    "Code0_prompt": "{\"Role\": \"You are a professional software engineer. Your duty is to write code in Python that meets the requirements. Ensure that the code you write is efficient, readable, and follows best practices. Remember, do not need to explain the code you wrote.\", \"Instruction\": \"1. Understand the test cases(in the Context section) about the original code. 2. Rewrite your code, make sure your code pass all test cases.\", \"Example\": \"\", \"Context\": \"# Original Code:\\ndef count_binary_seq(n):\\n    count = 0\\n    for i in range(2**n):\\n        count += binomial_coef(2*n, n)\\n    return count\\n\\ndef binomial_coef(n, k):\\n    if k < 0 or k > n:\\n        return 0\\n    if k == 0 or k == n:\\n        return 1\\n    return binomial_coef(n-1, k-1) + binomial_coef(n-1, k)\\n# Test Cases:\\n{\\n  \\\"requirement analysis\\\": \\\"The function should return the count of binary sequences as a floating point number\\\",\\n  \\\"test_cases\\\": [\\n    {\\n      \\\"Test Title\\\": \\\"Valid Input Test\\\",\\n      \\\"Input Data\\\": \\\"n=1\\\",\\n      \\\"Expected Output\\\": \\\"2.0\\\"\\n    },\\n    {\\n      \\\"Test Title\\\": \\\"Boundary Input Test\\\",\\n      \\\"Input Data\\\": \\\"n=0\\\",\\n      \\\"Expected Output\\\": \\\"1.0\\\"\\n    },\\n    {\\n      \\\"Test Title\\\": \\\"Invalid Input Test\\\",\\n      \\\"Input Data\\\": \\\"n=-1\\\",\\n      \\\"Expected Output\\\": \\\"Input validation error\\\"\\n    },\\n    {\\n      \\\"Test Title\\\": \\\"Large Input Test\\\",\\n      \\\"Input Data\\\": \\\"n=10000\\\",\\n      \\\"Expected Output\\\": \\\"Some expected output for large input\\\"\\n    },\\n    {\\n      \\\"Test Title\\\": \\\"Edge Case Test\\\",\\n      \\\"Input Data\\\": \\\"n=2\\\",\\n      \\\"Expected Output\\\": \\\"Some expected output for edge case\\\"\\n    }\\n  ]\\n}\", \"Question\": \"def count_binary_seq(n): \\n'''Write a function to find the count of all binary sequences of length 2n such that sum of first n bits is same as sum of last n bits.\\nassert math.isclose(count_binary_seq(1), 2.0, rel_tol=0.001)'''\\n\"}",
    "TestScriptOriginal": "import unittest\nimport math\n\ndef count_binary_seq(n):\n    # Your implementation of the count_binary_seq function here\n    pass\n\nclass Test(unittest.TestCase):\n    def test(self):\n        self.assertAlmostEqual(count_binary_seq(1), 2.0, delta=0.001)\n\nif __name__ == '__main__':\n    unittest.main()",
    "TestScriptOriginal_prompt": "{\"Role\": \"You are a quality assurance engineer. Your duty is to write a python test script in unittest framework.\", \"Instruction\": \"1. Write a python test script. 2. Use the input and output given by the question.\", \"Example\": \"import unittest\\n\\nclass Test(unittest.TestCase):\\n    def test(self):\\n        self.assertEqual(function_under_test('a'), 1)\\n\\nif __name__ == '__main__':\\n    unittest.main()\", \"Context\": \"\", \"Question\": \"def count_binary_seq(n): \\n'''Write a function to find the count of all binary sequences of length 2n such that sum of first n bits is same as sum of last n bits.\\nassert math.isclose(count_binary_seq(1), 2.0, rel_tol=0.001)'''\\n\"}",
    "TestScript": "import unittest\nimport math\n\nclass Test(unittest.TestCase):\n    def test(self):\n        self.assertAlmostEqual(count_binary_seq(1), 2.0, delta=0.001)\n\nif __name__ == '__main__':\n    unittest.main()",
    "TestScript_prompt": "{\"Role\": \"You are a quality assurance engineer. Your duty is to write a python test script in unittest framework.\", \"Instruction\": \"1. Write a python test script. 2. Use the input and output given by the question.\", \"Example\": \"import unittest\\n\\nclass Test(unittest.TestCase):\\n    def test(self):\\n        self.assertEqual(function_under_test('a'), 1)\\n\\nif __name__ == '__main__':\\n    unittest.main()\", \"Context\": \"\", \"Question\": \"def count_binary_seq(n): \\n'''Write a function to find the count of all binary sequences of length 2n such that sum of first n bits is same as sum of last n bits.\\nassert math.isclose(count_binary_seq(1), 2.0, rel_tol=0.001)'''\\n\"}",
    "ScriptResult0": "F\n======================================================================\nFAIL: test (__main__.Test)\n----------------------------------------------------------------------\nTraceback (most recent call last):\n  File \"/Users/watch/PycharmProjects/XXXX-1-LLM/workspace/2024-03-10_19-12-40-315868/test_script.py\", line 50, in test\n    self.assertAlmostEqual(count_binary_seq(1), 2.0, delta=0.001)\nAssertionError: 4 != 2.0 within 0.001 delta (2.0 difference)\n\n----------------------------------------------------------------------\nRan 1 test in 0.000s\n\nFAILED (failures=1)\n",
    "TestReport0": "Test Report:\n\nTest Script Output:\n======================================================================\nFAIL: test (__main__.Test)\n----------------------------------------------------------------------\nTraceback (most recent call last):\n  File \"/Users/watch/PycharmProjects/XXXX-1-LLM/workspace/2024-03-10_19-12-40-315868/test_script.py\", line 50, in test\n    self.assertAlmostEqual(count_binary_seq(1), 2.0, delta=0.001)\nAssertionError: 4 != 2.0 within 0.001 delta (2.0 difference)\n\n----------------------------------------------------------------------\nRan 1 test in 0.000s\n\nFAILED (failures=1)\n\nConclusion:\nCode Test Failed\n\nInput and Expected Output Example:\nInput: count_binary_seq(1)\nExpected Output: 2.0\n\nThe code failed the test as the expected output was 2.0 but the actual output was 4.\n\nReport generated based on the provided test script output.",
    "RepairResponse1": "{\n  \"revised_code\": \"import math\\n\\ndef count_binary_seq(n):\\n    def binomial_coef(n, k):\\n        if k < 0 or k > n:\\n            return 0\\n        if k == 0 or k == n:\\n            return 1\\n        return binomial_coef(n-1, k-1) + binomial_coef(n-1, k)\\n\\n    count = 0\\n    for i in range(2**n):\\n        count += binomial_coef(2*n, i)\\n    return count / (2**n)\"\n}",
    "RepairResponse1_prompt": "{\"Role\": \"You are a professional software engineer. Your duty is to write code in Python that meets the requirements. Ensure that the code you write is efficient, readable, and follows best practices. Remember, do not need to explain the code you wrote.\", \"Instruction\": \"1. Rewrite a bug fix version of the original code. 2. Response in JSON format.\", \"Example\": \"{\\\"revised_code\\\":\\\"...\\\"}\", \"Context\": \"# the original code:\\ndef count_binary_seq(n):\\n    def binomial_coef(n, k):\\n        if k < 0 or k > n:\\n            return 0\\n        if k == 0 or k == n:\\n            return 1\\n        return binomial_coef(n-1, k-1) + binomial_coef(n-1, k)\\n\\n    count = 0\\n    for i in range(2**n):\\n        count += binomial_coef(2*n, n)\\n    return count\\n\\n# Test Cases:\\n{\\n  \\\"requirement analysis\\\": \\\"The function should return the count of binary sequences as a floating point number\\\",\\n  \\\"test_cases\\\": [\\n    {\\n      \\\"Test Title\\\": \\\"Valid Input Test\\\",\\n      \\\"Input Data\\\": \\\"n=1\\\",\\n      \\\"Expected Output\\\": \\\"2.0\\\"\\n    },\\n    {\\n      \\\"Test Title\\\": \\\"Boundary Input Test\\\",\\n      \\\"Input Data\\\": \\\"n=0\\\",\\n      \\\"Expected Output\\\": \\\"1.0\\\"\\n    },\\n    {\\n      \\\"Test Title\\\": \\\"Invalid Input Test\\\",\\n      \\\"Input Data\\\": \\\"n=-1\\\",\\n      \\\"Expected Output\\\": \\\"Input validation error\\\"\\n    },\\n    {\\n      \\\"Test Title\\\": \\\"Large Input Test\\\",\\n      \\\"Input Data\\\": \\\"n=10000\\\",\\n      \\\"Expected Output\\\": \\\"Some expected output for large input\\\"\\n    },\\n    {\\n      \\\"Test Title\\\": \\\"Edge Case Test\\\",\\n      \\\"Input Data\\\": \\\"n=2\\\",\\n      \\\"Expected Output\\\": \\\"Some expected output for edge case\\\"\\n    }\\n  ]\\n}\\n# test report:\\nTest Report:\\n\\nTest Script Output:\\n======================================================================\\nFAIL: test (__main__.Test)\\n----------------------------------------------------------------------\\nTraceback (most recent call last):\\n  File \\\"/Users/watch/PycharmProjects/XXXX-1-LLM/workspace/2024-03-10_19-12-40-315868/test_script.py\\\", line 50, in test\\n    self.assertAlmostEqual(count_binary_seq(1), 2.0, delta=0.001)\\nAssertionError: 4 != 2.0 within 0.001 delta (2.0 difference)\\n\\n----------------------------------------------------------------------\\nRan 1 test in 0.000s\\n\\nFAILED (failures=1)\\n\\nConclusion:\\nCode Test Failed\\n\\nInput and Expected Output Example:\\nInput: count_binary_seq(1)\\nExpected Output: 2.0\\n\\nThe code failed the test as the expected output was 2.0 but the actual output was 4.\\n\\nReport generated based on the provided test script output.\", \"Question\": \"The original code has some bugs, according to the test report and suggestions, rewrite the code. Complete the following code:\\ndef count_binary_seq(n): \\n'''Write a function to find the count of all binary sequences of length 2n such that sum of first n bits is same as sum of last n bits.\\nassert math.isclose(count_binary_seq(1), 2.0, rel_tol=0.001)'''\\n\"}",
    "Code1": "import math\n\ndef count_binary_seq(n):\n    def binomial_coef(n, k):\n        if k < 0 or k > n:\n            return 0\n        if k == 0 or k == n:\n            return 1\n        return binomial_coef(n-1, k-1) + binomial_coef(n-1, k)\n\n    count = 0\n    for i in range(2**n):\n        count += binomial_coef(2*n, i)\n    return count / (2**n)",
    "ScriptResult1": "F\n======================================================================\nFAIL: test (__main__.Test)\n----------------------------------------------------------------------\nTraceback (most recent call last):\n  File \"/Users/watch/PycharmProjects/XXXX-1-LLM/workspace/2024-03-10_19-12-40-315868/test_script.py\", line 20, in test\n    self.assertAlmostEqual(count_binary_seq(1), 2.0, delta=0.001)\nAssertionError: 1.5 != 2.0 within 0.001 delta (0.5 difference)\n\n----------------------------------------------------------------------\nRan 1 test in 0.000s\n\nFAILED (failures=1)\n",
    "TestReport1": "Test Report\n\nTest Script Output:\n======================================================================\nFAIL: test (__main__.Test)\n----------------------------------------------------------------------\nTraceback (most recent call last):\n  File \"/Users/watch/PycharmProjects/XXXX-1-LLM/workspace/2024-03-10_19-12-40-315868/test_script.py\", line 20, in test\n    self.assertAlmostEqual(count_binary_seq(1), 2.0, delta=0.001)\nAssertionError: 1.5 != 2.0 within 0.001 delta (0.5 difference)\n\n----------------------------------------------------------------------\nRan 1 test in 0.000s\n\nFAILED (failures=1)\n\nTest Report:\nThe code has failed the test as per the test script's output. The specific failure is in the test method \"__main__.Test\". The expected output for the input of 1 is 2.0, but the actual output is 1.5, which is a 0.5 difference.\n\nConclusion: Code Test Failed\n\nNote: The input and expected output examples are already provided in the test script's output.\n\nEnd of Test Report.",
    "RepairResponse2": "{\n  \"revised_code\": \"import math\\n\\ndef count_binary_seq(n):\\n    def binomial_coef(n, k):\\n        if k < 0 or k > n:\\n            return 0\\n        if k == 0 or k == n:\\n            return 1\\n        return binomial_coef(n-1, k-1) + binomial_coef(n-1, k)\\n\\n    count = 0\\n    for i in range(n+1):\\n        count += binomial_coef(2*n, i)\\n    return count / (2**n)\"\n}",
    "RepairResponse2_prompt": "{\"Role\": \"You are a professional software engineer. Your duty is to write code in Python that meets the requirements. Ensure that the code you write is efficient, readable, and follows best practices. Remember, do not need to explain the code you wrote.\", \"Instruction\": \"1. Rewrite a bug fix version of the original code. 2. Response in JSON format.\", \"Example\": \"{\\\"revised_code\\\":\\\"...\\\"}\", \"Context\": \"# the original code:\\nimport math\\n\\ndef count_binary_seq(n):\\n    def binomial_coef(n, k):\\n        if k < 0 or k > n:\\n            return 0\\n        if k == 0 or k == n:\\n            return 1\\n        return binomial_coef(n-1, k-1) + binomial_coef(n-1, k)\\n\\n    count = 0\\n    for i in range(2**n):\\n        count += binomial_coef(2*n, i)\\n    return count / (2**n)\\n# test report:\\nTest Report\\n\\nTest Script Output:\\n======================================================================\\nFAIL: test (__main__.Test)\\n----------------------------------------------------------------------\\nTraceback (most recent call last):\\n  File \\\"/Users/watch/PycharmProjects/XXXX-1-LLM/workspace/2024-03-10_19-12-40-315868/test_script.py\\\", line 20, in test\\n    self.assertAlmostEqual(count_binary_seq(1), 2.0, delta=0.001)\\nAssertionError: 1.5 != 2.0 within 0.001 delta (0.5 difference)\\n\\n----------------------------------------------------------------------\\nRan 1 test in 0.000s\\n\\nFAILED (failures=1)\\n\\nTest Report:\\nThe code has failed the test as per the test script's output. The specific failure is in the test method \\\"__main__.Test\\\". The expected output for the input of 1 is 2.0, but the actual output is 1.5, which is a 0.5 difference.\\n\\nConclusion: Code Test Failed\\n\\nNote: The input and expected output examples are already provided in the test script's output.\\n\\nEnd of Test Report.\", \"Question\": \"The original code has some bugs, according to the test report and suggestions, rewrite the code. Complete the following code:\\ndef count_binary_seq(n): \\n'''Write a function to find the count of all binary sequences of length 2n such that sum of first n bits is same as sum of last n bits.\\nassert math.isclose(count_binary_seq(1), 2.0, rel_tol=0.001)'''\\n\"}",
    "Code2": "import math\n\ndef count_binary_seq(n):\n    def binomial_coef(n, k):\n        if k < 0 or k > n:\n            return 0\n        if k == 0 or k == n:\n            return 1\n        return binomial_coef(n-1, k-1) + binomial_coef(n-1, k)\n\n    count = 0\n    for i in range(n+1):\n        count += binomial_coef(2*n, i)\n    return count / (2**n)",
    "ScriptResult2": "F\n======================================================================\nFAIL: test (__main__.Test)\n----------------------------------------------------------------------\nTraceback (most recent call last):\n  File \"/Users/watch/PycharmProjects/XXXX-1-LLM/workspace/2024-03-10_19-12-40-315868/test_script.py\", line 20, in test\n    self.assertAlmostEqual(count_binary_seq(1), 2.0, delta=0.001)\nAssertionError: 1.5 != 2.0 within 0.001 delta (0.5 difference)\n\n----------------------------------------------------------------------\nRan 1 test in 0.000s\n\nFAILED (failures=1)\n",
    "TestReport2": "Test Report:\n\nTest Script Output:\n======================================================================\nFAIL: test (__main__.Test)\n----------------------------------------------------------------------\nTraceback (most recent call last):\n  File \"/Users/watch/PycharmProjects/XXXX-1-LLM/workspace/2024-03-10_19-12-40-315868/test_script.py\", line 20, in test\n    self.assertAlmostEqual(count_binary_seq(1), 2.0, delta=0.001)\nAssertionError: 1.5 != 2.0 within 0.001 delta (0.5 difference)\n\n----------------------------------------------------------------------\nRan 1 test in 0.000s\n\nFAILED (failures=1)\n\nTest Report:\nThe test script output indicates a failure in the test case. The expected output was 2.0, but the actual output was 1.5, with a difference of 0.5. This resulted in a failed assertion.\n\nConclusion:\nCode Test Failed. \n\nExample of Input and Expected Output:\nInput: 1\nExpected Output: 2.0\n\nPlease review the code and make necessary changes to address the failed test case.",
    "FinalCode": "import math\n\ndef count_binary_seq(n):\n    def binomial_coef(n, k):\n        if k < 0 or k > n:\n            return 0\n        if k == 0 or k == n:\n            return 1\n        return binomial_coef(n-1, k-1) + binomial_coef(n-1, k)\n\n    count = 0\n    for i in range(n+1):\n        count += binomial_coef(2*n, i)\n    return count / (2**n)"
}