{
    "start_time": "2024-02-13_15-16-07-889761",
    "task": "\n\ndef skjkasdkd(lst):\n    \"\"\"You are given a list of integers.\n    You need to find the largest prime value and return the sum of its digits.\n\n    Examples:\n    For lst = [0,3,2,1,3,5,7,4,5,5,5,2,181,32,4,32,3,2,32,324,4,3] the output should be 10\n    For lst = [1,0,1,8,2,4597,2,1,3,40,1,2,1,2,4,2,5,1] the output should be 25\n    For lst = [1,3,1,32,5107,34,83278,109,163,23,2323,32,30,1,9,3] the output should be 13\n    For lst = [0,724,32,71,99,32,6,0,5,91,83,0,5,6] the output should be 11\n    For lst = [0,81,12,3,1,21] the output should be 3\n    For lst = [0,8,1,2,1,7] the output should be 7\n    \"\"\"\n",
    "datetime": {
        "task": "2024-02-13 15:16:07",
        "task-id": "2024-02-13 15:16:07",
        "workflow": "2024-02-13 15:16:07",
        "Discussion": "2024-02-13 15:16:14",
        "DisorderedSprintMeetings": "2024-02-13 15:16:17",
        "DesignDraft0": "2024-02-13 15:16:19",
        "DesignMeetings0": "2024-02-13 15:16:23",
        "Design0": "2024-02-13 15:16:28",
        "CodeDraft0": "2024-02-13 15:16:32",
        "CodeReviewMeetings0": "2024-02-13 15:16:33",
        "Code0CR": "2024-02-13 15:16:41",
        "FinalCode": "2024-02-13 15:18:14",
        "Test Cases Draft": "2024-02-13 15:16:43",
        "Test Cases Meetings": "2024-02-13 15:16:50",
        "Test Cases": "2024-02-13 15:16:59",
        "Code0": "2024-02-13 15:17:04",
        "TestScriptOriginal": "2024-02-13 15:17:11",
        "TestScript": "2024-02-13 15:17:11",
        "ScriptResult0": "2024-02-13 15:17:11",
        "TestReport0": "2024-02-13 15:17:18",
        "SprintReview0": "2024-02-13 15:17:24",
        "SprintReviewMeetings0": "2024-02-13 15:17:27",
        "RepairResponse0": "2024-02-13 15:17:29",
        "Code1": "2024-02-13 15:17:29",
        "ScriptResult1": "2024-02-13 15:17:29",
        "TestReport1": "2024-02-13 15:17:35",
        "SprintReview1": "2024-02-13 15:17:41",
        "SprintReviewMeetings1": "2024-02-13 15:17:47",
        "RepairResponse1": "2024-02-13 15:17:51",
        "Code2": "2024-02-13 15:17:51",
        "ScriptResult2": "2024-02-13 15:17:51",
        "TestReport2": "2024-02-13 15:17:55",
        "SprintReview2": "2024-02-13 15:18:02",
        "SprintReviewMeetings2": "2024-02-13 15:18:08",
        "RepairResponse2": "2024-02-13 15:18:14",
        "Code3": "2024-02-13 15:18:14",
        "ScriptResult3": "2024-02-13 15:18:14",
        "TestReport3": "2024-02-13 15:18:15"
    },
    "task-id": "HumanEval/94",
    "workflow": "agile/agile_version_0.0.5_remove_stage.json",
    "Discussion": "[ScrumMaster]says: We have a job: \n\ndef skjkasdkd(lst):\n    \"\"\"You are given a list of integers.\n    You need to find the largest prime value and return the sum of its digits.\n\n    Examples:\n    For lst = [0,3,2,1,3,5,7,4,5,5,5,2,181,32,4,32,3,2,32,324,4,3] the output should be 10\n    For lst = [1,0,1,8,2,4597,2,1,3,40,1,2,1,2,4,2,5,1] the output should be 25\n    For lst = [1,3,1,32,5107,34,83278,109,163,23,2323,32,30,1,9,3] the output should be 13\n    For lst = [0,724,32,71,99,32,6,0,5,91,83,0,5,6] the output should be 11\n    For lst = [0,81,12,3,1,21] the output should be 3\n    For lst = [0,8,1,2,1,7] the output should be 7\n    \"\"\"\n, do you have any ideas?\n-----\n\n[Tester]says: As a Tester, I suggest writing test cases for different scenarios to ensure the skjkasdkd function works correctly.\n-----\n\n[Developer]says: As a Developer, I will start by writing a function to find the largest prime value in the given list and then return the sum of its digits.\n-----\n\n[Developer]says: As a Developer, I will also consider error handling and edge cases when writing the function to find the largest prime value and return the sum of its digits.\n-----\n\n[ProductOwner]says: As a Product Owner, I think the first step is to prioritize the requirements for this function and gather user stories to define the expected behavior.\n-----\n\n[Tester]says: As a Tester, I suggest writing test cases for different scenarios to ensure the skjkasdkd function works correctly.\n-----\n\n[Architect]says: As an Architect, I think the first step is to analyze the current code and identify the algorithm to find the largest prime value in the list.\n-----\n\n[ProductOwner]says: As a Product Owner, I will prioritize the requirements for this function and gather user stories to define the expected behavior.\n-----\n\n[Architect]says: As an Architect, I will analyze the current code and identify the algorithm to find the largest prime value in the list.\n-----\n",
    "DisorderedSprintMeetings": "{\n  \"product-owner\": [\n    \"Prioritize requirements for the function\",\n    \"Gather user stories to define the expected behavior\"\n  ],\n  \"architect\": [\n    \"Analyze the current code\",\n    \"Identify the algorithm to find the largest prime value in the list\"\n  ],\n  \"developer\": [\n    \"Write a function to find the largest prime value in the given list\",\n    \"Consider error handling and edge cases\"\n  ],\n  \"tester\": [\n    \"Write test cases for different scenarios to ensure the function works correctly\"\n  ]\n}",
    "DisorderedSprintMeetings_prompt": "{\"Role\": \"You are a professional scrum master. Your goal is to breakdown the Discussion History into a task list for the scrum team.\", \"Instruction\": \"1. Read and Understand the Discussion History. 2. Define the tasks for four roles: product-owner/architect/developer/tester. 3. Response in JSON format.\", \"Example\": \"{\\\"product-owner\\\":[\\\"task1\\\",\\\"task2\\\"],\\\"architect\\\":[\\\"task1\\\",\\\"task2\\\"], \\\"developer\\\":[\\\"task1\\\",\\\"task2\\\"], \\\"tester\\\":[\\\"task1\\\",\\\"task2\\\"]}\", \"Context\": \"[ScrumMaster]says: We have a job: \\n\\ndef skjkasdkd(lst):\\n    \\\"\\\"\\\"You are given a list of integers.\\n    You need to find the largest prime value and return the sum of its digits.\\n\\n    Examples:\\n    For lst = [0,3,2,1,3,5,7,4,5,5,5,2,181,32,4,32,3,2,32,324,4,3] the output should be 10\\n    For lst = [1,0,1,8,2,4597,2,1,3,40,1,2,1,2,4,2,5,1] the output should be 25\\n    For lst = [1,3,1,32,5107,34,83278,109,163,23,2323,32,30,1,9,3] the output should be 13\\n    For lst = [0,724,32,71,99,32,6,0,5,91,83,0,5,6] the output should be 11\\n    For lst = [0,81,12,3,1,21] the output should be 3\\n    For lst = [0,8,1,2,1,7] the output should be 7\\n    \\\"\\\"\\\"\\n, do you have any ideas?\\n-----\\n\\n[Tester]says: As a Tester, I suggest writing test cases for different scenarios to ensure the skjkasdkd function works correctly.\\n-----\\n\\n[Developer]says: As a Developer, I will start by writing a function to find the largest prime value in the given list and then return the sum of its digits.\\n-----\\n\\n[Developer]says: As a Developer, I will also consider error handling and edge cases when writing the function to find the largest prime value and return the sum of its digits.\\n-----\\n\\n[ProductOwner]says: As a Product Owner, I think the first step is to prioritize the requirements for this function and gather user stories to define the expected behavior.\\n-----\\n\\n[Tester]says: As a Tester, I suggest writing test cases for different scenarios to ensure the skjkasdkd function works correctly.\\n-----\\n\\n[Architect]says: As an Architect, I think the first step is to analyze the current code and identify the algorithm to find the largest prime value in the list.\\n-----\\n\\n[ProductOwner]says: As a Product Owner, I will prioritize the requirements for this function and gather user stories to define the expected behavior.\\n-----\\n\\n[Architect]says: As an Architect, I will analyze the current code and identify the algorithm to find the largest prime value in the list.\\n-----\\n\", \"Question\": \"Follow the Instruction section. The Discussion History is in the Context section. You only need to return a task list as the Example section.\"}",
    "DesignDraft0": "Design:\n\n1. Analyze the current code to understand the existing logic and structure of the function skjkasdkd.\n2. Identify the algorithm to find the largest prime value in the list.\n3. Use a suitable algorithmic approach to efficiently find the largest prime value in the given list of integers.\n4. Create a separate function or code segment to determine if a number is prime or not.\n5. Implement error handling to handle cases where the input list is empty or contains no prime numbers.\n6. Guide the developer to write clean and readable code with descriptive variable names and comments.\n7. Provide guidance on handling edge cases, such as duplicate prime numbers and negative integers in the list.\n8. Emphasize the importance of testing the code with various input scenarios to ensure its accuracy and effectiveness.",
    "DesignMeetings0": "{\n  \"Developer\": \"1. Understand the existing logic and structure of the function skjkasdkd to ensure that the new code integrates smoothly with the existing code. 2. Choose an efficient algorithm to find the largest prime value in the list. 3. Write clean and readable code with descriptive variable names and comments. 4. Implement error handling for cases where the input list is empty or contains no prime numbers. 5. Handle edge cases such as duplicate prime numbers and negative integers in the list.\",\n  \"Tester\": \"1. Test the code with various input scenarios to ensure its accuracy and effectiveness. 2. Check for error handling in cases where the input list is empty or contains no prime numbers. 3. Verify the handling of edge cases such as duplicate prime numbers and negative integers in the list.\"\n}",
    "Design0": "Based on the suggestions and draft version, I propose the following new design:\n\nDesign:\n\n1. Analyze the current code to understand the existing logic and structure of the function skjkasdkd.\n2. Identify the algorithm to find the largest prime value in the list.\n3. Use a suitable algorithmic approach to efficiently find the largest prime value in the given list of integers.\n4. Create a separate function or code segment to determine if a number is prime or not.\n5. Implement error handling to handle cases where the input list is empty or contains no prime numbers.\n6. Guide the developer to write clean and readable code with descriptive variable names and comments.\n7. Provide guidance on handling edge cases, such as duplicate prime numbers and negative integers in the list.\n8. Emphasize the importance of testing the code with various input scenarios to ensure its accuracy and effectiveness.",
    "CodeDraft0": "def skjkasdkd(lst):\n    # Your code goes here\n    pass",
    "CodeDraft0_prompt": {
        "Role": "You are a professional engineer. Your duty is to write code in Python that meets the requirements. Ensure that the code you write is efficient, readable, and follows best practices. Remember, do not need to explain the code you wrote.",
        "Instruction": "According to the Context section, write your code.",
        "Example": "",
        "Context": "# Tasks:\n['Write a function to find the largest prime value in the given list', 'Consider error handling and edge cases']\n# Design:\nBased on the suggestions and draft version, I propose the following new design:\n\nDesign:\n\n1. Analyze the current code to understand the existing logic and structure of the function skjkasdkd.\n2. Identify the algorithm to find the largest prime value in the list.\n3. Use a suitable algorithmic approach to efficiently find the largest prime value in the given list of integers.\n4. Create a separate function or code segment to determine if a number is prime or not.\n5. Implement error handling to handle cases where the input list is empty or contains no prime numbers.\n6. Guide the developer to write clean and readable code with descriptive variable names and comments.\n7. Provide guidance on handling edge cases, such as duplicate prime numbers and negative integers in the list.\n8. Emphasize the importance of testing the code with various input scenarios to ensure its accuracy and effectiveness.",
        "Question": "Follow the Instruction section. Complete the following code:\n\n\ndef skjkasdkd(lst):\n    \"\"\"You are given a list of integers.\n    You need to find the largest prime value and return the sum of its digits.\n\n    Examples:\n    For lst = [0,3,2,1,3,5,7,4,5,5,5,2,181,32,4,32,3,2,32,324,4,3] the output should be 10\n    For lst = [1,0,1,8,2,4597,2,1,3,40,1,2,1,2,4,2,5,1] the output should be 25\n    For lst = [1,3,1,32,5107,34,83278,109,163,23,2323,32,30,1,9,3] the output should be 13\n    For lst = [0,724,32,71,99,32,6,0,5,91,83,0,5,6] the output should be 11\n    For lst = [0,81,12,3,1,21] the output should be 3\n    For lst = [0,8,1,2,1,7] the output should be 7\n    \"\"\"\n"
    },
    "CodeReviewMeetings0": "{\n  \"Architect\": \"Consider adding comments to explain the purpose of the function and any parameters. Also, consider using more meaningful variable and function names for better readability and maintainability.\",\n  \"Tester\": \"It's important to test the function with various input cases, including empty lists, lists with different data types, and large lists to ensure it behaves as expected in all scenarios.\"\n}",
    "Code0CR": "def find_largest_prime_sum(lst):\n    \"\"\"\n    You are given a list of integers.\n    You need to find the largest prime value and return the sum of its digits.\n\n    Examples:\n    For lst = [0,3,2,1,3,5,7,4,5,5,5,2,181,32,4,32,3,2,32,324,4,3] the output should be 10\n    For lst = [1,0,1,8,2,4597,2,1,3,40,1,2,1,2,4,2,5,1] the output should be 25\n    For lst = [1,3,1,32,5107,34,83278,109,163,23,2323,32,30,1,9,3] the output should be 13\n    For lst = [0,724,32,71,99,32,6,0,5,91,83,0,5,6] the output should be 11\n    For lst = [0,81,12,3,1,21] the output should be 3\n    For lst = [0,8,1,2,1,7] the output should be 7\n    \"\"\"\n\n    def is_prime(n):\n        if n <= 1:\n            return False\n        for i in range(2, int(n ** 0.5) + 1):\n            if n % i == 0:\n                return False\n        return True\n\n    prime_numbers = [num for num in lst if is_prime(num)]\n    if not prime_numbers:\n        return 0\n\n    max_prime = max(prime_numbers)\n    return sum([int(digit) for digit in str(max_prime))",
    "Code0CR_prompt": "{\"Role\": \"You are a professional software engineer. Your duty is to write code in Python that meets the requirements. Ensure that the code you write is efficient, readable, and follows best practices. Remember, do not need to explain the code you wrote.\", \"Instruction\": \"1. Understand the suggestions(in the Context section) about the original code. 2. Rewrite your code.\", \"Example\": \"\", \"Context\": \"# Tasks:\\n['Write a function to find the largest prime value in the given list', 'Consider error handling and edge cases']\\n# Design:\\nBased on the suggestions and draft version, I propose the following new design:\\n\\nDesign:\\n\\n1. Analyze the current code to understand the existing logic and structure of the function skjkasdkd.\\n2. Identify the algorithm to find the largest prime value in the list.\\n3. Use a suitable algorithmic approach to efficiently find the largest prime value in the given list of integers.\\n4. Create a separate function or code segment to determine if a number is prime or not.\\n5. Implement error handling to handle cases where the input list is empty or contains no prime numbers.\\n6. Guide the developer to write clean and readable code with descriptive variable names and comments.\\n7. Provide guidance on handling edge cases, such as duplicate prime numbers and negative integers in the list.\\n8. Emphasize the importance of testing the code with various input scenarios to ensure its accuracy and effectiveness.# Suggestions:\\n{\\n  \\\"Architect\\\": \\\"Consider adding comments to explain the purpose of the function and any parameters. Also, consider using more meaningful variable and function names for better readability and maintainability.\\\",\\n  \\\"Tester\\\": \\\"It's important to test the function with various input cases, including empty lists, lists with different data types, and large lists to ensure it behaves as expected in all scenarios.\\\"\\n}\", \"Question\": \"Follow the Instruction section. Complete the following code:\\n\\n\\ndef skjkasdkd(lst):\\n    \\\"\\\"\\\"You are given a list of integers.\\n    You need to find the largest prime value and return the sum of its digits.\\n\\n    Examples:\\n    For lst = [0,3,2,1,3,5,7,4,5,5,5,2,181,32,4,32,3,2,32,324,4,3] the output should be 10\\n    For lst = [1,0,1,8,2,4597,2,1,3,40,1,2,1,2,4,2,5,1] the output should be 25\\n    For lst = [1,3,1,32,5107,34,83278,109,163,23,2323,32,30,1,9,3] the output should be 13\\n    For lst = [0,724,32,71,99,32,6,0,5,91,83,0,5,6] the output should be 11\\n    For lst = [0,81,12,3,1,21] the output should be 3\\n    For lst = [0,8,1,2,1,7] the output should be 7\\n    \\\"\\\"\\\"\\n\"}",
    "FinalCode": "def sum_of_digits_of_largest_prime(lst):\n    def is_prime(n):\n        if n <= 1:\n            return False\n        for i in range(2, int(n**0.5) + 1):\n            if n % i == 0:\n                return False\n        return True\n\n    max_prime = 0\n    for num in lst:\n        if is_prime(num) and num > max_prime:\n            max_prime = num\n    if max_prime == 0:\n        return 0\n    else:\n        return sum(int(i) for i in str(max_prime))",
    "Test Cases Draft": "{\n  \"requirement_analysis\": \"You are given a list of integers. You need to find the largest prime value and return the sum of its digits.\",\n  \"test_cases\": [\n    {\n      \"Test Title\": \"Empty List\",\n      \"Input Data\": \"parameter1=[]\",\n      \"Expected Output\": \"0\"\n    },\n    {\n      \"Test Title\": \"All Non-Prime Numbers\",\n      \"Input Data\": \"parameter1=[4, 6, 8, 9, 10]\",\n      \"Expected Output\": \"0\"\n    },\n    {\n      \"Test Title\": \"List with Prime Numbers\",\n      \"Input Data\": \"parameter1=[1, 2, 3, 4, 5, 6, 7, 8, 9]\",\n      \"Expected Output\": \"12\"\n    }\n  ]\n}",
    "Test Cases Draft_prompt": "{\"Role\": \"You are a quality assurance engineer. Your duty is to design test cases for the developers.\", \"Instruction\": \"According to the Context section, write test cases. Don't write long strings in your test cases. Response in JSON format.\", \"Example\": \"{\\\"requirement analysis\\\":\\\"analysis\\\",\\\"test_cases\\\":[{\\\"Test Title\\\":\\\"title\\\", \\\"Input Data\\\":\\\"parameter1=[1,2,3],parameter2='123'\\\", \\\"Expected Output\\\":\\\"456\\\"},]}\", \"Context\": \"# Tasks:\\n['Write test cases for different scenarios to ensure the function works correctly']\\n# Design:\\nBased on the suggestions and draft version, I propose the following new design:\\n\\nDesign:\\n\\n1. Analyze the current code to understand the existing logic and structure of the function skjkasdkd.\\n2. Identify the algorithm to find the largest prime value in the list.\\n3. Use a suitable algorithmic approach to efficiently find the largest prime value in the given list of integers.\\n4. Create a separate function or code segment to determine if a number is prime or not.\\n5. Implement error handling to handle cases where the input list is empty or contains no prime numbers.\\n6. Guide the developer to write clean and readable code with descriptive variable names and comments.\\n7. Provide guidance on handling edge cases, such as duplicate prime numbers and negative integers in the list.\\n8. Emphasize the importance of testing the code with various input scenarios to ensure its accuracy and effectiveness.\", \"Question\": \"\\n\\ndef skjkasdkd(lst):\\n    \\\"\\\"\\\"You are given a list of integers.\\n    You need to find the largest prime value and return the sum of its digits.\\n\\n    Examples:\\n    For lst = [0,3,2,1,3,5,7,4,5,5,5,2,181,32,4,32,3,2,32,324,4,3] the output should be 10\\n    For lst = [1,0,1,8,2,4597,2,1,3,40,1,2,1,2,4,2,5,1] the output should be 25\\n    For lst = [1,3,1,32,5107,34,83278,109,163,23,2323,32,30,1,9,3] the output should be 13\\n    For lst = [0,724,32,71,99,32,6,0,5,91,83,0,5,6] the output should be 11\\n    For lst = [0,81,12,3,1,21] the output should be 3\\n    For lst = [0,8,1,2,1,7] the output should be 7\\n    \\\"\\\"\\\"\\n\"}",
    "Test Cases Meetings": "{\n  \"Architect\": \"As an Architect, I would suggest adding more test cases to cover edge cases such as negative numbers, large numbers, and a mix of prime and non-prime numbers in the list. Also, it would be beneficial to include test cases for scenarios where the largest prime value has multiple digits to ensure the functionality works as expected.\"\n  ,\n  \"Developer\": \"As a Developer, I would recommend revising the test cases to include assertions for handling invalid inputs such as non-integer values in the list. Additionally, it would be beneficial to add test cases for performance testing to ensure the function performs efficiently with large input sets.\"\n}",
    "Test Cases": "{\n  \"requirement analysis\": \"You are given a list of integers. You need to find the largest prime value and return the sum of its digits.\",\n  \"test_cases\": [\n    {\n      \"Test Title\": \"Empty List\",\n      \"Input Data\": \"parameter1=[]\",\n      \"Expected Output\": \"0\"\n    },\n    {\n      \"Test Title\": \"All Non-Prime Numbers\",\n      \"Input Data\": \"parameter1=[4, 6, 8, 9, 10]\",\n      \"Expected Output\": \"0\"\n    },\n    {\n      \"Test Title\": \"List with Prime Numbers\",\n      \"Input Data\": \"parameter1=[1, 2, 3, 4, 5, 6, 7, 8, 9]\",\n      \"Expected Output\": \"12\"\n    },\n    {\n      \"Test Title\": \"Negative Numbers\",\n      \"Input Data\": \"parameter1=[-1, -2, -3, -4, -5]\",\n      \"Expected Output\": \"0\"\n    },\n    {\n      \"Test Title\": \"Large Numbers\",\n      \"Input Data\": \"parameter1=[1000, 10000, 100000]\",\n      \"Expected Output\": \"0\"\n    },\n    {\n      \"Test Title\": \"Mix of Prime and Non-Prime Numbers\",\n      \"Input Data\": \"parameter1=[1, 2, 3, 4, 5, 6, 7, 8, 9, 10]\",\n      \"Expected Output\": \"12\"\n    },\n    {\n      \"Test Title\": \"Large Prime Value with Multiple Digits\",\n      \"Input Data\": \"parameter1=[1, 2, 3, 4, 5, 6, 7, 8, 9, 10, 181]\",\n      \"Expected Output\": \"19\"\n    },\n    {\n      \"Test Title\": \"Invalid Inputs - Non-Integer Values\",\n      \"Input Data\": \"parameter1=[1, 2, 'a', 4, 5]\",\n      \"Expected Output\": \"Error\"\n    },\n    {\n      \"Test Title\": \"Performance Testing - Large Input Set\",\n      \"Input Data\": \"parameter1=[1, 2, 3, 4, 5, ..., 1000]\",\n      \"Expected Output\": \"Time Limit\"\n    }\n  ]\n}",
    "Test Cases_prompt": "{\"Role\": \"You are a quality assurance engineer. Your duty is to revise the test cases based on the suggestions.\", \"Instruction\": \"1. Your colleague give you some suggestions(in the Context section) about the draft test cases, read these suggestions. 2. Revise your draft version test cases, but don't use long parameters. 3. Response in JSON format.\", \"Example\": \"{\\\"requirement analysis\\\":\\\"analysis\\\",\\\"test_cases\\\":[{\\\"Test Title\\\":\\\"title\\\", \\\"Input Data\\\":\\\"parameter1=[1,2,3],parameter2='123'\\\", \\\"Expected Output\\\":\\\"456\\\"},]}\", \"Context\": \"# Suggestions:\\n{\\n  \\\"Architect\\\": \\\"As an Architect, I would suggest adding more test cases to cover edge cases such as negative numbers, large numbers, and a mix of prime and non-prime numbers in the list. Also, it would be beneficial to include test cases for scenarios where the largest prime value has multiple digits to ensure the functionality works as expected.\\\"\\n  ,\\n  \\\"Developer\\\": \\\"As a Developer, I would recommend revising the test cases to include assertions for handling invalid inputs such as non-integer values in the list. Additionally, it would be beneficial to add test cases for performance testing to ensure the function performs efficiently with large input sets.\\\"\\n}\\n # Draft Test cases:\\n{\\n  \\\"requirement_analysis\\\": \\\"You are given a list of integers. You need to find the largest prime value and return the sum of its digits.\\\",\\n  \\\"test_cases\\\": [\\n    {\\n      \\\"Test Title\\\": \\\"Empty List\\\",\\n      \\\"Input Data\\\": \\\"parameter1=[]\\\",\\n      \\\"Expected Output\\\": \\\"0\\\"\\n    },\\n    {\\n      \\\"Test Title\\\": \\\"All Non-Prime Numbers\\\",\\n      \\\"Input Data\\\": \\\"parameter1=[4, 6, 8, 9, 10]\\\",\\n      \\\"Expected Output\\\": \\\"0\\\"\\n    },\\n    {\\n      \\\"Test Title\\\": \\\"List with Prime Numbers\\\",\\n      \\\"Input Data\\\": \\\"parameter1=[1, 2, 3, 4, 5, 6, 7, 8, 9]\\\",\\n      \\\"Expected Output\\\": \\\"12\\\"\\n    }\\n  ]\\n}\", \"Question\": \"Follow the Instruction. Please make sure your response length are less than 512. Your test cases is for the below question:\\n\\n\\ndef skjkasdkd(lst):\\n    \\\"\\\"\\\"You are given a list of integers.\\n    You need to find the largest prime value and return the sum of its digits.\\n\\n    Examples:\\n    For lst = [0,3,2,1,3,5,7,4,5,5,5,2,181,32,4,32,3,2,32,324,4,3] the output should be 10\\n    For lst = [1,0,1,8,2,4597,2,1,3,40,1,2,1,2,4,2,5,1] the output should be 25\\n    For lst = [1,3,1,32,5107,34,83278,109,163,23,2323,32,30,1,9,3] the output should be 13\\n    For lst = [0,724,32,71,99,32,6,0,5,91,83,0,5,6] the output should be 11\\n    For lst = [0,81,12,3,1,21] the output should be 3\\n    For lst = [0,8,1,2,1,7] the output should be 7\\n    \\\"\\\"\\\"\\n\"}",
    "Code0": "def find_largest_prime_sum(lst):\n    def is_prime(n):\n        if n <= 1:\n            return False\n        for i in range(2, int(n ** 0.5) + 1):\n            if n % i == 0:\n                return False\n        return True\n\n    prime_numbers = [num for num in lst if is_prime(num)]\n    if not prime_numbers:\n        return 0\n\n    max_prime = max(prime_numbers)\n    return sum([int(digit) for digit in str(max_prime))",
    "Code0_prompt": {
        "Role": "You are a professional software engineer. Your duty is to write code in Python that meets the requirements. Ensure that the code you write is efficient, readable, and follows best practices. Remember, do not need to explain the code you wrote.",
        "Instruction": "1. Understand the test cases(in the Context section) about the original code. 2. Rewrite your code, make sure your code pass all test cases.",
        "Example": "",
        "Context": "# Original Code:\ndef find_largest_prime_sum(lst):\n    \"\"\"\n    You are given a list of integers.\n    You need to find the largest prime value and return the sum of its digits.\n\n    Examples:\n    For lst = [0,3,2,1,3,5,7,4,5,5,5,2,181,32,4,32,3,2,32,324,4,3] the output should be 10\n    For lst = [1,0,1,8,2,4597,2,1,3,40,1,2,1,2,4,2,5,1] the output should be 25\n    For lst = [1,3,1,32,5107,34,83278,109,163,23,2323,32,30,1,9,3] the output should be 13\n    For lst = [0,724,32,71,99,32,6,0,5,91,83,0,5,6] the output should be 11\n    For lst = [0,81,12,3,1,21] the output should be 3\n    For lst = [0,8,1,2,1,7] the output should be 7\n    \"\"\"\n\n    def is_prime(n):\n        if n <= 1:\n            return False\n        for i in range(2, int(n ** 0.5) + 1):\n            if n % i == 0:\n                return False\n        return True\n\n    prime_numbers = [num for num in lst if is_prime(num)]\n    if not prime_numbers:\n        return 0\n\n    max_prime = max(prime_numbers)\n    return sum([int(digit) for digit in str(max_prime))\n# Test Cases:\n{\n  \"requirement analysis\": \"You are given a list of integers. You need to find the largest prime value and return the sum of its digits.\",\n  \"test_cases\": [\n    {\n      \"Test Title\": \"Empty List\",\n      \"Input Data\": \"parameter1=[]\",\n      \"Expected Output\": \"0\"\n    },\n    {\n      \"Test Title\": \"All Non-Prime Numbers\",\n      \"Input Data\": \"parameter1=[4, 6, 8, 9, 10]\",\n      \"Expected Output\": \"0\"\n    },\n    {\n      \"Test Title\": \"List with Prime Numbers\",\n      \"Input Data\": \"parameter1=[1, 2, 3, 4, 5, 6, 7, 8, 9]\",\n      \"Expected Output\": \"12\"\n    },\n    {\n      \"Test Title\": \"Negative Numbers\",\n      \"Input Data\": \"parameter1=[-1, -2, -3, -4, -5]\",\n      \"Expected Output\": \"0\"\n    },\n    {\n      \"Test Title\": \"Large Numbers\",\n      \"Input Data\": \"parameter1=[1000, 10000, 100000]\",\n      \"Expected Output\": \"0\"\n    },\n    {\n      \"Test Title\": \"Mix of Prime and Non-Prime Numbers\",\n      \"Input Data\": \"parameter1=[1, 2, 3, 4, 5, 6, 7, 8, 9, 10]\",\n      \"Expected Output\": \"12\"\n    },\n    {\n      \"Test Title\": \"Large Prime Value with Multiple Digits\",\n      \"Input Data\": \"parameter1=[1, 2, 3, 4, 5, 6, 7, 8, 9, 10, 181]\",\n      \"Expected Output\": \"19\"\n    },\n    {\n      \"Test Title\": \"Invalid Inputs - Non-Integer Values\",\n      \"Input Data\": \"parameter1=[1, 2, 'a', 4, 5]\",\n      \"Expected Output\": \"Error\"\n    },\n    {\n      \"Test Title\": \"Performance Testing - Large Input Set\",\n      \"Input Data\": \"parameter1=[1, 2, 3, 4, 5, ..., 1000]\",\n      \"Expected Output\": \"Time Limit\"\n    }\n  ]\n}",
        "Question": "\n\ndef skjkasdkd(lst):\n    \"\"\"You are given a list of integers.\n    You need to find the largest prime value and return the sum of its digits.\n\n    Examples:\n    For lst = [0,3,2,1,3,5,7,4,5,5,5,2,181,32,4,32,3,2,32,324,4,3] the output should be 10\n    For lst = [1,0,1,8,2,4597,2,1,3,40,1,2,1,2,4,2,5,1] the output should be 25\n    For lst = [1,3,1,32,5107,34,83278,109,163,23,2323,32,30,1,9,3] the output should be 13\n    For lst = [0,724,32,71,99,32,6,0,5,91,83,0,5,6] the output should be 11\n    For lst = [0,81,12,3,1,21] the output should be 3\n    For lst = [0,8,1,2,1,7] the output should be 7\n    \"\"\"\n"
    },
    "TestScriptOriginal": "import unittest\n\ndef function_under_test(lst):\n    def is_prime(n):\n        if n <= 1:\n            return False\n        for i in range(2, int(n**0.5) + 1):\n            if n % i == 0:\n                return False\n        return True\n\n    def sum_of_digits(n):\n        s = 0\n        while n:\n            s, n = s + n % 10, n // 10\n        return s\n\n    largest_prime = 0\n    for num in lst:\n        if is_prime(num) and num > largest_prime:\n            largest_prime = num\n\n    return sum_of_digits(largest_prime)\n\nclass Test(unittest.TestCase):\n    def test(self):\n        self.assertEqual(function_under_test([0,3,2,1,3,5,7,4,5,5,5,2,181,32,4,32,3,2,32,324,4,3]), 10)\n        self.assertEqual(function_under_test([1,0,1,8,2,4597,2,1,3,40,1,2,1,2,4,2,5,1]), 25)\n        self.assertEqual(function_under_test([1,3,1,32,5107,34,83278,109,163,23,2323,32,30,1,9,3]), 13)\n        self.assertEqual(function_under_test([0,724,32,71,99,32,6,0,5,91,83,0,5,6]), 11)\n        self.assertEqual(function_under_test([0,81,12,3,1,21]), 3)\n        self.assertEqual(function_under_test([0,8,1,2,1,7]), 7)\n\nif __name__ == '__main__':\n    unittest.main()",
    "TestScriptOriginal_prompt": "{\"Role\": \"You are a quality assurance engineer. Your duty is to write a python test script in unittest framework.\", \"Instruction\": \"1. Write a python test script. 2. Use the input and output given by the question.\", \"Example\": \"import unittest\\n\\nclass Test(unittest.TestCase):\\n    def test(self):\\n        self.assertEqual(function_under_test('a'), 1)\\n\\nif __name__ == '__main__':\\n    unittest.main()\", \"Context\": \"\", \"Question\": \"\\n\\ndef skjkasdkd(lst):\\n    \\\"\\\"\\\"You are given a list of integers.\\n    You need to find the largest prime value and return the sum of its digits.\\n\\n    Examples:\\n    For lst = [0,3,2,1,3,5,7,4,5,5,5,2,181,32,4,32,3,2,32,324,4,3] the output should be 10\\n    For lst = [1,0,1,8,2,4597,2,1,3,40,1,2,1,2,4,2,5,1] the output should be 25\\n    For lst = [1,3,1,32,5107,34,83278,109,163,23,2323,32,30,1,9,3] the output should be 13\\n    For lst = [0,724,32,71,99,32,6,0,5,91,83,0,5,6] the output should be 11\\n    For lst = [0,81,12,3,1,21] the output should be 3\\n    For lst = [0,8,1,2,1,7] the output should be 7\\n    \\\"\\\"\\\"\\n\"}",
    "TestScript": "import unittest\n\nclass Test(unittest.TestCase):\n    def test(self):\n        self.assertEqual(function_under_test([0,3,2,1,3,5,7,4,5,5,5,2,181,32,4,32,3,2,32,324,4,3]), 10)\n        self.assertEqual(function_under_test([1,0,1,8,2,4597,2,1,3,40,1,2,1,2,4,2,5,1]), 25)\n        self.assertEqual(function_under_test([1,3,1,32,5107,34,83278,109,163,23,2323,32,30,1,9,3]), 13)\n        self.assertEqual(function_under_test([0,724,32,71,99,32,6,0,5,91,83,0,5,6]), 11)\n        self.assertEqual(function_under_test([0,81,12,3,1,21]), 3)\n        self.assertEqual(function_under_test([0,8,1,2,1,7]), 7)\n\nif __name__ == '__main__':\n    unittest.main()",
    "ScriptResult0": "  File \"/Users/watch/PycharmProjects/XXXX-1-LLM/workspace/2024-02-13_15-16-07-889761/test_script.py\", line 15\n    return sum([int(digit) for digit in str(max_prime))\n                                                      ^\nSyntaxError: closing parenthesis ')' does not match opening parenthesis '['\n",
    "TestReport0": "Test Report:\n\nTest Script Output:\n  File \"/Users/watch/PycharmProjects/XXXX-1-LLM/workspace/2024-02-13_15-16-07-889761/test_script.py\", line 15\n    return sum([int(digit) for digit in str(max_prime))\n                                                      ^\nSyntaxError: closing parenthesis ')' does not match opening parenthesis '['\n\nAnalysis:\nThe test script encountered a SyntaxError at line 15 due to a mismatch of closing and opening parenthesis.\n\nConclusion:\nCode Test Failed\n\nInput and Expected Output Example:\ndef find_largest_prime_sum(lst):\n    def is_prime(n):\n        if n <= 1:\n            return False\n        for i in range(2, int(n ** 0.5) + 1):\n            if n % i == 0:\n                return False\n        return True\n\n    prime_numbers = [num for num in lst if is_prime(num)]\n    if not prime_numbers:\n        return 0\n\n    max_prime = max(prime_numbers)\n    return sum([int(digit) for digit in str(max_prime))\n\nRecommendation:\nThe code needs to be reviewed and the SyntaxError at line 15 needs to be addressed.",
    "SprintReview0": "[ScrumMaster]says: Here is our test Report: Test Report:\n\nTest Script Output:\n  File \"/Users/watch/PycharmProjects/XXXX-1-LLM/workspace/2024-02-13_15-16-07-889761/test_script.py\", line 15\n    return sum([int(digit) for digit in str(max_prime))\n                                                      ^\nSyntaxError: closing parenthesis ')' does not match opening parenthesis '['\n\nAnalysis:\nThe test script encountered a SyntaxError at line 15 due to a mismatch of closing and opening parenthesis.\n\nConclusion:\nCode Test Failed\n\nInput and Expected Output Example:\ndef find_largest_prime_sum(lst):\n    def is_prime(n):\n        if n <= 1:\n            return False\n        for i in range(2, int(n ** 0.5) + 1):\n            if n % i == 0:\n                return False\n        return True\n\n    prime_numbers = [num for num in lst if is_prime(num)]\n    if not prime_numbers:\n        return 0\n\n    max_prime = max(prime_numbers)\n    return sum([int(digit) for digit in str(max_prime))\n\nRecommendation:\nThe code needs to be reviewed and the SyntaxError at line 15 needs to be addressed., do you have any ideas?\n-----\n\n[Architect]says: As an Architect, I recommend reviewing the code and addressing the SyntaxError at line 15 to ensure the successful development of the product.\n-----\n\n[ProductOwner]says: As a Product Owner, I think we should allocate time for a code review and address the SyntaxError at line 15 to ensure the quality of the product.\n-----\n\n[Tester]says: As a Tester, I recommend reviewing the code and addressing the SyntaxError at line 15 to fix the code test failure.\n-----\n\n[Developer]says: As a Developer, I will review the code and address the SyntaxError at line 15 to fix the code test failure.\n-----\n\n[Architect]says: As an Architect, I recommend reviewing the code and addressing the SyntaxError at line 15 to ensure the successful development of the product.\n-----\n\n[Developer]says: As a Developer, I will review the code and address the SyntaxError at line 15 to fix the code test failure.\n-----\n\n[ProductOwner]says: As a Product Owner, I think we should prioritize allocating time for a code review and addressing the SyntaxError at line 15 to ensure the quality of the product.\n-----\n\n[Tester]says: As a Tester, I recommend reviewing the code and addressing the SyntaxError at line 15 to fix the code test failure.\n-----\n",
    "SprintReviewMeetings0": "{\n  \"product-owner\": [\"Allocate time for a code review\", \"Address the SyntaxError at line 15\"],\n  \"architect\": [\"Review the code\", \"Address the SyntaxError at line 15\"],\n  \"developer\": [\"Review the code\", \"Address the SyntaxError at line 15\"],\n  \"tester\": [\"Review the code\", \"Address the SyntaxError at line 15\"]\n}",
    "SprintReviewMeetings0_prompt": "{\"Role\": \"You are a professional scrum master. Your goal is to summary the Discussion History into a suggestions list for the scrum team.\", \"Instruction\": \"1. Read and Understand the Discussion History. 2. Summary the suggestions from four roles: product-owner/architect/developer/tester. 3. Response in JSON format.\", \"Example\": \"{\\\"product-owner\\\":[\\\"suggestion1\\\",\\\"suggestion2\\\"],\\\"architect\\\":[\\\"suggestion1\\\",\\\"suggestion2\\\"], \\\"developer\\\":[\\\"suggestion1\\\",\\\"suggestion2\\\"], \\\"tester\\\":[\\\"suggestion1\\\",\\\"suggestion2\\\"]}\", \"Context\": \"[ScrumMaster]says: Here is our test Report: Test Report:\\n\\nTest Script Output:\\n  File \\\"/Users/watch/PycharmProjects/XXXX-1-LLM/workspace/2024-02-13_15-16-07-889761/test_script.py\\\", line 15\\n    return sum([int(digit) for digit in str(max_prime))\\n                                                      ^\\nSyntaxError: closing parenthesis ')' does not match opening parenthesis '['\\n\\nAnalysis:\\nThe test script encountered a SyntaxError at line 15 due to a mismatch of closing and opening parenthesis.\\n\\nConclusion:\\nCode Test Failed\\n\\nInput and Expected Output Example:\\ndef find_largest_prime_sum(lst):\\n    def is_prime(n):\\n        if n <= 1:\\n            return False\\n        for i in range(2, int(n ** 0.5) + 1):\\n            if n % i == 0:\\n                return False\\n        return True\\n\\n    prime_numbers = [num for num in lst if is_prime(num)]\\n    if not prime_numbers:\\n        return 0\\n\\n    max_prime = max(prime_numbers)\\n    return sum([int(digit) for digit in str(max_prime))\\n\\nRecommendation:\\nThe code needs to be reviewed and the SyntaxError at line 15 needs to be addressed., do you have any ideas?\\n-----\\n\\n[Architect]says: As an Architect, I recommend reviewing the code and addressing the SyntaxError at line 15 to ensure the successful development of the product.\\n-----\\n\\n[ProductOwner]says: As a Product Owner, I think we should allocate time for a code review and address the SyntaxError at line 15 to ensure the quality of the product.\\n-----\\n\\n[Tester]says: As a Tester, I recommend reviewing the code and addressing the SyntaxError at line 15 to fix the code test failure.\\n-----\\n\\n[Developer]says: As a Developer, I will review the code and address the SyntaxError at line 15 to fix the code test failure.\\n-----\\n\\n[Architect]says: As an Architect, I recommend reviewing the code and addressing the SyntaxError at line 15 to ensure the successful development of the product.\\n-----\\n\\n[Developer]says: As a Developer, I will review the code and address the SyntaxError at line 15 to fix the code test failure.\\n-----\\n\\n[ProductOwner]says: As a Product Owner, I think we should prioritize allocating time for a code review and addressing the SyntaxError at line 15 to ensure the quality of the product.\\n-----\\n\\n[Tester]says: As a Tester, I recommend reviewing the code and addressing the SyntaxError at line 15 to fix the code test failure.\\n-----\\n\", \"Question\": \"Follow the Instruction section. The Discussion History is in the Context section. You only need to return a list as the Example section.\"}",
    "RepairResponse0": "{\n    \"revised_code\": \"def find_largest_prime_sum(lst):\\n    def is_prime(n):\\n        if n <= 1:\\n            return False\\n        for i in range(2, int(n ** 0.5) + 1):\\n            if n % i == 0:\\n                return False\\n        return True\\n\\n    prime_numbers = [num for num in lst if is_prime(num)]\\n    if not prime_numbers:\\n        return 0\\n\\n    max_prime = max(prime_numbers)\\n    return sum([int(digit) for digit in str(max_prime)])\"\n}",
    "RepairResponse0_prompt": {
        "Role": "You are a professional software engineer. Your duty is to write code in Python that meets the requirements. Ensure that the code you write is efficient, readable, and follows best practices. Remember, do not need to explain the code you wrote.",
        "Instruction": "1. Rewrite a bug fix version of the original code. 2. Response in JSON format.",
        "Example": "{\"revised_code\":\"...\"}",
        "Context": "# Test Report:\nTest Report:\n\nTest Script Output:\n  File \"/Users/watch/PycharmProjects/XXXX-1-LLM/workspace/2024-02-13_15-16-07-889761/test_script.py\", line 15\n    return sum([int(digit) for digit in str(max_prime))\n                                                      ^\nSyntaxError: closing parenthesis ')' does not match opening parenthesis '['\n\nAnalysis:\nThe test script encountered a SyntaxError at line 15 due to a mismatch of closing and opening parenthesis.\n\nConclusion:\nCode Test Failed\n\nInput and Expected Output Example:\ndef find_largest_prime_sum(lst):\n    def is_prime(n):\n        if n <= 1:\n            return False\n        for i in range(2, int(n ** 0.5) + 1):\n            if n % i == 0:\n                return False\n        return True\n\n    prime_numbers = [num for num in lst if is_prime(num)]\n    if not prime_numbers:\n        return 0\n\n    max_prime = max(prime_numbers)\n    return sum([int(digit) for digit in str(max_prime))\n\nRecommendation:\nThe code needs to be reviewed and the SyntaxError at line 15 needs to be addressed.# suggestions:\n{\"product-owner\": [\"Allocate time for a code review\", \"Address the SyntaxError at line 15\"], \"architect\": [\"Review the code\", \"Address the SyntaxError at line 15\"], \"developer\": [\"Review the code\", \"Address the SyntaxError at line 15\"], \"tester\": [\"Review the code\", \"Address the SyntaxError at line 15\"]}",
        "Question": "The original code has some bugs, according to the test report and suggestions, rewrite the code. Complete the following code:\n\n\ndef skjkasdkd(lst):\n    \"\"\"You are given a list of integers.\n    You need to find the largest prime value and return the sum of its digits.\n\n    Examples:\n    For lst = [0,3,2,1,3,5,7,4,5,5,5,2,181,32,4,32,3,2,32,324,4,3] the output should be 10\n    For lst = [1,0,1,8,2,4597,2,1,3,40,1,2,1,2,4,2,5,1] the output should be 25\n    For lst = [1,3,1,32,5107,34,83278,109,163,23,2323,32,30,1,9,3] the output should be 13\n    For lst = [0,724,32,71,99,32,6,0,5,91,83,0,5,6] the output should be 11\n    For lst = [0,81,12,3,1,21] the output should be 3\n    For lst = [0,8,1,2,1,7] the output should be 7\n    \"\"\"\n"
    },
    "Code1": "def find_largest_prime_sum(lst):\n    def is_prime(n):\n        if n <= 1:\n            return False\n        for i in range(2, int(n ** 0.5) + 1):\n            if n % i == 0:\n                return False\n        return True\n\n    prime_numbers = [num for num in lst if is_prime(num)]\n    if not prime_numbers:\n        return 0\n\n    max_prime = max(prime_numbers)\n    return sum([int(digit) for digit in str(max_prime)])",
    "ScriptResult1": "E\n======================================================================\nERROR: test (__main__.Test)\n----------------------------------------------------------------------\nTraceback (most recent call last):\n  File \"/Users/watch/PycharmProjects/XXXX-1-LLM/workspace/2024-02-13_15-16-07-889761/test_script.py\", line 20, in test\n    self.assertEqual(function_under_test([0,3,2,1,3,5,7,4,5,5,5,2,181,32,4,32,3,2,32,324,4,3]), 10)\nNameError: name 'function_under_test' is not defined\n\n----------------------------------------------------------------------\nRan 1 test in 0.000s\n\nFAILED (errors=1)\n",
    "TestReport1": "Test Report\n\nTest script's output:\nE\n======================================================================\nERROR: test (__main__.Test)\n----------------------------------------------------------------------\nTraceback (most recent call last):\n  File \"/Users/watch/PycharmProjects/XXXX-1-LLM/workspace/2024-02-13_15-16-07-889761/test_script.py\", line 20, in test\n    self.assertEqual(function_under_test([0,3,2,1,3,5,7,4,5,5,5,2,181,32,4,32,3,2,32,324,4,3]), 10)\nNameError: name 'function_under_test' is not defined\n\n----------------------------------------------------------------------\nRan 1 test in 0.000s\n\nFAILED (errors=1)\n\nConclusion: Code Test Failed\n\nInput and Expected Output Example:\nInput: [0,3,2,1,3,5,7,4,5,5,5,2,181,32,4,32,3,2,32,324,4,3]\nExpected Output: 10\n\nCode:\ndef find_largest_prime_sum(lst):\n    def is_prime(n):\n        if n <= 1:\n            return False\n        for i in range(2, int(n ** 0.5) + 1):\n            if n % i == 0:\n                return False\n        return True\n\n    prime_numbers = [num for num in lst if is_prime(num)]\n    if not prime_numbers:\n        return 0\n\n    max_prime = max(prime_numbers)\n    return sum([int(digit) for digit in str(max_prime)])\n   \nThe code failed the test due to a NameError: name 'function_under_test' is not defined. The expected output was 10 for the given input, but the code did not pass the test.\n\nEnd of Test Report.",
    "SprintReview1": "[ScrumMaster]says: Here is our test Report: Test Report\n\nTest script's output:\nE\n======================================================================\nERROR: test (__main__.Test)\n----------------------------------------------------------------------\nTraceback (most recent call last):\n  File \"/Users/watch/PycharmProjects/XXXX-1-LLM/workspace/2024-02-13_15-16-07-889761/test_script.py\", line 20, in test\n    self.assertEqual(function_under_test([0,3,2,1,3,5,7,4,5,5,5,2,181,32,4,32,3,2,32,324,4,3]), 10)\nNameError: name 'function_under_test' is not defined\n\n----------------------------------------------------------------------\nRan 1 test in 0.000s\n\nFAILED (errors=1)\n\nConclusion: Code Test Failed\n\nInput and Expected Output Example:\nInput: [0,3,2,1,3,5,7,4,5,5,5,2,181,32,4,32,3,2,32,324,4,3]\nExpected Output: 10\n\nCode:\ndef find_largest_prime_sum(lst):\n    def is_prime(n):\n        if n <= 1:\n            return False\n        for i in range(2, int(n ** 0.5) + 1):\n            if n % i == 0:\n                return False\n        return True\n\n    prime_numbers = [num for num in lst if is_prime(num)]\n    if not prime_numbers:\n        return 0\n\n    max_prime = max(prime_numbers)\n    return sum([int(digit) for digit in str(max_prime)])\n   \nThe code failed the test due to a NameError: name 'function_under_test' is not defined. The expected output was 10 for the given input, but the code did not pass the test.\n\nEnd of Test Report., do you have any ideas?\n-----\n\n[ProductOwner]says: As a Product Owner, we need to prioritize fixing the NameError in the code and ensuring that the expected output is achieved.\n-----\n\n[Developer]says: As a Developer, I will investigate the NameError and define the function function_under_test.\n-----\n\n[Developer]says: As a Developer, I will investigate the NameError and define the function function_under_test.\n-----\n\n[Tester]says: As a Tester, I would suggest defining the 'function_under_test' in the code to resolve the NameError and ensure the test passes successfully.\n-----\n\n[ProductOwner]says: As a Product Owner, we need to prioritize fixing the NameError in the code and ensuring that the expected output is achieved.\n-----\n\n[Architect]says: As an Architect, I would suggest conducting a code review to ensure that all necessary functions are properly defined before running the test.\n-----\n\n[Tester]says: As a Tester, I would suggest defining the 'function_under_test' in the code to resolve the NameError and ensure the test passes successfully.\n-----\n\n[Architect]says: As an Architect, I would suggest conducting a code review to ensure that all necessary functions are properly defined before running the test.\n-----\n",
    "SprintReviewMeetings1": "{\n  \"product-owner\": [\n    \"We need to prioritize fixing the NameError in the code and ensuring that the expected output is achieved.\"\n  ],\n  \"architect\": [\n    \"Conduct a code review to ensure that all necessary functions are properly defined before running the test.\"\n  ],\n  \"developer\": [\n    \"Investigate the NameError and define the function function_under_test.\"\n  ],\n  \"tester\": [\n    \"Define the 'function_under_test' in the code to resolve the NameError and ensure the test passes successfully.\"\n  ]\n}",
    "SprintReviewMeetings1_prompt": "{\"Role\": \"You are a professional scrum master. Your goal is to summary the Discussion History into a suggestions list for the scrum team.\", \"Instruction\": \"1. Read and Understand the Discussion History. 2. Summary the suggestions from four roles: product-owner/architect/developer/tester. 3. Response in JSON format.\", \"Example\": \"{\\\"product-owner\\\":[\\\"suggestion1\\\",\\\"suggestion2\\\"],\\\"architect\\\":[\\\"suggestion1\\\",\\\"suggestion2\\\"], \\\"developer\\\":[\\\"suggestion1\\\",\\\"suggestion2\\\"], \\\"tester\\\":[\\\"suggestion1\\\",\\\"suggestion2\\\"]}\", \"Context\": \"[ScrumMaster]says: Here is our test Report: Test Report\\n\\nTest script's output:\\nE\\n======================================================================\\nERROR: test (__main__.Test)\\n----------------------------------------------------------------------\\nTraceback (most recent call last):\\n  File \\\"/Users/watch/PycharmProjects/XXXX-1-LLM/workspace/2024-02-13_15-16-07-889761/test_script.py\\\", line 20, in test\\n    self.assertEqual(function_under_test([0,3,2,1,3,5,7,4,5,5,5,2,181,32,4,32,3,2,32,324,4,3]), 10)\\nNameError: name 'function_under_test' is not defined\\n\\n----------------------------------------------------------------------\\nRan 1 test in 0.000s\\n\\nFAILED (errors=1)\\n\\nConclusion: Code Test Failed\\n\\nInput and Expected Output Example:\\nInput: [0,3,2,1,3,5,7,4,5,5,5,2,181,32,4,32,3,2,32,324,4,3]\\nExpected Output: 10\\n\\nCode:\\ndef find_largest_prime_sum(lst):\\n    def is_prime(n):\\n        if n <= 1:\\n            return False\\n        for i in range(2, int(n ** 0.5) + 1):\\n            if n % i == 0:\\n                return False\\n        return True\\n\\n    prime_numbers = [num for num in lst if is_prime(num)]\\n    if not prime_numbers:\\n        return 0\\n\\n    max_prime = max(prime_numbers)\\n    return sum([int(digit) for digit in str(max_prime)])\\n   \\nThe code failed the test due to a NameError: name 'function_under_test' is not defined. The expected output was 10 for the given input, but the code did not pass the test.\\n\\nEnd of Test Report., do you have any ideas?\\n-----\\n\\n[ProductOwner]says: As a Product Owner, we need to prioritize fixing the NameError in the code and ensuring that the expected output is achieved.\\n-----\\n\\n[Developer]says: As a Developer, I will investigate the NameError and define the function function_under_test.\\n-----\\n\\n[Developer]says: As a Developer, I will investigate the NameError and define the function function_under_test.\\n-----\\n\\n[Tester]says: As a Tester, I would suggest defining the 'function_under_test' in the code to resolve the NameError and ensure the test passes successfully.\\n-----\\n\\n[ProductOwner]says: As a Product Owner, we need to prioritize fixing the NameError in the code and ensuring that the expected output is achieved.\\n-----\\n\\n[Architect]says: As an Architect, I would suggest conducting a code review to ensure that all necessary functions are properly defined before running the test.\\n-----\\n\\n[Tester]says: As a Tester, I would suggest defining the 'function_under_test' in the code to resolve the NameError and ensure the test passes successfully.\\n-----\\n\\n[Architect]says: As an Architect, I would suggest conducting a code review to ensure that all necessary functions are properly defined before running the test.\\n-----\\n\", \"Question\": \"Follow the Instruction section. The Discussion History is in the Context section. You only need to return a list as the Example section.\"}",
    "RepairResponse1": "{\n  \"revised_code\": \"def find_largest_prime_sum(lst):\\n    def is_prime(n):\\n        if n <= 1:\\n            return False\\n        for i in range(2, int(n ** 0.5) + 1):\\n            if n % i == 0:\\n                return False\\n        return True\\n    prime_numbers = [num for num in lst if is_prime(num)]\\n    if not prime_numbers:\\n        return 0\\n    max_prime = max(prime_numbers)\\n    return sum([int(digit) for digit in str(max_prime)])\"\n}",
    "RepairResponse1_prompt": {
        "Role": "You are a professional software engineer. Your duty is to write code in Python that meets the requirements. Ensure that the code you write is efficient, readable, and follows best practices. Remember, do not need to explain the code you wrote.",
        "Instruction": "1. Rewrite a bug fix version of the original code. 2. Response in JSON format.",
        "Example": "{\"revised_code\":\"...\"}",
        "Context": "# Test Report:\nTest Report\n\nTest script's output:\nE\n======================================================================\nERROR: test (__main__.Test)\n----------------------------------------------------------------------\nTraceback (most recent call last):\n  File \"/Users/watch/PycharmProjects/XXXX-1-LLM/workspace/2024-02-13_15-16-07-889761/test_script.py\", line 20, in test\n    self.assertEqual(function_under_test([0,3,2,1,3,5,7,4,5,5,5,2,181,32,4,32,3,2,32,324,4,3]), 10)\nNameError: name 'function_under_test' is not defined\n\n----------------------------------------------------------------------\nRan 1 test in 0.000s\n\nFAILED (errors=1)\n\nConclusion: Code Test Failed\n\nInput and Expected Output Example:\nInput: [0,3,2,1,3,5,7,4,5,5,5,2,181,32,4,32,3,2,32,324,4,3]\nExpected Output: 10\n\nCode:\ndef find_largest_prime_sum(lst):\n    def is_prime(n):\n        if n <= 1:\n            return False\n        for i in range(2, int(n ** 0.5) + 1):\n            if n % i == 0:\n                return False\n        return True\n\n    prime_numbers = [num for num in lst if is_prime(num)]\n    if not prime_numbers:\n        return 0\n\n    max_prime = max(prime_numbers)\n    return sum([int(digit) for digit in str(max_prime)])\n   \nThe code failed the test due to a NameError: name 'function_under_test' is not defined. The expected output was 10 for the given input, but the code did not pass the test.\n\nEnd of Test Report.# suggestions:\n{\"product-owner\": [\"We need to prioritize fixing the NameError in the code and ensuring that the expected output is achieved.\"], \"architect\": [\"Conduct a code review to ensure that all necessary functions are properly defined before running the test.\"], \"developer\": [\"Investigate the NameError and define the function function_under_test.\"], \"tester\": [\"Define the 'function_under_test' in the code to resolve the NameError and ensure the test passes successfully.\"]}",
        "Question": "The original code has some bugs, according to the test report and suggestions, rewrite the code. Complete the following code:\n\n\ndef skjkasdkd(lst):\n    \"\"\"You are given a list of integers.\n    You need to find the largest prime value and return the sum of its digits.\n\n    Examples:\n    For lst = [0,3,2,1,3,5,7,4,5,5,5,2,181,32,4,32,3,2,32,324,4,3] the output should be 10\n    For lst = [1,0,1,8,2,4597,2,1,3,40,1,2,1,2,4,2,5,1] the output should be 25\n    For lst = [1,3,1,32,5107,34,83278,109,163,23,2323,32,30,1,9,3] the output should be 13\n    For lst = [0,724,32,71,99,32,6,0,5,91,83,0,5,6] the output should be 11\n    For lst = [0,81,12,3,1,21] the output should be 3\n    For lst = [0,8,1,2,1,7] the output should be 7\n    \"\"\"\n"
    },
    "Code2": "def find_largest_prime_sum(lst):\n    def is_prime(n):\n        if n <= 1:\n            return False\n        for i in range(2, int(n ** 0.5) + 1):\n            if n % i == 0:\n                return False\n        return True\n    prime_numbers = [num for num in lst if is_prime(num)]\n    if not prime_numbers:\n        return 0\n    max_prime = max(prime_numbers)\n    return sum([int(digit) for digit in str(max_prime)])",
    "ScriptResult2": "E\n======================================================================\nERROR: test (__main__.Test)\n----------------------------------------------------------------------\nTraceback (most recent call last):\n  File \"/Users/watch/PycharmProjects/XXXX-1-LLM/workspace/2024-02-13_15-16-07-889761/test_script.py\", line 18, in test\n    self.assertEqual(function_under_test([0,3,2,1,3,5,7,4,5,5,5,2,181,32,4,32,3,2,32,324,4,3]), 10)\nNameError: name 'function_under_test' is not defined\n\n----------------------------------------------------------------------\nRan 1 test in 0.000s\n\nFAILED (errors=1)\n",
    "TestReport2": "Test Report\n\nTest script's output:\n\nE\n======================================================================\nERROR: test (__main__.Test)\n----------------------------------------------------------------------\nTraceback (most recent call last):\n  File \"/Users/watch/PycharmProjects/XXXX-1-LLM/workspace/2024-02-13_15-16-07-889761/test_script.py\", line 18, in test\n    self.assertEqual(function_under_test([0,3,2,1,3,5,7,4,5,5,5,2,181,32,4,32,3,2,32,324,4,3]), 10)\nNameError: name 'function_under_test' is not defined\n\n----------------------------------------------------------------------\nRan 1 test in 0.000s\n\nFAILED (errors=1)\n\nTest Report:\n\nThe code failed the test. The error occurred due to the 'function_under_test' not being defined. As a result, the test script encountered a NameError. The input example that caused the failure is [0,3,2,1,3,5,7,4,5,5,5,2,181,32,4,32,3,2,32,324,4,3], and the expected output was 10.\n\nConclusion: Code Test Failed.",
    "SprintReview2": "[ScrumMaster]says: Here is our test Report: Test Report\n\nTest script's output:\n\nE\n======================================================================\nERROR: test (__main__.Test)\n----------------------------------------------------------------------\nTraceback (most recent call last):\n  File \"/Users/watch/PycharmProjects/XXXX-1-LLM/workspace/2024-02-13_15-16-07-889761/test_script.py\", line 18, in test\n    self.assertEqual(function_under_test([0,3,2,1,3,5,7,4,5,5,5,2,181,32,4,32,3,2,32,324,4,3]), 10)\nNameError: name 'function_under_test' is not defined\n\n----------------------------------------------------------------------\nRan 1 test in 0.000s\n\nFAILED (errors=1)\n\nTest Report:\n\nThe code failed the test. The error occurred due to the 'function_under_test' not being defined. As a result, the test script encountered a NameError. The input example that caused the failure is [0,3,2,1,3,5,7,4,5,5,5,2,181,32,4,32,3,2,32,324,4,3], and the expected output was 10.\n\nConclusion: Code Test Failed., do you have any ideas?\n-----\n\n[Developer]says: As a Developer, I suggest we review the code to ensure that the 'function_under_test' is defined correctly and that it is being called properly in the test script.\n-----\n\n[ProductOwner]says: As a Product Owner, I think we need to prioritize defining the 'function_under_test' in order to address the test failure and ensure the code meets the expected output.\n-----\n\n[Tester]says: As a Tester, I would suggest reviewing the code to ensure that the 'function_under_test' is properly defined before running the test script.\n-----\n\n[Architect]says: As an Architect, I recommend reviewing the code to ensure that the 'function_under_test' is properly defined and implemented before running the test script.\n-----\n\n[Architect]says: As an Architect, I recommend reviewing the code to ensure that the 'function_under_test' is properly defined and implemented before running the test script.\n-----\n\n[Developer]says: As a Developer, I suggest we review the code to ensure that the 'function_under_test' is defined correctly and that it is being called properly in the test script.\n-----\n\n[ProductOwner]says: As a Product Owner, I think we need to prioritize defining the 'function_under_test' in order to address the test failure and ensure the code meets the expected output.\n-----\n\n[Tester]says: As a Tester, I would suggest reviewing the code to ensure that the 'function_under_test' is properly defined before running the test script.\n-----\n",
    "SprintReviewMeetings2": "{\n  \"product-owner\": [\n    \"I think we need to prioritize defining the 'function_under_test' in order to address the test failure and ensure the code meets the expected output.\"\n  ],\n  \"architect\": [\n    \"I recommend reviewing the code to ensure that the 'function_under_test' is properly defined and implemented before running the test script.\"\n  ],\n  \"developer\": [\n    \"I suggest we review the code to ensure that the 'function_under_test' is defined correctly and that it is being called properly in the test script.\"\n  ],\n  \"tester\": [\n    \"I would suggest reviewing the code to ensure that the 'function_under_test' is properly defined before running the test script.\"\n  ]\n}",
    "SprintReviewMeetings2_prompt": "{\"Role\": \"You are a professional scrum master. Your goal is to summary the Discussion History into a suggestions list for the scrum team.\", \"Instruction\": \"1. Read and Understand the Discussion History. 2. Summary the suggestions from four roles: product-owner/architect/developer/tester. 3. Response in JSON format.\", \"Example\": \"{\\\"product-owner\\\":[\\\"suggestion1\\\",\\\"suggestion2\\\"],\\\"architect\\\":[\\\"suggestion1\\\",\\\"suggestion2\\\"], \\\"developer\\\":[\\\"suggestion1\\\",\\\"suggestion2\\\"], \\\"tester\\\":[\\\"suggestion1\\\",\\\"suggestion2\\\"]}\", \"Context\": \"[ScrumMaster]says: Here is our test Report: Test Report\\n\\nTest script's output:\\n\\nE\\n======================================================================\\nERROR: test (__main__.Test)\\n----------------------------------------------------------------------\\nTraceback (most recent call last):\\n  File \\\"/Users/watch/PycharmProjects/XXXX-1-LLM/workspace/2024-02-13_15-16-07-889761/test_script.py\\\", line 18, in test\\n    self.assertEqual(function_under_test([0,3,2,1,3,5,7,4,5,5,5,2,181,32,4,32,3,2,32,324,4,3]), 10)\\nNameError: name 'function_under_test' is not defined\\n\\n----------------------------------------------------------------------\\nRan 1 test in 0.000s\\n\\nFAILED (errors=1)\\n\\nTest Report:\\n\\nThe code failed the test. The error occurred due to the 'function_under_test' not being defined. As a result, the test script encountered a NameError. The input example that caused the failure is [0,3,2,1,3,5,7,4,5,5,5,2,181,32,4,32,3,2,32,324,4,3], and the expected output was 10.\\n\\nConclusion: Code Test Failed., do you have any ideas?\\n-----\\n\\n[Developer]says: As a Developer, I suggest we review the code to ensure that the 'function_under_test' is defined correctly and that it is being called properly in the test script.\\n-----\\n\\n[ProductOwner]says: As a Product Owner, I think we need to prioritize defining the 'function_under_test' in order to address the test failure and ensure the code meets the expected output.\\n-----\\n\\n[Tester]says: As a Tester, I would suggest reviewing the code to ensure that the 'function_under_test' is properly defined before running the test script.\\n-----\\n\\n[Architect]says: As an Architect, I recommend reviewing the code to ensure that the 'function_under_test' is properly defined and implemented before running the test script.\\n-----\\n\\n[Architect]says: As an Architect, I recommend reviewing the code to ensure that the 'function_under_test' is properly defined and implemented before running the test script.\\n-----\\n\\n[Developer]says: As a Developer, I suggest we review the code to ensure that the 'function_under_test' is defined correctly and that it is being called properly in the test script.\\n-----\\n\\n[ProductOwner]says: As a Product Owner, I think we need to prioritize defining the 'function_under_test' in order to address the test failure and ensure the code meets the expected output.\\n-----\\n\\n[Tester]says: As a Tester, I would suggest reviewing the code to ensure that the 'function_under_test' is properly defined before running the test script.\\n-----\\n\", \"Question\": \"Follow the Instruction section. The Discussion History is in the Context section. You only need to return a list as the Example section.\"}",
    "RepairResponse2": "{\n  \"revised_code\": \"def sum_of_digits_of_largest_prime(lst):\\n    def is_prime(n):\\n        if n <= 1:\\n            return False\\n        for i in range(2, int(n**0.5) + 1):\\n            if n % i == 0:\\n                return False\\n        return True\\n\\n    max_prime = 0\\n    for num in lst:\\n        if is_prime(num) and num > max_prime:\\n            max_prime = num\\n    if max_prime == 0:\\n        return 0\\n    else:\\n        return sum(int(i) for i in str(max_prime))\"\n}",
    "RepairResponse2_prompt": {
        "Role": "You are a professional software engineer. Your duty is to write code in Python that meets the requirements. Ensure that the code you write is efficient, readable, and follows best practices. Remember, do not need to explain the code you wrote.",
        "Instruction": "1. Rewrite a bug fix version of the original code. 2. Response in JSON format.",
        "Example": "{\"revised_code\":\"...\"}",
        "Context": "# Test Report:\nTest Report\n\nTest script's output:\n\nE\n======================================================================\nERROR: test (__main__.Test)\n----------------------------------------------------------------------\nTraceback (most recent call last):\n  File \"/Users/watch/PycharmProjects/XXXX-1-LLM/workspace/2024-02-13_15-16-07-889761/test_script.py\", line 18, in test\n    self.assertEqual(function_under_test([0,3,2,1,3,5,7,4,5,5,5,2,181,32,4,32,3,2,32,324,4,3]), 10)\nNameError: name 'function_under_test' is not defined\n\n----------------------------------------------------------------------\nRan 1 test in 0.000s\n\nFAILED (errors=1)\n\nTest Report:\n\nThe code failed the test. The error occurred due to the 'function_under_test' not being defined. As a result, the test script encountered a NameError. The input example that caused the failure is [0,3,2,1,3,5,7,4,5,5,5,2,181,32,4,32,3,2,32,324,4,3], and the expected output was 10.\n\nConclusion: Code Test Failed.# suggestions:\n{\"product-owner\": [\"I think we need to prioritize defining the 'function_under_test' in order to address the test failure and ensure the code meets the expected output.\"], \"architect\": [\"I recommend reviewing the code to ensure that the 'function_under_test' is properly defined and implemented before running the test script.\"], \"developer\": [\"I suggest we review the code to ensure that the 'function_under_test' is defined correctly and that it is being called properly in the test script.\"], \"tester\": [\"I would suggest reviewing the code to ensure that the 'function_under_test' is properly defined before running the test script.\"]}",
        "Question": "The original code has some bugs, according to the test report and suggestions, rewrite the code. Complete the following code:\n\n\ndef skjkasdkd(lst):\n    \"\"\"You are given a list of integers.\n    You need to find the largest prime value and return the sum of its digits.\n\n    Examples:\n    For lst = [0,3,2,1,3,5,7,4,5,5,5,2,181,32,4,32,3,2,32,324,4,3] the output should be 10\n    For lst = [1,0,1,8,2,4597,2,1,3,40,1,2,1,2,4,2,5,1] the output should be 25\n    For lst = [1,3,1,32,5107,34,83278,109,163,23,2323,32,30,1,9,3] the output should be 13\n    For lst = [0,724,32,71,99,32,6,0,5,91,83,0,5,6] the output should be 11\n    For lst = [0,81,12,3,1,21] the output should be 3\n    For lst = [0,8,1,2,1,7] the output should be 7\n    \"\"\"\n"
    },
    "Code3": "def sum_of_digits_of_largest_prime(lst):\n    def is_prime(n):\n        if n <= 1:\n            return False\n        for i in range(2, int(n**0.5) + 1):\n            if n % i == 0:\n                return False\n        return True\n\n    max_prime = 0\n    for num in lst:\n        if is_prime(num) and num > max_prime:\n            max_prime = num\n    if max_prime == 0:\n        return 0\n    else:\n        return sum(int(i) for i in str(max_prime))",
    "ScriptResult3": "E\n======================================================================\nERROR: test (__main__.Test)\n----------------------------------------------------------------------\nTraceback (most recent call last):\n  File \"/Users/watch/PycharmProjects/XXXX-1-LLM/workspace/2024-02-13_15-16-07-889761/test_script.py\", line 22, in test\n    self.assertEqual(function_under_test([0,3,2,1,3,5,7,4,5,5,5,2,181,32,4,32,3,2,32,324,4,3]), 10)\nNameError: name 'function_under_test' is not defined\n\n----------------------------------------------------------------------\nRan 1 test in 0.000s\n\nFAILED (errors=1)\n",
    "TestReport3": "Test Report:\n\nThe test script's output indicates that there is an error in the code. The error is related to the function 'function_under_test' not being defined. As a result, the test has failed.\n\nCode Test Result: FAIL\n\nInput Example: [0,3,2,1,3,5,7,4,5,5,5,2,181,32,4,32,3,2,32,324,4,3]\nExpected Output: 10\n\nBased on the test script's output and analysis, it is evident that the code has failed the test.\n\nConclusion: Code Test Failed"
}