{
    "start_time": "2023-12-18_16-07-52-692062",
    "task": "\ndef solve(s):\n    \"\"\"You are given a string s.\n    if s[i] is a letter, reverse its case from lower to upper or vise versa, \n    otherwise keep it as it is.\n    If the string contains no letters, reverse the string.\n    The function should return the resulted string.\n    Examples\n    solve(\"1234\") = \"4321\"\n    solve(\"ab\") = \"AB\"\n    solve(\"#a@C\") = \"#A@c\"\n    \"\"\"\n",
    "datetime": {
        "task": "2023-12-18 16:07:52",
        "task-id": "2023-12-18 16:07:52",
        "workflow": "2023-12-18 16:07:52",
        "Discussion": "2023-12-18 16:08:01",
        "DisorderedSprintMeetings": "2023-12-18 16:08:04",
        "UserStoryDraft0": "2023-12-18 16:08:13",
        "AnalyzeMeetings": "2023-12-18 16:08:24",
        "UserStory0": "2023-12-18 16:08:32",
        "DesignDraft0": "2023-12-18 16:08:40",
        "DesignMeetings0": "2023-12-18 16:08:47",
        "Design0": "2023-12-18 16:08:59",
        "CodeDraft0": "2023-12-18 16:09:04",
        "CodeReviewMeetings0": "2023-12-18 16:09:12",
        "Code0CR": "2023-12-18 16:09:18",
        "FinalCode": "2023-12-18 16:11:42",
        "Test Cases Draft": "2023-12-18 16:09:25",
        "Test Cases Meetings": "2023-12-18 16:09:33",
        "Test Cases": "2023-12-18 16:09:47",
        "Code0": "2023-12-18 16:09:52",
        "TestScriptOriginal": "2023-12-18 16:09:58",
        "TestScript": "2023-12-18 16:09:58",
        "ScriptResult0": "2023-12-18 16:09:58",
        "TestReport0": "2023-12-18 16:10:05",
        "SprintReview0": "2023-12-18 16:10:14",
        "SprintReviewMeetings0": "2023-12-18 16:10:20",
        "RepairResponse0": "2023-12-18 16:10:28",
        "Code1": "2023-12-18 16:10:28",
        "ScriptResult1": "2023-12-18 16:10:28",
        "TestReport1": "2023-12-18 16:10:38",
        "SprintReview1": "2023-12-18 16:10:50",
        "SprintReviewMeetings1": "2023-12-18 16:10:56",
        "RepairResponse1": "2023-12-18 16:11:02",
        "Code2": "2023-12-18 16:11:02",
        "ScriptResult2": "2023-12-18 16:11:02",
        "TestReport2": "2023-12-18 16:11:13",
        "SprintReview2": "2023-12-18 16:11:23",
        "SprintReviewMeetings2": "2023-12-18 16:11:30",
        "RepairResponse2": "2023-12-18 16:11:42",
        "Code3": "2023-12-18 16:11:42",
        "ScriptResult3": "2023-12-18 16:11:42",
        "TestReport3": "2023-12-18 16:11:56"
    },
    "task-id": "HumanEval/161",
    "workflow": "agile/agile_version_0.0.4.json",
    "Discussion": "[ScrumMaster]says: We have a job: \ndef solve(s):\n    \"\"\"You are given a string s.\n    if s[i] is a letter, reverse its case from lower to upper or vise versa, \n    otherwise keep it as it is.\n    If the string contains no letters, reverse the string.\n    The function should return the resulted string.\n    Examples\n    solve(\"1234\") = \"4321\"\n    solve(\"ab\") = \"AB\"\n    solve(\"#a@C\") = \"#A@c\"\n    \"\"\"\n, do you have any ideas?\n-----\n\n[Architect]says: As an Architect, I think the first step is to clarify the scope and requirements for the solution before proceeding with the design and implementation.\n-----\n\n[ProductOwner]says: As a Product Owner, I think it's important to consider the user experience and make sure the function is easy to use and understand.\n-----\n\n[Developer]says: As a Developer, I think we should start by writing test cases for the solve function to ensure it meets the requirements.\n-----\n\n[Tester]says: I will test the function with various test cases to ensure it handles all scenarios correctly.\n-----\n\n[Architect]says: As an Architect, I will initiate a discussion to clarify the scope and requirements of the solution before proceeding with the design and implementation.\n-----\n\n[Developer]says: As a Developer, I think we should start by writing test cases for the solve function to ensure it meets the requirements.\n-----\n\n[ProductOwner]says: As a Product Owner, I think we should also consider the scalability and potential future enhancements of the function.\n-----\n\n[Tester]says: As a Tester, I will test the function with various test cases to ensure it handles all scenarios correctly.\n-----\n",
    "DisorderedSprintMeetings": "{\n  \"product-owner\": [\"Clarify scope and requirements\", \"Consider user experience\", \"Consider scalability and future enhancements\"],\n  \"architect\": [\"Clarify scope and requirements\", \"Design and implementation\"],\n  \"developer\": [\"Write test cases\", \"Implement the solve function\"],\n  \"tester\": [\"Test the function with various test cases\"]\n}",
    "DisorderedSprintMeetings_prompt": "{\"Role\": \"You are a professional scrum master. Your goal is to breakdown the Discussion History into a task list for the scrum team.\", \"Instruction\": \"1. Read and Understand the Discussion History. 2. Define the tasks for four roles: product-owner/architect/developer/tester. 3. Response in JSON format.\", \"Example\": \"{\\\"product-owner\\\":[\\\"task1\\\",\\\"task2\\\"],\\\"architect\\\":[\\\"task1\\\",\\\"task2\\\"], \\\"developer\\\":[\\\"task1\\\",\\\"task2\\\"], \\\"tester\\\":[\\\"task1\\\",\\\"task2\\\"]}\", \"Context\": \"[ScrumMaster]says: We have a job: \\ndef solve(s):\\n    \\\"\\\"\\\"You are given a string s.\\n    if s[i] is a letter, reverse its case from lower to upper or vise versa, \\n    otherwise keep it as it is.\\n    If the string contains no letters, reverse the string.\\n    The function should return the resulted string.\\n    Examples\\n    solve(\\\"1234\\\") = \\\"4321\\\"\\n    solve(\\\"ab\\\") = \\\"AB\\\"\\n    solve(\\\"#a@C\\\") = \\\"#A@c\\\"\\n    \\\"\\\"\\\"\\n, do you have any ideas?\\n-----\\n\\n[Architect]says: As an Architect, I think the first step is to clarify the scope and requirements for the solution before proceeding with the design and implementation.\\n-----\\n\\n[ProductOwner]says: As a Product Owner, I think it's important to consider the user experience and make sure the function is easy to use and understand.\\n-----\\n\\n[Developer]says: As a Developer, I think we should start by writing test cases for the solve function to ensure it meets the requirements.\\n-----\\n\\n[Tester]says: I will test the function with various test cases to ensure it handles all scenarios correctly.\\n-----\\n\\n[Architect]says: As an Architect, I will initiate a discussion to clarify the scope and requirements of the solution before proceeding with the design and implementation.\\n-----\\n\\n[Developer]says: As a Developer, I think we should start by writing test cases for the solve function to ensure it meets the requirements.\\n-----\\n\\n[ProductOwner]says: As a Product Owner, I think we should also consider the scalability and potential future enhancements of the function.\\n-----\\n\\n[Tester]says: As a Tester, I will test the function with various test cases to ensure it handles all scenarios correctly.\\n-----\\n\", \"Question\": \"Follow the Instruction section. The Discussion History is in the Context section. You only need to return a task list as the Example section.\"}",
    "UserStoryDraft0": "{\n  \"UserStory\": {\n    \"Title\": \"Reverse Case and Letters in a String\",\n    \"As a\": \"user\",\n    \"I want\": \"a function that takes a string as input\",\n    \"So that\": \"it reverses the case of letters and reverses the string if it contains no letters\",\n    \"Acceptance Criteria\": {\n      \"1\": \"If the string contains no letters, the function should return the reversed string\",\n      \"2\": \"If a letter is lowercase, it should be converted to uppercase and vice versa\",\n      \"3\": \"The function should return the resulted string after making the required changes\"\n    }\n  }\n}",
    "UserStoryDraft0_prompt": "{\"Role\": \"You need to act as a professional product owner. Your task is to write a UserStory\", \"Instruction\": \"According to the Context, please analyze the requirement and write your response. Response in JSON format. Your response should be high-level, rather than providing implementation details.\", \"Example\": \"\", \"Context\": [\"Clarify scope and requirements\", \"Consider user experience\", \"Consider scalability and future enhancements\"], \"Question\": \"Follow the Instruction. The requirement is as follows:\\n\\ndef solve(s):\\n    \\\"\\\"\\\"You are given a string s.\\n    if s[i] is a letter, reverse its case from lower to upper or vise versa, \\n    otherwise keep it as it is.\\n    If the string contains no letters, reverse the string.\\n    The function should return the resulted string.\\n    Examples\\n    solve(\\\"1234\\\") = \\\"4321\\\"\\n    solve(\\\"ab\\\") = \\\"AB\\\"\\n    solve(\\\"#a@C\\\") = \\\"#A@c\\\"\\n    \\\"\\\"\\\"\\n\"}",
    "AnalyzeMeetings": "{\n  \"Architect\": \"Based on the user story, the function should first check if the input string contains any letters. If it does not, it should simply reverse the string and return it. If it does contain letters, it should reverse the case of each letter and then reverse the entire string. The function should handle both uppercase and lowercase letters.\",\n  \"Tester\": \"When testing the function, make sure to test cases where the input string contains no letters, where it contains only uppercase letters, only lowercase letters, and a mixture of both. Also, test edge cases such as an empty string or a string with special characters to ensure the function handles them properly.\"\n}",
    "UserStory0": "{\n  \"RevisedDocument\": {\n    \"UserStory\": {\n      \"Title\": \"Reverse Case and Letters in a String\",\n      \"As a\": \"user\",\n      \"I want\": \"a function that takes a string as input\",\n      \"So that\": \"it reverses the case of letters and reverses the string if it contains no letters\",\n      \"Acceptance Criteria\": {\n        \"1\": \"If the string contains no letters, the function should simply reverse the string and return it\",\n        \"2\": \"If the string contains letters, it should reverse the case of each letter and then reverse the entire string\",\n        \"3\": \"The function should handle both uppercase and lowercase letters\"\n      }\n    }\n  }\n}",
    "UserStory0_prompt": {
        "Role": "You need to act as a professional product owner. Your duty is to revise the document based on the suggestions.",
        "Instruction": "1. Read the suggestions. 2. Revise your draft version document. 3. Response in JSON format. 4. REMEMBER: Your analysis should be high-level, rather than providing implementation details.",
        "Example": "",
        "Context": "# Suggestion:\n{\n  \"Architect\": \"Based on the user story, the function should first check if the input string contains any letters. If it does not, it should simply reverse the string and return it. If it does contain letters, it should reverse the case of each letter and then reverse the entire string. The function should handle both uppercase and lowercase letters.\",\n  \"Tester\": \"When testing the function, make sure to test cases where the input string contains no letters, where it contains only uppercase letters, only lowercase letters, and a mixture of both. Also, test edge cases such as an empty string or a string with special characters to ensure the function handles them properly.\"\n}",
        "Question": "Follow the Instruction. Your colleague give you some suggestions(in the Context section) about this draft document:{\n  \"UserStory\": {\n    \"Title\": \"Reverse Case and Letters in a String\",\n    \"As a\": \"user\",\n    \"I want\": \"a function that takes a string as input\",\n    \"So that\": \"it reverses the case of letters and reverses the string if it contains no letters\",\n    \"Acceptance Criteria\": {\n      \"1\": \"If the string contains no letters, the function should return the reversed string\",\n      \"2\": \"If a letter is lowercase, it should be converted to uppercase and vice versa\",\n      \"3\": \"The function should return the resulted string after making the required changes\"\n    }\n  }\n}"
    },
    "DesignDraft0": "Design:\n- Create a function called solve that takes a string s as input\n- Iterate through each character in the string s\n- If the character is a letter, reverse its case from lower to upper or vice versa\n- If the string contains no letters, reverse the entire string\n- Return the resulting string\n- Provide examples of input and expected output for the function\n\nExample:\n```python\ndef solve(s):\n    \"\"\"You are given a string s.\n    if s[i] is a letter, reverse its case from lower to upper or vise versa, \n    otherwise keep it as it is.\n    If the string contains no letters, reverse the string.\n    The function should return the resulted string.\n    Examples\n    solve(\"1234\") = \"4321\"\n    solve(\"ab\") = \"AB\"\n    solve(\"#a@C\") = \"#A@c\"\n    \"\"\"\n```",
    "DesignMeetings0": "{\n  \"Developer\": \"1. Add input validation to check if the input string is empty or null. 2. Create a separate function for reversing the case of letters to improve code readability and reusability. 3. Consider using built-in functions or libraries for string manipulation to optimize performance.\",\n  \"Tester\": \"1. Test the function with various input cases including empty string, string with all letters, string with no letters, and string with special characters. 2. Check if the function handles edge cases and boundary conditions correctly. 3. Verify the output against the expected results for each test case.\"\n}",
    "Design0": "Design:\n- Create a function called solve that takes a string s as input\n- Add input validation to check if the input string is empty or null\n- Create a separate function for reversing the case of letters to improve code readability and reusability\n- Consider using built-in functions or libraries for string manipulation to optimize performance\n- Test the function with various input cases including empty string, string with all letters, string with no letters, and string with special characters\n- Check if the function handles edge cases and boundary conditions correctly\n- Verify the output against the expected results for each test case\n- Return the resulting string\n- Provide examples of input and expected output for the function\n\nExample:\n```python\ndef solve(s):\n    \"\"\"You are given a string s.\n    if s[i] is a letter, reverse its case from lower to upper or vise versa, \n    otherwise keep it as it is.\n    If the string contains no letters, reverse the string.\n    The function should return the resulted string.\n    Examples\n    solve(\"\") = \"\"\n    solve(\"AbC123\") = \"aBc123\"\n    solve(\"test\") = \"TEST\"\n    \"\"\"\n```",
    "CodeDraft0": "def solve(s):\n    if not s:\n        return \"\"\n\n    def reverse_case(char):\n        if char.isalpha():\n            return char.swapcase()\n        return char\n\n    result = ''.join(reverse_case(char) for char in s)\n\n    if result.isalpha():\n        return result.swapcase()\n    else:\n        return result\n\n# Test cases\nprint(solve(\"\"))\nprint(solve(\"ab\"))\nprint(solve(\"#a@C\"))",
    "CodeDraft0_prompt": {
        "Role": "You are a professional engineer. Your duty is to write code in Python that meets the requirements. Ensure that the code you write is efficient, readable, and follows best practices. Remember, do not need to explain the code you wrote.",
        "Instruction": "According to the Context section, write your code.",
        "Example": "",
        "Context": "# Tasks:\n['Write test cases', 'Implement the solve function']\n# Design:\nDesign:\n- Create a function called solve that takes a string s as input\n- Add input validation to check if the input string is empty or null\n- Create a separate function for reversing the case of letters to improve code readability and reusability\n- Consider using built-in functions or libraries for string manipulation to optimize performance\n- Test the function with various input cases including empty string, string with all letters, string with no letters, and string with special characters\n- Check if the function handles edge cases and boundary conditions correctly\n- Verify the output against the expected results for each test case\n- Return the resulting string\n- Provide examples of input and expected output for the function\n\nExample:\n```python\ndef solve(s):\n    \"\"\"You are given a string s.\n    if s[i] is a letter, reverse its case from lower to upper or vise versa, \n    otherwise keep it as it is.\n    If the string contains no letters, reverse the string.\n    The function should return the resulted string.\n    Examples\n    solve(\"\") = \"\"\n    solve(\"AbC123\") = \"aBc123\"\n    solve(\"test\") = \"TEST\"\n    \"\"\"\n```",
        "Question": "Follow the Instruction section. Complete the following code:\n\ndef solve(s):\n    \"\"\"You are given a string s.\n    if s[i] is a letter, reverse its case from lower to upper or vise versa, \n    otherwise keep it as it is.\n    If the string contains no letters, reverse the string.\n    The function should return the resulted string.\n    Examples\n    solve(\"1234\") = \"4321\"\n    solve(\"ab\") = \"AB\"\n    solve(\"#a@C\") = \"#A@c\"\n    \"\"\"\n"
    },
    "CodeReviewMeetings0": "{\n  \"Architect\": \"The reverse_case function can be moved outside of the solve function to improve code readability and reusability. Also, the variable name 'result' is not descriptive, it can be renamed to something more meaningful like 'reversed_string'.\",\n  \"Tester\": \"The code should include more test cases to cover different scenarios, such as empty string, special characters, and numeric characters. Additionally, it would be helpful to include assertions to validate the output of the solve function.\"\n}",
    "Code0CR": "def reverse_case(s):\n    return s.swapcase()\n\ndef solve(s):\n    if s is None or len(s) == 0:\n        return \"\"\n\n    if all(not c.isalpha() for c in s):\n        return s[::-1]\n\n    return ''.join(reverse_case(c) if c.isalpha() else c for c in s)\n\n# Test cases\nprint(solve(\"1234\"))  # Output: 4321\nprint(solve(\"ab\"))    # Output: AB\nprint(solve(\"#a@C\"))  # Output: #A@c",
    "Code0CR_prompt": "{\"Role\": \"You are a professional software engineer. Your duty is to write code in Python that meets the requirements. Ensure that the code you write is efficient, readable, and follows best practices. Remember, do not need to explain the code you wrote.\", \"Instruction\": \"1. Understand the suggestions(in the Context section) about the original code. 2. Rewrite your code.\", \"Example\": \"\", \"Context\": \"# Tasks:\\n['Write test cases', 'Implement the solve function']\\n# Design:\\nDesign:\\n- Create a function called solve that takes a string s as input\\n- Add input validation to check if the input string is empty or null\\n- Create a separate function for reversing the case of letters to improve code readability and reusability\\n- Consider using built-in functions or libraries for string manipulation to optimize performance\\n- Test the function with various input cases including empty string, string with all letters, string with no letters, and string with special characters\\n- Check if the function handles edge cases and boundary conditions correctly\\n- Verify the output against the expected results for each test case\\n- Return the resulting string\\n- Provide examples of input and expected output for the function\\n\\nExample:\\n```python\\ndef solve(s):\\n    \\\"\\\"\\\"You are given a string s.\\n    if s[i] is a letter, reverse its case from lower to upper or vise versa, \\n    otherwise keep it as it is.\\n    If the string contains no letters, reverse the string.\\n    The function should return the resulted string.\\n    Examples\\n    solve(\\\"\\\") = \\\"\\\"\\n    solve(\\\"AbC123\\\") = \\\"aBc123\\\"\\n    solve(\\\"test\\\") = \\\"TEST\\\"\\n    \\\"\\\"\\\"\\n```# Suggestions:\\n{\\n  \\\"Architect\\\": \\\"The reverse_case function can be moved outside of the solve function to improve code readability and reusability. Also, the variable name 'result' is not descriptive, it can be renamed to something more meaningful like 'reversed_string'.\\\",\\n  \\\"Tester\\\": \\\"The code should include more test cases to cover different scenarios, such as empty string, special characters, and numeric characters. Additionally, it would be helpful to include assertions to validate the output of the solve function.\\\"\\n}\", \"Question\": \"Follow the Instruction section. Complete the following code:\\n\\ndef solve(s):\\n    \\\"\\\"\\\"You are given a string s.\\n    if s[i] is a letter, reverse its case from lower to upper or vise versa, \\n    otherwise keep it as it is.\\n    If the string contains no letters, reverse the string.\\n    The function should return the resulted string.\\n    Examples\\n    solve(\\\"1234\\\") = \\\"4321\\\"\\n    solve(\\\"ab\\\") = \\\"AB\\\"\\n    solve(\\\"#a@C\\\") = \\\"#A@c\\\"\\n    \\\"\\\"\\\"\\n\"}",
    "FinalCode": "def solve(s):\n    result = ''\n    has_letter = False\n    for char in s:\n        if char.isalpha():\n            has_letter = True\n            if char.islower():\n                result += char.upper()\n            else:\n                result += char.lower()\n        else:\n            result += char\n    if not has_letter:\n        result = result[::-1]\n    return result",
    "Test Cases Draft": "{\n  \"test_cases\": [\n    {\n      \"Test Title\": \"Empty String Test\",\n      \"Input Data\": \"s=''\",\n      \"Expected Output\": \"\"\n    },\n    {\n      \"Test Title\": \"All Letters Test\",\n      \"Input Data\": \"s='AbC123'\",\n      \"Expected Output\": \"aBc123\"\n    },\n    {\n      \"Test Title\": \"No Letters Test\",\n      \"Input Data\": \"s='1234'\",\n      \"Expected Output\": \"4321\"\n    },\n    {\n      \"Test Title\": \"Mixed Characters Test\",\n      \"Input Data\": \"s='#a@C'\",\n      \"Expected Output\": \"#A@c\"\n    }\n  ]\n}",
    "Test Cases Draft_prompt": "{\"Role\": \"You are a quality assurance engineer. Your duty is to design test cases for the developers.\", \"Instruction\": \"According to the Context section, write test cases. Don't write long strings in your test cases. Response in JSON format.\", \"Example\": \"{\\\"requirement analysis\\\":\\\"analysis\\\",\\\"test_cases\\\":[{\\\"Test Title\\\":\\\"title\\\", \\\"Input Data\\\":\\\"parameter1=[1,2,3],parameter2='123'\\\", \\\"Expected Output\\\":\\\"456\\\"},]}\", \"Context\": \"# UsrtStory:\\n{\\n  \\\"RevisedDocument\\\": {\\n    \\\"UserStory\\\": {\\n      \\\"Title\\\": \\\"Reverse Case and Letters in a String\\\",\\n      \\\"As a\\\": \\\"user\\\",\\n      \\\"I want\\\": \\\"a function that takes a string as input\\\",\\n      \\\"So that\\\": \\\"it reverses the case of letters and reverses the string if it contains no letters\\\",\\n      \\\"Acceptance Criteria\\\": {\\n        \\\"1\\\": \\\"If the string contains no letters, the function should simply reverse the string and return it\\\",\\n        \\\"2\\\": \\\"If the string contains letters, it should reverse the case of each letter and then reverse the entire string\\\",\\n        \\\"3\\\": \\\"The function should handle both uppercase and lowercase letters\\\"\\n      }\\n    }\\n  }\\n}\\n# Tasks:\\n['Test the function with various test cases']\\n# Design:\\nDesign:\\n- Create a function called solve that takes a string s as input\\n- Add input validation to check if the input string is empty or null\\n- Create a separate function for reversing the case of letters to improve code readability and reusability\\n- Consider using built-in functions or libraries for string manipulation to optimize performance\\n- Test the function with various input cases including empty string, string with all letters, string with no letters, and string with special characters\\n- Check if the function handles edge cases and boundary conditions correctly\\n- Verify the output against the expected results for each test case\\n- Return the resulting string\\n- Provide examples of input and expected output for the function\\n\\nExample:\\n```python\\ndef solve(s):\\n    \\\"\\\"\\\"You are given a string s.\\n    if s[i] is a letter, reverse its case from lower to upper or vise versa, \\n    otherwise keep it as it is.\\n    If the string contains no letters, reverse the string.\\n    The function should return the resulted string.\\n    Examples\\n    solve(\\\"\\\") = \\\"\\\"\\n    solve(\\\"AbC123\\\") = \\\"aBc123\\\"\\n    solve(\\\"test\\\") = \\\"TEST\\\"\\n    \\\"\\\"\\\"\\n```\", \"Question\": \"\\ndef solve(s):\\n    \\\"\\\"\\\"You are given a string s.\\n    if s[i] is a letter, reverse its case from lower to upper or vise versa, \\n    otherwise keep it as it is.\\n    If the string contains no letters, reverse the string.\\n    The function should return the resulted string.\\n    Examples\\n    solve(\\\"1234\\\") = \\\"4321\\\"\\n    solve(\\\"ab\\\") = \\\"AB\\\"\\n    solve(\\\"#a@C\\\") = \\\"#A@c\\\"\\n    \\\"\\\"\\\"\\n\"}",
    "Test Cases Meetings": "{\n  \"Architect\": \"As an Architect, I suggest adding more edge cases such as input with special characters and numbers only. Additionally, consider adding test cases for input with spaces and different lengths of strings to ensure comprehensive coverage.\"\n  ,\n  \"Developer\": \"As a Developer, I suggest revising the test cases to include boundary conditions, such as the maximum length of the input string. Additionally, consider adding negative test cases to handle invalid inputs, such as null or undefined values.\"\n}",
    "Test Cases": "{\n  \"test_cases\": [\n    {\n      \"Test Title\": \"Empty String Test\",\n      \"Input Data\": \"s=''\",\n      \"Expected Output\": \"\"\n    },\n    {\n      \"Test Title\": \"All Letters Test\",\n      \"Input Data\": \"s='AbC123'\",\n      \"Expected Output\": \"aBc123\"\n    },\n    {\n      \"Test Title\": \"No Letters Test\",\n      \"Input Data\": \"s='1234'\",\n      \"Expected Output\": \"4321\"\n    },\n    {\n      \"Test Title\": \"Mixed Characters Test\",\n      \"Input Data\": \"s='#a@C'\",\n      \"Expected Output\": \"#A@c\"\n    },\n    {\n      \"Test Title\": \"Special Characters Test\",\n      \"Input Data\": \"s='!@#'\",\n      \"Expected Output\": \"!@#\"\n    },\n    {\n      \"Test Title\": \"Numbers Only Test\",\n      \"Input Data\": \"s='12345'\",\n      \"Expected Output\": \"54321\"\n    },\n    {\n      \"Test Title\": \"Spaces Test\",\n      \"Input Data\": \"s='a b c'\",\n      \"Expected Output\": \"C B A\"\n    },\n    {\n      \"Test Title\": \"Different Lengths Test\",\n      \"Input Data\": \"s='abcde'\",\n      \"Expected Output\": \"EDCBA\"\n    },\n    {\n      \"Test Title\": \"Maximum Length Test\",\n      \"Input Data\": \"s='abcdefghijklmnopqrstuvwxyz'\",\n      \"Expected Output\": \"ZYXWVUTSRQPONMLKJIHGFEDCBA\"\n    },\n    {\n      \"Test Title\": \"Null Input Test\",\n      \"Input Data\": \"s=null\",\n      \"Expected Output\": \"\"\n    },\n    {\n      \"Test Title\": \"Undefined Input Test\",\n      \"Input Data\": \"s=undefined\",\n      \"Expected Output\": \"\"\n    }\n  ]\n}",
    "Test Cases_prompt": "{\"Role\": \"You are a quality assurance engineer. Your duty is to revise the test cases based on the suggestions.\", \"Instruction\": \"1. Your colleague give you some suggestions(in the Context section) about the draft test cases, read these suggestions. 2. Revise your draft version test cases, but don't use long parameters. 3. Response in JSON format.\", \"Example\": \"{\\\"requirement analysis\\\":\\\"analysis\\\",\\\"test_cases\\\":[{\\\"Test Title\\\":\\\"title\\\", \\\"Input Data\\\":\\\"parameter1=[1,2,3],parameter2='123'\\\", \\\"Expected Output\\\":\\\"456\\\"},]}\", \"Context\": \"# Suggestions:\\n{\\n  \\\"Architect\\\": \\\"As an Architect, I suggest adding more edge cases such as input with special characters and numbers only. Additionally, consider adding test cases for input with spaces and different lengths of strings to ensure comprehensive coverage.\\\"\\n  ,\\n  \\\"Developer\\\": \\\"As a Developer, I suggest revising the test cases to include boundary conditions, such as the maximum length of the input string. Additionally, consider adding negative test cases to handle invalid inputs, such as null or undefined values.\\\"\\n}\\n # Draft Test cases:\\n{\\n  \\\"test_cases\\\": [\\n    {\\n      \\\"Test Title\\\": \\\"Empty String Test\\\",\\n      \\\"Input Data\\\": \\\"s=''\\\",\\n      \\\"Expected Output\\\": \\\"\\\"\\n    },\\n    {\\n      \\\"Test Title\\\": \\\"All Letters Test\\\",\\n      \\\"Input Data\\\": \\\"s='AbC123'\\\",\\n      \\\"Expected Output\\\": \\\"aBc123\\\"\\n    },\\n    {\\n      \\\"Test Title\\\": \\\"No Letters Test\\\",\\n      \\\"Input Data\\\": \\\"s='1234'\\\",\\n      \\\"Expected Output\\\": \\\"4321\\\"\\n    },\\n    {\\n      \\\"Test Title\\\": \\\"Mixed Characters Test\\\",\\n      \\\"Input Data\\\": \\\"s='#a@C'\\\",\\n      \\\"Expected Output\\\": \\\"#A@c\\\"\\n    }\\n  ]\\n}\", \"Question\": \"Follow the Instruction. Please make sure your response length are less than 512. Your test cases is for the below question:\\n\\ndef solve(s):\\n    \\\"\\\"\\\"You are given a string s.\\n    if s[i] is a letter, reverse its case from lower to upper or vise versa, \\n    otherwise keep it as it is.\\n    If the string contains no letters, reverse the string.\\n    The function should return the resulted string.\\n    Examples\\n    solve(\\\"1234\\\") = \\\"4321\\\"\\n    solve(\\\"ab\\\") = \\\"AB\\\"\\n    solve(\\\"#a@C\\\") = \\\"#A@c\\\"\\n    \\\"\\\"\\\"\\n\"}",
    "Code0": "def solve(s):\n    if s is None or len(s) == 0:\n        return \"\"\n\n    if all(not c.isalpha() for c in s):\n        return s[::-1]\n\n    def reverse_case(c):\n        return c.lower() if c.isupper() else c.upper()\n\n    return ''.join(reverse_case(c) if c.isalpha() else c for c in s)",
    "Code0_prompt": {
        "Role": "You are a professional software engineer. Your duty is to write code in Python that meets the requirements. Ensure that the code you write is efficient, readable, and follows best practices. Remember, do not need to explain the code you wrote.",
        "Instruction": "1. Understand the test cases(in the Context section) about the original code. 2. Rewrite your code, make sure your code pass all test cases.",
        "Example": "",
        "Context": "# Original Code:\ndef reverse_case(s):\n    return s.swapcase()\n\ndef solve(s):\n    if s is None or len(s) == 0:\n        return \"\"\n\n    if all(not c.isalpha() for c in s):\n        return s[::-1]\n\n    return ''.join(reverse_case(c) if c.isalpha() else c for c in s)\n\n# Test cases\nprint(solve(\"1234\"))  # Output: 4321\nprint(solve(\"ab\"))    # Output: AB\nprint(solve(\"#a@C\"))  # Output: #A@c\n# Test Cases:\n{\n  \"test_cases\": [\n    {\n      \"Test Title\": \"Empty String Test\",\n      \"Input Data\": \"s=''\",\n      \"Expected Output\": \"\"\n    },\n    {\n      \"Test Title\": \"All Letters Test\",\n      \"Input Data\": \"s='AbC123'\",\n      \"Expected Output\": \"aBc123\"\n    },\n    {\n      \"Test Title\": \"No Letters Test\",\n      \"Input Data\": \"s='1234'\",\n      \"Expected Output\": \"4321\"\n    },\n    {\n      \"Test Title\": \"Mixed Characters Test\",\n      \"Input Data\": \"s='#a@C'\",\n      \"Expected Output\": \"#A@c\"\n    },\n    {\n      \"Test Title\": \"Special Characters Test\",\n      \"Input Data\": \"s='!@#'\",\n      \"Expected Output\": \"!@#\"\n    },\n    {\n      \"Test Title\": \"Numbers Only Test\",\n      \"Input Data\": \"s='12345'\",\n      \"Expected Output\": \"54321\"\n    },\n    {\n      \"Test Title\": \"Spaces Test\",\n      \"Input Data\": \"s='a b c'\",\n      \"Expected Output\": \"C B A\"\n    },\n    {\n      \"Test Title\": \"Different Lengths Test\",\n      \"Input Data\": \"s='abcde'\",\n      \"Expected Output\": \"EDCBA\"\n    },\n    {\n      \"Test Title\": \"Maximum Length Test\",\n      \"Input Data\": \"s='abcdefghijklmnopqrstuvwxyz'\",\n      \"Expected Output\": \"ZYXWVUTSRQPONMLKJIHGFEDCBA\"\n    },\n    {\n      \"Test Title\": \"Null Input Test\",\n      \"Input Data\": \"s=null\",\n      \"Expected Output\": \"\"\n    },\n    {\n      \"Test Title\": \"Undefined Input Test\",\n      \"Input Data\": \"s=undefined\",\n      \"Expected Output\": \"\"\n    }\n  ]\n}",
        "Question": "\ndef solve(s):\n    \"\"\"You are given a string s.\n    if s[i] is a letter, reverse its case from lower to upper or vise versa, \n    otherwise keep it as it is.\n    If the string contains no letters, reverse the string.\n    The function should return the resulted string.\n    Examples\n    solve(\"1234\") = \"4321\"\n    solve(\"ab\") = \"AB\"\n    solve(\"#a@C\") = \"#A@c\"\n    \"\"\"\n"
    },
    "TestScriptOriginal": "import unittest\n\ndef function_under_test(s):\n    result = \"\"\n    for char in s:\n        if char.isalpha():\n            if char.isupper():\n                result += char.lower()\n            elif char.islower():\n                result += char.upper()\n        else:\n            result += char\n    if result.isalpha():\n        result = result[::-1]\n    return result\n\nclass Test(unittest.TestCase):\n    def test(self):\n        self.assertEqual(function_under_test('1234'), '4321')\n        self.assertEqual(function_under_test('ab'), 'AB')\n        self.assertEqual(function_under_test('#a@C'), '#A@c')\n\nif __name__ == '__main__':\n    unittest.main()",
    "TestScriptOriginal_prompt": "{\"Role\": \"You are a quality assurance engineer. Your duty is to write a python test script in unittest framework.\", \"Instruction\": \"1. Write a python test script. 2. Use the input and output given by the question.\", \"Example\": \"import unittest\\n\\nclass Test(unittest.TestCase):\\n    def test(self):\\n        self.assertEqual(function_under_test('a'), 1)\\n\\nif __name__ == '__main__':\\n    unittest.main()\", \"Context\": \"\", \"Question\": \"\\ndef solve(s):\\n    \\\"\\\"\\\"You are given a string s.\\n    if s[i] is a letter, reverse its case from lower to upper or vise versa, \\n    otherwise keep it as it is.\\n    If the string contains no letters, reverse the string.\\n    The function should return the resulted string.\\n    Examples\\n    solve(\\\"1234\\\") = \\\"4321\\\"\\n    solve(\\\"ab\\\") = \\\"AB\\\"\\n    solve(\\\"#a@C\\\") = \\\"#A@c\\\"\\n    \\\"\\\"\\\"\\n\"}",
    "TestScript": "import unittest\n\nclass Test(unittest.TestCase):\n    def test(self):\n        self.assertEqual(function_under_test('1234'), '4321')\n        self.assertEqual(function_under_test('ab'), 'AB')\n        self.assertEqual(function_under_test('#a@C'), '#A@c')\n\nif __name__ == '__main__':\n    unittest.main()",
    "ScriptResult0": "E\n======================================================================\nERROR: test (__main__.Test)\n----------------------------------------------------------------------\nTraceback (most recent call last):\n  File \"/Users/watch/PycharmProjects/XXXX-1-LLM/workspace/2023-12-18_16-07-52-692062/test_script.py\", line 16, in test\n    self.assertEqual(function_under_test('1234'), '4321')\nNameError: name 'function_under_test' is not defined\n\n----------------------------------------------------------------------\nRan 1 test in 0.000s\n\nFAILED (errors=1)\n",
    "TestReport0": "Test Report:\n\n# Test script's output:\nE\n======================================================================\nERROR: test (__main__.Test)\n----------------------------------------------------------------------\nTraceback (most recent call last):\n  File \"/Users/watch/PycharmProjects/XXXX-1-LLM/workspace/2023-12-18_16-07-52-692062/test_script.py\", line 16, in test\n    self.assertEqual(function_under_test('1234'), '4321')\nNameError: name 'function_under_test' is not defined\n\n----------------------------------------------------------------------\nRan 1 test in 0.000s\n\nFAILED (errors=1)\n\nConclusion: Code Test Failed\n\nInput Example:\nsolve('1234') \n\nExpected Output:\n'4321'\n\nThe test has failed due to a NameError: name 'function_under_test' is not defined. The input example and expected output are provided for reference.",
    "SprintReview0": "[ScrumMaster]says: Here is our test Report: Test Report:\n\n# Test script's output:\nE\n======================================================================\nERROR: test (__main__.Test)\n----------------------------------------------------------------------\nTraceback (most recent call last):\n  File \"/Users/watch/PycharmProjects/XXXX-1-LLM/workspace/2023-12-18_16-07-52-692062/test_script.py\", line 16, in test\n    self.assertEqual(function_under_test('1234'), '4321')\nNameError: name 'function_under_test' is not defined\n\n----------------------------------------------------------------------\nRan 1 test in 0.000s\n\nFAILED (errors=1)\n\nConclusion: Code Test Failed\n\nInput Example:\nsolve('1234') \n\nExpected Output:\n'4321'\n\nThe test has failed due to a NameError: name 'function_under_test' is not defined. The input example and expected output are provided for reference., do you have any ideas?\n-----\n\n[Architect]says: As an Architect, we should review the code and ensure that the function_under_test is properly defined before running the test script.\n-----\n\n[ProductOwner]says: As a Product Owner, I think we should prioritize fixing the NameError in the function_under_test to ensure the code test passes.\n-----\n\n[Developer]says: As a Developer, I think we need to define the 'function_under_test' in our code to resolve the NameError and pass the test.\n-----\n\n[Tester]says: As a Tester, it seems that the code test failed due to a NameError: name 'function_under_test' is not defined. We should define the function_under_test to resolve this issue.\n-----\n\n[Developer]says: As a Developer, I think we need to define the 'function_under_test' in our code to resolve the NameError and pass the test.\n-----\n\n[ProductOwner]says: As a Product Owner, I think we should prioritize fixing the NameError in the function_under_test to ensure the code test passes.\n-----\n\n[Architect]says: As an Architect, we should review the code and ensure that the function_under_test is properly defined before running the test script.\n-----\n\n[Tester]says: As a Tester, it seems that the code test failed due to a NameError: name 'function_under_test' is not defined. We should define the function_under_test to resolve this issue.\n-----\n",
    "SprintReviewMeetings0": "{\n  \"product-owner\": [\n    \"I think we should prioritize fixing the NameError in the function_under_test to ensure the code test passes.\"\n  ],\n  \"architect\": [\n    \"We should review the code and ensure that the function_under_test is properly defined before running the test script.\"\n  ],\n  \"developer\": [\n    \"We need to define the 'function_under_test' in our code to resolve the NameError and pass the test.\"\n  ],\n  \"tester\": [\n    \"It seems that the code test failed due to a NameError: name 'function_under_test' is not defined. We should define the function_under_test to resolve this issue.\"\n  ]\n}",
    "SprintReviewMeetings0_prompt": "{\"Role\": \"You are a professional scrum master. Your goal is to summary the Discussion History into a suggestions list for the scrum team.\", \"Instruction\": \"1. Read and Understand the Discussion History. 2. Summary the suggestions from four roles: product-owner/architect/developer/tester. 3. Response in JSON format.\", \"Example\": \"{\\\"product-owner\\\":[\\\"suggestion1\\\",\\\"suggestion2\\\"],\\\"architect\\\":[\\\"suggestion1\\\",\\\"suggestion2\\\"], \\\"developer\\\":[\\\"suggestion1\\\",\\\"suggestion2\\\"], \\\"tester\\\":[\\\"suggestion1\\\",\\\"suggestion2\\\"]}\", \"Context\": \"[ScrumMaster]says: Here is our test Report: Test Report:\\n\\n# Test script's output:\\nE\\n======================================================================\\nERROR: test (__main__.Test)\\n----------------------------------------------------------------------\\nTraceback (most recent call last):\\n  File \\\"/Users/watch/PycharmProjects/XXXX-1-LLM/workspace/2023-12-18_16-07-52-692062/test_script.py\\\", line 16, in test\\n    self.assertEqual(function_under_test('1234'), '4321')\\nNameError: name 'function_under_test' is not defined\\n\\n----------------------------------------------------------------------\\nRan 1 test in 0.000s\\n\\nFAILED (errors=1)\\n\\nConclusion: Code Test Failed\\n\\nInput Example:\\nsolve('1234') \\n\\nExpected Output:\\n'4321'\\n\\nThe test has failed due to a NameError: name 'function_under_test' is not defined. The input example and expected output are provided for reference., do you have any ideas?\\n-----\\n\\n[Architect]says: As an Architect, we should review the code and ensure that the function_under_test is properly defined before running the test script.\\n-----\\n\\n[ProductOwner]says: As a Product Owner, I think we should prioritize fixing the NameError in the function_under_test to ensure the code test passes.\\n-----\\n\\n[Developer]says: As a Developer, I think we need to define the 'function_under_test' in our code to resolve the NameError and pass the test.\\n-----\\n\\n[Tester]says: As a Tester, it seems that the code test failed due to a NameError: name 'function_under_test' is not defined. We should define the function_under_test to resolve this issue.\\n-----\\n\\n[Developer]says: As a Developer, I think we need to define the 'function_under_test' in our code to resolve the NameError and pass the test.\\n-----\\n\\n[ProductOwner]says: As a Product Owner, I think we should prioritize fixing the NameError in the function_under_test to ensure the code test passes.\\n-----\\n\\n[Architect]says: As an Architect, we should review the code and ensure that the function_under_test is properly defined before running the test script.\\n-----\\n\\n[Tester]says: As a Tester, it seems that the code test failed due to a NameError: name 'function_under_test' is not defined. We should define the function_under_test to resolve this issue.\\n-----\\n\", \"Question\": \"Follow the Instruction section. The Discussion History is in the Context section. You only need to return a list as the Example section.\"}",
    "RepairResponse0": "{\n  \"revised_code\": \"def solve(s):\\n    result = ''\\n    for char in s:\\n        if char.isalpha():\\n            if char.islower():\\n                result += char.upper()\\n            else:\\n                result += char.lower()\\n        else:\\n            result = s[::-1]\\n            break\\n    return result\"\n}",
    "RepairResponse0_prompt": {
        "Role": "You are a professional software engineer. Your duty is to write code in Python that meets the requirements. Ensure that the code you write is efficient, readable, and follows best practices. Remember, do not need to explain the code you wrote.",
        "Instruction": "1. Rewrite a bug fix version of the original code. 2. Response in JSON format.",
        "Example": "{\"revised_code\":\"...\"}",
        "Context": "# Test Report:\nTest Report:\n\n# Test script's output:\nE\n======================================================================\nERROR: test (__main__.Test)\n----------------------------------------------------------------------\nTraceback (most recent call last):\n  File \"/Users/watch/PycharmProjects/XXXX-1-LLM/workspace/2023-12-18_16-07-52-692062/test_script.py\", line 16, in test\n    self.assertEqual(function_under_test('1234'), '4321')\nNameError: name 'function_under_test' is not defined\n\n----------------------------------------------------------------------\nRan 1 test in 0.000s\n\nFAILED (errors=1)\n\nConclusion: Code Test Failed\n\nInput Example:\nsolve('1234') \n\nExpected Output:\n'4321'\n\nThe test has failed due to a NameError: name 'function_under_test' is not defined. The input example and expected output are provided for reference.# suggestions:\n{\"product-owner\": [\"I think we should prioritize fixing the NameError in the function_under_test to ensure the code test passes.\"], \"architect\": [\"We should review the code and ensure that the function_under_test is properly defined before running the test script.\"], \"developer\": [\"We need to define the 'function_under_test' in our code to resolve the NameError and pass the test.\"], \"tester\": [\"It seems that the code test failed due to a NameError: name 'function_under_test' is not defined. We should define the function_under_test to resolve this issue.\"]}",
        "Question": "The original code has some bugs, according to the test report and suggestions, rewrite the code. Complete the following code:\n\ndef solve(s):\n    \"\"\"You are given a string s.\n    if s[i] is a letter, reverse its case from lower to upper or vise versa, \n    otherwise keep it as it is.\n    If the string contains no letters, reverse the string.\n    The function should return the resulted string.\n    Examples\n    solve(\"1234\") = \"4321\"\n    solve(\"ab\") = \"AB\"\n    solve(\"#a@C\") = \"#A@c\"\n    \"\"\"\n"
    },
    "Code1": "def solve(s):\n    result = ''\n    for char in s:\n        if char.isalpha():\n            if char.islower():\n                result += char.upper()\n            else:\n                result += char.lower()\n        else:\n            result = s[::-1]\n            break\n    return result",
    "ScriptResult1": "E\n======================================================================\nERROR: test (__main__.Test)\n----------------------------------------------------------------------\nTraceback (most recent call last):\n  File \"/Users/watch/PycharmProjects/XXXX-1-LLM/workspace/2023-12-18_16-07-52-692062/test_script.py\", line 17, in test\n    self.assertEqual(function_under_test('1234'), '4321')\nNameError: name 'function_under_test' is not defined\n\n----------------------------------------------------------------------\nRan 1 test in 0.000s\n\nFAILED (errors=1)\n",
    "TestReport1": "Test Report:\n\nTest Script Output:\n# test script's output:\nE\n======================================================================\nERROR: test (__main__.Test)\n----------------------------------------------------------------------\nTraceback (most recent call last):\n  File \"/Users/watch/PycharmProjects/XXXX-1-LLM/workspace/2023-12-18_16-07-52-692062/test_script.py\", line 17, in test\n    self.assertEqual(function_under_test('1234'), '4321')\nNameError: name 'function_under_test' is not defined\n\n----------------------------------------------------------------------\nRan 1 test in 0.000s\n\nFAILED (errors=1)\n\nTest Report Analysis:\nThe test script output indicates that there is an error in the code. The specific error is a NameError, indicating that the function_under_test is not defined.\n\nConclusion: Code Test Failed\n\nInput and Expected Output Example:\nFunction: solve(s)\nInput: \"1234\"\nExpected Output: \"4321\"\n\nNote: The code has failed the test as it is not defining the function_under_test and the expected output does not match the actual output.\n\nEnd of Test Report.",
    "SprintReview1": "[ScrumMaster]says: Here is our test Report: Test Report:\n\nTest Script Output:\n# test script's output:\nE\n======================================================================\nERROR: test (__main__.Test)\n----------------------------------------------------------------------\nTraceback (most recent call last):\n  File \"/Users/watch/PycharmProjects/XXXX-1-LLM/workspace/2023-12-18_16-07-52-692062/test_script.py\", line 17, in test\n    self.assertEqual(function_under_test('1234'), '4321')\nNameError: name 'function_under_test' is not defined\n\n----------------------------------------------------------------------\nRan 1 test in 0.000s\n\nFAILED (errors=1)\n\nTest Report Analysis:\nThe test script output indicates that there is an error in the code. The specific error is a NameError, indicating that the function_under_test is not defined.\n\nConclusion: Code Test Failed\n\nInput and Expected Output Example:\nFunction: solve(s)\nInput: \"1234\"\nExpected Output: \"4321\"\n\nNote: The code has failed the test as it is not defining the function_under_test and the expected output does not match the actual output.\n\nEnd of Test Report., do you have any ideas?\n-----\n\n[Tester]says: As a Tester, I would suggest reviewing the code to ensure that the function_under_test is properly defined and that the expected output matches the actual output.\n-----\n\n[Developer]says: As a Developer, I will review the test report and start by defining the function_under_test to address the NameError issue.\n-----\n\n[ProductOwner]says: As a Product Owner, I think we need to prioritize fixing the code test failure before moving forward with any other product development tasks.\n-----\n\n[Architect]says: As an Architect, I would suggest reviewing the code to ensure that the function_under_test is properly defined and that it returns the expected output. We should also consider implementing unit tests to catch these errors early in the development process.\n-----\n\n[Tester]says: As a Tester, I would suggest reviewing the code to ensure that the function_under_test is properly defined and that the expected output matches the actual output.\n-----\n\n[Developer]says: As a Developer, I will review the test report and start by defining the function_under_test to address the NameError issue.\n-----\n\n[Architect]says: As an Architect, I would suggest reviewing the code to ensure that the function_under_test is properly defined and that it returns the expected output. We should also consider implementing unit tests to catch these errors early in the development process.\n-----\n\n[ProductOwner]says: [ProductOwner] To create a product, we should prioritize fixing the code test failure before moving forward with any other product development tasks.\n-----\n",
    "SprintReviewMeetings1": "{\n  \"product-owner\": [\n    \"I think we need to prioritize fixing the code test failure before moving forward with any other product development tasks.\"\n  ],\n  \"architect\": [\n    \"I would suggest reviewing the code to ensure that the function_under_test is properly defined and that it returns the expected output. We should also consider implementing unit tests to catch these errors early in the development process.\"\n  ],\n  \"developer\": [\n    \"I will review the test report and start by defining the function_under_test to address the NameError issue.\"\n  ],\n  \"tester\": [\n    \"I would suggest reviewing the code to ensure that the function_under_test is properly defined and that the expected output matches the actual output.\"\n  ]\n}",
    "SprintReviewMeetings1_prompt": "{\"Role\": \"You are a professional scrum master. Your goal is to summary the Discussion History into a suggestions list for the scrum team.\", \"Instruction\": \"1. Read and Understand the Discussion History. 2. Summary the suggestions from four roles: product-owner/architect/developer/tester. 3. Response in JSON format.\", \"Example\": \"{\\\"product-owner\\\":[\\\"suggestion1\\\",\\\"suggestion2\\\"],\\\"architect\\\":[\\\"suggestion1\\\",\\\"suggestion2\\\"], \\\"developer\\\":[\\\"suggestion1\\\",\\\"suggestion2\\\"], \\\"tester\\\":[\\\"suggestion1\\\",\\\"suggestion2\\\"]}\", \"Context\": \"[ScrumMaster]says: Here is our test Report: Test Report:\\n\\nTest Script Output:\\n# test script's output:\\nE\\n======================================================================\\nERROR: test (__main__.Test)\\n----------------------------------------------------------------------\\nTraceback (most recent call last):\\n  File \\\"/Users/watch/PycharmProjects/XXXX-1-LLM/workspace/2023-12-18_16-07-52-692062/test_script.py\\\", line 17, in test\\n    self.assertEqual(function_under_test('1234'), '4321')\\nNameError: name 'function_under_test' is not defined\\n\\n----------------------------------------------------------------------\\nRan 1 test in 0.000s\\n\\nFAILED (errors=1)\\n\\nTest Report Analysis:\\nThe test script output indicates that there is an error in the code. The specific error is a NameError, indicating that the function_under_test is not defined.\\n\\nConclusion: Code Test Failed\\n\\nInput and Expected Output Example:\\nFunction: solve(s)\\nInput: \\\"1234\\\"\\nExpected Output: \\\"4321\\\"\\n\\nNote: The code has failed the test as it is not defining the function_under_test and the expected output does not match the actual output.\\n\\nEnd of Test Report., do you have any ideas?\\n-----\\n\\n[Tester]says: As a Tester, I would suggest reviewing the code to ensure that the function_under_test is properly defined and that the expected output matches the actual output.\\n-----\\n\\n[Developer]says: As a Developer, I will review the test report and start by defining the function_under_test to address the NameError issue.\\n-----\\n\\n[ProductOwner]says: As a Product Owner, I think we need to prioritize fixing the code test failure before moving forward with any other product development tasks.\\n-----\\n\\n[Architect]says: As an Architect, I would suggest reviewing the code to ensure that the function_under_test is properly defined and that it returns the expected output. We should also consider implementing unit tests to catch these errors early in the development process.\\n-----\\n\\n[Tester]says: As a Tester, I would suggest reviewing the code to ensure that the function_under_test is properly defined and that the expected output matches the actual output.\\n-----\\n\\n[Developer]says: As a Developer, I will review the test report and start by defining the function_under_test to address the NameError issue.\\n-----\\n\\n[Architect]says: As an Architect, I would suggest reviewing the code to ensure that the function_under_test is properly defined and that it returns the expected output. We should also consider implementing unit tests to catch these errors early in the development process.\\n-----\\n\\n[ProductOwner]says: [ProductOwner] To create a product, we should prioritize fixing the code test failure before moving forward with any other product development tasks.\\n-----\\n\", \"Question\": \"Follow the Instruction section. The Discussion History is in the Context section. You only need to return a list as the Example section.\"}",
    "RepairResponse1": "{\n\"revised_code\": \"def solve(s):\\n    result = ''\\n    has_letters = False\\n    for char in s:\\n        if char.isalpha():\\n            has_letters = True\\n            if char.isupper():\\n                result += char.lower()\\n            else:\\n                result += char.upper()\\n        else:\\n            result += char\\n    if not has_letters:\\n        result = result[::-1]\\n    return result\"\n}",
    "RepairResponse1_prompt": {
        "Role": "You are a professional software engineer. Your duty is to write code in Python that meets the requirements. Ensure that the code you write is efficient, readable, and follows best practices. Remember, do not need to explain the code you wrote.",
        "Instruction": "1. Rewrite a bug fix version of the original code. 2. Response in JSON format.",
        "Example": "{\"revised_code\":\"...\"}",
        "Context": "# Test Report:\nTest Report:\n\nTest Script Output:\n# test script's output:\nE\n======================================================================\nERROR: test (__main__.Test)\n----------------------------------------------------------------------\nTraceback (most recent call last):\n  File \"/Users/watch/PycharmProjects/XXXX-1-LLM/workspace/2023-12-18_16-07-52-692062/test_script.py\", line 17, in test\n    self.assertEqual(function_under_test('1234'), '4321')\nNameError: name 'function_under_test' is not defined\n\n----------------------------------------------------------------------\nRan 1 test in 0.000s\n\nFAILED (errors=1)\n\nTest Report Analysis:\nThe test script output indicates that there is an error in the code. The specific error is a NameError, indicating that the function_under_test is not defined.\n\nConclusion: Code Test Failed\n\nInput and Expected Output Example:\nFunction: solve(s)\nInput: \"1234\"\nExpected Output: \"4321\"\n\nNote: The code has failed the test as it is not defining the function_under_test and the expected output does not match the actual output.\n\nEnd of Test Report.# suggestions:\n{\"product-owner\": [\"I think we need to prioritize fixing the code test failure before moving forward with any other product development tasks.\"], \"architect\": [\"I would suggest reviewing the code to ensure that the function_under_test is properly defined and that it returns the expected output. We should also consider implementing unit tests to catch these errors early in the development process.\"], \"developer\": [\"I will review the test report and start by defining the function_under_test to address the NameError issue.\"], \"tester\": [\"I would suggest reviewing the code to ensure that the function_under_test is properly defined and that the expected output matches the actual output.\"]}",
        "Question": "The original code has some bugs, according to the test report and suggestions, rewrite the code. Complete the following code:\n\ndef solve(s):\n    \"\"\"You are given a string s.\n    if s[i] is a letter, reverse its case from lower to upper or vise versa, \n    otherwise keep it as it is.\n    If the string contains no letters, reverse the string.\n    The function should return the resulted string.\n    Examples\n    solve(\"1234\") = \"4321\"\n    solve(\"ab\") = \"AB\"\n    solve(\"#a@C\") = \"#A@c\"\n    \"\"\"\n"
    },
    "Code2": "def solve(s):\n    result = ''\n    has_letters = False\n    for char in s:\n        if char.isalpha():\n            has_letters = True\n            if char.isupper():\n                result += char.lower()\n            else:\n                result += char.upper()\n        else:\n            result += char\n    if not has_letters:\n        result = result[::-1]\n    return result",
    "ScriptResult2": "E\n======================================================================\nERROR: test (__main__.Test)\n----------------------------------------------------------------------\nTraceback (most recent call last):\n  File \"/Users/watch/PycharmProjects/XXXX-1-LLM/workspace/2023-12-18_16-07-52-692062/test_script.py\", line 20, in test\n    self.assertEqual(function_under_test('1234'), '4321')\nNameError: name 'function_under_test' is not defined\n\n----------------------------------------------------------------------\nRan 1 test in 0.000s\n\nFAILED (errors=1)\n",
    "TestReport2": "Test Report\n\nTest Script's Output:\nE\n======================================================================\nERROR: test (__main__.Test)\n----------------------------------------------------------------------\nTraceback (most recent call last):\n  File \"/Users/watch/PycharmProjects/XXXX-1-LLM/workspace/2023-12-18_16-07-52-692062/test_script.py\", line 20, in test\n    self.assertEqual(function_under_test('1234'), '4321')\nNameError: name 'function_under_test' is not defined\n\n----------------------------------------------------------------------\nRan 1 test in 0.000s\n\nFAILED (errors=1)\n\nConclusion: Code Test Failed\n\nInput and Expected Output Example:\nInput: solve('1234')\nExpected Output: '4321'\nActual Output: NameError: name 'function_under_test' is not defined\n\nAnalysis:\nThe test script output indicates that there is an error in the code. The function 'function_under_test' is not defined, which causes the test to fail. The input and expected output example also show that the expected output does not match the actual output.\n\nRecommendation:\nThe code needs to be reviewed and the 'function_under_test' should be defined properly to address the error and ensure that the test passes.\n\nCode Test Failed",
    "SprintReview2": "[ScrumMaster]says: Here is our test Report: Test Report\n\nTest Script's Output:\nE\n======================================================================\nERROR: test (__main__.Test)\n----------------------------------------------------------------------\nTraceback (most recent call last):\n  File \"/Users/watch/PycharmProjects/XXXX-1-LLM/workspace/2023-12-18_16-07-52-692062/test_script.py\", line 20, in test\n    self.assertEqual(function_under_test('1234'), '4321')\nNameError: name 'function_under_test' is not defined\n\n----------------------------------------------------------------------\nRan 1 test in 0.000s\n\nFAILED (errors=1)\n\nConclusion: Code Test Failed\n\nInput and Expected Output Example:\nInput: solve('1234')\nExpected Output: '4321'\nActual Output: NameError: name 'function_under_test' is not defined\n\nAnalysis:\nThe test script output indicates that there is an error in the code. The function 'function_under_test' is not defined, which causes the test to fail. The input and expected output example also show that the expected output does not match the actual output.\n\nRecommendation:\nThe code needs to be reviewed and the 'function_under_test' should be defined properly to address the error and ensure that the test passes.\n\nCode Test Failed, do you have any ideas?\n-----\n\n[Architect]says: As an Architect, I recommend conducting a code review to identify and define the 'function_under_test' properly in order to address the error and ensure the test passes.\n-----\n\n[Developer]says: As a Developer, I will review the code and define the 'function_under_test' properly to address the error and ensure that the test passes.\n-----\n\n[Tester]says: As a Tester, it is important to review the code and define the 'function_under_test' properly to address the error and ensure that the test passes.\n-----\n\n[ProductOwner]says: As the Product Owner, we need to prioritize fixing the 'function_under_test' issue to ensure the code passes the test.\n-----\n\n[Tester]says: As a Tester, I agree that it is important to review the code and define the 'function_under_test' properly to address the error and ensure that the test passes.\n-----\n\n[Architect]says: As an Architect, I recommend conducting a code review to identify and define the 'function_under_test' properly in order to address the error and ensure the test passes.\n-----\n\n[Developer]says: As a Developer, I will review the code and define the 'function_under_test' properly to address the error and ensure that the test passes.\n-----\n\n[ProductOwner]says: As the Product Owner, I agree that fixing the 'function_under_test' issue should be the top priority to ensure the code passes the test.\n-----\n",
    "SprintReviewMeetings2": "{\n  \"product-owner\": [\"fixing the 'function_under_test' issue should be the top priority to ensure the code passes the test.\"],\n  \"architect\": [\"conducting a code review to identify and define the 'function_under_test' properly in order to address the error and ensure the test passes.\"],\n  \"developer\": [\"review the code and define the 'function_under_test' properly to address the error and ensure that the test passes.\"],\n  \"tester\": [\"review the code and define the 'function_under_test' properly to address the error and ensure that the test passes.\"]\n}",
    "SprintReviewMeetings2_prompt": "{\"Role\": \"You are a professional scrum master. Your goal is to summary the Discussion History into a suggestions list for the scrum team.\", \"Instruction\": \"1. Read and Understand the Discussion History. 2. Summary the suggestions from four roles: product-owner/architect/developer/tester. 3. Response in JSON format.\", \"Example\": \"{\\\"product-owner\\\":[\\\"suggestion1\\\",\\\"suggestion2\\\"],\\\"architect\\\":[\\\"suggestion1\\\",\\\"suggestion2\\\"], \\\"developer\\\":[\\\"suggestion1\\\",\\\"suggestion2\\\"], \\\"tester\\\":[\\\"suggestion1\\\",\\\"suggestion2\\\"]}\", \"Context\": \"[ScrumMaster]says: Here is our test Report: Test Report\\n\\nTest Script's Output:\\nE\\n======================================================================\\nERROR: test (__main__.Test)\\n----------------------------------------------------------------------\\nTraceback (most recent call last):\\n  File \\\"/Users/watch/PycharmProjects/XXXX-1-LLM/workspace/2023-12-18_16-07-52-692062/test_script.py\\\", line 20, in test\\n    self.assertEqual(function_under_test('1234'), '4321')\\nNameError: name 'function_under_test' is not defined\\n\\n----------------------------------------------------------------------\\nRan 1 test in 0.000s\\n\\nFAILED (errors=1)\\n\\nConclusion: Code Test Failed\\n\\nInput and Expected Output Example:\\nInput: solve('1234')\\nExpected Output: '4321'\\nActual Output: NameError: name 'function_under_test' is not defined\\n\\nAnalysis:\\nThe test script output indicates that there is an error in the code. The function 'function_under_test' is not defined, which causes the test to fail. The input and expected output example also show that the expected output does not match the actual output.\\n\\nRecommendation:\\nThe code needs to be reviewed and the 'function_under_test' should be defined properly to address the error and ensure that the test passes.\\n\\nCode Test Failed, do you have any ideas?\\n-----\\n\\n[Architect]says: As an Architect, I recommend conducting a code review to identify and define the 'function_under_test' properly in order to address the error and ensure the test passes.\\n-----\\n\\n[Developer]says: As a Developer, I will review the code and define the 'function_under_test' properly to address the error and ensure that the test passes.\\n-----\\n\\n[Tester]says: As a Tester, it is important to review the code and define the 'function_under_test' properly to address the error and ensure that the test passes.\\n-----\\n\\n[ProductOwner]says: As the Product Owner, we need to prioritize fixing the 'function_under_test' issue to ensure the code passes the test.\\n-----\\n\\n[Tester]says: As a Tester, I agree that it is important to review the code and define the 'function_under_test' properly to address the error and ensure that the test passes.\\n-----\\n\\n[Architect]says: As an Architect, I recommend conducting a code review to identify and define the 'function_under_test' properly in order to address the error and ensure the test passes.\\n-----\\n\\n[Developer]says: As a Developer, I will review the code and define the 'function_under_test' properly to address the error and ensure that the test passes.\\n-----\\n\\n[ProductOwner]says: As the Product Owner, I agree that fixing the 'function_under_test' issue should be the top priority to ensure the code passes the test.\\n-----\\n\", \"Question\": \"Follow the Instruction section. The Discussion History is in the Context section. You only need to return a list as the Example section.\"}",
    "RepairResponse2": "{\n  \"revised_code\": \"def solve(s):\\n    result = ''\\n    has_letter = False\\n    for char in s:\\n        if char.isalpha():\\n            has_letter = True\\n            if char.islower():\\n                result += char.upper()\\n            else:\\n                result += char.lower()\\n        else:\\n            result += char\\n    if not has_letter:\\n        result = result[::-1]\\n    return result\"\n}",
    "RepairResponse2_prompt": {
        "Role": "You are a professional software engineer. Your duty is to write code in Python that meets the requirements. Ensure that the code you write is efficient, readable, and follows best practices. Remember, do not need to explain the code you wrote.",
        "Instruction": "1. Rewrite a bug fix version of the original code. 2. Response in JSON format.",
        "Example": "{\"revised_code\":\"...\"}",
        "Context": "# Test Report:\nTest Report\n\nTest Script's Output:\nE\n======================================================================\nERROR: test (__main__.Test)\n----------------------------------------------------------------------\nTraceback (most recent call last):\n  File \"/Users/watch/PycharmProjects/XXXX-1-LLM/workspace/2023-12-18_16-07-52-692062/test_script.py\", line 20, in test\n    self.assertEqual(function_under_test('1234'), '4321')\nNameError: name 'function_under_test' is not defined\n\n----------------------------------------------------------------------\nRan 1 test in 0.000s\n\nFAILED (errors=1)\n\nConclusion: Code Test Failed\n\nInput and Expected Output Example:\nInput: solve('1234')\nExpected Output: '4321'\nActual Output: NameError: name 'function_under_test' is not defined\n\nAnalysis:\nThe test script output indicates that there is an error in the code. The function 'function_under_test' is not defined, which causes the test to fail. The input and expected output example also show that the expected output does not match the actual output.\n\nRecommendation:\nThe code needs to be reviewed and the 'function_under_test' should be defined properly to address the error and ensure that the test passes.\n\nCode Test Failed# suggestions:\n{\"product-owner\": [\"fixing the 'function_under_test' issue should be the top priority to ensure the code passes the test.\"], \"architect\": [\"conducting a code review to identify and define the 'function_under_test' properly in order to address the error and ensure the test passes.\"], \"developer\": [\"review the code and define the 'function_under_test' properly to address the error and ensure that the test passes.\"], \"tester\": [\"review the code and define the 'function_under_test' properly to address the error and ensure that the test passes.\"]}",
        "Question": "The original code has some bugs, according to the test report and suggestions, rewrite the code. Complete the following code:\n\ndef solve(s):\n    \"\"\"You are given a string s.\n    if s[i] is a letter, reverse its case from lower to upper or vise versa, \n    otherwise keep it as it is.\n    If the string contains no letters, reverse the string.\n    The function should return the resulted string.\n    Examples\n    solve(\"1234\") = \"4321\"\n    solve(\"ab\") = \"AB\"\n    solve(\"#a@C\") = \"#A@c\"\n    \"\"\"\n"
    },
    "Code3": "def solve(s):\n    result = ''\n    has_letter = False\n    for char in s:\n        if char.isalpha():\n            has_letter = True\n            if char.islower():\n                result += char.upper()\n            else:\n                result += char.lower()\n        else:\n            result += char\n    if not has_letter:\n        result = result[::-1]\n    return result",
    "ScriptResult3": "E\n======================================================================\nERROR: test (__main__.Test)\n----------------------------------------------------------------------\nTraceback (most recent call last):\n  File \"/Users/watch/PycharmProjects/XXXX-1-LLM/workspace/2023-12-18_16-07-52-692062/test_script.py\", line 20, in test\n    self.assertEqual(function_under_test('1234'), '4321')\nNameError: name 'function_under_test' is not defined\n\n----------------------------------------------------------------------\nRan 1 test in 0.000s\n\nFAILED (errors=1)\n",
    "TestReport3": "Test Report:\n\n- Test script's output:\nE\n======================================================================\nERROR: test (__main__.Test)\n----------------------------------------------------------------------\nTraceback (most recent call last):\n  File \"/Users/watch/PycharmProjects/XXXX-1-LLM/workspace/2023-12-18_16-07-52-692062/test_script.py\", line 20, in test\n    self.assertEqual(function_under_test('1234'), '4321')\nNameError: name 'function_under_test' is not defined\n\n----------------------------------------------------------------------\nRan 1 test in 0.000s\n\nFAILED (errors=1)\n\nConclusion: Code Test Failed\n\nInput and Expected Output Example:\n- Input: '1234'\n- Expected Output: '4321'\n\nCode:\n\n```python\ndef solve(s):\n    result = ''\n    has_letter = False\n    for char in s:\n        if char.isalpha():\n            has_letter = True\n            if char.islower():\n                result += char.upper()\n            else:\n                result += char.lower()\n        else:\n            result += char\n    if not has_letter:\n        result = result[::-1]\n    return result\n```\n\nNote: The test script output indicates that the test has failed due to a NameError with 'function_under_test' not being defined. The input and expected output example has been provided for reference."
}