{
    "start_time": "2024-01-14_15-54-53-214409",
    "task": "\ndef choose_num(x, y):\n    \"\"\"This function takes two positive numbers x and y and returns the\n    biggest even integer number that is in the range [x, y] inclusive. If \n    there's no such number, then the function should return -1.\n\n    For example:\n    choose_num(12, 15) = 14\n    choose_num(13, 12) = -1\n    \"\"\"\n",
    "datetime": {
        "task": "2024-01-14 15:54:53",
        "task-id": "2024-01-14 15:54:53",
        "workflow": "2024-01-14 15:54:53",
        "DesignDraft": "2024-01-14 15:54:56",
        "DesignMeetings": "2024-01-14 15:54:59",
        "Design": "2024-01-14 15:55:01",
        "Test Cases Draft": "2024-01-14 15:55:05",
        "Test Cases Meetings": "2024-01-14 15:55:08",
        "Test Cases": "2024-01-14 15:55:15",
        "Code0draft": "2024-01-14 15:55:18",
        "Code Review Meetings": "2024-01-14 15:55:20",
        "Code0": "2024-01-14 15:55:23",
        "TestScriptOriginal": "2024-01-14 15:55:25",
        "TestScript": "2024-01-14 15:55:25",
        "ScriptResult0": "2024-01-14 15:55:25",
        "TestReport0": "2024-01-14 15:55:28",
        "RepairResponse1": "2024-01-14 15:55:33",
        "Code1": "2024-01-14 15:55:33",
        "ScriptResult1": "2024-01-14 15:55:33",
        "TestReport1": "2024-01-14 15:55:36",
        "RepairResponse2": "2024-01-14 15:55:40",
        "Code2": "2024-01-14 15:55:40",
        "ScriptResult2": "2024-01-14 15:55:40",
        "TestReport2": "2024-01-14 15:55:43",
        "FinalCode": "2024-01-14 15:55:43"
    },
    "task-id": "HumanEval/102",
    "workflow": "testdriven/testdriven_version_0.0.5.json",
    "DesignDraft": "Design:\n\n1. Input Validation:\n   - Ensure that both x and y are positive numbers. If not, return an error message.\n\n2. Find the biggest even integer in the range [x, y]:\n   - Iterate through the range [x, y] and identify the biggest even integer.\n   - If no even integer is found, return -1.\n\n3. Return the result:\n   - Return the biggest even integer found or -1 if no such number exists.",
    "DesignMeetings": "{\n  \"Developer\": \"1. Implement input validation to check if x and y are positive numbers. 2. Use a loop to iterate through the range [x, y] and identify the biggest even integer. 3. Add a condition to return -1 if no even integer is found.\",\n  \"Tester\": \"1. Test the input validation with negative numbers and verify that the error message is returned. 2. Test the function with a range that contains even and odd numbers to ensure the correct even integer is returned. 3. Test the function with a range that contains no even numbers to verify that -1 is returned.\"\n}",
    "Design": "New Design:\n\n1. Input Validation:\n   - Implement input validation to check if x and y are positive numbers. If not, return an error message.\n   - Test the input validation with negative numbers and verify that the error message is returned.\n\n2. Find the biggest even integer in the range [x, y]:\n   - Use a loop to iterate through the range [x, y] and identify the biggest even integer.\n   - Test the function with a range that contains even and odd numbers to ensure the correct even integer is returned.\n   - Add a condition to return -1 if no even integer is found.\n   - Test the function with a range that contains no even numbers to verify that -1 is returned.\n\n3. Return the result:\n   - Return the biggest even integer found or -1 if no such number exists.",
    "Test Cases Draft": "{\n  \"requirement analysis\": \"This function takes two positive numbers x and y and returns the biggest even integer number that is in the range [x, y] inclusive. If there's no such number, then the function should return -1.\",\n  \"test_cases\": [\n    {\n      \"Test Title\": \"Valid input with even number in range\",\n      \"Input Data\": \"parameter1=12,parameter2=15\",\n      \"Expected Output\": \"14\"\n    },\n    {\n      \"Test Title\": \"Valid input with no even number in range\",\n      \"Input Data\": \"parameter1=13,parameter2=12\",\n      \"Expected Output\": \"-1\"\n    }\n  ]\n}",
    "Test Cases Draft_prompt": "{\"Role\": \"You are a quality assurance engineer. Your duty is to design test cases for the developers.\", \"Instruction\": \"According to the Context section, write test cases. Don't write long strings in your test cases. Response in JSON format.\", \"Example\": \"{\\\"requirement analysis\\\":\\\"analysis\\\",\\\"test_cases\\\":[{\\\"Test Title\\\":\\\"title\\\", \\\"Input Data\\\":\\\"parameter1=[1,2,3],parameter2='123'\\\", \\\"Expected Output\\\":\\\"456\\\"},]}\", \"Context\": \"\", \"Question\": \"\\ndef choose_num(x, y):\\n    \\\"\\\"\\\"This function takes two positive numbers x and y and returns the\\n    biggest even integer number that is in the range [x, y] inclusive. If \\n    there's no such number, then the function should return -1.\\n\\n    For example:\\n    choose_num(12, 15) = 14\\n    choose_num(13, 12) = -1\\n    \\\"\\\"\\\"\\n\"}",
    "Test Cases Meetings": "{\n  \"Architect\": \"The test cases only cover the scenarios of valid input with even number in range and valid input with no even number in range. We should also add test cases for invalid input, such as negative numbers or non-numeric input, as well as edge cases like when x and y are the same. This will help ensure the function handles all possible scenarios.\",\n  \"Developer\": \"We need to revise the test cases to include additional scenarios, such as invalid input and edge cases. We should also consider adding boundary test cases to cover the maximum and minimum possible values of x and y to ensure the function behaves correctly in these scenarios.\"\n}",
    "Test Cases Meetings_prompt": "{\"Role\": \"I want you to act as a different roles and then give some suggestions about how to revise the test cases.\", \"Instruction\": \"1. Read the Context section. 2. Act as an Architect, give your suggestions. 3. Act as a Developer, give your suggestions. 4. Response in JSON format.\", \"Example\": \"{\\\"Architect\\\":\\\"Suggestion\\\",\\\"Developer\\\":\\\"Suggestion\\\"}\", \"Context\": \"{\\n  \\\"requirement analysis\\\": \\\"This function takes two positive numbers x and y and returns the biggest even integer number that is in the range [x, y] inclusive. If there's no such number, then the function should return -1.\\\",\\n  \\\"test_cases\\\": [\\n    {\\n      \\\"Test Title\\\": \\\"Valid input with even number in range\\\",\\n      \\\"Input Data\\\": \\\"parameter1=12,parameter2=15\\\",\\n      \\\"Expected Output\\\": \\\"14\\\"\\n    },\\n    {\\n      \\\"Test Title\\\": \\\"Valid input with no even number in range\\\",\\n      \\\"Input Data\\\": \\\"parameter1=13,parameter2=12\\\",\\n      \\\"Expected Output\\\": \\\"-1\\\"\\n    }\\n  ]\\n}\", \"Question\": \"Follow the Instruction. The Context section include the test cases.\"}",
    "Test Cases": "{\n  \"requirement analysis\": \"This function takes two positive numbers x and y and returns the biggest even integer number that is in the range [x, y] inclusive. If there's no such number, then the function should return -1.\",\n  \"test_cases\": [\n    {\n      \"Test Title\": \"Valid input with even number in range\",\n      \"Input Data\": \"x=12, y=15\",\n      \"Expected Output\": \"14\"\n    },\n    {\n      \"Test Title\": \"Valid input with no even number in range\",\n      \"Input Data\": \"x=13, y=12\",\n      \"Expected Output\": \"-1\"\n    },\n    {\n      \"Test Title\": \"Invalid input with negative numbers\",\n      \"Input Data\": \"x=-12, y=15\",\n      \"Expected Output\": \"-1\"\n    },\n    {\n      \"Test Title\": \"Invalid input with non-numeric input\",\n      \"Input Data\": \"x='abc', y=12\",\n      \"Expected Output\": \"-1\"\n    },\n    {\n      \"Test Title\": \"Edge case with x and y being the same\",\n      \"Input Data\": \"x=15, y=15\",\n      \"Expected Output\": \"14\"\n    },\n    {\n      \"Test Title\": \"Boundary test case with maximum possible values of x and y\",\n      \"Input Data\": \"x=2147483647, y=2147483647\",\n      \"Expected Output\": \"2147483646\"\n    },\n    {\n      \"Test Title\": \"Boundary test case with minimum possible values of x and y\",\n      \"Input Data\": \"x=1, y=1\",\n      \"Expected Output\": \"-1\"\n    }\n  ]\n}",
    "Test Cases_prompt": "{\"Role\": \"You are a quality assurance engineer. Your duty is to revise the test cases based on the suggestions.\", \"Instruction\": \"1. Your colleague give you some suggestions(in the Context section) about the draft test cases, read these suggestions. 2. Revise your draft version test cases, but don't use long parameters. 3. Response in JSON format.\", \"Example\": \"{\\\"requirement analysis\\\":\\\"analysis\\\",\\\"test_cases\\\":[{\\\"Test Title\\\":\\\"title\\\", \\\"Input Data\\\":\\\"parameter1=[1,2,3],parameter2='123'\\\", \\\"Expected Output\\\":\\\"456\\\"},]}\", \"Context\": \"# Suggestions:\\n{\\n  \\\"Architect\\\": \\\"The test cases only cover the scenarios of valid input with even number in range and valid input with no even number in range. We should also add test cases for invalid input, such as negative numbers or non-numeric input, as well as edge cases like when x and y are the same. This will help ensure the function handles all possible scenarios.\\\",\\n  \\\"Developer\\\": \\\"We need to revise the test cases to include additional scenarios, such as invalid input and edge cases. We should also consider adding boundary test cases to cover the maximum and minimum possible values of x and y to ensure the function behaves correctly in these scenarios.\\\"\\n}\\n # Draft Test cases:\\n{\\n  \\\"requirement analysis\\\": \\\"This function takes two positive numbers x and y and returns the biggest even integer number that is in the range [x, y] inclusive. If there's no such number, then the function should return -1.\\\",\\n  \\\"test_cases\\\": [\\n    {\\n      \\\"Test Title\\\": \\\"Valid input with even number in range\\\",\\n      \\\"Input Data\\\": \\\"parameter1=12,parameter2=15\\\",\\n      \\\"Expected Output\\\": \\\"14\\\"\\n    },\\n    {\\n      \\\"Test Title\\\": \\\"Valid input with no even number in range\\\",\\n      \\\"Input Data\\\": \\\"parameter1=13,parameter2=12\\\",\\n      \\\"Expected Output\\\": \\\"-1\\\"\\n    }\\n  ]\\n}\", \"Question\": \"Follow the Instruction. Please make sure your response length are less than 512. Your test cases is for the below question:\\n\\ndef choose_num(x, y):\\n    \\\"\\\"\\\"This function takes two positive numbers x and y and returns the\\n    biggest even integer number that is in the range [x, y] inclusive. If \\n    there's no such number, then the function should return -1.\\n\\n    For example:\\n    choose_num(12, 15) = 14\\n    choose_num(13, 12) = -1\\n    \\\"\\\"\\\"\\n\"}",
    "Code0draft": "def choose_num(x, y):\n    if x <= 0 or y <= 0 or type(x) != int or type(y) != int:\n        return -1\n    max_even = -1\n    for num in range(x, y + 1):\n        if num % 2 == 0 and num > max_even:\n            max_even = num\n    return max_even",
    "Code0draft_prompt": "{\"Role\": \"You are a professional engineer. Your duty is to write code in Python that meets the requirements. Ensure that the code you write is efficient, readable, and follows best practices. Remember, do not need to explain the code you wrote.\", \"Instruction\": \"According to the Context section, write your code.\", \"Example\": \"\", \"Context\": \"# Test Cases:\\n{\\n  \\\"requirement analysis\\\": \\\"This function takes two positive numbers x and y and returns the biggest even integer number that is in the range [x, y] inclusive. If there's no such number, then the function should return -1.\\\",\\n  \\\"test_cases\\\": [\\n    {\\n      \\\"Test Title\\\": \\\"Valid input with even number in range\\\",\\n      \\\"Input Data\\\": \\\"x=12, y=15\\\",\\n      \\\"Expected Output\\\": \\\"14\\\"\\n    },\\n    {\\n      \\\"Test Title\\\": \\\"Valid input with no even number in range\\\",\\n      \\\"Input Data\\\": \\\"x=13, y=12\\\",\\n      \\\"Expected Output\\\": \\\"-1\\\"\\n    },\\n    {\\n      \\\"Test Title\\\": \\\"Invalid input with negative numbers\\\",\\n      \\\"Input Data\\\": \\\"x=-12, y=15\\\",\\n      \\\"Expected Output\\\": \\\"-1\\\"\\n    },\\n    {\\n      \\\"Test Title\\\": \\\"Invalid input with non-numeric input\\\",\\n      \\\"Input Data\\\": \\\"x='abc', y=12\\\",\\n      \\\"Expected Output\\\": \\\"-1\\\"\\n    },\\n    {\\n      \\\"Test Title\\\": \\\"Edge case with x and y being the same\\\",\\n      \\\"Input Data\\\": \\\"x=15, y=15\\\",\\n      \\\"Expected Output\\\": \\\"14\\\"\\n    },\\n    {\\n      \\\"Test Title\\\": \\\"Boundary test case with maximum possible values of x and y\\\",\\n      \\\"Input Data\\\": \\\"x=2147483647, y=2147483647\\\",\\n      \\\"Expected Output\\\": \\\"2147483646\\\"\\n    },\\n    {\\n      \\\"Test Title\\\": \\\"Boundary test case with minimum possible values of x and y\\\",\\n      \\\"Input Data\\\": \\\"x=1, y=1\\\",\\n      \\\"Expected Output\\\": \\\"-1\\\"\\n    }\\n  ]\\n}\\n# Design:\\nNew Design:\\n\\n1. Input Validation:\\n   - Implement input validation to check if x and y are positive numbers. If not, return an error message.\\n   - Test the input validation with negative numbers and verify that the error message is returned.\\n\\n2. Find the biggest even integer in the range [x, y]:\\n   - Use a loop to iterate through the range [x, y] and identify the biggest even integer.\\n   - Test the function with a range that contains even and odd numbers to ensure the correct even integer is returned.\\n   - Add a condition to return -1 if no even integer is found.\\n   - Test the function with a range that contains no even numbers to verify that -1 is returned.\\n\\n3. Return the result:\\n   - Return the biggest even integer found or -1 if no such number exists.\", \"Question\": \"Follow the Instruction section. Complete the following code:\\n\\ndef choose_num(x, y):\\n    \\\"\\\"\\\"This function takes two positive numbers x and y and returns the\\n    biggest even integer number that is in the range [x, y] inclusive. If \\n    there's no such number, then the function should return -1.\\n\\n    For example:\\n    choose_num(12, 15) = 14\\n    choose_num(13, 12) = -1\\n    \\\"\\\"\\\"\\n\"}",
    "Code Review Meetings": "{\n  \"Architect\": \"The code could be improved by adding input validation at the beginning to ensure that x and y are integers and positive numbers. Additionally, it may be beneficial to add comments to explain the purpose of the code and the logic behind it.\",\n  \"Tester\": \"As a tester, I would suggest adding unit tests to cover different scenarios such as positive integers, negative integers, and non-integer inputs. Additionally, it would be helpful to test the performance of the code with a large range of numbers to ensure it runs efficiently.\"\n}",
    "Code0": "def choose_num(x, y):\n    \"\"\"\n    This function takes two positive numbers x and y and returns the\n    biggest even integer number that is in the range [x, y] inclusive. If \n    there's no such number, then the function should return -1.\n\n    For example:\n    choose_num(12, 15) = 14\n    choose_num(13, 12) = -1\n    \"\"\"\n    if x <= 0 or y <= 0 or type(x) != int or type(y) != int:\n        return -1  # Input validation\n\n    max_even = -1  # Initializing max_even\n\n    for num in range(x, y + 1):  \n        if num % 2 == 0 and num > max_even:  # Checking for even number and updating max_even\n            max_even = num\n\n    return max_even  # Returning the biggest even number or -1 if there's none.",
    "Code0_prompt": "{\"Role\": \"You are a professional software engineer. Your duty is to write code in Python that meets the requirements. Ensure that the code you write is efficient, readable, and follows best practices. Remember, do not need to explain the code you wrote.\", \"Instruction\": \"1. Understand the suggestions(in the Context section) about the original code. 2. Rewrite your code.\", \"Example\": \"\", \"Context\": \"# Suggestions:\\n{\\n  \\\"Architect\\\": \\\"The code could be improved by adding input validation at the beginning to ensure that x and y are integers and positive numbers. Additionally, it may be beneficial to add comments to explain the purpose of the code and the logic behind it.\\\",\\n  \\\"Tester\\\": \\\"As a tester, I would suggest adding unit tests to cover different scenarios such as positive integers, negative integers, and non-integer inputs. Additionally, it would be helpful to test the performance of the code with a large range of numbers to ensure it runs efficiently.\\\"\\n}\\n# Original code:\\ndef choose_num(x, y):\\n    if x <= 0 or y <= 0 or type(x) != int or type(y) != int:\\n        return -1\\n    max_even = -1\\n    for num in range(x, y + 1):\\n        if num % 2 == 0 and num > max_even:\\n            max_even = num\\n    return max_even\", \"Question\": \"Follow the Instruction section. Complete the following code:\\n\\ndef choose_num(x, y):\\n    \\\"\\\"\\\"This function takes two positive numbers x and y and returns the\\n    biggest even integer number that is in the range [x, y] inclusive. If \\n    there's no such number, then the function should return -1.\\n\\n    For example:\\n    choose_num(12, 15) = 14\\n    choose_num(13, 12) = -1\\n    \\\"\\\"\\\"\\n\"}",
    "TestScriptOriginal": "import unittest\n\ndef function_under_test(x, y):\n    max_even = -1\n    for i in range(x, y+1):\n        if i % 2 == 0 and i > max_even:\n            max_even = i\n    return max_even\n\nclass Test(unittest.TestCase):\n    def test(self):\n        self.assertEqual(function_under_test(12, 15), 14)\n        self.assertEqual(function_under_test(13, 12), -1)\n\nif __name__ == '__main__':\n    unittest.main()",
    "TestScriptOriginal_prompt": "{\"Role\": \"You are a quality assurance engineer. Your duty is to write a python test script in unittest framework.\", \"Instruction\": \"1. Write a python test script. 2. Use the input and output given by the question.\", \"Example\": \"import unittest\\n\\nclass Test(unittest.TestCase):\\n    def test(self):\\n        self.assertEqual(function_under_test('a'), 1)\\n\\nif __name__ == '__main__':\\n    unittest.main()\", \"Context\": \"\", \"Question\": \"\\ndef choose_num(x, y):\\n    \\\"\\\"\\\"This function takes two positive numbers x and y and returns the\\n    biggest even integer number that is in the range [x, y] inclusive. If \\n    there's no such number, then the function should return -1.\\n\\n    For example:\\n    choose_num(12, 15) = 14\\n    choose_num(13, 12) = -1\\n    \\\"\\\"\\\"\\n\"}",
    "TestScript": "import unittest\n\nclass Test(unittest.TestCase):\n    def test(self):\n        self.assertEqual(function_under_test(12, 15), 14)\n        self.assertEqual(function_under_test(13, 12), -1)\n\nif __name__ == '__main__':\n    unittest.main()",
    "TestScript_prompt": "{\"Role\": \"You are a quality assurance engineer. Your duty is to write a python test script in unittest framework.\", \"Instruction\": \"1. Write a python test script. 2. Use the input and output given by the question.\", \"Example\": \"import unittest\\n\\nclass Test(unittest.TestCase):\\n    def test(self):\\n        self.assertEqual(function_under_test('a'), 1)\\n\\nif __name__ == '__main__':\\n    unittest.main()\", \"Context\": \"\", \"Question\": \"\\ndef choose_num(x, y):\\n    \\\"\\\"\\\"This function takes two positive numbers x and y and returns the\\n    biggest even integer number that is in the range [x, y] inclusive. If \\n    there's no such number, then the function should return -1.\\n\\n    For example:\\n    choose_num(12, 15) = 14\\n    choose_num(13, 12) = -1\\n    \\\"\\\"\\\"\\n\"}",
    "ScriptResult0": "E\n======================================================================\nERROR: test (__main__.Test)\n----------------------------------------------------------------------\nTraceback (most recent call last):\n  File \"/Users/watch/PycharmProjects/XXXX-1-LLM/workspace/2024-01-14_15-54-53-214409/test_script.py\", line 25, in test\n    self.assertEqual(function_under_test(12, 15), 14)\nNameError: name 'function_under_test' is not defined\n\n----------------------------------------------------------------------\nRan 1 test in 0.000s\n\nFAILED (errors=1)\n",
    "TestReport0": "Test Report:\n\nTest Script Output:\nE\n======================================================================\nERROR: test (__main__.Test)\n----------------------------------------------------------------------\nTraceback (most recent call last):\n  File \"/Users/watch/PycharmProjects/XXXX-1-LLM/workspace/2024-01-14_15-54-53-214409/test_script.py\", line 25, in test\n    self.assertEqual(function_under_test(12, 15), 14)\nNameError: name 'function_under_test' is not defined\n\n----------------------------------------------------------------------\nRan 1 test in 0.000s\n\nFAILED (errors=1)\n\nConclusion: Code Test Failed\n\nInput and Expected Output Example:\n- Input: function_under_test(12, 15)\n- Expected Output: 14\n\nPlease refer to the error message above for more details on the failure.\n\nEnd of Test Report.",
    "RepairResponse1": "{\n\"revised_code\": \"def choose_num(x, y):\\n    \\\"\\\"\\\"This function takes two positive numbers x and y and returns the\\n    biggest even integer number that is in the range [x, y] inclusive. If \\n    there's no such number, then the function should return -1.\\n\\n    For example:\\n    choose_num(12, 15) = 14\\n    choose_num(13, 12) = -1\\n    \\\"\\\"\\\"\\n    if x <= 0 or y <= 0 or type(x) != int or type(y) != int:\\n        return -1  # Input validation\\n\\n    max_even = -1  # Initializing max_even\\n\\n    for num in range(x, y + 1):  \\n        if num % 2 == 0 and num > max_even:  # Checking for even number and updating max_even\\n            max_even = num\\n\\n    if max_even == -1:  # No even number found\\n        return -1\\n    else:\\n        return max_even  # Returning the biggest even number.\"\n}",
    "RepairResponse1_prompt": "{\"Role\": \"You are a professional software engineer. Your duty is to write code in Python that meets the requirements. Ensure that the code you write is efficient, readable, and follows best practices. Remember, do not need to explain the code you wrote.\", \"Instruction\": \"1. Rewrite a bug fix version of the original code. 2. Response in JSON format.\", \"Example\": \"{\\\"revised_code\\\":\\\"...\\\"}\", \"Context\": \"# the original code:\\ndef choose_num(x, y):\\n    \\\"\\\"\\\"\\n    This function takes two positive numbers x and y and returns the\\n    biggest even integer number that is in the range [x, y] inclusive. If \\n    there's no such number, then the function should return -1.\\n\\n    For example:\\n    choose_num(12, 15) = 14\\n    choose_num(13, 12) = -1\\n    \\\"\\\"\\\"\\n    if x <= 0 or y <= 0 or type(x) != int or type(y) != int:\\n        return -1  # Input validation\\n\\n    max_even = -1  # Initializing max_even\\n\\n    for num in range(x, y + 1):  \\n        if num % 2 == 0 and num > max_even:  # Checking for even number and updating max_even\\n            max_even = num\\n\\n    return max_even  # Returning the biggest even number or -1 if there's none.\\n# test report:\\nTest Report:\\n\\nTest Script Output:\\nE\\n======================================================================\\nERROR: test (__main__.Test)\\n----------------------------------------------------------------------\\nTraceback (most recent call last):\\n  File \\\"/Users/watch/PycharmProjects/XXXX-1-LLM/workspace/2024-01-14_15-54-53-214409/test_script.py\\\", line 25, in test\\n    self.assertEqual(function_under_test(12, 15), 14)\\nNameError: name 'function_under_test' is not defined\\n\\n----------------------------------------------------------------------\\nRan 1 test in 0.000s\\n\\nFAILED (errors=1)\\n\\nConclusion: Code Test Failed\\n\\nInput and Expected Output Example:\\n- Input: function_under_test(12, 15)\\n- Expected Output: 14\\n\\nPlease refer to the error message above for more details on the failure.\\n\\nEnd of Test Report.\", \"Question\": \"The original code has some bugs, according to the test report and suggestions, rewrite the code. Complete the following code:\\n\\ndef choose_num(x, y):\\n    \\\"\\\"\\\"This function takes two positive numbers x and y and returns the\\n    biggest even integer number that is in the range [x, y] inclusive. If \\n    there's no such number, then the function should return -1.\\n\\n    For example:\\n    choose_num(12, 15) = 14\\n    choose_num(13, 12) = -1\\n    \\\"\\\"\\\"\\n\"}",
    "Code1": "def choose_num(x, y):\n    \"\"\"This function takes two positive numbers x and y and returns the\n    biggest even integer number that is in the range [x, y] inclusive. If \n    there's no such number, then the function should return -1.\n\n    For example:\n    choose_num(12, 15) = 14\n    choose_num(13, 12) = -1\n    \"\"\"\n    if x <= 0 or y <= 0 or type(x) != int or type(y) != int:\n        return -1  # Input validation\n\n    max_even = -1  # Initializing max_even\n\n    for num in range(x, y + 1):  \n        if num % 2 == 0 and num > max_even:  # Checking for even number and updating max_even\n            max_even = num\n\n    if max_even == -1:  # No even number found\n        return -1\n    else:\n        return max_even  # Returning the biggest even number.",
    "ScriptResult1": "E\n======================================================================\nERROR: test (__main__.Test)\n----------------------------------------------------------------------\nTraceback (most recent call last):\n  File \"/Users/watch/PycharmProjects/XXXX-1-LLM/workspace/2024-01-14_15-54-53-214409/test_script.py\", line 27, in test\n    self.assertEqual(function_under_test(12, 15), 14)\nNameError: name 'function_under_test' is not defined\n\n----------------------------------------------------------------------\nRan 1 test in 0.000s\n\nFAILED (errors=1)\n",
    "TestReport1": "Test Report:\n\nTest Script Output:\nE\n======================================================================\nERROR: test (__main__.Test)\n----------------------------------------------------------------------\nTraceback (most recent call last):\n  File \"/Users/watch/PycharmProjects/XXXX-1-LLM/workspace/2024-01-14_15-54-53-214409/test_script.py\", line 27, in test\n    self.assertEqual(function_under_test(12, 15), 14)\nNameError: name 'function_under_test' is not defined\n\n----------------------------------------------------------------------\nRan 1 test in 0.000s\n\nFAILED (errors=1)\n\nConclusion:\nThe code has failed the test due to an error in the function_under_test definition. \n\nInput and Expected Output Example:\nInput: function_under_test(12, 15)\nExpected Output: 14\n\nCode Test Failed",
    "RepairResponse2": "{\n  \"revised_code\": \"def choose_num(x, y):\\n    if x <= 0 or y <= 0 or type(x) != int or type(y) != int:\\n        return -1\\n\\n    max_even = -1\\n\\n    for num in range(y, x - 1, -1):\\n        if num % 2 == 0:\\n            return num\\n    return -1\"\n}",
    "RepairResponse2_prompt": "{\"Role\": \"You are a professional software engineer. Your duty is to write code in Python that meets the requirements. Ensure that the code you write is efficient, readable, and follows best practices. Remember, do not need to explain the code you wrote.\", \"Instruction\": \"1. Rewrite a bug fix version of the original code. 2. Response in JSON format.\", \"Example\": \"{\\\"revised_code\\\":\\\"...\\\"}\", \"Context\": \"# the original code:\\ndef choose_num(x, y):\\n    \\\"\\\"\\\"This function takes two positive numbers x and y and returns the\\n    biggest even integer number that is in the range [x, y] inclusive. If \\n    there's no such number, then the function should return -1.\\n\\n    For example:\\n    choose_num(12, 15) = 14\\n    choose_num(13, 12) = -1\\n    \\\"\\\"\\\"\\n    if x <= 0 or y <= 0 or type(x) != int or type(y) != int:\\n        return -1  # Input validation\\n\\n    max_even = -1  # Initializing max_even\\n\\n    for num in range(x, y + 1):  \\n        if num % 2 == 0 and num > max_even:  # Checking for even number and updating max_even\\n            max_even = num\\n\\n    if max_even == -1:  # No even number found\\n        return -1\\n    else:\\n        return max_even  # Returning the biggest even number.\\n# test report:\\nTest Report:\\n\\nTest Script Output:\\nE\\n======================================================================\\nERROR: test (__main__.Test)\\n----------------------------------------------------------------------\\nTraceback (most recent call last):\\n  File \\\"/Users/watch/PycharmProjects/XXXX-1-LLM/workspace/2024-01-14_15-54-53-214409/test_script.py\\\", line 27, in test\\n    self.assertEqual(function_under_test(12, 15), 14)\\nNameError: name 'function_under_test' is not defined\\n\\n----------------------------------------------------------------------\\nRan 1 test in 0.000s\\n\\nFAILED (errors=1)\\n\\nConclusion:\\nThe code has failed the test due to an error in the function_under_test definition. \\n\\nInput and Expected Output Example:\\nInput: function_under_test(12, 15)\\nExpected Output: 14\\n\\nCode Test Failed\", \"Question\": \"The original code has some bugs, according to the test report and suggestions, rewrite the code. Complete the following code:\\n\\ndef choose_num(x, y):\\n    \\\"\\\"\\\"This function takes two positive numbers x and y and returns the\\n    biggest even integer number that is in the range [x, y] inclusive. If \\n    there's no such number, then the function should return -1.\\n\\n    For example:\\n    choose_num(12, 15) = 14\\n    choose_num(13, 12) = -1\\n    \\\"\\\"\\\"\\n\"}",
    "Code2": "def choose_num(x, y):\n    if x <= 0 or y <= 0 or type(x) != int or type(y) != int:\n        return -1\n\n    max_even = -1\n\n    for num in range(y, x - 1, -1):\n        if num % 2 == 0:\n            return num\n    return -1",
    "ScriptResult2": "E\n======================================================================\nERROR: test (__main__.Test)\n----------------------------------------------------------------------\nTraceback (most recent call last):\n  File \"/Users/watch/PycharmProjects/XXXX-1-LLM/workspace/2024-01-14_15-54-53-214409/test_script.py\", line 15, in test\n    self.assertEqual(function_under_test(12, 15), 14)\nNameError: name 'function_under_test' is not defined\n\n----------------------------------------------------------------------\nRan 1 test in 0.000s\n\nFAILED (errors=1)\n",
    "TestReport2": "Test Report:\n\nTest Script Output:\nE\n======================================================================\nERROR: test (__main__.Test)\n----------------------------------------------------------------------\nTraceback (most recent call last):\n  File \"/Users/watch/PycharmProjects/XXXX-1-LLM/workspace/2024-01-14_15-54-53-214409/test_script.py\", line 15, in test\n    self.assertEqual(function_under_test(12, 15), 14)\nNameError: name 'function_under_test' is not defined\n\n----------------------------------------------------------------------\nRan 1 test in 0.000s\n\nFAILED (errors=1)\n\nTest Report:\nThe test script output indicates that the code has failed. The error is related to the name 'function_under_test' not being defined. Therefore, the code has failed the test.\n\nConclusion:\nCode Test Failed\n\nInput and Expected Output Example:\nInput: function_under_test(12, 15)\nExpected Output: 14\n\nPlease address the issue related to the name error and rerun the test.\n\nEnd of Report.",
    "FinalCode": "def choose_num(x, y):\n    if x <= 0 or y <= 0 or type(x) != int or type(y) != int:\n        return -1\n\n    max_even = -1\n\n    for num in range(y, x - 1, -1):\n        if num % 2 == 0:\n            return num\n    return -1"
}