{
    "start_time": "2024-03-11_19-02-51-364145",
    "task": "def sample_nam(sample_names):\n'''Write a function to sum the length of the names of a given list of names after removing the names that start with a lowercase letter.\nassert sample_nam(['sally', 'Dylan', 'rebecca', 'Diana', 'Joanne', 'keith'])==16'''\n",
    "datetime": {
        "task": "2024-03-11 19:02:51",
        "task-id": "2024-03-11 19:02:51",
        "workflow": "2024-03-11 19:02:51",
        "UserStoryDraft0": "2024-03-11 19:02:52",
        "AnalyzeMeetings": "2024-03-11 19:02:53",
        "UserStory0": "2024-03-11 19:02:54",
        "DesignDraft0": "2024-03-11 19:02:56",
        "DesignMeetings0": "2024-03-11 19:02:57",
        "Design0": "2024-03-11 19:02:59",
        "CodeDraft0": "2024-03-11 19:03:00",
        "CodeReviewMeetings0": "2024-03-11 19:03:02",
        "Code0CR": "2024-03-11 19:03:04",
        "FinalCode": "2024-03-11 19:03:20",
        "Test Cases Draft": "2024-03-11 19:03:06",
        "Test Cases Meetings": "2024-03-11 19:03:07",
        "Test Cases": "2024-03-11 19:03:10",
        "Code0": "2024-03-11 19:03:11",
        "TestScriptOriginal": "2024-03-11 19:03:13",
        "TestScript": "2024-03-11 19:03:13",
        "ScriptResult0": "2024-03-11 19:03:13",
        "TestReport0": "2024-03-11 19:03:16",
        "SprintReview0": "2024-03-11 19:03:17",
        "SprintReviewMeetings0": "2024-03-11 19:03:19",
        "RepairResponse0": "2024-03-11 19:03:20",
        "Code1": "2024-03-11 19:03:20",
        "ScriptResult1": "2024-03-11 19:03:20",
        "TestReport1": "2024-03-11 19:03:21"
    },
    "task-id": 639,
    "workflow": "agile/agile_version_0.0.5_remove.json",
    "UserStoryDraft0": "{\n  \"UserStory\": \"As a product owner, I want a function that can sum the length of names from a given list of names after removing the names that start with a lowercase letter, so that I can get the total length of names starting with uppercase letters only.\"\n}",
    "UserStoryDraft0_prompt": "{\"Role\": \"You need to act as a professional product owner. Your task is to write a UserStory\", \"Instruction\": \"According to the Context, please analyze the requirement and write your response. Response in JSON format. Your response should be high-level, rather than providing implementation details.\", \"Example\": \"\", \"Context\": [], \"Question\": \"Follow the Instruction. The requirement is as follows:\\ndef sample_nam(sample_names):\\n'''Write a function to sum the length of the names of a given list of names after removing the names that start with a lowercase letter.\\nassert sample_nam(['sally', 'Dylan', 'rebecca', 'Diana', 'Joanne', 'keith'])==16'''\\n\"}",
    "AnalyzeMeetings": "{\n  \"Architect\": \"I suggest creating a function that will iterate through the given list of names, remove the names that start with a lowercase letter, and then sum the length of the remaining names. This function should take the list of names as input and return the total length of names starting with uppercase letters only.\"\n}",
    "UserStory0": "{\n  \"RevisedDocument\": {\n    \"UserStory\": \"As a product owner, I want a function that can sum the length of names from a given list of names after removing the names that start with a lowercase letter, so that I can get the total length of names starting with uppercase letters only.\"\n  }\n}",
    "UserStory0_prompt": {
        "Role": "You need to act as a professional product owner. Your duty is to revise the document based on the suggestions.",
        "Instruction": "1. Read the suggestions. 2. Revise your draft version document. 3. Response in JSON format. 4. REMEMBER: Your analysis should be high-level, rather than providing implementation details.",
        "Example": "",
        "Context": "# Suggestion:\n{\n  \"Architect\": \"I suggest creating a function that will iterate through the given list of names, remove the names that start with a lowercase letter, and then sum the length of the remaining names. This function should take the list of names as input and return the total length of names starting with uppercase letters only.\"\n}",
        "Question": "Follow the Instruction. Your colleague give you some suggestions(in the Context section) about this draft document:{\n  \"UserStory\": \"As a product owner, I want a function that can sum the length of names from a given list of names after removing the names that start with a lowercase letter, so that I can get the total length of names starting with uppercase letters only.\"\n}"
    },
    "DesignDraft0": "Design:\n\n- Create a function called sum_length_of_names that takes a list of names as input.\n- Iterate through the list of names and filter out the names that start with a lowercase letter.\n- Calculate the total length of the remaining names and return the result.\n- Provide a sample test case to demonstrate the expected behavior of the function.\n\nExample:\n```python\ndef sum_length_of_names(names):\n    filtered_names = [name for name in names if name[0].isupper()]\n    total_length = sum(len(name) for name in filtered_names)\n    return total_length\n\nassert sum_length_of_names(['sally', 'Dylan', 'rebecca', 'Diana', 'Joanne', 'keith']) == 16\n```",
    "DesignMeetings0": "{\n  \"Developer\": \"I suggest adding input validation to check if the input is a list of strings. This can prevent potential errors and improve the robustness of the function.\",\n  \"Requirement Engineer\": \"I recommend adding a requirement to handle edge cases, such as an empty input list or a list with only lowercase names. This will ensure the function behaves as expected in all scenarios.\"\n}",
    "Design0": "Based on the suggestions, here is the new design for the function:\n\nDesign:\n\n- Create a function called sum_length_of_names that takes a list of names as input.\n- Add input validation to check if the input is a list of strings. This can prevent potential errors and improve the robustness of the function.\n- Iterate through the list of names and filter out the names that start with a lowercase letter.\n- Add a requirement to handle edge cases, such as an empty input list or a list with only lowercase names. This will ensure the function behaves as expected in all scenarios.\n- Calculate the total length of the remaining names and return the result.\n- Provide a sample test case to demonstrate the expected behavior of the function.\n\nExample:\n\n```python\ndef sum_length_of_names(names):\n    if not all(isinstance(name, str) for name in names):\n        raise TypeError(\"Input must be a list of strings\")\n        \n    filtered_names = [name for name in names if name[0].isupper()]\n    total_length = sum(len(name) for name in filtered_names)\n    return total_length\n\nassert sum_length_of_names(['sally', 'Dylan', 'rebecca', 'Diana', 'Joanne', 'keith']) == 16\n```",
    "CodeDraft0": "def sample_nam(sample_names):\n    if not all(isinstance(name, str) for name in sample_names):\n        raise TypeError(\"Input must be a list of strings\")\n        \n    filtered_names = [name for name in sample_names if name[0].isupper()]\n    total_length = sum(len(name) for name in filtered_names)\n    return total_length",
    "CodeDraft0_prompt": {
        "Role": "You are a professional engineer. Your duty is to write code in Python that meets the requirements. Ensure that the code you write is efficient, readable, and follows best practices. Remember, do not need to explain the code you wrote.",
        "Instruction": "According to the Context section, write your code.",
        "Example": "",
        "Context": "# Tasks:\n[]\n# Design:\nBased on the suggestions, here is the new design for the function:\n\nDesign:\n\n- Create a function called sum_length_of_names that takes a list of names as input.\n- Add input validation to check if the input is a list of strings. This can prevent potential errors and improve the robustness of the function.\n- Iterate through the list of names and filter out the names that start with a lowercase letter.\n- Add a requirement to handle edge cases, such as an empty input list or a list with only lowercase names. This will ensure the function behaves as expected in all scenarios.\n- Calculate the total length of the remaining names and return the result.\n- Provide a sample test case to demonstrate the expected behavior of the function.\n\nExample:\n\n```python\ndef sum_length_of_names(names):\n    if not all(isinstance(name, str) for name in names):\n        raise TypeError(\"Input must be a list of strings\")\n        \n    filtered_names = [name for name in names if name[0].isupper()]\n    total_length = sum(len(name) for name in filtered_names)\n    return total_length\n\nassert sum_length_of_names(['sally', 'Dylan', 'rebecca', 'Diana', 'Joanne', 'keith']) == 16\n```",
        "Question": "Follow the Instruction section. Complete the following code:\ndef sample_nam(sample_names):\n'''Write a function to sum the length of the names of a given list of names after removing the names that start with a lowercase letter.\nassert sample_nam(['sally', 'Dylan', 'rebecca', 'Diana', 'Joanne', 'keith'])==16'''\n"
    },
    "CodeReviewMeetings0": "{\n  \"Architect\": \"The code could be improved by adding comments to explain the purpose of each step, and by breaking down the code into smaller, more manageable functions for better modularity and reusability.\",\n  \"Tester\": \"As a tester, I would suggest writing some test cases to cover different scenarios such as an empty list, a list with non-string elements, and a list with both upper and lower case strings to ensure the function behaves as expected in all cases.\"\n}",
    "Code0CR": "def sum_length_of_names(names):\n    \"\"\"\n    Function to sum the length of the names of a given list of names\n    after removing the names that start with a lowercase letter.\n    \"\"\"\n    if not all(isinstance(name, str) for name in names):\n        raise TypeError(\"Input must be a list of strings\")\n    \n    # Filter out names that start with a lowercase letter\n    filtered_names = [name for name in names if name[0].isupper()]\n    \n    # Calculate total length of remaining names\n    total_length = sum(len(name) for name in filtered_names)\n    \n    return total_length\n\n# Sample test case\nassert sum_length_of_names(['sally', 'Dylan', 'rebecca', 'Diana', 'Joanne', 'keith']) == 16",
    "Code0CR_prompt": "{\"Role\": \"You are a professional software engineer. Your duty is to write code in Python that meets the requirements. Ensure that the code you write is efficient, readable, and follows best practices. Remember, do not need to explain the code you wrote.\", \"Instruction\": \"1. Understand the suggestions(in the Context section) about the original code. 2. Rewrite your code.\", \"Example\": \"\", \"Context\": \"# Tasks:\\n[]\\n# Design:\\nBased on the suggestions, here is the new design for the function:\\n\\nDesign:\\n\\n- Create a function called sum_length_of_names that takes a list of names as input.\\n- Add input validation to check if the input is a list of strings. This can prevent potential errors and improve the robustness of the function.\\n- Iterate through the list of names and filter out the names that start with a lowercase letter.\\n- Add a requirement to handle edge cases, such as an empty input list or a list with only lowercase names. This will ensure the function behaves as expected in all scenarios.\\n- Calculate the total length of the remaining names and return the result.\\n- Provide a sample test case to demonstrate the expected behavior of the function.\\n\\nExample:\\n\\n```python\\ndef sum_length_of_names(names):\\n    if not all(isinstance(name, str) for name in names):\\n        raise TypeError(\\\"Input must be a list of strings\\\")\\n        \\n    filtered_names = [name for name in names if name[0].isupper()]\\n    total_length = sum(len(name) for name in filtered_names)\\n    return total_length\\n\\nassert sum_length_of_names(['sally', 'Dylan', 'rebecca', 'Diana', 'Joanne', 'keith']) == 16\\n```# Suggestions:\\n{\\n  \\\"Architect\\\": \\\"The code could be improved by adding comments to explain the purpose of each step, and by breaking down the code into smaller, more manageable functions for better modularity and reusability.\\\",\\n  \\\"Tester\\\": \\\"As a tester, I would suggest writing some test cases to cover different scenarios such as an empty list, a list with non-string elements, and a list with both upper and lower case strings to ensure the function behaves as expected in all cases.\\\"\\n}\", \"Question\": \"Follow the Instruction section. Complete the following code:\\ndef sample_nam(sample_names):\\n'''Write a function to sum the length of the names of a given list of names after removing the names that start with a lowercase letter.\\nassert sample_nam(['sally', 'Dylan', 'rebecca', 'Diana', 'Joanne', 'keith'])==16'''\\n\"}",
    "FinalCode": "def sample_nam(sample_names):\n    filtered_names = [name for name in sample_names if name[0].isupper()]\n    total_length = sum(len(name) for name in filtered_names)\n    return total_length",
    "Test Cases Draft": "{\n  \"test_cases\": [\n    {\n      \"Test Title\": \"Valid Input - Uppercase Names\",\n      \"Input Data\": \"names=['Dylan', 'Diana', 'Joanne']\",\n      \"Expected Output\": 13\n    },\n    {\n      \"Test Title\": \"Valid Input - Mixed Case Names\",\n      \"Input Data\": \"names=['sally', 'Dylan', 'rebecca', 'Diana', 'Joanne', 'keith']\",\n      \"Expected Output\": 16\n    },\n    {\n      \"Test Title\": \"Valid Input - Empty List\",\n      \"Input Data\": \"names=[]\",\n      \"Expected Output\": 0\n    },\n    {\n      \"Test Title\": \"Invalid Input - Non-String List\",\n      \"Input Data\": \"names=[1, 2, 3]\",\n      \"Expected Output\": \"TypeError\"\n    }\n  ]\n}",
    "Test Cases Draft_prompt": "{\"Role\": \"You are a quality assurance engineer. Your duty is to design test cases for the developers.\", \"Instruction\": \"According to the Context section, write test cases. Don't write long strings in your test cases. Response in JSON format.\", \"Example\": \"{\\\"requirement analysis\\\":\\\"analysis\\\",\\\"test_cases\\\":[{\\\"Test Title\\\":\\\"title\\\", \\\"Input Data\\\":\\\"parameter1=[1,2,3],parameter2='123'\\\", \\\"Expected Output\\\":\\\"456\\\"},]}\", \"Context\": \"# UsrtStory:\\n{\\n  \\\"RevisedDocument\\\": {\\n    \\\"UserStory\\\": \\\"As a product owner, I want a function that can sum the length of names from a given list of names after removing the names that start with a lowercase letter, so that I can get the total length of names starting with uppercase letters only.\\\"\\n  }\\n}\\n# Tasks:\\n[]\\n# Design:\\nBased on the suggestions, here is the new design for the function:\\n\\nDesign:\\n\\n- Create a function called sum_length_of_names that takes a list of names as input.\\n- Add input validation to check if the input is a list of strings. This can prevent potential errors and improve the robustness of the function.\\n- Iterate through the list of names and filter out the names that start with a lowercase letter.\\n- Add a requirement to handle edge cases, such as an empty input list or a list with only lowercase names. This will ensure the function behaves as expected in all scenarios.\\n- Calculate the total length of the remaining names and return the result.\\n- Provide a sample test case to demonstrate the expected behavior of the function.\\n\\nExample:\\n\\n```python\\ndef sum_length_of_names(names):\\n    if not all(isinstance(name, str) for name in names):\\n        raise TypeError(\\\"Input must be a list of strings\\\")\\n        \\n    filtered_names = [name for name in names if name[0].isupper()]\\n    total_length = sum(len(name) for name in filtered_names)\\n    return total_length\\n\\nassert sum_length_of_names(['sally', 'Dylan', 'rebecca', 'Diana', 'Joanne', 'keith']) == 16\\n```\", \"Question\": \"def sample_nam(sample_names):\\n'''Write a function to sum the length of the names of a given list of names after removing the names that start with a lowercase letter.\\nassert sample_nam(['sally', 'Dylan', 'rebecca', 'Diana', 'Joanne', 'keith'])==16'''\\n\"}",
    "Test Cases Meetings": "{\n  \"Developer\": \"The test cases need to be revised to include more edge cases such as special characters in names, null input, and duplicate names. Additionally, the expected outputs should be clarified to provide more specific details on the expected behavior of the function.\"\n}",
    "Test Cases": "{\n  \"test_cases\": [\n    {\n      \"Test Title\": \"Valid Input - Uppercase Names with Special Characters\",\n      \"Input Data\": \"names=['Dylan', 'Diana', 'Jo-anne', 'Ma!ry']\",\n      \"Expected Output\": 15\n    },\n    {\n      \"Test Title\": \"Valid Input - Mixed Case Names with Null Input\",\n      \"Input Data\": \"names=['sally', 'Dylan', 'rebecca', 'Diana', 'Joanne', None]\",\n      \"Expected Output\": 16\n    },\n    {\n      \"Test Title\": \"Valid Input - Duplicate Names\",\n      \"Input Data\": \"names=['Dylan', 'Dylan', 'Dylan', 'Diana', 'Joanne', 'Joanne']\",\n      \"Expected Output\": 20\n    },\n    {\n      \"Test Title\": \"Invalid Input - Non-String List with Special Characters\",\n      \"Input Data\": \"names=[1, 2, '3!']\",\n      \"Expected Output\": \"TypeError\"\n    }\n  ]\n}",
    "Test Cases_prompt": "{\"Role\": \"You are a quality assurance engineer. Your duty is to revise the test cases based on the suggestions.\", \"Instruction\": \"1. Your colleague give you some suggestions(in the Context section) about the draft test cases, read these suggestions. 2. Revise your draft version test cases, but don't use long parameters. 3. Response in JSON format.\", \"Example\": \"{\\\"requirement analysis\\\":\\\"analysis\\\",\\\"test_cases\\\":[{\\\"Test Title\\\":\\\"title\\\", \\\"Input Data\\\":\\\"parameter1=[1,2,3],parameter2='123'\\\", \\\"Expected Output\\\":\\\"456\\\"},]}\", \"Context\": \"# Suggestions:\\n{\\n  \\\"Developer\\\": \\\"The test cases need to be revised to include more edge cases such as special characters in names, null input, and duplicate names. Additionally, the expected outputs should be clarified to provide more specific details on the expected behavior of the function.\\\"\\n}\\n # Draft Test cases:\\n{\\n  \\\"test_cases\\\": [\\n    {\\n      \\\"Test Title\\\": \\\"Valid Input - Uppercase Names\\\",\\n      \\\"Input Data\\\": \\\"names=['Dylan', 'Diana', 'Joanne']\\\",\\n      \\\"Expected Output\\\": 13\\n    },\\n    {\\n      \\\"Test Title\\\": \\\"Valid Input - Mixed Case Names\\\",\\n      \\\"Input Data\\\": \\\"names=['sally', 'Dylan', 'rebecca', 'Diana', 'Joanne', 'keith']\\\",\\n      \\\"Expected Output\\\": 16\\n    },\\n    {\\n      \\\"Test Title\\\": \\\"Valid Input - Empty List\\\",\\n      \\\"Input Data\\\": \\\"names=[]\\\",\\n      \\\"Expected Output\\\": 0\\n    },\\n    {\\n      \\\"Test Title\\\": \\\"Invalid Input - Non-String List\\\",\\n      \\\"Input Data\\\": \\\"names=[1, 2, 3]\\\",\\n      \\\"Expected Output\\\": \\\"TypeError\\\"\\n    }\\n  ]\\n}\", \"Question\": \"Follow the Instruction. Please make sure your response length are less than 512. Your test cases is for the below question:\\ndef sample_nam(sample_names):\\n'''Write a function to sum the length of the names of a given list of names after removing the names that start with a lowercase letter.\\nassert sample_nam(['sally', 'Dylan', 'rebecca', 'Diana', 'Joanne', 'keith'])==16'''\\n\"}",
    "Code0": "def sum_length_of_names(names):\n    if not all(isinstance(name, str) for name in names):\n        raise TypeError(\"Input must be a list of strings\")\n    \n    filtered_names = [name for name in names if name[0].isupper()]\n    \n    total_length = sum(len(name) for name in filtered_names)\n    \n    return total_length",
    "Code0_prompt": {
        "Role": "You are a professional software engineer. Your duty is to write code in Python that meets the requirements. Ensure that the code you write is efficient, readable, and follows best practices. Remember, do not need to explain the code you wrote.",
        "Instruction": "1. Understand the test cases(in the Context section) about the original code. 2. Rewrite your code, make sure your code pass all test cases.",
        "Example": "",
        "Context": "# Original Code:\ndef sum_length_of_names(names):\n    \"\"\"\n    Function to sum the length of the names of a given list of names\n    after removing the names that start with a lowercase letter.\n    \"\"\"\n    if not all(isinstance(name, str) for name in names):\n        raise TypeError(\"Input must be a list of strings\")\n    \n    # Filter out names that start with a lowercase letter\n    filtered_names = [name for name in names if name[0].isupper()]\n    \n    # Calculate total length of remaining names\n    total_length = sum(len(name) for name in filtered_names)\n    \n    return total_length\n\n# Sample test case\nassert sum_length_of_names(['sally', 'Dylan', 'rebecca', 'Diana', 'Joanne', 'keith']) == 16\n# Test Cases:\n{\n  \"test_cases\": [\n    {\n      \"Test Title\": \"Valid Input - Uppercase Names with Special Characters\",\n      \"Input Data\": \"names=['Dylan', 'Diana', 'Jo-anne', 'Ma!ry']\",\n      \"Expected Output\": 15\n    },\n    {\n      \"Test Title\": \"Valid Input - Mixed Case Names with Null Input\",\n      \"Input Data\": \"names=['sally', 'Dylan', 'rebecca', 'Diana', 'Joanne', None]\",\n      \"Expected Output\": 16\n    },\n    {\n      \"Test Title\": \"Valid Input - Duplicate Names\",\n      \"Input Data\": \"names=['Dylan', 'Dylan', 'Dylan', 'Diana', 'Joanne', 'Joanne']\",\n      \"Expected Output\": 20\n    },\n    {\n      \"Test Title\": \"Invalid Input - Non-String List with Special Characters\",\n      \"Input Data\": \"names=[1, 2, '3!']\",\n      \"Expected Output\": \"TypeError\"\n    }\n  ]\n}",
        "Question": "def sample_nam(sample_names):\n'''Write a function to sum the length of the names of a given list of names after removing the names that start with a lowercase letter.\nassert sample_nam(['sally', 'Dylan', 'rebecca', 'Diana', 'Joanne', 'keith'])==16'''\n"
    },
    "TestScriptOriginal": "import unittest\n\ndef sample_nam(sample_names):\n    names_length = 0\n    for name in sample_names:\n        if name[0].islower():\n            continue\n        names_length += len(name)\n    return names_length\n\nclass Test(unittest.TestCase):\n    def test(self):\n        self.assertEqual(sample_nam(['sally', 'Dylan', 'rebecca', 'Diana', 'Joanne', 'keith']), 16)\n\nif __name__ == '__main__':\n    unittest.main()",
    "TestScriptOriginal_prompt": "{\"Role\": \"You are a quality assurance engineer. Your duty is to write a python test script in unittest framework.\", \"Instruction\": \"1. Write a python test script. 2. Use the input and output given by the question.\", \"Example\": \"import unittest\\n\\nclass Test(unittest.TestCase):\\n    def test(self):\\n        self.assertEqual(function_under_test('a'), 1)\\n\\nif __name__ == '__main__':\\n    unittest.main()\", \"Context\": \"\", \"Question\": \"def sample_nam(sample_names):\\n'''Write a function to sum the length of the names of a given list of names after removing the names that start with a lowercase letter.\\nassert sample_nam(['sally', 'Dylan', 'rebecca', 'Diana', 'Joanne', 'keith'])==16'''\\n\"}",
    "TestScript": "import unittest\n\nclass Test(unittest.TestCase):\n    def test(self):\n        self.assertEqual(sample_nam(['sally', 'Dylan', 'rebecca', 'Diana', 'Joanne', 'keith']), 16)\n\nif __name__ == '__main__':\n    unittest.main()",
    "ScriptResult0": "E\n======================================================================\nERROR: test (__main__.Test)\n----------------------------------------------------------------------\nTraceback (most recent call last):\n  File \"/Users/watch/PycharmProjects/XXXX-1-LLM/workspace/2024-03-11_19-02-51-364145/test_script.py\", line 14, in test\n    self.assertEqual(sample_nam(['sally', 'Dylan', 'rebecca', 'Diana', 'Joanne', 'keith']), 16)\nNameError: name 'sample_nam' is not defined\n\n----------------------------------------------------------------------\nRan 1 test in 0.000s\n\nFAILED (errors=1)\n",
    "TestReport0": "Test Report:\n\nTest script's output:\nE\n======================================================================\nERROR: test (__main__.Test)\n----------------------------------------------------------------------\nTraceback (most recent call last):\n  File \"/Users/watch/PycharmProjects/XXXX-1-LLM/workspace/2024-03-11_19-02-51-364145/test_script.py\", line 14, in test\n    self.assertEqual(sample_nam(['sally', 'Dylan', 'rebecca', 'Diana', 'Joanne', 'keith']), 16)\nNameError: name 'sample_nam' is not defined\n\n----------------------------------------------------------------------\nRan 1 test in 0.000s\n\nFAILED (errors=1)\n\nCode Test Failed\n\nInput and expected output example:\n\ndef sum_length_of_names(names):\n    if not all(isinstance(name, str) for name in names):\n        raise TypeError(\"Input must be a list of strings\")\n    \n    filtered_names = [name for name in names if name[0].isupper()]\n    \n    total_length = sum(len(name) for name in filtered_names)\n    \n    return total_length\n\nConclusion: Code Test Failed. The name 'sample_nam' is not defined which caused the test to fail.\n\nPlease review the code and define 'sample_nam' to ensure the test passes.",
    "SprintReview0": "[ScrumMaster]says: Here is our test Report: Test Report:\n\nTest script's output:\nE\n======================================================================\nERROR: test (__main__.Test)\n----------------------------------------------------------------------\nTraceback (most recent call last):\n  File \"/Users/watch/PycharmProjects/XXXX-1-LLM/workspace/2024-03-11_19-02-51-364145/test_script.py\", line 14, in test\n    self.assertEqual(sample_nam(['sally', 'Dylan', 'rebecca', 'Diana', 'Joanne', 'keith']), 16)\nNameError: name 'sample_nam' is not defined\n\n----------------------------------------------------------------------\nRan 1 test in 0.000s\n\nFAILED (errors=1)\n\nCode Test Failed\n\nInput and expected output example:\n\ndef sum_length_of_names(names):\n    if not all(isinstance(name, str) for name in names):\n        raise TypeError(\"Input must be a list of strings\")\n    \n    filtered_names = [name for name in names if name[0].isupper()]\n    \n    total_length = sum(len(name) for name in filtered_names)\n    \n    return total_length\n\nConclusion: Code Test Failed. The name 'sample_nam' is not defined which caused the test to fail.\n\nPlease review the code and define 'sample_nam' to ensure the test passes., do you have any ideas?\n-----\n\n[Developer]says: As a Developer, it is important to define the 'sample_nam' function in order to ensure the test passes.\n-----\n\n[Tester]says: As a Tester, the error in the test report indicates that 'sample_nam' is not defined in the code, which caused the test to fail. It is important to review the code and define 'sample_nam' to ensure the test passes.\n-----\n\n[ProductOwner]says: As a Product Owner, I think we should prioritize fixing the error in the code and defining 'sample_nam' in order to ensure the test passes and the product development can continue smoothly.\n-----\n\n[Architect]says: As an architect, I will review the code and ensure that 'sample_nam' is defined in order to pass the test.\n-----\n\n[Developer]says: As a Developer, it is important to define the 'sample_nam' function in order to ensure the test passes.\n-----\n\n[Tester]says: As a Tester, I agree that it is important to review the code and define 'sample_nam' to ensure the test passes.\n-----\n\n[ProductOwner]says: As a Product Owner, I think we should prioritize fixing the error in the code and defining 'sample_nam' in order to ensure the test passes and the product development can continue smoothly.\n-----\n\n[Architect]says: As an architect, I will review the code and ensure that 'sample_nam' is defined in order to pass the test.\n-----\n",
    "SprintReviewMeetings0": "{\n  \"product-owner\": [\n    \"Prioritize fixing the error in the code\",\n    \"Define 'sample_nam' to ensure the test passes\"\n  ],\n  \"architect\": [\n    \"Review the code and ensure 'sample_nam' is defined\"\n  ],\n  \"developer\": [\n    \"Define the 'sample_nam' function to ensure the test passes\"\n  ],\n  \"tester\": [\n    \"Review the code and define 'sample_nam' to ensure the test passes\"\n  ]\n}",
    "SprintReviewMeetings0_prompt": "{\"Role\": \"You are a professional scrum master. Your goal is to summary the Discussion History into a suggestions list for the scrum team.\", \"Instruction\": \"1. Read and Understand the Discussion History. 2. Summary the suggestions from four roles: product-owner/architect/developer/tester. 3. Response in JSON format.\", \"Example\": \"{\\\"product-owner\\\":[\\\"suggestion1\\\",\\\"suggestion2\\\"],\\\"architect\\\":[\\\"suggestion1\\\",\\\"suggestion2\\\"], \\\"developer\\\":[\\\"suggestion1\\\",\\\"suggestion2\\\"], \\\"tester\\\":[\\\"suggestion1\\\",\\\"suggestion2\\\"]}\", \"Context\": \"[ScrumMaster]says: Here is our test Report: Test Report:\\n\\nTest script's output:\\nE\\n======================================================================\\nERROR: test (__main__.Test)\\n----------------------------------------------------------------------\\nTraceback (most recent call last):\\n  File \\\"/Users/watch/PycharmProjects/XXXX-1-LLM/workspace/2024-03-11_19-02-51-364145/test_script.py\\\", line 14, in test\\n    self.assertEqual(sample_nam(['sally', 'Dylan', 'rebecca', 'Diana', 'Joanne', 'keith']), 16)\\nNameError: name 'sample_nam' is not defined\\n\\n----------------------------------------------------------------------\\nRan 1 test in 0.000s\\n\\nFAILED (errors=1)\\n\\nCode Test Failed\\n\\nInput and expected output example:\\n\\ndef sum_length_of_names(names):\\n    if not all(isinstance(name, str) for name in names):\\n        raise TypeError(\\\"Input must be a list of strings\\\")\\n    \\n    filtered_names = [name for name in names if name[0].isupper()]\\n    \\n    total_length = sum(len(name) for name in filtered_names)\\n    \\n    return total_length\\n\\nConclusion: Code Test Failed. The name 'sample_nam' is not defined which caused the test to fail.\\n\\nPlease review the code and define 'sample_nam' to ensure the test passes., do you have any ideas?\\n-----\\n\\n[Developer]says: As a Developer, it is important to define the 'sample_nam' function in order to ensure the test passes.\\n-----\\n\\n[Tester]says: As a Tester, the error in the test report indicates that 'sample_nam' is not defined in the code, which caused the test to fail. It is important to review the code and define 'sample_nam' to ensure the test passes.\\n-----\\n\\n[ProductOwner]says: As a Product Owner, I think we should prioritize fixing the error in the code and defining 'sample_nam' in order to ensure the test passes and the product development can continue smoothly.\\n-----\\n\\n[Architect]says: As an architect, I will review the code and ensure that 'sample_nam' is defined in order to pass the test.\\n-----\\n\\n[Developer]says: As a Developer, it is important to define the 'sample_nam' function in order to ensure the test passes.\\n-----\\n\\n[Tester]says: As a Tester, I agree that it is important to review the code and define 'sample_nam' to ensure the test passes.\\n-----\\n\\n[ProductOwner]says: As a Product Owner, I think we should prioritize fixing the error in the code and defining 'sample_nam' in order to ensure the test passes and the product development can continue smoothly.\\n-----\\n\\n[Architect]says: As an architect, I will review the code and ensure that 'sample_nam' is defined in order to pass the test.\\n-----\\n\", \"Question\": \"Follow the Instruction section. The Discussion History is in the Context section. You only need to return a list as the Example section.\"}",
    "RepairResponse0": "{\n  \"revised_code\": \"def sample_nam(sample_names):\\n    filtered_names = [name for name in sample_names if name[0].isupper()]\\n    total_length = sum(len(name) for name in filtered_names)\\n    return total_length\"\n}",
    "RepairResponse0_prompt": {
        "Role": "You are a professional software engineer. Your duty is to write code in Python that meets the requirements. Ensure that the code you write is efficient, readable, and follows best practices. Remember, do not need to explain the code you wrote.",
        "Instruction": "1. Rewrite a bug fix version of the original code. 2. Response in JSON format.",
        "Example": "{\"revised_code\":\"...\"}",
        "Context": "# Test Report:\nTest Report:\n\nTest script's output:\nE\n======================================================================\nERROR: test (__main__.Test)\n----------------------------------------------------------------------\nTraceback (most recent call last):\n  File \"/Users/watch/PycharmProjects/XXXX-1-LLM/workspace/2024-03-11_19-02-51-364145/test_script.py\", line 14, in test\n    self.assertEqual(sample_nam(['sally', 'Dylan', 'rebecca', 'Diana', 'Joanne', 'keith']), 16)\nNameError: name 'sample_nam' is not defined\n\n----------------------------------------------------------------------\nRan 1 test in 0.000s\n\nFAILED (errors=1)\n\nCode Test Failed\n\nInput and expected output example:\n\ndef sum_length_of_names(names):\n    if not all(isinstance(name, str) for name in names):\n        raise TypeError(\"Input must be a list of strings\")\n    \n    filtered_names = [name for name in names if name[0].isupper()]\n    \n    total_length = sum(len(name) for name in filtered_names)\n    \n    return total_length\n\nConclusion: Code Test Failed. The name 'sample_nam' is not defined which caused the test to fail.\n\nPlease review the code and define 'sample_nam' to ensure the test passes.# suggestions:\n{\"product-owner\": [\"Prioritize fixing the error in the code\", \"Define 'sample_nam' to ensure the test passes\"], \"architect\": [\"Review the code and ensure 'sample_nam' is defined\"], \"developer\": [\"Define the 'sample_nam' function to ensure the test passes\"], \"tester\": [\"Review the code and define 'sample_nam' to ensure the test passes\"]}",
        "Question": "The original code has some bugs, according to the test report and suggestions, rewrite the code. Complete the following code:\ndef sample_nam(sample_names):\n'''Write a function to sum the length of the names of a given list of names after removing the names that start with a lowercase letter.\nassert sample_nam(['sally', 'Dylan', 'rebecca', 'Diana', 'Joanne', 'keith'])==16'''\n"
    },
    "Code1": "def sample_nam(sample_names):\n    filtered_names = [name for name in sample_names if name[0].isupper()]\n    total_length = sum(len(name) for name in filtered_names)\n    return total_length",
    "ScriptResult1": ".\n----------------------------------------------------------------------\nRan 1 test in 0.000s\n\nOK\n",
    "TestReport1": "Test Report:\n\nContext: \n# test script's output:\n.\n----------------------------------------------------------------------\nRan 1 test in 0.000s\n\nOK\n\nConclusion: Code Test Passed\n\nNote: No input and expected output example is shown as the code test has passed."
}