{
    "start_time": "2024-03-11_09-07-05-731088",
    "task": "def max_sum_increasing_subseq(a, n, index, k):\n'''Write a function to find the maximum sum of increasing subsequence from prefix until ith index and also including a given kth element which is after i, i.e., k > i .\nassert max_sum_increasing_subseq([1, 101, 2, 3, 100, 4, 5 ], 7, 4, 6) == 11'''\n",
    "datetime": {
        "task": "2024-03-11 09:07:05",
        "task-id": "2024-03-11 09:07:05",
        "workflow": "2024-03-11 09:07:05",
        "Discussion": "2024-03-11 09:07:07",
        "DisorderedSprintMeetings": "2024-03-11 09:07:09",
        "DesignDraft0": "2024-03-11 09:07:11",
        "DesignMeetings0": "2024-03-11 09:07:12",
        "Design0": "2024-03-11 09:07:16",
        "CodeDraft0": "2024-03-11 09:07:17",
        "CodeReviewMeetings0": "2024-03-11 09:07:19",
        "Code0CR": "2024-03-11 09:07:20",
        "FinalCode": "2024-03-11 09:07:45",
        "Test Cases Draft": "2024-03-11 09:07:22",
        "Test Cases Meetings": "2024-03-11 09:07:23",
        "Test Cases": "2024-03-11 09:07:25",
        "Code0": "2024-03-11 09:07:27",
        "TestScriptOriginal": "2024-03-11 09:07:28",
        "TestScript": "2024-03-11 09:07:28",
        "ScriptResult0": "2024-03-11 09:07:28",
        "TestReport0": "2024-03-11 09:07:31",
        "SprintReview0": "2024-03-11 09:07:33",
        "SprintReviewMeetings0": "2024-03-11 09:07:35",
        "RepairResponse0": "2024-03-11 09:07:38",
        "Code1": "2024-03-11 09:07:38",
        "ScriptResult1": "2024-03-11 09:07:38",
        "TestReport1": "2024-03-11 09:07:41",
        "SprintReview1": "2024-03-11 09:07:42",
        "SprintReviewMeetings1": "2024-03-11 09:07:44",
        "RepairResponse1": "2024-03-11 09:07:45",
        "Code2": "2024-03-11 09:07:45",
        "ScriptResult2": "2024-03-11 09:07:45",
        "TestReport2": "2024-03-11 09:07:49",
        "SprintReview2": "2024-03-11 09:07:51",
        "SprintReviewMeetings2": "2024-03-11 09:07:53",
        "RepairResponse2": "2024-03-11 09:07:57"
    },
    "task-id": 306,
    "workflow": "agile/agile_version_0.0.5_remove.json",
    "Discussion": "[ScrumMaster]says: We have a job: def max_sum_increasing_subseq(a, n, index, k):\n'''Write a function to find the maximum sum of increasing subsequence from prefix until ith index and also including a given kth element which is after i, i.e., k > i .\nassert max_sum_increasing_subseq([1, 101, 2, 3, 100, 4, 5 ], 7, 4, 6) == 11'''\n, do you have any ideas?\n-----\n\n[Architect]says: As an Architect, I believe we should prioritize creating a clear design and architectural plan for the function before writing any code.\n-----\n\n[Tester]says: As a Tester, I would like to suggest running some test cases with different input arrays to ensure the function works accurately in all scenarios.\n-----\n\n[ProductOwner]says: As a Product Owner, I think the first step is to understand the user requirements for this function and prioritize the features that will add the most value.\n-----\n\n[Developer]says: As a Developer, I think we should start by breaking down the problem and identifying the steps needed to solve it. Let's discuss the approach and divide the tasks among the team members.\n-----\n\n[Architect]says: As an Architect, I believe we should prioritize creating a clear design and architectural plan for the function before writing any code.\n-----\n\n[Tester]says: As a Tester, I would like to suggest running some test cases with different input arrays to ensure the function works accurately in all scenarios.\n-----\n\n[ProductOwner]says: As a Product Owner, I believe it is important to prioritize user requirements and features that add the most value to the function.\n-----\n\n[Developer]says: As a Developer, I will start by breaking down the problem and identifying the steps needed to solve it. Let's discuss the approach and divide the tasks among the team members.\n-----\n",
    "DisorderedSprintMeetings": "{\n  \"product-owner\": [\n    \"Understand user requirements for the function\",\n    \"Prioritize features that add the most value\"\n  ],\n  \"architect\": [\n    \"Create a clear design and architectural plan for the function\",\n    \"Prioritize creating a clear design before writing any code\"\n  ],\n  \"developer\": [\n    \"Break down the problem and identify the steps needed to solve it\",\n    \"Discuss the approach and divide the tasks among the team members\"\n  ],\n  \"tester\": [\n    \"Run test cases with different input arrays\",\n    \"Ensure the function works accurately in all scenarios\"\n  ]\n}",
    "DisorderedSprintMeetings_prompt": "{\"Role\": \"You are a professional scrum master. Your goal is to breakdown the Discussion History into a task list for the scrum team.\", \"Instruction\": \"1. Read and Understand the Discussion History. 2. Define the tasks for four roles: product-owner/architect/developer/tester. 3. Response in JSON format.\", \"Example\": \"{\\\"product-owner\\\":[\\\"task1\\\",\\\"task2\\\"],\\\"architect\\\":[\\\"task1\\\",\\\"task2\\\"], \\\"developer\\\":[\\\"task1\\\",\\\"task2\\\"], \\\"tester\\\":[\\\"task1\\\",\\\"task2\\\"]}\", \"Context\": \"[ScrumMaster]says: We have a job: def max_sum_increasing_subseq(a, n, index, k):\\n'''Write a function to find the maximum sum of increasing subsequence from prefix until ith index and also including a given kth element which is after i, i.e., k > i .\\nassert max_sum_increasing_subseq([1, 101, 2, 3, 100, 4, 5 ], 7, 4, 6) == 11'''\\n, do you have any ideas?\\n-----\\n\\n[Architect]says: As an Architect, I believe we should prioritize creating a clear design and architectural plan for the function before writing any code.\\n-----\\n\\n[Tester]says: As a Tester, I would like to suggest running some test cases with different input arrays to ensure the function works accurately in all scenarios.\\n-----\\n\\n[ProductOwner]says: As a Product Owner, I think the first step is to understand the user requirements for this function and prioritize the features that will add the most value.\\n-----\\n\\n[Developer]says: As a Developer, I think we should start by breaking down the problem and identifying the steps needed to solve it. Let's discuss the approach and divide the tasks among the team members.\\n-----\\n\\n[Architect]says: As an Architect, I believe we should prioritize creating a clear design and architectural plan for the function before writing any code.\\n-----\\n\\n[Tester]says: As a Tester, I would like to suggest running some test cases with different input arrays to ensure the function works accurately in all scenarios.\\n-----\\n\\n[ProductOwner]says: As a Product Owner, I believe it is important to prioritize user requirements and features that add the most value to the function.\\n-----\\n\\n[Developer]says: As a Developer, I will start by breaking down the problem and identifying the steps needed to solve it. Let's discuss the approach and divide the tasks among the team members.\\n-----\\n\", \"Question\": \"Follow the Instruction section. The Discussion History is in the Context section. You only need to return a task list as the Example section.\"}",
    "DesignDraft0": "Design:\n\nThe function max_sum_increasing_subseq should take the following parameters:\n1. a: List of integers representing the input sequence\n2. n: Integer representing the length of the input sequence\n3. index: Integer representing the index until which the maximum sum of increasing subsequence needs to be calculated\n4. k: Integer representing the index of the element that needs to be included in the subsequence\n\nThe function should return the maximum sum of increasing subsequence from the prefix until the ith index, including the kth element (where k > i).\n\nHigh-Level Approach:\n1. Iterate through the input sequence from index 0 to index n-1.\n2. For each index i, find the maximum sum of increasing subsequence including elements up to index i and including the kth element.\n3. Keep track of the maximum sum encountered so far.\n4. Return the maximum sum obtained.\n\nThis high-level design should guide the developer in writing the code for the max_sum_increasing_subseq function, without providing specific implementation details.",
    "DesignMeetings0": "{\n  \"Developer\": \"The design looks good, but it would be helpful to have some specific constraints or edge cases mentioned in the design to handle while writing the code. Also, including examples or test cases for the function would be beneficial.\",\n  \"Tester\": \"The design seems clear, but it would be helpful to have some specific test cases mentioned in the design to ensure complete test coverage. Also, including expected outputs for the given input parameters would be beneficial for testing the function.\"\n}",
    "Design0": "Based on the suggestions from the developer and tester, I have updated the design as follows:\n\nDesign:\n\nThe function max_sum_increasing_subseq should take the following parameters:\n1. a: List of integers representing the input sequence\n2. n: Integer representing the length of the input sequence\n3. index: Integer representing the index until which the maximum sum of increasing subsequence needs to be calculated\n4. k: Integer representing the index of the element that needs to be included in the subsequence\n\nThe function should return the maximum sum of increasing subsequence from the prefix until the ith index, including the kth element (where k > i).\n\nHigh-Level Approach:\n1. Iterate through the input sequence from index 0 to index n-1.\n2. For each index i, find the maximum sum of increasing subsequence including elements up to index i and including the kth element.\n3. Keep track of the maximum sum encountered so far.\n4. Return the maximum sum obtained.\n\nConstraints and Edge Cases:\n- Ensure that the input sequence 'a' is not empty and contains only integers.\n- Handle the scenario where the length of the input sequence 'n' is 0 or negative.\n- Address the case where the index 'index' is out of range for the input sequence.\n- Consider the situation where the index 'k' is greater than 'index'.\n\nTest Cases:\n1. Input: a=[1, 5, 3, 7, 10], n=5, index=4, k=3\n   Expected Output: 15\n2. Input: a=[3, 4, 5, 10], n=4, index=3, k=2\n   Expected Output: 12\n\nBy including specific constraints, edge cases, and test cases in the design, it will help guide the developer and tester in ensuring complete functionality and test coverage for the max_sum_increasing_subseq function.",
    "CodeDraft0": "def max_sum_increasing_subseq(a, n, index, k):\n    max_sum = 0\n    for i in range(index + 1):\n        if a[i] < a[k]:\n            max_sum = max(max_sum, a[i])\n    return max_sum\n\nassert max_sum_increasing_subseq([1, 101, 2, 3, 100, 4, 5 ], 7, 4, 6) == 11",
    "CodeDraft0_prompt": {
        "Role": "You are a professional engineer. Your duty is to write code in Python that meets the requirements. Ensure that the code you write is efficient, readable, and follows best practices. Remember, do not need to explain the code you wrote.",
        "Instruction": "According to the Context section, write your code.",
        "Example": "",
        "Context": "# Tasks:\n['Break down the problem and identify the steps needed to solve it', 'Discuss the approach and divide the tasks among the team members']\n# Design:\nBased on the suggestions from the developer and tester, I have updated the design as follows:\n\nDesign:\n\nThe function max_sum_increasing_subseq should take the following parameters:\n1. a: List of integers representing the input sequence\n2. n: Integer representing the length of the input sequence\n3. index: Integer representing the index until which the maximum sum of increasing subsequence needs to be calculated\n4. k: Integer representing the index of the element that needs to be included in the subsequence\n\nThe function should return the maximum sum of increasing subsequence from the prefix until the ith index, including the kth element (where k > i).\n\nHigh-Level Approach:\n1. Iterate through the input sequence from index 0 to index n-1.\n2. For each index i, find the maximum sum of increasing subsequence including elements up to index i and including the kth element.\n3. Keep track of the maximum sum encountered so far.\n4. Return the maximum sum obtained.\n\nConstraints and Edge Cases:\n- Ensure that the input sequence 'a' is not empty and contains only integers.\n- Handle the scenario where the length of the input sequence 'n' is 0 or negative.\n- Address the case where the index 'index' is out of range for the input sequence.\n- Consider the situation where the index 'k' is greater than 'index'.\n\nTest Cases:\n1. Input: a=[1, 5, 3, 7, 10], n=5, index=4, k=3\n   Expected Output: 15\n2. Input: a=[3, 4, 5, 10], n=4, index=3, k=2\n   Expected Output: 12\n\nBy including specific constraints, edge cases, and test cases in the design, it will help guide the developer and tester in ensuring complete functionality and test coverage for the max_sum_increasing_subseq function.",
        "Question": "Follow the Instruction section. Complete the following code:\ndef max_sum_increasing_subseq(a, n, index, k):\n'''Write a function to find the maximum sum of increasing subsequence from prefix until ith index and also including a given kth element which is after i, i.e., k > i .\nassert max_sum_increasing_subseq([1, 101, 2, 3, 100, 4, 5 ], 7, 4, 6) == 11'''\n"
    },
    "CodeReviewMeetings0": "{\n  \"Architect\": \"The code seems to be trying to find the maximum sum of increasing subsequence in a given array. However, the logic inside the max_sum_increasing_subseq function seems incorrect. It should be finding the maximum sum of increasing subsequence, but it is currently just finding the maximum value less than a[k]. The logic needs to be revised to correctly find the maximum sum of increasing subsequence.\",\n  \"Tester\": \"The code should be thoroughly tested with different input arrays to ensure that it is correctly finding the maximum sum of increasing subsequence. Additionally, the code should handle edge cases such as empty input array or negative numbers in the array. It is also important to test the code with different values for index and k to ensure it gives the correct result in all scenarios.\"\n}",
    "Code0CR": "```python\ndef max_sum_increasing_subseq(a, n, index, k):\n    max_sum = 0\n    sum_arr = [0]*n\n    \n    for i in range(index+1):\n        if a[i] < a[k]:\n            sum_arr[i] = a[i]\n            for j in range(i):\n                if a[j] < a[i]:\n                    sum_arr[i] = max(sum_arr[i], sum_arr[j] + a[i])\n            max_sum = max(max_sum, sum_arr[i])\n    \n    return max_sum\n```",
    "Code0CR_prompt": "{\"Role\": \"You are a professional software engineer. Your duty is to write code in Python that meets the requirements. Ensure that the code you write is efficient, readable, and follows best practices. Remember, do not need to explain the code you wrote.\", \"Instruction\": \"1. Understand the suggestions(in the Context section) about the original code. 2. Rewrite your code.\", \"Example\": \"\", \"Context\": \"# Tasks:\\n['Break down the problem and identify the steps needed to solve it', 'Discuss the approach and divide the tasks among the team members']\\n# Design:\\nBased on the suggestions from the developer and tester, I have updated the design as follows:\\n\\nDesign:\\n\\nThe function max_sum_increasing_subseq should take the following parameters:\\n1. a: List of integers representing the input sequence\\n2. n: Integer representing the length of the input sequence\\n3. index: Integer representing the index until which the maximum sum of increasing subsequence needs to be calculated\\n4. k: Integer representing the index of the element that needs to be included in the subsequence\\n\\nThe function should return the maximum sum of increasing subsequence from the prefix until the ith index, including the kth element (where k > i).\\n\\nHigh-Level Approach:\\n1. Iterate through the input sequence from index 0 to index n-1.\\n2. For each index i, find the maximum sum of increasing subsequence including elements up to index i and including the kth element.\\n3. Keep track of the maximum sum encountered so far.\\n4. Return the maximum sum obtained.\\n\\nConstraints and Edge Cases:\\n- Ensure that the input sequence 'a' is not empty and contains only integers.\\n- Handle the scenario where the length of the input sequence 'n' is 0 or negative.\\n- Address the case where the index 'index' is out of range for the input sequence.\\n- Consider the situation where the index 'k' is greater than 'index'.\\n\\nTest Cases:\\n1. Input: a=[1, 5, 3, 7, 10], n=5, index=4, k=3\\n   Expected Output: 15\\n2. Input: a=[3, 4, 5, 10], n=4, index=3, k=2\\n   Expected Output: 12\\n\\nBy including specific constraints, edge cases, and test cases in the design, it will help guide the developer and tester in ensuring complete functionality and test coverage for the max_sum_increasing_subseq function.# Suggestions:\\n{\\n  \\\"Architect\\\": \\\"The code seems to be trying to find the maximum sum of increasing subsequence in a given array. However, the logic inside the max_sum_increasing_subseq function seems incorrect. It should be finding the maximum sum of increasing subsequence, but it is currently just finding the maximum value less than a[k]. The logic needs to be revised to correctly find the maximum sum of increasing subsequence.\\\",\\n  \\\"Tester\\\": \\\"The code should be thoroughly tested with different input arrays to ensure that it is correctly finding the maximum sum of increasing subsequence. Additionally, the code should handle edge cases such as empty input array or negative numbers in the array. It is also important to test the code with different values for index and k to ensure it gives the correct result in all scenarios.\\\"\\n}\", \"Question\": \"Follow the Instruction section. Complete the following code:\\ndef max_sum_increasing_subseq(a, n, index, k):\\n'''Write a function to find the maximum sum of increasing subsequence from prefix until ith index and also including a given kth element which is after i, i.e., k > i .\\nassert max_sum_increasing_subseq([1, 101, 2, 3, 100, 4, 5 ], 7, 4, 6) == 11'''\\n\"}",
    "FinalCode": "def max_sum_increasing_subseq(a, n, index, k):\n    dp = [0]*n\n    for i in range(index, k+1):\n        dp[i] = a[i]\n        for j in range(index, i):\n            if a[i] > a[j]:\n                dp[i] = max(dp[i], dp[j] + a[i])\n    return max(dp)",
    "Test Cases Draft": "{\n  \"test_cases\": [\n    {\n      \"Test Title\": \"Test Case 1\",\n      \"Input Data\": \"a=[1, 5, 3, 7, 10], n=5, index=4, k=3\",\n      \"Expected Output\": 15\n    },\n    {\n      \"Test Title\": \"Test Case 2\",\n      \"Input Data\": \"a=[3, 4, 5, 10], n=4, index=3, k=2\",\n      \"Expected Output\": 12\n    }\n  ]\n}",
    "Test Cases Draft_prompt": "{\"Role\": \"You are a quality assurance engineer. Your duty is to design test cases for the developers.\", \"Instruction\": \"According to the Context section, write test cases. Don't write long strings in your test cases. Response in JSON format.\", \"Example\": \"{\\\"requirement analysis\\\":\\\"analysis\\\",\\\"test_cases\\\":[{\\\"Test Title\\\":\\\"title\\\", \\\"Input Data\\\":\\\"parameter1=[1,2,3],parameter2='123'\\\", \\\"Expected Output\\\":\\\"456\\\"},]}\", \"Context\": \"# Tasks:\\n['Run test cases with different input arrays', 'Ensure the function works accurately in all scenarios']\\n# Design:\\nBased on the suggestions from the developer and tester, I have updated the design as follows:\\n\\nDesign:\\n\\nThe function max_sum_increasing_subseq should take the following parameters:\\n1. a: List of integers representing the input sequence\\n2. n: Integer representing the length of the input sequence\\n3. index: Integer representing the index until which the maximum sum of increasing subsequence needs to be calculated\\n4. k: Integer representing the index of the element that needs to be included in the subsequence\\n\\nThe function should return the maximum sum of increasing subsequence from the prefix until the ith index, including the kth element (where k > i).\\n\\nHigh-Level Approach:\\n1. Iterate through the input sequence from index 0 to index n-1.\\n2. For each index i, find the maximum sum of increasing subsequence including elements up to index i and including the kth element.\\n3. Keep track of the maximum sum encountered so far.\\n4. Return the maximum sum obtained.\\n\\nConstraints and Edge Cases:\\n- Ensure that the input sequence 'a' is not empty and contains only integers.\\n- Handle the scenario where the length of the input sequence 'n' is 0 or negative.\\n- Address the case where the index 'index' is out of range for the input sequence.\\n- Consider the situation where the index 'k' is greater than 'index'.\\n\\nTest Cases:\\n1. Input: a=[1, 5, 3, 7, 10], n=5, index=4, k=3\\n   Expected Output: 15\\n2. Input: a=[3, 4, 5, 10], n=4, index=3, k=2\\n   Expected Output: 12\\n\\nBy including specific constraints, edge cases, and test cases in the design, it will help guide the developer and tester in ensuring complete functionality and test coverage for the max_sum_increasing_subseq function.\", \"Question\": \"def max_sum_increasing_subseq(a, n, index, k):\\n'''Write a function to find the maximum sum of increasing subsequence from prefix until ith index and also including a given kth element which is after i, i.e., k > i .\\nassert max_sum_increasing_subseq([1, 101, 2, 3, 100, 4, 5 ], 7, 4, 6) == 11'''\\n\"}",
    "Test Cases Meetings": "{\n  \"Architect\": \"The test cases should cover a wider range of input data, including edge cases and negative test cases. Also, it would be beneficial to have test cases with unexpected input to ensure the robustness of the system.\",\n  \"Developer\": \"Upon reviewing the test cases, it is important to include boundary test cases and invalid input test cases to ensure the robustness of the system. Additionally, adding test cases for error handling and exception scenarios would be beneficial.\"\n}",
    "Test Cases": "{\n  \"test_cases\": [\n    {\n      \"Test Title\": \"Test Case 1\",\n      \"Input Data\": \"a=[1, 5, 3, 7, 10], n=5, index=4, k=3\",\n      \"Expected Output\": 15\n    },\n    {\n      \"Test Title\": \"Test Case 2\",\n      \"Input Data\": \"a=[3, 4, 5, 10], n=4, index=3, k=2\",\n      \"Expected Output\": 12\n    },\n    {\n      \"Test Title\": \"Test Case 3\",\n      \"Input Data\": \"a=[1, 101, 2, 3, 100, 4, 5], n=7, index=4, k=6\",\n      \"Expected Output\": 11\n    }\n  ]\n}",
    "Test Cases_prompt": "{\"Role\": \"You are a quality assurance engineer. Your duty is to revise the test cases based on the suggestions.\", \"Instruction\": \"1. Your colleague give you some suggestions(in the Context section) about the draft test cases, read these suggestions. 2. Revise your draft version test cases, but don't use long parameters. 3. Response in JSON format.\", \"Example\": \"{\\\"requirement analysis\\\":\\\"analysis\\\",\\\"test_cases\\\":[{\\\"Test Title\\\":\\\"title\\\", \\\"Input Data\\\":\\\"parameter1=[1,2,3],parameter2='123'\\\", \\\"Expected Output\\\":\\\"456\\\"},]}\", \"Context\": \"# Suggestions:\\n{\\n  \\\"Architect\\\": \\\"The test cases should cover a wider range of input data, including edge cases and negative test cases. Also, it would be beneficial to have test cases with unexpected input to ensure the robustness of the system.\\\",\\n  \\\"Developer\\\": \\\"Upon reviewing the test cases, it is important to include boundary test cases and invalid input test cases to ensure the robustness of the system. Additionally, adding test cases for error handling and exception scenarios would be beneficial.\\\"\\n}\\n # Draft Test cases:\\n{\\n  \\\"test_cases\\\": [\\n    {\\n      \\\"Test Title\\\": \\\"Test Case 1\\\",\\n      \\\"Input Data\\\": \\\"a=[1, 5, 3, 7, 10], n=5, index=4, k=3\\\",\\n      \\\"Expected Output\\\": 15\\n    },\\n    {\\n      \\\"Test Title\\\": \\\"Test Case 2\\\",\\n      \\\"Input Data\\\": \\\"a=[3, 4, 5, 10], n=4, index=3, k=2\\\",\\n      \\\"Expected Output\\\": 12\\n    }\\n  ]\\n}\", \"Question\": \"Follow the Instruction. Please make sure your response length are less than 512. Your test cases is for the below question:\\ndef max_sum_increasing_subseq(a, n, index, k):\\n'''Write a function to find the maximum sum of increasing subsequence from prefix until ith index and also including a given kth element which is after i, i.e., k > i .\\nassert max_sum_increasing_subseq([1, 101, 2, 3, 100, 4, 5 ], 7, 4, 6) == 11'''\\n\"}",
    "Code0": "def max_sum_increasing_subseq(a, n, index, k):\n    max_sum = 0\n    sum_arr = [0]*n\n    \n    for i in range(index+1):\n        if a[i] < a[k]:\n            sum_arr[i] = a[i]\n            for j in range(i):\n                if a[j] < a[i]:\n                    sum_arr[i] = max(sum_arr[i], sum_arr[j] + a[i])\n            max_sum = max(max_sum, sum_arr[i])\n    \n    return max_sum",
    "Code0_prompt": {
        "Role": "You are a professional software engineer. Your duty is to write code in Python that meets the requirements. Ensure that the code you write is efficient, readable, and follows best practices. Remember, do not need to explain the code you wrote.",
        "Instruction": "1. Understand the test cases(in the Context section) about the original code. 2. Rewrite your code, make sure your code pass all test cases.",
        "Example": "",
        "Context": "# Original Code:\n```python\ndef max_sum_increasing_subseq(a, n, index, k):\n    max_sum = 0\n    sum_arr = [0]*n\n    \n    for i in range(index+1):\n        if a[i] < a[k]:\n            sum_arr[i] = a[i]\n            for j in range(i):\n                if a[j] < a[i]:\n                    sum_arr[i] = max(sum_arr[i], sum_arr[j] + a[i])\n            max_sum = max(max_sum, sum_arr[i])\n    \n    return max_sum\n```\n# Test Cases:\n{\n  \"test_cases\": [\n    {\n      \"Test Title\": \"Test Case 1\",\n      \"Input Data\": \"a=[1, 5, 3, 7, 10], n=5, index=4, k=3\",\n      \"Expected Output\": 15\n    },\n    {\n      \"Test Title\": \"Test Case 2\",\n      \"Input Data\": \"a=[3, 4, 5, 10], n=4, index=3, k=2\",\n      \"Expected Output\": 12\n    },\n    {\n      \"Test Title\": \"Test Case 3\",\n      \"Input Data\": \"a=[1, 101, 2, 3, 100, 4, 5], n=7, index=4, k=6\",\n      \"Expected Output\": 11\n    }\n  ]\n}",
        "Question": "def max_sum_increasing_subseq(a, n, index, k):\n'''Write a function to find the maximum sum of increasing subsequence from prefix until ith index and also including a given kth element which is after i, i.e., k > i .\nassert max_sum_increasing_subseq([1, 101, 2, 3, 100, 4, 5 ], 7, 4, 6) == 11'''\n"
    },
    "TestScriptOriginal": "import unittest\n\ndef max_sum_increasing_subseq(a, n, index, k):\n    # Write your function here\n    pass\n\nclass Test(unittest.TestCase):\n    def test(self):\n        self.assertEqual(max_sum_increasing_subseq([1, 101, 2, 3, 100, 4, 5 ], 7, 4, 6), 11)\n\nif __name__ == '__main__':\n    unittest.main()",
    "TestScriptOriginal_prompt": "{\"Role\": \"You are a quality assurance engineer. Your duty is to write a python test script in unittest framework.\", \"Instruction\": \"1. Write a python test script. 2. Use the input and output given by the question.\", \"Example\": \"import unittest\\n\\nclass Test(unittest.TestCase):\\n    def test(self):\\n        self.assertEqual(function_under_test('a'), 1)\\n\\nif __name__ == '__main__':\\n    unittest.main()\", \"Context\": \"\", \"Question\": \"def max_sum_increasing_subseq(a, n, index, k):\\n'''Write a function to find the maximum sum of increasing subsequence from prefix until ith index and also including a given kth element which is after i, i.e., k > i .\\nassert max_sum_increasing_subseq([1, 101, 2, 3, 100, 4, 5 ], 7, 4, 6) == 11'''\\n\"}",
    "TestScript": "import unittest\n\nclass Test(unittest.TestCase):\n    def test(self):\n        self.assertEqual(max_sum_increasing_subseq([1, 101, 2, 3, 100, 4, 5 ], 7, 4, 6), 11)\n\nif __name__ == '__main__':\n    unittest.main()",
    "ScriptResult0": "F\n======================================================================\nFAIL: test (__main__.Test)\n----------------------------------------------------------------------\nTraceback (most recent call last):\n  File \"/Users/watch/PycharmProjects/XXXX-1-LLM/workspace/2024-03-11_09-07-05-731088/test_script.py\", line 18, in test\n    self.assertEqual(max_sum_increasing_subseq([1, 101, 2, 3, 100, 4, 5 ], 7, 4, 6), 11)\nAssertionError: 6 != 11\n\n----------------------------------------------------------------------\nRan 1 test in 0.000s\n\nFAILED (failures=1)\n",
    "TestReport0": "Test Report\n\nTest Script's Output:\nF\n======================================================================\nFAIL: test (__main__.Test)\n----------------------------------------------------------------------\nTraceback (most recent call last):\n  File \"/Users/watch/PycharmProjects/XXXX-1-LLM/workspace/2024-03-11_09-07-05-731088/test_script.py\", line 18, in test\n    self.assertEqual(max_sum_increasing_subseq([1, 101, 2, 3, 100, 4, 5 ], 7, 4, 6), 11)\nAssertionError: 6 != 11\n\n----------------------------------------------------------------------\nRan 1 test in 0.000s\n\nFAILED (failures=1)\n\nTest Conclusion:\nCode Test Failed\n\nInput and Expected Output Example:\ndef max_sum_increasing_subseq(a, n, index, k):\n    max_sum = 0\n    sum_arr = [0]*n\n    \n    for i in range(index+1):\n        if a[i] < a[k]:\n            sum_arr[i] = a[i]\n            for j in range(i):\n                if a[j] < a[i]:\n                    sum_arr[i] = max(sum_arr[i], sum_arr[j] + a[i])\n            max_sum = max(max_sum, sum_arr[i])\n    \n    return max_sum\n\nThe code has failed the test as the expected output was 11, but the actual output was 6.\n\nEnd of Test Report",
    "SprintReview0": "[ScrumMaster]says: Here is our test Report: Test Report\n\nTest Script's Output:\nF\n======================================================================\nFAIL: test (__main__.Test)\n----------------------------------------------------------------------\nTraceback (most recent call last):\n  File \"/Users/watch/PycharmProjects/XXXX-1-LLM/workspace/2024-03-11_09-07-05-731088/test_script.py\", line 18, in test\n    self.assertEqual(max_sum_increasing_subseq([1, 101, 2, 3, 100, 4, 5 ], 7, 4, 6), 11)\nAssertionError: 6 != 11\n\n----------------------------------------------------------------------\nRan 1 test in 0.000s\n\nFAILED (failures=1)\n\nTest Conclusion:\nCode Test Failed\n\nInput and Expected Output Example:\ndef max_sum_increasing_subseq(a, n, index, k):\n    max_sum = 0\n    sum_arr = [0]*n\n    \n    for i in range(index+1):\n        if a[i] < a[k]:\n            sum_arr[i] = a[i]\n            for j in range(i):\n                if a[j] < a[i]:\n                    sum_arr[i] = max(sum_arr[i], sum_arr[j] + a[i])\n            max_sum = max(max_sum, sum_arr[i])\n    \n    return max_sum\n\nThe code has failed the test as the expected output was 11, but the actual output was 6.\n\nEnd of Test Report, do you have any ideas?\n-----\n\n[ProductOwner]says: As a Product Owner, I will work with the team to prioritize fixing this test failure and ensure the code meets the expected output of 11.\n-----\n\n[Developer]says: As a developer, I think we need to review the max_sum_increasing_subseq function and identify the issue causing the test failure.\n-----\n\n[Architect]says: As an Architect, we should review the code for max_sum_increasing_subseq and identify the cause of the failure in order to make necessary adjustments.\n-----\n\n[Tester]says: As a Tester, it seems like the max_sum_increasing_subseq function is not producing the expected output and may need further debugging to identify the issue.\n-----\n\n[ProductOwner]says: As a Product Owner, I will work with the team to prioritize fixing this test failure and ensure the code meets the expected output of 11.\n-----\n\n[Developer]says: As a developer, I agree that we need to review the max_sum_increasing_subseq function and identify the issue causing the test failure.\n-----\n\n[Architect]says: As the Architect, I will lead the review of the max_sum_increasing_subseq function and collaborate with the team to make necessary adjustments for the code to meet the expected output of 11.\n-----\n\n[Tester]says: As a Tester, it seems like the max_sum_increasing_subseq function is not producing the expected output and may need further debugging to identify the issue.\n-----\n",
    "SprintReviewMeetings0": "{\n  \"product-owner\":[\"I will work with the team to prioritize fixing this test failure and ensure the code meets the expected output of 11.\"],\n  \"architect\":[\"We should review the code for max_sum_increasing_subseq and identify the cause of the failure in order to make necessary adjustments.\", \"I will lead the review of the max_sum_increasing_subseq function and collaborate with the team to make necessary adjustments for the code to meet the expected output of 11.\"],\n  \"developer\":[\"We need to review the max_sum_increasing_subseq function and identify the issue causing the test failure.\", \"I agree that we need to review the max_sum_increasing_subseq function and identify the issue causing the test failure.\"],\n  \"tester\":[\"The max_sum_increasing_subseq function is not producing the expected output and may need further debugging to identify the issue.\"]\n}",
    "SprintReviewMeetings0_prompt": "{\"Role\": \"You are a professional scrum master. Your goal is to summary the Discussion History into a suggestions list for the scrum team.\", \"Instruction\": \"1. Read and Understand the Discussion History. 2. Summary the suggestions from four roles: product-owner/architect/developer/tester. 3. Response in JSON format.\", \"Example\": \"{\\\"product-owner\\\":[\\\"suggestion1\\\",\\\"suggestion2\\\"],\\\"architect\\\":[\\\"suggestion1\\\",\\\"suggestion2\\\"], \\\"developer\\\":[\\\"suggestion1\\\",\\\"suggestion2\\\"], \\\"tester\\\":[\\\"suggestion1\\\",\\\"suggestion2\\\"]}\", \"Context\": \"[ScrumMaster]says: Here is our test Report: Test Report\\n\\nTest Script's Output:\\nF\\n======================================================================\\nFAIL: test (__main__.Test)\\n----------------------------------------------------------------------\\nTraceback (most recent call last):\\n  File \\\"/Users/watch/PycharmProjects/XXXX-1-LLM/workspace/2024-03-11_09-07-05-731088/test_script.py\\\", line 18, in test\\n    self.assertEqual(max_sum_increasing_subseq([1, 101, 2, 3, 100, 4, 5 ], 7, 4, 6), 11)\\nAssertionError: 6 != 11\\n\\n----------------------------------------------------------------------\\nRan 1 test in 0.000s\\n\\nFAILED (failures=1)\\n\\nTest Conclusion:\\nCode Test Failed\\n\\nInput and Expected Output Example:\\ndef max_sum_increasing_subseq(a, n, index, k):\\n    max_sum = 0\\n    sum_arr = [0]*n\\n    \\n    for i in range(index+1):\\n        if a[i] < a[k]:\\n            sum_arr[i] = a[i]\\n            for j in range(i):\\n                if a[j] < a[i]:\\n                    sum_arr[i] = max(sum_arr[i], sum_arr[j] + a[i])\\n            max_sum = max(max_sum, sum_arr[i])\\n    \\n    return max_sum\\n\\nThe code has failed the test as the expected output was 11, but the actual output was 6.\\n\\nEnd of Test Report, do you have any ideas?\\n-----\\n\\n[ProductOwner]says: As a Product Owner, I will work with the team to prioritize fixing this test failure and ensure the code meets the expected output of 11.\\n-----\\n\\n[Developer]says: As a developer, I think we need to review the max_sum_increasing_subseq function and identify the issue causing the test failure.\\n-----\\n\\n[Architect]says: As an Architect, we should review the code for max_sum_increasing_subseq and identify the cause of the failure in order to make necessary adjustments.\\n-----\\n\\n[Tester]says: As a Tester, it seems like the max_sum_increasing_subseq function is not producing the expected output and may need further debugging to identify the issue.\\n-----\\n\\n[ProductOwner]says: As a Product Owner, I will work with the team to prioritize fixing this test failure and ensure the code meets the expected output of 11.\\n-----\\n\\n[Developer]says: As a developer, I agree that we need to review the max_sum_increasing_subseq function and identify the issue causing the test failure.\\n-----\\n\\n[Architect]says: As the Architect, I will lead the review of the max_sum_increasing_subseq function and collaborate with the team to make necessary adjustments for the code to meet the expected output of 11.\\n-----\\n\\n[Tester]says: As a Tester, it seems like the max_sum_increasing_subseq function is not producing the expected output and may need further debugging to identify the issue.\\n-----\\n\", \"Question\": \"Follow the Instruction section. The Discussion History is in the Context section. You only need to return a list as the Example section.\"}",
    "RepairResponse0": "{\n  \"revised_code\": \"def max_sum_increasing_subseq(a, n, index, k):\\n    max_sum = 0\\n    sum_arr = [0]*n\\n\\n    for i in range(index+1, k):\\n        if a[i] < a[k]:\\n            sum_arr[i] = a[i]\\n            for j in range(i):\\n                if a[j] < a[i]:\\n                    sum_arr[i] = max(sum_arr[i], sum_arr[j] + a[i])\\n            max_sum = max(max_sum, sum_arr[i])\\n\\n    return max_sum\\n\"\n}",
    "RepairResponse0_prompt": {
        "Role": "You are a professional software engineer. Your duty is to write code in Python that meets the requirements. Ensure that the code you write is efficient, readable, and follows best practices. Remember, do not need to explain the code you wrote.",
        "Instruction": "1. Rewrite a bug fix version of the original code. 2. Response in JSON format.",
        "Example": "{\"revised_code\":\"...\"}",
        "Context": "# Test Report:\nTest Report\n\nTest Script's Output:\nF\n======================================================================\nFAIL: test (__main__.Test)\n----------------------------------------------------------------------\nTraceback (most recent call last):\n  File \"/Users/watch/PycharmProjects/XXXX-1-LLM/workspace/2024-03-11_09-07-05-731088/test_script.py\", line 18, in test\n    self.assertEqual(max_sum_increasing_subseq([1, 101, 2, 3, 100, 4, 5 ], 7, 4, 6), 11)\nAssertionError: 6 != 11\n\n----------------------------------------------------------------------\nRan 1 test in 0.000s\n\nFAILED (failures=1)\n\nTest Conclusion:\nCode Test Failed\n\nInput and Expected Output Example:\ndef max_sum_increasing_subseq(a, n, index, k):\n    max_sum = 0\n    sum_arr = [0]*n\n    \n    for i in range(index+1):\n        if a[i] < a[k]:\n            sum_arr[i] = a[i]\n            for j in range(i):\n                if a[j] < a[i]:\n                    sum_arr[i] = max(sum_arr[i], sum_arr[j] + a[i])\n            max_sum = max(max_sum, sum_arr[i])\n    \n    return max_sum\n\nThe code has failed the test as the expected output was 11, but the actual output was 6.\n\nEnd of Test Report# suggestions:\n{\"product-owner\": [\"I will work with the team to prioritize fixing this test failure and ensure the code meets the expected output of 11.\"], \"architect\": [\"We should review the code for max_sum_increasing_subseq and identify the cause of the failure in order to make necessary adjustments.\", \"I will lead the review of the max_sum_increasing_subseq function and collaborate with the team to make necessary adjustments for the code to meet the expected output of 11.\"], \"developer\": [\"We need to review the max_sum_increasing_subseq function and identify the issue causing the test failure.\", \"I agree that we need to review the max_sum_increasing_subseq function and identify the issue causing the test failure.\"], \"tester\": [\"The max_sum_increasing_subseq function is not producing the expected output and may need further debugging to identify the issue.\"]}",
        "Question": "The original code has some bugs, according to the test report and suggestions, rewrite the code. Complete the following code:\ndef max_sum_increasing_subseq(a, n, index, k):\n'''Write a function to find the maximum sum of increasing subsequence from prefix until ith index and also including a given kth element which is after i, i.e., k > i .\nassert max_sum_increasing_subseq([1, 101, 2, 3, 100, 4, 5 ], 7, 4, 6) == 11'''\n"
    },
    "Code1": "def max_sum_increasing_subseq(a, n, index, k):\n    max_sum = 0\n    sum_arr = [0]*n\n\n    for i in range(index+1, k):\n        if a[i] < a[k]:\n            sum_arr[i] = a[i]\n            for j in range(i):\n                if a[j] < a[i]:\n                    sum_arr[i] = max(sum_arr[i], sum_arr[j] + a[i])\n            max_sum = max(max_sum, sum_arr[i])\n\n    return max_sum\n",
    "ScriptResult1": "F\n======================================================================\nFAIL: test (__main__.Test)\n----------------------------------------------------------------------\nTraceback (most recent call last):\n  File \"/Users/watch/PycharmProjects/XXXX-1-LLM/workspace/2024-03-11_09-07-05-731088/test_script.py\", line 19, in test\n    self.assertEqual(max_sum_increasing_subseq([1, 101, 2, 3, 100, 4, 5 ], 7, 4, 6), 11)\nAssertionError: 4 != 11\n\n----------------------------------------------------------------------\nRan 1 test in 0.000s\n\nFAILED (failures=1)\n",
    "TestReport1": "Test Report:\n\nTest script's output:\nF\n======================================================================\nFAIL: test (__main__.Test)\n----------------------------------------------------------------------\nTraceback (most recent call last):\n  File \"/Users/watch/PycharmProjects/XXXX-1-LLM/workspace/2024-03-11_09-07-05-731088/test_script.py\", line 19, in test\n    self.assertEqual(max_sum_increasing_subseq([1, 101, 2, 3, 100, 4, 5 ], 7, 4, 6), 11)\nAssertionError: 4 != 11\n\n----------------------------------------------------------------------\nRan 1 test in 0.000s\n\nFAILED (failures=1)\n\nCode Test Failed\nInput Example: max_sum_increasing_subseq([1, 101, 2, 3, 100, 4, 5 ], 7, 4, 6)\nExpected Output: 11\nActual Output: 4\n\nThe test script output indicates that the code has failed the test. The assertion error shows that the actual output (4) does not match the expected output (11) for the given input example. The test case has identified a discrepancy in the code's functionality.\n\nConclusion: Code Test Failed",
    "SprintReview1": "[ScrumMaster]says: Here is our test Report: Test Report:\n\nTest script's output:\nF\n======================================================================\nFAIL: test (__main__.Test)\n----------------------------------------------------------------------\nTraceback (most recent call last):\n  File \"/Users/watch/PycharmProjects/XXXX-1-LLM/workspace/2024-03-11_09-07-05-731088/test_script.py\", line 19, in test\n    self.assertEqual(max_sum_increasing_subseq([1, 101, 2, 3, 100, 4, 5 ], 7, 4, 6), 11)\nAssertionError: 4 != 11\n\n----------------------------------------------------------------------\nRan 1 test in 0.000s\n\nFAILED (failures=1)\n\nCode Test Failed\nInput Example: max_sum_increasing_subseq([1, 101, 2, 3, 100, 4, 5 ], 7, 4, 6)\nExpected Output: 11\nActual Output: 4\n\nThe test script output indicates that the code has failed the test. The assertion error shows that the actual output (4) does not match the expected output (11) for the given input example. The test case has identified a discrepancy in the code's functionality.\n\nConclusion: Code Test Failed, do you have any ideas?\n-----\n\n[Tester]says: As a Tester, I think we need to review the code and identify the issue causing the test to fail.\n-----\n\n[Architect]says: As an Architect, I believe we should review the code and identify the issue in the function max_sum_increasing_subseq to ensure it meets the expected output.\n-----\n\n[ProductOwner]says: As a Product Owner, I think we should prioritize fixing the failing test case and ensuring the code meets the expected output.\n-----\n\n[Developer]says: As a Developer, I will review the test report and analyze the code to identify the issue causing the test failure.\n-----\n\n[Architect]says: As an Architect, I think we should also consider analyzing the algorithm for max_sum_increasing_subseq to identify any potential issues.\n-----\n\n[ProductOwner]says: As a Product Owner, I think we should prioritize fixing the failing test case and ensuring the code meets the expected output.\n-----\n\n[Developer]says: As a Developer, I will review the test report and analyze the code to identify the issue causing the test failure.\n-----\n\n[Tester]says: [Tester]says: It seems like there may be a problem with the max_sum_increasing_subseq function, possibly with how it handles the input. We should review the code to identify the issue causing the test to fail.\n-----\n",
    "SprintReviewMeetings1": "{\n  \"product-owner\": [\n    \"we should prioritize fixing the failing test case and ensuring the code meets the expected output.\"\n  ],\n  \"architect\": [\n    \"we should review the code and identify the issue in the function max_sum_increasing_subseq to ensure it meets the expected output.\",\n    \"we should also consider analyzing the algorithm for max_sum_increasing_subseq to identify any potential issues.\"\n  ],\n  \"developer\": [\n    \"review the test report and analyze the code to identify the issue causing the test failure.\"\n  ],\n  \"tester\": [\n    \"we need to review the code and identify the issue causing the test to fail.\",\n    \"there may be a problem with the max_sum_increasing_subseq function, possibly with how it handles the input.\"\n  ]\n}",
    "SprintReviewMeetings1_prompt": "{\"Role\": \"You are a professional scrum master. Your goal is to summary the Discussion History into a suggestions list for the scrum team.\", \"Instruction\": \"1. Read and Understand the Discussion History. 2. Summary the suggestions from four roles: product-owner/architect/developer/tester. 3. Response in JSON format.\", \"Example\": \"{\\\"product-owner\\\":[\\\"suggestion1\\\",\\\"suggestion2\\\"],\\\"architect\\\":[\\\"suggestion1\\\",\\\"suggestion2\\\"], \\\"developer\\\":[\\\"suggestion1\\\",\\\"suggestion2\\\"], \\\"tester\\\":[\\\"suggestion1\\\",\\\"suggestion2\\\"]}\", \"Context\": \"[ScrumMaster]says: Here is our test Report: Test Report:\\n\\nTest script's output:\\nF\\n======================================================================\\nFAIL: test (__main__.Test)\\n----------------------------------------------------------------------\\nTraceback (most recent call last):\\n  File \\\"/Users/watch/PycharmProjects/XXXX-1-LLM/workspace/2024-03-11_09-07-05-731088/test_script.py\\\", line 19, in test\\n    self.assertEqual(max_sum_increasing_subseq([1, 101, 2, 3, 100, 4, 5 ], 7, 4, 6), 11)\\nAssertionError: 4 != 11\\n\\n----------------------------------------------------------------------\\nRan 1 test in 0.000s\\n\\nFAILED (failures=1)\\n\\nCode Test Failed\\nInput Example: max_sum_increasing_subseq([1, 101, 2, 3, 100, 4, 5 ], 7, 4, 6)\\nExpected Output: 11\\nActual Output: 4\\n\\nThe test script output indicates that the code has failed the test. The assertion error shows that the actual output (4) does not match the expected output (11) for the given input example. The test case has identified a discrepancy in the code's functionality.\\n\\nConclusion: Code Test Failed, do you have any ideas?\\n-----\\n\\n[Tester]says: As a Tester, I think we need to review the code and identify the issue causing the test to fail.\\n-----\\n\\n[Architect]says: As an Architect, I believe we should review the code and identify the issue in the function max_sum_increasing_subseq to ensure it meets the expected output.\\n-----\\n\\n[ProductOwner]says: As a Product Owner, I think we should prioritize fixing the failing test case and ensuring the code meets the expected output.\\n-----\\n\\n[Developer]says: As a Developer, I will review the test report and analyze the code to identify the issue causing the test failure.\\n-----\\n\\n[Architect]says: As an Architect, I think we should also consider analyzing the algorithm for max_sum_increasing_subseq to identify any potential issues.\\n-----\\n\\n[ProductOwner]says: As a Product Owner, I think we should prioritize fixing the failing test case and ensuring the code meets the expected output.\\n-----\\n\\n[Developer]says: As a Developer, I will review the test report and analyze the code to identify the issue causing the test failure.\\n-----\\n\\n[Tester]says: [Tester]says: It seems like there may be a problem with the max_sum_increasing_subseq function, possibly with how it handles the input. We should review the code to identify the issue causing the test to fail.\\n-----\\n\", \"Question\": \"Follow the Instruction section. The Discussion History is in the Context section. You only need to return a list as the Example section.\"}",
    "RepairResponse1": "{\n  \"revised_code\": \"def max_sum_increasing_subseq(a, n, index, k):\\n    dp = [0]*n\\n    for i in range(index, k+1):\\n        dp[i] = a[i]\\n        for j in range(index, i):\\n            if a[i] > a[j]:\\n                dp[i] = max(dp[i], dp[j] + a[i])\\n    return max(dp)\"\n}",
    "RepairResponse1_prompt": {
        "Role": "You are a professional software engineer. Your duty is to write code in Python that meets the requirements. Ensure that the code you write is efficient, readable, and follows best practices. Remember, do not need to explain the code you wrote.",
        "Instruction": "1. Rewrite a bug fix version of the original code. 2. Response in JSON format.",
        "Example": "{\"revised_code\":\"...\"}",
        "Context": "# Test Report:\nTest Report:\n\nTest script's output:\nF\n======================================================================\nFAIL: test (__main__.Test)\n----------------------------------------------------------------------\nTraceback (most recent call last):\n  File \"/Users/watch/PycharmProjects/XXXX-1-LLM/workspace/2024-03-11_09-07-05-731088/test_script.py\", line 19, in test\n    self.assertEqual(max_sum_increasing_subseq([1, 101, 2, 3, 100, 4, 5 ], 7, 4, 6), 11)\nAssertionError: 4 != 11\n\n----------------------------------------------------------------------\nRan 1 test in 0.000s\n\nFAILED (failures=1)\n\nCode Test Failed\nInput Example: max_sum_increasing_subseq([1, 101, 2, 3, 100, 4, 5 ], 7, 4, 6)\nExpected Output: 11\nActual Output: 4\n\nThe test script output indicates that the code has failed the test. The assertion error shows that the actual output (4) does not match the expected output (11) for the given input example. The test case has identified a discrepancy in the code's functionality.\n\nConclusion: Code Test Failed# suggestions:\n{\"product-owner\": [\"we should prioritize fixing the failing test case and ensuring the code meets the expected output.\"], \"architect\": [\"we should review the code and identify the issue in the function max_sum_increasing_subseq to ensure it meets the expected output.\", \"we should also consider analyzing the algorithm for max_sum_increasing_subseq to identify any potential issues.\"], \"developer\": [\"review the test report and analyze the code to identify the issue causing the test failure.\"], \"tester\": [\"we need to review the code and identify the issue causing the test to fail.\", \"there may be a problem with the max_sum_increasing_subseq function, possibly with how it handles the input.\"]}",
        "Question": "The original code has some bugs, according to the test report and suggestions, rewrite the code. Complete the following code:\ndef max_sum_increasing_subseq(a, n, index, k):\n'''Write a function to find the maximum sum of increasing subsequence from prefix until ith index and also including a given kth element which is after i, i.e., k > i .\nassert max_sum_increasing_subseq([1, 101, 2, 3, 100, 4, 5 ], 7, 4, 6) == 11'''\n"
    },
    "Code2": "def max_sum_increasing_subseq(a, n, index, k):\n    dp = [0]*n\n    for i in range(index, k+1):\n        dp[i] = a[i]\n        for j in range(index, i):\n            if a[i] > a[j]:\n                dp[i] = max(dp[i], dp[j] + a[i])\n    return max(dp)",
    "ScriptResult2": "F\n======================================================================\nFAIL: test (__main__.Test)\n----------------------------------------------------------------------\nTraceback (most recent call last):\n  File \"/Users/watch/PycharmProjects/XXXX-1-LLM/workspace/2024-03-11_09-07-05-731088/test_script.py\", line 13, in test\n    self.assertEqual(max_sum_increasing_subseq([1, 101, 2, 3, 100, 4, 5 ], 7, 4, 6), 11)\nAssertionError: 100 != 11\n\n----------------------------------------------------------------------\nRan 1 test in 0.000s\n\nFAILED (failures=1)\n",
    "TestReport2": "Test Report\n\nTest script's output:\nF\n======================================================================\nFAIL: test (__main__.Test)\n----------------------------------------------------------------------\nTraceback (most recent call last):\n  File \"/Users/watch/PycharmProjects/XXXX-1-LLM/workspace/2024-03-11_09-07-05-731088/test_script.py\", line 13, in test\n    self.assertEqual(max_sum_increasing_subseq([1, 101, 2, 3, 100, 4, 5 ], 7, 4, 6), 11)\nAssertionError: 100 != 11\n\n----------------------------------------------------------------------\nRan 1 test in 0.000s\n\nFAILED (failures=1)\n\nCode Test Failed\n\nInput Example:\na = [1, 101, 2, 3, 100, 4, 5 ]\nn = 7\nindex = 4\nk = 6\n\nExpected Output Example:\n11\n\nActual Output:\n100\n\nConclusion: Code Test Failed\n\nCode:\ndef max_sum_increasing_subseq(a, n, index, k):\n    dp = [0]*n\n    for i in range(index, k+1):\n        dp[i] = a[i]\n        for j in range(index, i):\n            if a[i] > a[j]:\n                dp[i] = max(dp[i], dp[j] + a[i])\n    return max(dp)",
    "SprintReview2": "[ScrumMaster]says: Here is our test Report: Test Report\n\nTest script's output:\nF\n======================================================================\nFAIL: test (__main__.Test)\n----------------------------------------------------------------------\nTraceback (most recent call last):\n  File \"/Users/watch/PycharmProjects/XXXX-1-LLM/workspace/2024-03-11_09-07-05-731088/test_script.py\", line 13, in test\n    self.assertEqual(max_sum_increasing_subseq([1, 101, 2, 3, 100, 4, 5 ], 7, 4, 6), 11)\nAssertionError: 100 != 11\n\n----------------------------------------------------------------------\nRan 1 test in 0.000s\n\nFAILED (failures=1)\n\nCode Test Failed\n\nInput Example:\na = [1, 101, 2, 3, 100, 4, 5 ]\nn = 7\nindex = 4\nk = 6\n\nExpected Output Example:\n11\n\nActual Output:\n100\n\nConclusion: Code Test Failed\n\nCode:\ndef max_sum_increasing_subseq(a, n, index, k):\n    dp = [0]*n\n    for i in range(index, k+1):\n        dp[i] = a[i]\n        for j in range(index, i):\n            if a[i] > a[j]:\n                dp[i] = max(dp[i], dp[j] + a[i])\n    return max(dp), do you have any ideas?\n-----\n\n[Developer]says: As a Developer, I think we should review the code and look for the issue in the max_sum_increasing_subseq function.\n-----\n\n[ProductOwner]says: As a Product Owner, I think we need to prioritize fixing the code test failure and ensuring the functionality meets the expected output.\n-----\n\n[Architect]says: As an architect, it is important to review the code and identify the issue with the max_sum_increasing_subseq function.\n-----\n\n[ProductOwner]says: As a Product Owner, I think we need to prioritize fixing the code test failure and ensuring the functionality meets the expected output.\n-----\n\n[Developer]says: As a Developer, I think we should review the code and look for the issue in the max_sum_increasing_subseq function.\n-----\n\n[Tester]says: As a tester, I think we should review the code and find the root cause of the failure in the test script.\n-----\n\n[Architect]says: As an Architect, I believe we should conduct a thorough review of the code and identify the root cause of the issue with the max_sum_increasing_subseq function.\n-----\n\n[Tester]says: As a tester, I think we should review the code and find the root cause of the failure in the test script.\n-----\n",
    "SprintReviewMeetings2": "{\n  \"product-owner\": [\n    \"we need to prioritize fixing the code test failure\",\n    \"ensuring the functionality meets the expected output\"\n  ],\n  \"architect\": [\n    \"review the code and identify the issue with the max_sum_increasing_subseq function\",\n    \"conduct a thorough review of the code and identify the root cause of the issue\"\n  ],\n  \"developer\": [\n    \"review the code and look for the issue in the max_sum_increasing_subseq function\"\n  ],\n  \"tester\": [\n    \"review the code and find the root cause of the failure in the test script\"\n  ]\n}",
    "SprintReviewMeetings2_prompt": "{\"Role\": \"You are a professional scrum master. Your goal is to summary the Discussion History into a suggestions list for the scrum team.\", \"Instruction\": \"1. Read and Understand the Discussion History. 2. Summary the suggestions from four roles: product-owner/architect/developer/tester. 3. Response in JSON format.\", \"Example\": \"{\\\"product-owner\\\":[\\\"suggestion1\\\",\\\"suggestion2\\\"],\\\"architect\\\":[\\\"suggestion1\\\",\\\"suggestion2\\\"], \\\"developer\\\":[\\\"suggestion1\\\",\\\"suggestion2\\\"], \\\"tester\\\":[\\\"suggestion1\\\",\\\"suggestion2\\\"]}\", \"Context\": \"[ScrumMaster]says: Here is our test Report: Test Report\\n\\nTest script's output:\\nF\\n======================================================================\\nFAIL: test (__main__.Test)\\n----------------------------------------------------------------------\\nTraceback (most recent call last):\\n  File \\\"/Users/watch/PycharmProjects/XXXX-1-LLM/workspace/2024-03-11_09-07-05-731088/test_script.py\\\", line 13, in test\\n    self.assertEqual(max_sum_increasing_subseq([1, 101, 2, 3, 100, 4, 5 ], 7, 4, 6), 11)\\nAssertionError: 100 != 11\\n\\n----------------------------------------------------------------------\\nRan 1 test in 0.000s\\n\\nFAILED (failures=1)\\n\\nCode Test Failed\\n\\nInput Example:\\na = [1, 101, 2, 3, 100, 4, 5 ]\\nn = 7\\nindex = 4\\nk = 6\\n\\nExpected Output Example:\\n11\\n\\nActual Output:\\n100\\n\\nConclusion: Code Test Failed\\n\\nCode:\\ndef max_sum_increasing_subseq(a, n, index, k):\\n    dp = [0]*n\\n    for i in range(index, k+1):\\n        dp[i] = a[i]\\n        for j in range(index, i):\\n            if a[i] > a[j]:\\n                dp[i] = max(dp[i], dp[j] + a[i])\\n    return max(dp), do you have any ideas?\\n-----\\n\\n[Developer]says: As a Developer, I think we should review the code and look for the issue in the max_sum_increasing_subseq function.\\n-----\\n\\n[ProductOwner]says: As a Product Owner, I think we need to prioritize fixing the code test failure and ensuring the functionality meets the expected output.\\n-----\\n\\n[Architect]says: As an architect, it is important to review the code and identify the issue with the max_sum_increasing_subseq function.\\n-----\\n\\n[ProductOwner]says: As a Product Owner, I think we need to prioritize fixing the code test failure and ensuring the functionality meets the expected output.\\n-----\\n\\n[Developer]says: As a Developer, I think we should review the code and look for the issue in the max_sum_increasing_subseq function.\\n-----\\n\\n[Tester]says: As a tester, I think we should review the code and find the root cause of the failure in the test script.\\n-----\\n\\n[Architect]says: As an Architect, I believe we should conduct a thorough review of the code and identify the root cause of the issue with the max_sum_increasing_subseq function.\\n-----\\n\\n[Tester]says: As a tester, I think we should review the code and find the root cause of the failure in the test script.\\n-----\\n\", \"Question\": \"Follow the Instruction section. The Discussion History is in the Context section. You only need to return a list as the Example section.\"}",
    "RepairResponse2": "{\n  \"revised_code\": \"def max_sum_increasing_subseq(a, n, index, k):\\n    dp = [0]*n\\n    for i in range(index, k+1):\\n        dp[i] = a[i]\\n        for j in range(index, i):\\n            if a[i] > a[j]:\\n                dp[i] = max(dp[i], dp[j] + a[i])\\n    return max(dp)\"\n}",
    "RepairResponse2_prompt": {
        "Role": "You are a professional software engineer. Your duty is to write code in Python that meets the requirements. Ensure that the code you write is efficient, readable, and follows best practices. Remember, do not need to explain the code you wrote.",
        "Instruction": "1. Rewrite a bug fix version of the original code. 2. Response in JSON format.",
        "Example": "{\"revised_code\":\"...\"}",
        "Context": "# Test Report:\nTest Report\n\nTest script's output:\nF\n======================================================================\nFAIL: test (__main__.Test)\n----------------------------------------------------------------------\nTraceback (most recent call last):\n  File \"/Users/watch/PycharmProjects/XXXX-1-LLM/workspace/2024-03-11_09-07-05-731088/test_script.py\", line 13, in test\n    self.assertEqual(max_sum_increasing_subseq([1, 101, 2, 3, 100, 4, 5 ], 7, 4, 6), 11)\nAssertionError: 100 != 11\n\n----------------------------------------------------------------------\nRan 1 test in 0.000s\n\nFAILED (failures=1)\n\nCode Test Failed\n\nInput Example:\na = [1, 101, 2, 3, 100, 4, 5 ]\nn = 7\nindex = 4\nk = 6\n\nExpected Output Example:\n11\n\nActual Output:\n100\n\nConclusion: Code Test Failed\n\nCode:\ndef max_sum_increasing_subseq(a, n, index, k):\n    dp = [0]*n\n    for i in range(index, k+1):\n        dp[i] = a[i]\n        for j in range(index, i):\n            if a[i] > a[j]:\n                dp[i] = max(dp[i], dp[j] + a[i])\n    return max(dp)# suggestions:\n{\"product-owner\": [\"we need to prioritize fixing the code test failure\", \"ensuring the functionality meets the expected output\"], \"architect\": [\"review the code and identify the issue with the max_sum_increasing_subseq function\", \"conduct a thorough review of the code and identify the root cause of the issue\"], \"developer\": [\"review the code and look for the issue in the max_sum_increasing_subseq function\"], \"tester\": [\"review the code and find the root cause of the failure in the test script\"]}",
        "Question": "The original code has some bugs, according to the test report and suggestions, rewrite the code. Complete the following code:\ndef max_sum_increasing_subseq(a, n, index, k):\n'''Write a function to find the maximum sum of increasing subsequence from prefix until ith index and also including a given kth element which is after i, i.e., k > i .\nassert max_sum_increasing_subseq([1, 101, 2, 3, 100, 4, 5 ], 7, 4, 6) == 11'''\n"
    }
}