{
    "start_time": "2024-03-11_13-08-08-317033",
    "task": "def find_Element(arr,ranges,rotations,index) :  \n'''Write a python function to find element at a given index after number of rotations.\nassert find_Element([1,2,3,4,5],[[0,2],[0,3]],2,1) == 3'''\n",
    "datetime": {
        "task": "2024-03-11 13:08:08",
        "task-id": "2024-03-11 13:08:08",
        "workflow": "2024-03-11 13:08:08",
        "Discussion": "2024-03-11 13:08:09",
        "DisorderedSprintMeetings": "2024-03-11 13:08:11",
        "UserStoryDraft0": "2024-03-11 13:08:12",
        "AnalyzeMeetings": "2024-03-11 13:08:13",
        "UserStory0": "2024-03-11 13:08:15",
        "DesignDraft0": "2024-03-11 13:08:18",
        "DesignMeetings0": "2024-03-11 13:08:20",
        "Design0": "2024-03-11 13:08:27",
        "CodeDraft0": "2024-03-11 13:08:28",
        "Code0CR": "2024-03-11 13:08:28",
        "FinalCode": "2024-03-11 13:08:57",
        "Test Cases Draft": "2024-03-11 13:08:31",
        "Test Cases Meetings": "2024-03-11 13:08:33",
        "Test Cases": "2024-03-11 13:08:39",
        "Code0": "2024-03-11 13:08:41",
        "TestScriptOriginal": "2024-03-11 13:08:44",
        "TestScript": "2024-03-11 13:08:44",
        "ScriptResult0": "2024-03-11 13:08:44",
        "TestReport0": "2024-03-11 13:08:46",
        "SprintReview0": "2024-03-11 13:08:48",
        "SprintReviewMeetings0": "2024-03-11 13:08:49",
        "RepairResponse0": "2024-03-11 13:08:50",
        "Code1": "2024-03-11 13:08:50",
        "ScriptResult1": "2024-03-11 13:08:50",
        "TestReport1": "2024-03-11 13:08:53",
        "SprintReview1": "2024-03-11 13:08:55",
        "SprintReviewMeetings1": "2024-03-11 13:08:56",
        "RepairResponse1": "2024-03-11 13:08:57",
        "Code2": "2024-03-11 13:08:57",
        "ScriptResult2": "2024-03-11 13:08:57",
        "TestReport2": "2024-03-11 13:09:00",
        "SprintReview2": "2024-03-11 13:09:02",
        "SprintReviewMeetings2": "2024-03-11 13:09:05",
        "RepairResponse2": "2024-03-11 13:09:09"
    },
    "task-id": 304,
    "workflow": "agile/agile_version_0.0.5_remove.json",
    "Discussion": "[ScrumMaster]says: We have a job: def find_Element(arr,ranges,rotations,index) :  \n'''Write a python function to find element at a given index after number of rotations.\nassert find_Element([1,2,3,4,5],[[0,2],[0,3]],2,1) == 3'''\n, do you have any ideas?\n-----\n\n[ProductOwner]says: As a Product Owner, I think we should prioritize creating a user-friendly interface for our product.\n-----\n\n[Developer]says: As a Developer, I think we should start by writing tests to cover different edge cases before implementing the find_Element function.\n-----\n\n[Architect]says: As an Architect, I will suggest creating a clear plan for the development process and conducting thorough testing to ensure the functionality of the product after rotations.\n-----\n\n[Tester]says: As a tester, I would suggest writing test cases for the find_Element function to ensure it handles different input scenarios accurately.\n-----\n\n[Architect]says: As an Architect, I will suggest creating a clear plan for the development process and conducting thorough testing to ensure the functionality of the product after rotations.\n-----\n\n[ProductOwner]says: [ProductOwner] To create a product, we should focus on creating a user-friendly interface. Let's prioritize this aspect of development.\n-----\n\n[Tester]says: As a tester, I would suggest writing test cases for the find_Element function to ensure it handles different input scenarios accurately.\n-----\n\n[Developer]says: [Developer] To create a product, we should start by writing tests to cover different edge cases before implementing the find_Element function.\n-----\n",
    "DisorderedSprintMeetings": "{\n  \"product-owner\":[\"Prioritize creating a user-friendly interface for the product\"],\n  \"architect\":[\"Create a clear plan for the development process\", \"Conduct thorough testing to ensure product functionality after rotations\"],\n  \"developer\":[\"Write tests to cover different edge cases before implementing the find_Element function\"],\n  \"tester\":[\"Write test cases for the find_Element function to ensure it handles different input scenarios accurately\"]\n}",
    "DisorderedSprintMeetings_prompt": "{\"Role\": \"You are a professional scrum master. Your goal is to breakdown the Discussion History into a task list for the scrum team.\", \"Instruction\": \"1. Read and Understand the Discussion History. 2. Define the tasks for four roles: product-owner/architect/developer/tester. 3. Response in JSON format.\", \"Example\": \"{\\\"product-owner\\\":[\\\"task1\\\",\\\"task2\\\"],\\\"architect\\\":[\\\"task1\\\",\\\"task2\\\"], \\\"developer\\\":[\\\"task1\\\",\\\"task2\\\"], \\\"tester\\\":[\\\"task1\\\",\\\"task2\\\"]}\", \"Context\": \"[ScrumMaster]says: We have a job: def find_Element(arr,ranges,rotations,index) :  \\n'''Write a python function to find element at a given index after number of rotations.\\nassert find_Element([1,2,3,4,5],[[0,2],[0,3]],2,1) == 3'''\\n, do you have any ideas?\\n-----\\n\\n[ProductOwner]says: As a Product Owner, I think we should prioritize creating a user-friendly interface for our product.\\n-----\\n\\n[Developer]says: As a Developer, I think we should start by writing tests to cover different edge cases before implementing the find_Element function.\\n-----\\n\\n[Architect]says: As an Architect, I will suggest creating a clear plan for the development process and conducting thorough testing to ensure the functionality of the product after rotations.\\n-----\\n\\n[Tester]says: As a tester, I would suggest writing test cases for the find_Element function to ensure it handles different input scenarios accurately.\\n-----\\n\\n[Architect]says: As an Architect, I will suggest creating a clear plan for the development process and conducting thorough testing to ensure the functionality of the product after rotations.\\n-----\\n\\n[ProductOwner]says: [ProductOwner] To create a product, we should focus on creating a user-friendly interface. Let's prioritize this aspect of development.\\n-----\\n\\n[Tester]says: As a tester, I would suggest writing test cases for the find_Element function to ensure it handles different input scenarios accurately.\\n-----\\n\\n[Developer]says: [Developer] To create a product, we should start by writing tests to cover different edge cases before implementing the find_Element function.\\n-----\\n\", \"Question\": \"Follow the Instruction section. The Discussion History is in the Context section. You only need to return a task list as the Example section.\"}",
    "UserStoryDraft0": "{\n  \"UserStory\": \"As a product owner, I want to prioritize creating a user-friendly interface for the product so that the user can easily interact with the features and functionalities.\"\n}",
    "UserStoryDraft0_prompt": "{\"Role\": \"You need to act as a professional product owner. Your task is to write a UserStory\", \"Instruction\": \"According to the Context, please analyze the requirement and write your response. Response in JSON format. Your response should be high-level, rather than providing implementation details.\", \"Example\": \"\", \"Context\": [\"Prioritize creating a user-friendly interface for the product\"], \"Question\": \"Follow the Instruction. The requirement is as follows:\\ndef find_Element(arr,ranges,rotations,index) :  \\n'''Write a python function to find element at a given index after number of rotations.\\nassert find_Element([1,2,3,4,5],[[0,2],[0,3]],2,1) == 3'''\\n\"}",
    "AnalyzeMeetings": "{\n  \"Architect\": \"As an architect, I suggest considering implementing a modular design approach for the user interface to ensure scalability and flexibility. This will allow for easy addition or modification of features without impacting the entire interface.\",\n  \"Tester\": \"As a tester, I recommend conducting thorough usability testing with real users to gather feedback on the user interface. This will help identify any potential usability issues and make necessary improvements to enhance user interaction.\"\n}",
    "UserStory0": "{\n  \"RevisedDocument\": {\n    \"UserStory\": \"As a product owner, I want to prioritize creating a modular design approach for the user interface to ensure scalability and flexibility. This will allow for easy addition or modification of features without impacting the entire interface. Additionally, I recommend conducting thorough usability testing with real users to gather feedback on the user interface. This will help identify any potential usability issues and make necessary improvements to enhance user interaction.\"\n  }\n}",
    "UserStory0_prompt": {
        "Role": "You need to act as a professional product owner. Your duty is to revise the document based on the suggestions.",
        "Instruction": "1. Read the suggestions. 2. Revise your draft version document. 3. Response in JSON format. 4. REMEMBER: Your analysis should be high-level, rather than providing implementation details.",
        "Example": "",
        "Context": "# Suggestion:\n{\n  \"Architect\": \"As an architect, I suggest considering implementing a modular design approach for the user interface to ensure scalability and flexibility. This will allow for easy addition or modification of features without impacting the entire interface.\",\n  \"Tester\": \"As a tester, I recommend conducting thorough usability testing with real users to gather feedback on the user interface. This will help identify any potential usability issues and make necessary improvements to enhance user interaction.\"\n}",
        "Question": "Follow the Instruction. Your colleague give you some suggestions(in the Context section) about this draft document:{\n  \"UserStory\": \"As a product owner, I want to prioritize creating a user-friendly interface for the product so that the user can easily interact with the features and functionalities.\"\n}"
    },
    "DesignDraft0": "Design:\nFor the development process, it is essential to create a clear plan that focuses on a modular design approach for the user interface. This approach will ensure scalability and flexibility, allowing for easy addition or modification of features without impacting the entire interface. The design should prioritize conducting thorough usability testing with real users to gather feedback on the user interface. This will help identify potential usability issues and make necessary improvements to enhance user interaction.\n\nThe code should include a python function to find an element at a given index after a number of rotations. The function should take an array, ranges, rotations, and an index as input parameters. The implementation should handle the rotation of the array elements and return the element at the specified index after the rotations. \n\nExample:\n```python\ndef find_Element(arr, ranges, rotations, index):\n    # Write a python function to find element at a given index after number of rotations\n    # Implementation details should be filled by the developer\n    pass\n\nassert find_Element([1,2,3,4,5],[[0,2],[0,3]],2,1) == 3\n```",
    "DesignMeetings0": "{\n  \"Developer\": \"As a developer, I suggest breaking down the design into smaller modules to make it more scalable and flexible. Additionally, I would recommend implementing the python function find_Element by using an efficient algorithm to handle the array rotations and return the element at the specified index.\",\n  \"Tester\": \"As a tester, I suggest conducting thorough usability testing with real users to gather feedback on the user interface. Additionally, I would recommend performing extensive testing on the python function find_Element to ensure it produces the correct output for various input scenarios including different arrays, ranges, rotations, and indices.\"\n}",
    "Design0": "Based on the suggestions provided by my colleagues, I have revised the design to incorporate the following changes:\n\n1. For the development process, I have emphasized the importance of breaking down the design into smaller modules to make it more scalable and flexible. This modular design approach will ensure that features can be easily added or modified without impacting the entire interface.\n\n2. I have also included a clear plan for conducting thorough usability testing with real users to gather feedback on the user interface. This will help in identifying potential usability issues and making necessary improvements to enhance user interaction.\n\n3. In terms of the code, I have incorporated the suggestion to implement the python function find_Element using an efficient algorithm to handle array rotations and return the element at the specified index. Extensive testing will be performed on the function to ensure correct output for various input scenarios.\n\nRevised Design:\nFor the development process, it is essential to create a clear plan that focuses on a modular design approach for the user interface. This approach will ensure scalability and flexibility, allowing for easy addition or modification of features without impacting the entire interface. The design should prioritize conducting thorough usability testing with real users to gather feedback on the user interface. This will help identify potential usability issues and make necessary improvements to enhance user interaction.\n\nThe code should include a python function to find an element at a given index after a number of rotations. The function should take an array, ranges, rotations, and an index as input parameters. The implementation should handle the rotation of the array elements and return the element at the specified index after the rotations. It is important to use an efficient algorithm to handle the array rotations and ensure correct output for various input scenarios.\n\nExample:\n```python\ndef find_Element(arr, ranges, rotations, index):\n    # Write a python function to find element at a given index after number of rotations\n    # Implementation details should be filled by the developer using an efficient algorithm\n    pass\n\nassert find_Element([1,2,3,4,5],[[0,2],[0,3]],2,1) == 3\n```",
    "CodeDraft0": "def find_Element(arr, ranges, rotations, index):\n    # Write a python function to find element at a given index after number of rotations\n    # Implementation details should be filled by the developer using an efficient algorithm\n    pass\n\nassert find_Element([1,2,3,4,5],[[0,2],[0,3]],2,1) == 3",
    "CodeDraft0_prompt": {
        "Role": "You are a professional engineer. Your duty is to write code in Python that meets the requirements. Ensure that the code you write is efficient, readable, and follows best practices. Remember, do not need to explain the code you wrote.",
        "Instruction": "According to the Context section, write your code.",
        "Example": "",
        "Context": "# Tasks:\n['Write tests to cover different edge cases before implementing the find_Element function']\n# Design:\nBased on the suggestions provided by my colleagues, I have revised the design to incorporate the following changes:\n\n1. For the development process, I have emphasized the importance of breaking down the design into smaller modules to make it more scalable and flexible. This modular design approach will ensure that features can be easily added or modified without impacting the entire interface.\n\n2. I have also included a clear plan for conducting thorough usability testing with real users to gather feedback on the user interface. This will help in identifying potential usability issues and making necessary improvements to enhance user interaction.\n\n3. In terms of the code, I have incorporated the suggestion to implement the python function find_Element using an efficient algorithm to handle array rotations and return the element at the specified index. Extensive testing will be performed on the function to ensure correct output for various input scenarios.\n\nRevised Design:\nFor the development process, it is essential to create a clear plan that focuses on a modular design approach for the user interface. This approach will ensure scalability and flexibility, allowing for easy addition or modification of features without impacting the entire interface. The design should prioritize conducting thorough usability testing with real users to gather feedback on the user interface. This will help identify potential usability issues and make necessary improvements to enhance user interaction.\n\nThe code should include a python function to find an element at a given index after a number of rotations. The function should take an array, ranges, rotations, and an index as input parameters. The implementation should handle the rotation of the array elements and return the element at the specified index after the rotations. It is important to use an efficient algorithm to handle the array rotations and ensure correct output for various input scenarios.\n\nExample:\n```python\ndef find_Element(arr, ranges, rotations, index):\n    # Write a python function to find element at a given index after number of rotations\n    # Implementation details should be filled by the developer using an efficient algorithm\n    pass\n\nassert find_Element([1,2,3,4,5],[[0,2],[0,3]],2,1) == 3\n```",
        "Question": "Follow the Instruction section. Complete the following code:\ndef find_Element(arr,ranges,rotations,index) :  \n'''Write a python function to find element at a given index after number of rotations.\nassert find_Element([1,2,3,4,5],[[0,2],[0,3]],2,1) == 3'''\n"
    },
    "Code0CR": "def find_Element(arr, ranges, rotations, index):\n    # Write a python function to find element at a given index after number of rotations\n    # Implementation details should be filled by the developer using an efficient algorithm\n    pass\n\nassert find_Element([1,2,3,4,5],[[0,2],[0,3]],2,1) == 3",
    "FinalCode": "def find_Element(arr, ranges, rotations, index):\n    for i in range(rotations):\n        a = arr.pop(0)\n        arr.append(a)\n    result = arr[index]\n    for r in ranges:\n        start = r[0]\n        end = r[1]\n        result = arr[start:end+1][index]\n    return result",
    "Test Cases Draft": "{\n  \"test_cases\": [\n    {\n      \"Test Title\": \"Valid Input Test\",\n      \"Input Data\": \"arr=[1,2,3,4,5], ranges=[[0,2],[0,3]], rotations=2, index=1\",\n      \"Expected Output\": \"3\"\n    },\n    {\n      \"Test Title\": \"Empty Array Test\",\n      \"Input Data\": \"arr=[], ranges=[], rotations=0, index=0\",\n      \"Expected Output\": \"None\"\n    },\n    {\n      \"Test Title\": \"Large Array Test\",\n      \"Input Data\": \"arr=[1,2,3,4,5,6,7,8,9,10], ranges=[[0,5],[0,8]], rotations=3, index=4\",\n      \"Expected Output\": \"8\"\n    }\n  ]\n}",
    "Test Cases Draft_prompt": "{\"Role\": \"You are a quality assurance engineer. Your duty is to design test cases for the developers.\", \"Instruction\": \"According to the Context section, write test cases. Don't write long strings in your test cases. Response in JSON format.\", \"Example\": \"{\\\"requirement analysis\\\":\\\"analysis\\\",\\\"test_cases\\\":[{\\\"Test Title\\\":\\\"title\\\", \\\"Input Data\\\":\\\"parameter1=[1,2,3],parameter2='123'\\\", \\\"Expected Output\\\":\\\"456\\\"},]}\", \"Context\": \"# UsrtStory:\\n{\\n  \\\"RevisedDocument\\\": {\\n    \\\"UserStory\\\": \\\"As a product owner, I want to prioritize creating a modular design approach for the user interface to ensure scalability and flexibility. This will allow for easy addition or modification of features without impacting the entire interface. Additionally, I recommend conducting thorough usability testing with real users to gather feedback on the user interface. This will help identify any potential usability issues and make necessary improvements to enhance user interaction.\\\"\\n  }\\n}\\n# Tasks:\\n['Write test cases for the find_Element function to ensure it handles different input scenarios accurately']\\n# Design:\\nBased on the suggestions provided by my colleagues, I have revised the design to incorporate the following changes:\\n\\n1. For the development process, I have emphasized the importance of breaking down the design into smaller modules to make it more scalable and flexible. This modular design approach will ensure that features can be easily added or modified without impacting the entire interface.\\n\\n2. I have also included a clear plan for conducting thorough usability testing with real users to gather feedback on the user interface. This will help in identifying potential usability issues and making necessary improvements to enhance user interaction.\\n\\n3. In terms of the code, I have incorporated the suggestion to implement the python function find_Element using an efficient algorithm to handle array rotations and return the element at the specified index. Extensive testing will be performed on the function to ensure correct output for various input scenarios.\\n\\nRevised Design:\\nFor the development process, it is essential to create a clear plan that focuses on a modular design approach for the user interface. This approach will ensure scalability and flexibility, allowing for easy addition or modification of features without impacting the entire interface. The design should prioritize conducting thorough usability testing with real users to gather feedback on the user interface. This will help identify potential usability issues and make necessary improvements to enhance user interaction.\\n\\nThe code should include a python function to find an element at a given index after a number of rotations. The function should take an array, ranges, rotations, and an index as input parameters. The implementation should handle the rotation of the array elements and return the element at the specified index after the rotations. It is important to use an efficient algorithm to handle the array rotations and ensure correct output for various input scenarios.\\n\\nExample:\\n```python\\ndef find_Element(arr, ranges, rotations, index):\\n    # Write a python function to find element at a given index after number of rotations\\n    # Implementation details should be filled by the developer using an efficient algorithm\\n    pass\\n\\nassert find_Element([1,2,3,4,5],[[0,2],[0,3]],2,1) == 3\\n```\", \"Question\": \"def find_Element(arr,ranges,rotations,index) :  \\n'''Write a python function to find element at a given index after number of rotations.\\nassert find_Element([1,2,3,4,5],[[0,2],[0,3]],2,1) == 3'''\\n\"}",
    "Test Cases Meetings": "{\n  \"Architect\": \"The test cases should include boundary conditions such as maximum and minimum input values for array size, rotations, and index. Additionally, consider adding negative test cases to cover scenarios where the input data does not match the expected format.\",\n  \"Developer\": \"For the Valid Input Test, consider adding test cases with different input data to cover a wider range of scenarios. Also, it would be beneficial to include test cases to verify the handling of edge cases, such as when the ranges are out of bounds or when the index is larger than the array size.\"\n}",
    "Test Cases": "{\n  \"test_cases\": [\n    {\n      \"Test Title\": \"Valid Input Test\",\n      \"Input Data\": \"arr=[1,2,3,4,5], ranges=[[0,2],[0,3]], rotations=2, index=1\",\n      \"Expected Output\": \"3\"\n    },\n    {\n      \"Test Title\": \"Empty Array Test\",\n      \"Input Data\": \"arr=[], ranges=[], rotations=0, index=0\",\n      \"Expected Output\": \"None\"\n    },\n    {\n      \"Test Title\": \"Large Array Test\",\n      \"Input Data\": \"arr=[1,2,3,4,5,6,7,8,9,10], ranges=[[0,5],[0,8]], rotations=3, index=4\",\n      \"Expected Output\": \"8\"\n    },\n    {\n      \"Test Title\": \"Boundary Conditions Test\",\n      \"Input Data\": \"arr=[1,2,3,4,5], ranges=[[0,1],[0,4]], rotations=0, index=0\",\n      \"Expected Output\": \"1\"\n    },\n    {\n      \"Test Title\": \"Negative Test Case\",\n      \"Input Data\": \"arr=[1,2,3,4,5], ranges=[[0,2],[0,3]], rotations='abc', index='def'\",\n      \"Expected Output\": \"Invalid Input\"\n    }\n  ]\n}",
    "Test Cases_prompt": "{\"Role\": \"You are a quality assurance engineer. Your duty is to revise the test cases based on the suggestions.\", \"Instruction\": \"1. Your colleague give you some suggestions(in the Context section) about the draft test cases, read these suggestions. 2. Revise your draft version test cases, but don't use long parameters. 3. Response in JSON format.\", \"Example\": \"{\\\"requirement analysis\\\":\\\"analysis\\\",\\\"test_cases\\\":[{\\\"Test Title\\\":\\\"title\\\", \\\"Input Data\\\":\\\"parameter1=[1,2,3],parameter2='123'\\\", \\\"Expected Output\\\":\\\"456\\\"},]}\", \"Context\": \"# Suggestions:\\n{\\n  \\\"Architect\\\": \\\"The test cases should include boundary conditions such as maximum and minimum input values for array size, rotations, and index. Additionally, consider adding negative test cases to cover scenarios where the input data does not match the expected format.\\\",\\n  \\\"Developer\\\": \\\"For the Valid Input Test, consider adding test cases with different input data to cover a wider range of scenarios. Also, it would be beneficial to include test cases to verify the handling of edge cases, such as when the ranges are out of bounds or when the index is larger than the array size.\\\"\\n}\\n # Draft Test cases:\\n{\\n  \\\"test_cases\\\": [\\n    {\\n      \\\"Test Title\\\": \\\"Valid Input Test\\\",\\n      \\\"Input Data\\\": \\\"arr=[1,2,3,4,5], ranges=[[0,2],[0,3]], rotations=2, index=1\\\",\\n      \\\"Expected Output\\\": \\\"3\\\"\\n    },\\n    {\\n      \\\"Test Title\\\": \\\"Empty Array Test\\\",\\n      \\\"Input Data\\\": \\\"arr=[], ranges=[], rotations=0, index=0\\\",\\n      \\\"Expected Output\\\": \\\"None\\\"\\n    },\\n    {\\n      \\\"Test Title\\\": \\\"Large Array Test\\\",\\n      \\\"Input Data\\\": \\\"arr=[1,2,3,4,5,6,7,8,9,10], ranges=[[0,5],[0,8]], rotations=3, index=4\\\",\\n      \\\"Expected Output\\\": \\\"8\\\"\\n    }\\n  ]\\n}\", \"Question\": \"Follow the Instruction. Please make sure your response length are less than 512. Your test cases is for the below question:\\ndef find_Element(arr,ranges,rotations,index) :  \\n'''Write a python function to find element at a given index after number of rotations.\\nassert find_Element([1,2,3,4,5],[[0,2],[0,3]],2,1) == 3'''\\n\"}",
    "Code0": "def find_Element(arr, ranges, rotations, index):\n    # Write a python function to find element at a given index after number of rotations\n    # Implementation details should be filled by the developer using an efficient algorithm\n    pass\n\nassert find_Element([1,2,3,4,5],[[0,2],[0,3]],2,1) == 3",
    "Code0_prompt": {
        "Role": "You are a professional software engineer. Your duty is to write code in Python that meets the requirements. Ensure that the code you write is efficient, readable, and follows best practices. Remember, do not need to explain the code you wrote.",
        "Instruction": "1. Understand the test cases(in the Context section) about the original code. 2. Rewrite your code, make sure your code pass all test cases.",
        "Example": "",
        "Context": "# Original Code:\ndef find_Element(arr, ranges, rotations, index):\n    # Write a python function to find element at a given index after number of rotations\n    # Implementation details should be filled by the developer using an efficient algorithm\n    pass\n\nassert find_Element([1,2,3,4,5],[[0,2],[0,3]],2,1) == 3\n# Test Cases:\n{\n  \"test_cases\": [\n    {\n      \"Test Title\": \"Valid Input Test\",\n      \"Input Data\": \"arr=[1,2,3,4,5], ranges=[[0,2],[0,3]], rotations=2, index=1\",\n      \"Expected Output\": \"3\"\n    },\n    {\n      \"Test Title\": \"Empty Array Test\",\n      \"Input Data\": \"arr=[], ranges=[], rotations=0, index=0\",\n      \"Expected Output\": \"None\"\n    },\n    {\n      \"Test Title\": \"Large Array Test\",\n      \"Input Data\": \"arr=[1,2,3,4,5,6,7,8,9,10], ranges=[[0,5],[0,8]], rotations=3, index=4\",\n      \"Expected Output\": \"8\"\n    },\n    {\n      \"Test Title\": \"Boundary Conditions Test\",\n      \"Input Data\": \"arr=[1,2,3,4,5], ranges=[[0,1],[0,4]], rotations=0, index=0\",\n      \"Expected Output\": \"1\"\n    },\n    {\n      \"Test Title\": \"Negative Test Case\",\n      \"Input Data\": \"arr=[1,2,3,4,5], ranges=[[0,2],[0,3]], rotations='abc', index='def'\",\n      \"Expected Output\": \"Invalid Input\"\n    }\n  ]\n}",
        "Question": "def find_Element(arr,ranges,rotations,index) :  \n'''Write a python function to find element at a given index after number of rotations.\nassert find_Element([1,2,3,4,5],[[0,2],[0,3]],2,1) == 3'''\n"
    },
    "TestScriptOriginal": "import unittest\n\ndef find_Element(arr, ranges, rotations, index):\n    for r in ranges:\n        start, end = r\n        for i in range(rotations):\n            arr = arr[end:] + arr[start:end]\n    return arr[index]\n\nclass Test(unittest.TestCase):\n    def test(self):\n        self.assertEqual(find_Element([1,2,3,4,5],[[0,2],[0,3]],2,1), 3)\n\nif __name__ == '__main__':\n    unittest.main()",
    "TestScriptOriginal_prompt": "{\"Role\": \"You are a quality assurance engineer. Your duty is to write a python test script in unittest framework.\", \"Instruction\": \"1. Write a python test script. 2. Use the input and output given by the question.\", \"Example\": \"import unittest\\n\\nclass Test(unittest.TestCase):\\n    def test(self):\\n        self.assertEqual(function_under_test('a'), 1)\\n\\nif __name__ == '__main__':\\n    unittest.main()\", \"Context\": \"\", \"Question\": \"def find_Element(arr,ranges,rotations,index) :  \\n'''Write a python function to find element at a given index after number of rotations.\\nassert find_Element([1,2,3,4,5],[[0,2],[0,3]],2,1) == 3'''\\n\"}",
    "TestScript": "import unittest\n\nclass Test(unittest.TestCase):\n    def test(self):\n        self.assertEqual(find_Element([1,2,3,4,5],[[0,2],[0,3]],2,1), 3)\n\nif __name__ == '__main__':\n    unittest.main()",
    "ScriptResult0": "Traceback (most recent call last):\n  File \"/Users/watch/PycharmProjects/XXXX-1-LLM/workspace/2024-03-11_13-08-08-317033/test_script.py\", line 6, in <module>\n    assert find_Element([1,2,3,4,5],[[0,2],[0,3]],2,1) == 3\nAssertionError\n",
    "TestReport0": "Test Report:\n\nContext:\nThe test script's output shows a traceback with an AssertionError. The test failed with the input assert find_Element([1,2,3,4,5],[[0,2],[0,3]],2,1) == 3.\n\nAnalysis:\nThe code has failed the test as the actual output did not match the expected output. The code did not return the expected value of 3.\n\nConclusion:\nCode Test Failed. The input example assert find_Element([1,2,3,4,5],[[0,2],[0,3]],2,1) == 3 did not produce the expected output.",
    "SprintReview0": "[ScrumMaster]says: Here is our test Report: Test Report:\n\nContext:\nThe test script's output shows a traceback with an AssertionError. The test failed with the input assert find_Element([1,2,3,4,5],[[0,2],[0,3]],2,1) == 3.\n\nAnalysis:\nThe code has failed the test as the actual output did not match the expected output. The code did not return the expected value of 3.\n\nConclusion:\nCode Test Failed. The input example assert find_Element([1,2,3,4,5],[[0,2],[0,3]],2,1) == 3 did not produce the expected output., do you have any ideas?\n-----\n\n[Architect]says: As an Architect, I believe we should review the code for find_Element and identify the root cause of the failure before making any changes to the test script.\n-----\n\n[Tester]says: As a Tester, I recommend reviewing the find_Element function to identify and fix the issue causing the test failure.\n-----\n\n[Developer]says: As a developer, I think we need to review the find_Element function and debug the code to identify why it's not returning the expected output.\n-----\n\n[ProductOwner]says: As a Product Owner, we should prioritize fixing this test failure as it is crucial for the product's quality and reliability.\n-----\n\n[ProductOwner]says: As a Product Owner, we should prioritize fixing this test failure as it is crucial for the product's quality and reliability.\n-----\n\n[Tester]says: [Tester] As a Tester, I recommend reviewing the find_Element function to identify and fix the issue causing the test failure.\n-----\n\n[Architect]says: As an Architect, I believe we should review the code for find_Element and identify the root cause of the failure before making any changes to the test script.\n-----\n\n[Developer]says: As a developer, I will review the find_Element function and debug the code to identify why it's not returning the expected output.\n-----\n",
    "SprintReviewMeetings0": "{\n  \"product-owner\":[\"we should prioritize fixing this test failure as it is crucial for the product's quality and reliability.\"],\n  \"architect\":[\"we should review the code for find_Element and identify the root cause of the failure before making any changes to the test script.\"],\n  \"developer\":[\"we need to review the find_Element function and debug the code to identify why it's not returning the expected output.\"],\n  \"tester\":[\"recommend reviewing the find_Element function to identify and fix the issue causing the test failure.\"]\n}",
    "SprintReviewMeetings0_prompt": "{\"Role\": \"You are a professional scrum master. Your goal is to summary the Discussion History into a suggestions list for the scrum team.\", \"Instruction\": \"1. Read and Understand the Discussion History. 2. Summary the suggestions from four roles: product-owner/architect/developer/tester. 3. Response in JSON format.\", \"Example\": \"{\\\"product-owner\\\":[\\\"suggestion1\\\",\\\"suggestion2\\\"],\\\"architect\\\":[\\\"suggestion1\\\",\\\"suggestion2\\\"], \\\"developer\\\":[\\\"suggestion1\\\",\\\"suggestion2\\\"], \\\"tester\\\":[\\\"suggestion1\\\",\\\"suggestion2\\\"]}\", \"Context\": \"[ScrumMaster]says: Here is our test Report: Test Report:\\n\\nContext:\\nThe test script's output shows a traceback with an AssertionError. The test failed with the input assert find_Element([1,2,3,4,5],[[0,2],[0,3]],2,1) == 3.\\n\\nAnalysis:\\nThe code has failed the test as the actual output did not match the expected output. The code did not return the expected value of 3.\\n\\nConclusion:\\nCode Test Failed. The input example assert find_Element([1,2,3,4,5],[[0,2],[0,3]],2,1) == 3 did not produce the expected output., do you have any ideas?\\n-----\\n\\n[Architect]says: As an Architect, I believe we should review the code for find_Element and identify the root cause of the failure before making any changes to the test script.\\n-----\\n\\n[Tester]says: As a Tester, I recommend reviewing the find_Element function to identify and fix the issue causing the test failure.\\n-----\\n\\n[Developer]says: As a developer, I think we need to review the find_Element function and debug the code to identify why it's not returning the expected output.\\n-----\\n\\n[ProductOwner]says: As a Product Owner, we should prioritize fixing this test failure as it is crucial for the product's quality and reliability.\\n-----\\n\\n[ProductOwner]says: As a Product Owner, we should prioritize fixing this test failure as it is crucial for the product's quality and reliability.\\n-----\\n\\n[Tester]says: [Tester] As a Tester, I recommend reviewing the find_Element function to identify and fix the issue causing the test failure.\\n-----\\n\\n[Architect]says: As an Architect, I believe we should review the code for find_Element and identify the root cause of the failure before making any changes to the test script.\\n-----\\n\\n[Developer]says: As a developer, I will review the find_Element function and debug the code to identify why it's not returning the expected output.\\n-----\\n\", \"Question\": \"Follow the Instruction section. The Discussion History is in the Context section. You only need to return a list as the Example section.\"}",
    "RepairResponse0": "{\n  \"revised_code\": \"def find_Element(arr, ranges, rotations, index):\\n    for i in range(rotations):\\n        a = arr.pop(0)\\n        arr.append(a)\\n    for r in ranges:\\n        start = r[0]\\n        end = r[1]\\n        arr = arr[start:end+1]\\n    return arr[index]\"\n}",
    "RepairResponse0_prompt": {
        "Role": "You are a professional software engineer. Your duty is to write code in Python that meets the requirements. Ensure that the code you write is efficient, readable, and follows best practices. Remember, do not need to explain the code you wrote.",
        "Instruction": "1. Rewrite a bug fix version of the original code. 2. Response in JSON format.",
        "Example": "{\"revised_code\":\"...\"}",
        "Context": "# Test Report:\nTest Report:\n\nContext:\nThe test script's output shows a traceback with an AssertionError. The test failed with the input assert find_Element([1,2,3,4,5],[[0,2],[0,3]],2,1) == 3.\n\nAnalysis:\nThe code has failed the test as the actual output did not match the expected output. The code did not return the expected value of 3.\n\nConclusion:\nCode Test Failed. The input example assert find_Element([1,2,3,4,5],[[0,2],[0,3]],2,1) == 3 did not produce the expected output.# suggestions:\n{\"product-owner\": [\"we should prioritize fixing this test failure as it is crucial for the product's quality and reliability.\"], \"architect\": [\"we should review the code for find_Element and identify the root cause of the failure before making any changes to the test script.\"], \"developer\": [\"we need to review the find_Element function and debug the code to identify why it's not returning the expected output.\"], \"tester\": [\"recommend reviewing the find_Element function to identify and fix the issue causing the test failure.\"]}",
        "Question": "The original code has some bugs, according to the test report and suggestions, rewrite the code. Complete the following code:\ndef find_Element(arr,ranges,rotations,index) :  \n'''Write a python function to find element at a given index after number of rotations.\nassert find_Element([1,2,3,4,5],[[0,2],[0,3]],2,1) == 3'''\n"
    },
    "Code1": "def find_Element(arr, ranges, rotations, index):\n    for i in range(rotations):\n        a = arr.pop(0)\n        arr.append(a)\n    for r in ranges:\n        start = r[0]\n        end = r[1]\n        arr = arr[start:end+1]\n    return arr[index]",
    "ScriptResult1": "F\n======================================================================\nFAIL: test (__main__.Test)\n----------------------------------------------------------------------\nTraceback (most recent call last):\n  File \"/Users/watch/PycharmProjects/XXXX-1-LLM/workspace/2024-03-11_13-08-08-317033/test_script.py\", line 14, in test\n    self.assertEqual(find_Element([1,2,3,4,5],[[0,2],[0,3]],2,1), 3)\nAssertionError: 4 != 3\n\n----------------------------------------------------------------------\nRan 1 test in 0.000s\n\nFAILED (failures=1)\n",
    "TestReport1": "Test Report:\n\nTest script's output:\nF\n======================================================================\nFAIL: test (__main__.Test)\n----------------------------------------------------------------------\nTraceback (most recent call last):\n  File \"/Users/watch/PycharmProjects/XXXX-1-LLM/workspace/2024-03-11_13-08-08-317033/test_script.py\", line 14, in test\n    self.assertEqual(find_Element([1,2,3,4,5],[[0,2],[0,3]],2,1), 3)\nAssertionError: 4 != 3\n\n----------------------------------------------------------------------\nRan 1 test in 0.000s\n\nFAILED (failures=1)\n\nConclusion: Code Test Failed\n\nExample of input and expected output:\nInput: find_Element([1,2,3,4,5],[[0,2],[0,3]],2,1)\nExpected Output: 3\n\nCode Test Failed\n\ndef find_Element(arr, ranges, rotations, index):\n    for i in range(rotations):\n        a = arr.pop(0)\n        arr.append(a)\n    for r in ranges:\n        start = r[0]\n        end = r[1]\n        arr = arr[start:end+1]\n    return arr[index]",
    "SprintReview1": "[ScrumMaster]says: Here is our test Report: Test Report:\n\nTest script's output:\nF\n======================================================================\nFAIL: test (__main__.Test)\n----------------------------------------------------------------------\nTraceback (most recent call last):\n  File \"/Users/watch/PycharmProjects/XXXX-1-LLM/workspace/2024-03-11_13-08-08-317033/test_script.py\", line 14, in test\n    self.assertEqual(find_Element([1,2,3,4,5],[[0,2],[0,3]],2,1), 3)\nAssertionError: 4 != 3\n\n----------------------------------------------------------------------\nRan 1 test in 0.000s\n\nFAILED (failures=1)\n\nConclusion: Code Test Failed\n\nExample of input and expected output:\nInput: find_Element([1,2,3,4,5],[[0,2],[0,3]],2,1)\nExpected Output: 3\n\nCode Test Failed\n\ndef find_Element(arr, ranges, rotations, index):\n    for i in range(rotations):\n        a = arr.pop(0)\n        arr.append(a)\n    for r in ranges:\n        start = r[0]\n        end = r[1]\n        arr = arr[start:end+1]\n    return arr[index], do you have any ideas?\n-----\n\n[Developer]says: As a Developer, I think we should review the find_Element function and run some test cases to identify the issue and fix the failing test.\n-----\n\n[Architect]says: As an architect, we should review the code and design to identify any potential issues and improve the overall quality of the product.\n-----\n\n[ProductOwner]says: As the Product Owner, I think we need to prioritize fixing the failed test and improving the code's robustness before proceeding with any further development.\n-----\n\n[Tester]says: As a Tester, it seems that the test script failed due to an assertion error, and the find_Element function is not producing the expected output. I suggest reviewing the find_Element function for any potential issues.\n-----\n\n[Developer]says: As a Developer, I think we should review the find_Element function and run some test cases to identify the issue and fix the failing test.\n-----\n\n[Architect]says: As an architect, I agree that we should review the code and design to identify any potential issues and improve the overall quality of the product.\n-----\n\n[ProductOwner]says: As the Product Owner, I think we need to prioritize fixing the failed test and improving the code's robustness before proceeding with any further development.\n-----\n\n[Tester]says: As a Tester, it seems that the test script failed due to an assertion error, and the find_Element function is not producing the expected output. I suggest reviewing the find_Element function for any potential issues.\n-----\n",
    "SprintReviewMeetings1": "{\n  \"product-owner\": [\n    \"Prioritize fixing the failed test and improving the code's robustness\"\n  ],\n  \"architect\": [\n    \"Review the code and design to identify any potential issues and improve the overall quality of the product\"\n  ],\n  \"developer\": [\n    \"Review the find_Element function and run some test cases to identify the issue and fix the failing test\"\n  ],\n  \"tester\": [\n    \"Review the find_Element function for any potential issues\"\n  ]\n}",
    "SprintReviewMeetings1_prompt": "{\"Role\": \"You are a professional scrum master. Your goal is to summary the Discussion History into a suggestions list for the scrum team.\", \"Instruction\": \"1. Read and Understand the Discussion History. 2. Summary the suggestions from four roles: product-owner/architect/developer/tester. 3. Response in JSON format.\", \"Example\": \"{\\\"product-owner\\\":[\\\"suggestion1\\\",\\\"suggestion2\\\"],\\\"architect\\\":[\\\"suggestion1\\\",\\\"suggestion2\\\"], \\\"developer\\\":[\\\"suggestion1\\\",\\\"suggestion2\\\"], \\\"tester\\\":[\\\"suggestion1\\\",\\\"suggestion2\\\"]}\", \"Context\": \"[ScrumMaster]says: Here is our test Report: Test Report:\\n\\nTest script's output:\\nF\\n======================================================================\\nFAIL: test (__main__.Test)\\n----------------------------------------------------------------------\\nTraceback (most recent call last):\\n  File \\\"/Users/watch/PycharmProjects/XXXX-1-LLM/workspace/2024-03-11_13-08-08-317033/test_script.py\\\", line 14, in test\\n    self.assertEqual(find_Element([1,2,3,4,5],[[0,2],[0,3]],2,1), 3)\\nAssertionError: 4 != 3\\n\\n----------------------------------------------------------------------\\nRan 1 test in 0.000s\\n\\nFAILED (failures=1)\\n\\nConclusion: Code Test Failed\\n\\nExample of input and expected output:\\nInput: find_Element([1,2,3,4,5],[[0,2],[0,3]],2,1)\\nExpected Output: 3\\n\\nCode Test Failed\\n\\ndef find_Element(arr, ranges, rotations, index):\\n    for i in range(rotations):\\n        a = arr.pop(0)\\n        arr.append(a)\\n    for r in ranges:\\n        start = r[0]\\n        end = r[1]\\n        arr = arr[start:end+1]\\n    return arr[index], do you have any ideas?\\n-----\\n\\n[Developer]says: As a Developer, I think we should review the find_Element function and run some test cases to identify the issue and fix the failing test.\\n-----\\n\\n[Architect]says: As an architect, we should review the code and design to identify any potential issues and improve the overall quality of the product.\\n-----\\n\\n[ProductOwner]says: As the Product Owner, I think we need to prioritize fixing the failed test and improving the code's robustness before proceeding with any further development.\\n-----\\n\\n[Tester]says: As a Tester, it seems that the test script failed due to an assertion error, and the find_Element function is not producing the expected output. I suggest reviewing the find_Element function for any potential issues.\\n-----\\n\\n[Developer]says: As a Developer, I think we should review the find_Element function and run some test cases to identify the issue and fix the failing test.\\n-----\\n\\n[Architect]says: As an architect, I agree that we should review the code and design to identify any potential issues and improve the overall quality of the product.\\n-----\\n\\n[ProductOwner]says: As the Product Owner, I think we need to prioritize fixing the failed test and improving the code's robustness before proceeding with any further development.\\n-----\\n\\n[Tester]says: As a Tester, it seems that the test script failed due to an assertion error, and the find_Element function is not producing the expected output. I suggest reviewing the find_Element function for any potential issues.\\n-----\\n\", \"Question\": \"Follow the Instruction section. The Discussion History is in the Context section. You only need to return a list as the Example section.\"}",
    "RepairResponse1": "{\n  \"revised_code\": \"def find_Element(arr, ranges, rotations, index):\\n    for i in range(rotations):\\n        a = arr.pop(0)\\n        arr.append(a)\\n    result = arr[index]\\n    for r in ranges:\\n        start = r[0]\\n        end = r[1]\\n        result = arr[start:end+1][index]\\n    return result\"\n}",
    "RepairResponse1_prompt": {
        "Role": "You are a professional software engineer. Your duty is to write code in Python that meets the requirements. Ensure that the code you write is efficient, readable, and follows best practices. Remember, do not need to explain the code you wrote.",
        "Instruction": "1. Rewrite a bug fix version of the original code. 2. Response in JSON format.",
        "Example": "{\"revised_code\":\"...\"}",
        "Context": "# Test Report:\nTest Report:\n\nTest script's output:\nF\n======================================================================\nFAIL: test (__main__.Test)\n----------------------------------------------------------------------\nTraceback (most recent call last):\n  File \"/Users/watch/PycharmProjects/XXXX-1-LLM/workspace/2024-03-11_13-08-08-317033/test_script.py\", line 14, in test\n    self.assertEqual(find_Element([1,2,3,4,5],[[0,2],[0,3]],2,1), 3)\nAssertionError: 4 != 3\n\n----------------------------------------------------------------------\nRan 1 test in 0.000s\n\nFAILED (failures=1)\n\nConclusion: Code Test Failed\n\nExample of input and expected output:\nInput: find_Element([1,2,3,4,5],[[0,2],[0,3]],2,1)\nExpected Output: 3\n\nCode Test Failed\n\ndef find_Element(arr, ranges, rotations, index):\n    for i in range(rotations):\n        a = arr.pop(0)\n        arr.append(a)\n    for r in ranges:\n        start = r[0]\n        end = r[1]\n        arr = arr[start:end+1]\n    return arr[index]# suggestions:\n{\"product-owner\": [\"Prioritize fixing the failed test and improving the code's robustness\"], \"architect\": [\"Review the code and design to identify any potential issues and improve the overall quality of the product\"], \"developer\": [\"Review the find_Element function and run some test cases to identify the issue and fix the failing test\"], \"tester\": [\"Review the find_Element function for any potential issues\"]}",
        "Question": "The original code has some bugs, according to the test report and suggestions, rewrite the code. Complete the following code:\ndef find_Element(arr,ranges,rotations,index) :  \n'''Write a python function to find element at a given index after number of rotations.\nassert find_Element([1,2,3,4,5],[[0,2],[0,3]],2,1) == 3'''\n"
    },
    "Code2": "def find_Element(arr, ranges, rotations, index):\n    for i in range(rotations):\n        a = arr.pop(0)\n        arr.append(a)\n    result = arr[index]\n    for r in ranges:\n        start = r[0]\n        end = r[1]\n        result = arr[start:end+1][index]\n    return result",
    "ScriptResult2": "F\n======================================================================\nFAIL: test (__main__.Test)\n----------------------------------------------------------------------\nTraceback (most recent call last):\n  File \"/Users/watch/PycharmProjects/XXXX-1-LLM/workspace/2024-03-11_13-08-08-317033/test_script.py\", line 15, in test\n    self.assertEqual(find_Element([1,2,3,4,5],[[0,2],[0,3]],2,1), 3)\nAssertionError: 4 != 3\n\n----------------------------------------------------------------------\nRan 1 test in 0.000s\n\nFAILED (failures=1)\n",
    "TestReport2": "Test Report:\n\nTest script's output:\nF\n======================================================================\nFAIL: test (__main__.Test)\n----------------------------------------------------------------------\nTraceback (most recent call last):\n  File \"/Users/watch/PycharmProjects/XXXX-1-LLM/workspace/2024-03-11_13-08-08-317033/test_script.py\", line 15, in test\n    self.assertEqual(find_Element([1,2,3,4,5],[[0,2],[0,3]],2,1), 3)\nAssertionError: 4 != 3\n\n----------------------------------------------------------------------\nRan 1 test in 0.000s\n\nFAILED (failures=1)\n\nConclusion: Code Test Failed\n\nInput and Expected Output Example:\nInput: find_Element([1,2,3,4,5],[[0,2],[0,3]],2,1)\nExpected Output: 3\n\nCode:\ndef find_Element(arr, ranges, rotations, index):\n    for i in range(rotations):\n        a = arr.pop(0)\n        arr.append(a)\n    result = arr[index]\n    for r in ranges:\n        start = r[0]\n        end = r[1]\n        result = arr[start:end+1][index]\n    return result",
    "SprintReview2": "[ScrumMaster]says: Here is our test Report: Test Report:\n\nTest script's output:\nF\n======================================================================\nFAIL: test (__main__.Test)\n----------------------------------------------------------------------\nTraceback (most recent call last):\n  File \"/Users/watch/PycharmProjects/XXXX-1-LLM/workspace/2024-03-11_13-08-08-317033/test_script.py\", line 15, in test\n    self.assertEqual(find_Element([1,2,3,4,5],[[0,2],[0,3]],2,1), 3)\nAssertionError: 4 != 3\n\n----------------------------------------------------------------------\nRan 1 test in 0.000s\n\nFAILED (failures=1)\n\nConclusion: Code Test Failed\n\nInput and Expected Output Example:\nInput: find_Element([1,2,3,4,5],[[0,2],[0,3]],2,1)\nExpected Output: 3\n\nCode:\ndef find_Element(arr, ranges, rotations, index):\n    for i in range(rotations):\n        a = arr.pop(0)\n        arr.append(a)\n    result = arr[index]\n    for r in ranges:\n        start = r[0]\n        end = r[1]\n        result = arr[start:end+1][index]\n    return result, do you have any ideas?\n-----\n\n[Developer]says: As a Developer, I think we should review the test script and make necessary adjustments to ensure the expected output matches the actual output.\n-----\n\n[ProductOwner]says: As the Product Owner, I think we should prioritize fixing the failed test case and improving the code to ensure all test cases pass.\n-----\n\n[Tester]says: As a Tester, I suggest reviewing the test script and checking for any issues in the find_Element function that could be causing the test failures.\n-----\n\n[Architect]says: As an Architect, it is important to review the test script and identify the root cause of the failure in order to improve the functionality of the code.\n-----\n\n[ProductOwner]says: As the Product Owner, I agree that we should prioritize fixing the failed test case and improving the code to ensure all test cases pass.\n-----\n\n[Developer]says: As a Developer, I will review the test script and make necessary adjustments to ensure the expected output matches the actual output.\n-----\n\n[Tester]says: As a Tester, I suggest reviewing the test script and checking for any issues in the find_Element function that could be causing the test failures.\n-----\n\n[Architect]says: As an Architect, I would recommend conducting a thorough review of the test script to identify any potential architectural issues causing the test failure.\n-----\n",
    "SprintReviewMeetings2": "{\n  \"product-owner\": [\n    \"we should prioritize fixing the failed test case and improving the code to ensure all test cases pass.\"\n  ],\n  \"architect\": [\n    \"review the test script and identify the root cause of the failure in order to improve the functionality of the code.\",\n    \"recommend conducting a thorough review of the test script to identify any potential architectural issues causing the test failure.\"\n  ],\n  \"developer\": [\n    \"review the test script and make necessary adjustments to ensure the expected output matches the actual output.\"\n  ],\n  \"tester\": [\n    \"reviewing the test script and checking for any issues in the find_Element function that could be causing the test failures.\"\n  ]\n}",
    "SprintReviewMeetings2_prompt": "{\"Role\": \"You are a professional scrum master. Your goal is to summary the Discussion History into a suggestions list for the scrum team.\", \"Instruction\": \"1. Read and Understand the Discussion History. 2. Summary the suggestions from four roles: product-owner/architect/developer/tester. 3. Response in JSON format.\", \"Example\": \"{\\\"product-owner\\\":[\\\"suggestion1\\\",\\\"suggestion2\\\"],\\\"architect\\\":[\\\"suggestion1\\\",\\\"suggestion2\\\"], \\\"developer\\\":[\\\"suggestion1\\\",\\\"suggestion2\\\"], \\\"tester\\\":[\\\"suggestion1\\\",\\\"suggestion2\\\"]}\", \"Context\": \"[ScrumMaster]says: Here is our test Report: Test Report:\\n\\nTest script's output:\\nF\\n======================================================================\\nFAIL: test (__main__.Test)\\n----------------------------------------------------------------------\\nTraceback (most recent call last):\\n  File \\\"/Users/watch/PycharmProjects/XXXX-1-LLM/workspace/2024-03-11_13-08-08-317033/test_script.py\\\", line 15, in test\\n    self.assertEqual(find_Element([1,2,3,4,5],[[0,2],[0,3]],2,1), 3)\\nAssertionError: 4 != 3\\n\\n----------------------------------------------------------------------\\nRan 1 test in 0.000s\\n\\nFAILED (failures=1)\\n\\nConclusion: Code Test Failed\\n\\nInput and Expected Output Example:\\nInput: find_Element([1,2,3,4,5],[[0,2],[0,3]],2,1)\\nExpected Output: 3\\n\\nCode:\\ndef find_Element(arr, ranges, rotations, index):\\n    for i in range(rotations):\\n        a = arr.pop(0)\\n        arr.append(a)\\n    result = arr[index]\\n    for r in ranges:\\n        start = r[0]\\n        end = r[1]\\n        result = arr[start:end+1][index]\\n    return result, do you have any ideas?\\n-----\\n\\n[Developer]says: As a Developer, I think we should review the test script and make necessary adjustments to ensure the expected output matches the actual output.\\n-----\\n\\n[ProductOwner]says: As the Product Owner, I think we should prioritize fixing the failed test case and improving the code to ensure all test cases pass.\\n-----\\n\\n[Tester]says: As a Tester, I suggest reviewing the test script and checking for any issues in the find_Element function that could be causing the test failures.\\n-----\\n\\n[Architect]says: As an Architect, it is important to review the test script and identify the root cause of the failure in order to improve the functionality of the code.\\n-----\\n\\n[ProductOwner]says: As the Product Owner, I agree that we should prioritize fixing the failed test case and improving the code to ensure all test cases pass.\\n-----\\n\\n[Developer]says: As a Developer, I will review the test script and make necessary adjustments to ensure the expected output matches the actual output.\\n-----\\n\\n[Tester]says: As a Tester, I suggest reviewing the test script and checking for any issues in the find_Element function that could be causing the test failures.\\n-----\\n\\n[Architect]says: As an Architect, I would recommend conducting a thorough review of the test script to identify any potential architectural issues causing the test failure.\\n-----\\n\", \"Question\": \"Follow the Instruction section. The Discussion History is in the Context section. You only need to return a list as the Example section.\"}",
    "RepairResponse2": "{\n  \"revised_code\": \"def find_Element(arr, ranges, rotations, index):\\n    for i in range(rotations):\\n        a = arr.pop(0)\\n        arr.append(a)\\n    result = arr[index]\\n    for r in ranges:\\n        start = r[0]\\n        end = r[1]\\n        result = arr[start:end+1][index]\\n    return result\"\n}",
    "RepairResponse2_prompt": {
        "Role": "You are a professional software engineer. Your duty is to write code in Python that meets the requirements. Ensure that the code you write is efficient, readable, and follows best practices. Remember, do not need to explain the code you wrote.",
        "Instruction": "1. Rewrite a bug fix version of the original code. 2. Response in JSON format.",
        "Example": "{\"revised_code\":\"...\"}",
        "Context": "# Test Report:\nTest Report:\n\nTest script's output:\nF\n======================================================================\nFAIL: test (__main__.Test)\n----------------------------------------------------------------------\nTraceback (most recent call last):\n  File \"/Users/watch/PycharmProjects/XXXX-1-LLM/workspace/2024-03-11_13-08-08-317033/test_script.py\", line 15, in test\n    self.assertEqual(find_Element([1,2,3,4,5],[[0,2],[0,3]],2,1), 3)\nAssertionError: 4 != 3\n\n----------------------------------------------------------------------\nRan 1 test in 0.000s\n\nFAILED (failures=1)\n\nConclusion: Code Test Failed\n\nInput and Expected Output Example:\nInput: find_Element([1,2,3,4,5],[[0,2],[0,3]],2,1)\nExpected Output: 3\n\nCode:\ndef find_Element(arr, ranges, rotations, index):\n    for i in range(rotations):\n        a = arr.pop(0)\n        arr.append(a)\n    result = arr[index]\n    for r in ranges:\n        start = r[0]\n        end = r[1]\n        result = arr[start:end+1][index]\n    return result# suggestions:\n{\"product-owner\": [\"we should prioritize fixing the failed test case and improving the code to ensure all test cases pass.\"], \"architect\": [\"review the test script and identify the root cause of the failure in order to improve the functionality of the code.\", \"recommend conducting a thorough review of the test script to identify any potential architectural issues causing the test failure.\"], \"developer\": [\"review the test script and make necessary adjustments to ensure the expected output matches the actual output.\"], \"tester\": [\"reviewing the test script and checking for any issues in the find_Element function that could be causing the test failures.\"]}",
        "Question": "The original code has some bugs, according to the test report and suggestions, rewrite the code. Complete the following code:\ndef find_Element(arr,ranges,rotations,index) :  \n'''Write a python function to find element at a given index after number of rotations.\nassert find_Element([1,2,3,4,5],[[0,2],[0,3]],2,1) == 3'''\n"
    }
}