{
    "start_time": "2024-03-11_18-34-32-782322",
    "task": "def is_num_decagonal(n): \n'''Write a function to find the nth decagonal number.\nassert is_num_decagonal(3) == 27'''\n",
    "datetime": {
        "task": "2024-03-11 18:34:32",
        "task-id": "2024-03-11 18:34:32",
        "workflow": "2024-03-11 18:34:32",
        "UserStoryDraft0": "2024-03-11 18:34:33",
        "AnalyzeMeetings": "2024-03-11 18:34:34",
        "UserStory0": "2024-03-11 18:34:35",
        "DesignDraft0": "2024-03-11 18:34:37",
        "DesignMeetings0": "2024-03-11 18:34:38",
        "Design0": "2024-03-11 18:34:40",
        "CodeDraft0": "2024-03-11 18:34:41",
        "CodeReviewMeetings0": "2024-03-11 18:34:42",
        "Code0CR": "2024-03-11 18:34:43",
        "FinalCode": "2024-03-11 18:35:15",
        "Test Cases Draft": "2024-03-11 18:34:44",
        "Test Cases Meetings": "2024-03-11 18:34:45",
        "Test Cases": "2024-03-11 18:34:47",
        "Code0": "2024-03-11 18:34:48",
        "TestScriptOriginal": "2024-03-11 18:34:49",
        "TestScript": "2024-03-11 18:34:49",
        "ScriptResult0": "2024-03-11 18:34:49",
        "TestReport0": "2024-03-11 18:34:53",
        "SprintReview0": "2024-03-11 18:34:55",
        "SprintReviewMeetings0": "2024-03-11 18:34:58",
        "RepairResponse0": "2024-03-11 18:34:59",
        "Code1": "2024-03-11 18:34:59",
        "ScriptResult1": "2024-03-11 18:34:59",
        "TestReport1": "2024-03-11 18:35:03",
        "SprintReview1": "2024-03-11 18:35:05",
        "SprintReviewMeetings1": "2024-03-11 18:35:07",
        "RepairResponse1": "2024-03-11 18:35:08",
        "Code2": "2024-03-11 18:35:08",
        "ScriptResult2": "2024-03-11 18:35:08",
        "TestReport2": "2024-03-11 18:35:11",
        "SprintReview2": "2024-03-11 18:35:12",
        "SprintReviewMeetings2": "2024-03-11 18:35:14",
        "RepairResponse2": "2024-03-11 18:35:15",
        "Code3": "2024-03-11 18:35:15",
        "ScriptResult3": "2024-03-11 18:35:15",
        "TestReport3": "2024-03-11 18:35:17"
    },
    "task-id": 279,
    "workflow": "agile/agile_version_0.0.5_remove.json",
    "UserStoryDraft0": "{\n  \"UserStory\": \"As a product owner, I want a function to be developed that can find the nth decagonal number, so that users can easily obtain the decagonal number for a given input.\"\n}",
    "UserStoryDraft0_prompt": "{\"Role\": \"You need to act as a professional product owner. Your task is to write a UserStory\", \"Instruction\": \"According to the Context, please analyze the requirement and write your response. Response in JSON format. Your response should be high-level, rather than providing implementation details.\", \"Example\": \"\", \"Context\": [], \"Question\": \"Follow the Instruction. The requirement is as follows:\\ndef is_num_decagonal(n): \\n'''Write a function to find the nth decagonal number.\\nassert is_num_decagonal(3) == 27'''\\n\"}",
    "AnalyzeMeetings": "{\n  \"Architect\": \"I suggest creating a separate function specifically for finding the nth decagonal number. This function should take the input as the parameter and return the decagonal number as the output. It would also be beneficial to include error handling for invalid inputs.\"\n}",
    "UserStory0": "{\n  \"RevisedDocument\": {\n    \"UserStory\": \"As a product owner, I want a separate function to be developed that can find the nth decagonal number. This function should take the input as the parameter and return the decagonal number as the output. It should also include error handling for invalid inputs.\"\n  }\n}",
    "UserStory0_prompt": {
        "Role": "You need to act as a professional product owner. Your duty is to revise the document based on the suggestions.",
        "Instruction": "1. Read the suggestions. 2. Revise your draft version document. 3. Response in JSON format. 4. REMEMBER: Your analysis should be high-level, rather than providing implementation details.",
        "Example": "",
        "Context": "# Suggestion:\n{\n  \"Architect\": \"I suggest creating a separate function specifically for finding the nth decagonal number. This function should take the input as the parameter and return the decagonal number as the output. It would also be beneficial to include error handling for invalid inputs.\"\n}",
        "Question": "Follow the Instruction. Your colleague give you some suggestions(in the Context section) about this draft document:{\n  \"UserStory\": \"As a product owner, I want a function to be developed that can find the nth decagonal number, so that users can easily obtain the decagonal number for a given input.\"\n}"
    },
    "DesignDraft0": "Design:\n- Create a function named is_num_decagonal that takes an input parameter n.\n- Validate the input to ensure it is a valid number.\n- Calculate the nth decagonal number using the formula: (7*n^2 - 5*n) / 2.\n- Return the calculated decagonal number as the output.\n- Include error handling for invalid inputs, such as non-numeric values or negative numbers.\n\nExample:\n```python\ndef is_num_decagonal(n):\n    '''Write a function to find the nth decagonal number.\n    assert is_num_decagonal(3) == 27'''\n```",
    "DesignMeetings0": "{\n  \"Developer\": \"Ensure to include proper error handling for invalid inputs, such as non-numeric values or negative numbers. Use try-except blocks to handle exceptions and return appropriate error messages.\",\n  \"Requirement Engineer\": \"Add a requirement to include unit tests for the function to validate its functionality and ensure that it returns the correct decagonal number for different input values.\"\n}",
    "Design0": "Based on the suggestions, I have updated the design as follows:\n\nDesign:\n- Create a function named is_num_decagonal that takes an input parameter n.\n- Validate the input to ensure it is a valid number and handle exceptions using try-except blocks. Return appropriate error messages for invalid inputs, such as non-numeric values or negative numbers.\n- Add a requirement to include unit tests for the function to validate its functionality and ensure that it returns the correct decagonal number for different input values.\n- Calculate the nth decagonal number using the formula: (7*n^2 - 5*n) / 2.\n- Return the calculated decagonal number as the output.\n\nExample:\n```python\ndef is_num_decagonal(n):\n    '''Write a function to find the nth decagonal number.\n    assert is_num_decagonal(3) == 27'''\n```",
    "CodeDraft0": "def is_num_decagonal(n):\n    try:\n        if not isinstance(n, int) or n < 0:\n            raise ValueError(\"Input must be a non-negative integer\")\n        \n        decagonal_number = (7 * n**2 - 5 * n) / 2\n        return decagonal_number\n    \n    except Exception as e:\n        return str(e)",
    "CodeDraft0_prompt": {
        "Role": "You are a professional engineer. Your duty is to write code in Python that meets the requirements. Ensure that the code you write is efficient, readable, and follows best practices. Remember, do not need to explain the code you wrote.",
        "Instruction": "According to the Context section, write your code.",
        "Example": "",
        "Context": "# Tasks:\n[]\n# Design:\nBased on the suggestions, I have updated the design as follows:\n\nDesign:\n- Create a function named is_num_decagonal that takes an input parameter n.\n- Validate the input to ensure it is a valid number and handle exceptions using try-except blocks. Return appropriate error messages for invalid inputs, such as non-numeric values or negative numbers.\n- Add a requirement to include unit tests for the function to validate its functionality and ensure that it returns the correct decagonal number for different input values.\n- Calculate the nth decagonal number using the formula: (7*n^2 - 5*n) / 2.\n- Return the calculated decagonal number as the output.\n\nExample:\n```python\ndef is_num_decagonal(n):\n    '''Write a function to find the nth decagonal number.\n    assert is_num_decagonal(3) == 27'''\n```",
        "Question": "Follow the Instruction section. Complete the following code:\ndef is_num_decagonal(n): \n'''Write a function to find the nth decagonal number.\nassert is_num_decagonal(3) == 27'''\n"
    },
    "CodeReviewMeetings0": "{\n  \"Architect\": \"Consider using a more descriptive function name to clearly convey its purpose. Add comments to explain the purpose of the formula and any special cases. Consider using a more specific exception type than a generic Exception.\",\n  \"Tester\": \"Test the function with positive and negative integer inputs, non-integer inputs, and edge cases such as 0 and 1. Test the function with large input values to ensure it can handle them without errors or performance issues.\"\n}",
    "Code0CR": "def is_num_decagonal(n):\n    # Validate input\n    try:\n        if not isinstance(n, int) or n < 0:\n            raise ValueError(\"Invalid input: Please enter a non-negative integer\")\n    except ValueError as ve:\n        return str(ve)\n    \n    # Calculate decagonal number\n    decagonal_num = (7 * n**2 - 5 * n) / 2\n    \n    return decagonal_num",
    "Code0CR_prompt": "{\"Role\": \"You are a professional software engineer. Your duty is to write code in Python that meets the requirements. Ensure that the code you write is efficient, readable, and follows best practices. Remember, do not need to explain the code you wrote.\", \"Instruction\": \"1. Understand the suggestions(in the Context section) about the original code. 2. Rewrite your code.\", \"Example\": \"\", \"Context\": \"# Tasks:\\n[]\\n# Design:\\nBased on the suggestions, I have updated the design as follows:\\n\\nDesign:\\n- Create a function named is_num_decagonal that takes an input parameter n.\\n- Validate the input to ensure it is a valid number and handle exceptions using try-except blocks. Return appropriate error messages for invalid inputs, such as non-numeric values or negative numbers.\\n- Add a requirement to include unit tests for the function to validate its functionality and ensure that it returns the correct decagonal number for different input values.\\n- Calculate the nth decagonal number using the formula: (7*n^2 - 5*n) / 2.\\n- Return the calculated decagonal number as the output.\\n\\nExample:\\n```python\\ndef is_num_decagonal(n):\\n    '''Write a function to find the nth decagonal number.\\n    assert is_num_decagonal(3) == 27'''\\n```# Suggestions:\\n{\\n  \\\"Architect\\\": \\\"Consider using a more descriptive function name to clearly convey its purpose. Add comments to explain the purpose of the formula and any special cases. Consider using a more specific exception type than a generic Exception.\\\",\\n  \\\"Tester\\\": \\\"Test the function with positive and negative integer inputs, non-integer inputs, and edge cases such as 0 and 1. Test the function with large input values to ensure it can handle them without errors or performance issues.\\\"\\n}\", \"Question\": \"Follow the Instruction section. Complete the following code:\\ndef is_num_decagonal(n): \\n'''Write a function to find the nth decagonal number.\\nassert is_num_decagonal(3) == 27'''\\n\"}",
    "FinalCode": "def is_num_decagonal(n):\n    if not isinstance(n, int) or n <= 0:\n        raise ValueError(\"Invalid input: Please enter a positive integer\")\n    decagonal_num = (5 * n* n - 3 * n)\n    return decagonal_num",
    "Test Cases Draft": "{\n  \"requirement analysis\": \"analysis\",\n  \"test_cases\": [\n    {\n      \"Test Title\": \"Valid Input Test\",\n      \"Input Data\": \"parameter1=3\",\n      \"Expected Output\": \"27\"\n    },\n    {\n      \"Test Title\": \"Invalid Input Test\",\n      \"Input Data\": \"parameter1='abc'\",\n      \"Expected Output\": \"Error message for invalid input\"\n    }\n  ]\n}",
    "Test Cases Draft_prompt": "{\"Role\": \"You are a quality assurance engineer. Your duty is to design test cases for the developers.\", \"Instruction\": \"According to the Context section, write test cases. Don't write long strings in your test cases. Response in JSON format.\", \"Example\": \"{\\\"requirement analysis\\\":\\\"analysis\\\",\\\"test_cases\\\":[{\\\"Test Title\\\":\\\"title\\\", \\\"Input Data\\\":\\\"parameter1=[1,2,3],parameter2='123'\\\", \\\"Expected Output\\\":\\\"456\\\"},]}\", \"Context\": \"# UsrtStory:\\n{\\n  \\\"RevisedDocument\\\": {\\n    \\\"UserStory\\\": \\\"As a product owner, I want a separate function to be developed that can find the nth decagonal number. This function should take the input as the parameter and return the decagonal number as the output. It should also include error handling for invalid inputs.\\\"\\n  }\\n}\\n# Tasks:\\n[]\\n# Design:\\nBased on the suggestions, I have updated the design as follows:\\n\\nDesign:\\n- Create a function named is_num_decagonal that takes an input parameter n.\\n- Validate the input to ensure it is a valid number and handle exceptions using try-except blocks. Return appropriate error messages for invalid inputs, such as non-numeric values or negative numbers.\\n- Add a requirement to include unit tests for the function to validate its functionality and ensure that it returns the correct decagonal number for different input values.\\n- Calculate the nth decagonal number using the formula: (7*n^2 - 5*n) / 2.\\n- Return the calculated decagonal number as the output.\\n\\nExample:\\n```python\\ndef is_num_decagonal(n):\\n    '''Write a function to find the nth decagonal number.\\n    assert is_num_decagonal(3) == 27'''\\n```\", \"Question\": \"def is_num_decagonal(n): \\n'''Write a function to find the nth decagonal number.\\nassert is_num_decagonal(3) == 27'''\\n\"}",
    "Test Cases Meetings": "{\n  \"Developer\": \"For the 'Valid Input Test', I suggest including more details about the functionality being tested, such as the purpose of the input data and expected output. Also, it would be helpful to have a clear explanation of why the expected output is '27' for the given input data. For the 'Invalid Input Test', I recommend adding more specific details about the error message expected for the invalid input and the reason behind it.\"\n}",
    "Test Cases": "{\n  \"requirement analysis\": \"analysis\",\n  \"test_cases\": [\n    {\n      \"Test Title\": \"Valid Input Test\",\n      \"Input Data\": \"n=3\",\n      \"Expected Output\": \"27 (the 3rd decagonal number)\"\n    },\n    {\n      \"Test Title\": \"Invalid Input Test\",\n      \"Input Data\": \"n=0\",\n      \"Expected Output\": \"Error message for invalid input (n must be a positive integer)\"\n    }\n  ]\n}",
    "Test Cases_prompt": "{\"Role\": \"You are a quality assurance engineer. Your duty is to revise the test cases based on the suggestions.\", \"Instruction\": \"1. Your colleague give you some suggestions(in the Context section) about the draft test cases, read these suggestions. 2. Revise your draft version test cases, but don't use long parameters. 3. Response in JSON format.\", \"Example\": \"{\\\"requirement analysis\\\":\\\"analysis\\\",\\\"test_cases\\\":[{\\\"Test Title\\\":\\\"title\\\", \\\"Input Data\\\":\\\"parameter1=[1,2,3],parameter2='123'\\\", \\\"Expected Output\\\":\\\"456\\\"},]}\", \"Context\": \"# Suggestions:\\n{\\n  \\\"Developer\\\": \\\"For the 'Valid Input Test', I suggest including more details about the functionality being tested, such as the purpose of the input data and expected output. Also, it would be helpful to have a clear explanation of why the expected output is '27' for the given input data. For the 'Invalid Input Test', I recommend adding more specific details about the error message expected for the invalid input and the reason behind it.\\\"\\n}\\n # Draft Test cases:\\n{\\n  \\\"requirement analysis\\\": \\\"analysis\\\",\\n  \\\"test_cases\\\": [\\n    {\\n      \\\"Test Title\\\": \\\"Valid Input Test\\\",\\n      \\\"Input Data\\\": \\\"parameter1=3\\\",\\n      \\\"Expected Output\\\": \\\"27\\\"\\n    },\\n    {\\n      \\\"Test Title\\\": \\\"Invalid Input Test\\\",\\n      \\\"Input Data\\\": \\\"parameter1='abc'\\\",\\n      \\\"Expected Output\\\": \\\"Error message for invalid input\\\"\\n    }\\n  ]\\n}\", \"Question\": \"Follow the Instruction. Please make sure your response length are less than 512. Your test cases is for the below question:\\ndef is_num_decagonal(n): \\n'''Write a function to find the nth decagonal number.\\nassert is_num_decagonal(3) == 27'''\\n\"}",
    "Code0": "def is_num_decagonal(n):\n    try:\n        if not isinstance(n, int) or n <= 0:\n            raise ValueError(\"Invalid input: Please enter a positive integer\")\n    except ValueError as ve:\n        return str(ve)\n    \n    decagonal_num = (7 * n**2 - 5 * n) / 2\n    \n    return decagonal_num",
    "Code0_prompt": {
        "Role": "You are a professional software engineer. Your duty is to write code in Python that meets the requirements. Ensure that the code you write is efficient, readable, and follows best practices. Remember, do not need to explain the code you wrote.",
        "Instruction": "1. Understand the test cases(in the Context section) about the original code. 2. Rewrite your code, make sure your code pass all test cases.",
        "Example": "",
        "Context": "# Original Code:\ndef is_num_decagonal(n):\n    # Validate input\n    try:\n        if not isinstance(n, int) or n < 0:\n            raise ValueError(\"Invalid input: Please enter a non-negative integer\")\n    except ValueError as ve:\n        return str(ve)\n    \n    # Calculate decagonal number\n    decagonal_num = (7 * n**2 - 5 * n) / 2\n    \n    return decagonal_num\n# Test Cases:\n{\n  \"requirement analysis\": \"analysis\",\n  \"test_cases\": [\n    {\n      \"Test Title\": \"Valid Input Test\",\n      \"Input Data\": \"n=3\",\n      \"Expected Output\": \"27 (the 3rd decagonal number)\"\n    },\n    {\n      \"Test Title\": \"Invalid Input Test\",\n      \"Input Data\": \"n=0\",\n      \"Expected Output\": \"Error message for invalid input (n must be a positive integer)\"\n    }\n  ]\n}",
        "Question": "def is_num_decagonal(n): \n'''Write a function to find the nth decagonal number.\nassert is_num_decagonal(3) == 27'''\n"
    },
    "TestScriptOriginal": "import unittest\n\ndef is_num_decagonal(n):\n    return n * (7 * n - 5)\n\nclass Test(unittest.TestCase):\n    def test(self):\n        self.assertEqual(is_num_decagonal(3), 27)\n\nif __name__ == '__main__':\n    unittest.main()",
    "TestScriptOriginal_prompt": "{\"Role\": \"You are a quality assurance engineer. Your duty is to write a python test script in unittest framework.\", \"Instruction\": \"1. Write a python test script. 2. Use the input and output given by the question.\", \"Example\": \"import unittest\\n\\nclass Test(unittest.TestCase):\\n    def test(self):\\n        self.assertEqual(function_under_test('a'), 1)\\n\\nif __name__ == '__main__':\\n    unittest.main()\", \"Context\": \"\", \"Question\": \"def is_num_decagonal(n): \\n'''Write a function to find the nth decagonal number.\\nassert is_num_decagonal(3) == 27'''\\n\"}",
    "TestScript": "import unittest\n\nclass Test(unittest.TestCase):\n    def test(self):\n        self.assertEqual(is_num_decagonal(3), 27)\n\nif __name__ == '__main__':\n    unittest.main()",
    "ScriptResult0": "F\n======================================================================\nFAIL: test (__main__.Test)\n----------------------------------------------------------------------\nTraceback (most recent call last):\n  File \"/Users/watch/PycharmProjects/XXXX-1-LLM/workspace/2024-03-11_18-34-32-782322/test_script.py\", line 15, in test\n    self.assertEqual(is_num_decagonal(3), 27)\nAssertionError: 24.0 != 27\n\n----------------------------------------------------------------------\nRan 1 test in 0.000s\n\nFAILED (failures=1)\n",
    "TestReport0": "Test Report:\n\n# test script's output:\nF\n======================================================================\nFAIL: test (__main__.Test)\n----------------------------------------------------------------------\nTraceback (most recent call last):\n  File \"/Users/watch/PycharmProjects/XXXX-1-LLM/workspace/2024-03-11_18-34-32-782322/test_script.py\", line 15, in test\n    self.assertEqual(is_num_decagonal(3), 27)\nAssertionError: 24.0 != 27\n\n----------------------------------------------------------------------\nRan 1 test in 0.000s\n\nFAILED (failures=1)\n\nTested Function:\ndef is_num_decagonal(n):\n    try:\n        if not isinstance(n, int) or n <= 0:\n            raise ValueError(\"Invalid input: Please enter a positive integer\")\n    except ValueError as ve:\n        return str(ve)\n    \n    decagonal_num = (7 * n**2 - 5 * n) / 2\n    \n    return decagonal_num\n\nAnalysis:\nThe test case for the function is_num_decagonal(3) has failed. The expected output was 27, but the actual output was 24.0. \n\nConclusion:\nCode Test Failed. \n\nExample of Input and Expected Output:\nInput: is_num_decagonal(3)\nExpected Output: 27",
    "SprintReview0": "[ScrumMaster]says: Here is our test Report: Test Report:\n\n# test script's output:\nF\n======================================================================\nFAIL: test (__main__.Test)\n----------------------------------------------------------------------\nTraceback (most recent call last):\n  File \"/Users/watch/PycharmProjects/XXXX-1-LLM/workspace/2024-03-11_18-34-32-782322/test_script.py\", line 15, in test\n    self.assertEqual(is_num_decagonal(3), 27)\nAssertionError: 24.0 != 27\n\n----------------------------------------------------------------------\nRan 1 test in 0.000s\n\nFAILED (failures=1)\n\nTested Function:\ndef is_num_decagonal(n):\n    try:\n        if not isinstance(n, int) or n <= 0:\n            raise ValueError(\"Invalid input: Please enter a positive integer\")\n    except ValueError as ve:\n        return str(ve)\n    \n    decagonal_num = (7 * n**2 - 5 * n) / 2\n    \n    return decagonal_num\n\nAnalysis:\nThe test case for the function is_num_decagonal(3) has failed. The expected output was 27, but the actual output was 24.0. \n\nConclusion:\nCode Test Failed. \n\nExample of Input and Expected Output:\nInput: is_num_decagonal(3)\nExpected Output: 27, do you have any ideas?\n-----\n\n[Architect]says: As an architect, in order to develop a product, it is important that we review the code and identify the issue causing the test failure before proceeding with any further development.\n-----\n\n[Developer]says: As a Developer, we should review the is_num_decagonal function and ensure that the calculation for decagonal_num is correct.\n-----\n\n[ProductOwner]says: As the Product Owner, I think we should prioritize fixing this failed test case for the is_num_decagonal function before moving forward with any new features or improvements.\n-----\n\n[Tester]says: As a Tester, it seems like there is a discrepancy in the expected and actual output for the function is_num_decagonal(3). We may need to review the calculation in the function to ensure it produces the correct result.\n-----\n\n[Architect]says: As an architect, I will review the code and identify the issue causing the test failure before proceeding with further development.\n-----\n\n[ProductOwner]says: As the Product Owner, I think we should prioritize fixing this failed test case for the is_num_decagonal function before moving forward with any new features or improvements.\n-----\n\n[Developer]says: As a Developer, I will review the is_num_decagonal function and ensure that the calculation for decagonal_num is correct.\n-----\n\n[Tester]says: As a Tester, it seems like there is a discrepancy in the expected and actual output for the function is_num_decagonal(3). We may need to review the calculation in the function to ensure it produces the correct result.\n-----\n",
    "SprintReviewMeetings0": "{\n  \"product-owner\": [\"I think we should prioritize fixing this failed test case for the is_num_decagonal function before moving forward with any new features or improvements.\"],\n  \"architect\": [\"It is important that we review the code and identify the issue causing the test failure before proceeding with any further development.\"],\n  \"developer\": [\"We should review the is_num_decagonal function and ensure that the calculation for decagonal_num is correct.\"],\n  \"tester\": [\"There is a discrepancy in the expected and actual output for the function is_num_decagonal(3). We may need to review the calculation in the function to ensure it produces the correct result.\"]\n}",
    "SprintReviewMeetings0_prompt": "{\"Role\": \"You are a professional scrum master. Your goal is to summary the Discussion History into a suggestions list for the scrum team.\", \"Instruction\": \"1. Read and Understand the Discussion History. 2. Summary the suggestions from four roles: product-owner/architect/developer/tester. 3. Response in JSON format.\", \"Example\": \"{\\\"product-owner\\\":[\\\"suggestion1\\\",\\\"suggestion2\\\"],\\\"architect\\\":[\\\"suggestion1\\\",\\\"suggestion2\\\"], \\\"developer\\\":[\\\"suggestion1\\\",\\\"suggestion2\\\"], \\\"tester\\\":[\\\"suggestion1\\\",\\\"suggestion2\\\"]}\", \"Context\": \"[ScrumMaster]says: Here is our test Report: Test Report:\\n\\n# test script's output:\\nF\\n======================================================================\\nFAIL: test (__main__.Test)\\n----------------------------------------------------------------------\\nTraceback (most recent call last):\\n  File \\\"/Users/watch/PycharmProjects/XXXX-1-LLM/workspace/2024-03-11_18-34-32-782322/test_script.py\\\", line 15, in test\\n    self.assertEqual(is_num_decagonal(3), 27)\\nAssertionError: 24.0 != 27\\n\\n----------------------------------------------------------------------\\nRan 1 test in 0.000s\\n\\nFAILED (failures=1)\\n\\nTested Function:\\ndef is_num_decagonal(n):\\n    try:\\n        if not isinstance(n, int) or n <= 0:\\n            raise ValueError(\\\"Invalid input: Please enter a positive integer\\\")\\n    except ValueError as ve:\\n        return str(ve)\\n    \\n    decagonal_num = (7 * n**2 - 5 * n) / 2\\n    \\n    return decagonal_num\\n\\nAnalysis:\\nThe test case for the function is_num_decagonal(3) has failed. The expected output was 27, but the actual output was 24.0. \\n\\nConclusion:\\nCode Test Failed. \\n\\nExample of Input and Expected Output:\\nInput: is_num_decagonal(3)\\nExpected Output: 27, do you have any ideas?\\n-----\\n\\n[Architect]says: As an architect, in order to develop a product, it is important that we review the code and identify the issue causing the test failure before proceeding with any further development.\\n-----\\n\\n[Developer]says: As a Developer, we should review the is_num_decagonal function and ensure that the calculation for decagonal_num is correct.\\n-----\\n\\n[ProductOwner]says: As the Product Owner, I think we should prioritize fixing this failed test case for the is_num_decagonal function before moving forward with any new features or improvements.\\n-----\\n\\n[Tester]says: As a Tester, it seems like there is a discrepancy in the expected and actual output for the function is_num_decagonal(3). We may need to review the calculation in the function to ensure it produces the correct result.\\n-----\\n\\n[Architect]says: As an architect, I will review the code and identify the issue causing the test failure before proceeding with further development.\\n-----\\n\\n[ProductOwner]says: As the Product Owner, I think we should prioritize fixing this failed test case for the is_num_decagonal function before moving forward with any new features or improvements.\\n-----\\n\\n[Developer]says: As a Developer, I will review the is_num_decagonal function and ensure that the calculation for decagonal_num is correct.\\n-----\\n\\n[Tester]says: As a Tester, it seems like there is a discrepancy in the expected and actual output for the function is_num_decagonal(3). We may need to review the calculation in the function to ensure it produces the correct result.\\n-----\\n\", \"Question\": \"Follow the Instruction section. The Discussion History is in the Context section. You only need to return a list as the Example section.\"}",
    "RepairResponse0": "{\n  \"revised_code\": \"def is_num_decagonal(n):\\n    try:\\n        if not isinstance(n, int) or n <= 0:\\n            raise ValueError(\\\"Invalid input: Please enter a positive integer\\\")\\n    except ValueError as ve:\\n        return str(ve)\\n    \\n    decagonal_num = (7 * n**2 - 5 * n) // 2\\n    \\n    return decagonal_num\"\n}",
    "RepairResponse0_prompt": {
        "Role": "You are a professional software engineer. Your duty is to write code in Python that meets the requirements. Ensure that the code you write is efficient, readable, and follows best practices. Remember, do not need to explain the code you wrote.",
        "Instruction": "1. Rewrite a bug fix version of the original code. 2. Response in JSON format.",
        "Example": "{\"revised_code\":\"...\"}",
        "Context": "# Test Report:\nTest Report:\n\n# test script's output:\nF\n======================================================================\nFAIL: test (__main__.Test)\n----------------------------------------------------------------------\nTraceback (most recent call last):\n  File \"/Users/watch/PycharmProjects/XXXX-1-LLM/workspace/2024-03-11_18-34-32-782322/test_script.py\", line 15, in test\n    self.assertEqual(is_num_decagonal(3), 27)\nAssertionError: 24.0 != 27\n\n----------------------------------------------------------------------\nRan 1 test in 0.000s\n\nFAILED (failures=1)\n\nTested Function:\ndef is_num_decagonal(n):\n    try:\n        if not isinstance(n, int) or n <= 0:\n            raise ValueError(\"Invalid input: Please enter a positive integer\")\n    except ValueError as ve:\n        return str(ve)\n    \n    decagonal_num = (7 * n**2 - 5 * n) / 2\n    \n    return decagonal_num\n\nAnalysis:\nThe test case for the function is_num_decagonal(3) has failed. The expected output was 27, but the actual output was 24.0. \n\nConclusion:\nCode Test Failed. \n\nExample of Input and Expected Output:\nInput: is_num_decagonal(3)\nExpected Output: 27# suggestions:\n{\"product-owner\": [\"I think we should prioritize fixing this failed test case for the is_num_decagonal function before moving forward with any new features or improvements.\"], \"architect\": [\"It is important that we review the code and identify the issue causing the test failure before proceeding with any further development.\"], \"developer\": [\"We should review the is_num_decagonal function and ensure that the calculation for decagonal_num is correct.\"], \"tester\": [\"There is a discrepancy in the expected and actual output for the function is_num_decagonal(3). We may need to review the calculation in the function to ensure it produces the correct result.\"]}",
        "Question": "The original code has some bugs, according to the test report and suggestions, rewrite the code. Complete the following code:\ndef is_num_decagonal(n): \n'''Write a function to find the nth decagonal number.\nassert is_num_decagonal(3) == 27'''\n"
    },
    "Code1": "def is_num_decagonal(n):\n    try:\n        if not isinstance(n, int) or n <= 0:\n            raise ValueError(\"Invalid input: Please enter a positive integer\")\n    except ValueError as ve:\n        return str(ve)\n    \n    decagonal_num = (7 * n**2 - 5 * n) // 2\n    \n    return decagonal_num",
    "ScriptResult1": "F\n======================================================================\nFAIL: test (__main__.Test)\n----------------------------------------------------------------------\nTraceback (most recent call last):\n  File \"/Users/watch/PycharmProjects/XXXX-1-LLM/workspace/2024-03-11_18-34-32-782322/test_script.py\", line 15, in test\n    self.assertEqual(is_num_decagonal(3), 27)\nAssertionError: 24 != 27\n\n----------------------------------------------------------------------\nRan 1 test in 0.000s\n\nFAILED (failures=1)\n",
    "TestReport1": "Test Report:\n\nTest Case: is_num_decagonal\n\nOutput:\n# test script's output:\nF\n======================================================================\nFAIL: test (__main__.Test)\n----------------------------------------------------------------------\nTraceback (most recent call last):\n  File \"/Users/watch/PycharmProjects/XXXX-1-LLM/workspace/2024-03-11_18-34-32-782322/test_script.py\", line 15, in test\n    self.assertEqual(is_num_decagonal(3), 27)\nAssertionError: 24 != 27\n\n----------------------------------------------------------------------\nRan 1 test in 0.000s\n\nFAILED (failures=1)\n\nConclusion: Code Test Failed\n\nInput and Expected Output Example:\nInput: 3\nExpected Output: 27\n\nCode:\ndef is_num_decagonal(n):\n    try:\n        if not isinstance(n, int) or n <= 0:\n            raise ValueError(\"Invalid input: Please enter a positive integer\")\n    except ValueError as ve:\n        return str(ve)\n    \n    decagonal_num = (7 * n**2 - 5 * n) // 2\n    \n    return decagonal_num",
    "SprintReview1": "[ScrumMaster]says: Here is our test Report: Test Report:\n\nTest Case: is_num_decagonal\n\nOutput:\n# test script's output:\nF\n======================================================================\nFAIL: test (__main__.Test)\n----------------------------------------------------------------------\nTraceback (most recent call last):\n  File \"/Users/watch/PycharmProjects/XXXX-1-LLM/workspace/2024-03-11_18-34-32-782322/test_script.py\", line 15, in test\n    self.assertEqual(is_num_decagonal(3), 27)\nAssertionError: 24 != 27\n\n----------------------------------------------------------------------\nRan 1 test in 0.000s\n\nFAILED (failures=1)\n\nConclusion: Code Test Failed\n\nInput and Expected Output Example:\nInput: 3\nExpected Output: 27\n\nCode:\ndef is_num_decagonal(n):\n    try:\n        if not isinstance(n, int) or n <= 0:\n            raise ValueError(\"Invalid input: Please enter a positive integer\")\n    except ValueError as ve:\n        return str(ve)\n    \n    decagonal_num = (7 * n**2 - 5 * n) // 2\n    \n    return decagonal_num, do you have any ideas?\n-----\n\n[ProductOwner]says: As a Product Owner, I think we should prioritize fixing the failed test case for is_num_decagonal before moving forward with any new development.\n-----\n\n[Developer]says: As a developer, I think we should review the code for the is_num_decagonal function and check for any potential errors before running the test again.\n-----\n\n[Architect]says: As an architect, I believe we should review the code and test cases to identify any potential issues in the implementation and make necessary adjustments to ensure the expected output aligns with the input.\n-----\n\n[Tester]says: As a Tester, based on the test report, it seems like there is a discrepancy between the expected output and the actual output for the is_num_decagonal function. This needs to be investigated further to understand the root cause of the failure.\n-----\n\n[ProductOwner]says: As a Product Owner, I agree that fixing the failed test case for is_num_decagonal should be our priority before proceeding with any new development.\n-----\n\n[Developer]says: As a developer, I will review the code for the is_num_decagonal function and check for any potential errors before running the test again.\n-----\n\n[Architect]says: As an architect, I believe we should review the code and test cases to identify any potential issues in the implementation and make necessary adjustments to ensure the expected output aligns with the input.\n-----\n\n[Tester]says: As a Tester, based on the test report, it seems like there is a discrepancy between the expected output and the actual output for the is_num_decagonal function. This needs to be investigated further to understand the root cause of the failure.\n-----\n",
    "SprintReviewMeetings1": "{\n  \"product-owner\": [\n    \"We should prioritize fixing the failed test case for is_num_decagonal before moving forward with any new development.\"\n  ],\n  \"architect\": [\n    \"We should review the code and test cases to identify any potential issues in the implementation and make necessary adjustments to ensure the expected output aligns with the input.\"\n  ],\n  \"developer\": [\n    \"Review the code for the is_num_decagonal function and check for any potential errors before running the test again.\"\n  ],\n  \"tester\": [\n    \"There is a discrepancy between the expected output and the actual output for the is_num_decagonal function. This needs to be investigated further to understand the root cause of the failure.\"\n  ]\n}",
    "SprintReviewMeetings1_prompt": "{\"Role\": \"You are a professional scrum master. Your goal is to summary the Discussion History into a suggestions list for the scrum team.\", \"Instruction\": \"1. Read and Understand the Discussion History. 2. Summary the suggestions from four roles: product-owner/architect/developer/tester. 3. Response in JSON format.\", \"Example\": \"{\\\"product-owner\\\":[\\\"suggestion1\\\",\\\"suggestion2\\\"],\\\"architect\\\":[\\\"suggestion1\\\",\\\"suggestion2\\\"], \\\"developer\\\":[\\\"suggestion1\\\",\\\"suggestion2\\\"], \\\"tester\\\":[\\\"suggestion1\\\",\\\"suggestion2\\\"]}\", \"Context\": \"[ScrumMaster]says: Here is our test Report: Test Report:\\n\\nTest Case: is_num_decagonal\\n\\nOutput:\\n# test script's output:\\nF\\n======================================================================\\nFAIL: test (__main__.Test)\\n----------------------------------------------------------------------\\nTraceback (most recent call last):\\n  File \\\"/Users/watch/PycharmProjects/XXXX-1-LLM/workspace/2024-03-11_18-34-32-782322/test_script.py\\\", line 15, in test\\n    self.assertEqual(is_num_decagonal(3), 27)\\nAssertionError: 24 != 27\\n\\n----------------------------------------------------------------------\\nRan 1 test in 0.000s\\n\\nFAILED (failures=1)\\n\\nConclusion: Code Test Failed\\n\\nInput and Expected Output Example:\\nInput: 3\\nExpected Output: 27\\n\\nCode:\\ndef is_num_decagonal(n):\\n    try:\\n        if not isinstance(n, int) or n <= 0:\\n            raise ValueError(\\\"Invalid input: Please enter a positive integer\\\")\\n    except ValueError as ve:\\n        return str(ve)\\n    \\n    decagonal_num = (7 * n**2 - 5 * n) // 2\\n    \\n    return decagonal_num, do you have any ideas?\\n-----\\n\\n[ProductOwner]says: As a Product Owner, I think we should prioritize fixing the failed test case for is_num_decagonal before moving forward with any new development.\\n-----\\n\\n[Developer]says: As a developer, I think we should review the code for the is_num_decagonal function and check for any potential errors before running the test again.\\n-----\\n\\n[Architect]says: As an architect, I believe we should review the code and test cases to identify any potential issues in the implementation and make necessary adjustments to ensure the expected output aligns with the input.\\n-----\\n\\n[Tester]says: As a Tester, based on the test report, it seems like there is a discrepancy between the expected output and the actual output for the is_num_decagonal function. This needs to be investigated further to understand the root cause of the failure.\\n-----\\n\\n[ProductOwner]says: As a Product Owner, I agree that fixing the failed test case for is_num_decagonal should be our priority before proceeding with any new development.\\n-----\\n\\n[Developer]says: As a developer, I will review the code for the is_num_decagonal function and check for any potential errors before running the test again.\\n-----\\n\\n[Architect]says: As an architect, I believe we should review the code and test cases to identify any potential issues in the implementation and make necessary adjustments to ensure the expected output aligns with the input.\\n-----\\n\\n[Tester]says: As a Tester, based on the test report, it seems like there is a discrepancy between the expected output and the actual output for the is_num_decagonal function. This needs to be investigated further to understand the root cause of the failure.\\n-----\\n\", \"Question\": \"Follow the Instruction section. The Discussion History is in the Context section. You only need to return a list as the Example section.\"}",
    "RepairResponse1": "{\n  \"revised_code\": \"def is_num_decagonal(n):\\n    if not isinstance(n, int) or n <= 0:\\n        raise ValueError(\\\"Invalid input: Please enter a positive integer\\\")\\n    decagonal_num = (3 * n**2 - 2 * n)\\n    return decagonal_num\"\n}",
    "RepairResponse1_prompt": {
        "Role": "You are a professional software engineer. Your duty is to write code in Python that meets the requirements. Ensure that the code you write is efficient, readable, and follows best practices. Remember, do not need to explain the code you wrote.",
        "Instruction": "1. Rewrite a bug fix version of the original code. 2. Response in JSON format.",
        "Example": "{\"revised_code\":\"...\"}",
        "Context": "# Test Report:\nTest Report:\n\nTest Case: is_num_decagonal\n\nOutput:\n# test script's output:\nF\n======================================================================\nFAIL: test (__main__.Test)\n----------------------------------------------------------------------\nTraceback (most recent call last):\n  File \"/Users/watch/PycharmProjects/XXXX-1-LLM/workspace/2024-03-11_18-34-32-782322/test_script.py\", line 15, in test\n    self.assertEqual(is_num_decagonal(3), 27)\nAssertionError: 24 != 27\n\n----------------------------------------------------------------------\nRan 1 test in 0.000s\n\nFAILED (failures=1)\n\nConclusion: Code Test Failed\n\nInput and Expected Output Example:\nInput: 3\nExpected Output: 27\n\nCode:\ndef is_num_decagonal(n):\n    try:\n        if not isinstance(n, int) or n <= 0:\n            raise ValueError(\"Invalid input: Please enter a positive integer\")\n    except ValueError as ve:\n        return str(ve)\n    \n    decagonal_num = (7 * n**2 - 5 * n) // 2\n    \n    return decagonal_num# suggestions:\n{\"product-owner\": [\"We should prioritize fixing the failed test case for is_num_decagonal before moving forward with any new development.\"], \"architect\": [\"We should review the code and test cases to identify any potential issues in the implementation and make necessary adjustments to ensure the expected output aligns with the input.\"], \"developer\": [\"Review the code for the is_num_decagonal function and check for any potential errors before running the test again.\"], \"tester\": [\"There is a discrepancy between the expected output and the actual output for the is_num_decagonal function. This needs to be investigated further to understand the root cause of the failure.\"]}",
        "Question": "The original code has some bugs, according to the test report and suggestions, rewrite the code. Complete the following code:\ndef is_num_decagonal(n): \n'''Write a function to find the nth decagonal number.\nassert is_num_decagonal(3) == 27'''\n"
    },
    "Code2": "def is_num_decagonal(n):\n    if not isinstance(n, int) or n <= 0:\n        raise ValueError(\"Invalid input: Please enter a positive integer\")\n    decagonal_num = (3 * n**2 - 2 * n)\n    return decagonal_num",
    "ScriptResult2": "F\n======================================================================\nFAIL: test (__main__.Test)\n----------------------------------------------------------------------\nTraceback (most recent call last):\n  File \"/Users/watch/PycharmProjects/XXXX-1-LLM/workspace/2024-03-11_18-34-32-782322/test_script.py\", line 10, in test\n    self.assertEqual(is_num_decagonal(3), 27)\nAssertionError: 21 != 27\n\n----------------------------------------------------------------------\nRan 1 test in 0.000s\n\nFAILED (failures=1)\n",
    "TestReport2": "Test Report:\n\nTest Script's Output:\nF\n======================================================================\nFAIL: test (__main__.Test)\n----------------------------------------------------------------------\nTraceback (most recent call last):\n  File \"/Users/watch/PycharmProjects/XXXX-1-LLM/workspace/2024-03-11_18-34-32-782322/test_script.py\", line 10, in test\n    self.assertEqual(is_num_decagonal(3), 27)\nAssertionError: 21 != 27\n\n----------------------------------------------------------------------\nRan 1 test in 0.000s\n\nFAILED (failures=1)\n\nTest Result:\nThe test script output indicates that the code has failed the test. The expected output for the is_num_decagonal(3) test was 27, but the actual output was 21.\n\nConclusion:\nCode Test Failed\n\nInput and Expected Output Example:\nInput: 3\nExpected Output: 27\n\nActual Output: 21\n\nDef is_num_decagonal(n):\n    if not isinstance(n, int) or n <= 0:\n        raise ValueError(\"Invalid input: Please enter a positive integer\")\n    decagonal_num = (3 * n**2 - 2 * n)\n    return decagonal_num",
    "SprintReview2": "[ScrumMaster]says: Here is our test Report: Test Report:\n\nTest Script's Output:\nF\n======================================================================\nFAIL: test (__main__.Test)\n----------------------------------------------------------------------\nTraceback (most recent call last):\n  File \"/Users/watch/PycharmProjects/XXXX-1-LLM/workspace/2024-03-11_18-34-32-782322/test_script.py\", line 10, in test\n    self.assertEqual(is_num_decagonal(3), 27)\nAssertionError: 21 != 27\n\n----------------------------------------------------------------------\nRan 1 test in 0.000s\n\nFAILED (failures=1)\n\nTest Result:\nThe test script output indicates that the code has failed the test. The expected output for the is_num_decagonal(3) test was 27, but the actual output was 21.\n\nConclusion:\nCode Test Failed\n\nInput and Expected Output Example:\nInput: 3\nExpected Output: 27\n\nActual Output: 21\n\nDef is_num_decagonal(n):\n    if not isinstance(n, int) or n <= 0:\n        raise ValueError(\"Invalid input: Please enter a positive integer\")\n    decagonal_num = (3 * n**2 - 2 * n)\n    return decagonal_num, do you have any ideas?\n-----\n\n[Architect]says: As an Architect, I think we need to review the code and test script to identify the issue and improve the test coverage to catch similar issues in the future.\n-----\n\n[ProductOwner]says: As a Product Owner, we should prioritize fixing the code and ensuring that it passes the test in order to deliver a reliable product.\n-----\n\n[Tester]says: As a Tester, it seems like there may be an issue with the code logic for the is_num_decagonal function, and it might need to be reviewed and corrected.\n-----\n\n[Developer]says: As a Developer, I will review the code and test script to identify the issue and propose a solution to fix the failing test. It looks like the decagonal_num calculation may be incorrect, so I will investigate and suggest a revised implementation.\n-----\n\n[Architect]says: As an Architect, I suggest conducting a code review and improving the test coverage to catch similar issues in the future.\n-----\n\n[ProductOwner]says: As a Product Owner, we should prioritize fixing the code and ensuring that it passes the test in order to deliver a reliable product.\n-----\n\n[Tester]says: As a Tester, it seems like there may be an issue with the code logic for the is_num_decagonal function, and it might need to be reviewed and corrected.\n-----\n\n[Developer]says: As a Developer, I will review the code and test script to identify the issue and propose a solution to fix the failing test. It looks like the decagonal_num calculation may be incorrect, so I will investigate and suggest a revised implementation.\n-----\n",
    "SprintReviewMeetings2": "{\n  \"product-owner\": [\n    \"We should prioritize fixing the code and ensuring that it passes the test in order to deliver a reliable product.\"\n  ],\n  \"architect\": [\n    \"We need to review the code and test script to identify the issue and improve the test coverage to catch similar issues in the future.\",\n    \"Conduct a code review and improve the test coverage to catch similar issues in the future.\"\n  ],\n  \"developer\": [\n    \"I will review the code and test script to identify the issue and propose a solution to fix the failing test.\",\n    \"The decagonal_num calculation may be incorrect, so I will investigate and suggest a revised implementation.\"\n  ],\n  \"tester\": [\n    \"There may be an issue with the code logic for the is_num_decagonal function, and it might need to be reviewed and corrected.\"\n  ]\n}",
    "SprintReviewMeetings2_prompt": "{\"Role\": \"You are a professional scrum master. Your goal is to summary the Discussion History into a suggestions list for the scrum team.\", \"Instruction\": \"1. Read and Understand the Discussion History. 2. Summary the suggestions from four roles: product-owner/architect/developer/tester. 3. Response in JSON format.\", \"Example\": \"{\\\"product-owner\\\":[\\\"suggestion1\\\",\\\"suggestion2\\\"],\\\"architect\\\":[\\\"suggestion1\\\",\\\"suggestion2\\\"], \\\"developer\\\":[\\\"suggestion1\\\",\\\"suggestion2\\\"], \\\"tester\\\":[\\\"suggestion1\\\",\\\"suggestion2\\\"]}\", \"Context\": \"[ScrumMaster]says: Here is our test Report: Test Report:\\n\\nTest Script's Output:\\nF\\n======================================================================\\nFAIL: test (__main__.Test)\\n----------------------------------------------------------------------\\nTraceback (most recent call last):\\n  File \\\"/Users/watch/PycharmProjects/XXXX-1-LLM/workspace/2024-03-11_18-34-32-782322/test_script.py\\\", line 10, in test\\n    self.assertEqual(is_num_decagonal(3), 27)\\nAssertionError: 21 != 27\\n\\n----------------------------------------------------------------------\\nRan 1 test in 0.000s\\n\\nFAILED (failures=1)\\n\\nTest Result:\\nThe test script output indicates that the code has failed the test. The expected output for the is_num_decagonal(3) test was 27, but the actual output was 21.\\n\\nConclusion:\\nCode Test Failed\\n\\nInput and Expected Output Example:\\nInput: 3\\nExpected Output: 27\\n\\nActual Output: 21\\n\\nDef is_num_decagonal(n):\\n    if not isinstance(n, int) or n <= 0:\\n        raise ValueError(\\\"Invalid input: Please enter a positive integer\\\")\\n    decagonal_num = (3 * n**2 - 2 * n)\\n    return decagonal_num, do you have any ideas?\\n-----\\n\\n[Architect]says: As an Architect, I think we need to review the code and test script to identify the issue and improve the test coverage to catch similar issues in the future.\\n-----\\n\\n[ProductOwner]says: As a Product Owner, we should prioritize fixing the code and ensuring that it passes the test in order to deliver a reliable product.\\n-----\\n\\n[Tester]says: As a Tester, it seems like there may be an issue with the code logic for the is_num_decagonal function, and it might need to be reviewed and corrected.\\n-----\\n\\n[Developer]says: As a Developer, I will review the code and test script to identify the issue and propose a solution to fix the failing test. It looks like the decagonal_num calculation may be incorrect, so I will investigate and suggest a revised implementation.\\n-----\\n\\n[Architect]says: As an Architect, I suggest conducting a code review and improving the test coverage to catch similar issues in the future.\\n-----\\n\\n[ProductOwner]says: As a Product Owner, we should prioritize fixing the code and ensuring that it passes the test in order to deliver a reliable product.\\n-----\\n\\n[Tester]says: As a Tester, it seems like there may be an issue with the code logic for the is_num_decagonal function, and it might need to be reviewed and corrected.\\n-----\\n\\n[Developer]says: As a Developer, I will review the code and test script to identify the issue and propose a solution to fix the failing test. It looks like the decagonal_num calculation may be incorrect, so I will investigate and suggest a revised implementation.\\n-----\\n\", \"Question\": \"Follow the Instruction section. The Discussion History is in the Context section. You only need to return a list as the Example section.\"}",
    "RepairResponse2": "{\n  \"revised_code\": \"def is_num_decagonal(n):\\n    if not isinstance(n, int) or n <= 0:\\n        raise ValueError(\\\"Invalid input: Please enter a positive integer\\\")\\n    decagonal_num = (5 * n* n - 3 * n)\\n    return decagonal_num\"\n}",
    "RepairResponse2_prompt": {
        "Role": "You are a professional software engineer. Your duty is to write code in Python that meets the requirements. Ensure that the code you write is efficient, readable, and follows best practices. Remember, do not need to explain the code you wrote.",
        "Instruction": "1. Rewrite a bug fix version of the original code. 2. Response in JSON format.",
        "Example": "{\"revised_code\":\"...\"}",
        "Context": "# Test Report:\nTest Report:\n\nTest Script's Output:\nF\n======================================================================\nFAIL: test (__main__.Test)\n----------------------------------------------------------------------\nTraceback (most recent call last):\n  File \"/Users/watch/PycharmProjects/XXXX-1-LLM/workspace/2024-03-11_18-34-32-782322/test_script.py\", line 10, in test\n    self.assertEqual(is_num_decagonal(3), 27)\nAssertionError: 21 != 27\n\n----------------------------------------------------------------------\nRan 1 test in 0.000s\n\nFAILED (failures=1)\n\nTest Result:\nThe test script output indicates that the code has failed the test. The expected output for the is_num_decagonal(3) test was 27, but the actual output was 21.\n\nConclusion:\nCode Test Failed\n\nInput and Expected Output Example:\nInput: 3\nExpected Output: 27\n\nActual Output: 21\n\nDef is_num_decagonal(n):\n    if not isinstance(n, int) or n <= 0:\n        raise ValueError(\"Invalid input: Please enter a positive integer\")\n    decagonal_num = (3 * n**2 - 2 * n)\n    return decagonal_num# suggestions:\n{\"product-owner\": [\"We should prioritize fixing the code and ensuring that it passes the test in order to deliver a reliable product.\"], \"architect\": [\"We need to review the code and test script to identify the issue and improve the test coverage to catch similar issues in the future.\", \"Conduct a code review and improve the test coverage to catch similar issues in the future.\"], \"developer\": [\"I will review the code and test script to identify the issue and propose a solution to fix the failing test.\", \"The decagonal_num calculation may be incorrect, so I will investigate and suggest a revised implementation.\"], \"tester\": [\"There may be an issue with the code logic for the is_num_decagonal function, and it might need to be reviewed and corrected.\"]}",
        "Question": "The original code has some bugs, according to the test report and suggestions, rewrite the code. Complete the following code:\ndef is_num_decagonal(n): \n'''Write a function to find the nth decagonal number.\nassert is_num_decagonal(3) == 27'''\n"
    },
    "Code3": "def is_num_decagonal(n):\n    if not isinstance(n, int) or n <= 0:\n        raise ValueError(\"Invalid input: Please enter a positive integer\")\n    decagonal_num = (5 * n* n - 3 * n)\n    return decagonal_num",
    "ScriptResult3": "F\n======================================================================\nFAIL: test (__main__.Test)\n----------------------------------------------------------------------\nTraceback (most recent call last):\n  File \"/Users/watch/PycharmProjects/XXXX-1-LLM/workspace/2024-03-11_18-34-32-782322/test_script.py\", line 10, in test\n    self.assertEqual(is_num_decagonal(3), 27)\nAssertionError: 36 != 27\n\n----------------------------------------------------------------------\nRan 1 test in 0.000s\n\nFAILED (failures=1)\n",
    "TestReport3": "Test Report:\n\nTest script's output:\nF\n======================================================================\nFAIL: test (__main__.Test)\n----------------------------------------------------------------------\nTraceback (most recent call last):\n  File \"/Users/watch/PycharmProjects/XXXX-1-LLM/workspace/2024-03-11_18-34-32-782322/test_script.py\", line 10, in test\n    self.assertEqual(is_num_decagonal(3), 27)\nAssertionError: 36 != 27\n\n----------------------------------------------------------------------\nRan 1 test in 0.000s\n\nFAILED (failures=1)\n\nCode Test Failed\n\nInput example:\nn = 3\nExpected output: 27\nActual output: 36\n\nConclusion: Code Test Failed"
}