{
    "start_time": "2024-03-11_08-56-52-930370",
    "task": "def circle_circumference(r):\n'''Write a function to find the circumference of a circle.\nassert math.isclose(circle_circumference(10), 62.830000000000005, rel_tol=0.001)'''\n",
    "datetime": {
        "task": "2024-03-11 08:56:52",
        "task-id": "2024-03-11 08:56:52",
        "workflow": "2024-03-11 08:56:52",
        "Discussion": "2024-03-11 08:56:54",
        "DisorderedSprintMeetings": "2024-03-11 08:56:55",
        "DesignDraft0": "2024-03-11 08:56:56",
        "DesignMeetings0": "2024-03-11 08:56:58",
        "Design0": "2024-03-11 08:57:01",
        "CodeDraft0": "2024-03-11 08:57:01",
        "CodeReviewMeetings0": "2024-03-11 08:57:02",
        "Code0CR": "2024-03-11 08:57:03",
        "FinalCode": "2024-03-11 08:57:35",
        "Test Cases Draft": "2024-03-11 08:57:05",
        "Test Cases Meetings": "2024-03-11 08:57:06",
        "Test Cases": "2024-03-11 08:57:08",
        "Code0": "2024-03-11 08:57:09",
        "TestScriptOriginal": "2024-03-11 08:57:11",
        "TestScript": "2024-03-11 08:57:11",
        "ScriptResult0": "2024-03-11 08:57:11",
        "TestReport0": "2024-03-11 08:57:14",
        "SprintReview0": "2024-03-11 08:57:15",
        "SprintReviewMeetings0": "2024-03-11 08:57:17",
        "RepairResponse0": "2024-03-11 08:57:17",
        "Code1": "2024-03-11 08:57:17",
        "ScriptResult1": "2024-03-11 08:57:17",
        "TestReport1": "2024-03-11 08:57:22",
        "SprintReview1": "2024-03-11 08:57:26",
        "SprintReviewMeetings1": "2024-03-11 08:57:28",
        "RepairResponse1": "2024-03-11 08:57:29",
        "Code2": "2024-03-11 08:57:29",
        "ScriptResult2": "2024-03-11 08:57:29",
        "TestReport2": "2024-03-11 08:57:30",
        "SprintReview2": "2024-03-11 08:57:32",
        "SprintReviewMeetings2": "2024-03-11 08:57:34",
        "RepairResponse2": "2024-03-11 08:57:35",
        "Code3": "2024-03-11 08:57:35",
        "ScriptResult3": "2024-03-11 08:57:35",
        "TestReport3": "2024-03-11 08:57:39"
    },
    "task-id": 139,
    "workflow": "agile/agile_version_0.0.5_remove.json",
    "Discussion": "[ScrumMaster]says: We have a job: def circle_circumference(r):\n'''Write a function to find the circumference of a circle.\nassert math.isclose(circle_circumference(10), 62.830000000000005, rel_tol=0.001)'''\n, do you have any ideas?\n-----\n\n[ProductOwner]says: As the Product Owner, I think the first step is to gather requirements and prioritize the features for the product.\n-----\n\n[Tester]says: As a Tester, I would suggest writing test cases for the circle_circumference function to ensure it returns the correct circumference for different radius values.\n-----\n\n[Developer]says: As a Developer, I think we should start by defining the formula for calculating the circumference of a circle and then write the function to implement it.\n-----\n\n[Architect]says: As an architect, I suggest we first analyze the requirements and constraints before designing the function for finding the circumference of a circle.\n-----\n\n[ProductOwner]says: [ProductOwner] To create a product, we should gather requirements and prioritize the features for the product. Let's start by defining what the product needs to accomplish.\n-----\n\n[Tester]says: [Tester] I would suggest writing test cases for the circle_circumference function to ensure it returns the correct circumference for different radius values.\n-----\n\n[Architect]says: As an architect, I suggest we first analyze the requirements and constraints before designing the function for finding the circumference of a circle.\n-----\n\n[Developer]says: [Developer] says: To create a product, we should start by defining the formula for calculating the circumference of a circle and then write the function to implement it.\n-----\n",
    "DisorderedSprintMeetings": "{\n  \"product-owner\":[\"Gather requirements\", \"Prioritize features\"],\n  \"architect\":[\"Analyze requirements\", \"Design function\"],\n  \"developer\":[\"Define formula\", \"Write function\"],\n  \"tester\":[\"Write test cases\", \"Ensure correct circumference\"]\n}",
    "DisorderedSprintMeetings_prompt": "{\"Role\": \"You are a professional scrum master. Your goal is to breakdown the Discussion History into a task list for the scrum team.\", \"Instruction\": \"1. Read and Understand the Discussion History. 2. Define the tasks for four roles: product-owner/architect/developer/tester. 3. Response in JSON format.\", \"Example\": \"{\\\"product-owner\\\":[\\\"task1\\\",\\\"task2\\\"],\\\"architect\\\":[\\\"task1\\\",\\\"task2\\\"], \\\"developer\\\":[\\\"task1\\\",\\\"task2\\\"], \\\"tester\\\":[\\\"task1\\\",\\\"task2\\\"]}\", \"Context\": \"[ScrumMaster]says: We have a job: def circle_circumference(r):\\n'''Write a function to find the circumference of a circle.\\nassert math.isclose(circle_circumference(10), 62.830000000000005, rel_tol=0.001)'''\\n, do you have any ideas?\\n-----\\n\\n[ProductOwner]says: As the Product Owner, I think the first step is to gather requirements and prioritize the features for the product.\\n-----\\n\\n[Tester]says: As a Tester, I would suggest writing test cases for the circle_circumference function to ensure it returns the correct circumference for different radius values.\\n-----\\n\\n[Developer]says: As a Developer, I think we should start by defining the formula for calculating the circumference of a circle and then write the function to implement it.\\n-----\\n\\n[Architect]says: As an architect, I suggest we first analyze the requirements and constraints before designing the function for finding the circumference of a circle.\\n-----\\n\\n[ProductOwner]says: [ProductOwner] To create a product, we should gather requirements and prioritize the features for the product. Let's start by defining what the product needs to accomplish.\\n-----\\n\\n[Tester]says: [Tester] I would suggest writing test cases for the circle_circumference function to ensure it returns the correct circumference for different radius values.\\n-----\\n\\n[Architect]says: As an architect, I suggest we first analyze the requirements and constraints before designing the function for finding the circumference of a circle.\\n-----\\n\\n[Developer]says: [Developer] says: To create a product, we should start by defining the formula for calculating the circumference of a circle and then write the function to implement it.\\n-----\\n\", \"Question\": \"Follow the Instruction section. The Discussion History is in the Context section. You only need to return a task list as the Example section.\"}",
    "DesignDraft0": "Design:\n- Create a function called circle_circumference that takes a single parameter r representing the radius of the circle.\n- Inside the function, calculate the circumference of the circle using the formula 2 * \u03c0 * r.\n- Return the calculated circumference value.\n- Use the math.isclose function to compare the result with the expected value and provide a relative tolerance of 0.001.\n\nThis design provides a high-level overview of the function and its purpose, guiding the developer on what the function should accomplish without delving into specific implementation details.",
    "DesignMeetings0": "{\n  \"Developer\": \"The design is clear and concise. It provides a clear description of the function's purpose and the expected behavior. However, it would be helpful to include additional details about the input parameter, such as the expected data type (e.g., float) and any potential constraints. This will help ensure that the function is implemented correctly.\",\n  \"Tester\": \"The design is well-structured and provides clear guidance on the expected behavior of the function. It would be beneficial to include specific test cases in the design to cover different scenarios, such as positive and negative radius values, zero radius, and large radius values. Additionally, specifying the expected output for each test case would help in verifying the correctness of the function implementation.\"\n}",
    "Design0": "Based on the suggestions provided, the new design for the circle_circumference function would be as follows:\n\nDesign:\n- Create a function called circle_circumference that takes a single parameter r representing the radius of the circle. The expected data type for the input parameter is a floating-point number.\n- Inside the function, calculate the circumference of the circle using the formula 2 * \u03c0 * r.\n- Return the calculated circumference value.\n- Include specific test cases in the design to cover different scenarios, such as positive and negative radius values, zero radius, and large radius values. Specify the expected output for each test case to help in verifying the correctness of the function implementation.\n- Use the math.isclose function to compare the result with the expected value and provide a relative tolerance of 0.001 to ensure the accuracy of the calculated circumference.\n\nThis design provides a clear and detailed description of the function, including the expected input data type, specific test cases, and the method for verifying the correctness of the function implementation.",
    "CodeDraft0": "def circle_circumference(r):\n    import math\n    return 2 * math.pi * r",
    "CodeDraft0_prompt": {
        "Role": "You are a professional engineer. Your duty is to write code in Python that meets the requirements. Ensure that the code you write is efficient, readable, and follows best practices. Remember, do not need to explain the code you wrote.",
        "Instruction": "According to the Context section, write your code.",
        "Example": "",
        "Context": "# Tasks:\n['Define formula', 'Write function']\n# Design:\nBased on the suggestions provided, the new design for the circle_circumference function would be as follows:\n\nDesign:\n- Create a function called circle_circumference that takes a single parameter r representing the radius of the circle. The expected data type for the input parameter is a floating-point number.\n- Inside the function, calculate the circumference of the circle using the formula 2 * \u03c0 * r.\n- Return the calculated circumference value.\n- Include specific test cases in the design to cover different scenarios, such as positive and negative radius values, zero radius, and large radius values. Specify the expected output for each test case to help in verifying the correctness of the function implementation.\n- Use the math.isclose function to compare the result with the expected value and provide a relative tolerance of 0.001 to ensure the accuracy of the calculated circumference.\n\nThis design provides a clear and detailed description of the function, including the expected input data type, specific test cases, and the method for verifying the correctness of the function implementation.",
        "Question": "Follow the Instruction section. Complete the following code:\ndef circle_circumference(r):\n'''Write a function to find the circumference of a circle.\nassert math.isclose(circle_circumference(10), 62.830000000000005, rel_tol=0.001)'''\n"
    },
    "CodeReviewMeetings0": "{\n  \"Architect\": \"Move the import statement for math outside of the function to improve performance and readability.\",\n  \"Tester\": \"Create unit tests to cover different scenarios, such as positive and negative radius values, zero radius, and large radius values.\"\n}",
    "Code0CR": "def circle_circumference(r):\n    import math\n    circumference = 2 * math.pi * r\n    return circumference",
    "Code0CR_prompt": "{\"Role\": \"You are a professional software engineer. Your duty is to write code in Python that meets the requirements. Ensure that the code you write is efficient, readable, and follows best practices. Remember, do not need to explain the code you wrote.\", \"Instruction\": \"1. Understand the suggestions(in the Context section) about the original code. 2. Rewrite your code.\", \"Example\": \"\", \"Context\": \"# Tasks:\\n['Define formula', 'Write function']\\n# Design:\\nBased on the suggestions provided, the new design for the circle_circumference function would be as follows:\\n\\nDesign:\\n- Create a function called circle_circumference that takes a single parameter r representing the radius of the circle. The expected data type for the input parameter is a floating-point number.\\n- Inside the function, calculate the circumference of the circle using the formula 2 * \\u03c0 * r.\\n- Return the calculated circumference value.\\n- Include specific test cases in the design to cover different scenarios, such as positive and negative radius values, zero radius, and large radius values. Specify the expected output for each test case to help in verifying the correctness of the function implementation.\\n- Use the math.isclose function to compare the result with the expected value and provide a relative tolerance of 0.001 to ensure the accuracy of the calculated circumference.\\n\\nThis design provides a clear and detailed description of the function, including the expected input data type, specific test cases, and the method for verifying the correctness of the function implementation.# Suggestions:\\n{\\n  \\\"Architect\\\": \\\"Move the import statement for math outside of the function to improve performance and readability.\\\",\\n  \\\"Tester\\\": \\\"Create unit tests to cover different scenarios, such as positive and negative radius values, zero radius, and large radius values.\\\"\\n}\", \"Question\": \"Follow the Instruction section. Complete the following code:\\ndef circle_circumference(r):\\n'''Write a function to find the circumference of a circle.\\nassert math.isclose(circle_circumference(10), 62.830000000000005, rel_tol=0.001)'''\\n\"}",
    "FinalCode": "import math\n\ndef circle_circumference(r):\n    return 2 * math.pi * r",
    "Test Cases Draft": "{\n  \"test_cases\": [\n    {\n      \"Test Title\": \"Positive radius value\",\n      \"Input Data\": \"r=10\",\n      \"Expected Output\": \"62.83\"\n    },\n    {\n      \"Test Title\": \"Negative radius value\",\n      \"Input Data\": \"r=-5\",\n      \"Expected Output\": \"Invalid input\"\n    },\n    {\n      \"Test Title\": \"Zero radius value\",\n      \"Input Data\": \"r=0\",\n      \"Expected Output\": \"0\"\n    },\n    {\n      \"Test Title\": \"Large radius value\",\n      \"Input Data\": \"r=1000000\",\n      \"Expected Output\": \"6283185.31\"\n    }\n  ]\n}",
    "Test Cases Draft_prompt": "{\"Role\": \"You are a quality assurance engineer. Your duty is to design test cases for the developers.\", \"Instruction\": \"According to the Context section, write test cases. Don't write long strings in your test cases. Response in JSON format.\", \"Example\": \"{\\\"requirement analysis\\\":\\\"analysis\\\",\\\"test_cases\\\":[{\\\"Test Title\\\":\\\"title\\\", \\\"Input Data\\\":\\\"parameter1=[1,2,3],parameter2='123'\\\", \\\"Expected Output\\\":\\\"456\\\"},]}\", \"Context\": \"# Tasks:\\n['Write test cases', 'Ensure correct circumference']\\n# Design:\\nBased on the suggestions provided, the new design for the circle_circumference function would be as follows:\\n\\nDesign:\\n- Create a function called circle_circumference that takes a single parameter r representing the radius of the circle. The expected data type for the input parameter is a floating-point number.\\n- Inside the function, calculate the circumference of the circle using the formula 2 * \\u03c0 * r.\\n- Return the calculated circumference value.\\n- Include specific test cases in the design to cover different scenarios, such as positive and negative radius values, zero radius, and large radius values. Specify the expected output for each test case to help in verifying the correctness of the function implementation.\\n- Use the math.isclose function to compare the result with the expected value and provide a relative tolerance of 0.001 to ensure the accuracy of the calculated circumference.\\n\\nThis design provides a clear and detailed description of the function, including the expected input data type, specific test cases, and the method for verifying the correctness of the function implementation.\", \"Question\": \"def circle_circumference(r):\\n'''Write a function to find the circumference of a circle.\\nassert math.isclose(circle_circumference(10), 62.830000000000005, rel_tol=0.001)'''\\n\"}",
    "Test Cases Meetings": "{\n  \"Architect\": \"As an Architect, I would suggest adding more edge cases such as decimal values for radius, non-numeric input, and maximum and minimum values for radius to ensure comprehensive test coverage.\"\n  ,\n  \"Developer\": \"As a Developer, I would suggest adding more descriptive test titles to make it easier to understand the purpose of each test case. Additionally, I would recommend adding more information about the test environment and any specific conditions that need to be met for each test case.\"\n}",
    "Test Cases": "{\n  \"test_cases\": [\n    {\n      \"Test Title\": \"Positive radius value - Decimal\",\n      \"Input Data\": \"radius=10.5\",\n      \"Expected Output\": \"65.973\"\n    },\n    {\n      \"Test Title\": \"Non-numeric input\",\n      \"Input Data\": \"radius='abc'\",\n      \"Expected Output\": \"Invalid input\"\n    },\n    {\n      \"Test Title\": \"Minimum radius value\",\n      \"Input Data\": \"radius=1\",\n      \"Expected Output\": \"6.283\"\n    },\n    {\n      \"Test Title\": \"Maximum radius value\",\n      \"Input Data\": \"radius=1000000\",\n      \"Expected Output\": \"6283185.31\"\n    }\n  ]\n}",
    "Test Cases_prompt": "{\"Role\": \"You are a quality assurance engineer. Your duty is to revise the test cases based on the suggestions.\", \"Instruction\": \"1. Your colleague give you some suggestions(in the Context section) about the draft test cases, read these suggestions. 2. Revise your draft version test cases, but don't use long parameters. 3. Response in JSON format.\", \"Example\": \"{\\\"requirement analysis\\\":\\\"analysis\\\",\\\"test_cases\\\":[{\\\"Test Title\\\":\\\"title\\\", \\\"Input Data\\\":\\\"parameter1=[1,2,3],parameter2='123'\\\", \\\"Expected Output\\\":\\\"456\\\"},]}\", \"Context\": \"# Suggestions:\\n{\\n  \\\"Architect\\\": \\\"As an Architect, I would suggest adding more edge cases such as decimal values for radius, non-numeric input, and maximum and minimum values for radius to ensure comprehensive test coverage.\\\"\\n  ,\\n  \\\"Developer\\\": \\\"As a Developer, I would suggest adding more descriptive test titles to make it easier to understand the purpose of each test case. Additionally, I would recommend adding more information about the test environment and any specific conditions that need to be met for each test case.\\\"\\n}\\n # Draft Test cases:\\n{\\n  \\\"test_cases\\\": [\\n    {\\n      \\\"Test Title\\\": \\\"Positive radius value\\\",\\n      \\\"Input Data\\\": \\\"r=10\\\",\\n      \\\"Expected Output\\\": \\\"62.83\\\"\\n    },\\n    {\\n      \\\"Test Title\\\": \\\"Negative radius value\\\",\\n      \\\"Input Data\\\": \\\"r=-5\\\",\\n      \\\"Expected Output\\\": \\\"Invalid input\\\"\\n    },\\n    {\\n      \\\"Test Title\\\": \\\"Zero radius value\\\",\\n      \\\"Input Data\\\": \\\"r=0\\\",\\n      \\\"Expected Output\\\": \\\"0\\\"\\n    },\\n    {\\n      \\\"Test Title\\\": \\\"Large radius value\\\",\\n      \\\"Input Data\\\": \\\"r=1000000\\\",\\n      \\\"Expected Output\\\": \\\"6283185.31\\\"\\n    }\\n  ]\\n}\", \"Question\": \"Follow the Instruction. Please make sure your response length are less than 512. Your test cases is for the below question:\\ndef circle_circumference(r):\\n'''Write a function to find the circumference of a circle.\\nassert math.isclose(circle_circumference(10), 62.830000000000005, rel_tol=0.001)'''\\n\"}",
    "Code0": "def circle_circumference(r):\n    import math\n    try:\n        radius = float(r)\n        if radius <= 0:\n            return \"Invalid input\"\n        else:\n            circumference = 2 * math.pi * radius\n            return round(circumference, 3)\n    except ValueError:\n        return \"Invalid input\"",
    "Code0_prompt": {
        "Role": "You are a professional software engineer. Your duty is to write code in Python that meets the requirements. Ensure that the code you write is efficient, readable, and follows best practices. Remember, do not need to explain the code you wrote.",
        "Instruction": "1. Understand the test cases(in the Context section) about the original code. 2. Rewrite your code, make sure your code pass all test cases.",
        "Example": "",
        "Context": "# Original Code:\ndef circle_circumference(r):\n    import math\n    circumference = 2 * math.pi * r\n    return circumference\n# Test Cases:\n{\n  \"test_cases\": [\n    {\n      \"Test Title\": \"Positive radius value - Decimal\",\n      \"Input Data\": \"radius=10.5\",\n      \"Expected Output\": \"65.973\"\n    },\n    {\n      \"Test Title\": \"Non-numeric input\",\n      \"Input Data\": \"radius='abc'\",\n      \"Expected Output\": \"Invalid input\"\n    },\n    {\n      \"Test Title\": \"Minimum radius value\",\n      \"Input Data\": \"radius=1\",\n      \"Expected Output\": \"6.283\"\n    },\n    {\n      \"Test Title\": \"Maximum radius value\",\n      \"Input Data\": \"radius=1000000\",\n      \"Expected Output\": \"6283185.31\"\n    }\n  ]\n}",
        "Question": "def circle_circumference(r):\n'''Write a function to find the circumference of a circle.\nassert math.isclose(circle_circumference(10), 62.830000000000005, rel_tol=0.001)'''\n"
    },
    "TestScriptOriginal": "import unittest\nimport math\n\ndef circle_circumference(r):\n    return 2 * math.pi * r\n\nclass Test(unittest.TestCase):\n    def test(self):\n        self.assertAlmostEqual(circle_circumference(10), 62.830000000000005, delta=0.001)\n\nif __name__ == '__main__':\n    unittest.main()",
    "TestScriptOriginal_prompt": "{\"Role\": \"You are a quality assurance engineer. Your duty is to write a python test script in unittest framework.\", \"Instruction\": \"1. Write a python test script. 2. Use the input and output given by the question.\", \"Example\": \"import unittest\\n\\nclass Test(unittest.TestCase):\\n    def test(self):\\n        self.assertEqual(function_under_test('a'), 1)\\n\\nif __name__ == '__main__':\\n    unittest.main()\", \"Context\": \"\", \"Question\": \"def circle_circumference(r):\\n'''Write a function to find the circumference of a circle.\\nassert math.isclose(circle_circumference(10), 62.830000000000005, rel_tol=0.001)'''\\n\"}",
    "TestScript": "import unittest\nimport math\n\nclass Test(unittest.TestCase):\n    def test(self):\n        self.assertAlmostEqual(circle_circumference(10), 62.830000000000005, delta=0.001)\n\nif __name__ == '__main__':\n    unittest.main()",
    "ScriptResult0": "F\n======================================================================\nFAIL: test (__main__.Test)\n----------------------------------------------------------------------\nTraceback (most recent call last):\n  File \"/Users/watch/PycharmProjects/XXXX-1-LLM/workspace/2024-03-11_08-56-52-930370/test_script.py\", line 17, in test\n    self.assertAlmostEqual(circle_circumference(10), 62.830000000000005, delta=0.001)\nAssertionError: 62.832 != 62.830000000000005 within 0.001 delta (0.001999999999995339 difference)\n\n----------------------------------------------------------------------\nRan 1 test in 0.000s\n\nFAILED (failures=1)\n",
    "TestReport0": "Test Report:\n\nTest script's output:\n\nF\n======================================================================\nFAIL: test (__main__.Test)\n----------------------------------------------------------------------\nTraceback (most recent call last):\n  File \"/Users/watch/PycharmProjects/XXXX-1-LLM/workspace/2024-03-11_08-56-52-930370/test_script.py\", line 17, in test\n    self.assertAlmostEqual(circle_circumference(10), 62.830000000000005, delta=0.001)\nAssertionError: 62.832 != 62.830000000000005 within 0.001 delta (0.001999999999995339 difference)\n\n----------------------------------------------------------------------\nRan 1 test in 0.000s\n\nFAILED (failures=1)\n\nCode Test Report:\n\nThe test script failed with the following error:\nAssertionError: 62.832 != 62.830000000000005 within 0.001 delta (0.001999999999995339 difference)\n\nInput:\nRadius: 10\n\nExpected Output:\nCircumference: 62.830\n\nCode Test Failed\n\nIn the given code, the circle_circumference function is expected to calculate the circumference of a circle given its radius. However, the test failed to match the expected value with the actual output. The difference between the expected and actual values is beyond the specified delta of 0.001.\n\nConclusion: Code Test Failed",
    "SprintReview0": "[ScrumMaster]says: Here is our test Report: Test Report:\n\nTest script's output:\n\nF\n======================================================================\nFAIL: test (__main__.Test)\n----------------------------------------------------------------------\nTraceback (most recent call last):\n  File \"/Users/watch/PycharmProjects/XXXX-1-LLM/workspace/2024-03-11_08-56-52-930370/test_script.py\", line 17, in test\n    self.assertAlmostEqual(circle_circumference(10), 62.830000000000005, delta=0.001)\nAssertionError: 62.832 != 62.830000000000005 within 0.001 delta (0.001999999999995339 difference)\n\n----------------------------------------------------------------------\nRan 1 test in 0.000s\n\nFAILED (failures=1)\n\nCode Test Report:\n\nThe test script failed with the following error:\nAssertionError: 62.832 != 62.830000000000005 within 0.001 delta (0.001999999999995339 difference)\n\nInput:\nRadius: 10\n\nExpected Output:\nCircumference: 62.830\n\nCode Test Failed\n\nIn the given code, the circle_circumference function is expected to calculate the circumference of a circle given its radius. However, the test failed to match the expected value with the actual output. The difference between the expected and actual values is beyond the specified delta of 0.001.\n\nConclusion: Code Test Failed, do you have any ideas?\n-----\n\n[Developer]says: As a Developer, I will review the code for circle_circumference function and check for any potential issues with the calculation.\n-----\n\n[Architect]says: As an Architect, it is important to review the code and identify any potential issues with the calculation of the circle circumference, and then propose a solution to address the failed test.\n-----\n\n[ProductOwner]says: As a Product Owner, I think we need to reassess the code test and consider updating the expected output or revising the code to meet the test criteria.\n-----\n\n[Tester]says: As a Tester, it is important to review the test report and suggest debugging the circle_circumference function to ensure it accurately calculates the circumference of a circle.\n-----\n\n[Developer]says: As a Developer, I will review the code for the circle_circumference function and check for any potential issues with the calculation.\n-----\n\n[Architect]says: As an Architect, I will review the code for the circle_circumference function and propose a solution to address the failed test.\n-----\n\n[ProductOwner]says: As a Product Owner, I think we need to reassess the code test and consider updating the expected output or revising the code to meet the test criteria.\n-----\n\n[Tester]says: As a Tester, I will review the test report and suggest debugging the circle_circumference function to ensure it accurately calculates the circumference of a circle.\n-----\n",
    "SprintReviewMeetings0": "{\n  \"product-owner\":[\"reassess the code test\",\"consider updating the expected output or revising the code\"],\n  \"architect\":[\"review the code\",\"identify potential issues\",\"propose a solution\"],\n  \"developer\":[\"review the code\",\"check for potential issues\"],\n  \"tester\":[\"review the test report\",\"suggest debugging\"]\n}",
    "SprintReviewMeetings0_prompt": "{\"Role\": \"You are a professional scrum master. Your goal is to summary the Discussion History into a suggestions list for the scrum team.\", \"Instruction\": \"1. Read and Understand the Discussion History. 2. Summary the suggestions from four roles: product-owner/architect/developer/tester. 3. Response in JSON format.\", \"Example\": \"{\\\"product-owner\\\":[\\\"suggestion1\\\",\\\"suggestion2\\\"],\\\"architect\\\":[\\\"suggestion1\\\",\\\"suggestion2\\\"], \\\"developer\\\":[\\\"suggestion1\\\",\\\"suggestion2\\\"], \\\"tester\\\":[\\\"suggestion1\\\",\\\"suggestion2\\\"]}\", \"Context\": \"[ScrumMaster]says: Here is our test Report: Test Report:\\n\\nTest script's output:\\n\\nF\\n======================================================================\\nFAIL: test (__main__.Test)\\n----------------------------------------------------------------------\\nTraceback (most recent call last):\\n  File \\\"/Users/watch/PycharmProjects/XXXX-1-LLM/workspace/2024-03-11_08-56-52-930370/test_script.py\\\", line 17, in test\\n    self.assertAlmostEqual(circle_circumference(10), 62.830000000000005, delta=0.001)\\nAssertionError: 62.832 != 62.830000000000005 within 0.001 delta (0.001999999999995339 difference)\\n\\n----------------------------------------------------------------------\\nRan 1 test in 0.000s\\n\\nFAILED (failures=1)\\n\\nCode Test Report:\\n\\nThe test script failed with the following error:\\nAssertionError: 62.832 != 62.830000000000005 within 0.001 delta (0.001999999999995339 difference)\\n\\nInput:\\nRadius: 10\\n\\nExpected Output:\\nCircumference: 62.830\\n\\nCode Test Failed\\n\\nIn the given code, the circle_circumference function is expected to calculate the circumference of a circle given its radius. However, the test failed to match the expected value with the actual output. The difference between the expected and actual values is beyond the specified delta of 0.001.\\n\\nConclusion: Code Test Failed, do you have any ideas?\\n-----\\n\\n[Developer]says: As a Developer, I will review the code for circle_circumference function and check for any potential issues with the calculation.\\n-----\\n\\n[Architect]says: As an Architect, it is important to review the code and identify any potential issues with the calculation of the circle circumference, and then propose a solution to address the failed test.\\n-----\\n\\n[ProductOwner]says: As a Product Owner, I think we need to reassess the code test and consider updating the expected output or revising the code to meet the test criteria.\\n-----\\n\\n[Tester]says: As a Tester, it is important to review the test report and suggest debugging the circle_circumference function to ensure it accurately calculates the circumference of a circle.\\n-----\\n\\n[Developer]says: As a Developer, I will review the code for the circle_circumference function and check for any potential issues with the calculation.\\n-----\\n\\n[Architect]says: As an Architect, I will review the code for the circle_circumference function and propose a solution to address the failed test.\\n-----\\n\\n[ProductOwner]says: As a Product Owner, I think we need to reassess the code test and consider updating the expected output or revising the code to meet the test criteria.\\n-----\\n\\n[Tester]says: As a Tester, I will review the test report and suggest debugging the circle_circumference function to ensure it accurately calculates the circumference of a circle.\\n-----\\n\", \"Question\": \"Follow the Instruction section. The Discussion History is in the Context section. You only need to return a list as the Example section.\"}",
    "RepairResponse0": "{\n  \"revised_code\": \"import math\\ndef circle_circumference(r):\\n    return 2 * math.pi * r\"\n}",
    "RepairResponse0_prompt": {
        "Role": "You are a professional software engineer. Your duty is to write code in Python that meets the requirements. Ensure that the code you write is efficient, readable, and follows best practices. Remember, do not need to explain the code you wrote.",
        "Instruction": "1. Rewrite a bug fix version of the original code. 2. Response in JSON format.",
        "Example": "{\"revised_code\":\"...\"}",
        "Context": "# Test Report:\nTest Report:\n\nTest script's output:\n\nF\n======================================================================\nFAIL: test (__main__.Test)\n----------------------------------------------------------------------\nTraceback (most recent call last):\n  File \"/Users/watch/PycharmProjects/XXXX-1-LLM/workspace/2024-03-11_08-56-52-930370/test_script.py\", line 17, in test\n    self.assertAlmostEqual(circle_circumference(10), 62.830000000000005, delta=0.001)\nAssertionError: 62.832 != 62.830000000000005 within 0.001 delta (0.001999999999995339 difference)\n\n----------------------------------------------------------------------\nRan 1 test in 0.000s\n\nFAILED (failures=1)\n\nCode Test Report:\n\nThe test script failed with the following error:\nAssertionError: 62.832 != 62.830000000000005 within 0.001 delta (0.001999999999995339 difference)\n\nInput:\nRadius: 10\n\nExpected Output:\nCircumference: 62.830\n\nCode Test Failed\n\nIn the given code, the circle_circumference function is expected to calculate the circumference of a circle given its radius. However, the test failed to match the expected value with the actual output. The difference between the expected and actual values is beyond the specified delta of 0.001.\n\nConclusion: Code Test Failed# suggestions:\n{\"product-owner\": [\"reassess the code test\", \"consider updating the expected output or revising the code\"], \"architect\": [\"review the code\", \"identify potential issues\", \"propose a solution\"], \"developer\": [\"review the code\", \"check for potential issues\"], \"tester\": [\"review the test report\", \"suggest debugging\"]}",
        "Question": "The original code has some bugs, according to the test report and suggestions, rewrite the code. Complete the following code:\ndef circle_circumference(r):\n'''Write a function to find the circumference of a circle.\nassert math.isclose(circle_circumference(10), 62.830000000000005, rel_tol=0.001)'''\n"
    },
    "Code1": "import math\ndef circle_circumference(r):\n    return 2 * math.pi * r",
    "ScriptResult1": "F\n======================================================================\nFAIL: test (__main__.Test)\n----------------------------------------------------------------------\nTraceback (most recent call last):\n  File \"/Users/watch/PycharmProjects/XXXX-1-LLM/workspace/2024-03-11_08-56-52-930370/test_script.py\", line 9, in test\n    self.assertAlmostEqual(circle_circumference(10), 62.830000000000005, delta=0.001)\nAssertionError: 62.83185307179586 != 62.830000000000005 within 0.001 delta (0.0018530717958569198 difference)\n\n----------------------------------------------------------------------\nRan 1 test in 0.000s\n\nFAILED (failures=1)\n",
    "TestReport1": "Test Report:\n\nTest script's output:\nF\n======================================================================\nFAIL: test (__main__.Test)\n----------------------------------------------------------------------\nTraceback (most recent call last):\n  File \"/Users/watch/PycharmProjects/XXXX-1-LLM/workspace/2024-03-11_08-56-52-930370/test_script.py\", line 9, in test\n    self.assertAlmostEqual(circle_circumference(10), 62.830000000000005, delta=0.001)\nAssertionError: 62.83185307179586 != 62.830000000000005 within 0.001 delta (0.0018530717958569198 difference)\n\n----------------------------------------------------------------------\nRan 1 test in 0.000s\n\nFAILED (failures=1)\n\nConclusion: Code Test Failed\n\nInput and Expected Output Example:\n- Input: r = 10\n- Expected Output: 62.830000000000005\n\nActual Output:\n- Actual Output: 62.83185307179586\n\nThe code has failed to produce the expected output for the input provided. The calculated circumference does not match the expected value within the defined delta.\n\nTherefore, the code has failed the test.\n\nEnd of Test Report.",
    "SprintReview1": "[ScrumMaster]says: Here is our test Report: Test Report:\n\nTest script's output:\nF\n======================================================================\nFAIL: test (__main__.Test)\n----------------------------------------------------------------------\nTraceback (most recent call last):\n  File \"/Users/watch/PycharmProjects/XXXX-1-LLM/workspace/2024-03-11_08-56-52-930370/test_script.py\", line 9, in test\n    self.assertAlmostEqual(circle_circumference(10), 62.830000000000005, delta=0.001)\nAssertionError: 62.83185307179586 != 62.830000000000005 within 0.001 delta (0.0018530717958569198 difference)\n\n----------------------------------------------------------------------\nRan 1 test in 0.000s\n\nFAILED (failures=1)\n\nConclusion: Code Test Failed\n\nInput and Expected Output Example:\n- Input: r = 10\n- Expected Output: 62.830000000000005\n\nActual Output:\n- Actual Output: 62.83185307179586\n\nThe code has failed to produce the expected output for the input provided. The calculated circumference does not match the expected value within the defined delta.\n\nTherefore, the code has failed the test.\n\nEnd of Test Report., do you have any ideas?\n-----\n\n[Tester]says: As a Tester, I recommend reviewing the code to identify and fix the discrepancy in the calculated circumference.\n-----\n\n[Developer]says: As a Developer, I will review the test script and check for any errors in the calculation of the circle circumference.\n-----\n\n[ProductOwner]says: As a Product Owner, I think we should prioritize fixing the failed test for the circle_circumference function to ensure the accuracy of our product.\n-----\n\n[Architect]says: As an Architect, to address the test failure, we should review the code for calculating the circumference and ensure it meets the expected output within the defined delta. We may need to optimize the algorithm or review the precision of the calculations.\n-----\n\n[Developer]says: As a Developer, I will review the test script and check for any errors in the calculation of the circle circumference.\n-----\n\n[Tester]says: As a Tester, I recommend reviewing the code to identify and fix the discrepancy in the calculated circumference.\n-----\n\n[ProductOwner]says: As a Product Owner, I think we should prioritize fixing the failed test for the circle_circumference function to ensure the accuracy of our product.\n-----\n\n[Architect]says: \"As an Architect, we should review the code for calculating the circumference and ensure it meets the expected output within the defined delta. We may need to optimize the algorithm or review the precision of the calculations.\"\n-----\n",
    "SprintReviewMeetings1": "{\n  \"product-owner\": [\n    \"I think we should prioritize fixing the failed test for the circle_circumference function to ensure the accuracy of our product.\"\n  ],\n  \"architect\": [\n    \"To address the test failure, we should review the code for calculating the circumference and ensure it meets the expected output within the defined delta. We may need to optimize the algorithm or review the precision of the calculations.\"\n  ],\n  \"developer\": [\n    \"I will review the test script and check for any errors in the calculation of the circle circumference.\"\n  ],\n  \"tester\": [\n    \"I recommend reviewing the code to identify and fix the discrepancy in the calculated circumference.\"\n  ]\n}",
    "SprintReviewMeetings1_prompt": "{\"Role\": \"You are a professional scrum master. Your goal is to summary the Discussion History into a suggestions list for the scrum team.\", \"Instruction\": \"1. Read and Understand the Discussion History. 2. Summary the suggestions from four roles: product-owner/architect/developer/tester. 3. Response in JSON format.\", \"Example\": \"{\\\"product-owner\\\":[\\\"suggestion1\\\",\\\"suggestion2\\\"],\\\"architect\\\":[\\\"suggestion1\\\",\\\"suggestion2\\\"], \\\"developer\\\":[\\\"suggestion1\\\",\\\"suggestion2\\\"], \\\"tester\\\":[\\\"suggestion1\\\",\\\"suggestion2\\\"]}\", \"Context\": \"[ScrumMaster]says: Here is our test Report: Test Report:\\n\\nTest script's output:\\nF\\n======================================================================\\nFAIL: test (__main__.Test)\\n----------------------------------------------------------------------\\nTraceback (most recent call last):\\n  File \\\"/Users/watch/PycharmProjects/XXXX-1-LLM/workspace/2024-03-11_08-56-52-930370/test_script.py\\\", line 9, in test\\n    self.assertAlmostEqual(circle_circumference(10), 62.830000000000005, delta=0.001)\\nAssertionError: 62.83185307179586 != 62.830000000000005 within 0.001 delta (0.0018530717958569198 difference)\\n\\n----------------------------------------------------------------------\\nRan 1 test in 0.000s\\n\\nFAILED (failures=1)\\n\\nConclusion: Code Test Failed\\n\\nInput and Expected Output Example:\\n- Input: r = 10\\n- Expected Output: 62.830000000000005\\n\\nActual Output:\\n- Actual Output: 62.83185307179586\\n\\nThe code has failed to produce the expected output for the input provided. The calculated circumference does not match the expected value within the defined delta.\\n\\nTherefore, the code has failed the test.\\n\\nEnd of Test Report., do you have any ideas?\\n-----\\n\\n[Tester]says: As a Tester, I recommend reviewing the code to identify and fix the discrepancy in the calculated circumference.\\n-----\\n\\n[Developer]says: As a Developer, I will review the test script and check for any errors in the calculation of the circle circumference.\\n-----\\n\\n[ProductOwner]says: As a Product Owner, I think we should prioritize fixing the failed test for the circle_circumference function to ensure the accuracy of our product.\\n-----\\n\\n[Architect]says: As an Architect, to address the test failure, we should review the code for calculating the circumference and ensure it meets the expected output within the defined delta. We may need to optimize the algorithm or review the precision of the calculations.\\n-----\\n\\n[Developer]says: As a Developer, I will review the test script and check for any errors in the calculation of the circle circumference.\\n-----\\n\\n[Tester]says: As a Tester, I recommend reviewing the code to identify and fix the discrepancy in the calculated circumference.\\n-----\\n\\n[ProductOwner]says: As a Product Owner, I think we should prioritize fixing the failed test for the circle_circumference function to ensure the accuracy of our product.\\n-----\\n\\n[Architect]says: \\\"As an Architect, we should review the code for calculating the circumference and ensure it meets the expected output within the defined delta. We may need to optimize the algorithm or review the precision of the calculations.\\\"\\n-----\\n\", \"Question\": \"Follow the Instruction section. The Discussion History is in the Context section. You only need to return a list as the Example section.\"}",
    "RepairResponse1": "{\n  \"revised_code\": \"import math\\n\\ndef circle_circumference(r):\\n    return 2 * math.pi * r\\n\"\n}",
    "RepairResponse1_prompt": {
        "Role": "You are a professional software engineer. Your duty is to write code in Python that meets the requirements. Ensure that the code you write is efficient, readable, and follows best practices. Remember, do not need to explain the code you wrote.",
        "Instruction": "1. Rewrite a bug fix version of the original code. 2. Response in JSON format.",
        "Example": "{\"revised_code\":\"...\"}",
        "Context": "# Test Report:\nTest Report:\n\nTest script's output:\nF\n======================================================================\nFAIL: test (__main__.Test)\n----------------------------------------------------------------------\nTraceback (most recent call last):\n  File \"/Users/watch/PycharmProjects/XXXX-1-LLM/workspace/2024-03-11_08-56-52-930370/test_script.py\", line 9, in test\n    self.assertAlmostEqual(circle_circumference(10), 62.830000000000005, delta=0.001)\nAssertionError: 62.83185307179586 != 62.830000000000005 within 0.001 delta (0.0018530717958569198 difference)\n\n----------------------------------------------------------------------\nRan 1 test in 0.000s\n\nFAILED (failures=1)\n\nConclusion: Code Test Failed\n\nInput and Expected Output Example:\n- Input: r = 10\n- Expected Output: 62.830000000000005\n\nActual Output:\n- Actual Output: 62.83185307179586\n\nThe code has failed to produce the expected output for the input provided. The calculated circumference does not match the expected value within the defined delta.\n\nTherefore, the code has failed the test.\n\nEnd of Test Report.# suggestions:\n{\"product-owner\": [\"I think we should prioritize fixing the failed test for the circle_circumference function to ensure the accuracy of our product.\"], \"architect\": [\"To address the test failure, we should review the code for calculating the circumference and ensure it meets the expected output within the defined delta. We may need to optimize the algorithm or review the precision of the calculations.\"], \"developer\": [\"I will review the test script and check for any errors in the calculation of the circle circumference.\"], \"tester\": [\"I recommend reviewing the code to identify and fix the discrepancy in the calculated circumference.\"]}",
        "Question": "The original code has some bugs, according to the test report and suggestions, rewrite the code. Complete the following code:\ndef circle_circumference(r):\n'''Write a function to find the circumference of a circle.\nassert math.isclose(circle_circumference(10), 62.830000000000005, rel_tol=0.001)'''\n"
    },
    "Code2": "import math\n\ndef circle_circumference(r):\n    return 2 * math.pi * r\n",
    "ScriptResult2": "F\n======================================================================\nFAIL: test (__main__.Test)\n----------------------------------------------------------------------\nTraceback (most recent call last):\n  File \"/Users/watch/PycharmProjects/XXXX-1-LLM/workspace/2024-03-11_08-56-52-930370/test_script.py\", line 11, in test\n    self.assertAlmostEqual(circle_circumference(10), 62.830000000000005, delta=0.001)\nAssertionError: 62.83185307179586 != 62.830000000000005 within 0.001 delta (0.0018530717958569198 difference)\n\n----------------------------------------------------------------------\nRan 1 test in 0.000s\n\nFAILED (failures=1)\n",
    "TestReport2": "Test Report:\n\n- The test script's output indicates that the test has failed.\n- The test failed when comparing the calculated circumference of a circle with a radius of 10 with the expected value.\n- The expected circumference was 62.830000000000005, but the actual calculated value was 62.83185307179586, which is not within the accepted delta of 0.001.\n\nConclusion: Code Test Failed\n\nInput and Expected Output Example:\n- Radius: 10\n- Expected Circumference: 62.830000000000005",
    "SprintReview2": "[ScrumMaster]says: Here is our test Report: Test Report:\n\n- The test script's output indicates that the test has failed.\n- The test failed when comparing the calculated circumference of a circle with a radius of 10 with the expected value.\n- The expected circumference was 62.830000000000005, but the actual calculated value was 62.83185307179586, which is not within the accepted delta of 0.001.\n\nConclusion: Code Test Failed\n\nInput and Expected Output Example:\n- Radius: 10\n- Expected Circumference: 62.830000000000005, do you have any ideas?\n-----\n\n[ProductOwner]says: As a Product Owner, I think we need to prioritize fixing this issue with the test script before moving forward with any other development plans.\n-----\n\n[Architect]says: As an Architect, we should review the code for calculating the circumference and consider implementing stricter rounding or precision calculations to address this issue.\n-----\n\n[Tester]says: As a Tester, I suggest reviewing the code for the circle circumference calculation to identify the source of the discrepancy.\n-----\n\n[Developer]says: As a Developer, I will review the code to identify the source of the discrepancy and make the necessary adjustments to ensure the test passes.\n-----\n\n[Tester]says: [Tester] I suggest reviewing the code for the circle circumference calculation to identify the source of the discrepancy.\n-----\n\n[Architect]says: As an Architect, we should review the code for calculating the circumference and consider implementing stricter rounding or precision calculations to address this issue.\n-----\n\n[ProductOwner]says: [ProductOwner] To create a successful product, we should prioritize fixing the issue with the test script before moving forward with any other development plans.\n-----\n\n[Developer]says: As a Developer, I will review the code to identify the source of the discrepancy and make the necessary adjustments to ensure the test passes.\n-----\n",
    "SprintReviewMeetings2": "{\n  \"product-owner\":[\"As a Product Owner, I think we need to prioritize fixing this issue with the test script before moving forward with any other development plans.\", \"To create a successful product, we should prioritize fixing the issue with the test script before moving forward with any other development plans.\"],\n  \"architect\":[\"As an Architect, we should review the code for calculating the circumference and consider implementing stricter rounding or precision calculations to address this issue.\"],\n  \"developer\":[\"As a Developer, I will review the code to identify the source of the discrepancy and make the necessary adjustments to ensure the test passes.\"],\n  \"tester\":[\"As a Tester, I suggest reviewing the code for the circle circumference calculation to identify the source of the discrepancy.\"]\n}",
    "SprintReviewMeetings2_prompt": "{\"Role\": \"You are a professional scrum master. Your goal is to summary the Discussion History into a suggestions list for the scrum team.\", \"Instruction\": \"1. Read and Understand the Discussion History. 2. Summary the suggestions from four roles: product-owner/architect/developer/tester. 3. Response in JSON format.\", \"Example\": \"{\\\"product-owner\\\":[\\\"suggestion1\\\",\\\"suggestion2\\\"],\\\"architect\\\":[\\\"suggestion1\\\",\\\"suggestion2\\\"], \\\"developer\\\":[\\\"suggestion1\\\",\\\"suggestion2\\\"], \\\"tester\\\":[\\\"suggestion1\\\",\\\"suggestion2\\\"]}\", \"Context\": \"[ScrumMaster]says: Here is our test Report: Test Report:\\n\\n- The test script's output indicates that the test has failed.\\n- The test failed when comparing the calculated circumference of a circle with a radius of 10 with the expected value.\\n- The expected circumference was 62.830000000000005, but the actual calculated value was 62.83185307179586, which is not within the accepted delta of 0.001.\\n\\nConclusion: Code Test Failed\\n\\nInput and Expected Output Example:\\n- Radius: 10\\n- Expected Circumference: 62.830000000000005, do you have any ideas?\\n-----\\n\\n[ProductOwner]says: As a Product Owner, I think we need to prioritize fixing this issue with the test script before moving forward with any other development plans.\\n-----\\n\\n[Architect]says: As an Architect, we should review the code for calculating the circumference and consider implementing stricter rounding or precision calculations to address this issue.\\n-----\\n\\n[Tester]says: As a Tester, I suggest reviewing the code for the circle circumference calculation to identify the source of the discrepancy.\\n-----\\n\\n[Developer]says: As a Developer, I will review the code to identify the source of the discrepancy and make the necessary adjustments to ensure the test passes.\\n-----\\n\\n[Tester]says: [Tester] I suggest reviewing the code for the circle circumference calculation to identify the source of the discrepancy.\\n-----\\n\\n[Architect]says: As an Architect, we should review the code for calculating the circumference and consider implementing stricter rounding or precision calculations to address this issue.\\n-----\\n\\n[ProductOwner]says: [ProductOwner] To create a successful product, we should prioritize fixing the issue with the test script before moving forward with any other development plans.\\n-----\\n\\n[Developer]says: As a Developer, I will review the code to identify the source of the discrepancy and make the necessary adjustments to ensure the test passes.\\n-----\\n\", \"Question\": \"Follow the Instruction section. The Discussion History is in the Context section. You only need to return a list as the Example section.\"}",
    "RepairResponse2": "{\n  \"revised_code\": \"import math\\n\\ndef circle_circumference(r):\\n    return 2 * math.pi * r\"\n}",
    "RepairResponse2_prompt": {
        "Role": "You are a professional software engineer. Your duty is to write code in Python that meets the requirements. Ensure that the code you write is efficient, readable, and follows best practices. Remember, do not need to explain the code you wrote.",
        "Instruction": "1. Rewrite a bug fix version of the original code. 2. Response in JSON format.",
        "Example": "{\"revised_code\":\"...\"}",
        "Context": "# Test Report:\nTest Report:\n\n- The test script's output indicates that the test has failed.\n- The test failed when comparing the calculated circumference of a circle with a radius of 10 with the expected value.\n- The expected circumference was 62.830000000000005, but the actual calculated value was 62.83185307179586, which is not within the accepted delta of 0.001.\n\nConclusion: Code Test Failed\n\nInput and Expected Output Example:\n- Radius: 10\n- Expected Circumference: 62.830000000000005# suggestions:\n{\"product-owner\": [\"As a Product Owner, I think we need to prioritize fixing this issue with the test script before moving forward with any other development plans.\", \"To create a successful product, we should prioritize fixing the issue with the test script before moving forward with any other development plans.\"], \"architect\": [\"As an Architect, we should review the code for calculating the circumference and consider implementing stricter rounding or precision calculations to address this issue.\"], \"developer\": [\"As a Developer, I will review the code to identify the source of the discrepancy and make the necessary adjustments to ensure the test passes.\"], \"tester\": [\"As a Tester, I suggest reviewing the code for the circle circumference calculation to identify the source of the discrepancy.\"]}",
        "Question": "The original code has some bugs, according to the test report and suggestions, rewrite the code. Complete the following code:\ndef circle_circumference(r):\n'''Write a function to find the circumference of a circle.\nassert math.isclose(circle_circumference(10), 62.830000000000005, rel_tol=0.001)'''\n"
    },
    "Code3": "import math\n\ndef circle_circumference(r):\n    return 2 * math.pi * r",
    "ScriptResult3": "F\n======================================================================\nFAIL: test (__main__.Test)\n----------------------------------------------------------------------\nTraceback (most recent call last):\n  File \"/Users/watch/PycharmProjects/XXXX-1-LLM/workspace/2024-03-11_08-56-52-930370/test_script.py\", line 10, in test\n    self.assertAlmostEqual(circle_circumference(10), 62.830000000000005, delta=0.001)\nAssertionError: 62.83185307179586 != 62.830000000000005 within 0.001 delta (0.0018530717958569198 difference)\n\n----------------------------------------------------------------------\nRan 1 test in 0.000s\n\nFAILED (failures=1)\n",
    "TestReport3": "Test Report:\n\nTest Script's Output:\nF\n======================================================================\nFAIL: test (__main__.Test)\n----------------------------------------------------------------------\nTraceback (most recent call last):\n  File \"/Users/watch/PycharmProjects/XXXX-1-LLM/workspace/2024-03-11_08-56-52-930370/test_script.py\", line 10, in test\n    self.assertAlmostEqual(circle_circumference(10), 62.830000000000005, delta=0.001)\nAssertionError: 62.83185307179586 != 62.830000000000005 within 0.001 delta (0.0018530717958569198 difference)\n\n----------------------------------------------------------------------\nRan 1 test in 0.000s\n\nFAILED (failures=1)\n\nConclusion: Code Test Failed\n\nInput and Expected Output Example:\nimport math\n\ndef circle_circumference(r):\n    return 2 * math.pi * r\n\nThe test script failed because the actual circumference value (62.83185307179586) does not match the expected value (62.830000000000005) within the given delta of 0.001.\n\nPlease review the circle_circumference function to ensure it returns the correct circumference value for the given radius.\n\nEnd of Report."
}