{
    "start_time": "2023-12-18_12-38-17-750775",
    "task": "\ndef add_elements(arr, k):\n    \"\"\"\n    Given a non-empty array of integers arr and an integer k, return\n    the sum of the elements with at most two digits from the first k elements of arr.\n\n    Example:\n\n        Input: arr = [111,21,3,4000,5,6,7,8,9], k = 4\n        Output: 24 # sum of 21 + 3\n\n    Constraints:\n        1. 1 <= len(arr) <= 100\n        2. 1 <= k <= len(arr)\n    \"\"\"\n",
    "datetime": {
        "task": "2023-12-18 12:38:17",
        "task-id": "2023-12-18 12:38:17",
        "workflow": "2023-12-18 12:38:17",
        "AnalyzeDraft": "2023-12-18 12:38:20",
        "AnalyzeMeetings": "2023-12-18 12:38:23",
        "Analyze": "2023-12-18 12:38:29",
        "DesignDraft": "2023-12-18 12:38:31",
        "DesignMeetings": "2023-12-18 12:38:34",
        "Design": "2023-12-18 12:38:38",
        "Test Cases Draft": "2023-12-18 12:38:42",
        "Test Cases Meetings": "2023-12-18 12:38:44",
        "Test Cases": "2023-12-18 12:38:50",
        "Code0draft": "2023-12-18 12:38:51",
        "Code Review Meetings": "2023-12-18 12:38:53",
        "Code0": "2023-12-18 12:38:57",
        "TestScriptOriginal": "2023-12-18 12:39:01",
        "TestScript": "2023-12-18 12:39:01",
        "ScriptResult0": "2023-12-18 12:39:01",
        "TestReport0": "2023-12-18 12:39:07",
        "RepairResponse1": "2023-12-18 12:39:13",
        "Code1": "2023-12-18 12:39:13",
        "ScriptResult1": "2023-12-18 12:39:13",
        "TestReport1": "2023-12-18 12:39:17",
        "RepairResponse2": "2023-12-18 12:39:19",
        "Code2": "2023-12-18 12:39:19",
        "ScriptResult2": "2023-12-18 12:39:19",
        "TestReport2": "2023-12-18 12:39:23",
        "FinalCode": "2023-12-18 12:39:23"
    },
    "task-id": "HumanEval/122",
    "workflow": "testdriven/testdriven_version_0.0.4.json",
    "AnalyzeDraft": "{\n  \"Requirement\": \"The system should have a function add_elements that takes in two parameters: arr (an array of integers) and k (an integer). It should return the sum of the elements with at most two digits from the first k elements of arr.\",\n  \"Example\": {\n    \"Input\": {\n      \"arr\": [111,21,3,4000,5,6,7,8,9],\n      \"k\": 4\n    },\n    \"Output\": 24\n  },\n  \"Constraints\": {\n    \"1\": \"1 <= len(arr) <= 100\",\n    \"2\": \"1 <= k <= len(arr)\"\n  }\n}",
    "AnalyzeMeetings": "{\n  \"Architect\": \"The add_elements function should first filter the array to keep only the elements with at most two digits, then sum the first k elements of the filtered array. This will ensure that the function is only considering elements with at most two digits as specified in the requirement.\",\n  \"Tester\": \"When testing the add_elements function, make sure to include test cases with various scenarios such as empty array, k being 0, k being equal to the length of the array, and negative numbers in the array to ensure the function handles all cases correctly.\"\n}",
    "Analyze": "{\n  \"Requirement\": \"The system should have a function add_elements that takes in two parameters: arr (an array of integers) and k (an integer). It should return the sum of the elements with at most two digits from the first k elements of arr.\",\n  \"Example\": {\n    \"Input\": {\n      \"arr\": [111,21,3,4000,5,6,7,8,9],\n      \"k\": 4\n    },\n    \"Output\": 24\n  },\n  \"Constraints\": {\n    \"1\": \"1 <= len(arr) <= 100\",\n    \"2\": \"1 <= k <= len(arr)\"\n  },\n  \"Revised Suggestion\": {\n    \"Architect\": \"The add_elements function should first filter the array to keep only the elements with at most two digits, then sum the first k elements of the filtered array. This will ensure that the function is only considering elements with at most two digits as specified in the requirement.\",\n    \"Tester\": \"When testing the add_elements function, make sure to include test cases with various scenarios such as empty array, k being 0, k being equal to the length of the array, and negative numbers in the array to ensure the function handles all cases correctly.\"\n  }\n}",
    "DesignDraft": "High-level Design:\n1. Create a function add_elements(arr, k) that takes in two parameters: arr (an array of integers) and k (an integer).\n2. Filter the array to keep only the elements with at most two digits.\n3. Take the first k elements of the filtered array.\n4. Return the sum of the elements from step 3.\n\nThis design ensures that the add_elements function only considers elements with at most two digits as specified in the requirement.",
    "DesignMeetings": "{\n  \"Developer\": \"As a developer, I would suggest adding input validation to check if the input 'arr' is an array of integers and 'k' is a valid integer. This will ensure that the function handles unexpected inputs gracefully.\",\n  \"Tester\": \"As a tester, I would suggest creating test cases to cover various scenarios such as empty array input, negative k value, and large array input to ensure the function handles these cases correctly.\"\n}",
    "Design": "Based on the suggestions provided, I have updated the design as follows:\n\nHigh-level Design:\n1. Create a function add_elements(arr, k) that takes in two parameters: arr (an array of integers) and k (an integer).\n2. Add input validation to check if the input 'arr' is an array of integers and 'k' is a valid integer.\n3. Filter the array to keep only the elements with at most two digits.\n4. Create test cases to cover various scenarios such as empty array input, negative k value, and large array input to ensure the function handles these cases correctly.\n5. Take the first k elements of the filtered array.\n6. Return the sum of the elements from step 5.\n\nThis updated design includes input validation and test cases as suggested, ensuring that the add_elements function handles unexpected inputs gracefully and covers various scenarios for accurate functionality testing.",
    "Test Cases Draft": "{\n  \"test_cases\": [\n    {\n      \"Test Title\": \"Empty array\",\n      \"Input Data\": \"arr=[], k=2\",\n      \"Expected Output\": \"0\"\n    },\n    {\n      \"Test Title\": \"k is 0\",\n      \"Input Data\": \"arr=[11, 22, 33, 44], k=0\",\n      \"Expected Output\": \"0\"\n    },\n    {\n      \"Test Title\": \"k is equal to the length of the array\",\n      \"Input Data\": \"arr=[11, 22, 33, 44], k=4\",\n      \"Expected Output\": \"110\"\n    },\n    {\n      \"Test Title\": \"Negative numbers in the array\",\n      \"Input Data\": \"arr=[-11, 22, -33, 44], k=3\",\n      \"Expected Output\": \"-22\"\n    }\n  ]\n}",
    "Test Cases Draft_prompt": "{\"Role\": \"You are a quality assurance engineer. Your duty is to design test cases for the developers.\", \"Instruction\": \"According to the Context section, write test cases. Don't write long strings in your test cases. Response in JSON format.\", \"Example\": \"{\\\"requirement analysis\\\":\\\"analysis\\\",\\\"test_cases\\\":[{\\\"Test Title\\\":\\\"title\\\", \\\"Input Data\\\":\\\"parameter1=[1,2,3],parameter2='123'\\\", \\\"Expected Output\\\":\\\"456\\\"},]}\", \"Context\": \"# Requirement Analysis:\\n{\\n  \\\"Requirement\\\": \\\"The system should have a function add_elements that takes in two parameters: arr (an array of integers) and k (an integer). It should return the sum of the elements with at most two digits from the first k elements of arr.\\\",\\n  \\\"Example\\\": {\\n    \\\"Input\\\": {\\n      \\\"arr\\\": [111,21,3,4000,5,6,7,8,9],\\n      \\\"k\\\": 4\\n    },\\n    \\\"Output\\\": 24\\n  },\\n  \\\"Constraints\\\": {\\n    \\\"1\\\": \\\"1 <= len(arr) <= 100\\\",\\n    \\\"2\\\": \\\"1 <= k <= len(arr)\\\"\\n  },\\n  \\\"Revised Suggestion\\\": {\\n    \\\"Architect\\\": \\\"The add_elements function should first filter the array to keep only the elements with at most two digits, then sum the first k elements of the filtered array. This will ensure that the function is only considering elements with at most two digits as specified in the requirement.\\\",\\n    \\\"Tester\\\": \\\"When testing the add_elements function, make sure to include test cases with various scenarios such as empty array, k being 0, k being equal to the length of the array, and negative numbers in the array to ensure the function handles all cases correctly.\\\"\\n  }\\n}\", \"Question\": \"\\ndef add_elements(arr, k):\\n    \\\"\\\"\\\"\\n    Given a non-empty array of integers arr and an integer k, return\\n    the sum of the elements with at most two digits from the first k elements of arr.\\n\\n    Example:\\n\\n        Input: arr = [111,21,3,4000,5,6,7,8,9], k = 4\\n        Output: 24 # sum of 21 + 3\\n\\n    Constraints:\\n        1. 1 <= len(arr) <= 100\\n        2. 1 <= k <= len(arr)\\n    \\\"\\\"\\\"\\n\"}",
    "Test Cases Meetings": "{\n  \"Architect\": \"As an Architect, I suggest revising the test cases to include boundary values and edge cases. For example, testing with large input arrays or negative values of k. This will ensure comprehensive test coverage.\",\n  \"Developer\": \"As a Developer, I suggest revising the test cases to include more descriptive test titles and input data. This will make it easier to understand the purpose of each test case and identify any potential issues with the input data.\"\n}",
    "Test Cases Meetings_prompt": "{\"Role\": \"I want you to act as a different roles and then give some suggestions about how to revise the test cases.\", \"Instruction\": \"1. Read the Context section. 2. Act as an Architect, give your suggestions. 3. Act as a Developer, give your suggestions. 4. Response in JSON format.\", \"Example\": \"{\\\"Architect\\\":\\\"Suggestion\\\",\\\"Developer\\\":\\\"Suggestion\\\"}\", \"Context\": \"{\\n  \\\"test_cases\\\": [\\n    {\\n      \\\"Test Title\\\": \\\"Empty array\\\",\\n      \\\"Input Data\\\": \\\"arr=[], k=2\\\",\\n      \\\"Expected Output\\\": \\\"0\\\"\\n    },\\n    {\\n      \\\"Test Title\\\": \\\"k is 0\\\",\\n      \\\"Input Data\\\": \\\"arr=[11, 22, 33, 44], k=0\\\",\\n      \\\"Expected Output\\\": \\\"0\\\"\\n    },\\n    {\\n      \\\"Test Title\\\": \\\"k is equal to the length of the array\\\",\\n      \\\"Input Data\\\": \\\"arr=[11, 22, 33, 44], k=4\\\",\\n      \\\"Expected Output\\\": \\\"110\\\"\\n    },\\n    {\\n      \\\"Test Title\\\": \\\"Negative numbers in the array\\\",\\n      \\\"Input Data\\\": \\\"arr=[-11, 22, -33, 44], k=3\\\",\\n      \\\"Expected Output\\\": \\\"-22\\\"\\n    }\\n  ]\\n}\", \"Question\": \"Follow the Instruction. The Context section include the test cases.\"}",
    "Test Cases": "{\n  \"test_cases\": [\n    {\n      \"Test Title\": \"Empty array\",\n      \"Input Data\": \"arr=[], k=2\",\n      \"Expected Output\": \"0\"\n    },\n    {\n      \"Test Title\": \"k is 0\",\n      \"Input Data\": \"arr=[11, 22, 33, 44], k=0\",\n      \"Expected Output\": \"0\"\n    },\n    {\n      \"Test Title\": \"k is equal to the length of the array\",\n      \"Input Data\": \"arr=[11, 22, 33, 44], k=4\",\n      \"Expected Output\": \"110\"\n    },\n    {\n      \"Test Title\": \"Negative numbers in the array\",\n      \"Input Data\": \"arr=[-11, 22, -33, 44], k=3\",\n      \"Expected Output\": \"-22\"\n    }\n  ]\n}",
    "Test Cases_prompt": "{\"Role\": \"You are a quality assurance engineer. Your duty is to revise the test cases based on the suggestions.\", \"Instruction\": \"1. Your colleague give you some suggestions(in the Context section) about the draft test cases, read these suggestions. 2. Revise your draft version test cases, but don't use long parameters. 3. Response in JSON format.\", \"Example\": \"{\\\"requirement analysis\\\":\\\"analysis\\\",\\\"test_cases\\\":[{\\\"Test Title\\\":\\\"title\\\", \\\"Input Data\\\":\\\"parameter1=[1,2,3],parameter2='123'\\\", \\\"Expected Output\\\":\\\"456\\\"},]}\", \"Context\": \"# Suggestions:\\n{\\n  \\\"Architect\\\": \\\"As an Architect, I suggest revising the test cases to include boundary values and edge cases. For example, testing with large input arrays or negative values of k. This will ensure comprehensive test coverage.\\\",\\n  \\\"Developer\\\": \\\"As a Developer, I suggest revising the test cases to include more descriptive test titles and input data. This will make it easier to understand the purpose of each test case and identify any potential issues with the input data.\\\"\\n}\\n # Draft Test cases:\\n{\\n  \\\"test_cases\\\": [\\n    {\\n      \\\"Test Title\\\": \\\"Empty array\\\",\\n      \\\"Input Data\\\": \\\"arr=[], k=2\\\",\\n      \\\"Expected Output\\\": \\\"0\\\"\\n    },\\n    {\\n      \\\"Test Title\\\": \\\"k is 0\\\",\\n      \\\"Input Data\\\": \\\"arr=[11, 22, 33, 44], k=0\\\",\\n      \\\"Expected Output\\\": \\\"0\\\"\\n    },\\n    {\\n      \\\"Test Title\\\": \\\"k is equal to the length of the array\\\",\\n      \\\"Input Data\\\": \\\"arr=[11, 22, 33, 44], k=4\\\",\\n      \\\"Expected Output\\\": \\\"110\\\"\\n    },\\n    {\\n      \\\"Test Title\\\": \\\"Negative numbers in the array\\\",\\n      \\\"Input Data\\\": \\\"arr=[-11, 22, -33, 44], k=3\\\",\\n      \\\"Expected Output\\\": \\\"-22\\\"\\n    }\\n  ]\\n}\", \"Question\": \"Follow the Instruction. Please make sure your response length are less than 512. Your test cases is for the below question:\\n\\ndef add_elements(arr, k):\\n    \\\"\\\"\\\"\\n    Given a non-empty array of integers arr and an integer k, return\\n    the sum of the elements with at most two digits from the first k elements of arr.\\n\\n    Example:\\n\\n        Input: arr = [111,21,3,4000,5,6,7,8,9], k = 4\\n        Output: 24 # sum of 21 + 3\\n\\n    Constraints:\\n        1. 1 <= len(arr) <= 100\\n        2. 1 <= k <= len(arr)\\n    \\\"\\\"\\\"\\n\"}",
    "Code0draft": "def add_elements(arr, k):\n    filtered_arr = [x for x in arr if len(str(x)) <= 2]\n    return sum(filtered_arr[:k])",
    "Code0draft_prompt": "{\"Role\": \"You are a professional engineer. Your duty is to write code in Python that meets the requirements. Ensure that the code you write is efficient, readable, and follows best practices. Remember, do not need to explain the code you wrote.\", \"Instruction\": \"According to the Context section, write your code.\", \"Example\": \"\", \"Context\": \"# Test Cases:\\n{\\n  \\\"test_cases\\\": [\\n    {\\n      \\\"Test Title\\\": \\\"Empty array\\\",\\n      \\\"Input Data\\\": \\\"arr=[], k=2\\\",\\n      \\\"Expected Output\\\": \\\"0\\\"\\n    },\\n    {\\n      \\\"Test Title\\\": \\\"k is 0\\\",\\n      \\\"Input Data\\\": \\\"arr=[11, 22, 33, 44], k=0\\\",\\n      \\\"Expected Output\\\": \\\"0\\\"\\n    },\\n    {\\n      \\\"Test Title\\\": \\\"k is equal to the length of the array\\\",\\n      \\\"Input Data\\\": \\\"arr=[11, 22, 33, 44], k=4\\\",\\n      \\\"Expected Output\\\": \\\"110\\\"\\n    },\\n    {\\n      \\\"Test Title\\\": \\\"Negative numbers in the array\\\",\\n      \\\"Input Data\\\": \\\"arr=[-11, 22, -33, 44], k=3\\\",\\n      \\\"Expected Output\\\": \\\"-22\\\"\\n    }\\n  ]\\n}\\n# Design:\\nBased on the suggestions provided, I have updated the design as follows:\\n\\nHigh-level Design:\\n1. Create a function add_elements(arr, k) that takes in two parameters: arr (an array of integers) and k (an integer).\\n2. Add input validation to check if the input 'arr' is an array of integers and 'k' is a valid integer.\\n3. Filter the array to keep only the elements with at most two digits.\\n4. Create test cases to cover various scenarios such as empty array input, negative k value, and large array input to ensure the function handles these cases correctly.\\n5. Take the first k elements of the filtered array.\\n6. Return the sum of the elements from step 5.\\n\\nThis updated design includes input validation and test cases as suggested, ensuring that the add_elements function handles unexpected inputs gracefully and covers various scenarios for accurate functionality testing.\", \"Question\": \"Follow the Instruction section. Complete the following code:\\n\\ndef add_elements(arr, k):\\n    \\\"\\\"\\\"\\n    Given a non-empty array of integers arr and an integer k, return\\n    the sum of the elements with at most two digits from the first k elements of arr.\\n\\n    Example:\\n\\n        Input: arr = [111,21,3,4000,5,6,7,8,9], k = 4\\n        Output: 24 # sum of 21 + 3\\n\\n    Constraints:\\n        1. 1 <= len(arr) <= 100\\n        2. 1 <= k <= len(arr)\\n    \\\"\\\"\\\"\\n\"}",
    "Code Review Meetings": "{\n  \"Architect\": \"I suggest adding comments to explain the purpose of the code and the variables used. Also, consider using more descriptive variable names for better readability and maintainability.\",\n  \"Tester\": \"I recommend writing test cases to cover different scenarios, such as empty input array, negative k value, and large input array. Also, consider adding error handling for unexpected input.\"\n}",
    "Code0": "def add_elements(arr, k):\n    \"\"\"\n    Given a non-empty array of integers arr and an integer k, return\n    the sum of the elements with at most two digits from the first k elements of arr.\n\n    Example:\n\n        Input: arr = [111,21,3,4000,5,6,7,8,9], k = 4\n        Output: 24 # sum of 21 + 3\n\n    Constraints:\n        1. 1 <= len(arr) <= 100\n        2. 1 <= k <= len(arr)\n    \"\"\"\n    # Filter elements with at most two digits\n    filtered_arr = [x for x in arr if len(str(x)) <= 2]\n\n    # Return the sum of the first k filtered elements\n    return sum(filtered_arr[:k])",
    "Code0_prompt": "{\"Role\": \"You are a professional software engineer. Your duty is to write code in Python that meets the requirements. Ensure that the code you write is efficient, readable, and follows best practices. Remember, do not need to explain the code you wrote.\", \"Instruction\": \"1. Understand the suggestions(in the Context section) about the original code. 2. Rewrite your code.\", \"Example\": \"\", \"Context\": \"# Suggestions:\\n{\\n  \\\"Architect\\\": \\\"I suggest adding comments to explain the purpose of the code and the variables used. Also, consider using more descriptive variable names for better readability and maintainability.\\\",\\n  \\\"Tester\\\": \\\"I recommend writing test cases to cover different scenarios, such as empty input array, negative k value, and large input array. Also, consider adding error handling for unexpected input.\\\"\\n}\\n# Original code:\\ndef add_elements(arr, k):\\n    filtered_arr = [x for x in arr if len(str(x)) <= 2]\\n    return sum(filtered_arr[:k])\", \"Question\": \"Follow the Instruction section. Complete the following code:\\n\\ndef add_elements(arr, k):\\n    \\\"\\\"\\\"\\n    Given a non-empty array of integers arr and an integer k, return\\n    the sum of the elements with at most two digits from the first k elements of arr.\\n\\n    Example:\\n\\n        Input: arr = [111,21,3,4000,5,6,7,8,9], k = 4\\n        Output: 24 # sum of 21 + 3\\n\\n    Constraints:\\n        1. 1 <= len(arr) <= 100\\n        2. 1 <= k <= len(arr)\\n    \\\"\\\"\\\"\\n\"}",
    "TestScriptOriginal": "import unittest\n\ndef function_under_test(arr, k):\n    sum = 0\n    count = 0\n    for num in arr[:k]:\n        if 10 <= num <= 99:\n            sum += num\n            count += 1\n    return sum\n\nclass Test(unittest.TestCase):\n    def test(self):\n        self.assertEqual(function_under_test([111,21,3,4000,5,6,7,8,9], 4), 24)\n\nif __name__ == '__main__':\n    unittest.main()",
    "TestScriptOriginal_prompt": "{\"Role\": \"You are a quality assurance engineer. Your duty is to write a python test script in unittest framework.\", \"Instruction\": \"1. Write a python test script. 2. Use the input and output given by the question.\", \"Example\": \"import unittest\\n\\nclass Test(unittest.TestCase):\\n    def test(self):\\n        self.assertEqual(function_under_test('a'), 1)\\n\\nif __name__ == '__main__':\\n    unittest.main()\", \"Context\": \"\", \"Question\": \"\\ndef add_elements(arr, k):\\n    \\\"\\\"\\\"\\n    Given a non-empty array of integers arr and an integer k, return\\n    the sum of the elements with at most two digits from the first k elements of arr.\\n\\n    Example:\\n\\n        Input: arr = [111,21,3,4000,5,6,7,8,9], k = 4\\n        Output: 24 # sum of 21 + 3\\n\\n    Constraints:\\n        1. 1 <= len(arr) <= 100\\n        2. 1 <= k <= len(arr)\\n    \\\"\\\"\\\"\\n\"}",
    "TestScript": "import unittest\n\nclass Test(unittest.TestCase):\n    def test(self):\n        self.assertEqual(function_under_test([111,21,3,4000,5,6,7,8,9], 4), 24)\n\nif __name__ == '__main__':\n    unittest.main()",
    "TestScript_prompt": "{\"Role\": \"You are a quality assurance engineer. Your duty is to write a python test script in unittest framework.\", \"Instruction\": \"1. Write a python test script. 2. Use the input and output given by the question.\", \"Example\": \"import unittest\\n\\nclass Test(unittest.TestCase):\\n    def test(self):\\n        self.assertEqual(function_under_test('a'), 1)\\n\\nif __name__ == '__main__':\\n    unittest.main()\", \"Context\": \"\", \"Question\": \"\\ndef add_elements(arr, k):\\n    \\\"\\\"\\\"\\n    Given a non-empty array of integers arr and an integer k, return\\n    the sum of the elements with at most two digits from the first k elements of arr.\\n\\n    Example:\\n\\n        Input: arr = [111,21,3,4000,5,6,7,8,9], k = 4\\n        Output: 24 # sum of 21 + 3\\n\\n    Constraints:\\n        1. 1 <= len(arr) <= 100\\n        2. 1 <= k <= len(arr)\\n    \\\"\\\"\\\"\\n\"}",
    "ScriptResult0": "E\n======================================================================\nERROR: test (__main__.Test)\n----------------------------------------------------------------------\nTraceback (most recent call last):\n  File \"/Users/watch/PycharmProjects/XXXX-1-LLM/workspace/2023-12-18_12-38-17-750775/test_script.py\", line 24, in test\n    self.assertEqual(function_under_test([111,21,3,4000,5,6,7,8,9], 4), 24)\nNameError: name 'function_under_test' is not defined\n\n----------------------------------------------------------------------\nRan 1 test in 0.000s\n\nFAILED (errors=1)\n",
    "TestReport0": "Test Report:\n\nTest Script Output:\nE\n======================================================================\nERROR: test (__main__.Test)\n----------------------------------------------------------------------\nTraceback (most recent call last):\n  File \"/Users/watch/PycharmProjects/XXXX-1-LLM/workspace/2023-12-18_12-38-17-750775/test_script.py\", line 24, in test\n    self.assertEqual(function_under_test([111,21,3,4000,5,6,7,8,9], 4), 24)\nNameError: name 'function_under_test' is not defined\n\n----------------------------------------------------------------------\nRan 1 test in 0.000s\n\nFAILED (errors=1)\n\nTest Report Analysis:\nThe test script has failed with an error. The code is returning a NameError because the function_under_test is not defined.\n\nConclusion: Code Test Failed\nInput and Expected Output Example:\nInput: [111,21,3,4000,5,6,7,8,9], 4\nExpected Output: 24\n\nPlease fix the NameError issue in the code and rerun the test.",
    "RepairResponse1": "{\n  \"revised_code\": \"def add_elements(arr, k):\\n    filtered_arr = [x for x in arr if x < 100 and x > -100]\\n    return sum(filtered_arr[:k])\"\n}",
    "RepairResponse1_prompt": "{\"Role\": \"You are a professional software engineer. Your duty is to write code in Python that meets the requirements. Ensure that the code you write is efficient, readable, and follows best practices. Remember, do not need to explain the code you wrote.\", \"Instruction\": \"1. Rewrite a bug fix version of the original code. 2. Response in JSON format.\", \"Example\": \"{\\\"revised_code\\\":\\\"...\\\"}\", \"Context\": \"# the original code:\\ndef add_elements(arr, k):\\n    \\\"\\\"\\\"\\n    Given a non-empty array of integers arr and an integer k, return\\n    the sum of the elements with at most two digits from the first k elements of arr.\\n\\n    Example:\\n\\n        Input: arr = [111,21,3,4000,5,6,7,8,9], k = 4\\n        Output: 24 # sum of 21 + 3\\n\\n    Constraints:\\n        1. 1 <= len(arr) <= 100\\n        2. 1 <= k <= len(arr)\\n    \\\"\\\"\\\"\\n    # Filter elements with at most two digits\\n    filtered_arr = [x for x in arr if len(str(x)) <= 2]\\n\\n    # Return the sum of the first k filtered elements\\n    return sum(filtered_arr[:k])\\n# test report:\\nTest Report:\\n\\nTest Script Output:\\nE\\n======================================================================\\nERROR: test (__main__.Test)\\n----------------------------------------------------------------------\\nTraceback (most recent call last):\\n  File \\\"/Users/watch/PycharmProjects/XXXX-1-LLM/workspace/2023-12-18_12-38-17-750775/test_script.py\\\", line 24, in test\\n    self.assertEqual(function_under_test([111,21,3,4000,5,6,7,8,9], 4), 24)\\nNameError: name 'function_under_test' is not defined\\n\\n----------------------------------------------------------------------\\nRan 1 test in 0.000s\\n\\nFAILED (errors=1)\\n\\nTest Report Analysis:\\nThe test script has failed with an error. The code is returning a NameError because the function_under_test is not defined.\\n\\nConclusion: Code Test Failed\\nInput and Expected Output Example:\\nInput: [111,21,3,4000,5,6,7,8,9], 4\\nExpected Output: 24\\n\\nPlease fix the NameError issue in the code and rerun the test.\", \"Question\": \"The original code has some bugs, according to the test report and suggestions, rewrite the code. Complete the following code:\\n\\ndef add_elements(arr, k):\\n    \\\"\\\"\\\"\\n    Given a non-empty array of integers arr and an integer k, return\\n    the sum of the elements with at most two digits from the first k elements of arr.\\n\\n    Example:\\n\\n        Input: arr = [111,21,3,4000,5,6,7,8,9], k = 4\\n        Output: 24 # sum of 21 + 3\\n\\n    Constraints:\\n        1. 1 <= len(arr) <= 100\\n        2. 1 <= k <= len(arr)\\n    \\\"\\\"\\\"\\n\"}",
    "Code1": "def add_elements(arr, k):\n    filtered_arr = [x for x in arr if x < 100 and x > -100]\n    return sum(filtered_arr[:k])",
    "ScriptResult1": "E\n======================================================================\nERROR: test (__main__.Test)\n----------------------------------------------------------------------\nTraceback (most recent call last):\n  File \"/Users/watch/PycharmProjects/XXXX-1-LLM/workspace/2023-12-18_12-38-17-750775/test_script.py\", line 8, in test\n    self.assertEqual(function_under_test([111,21,3,4000,5,6,7,8,9], 4), 24)\nNameError: name 'function_under_test' is not defined\n\n----------------------------------------------------------------------\nRan 1 test in 0.000s\n\nFAILED (errors=1)\n",
    "TestReport1": "Test Report\n\nTest Script Output:\nE\n======================================================================\nERROR: test (__main__.Test)\n----------------------------------------------------------------------\nTraceback (most recent call last):\n  File \"/Users/watch/PycharmProjects/XXXX-1-LLM/workspace/2023-12-18_12-38-17-750775/test_script.py\", line 8, in test\n    self.assertEqual(function_under_test([111,21,3,4000,5,6,7,8,9], 4), 24)\nNameError: name 'function_under_test' is not defined\n\n----------------------------------------------------------------------\nRan 1 test in 0.000s\n\nFAILED (errors=1)\n\nTest Report:\nThe test script output shows an error in the code. The code failed to execute due to a NameError: name 'function_under_test' is not defined. Therefore, the code has FAILED the tests.\n\nInput and Expected Output Example:\nInput: [111,21,3,4000,5,6,7,8,9], 4\nExpected Output: 24\n\nConclusion:\nCode Test FAILED",
    "RepairResponse2": "{\n  \"revised_code\": \"def add_elements(arr, k):\\n    filtered_arr = [x for x in arr if -100 < x < 100]\\n    return sum(filtered_arr[:k])\"\n}",
    "RepairResponse2_prompt": "{\"Role\": \"You are a professional software engineer. Your duty is to write code in Python that meets the requirements. Ensure that the code you write is efficient, readable, and follows best practices. Remember, do not need to explain the code you wrote.\", \"Instruction\": \"1. Rewrite a bug fix version of the original code. 2. Response in JSON format.\", \"Example\": \"{\\\"revised_code\\\":\\\"...\\\"}\", \"Context\": \"# the original code:\\ndef add_elements(arr, k):\\n    filtered_arr = [x for x in arr if x < 100 and x > -100]\\n    return sum(filtered_arr[:k])\\n# test report:\\nTest Report\\n\\nTest Script Output:\\nE\\n======================================================================\\nERROR: test (__main__.Test)\\n----------------------------------------------------------------------\\nTraceback (most recent call last):\\n  File \\\"/Users/watch/PycharmProjects/XXXX-1-LLM/workspace/2023-12-18_12-38-17-750775/test_script.py\\\", line 8, in test\\n    self.assertEqual(function_under_test([111,21,3,4000,5,6,7,8,9], 4), 24)\\nNameError: name 'function_under_test' is not defined\\n\\n----------------------------------------------------------------------\\nRan 1 test in 0.000s\\n\\nFAILED (errors=1)\\n\\nTest Report:\\nThe test script output shows an error in the code. The code failed to execute due to a NameError: name 'function_under_test' is not defined. Therefore, the code has FAILED the tests.\\n\\nInput and Expected Output Example:\\nInput: [111,21,3,4000,5,6,7,8,9], 4\\nExpected Output: 24\\n\\nConclusion:\\nCode Test FAILED\", \"Question\": \"The original code has some bugs, according to the test report and suggestions, rewrite the code. Complete the following code:\\n\\ndef add_elements(arr, k):\\n    \\\"\\\"\\\"\\n    Given a non-empty array of integers arr and an integer k, return\\n    the sum of the elements with at most two digits from the first k elements of arr.\\n\\n    Example:\\n\\n        Input: arr = [111,21,3,4000,5,6,7,8,9], k = 4\\n        Output: 24 # sum of 21 + 3\\n\\n    Constraints:\\n        1. 1 <= len(arr) <= 100\\n        2. 1 <= k <= len(arr)\\n    \\\"\\\"\\\"\\n\"}",
    "Code2": "def add_elements(arr, k):\n    filtered_arr = [x for x in arr if -100 < x < 100]\n    return sum(filtered_arr[:k])",
    "ScriptResult2": "E\n======================================================================\nERROR: test (__main__.Test)\n----------------------------------------------------------------------\nTraceback (most recent call last):\n  File \"/Users/watch/PycharmProjects/XXXX-1-LLM/workspace/2023-12-18_12-38-17-750775/test_script.py\", line 8, in test\n    self.assertEqual(function_under_test([111,21,3,4000,5,6,7,8,9], 4), 24)\nNameError: name 'function_under_test' is not defined\n\n----------------------------------------------------------------------\nRan 1 test in 0.000s\n\nFAILED (errors=1)\n",
    "TestReport2": "Test Report:\n\nTest Script Output:\nE\n======================================================================\nERROR: test (__main__.Test)\n----------------------------------------------------------------------\nTraceback (most recent call last):\n  File \"/Users/watch/PycharmProjects/XXXX-1-LLM/workspace/2023-12-18_12-38-17-750775/test_script.py\", line 8, in test\n    self.assertEqual(function_under_test([111,21,3,4000,5,6,7,8,9], 4), 24)\nNameError: name 'function_under_test' is not defined\n\n----------------------------------------------------------------------\nRan 1 test in 0.000s\n\nFAILED (errors=1)\n\nTest Report:\nThe test script has failed with an error. The function 'function_under_test' is not defined, causing the test to fail. \n\nExample of Input and Expected Output:\nInput: [111,21,3,4000,5,6,7,8,9], 4\nExpected Output: 24\n\nConclusion:\nCode Test Failed.",
    "FinalCode": "def add_elements(arr, k):\n    filtered_arr = [x for x in arr if -100 < x < 100]\n    return sum(filtered_arr[:k])"
}