{
    "start_time": "2024-03-11_11-22-54-946455",
    "task": "def count_occurance(s):\n'''Write a function to count the number of occurence of the string 'std' in a given string.\nassert count_occurance(\"letstdlenstdporstd\") == 3'''\n",
    "datetime": {
        "task": "2024-03-11 11:22:54",
        "task-id": "2024-03-11 11:22:54",
        "workflow": "2024-03-11 11:22:54",
        "Discussion": "2024-03-11 11:22:58",
        "DisorderedSprintMeetings": "2024-03-11 11:22:59",
        "UserStoryDraft0": "2024-03-11 11:23:01",
        "AnalyzeMeetings": "2024-03-11 11:23:05",
        "UserStory0": "2024-03-11 11:23:07",
        "CodeDraft0": "2024-03-11 11:23:08",
        "CodeReviewMeetings0": "2024-03-11 11:23:09",
        "Code0CR": "2024-03-11 11:23:10",
        "FinalCode": "2024-03-11 11:23:29",
        "Test Cases Draft": "2024-03-11 11:23:12",
        "Test Cases Meetings": "2024-03-11 11:23:14",
        "Test Cases": "2024-03-11 11:23:17",
        "Code0": "2024-03-11 11:23:18",
        "TestScriptOriginal": "2024-03-11 11:23:20",
        "TestScript": "2024-03-11 11:23:20",
        "ScriptResult0": "2024-03-11 11:23:20",
        "TestReport0": "2024-03-11 11:23:23",
        "SprintReview0": "2024-03-11 11:23:24",
        "SprintReviewMeetings0": "2024-03-11 11:23:26",
        "RepairResponse0": "2024-03-11 11:23:29",
        "Code1": "2024-03-11 11:23:29",
        "ScriptResult1": "2024-03-11 11:23:29",
        "TestReport1": "2024-03-11 11:23:33",
        "SprintReview1": "2024-03-11 11:23:35",
        "SprintReviewMeetings1": "2024-03-11 11:23:37",
        "RepairResponse1": "2024-03-11 11:23:45"
    },
    "task-id": 172,
    "workflow": "agile/agile_version_0.0.5_remove.json",
    "Discussion": "[ScrumMaster]says: We have a job: def count_occurance(s):\n'''Write a function to count the number of occurence of the string 'std' in a given string.\nassert count_occurance(\"letstdlenstdporstd\") == 3'''\n, do you have any ideas?\n-----\n\n[ProductOwner]says: As a Product Owner, I think it's important to define the user requirements for this function before we start implementation.\n-----\n\n[Tester]says: As a Tester, I would suggest writing test cases for the count_occurance function to ensure it accurately counts the occurrences of the string 'std' in a given string.\n-----\n\n[Architect]says: As an architect, I would recommend breaking down the problem and creating a modular solution to count the occurrences of the string 'std' in the given string.\n-----\n\n[ProductOwner]says: As a Product Owner, I think it's important to define the user requirements for this function before we start implementation.\n-----\n\n[Architect]says: As an architect, I would recommend creating a modular solution to count the occurrences of the string 'std' in the given string.\n-----\n\n[Tester]says: As a Tester, I would suggest writing test cases for the count_occurance function to ensure it accurately counts the occurrences of the string 'std' in a given string.\n-----\n\n[Developer]says: As a Developer, I think we should start by defining the input and output of the function and then proceed with writing the logic to count the occurrences of the string 'std' in the given string.\n-----\n\n[Developer]says: As a Developer, I think we should start by defining the input and output of the function and then proceed with writing the logic to count the occurrences of the string 'std' in the given string.\n-----\n",
    "DisorderedSprintMeetings": "{\n  \"product-owner\": [\"Define user requirements for count_occurance function\", \"Review and approve user requirements\"],\n  \"architect\": [\"Create a modular solution for counting occurrences of 'std' in a given string\", \"Review and approve modular solution\"],\n  \"developer\": [\"Define input and output of the function\", \"Write the logic to count occurrences of 'std' in the given string\"],\n  \"tester\": [\"Write test cases for count_occurance function\", \"Execute test cases and validate the function\"]\n}",
    "DisorderedSprintMeetings_prompt": "{\"Role\": \"You are a professional scrum master. Your goal is to breakdown the Discussion History into a task list for the scrum team.\", \"Instruction\": \"1. Read and Understand the Discussion History. 2. Define the tasks for four roles: product-owner/architect/developer/tester. 3. Response in JSON format.\", \"Example\": \"{\\\"product-owner\\\":[\\\"task1\\\",\\\"task2\\\"],\\\"architect\\\":[\\\"task1\\\",\\\"task2\\\"], \\\"developer\\\":[\\\"task1\\\",\\\"task2\\\"], \\\"tester\\\":[\\\"task1\\\",\\\"task2\\\"]}\", \"Context\": \"[ScrumMaster]says: We have a job: def count_occurance(s):\\n'''Write a function to count the number of occurence of the string 'std' in a given string.\\nassert count_occurance(\\\"letstdlenstdporstd\\\") == 3'''\\n, do you have any ideas?\\n-----\\n\\n[ProductOwner]says: As a Product Owner, I think it's important to define the user requirements for this function before we start implementation.\\n-----\\n\\n[Tester]says: As a Tester, I would suggest writing test cases for the count_occurance function to ensure it accurately counts the occurrences of the string 'std' in a given string.\\n-----\\n\\n[Architect]says: As an architect, I would recommend breaking down the problem and creating a modular solution to count the occurrences of the string 'std' in the given string.\\n-----\\n\\n[ProductOwner]says: As a Product Owner, I think it's important to define the user requirements for this function before we start implementation.\\n-----\\n\\n[Architect]says: As an architect, I would recommend creating a modular solution to count the occurrences of the string 'std' in the given string.\\n-----\\n\\n[Tester]says: As a Tester, I would suggest writing test cases for the count_occurance function to ensure it accurately counts the occurrences of the string 'std' in a given string.\\n-----\\n\\n[Developer]says: As a Developer, I think we should start by defining the input and output of the function and then proceed with writing the logic to count the occurrences of the string 'std' in the given string.\\n-----\\n\\n[Developer]says: As a Developer, I think we should start by defining the input and output of the function and then proceed with writing the logic to count the occurrences of the string 'std' in the given string.\\n-----\\n\", \"Question\": \"Follow the Instruction section. The Discussion History is in the Context section. You only need to return a task list as the Example section.\"}",
    "UserStoryDraft0": "{\n  \"UserStory\": {\n    \"As a product owner, I want to define the user requirements for the count_occurance function so that the development team can implement the feature accurately and efficiently.\"\n  \n  :\n    \"Requirements: Write a function to count the number of occurrences of the string 'std' in a given string. The function should return the count of occurrences. The function should pass the assert count_occurance(\\\"letstdlenstdporstd\\\") == 3.\"\n  }\n}",
    "UserStoryDraft0_prompt": "{\"Role\": \"You need to act as a professional product owner. Your task is to write a UserStory\", \"Instruction\": \"According to the Context, please analyze the requirement and write your response. Response in JSON format. Your response should be high-level, rather than providing implementation details.\", \"Example\": \"\", \"Context\": [\"Define user requirements for count_occurance function\", \"Review and approve user requirements\"], \"Question\": \"Follow the Instruction. The requirement is as follows:\\ndef count_occurance(s):\\n'''Write a function to count the number of occurence of the string 'std' in a given string.\\nassert count_occurance(\\\"letstdlenstdporstd\\\") == 3'''\\n\"}",
    "AnalyzeMeetings": "{\n  \"Architect\": \"As an architect, I suggest that the count_occurrence function should be designed as a standalone utility function that can be easily reused in different parts of the application. It should have a clear and descriptive name, such as 'countOccurrences'. Also, it would be beneficial to consider adding input validation to handle edge cases where the input string is empty or null.\"\n  ,\n  \"Tester\": \"As a tester, I recommend writing comprehensive test cases to cover different scenarios such as empty string, null input, and different combinations of 'std' occurrences in the input string. Also, consider adding boundary test cases to ensure the function handles large input strings efficiently without causing any performance issues.\"\n}",
    "UserStory0": "{\n  \"RevisedDocument\": {\n    \"UserStory\": {\n      \"As a product owner, I want to define the user requirements for the count_occurrence function so that the development team can implement the feature accurately and efficiently.\"\n    :\n      \"Requirements: Write a function to count the number of occurrences of the string 'std' in a given string. The function should return the count of occurrences. The function should pass the assert count_occurrence(\\\"letstdlenstdporstd\\\") == 3.\"\n    }\n  }\n}",
    "UserStory0_prompt": {
        "Role": "You need to act as a professional product owner. Your duty is to revise the document based on the suggestions.",
        "Instruction": "1. Read the suggestions. 2. Revise your draft version document. 3. Response in JSON format. 4. REMEMBER: Your analysis should be high-level, rather than providing implementation details.",
        "Example": "",
        "Context": "# Suggestion:\n{\n  \"Architect\": \"As an architect, I suggest that the count_occurrence function should be designed as a standalone utility function that can be easily reused in different parts of the application. It should have a clear and descriptive name, such as 'countOccurrences'. Also, it would be beneficial to consider adding input validation to handle edge cases where the input string is empty or null.\"\n  ,\n  \"Tester\": \"As a tester, I recommend writing comprehensive test cases to cover different scenarios such as empty string, null input, and different combinations of 'std' occurrences in the input string. Also, consider adding boundary test cases to ensure the function handles large input strings efficiently without causing any performance issues.\"\n}",
        "Question": "Follow the Instruction. Your colleague give you some suggestions(in the Context section) about this draft document:{\n  \"UserStory\": {\n    \"As a product owner, I want to define the user requirements for the count_occurance function so that the development team can implement the feature accurately and efficiently.\"\n  \n  :\n    \"Requirements: Write a function to count the number of occurrences of the string 'std' in a given string. The function should return the count of occurrences. The function should pass the assert count_occurance(\\\"letstdlenstdporstd\\\") == 3.\"\n  }\n}"
    },
    "CodeDraft0": "def count_occurance(s):\n    count = 0\n    for i in range(len(s)-2):\n        if s[i:i+3] == \"std\":\n            count += 1\n    return count",
    "CodeDraft0_prompt": {
        "Role": "You are a professional engineer. Your duty is to write code in Python that meets the requirements. Ensure that the code you write is efficient, readable, and follows best practices. Remember, do not need to explain the code you wrote.",
        "Instruction": "According to the Context section, write your code.",
        "Example": "",
        "Context": "# Tasks:\n['Define input and output of the function', \"Write the logic to count occurrences of 'std' in the given string\"]",
        "Question": "Follow the Instruction section. Complete the following code:\ndef count_occurance(s):\n'''Write a function to count the number of occurence of the string 'std' in a given string.\nassert count_occurance(\"letstdlenstdporstd\") == 3'''\n"
    },
    "CodeReviewMeetings0": "{\n  \"Architect\": \"The code can be improved by using a more descriptive function name. Also, it is better to use a more explicit way to iterate through the string instead of using range(len(s)-2).\",\n  \"Tester\": \"The code should be tested with different input strings including edge cases such as empty string, strings with less than 3 characters, and strings with multiple occurrences of 'std'.\"\n}",
    "Code0CR": "def count_occurrences(s):\n    count = 0\n    for i in range(len(s) - 2):\n        if s[i:i+3] == 'std':\n            count += 1\n    return count",
    "Code0CR_prompt": "{\"Role\": \"You are a professional software engineer. Your duty is to write code in Python that meets the requirements. Ensure that the code you write is efficient, readable, and follows best practices. Remember, do not need to explain the code you wrote.\", \"Instruction\": \"1. Understand the suggestions(in the Context section) about the original code. 2. Rewrite your code.\", \"Example\": \"\", \"Context\": \"# Tasks:\\n['Define input and output of the function', \\\"Write the logic to count occurrences of 'std' in the given string\\\"]\\n# Suggestions:\\n{\\n  \\\"Architect\\\": \\\"The code can be improved by using a more descriptive function name. Also, it is better to use a more explicit way to iterate through the string instead of using range(len(s)-2).\\\",\\n  \\\"Tester\\\": \\\"The code should be tested with different input strings including edge cases such as empty string, strings with less than 3 characters, and strings with multiple occurrences of 'std'.\\\"\\n}\", \"Question\": \"Follow the Instruction section. Complete the following code:\\ndef count_occurance(s):\\n'''Write a function to count the number of occurence of the string 'std' in a given string.\\nassert count_occurance(\\\"letstdlenstdporstd\\\") == 3'''\\n\"}",
    "FinalCode": "def count_occurrence(s):\n    count = 0\n    for i in range(len(s) - 2):\n        if s[i:i+3] == 'std':\n            count += 1\n    return count",
    "Test Cases Draft": "{\n  \"test_cases\": [\n    {\n      \"Test Title\": \"Test for count_occurrence function\",\n      \"Input Data\": \"parameter1='letstdlenstdporstd'\",\n      \"Expected Output\": \"3\"\n    },\n    {\n      \"Test Title\": \"Test for count_occurrence function with no occurrences\",\n      \"Input Data\": \"parameter1='abcdefg'\",\n      \"Expected Output\": \"0\"\n    },\n    {\n      \"Test Title\": \"Test for count_occurrence function with multiple occurrences\",\n      \"Input Data\": \"parameter1='stdstdstdstd'\",\n      \"Expected Output\": \"4\"\n    }\n  ]\n}",
    "Test Cases Draft_prompt": "{\"Role\": \"You are a quality assurance engineer. Your duty is to design test cases for the developers.\", \"Instruction\": \"According to the Context section, write test cases. Don't write long strings in your test cases. Response in JSON format.\", \"Example\": \"{\\\"requirement analysis\\\":\\\"analysis\\\",\\\"test_cases\\\":[{\\\"Test Title\\\":\\\"title\\\", \\\"Input Data\\\":\\\"parameter1=[1,2,3],parameter2='123'\\\", \\\"Expected Output\\\":\\\"456\\\"},]}\", \"Context\": \"# UsrtStory:\\n{\\n  \\\"RevisedDocument\\\": {\\n    \\\"UserStory\\\": {\\n      \\\"As a product owner, I want to define the user requirements for the count_occurrence function so that the development team can implement the feature accurately and efficiently.\\\"\\n    :\\n      \\\"Requirements: Write a function to count the number of occurrences of the string 'std' in a given string. The function should return the count of occurrences. The function should pass the assert count_occurrence(\\\\\\\"letstdlenstdporstd\\\\\\\") == 3.\\\"\\n    }\\n  }\\n}\\n# Tasks:\\n['Write test cases for count_occurance function', 'Execute test cases and validate the function']\\n\", \"Question\": \"def count_occurance(s):\\n'''Write a function to count the number of occurence of the string 'std' in a given string.\\nassert count_occurance(\\\"letstdlenstdporstd\\\") == 3'''\\n\"}",
    "Test Cases Meetings": "{\n  \"Architect\": \"As an Architect, I suggest adding edge cases to the test cases such as empty input and special characters to ensure the count_occurrence function is robust and handles all scenarios effectively. Additionally, we should consider parameterizing the test data to cover a wide range of inputs.\",\n  \"Developer\": \"As a Developer, I recommend revising the test cases to include negative test scenarios, such as passing null or undefined values to the function. We should also consider adding assertions for error handling to ensure the function behaves as expected when encountering unexpected inputs.\"\n}",
    "Test Cases": "{\n  \"test_cases\": [\n    {\n      \"Test Title\": \"Test for count_occurrence function with empty input\",\n      \"Input Data\": \"parameter1=''\",\n      \"Expected Output\": \"0\"\n    },\n    {\n      \"Test Title\": \"Test for count_occurrence function with special characters\",\n      \"Input Data\": \"parameter1='!@#$%^&*()'\",\n      \"Expected Output\": \"0\"\n    },\n    {\n      \"Test Title\": \"Test for count_occurrence function with null value\",\n      \"Input Data\": \"parameter1=null\",\n      \"Expected Output\": \"0\"\n    },\n    {\n      \"Test Title\": \"Test for count_occurrence function with undefined value\",\n      \"Input Data\": \"parameter1=undefined\",\n      \"Expected Output\": \"0\"\n    },\n    {\n      \"Test Title\": \"Test for count_occurrence function with negative test scenario\",\n      \"Input Data\": \"parameter1='stdstdstdstd'\",\n      \"Expected Output\": \"4\"\n    }\n  ]\n}",
    "Test Cases_prompt": "{\"Role\": \"You are a quality assurance engineer. Your duty is to revise the test cases based on the suggestions.\", \"Instruction\": \"1. Your colleague give you some suggestions(in the Context section) about the draft test cases, read these suggestions. 2. Revise your draft version test cases, but don't use long parameters. 3. Response in JSON format.\", \"Example\": \"{\\\"requirement analysis\\\":\\\"analysis\\\",\\\"test_cases\\\":[{\\\"Test Title\\\":\\\"title\\\", \\\"Input Data\\\":\\\"parameter1=[1,2,3],parameter2='123'\\\", \\\"Expected Output\\\":\\\"456\\\"},]}\", \"Context\": \"# Suggestions:\\n{\\n  \\\"Architect\\\": \\\"As an Architect, I suggest adding edge cases to the test cases such as empty input and special characters to ensure the count_occurrence function is robust and handles all scenarios effectively. Additionally, we should consider parameterizing the test data to cover a wide range of inputs.\\\",\\n  \\\"Developer\\\": \\\"As a Developer, I recommend revising the test cases to include negative test scenarios, such as passing null or undefined values to the function. We should also consider adding assertions for error handling to ensure the function behaves as expected when encountering unexpected inputs.\\\"\\n}\\n # Draft Test cases:\\n{\\n  \\\"test_cases\\\": [\\n    {\\n      \\\"Test Title\\\": \\\"Test for count_occurrence function\\\",\\n      \\\"Input Data\\\": \\\"parameter1='letstdlenstdporstd'\\\",\\n      \\\"Expected Output\\\": \\\"3\\\"\\n    },\\n    {\\n      \\\"Test Title\\\": \\\"Test for count_occurrence function with no occurrences\\\",\\n      \\\"Input Data\\\": \\\"parameter1='abcdefg'\\\",\\n      \\\"Expected Output\\\": \\\"0\\\"\\n    },\\n    {\\n      \\\"Test Title\\\": \\\"Test for count_occurrence function with multiple occurrences\\\",\\n      \\\"Input Data\\\": \\\"parameter1='stdstdstdstd'\\\",\\n      \\\"Expected Output\\\": \\\"4\\\"\\n    }\\n  ]\\n}\", \"Question\": \"Follow the Instruction. Please make sure your response length are less than 512. Your test cases is for the below question:\\ndef count_occurance(s):\\n'''Write a function to count the number of occurence of the string 'std' in a given string.\\nassert count_occurance(\\\"letstdlenstdporstd\\\") == 3'''\\n\"}",
    "Code0": "def count_occurrences(s):\n    count = 0\n    for i in range(len(s) - 2):\n        if s[i:i+3] == 'std':\n            count += 1\n    return count",
    "Code0_prompt": {
        "Role": "You are a professional software engineer. Your duty is to write code in Python that meets the requirements. Ensure that the code you write is efficient, readable, and follows best practices. Remember, do not need to explain the code you wrote.",
        "Instruction": "1. Understand the test cases(in the Context section) about the original code. 2. Rewrite your code, make sure your code pass all test cases.",
        "Example": "",
        "Context": "# Original Code:\ndef count_occurrences(s):\n    count = 0\n    for i in range(len(s) - 2):\n        if s[i:i+3] == 'std':\n            count += 1\n    return count\n# Test Cases:\n{\n  \"test_cases\": [\n    {\n      \"Test Title\": \"Test for count_occurrence function with empty input\",\n      \"Input Data\": \"parameter1=''\",\n      \"Expected Output\": \"0\"\n    },\n    {\n      \"Test Title\": \"Test for count_occurrence function with special characters\",\n      \"Input Data\": \"parameter1='!@#$%^&*()'\",\n      \"Expected Output\": \"0\"\n    },\n    {\n      \"Test Title\": \"Test for count_occurrence function with null value\",\n      \"Input Data\": \"parameter1=null\",\n      \"Expected Output\": \"0\"\n    },\n    {\n      \"Test Title\": \"Test for count_occurrence function with undefined value\",\n      \"Input Data\": \"parameter1=undefined\",\n      \"Expected Output\": \"0\"\n    },\n    {\n      \"Test Title\": \"Test for count_occurrence function with negative test scenario\",\n      \"Input Data\": \"parameter1='stdstdstdstd'\",\n      \"Expected Output\": \"4\"\n    }\n  ]\n}",
        "Question": "def count_occurance(s):\n'''Write a function to count the number of occurence of the string 'std' in a given string.\nassert count_occurance(\"letstdlenstdporstd\") == 3'''\n"
    },
    "TestScriptOriginal": "import unittest\n\ndef count_occurance(s):\n    '''Write a function to count the number of occurence of the string 'std' in a given string.'''\n    count = s.count('std')\n    return count\n\nclass Test(unittest.TestCase):\n    def test(self):\n        self.assertEqual(count_occurance(\"letstdlenstdporstd\"), 3)\n\nif __name__ == '__main__':\n    unittest.main()",
    "TestScriptOriginal_prompt": "{\"Role\": \"You are a quality assurance engineer. Your duty is to write a python test script in unittest framework.\", \"Instruction\": \"1. Write a python test script. 2. Use the input and output given by the question.\", \"Example\": \"import unittest\\n\\nclass Test(unittest.TestCase):\\n    def test(self):\\n        self.assertEqual(function_under_test('a'), 1)\\n\\nif __name__ == '__main__':\\n    unittest.main()\", \"Context\": \"\", \"Question\": \"def count_occurance(s):\\n'''Write a function to count the number of occurence of the string 'std' in a given string.\\nassert count_occurance(\\\"letstdlenstdporstd\\\") == 3'''\\n\"}",
    "TestScript": "import unittest\n\nclass Test(unittest.TestCase):\n    def test(self):\n        self.assertEqual(count_occurance(\"letstdlenstdporstd\"), 3)\n\nif __name__ == '__main__':\n    unittest.main()",
    "ScriptResult0": "E\n======================================================================\nERROR: test (__main__.Test)\n----------------------------------------------------------------------\nTraceback (most recent call last):\n  File \"/Users/watch/PycharmProjects/XXXX-1-LLM/workspace/2024-03-11_11-22-54-946455/test_script.py\", line 11, in test\n    self.assertEqual(count_occurance(\"letstdlenstdporstd\"), 3)\nNameError: name 'count_occurance' is not defined\n\n----------------------------------------------------------------------\nRan 1 test in 0.000s\n\nFAILED (errors=1)\n",
    "TestReport0": "Test Report:\n\nContext:\nThe test script's output shows an error in the test case for the count_occurrences function. The error is due to a NameError: name 'count_occurrences' is not defined.\n\nAnalysis:\nBased on the output of the test script, it is evident that the test case has failed due to the NameError. The count_occurrences function is not defined in the test script, causing the test to fail.\n\nConclusion:\nCode Test Failed\n\nInput and Expected Output Example:\ndef count_occurrences(s):\n    count = 0\n    for i in range(len(s) - 2):\n        if s[i:i+3] == 'std':\n            count += 1\n    return count\n\nThe code test has failed due to the NameError as the count_occurrences function is not defined.",
    "SprintReview0": "[ScrumMaster]says: Here is our test Report: Test Report:\n\nContext:\nThe test script's output shows an error in the test case for the count_occurrences function. The error is due to a NameError: name 'count_occurrences' is not defined.\n\nAnalysis:\nBased on the output of the test script, it is evident that the test case has failed due to the NameError. The count_occurrences function is not defined in the test script, causing the test to fail.\n\nConclusion:\nCode Test Failed\n\nInput and Expected Output Example:\ndef count_occurrences(s):\n    count = 0\n    for i in range(len(s) - 2):\n        if s[i:i+3] == 'std':\n            count += 1\n    return count\n\nThe code test has failed due to the NameError as the count_occurrences function is not defined., do you have any ideas?\n-----\n\n[Developer]says: As a Developer, I think we need to define the count_occurrences function in the test script to resolve the NameError issue.\n-----\n\n[Tester]says: As a Tester, I think we should review the test script and ensure that the count_occurrences function is properly defined before running the test.\n-----\n\n[ProductOwner]says: As a Product Owner, I think we should prioritize resolving the NameError issue in the count_occurrences function in order to move forward with the development of the product.\n-----\n\n[Architect]says: As an architect, I believe we should define the count_occurrences function in the test script in order to address the NameError and ensure the code test passes.\n-----\n\n[Developer]says: As a Developer, I think we need to define the count_occurrences function in the test script to resolve the NameError issue.\n-----\n\n[Tester]says: As a Tester, I agree that we should review the test script and ensure that the count_occurrences function is properly defined before running the test.\n-----\n\n[ProductOwner]says: As a Product Owner, I think we should prioritize resolving the NameError issue in the count_occurrences function in order to move forward with the development of the product.\n-----\n\n[Architect]says: To create a product, we should define the count_occurrences function in the test script to address the NameError and ensure the code test passes.\n-----\n",
    "SprintReviewMeetings0": "{\n  \"product-owner\":[\"We should prioritize resolving the NameError issue in the count_occurrences function in order to move forward with the development of the product.\"],\n  \"architect\":[\"We should define the count_occurrences function in the test script to address the NameError and ensure the code test passes.\"],\n  \"developer\":[\"We need to define the count_occurrences function in the test script to resolve the NameError issue.\"],\n  \"tester\":[\"We should review the test script and ensure that the count_occurrences function is properly defined before running the test.\"]\n}",
    "SprintReviewMeetings0_prompt": "{\"Role\": \"You are a professional scrum master. Your goal is to summary the Discussion History into a suggestions list for the scrum team.\", \"Instruction\": \"1. Read and Understand the Discussion History. 2. Summary the suggestions from four roles: product-owner/architect/developer/tester. 3. Response in JSON format.\", \"Example\": \"{\\\"product-owner\\\":[\\\"suggestion1\\\",\\\"suggestion2\\\"],\\\"architect\\\":[\\\"suggestion1\\\",\\\"suggestion2\\\"], \\\"developer\\\":[\\\"suggestion1\\\",\\\"suggestion2\\\"], \\\"tester\\\":[\\\"suggestion1\\\",\\\"suggestion2\\\"]}\", \"Context\": \"[ScrumMaster]says: Here is our test Report: Test Report:\\n\\nContext:\\nThe test script's output shows an error in the test case for the count_occurrences function. The error is due to a NameError: name 'count_occurrences' is not defined.\\n\\nAnalysis:\\nBased on the output of the test script, it is evident that the test case has failed due to the NameError. The count_occurrences function is not defined in the test script, causing the test to fail.\\n\\nConclusion:\\nCode Test Failed\\n\\nInput and Expected Output Example:\\ndef count_occurrences(s):\\n    count = 0\\n    for i in range(len(s) - 2):\\n        if s[i:i+3] == 'std':\\n            count += 1\\n    return count\\n\\nThe code test has failed due to the NameError as the count_occurrences function is not defined., do you have any ideas?\\n-----\\n\\n[Developer]says: As a Developer, I think we need to define the count_occurrences function in the test script to resolve the NameError issue.\\n-----\\n\\n[Tester]says: As a Tester, I think we should review the test script and ensure that the count_occurrences function is properly defined before running the test.\\n-----\\n\\n[ProductOwner]says: As a Product Owner, I think we should prioritize resolving the NameError issue in the count_occurrences function in order to move forward with the development of the product.\\n-----\\n\\n[Architect]says: As an architect, I believe we should define the count_occurrences function in the test script in order to address the NameError and ensure the code test passes.\\n-----\\n\\n[Developer]says: As a Developer, I think we need to define the count_occurrences function in the test script to resolve the NameError issue.\\n-----\\n\\n[Tester]says: As a Tester, I agree that we should review the test script and ensure that the count_occurrences function is properly defined before running the test.\\n-----\\n\\n[ProductOwner]says: As a Product Owner, I think we should prioritize resolving the NameError issue in the count_occurrences function in order to move forward with the development of the product.\\n-----\\n\\n[Architect]says: To create a product, we should define the count_occurrences function in the test script to address the NameError and ensure the code test passes.\\n-----\\n\", \"Question\": \"Follow the Instruction section. The Discussion History is in the Context section. You only need to return a list as the Example section.\"}",
    "RepairResponse0": "{\n  \"revised_code\": \"def count_occurrence(s):\\n    count = 0\\n    for i in range(len(s) - 2):\\n        if s[i:i+3] == 'std':\\n            count += 1\\n    return count\"\n}",
    "RepairResponse0_prompt": {
        "Role": "You are a professional software engineer. Your duty is to write code in Python that meets the requirements. Ensure that the code you write is efficient, readable, and follows best practices. Remember, do not need to explain the code you wrote.",
        "Instruction": "1. Rewrite a bug fix version of the original code. 2. Response in JSON format.",
        "Example": "{\"revised_code\":\"...\"}",
        "Context": "# Test Report:\nTest Report:\n\nContext:\nThe test script's output shows an error in the test case for the count_occurrences function. The error is due to a NameError: name 'count_occurrences' is not defined.\n\nAnalysis:\nBased on the output of the test script, it is evident that the test case has failed due to the NameError. The count_occurrences function is not defined in the test script, causing the test to fail.\n\nConclusion:\nCode Test Failed\n\nInput and Expected Output Example:\ndef count_occurrences(s):\n    count = 0\n    for i in range(len(s) - 2):\n        if s[i:i+3] == 'std':\n            count += 1\n    return count\n\nThe code test has failed due to the NameError as the count_occurrences function is not defined.# suggestions:\n{\"product-owner\": [\"We should prioritize resolving the NameError issue in the count_occurrences function in order to move forward with the development of the product.\"], \"architect\": [\"We should define the count_occurrences function in the test script to address the NameError and ensure the code test passes.\"], \"developer\": [\"We need to define the count_occurrences function in the test script to resolve the NameError issue.\"], \"tester\": [\"We should review the test script and ensure that the count_occurrences function is properly defined before running the test.\"]}",
        "Question": "The original code has some bugs, according to the test report and suggestions, rewrite the code. Complete the following code:\ndef count_occurance(s):\n'''Write a function to count the number of occurence of the string 'std' in a given string.\nassert count_occurance(\"letstdlenstdporstd\") == 3'''\n"
    },
    "Code1": "def count_occurrence(s):\n    count = 0\n    for i in range(len(s) - 2):\n        if s[i:i+3] == 'std':\n            count += 1\n    return count",
    "ScriptResult1": "E\n======================================================================\nERROR: test (__main__.Test)\n----------------------------------------------------------------------\nTraceback (most recent call last):\n  File \"/Users/watch/PycharmProjects/XXXX-1-LLM/workspace/2024-03-11_11-22-54-946455/test_script.py\", line 11, in test\n    self.assertEqual(count_occurance(\"letstdlenstdporstd\"), 3)\nNameError: name 'count_occurance' is not defined\n\n----------------------------------------------------------------------\nRan 1 test in 0.000s\n\nFAILED (errors=1)\n",
    "TestReport1": "Test Report:\n\nTest Script's Output:\nE\n======================================================================\nERROR: test (__main__.Test)\n----------------------------------------------------------------------\nTraceback (most recent call last):\n  File \"/Users/watch/PycharmProjects/XXXX-1-LLM/workspace/2024-03-11_11-22-54-946455/test_script.py\", line 11, in test\n    self.assertEqual(count_occurance(\"letstdlenstdporstd\"), 3)\nNameError: name 'count_occurance' is not defined\n\n----------------------------------------------------------------------\nRan 1 test in 0.000s\n\nFAILED (errors=1)\n\nAnalysis:\nThe test script output indicates that there was an error during the test. The error is due to a NameError where the function count_occurance is not defined. This prevented the test from running successfully.\n\nConclusion:\nCode Test Failed\n\nInput and Expected Output Example:\ndef count_occurrence(s):\n    count = 0\n    for i in range(len(s) - 2):\n        if s[i:i+3] == 'std':\n            count += 1\n    return count\n\nBased on the analysis of the test report, the code has failed the tests. The error in the code is related to the function name 'count_occurrence' being called as 'count_occurance'. This needs to be corrected for the code to pass the tests.",
    "SprintReview1": "[ScrumMaster]says: Here is our test Report: Test Report:\n\nTest Script's Output:\nE\n======================================================================\nERROR: test (__main__.Test)\n----------------------------------------------------------------------\nTraceback (most recent call last):\n  File \"/Users/watch/PycharmProjects/XXXX-1-LLM/workspace/2024-03-11_11-22-54-946455/test_script.py\", line 11, in test\n    self.assertEqual(count_occurance(\"letstdlenstdporstd\"), 3)\nNameError: name 'count_occurance' is not defined\n\n----------------------------------------------------------------------\nRan 1 test in 0.000s\n\nFAILED (errors=1)\n\nAnalysis:\nThe test script output indicates that there was an error during the test. The error is due to a NameError where the function count_occurance is not defined. This prevented the test from running successfully.\n\nConclusion:\nCode Test Failed\n\nInput and Expected Output Example:\ndef count_occurrence(s):\n    count = 0\n    for i in range(len(s) - 2):\n        if s[i:i+3] == 'std':\n            count += 1\n    return count\n\nBased on the analysis of the test report, the code has failed the tests. The error in the code is related to the function name 'count_occurrence' being called as 'count_occurance'. This needs to be corrected for the code to pass the tests., do you have any ideas?\n-----\n\n[Architect]says: As an Architect, I would recommend reviewing the code to ensure that the function name 'count_occurance' is correctly defined as 'count_occurrence' in order to pass the tests.\n-----\n\n[Tester]says: As a Tester, I would suggest correcting the function name from 'count_occurance' to 'count_occurrence' in order to pass the tests.\n-----\n\n[ProductOwner]says: As a Product Owner, I think we should prioritize fixing the function name error and ensuring the code passes the tests before moving forward with any other tasks.\n-----\n\n[Developer]says: As a Developer, I will correct the function name from 'count_occurance' to 'count_occurrence' to ensure the code passes the tests.\n-----\n\n[Tester]says: As a Tester, I would recommend correcting the function name from 'count_occurance' to 'count_occurrence' in order to pass the tests.\n-----\n\n[ProductOwner]says: As a Product Owner, I think we should prioritize fixing the function name error and ensuring the code passes the tests before moving forward with any other tasks.\n-----\n\n[Developer]says: As a Developer, I will correct the function name from 'count_occurance' to 'count_occurrence' to ensure the code passes the tests.\n-----\n\n[Architect]says: As an Architect, I would recommend reviewing the code to ensure that the function name 'count_occurance' is correctly defined as 'count_occurrence' in order to pass the tests.\n-----\n",
    "SprintReviewMeetings1": "{\n  \"product-owner\":[\"Prioritize fixing the function name error and ensuring the code passes the tests before moving forward with any other tasks.\"],\n  \"architect\":[\"Review the code to ensure that the function name 'count_occurance' is correctly defined as 'count_occurrence' in order to pass the tests.\"],\n  \"developer\":[\"Correct the function name from 'count_occurance' to 'count_occurrence' to ensure the code passes the tests.\"],\n  \"tester\":[\"Correct the function name from 'count_occurance' to 'count_occurrence' in order to pass the tests.\"]\n}",
    "SprintReviewMeetings1_prompt": "{\"Role\": \"You are a professional scrum master. Your goal is to summary the Discussion History into a suggestions list for the scrum team.\", \"Instruction\": \"1. Read and Understand the Discussion History. 2. Summary the suggestions from four roles: product-owner/architect/developer/tester. 3. Response in JSON format.\", \"Example\": \"{\\\"product-owner\\\":[\\\"suggestion1\\\",\\\"suggestion2\\\"],\\\"architect\\\":[\\\"suggestion1\\\",\\\"suggestion2\\\"], \\\"developer\\\":[\\\"suggestion1\\\",\\\"suggestion2\\\"], \\\"tester\\\":[\\\"suggestion1\\\",\\\"suggestion2\\\"]}\", \"Context\": \"[ScrumMaster]says: Here is our test Report: Test Report:\\n\\nTest Script's Output:\\nE\\n======================================================================\\nERROR: test (__main__.Test)\\n----------------------------------------------------------------------\\nTraceback (most recent call last):\\n  File \\\"/Users/watch/PycharmProjects/XXXX-1-LLM/workspace/2024-03-11_11-22-54-946455/test_script.py\\\", line 11, in test\\n    self.assertEqual(count_occurance(\\\"letstdlenstdporstd\\\"), 3)\\nNameError: name 'count_occurance' is not defined\\n\\n----------------------------------------------------------------------\\nRan 1 test in 0.000s\\n\\nFAILED (errors=1)\\n\\nAnalysis:\\nThe test script output indicates that there was an error during the test. The error is due to a NameError where the function count_occurance is not defined. This prevented the test from running successfully.\\n\\nConclusion:\\nCode Test Failed\\n\\nInput and Expected Output Example:\\ndef count_occurrence(s):\\n    count = 0\\n    for i in range(len(s) - 2):\\n        if s[i:i+3] == 'std':\\n            count += 1\\n    return count\\n\\nBased on the analysis of the test report, the code has failed the tests. The error in the code is related to the function name 'count_occurrence' being called as 'count_occurance'. This needs to be corrected for the code to pass the tests., do you have any ideas?\\n-----\\n\\n[Architect]says: As an Architect, I would recommend reviewing the code to ensure that the function name 'count_occurance' is correctly defined as 'count_occurrence' in order to pass the tests.\\n-----\\n\\n[Tester]says: As a Tester, I would suggest correcting the function name from 'count_occurance' to 'count_occurrence' in order to pass the tests.\\n-----\\n\\n[ProductOwner]says: As a Product Owner, I think we should prioritize fixing the function name error and ensuring the code passes the tests before moving forward with any other tasks.\\n-----\\n\\n[Developer]says: As a Developer, I will correct the function name from 'count_occurance' to 'count_occurrence' to ensure the code passes the tests.\\n-----\\n\\n[Tester]says: As a Tester, I would recommend correcting the function name from 'count_occurance' to 'count_occurrence' in order to pass the tests.\\n-----\\n\\n[ProductOwner]says: As a Product Owner, I think we should prioritize fixing the function name error and ensuring the code passes the tests before moving forward with any other tasks.\\n-----\\n\\n[Developer]says: As a Developer, I will correct the function name from 'count_occurance' to 'count_occurrence' to ensure the code passes the tests.\\n-----\\n\\n[Architect]says: As an Architect, I would recommend reviewing the code to ensure that the function name 'count_occurance' is correctly defined as 'count_occurrence' in order to pass the tests.\\n-----\\n\", \"Question\": \"Follow the Instruction section. The Discussion History is in the Context section. You only need to return a list as the Example section.\"}",
    "RepairResponse1": "{\n  \"revised_code\": \"def count_occurrence(s):\\n    count = 0\\n    for i in range(len(s) - 2):\\n        if s[i:i+3] == 'std':\\n            count += 1\\n    return count\"\n}",
    "RepairResponse1_prompt": {
        "Role": "You are a professional software engineer. Your duty is to write code in Python that meets the requirements. Ensure that the code you write is efficient, readable, and follows best practices. Remember, do not need to explain the code you wrote.",
        "Instruction": "1. Rewrite a bug fix version of the original code. 2. Response in JSON format.",
        "Example": "{\"revised_code\":\"...\"}",
        "Context": "# Test Report:\nTest Report:\n\nTest Script's Output:\nE\n======================================================================\nERROR: test (__main__.Test)\n----------------------------------------------------------------------\nTraceback (most recent call last):\n  File \"/Users/watch/PycharmProjects/XXXX-1-LLM/workspace/2024-03-11_11-22-54-946455/test_script.py\", line 11, in test\n    self.assertEqual(count_occurance(\"letstdlenstdporstd\"), 3)\nNameError: name 'count_occurance' is not defined\n\n----------------------------------------------------------------------\nRan 1 test in 0.000s\n\nFAILED (errors=1)\n\nAnalysis:\nThe test script output indicates that there was an error during the test. The error is due to a NameError where the function count_occurance is not defined. This prevented the test from running successfully.\n\nConclusion:\nCode Test Failed\n\nInput and Expected Output Example:\ndef count_occurrence(s):\n    count = 0\n    for i in range(len(s) - 2):\n        if s[i:i+3] == 'std':\n            count += 1\n    return count\n\nBased on the analysis of the test report, the code has failed the tests. The error in the code is related to the function name 'count_occurrence' being called as 'count_occurance'. This needs to be corrected for the code to pass the tests.# suggestions:\n{\"product-owner\": [\"Prioritize fixing the function name error and ensuring the code passes the tests before moving forward with any other tasks.\"], \"architect\": [\"Review the code to ensure that the function name 'count_occurance' is correctly defined as 'count_occurrence' in order to pass the tests.\"], \"developer\": [\"Correct the function name from 'count_occurance' to 'count_occurrence' to ensure the code passes the tests.\"], \"tester\": [\"Correct the function name from 'count_occurance' to 'count_occurrence' in order to pass the tests.\"]}",
        "Question": "The original code has some bugs, according to the test report and suggestions, rewrite the code. Complete the following code:\ndef count_occurance(s):\n'''Write a function to count the number of occurence of the string 'std' in a given string.\nassert count_occurance(\"letstdlenstdporstd\") == 3'''\n"
    }
}