{
    "start_time": "2024-03-11_09-10-16-763403",
    "task": "def find_Average_Of_Cube(n):  \n'''Write a python function to find the average of cubes of first n natural numbers.\nassert find_Average_Of_Cube(2) == 4.5'''\n",
    "datetime": {
        "task": "2024-03-11 09:10:16",
        "task-id": "2024-03-11 09:10:16",
        "workflow": "2024-03-11 09:10:16",
        "Discussion": "2024-03-11 09:10:19",
        "DisorderedSprintMeetings": "2024-03-11 09:10:20",
        "DesignDraft0": "2024-03-11 09:10:21",
        "DesignMeetings0": "2024-03-11 09:10:23",
        "Design0": "2024-03-11 09:10:25",
        "CodeDraft0": "2024-03-11 09:10:27",
        "CodeReviewMeetings0": "2024-03-11 09:10:28",
        "Code0CR": "2024-03-11 09:10:30",
        "FinalCode": "2024-03-11 09:10:45",
        "Test Cases Draft": "2024-03-11 09:10:31",
        "Test Cases Meetings": "2024-03-11 09:10:32",
        "Test Cases": "2024-03-11 09:10:34",
        "Code0": "2024-03-11 09:10:35",
        "TestScriptOriginal": "2024-03-11 09:10:37",
        "TestScript": "2024-03-11 09:10:37",
        "ScriptResult0": "2024-03-11 09:10:37",
        "TestReport0": "2024-03-11 09:10:40",
        "SprintReview0": "2024-03-11 09:10:42",
        "SprintReviewMeetings0": "2024-03-11 09:10:43",
        "RepairResponse0": "2024-03-11 09:10:45",
        "Code1": "2024-03-11 09:10:45",
        "ScriptResult1": "2024-03-11 09:10:45",
        "TestReport1": "2024-03-11 09:10:46"
    },
    "task-id": 422,
    "workflow": "agile/agile_version_0.0.5_remove.json",
    "Discussion": "[ScrumMaster]says: We have a job: def find_Average_Of_Cube(n):  \n'''Write a python function to find the average of cubes of first n natural numbers.\nassert find_Average_Of_Cube(2) == 4.5'''\n, do you have any ideas?\n-----\n\n[Tester]says: As a Tester, I will review the function and test for different input values to ensure its accuracy.\n-----\n\n[Architect]says: As an Architect, I suggest we consider the design and structure of the function to ensure it is scalable and efficient. We should also prioritize error handling and input validation to make the function more robust.\n-----\n\n[ProductOwner]says: As a Product Owner, I think we should prioritize creating a clear user story for this task and consider the potential impact on the product's functionality.\n-----\n\n[Tester]says: As a Tester, I will review the function and test for different input values to ensure its accuracy.\n-----\n\n[ProductOwner]says: [ProductOwner]says: To create a product, we should prioritize creating a clear user story for this task and consider the potential impact on the product's functionality.\n-----\n\n[Architect]says: As an Architect, I suggest we consider the design and structure of the function to ensure it is scalable and efficient. We should also prioritize error handling and input validation to make the function more robust.\n-----\n\n[Developer]says: To create a product, we should start by defining the requirements and breaking down the tasks into manageable chunks. Let's use an agile approach and prioritize the most valuable features first. I think the first step is to gather feedback from stakeholders and end-users to understand their needs and expectations. In order to develop a product, it is important that we have a clear understanding of the target audience and market trends. Firstly, we should conduct a thorough analysis of the competition and similar products in the market. I will start by creating user stories and defining the acceptance criteria for each feature.\n-----\n\n[Developer]says: As a Developer, I suggest starting by defining the requirements and breaking down the tasks into manageable chunks, using an agile approach to prioritize the most valuable features first.\n-----\n",
    "DisorderedSprintMeetings": "{\n  \"product-owner\": [\n    \"Prioritize creating a clear user story for the task\",\n    \"Consider the potential impact on the product's functionality\"\n  ],\n  \"architect\": [\n    \"Consider the design and structure of the function\",\n    \"Prioritize error handling and input validation\"\n  ],\n  \"developer\": [\n    \"Define the requirements and break down the tasks into manageable chunks\",\n    \"Create user stories and define acceptance criteria for each feature\"\n  ],\n  \"tester\": [\n    \"Review the function and test for different input values\",\n    \"Ensure its accuracy\"\n  ]\n}",
    "DisorderedSprintMeetings_prompt": "{\"Role\": \"You are a professional scrum master. Your goal is to breakdown the Discussion History into a task list for the scrum team.\", \"Instruction\": \"1. Read and Understand the Discussion History. 2. Define the tasks for four roles: product-owner/architect/developer/tester. 3. Response in JSON format.\", \"Example\": \"{\\\"product-owner\\\":[\\\"task1\\\",\\\"task2\\\"],\\\"architect\\\":[\\\"task1\\\",\\\"task2\\\"], \\\"developer\\\":[\\\"task1\\\",\\\"task2\\\"], \\\"tester\\\":[\\\"task1\\\",\\\"task2\\\"]}\", \"Context\": \"[ScrumMaster]says: We have a job: def find_Average_Of_Cube(n):  \\n'''Write a python function to find the average of cubes of first n natural numbers.\\nassert find_Average_Of_Cube(2) == 4.5'''\\n, do you have any ideas?\\n-----\\n\\n[Tester]says: As a Tester, I will review the function and test for different input values to ensure its accuracy.\\n-----\\n\\n[Architect]says: As an Architect, I suggest we consider the design and structure of the function to ensure it is scalable and efficient. We should also prioritize error handling and input validation to make the function more robust.\\n-----\\n\\n[ProductOwner]says: As a Product Owner, I think we should prioritize creating a clear user story for this task and consider the potential impact on the product's functionality.\\n-----\\n\\n[Tester]says: As a Tester, I will review the function and test for different input values to ensure its accuracy.\\n-----\\n\\n[ProductOwner]says: [ProductOwner]says: To create a product, we should prioritize creating a clear user story for this task and consider the potential impact on the product's functionality.\\n-----\\n\\n[Architect]says: As an Architect, I suggest we consider the design and structure of the function to ensure it is scalable and efficient. We should also prioritize error handling and input validation to make the function more robust.\\n-----\\n\\n[Developer]says: To create a product, we should start by defining the requirements and breaking down the tasks into manageable chunks. Let's use an agile approach and prioritize the most valuable features first. I think the first step is to gather feedback from stakeholders and end-users to understand their needs and expectations. In order to develop a product, it is important that we have a clear understanding of the target audience and market trends. Firstly, we should conduct a thorough analysis of the competition and similar products in the market. I will start by creating user stories and defining the acceptance criteria for each feature.\\n-----\\n\\n[Developer]says: As a Developer, I suggest starting by defining the requirements and breaking down the tasks into manageable chunks, using an agile approach to prioritize the most valuable features first.\\n-----\\n\", \"Question\": \"Follow the Instruction section. The Discussion History is in the Context section. You only need to return a task list as the Example section.\"}",
    "DesignDraft0": "Design:\n- The function find_Average_Of_Cube(n) should take an input parameter n, which represents the number of natural numbers to consider.\n- The function should prioritize error handling and input validation by checking if n is a positive integer. If not, appropriate error handling should be implemented.\n- The function should then calculate the average of the cubes of the first n natural numbers.\n- The result should be returned as a floating-point number.\n\nThis design guides the developer to focus on error handling, input validation, and the calculation of the average of cubes, without providing specific implementation details.",
    "DesignMeetings0": "{\n  \"Developer\": \"The design should include specific implementation details for error handling and input validation. It should also specify the method for calculating the average of cubes, such as using a loop to iterate through the natural numbers and calculate their cubes.\",\n  \"Tester\": \"I would suggest testing the function with different input values, including positive integers, non-integer values, and negative numbers to ensure that error handling and input validation are working properly. Additionally, testing the function with a known set of natural numbers and comparing the result with the expected average of cubes would be helpful to verify the calculation logic.\"\n}",
    "Design0": "Based on the suggestions, I have revised the design as follows:\n\nDesign:\n- The function find_Average_Of_Cube(n) should take an input parameter n, which represents the number of natural numbers to consider.\n- The function should prioritize error handling and input validation by checking if n is a positive integer. If not, appropriate error handling should be implemented, such as raising an exception or returning an error message.\n- For the calculation of the average of the cubes, the function should use a loop to iterate through the first n natural numbers and calculate their cubes. The sum of the cubes should be divided by n to obtain the average.\n- The result should be returned as a floating-point number.\n\nThis revised design now includes specific implementation details for error handling, input validation, and the method for calculating the average of cubes, addressing the suggestions provided.",
    "CodeDraft0": "def find_Average_Of_Cube(n):\n    if not isinstance(n, int) or n <= 0:\n        raise ValueError(\"Input must be a positive integer\")\n\n    sum_of_cubes = 0\n    for num in range(1, n+1):\n        sum_of_cubes += num ** 3\n\n    average = sum_of_cubes / n\n    return float(average)",
    "CodeDraft0_prompt": {
        "Role": "You are a professional engineer. Your duty is to write code in Python that meets the requirements. Ensure that the code you write is efficient, readable, and follows best practices. Remember, do not need to explain the code you wrote.",
        "Instruction": "According to the Context section, write your code.",
        "Example": "",
        "Context": "# Tasks:\n['Define the requirements and break down the tasks into manageable chunks', 'Create user stories and define acceptance criteria for each feature']\n# Design:\nBased on the suggestions, I have revised the design as follows:\n\nDesign:\n- The function find_Average_Of_Cube(n) should take an input parameter n, which represents the number of natural numbers to consider.\n- The function should prioritize error handling and input validation by checking if n is a positive integer. If not, appropriate error handling should be implemented, such as raising an exception or returning an error message.\n- For the calculation of the average of the cubes, the function should use a loop to iterate through the first n natural numbers and calculate their cubes. The sum of the cubes should be divided by n to obtain the average.\n- The result should be returned as a floating-point number.\n\nThis revised design now includes specific implementation details for error handling, input validation, and the method for calculating the average of cubes, addressing the suggestions provided.",
        "Question": "Follow the Instruction section. Complete the following code:\ndef find_Average_Of_Cube(n):  \n'''Write a python function to find the average of cubes of first n natural numbers.\nassert find_Average_Of_Cube(2) == 4.5'''\n"
    },
    "CodeReviewMeetings0": "{\n  \"Architect\": \"The function name should be in snake_case for consistency. Consider renaming it to find_average_of_cube. Also, consider adding docstrings to explain the purpose of the function and its parameters.\",\n  \"Tester\": \"Test cases should be added to cover different scenarios, such as when n is a positive integer, when n is a negative integer, and when n is not an integer. Also, consider adding assertions to verify the correctness of the output.\"\n}",
    "Code0CR": "def find_average_of_cube(n):\n    '''Write a python function to find the average of cubes of first n natural numbers.'''\n    if not isinstance(n, int) or n <= 0:\n        raise ValueError(\"Input should be a positive integer\")\n\n    sum_of_cubes = 0\n    for i in range(1, n+1):\n        sum_of_cubes += i**3\n\n    average = sum_of_cubes / n\n    return float(average)\n\n# Test cases\nassert find_average_of_cube(2) == 4.5\nassert find_average_of_cube(3) == 14.0\nassert find_average_of_cube(5) == 55.0",
    "Code0CR_prompt": "{\"Role\": \"You are a professional software engineer. Your duty is to write code in Python that meets the requirements. Ensure that the code you write is efficient, readable, and follows best practices. Remember, do not need to explain the code you wrote.\", \"Instruction\": \"1. Understand the suggestions(in the Context section) about the original code. 2. Rewrite your code.\", \"Example\": \"\", \"Context\": \"# Tasks:\\n['Define the requirements and break down the tasks into manageable chunks', 'Create user stories and define acceptance criteria for each feature']\\n# Design:\\nBased on the suggestions, I have revised the design as follows:\\n\\nDesign:\\n- The function find_Average_Of_Cube(n) should take an input parameter n, which represents the number of natural numbers to consider.\\n- The function should prioritize error handling and input validation by checking if n is a positive integer. If not, appropriate error handling should be implemented, such as raising an exception or returning an error message.\\n- For the calculation of the average of the cubes, the function should use a loop to iterate through the first n natural numbers and calculate their cubes. The sum of the cubes should be divided by n to obtain the average.\\n- The result should be returned as a floating-point number.\\n\\nThis revised design now includes specific implementation details for error handling, input validation, and the method for calculating the average of cubes, addressing the suggestions provided.# Suggestions:\\n{\\n  \\\"Architect\\\": \\\"The function name should be in snake_case for consistency. Consider renaming it to find_average_of_cube. Also, consider adding docstrings to explain the purpose of the function and its parameters.\\\",\\n  \\\"Tester\\\": \\\"Test cases should be added to cover different scenarios, such as when n is a positive integer, when n is a negative integer, and when n is not an integer. Also, consider adding assertions to verify the correctness of the output.\\\"\\n}\", \"Question\": \"Follow the Instruction section. Complete the following code:\\ndef find_Average_Of_Cube(n):  \\n'''Write a python function to find the average of cubes of first n natural numbers.\\nassert find_Average_Of_Cube(2) == 4.5'''\\n\"}",
    "FinalCode": "def find_Average_Of_Cube(n):\n    if not isinstance(n, int) or n <= 0:\n        raise ValueError(\"Input should be a positive integer\")\n\n    sum_of_cubes = 0\n    for i in range(1, n+1):\n        sum_of_cubes += i**3\n\n    average = sum_of_cubes / n\n    return float(average)",
    "Test Cases Draft": "{\n  \"test_cases\": [\n    {\n      \"Test Title\": \"Valid Input Test\",\n      \"Input Data\": \"parameter1=2\",\n      \"Expected Output\": \"4.5\"\n    },\n    {\n      \"Test Title\": \"Invalid Input Test\",\n      \"Input Data\": \"parameter1=-5\",\n      \"Expected Output\": \"Error\"\n    },\n    {\n      \"Test Title\": \"Boundary Input Test\",\n      \"Input Data\": \"parameter1=1\",\n      \"Expected Output\": \"1.0\"\n    }\n  ]\n}",
    "Test Cases Draft_prompt": "{\"Role\": \"You are a quality assurance engineer. Your duty is to design test cases for the developers.\", \"Instruction\": \"According to the Context section, write test cases. Don't write long strings in your test cases. Response in JSON format.\", \"Example\": \"{\\\"requirement analysis\\\":\\\"analysis\\\",\\\"test_cases\\\":[{\\\"Test Title\\\":\\\"title\\\", \\\"Input Data\\\":\\\"parameter1=[1,2,3],parameter2='123'\\\", \\\"Expected Output\\\":\\\"456\\\"},]}\", \"Context\": \"# Tasks:\\n['Review the function and test for different input values', 'Ensure its accuracy']\\n# Design:\\nBased on the suggestions, I have revised the design as follows:\\n\\nDesign:\\n- The function find_Average_Of_Cube(n) should take an input parameter n, which represents the number of natural numbers to consider.\\n- The function should prioritize error handling and input validation by checking if n is a positive integer. If not, appropriate error handling should be implemented, such as raising an exception or returning an error message.\\n- For the calculation of the average of the cubes, the function should use a loop to iterate through the first n natural numbers and calculate their cubes. The sum of the cubes should be divided by n to obtain the average.\\n- The result should be returned as a floating-point number.\\n\\nThis revised design now includes specific implementation details for error handling, input validation, and the method for calculating the average of cubes, addressing the suggestions provided.\", \"Question\": \"def find_Average_Of_Cube(n):  \\n'''Write a python function to find the average of cubes of first n natural numbers.\\nassert find_Average_Of_Cube(2) == 4.5'''\\n\"}",
    "Test Cases Meetings": "{\n  \"Architect\": \"As an architect, I suggest revising the test cases to include edge cases and corner cases for thorough testing. It's important to cover a wide range of input data and expected outputs to ensure the robustness of the system.\",\n  \"Developer\": \"As a developer, I suggest revising the test cases to include more detailed steps and conditions for each test, as well as adding assertions to verify the expected outputs. This will help to ensure the accuracy and effectiveness of the tests.\"\n}",
    "Test Cases": "{\n  \"test_cases\": [\n    {\n      \"Test Title\": \"Valid Input Test\",\n      \"Input Data\": \"parameter1=[1,2,3]\",\n      \"Expected Output\": \"4.5\"\n    },\n    {\n      \"Test Title\": \"Invalid Input Test\",\n      \"Input Data\": \"parameter1=-5\",\n      \"Expected Output\": \"Error\"\n    },\n    {\n      \"Test Title\": \"Boundary Input Test\",\n      \"Input Data\": \"parameter1=1\",\n      \"Expected Output\": \"1.0\"\n    }\n  ]\n}",
    "Test Cases_prompt": "{\"Role\": \"You are a quality assurance engineer. Your duty is to revise the test cases based on the suggestions.\", \"Instruction\": \"1. Your colleague give you some suggestions(in the Context section) about the draft test cases, read these suggestions. 2. Revise your draft version test cases, but don't use long parameters. 3. Response in JSON format.\", \"Example\": \"{\\\"requirement analysis\\\":\\\"analysis\\\",\\\"test_cases\\\":[{\\\"Test Title\\\":\\\"title\\\", \\\"Input Data\\\":\\\"parameter1=[1,2,3],parameter2='123'\\\", \\\"Expected Output\\\":\\\"456\\\"},]}\", \"Context\": \"# Suggestions:\\n{\\n  \\\"Architect\\\": \\\"As an architect, I suggest revising the test cases to include edge cases and corner cases for thorough testing. It's important to cover a wide range of input data and expected outputs to ensure the robustness of the system.\\\",\\n  \\\"Developer\\\": \\\"As a developer, I suggest revising the test cases to include more detailed steps and conditions for each test, as well as adding assertions to verify the expected outputs. This will help to ensure the accuracy and effectiveness of the tests.\\\"\\n}\\n # Draft Test cases:\\n{\\n  \\\"test_cases\\\": [\\n    {\\n      \\\"Test Title\\\": \\\"Valid Input Test\\\",\\n      \\\"Input Data\\\": \\\"parameter1=2\\\",\\n      \\\"Expected Output\\\": \\\"4.5\\\"\\n    },\\n    {\\n      \\\"Test Title\\\": \\\"Invalid Input Test\\\",\\n      \\\"Input Data\\\": \\\"parameter1=-5\\\",\\n      \\\"Expected Output\\\": \\\"Error\\\"\\n    },\\n    {\\n      \\\"Test Title\\\": \\\"Boundary Input Test\\\",\\n      \\\"Input Data\\\": \\\"parameter1=1\\\",\\n      \\\"Expected Output\\\": \\\"1.0\\\"\\n    }\\n  ]\\n}\", \"Question\": \"Follow the Instruction. Please make sure your response length are less than 512. Your test cases is for the below question:\\ndef find_Average_Of_Cube(n):  \\n'''Write a python function to find the average of cubes of first n natural numbers.\\nassert find_Average_Of_Cube(2) == 4.5'''\\n\"}",
    "Code0": "def find_average_of_cube(n):\n    if not isinstance(n, int) or n <= 0:\n        raise ValueError(\"Input should be a positive integer\")\n\n    sum_of_cubes = 0\n    for i in range(1, n+1):\n        sum_of_cubes += i**3\n\n    average = sum_of_cubes / n\n    return float(average)",
    "Code0_prompt": {
        "Role": "You are a professional software engineer. Your duty is to write code in Python that meets the requirements. Ensure that the code you write is efficient, readable, and follows best practices. Remember, do not need to explain the code you wrote.",
        "Instruction": "1. Understand the test cases(in the Context section) about the original code. 2. Rewrite your code, make sure your code pass all test cases.",
        "Example": "",
        "Context": "# Original Code:\ndef find_average_of_cube(n):\n    '''Write a python function to find the average of cubes of first n natural numbers.'''\n    if not isinstance(n, int) or n <= 0:\n        raise ValueError(\"Input should be a positive integer\")\n\n    sum_of_cubes = 0\n    for i in range(1, n+1):\n        sum_of_cubes += i**3\n\n    average = sum_of_cubes / n\n    return float(average)\n\n# Test cases\nassert find_average_of_cube(2) == 4.5\nassert find_average_of_cube(3) == 14.0\nassert find_average_of_cube(5) == 55.0\n# Test Cases:\n{\n  \"test_cases\": [\n    {\n      \"Test Title\": \"Valid Input Test\",\n      \"Input Data\": \"parameter1=[1,2,3]\",\n      \"Expected Output\": \"4.5\"\n    },\n    {\n      \"Test Title\": \"Invalid Input Test\",\n      \"Input Data\": \"parameter1=-5\",\n      \"Expected Output\": \"Error\"\n    },\n    {\n      \"Test Title\": \"Boundary Input Test\",\n      \"Input Data\": \"parameter1=1\",\n      \"Expected Output\": \"1.0\"\n    }\n  ]\n}",
        "Question": "def find_Average_Of_Cube(n):  \n'''Write a python function to find the average of cubes of first n natural numbers.\nassert find_Average_Of_Cube(2) == 4.5'''\n"
    },
    "TestScriptOriginal": "import unittest\n\ndef find_Average_Of_Cube(n):\n    sum_of_cubes = 0\n    for i in range(1, n+1):\n        sum_of_cubes += i**3\n    return sum_of_cubes / n\n\nclass Test(unittest.TestCase):\n    def test(self):\n        self.assertEqual(find_Average_Of_Cube(2), 4.5)\n\nif __name__ == '__main__':\n    unittest.main()",
    "TestScriptOriginal_prompt": "{\"Role\": \"You are a quality assurance engineer. Your duty is to write a python test script in unittest framework.\", \"Instruction\": \"1. Write a python test script. 2. Use the input and output given by the question.\", \"Example\": \"import unittest\\n\\nclass Test(unittest.TestCase):\\n    def test(self):\\n        self.assertEqual(function_under_test('a'), 1)\\n\\nif __name__ == '__main__':\\n    unittest.main()\", \"Context\": \"\", \"Question\": \"def find_Average_Of_Cube(n):  \\n'''Write a python function to find the average of cubes of first n natural numbers.\\nassert find_Average_Of_Cube(2) == 4.5'''\\n\"}",
    "TestScript": "import unittest\n\nclass Test(unittest.TestCase):\n    def test(self):\n        self.assertEqual(find_Average_Of_Cube(2), 4.5)\n\nif __name__ == '__main__':\n    unittest.main()",
    "ScriptResult0": "E\n======================================================================\nERROR: test (__main__.Test)\n----------------------------------------------------------------------\nTraceback (most recent call last):\n  File \"/Users/watch/PycharmProjects/XXXX-1-LLM/workspace/2024-03-11_09-10-16-763403/test_script.py\", line 15, in test\n    self.assertEqual(find_Average_Of_Cube(2), 4.5)\nNameError: name 'find_Average_Of_Cube' is not defined\n\n----------------------------------------------------------------------\nRan 1 test in 0.000s\n\nFAILED (errors=1)\n",
    "TestReport0": "Test Report\n\nTest Script Output:\n# test script's output:\nE\n======================================================================\nERROR: test (__main__.Test)\n----------------------------------------------------------------------\nTraceback (most recent call last):\n  File \"/Users/watch/PycharmProjects/XXXX-1-LLM/workspace/2024-03-11_09-10-16-763403/test_script.py\", line 15, in test\n    self.assertEqual(find_Average_Of_Cube(2), 4.5)\nNameError: name 'find_Average_Of_Cube' is not defined\n\n----------------------------------------------------------------------\nRan 1 test in 0.000s\n\nFAILED (errors=1)\n\nCode Test Result: FAIL\n\nInput:\ndef find_average_of_cube(n):\n    if not isinstance(n, int) or n <= 0:\n        raise ValueError(\"Input should be a positive integer\")\n\n    sum_of_cubes = 0\n    for i in range(1, n+1):\n        sum_of_cubes += i**3\n\n    average = sum_of_cubes / n\n    return float(average)\n\nExpected Output:\nThe code should define the function find_average_of_cube(n) and return the average of cubes of numbers from 1 to n.\n\nConclusion: Code Test Failed\n\nThe code has not passed the test as the function find_average_of_cube() is not defined. The expected output is the average of cubes of numbers from 1 to n, but the function is missing, resulting in a NameError.",
    "SprintReview0": "[ScrumMaster]says: Here is our test Report: Test Report\n\nTest Script Output:\n# test script's output:\nE\n======================================================================\nERROR: test (__main__.Test)\n----------------------------------------------------------------------\nTraceback (most recent call last):\n  File \"/Users/watch/PycharmProjects/XXXX-1-LLM/workspace/2024-03-11_09-10-16-763403/test_script.py\", line 15, in test\n    self.assertEqual(find_Average_Of_Cube(2), 4.5)\nNameError: name 'find_Average_Of_Cube' is not defined\n\n----------------------------------------------------------------------\nRan 1 test in 0.000s\n\nFAILED (errors=1)\n\nCode Test Result: FAIL\n\nInput:\ndef find_average_of_cube(n):\n    if not isinstance(n, int) or n <= 0:\n        raise ValueError(\"Input should be a positive integer\")\n\n    sum_of_cubes = 0\n    for i in range(1, n+1):\n        sum_of_cubes += i**3\n\n    average = sum_of_cubes / n\n    return float(average)\n\nExpected Output:\nThe code should define the function find_average_of_cube(n) and return the average of cubes of numbers from 1 to n.\n\nConclusion: Code Test Failed\n\nThe code has not passed the test as the function find_average_of_cube() is not defined. The expected output is the average of cubes of numbers from 1 to n, but the function is missing, resulting in a NameError., do you have any ideas?\n-----\n\n[Architect]says: As an Architect, I believe we need to define and implement the function find_Average_Of_Cube to pass the test.\n-----\n\n[Developer]says: As a Developer, I believe we need to define the function find_average_of_cube(n) to fix the NameError issue in the test report.\n-----\n\n[Tester]says: As a Tester, I would recommend checking the code to ensure that the function find_average_of_cube() is properly defined before running the test script.\n-----\n\n[ProductOwner]says: As a Product Owner, I think we should prioritize fixing the function find_average_of_cube() to meet the expected output. Let's focus on getting the code to pass the test.\n-----\n\n[Architect]says: As an Architect, I believe we need to define and implement the function find_Average_Of_Cube to pass the test.\n-----\n\n[Tester]says: As a Tester, I would recommend checking the code to ensure that the function find_average_of_cube() is properly defined before running the test script.\n-----\n\n[Developer]says: As a Developer, I believe we need to define the function find_average_of_cube(n) to fix the NameError issue in the test report.\n-----\n\n[ProductOwner]says: As a Product Owner, I think we should prioritize fixing the function find_average_of_cube() to meet the expected output. Let's focus on getting the code to pass the test.\n-----\n",
    "SprintReviewMeetings0": "{\n  \"product-owner\":[\"We should prioritize fixing the function find_average_of_cube() to meet the expected output. Let's focus on getting the code to pass the test.\"],\n  \"architect\":[\"We need to define and implement the function find_Average_Of_Cube to pass the test.\"],\n  \"developer\":[\"We need to define the function find_average_of_cube(n) to fix the NameError issue in the test report.\"],\n  \"tester\":[\"Checking the code to ensure that the function find_average_of_cube() is properly defined before running the test script.\"]\n}",
    "SprintReviewMeetings0_prompt": "{\"Role\": \"You are a professional scrum master. Your goal is to summary the Discussion History into a suggestions list for the scrum team.\", \"Instruction\": \"1. Read and Understand the Discussion History. 2. Summary the suggestions from four roles: product-owner/architect/developer/tester. 3. Response in JSON format.\", \"Example\": \"{\\\"product-owner\\\":[\\\"suggestion1\\\",\\\"suggestion2\\\"],\\\"architect\\\":[\\\"suggestion1\\\",\\\"suggestion2\\\"], \\\"developer\\\":[\\\"suggestion1\\\",\\\"suggestion2\\\"], \\\"tester\\\":[\\\"suggestion1\\\",\\\"suggestion2\\\"]}\", \"Context\": \"[ScrumMaster]says: Here is our test Report: Test Report\\n\\nTest Script Output:\\n# test script's output:\\nE\\n======================================================================\\nERROR: test (__main__.Test)\\n----------------------------------------------------------------------\\nTraceback (most recent call last):\\n  File \\\"/Users/watch/PycharmProjects/XXXX-1-LLM/workspace/2024-03-11_09-10-16-763403/test_script.py\\\", line 15, in test\\n    self.assertEqual(find_Average_Of_Cube(2), 4.5)\\nNameError: name 'find_Average_Of_Cube' is not defined\\n\\n----------------------------------------------------------------------\\nRan 1 test in 0.000s\\n\\nFAILED (errors=1)\\n\\nCode Test Result: FAIL\\n\\nInput:\\ndef find_average_of_cube(n):\\n    if not isinstance(n, int) or n <= 0:\\n        raise ValueError(\\\"Input should be a positive integer\\\")\\n\\n    sum_of_cubes = 0\\n    for i in range(1, n+1):\\n        sum_of_cubes += i**3\\n\\n    average = sum_of_cubes / n\\n    return float(average)\\n\\nExpected Output:\\nThe code should define the function find_average_of_cube(n) and return the average of cubes of numbers from 1 to n.\\n\\nConclusion: Code Test Failed\\n\\nThe code has not passed the test as the function find_average_of_cube() is not defined. The expected output is the average of cubes of numbers from 1 to n, but the function is missing, resulting in a NameError., do you have any ideas?\\n-----\\n\\n[Architect]says: As an Architect, I believe we need to define and implement the function find_Average_Of_Cube to pass the test.\\n-----\\n\\n[Developer]says: As a Developer, I believe we need to define the function find_average_of_cube(n) to fix the NameError issue in the test report.\\n-----\\n\\n[Tester]says: As a Tester, I would recommend checking the code to ensure that the function find_average_of_cube() is properly defined before running the test script.\\n-----\\n\\n[ProductOwner]says: As a Product Owner, I think we should prioritize fixing the function find_average_of_cube() to meet the expected output. Let's focus on getting the code to pass the test.\\n-----\\n\\n[Architect]says: As an Architect, I believe we need to define and implement the function find_Average_Of_Cube to pass the test.\\n-----\\n\\n[Tester]says: As a Tester, I would recommend checking the code to ensure that the function find_average_of_cube() is properly defined before running the test script.\\n-----\\n\\n[Developer]says: As a Developer, I believe we need to define the function find_average_of_cube(n) to fix the NameError issue in the test report.\\n-----\\n\\n[ProductOwner]says: As a Product Owner, I think we should prioritize fixing the function find_average_of_cube() to meet the expected output. Let's focus on getting the code to pass the test.\\n-----\\n\", \"Question\": \"Follow the Instruction section. The Discussion History is in the Context section. You only need to return a list as the Example section.\"}",
    "RepairResponse0": "{\n  \"revised_code\": \"def find_Average_Of_Cube(n):\\n    if not isinstance(n, int) or n <= 0:\\n        raise ValueError(\\\"Input should be a positive integer\\\")\\n\\n    sum_of_cubes = 0\\n    for i in range(1, n+1):\\n        sum_of_cubes += i**3\\n\\n    average = sum_of_cubes / n\\n    return float(average)\"\n}",
    "RepairResponse0_prompt": {
        "Role": "You are a professional software engineer. Your duty is to write code in Python that meets the requirements. Ensure that the code you write is efficient, readable, and follows best practices. Remember, do not need to explain the code you wrote.",
        "Instruction": "1. Rewrite a bug fix version of the original code. 2. Response in JSON format.",
        "Example": "{\"revised_code\":\"...\"}",
        "Context": "# Test Report:\nTest Report\n\nTest Script Output:\n# test script's output:\nE\n======================================================================\nERROR: test (__main__.Test)\n----------------------------------------------------------------------\nTraceback (most recent call last):\n  File \"/Users/watch/PycharmProjects/XXXX-1-LLM/workspace/2024-03-11_09-10-16-763403/test_script.py\", line 15, in test\n    self.assertEqual(find_Average_Of_Cube(2), 4.5)\nNameError: name 'find_Average_Of_Cube' is not defined\n\n----------------------------------------------------------------------\nRan 1 test in 0.000s\n\nFAILED (errors=1)\n\nCode Test Result: FAIL\n\nInput:\ndef find_average_of_cube(n):\n    if not isinstance(n, int) or n <= 0:\n        raise ValueError(\"Input should be a positive integer\")\n\n    sum_of_cubes = 0\n    for i in range(1, n+1):\n        sum_of_cubes += i**3\n\n    average = sum_of_cubes / n\n    return float(average)\n\nExpected Output:\nThe code should define the function find_average_of_cube(n) and return the average of cubes of numbers from 1 to n.\n\nConclusion: Code Test Failed\n\nThe code has not passed the test as the function find_average_of_cube() is not defined. The expected output is the average of cubes of numbers from 1 to n, but the function is missing, resulting in a NameError.# suggestions:\n{\"product-owner\": [\"We should prioritize fixing the function find_average_of_cube() to meet the expected output. Let's focus on getting the code to pass the test.\"], \"architect\": [\"We need to define and implement the function find_Average_Of_Cube to pass the test.\"], \"developer\": [\"We need to define the function find_average_of_cube(n) to fix the NameError issue in the test report.\"], \"tester\": [\"Checking the code to ensure that the function find_average_of_cube() is properly defined before running the test script.\"]}",
        "Question": "The original code has some bugs, according to the test report and suggestions, rewrite the code. Complete the following code:\ndef find_Average_Of_Cube(n):  \n'''Write a python function to find the average of cubes of first n natural numbers.\nassert find_Average_Of_Cube(2) == 4.5'''\n"
    },
    "Code1": "def find_Average_Of_Cube(n):\n    if not isinstance(n, int) or n <= 0:\n        raise ValueError(\"Input should be a positive integer\")\n\n    sum_of_cubes = 0\n    for i in range(1, n+1):\n        sum_of_cubes += i**3\n\n    average = sum_of_cubes / n\n    return float(average)",
    "ScriptResult1": ".\n----------------------------------------------------------------------\nRan 1 test in 0.000s\n\nOK\n",
    "TestReport1": "Test Report:\n\nTest Script's Output:\n.\n----------------------------------------------------------------------\nRan 1 test in 0.000s\n\nOK\n\nConclusion: Code Test Passed\n\nNote: The test script output indicates that the code has passed the test. Therefore, the function find_Average_Of_Cube(n) has been successfully tested and meets the requirements."
}