{
    "start_time": "2024-03-11_10-27-08-331292",
    "task": "def max_sum_increasing_subseq(a, n, index, k):\n'''Write a function to find the maximum sum of increasing subsequence from prefix until ith index and also including a given kth element which is after i, i.e., k > i .\nassert max_sum_increasing_subseq([1, 101, 2, 3, 100, 4, 5 ], 7, 4, 6) == 11'''\n",
    "datetime": {
        "task": "2024-03-11 10:27:08",
        "task-id": "2024-03-11 10:27:08",
        "workflow": "2024-03-11 10:27:08",
        "Discussion": "2024-03-11 10:27:09",
        "DisorderedSprintMeetings": "2024-03-11 10:27:11",
        "UserStoryDraft0": "2024-03-11 10:27:12",
        "AnalyzeMeetings": "2024-03-11 10:27:13",
        "UserStory0": "2024-03-11 10:27:15",
        "CodeDraft0": "2024-03-11 10:27:17",
        "CodeReviewMeetings0": "2024-03-11 10:27:18",
        "Code0CR": "2024-03-11 10:27:20",
        "FinalCode": "2024-03-11 10:27:55",
        "Test Cases Draft": "2024-03-11 10:27:22",
        "Test Cases Meetings": "2024-03-11 10:27:23",
        "Test Cases": "2024-03-11 10:27:25",
        "Code0": "2024-03-11 10:27:26",
        "TestScriptOriginal": "2024-03-11 10:27:27",
        "TestScript": "2024-03-11 10:27:27",
        "ScriptResult0": "2024-03-11 10:27:27",
        "TestReport0": "2024-03-11 10:27:30",
        "SprintReview0": "2024-03-11 10:27:32",
        "SprintReviewMeetings0": "2024-03-11 10:27:34",
        "RepairResponse0": "2024-03-11 10:27:36",
        "Code1": "2024-03-11 10:27:36",
        "ScriptResult1": "2024-03-11 10:27:36",
        "TestReport1": "2024-03-11 10:27:40",
        "SprintReview1": "2024-03-11 10:27:42",
        "SprintReviewMeetings1": "2024-03-11 10:27:43",
        "RepairResponse1": "2024-03-11 10:27:45",
        "Code2": "2024-03-11 10:27:45",
        "ScriptResult2": "2024-03-11 10:27:45",
        "TestReport2": "2024-03-11 10:27:48",
        "SprintReview2": "2024-03-11 10:27:50",
        "SprintReviewMeetings2": "2024-03-11 10:27:53",
        "RepairResponse2": "2024-03-11 10:27:55",
        "Code3": "2024-03-11 10:27:55",
        "ScriptResult3": "2024-03-11 10:27:55",
        "TestReport3": "2024-03-11 10:27:58"
    },
    "task-id": 306,
    "workflow": "agile/agile_version_0.0.5_remove.json",
    "Discussion": "[ScrumMaster]says: We have a job: def max_sum_increasing_subseq(a, n, index, k):\n'''Write a function to find the maximum sum of increasing subsequence from prefix until ith index and also including a given kth element which is after i, i.e., k > i .\nassert max_sum_increasing_subseq([1, 101, 2, 3, 100, 4, 5 ], 7, 4, 6) == 11'''\n, do you have any ideas?\n-----\n\n[ProductOwner]says: As a Product Owner, I think the first step is to clarify the specific requirements and user stories for this feature.\n-----\n\n[Tester]says: As a Tester, I would suggest running different test cases to ensure the function works as expected and returns the correct maximum sum of increasing subsequence.\n-----\n\n[Developer]says: To develop this function, we should start by defining the logic and algorithm for finding the maximum sum of increasing subsequence. Let's begin by identifying the steps and requirements for the development process.\n-----\n\n[Architect]says: As an Architect, in order to develop this function, we should consider the efficiency and scalability of the algorithm we use. I suggest we prioritize finding a solution that has a time complexity of O(n^2) or better.\n-----\n\n[ProductOwner]says: [ProductOwner] As a Product Owner, I think the first step is to clarify the specific requirements and user stories for this feature.\n-----\n\n[Developer]says: As a Developer, I will work on defining the logic and algorithm for finding the maximum sum of increasing subsequence. Let's start by identifying the steps and requirements for the development process.\n-----\n\n[Tester]says: [Tester] I would suggest running different test cases to ensure the function works as expected and returns the correct maximum sum of increasing subsequence.\n-----\n\n[Architect]says: As an Architect, I will prioritize finding a solution with a time complexity of O(n^2) or better for the development of this function.\n-----\n",
    "DisorderedSprintMeetings": "{\n  \"product-owner\":[\"Clarify specific requirements and user stories for the feature\"],\n  \"architect\":[\"Consider efficiency and scalability of the algorithm\"],\n  \"developer\":[\"Define logic and algorithm for finding maximum sum of increasing subsequence\"],\n  \"tester\":[\"Run different test cases to ensure function works as expected\"]\n}",
    "DisorderedSprintMeetings_prompt": "{\"Role\": \"You are a professional scrum master. Your goal is to breakdown the Discussion History into a task list for the scrum team.\", \"Instruction\": \"1. Read and Understand the Discussion History. 2. Define the tasks for four roles: product-owner/architect/developer/tester. 3. Response in JSON format.\", \"Example\": \"{\\\"product-owner\\\":[\\\"task1\\\",\\\"task2\\\"],\\\"architect\\\":[\\\"task1\\\",\\\"task2\\\"], \\\"developer\\\":[\\\"task1\\\",\\\"task2\\\"], \\\"tester\\\":[\\\"task1\\\",\\\"task2\\\"]}\", \"Context\": \"[ScrumMaster]says: We have a job: def max_sum_increasing_subseq(a, n, index, k):\\n'''Write a function to find the maximum sum of increasing subsequence from prefix until ith index and also including a given kth element which is after i, i.e., k > i .\\nassert max_sum_increasing_subseq([1, 101, 2, 3, 100, 4, 5 ], 7, 4, 6) == 11'''\\n, do you have any ideas?\\n-----\\n\\n[ProductOwner]says: As a Product Owner, I think the first step is to clarify the specific requirements and user stories for this feature.\\n-----\\n\\n[Tester]says: As a Tester, I would suggest running different test cases to ensure the function works as expected and returns the correct maximum sum of increasing subsequence.\\n-----\\n\\n[Developer]says: To develop this function, we should start by defining the logic and algorithm for finding the maximum sum of increasing subsequence. Let's begin by identifying the steps and requirements for the development process.\\n-----\\n\\n[Architect]says: As an Architect, in order to develop this function, we should consider the efficiency and scalability of the algorithm we use. I suggest we prioritize finding a solution that has a time complexity of O(n^2) or better.\\n-----\\n\\n[ProductOwner]says: [ProductOwner] As a Product Owner, I think the first step is to clarify the specific requirements and user stories for this feature.\\n-----\\n\\n[Developer]says: As a Developer, I will work on defining the logic and algorithm for finding the maximum sum of increasing subsequence. Let's start by identifying the steps and requirements for the development process.\\n-----\\n\\n[Tester]says: [Tester] I would suggest running different test cases to ensure the function works as expected and returns the correct maximum sum of increasing subsequence.\\n-----\\n\\n[Architect]says: As an Architect, I will prioritize finding a solution with a time complexity of O(n^2) or better for the development of this function.\\n-----\\n\", \"Question\": \"Follow the Instruction section. The Discussion History is in the Context section. You only need to return a task list as the Example section.\"}",
    "UserStoryDraft0": "{\n  \"UserStory\": \"As a product owner, I want a function that can find the maximum sum of increasing subsequence from the prefix until the ith index, including a given kth element that is after i, so that the output matches the expected result.\"\n}",
    "UserStoryDraft0_prompt": "{\"Role\": \"You need to act as a professional product owner. Your task is to write a UserStory\", \"Instruction\": \"According to the Context, please analyze the requirement and write your response. Response in JSON format. Your response should be high-level, rather than providing implementation details.\", \"Example\": \"\", \"Context\": [\"Clarify specific requirements and user stories for the feature\"], \"Question\": \"Follow the Instruction. The requirement is as follows:\\ndef max_sum_increasing_subseq(a, n, index, k):\\n'''Write a function to find the maximum sum of increasing subsequence from prefix until ith index and also including a given kth element which is after i, i.e., k > i .\\nassert max_sum_increasing_subseq([1, 101, 2, 3, 100, 4, 5 ], 7, 4, 6) == 11'''\\n\"}",
    "AnalyzeMeetings": "{\n  \"Architect\": \"I suggest breaking down the function into smaller, reusable components to improve modularity and maintainability. Additionally, consider using dynamic programming to optimize the performance of the function.\",\n  \"Tester\": \"I recommend thoroughly testing the function with various input scenarios, including edge cases and boundary values, to ensure its correctness and reliability. Additionally, consider implementing automated unit tests to streamline the testing process.\"\n}",
    "UserStory0": "{\n  \"RevisedDocument\": \"As a product owner, I want a function that can find the maximum sum of increasing subsequence from the prefix until the ith index, including a given kth element that is after i, so that the output matches the expected result. In order to improve modularity and maintainability, I will break down the function into smaller, reusable components. I will also consider using dynamic programming to optimize the performance of the function. Additionally, I will thoroughly test the function with various input scenarios, including edge cases and boundary values, to ensure its correctness and reliability. I will also implement automated unit tests to streamline the testing process.\"\n}",
    "UserStory0_prompt": {
        "Role": "You need to act as a professional product owner. Your duty is to revise the document based on the suggestions.",
        "Instruction": "1. Read the suggestions. 2. Revise your draft version document. 3. Response in JSON format. 4. REMEMBER: Your analysis should be high-level, rather than providing implementation details.",
        "Example": "",
        "Context": "# Suggestion:\n{\n  \"Architect\": \"I suggest breaking down the function into smaller, reusable components to improve modularity and maintainability. Additionally, consider using dynamic programming to optimize the performance of the function.\",\n  \"Tester\": \"I recommend thoroughly testing the function with various input scenarios, including edge cases and boundary values, to ensure its correctness and reliability. Additionally, consider implementing automated unit tests to streamline the testing process.\"\n}",
        "Question": "Follow the Instruction. Your colleague give you some suggestions(in the Context section) about this draft document:{\n  \"UserStory\": \"As a product owner, I want a function that can find the maximum sum of increasing subsequence from the prefix until the ith index, including a given kth element that is after i, so that the output matches the expected result.\"\n}"
    },
    "CodeDraft0": "def max_sum_increasing_subseq(a, n, index, k):\n    max_sum = 0\n    for i in range(index):\n        if a[i] < a[k]:\n            max_sum = max(max_sum, a[i])\n    return max_sum + a[k] if max_sum > 0 else a[k]",
    "CodeDraft0_prompt": {
        "Role": "You are a professional engineer. Your duty is to write code in Python that meets the requirements. Ensure that the code you write is efficient, readable, and follows best practices. Remember, do not need to explain the code you wrote.",
        "Instruction": "According to the Context section, write your code.",
        "Example": "",
        "Context": "# Tasks:\n['Define logic and algorithm for finding maximum sum of increasing subsequence']",
        "Question": "Follow the Instruction section. Complete the following code:\ndef max_sum_increasing_subseq(a, n, index, k):\n'''Write a function to find the maximum sum of increasing subsequence from prefix until ith index and also including a given kth element which is after i, i.e., k > i .\nassert max_sum_increasing_subseq([1, 101, 2, 3, 100, 4, 5 ], 7, 4, 6) == 11'''\n"
    },
    "CodeReviewMeetings0": "{\n  \"Architect\": \"The code is trying to find the maximum sum of increasing subsequence in an array. It seems to have a logical error as it should be finding the maximum sum but it is currently finding the maximum value. The logic in the for loop needs to be revised to find the sum of increasing subsequence.\",\n  \"Tester\": \"The code needs to be tested with different input arrays to check if it is giving the correct maximum sum of increasing subsequence. Also, boundary test cases should be considered to ensure the code works for edge cases as well.\"\n}",
    "Code0CR": "def max_sum_increasing_subseq(a, n, index, k):\n    max_sum = [0]*n\n    max_sum[index] = a[index]\n    for i in range(index+1, k):\n        for j in range(index, i):\n            if a[i] > a[j] and max_sum[i] < max_sum[j] + a[i]:\n                max_sum[i] = max_sum[j] + a[i]\n    return max(max_sum)",
    "Code0CR_prompt": "{\"Role\": \"You are a professional software engineer. Your duty is to write code in Python that meets the requirements. Ensure that the code you write is efficient, readable, and follows best practices. Remember, do not need to explain the code you wrote.\", \"Instruction\": \"1. Understand the suggestions(in the Context section) about the original code. 2. Rewrite your code.\", \"Example\": \"\", \"Context\": \"# Tasks:\\n['Define logic and algorithm for finding maximum sum of increasing subsequence']\\n# Suggestions:\\n{\\n  \\\"Architect\\\": \\\"The code is trying to find the maximum sum of increasing subsequence in an array. It seems to have a logical error as it should be finding the maximum sum but it is currently finding the maximum value. The logic in the for loop needs to be revised to find the sum of increasing subsequence.\\\",\\n  \\\"Tester\\\": \\\"The code needs to be tested with different input arrays to check if it is giving the correct maximum sum of increasing subsequence. Also, boundary test cases should be considered to ensure the code works for edge cases as well.\\\"\\n}\", \"Question\": \"Follow the Instruction section. Complete the following code:\\ndef max_sum_increasing_subseq(a, n, index, k):\\n'''Write a function to find the maximum sum of increasing subsequence from prefix until ith index and also including a given kth element which is after i, i.e., k > i .\\nassert max_sum_increasing_subseq([1, 101, 2, 3, 100, 4, 5 ], 7, 4, 6) == 11'''\\n\"}",
    "FinalCode": "def max_sum_increasing_subseq(a, n, index, k):\n    dp = [0]*n\n    dp[index] = a[index]\n    for i in range(index+1, k+1):\n        for j in range(i):\n            if a[i] > a[j]:\n                dp[i] = max(dp[i], dp[j]+a[i])\n    return max(dp)",
    "Test Cases Draft": "{\n  \"test_cases\": [\n    {\n      \"Test Title\": \"Test case 1\",\n      \"Input Data\": \"a=[1, 101, 2, 3, 100, 4, 5], n=7, index=4, k=6\",\n      \"Expected Output\": \"11\"\n    },\n    {\n      \"Test Title\": \"Test case 2\",\n      \"Input Data\": \"a=[5, 4, 3, 2, 1], n=5, index=2, k=4\",\n      \"Expected Output\": \"10\"\n    }\n  ]\n}",
    "Test Cases Draft_prompt": "{\"Role\": \"You are a quality assurance engineer. Your duty is to design test cases for the developers.\", \"Instruction\": \"According to the Context section, write test cases. Don't write long strings in your test cases. Response in JSON format.\", \"Example\": \"{\\\"requirement analysis\\\":\\\"analysis\\\",\\\"test_cases\\\":[{\\\"Test Title\\\":\\\"title\\\", \\\"Input Data\\\":\\\"parameter1=[1,2,3],parameter2='123'\\\", \\\"Expected Output\\\":\\\"456\\\"},]}\", \"Context\": \"# UsrtStory:\\n{\\n  \\\"RevisedDocument\\\": \\\"As a product owner, I want a function that can find the maximum sum of increasing subsequence from the prefix until the ith index, including a given kth element that is after i, so that the output matches the expected result. In order to improve modularity and maintainability, I will break down the function into smaller, reusable components. I will also consider using dynamic programming to optimize the performance of the function. Additionally, I will thoroughly test the function with various input scenarios, including edge cases and boundary values, to ensure its correctness and reliability. I will also implement automated unit tests to streamline the testing process.\\\"\\n}\\n# Tasks:\\n['Run different test cases to ensure function works as expected']\\n\", \"Question\": \"def max_sum_increasing_subseq(a, n, index, k):\\n'''Write a function to find the maximum sum of increasing subsequence from prefix until ith index and also including a given kth element which is after i, i.e., k > i .\\nassert max_sum_increasing_subseq([1, 101, 2, 3, 100, 4, 5 ], 7, 4, 6) == 11'''\\n\"}",
    "Test Cases Meetings": "{\n  \"Architect\": \"As an Architect, I suggest revising the test cases to include boundary test cases and edge cases to ensure comprehensive coverage. Additionally, the test data should be reviewed to include a variety of input scenarios.\"\n  ,\n  \"Developer\": \"As a Developer, I suggest revising the test cases to include negative test cases and error-handling scenarios. Additionally, the expected output should be reviewed to ensure accuracy and completeness.\"\n}",
    "Test Cases": "{\n  \"test_cases\": [\n    {\n      \"Test Title\": \"Test case 1\",\n      \"Input Data\": \"a=[1, 101, 2, 3, 100, 4, 5], n=7, index=4, k=6\",\n      \"Expected Output\": \"11\"\n    },\n    {\n      \"Test Title\": \"Test case 2\",\n      \"Input Data\": \"a=[5, 4, 3, 2, 1], n=5, index=2, k=4\",\n      \"Expected Output\": \"10\"\n    }\n  ]\n}",
    "Test Cases_prompt": "{\"Role\": \"You are a quality assurance engineer. Your duty is to revise the test cases based on the suggestions.\", \"Instruction\": \"1. Your colleague give you some suggestions(in the Context section) about the draft test cases, read these suggestions. 2. Revise your draft version test cases, but don't use long parameters. 3. Response in JSON format.\", \"Example\": \"{\\\"requirement analysis\\\":\\\"analysis\\\",\\\"test_cases\\\":[{\\\"Test Title\\\":\\\"title\\\", \\\"Input Data\\\":\\\"parameter1=[1,2,3],parameter2='123'\\\", \\\"Expected Output\\\":\\\"456\\\"},]}\", \"Context\": \"# Suggestions:\\n{\\n  \\\"Architect\\\": \\\"As an Architect, I suggest revising the test cases to include boundary test cases and edge cases to ensure comprehensive coverage. Additionally, the test data should be reviewed to include a variety of input scenarios.\\\"\\n  ,\\n  \\\"Developer\\\": \\\"As a Developer, I suggest revising the test cases to include negative test cases and error-handling scenarios. Additionally, the expected output should be reviewed to ensure accuracy and completeness.\\\"\\n}\\n # Draft Test cases:\\n{\\n  \\\"test_cases\\\": [\\n    {\\n      \\\"Test Title\\\": \\\"Test case 1\\\",\\n      \\\"Input Data\\\": \\\"a=[1, 101, 2, 3, 100, 4, 5], n=7, index=4, k=6\\\",\\n      \\\"Expected Output\\\": \\\"11\\\"\\n    },\\n    {\\n      \\\"Test Title\\\": \\\"Test case 2\\\",\\n      \\\"Input Data\\\": \\\"a=[5, 4, 3, 2, 1], n=5, index=2, k=4\\\",\\n      \\\"Expected Output\\\": \\\"10\\\"\\n    }\\n  ]\\n}\", \"Question\": \"Follow the Instruction. Please make sure your response length are less than 512. Your test cases is for the below question:\\ndef max_sum_increasing_subseq(a, n, index, k):\\n'''Write a function to find the maximum sum of increasing subsequence from prefix until ith index and also including a given kth element which is after i, i.e., k > i .\\nassert max_sum_increasing_subseq([1, 101, 2, 3, 100, 4, 5 ], 7, 4, 6) == 11'''\\n\"}",
    "Code0": "def max_sum_increasing_subseq(a, n, index, k):\n    max_sum = [0]*n\n    max_sum[index] = a[index]\n    for i in range(index+1, k):\n        for j in range(index, i):\n            if a[i] > a[j] and max_sum[i] < max_sum[j] + a[i]:\n                max_sum[i] = max_sum[j] + a[i]\n    return max(max_sum)",
    "Code0_prompt": {
        "Role": "You are a professional software engineer. Your duty is to write code in Python that meets the requirements. Ensure that the code you write is efficient, readable, and follows best practices. Remember, do not need to explain the code you wrote.",
        "Instruction": "1. Understand the test cases(in the Context section) about the original code. 2. Rewrite your code, make sure your code pass all test cases.",
        "Example": "",
        "Context": "# Original Code:\ndef max_sum_increasing_subseq(a, n, index, k):\n    max_sum = [0]*n\n    max_sum[index] = a[index]\n    for i in range(index+1, k):\n        for j in range(index, i):\n            if a[i] > a[j] and max_sum[i] < max_sum[j] + a[i]:\n                max_sum[i] = max_sum[j] + a[i]\n    return max(max_sum)\n# Test Cases:\n{\n  \"test_cases\": [\n    {\n      \"Test Title\": \"Test case 1\",\n      \"Input Data\": \"a=[1, 101, 2, 3, 100, 4, 5], n=7, index=4, k=6\",\n      \"Expected Output\": \"11\"\n    },\n    {\n      \"Test Title\": \"Test case 2\",\n      \"Input Data\": \"a=[5, 4, 3, 2, 1], n=5, index=2, k=4\",\n      \"Expected Output\": \"10\"\n    }\n  ]\n}",
        "Question": "def max_sum_increasing_subseq(a, n, index, k):\n'''Write a function to find the maximum sum of increasing subsequence from prefix until ith index and also including a given kth element which is after i, i.e., k > i .\nassert max_sum_increasing_subseq([1, 101, 2, 3, 100, 4, 5 ], 7, 4, 6) == 11'''\n"
    },
    "TestScriptOriginal": "import unittest\n\ndef max_sum_increasing_subseq(a, n, index, k):\n    # Write your function implementation here\n    pass\n\nclass Test(unittest.TestCase):\n    def test(self):\n        self.assertEqual(max_sum_increasing_subseq([1, 101, 2, 3, 100, 4, 5 ], 7, 4, 6), 11)\n\nif __name__ == '__main__':\n    unittest.main()",
    "TestScriptOriginal_prompt": "{\"Role\": \"You are a quality assurance engineer. Your duty is to write a python test script in unittest framework.\", \"Instruction\": \"1. Write a python test script. 2. Use the input and output given by the question.\", \"Example\": \"import unittest\\n\\nclass Test(unittest.TestCase):\\n    def test(self):\\n        self.assertEqual(function_under_test('a'), 1)\\n\\nif __name__ == '__main__':\\n    unittest.main()\", \"Context\": \"\", \"Question\": \"def max_sum_increasing_subseq(a, n, index, k):\\n'''Write a function to find the maximum sum of increasing subsequence from prefix until ith index and also including a given kth element which is after i, i.e., k > i .\\nassert max_sum_increasing_subseq([1, 101, 2, 3, 100, 4, 5 ], 7, 4, 6) == 11'''\\n\"}",
    "TestScript": "import unittest\n\nclass Test(unittest.TestCase):\n    def test(self):\n        self.assertEqual(max_sum_increasing_subseq([1, 101, 2, 3, 100, 4, 5 ], 7, 4, 6), 11)\n\nif __name__ == '__main__':\n    unittest.main()",
    "ScriptResult0": "F\n======================================================================\nFAIL: test (__main__.Test)\n----------------------------------------------------------------------\nTraceback (most recent call last):\n  File \"/Users/watch/PycharmProjects/XXXX-1-LLM/workspace/2024-03-11_10-27-08-331292/test_script.py\", line 13, in test\n    self.assertEqual(max_sum_increasing_subseq([1, 101, 2, 3, 100, 4, 5 ], 7, 4, 6), 11)\nAssertionError: 100 != 11\n\n----------------------------------------------------------------------\nRan 1 test in 0.000s\n\nFAILED (failures=1)\n",
    "TestReport0": "Test Report:\n\nTest Script's Output:\nF\n======================================================================\nFAIL: test (__main__.Test)\n----------------------------------------------------------------------\nTraceback (most recent call last):\n  File \"/Users/watch/PycharmProjects/XXXX-1-LLM/workspace/2024-03-11_10-27-08-331292/test_script.py\", line 13, in test\n    self.assertEqual(max_sum_increasing_subseq([1, 101, 2, 3, 100, 4, 5 ], 7, 4, 6), 11)\nAssertionError: 100 != 11\n\n----------------------------------------------------------------------\nRan 1 test in 0.000s\n\nFAILED (failures=1)\n\nCode has failed the test. The input and expected output example are as follows:\n\nInput:\nArray: [1, 101, 2, 3, 100, 4, 5]\nn: 7\nindex: 4\nk: 6\n\nExpected Output: 11\n\nThe code has not produced the expected output of 11. The actual output was 100. Further investigation is required to identify the issue and resolve the failing test case.\n\nConclusion: Code Test Failed",
    "SprintReview0": "[ScrumMaster]says: Here is our test Report: Test Report:\n\nTest Script's Output:\nF\n======================================================================\nFAIL: test (__main__.Test)\n----------------------------------------------------------------------\nTraceback (most recent call last):\n  File \"/Users/watch/PycharmProjects/XXXX-1-LLM/workspace/2024-03-11_10-27-08-331292/test_script.py\", line 13, in test\n    self.assertEqual(max_sum_increasing_subseq([1, 101, 2, 3, 100, 4, 5 ], 7, 4, 6), 11)\nAssertionError: 100 != 11\n\n----------------------------------------------------------------------\nRan 1 test in 0.000s\n\nFAILED (failures=1)\n\nCode has failed the test. The input and expected output example are as follows:\n\nInput:\nArray: [1, 101, 2, 3, 100, 4, 5]\nn: 7\nindex: 4\nk: 6\n\nExpected Output: 11\n\nThe code has not produced the expected output of 11. The actual output was 100. Further investigation is required to identify the issue and resolve the failing test case.\n\nConclusion: Code Test Failed, do you have any ideas?\n-----\n\n[Developer]says: As a Developer, I will review the test script and identify the issue that caused the code to fail.\n-----\n\n[Architect]says: As an Architect, I suggest that we review the code and identify the logic that caused the test to fail before making any changes.\n-----\n\n[Tester]says: As a Tester, it is important to review the test report and investigate the failed test case to identify the issue and find a resolution.\n-----\n\n[ProductOwner]says: As a Product Owner, I think we need to prioritize fixing this failing test case before moving forward with any other tasks.\n-----\n\n[Developer]says: As a Developer, I will review the test script and identify the issue that caused the code to fail.\n-----\n\n[ProductOwner]says: As a Product Owner, I agree that we need to prioritize fixing this failing test case before moving forward with any other tasks.\n-----\n\n[Tester]says: [Tester] I will conduct a thorough investigation of the failed test case to identify the issue and find a resolution.\n-----\n\n[Architect]says: As an Architect, I suggest that we review the code and identify the logic that caused the test to fail before making any changes.\n-----\n",
    "SprintReviewMeetings0": "{\n  \"product-owner\": [\"I think we need to prioritize fixing this failing test case before moving forward with any other tasks.\"],\n  \"architect\": [\"I suggest that we review the code and identify the logic that caused the test to fail before making any changes.\"],\n  \"developer\": [\"As a Developer, I will review the test script and identify the issue that caused the code to fail.\"],\n  \"tester\": [\"It is important to review the test report and investigate the failed test case to identify the issue and find a resolution.\", \"I will conduct a thorough investigation of the failed test case to identify the issue and find a resolution.\"]\n}",
    "SprintReviewMeetings0_prompt": "{\"Role\": \"You are a professional scrum master. Your goal is to summary the Discussion History into a suggestions list for the scrum team.\", \"Instruction\": \"1. Read and Understand the Discussion History. 2. Summary the suggestions from four roles: product-owner/architect/developer/tester. 3. Response in JSON format.\", \"Example\": \"{\\\"product-owner\\\":[\\\"suggestion1\\\",\\\"suggestion2\\\"],\\\"architect\\\":[\\\"suggestion1\\\",\\\"suggestion2\\\"], \\\"developer\\\":[\\\"suggestion1\\\",\\\"suggestion2\\\"], \\\"tester\\\":[\\\"suggestion1\\\",\\\"suggestion2\\\"]}\", \"Context\": \"[ScrumMaster]says: Here is our test Report: Test Report:\\n\\nTest Script's Output:\\nF\\n======================================================================\\nFAIL: test (__main__.Test)\\n----------------------------------------------------------------------\\nTraceback (most recent call last):\\n  File \\\"/Users/watch/PycharmProjects/XXXX-1-LLM/workspace/2024-03-11_10-27-08-331292/test_script.py\\\", line 13, in test\\n    self.assertEqual(max_sum_increasing_subseq([1, 101, 2, 3, 100, 4, 5 ], 7, 4, 6), 11)\\nAssertionError: 100 != 11\\n\\n----------------------------------------------------------------------\\nRan 1 test in 0.000s\\n\\nFAILED (failures=1)\\n\\nCode has failed the test. The input and expected output example are as follows:\\n\\nInput:\\nArray: [1, 101, 2, 3, 100, 4, 5]\\nn: 7\\nindex: 4\\nk: 6\\n\\nExpected Output: 11\\n\\nThe code has not produced the expected output of 11. The actual output was 100. Further investigation is required to identify the issue and resolve the failing test case.\\n\\nConclusion: Code Test Failed, do you have any ideas?\\n-----\\n\\n[Developer]says: As a Developer, I will review the test script and identify the issue that caused the code to fail.\\n-----\\n\\n[Architect]says: As an Architect, I suggest that we review the code and identify the logic that caused the test to fail before making any changes.\\n-----\\n\\n[Tester]says: As a Tester, it is important to review the test report and investigate the failed test case to identify the issue and find a resolution.\\n-----\\n\\n[ProductOwner]says: As a Product Owner, I think we need to prioritize fixing this failing test case before moving forward with any other tasks.\\n-----\\n\\n[Developer]says: As a Developer, I will review the test script and identify the issue that caused the code to fail.\\n-----\\n\\n[ProductOwner]says: As a Product Owner, I agree that we need to prioritize fixing this failing test case before moving forward with any other tasks.\\n-----\\n\\n[Tester]says: [Tester] I will conduct a thorough investigation of the failed test case to identify the issue and find a resolution.\\n-----\\n\\n[Architect]says: As an Architect, I suggest that we review the code and identify the logic that caused the test to fail before making any changes.\\n-----\\n\", \"Question\": \"Follow the Instruction section. The Discussion History is in the Context section. You only need to return a list as the Example section.\"}",
    "RepairResponse0": "{\n  \"revised_code\": \"def max_sum_increasing_subseq(a, n, index, k):\\n    dp = [0]*n\\n    dp[index] = a[index]\\n\\n    for i in range(index+1, n):\\n        if a[i] > a[index]:\\n            dp[i] = max(dp[i], dp[index] + a[i])\\n        else:\\n            dp[i] = max(dp[i], dp[index])\\n\\n    return dp[index] + a[k]\"\n}",
    "RepairResponse0_prompt": {
        "Role": "You are a professional software engineer. Your duty is to write code in Python that meets the requirements. Ensure that the code you write is efficient, readable, and follows best practices. Remember, do not need to explain the code you wrote.",
        "Instruction": "1. Rewrite a bug fix version of the original code. 2. Response in JSON format.",
        "Example": "{\"revised_code\":\"...\"}",
        "Context": "# Test Report:\nTest Report:\n\nTest Script's Output:\nF\n======================================================================\nFAIL: test (__main__.Test)\n----------------------------------------------------------------------\nTraceback (most recent call last):\n  File \"/Users/watch/PycharmProjects/XXXX-1-LLM/workspace/2024-03-11_10-27-08-331292/test_script.py\", line 13, in test\n    self.assertEqual(max_sum_increasing_subseq([1, 101, 2, 3, 100, 4, 5 ], 7, 4, 6), 11)\nAssertionError: 100 != 11\n\n----------------------------------------------------------------------\nRan 1 test in 0.000s\n\nFAILED (failures=1)\n\nCode has failed the test. The input and expected output example are as follows:\n\nInput:\nArray: [1, 101, 2, 3, 100, 4, 5]\nn: 7\nindex: 4\nk: 6\n\nExpected Output: 11\n\nThe code has not produced the expected output of 11. The actual output was 100. Further investigation is required to identify the issue and resolve the failing test case.\n\nConclusion: Code Test Failed# suggestions:\n{\"product-owner\": [\"I think we need to prioritize fixing this failing test case before moving forward with any other tasks.\"], \"architect\": [\"I suggest that we review the code and identify the logic that caused the test to fail before making any changes.\"], \"developer\": [\"As a Developer, I will review the test script and identify the issue that caused the code to fail.\"], \"tester\": [\"It is important to review the test report and investigate the failed test case to identify the issue and find a resolution.\", \"I will conduct a thorough investigation of the failed test case to identify the issue and find a resolution.\"]}",
        "Question": "The original code has some bugs, according to the test report and suggestions, rewrite the code. Complete the following code:\ndef max_sum_increasing_subseq(a, n, index, k):\n'''Write a function to find the maximum sum of increasing subsequence from prefix until ith index and also including a given kth element which is after i, i.e., k > i .\nassert max_sum_increasing_subseq([1, 101, 2, 3, 100, 4, 5 ], 7, 4, 6) == 11'''\n"
    },
    "Code1": "def max_sum_increasing_subseq(a, n, index, k):\n    dp = [0]*n\n    dp[index] = a[index]\n\n    for i in range(index+1, n):\n        if a[i] > a[index]:\n            dp[i] = max(dp[i], dp[index] + a[i])\n        else:\n            dp[i] = max(dp[i], dp[index])\n\n    return dp[index] + a[k]",
    "ScriptResult1": "F\n======================================================================\nFAIL: test (__main__.Test)\n----------------------------------------------------------------------\nTraceback (most recent call last):\n  File \"/Users/watch/PycharmProjects/XXXX-1-LLM/workspace/2024-03-11_10-27-08-331292/test_script.py\", line 16, in test\n    self.assertEqual(max_sum_increasing_subseq([1, 101, 2, 3, 100, 4, 5 ], 7, 4, 6), 11)\nAssertionError: 105 != 11\n\n----------------------------------------------------------------------\nRan 1 test in 0.000s\n\nFAILED (failures=1)\n",
    "TestReport1": "Test Report:\n\nTest script's output:\nF\n======================================================================\nFAIL: test (__main__.Test)\n----------------------------------------------------------------------\nTraceback (most recent call last):\n  File \"/Users/watch/PycharmProjects/XXXX-1-LLM/workspace/2024-03-11_10-27-08-331292/test_script.py\", line 16, in test\n    self.assertEqual(max_sum_increasing_subseq([1, 101, 2, 3, 100, 4, 5 ], 7, 4, 6), 11)\nAssertionError: 105 != 11\n\n----------------------------------------------------------------------\nRan 1 test in 0.000s\n\nFAILED (failures=1)\n\nCode Test Result: FAIL\n\nInput and Expected Output Example:\nInput: max_sum_increasing_subseq([1, 101, 2, 3, 100, 4, 5 ], 7, 4, 6)\nExpected Output: 11\nActual Output: 105\n\nConclusion: Code Test Failed\n\nAdditional Notes:\nThe test case failed as the actual output (105) did not match the expected output (11). The function max_sum_increasing_subseq() did not produce the expected result for the given input.\n\nRecommendation:\nThe code needs to be reviewed and modified to ensure that it produces the expected output for the given input.\n\nCode Test Result: FAIL",
    "SprintReview1": "[ScrumMaster]says: Here is our test Report: Test Report:\n\nTest script's output:\nF\n======================================================================\nFAIL: test (__main__.Test)\n----------------------------------------------------------------------\nTraceback (most recent call last):\n  File \"/Users/watch/PycharmProjects/XXXX-1-LLM/workspace/2024-03-11_10-27-08-331292/test_script.py\", line 16, in test\n    self.assertEqual(max_sum_increasing_subseq([1, 101, 2, 3, 100, 4, 5 ], 7, 4, 6), 11)\nAssertionError: 105 != 11\n\n----------------------------------------------------------------------\nRan 1 test in 0.000s\n\nFAILED (failures=1)\n\nCode Test Result: FAIL\n\nInput and Expected Output Example:\nInput: max_sum_increasing_subseq([1, 101, 2, 3, 100, 4, 5 ], 7, 4, 6)\nExpected Output: 11\nActual Output: 105\n\nConclusion: Code Test Failed\n\nAdditional Notes:\nThe test case failed as the actual output (105) did not match the expected output (11). The function max_sum_increasing_subseq() did not produce the expected result for the given input.\n\nRecommendation:\nThe code needs to be reviewed and modified to ensure that it produces the expected output for the given input.\n\nCode Test Result: FAIL, do you have any ideas?\n-----\n\n[Architect]says: As an architect, I think we need to review the code and identify the issue before making any modifications.\n-----\n\n[Tester]says: As a Tester, I recommend reviewing and modifying the code to ensure it produces the expected output for the given input.\n-----\n\n[Developer]says: As a Developer, I think we should review the max_sum_increasing_subseq function and identify the issue causing the test case to fail.\n-----\n\n[ProductOwner]says: As a Product Owner, I think we need to prioritize fixing the code and ensuring that it produces the expected output for the given input in order to move forward with the development of the product.\n-----\n\n[Architect]says: As an architect, I believe we should analyze the code thoroughly to identify the issue before making any modifications.\n-----\n\n[Tester]says: [Tester]says: We should review and modify the code to ensure it produces the expected output for the given input.\n-----\n\n[Developer]says: As a Developer, I agree that we should review the max_sum_increasing_subseq function and identify the issue causing the test case to fail.\n-----\n\n[ProductOwner]says: As a Product Owner, I think we need to prioritize fixing the code and ensuring that it produces the expected output for the given input in order to move forward with the development of the product.\n-----\n",
    "SprintReviewMeetings1": "{\n  \"product-owner\": [\n    \"We need to prioritize fixing the code and ensuring it produces the expected output.\"\n  ],\n  \"architect\": [\n    \"Review the code thoroughly to identify the issue before making any modifications.\"\n  ],\n  \"developer\": [\n    \"Review the max_sum_increasing_subseq function and identify the issue causing the test case to fail.\"\n  ],\n  \"tester\": [\n    \"Review and modify the code to ensure it produces the expected output.\"\n  ]\n}",
    "SprintReviewMeetings1_prompt": "{\"Role\": \"You are a professional scrum master. Your goal is to summary the Discussion History into a suggestions list for the scrum team.\", \"Instruction\": \"1. Read and Understand the Discussion History. 2. Summary the suggestions from four roles: product-owner/architect/developer/tester. 3. Response in JSON format.\", \"Example\": \"{\\\"product-owner\\\":[\\\"suggestion1\\\",\\\"suggestion2\\\"],\\\"architect\\\":[\\\"suggestion1\\\",\\\"suggestion2\\\"], \\\"developer\\\":[\\\"suggestion1\\\",\\\"suggestion2\\\"], \\\"tester\\\":[\\\"suggestion1\\\",\\\"suggestion2\\\"]}\", \"Context\": \"[ScrumMaster]says: Here is our test Report: Test Report:\\n\\nTest script's output:\\nF\\n======================================================================\\nFAIL: test (__main__.Test)\\n----------------------------------------------------------------------\\nTraceback (most recent call last):\\n  File \\\"/Users/watch/PycharmProjects/XXXX-1-LLM/workspace/2024-03-11_10-27-08-331292/test_script.py\\\", line 16, in test\\n    self.assertEqual(max_sum_increasing_subseq([1, 101, 2, 3, 100, 4, 5 ], 7, 4, 6), 11)\\nAssertionError: 105 != 11\\n\\n----------------------------------------------------------------------\\nRan 1 test in 0.000s\\n\\nFAILED (failures=1)\\n\\nCode Test Result: FAIL\\n\\nInput and Expected Output Example:\\nInput: max_sum_increasing_subseq([1, 101, 2, 3, 100, 4, 5 ], 7, 4, 6)\\nExpected Output: 11\\nActual Output: 105\\n\\nConclusion: Code Test Failed\\n\\nAdditional Notes:\\nThe test case failed as the actual output (105) did not match the expected output (11). The function max_sum_increasing_subseq() did not produce the expected result for the given input.\\n\\nRecommendation:\\nThe code needs to be reviewed and modified to ensure that it produces the expected output for the given input.\\n\\nCode Test Result: FAIL, do you have any ideas?\\n-----\\n\\n[Architect]says: As an architect, I think we need to review the code and identify the issue before making any modifications.\\n-----\\n\\n[Tester]says: As a Tester, I recommend reviewing and modifying the code to ensure it produces the expected output for the given input.\\n-----\\n\\n[Developer]says: As a Developer, I think we should review the max_sum_increasing_subseq function and identify the issue causing the test case to fail.\\n-----\\n\\n[ProductOwner]says: As a Product Owner, I think we need to prioritize fixing the code and ensuring that it produces the expected output for the given input in order to move forward with the development of the product.\\n-----\\n\\n[Architect]says: As an architect, I believe we should analyze the code thoroughly to identify the issue before making any modifications.\\n-----\\n\\n[Tester]says: [Tester]says: We should review and modify the code to ensure it produces the expected output for the given input.\\n-----\\n\\n[Developer]says: As a Developer, I agree that we should review the max_sum_increasing_subseq function and identify the issue causing the test case to fail.\\n-----\\n\\n[ProductOwner]says: As a Product Owner, I think we need to prioritize fixing the code and ensuring that it produces the expected output for the given input in order to move forward with the development of the product.\\n-----\\n\", \"Question\": \"Follow the Instruction section. The Discussion History is in the Context section. You only need to return a list as the Example section.\"}",
    "RepairResponse1": "{\n  \"revised_code\": \"def max_sum_increasing_subseq(a, n, index, k):\\n    dp = [0]*n\\n    dp[index] = a[index]\\n\\n    for i in range(index+1, n):\\n        if a[i] > a[index]:\\n            dp[i] = max(dp[i], dp[index]+a[i])\\n\\n    return max(dp) + a[k]\"\n}",
    "RepairResponse1_prompt": {
        "Role": "You are a professional software engineer. Your duty is to write code in Python that meets the requirements. Ensure that the code you write is efficient, readable, and follows best practices. Remember, do not need to explain the code you wrote.",
        "Instruction": "1. Rewrite a bug fix version of the original code. 2. Response in JSON format.",
        "Example": "{\"revised_code\":\"...\"}",
        "Context": "# Test Report:\nTest Report:\n\nTest script's output:\nF\n======================================================================\nFAIL: test (__main__.Test)\n----------------------------------------------------------------------\nTraceback (most recent call last):\n  File \"/Users/watch/PycharmProjects/XXXX-1-LLM/workspace/2024-03-11_10-27-08-331292/test_script.py\", line 16, in test\n    self.assertEqual(max_sum_increasing_subseq([1, 101, 2, 3, 100, 4, 5 ], 7, 4, 6), 11)\nAssertionError: 105 != 11\n\n----------------------------------------------------------------------\nRan 1 test in 0.000s\n\nFAILED (failures=1)\n\nCode Test Result: FAIL\n\nInput and Expected Output Example:\nInput: max_sum_increasing_subseq([1, 101, 2, 3, 100, 4, 5 ], 7, 4, 6)\nExpected Output: 11\nActual Output: 105\n\nConclusion: Code Test Failed\n\nAdditional Notes:\nThe test case failed as the actual output (105) did not match the expected output (11). The function max_sum_increasing_subseq() did not produce the expected result for the given input.\n\nRecommendation:\nThe code needs to be reviewed and modified to ensure that it produces the expected output for the given input.\n\nCode Test Result: FAIL# suggestions:\n{\"product-owner\": [\"We need to prioritize fixing the code and ensuring it produces the expected output.\"], \"architect\": [\"Review the code thoroughly to identify the issue before making any modifications.\"], \"developer\": [\"Review the max_sum_increasing_subseq function and identify the issue causing the test case to fail.\"], \"tester\": [\"Review and modify the code to ensure it produces the expected output.\"]}",
        "Question": "The original code has some bugs, according to the test report and suggestions, rewrite the code. Complete the following code:\ndef max_sum_increasing_subseq(a, n, index, k):\n'''Write a function to find the maximum sum of increasing subsequence from prefix until ith index and also including a given kth element which is after i, i.e., k > i .\nassert max_sum_increasing_subseq([1, 101, 2, 3, 100, 4, 5 ], 7, 4, 6) == 11'''\n"
    },
    "Code2": "def max_sum_increasing_subseq(a, n, index, k):\n    dp = [0]*n\n    dp[index] = a[index]\n\n    for i in range(index+1, n):\n        if a[i] > a[index]:\n            dp[i] = max(dp[i], dp[index]+a[i])\n\n    return max(dp) + a[k]",
    "ScriptResult2": "F\n======================================================================\nFAIL: test (__main__.Test)\n----------------------------------------------------------------------\nTraceback (most recent call last):\n  File \"/Users/watch/PycharmProjects/XXXX-1-LLM/workspace/2024-03-11_10-27-08-331292/test_script.py\", line 14, in test\n    self.assertEqual(max_sum_increasing_subseq([1, 101, 2, 3, 100, 4, 5 ], 7, 4, 6), 11)\nAssertionError: 105 != 11\n\n----------------------------------------------------------------------\nRan 1 test in 0.000s\n\nFAILED (failures=1)\n",
    "TestReport2": "Test Report:\n\nTest script's output:\nF\n======================================================================\nFAIL: test (__main__.Test)\n----------------------------------------------------------------------\nTraceback (most recent call last):\n  File \"/Users/watch/PycharmProjects/XXXX-1-LLM/workspace/2024-03-11_10-27-08-331292/test_script.py\", line 14, in test\n    self.assertEqual(max_sum_increasing_subseq([1, 101, 2, 3, 100, 4, 5 ], 7, 4, 6), 11)\nAssertionError: 105 != 11\n\n----------------------------------------------------------------------\nRan 1 test in 0.000s\n\nFAILED (failures=1)\n\nCode Test Result: FAIL\n\nInput and Expected Output Example:\nInput: max_sum_increasing_subseq([1, 101, 2, 3, 100, 4, 5 ], 7, 4, 6)\nExpected Output: 11\n\nConclusion: Code Test Failed",
    "SprintReview2": "[ScrumMaster]says: Here is our test Report: Test Report:\n\nTest script's output:\nF\n======================================================================\nFAIL: test (__main__.Test)\n----------------------------------------------------------------------\nTraceback (most recent call last):\n  File \"/Users/watch/PycharmProjects/XXXX-1-LLM/workspace/2024-03-11_10-27-08-331292/test_script.py\", line 14, in test\n    self.assertEqual(max_sum_increasing_subseq([1, 101, 2, 3, 100, 4, 5 ], 7, 4, 6), 11)\nAssertionError: 105 != 11\n\n----------------------------------------------------------------------\nRan 1 test in 0.000s\n\nFAILED (failures=1)\n\nCode Test Result: FAIL\n\nInput and Expected Output Example:\nInput: max_sum_increasing_subseq([1, 101, 2, 3, 100, 4, 5 ], 7, 4, 6)\nExpected Output: 11\n\nConclusion: Code Test Failed, do you have any ideas?\n-----\n\n[Developer]says: As a Developer, I will review the test script and debug the code to identify and fix the issue causing the test failure.\n-----\n\n[ProductOwner]says: As a Product Owner, I think we should prioritize fixing the failed test and ensuring the code meets the expected output.\n-----\n\n[Architect]says: As an Architect, I suggest conducting a code review to identify the root cause of the test failure and improve the code quality to prevent similar issues in the future.\n-----\n\n[Tester]says: As a Tester, it seems like there is an issue with the code test failing and the expected output not matching the actual output. We should investigate the test script and the function max_sum_increasing_subseq to identify the root cause of the failure.\n-----\n\n[Developer]says: As a Developer, I will review the test script and debug the code to identify and fix the issue causing the test failure.\n-----\n\n[ProductOwner]says: As a Product Owner, I agree that fixing the failed test and ensuring the code meets the expected output should be a priority.\n-----\n\n[Architect]says: As an Architect, I suggest conducting a code review to identify the root cause of the test failure and improve the code quality to prevent similar issues in the future.\n-----\n\n[Tester]says: As a Tester, I agree that we should investigate the test script and the function max_sum_increasing_subseq to identify the root cause of the failure.\n-----\n",
    "SprintReviewMeetings2": "{\n  \"product-owner\":[\"I think we should prioritize fixing the failed test and ensuring the code meets the expected output.\", \"I agree that fixing the failed test and ensuring the code meets the expected output should be a priority.\"],\n  \"architect\":[\"I suggest conducting a code review to identify the root cause of the test failure and improve the code quality to prevent similar issues in the future.\", \"I suggest conducting a code review to identify the root cause of the test failure and improve the code quality to prevent similar issues in the future.\"],\n  \"developer\":[\"I will review the test script and debug the code to identify and fix the issue causing the test failure.\", \"I will review the test script and debug the code to identify and fix the issue causing the test failure.\"],\n  \"tester\":[\"It seems like there is an issue with the code test failing and the expected output not matching the actual output. We should investigate the test script and the function max_sum_increasing_subseq to identify the root cause of the failure.\", \"I agree that we should investigate the test script and the function max_sum_increasing_subseq to identify the root cause of the failure.\"]\n}",
    "SprintReviewMeetings2_prompt": "{\"Role\": \"You are a professional scrum master. Your goal is to summary the Discussion History into a suggestions list for the scrum team.\", \"Instruction\": \"1. Read and Understand the Discussion History. 2. Summary the suggestions from four roles: product-owner/architect/developer/tester. 3. Response in JSON format.\", \"Example\": \"{\\\"product-owner\\\":[\\\"suggestion1\\\",\\\"suggestion2\\\"],\\\"architect\\\":[\\\"suggestion1\\\",\\\"suggestion2\\\"], \\\"developer\\\":[\\\"suggestion1\\\",\\\"suggestion2\\\"], \\\"tester\\\":[\\\"suggestion1\\\",\\\"suggestion2\\\"]}\", \"Context\": \"[ScrumMaster]says: Here is our test Report: Test Report:\\n\\nTest script's output:\\nF\\n======================================================================\\nFAIL: test (__main__.Test)\\n----------------------------------------------------------------------\\nTraceback (most recent call last):\\n  File \\\"/Users/watch/PycharmProjects/XXXX-1-LLM/workspace/2024-03-11_10-27-08-331292/test_script.py\\\", line 14, in test\\n    self.assertEqual(max_sum_increasing_subseq([1, 101, 2, 3, 100, 4, 5 ], 7, 4, 6), 11)\\nAssertionError: 105 != 11\\n\\n----------------------------------------------------------------------\\nRan 1 test in 0.000s\\n\\nFAILED (failures=1)\\n\\nCode Test Result: FAIL\\n\\nInput and Expected Output Example:\\nInput: max_sum_increasing_subseq([1, 101, 2, 3, 100, 4, 5 ], 7, 4, 6)\\nExpected Output: 11\\n\\nConclusion: Code Test Failed, do you have any ideas?\\n-----\\n\\n[Developer]says: As a Developer, I will review the test script and debug the code to identify and fix the issue causing the test failure.\\n-----\\n\\n[ProductOwner]says: As a Product Owner, I think we should prioritize fixing the failed test and ensuring the code meets the expected output.\\n-----\\n\\n[Architect]says: As an Architect, I suggest conducting a code review to identify the root cause of the test failure and improve the code quality to prevent similar issues in the future.\\n-----\\n\\n[Tester]says: As a Tester, it seems like there is an issue with the code test failing and the expected output not matching the actual output. We should investigate the test script and the function max_sum_increasing_subseq to identify the root cause of the failure.\\n-----\\n\\n[Developer]says: As a Developer, I will review the test script and debug the code to identify and fix the issue causing the test failure.\\n-----\\n\\n[ProductOwner]says: As a Product Owner, I agree that fixing the failed test and ensuring the code meets the expected output should be a priority.\\n-----\\n\\n[Architect]says: As an Architect, I suggest conducting a code review to identify the root cause of the test failure and improve the code quality to prevent similar issues in the future.\\n-----\\n\\n[Tester]says: As a Tester, I agree that we should investigate the test script and the function max_sum_increasing_subseq to identify the root cause of the failure.\\n-----\\n\", \"Question\": \"Follow the Instruction section. The Discussion History is in the Context section. You only need to return a list as the Example section.\"}",
    "RepairResponse2": "{\n  \"revised_code\": \"def max_sum_increasing_subseq(a, n, index, k):\\n    dp = [0]*n\\n    dp[index] = a[index]\\n    for i in range(index+1, k+1):\\n        for j in range(i):\\n            if a[i] > a[j]:\\n                dp[i] = max(dp[i], dp[j]+a[i])\\n    return max(dp)\"\n}",
    "RepairResponse2_prompt": {
        "Role": "You are a professional software engineer. Your duty is to write code in Python that meets the requirements. Ensure that the code you write is efficient, readable, and follows best practices. Remember, do not need to explain the code you wrote.",
        "Instruction": "1. Rewrite a bug fix version of the original code. 2. Response in JSON format.",
        "Example": "{\"revised_code\":\"...\"}",
        "Context": "# Test Report:\nTest Report:\n\nTest script's output:\nF\n======================================================================\nFAIL: test (__main__.Test)\n----------------------------------------------------------------------\nTraceback (most recent call last):\n  File \"/Users/watch/PycharmProjects/XXXX-1-LLM/workspace/2024-03-11_10-27-08-331292/test_script.py\", line 14, in test\n    self.assertEqual(max_sum_increasing_subseq([1, 101, 2, 3, 100, 4, 5 ], 7, 4, 6), 11)\nAssertionError: 105 != 11\n\n----------------------------------------------------------------------\nRan 1 test in 0.000s\n\nFAILED (failures=1)\n\nCode Test Result: FAIL\n\nInput and Expected Output Example:\nInput: max_sum_increasing_subseq([1, 101, 2, 3, 100, 4, 5 ], 7, 4, 6)\nExpected Output: 11\n\nConclusion: Code Test Failed# suggestions:\n{\"product-owner\": [\"I think we should prioritize fixing the failed test and ensuring the code meets the expected output.\", \"I agree that fixing the failed test and ensuring the code meets the expected output should be a priority.\"], \"architect\": [\"I suggest conducting a code review to identify the root cause of the test failure and improve the code quality to prevent similar issues in the future.\", \"I suggest conducting a code review to identify the root cause of the test failure and improve the code quality to prevent similar issues in the future.\"], \"developer\": [\"I will review the test script and debug the code to identify and fix the issue causing the test failure.\", \"I will review the test script and debug the code to identify and fix the issue causing the test failure.\"], \"tester\": [\"It seems like there is an issue with the code test failing and the expected output not matching the actual output. We should investigate the test script and the function max_sum_increasing_subseq to identify the root cause of the failure.\", \"I agree that we should investigate the test script and the function max_sum_increasing_subseq to identify the root cause of the failure.\"]}",
        "Question": "The original code has some bugs, according to the test report and suggestions, rewrite the code. Complete the following code:\ndef max_sum_increasing_subseq(a, n, index, k):\n'''Write a function to find the maximum sum of increasing subsequence from prefix until ith index and also including a given kth element which is after i, i.e., k > i .\nassert max_sum_increasing_subseq([1, 101, 2, 3, 100, 4, 5 ], 7, 4, 6) == 11'''\n"
    },
    "Code3": "def max_sum_increasing_subseq(a, n, index, k):\n    dp = [0]*n\n    dp[index] = a[index]\n    for i in range(index+1, k+1):\n        for j in range(i):\n            if a[i] > a[j]:\n                dp[i] = max(dp[i], dp[j]+a[i])\n    return max(dp)",
    "ScriptResult3": "F\n======================================================================\nFAIL: test (__main__.Test)\n----------------------------------------------------------------------\nTraceback (most recent call last):\n  File \"/Users/watch/PycharmProjects/XXXX-1-LLM/workspace/2024-03-11_10-27-08-331292/test_script.py\", line 13, in test\n    self.assertEqual(max_sum_increasing_subseq([1, 101, 2, 3, 100, 4, 5 ], 7, 4, 6), 11)\nAssertionError: 100 != 11\n\n----------------------------------------------------------------------\nRan 1 test in 0.000s\n\nFAILED (failures=1)\n",
    "TestReport3": "Test Report:\n\nTest script's output:\nF\n======================================================================\nFAIL: test (__main__.Test)\n----------------------------------------------------------------------\nTraceback (most recent call last):\n  File \"/Users/watch/PycharmProjects/XXXX-1-LLM/workspace/2024-03-11_10-27-08-331292/test_script.py\", line 13, in test\n    self.assertEqual(max_sum_increasing_subseq([1, 101, 2, 3, 100, 4, 5 ], 7, 4, 6), 11)\nAssertionError: 100 != 11\n\n----------------------------------------------------------------------\nRan 1 test in 0.000s\n\nFAILED (failures=1)\n\nCode Test Failed\n\nInput example:\nArray: [1, 101, 2, 3, 100, 4, 5]\nn: 7\nindex: 4\nk: 6\n\nExpected output: 11\n\nConclusion:\nThe code has failed the test. The expected output was 11, but the actual output was 100. The max_sum_increasing_subseq function did not return the correct result.\n\nCode Test Failed"
}