{
    "start_time": "2024-02-13_19-47-56-807424",
    "task": "\ndef solve(N):\n    \"\"\"Given a positive integer N, return the total sum of its digits in binary.\n    \n    Example\n        For N = 1000, the sum of digits will be 1 the output should be \"1\".\n        For N = 150, the sum of digits will be 6 the output should be \"110\".\n        For N = 147, the sum of digits will be 12 the output should be \"1100\".\n    \n    Variables:\n        @N integer\n             Constraints: 0 \u2264 N \u2264 10000.\n    Output:\n         a string of binary number\n    \"\"\"\n",
    "datetime": {
        "task": "2024-02-13 19:47:56",
        "task-id": "2024-02-13 19:47:56",
        "workflow": "2024-02-13 19:47:56",
        "AnalyzeDraft": "2024-02-13 19:47:58",
        "AnalyzeMeetings": "2024-02-13 19:48:00",
        "Analyze": "2024-02-13 19:48:04",
        "DesignDraft": "2024-02-13 19:48:06",
        "DesignMeetings": "2024-02-13 19:48:07",
        "Design": "2024-02-13 19:48:09",
        "Test Cases Draft": "2024-02-13 19:48:11",
        "Test Cases Meetings": "2024-02-13 19:48:13",
        "Test Cases": "2024-02-13 19:48:16",
        "Code0draft": "2024-02-13 19:48:17",
        "Code0": "2024-02-13 19:48:17",
        "TestScriptOriginal": "2024-02-13 19:48:18",
        "TestScript": "2024-02-13 19:48:18",
        "ScriptResult0": "2024-02-13 19:48:18",
        "TestReport0": "2024-02-13 19:48:21",
        "RepairResponse1": "2024-02-13 19:48:22",
        "Code1": "2024-02-13 19:48:22",
        "ScriptResult1": "2024-02-13 19:48:22",
        "TestReport1": "2024-02-13 19:48:24",
        "RepairResponse2": "2024-02-13 19:48:25",
        "Code2": "2024-02-13 19:48:25",
        "ScriptResult2": "2024-02-13 19:48:25",
        "TestReport2": "2024-02-13 19:48:28",
        "FinalCode": "2024-02-13 19:48:28"
    },
    "task-id": "HumanEval/84",
    "workflow": "testdriven/testdriven_version_0.0.5_remove_cr.json",
    "AnalyzeDraft": "{\n  \"Requirement\": \"The system should have a function called 'solve' which takes a positive integer N as input and returns the total sum of its digits in binary.\",\n  \"Example\": {\n    \"N\": 1000,\n    \"Sum of digits\": 1,\n    \"Expected output\": \"1\"\n  },\n  \"Variables\": {\n    \"N\": {\n      \"Type\": \"integer\",\n      \"Constraints\": \"0 \u2264 N \u2264 10000\"\n    }\n  },\n  \"Output\": {\n    \"Type\": \"string\",\n    \"Description\": \"a string of binary number\"\n  }\n}",
    "AnalyzeMeetings": "{\n  \"Architect\": \"As an architect, I would suggest adding more details about the expected behavior of the 'solve' function. For example, it would be helpful to specify how the function should handle non-positive integers and edge cases. Additionally, including information about the time and space complexity of the function would be beneficial for future development and optimization.\",\n  \"Tester\": \"As a tester, I would suggest adding test cases for different scenarios such as inputting a non-positive integer, a large integer close to the upper constraint, and a small integer. This will help ensure that the function is robust and can handle various inputs effectively. Additionally, it would be helpful to include the expected behavior for each test case to guide the testing process.\"\n}",
    "Analyze": "{\n  \"Revised Document\": {\n    \"Requirement\": \"The system should have a function called 'solve' which takes a positive integer N as input and returns the total sum of its digits in binary.\",\n    \"Example\": {\n      \"N\": 1000,\n      \"Sum of digits\": 1,\n      \"Expected output\": \"1\"\n    },\n    \"Variables\": {\n      \"N\": {\n        \"Type\": \"integer\",\n        \"Constraints\": \"0 \u2264 N \u2264 10000\"\n      }\n    },\n    \"Output\": {\n      \"Type\": \"string\",\n      \"Description\": \"a string of binary number\"\n    },\n    \"Architect's Suggestions\": {\n      \"Details about 'solve' function behavior\": \"The 'solve' function should handle non-positive integers and edge cases effectively. Information about the time and space complexity of the function should also be included for future development and optimization.\"\n    },\n    \"Tester's Suggestions\": {\n      \"Test cases\": \"Test cases for different scenarios such as inputting a non-positive integer, a large integer close to the upper constraint, and a small integer should be added. Additionally, the expected behavior for each test case should be included to guide the testing process.\"\n    }\n  }\n}",
    "DesignDraft": "Design:\n\n```python\ndef solve(N):\n    \"\"\"\n    Given a positive integer N, return the total sum of its digits in binary.\n    \n    Example\n        For N = 1000, the sum of digits will be 1 the output should be \"1\".\n        For N = 150, the sum of digits will be 6 the output should be \"110\".\n        For N = 147, the sum of digits will be 12 the output should be \"1100\".\n    \n    Variables:\n        @N integer\n             Constraints: 0 \u2264 N \u2264 10000.\n    Output:\n         a string of binary number\n    \"\"\"\n```\n\nThis design provides a high-level overview of the 'solve' function, including its input, output, and expected behavior for different scenarios. It also includes the constraints for the input and the type of output expected. Additionally, it outlines the function's purpose and expected behavior to guide the developer in writing the code.",
    "DesignMeetings": "{\n  \"Developer\": \"The design looks good and provides clear instructions for the 'solve' function. One suggestion would be to add some examples of edge cases in the comments to guide the development of test cases, such as N = 0 and N = 10000.\",\n  \"Tester\": \"The design is clear and provides good information for writing test cases. One suggestion would be to include the expected behavior for edge cases in the comments, such as N = 0 and N = 10000, to ensure comprehensive testing.\"\n}",
    "Design": "```python\ndef solve(N):\n    \"\"\"\n    Given a positive integer N, return the total sum of its digits in binary.\n\n    Example\n        For N = 1000, the sum of digits will be 1 the output should be \"1\".\n        For N = 150, the sum of digits will be 6 the output should be \"110\".\n        For N = 147, the sum of digits will be 12 the output should be \"1100\".\n\n    Variables:\n        @N integer\n             Constraints: 0 \u2264 N \u2264 10000.\n    Output:\n         a string of binary number\n    \"\"\"\n\n    # Edge Cases:\n    # For N = 0, the output should be \"0\"\n    # For N = 10000, the output should be \"10011011100000\"\n```",
    "Test Cases Draft": "{\n  \"test_cases\": [\n    {\n      \"Test Title\": \"Valid Input - Small Integer\",\n      \"Input Data\": \"N=5\",\n      \"Expected Output\": \"101\"\n    },\n    {\n      \"Test Title\": \"Valid Input - Large Integer\",\n      \"Input Data\": \"N=9999\",\n      \"Expected Output\": \"1111101000111\"\n    },\n    {\n      \"Test Title\": \"Invalid Input - Non-positive Integer\",\n      \"Input Data\": \"N=0\",\n      \"Expected Output\": \"0\"\n    }\n  ]\n}",
    "Test Cases Draft_prompt": "{\"Role\": \"You are a quality assurance engineer. Your duty is to design test cases for the developers.\", \"Instruction\": \"According to the Context section, write test cases. Don't write long strings in your test cases. Response in JSON format.\", \"Example\": \"{\\\"requirement analysis\\\":\\\"analysis\\\",\\\"test_cases\\\":[{\\\"Test Title\\\":\\\"title\\\", \\\"Input Data\\\":\\\"parameter1=[1,2,3],parameter2='123'\\\", \\\"Expected Output\\\":\\\"456\\\"},]}\", \"Context\": \"# Requirement Analysis:\\n{\\n  \\\"Revised Document\\\": {\\n    \\\"Requirement\\\": \\\"The system should have a function called 'solve' which takes a positive integer N as input and returns the total sum of its digits in binary.\\\",\\n    \\\"Example\\\": {\\n      \\\"N\\\": 1000,\\n      \\\"Sum of digits\\\": 1,\\n      \\\"Expected output\\\": \\\"1\\\"\\n    },\\n    \\\"Variables\\\": {\\n      \\\"N\\\": {\\n        \\\"Type\\\": \\\"integer\\\",\\n        \\\"Constraints\\\": \\\"0 \\u2264 N \\u2264 10000\\\"\\n      }\\n    },\\n    \\\"Output\\\": {\\n      \\\"Type\\\": \\\"string\\\",\\n      \\\"Description\\\": \\\"a string of binary number\\\"\\n    },\\n    \\\"Architect's Suggestions\\\": {\\n      \\\"Details about 'solve' function behavior\\\": \\\"The 'solve' function should handle non-positive integers and edge cases effectively. Information about the time and space complexity of the function should also be included for future development and optimization.\\\"\\n    },\\n    \\\"Tester's Suggestions\\\": {\\n      \\\"Test cases\\\": \\\"Test cases for different scenarios such as inputting a non-positive integer, a large integer close to the upper constraint, and a small integer should be added. Additionally, the expected behavior for each test case should be included to guide the testing process.\\\"\\n    }\\n  }\\n}\", \"Question\": \"\\ndef solve(N):\\n    \\\"\\\"\\\"Given a positive integer N, return the total sum of its digits in binary.\\n    \\n    Example\\n        For N = 1000, the sum of digits will be 1 the output should be \\\"1\\\".\\n        For N = 150, the sum of digits will be 6 the output should be \\\"110\\\".\\n        For N = 147, the sum of digits will be 12 the output should be \\\"1100\\\".\\n    \\n    Variables:\\n        @N integer\\n             Constraints: 0 \\u2264 N \\u2264 10000.\\n    Output:\\n         a string of binary number\\n    \\\"\\\"\\\"\\n\"}",
    "Test Cases Meetings": "{\n  \"Architect\": \"As an architect, I suggest adding more boundary test cases to cover edge cases such as negative integers, extremely large integers, and invalid characters in the input data.\",\n  \"Developer\": \"As a developer, I recommend revising the test cases to include more detailed information about the test environment, preconditions, and expected outcomes for each test case.\"\n}",
    "Test Cases Meetings_prompt": "{\"Role\": \"I want you to act as a different roles and then give some suggestions about how to revise the test cases.\", \"Instruction\": \"1. Read the Context section. 2. Act as an Architect, give your suggestions. 3. Act as a Developer, give your suggestions. 4. Response in JSON format.\", \"Example\": \"{\\\"Architect\\\":\\\"Suggestion\\\",\\\"Developer\\\":\\\"Suggestion\\\"}\", \"Context\": \"{\\n  \\\"test_cases\\\": [\\n    {\\n      \\\"Test Title\\\": \\\"Valid Input - Small Integer\\\",\\n      \\\"Input Data\\\": \\\"N=5\\\",\\n      \\\"Expected Output\\\": \\\"101\\\"\\n    },\\n    {\\n      \\\"Test Title\\\": \\\"Valid Input - Large Integer\\\",\\n      \\\"Input Data\\\": \\\"N=9999\\\",\\n      \\\"Expected Output\\\": \\\"1111101000111\\\"\\n    },\\n    {\\n      \\\"Test Title\\\": \\\"Invalid Input - Non-positive Integer\\\",\\n      \\\"Input Data\\\": \\\"N=0\\\",\\n      \\\"Expected Output\\\": \\\"0\\\"\\n    }\\n  ]\\n}\", \"Question\": \"Follow the Instruction. The Context section include the test cases.\"}",
    "Test Cases": "{\n  \"test_cases\": [\n    {\n      \"Test Title\": \"Valid Input - Small Integer\",\n      \"Input Data\": \"N=5\",\n      \"Expected Output\": \"101\"\n    },\n    {\n      \"Test Title\": \"Valid Input - Large Integer\",\n      \"Input Data\": \"N=9999\",\n      \"Expected Output\": \"1111101000111\"\n    },\n    {\n      \"Test Title\": \"Invalid Input - Non-positive Integer\",\n      \"Input Data\": \"N=0\",\n      \"Expected Output\": \"0\"\n    },\n    {\n      \"Test Title\": \"Boundary Test - Negative Integer\",\n      \"Input Data\": \"N=-1\",\n      \"Expected Output\": \"0\"\n    },\n    {\n      \"Test Title\": \"Boundary Test - Extremely Large Integer\",\n      \"Input Data\": \"N=10000\",\n      \"Expected Output\": \"11111010001111111101000111\"\n    },\n    {\n      \"Test Title\": \"Boundary Test - Invalid Characters in Input Data\",\n      \"Input Data\": \"N=abc\",\n      \"Expected Output\": \"0\"\n    }\n  ]\n}",
    "Test Cases_prompt": "{\"Role\": \"You are a quality assurance engineer. Your duty is to revise the test cases based on the suggestions.\", \"Instruction\": \"1. Your colleague give you some suggestions(in the Context section) about the draft test cases, read these suggestions. 2. Revise your draft version test cases, but don't use long parameters. 3. Response in JSON format.\", \"Example\": \"{\\\"requirement analysis\\\":\\\"analysis\\\",\\\"test_cases\\\":[{\\\"Test Title\\\":\\\"title\\\", \\\"Input Data\\\":\\\"parameter1=[1,2,3],parameter2='123'\\\", \\\"Expected Output\\\":\\\"456\\\"},]}\", \"Context\": \"# Suggestions:\\n{\\n  \\\"Architect\\\": \\\"As an architect, I suggest adding more boundary test cases to cover edge cases such as negative integers, extremely large integers, and invalid characters in the input data.\\\",\\n  \\\"Developer\\\": \\\"As a developer, I recommend revising the test cases to include more detailed information about the test environment, preconditions, and expected outcomes for each test case.\\\"\\n}\\n # Draft Test cases:\\n{\\n  \\\"test_cases\\\": [\\n    {\\n      \\\"Test Title\\\": \\\"Valid Input - Small Integer\\\",\\n      \\\"Input Data\\\": \\\"N=5\\\",\\n      \\\"Expected Output\\\": \\\"101\\\"\\n    },\\n    {\\n      \\\"Test Title\\\": \\\"Valid Input - Large Integer\\\",\\n      \\\"Input Data\\\": \\\"N=9999\\\",\\n      \\\"Expected Output\\\": \\\"1111101000111\\\"\\n    },\\n    {\\n      \\\"Test Title\\\": \\\"Invalid Input - Non-positive Integer\\\",\\n      \\\"Input Data\\\": \\\"N=0\\\",\\n      \\\"Expected Output\\\": \\\"0\\\"\\n    }\\n  ]\\n}\", \"Question\": \"Follow the Instruction. Please make sure your response length are less than 512. Your test cases is for the below question:\\n\\ndef solve(N):\\n    \\\"\\\"\\\"Given a positive integer N, return the total sum of its digits in binary.\\n    \\n    Example\\n        For N = 1000, the sum of digits will be 1 the output should be \\\"1\\\".\\n        For N = 150, the sum of digits will be 6 the output should be \\\"110\\\".\\n        For N = 147, the sum of digits will be 12 the output should be \\\"1100\\\".\\n    \\n    Variables:\\n        @N integer\\n             Constraints: 0 \\u2264 N \\u2264 10000.\\n    Output:\\n         a string of binary number\\n    \\\"\\\"\\\"\\n\"}",
    "Code0draft": "def solve(N):\n    binary_sum = bin(sum(int(i) for i in str(N)))[2:]\n    return binary_sum\n",
    "Code0draft_prompt": "{\"Role\": \"You are a professional engineer. Your duty is to write code in Python that meets the requirements. Ensure that the code you write is efficient, readable, and follows best practices. Remember, do not need to explain the code you wrote.\", \"Instruction\": \"According to the Context section, write your code.\", \"Example\": \"\", \"Context\": \"# Test Cases:\\n{\\n  \\\"test_cases\\\": [\\n    {\\n      \\\"Test Title\\\": \\\"Valid Input - Small Integer\\\",\\n      \\\"Input Data\\\": \\\"N=5\\\",\\n      \\\"Expected Output\\\": \\\"101\\\"\\n    },\\n    {\\n      \\\"Test Title\\\": \\\"Valid Input - Large Integer\\\",\\n      \\\"Input Data\\\": \\\"N=9999\\\",\\n      \\\"Expected Output\\\": \\\"1111101000111\\\"\\n    },\\n    {\\n      \\\"Test Title\\\": \\\"Invalid Input - Non-positive Integer\\\",\\n      \\\"Input Data\\\": \\\"N=0\\\",\\n      \\\"Expected Output\\\": \\\"0\\\"\\n    },\\n    {\\n      \\\"Test Title\\\": \\\"Boundary Test - Negative Integer\\\",\\n      \\\"Input Data\\\": \\\"N=-1\\\",\\n      \\\"Expected Output\\\": \\\"0\\\"\\n    },\\n    {\\n      \\\"Test Title\\\": \\\"Boundary Test - Extremely Large Integer\\\",\\n      \\\"Input Data\\\": \\\"N=10000\\\",\\n      \\\"Expected Output\\\": \\\"11111010001111111101000111\\\"\\n    },\\n    {\\n      \\\"Test Title\\\": \\\"Boundary Test - Invalid Characters in Input Data\\\",\\n      \\\"Input Data\\\": \\\"N=abc\\\",\\n      \\\"Expected Output\\\": \\\"0\\\"\\n    }\\n  ]\\n}\\n# Design:\\n```python\\ndef solve(N):\\n    \\\"\\\"\\\"\\n    Given a positive integer N, return the total sum of its digits in binary.\\n\\n    Example\\n        For N = 1000, the sum of digits will be 1 the output should be \\\"1\\\".\\n        For N = 150, the sum of digits will be 6 the output should be \\\"110\\\".\\n        For N = 147, the sum of digits will be 12 the output should be \\\"1100\\\".\\n\\n    Variables:\\n        @N integer\\n             Constraints: 0 \\u2264 N \\u2264 10000.\\n    Output:\\n         a string of binary number\\n    \\\"\\\"\\\"\\n\\n    # Edge Cases:\\n    # For N = 0, the output should be \\\"0\\\"\\n    # For N = 10000, the output should be \\\"10011011100000\\\"\\n```\", \"Question\": \"Follow the Instruction section. Complete the following code:\\n\\ndef solve(N):\\n    \\\"\\\"\\\"Given a positive integer N, return the total sum of its digits in binary.\\n    \\n    Example\\n        For N = 1000, the sum of digits will be 1 the output should be \\\"1\\\".\\n        For N = 150, the sum of digits will be 6 the output should be \\\"110\\\".\\n        For N = 147, the sum of digits will be 12 the output should be \\\"1100\\\".\\n    \\n    Variables:\\n        @N integer\\n             Constraints: 0 \\u2264 N \\u2264 10000.\\n    Output:\\n         a string of binary number\\n    \\\"\\\"\\\"\\n\"}",
    "Code0": "def solve(N):\n    binary_sum = bin(sum(int(i) for i in str(N)))[2:]\n    return binary_sum\n",
    "TestScriptOriginal": "import unittest\n\ndef function_under_test(N):\n    # convert N to binary and sum its digits\n    binary_sum = sum(int(digit) for digit in bin(N)[2:])\n    # convert the sum to binary string and return\n    return bin(binary_sum)[2:]\n\nclass Test(unittest.TestCase):\n    def test(self):\n        self.assertEqual(function_under_test(1000), \"1\")\n        self.assertEqual(function_under_test(150), \"110\")\n        self.assertEqual(function_under_test(147), \"1100\")\n\nif __name__ == '__main__':\n    unittest.main()",
    "TestScriptOriginal_prompt": "{\"Role\": \"You are a quality assurance engineer. Your duty is to write a python test script in unittest framework.\", \"Instruction\": \"1. Write a python test script. 2. Use the input and output given by the question.\", \"Example\": \"import unittest\\n\\nclass Test(unittest.TestCase):\\n    def test(self):\\n        self.assertEqual(function_under_test('a'), 1)\\n\\nif __name__ == '__main__':\\n    unittest.main()\", \"Context\": \"\", \"Question\": \"\\ndef solve(N):\\n    \\\"\\\"\\\"Given a positive integer N, return the total sum of its digits in binary.\\n    \\n    Example\\n        For N = 1000, the sum of digits will be 1 the output should be \\\"1\\\".\\n        For N = 150, the sum of digits will be 6 the output should be \\\"110\\\".\\n        For N = 147, the sum of digits will be 12 the output should be \\\"1100\\\".\\n    \\n    Variables:\\n        @N integer\\n             Constraints: 0 \\u2264 N \\u2264 10000.\\n    Output:\\n         a string of binary number\\n    \\\"\\\"\\\"\\n\"}",
    "TestScript": "import unittest\n\nclass Test(unittest.TestCase):\n    def test(self):\n        self.assertEqual(function_under_test(1000), \"1\")\n        self.assertEqual(function_under_test(150), \"110\")\n        self.assertEqual(function_under_test(147), \"1100\")\n\nif __name__ == '__main__':\n    unittest.main()",
    "TestScript_prompt": "{\"Role\": \"You are a quality assurance engineer. Your duty is to write a python test script in unittest framework.\", \"Instruction\": \"1. Write a python test script. 2. Use the input and output given by the question.\", \"Example\": \"import unittest\\n\\nclass Test(unittest.TestCase):\\n    def test(self):\\n        self.assertEqual(function_under_test('a'), 1)\\n\\nif __name__ == '__main__':\\n    unittest.main()\", \"Context\": \"\", \"Question\": \"\\ndef solve(N):\\n    \\\"\\\"\\\"Given a positive integer N, return the total sum of its digits in binary.\\n    \\n    Example\\n        For N = 1000, the sum of digits will be 1 the output should be \\\"1\\\".\\n        For N = 150, the sum of digits will be 6 the output should be \\\"110\\\".\\n        For N = 147, the sum of digits will be 12 the output should be \\\"1100\\\".\\n    \\n    Variables:\\n        @N integer\\n             Constraints: 0 \\u2264 N \\u2264 10000.\\n    Output:\\n         a string of binary number\\n    \\\"\\\"\\\"\\n\"}",
    "ScriptResult0": "E\n======================================================================\nERROR: test (__main__.Test)\n----------------------------------------------------------------------\nTraceback (most recent call last):\n  File \"/Users/watch/PycharmProjects/XXXX-1-LLM/workspace/2024-02-13_19-47-56-807424/test_script.py\", line 9, in test\n    self.assertEqual(function_under_test(1000), \"1\")\nNameError: name 'function_under_test' is not defined\n\n----------------------------------------------------------------------\nRan 1 test in 0.000s\n\nFAILED (errors=1)\n",
    "TestReport0": "Test Report:\n\nTest Script Output:\n======================================================================\nERROR: test (__main__.Test)\n----------------------------------------------------------------------\nTraceback (most recent call last):\n  File \"/Users/watch/PycharmProjects/XXXX-1-LLM/workspace/2024-02-13_19-47-56-807424/test_script.py\", line 9, in test\n    self.assertEqual(function_under_test(1000), \"1\")\nNameError: name 'function_under_test' is not defined\n\n----------------------------------------------------------------------\nRan 1 test in 0.000s\n\nFAILED (errors=1)\n\nAnalysis:\nThe test script output indicates that there was an error in the test for the function_under_test. The NameError suggests that the function_under_test is not defined, leading to the failure of the test.\n\nConclusion:\nCode Test Failed\n\nExample of Input and Expected Output:\nInput: 1000\nExpected Output: \"1\"\n\nRecommendation:\nThe function_under_test needs to be defined or corrected in order to pass the test.\n\nEnd of Test Report.",
    "RepairResponse1": "{\n  \"revised_code\": \"def solve(N):\\n    binary_sum = bin(sum(int(i) for i in str(N)))[2:]\\n    return binary_sum\"\n}",
    "RepairResponse1_prompt": "{\"Role\": \"You are a professional software engineer. Your duty is to write code in Python that meets the requirements. Ensure that the code you write is efficient, readable, and follows best practices. Remember, do not need to explain the code you wrote.\", \"Instruction\": \"1. Rewrite a bug fix version of the original code. 2. Response in JSON format.\", \"Example\": \"{\\\"revised_code\\\":\\\"...\\\"}\", \"Context\": \"# the original code:\\ndef solve(N):\\n    binary_sum = bin(sum(int(i) for i in str(N)))[2:]\\n    return binary_sum\\n\\n# test report:\\nTest Report:\\n\\nTest Script Output:\\n======================================================================\\nERROR: test (__main__.Test)\\n----------------------------------------------------------------------\\nTraceback (most recent call last):\\n  File \\\"/Users/watch/PycharmProjects/XXXX-1-LLM/workspace/2024-02-13_19-47-56-807424/test_script.py\\\", line 9, in test\\n    self.assertEqual(function_under_test(1000), \\\"1\\\")\\nNameError: name 'function_under_test' is not defined\\n\\n----------------------------------------------------------------------\\nRan 1 test in 0.000s\\n\\nFAILED (errors=1)\\n\\nAnalysis:\\nThe test script output indicates that there was an error in the test for the function_under_test. The NameError suggests that the function_under_test is not defined, leading to the failure of the test.\\n\\nConclusion:\\nCode Test Failed\\n\\nExample of Input and Expected Output:\\nInput: 1000\\nExpected Output: \\\"1\\\"\\n\\nRecommendation:\\nThe function_under_test needs to be defined or corrected in order to pass the test.\\n\\nEnd of Test Report.\", \"Question\": \"The original code has some bugs, according to the test report and suggestions, rewrite the code. Complete the following code:\\n\\ndef solve(N):\\n    \\\"\\\"\\\"Given a positive integer N, return the total sum of its digits in binary.\\n    \\n    Example\\n        For N = 1000, the sum of digits will be 1 the output should be \\\"1\\\".\\n        For N = 150, the sum of digits will be 6 the output should be \\\"110\\\".\\n        For N = 147, the sum of digits will be 12 the output should be \\\"1100\\\".\\n    \\n    Variables:\\n        @N integer\\n             Constraints: 0 \\u2264 N \\u2264 10000.\\n    Output:\\n         a string of binary number\\n    \\\"\\\"\\\"\\n\"}",
    "Code1": "def solve(N):\n    binary_sum = bin(sum(int(i) for i in str(N)))[2:]\n    return binary_sum",
    "ScriptResult1": "E\n======================================================================\nERROR: test (__main__.Test)\n----------------------------------------------------------------------\nTraceback (most recent call last):\n  File \"/Users/watch/PycharmProjects/XXXX-1-LLM/workspace/2024-02-13_19-47-56-807424/test_script.py\", line 8, in test\n    self.assertEqual(function_under_test(1000), \"1\")\nNameError: name 'function_under_test' is not defined\n\n----------------------------------------------------------------------\nRan 1 test in 0.000s\n\nFAILED (errors=1)\n",
    "TestReport1": "Test Report:\n\nTest Script Output:\nE\n======================================================================\nERROR: test (__main__.Test)\n----------------------------------------------------------------------\nTraceback (most recent call last):\n  File \"/Users/watch/PycharmProjects/XXXX-1-LLM/workspace/2024-02-13_19-47-56-807424/test_script.py\", line 8, in test\n    self.assertEqual(function_under_test(1000), \"1\")\nNameError: name 'function_under_test' is not defined\n\n----------------------------------------------------------------------\nRan 1 test in 0.000s\n\nFAILED (errors=1)\n\nConclusion:\nCode Test Failed\n\nInput and Expected Output Example:\nInput: 1000\nExpected Output: \"1\"\n\nPlease fix the function_under_test definition to resolve the NameError and ensure that the function returns the expected output \"1\" for the input 1000.\n\nEnd of Test Report.",
    "RepairResponse2": "{\n\t\"revised_code\": \"def solve(N):\\n    return bin(sum(int(i) for i in str(N)))[2:]\"\n}",
    "RepairResponse2_prompt": "{\"Role\": \"You are a professional software engineer. Your duty is to write code in Python that meets the requirements. Ensure that the code you write is efficient, readable, and follows best practices. Remember, do not need to explain the code you wrote.\", \"Instruction\": \"1. Rewrite a bug fix version of the original code. 2. Response in JSON format.\", \"Example\": \"{\\\"revised_code\\\":\\\"...\\\"}\", \"Context\": \"# the original code:\\ndef solve(N):\\n    binary_sum = bin(sum(int(i) for i in str(N)))[2:]\\n    return binary_sum\\n# test report:\\nTest Report:\\n\\nTest Script Output:\\nE\\n======================================================================\\nERROR: test (__main__.Test)\\n----------------------------------------------------------------------\\nTraceback (most recent call last):\\n  File \\\"/Users/watch/PycharmProjects/XXXX-1-LLM/workspace/2024-02-13_19-47-56-807424/test_script.py\\\", line 8, in test\\n    self.assertEqual(function_under_test(1000), \\\"1\\\")\\nNameError: name 'function_under_test' is not defined\\n\\n----------------------------------------------------------------------\\nRan 1 test in 0.000s\\n\\nFAILED (errors=1)\\n\\nConclusion:\\nCode Test Failed\\n\\nInput and Expected Output Example:\\nInput: 1000\\nExpected Output: \\\"1\\\"\\n\\nPlease fix the function_under_test definition to resolve the NameError and ensure that the function returns the expected output \\\"1\\\" for the input 1000.\\n\\nEnd of Test Report.\", \"Question\": \"The original code has some bugs, according to the test report and suggestions, rewrite the code. Complete the following code:\\n\\ndef solve(N):\\n    \\\"\\\"\\\"Given a positive integer N, return the total sum of its digits in binary.\\n    \\n    Example\\n        For N = 1000, the sum of digits will be 1 the output should be \\\"1\\\".\\n        For N = 150, the sum of digits will be 6 the output should be \\\"110\\\".\\n        For N = 147, the sum of digits will be 12 the output should be \\\"1100\\\".\\n    \\n    Variables:\\n        @N integer\\n             Constraints: 0 \\u2264 N \\u2264 10000.\\n    Output:\\n         a string of binary number\\n    \\\"\\\"\\\"\\n\"}",
    "Code2": "def solve(N):\n    return bin(sum(int(i) for i in str(N)))[2:]",
    "ScriptResult2": "E\n======================================================================\nERROR: test (__main__.Test)\n----------------------------------------------------------------------\nTraceback (most recent call last):\n  File \"/Users/watch/PycharmProjects/XXXX-1-LLM/workspace/2024-02-13_19-47-56-807424/test_script.py\", line 7, in test\n    self.assertEqual(function_under_test(1000), \"1\")\nNameError: name 'function_under_test' is not defined\n\n----------------------------------------------------------------------\nRan 1 test in 0.000s\n\nFAILED (errors=1)\n",
    "TestReport2": "Test Report\n\nContext:\nThe test script's output is as follows:\nE\n======================================================================\nERROR: test (__main__.Test)\n----------------------------------------------------------------------\nTraceback (most recent call last):\n  File \"/Users/watch/PycharmProjects/XXXX-1-LLM/workspace/2024-02-13_19-47-56-807424/test_script.py\", line 7, in test\n    self.assertEqual(function_under_test(1000), \"1\")\nNameError: name 'function_under_test' is not defined\n\n----------------------------------------------------------------------\nRan 1 test in 0.000s\n\nFAILED (errors=1)\n\nTest Report:\nThe test script failed with an error. The function_under_test(1000) did not return the expected output of \"1\". The code has not passed the tests.\n\nConclusion:\nCode Test Failed.",
    "FinalCode": "def solve(N):\n    return bin(sum(int(i) for i in str(N)))[2:]"
}