{
    "start_time": "2024-03-10_20-01-00-995268",
    "task": "def find_Element(arr,ranges,rotations,index) :  \n'''Write a python function to find element at a given index after number of rotations.\nassert find_Element([1,2,3,4,5],[[0,2],[0,3]],2,1) == 3'''\n",
    "datetime": {
        "task": "2024-03-10 20:01:00",
        "task-id": "2024-03-10 20:01:00",
        "workflow": "2024-03-10 20:01:00",
        "Original PRD": "2024-03-10 20:01:03",
        "PRD Review": "2024-03-10 20:01:05",
        "Final PRD": "2024-03-10 20:01:08",
        "Original_architect_design": "2024-03-10 20:01:11",
        "Design Review": "2024-03-10 20:01:13",
        "Final Design": "2024-03-10 20:01:15",
        "Code0Draft": "2024-03-10 20:01:16",
        "Code0Revise": "2024-03-10 20:01:16",
        "Test Cases": "2024-03-10 20:01:18",
        "Test Cases Review": "2024-03-10 20:01:20",
        "Final Test Cases": "2024-03-10 20:01:22",
        "Code0": "2024-03-10 20:01:24",
        "TestScriptOriginal": "2024-03-10 20:01:25",
        "TestScript": "2024-03-10 20:01:25",
        "ScriptResult0": "2024-03-10 20:01:25",
        "TestReport0": "2024-03-10 20:01:28",
        "RepairResponse1": "2024-03-10 20:01:29",
        "Code1": "2024-03-10 20:01:29",
        "ScriptResult1": "2024-03-10 20:01:29",
        "TestReport1": "2024-03-10 20:01:31",
        "RepairResponse2": "2024-03-10 20:01:32",
        "Code2": "2024-03-10 20:01:32",
        "ScriptResult2": "2024-03-10 20:01:32",
        "TestReport2": "2024-03-10 20:01:34",
        "FinalCode": "2024-03-10 20:01:34"
    },
    "task-id": 304,
    "workflow": "waterfall/waterfall_version_0.0.5_remove.json",
    "Original PRD": "{\n  \"ProductRequirementDocument\": {\n    \"Title\": \"Element Rotation Finder\",\n    \"Description\": \"The product to be developed is a Python function that can find an element at a given index after a specified number of rotations in an array.\",\n    \"Features\": [\n      \"Ability to rotate a given array by the specified number of rotations\",\n      \"Ability to find the element at a given index after the rotations\"\n    ],\n    \"UserStories\": [\n      \"As a user, I want to be able to specify the array and the number of rotations to perform\",\n      \"As a user, I want to be able to specify the index for which I want to find the element after the rotations\",\n      \"As a user, I want to receive the correct element at the specified index after the rotations are performed\"\n    ],\n    \"AcceptanceCriteria\": {\n      \"Given\": \"An array, a list of rotation ranges, number of rotations, and an index are provided\",\n      \"When\": \"The find_Element function is called with the provided inputs\",\n      \"Then\": \"The function should return the correct element at the specified index after the rotations are performed\"\n    }\n  }\n}",
    "Original PRD_prompt": "{\"Role\": \"You need to act as a professional product owner. Your task is to write a Product Requirement Document\", \"Instruction\": \"According to the Context, please analyze the requirement and write your response. Response in JSON format. Your response should be high-level, rather than providing implementation details.\", \"Example\": \"\", \"Context\": \"\", \"Question\": \"Follow the Instruction. The requirement is as follows:\\ndef find_Element(arr,ranges,rotations,index) :  \\n'''Write a python function to find element at a given index after number of rotations.\\nassert find_Element([1,2,3,4,5],[[0,2],[0,3]],2,1) == 3'''\\n\"}",
    "PRD Review": "{\n  \"Architect\": \"The product requirements document looks comprehensive and well-defined. It provides clear descriptions of the product, its features, user stories, and acceptance criteria. However, it would be beneficial to include information about any assumptions or constraints that may impact the development of the Python function. Additionally, it would be helpful to specify any performance requirements or scalability considerations for the function, especially if it's expected to handle large arrays and rotations.\",\n  \"Tester\": \"The document seems to cover all the necessary elements for testing the Python function. However, it would be helpful to include specific test cases for different scenarios, such as empty arrays, edge cases for rotation ranges and indexes, and performance testing with large inputs. Additionally, it would be beneficial to include a section for non-functional testing, such as usability, security, and compatibility testing, to ensure the overall quality of the function.\"\n}",
    "Final PRD": "{\n  \"ProductRequirementDocument\": {\n    \"Title\": \"Element Rotation Finder\",\n    \"Description\": \"The product to be developed is a Python function that can find an element at a given index after a specified number of rotations in an array.\",\n    \"Features\": [\n      \"Ability to rotate a given array by the specified number of rotations\",\n      \"Ability to find the element at a given index after the rotations\"\n    ],\n    \"UserStories\": [\n      \"As a user, I want to be able to specify the array and the number of rotations to perform\",\n      \"As a user, I want to be able to specify the index for which I want to find the element after the rotations\",\n      \"As a user, I want to receive the correct element at the specified index after the rotations are performed\"\n    ],\n    \"AcceptanceCriteria\": {\n      \"Given\": \"An array, a list of rotation ranges, number of rotations, and an index are provided\",\n      \"When\": \"The find_Element function is called with the provided inputs\",\n      \"Then\": \"The function should return the correct element at the specified index after the rotations are performed\"\n    },\n    \"AssumptionsAndConstraints\": \"Add information about any assumptions or constraints that may impact the development of the Python function.\",\n    \"PerformanceAndScalability\": \"Specify any performance requirements or scalability considerations for the function, especially if it's expected to handle large arrays and rotations.\",\n    \"TestCases\": \"Include specific test cases for different scenarios, such as empty arrays, edge cases for rotation ranges and indexes, and performance testing with large inputs.\",\n    \"NonFunctionalTesting\": \"Include a section for non-functional testing, such as usability, security, and compatibility testing, to ensure the overall quality of the function.\"\n  }\n}",
    "Final PRD_prompt": {
        "Role": "You need to act as a professional product owner. Your duty is to revise the document based on the suggestions.",
        "Instruction": "1. Read the suggestions. 2. Revise your draft version document. 3. Response in JSON format. 4. REMEMBER: Your analysis should be high-level, rather than providing implementation details.",
        "Example": "",
        "Context": "# Suggestion:\n{\n  \"Architect\": \"The product requirements document looks comprehensive and well-defined. It provides clear descriptions of the product, its features, user stories, and acceptance criteria. However, it would be beneficial to include information about any assumptions or constraints that may impact the development of the Python function. Additionally, it would be helpful to specify any performance requirements or scalability considerations for the function, especially if it's expected to handle large arrays and rotations.\",\n  \"Tester\": \"The document seems to cover all the necessary elements for testing the Python function. However, it would be helpful to include specific test cases for different scenarios, such as empty arrays, edge cases for rotation ranges and indexes, and performance testing with large inputs. Additionally, it would be beneficial to include a section for non-functional testing, such as usability, security, and compatibility testing, to ensure the overall quality of the function.\"\n}",
        "Question": "Follow the Instruction. Your colleague give you some suggestions(in the Context section) about this draft document:{\n  \"ProductRequirementDocument\": {\n    \"Title\": \"Element Rotation Finder\",\n    \"Description\": \"The product to be developed is a Python function that can find an element at a given index after a specified number of rotations in an array.\",\n    \"Features\": [\n      \"Ability to rotate a given array by the specified number of rotations\",\n      \"Ability to find the element at a given index after the rotations\"\n    ],\n    \"UserStories\": [\n      \"As a user, I want to be able to specify the array and the number of rotations to perform\",\n      \"As a user, I want to be able to specify the index for which I want to find the element after the rotations\",\n      \"As a user, I want to receive the correct element at the specified index after the rotations are performed\"\n    ],\n    \"AcceptanceCriteria\": {\n      \"Given\": \"An array, a list of rotation ranges, number of rotations, and an index are provided\",\n      \"When\": \"The find_Element function is called with the provided inputs\",\n      \"Then\": \"The function should return the correct element at the specified index after the rotations are performed\"\n    }\n  }\n}"
    },
    "Original_architect_design": "Design:\n- The Python function find_Element(arr, ranges, rotations, index) should take in an array, a list of rotation ranges, the number of rotations, and the index for which to find the element after the rotations.\n- The function should perform the specified number of rotations on the given array according to the rotation ranges.\n- After the rotations, the function should return the element at the specified index in the rotated array.\n- The function should include assertions for testing, such as assert find_Element([1,2,3,4,5],[[0,2],[0,3]],2,1) == 3, to ensure its correct functionality.\n\nHigh-level guidance for the developer:\n- Implement the rotation of the array based on the provided rotation ranges and number of rotations.\n- Develop a mechanism to find the element at the specified index in the rotated array.\n- Ensure the function includes assertions for testing with different scenarios, including edge cases and performance testing.",
    "Original_architect_design_prompt": "{\"Role\": \"You need to act as a professional architect.\", \"Instruction\": \"According to the Context, please write your design. Your design should be high-level and focused on guiding the developer in writing code, rather than providing implementation details.\", \"Example\": \"\", \"Context\": \"# Product Requirement Document:\\n{\\n  \\\"ProductRequirementDocument\\\": {\\n    \\\"Title\\\": \\\"Element Rotation Finder\\\",\\n    \\\"Description\\\": \\\"The product to be developed is a Python function that can find an element at a given index after a specified number of rotations in an array.\\\",\\n    \\\"Features\\\": [\\n      \\\"Ability to rotate a given array by the specified number of rotations\\\",\\n      \\\"Ability to find the element at a given index after the rotations\\\"\\n    ],\\n    \\\"UserStories\\\": [\\n      \\\"As a user, I want to be able to specify the array and the number of rotations to perform\\\",\\n      \\\"As a user, I want to be able to specify the index for which I want to find the element after the rotations\\\",\\n      \\\"As a user, I want to receive the correct element at the specified index after the rotations are performed\\\"\\n    ],\\n    \\\"AcceptanceCriteria\\\": {\\n      \\\"Given\\\": \\\"An array, a list of rotation ranges, number of rotations, and an index are provided\\\",\\n      \\\"When\\\": \\\"The find_Element function is called with the provided inputs\\\",\\n      \\\"Then\\\": \\\"The function should return the correct element at the specified index after the rotations are performed\\\"\\n    },\\n    \\\"AssumptionsAndConstraints\\\": \\\"Add information about any assumptions or constraints that may impact the development of the Python function.\\\",\\n    \\\"PerformanceAndScalability\\\": \\\"Specify any performance requirements or scalability considerations for the function, especially if it's expected to handle large arrays and rotations.\\\",\\n    \\\"TestCases\\\": \\\"Include specific test cases for different scenarios, such as empty arrays, edge cases for rotation ranges and indexes, and performance testing with large inputs.\\\",\\n    \\\"NonFunctionalTesting\\\": \\\"Include a section for non-functional testing, such as usability, security, and compatibility testing, to ensure the overall quality of the function.\\\"\\n  }\\n}\", \"Question\": \"Follow the Instruction. Write your design for this requirement:\\ndef find_Element(arr,ranges,rotations,index) :  \\n'''Write a python function to find element at a given index after number of rotations.\\nassert find_Element([1,2,3,4,5],[[0,2],[0,3]],2,1) == 3'''\\n\"}",
    "Design Review": "{\n  \"Developer\": \"As a developer, I would suggest implementing a rotation algorithm based on the provided rotation ranges and number of rotations. Additionally, I would recommend developing a mechanism to find the element at the specified index in the rotated array. It's important to ensure that the function includes assertions for testing with different scenarios, including edge cases and performance testing.\",\n  \"Tester\": \"As a tester, I would recommend testing the function with various input arrays, rotation ranges, numbers of rotations, and indices to ensure that it returns the correct element after the rotations. It's important to test edge cases and performance to ensure the function's correctness and efficiency.\"\n}",
    "Design Review_prompt": "{\"Role\": \"I want you to act as a different roles and then give some suggestions about how to revise the design.\", \"Instruction\": \"1. Read the Context section. 2. Act as an Developer, give your suggestions. 3. Act as a tester, give your suggestions. 4. Response in JSON format.\", \"Example\": \"{\\\"Developer\\\":\\\"Suggestion\\\",\\\"Tester\\\":\\\"Suggestion\\\"}\", \"Context\": \"Design:\\n- The Python function find_Element(arr, ranges, rotations, index) should take in an array, a list of rotation ranges, the number of rotations, and the index for which to find the element after the rotations.\\n- The function should perform the specified number of rotations on the given array according to the rotation ranges.\\n- After the rotations, the function should return the element at the specified index in the rotated array.\\n- The function should include assertions for testing, such as assert find_Element([1,2,3,4,5],[[0,2],[0,3]],2,1) == 3, to ensure its correct functionality.\\n\\nHigh-level guidance for the developer:\\n- Implement the rotation of the array based on the provided rotation ranges and number of rotations.\\n- Develop a mechanism to find the element at the specified index in the rotated array.\\n- Ensure the function includes assertions for testing with different scenarios, including edge cases and performance testing.\", \"Question\": \"Follow the Instruction. The Context section include the design.\"}",
    "Final Design": "Based on the suggestions provided by the developer and tester, I have revised the design of the Python function as follows:\n\nDesign:\n- The Python function find_Element(arr, ranges, rotations, index) should take in an array, a list of rotation ranges, the number of rotations, and the index for which to find the element after the rotations.\n- The function should perform the specified number of rotations on the given array according to the rotation ranges.\n- After the rotations, the function should return the element at the specified index in the rotated array.\n- The function should include assertions for testing, such as assert find_Element([1,2,3,4,5],[[0,2],[0,3]],2,1) == 3, to ensure its correct functionality.\n\nTo address the high-level guidance for the developer:\n- I will implement the rotation of the array based on the provided rotation ranges and number of rotations using an algorithm that efficiently performs the rotations.\n- I will develop a mechanism to find the element at the specified index in the rotated array, ensuring that it returns the correct element after the rotations.\n- I will include assertions for testing with different scenarios, including edge cases and performance testing to ensure the correctness and efficiency of the function. This will involve testing the function with various input arrays, rotation ranges, numbers of rotations, and indices to verify its functionality and performance.",
    "Final Design_prompt": "{\"Role\": \"I want you to act as a professional architect. Your duty is to write a new design based on the suggestions.\", \"Instruction\": \"1. Read the suggestions. 2. Write your new design base on the draft version. 3. Only response your new design.\", \"Example\": \"\", \"Context\": \"# Suggestions:\\n{\\n  \\\"Developer\\\": \\\"As a developer, I would suggest implementing a rotation algorithm based on the provided rotation ranges and number of rotations. Additionally, I would recommend developing a mechanism to find the element at the specified index in the rotated array. It's important to ensure that the function includes assertions for testing with different scenarios, including edge cases and performance testing.\\\",\\n  \\\"Tester\\\": \\\"As a tester, I would recommend testing the function with various input arrays, rotation ranges, numbers of rotations, and indices to ensure that it returns the correct element after the rotations. It's important to test edge cases and performance to ensure the function's correctness and efficiency.\\\"\\n}\", \"Question\": \"Follow the Instruction. Your colleague give you some suggestions(in the Context section) about this draft version design:Design:\\n- The Python function find_Element(arr, ranges, rotations, index) should take in an array, a list of rotation ranges, the number of rotations, and the index for which to find the element after the rotations.\\n- The function should perform the specified number of rotations on the given array according to the rotation ranges.\\n- After the rotations, the function should return the element at the specified index in the rotated array.\\n- The function should include assertions for testing, such as assert find_Element([1,2,3,4,5],[[0,2],[0,3]],2,1) == 3, to ensure its correct functionality.\\n\\nHigh-level guidance for the developer:\\n- Implement the rotation of the array based on the provided rotation ranges and number of rotations.\\n- Develop a mechanism to find the element at the specified index in the rotated array.\\n- Ensure the function includes assertions for testing with different scenarios, including edge cases and performance testing.\"}",
    "Code0Draft": "def find_Element(arr, ranges, rotations, index):\n    for r in range(rotations):\n        for i in range(len(ranges)):\n            arr[ranges[i][0]:ranges[i][1]+1] = arr[ranges[i][0]:ranges[i][1]+1][::-1]\n    \n    return arr[index]",
    "Code0Draft_prompt": "{\"Role\": \"You are a professional engineer. Your duty is to write code in Python that meets the requirements. Ensure that the code you write is efficient, readable, and follows best practices. Remember, do not need to explain the code you wrote.\", \"Instruction\": \"According to the Context section, write your code.\", \"Example\": \"\", \"Context\": \"# Design:\\nBased on the suggestions provided by the developer and tester, I have revised the design of the Python function as follows:\\n\\nDesign:\\n- The Python function find_Element(arr, ranges, rotations, index) should take in an array, a list of rotation ranges, the number of rotations, and the index for which to find the element after the rotations.\\n- The function should perform the specified number of rotations on the given array according to the rotation ranges.\\n- After the rotations, the function should return the element at the specified index in the rotated array.\\n- The function should include assertions for testing, such as assert find_Element([1,2,3,4,5],[[0,2],[0,3]],2,1) == 3, to ensure its correct functionality.\\n\\nTo address the high-level guidance for the developer:\\n- I will implement the rotation of the array based on the provided rotation ranges and number of rotations using an algorithm that efficiently performs the rotations.\\n- I will develop a mechanism to find the element at the specified index in the rotated array, ensuring that it returns the correct element after the rotations.\\n- I will include assertions for testing with different scenarios, including edge cases and performance testing to ensure the correctness and efficiency of the function. This will involve testing the function with various input arrays, rotation ranges, numbers of rotations, and indices to verify its functionality and performance.\", \"Question\": \"Follow the Instruction section. Complete the following code:\\ndef find_Element(arr,ranges,rotations,index) :  \\n'''Write a python function to find element at a given index after number of rotations.\\nassert find_Element([1,2,3,4,5],[[0,2],[0,3]],2,1) == 3'''\\n\"}",
    "Code0Revise": "def find_Element(arr, ranges, rotations, index):\n    for r in range(rotations):\n        for i in range(len(ranges)):\n            arr[ranges[i][0]:ranges[i][1]+1] = arr[ranges[i][0]:ranges[i][1]+1][::-1]\n    \n    return arr[index]",
    "Code0Revise_prompt": "{\"Role\": \"You are a professional engineer. Your duty is to write code in Python that meets the requirements. Ensure that the code you write is efficient, readable, and follows best practices. Remember, do not need to explain the code you wrote.\", \"Instruction\": \"According to the Context section, write your code.\", \"Example\": \"\", \"Context\": \"# Design:\\nBased on the suggestions provided by the developer and tester, I have revised the design of the Python function as follows:\\n\\nDesign:\\n- The Python function find_Element(arr, ranges, rotations, index) should take in an array, a list of rotation ranges, the number of rotations, and the index for which to find the element after the rotations.\\n- The function should perform the specified number of rotations on the given array according to the rotation ranges.\\n- After the rotations, the function should return the element at the specified index in the rotated array.\\n- The function should include assertions for testing, such as assert find_Element([1,2,3,4,5],[[0,2],[0,3]],2,1) == 3, to ensure its correct functionality.\\n\\nTo address the high-level guidance for the developer:\\n- I will implement the rotation of the array based on the provided rotation ranges and number of rotations using an algorithm that efficiently performs the rotations.\\n- I will develop a mechanism to find the element at the specified index in the rotated array, ensuring that it returns the correct element after the rotations.\\n- I will include assertions for testing with different scenarios, including edge cases and performance testing to ensure the correctness and efficiency of the function. This will involve testing the function with various input arrays, rotation ranges, numbers of rotations, and indices to verify its functionality and performance.\", \"Question\": \"Follow the Instruction section. Complete the following code:\\ndef find_Element(arr,ranges,rotations,index) :  \\n'''Write a python function to find element at a given index after number of rotations.\\nassert find_Element([1,2,3,4,5],[[0,2],[0,3]],2,1) == 3'''\\n\"}",
    "Test Cases": "{\n  \"test_cases\": [\n    {\n      \"Test Title\": \"Empty Array Test\",\n      \"Input Data\": \"arr=[], ranges=[], rotations=0, index=0\",\n      \"Expected Output\": \"None\"\n    },\n    {\n      \"Test Title\": \"Single Rotation Test\",\n      \"Input Data\": \"arr=[1,2,3,4,5], ranges=[[0,2]], rotations=1, index=2\",\n      \"Expected Output\": \"4\"\n    },\n    {\n      \"Test Title\": \"Multiple Rotations Test\",\n      \"Input Data\": \"arr=[1,2,3,4,5], ranges=[[0,2],[0,3]], rotations=2, index=1\",\n      \"Expected Output\": \"3\"\n    },\n    {\n      \"Test Title\": \"Large Input Test\",\n      \"Input Data\": \"arr=[1,2,3,4,5,6,7,8,9,10], ranges=[[0,5],[3,7]], rotations=3, index=7\",\n      \"Expected Output\": \"4\"\n    }\n  ]\n}",
    "Test Cases_prompt": "{\"Role\": \"You are a quality assurance engineer. Your duty is to design test cases for the developers.\", \"Instruction\": \"According to the Context section, write test cases. Don't write long strings in your test cases. Response in JSON format.\", \"Example\": \"{\\\"requirement analysis\\\":\\\"analysis\\\",\\\"test_cases\\\":[{\\\"Test Title\\\":\\\"title\\\", \\\"Input Data\\\":\\\"parameter1=[1,2,3],parameter2='123'\\\", \\\"Expected Output\\\":\\\"456\\\"},]}\", \"Context\": \"# ProductRequirementDocument:\\n{\\n  \\\"ProductRequirementDocument\\\": {\\n    \\\"Title\\\": \\\"Element Rotation Finder\\\",\\n    \\\"Description\\\": \\\"The product to be developed is a Python function that can find an element at a given index after a specified number of rotations in an array.\\\",\\n    \\\"Features\\\": [\\n      \\\"Ability to rotate a given array by the specified number of rotations\\\",\\n      \\\"Ability to find the element at a given index after the rotations\\\"\\n    ],\\n    \\\"UserStories\\\": [\\n      \\\"As a user, I want to be able to specify the array and the number of rotations to perform\\\",\\n      \\\"As a user, I want to be able to specify the index for which I want to find the element after the rotations\\\",\\n      \\\"As a user, I want to receive the correct element at the specified index after the rotations are performed\\\"\\n    ],\\n    \\\"AcceptanceCriteria\\\": {\\n      \\\"Given\\\": \\\"An array, a list of rotation ranges, number of rotations, and an index are provided\\\",\\n      \\\"When\\\": \\\"The find_Element function is called with the provided inputs\\\",\\n      \\\"Then\\\": \\\"The function should return the correct element at the specified index after the rotations are performed\\\"\\n    },\\n    \\\"AssumptionsAndConstraints\\\": \\\"Add information about any assumptions or constraints that may impact the development of the Python function.\\\",\\n    \\\"PerformanceAndScalability\\\": \\\"Specify any performance requirements or scalability considerations for the function, especially if it's expected to handle large arrays and rotations.\\\",\\n    \\\"TestCases\\\": \\\"Include specific test cases for different scenarios, such as empty arrays, edge cases for rotation ranges and indexes, and performance testing with large inputs.\\\",\\n    \\\"NonFunctionalTesting\\\": \\\"Include a section for non-functional testing, such as usability, security, and compatibility testing, to ensure the overall quality of the function.\\\"\\n  }\\n}\\n# Design:\\nBased on the suggestions provided by the developer and tester, I have revised the design of the Python function as follows:\\n\\nDesign:\\n- The Python function find_Element(arr, ranges, rotations, index) should take in an array, a list of rotation ranges, the number of rotations, and the index for which to find the element after the rotations.\\n- The function should perform the specified number of rotations on the given array according to the rotation ranges.\\n- After the rotations, the function should return the element at the specified index in the rotated array.\\n- The function should include assertions for testing, such as assert find_Element([1,2,3,4,5],[[0,2],[0,3]],2,1) == 3, to ensure its correct functionality.\\n\\nTo address the high-level guidance for the developer:\\n- I will implement the rotation of the array based on the provided rotation ranges and number of rotations using an algorithm that efficiently performs the rotations.\\n- I will develop a mechanism to find the element at the specified index in the rotated array, ensuring that it returns the correct element after the rotations.\\n- I will include assertions for testing with different scenarios, including edge cases and performance testing to ensure the correctness and efficiency of the function. This will involve testing the function with various input arrays, rotation ranges, numbers of rotations, and indices to verify its functionality and performance.\", \"Question\": \"def find_Element(arr,ranges,rotations,index) :  \\n'''Write a python function to find element at a given index after number of rotations.\\nassert find_Element([1,2,3,4,5],[[0,2],[0,3]],2,1) == 3'''\\n\"}",
    "Test Cases Review": "{\n  \"Architect\": \"For the Empty Array Test, we should consider adding test cases with different combinations of empty arrays and input data. For the Large Input Test, we should consider adding test cases with larger input sizes and different ranges and rotations to ensure the scalability and accuracy of the solution.\",\n  \"Developer\": \"For the Single Rotation Test, we should consider adding edge cases with negative numbers and zero to ensure the correctness of the solution. For the Multiple Rotations Test, we should consider adding test cases with overlapping ranges to test the handling of such scenarios.\"\n}",
    "Test Cases Review_prompt": "{\"Role\": \"I want you to act as a different roles and then give some suggestions about how to revise the test cases.\", \"Instruction\": \"1. Read the Context section. 2. Act as an Architect, give your suggestions. 3. Act as a Developer, give your suggestions. 4. Response in JSON format.\", \"Example\": \"{\\\"Architect\\\":\\\"Suggestion\\\",\\\"Developer\\\":\\\"Suggestion\\\"}\", \"Context\": \"{\\n  \\\"test_cases\\\": [\\n    {\\n      \\\"Test Title\\\": \\\"Empty Array Test\\\",\\n      \\\"Input Data\\\": \\\"arr=[], ranges=[], rotations=0, index=0\\\",\\n      \\\"Expected Output\\\": \\\"None\\\"\\n    },\\n    {\\n      \\\"Test Title\\\": \\\"Single Rotation Test\\\",\\n      \\\"Input Data\\\": \\\"arr=[1,2,3,4,5], ranges=[[0,2]], rotations=1, index=2\\\",\\n      \\\"Expected Output\\\": \\\"4\\\"\\n    },\\n    {\\n      \\\"Test Title\\\": \\\"Multiple Rotations Test\\\",\\n      \\\"Input Data\\\": \\\"arr=[1,2,3,4,5], ranges=[[0,2],[0,3]], rotations=2, index=1\\\",\\n      \\\"Expected Output\\\": \\\"3\\\"\\n    },\\n    {\\n      \\\"Test Title\\\": \\\"Large Input Test\\\",\\n      \\\"Input Data\\\": \\\"arr=[1,2,3,4,5,6,7,8,9,10], ranges=[[0,5],[3,7]], rotations=3, index=7\\\",\\n      \\\"Expected Output\\\": \\\"4\\\"\\n    }\\n  ]\\n}\", \"Question\": \"Follow the Instruction. The Context section include the test cases.\"}",
    "Final Test Cases": "{\n  \"test_cases\": [\n    {\n      \"Test Title\": \"Empty Array Test\",\n      \"Input Data\": \"arr=[], ranges=[], rotations=0, index=0\",\n      \"Expected Output\": \"None\"\n    },\n    {\n      \"Test Title\": \"Single Rotation Test\",\n      \"Input Data\": \"arr=[1,2,3,4,5], ranges=[[0,2]], rotations=1, index=2\",\n      \"Expected Output\": \"4\"\n    },\n    {\n      \"Test Title\": \"Multiple Rotations Test\",\n      \"Input Data\": \"arr=[1,2,3,4,5], ranges=[[0,2],[0,3]], rotations=2, index=1\",\n      \"Expected Output\": \"3\"\n    },\n    {\n      \"Test Title\": \"Large Input Test\",\n      \"Input Data\": \"arr=[1,2,3,4,5,6,7,8,9,10], ranges=[[0,5],[3,7]], rotations=3, index=7\",\n      \"Expected Output\": \"4\"\n    }\n  ]\n}",
    "Final Test Cases_prompt": "{\"Role\": \"You are a quality assurance engineer. Your duty is to revise the test cases based on the suggestions.\", \"Instruction\": \"1. Your colleague give you some suggestions(in the Context section) about the draft test cases, read these suggestions. 2. Revise your draft version test cases, but don't use long parameters. 3. Response in JSON format.\", \"Example\": \"{\\\"requirement analysis\\\":\\\"analysis\\\",\\\"test_cases\\\":[{\\\"Test Title\\\":\\\"title\\\", \\\"Input Data\\\":\\\"parameter1=[1,2,3],parameter2='123'\\\", \\\"Expected Output\\\":\\\"456\\\"},]}\", \"Context\": \"# Suggestions:\\n{\\n  \\\"Architect\\\": \\\"For the Empty Array Test, we should consider adding test cases with different combinations of empty arrays and input data. For the Large Input Test, we should consider adding test cases with larger input sizes and different ranges and rotations to ensure the scalability and accuracy of the solution.\\\",\\n  \\\"Developer\\\": \\\"For the Single Rotation Test, we should consider adding edge cases with negative numbers and zero to ensure the correctness of the solution. For the Multiple Rotations Test, we should consider adding test cases with overlapping ranges to test the handling of such scenarios.\\\"\\n}\\n # Draft Test cases:\\n{\\n  \\\"test_cases\\\": [\\n    {\\n      \\\"Test Title\\\": \\\"Empty Array Test\\\",\\n      \\\"Input Data\\\": \\\"arr=[], ranges=[], rotations=0, index=0\\\",\\n      \\\"Expected Output\\\": \\\"None\\\"\\n    },\\n    {\\n      \\\"Test Title\\\": \\\"Single Rotation Test\\\",\\n      \\\"Input Data\\\": \\\"arr=[1,2,3,4,5], ranges=[[0,2]], rotations=1, index=2\\\",\\n      \\\"Expected Output\\\": \\\"4\\\"\\n    },\\n    {\\n      \\\"Test Title\\\": \\\"Multiple Rotations Test\\\",\\n      \\\"Input Data\\\": \\\"arr=[1,2,3,4,5], ranges=[[0,2],[0,3]], rotations=2, index=1\\\",\\n      \\\"Expected Output\\\": \\\"3\\\"\\n    },\\n    {\\n      \\\"Test Title\\\": \\\"Large Input Test\\\",\\n      \\\"Input Data\\\": \\\"arr=[1,2,3,4,5,6,7,8,9,10], ranges=[[0,5],[3,7]], rotations=3, index=7\\\",\\n      \\\"Expected Output\\\": \\\"4\\\"\\n    }\\n  ]\\n}\", \"Question\": \"Follow the Instruction. Please make sure your response length are less than 512. Your test cases is for the below question:\\ndef find_Element(arr,ranges,rotations,index) :  \\n'''Write a python function to find element at a given index after number of rotations.\\nassert find_Element([1,2,3,4,5],[[0,2],[0,3]],2,1) == 3'''\\n\"}",
    "Code0": "def find_element(arr, ranges, rotations, index):\n    for r in range(rotations):\n        for i in range(len(ranges)):\n            arr[ranges[i][0]:ranges[i][1] + 1] = arr[ranges[i][0]:ranges[i][1] + 1][::-1]\n    \n    return arr[index]",
    "Code0_prompt": "{\"Role\": \"You are a professional software engineer. Your duty is to write code in Python that meets the requirements. Ensure that the code you write is efficient, readable, and follows best practices. Remember, do not need to explain the code you wrote.\", \"Instruction\": \"1. Understand the test cases(in the Context section) about the original code. 2. Rewrite your code, make sure your code pass all test cases.\", \"Example\": \"\", \"Context\": \"# Original Code:\\ndef find_Element(arr, ranges, rotations, index):\\n    for r in range(rotations):\\n        for i in range(len(ranges)):\\n            arr[ranges[i][0]:ranges[i][1]+1] = arr[ranges[i][0]:ranges[i][1]+1][::-1]\\n    \\n    return arr[index]\\n# Test Cases:\\n{\\n  \\\"test_cases\\\": [\\n    {\\n      \\\"Test Title\\\": \\\"Empty Array Test\\\",\\n      \\\"Input Data\\\": \\\"arr=[], ranges=[], rotations=0, index=0\\\",\\n      \\\"Expected Output\\\": \\\"None\\\"\\n    },\\n    {\\n      \\\"Test Title\\\": \\\"Single Rotation Test\\\",\\n      \\\"Input Data\\\": \\\"arr=[1,2,3,4,5], ranges=[[0,2]], rotations=1, index=2\\\",\\n      \\\"Expected Output\\\": \\\"4\\\"\\n    },\\n    {\\n      \\\"Test Title\\\": \\\"Multiple Rotations Test\\\",\\n      \\\"Input Data\\\": \\\"arr=[1,2,3,4,5], ranges=[[0,2],[0,3]], rotations=2, index=1\\\",\\n      \\\"Expected Output\\\": \\\"3\\\"\\n    },\\n    {\\n      \\\"Test Title\\\": \\\"Large Input Test\\\",\\n      \\\"Input Data\\\": \\\"arr=[1,2,3,4,5,6,7,8,9,10], ranges=[[0,5],[3,7]], rotations=3, index=7\\\",\\n      \\\"Expected Output\\\": \\\"4\\\"\\n    }\\n  ]\\n}\", \"Question\": \"def find_Element(arr,ranges,rotations,index) :  \\n'''Write a python function to find element at a given index after number of rotations.\\nassert find_Element([1,2,3,4,5],[[0,2],[0,3]],2,1) == 3'''\\n\"}",
    "TestScriptOriginal": "import unittest\n\ndef find_Element(arr, ranges, rotations, index):\n    for r in ranges:\n        start, end = r\n        for _ in range(rotations):\n            arr = arr[end:] + arr[:start]\n    return arr[index]\n\nclass Test(unittest.TestCase):\n    def test(self):\n        self.assertEqual(find_Element([1,2,3,4,5], [[0,2],[0,3]], 2, 1), 3)\n\nif __name__ == '__main__':\n    unittest.main()",
    "TestScriptOriginal_prompt": "{\"Role\": \"You are a quality assurance engineer. Your duty is to write a python test script in unittest framework.\", \"Instruction\": \"1. Write a python test script. 2. Use the input and output given by the question.\", \"Example\": \"import unittest\\n\\nclass Test(unittest.TestCase):\\n    def test(self):\\n        self.assertEqual(function_under_test('a'), 1)\\n\\nif __name__ == '__main__':\\n    unittest.main()\", \"Context\": \"\", \"Question\": \"def find_Element(arr,ranges,rotations,index) :  \\n'''Write a python function to find element at a given index after number of rotations.\\nassert find_Element([1,2,3,4,5],[[0,2],[0,3]],2,1) == 3'''\\n\"}",
    "TestScript": "import unittest\n\nclass Test(unittest.TestCase):\n    def test(self):\n        self.assertEqual(find_Element([1,2,3,4,5], [[0,2],[0,3]], 2, 1), 3)\n\nif __name__ == '__main__':\n    unittest.main()",
    "TestScript_prompt": "{\"Role\": \"You are a quality assurance engineer. Your duty is to write a python test script in unittest framework.\", \"Instruction\": \"1. Write a python test script. 2. Use the input and output given by the question.\", \"Example\": \"import unittest\\n\\nclass Test(unittest.TestCase):\\n    def test(self):\\n        self.assertEqual(function_under_test('a'), 1)\\n\\nif __name__ == '__main__':\\n    unittest.main()\", \"Context\": \"\", \"Question\": \"def find_Element(arr,ranges,rotations,index) :  \\n'''Write a python function to find element at a given index after number of rotations.\\nassert find_Element([1,2,3,4,5],[[0,2],[0,3]],2,1) == 3'''\\n\"}",
    "ScriptResult0": "E\n======================================================================\nERROR: test (__main__.Test)\n----------------------------------------------------------------------\nTraceback (most recent call last):\n  File \"/Users/watch/PycharmProjects/XXXX-1-LLM/workspace/2024-03-10_20-01-00-995268/test_script.py\", line 11, in test\n    self.assertEqual(find_Element([1,2,3,4,5], [[0,2],[0,3]], 2, 1), 3)\nNameError: name 'find_Element' is not defined\n\n----------------------------------------------------------------------\nRan 1 test in 0.000s\n\nFAILED (errors=1)\n",
    "TestReport0": "Test Report:\n\nTest Script Output:\nE\n======================================================================\nERROR: test (__main__.Test)\n----------------------------------------------------------------------\nTraceback (most recent call last):\n  File \"/Users/watch/PycharmProjects/XXXX-1-LLM/workspace/2024-03-10_20-01-00-995268/test_script.py\", line 11, in test\n    self.assertEqual(find_Element([1,2,3,4,5], [[0,2],[0,3]], 2, 1), 3)\nNameError: name 'find_Element' is not defined\n\n----------------------------------------------------------------------\nRan 1 test in 0.000s\n\nFAILED (errors=1)\n\nTest Report:\nThe test script has failed with the following error:\n- The function 'find_Element' is not defined.\n\nConclusion:\nCode Test Failed\n\nInput and Expected Output Example:\nInput: \nfind_Element([1,2,3,4,5], [[0,2],[0,3]], 2, 1)\nExpected Output: \n3",
    "RepairResponse1": "{\n  \"revised_code\": \"def find_element(arr, ranges, rotations, index):\\n    for r in range(rotations):\\n        for start, end in ranges:\\n            arr[start:end + 1] = arr[start:end + 1][::-1]\\n    \\n    return arr[index]\"\n}",
    "RepairResponse1_prompt": "{\"Role\": \"You are a professional software engineer. Your duty is to write code in Python that meets the requirements. Ensure that the code you write is efficient, readable, and follows best practices. Remember, do not need to explain the code you wrote.\", \"Instruction\": \"1. Rewrite a bug fix version of the original code. 2. Response in JSON format.\", \"Example\": \"{\\\"revised_code\\\":\\\"...\\\"}\", \"Context\": \"# the original code:\\ndef find_element(arr, ranges, rotations, index):\\n    for r in range(rotations):\\n        for i in range(len(ranges)):\\n            arr[ranges[i][0]:ranges[i][1] + 1] = arr[ranges[i][0]:ranges[i][1] + 1][::-1]\\n    \\n    return arr[index]\\n# test report:\\nTest Report:\\n\\nTest Script Output:\\nE\\n======================================================================\\nERROR: test (__main__.Test)\\n----------------------------------------------------------------------\\nTraceback (most recent call last):\\n  File \\\"/Users/watch/PycharmProjects/XXXX-1-LLM/workspace/2024-03-10_20-01-00-995268/test_script.py\\\", line 11, in test\\n    self.assertEqual(find_Element([1,2,3,4,5], [[0,2],[0,3]], 2, 1), 3)\\nNameError: name 'find_Element' is not defined\\n\\n----------------------------------------------------------------------\\nRan 1 test in 0.000s\\n\\nFAILED (errors=1)\\n\\nTest Report:\\nThe test script has failed with the following error:\\n- The function 'find_Element' is not defined.\\n\\nConclusion:\\nCode Test Failed\\n\\nInput and Expected Output Example:\\nInput: \\nfind_Element([1,2,3,4,5], [[0,2],[0,3]], 2, 1)\\nExpected Output: \\n3\", \"Question\": \"The original code has some bugs, according to the test report and suggestions, rewrite the code. Complete the following code:\\ndef find_Element(arr,ranges,rotations,index) :  \\n'''Write a python function to find element at a given index after number of rotations.\\nassert find_Element([1,2,3,4,5],[[0,2],[0,3]],2,1) == 3'''\\n\"}",
    "Code1": "def find_element(arr, ranges, rotations, index):\n    for r in range(rotations):\n        for start, end in ranges:\n            arr[start:end + 1] = arr[start:end + 1][::-1]\n    \n    return arr[index]",
    "ScriptResult1": "E\n======================================================================\nERROR: test (__main__.Test)\n----------------------------------------------------------------------\nTraceback (most recent call last):\n  File \"/Users/watch/PycharmProjects/XXXX-1-LLM/workspace/2024-03-10_20-01-00-995268/test_script.py\", line 11, in test\n    self.assertEqual(find_Element([1,2,3,4,5], [[0,2],[0,3]], 2, 1), 3)\nNameError: name 'find_Element' is not defined\n\n----------------------------------------------------------------------\nRan 1 test in 0.000s\n\nFAILED (errors=1)\n",
    "TestReport1": "Test Report:\n\nTest script output:\nE\n======================================================================\nERROR: test (__main__.Test)\n----------------------------------------------------------------------\nTraceback (most recent call last):\n  File \"/Users/watch/PycharmProjects/XXXX-1-LLM/workspace/2024-03-10_20-01-00-995268/test_script.py\", line 11, in test\n    self.assertEqual(find_Element([1,2,3,4,5], [[0,2],[0,3]], 2, 1), 3)\nNameError: name 'find_Element' is not defined\n\n----------------------------------------------------------------------\nRan 1 test in 0.000s\n\nFAILED (errors=1)\n\nTest Report:\nThe test script encountered an error due to the 'find_Element' function not being defined. The expected output was not achieved due to this error. \n\nConclusion:\nCode Test Failed",
    "RepairResponse2": "{\n  \"revised_code\": \"def find_element(arr, ranges, rotations, index):\\n    for r in range(rotations):\\n        for start, end in ranges:\\n            arr[start:end + 1] = arr[start:end + 1][::-1]\\n    return arr[index]\"\n}",
    "RepairResponse2_prompt": "{\"Role\": \"You are a professional software engineer. Your duty is to write code in Python that meets the requirements. Ensure that the code you write is efficient, readable, and follows best practices. Remember, do not need to explain the code you wrote.\", \"Instruction\": \"1. Rewrite a bug fix version of the original code. 2. Response in JSON format.\", \"Example\": \"{\\\"revised_code\\\":\\\"...\\\"}\", \"Context\": \"# the original code:\\ndef find_element(arr, ranges, rotations, index):\\n    for r in range(rotations):\\n        for start, end in ranges:\\n            arr[start:end + 1] = arr[start:end + 1][::-1]\\n    \\n    return arr[index]\\n# test report:\\nTest Report:\\n\\nTest script output:\\nE\\n======================================================================\\nERROR: test (__main__.Test)\\n----------------------------------------------------------------------\\nTraceback (most recent call last):\\n  File \\\"/Users/watch/PycharmProjects/XXXX-1-LLM/workspace/2024-03-10_20-01-00-995268/test_script.py\\\", line 11, in test\\n    self.assertEqual(find_Element([1,2,3,4,5], [[0,2],[0,3]], 2, 1), 3)\\nNameError: name 'find_Element' is not defined\\n\\n----------------------------------------------------------------------\\nRan 1 test in 0.000s\\n\\nFAILED (errors=1)\\n\\nTest Report:\\nThe test script encountered an error due to the 'find_Element' function not being defined. The expected output was not achieved due to this error. \\n\\nConclusion:\\nCode Test Failed\", \"Question\": \"The original code has some bugs, according to the test report and suggestions, rewrite the code. Complete the following code:\\ndef find_Element(arr,ranges,rotations,index) :  \\n'''Write a python function to find element at a given index after number of rotations.\\nassert find_Element([1,2,3,4,5],[[0,2],[0,3]],2,1) == 3'''\\n\"}",
    "Code2": "def find_element(arr, ranges, rotations, index):\n    for r in range(rotations):\n        for start, end in ranges:\n            arr[start:end + 1] = arr[start:end + 1][::-1]\n    return arr[index]",
    "ScriptResult2": "E\n======================================================================\nERROR: test (__main__.Test)\n----------------------------------------------------------------------\nTraceback (most recent call last):\n  File \"/Users/watch/PycharmProjects/XXXX-1-LLM/workspace/2024-03-10_20-01-00-995268/test_script.py\", line 10, in test\n    self.assertEqual(find_Element([1,2,3,4,5], [[0,2],[0,3]], 2, 1), 3)\nNameError: name 'find_Element' is not defined\n\n----------------------------------------------------------------------\nRan 1 test in 0.000s\n\nFAILED (errors=1)\n",
    "TestReport2": "Test Report:\n\nTest Script Output:\nE\n======================================================================\nERROR: test (__main__.Test)\n----------------------------------------------------------------------\nTraceback (most recent call last):\n  File \"/Users/watch/PycharmProjects/XXXX-1-LLM/workspace/2024-03-10_20-01-00-995268/test_script.py\", line 10, in test\n    self.assertEqual(find_Element([1,2,3,4,5], [[0,2],[0,3]], 2, 1), 3)\nNameError: name 'find_Element' is not defined\n\n----------------------------------------------------------------------\nRan 1 test in 0.000s\n\nFAILED (errors=1)\n\nTest Report:\nThe test script failed due to a NameError. The function 'find_Element' is not defined, which resulted in the failure of the test case. The expected output was 3, but the code could not be executed due to the undefined function.\n\nConclusion:\nCode Test Failed\n\nInput and Expected Output Example:\nInput: find_Element([1,2,3,4,5], [[0,2],[0,3]], 2, 1)\nExpected Output: 3\n\nPlease address the NameError and define the 'find_Element' function to pass the test.",
    "FinalCode": "def find_element(arr, ranges, rotations, index):\n    for r in range(rotations):\n        for start, end in ranges:\n            arr[start:end + 1] = arr[start:end + 1][::-1]\n    return arr[index]"
}