{
    "start_time": "2024-03-11_10-44-43-053457",
    "task": "def add_pairwise(test_tup):\n'''Write a function to find the pairwise addition of the neighboring elements of the given tuple.\nassert add_pairwise((1, 5, 7, 8, 10)) == (6, 12, 15, 18)'''\n",
    "datetime": {
        "task": "2024-03-11 10:44:43",
        "task-id": "2024-03-11 10:44:43",
        "workflow": "2024-03-11 10:44:43",
        "Discussion": "2024-03-11 10:44:44",
        "DisorderedSprintMeetings": "2024-03-11 10:44:46",
        "UserStoryDraft0": "2024-03-11 10:44:47",
        "AnalyzeMeetings": "2024-03-11 10:44:48",
        "UserStory0": "2024-03-11 10:44:49",
        "CodeDraft0": "2024-03-11 10:44:50",
        "CodeReviewMeetings0": "2024-03-11 10:44:52",
        "Code0CR": "2024-03-11 10:44:53",
        "FinalCode": "2024-03-11 10:45:24",
        "Test Cases Draft": "2024-03-11 10:44:55",
        "Test Cases Meetings": "2024-03-11 10:44:56",
        "Test Cases": "2024-03-11 10:44:59",
        "Code0": "2024-03-11 10:45:00",
        "TestScriptOriginal": "2024-03-11 10:45:01",
        "TestScript": "2024-03-11 10:45:01",
        "ScriptResult0": "2024-03-11 10:45:02",
        "TestReport0": "2024-03-11 10:45:05",
        "SprintReview0": "2024-03-11 10:45:07",
        "SprintReviewMeetings0": "2024-03-11 10:45:09",
        "RepairResponse0": "2024-03-11 10:45:11",
        "Code1": "2024-03-11 10:45:11",
        "ScriptResult1": "2024-03-11 10:45:11",
        "TestReport1": "2024-03-11 10:45:15",
        "SprintReview1": "2024-03-11 10:45:17",
        "SprintReviewMeetings1": "2024-03-11 10:45:19",
        "RepairResponse1": "2024-03-11 10:45:24",
        "Code2": "2024-03-11 10:45:24",
        "ScriptResult2": "2024-03-11 10:45:24",
        "TestReport2": "2024-03-11 10:45:28",
        "SprintReview2": "2024-03-11 10:45:30",
        "SprintReviewMeetings2": "2024-03-11 10:45:32",
        "RepairResponse2": "2024-03-11 10:45:37"
    },
    "task-id": 470,
    "workflow": "agile/agile_version_0.0.5_remove.json",
    "Discussion": "[ScrumMaster]says: We have a job: def add_pairwise(test_tup):\n'''Write a function to find the pairwise addition of the neighboring elements of the given tuple.\nassert add_pairwise((1, 5, 7, 8, 10)) == (6, 12, 15, 18)'''\n, do you have any ideas?\n-----\n\n[Tester]says: As a Tester, I think we should start by writing test cases for the add_pairwise function to ensure it covers all possible scenarios.\n-----\n\n[Architect]says: As an architect, I think the first step is to identify the data structure and algorithm that would be most efficient for performing pairwise addition in the given tuple.\n-----\n\n[ProductOwner]says: As a Product Owner, I think it's important to consider the user requirements and potential use cases for this function.\n-----\n\n[Developer]says: As a Developer, I suggest that we iterate through the tuple and add each pair of neighboring elements together to solve the problem.\n-----\n\n[Architect]says: As an architect, I think the first step is to identify the data structure and algorithm that would be most efficient for performing pairwise addition in the given tuple.\n-----\n\n[Tester]says: As a Tester, I think we should start by writing test cases for the add_pairwise function to ensure it covers all possible scenarios.\n-----\n\n[ProductOwner]says: [ProductOwner] To create a product, we should prioritize the user requirements and potential use cases for the add_pairwise function. Let's ensure that it meets the needs of our users.\n-----\n\n[Developer]says: As a developer, I will start by iterating through the tuple and adding each pair of neighboring elements together to solve the problem.\n-----\n",
    "DisorderedSprintMeetings": "{\n  \"product-owner\":[\"Consider user requirements and potential use cases for the add_pairwise function\", \"Prioritize user needs for the function\"],\n  \"architect\":[\"Identify the data structure and algorithm for performing pairwise addition\", \"Ensure efficiency of the chosen data structure and algorithm\"],\n  \"developer\":[\"Iterate through the tuple and add each pair of neighboring elements together\", \"Implement the pairwise addition algorithm\"],\n  \"tester\":[\"Write test cases for the add_pairwise function\", \"Ensure test cases cover all possible scenarios\"]\n}",
    "DisorderedSprintMeetings_prompt": "{\"Role\": \"You are a professional scrum master. Your goal is to breakdown the Discussion History into a task list for the scrum team.\", \"Instruction\": \"1. Read and Understand the Discussion History. 2. Define the tasks for four roles: product-owner/architect/developer/tester. 3. Response in JSON format.\", \"Example\": \"{\\\"product-owner\\\":[\\\"task1\\\",\\\"task2\\\"],\\\"architect\\\":[\\\"task1\\\",\\\"task2\\\"], \\\"developer\\\":[\\\"task1\\\",\\\"task2\\\"], \\\"tester\\\":[\\\"task1\\\",\\\"task2\\\"]}\", \"Context\": \"[ScrumMaster]says: We have a job: def add_pairwise(test_tup):\\n'''Write a function to find the pairwise addition of the neighboring elements of the given tuple.\\nassert add_pairwise((1, 5, 7, 8, 10)) == (6, 12, 15, 18)'''\\n, do you have any ideas?\\n-----\\n\\n[Tester]says: As a Tester, I think we should start by writing test cases for the add_pairwise function to ensure it covers all possible scenarios.\\n-----\\n\\n[Architect]says: As an architect, I think the first step is to identify the data structure and algorithm that would be most efficient for performing pairwise addition in the given tuple.\\n-----\\n\\n[ProductOwner]says: As a Product Owner, I think it's important to consider the user requirements and potential use cases for this function.\\n-----\\n\\n[Developer]says: As a Developer, I suggest that we iterate through the tuple and add each pair of neighboring elements together to solve the problem.\\n-----\\n\\n[Architect]says: As an architect, I think the first step is to identify the data structure and algorithm that would be most efficient for performing pairwise addition in the given tuple.\\n-----\\n\\n[Tester]says: As a Tester, I think we should start by writing test cases for the add_pairwise function to ensure it covers all possible scenarios.\\n-----\\n\\n[ProductOwner]says: [ProductOwner] To create a product, we should prioritize the user requirements and potential use cases for the add_pairwise function. Let's ensure that it meets the needs of our users.\\n-----\\n\\n[Developer]says: As a developer, I will start by iterating through the tuple and adding each pair of neighboring elements together to solve the problem.\\n-----\\n\", \"Question\": \"Follow the Instruction section. The Discussion History is in the Context section. You only need to return a task list as the Example section.\"}",
    "UserStoryDraft0": "{\n  \"UserStory\": \"As a product owner, I want to prioritize the user need for the add_pairwise function, so that the function can find the pairwise addition of the neighboring elements of the given tuple as per the provided example.\"\n}",
    "UserStoryDraft0_prompt": "{\"Role\": \"You need to act as a professional product owner. Your task is to write a UserStory\", \"Instruction\": \"According to the Context, please analyze the requirement and write your response. Response in JSON format. Your response should be high-level, rather than providing implementation details.\", \"Example\": \"\", \"Context\": [\"Consider user requirements and potential use cases for the add_pairwise function\", \"Prioritize user needs for the function\"], \"Question\": \"Follow the Instruction. The requirement is as follows:\\ndef add_pairwise(test_tup):\\n'''Write a function to find the pairwise addition of the neighboring elements of the given tuple.\\nassert add_pairwise((1, 5, 7, 8, 10)) == (6, 12, 15, 18)'''\\n\"}",
    "AnalyzeMeetings": "{\n  \"Architect\": \"As an architect, I suggest revising the document to provide more detailed requirements and examples for the add_pairwise function. This will help in understanding the exact functionality and expected behavior of the function.\",\n  \"Tester\": \"As a tester, I suggest including test cases and expected outcomes for the add_pairwise function to ensure that it meets the specified user need and performs pairwise addition correctly.\"\n}",
    "UserStory0": "{\n  \"RevisedDocument\": \"As a product owner, I have revised the document to include more detailed requirements and examples for the add_pairwise function, as suggested by the architect. This will help in understanding the exact functionality and expected behavior of the function. Additionally, I have included test cases and expected outcomes for the add_pairwise function, as suggested by the tester, to ensure that it meets the specified user need and performs pairwise addition correctly. The user story has been prioritized to emphasize the importance of meeting the user need for the add_pairwise function as per the provided example.\"\n}",
    "UserStory0_prompt": {
        "Role": "You need to act as a professional product owner. Your duty is to revise the document based on the suggestions.",
        "Instruction": "1. Read the suggestions. 2. Revise your draft version document. 3. Response in JSON format. 4. REMEMBER: Your analysis should be high-level, rather than providing implementation details.",
        "Example": "",
        "Context": "# Suggestion:\n{\n  \"Architect\": \"As an architect, I suggest revising the document to provide more detailed requirements and examples for the add_pairwise function. This will help in understanding the exact functionality and expected behavior of the function.\",\n  \"Tester\": \"As a tester, I suggest including test cases and expected outcomes for the add_pairwise function to ensure that it meets the specified user need and performs pairwise addition correctly.\"\n}",
        "Question": "Follow the Instruction. Your colleague give you some suggestions(in the Context section) about this draft document:{\n  \"UserStory\": \"As a product owner, I want to prioritize the user need for the add_pairwise function, so that the function can find the pairwise addition of the neighboring elements of the given tuple as per the provided example.\"\n}"
    },
    "CodeDraft0": "def add_pairwise(test_tup):\n    result = tuple(test_tup[i] + test_tup[i+1] for i in range(0, len(test_tup)-1, 2))\n    return result",
    "CodeDraft0_prompt": {
        "Role": "You are a professional engineer. Your duty is to write code in Python that meets the requirements. Ensure that the code you write is efficient, readable, and follows best practices. Remember, do not need to explain the code you wrote.",
        "Instruction": "According to the Context section, write your code.",
        "Example": "",
        "Context": "# Tasks:\n['Iterate through the tuple and add each pair of neighboring elements together', 'Implement the pairwise addition algorithm']",
        "Question": "Follow the Instruction section. Complete the following code:\ndef add_pairwise(test_tup):\n'''Write a function to find the pairwise addition of the neighboring elements of the given tuple.\nassert add_pairwise((1, 5, 7, 8, 10)) == (6, 12, 15, 18)'''\n"
    },
    "CodeReviewMeetings0": "{\n  \"Architect\": \"Consider breaking down the code into smaller, more readable functions for better maintainability and reusability. Also, consider adding comments to explain the purpose of the code and the logic behind it.\",\n  \"Tester\": \"Test the function with different types of input data, including empty tuples, tuples with odd number of elements, and tuples with different data types. Also, consider adding boundary test cases to ensure the function handles edge cases correctly.\"\n}",
    "Code0CR": "def add_pairwise(test_tup):\n    result = []\n    for i in range(0, len(test_tup)-1, 2):\n        result.append(test_tup[i] + test_tup[i+1])\n    return tuple(result)",
    "Code0CR_prompt": "{\"Role\": \"You are a professional software engineer. Your duty is to write code in Python that meets the requirements. Ensure that the code you write is efficient, readable, and follows best practices. Remember, do not need to explain the code you wrote.\", \"Instruction\": \"1. Understand the suggestions(in the Context section) about the original code. 2. Rewrite your code.\", \"Example\": \"\", \"Context\": \"# Tasks:\\n['Iterate through the tuple and add each pair of neighboring elements together', 'Implement the pairwise addition algorithm']\\n# Suggestions:\\n{\\n  \\\"Architect\\\": \\\"Consider breaking down the code into smaller, more readable functions for better maintainability and reusability. Also, consider adding comments to explain the purpose of the code and the logic behind it.\\\",\\n  \\\"Tester\\\": \\\"Test the function with different types of input data, including empty tuples, tuples with odd number of elements, and tuples with different data types. Also, consider adding boundary test cases to ensure the function handles edge cases correctly.\\\"\\n}\", \"Question\": \"Follow the Instruction section. Complete the following code:\\ndef add_pairwise(test_tup):\\n'''Write a function to find the pairwise addition of the neighboring elements of the given tuple.\\nassert add_pairwise((1, 5, 7, 8, 10)) == (6, 12, 15, 18)'''\\n\"}",
    "FinalCode": "def add_pairwise(test_tup):\n    result = []\n    for i in range(0, len(test_tup), 2):\n        if i+1 < len(test_tup):\n            result.append(test_tup[i] + test_tup[i+1])\n        else:\n            result.append(test_tup[i])\n    return tuple(result)",
    "Test Cases Draft": "{\n  \"test_cases\": [\n    {\n      \"Test Title\": \"Valid Input Test\",\n      \"Input Data\": \"test_tup=(1, 5, 7, 8, 10)\",\n      \"Expected Output\": \"(6, 12, 15, 18)\"\n    },\n    {\n      \"Test Title\": \"Empty Input Test\",\n      \"Input Data\": \"test_tup=()\",\n      \"Expected Output\": \"()\"\n    },\n    {\n      \"Test Title\": \"Single Element Input Test\",\n      \"Input Data\": \"test_tup=(1,)\",\n      \"Expected Output\": \"(1,)\"\n    },\n    {\n      \"Test Title\": \"Negative Number Input Test\",\n      \"Input Data\": \"test_tup=(-1, 2, -3, 4, -5)\",\n      \"Expected Output\": \"(1, -1, 1, -1)\"\n    }\n  ]\n}",
    "Test Cases Draft_prompt": "{\"Role\": \"You are a quality assurance engineer. Your duty is to design test cases for the developers.\", \"Instruction\": \"According to the Context section, write test cases. Don't write long strings in your test cases. Response in JSON format.\", \"Example\": \"{\\\"requirement analysis\\\":\\\"analysis\\\",\\\"test_cases\\\":[{\\\"Test Title\\\":\\\"title\\\", \\\"Input Data\\\":\\\"parameter1=[1,2,3],parameter2='123'\\\", \\\"Expected Output\\\":\\\"456\\\"},]}\", \"Context\": \"# UsrtStory:\\n{\\n  \\\"RevisedDocument\\\": \\\"As a product owner, I have revised the document to include more detailed requirements and examples for the add_pairwise function, as suggested by the architect. This will help in understanding the exact functionality and expected behavior of the function. Additionally, I have included test cases and expected outcomes for the add_pairwise function, as suggested by the tester, to ensure that it meets the specified user need and performs pairwise addition correctly. The user story has been prioritized to emphasize the importance of meeting the user need for the add_pairwise function as per the provided example.\\\"\\n}\\n# Tasks:\\n['Write test cases for the add_pairwise function', 'Ensure test cases cover all possible scenarios']\\n\", \"Question\": \"def add_pairwise(test_tup):\\n'''Write a function to find the pairwise addition of the neighboring elements of the given tuple.\\nassert add_pairwise((1, 5, 7, 8, 10)) == (6, 12, 15, 18)'''\\n\"}",
    "Test Cases Meetings": "{\n  \"Architect\": \"As an architect, I would suggest revising the test cases to include boundary value analysis and equivalence partitioning. This could involve adding test cases for input with large numbers, test cases for input with negative and positive numbers, and test cases for input with zero.\",\n  \"Developer\": \"As a developer, I would suggest revising the test cases to include edge cases such as an empty input, single-element input, and negative number input. Additionally, we should consider adding test cases for input with duplicate numbers and input with non-numeric characters.\"\n}",
    "Test Cases": "{\n  \"test_cases\": [\n    {\n      \"Test Title\": \"Valid Input Test\",\n      \"Input Data\": \"test_tup=(1, 5, 7, 8, 10)\",\n      \"Expected Output\": \"(6, 12, 15, 18)\"\n    },\n    {\n      \"Test Title\": \"Empty Input Test\",\n      \"Input Data\": \"test_tup=()\",\n      \"Expected Output\": \"()\"\n    },\n    {\n      \"Test Title\": \"Single Element Input Test\",\n      \"Input Data\": \"test_tup=(1,)\",\n      \"Expected Output\": \"(1,)\"\n    },\n    {\n      \"Test Title\": \"Negative Number Input Test\",\n      \"Input Data\": \"test_tup=(-1, 2, -3, 4, -5)\",\n      \"Expected Output\": \"(1, 1, 1, -1, -1)\"\n    },\n    {\n      \"Test Title\": \"Large Numbers Input Test\",\n      \"Input Data\": \"test_tup=(1000000, 2000000)\",\n      \"Expected Output\": \"(3000000)\"\n    },\n    {\n      \"Test Title\": \"Zero Input Test\",\n      \"Input Data\": \"test_tup=(0, 0, 0)\",\n      \"Expected Output\": \"(0, 0)\"\n    }\n  ]\n}",
    "Test Cases_prompt": "{\"Role\": \"You are a quality assurance engineer. Your duty is to revise the test cases based on the suggestions.\", \"Instruction\": \"1. Your colleague give you some suggestions(in the Context section) about the draft test cases, read these suggestions. 2. Revise your draft version test cases, but don't use long parameters. 3. Response in JSON format.\", \"Example\": \"{\\\"requirement analysis\\\":\\\"analysis\\\",\\\"test_cases\\\":[{\\\"Test Title\\\":\\\"title\\\", \\\"Input Data\\\":\\\"parameter1=[1,2,3],parameter2='123'\\\", \\\"Expected Output\\\":\\\"456\\\"},]}\", \"Context\": \"# Suggestions:\\n{\\n  \\\"Architect\\\": \\\"As an architect, I would suggest revising the test cases to include boundary value analysis and equivalence partitioning. This could involve adding test cases for input with large numbers, test cases for input with negative and positive numbers, and test cases for input with zero.\\\",\\n  \\\"Developer\\\": \\\"As a developer, I would suggest revising the test cases to include edge cases such as an empty input, single-element input, and negative number input. Additionally, we should consider adding test cases for input with duplicate numbers and input with non-numeric characters.\\\"\\n}\\n # Draft Test cases:\\n{\\n  \\\"test_cases\\\": [\\n    {\\n      \\\"Test Title\\\": \\\"Valid Input Test\\\",\\n      \\\"Input Data\\\": \\\"test_tup=(1, 5, 7, 8, 10)\\\",\\n      \\\"Expected Output\\\": \\\"(6, 12, 15, 18)\\\"\\n    },\\n    {\\n      \\\"Test Title\\\": \\\"Empty Input Test\\\",\\n      \\\"Input Data\\\": \\\"test_tup=()\\\",\\n      \\\"Expected Output\\\": \\\"()\\\"\\n    },\\n    {\\n      \\\"Test Title\\\": \\\"Single Element Input Test\\\",\\n      \\\"Input Data\\\": \\\"test_tup=(1,)\\\",\\n      \\\"Expected Output\\\": \\\"(1,)\\\"\\n    },\\n    {\\n      \\\"Test Title\\\": \\\"Negative Number Input Test\\\",\\n      \\\"Input Data\\\": \\\"test_tup=(-1, 2, -3, 4, -5)\\\",\\n      \\\"Expected Output\\\": \\\"(1, -1, 1, -1)\\\"\\n    }\\n  ]\\n}\", \"Question\": \"Follow the Instruction. Please make sure your response length are less than 512. Your test cases is for the below question:\\ndef add_pairwise(test_tup):\\n'''Write a function to find the pairwise addition of the neighboring elements of the given tuple.\\nassert add_pairwise((1, 5, 7, 8, 10)) == (6, 12, 15, 18)'''\\n\"}",
    "Code0": "def add_pairwise(test_tup):\n    result = []\n    for i in range(0, len(test_tup)-1, 2):\n        result.append(test_tup[i] + test_tup[i+1])\n    return tuple(result)",
    "Code0_prompt": {
        "Role": "You are a professional software engineer. Your duty is to write code in Python that meets the requirements. Ensure that the code you write is efficient, readable, and follows best practices. Remember, do not need to explain the code you wrote.",
        "Instruction": "1. Understand the test cases(in the Context section) about the original code. 2. Rewrite your code, make sure your code pass all test cases.",
        "Example": "",
        "Context": "# Original Code:\ndef add_pairwise(test_tup):\n    result = []\n    for i in range(0, len(test_tup)-1, 2):\n        result.append(test_tup[i] + test_tup[i+1])\n    return tuple(result)\n# Test Cases:\n{\n  \"test_cases\": [\n    {\n      \"Test Title\": \"Valid Input Test\",\n      \"Input Data\": \"test_tup=(1, 5, 7, 8, 10)\",\n      \"Expected Output\": \"(6, 12, 15, 18)\"\n    },\n    {\n      \"Test Title\": \"Empty Input Test\",\n      \"Input Data\": \"test_tup=()\",\n      \"Expected Output\": \"()\"\n    },\n    {\n      \"Test Title\": \"Single Element Input Test\",\n      \"Input Data\": \"test_tup=(1,)\",\n      \"Expected Output\": \"(1,)\"\n    },\n    {\n      \"Test Title\": \"Negative Number Input Test\",\n      \"Input Data\": \"test_tup=(-1, 2, -3, 4, -5)\",\n      \"Expected Output\": \"(1, 1, 1, -1, -1)\"\n    },\n    {\n      \"Test Title\": \"Large Numbers Input Test\",\n      \"Input Data\": \"test_tup=(1000000, 2000000)\",\n      \"Expected Output\": \"(3000000)\"\n    },\n    {\n      \"Test Title\": \"Zero Input Test\",\n      \"Input Data\": \"test_tup=(0, 0, 0)\",\n      \"Expected Output\": \"(0, 0)\"\n    }\n  ]\n}",
        "Question": "def add_pairwise(test_tup):\n'''Write a function to find the pairwise addition of the neighboring elements of the given tuple.\nassert add_pairwise((1, 5, 7, 8, 10)) == (6, 12, 15, 18)'''\n"
    },
    "TestScriptOriginal": "import unittest\n\ndef add_pairwise(test_tup):\n    result = tuple(test_tup[i] + test_tup[i+1] for i in range(0, len(test_tup)-1))\n    return result\n\nclass Test(unittest.TestCase):\n    def test(self):\n        self.assertEqual(add_pairwise((1, 5, 7, 8, 10)), (6, 12, 15, 18))\n\nif __name__ == '__main__':\n    unittest.main()",
    "TestScriptOriginal_prompt": "{\"Role\": \"You are a quality assurance engineer. Your duty is to write a python test script in unittest framework.\", \"Instruction\": \"1. Write a python test script. 2. Use the input and output given by the question.\", \"Example\": \"import unittest\\n\\nclass Test(unittest.TestCase):\\n    def test(self):\\n        self.assertEqual(function_under_test('a'), 1)\\n\\nif __name__ == '__main__':\\n    unittest.main()\", \"Context\": \"\", \"Question\": \"def add_pairwise(test_tup):\\n'''Write a function to find the pairwise addition of the neighboring elements of the given tuple.\\nassert add_pairwise((1, 5, 7, 8, 10)) == (6, 12, 15, 18)'''\\n\"}",
    "TestScript": "import unittest\n\nclass Test(unittest.TestCase):\n    def test(self):\n        self.assertEqual(add_pairwise((1, 5, 7, 8, 10)), (6, 12, 15, 18))\n\nif __name__ == '__main__':\n    unittest.main()",
    "ScriptResult0": "F\n======================================================================\nFAIL: test (__main__.Test)\n----------------------------------------------------------------------\nTraceback (most recent call last):\n  File \"/Users/watch/PycharmProjects/XXXX-1-LLM/workspace/2024-03-11_10-44-43-053457/test_script.py\", line 10, in test\n    self.assertEqual(add_pairwise((1, 5, 7, 8, 10)), (6, 12, 15, 18))\nAssertionError: Tuples differ: (6, 15) != (6, 12, 15, 18)\n\nFirst differing element 1:\n15\n12\n\nSecond tuple contains 2 additional elements.\nFirst extra element 2:\n15\n\n- (6, 15)\n+ (6, 12, 15, 18)\n\n----------------------------------------------------------------------\nRan 1 test in 0.000s\n\nFAILED (failures=1)\n",
    "TestReport0": "Test Report:\n\nTest Script Output:\nF\n======================================================================\nFAIL: test (__main__.Test)\n----------------------------------------------------------------------\nTraceback (most recent call last):\n  File \"/Users/watch/PycharmProjects/XXXX-1-LLM/workspace/2024-03-11_10-44-43-053457/test_script.py\", line 10, in test\n    self.assertEqual(add_pairwise((1, 5, 7, 8, 10)), (6, 12, 15, 18))\nAssertionError: Tuples differ: (6, 15) != (6, 12, 15, 18)\n\nFirst differing element 1:\n15\n12\n\nSecond tuple contains 2 additional elements.\nFirst extra element 2:\n15\n\n- (6, 15)\n+ (6, 12, 15, 18)\n\nRan 1 test in 0.000s\n\nFAILED (failures=1)\n\nConclusion: Code Test Failed\n\nInput and Expected Output Example:\nInput: (1, 5, 7, 8, 10)\nExpected Output: (6, 12, 15, 18)\n\nCode Test Failed\n\nCode:\n\ndef add_pairwise(test_tup):\n    result = []\n    for i in range(0, len(test_tup)-1, 2):\n        result.append(test_tup[i] + test_tup[i+1])\n    return tuple(result)",
    "SprintReview0": "[ScrumMaster]says: Here is our test Report: Test Report:\n\nTest Script Output:\nF\n======================================================================\nFAIL: test (__main__.Test)\n----------------------------------------------------------------------\nTraceback (most recent call last):\n  File \"/Users/watch/PycharmProjects/XXXX-1-LLM/workspace/2024-03-11_10-44-43-053457/test_script.py\", line 10, in test\n    self.assertEqual(add_pairwise((1, 5, 7, 8, 10)), (6, 12, 15, 18))\nAssertionError: Tuples differ: (6, 15) != (6, 12, 15, 18)\n\nFirst differing element 1:\n15\n12\n\nSecond tuple contains 2 additional elements.\nFirst extra element 2:\n15\n\n- (6, 15)\n+ (6, 12, 15, 18)\n\nRan 1 test in 0.000s\n\nFAILED (failures=1)\n\nConclusion: Code Test Failed\n\nInput and Expected Output Example:\nInput: (1, 5, 7, 8, 10)\nExpected Output: (6, 12, 15, 18)\n\nCode Test Failed\n\nCode:\n\ndef add_pairwise(test_tup):\n    result = []\n    for i in range(0, len(test_tup)-1, 2):\n        result.append(test_tup[i] + test_tup[i+1])\n    return tuple(result), do you have any ideas?\n-----\n\n[ProductOwner]says: As a Product Owner, I think we should prioritize fixing the failing test and ensuring the code meets the expected output before moving forward with any further development.\n-----\n\n[Architect]says: As an architect, it is important to review the code and identify potential issues with the add_pairwise function to ensure it aligns with the requirements and expected output.\n-----\n\n[Tester]says: As a Tester, it seems like the code for the add_pairwise function is not producing the expected output, perhaps there is an issue with the logic or implementation of the function.\n-----\n\n[Developer]says: As a Developer, I will review the code and identify the error in the add_pairwise function to fix the test failure.\n-----\n\n[Developer]says: As a Developer, I will review the code and identify the error in the add_pairwise function to fix the test failure.\n-----\n\n[Architect]says: As an architect, it is important to review the code and identify potential issues with the add_pairwise function to ensure it aligns with the requirements and expected output.\n-----\n\n[ProductOwner]says: As a Product Owner, I think we should prioritize fixing the failing test and ensuring the code meets the expected output before moving forward with any further development.\n-----\n\n[Tester]says: [Tester] says: As a Tester, it seems like the code for the add_pairwise function is not producing the expected output, perhaps there is an issue with the logic or implementation of the function.\n-----\n",
    "SprintReviewMeetings0": "{\n  \"product-owner\": [\"We should prioritize fixing the failing test and ensuring the code meets the expected output before moving forward with any further development.\"],\n  \"architect\": [\"It is important to review the code and identify potential issues with the add_pairwise function to ensure it aligns with the requirements and expected output.\"],\n  \"developer\": [\"I will review the code and identify the error in the add_pairwise function to fix the test failure.\"],\n  \"tester\": [\"The code for the add_pairwise function is not producing the expected output, perhaps there is an issue with the logic or implementation of the function.\"]\n}",
    "SprintReviewMeetings0_prompt": "{\"Role\": \"You are a professional scrum master. Your goal is to summary the Discussion History into a suggestions list for the scrum team.\", \"Instruction\": \"1. Read and Understand the Discussion History. 2. Summary the suggestions from four roles: product-owner/architect/developer/tester. 3. Response in JSON format.\", \"Example\": \"{\\\"product-owner\\\":[\\\"suggestion1\\\",\\\"suggestion2\\\"],\\\"architect\\\":[\\\"suggestion1\\\",\\\"suggestion2\\\"], \\\"developer\\\":[\\\"suggestion1\\\",\\\"suggestion2\\\"], \\\"tester\\\":[\\\"suggestion1\\\",\\\"suggestion2\\\"]}\", \"Context\": \"[ScrumMaster]says: Here is our test Report: Test Report:\\n\\nTest Script Output:\\nF\\n======================================================================\\nFAIL: test (__main__.Test)\\n----------------------------------------------------------------------\\nTraceback (most recent call last):\\n  File \\\"/Users/watch/PycharmProjects/XXXX-1-LLM/workspace/2024-03-11_10-44-43-053457/test_script.py\\\", line 10, in test\\n    self.assertEqual(add_pairwise((1, 5, 7, 8, 10)), (6, 12, 15, 18))\\nAssertionError: Tuples differ: (6, 15) != (6, 12, 15, 18)\\n\\nFirst differing element 1:\\n15\\n12\\n\\nSecond tuple contains 2 additional elements.\\nFirst extra element 2:\\n15\\n\\n- (6, 15)\\n+ (6, 12, 15, 18)\\n\\nRan 1 test in 0.000s\\n\\nFAILED (failures=1)\\n\\nConclusion: Code Test Failed\\n\\nInput and Expected Output Example:\\nInput: (1, 5, 7, 8, 10)\\nExpected Output: (6, 12, 15, 18)\\n\\nCode Test Failed\\n\\nCode:\\n\\ndef add_pairwise(test_tup):\\n    result = []\\n    for i in range(0, len(test_tup)-1, 2):\\n        result.append(test_tup[i] + test_tup[i+1])\\n    return tuple(result), do you have any ideas?\\n-----\\n\\n[ProductOwner]says: As a Product Owner, I think we should prioritize fixing the failing test and ensuring the code meets the expected output before moving forward with any further development.\\n-----\\n\\n[Architect]says: As an architect, it is important to review the code and identify potential issues with the add_pairwise function to ensure it aligns with the requirements and expected output.\\n-----\\n\\n[Tester]says: As a Tester, it seems like the code for the add_pairwise function is not producing the expected output, perhaps there is an issue with the logic or implementation of the function.\\n-----\\n\\n[Developer]says: As a Developer, I will review the code and identify the error in the add_pairwise function to fix the test failure.\\n-----\\n\\n[Developer]says: As a Developer, I will review the code and identify the error in the add_pairwise function to fix the test failure.\\n-----\\n\\n[Architect]says: As an architect, it is important to review the code and identify potential issues with the add_pairwise function to ensure it aligns with the requirements and expected output.\\n-----\\n\\n[ProductOwner]says: As a Product Owner, I think we should prioritize fixing the failing test and ensuring the code meets the expected output before moving forward with any further development.\\n-----\\n\\n[Tester]says: [Tester] says: As a Tester, it seems like the code for the add_pairwise function is not producing the expected output, perhaps there is an issue with the logic or implementation of the function.\\n-----\\n\", \"Question\": \"Follow the Instruction section. The Discussion History is in the Context section. You only need to return a list as the Example section.\"}",
    "RepairResponse0": "{\n  \"revised_code\": \"def add_pairwise(test_tup):\\n    result = []\\n    for i in range(0, len(test_tup), 2):\\n        if i+1 < len(test_tup):\\n            result.append(test_tup[i] + test_tup[i+1])\\n    return tuple(result)\"\n}",
    "RepairResponse0_prompt": {
        "Role": "You are a professional software engineer. Your duty is to write code in Python that meets the requirements. Ensure that the code you write is efficient, readable, and follows best practices. Remember, do not need to explain the code you wrote.",
        "Instruction": "1. Rewrite a bug fix version of the original code. 2. Response in JSON format.",
        "Example": "{\"revised_code\":\"...\"}",
        "Context": "# Test Report:\nTest Report:\n\nTest Script Output:\nF\n======================================================================\nFAIL: test (__main__.Test)\n----------------------------------------------------------------------\nTraceback (most recent call last):\n  File \"/Users/watch/PycharmProjects/XXXX-1-LLM/workspace/2024-03-11_10-44-43-053457/test_script.py\", line 10, in test\n    self.assertEqual(add_pairwise((1, 5, 7, 8, 10)), (6, 12, 15, 18))\nAssertionError: Tuples differ: (6, 15) != (6, 12, 15, 18)\n\nFirst differing element 1:\n15\n12\n\nSecond tuple contains 2 additional elements.\nFirst extra element 2:\n15\n\n- (6, 15)\n+ (6, 12, 15, 18)\n\nRan 1 test in 0.000s\n\nFAILED (failures=1)\n\nConclusion: Code Test Failed\n\nInput and Expected Output Example:\nInput: (1, 5, 7, 8, 10)\nExpected Output: (6, 12, 15, 18)\n\nCode Test Failed\n\nCode:\n\ndef add_pairwise(test_tup):\n    result = []\n    for i in range(0, len(test_tup)-1, 2):\n        result.append(test_tup[i] + test_tup[i+1])\n    return tuple(result)# suggestions:\n{\"product-owner\": [\"We should prioritize fixing the failing test and ensuring the code meets the expected output before moving forward with any further development.\"], \"architect\": [\"It is important to review the code and identify potential issues with the add_pairwise function to ensure it aligns with the requirements and expected output.\"], \"developer\": [\"I will review the code and identify the error in the add_pairwise function to fix the test failure.\"], \"tester\": [\"The code for the add_pairwise function is not producing the expected output, perhaps there is an issue with the logic or implementation of the function.\"]}",
        "Question": "The original code has some bugs, according to the test report and suggestions, rewrite the code. Complete the following code:\ndef add_pairwise(test_tup):\n'''Write a function to find the pairwise addition of the neighboring elements of the given tuple.\nassert add_pairwise((1, 5, 7, 8, 10)) == (6, 12, 15, 18)'''\n"
    },
    "Code1": "def add_pairwise(test_tup):\n    result = []\n    for i in range(0, len(test_tup), 2):\n        if i+1 < len(test_tup):\n            result.append(test_tup[i] + test_tup[i+1])\n    return tuple(result)",
    "ScriptResult1": "F\n======================================================================\nFAIL: test (__main__.Test)\n----------------------------------------------------------------------\nTraceback (most recent call last):\n  File \"/Users/watch/PycharmProjects/XXXX-1-LLM/workspace/2024-03-11_10-44-43-053457/test_script.py\", line 11, in test\n    self.assertEqual(add_pairwise((1, 5, 7, 8, 10)), (6, 12, 15, 18))\nAssertionError: Tuples differ: (6, 15) != (6, 12, 15, 18)\n\nFirst differing element 1:\n15\n12\n\nSecond tuple contains 2 additional elements.\nFirst extra element 2:\n15\n\n- (6, 15)\n+ (6, 12, 15, 18)\n\n----------------------------------------------------------------------\nRan 1 test in 0.000s\n\nFAILED (failures=1)\n",
    "TestReport1": "Test Report:\n\nTest Script's Output:\nF\n======================================================================\nFAIL: test (__main__.Test)\n----------------------------------------------------------------------\nTraceback (most recent call last):\n  File \"/Users/watch/PycharmProjects/XXXX-1-LLM/workspace/2024-03-11_10-44-43-053457/test_script.py\", line 11, in test\n    self.assertEqual(add_pairwise((1, 5, 7, 8, 10)), (6, 12, 15, 18))\nAssertionError: Tuples differ: (6, 15) != (6, 12, 15, 18)\n\nFirst differing element 1:\n15\n12\n\nSecond tuple contains 2 additional elements.\nFirst extra element 2:\n15\n\n- (6, 15)\n+ (6, 12, 15, 18)\n\n----------------------------------------------------------------------\nRan 1 test in 0.000s\n\nFAILED (failures=1)\n\nConclusion:\nCode Test Failed\n\nInput and Expected Output Example:\ndef add_pairwise(test_tup):\n    result = []\n    for i in range(0, len(test_tup), 2):\n        if i+1 < len(test_tup):\n            result.append(test_tup[i] + test_tup[i+1])\n    return tuple(result)\n\nThis code failed the test as the expected output (6, 12, 15, 18) did not match the actual output (6, 15). The additional elements in the actual output also indicate a failure in the code.\n\nRecommendation:\nReview the add_pairwise function to ensure correct addition and tuple generation. Make necessary adjustments and re-run the test script to verify the code changes.\n\nNote: After making adjustments, re-test the code and update the test report accordingly.",
    "SprintReview1": "[ScrumMaster]says: Here is our test Report: Test Report:\n\nTest Script's Output:\nF\n======================================================================\nFAIL: test (__main__.Test)\n----------------------------------------------------------------------\nTraceback (most recent call last):\n  File \"/Users/watch/PycharmProjects/XXXX-1-LLM/workspace/2024-03-11_10-44-43-053457/test_script.py\", line 11, in test\n    self.assertEqual(add_pairwise((1, 5, 7, 8, 10)), (6, 12, 15, 18))\nAssertionError: Tuples differ: (6, 15) != (6, 12, 15, 18)\n\nFirst differing element 1:\n15\n12\n\nSecond tuple contains 2 additional elements.\nFirst extra element 2:\n15\n\n- (6, 15)\n+ (6, 12, 15, 18)\n\n----------------------------------------------------------------------\nRan 1 test in 0.000s\n\nFAILED (failures=1)\n\nConclusion:\nCode Test Failed\n\nInput and Expected Output Example:\ndef add_pairwise(test_tup):\n    result = []\n    for i in range(0, len(test_tup), 2):\n        if i+1 < len(test_tup):\n            result.append(test_tup[i] + test_tup[i+1])\n    return tuple(result)\n\nThis code failed the test as the expected output (6, 12, 15, 18) did not match the actual output (6, 15). The additional elements in the actual output also indicate a failure in the code.\n\nRecommendation:\nReview the add_pairwise function to ensure correct addition and tuple generation. Make necessary adjustments and re-run the test script to verify the code changes.\n\nNote: After making adjustments, re-test the code and update the test report accordingly., do you have any ideas?\n-----\n\n[Developer]says: As a Developer, I will review the add_pairwise function to correct the addition and tuple generation to match the expected output.\n-----\n\n[ProductOwner]says: As the Product Owner, I think we should prioritize fixing the add_pairwise function and re-running the test script to ensure the correctness of the code.\n-----\n\n[Architect]says: As an Architect, I recommend reviewing the add_pairwise function to ensure correct addition and tuple generation, making necessary adjustments, and re-running the test script to verify the code changes.\n-----\n\n[Tester]says: As a Tester, I would recommend reviewing the add_pairwise function to ensure correct addition and tuple generation, making necessary adjustments, and re-running the test script to verify the code changes.\n-----\n\n[Developer]says: As a Developer, I will review the add_pairwise function to correct the addition and tuple generation to match the expected output.\n-----\n\n[ProductOwner]says: As the Product Owner, I agree with the recommendation to prioritize fixing the add_pairwise function and re-running the test script to ensure the correctness of the code.\n-----\n\n[Architect]says: As an Architect, I recommend reviewing the add_pairwise function to ensure correct addition and tuple generation, making necessary adjustments, and re-running the test script to verify the code changes.\n-----\n\n[Tester]says: As a Tester, I would recommend reviewing the add_pairwise function to ensure correct addition and tuple generation, making necessary adjustments, and re-running the test script to verify the code changes.\n-----\n",
    "SprintReviewMeetings1": "{\n  \"product-owner\": [\n    \"I think we should prioritize fixing the add_pairwise function and re-running the test script to ensure the correctness of the code.\"\n  ],\n  \"architect\": [\n    \"I recommend reviewing the add_pairwise function to ensure correct addition and tuple generation, making necessary adjustments, and re-running the test script to verify the code changes.\"\n  ],\n  \"developer\": [\n    \"I will review the add_pairwise function to correct the addition and tuple generation to match the expected output.\"\n  ],\n  \"tester\": [\n    \"I would recommend reviewing the add_pairwise function to ensure correct addition and tuple generation, making necessary adjustments, and re-running the test script to verify the code changes.\"\n  ]\n}",
    "SprintReviewMeetings1_prompt": "{\"Role\": \"You are a professional scrum master. Your goal is to summary the Discussion History into a suggestions list for the scrum team.\", \"Instruction\": \"1. Read and Understand the Discussion History. 2. Summary the suggestions from four roles: product-owner/architect/developer/tester. 3. Response in JSON format.\", \"Example\": \"{\\\"product-owner\\\":[\\\"suggestion1\\\",\\\"suggestion2\\\"],\\\"architect\\\":[\\\"suggestion1\\\",\\\"suggestion2\\\"], \\\"developer\\\":[\\\"suggestion1\\\",\\\"suggestion2\\\"], \\\"tester\\\":[\\\"suggestion1\\\",\\\"suggestion2\\\"]}\", \"Context\": \"[ScrumMaster]says: Here is our test Report: Test Report:\\n\\nTest Script's Output:\\nF\\n======================================================================\\nFAIL: test (__main__.Test)\\n----------------------------------------------------------------------\\nTraceback (most recent call last):\\n  File \\\"/Users/watch/PycharmProjects/XXXX-1-LLM/workspace/2024-03-11_10-44-43-053457/test_script.py\\\", line 11, in test\\n    self.assertEqual(add_pairwise((1, 5, 7, 8, 10)), (6, 12, 15, 18))\\nAssertionError: Tuples differ: (6, 15) != (6, 12, 15, 18)\\n\\nFirst differing element 1:\\n15\\n12\\n\\nSecond tuple contains 2 additional elements.\\nFirst extra element 2:\\n15\\n\\n- (6, 15)\\n+ (6, 12, 15, 18)\\n\\n----------------------------------------------------------------------\\nRan 1 test in 0.000s\\n\\nFAILED (failures=1)\\n\\nConclusion:\\nCode Test Failed\\n\\nInput and Expected Output Example:\\ndef add_pairwise(test_tup):\\n    result = []\\n    for i in range(0, len(test_tup), 2):\\n        if i+1 < len(test_tup):\\n            result.append(test_tup[i] + test_tup[i+1])\\n    return tuple(result)\\n\\nThis code failed the test as the expected output (6, 12, 15, 18) did not match the actual output (6, 15). The additional elements in the actual output also indicate a failure in the code.\\n\\nRecommendation:\\nReview the add_pairwise function to ensure correct addition and tuple generation. Make necessary adjustments and re-run the test script to verify the code changes.\\n\\nNote: After making adjustments, re-test the code and update the test report accordingly., do you have any ideas?\\n-----\\n\\n[Developer]says: As a Developer, I will review the add_pairwise function to correct the addition and tuple generation to match the expected output.\\n-----\\n\\n[ProductOwner]says: As the Product Owner, I think we should prioritize fixing the add_pairwise function and re-running the test script to ensure the correctness of the code.\\n-----\\n\\n[Architect]says: As an Architect, I recommend reviewing the add_pairwise function to ensure correct addition and tuple generation, making necessary adjustments, and re-running the test script to verify the code changes.\\n-----\\n\\n[Tester]says: As a Tester, I would recommend reviewing the add_pairwise function to ensure correct addition and tuple generation, making necessary adjustments, and re-running the test script to verify the code changes.\\n-----\\n\\n[Developer]says: As a Developer, I will review the add_pairwise function to correct the addition and tuple generation to match the expected output.\\n-----\\n\\n[ProductOwner]says: As the Product Owner, I agree with the recommendation to prioritize fixing the add_pairwise function and re-running the test script to ensure the correctness of the code.\\n-----\\n\\n[Architect]says: As an Architect, I recommend reviewing the add_pairwise function to ensure correct addition and tuple generation, making necessary adjustments, and re-running the test script to verify the code changes.\\n-----\\n\\n[Tester]says: As a Tester, I would recommend reviewing the add_pairwise function to ensure correct addition and tuple generation, making necessary adjustments, and re-running the test script to verify the code changes.\\n-----\\n\", \"Question\": \"Follow the Instruction section. The Discussion History is in the Context section. You only need to return a list as the Example section.\"}",
    "RepairResponse1": "{\n  \"revised_code\": \"def add_pairwise(test_tup):\\n    result = []\\n    for i in range(0, len(test_tup), 2):\\n        if i+1 < len(test_tup):\\n            result.append(test_tup[i] + test_tup[i+1])\\n        else:\\n            result.append(test_tup[i])\\n    return tuple(result)\"\n}",
    "RepairResponse1_prompt": {
        "Role": "You are a professional software engineer. Your duty is to write code in Python that meets the requirements. Ensure that the code you write is efficient, readable, and follows best practices. Remember, do not need to explain the code you wrote.",
        "Instruction": "1. Rewrite a bug fix version of the original code. 2. Response in JSON format.",
        "Example": "{\"revised_code\":\"...\"}",
        "Context": "# Test Report:\nTest Report:\n\nTest Script's Output:\nF\n======================================================================\nFAIL: test (__main__.Test)\n----------------------------------------------------------------------\nTraceback (most recent call last):\n  File \"/Users/watch/PycharmProjects/XXXX-1-LLM/workspace/2024-03-11_10-44-43-053457/test_script.py\", line 11, in test\n    self.assertEqual(add_pairwise((1, 5, 7, 8, 10)), (6, 12, 15, 18))\nAssertionError: Tuples differ: (6, 15) != (6, 12, 15, 18)\n\nFirst differing element 1:\n15\n12\n\nSecond tuple contains 2 additional elements.\nFirst extra element 2:\n15\n\n- (6, 15)\n+ (6, 12, 15, 18)\n\n----------------------------------------------------------------------\nRan 1 test in 0.000s\n\nFAILED (failures=1)\n\nConclusion:\nCode Test Failed\n\nInput and Expected Output Example:\ndef add_pairwise(test_tup):\n    result = []\n    for i in range(0, len(test_tup), 2):\n        if i+1 < len(test_tup):\n            result.append(test_tup[i] + test_tup[i+1])\n    return tuple(result)\n\nThis code failed the test as the expected output (6, 12, 15, 18) did not match the actual output (6, 15). The additional elements in the actual output also indicate a failure in the code.\n\nRecommendation:\nReview the add_pairwise function to ensure correct addition and tuple generation. Make necessary adjustments and re-run the test script to verify the code changes.\n\nNote: After making adjustments, re-test the code and update the test report accordingly.# suggestions:\n{\"product-owner\": [\"I think we should prioritize fixing the add_pairwise function and re-running the test script to ensure the correctness of the code.\"], \"architect\": [\"I recommend reviewing the add_pairwise function to ensure correct addition and tuple generation, making necessary adjustments, and re-running the test script to verify the code changes.\"], \"developer\": [\"I will review the add_pairwise function to correct the addition and tuple generation to match the expected output.\"], \"tester\": [\"I would recommend reviewing the add_pairwise function to ensure correct addition and tuple generation, making necessary adjustments, and re-running the test script to verify the code changes.\"]}",
        "Question": "The original code has some bugs, according to the test report and suggestions, rewrite the code. Complete the following code:\ndef add_pairwise(test_tup):\n'''Write a function to find the pairwise addition of the neighboring elements of the given tuple.\nassert add_pairwise((1, 5, 7, 8, 10)) == (6, 12, 15, 18)'''\n"
    },
    "Code2": "def add_pairwise(test_tup):\n    result = []\n    for i in range(0, len(test_tup), 2):\n        if i+1 < len(test_tup):\n            result.append(test_tup[i] + test_tup[i+1])\n        else:\n            result.append(test_tup[i])\n    return tuple(result)",
    "ScriptResult2": "F\n======================================================================\nFAIL: test (__main__.Test)\n----------------------------------------------------------------------\nTraceback (most recent call last):\n  File \"/Users/watch/PycharmProjects/XXXX-1-LLM/workspace/2024-03-11_10-44-43-053457/test_script.py\", line 13, in test\n    self.assertEqual(add_pairwise((1, 5, 7, 8, 10)), (6, 12, 15, 18))\nAssertionError: Tuples differ: (6, 15, 10) != (6, 12, 15, 18)\n\nFirst differing element 1:\n15\n12\n\nSecond tuple contains 1 additional elements.\nFirst extra element 3:\n18\n\n- (6, 15, 10)\n?          ^\n\n+ (6, 12, 15, 18)\n?     ++++     ^\n\n\n----------------------------------------------------------------------\nRan 1 test in 0.000s\n\nFAILED (failures=1)\n",
    "TestReport2": "Test Report:\n\nTest Script Output:\n======================================================================\nFAIL: test (__main__.Test)\n----------------------------------------------------------------------\nTraceback (most recent call last):\n  File \"/Users/watch/PycharmProjects/XXXX-1-LLM/workspace/2024-03-11_10-44-43-053457/test_script.py\", line 13, in test\n    self.assertEqual(add_pairwise((1, 5, 7, 8, 10)), (6, 12, 15, 18))\nAssertionError: Tuples differ: (6, 15, 10) != (6, 12, 15, 18)\n\nFirst differing element 1:\n15\n12\n\nSecond tuple contains 1 additional elements.\nFirst extra element 3:\n18\n\n- (6, 15, 10)\n?          ^\n\n+ (6, 12, 15, 18)\n?     ++++     ^\n\n\nRan 1 test in 0.000s\n\nFAILED (failures=1)\n\nAnalysis:\nThe test script failed the assertion test with the input (1, 5, 7, 8, 10) and expected output (6, 12, 15, 18). The actual output was (6, 15, 10) which differs from the expected output. Additionally, the second tuple contains 1 additional element (18) which was not expected.\n\nConclusion:\nCode Test Failed\n\nCode Example:\ndef add_pairwise(test_tup):\n    result = []\n    for i in range(0, len(test_tup), 2):\n        if i+1 < len(test_tup):\n            result.append(test_tup[i] + test_tup[i+1])\n        else:\n            result.append(test_tup[i])\n    return tuple(result)",
    "SprintReview2": "[ScrumMaster]says: Here is our test Report: Test Report:\n\nTest Script Output:\n======================================================================\nFAIL: test (__main__.Test)\n----------------------------------------------------------------------\nTraceback (most recent call last):\n  File \"/Users/watch/PycharmProjects/XXXX-1-LLM/workspace/2024-03-11_10-44-43-053457/test_script.py\", line 13, in test\n    self.assertEqual(add_pairwise((1, 5, 7, 8, 10)), (6, 12, 15, 18))\nAssertionError: Tuples differ: (6, 15, 10) != (6, 12, 15, 18)\n\nFirst differing element 1:\n15\n12\n\nSecond tuple contains 1 additional elements.\nFirst extra element 3:\n18\n\n- (6, 15, 10)\n?          ^\n\n+ (6, 12, 15, 18)\n?     ++++     ^\n\n\nRan 1 test in 0.000s\n\nFAILED (failures=1)\n\nAnalysis:\nThe test script failed the assertion test with the input (1, 5, 7, 8, 10) and expected output (6, 12, 15, 18). The actual output was (6, 15, 10) which differs from the expected output. Additionally, the second tuple contains 1 additional element (18) which was not expected.\n\nConclusion:\nCode Test Failed\n\nCode Example:\ndef add_pairwise(test_tup):\n    result = []\n    for i in range(0, len(test_tup), 2):\n        if i+1 < len(test_tup):\n            result.append(test_tup[i] + test_tup[i+1])\n        else:\n            result.append(test_tup[i])\n    return tuple(result), do you have any ideas?\n-----\n\n[ProductOwner]says: As a Product Owner, it is important that we address the test script failure and come up with a plan to fix the code.\n-----\n\n[Developer]says: As a Developer, it seems like the add_pairwise function is not handling the input properly, we should review the logic and make necessary adjustments to ensure the expected output is achieved.\n-----\n\n[Tester]says: As a Tester, I think we should review the add_pairwise function to identify the issue causing the test failure.\n-----\n\n[Architect]says: As an Architect, I recommend reviewing the code for add_pairwise function to ensure it is correctly adding pairwise elements and handling the test cases.\n-----\n\n[ProductOwner]says: As a Product Owner, it is important that we address the test script failure and come up with a plan to fix the code.\n-----\n\n[Tester]says: As a Tester, I think we should review the add_pairwise function to identify the issue causing the test failure.\n-----\n\n[Developer]says: [Developer]says: It seems like the add_pairwise function is not handling the input properly, we should review the logic and make necessary adjustments to ensure the expected output is achieved.\n-----\n\n[Architect]says: As an Architect, I recommend reviewing the code for the add_pairwise function to ensure it is correctly adding pairwise elements and handling the test cases.\n-----\n",
    "SprintReviewMeetings2": "{\n  \"product-owner\": [\n    \"Address the test script failure\",\n    \"Come up with a plan to fix the code\"\n  ],\n  \"architect\": [\n    \"Review the code for add_pairwise function\",\n    \"Ensure it is correctly adding pairwise elements and handling the test cases\"\n  ],\n  \"developer\": [\n    \"Review the logic of add_pairwise function\",\n    \"Make necessary adjustments to ensure the expected output is achieved\"\n  ],\n  \"tester\": [\n    \"Review the add_pairwise function to identify the issue causing the test failure\"\n  ]\n}",
    "SprintReviewMeetings2_prompt": "{\"Role\": \"You are a professional scrum master. Your goal is to summary the Discussion History into a suggestions list for the scrum team.\", \"Instruction\": \"1. Read and Understand the Discussion History. 2. Summary the suggestions from four roles: product-owner/architect/developer/tester. 3. Response in JSON format.\", \"Example\": \"{\\\"product-owner\\\":[\\\"suggestion1\\\",\\\"suggestion2\\\"],\\\"architect\\\":[\\\"suggestion1\\\",\\\"suggestion2\\\"], \\\"developer\\\":[\\\"suggestion1\\\",\\\"suggestion2\\\"], \\\"tester\\\":[\\\"suggestion1\\\",\\\"suggestion2\\\"]}\", \"Context\": \"[ScrumMaster]says: Here is our test Report: Test Report:\\n\\nTest Script Output:\\n======================================================================\\nFAIL: test (__main__.Test)\\n----------------------------------------------------------------------\\nTraceback (most recent call last):\\n  File \\\"/Users/watch/PycharmProjects/XXXX-1-LLM/workspace/2024-03-11_10-44-43-053457/test_script.py\\\", line 13, in test\\n    self.assertEqual(add_pairwise((1, 5, 7, 8, 10)), (6, 12, 15, 18))\\nAssertionError: Tuples differ: (6, 15, 10) != (6, 12, 15, 18)\\n\\nFirst differing element 1:\\n15\\n12\\n\\nSecond tuple contains 1 additional elements.\\nFirst extra element 3:\\n18\\n\\n- (6, 15, 10)\\n?          ^\\n\\n+ (6, 12, 15, 18)\\n?     ++++     ^\\n\\n\\nRan 1 test in 0.000s\\n\\nFAILED (failures=1)\\n\\nAnalysis:\\nThe test script failed the assertion test with the input (1, 5, 7, 8, 10) and expected output (6, 12, 15, 18). The actual output was (6, 15, 10) which differs from the expected output. Additionally, the second tuple contains 1 additional element (18) which was not expected.\\n\\nConclusion:\\nCode Test Failed\\n\\nCode Example:\\ndef add_pairwise(test_tup):\\n    result = []\\n    for i in range(0, len(test_tup), 2):\\n        if i+1 < len(test_tup):\\n            result.append(test_tup[i] + test_tup[i+1])\\n        else:\\n            result.append(test_tup[i])\\n    return tuple(result), do you have any ideas?\\n-----\\n\\n[ProductOwner]says: As a Product Owner, it is important that we address the test script failure and come up with a plan to fix the code.\\n-----\\n\\n[Developer]says: As a Developer, it seems like the add_pairwise function is not handling the input properly, we should review the logic and make necessary adjustments to ensure the expected output is achieved.\\n-----\\n\\n[Tester]says: As a Tester, I think we should review the add_pairwise function to identify the issue causing the test failure.\\n-----\\n\\n[Architect]says: As an Architect, I recommend reviewing the code for add_pairwise function to ensure it is correctly adding pairwise elements and handling the test cases.\\n-----\\n\\n[ProductOwner]says: As a Product Owner, it is important that we address the test script failure and come up with a plan to fix the code.\\n-----\\n\\n[Tester]says: As a Tester, I think we should review the add_pairwise function to identify the issue causing the test failure.\\n-----\\n\\n[Developer]says: [Developer]says: It seems like the add_pairwise function is not handling the input properly, we should review the logic and make necessary adjustments to ensure the expected output is achieved.\\n-----\\n\\n[Architect]says: As an Architect, I recommend reviewing the code for the add_pairwise function to ensure it is correctly adding pairwise elements and handling the test cases.\\n-----\\n\", \"Question\": \"Follow the Instruction section. The Discussion History is in the Context section. You only need to return a list as the Example section.\"}",
    "RepairResponse2": "{\n  \"revised_code\": \"def add_pairwise(test_tup):\\n    result = []\\n    for i in range(0, len(test_tup), 2):\\n        if i+1 < len(test_tup):\\n            result.append(test_tup[i] + test_tup[i+1])\\n        else:\\n            result.append(test_tup[i])\\n    return tuple(result)\"\n}",
    "RepairResponse2_prompt": {
        "Role": "You are a professional software engineer. Your duty is to write code in Python that meets the requirements. Ensure that the code you write is efficient, readable, and follows best practices. Remember, do not need to explain the code you wrote.",
        "Instruction": "1. Rewrite a bug fix version of the original code. 2. Response in JSON format.",
        "Example": "{\"revised_code\":\"...\"}",
        "Context": "# Test Report:\nTest Report:\n\nTest Script Output:\n======================================================================\nFAIL: test (__main__.Test)\n----------------------------------------------------------------------\nTraceback (most recent call last):\n  File \"/Users/watch/PycharmProjects/XXXX-1-LLM/workspace/2024-03-11_10-44-43-053457/test_script.py\", line 13, in test\n    self.assertEqual(add_pairwise((1, 5, 7, 8, 10)), (6, 12, 15, 18))\nAssertionError: Tuples differ: (6, 15, 10) != (6, 12, 15, 18)\n\nFirst differing element 1:\n15\n12\n\nSecond tuple contains 1 additional elements.\nFirst extra element 3:\n18\n\n- (6, 15, 10)\n?          ^\n\n+ (6, 12, 15, 18)\n?     ++++     ^\n\n\nRan 1 test in 0.000s\n\nFAILED (failures=1)\n\nAnalysis:\nThe test script failed the assertion test with the input (1, 5, 7, 8, 10) and expected output (6, 12, 15, 18). The actual output was (6, 15, 10) which differs from the expected output. Additionally, the second tuple contains 1 additional element (18) which was not expected.\n\nConclusion:\nCode Test Failed\n\nCode Example:\ndef add_pairwise(test_tup):\n    result = []\n    for i in range(0, len(test_tup), 2):\n        if i+1 < len(test_tup):\n            result.append(test_tup[i] + test_tup[i+1])\n        else:\n            result.append(test_tup[i])\n    return tuple(result)# suggestions:\n{\"product-owner\": [\"Address the test script failure\", \"Come up with a plan to fix the code\"], \"architect\": [\"Review the code for add_pairwise function\", \"Ensure it is correctly adding pairwise elements and handling the test cases\"], \"developer\": [\"Review the logic of add_pairwise function\", \"Make necessary adjustments to ensure the expected output is achieved\"], \"tester\": [\"Review the add_pairwise function to identify the issue causing the test failure\"]}",
        "Question": "The original code has some bugs, according to the test report and suggestions, rewrite the code. Complete the following code:\ndef add_pairwise(test_tup):\n'''Write a function to find the pairwise addition of the neighboring elements of the given tuple.\nassert add_pairwise((1, 5, 7, 8, 10)) == (6, 12, 15, 18)'''\n"
    }
}