{
    "start_time": "2024-02-13_16-21-24-096867",
    "task": "\ndef match_parens(lst):\n    '''\n    You are given a list of two strings, both strings consist of open\n    parentheses '(' or close parentheses ')' only.\n    Your job is to check if it is possible to concatenate the two strings in\n    some order, that the resulting string will be good.\n    A string S is considered to be good if and only if all parentheses in S\n    are balanced. For example: the string '(())()' is good, while the string\n    '())' is not.\n    Return 'Yes' if there's a way to make a good string, and return 'No' otherwise.\n\n    Examples:\n    match_parens(['()(', ')']) == 'Yes'\n    match_parens([')', ')']) == 'No'\n    '''\n",
    "datetime": {
        "task": "2024-02-13 16:21:24",
        "task-id": "2024-02-13 16:21:24",
        "workflow": "2024-02-13 16:21:24",
        "Discussion": "2024-02-13 16:21:26",
        "DisorderedSprintMeetings": "2024-02-13 16:21:27",
        "UserStoryDraft0": "2024-02-13 16:21:28",
        "AnalyzeMeetings": "2024-02-13 16:21:29",
        "UserStory0": "2024-02-13 16:21:31",
        "CodeDraft0": "2024-02-13 16:21:33",
        "CodeReviewMeetings0": "2024-02-13 16:21:35",
        "Code0CR": "2024-02-13 16:21:36",
        "FinalCode": "2024-02-13 16:23:13",
        "Test Cases Draft": "2024-02-13 16:21:38",
        "Test Cases Meetings": "2024-02-13 16:21:39",
        "Test Cases": "2024-02-13 16:21:42",
        "Code0": "2024-02-13 16:21:43",
        "TestScriptOriginal": "2024-02-13 16:21:45",
        "TestScript": "2024-02-13 16:21:45",
        "ScriptResult0": "2024-02-13 16:21:45",
        "TestReport0": "2024-02-13 16:21:49",
        "SprintReview0": "2024-02-13 16:22:50",
        "SprintReviewMeetings0": "2024-02-13 16:22:52",
        "RepairResponse0": "2024-02-13 16:22:54",
        "Code1": "2024-02-13 16:22:54",
        "ScriptResult1": "2024-02-13 16:22:54",
        "TestReport1": "2024-02-13 16:22:56",
        "SprintReview1": "2024-02-13 16:22:59",
        "SprintReviewMeetings1": "2024-02-13 16:23:02",
        "RepairResponse1": "2024-02-13 16:23:03",
        "Code2": "2024-02-13 16:23:03",
        "ScriptResult2": "2024-02-13 16:23:03",
        "TestReport2": "2024-02-13 16:23:07",
        "SprintReview2": "2024-02-13 16:23:08",
        "SprintReviewMeetings2": "2024-02-13 16:23:11",
        "RepairResponse2": "2024-02-13 16:23:13",
        "Code3": "2024-02-13 16:23:13",
        "ScriptResult3": "2024-02-13 16:23:13",
        "TestReport3": "2024-02-13 16:23:17"
    },
    "task-id": "HumanEval/119",
    "workflow": "agile/agile_version_0.0.5_remove_stage.json",
    "Discussion": "[ScrumMaster]says: We have a job: \ndef match_parens(lst):\n    '''\n    You are given a list of two strings, both strings consist of open\n    parentheses '(' or close parentheses ')' only.\n    Your job is to check if it is possible to concatenate the two strings in\n    some order, that the resulting string will be good.\n    A string S is considered to be good if and only if all parentheses in S\n    are balanced. For example: the string '(())()' is good, while the string\n    '())' is not.\n    Return 'Yes' if there's a way to make a good string, and return 'No' otherwise.\n\n    Examples:\n    match_parens(['()(', ')']) == 'Yes'\n    match_parens([')', ')']) == 'No'\n    '''\n, do you have any ideas?\n-----\n\n[Developer]says: As a Developer, I think we should start by writing a function to iterate through the list and check for balanced parentheses.\n-----\n\n[Tester]says: As a Tester, I will review the test cases provided to ensure they cover all possible scenarios and edge cases.\n-----\n\n[ProductOwner]says: I think the first step is to define the acceptance criteria for a good string and then work on the algorithm to check for balanced parentheses. I will start by creating user stories for this feature.\n-----\n\n[Architect]says: As an Architect, to create a product, we should consider the most efficient algorithm for checking balanced parentheses in the concatenated string. Let's discuss potential data structures and algorithms to achieve this.\n-----\n\n[Tester]says: As a Tester, I will review the test cases provided to ensure they cover all possible scenarios and edge cases.\n-----\n\n[Developer]says: As a Developer, I suggest we start by writing a function to iterate through the list and check for balanced parentheses.\n-----\n\n[Architect]says: [Architect] To develop a product, it is important that we consider the most efficient algorithm for checking balanced parentheses in the concatenated string. Let's discuss potential data structures and algorithms to achieve this.\n-----\n\n[ProductOwner]says: [ProductOwner] To create a product, we should define the acceptance criteria for a good string and then work on the algorithm to check for balanced parentheses. I will start by creating user stories for this feature.\n-----\n",
    "DisorderedSprintMeetings": "{\n  \"product-owner\":[\"Define acceptance criteria for a good string\",\"Create user stories for the feature\"],\n  \"architect\":[\"Discuss potential data structures and algorithms for checking balanced parentheses\"],\n  \"developer\":[\"Write a function to iterate through the list and check for balanced parentheses\"],\n  \"tester\":[\"Review test cases to cover all possible scenarios and edge cases\"]\n}",
    "DisorderedSprintMeetings_prompt": "{\"Role\": \"You are a professional scrum master. Your goal is to breakdown the Discussion History into a task list for the scrum team.\", \"Instruction\": \"1. Read and Understand the Discussion History. 2. Define the tasks for four roles: product-owner/architect/developer/tester. 3. Response in JSON format.\", \"Example\": \"{\\\"product-owner\\\":[\\\"task1\\\",\\\"task2\\\"],\\\"architect\\\":[\\\"task1\\\",\\\"task2\\\"], \\\"developer\\\":[\\\"task1\\\",\\\"task2\\\"], \\\"tester\\\":[\\\"task1\\\",\\\"task2\\\"]}\", \"Context\": \"[ScrumMaster]says: We have a job: \\ndef match_parens(lst):\\n    '''\\n    You are given a list of two strings, both strings consist of open\\n    parentheses '(' or close parentheses ')' only.\\n    Your job is to check if it is possible to concatenate the two strings in\\n    some order, that the resulting string will be good.\\n    A string S is considered to be good if and only if all parentheses in S\\n    are balanced. For example: the string '(())()' is good, while the string\\n    '())' is not.\\n    Return 'Yes' if there's a way to make a good string, and return 'No' otherwise.\\n\\n    Examples:\\n    match_parens(['()(', ')']) == 'Yes'\\n    match_parens([')', ')']) == 'No'\\n    '''\\n, do you have any ideas?\\n-----\\n\\n[Developer]says: As a Developer, I think we should start by writing a function to iterate through the list and check for balanced parentheses.\\n-----\\n\\n[Tester]says: As a Tester, I will review the test cases provided to ensure they cover all possible scenarios and edge cases.\\n-----\\n\\n[ProductOwner]says: I think the first step is to define the acceptance criteria for a good string and then work on the algorithm to check for balanced parentheses. I will start by creating user stories for this feature.\\n-----\\n\\n[Architect]says: As an Architect, to create a product, we should consider the most efficient algorithm for checking balanced parentheses in the concatenated string. Let's discuss potential data structures and algorithms to achieve this.\\n-----\\n\\n[Tester]says: As a Tester, I will review the test cases provided to ensure they cover all possible scenarios and edge cases.\\n-----\\n\\n[Developer]says: As a Developer, I suggest we start by writing a function to iterate through the list and check for balanced parentheses.\\n-----\\n\\n[Architect]says: [Architect] To develop a product, it is important that we consider the most efficient algorithm for checking balanced parentheses in the concatenated string. Let's discuss potential data structures and algorithms to achieve this.\\n-----\\n\\n[ProductOwner]says: [ProductOwner] To create a product, we should define the acceptance criteria for a good string and then work on the algorithm to check for balanced parentheses. I will start by creating user stories for this feature.\\n-----\\n\", \"Question\": \"Follow the Instruction section. The Discussion History is in the Context section. You only need to return a task list as the Example section.\"}",
    "UserStoryDraft0": "{\n  \"UserStory\": \"As a product owner, I want to define acceptance criteria for a good string, so that I can create user stories for the feature.\"\n}",
    "UserStoryDraft0_prompt": "{\"Role\": \"You need to act as a professional product owner. Your task is to write a UserStory\", \"Instruction\": \"According to the Context, please analyze the requirement and write your response. Response in JSON format. Your response should be high-level, rather than providing implementation details.\", \"Example\": \"\", \"Context\": [\"Define acceptance criteria for a good string\", \"Create user stories for the feature\"], \"Question\": \"Follow the Instruction. The requirement is as follows:\\n\\ndef match_parens(lst):\\n    '''\\n    You are given a list of two strings, both strings consist of open\\n    parentheses '(' or close parentheses ')' only.\\n    Your job is to check if it is possible to concatenate the two strings in\\n    some order, that the resulting string will be good.\\n    A string S is considered to be good if and only if all parentheses in S\\n    are balanced. For example: the string '(())()' is good, while the string\\n    '())' is not.\\n    Return 'Yes' if there's a way to make a good string, and return 'No' otherwise.\\n\\n    Examples:\\n    match_parens(['()(', ')']) == 'Yes'\\n    match_parens([')', ')']) == 'No'\\n    '''\\n\"}",
    "AnalyzeMeetings": "{\n  \"Architect\": \"As an architect, I suggest adding a section specifically for defining the acceptance criteria for a good string. This will make it easier for the product owner to understand and create user stories for the feature.\",\n  \"Tester\": \"As a tester, I suggest including examples of both good and bad strings to clearly illustrate the acceptance criteria. This will make it easier for the testing team to understand and execute the testing process.\"\n}",
    "UserStory0": "{\n  \"RevisedDocument\": {\n    \"UserStory\": \"As a product owner, I want to define acceptance criteria for a good string, so that I can create user stories for the feature.\",\n    \"AcceptanceCriteriaSection\": \"Added a section specifically for defining the acceptance criteria for a good string, to make it easier for the product owner to understand and create user stories for the feature.\",\n    \"ExamplesSection\": \"Included examples of both good and bad strings to clearly illustrate the acceptance criteria, making it easier for the testing team to understand and execute the testing process.\"\n  }\n}",
    "UserStory0_prompt": {
        "Role": "You need to act as a professional product owner. Your duty is to revise the document based on the suggestions.",
        "Instruction": "1. Read the suggestions. 2. Revise your draft version document. 3. Response in JSON format. 4. REMEMBER: Your analysis should be high-level, rather than providing implementation details.",
        "Example": "",
        "Context": "# Suggestion:\n{\n  \"Architect\": \"As an architect, I suggest adding a section specifically for defining the acceptance criteria for a good string. This will make it easier for the product owner to understand and create user stories for the feature.\",\n  \"Tester\": \"As a tester, I suggest including examples of both good and bad strings to clearly illustrate the acceptance criteria. This will make it easier for the testing team to understand and execute the testing process.\"\n}",
        "Question": "Follow the Instruction. Your colleague give you some suggestions(in the Context section) about this draft document:{\n  \"UserStory\": \"As a product owner, I want to define acceptance criteria for a good string, so that I can create user stories for the feature.\"\n}"
    },
    "CodeDraft0": "def match_parens(lst):\n    open_count = 0\n    for s in lst:\n        for char in s:\n            if char == '(':\n                open_count += 1\n            else:\n                if open_count == 0:\n                    return 'No'\n                open_count -= 1\n    if open_count == 0:\n        return 'Yes'\n    else:\n        return 'No'",
    "CodeDraft0_prompt": {
        "Role": "You are a professional engineer. Your duty is to write code in Python that meets the requirements. Ensure that the code you write is efficient, readable, and follows best practices. Remember, do not need to explain the code you wrote.",
        "Instruction": "According to the Context section, write your code.",
        "Example": "",
        "Context": "# Tasks:\n['Write a function to iterate through the list and check for balanced parentheses']\n",
        "Question": "Follow the Instruction section. Complete the following code:\n\ndef match_parens(lst):\n    '''\n    You are given a list of two strings, both strings consist of open\n    parentheses '(' or close parentheses ')' only.\n    Your job is to check if it is possible to concatenate the two strings in\n    some order, that the resulting string will be good.\n    A string S is considered to be good if and only if all parentheses in S\n    are balanced. For example: the string '(())()' is good, while the string\n    '())' is not.\n    Return 'Yes' if there's a way to make a good string, and return 'No' otherwise.\n\n    Examples:\n    match_parens(['()(', ')']) == 'Yes'\n    match_parens([')', ')']) == 'No'\n    '''\n"
    },
    "CodeReviewMeetings0": "{\n  \"Architect\": \"Consider using a stack data structure to keep track of opened parentheses, and pop from the stack when a closing parenthesis is encountered. This will improve the efficiency and readability of the code.\",\n  \"Tester\": \"Test the function with various input cases including empty strings, strings with only opening or closing parentheses, and valid combinations of parentheses to ensure the function handles all scenarios correctly.\"\n}",
    "Code0CR": "def match_parens(lst):\n    stack = []\n    for s in lst:\n        for char in s:\n            if char == '(':\n                stack.append(char)\n            else:\n                if not stack:\n                    return 'No'\n                else:\n                    stack.pop()\n    if not stack:\n        return 'Yes'\n    else:\n        return 'No'",
    "Code0CR_prompt": "{\"Role\": \"You are a professional software engineer. Your duty is to write code in Python that meets the requirements. Ensure that the code you write is efficient, readable, and follows best practices. Remember, do not need to explain the code you wrote.\", \"Instruction\": \"1. Understand the suggestions(in the Context section) about the original code. 2. Rewrite your code.\", \"Example\": \"\", \"Context\": \"# Tasks:\\n['Write a function to iterate through the list and check for balanced parentheses']\\n# Suggestions:\\n{\\n  \\\"Architect\\\": \\\"Consider using a stack data structure to keep track of opened parentheses, and pop from the stack when a closing parenthesis is encountered. This will improve the efficiency and readability of the code.\\\",\\n  \\\"Tester\\\": \\\"Test the function with various input cases including empty strings, strings with only opening or closing parentheses, and valid combinations of parentheses to ensure the function handles all scenarios correctly.\\\"\\n}\", \"Question\": \"Follow the Instruction section. Complete the following code:\\n\\ndef match_parens(lst):\\n    '''\\n    You are given a list of two strings, both strings consist of open\\n    parentheses '(' or close parentheses ')' only.\\n    Your job is to check if it is possible to concatenate the two strings in\\n    some order, that the resulting string will be good.\\n    A string S is considered to be good if and only if all parentheses in S\\n    are balanced. For example: the string '(())()' is good, while the string\\n    '())' is not.\\n    Return 'Yes' if there's a way to make a good string, and return 'No' otherwise.\\n\\n    Examples:\\n    match_parens(['()(', ')']) == 'Yes'\\n    match_parens([')', ')']) == 'No'\\n    '''\\n\"}",
    "FinalCode": "def match_parens(lst):\n    stack = []\n    for s in lst:\n        for c in s:\n            if c == '(':\n                stack.append(c)\n            else:\n                if not stack or stack.pop() != '(': return 'No'\n    return 'Yes'",
    "Test Cases Draft": "{\n  \"test_cases\": [\n    {\n      \"Test Title\": \"Concatenate into good string\",\n      \"Input Data\": \"['()(', ')']\",\n      \"Expected Output\": \"'Yes'\"\n    },\n    {\n      \"Test Title\": \"Concatenate into bad string\",\n      \"Input Data\": \"[')', ')']\",\n      \"Expected Output\": \"'No'\"\n    }\n  ]\n}",
    "Test Cases Draft_prompt": "{\"Role\": \"You are a quality assurance engineer. Your duty is to design test cases for the developers.\", \"Instruction\": \"According to the Context section, write test cases. Don't write long strings in your test cases. Response in JSON format.\", \"Example\": \"{\\\"requirement analysis\\\":\\\"analysis\\\",\\\"test_cases\\\":[{\\\"Test Title\\\":\\\"title\\\", \\\"Input Data\\\":\\\"parameter1=[1,2,3],parameter2='123'\\\", \\\"Expected Output\\\":\\\"456\\\"},]}\", \"Context\": \"# UsrtStory:\\n{\\n  \\\"RevisedDocument\\\": {\\n    \\\"UserStory\\\": \\\"As a product owner, I want to define acceptance criteria for a good string, so that I can create user stories for the feature.\\\",\\n    \\\"AcceptanceCriteriaSection\\\": \\\"Added a section specifically for defining the acceptance criteria for a good string, to make it easier for the product owner to understand and create user stories for the feature.\\\",\\n    \\\"ExamplesSection\\\": \\\"Included examples of both good and bad strings to clearly illustrate the acceptance criteria, making it easier for the testing team to understand and execute the testing process.\\\"\\n  }\\n}\\n# Tasks:\\n['Review test cases to cover all possible scenarios and edge cases']\\n\", \"Question\": \"\\ndef match_parens(lst):\\n    '''\\n    You are given a list of two strings, both strings consist of open\\n    parentheses '(' or close parentheses ')' only.\\n    Your job is to check if it is possible to concatenate the two strings in\\n    some order, that the resulting string will be good.\\n    A string S is considered to be good if and only if all parentheses in S\\n    are balanced. For example: the string '(())()' is good, while the string\\n    '())' is not.\\n    Return 'Yes' if there's a way to make a good string, and return 'No' otherwise.\\n\\n    Examples:\\n    match_parens(['()(', ')']) == 'Yes'\\n    match_parens([')', ')']) == 'No'\\n    '''\\n\"}",
    "Test Cases Meetings": "{\n  \"Architect\": \"As an Architect, I suggest adding more diverse test cases to cover a wider range of scenarios. We should also consider adding edge cases and boundary values to ensure comprehensive test coverage.\"\n  ,\n  \"Developer\": \"As a Developer, I recommend reviewing the expected output and ensuring it aligns with the input data and the functionality being tested. It's also important to consider adding negative test cases to cover invalid input scenarios.\"\n}",
    "Test Cases": "{\n  \"test_cases\": [\n    {\n      \"Test Title\": \"Concatenate into good string\",\n      \"Input Data\": \"['()(', ')']\",\n      \"Expected Output\": \"'Yes'\"\n    },\n    {\n      \"Test Title\": \"Concatenate into bad string\",\n      \"Input Data\": \"[')', ')']\",\n      \"Expected Output\": \"'No'\"\n    },\n    {\n      \"Test Title\": \"Edge case: Empty strings\",\n      \"Input Data\": \"['', '']\",\n      \"Expected Output\": \"'Yes'\"\n    },\n    {\n      \"Test Title\": \"Edge case: All open parentheses\",\n      \"Input Data\": \"['(', '(']\",\n      \"Expected Output\": \"'No'\"\n    },\n    {\n      \"Test Title\": \"Edge case: All close parentheses\",\n      \"Input Data\": [\")\", \")\"],\n      \"Expected Output\": \"'No'\"\n    }\n  ]\n}",
    "Test Cases_prompt": "{\"Role\": \"You are a quality assurance engineer. Your duty is to revise the test cases based on the suggestions.\", \"Instruction\": \"1. Your colleague give you some suggestions(in the Context section) about the draft test cases, read these suggestions. 2. Revise your draft version test cases, but don't use long parameters. 3. Response in JSON format.\", \"Example\": \"{\\\"requirement analysis\\\":\\\"analysis\\\",\\\"test_cases\\\":[{\\\"Test Title\\\":\\\"title\\\", \\\"Input Data\\\":\\\"parameter1=[1,2,3],parameter2='123'\\\", \\\"Expected Output\\\":\\\"456\\\"},]}\", \"Context\": \"# Suggestions:\\n{\\n  \\\"Architect\\\": \\\"As an Architect, I suggest adding more diverse test cases to cover a wider range of scenarios. We should also consider adding edge cases and boundary values to ensure comprehensive test coverage.\\\"\\n  ,\\n  \\\"Developer\\\": \\\"As a Developer, I recommend reviewing the expected output and ensuring it aligns with the input data and the functionality being tested. It's also important to consider adding negative test cases to cover invalid input scenarios.\\\"\\n}\\n # Draft Test cases:\\n{\\n  \\\"test_cases\\\": [\\n    {\\n      \\\"Test Title\\\": \\\"Concatenate into good string\\\",\\n      \\\"Input Data\\\": \\\"['()(', ')']\\\",\\n      \\\"Expected Output\\\": \\\"'Yes'\\\"\\n    },\\n    {\\n      \\\"Test Title\\\": \\\"Concatenate into bad string\\\",\\n      \\\"Input Data\\\": \\\"[')', ')']\\\",\\n      \\\"Expected Output\\\": \\\"'No'\\\"\\n    }\\n  ]\\n}\", \"Question\": \"Follow the Instruction. Please make sure your response length are less than 512. Your test cases is for the below question:\\n\\ndef match_parens(lst):\\n    '''\\n    You are given a list of two strings, both strings consist of open\\n    parentheses '(' or close parentheses ')' only.\\n    Your job is to check if it is possible to concatenate the two strings in\\n    some order, that the resulting string will be good.\\n    A string S is considered to be good if and only if all parentheses in S\\n    are balanced. For example: the string '(())()' is good, while the string\\n    '())' is not.\\n    Return 'Yes' if there's a way to make a good string, and return 'No' otherwise.\\n\\n    Examples:\\n    match_parens(['()(', ')']) == 'Yes'\\n    match_parens([')', ')']) == 'No'\\n    '''\\n\"}",
    "Code0": "def match_parens(lst):\n    stack = []\n    for s in lst:\n        for char in s:\n            if char == '(':\n                stack.append(char)\n            else:\n                if not stack:\n                    return 'No'\n                else:\n                    stack.pop()\n    if not stack:\n        return 'Yes'\n    else:\n        return 'No'",
    "Code0_prompt": {
        "Role": "You are a professional software engineer. Your duty is to write code in Python that meets the requirements. Ensure that the code you write is efficient, readable, and follows best practices. Remember, do not need to explain the code you wrote.",
        "Instruction": "1. Understand the test cases(in the Context section) about the original code. 2. Rewrite your code, make sure your code pass all test cases.",
        "Example": "",
        "Context": "# Original Code:\ndef match_parens(lst):\n    stack = []\n    for s in lst:\n        for char in s:\n            if char == '(':\n                stack.append(char)\n            else:\n                if not stack:\n                    return 'No'\n                else:\n                    stack.pop()\n    if not stack:\n        return 'Yes'\n    else:\n        return 'No'\n# Test Cases:\n{\n  \"test_cases\": [\n    {\n      \"Test Title\": \"Concatenate into good string\",\n      \"Input Data\": \"['()(', ')']\",\n      \"Expected Output\": \"'Yes'\"\n    },\n    {\n      \"Test Title\": \"Concatenate into bad string\",\n      \"Input Data\": \"[')', ')']\",\n      \"Expected Output\": \"'No'\"\n    },\n    {\n      \"Test Title\": \"Edge case: Empty strings\",\n      \"Input Data\": \"['', '']\",\n      \"Expected Output\": \"'Yes'\"\n    },\n    {\n      \"Test Title\": \"Edge case: All open parentheses\",\n      \"Input Data\": \"['(', '(']\",\n      \"Expected Output\": \"'No'\"\n    },\n    {\n      \"Test Title\": \"Edge case: All close parentheses\",\n      \"Input Data\": [\")\", \")\"],\n      \"Expected Output\": \"'No'\"\n    }\n  ]\n}",
        "Question": "\ndef match_parens(lst):\n    '''\n    You are given a list of two strings, both strings consist of open\n    parentheses '(' or close parentheses ')' only.\n    Your job is to check if it is possible to concatenate the two strings in\n    some order, that the resulting string will be good.\n    A string S is considered to be good if and only if all parentheses in S\n    are balanced. For example: the string '(())()' is good, while the string\n    '())' is not.\n    Return 'Yes' if there's a way to make a good string, and return 'No' otherwise.\n\n    Examples:\n    match_parens(['()(', ')']) == 'Yes'\n    match_parens([')', ')']) == 'No'\n    '''\n"
    },
    "TestScriptOriginal": "import unittest\n\ndef function_under_test(lst):\n    stack = []\n    for s in lst:\n        if s == '(':\n            stack.append(s)\n        else:\n            if len(stack) == 0:\n                return 'No'\n            stack.pop()\n    if len(stack) == 0:\n        return 'Yes'\n    else:\n        return 'No'\n\nclass Test(unittest.TestCase):\n    def test(self):\n        self.assertEqual(function_under_test(['()(', ')']), 'Yes')\n        self.assertEqual(function_under_test([')', ')']), 'No')\n\nif __name__ == '__main__':\n    unittest.main()",
    "TestScriptOriginal_prompt": "{\"Role\": \"You are a quality assurance engineer. Your duty is to write a python test script in unittest framework.\", \"Instruction\": \"1. Write a python test script. 2. Use the input and output given by the question.\", \"Example\": \"import unittest\\n\\nclass Test(unittest.TestCase):\\n    def test(self):\\n        self.assertEqual(function_under_test('a'), 1)\\n\\nif __name__ == '__main__':\\n    unittest.main()\", \"Context\": \"\", \"Question\": \"\\ndef match_parens(lst):\\n    '''\\n    You are given a list of two strings, both strings consist of open\\n    parentheses '(' or close parentheses ')' only.\\n    Your job is to check if it is possible to concatenate the two strings in\\n    some order, that the resulting string will be good.\\n    A string S is considered to be good if and only if all parentheses in S\\n    are balanced. For example: the string '(())()' is good, while the string\\n    '())' is not.\\n    Return 'Yes' if there's a way to make a good string, and return 'No' otherwise.\\n\\n    Examples:\\n    match_parens(['()(', ')']) == 'Yes'\\n    match_parens([')', ')']) == 'No'\\n    '''\\n\"}",
    "TestScript": "import unittest\n\nclass Test(unittest.TestCase):\n    def test(self):\n        self.assertEqual(function_under_test(['()(', ')']), 'Yes')\n        self.assertEqual(function_under_test([')', ')']), 'No')\n\nif __name__ == '__main__':\n    unittest.main()",
    "ScriptResult0": "E\n======================================================================\nERROR: test (__main__.Test)\n----------------------------------------------------------------------\nTraceback (most recent call last):\n  File \"/Users/watch/PycharmProjects/XXXX-1-LLM/workspace/2024-02-13_16-21-24-096867/test_script.py\", line 20, in test\n    self.assertEqual(function_under_test(['()(', ')']), 'Yes')\nNameError: name 'function_under_test' is not defined\n\n----------------------------------------------------------------------\nRan 1 test in 0.000s\n\nFAILED (errors=1)\n",
    "TestReport0": "Test Report:\n\nTest script's output:\nE\n======================================================================\nERROR: test (__main__.Test)\n----------------------------------------------------------------------\nTraceback (most recent call last):\n  File \"/Users/watch/PycharmProjects/XXXX-1-LLM/workspace/2024-02-13_16-21-24-096867/test_script.py\", line 20, in test\n    self.assertEqual(function_under_test(['()(', ')']), 'Yes')\nNameError: name 'function_under_test' is not defined\n\n----------------------------------------------------------------------\nRan 1 test in 0.000s\n\nFAILED (errors=1)\n\nConclusion: Code Test Failed\n\nInput and Expected Output Example:\nInput: ['()(', ')']\nExpected Output: 'Yes'\n\nCode Test Failed\n\nExplanation:\nThe test script output shows that there is an error in the code, specifically a NameError for 'function_under_test' not being defined. This indicates a failure in the code test. Additionally, the input and expected output example is provided for reference.\n\nRecommendation:\nThe code needs to be revised to define the 'function_under_test' and address the error to pass the test.\n\nAdditional Notes:\nFurther testing and debugging may be required to ensure the code functions as intended.",
    "SprintReview0": "[ScrumMaster]says: Here is our test Report: Test Report:\n\nTest script's output:\nE\n======================================================================\nERROR: test (__main__.Test)\n----------------------------------------------------------------------\nTraceback (most recent call last):\n  File \"/Users/watch/PycharmProjects/XXXX-1-LLM/workspace/2024-02-13_16-21-24-096867/test_script.py\", line 20, in test\n    self.assertEqual(function_under_test(['()(', ')']), 'Yes')\nNameError: name 'function_under_test' is not defined\n\n----------------------------------------------------------------------\nRan 1 test in 0.000s\n\nFAILED (errors=1)\n\nConclusion: Code Test Failed\n\nInput and Expected Output Example:\nInput: ['()(', ')']\nExpected Output: 'Yes'\n\nCode Test Failed\n\nExplanation:\nThe test script output shows that there is an error in the code, specifically a NameError for 'function_under_test' not being defined. This indicates a failure in the code test. Additionally, the input and expected output example is provided for reference.\n\nRecommendation:\nThe code needs to be revised to define the 'function_under_test' and address the error to pass the test.\n\nAdditional Notes:\nFurther testing and debugging may be required to ensure the code functions as intended., do you have any ideas?\n-----\n\n[Developer]says: As a Developer, I will take responsibility for defining the 'function_under_test' and addressing the error to pass the test.\n-----\n\n[Architect]says: As an Architect, I recommend reviewing the code and defining the 'function_under_test' to address the NameError and pass the test.\n-----\n\n[ProductOwner]says: As a Product Owner, I suggest prioritizing the revision of the code to define 'function_under_test' and address the error in order to pass the test.\n-----\n\n[Tester]says: I will review the code and provide feedback on how to define the 'function_under_test' to pass the test.\n-----\n\n[Architect]says: As an Architect, I recommend reviewing the code and defining the 'function_under_test' to address the NameError and pass the test.\n-----\n\n[Tester]says: As a Tester, I will review the code and provide feedback on how to define the 'function_under_test' to pass the test.\n-----\n\n[ProductOwner]says: As a Product Owner, I suggest prioritizing the revision of the code to define 'function_under_test' and address the error in order to pass the test.\n-----\n\n[Developer]says: As a Developer, I will take responsibility for defining the 'function_under_test' and addressing the error to pass the test.\n-----\n",
    "SprintReviewMeetings0": "{\n  \"product-owner\": [\"suggest prioritizing the revision of the code to define 'function_under_test' and address the error in order to pass the test.\"],\n  \"architect\": [\"recommend reviewing the code and defining the 'function_under_test' to address the NameError and pass the test.\"],\n  \"developer\": [\"take responsibility for defining the 'function_under_test' and addressing the error to pass the test.\"],\n  \"tester\": [\"review the code and provide feedback on how to define the 'function_under_test' to pass the test.\"]\n}",
    "SprintReviewMeetings0_prompt": "{\"Role\": \"You are a professional scrum master. Your goal is to summary the Discussion History into a suggestions list for the scrum team.\", \"Instruction\": \"1. Read and Understand the Discussion History. 2. Summary the suggestions from four roles: product-owner/architect/developer/tester. 3. Response in JSON format.\", \"Example\": \"{\\\"product-owner\\\":[\\\"suggestion1\\\",\\\"suggestion2\\\"],\\\"architect\\\":[\\\"suggestion1\\\",\\\"suggestion2\\\"], \\\"developer\\\":[\\\"suggestion1\\\",\\\"suggestion2\\\"], \\\"tester\\\":[\\\"suggestion1\\\",\\\"suggestion2\\\"]}\", \"Context\": \"[ScrumMaster]says: Here is our test Report: Test Report:\\n\\nTest script's output:\\nE\\n======================================================================\\nERROR: test (__main__.Test)\\n----------------------------------------------------------------------\\nTraceback (most recent call last):\\n  File \\\"/Users/watch/PycharmProjects/XXXX-1-LLM/workspace/2024-02-13_16-21-24-096867/test_script.py\\\", line 20, in test\\n    self.assertEqual(function_under_test(['()(', ')']), 'Yes')\\nNameError: name 'function_under_test' is not defined\\n\\n----------------------------------------------------------------------\\nRan 1 test in 0.000s\\n\\nFAILED (errors=1)\\n\\nConclusion: Code Test Failed\\n\\nInput and Expected Output Example:\\nInput: ['()(', ')']\\nExpected Output: 'Yes'\\n\\nCode Test Failed\\n\\nExplanation:\\nThe test script output shows that there is an error in the code, specifically a NameError for 'function_under_test' not being defined. This indicates a failure in the code test. Additionally, the input and expected output example is provided for reference.\\n\\nRecommendation:\\nThe code needs to be revised to define the 'function_under_test' and address the error to pass the test.\\n\\nAdditional Notes:\\nFurther testing and debugging may be required to ensure the code functions as intended., do you have any ideas?\\n-----\\n\\n[Developer]says: As a Developer, I will take responsibility for defining the 'function_under_test' and addressing the error to pass the test.\\n-----\\n\\n[Architect]says: As an Architect, I recommend reviewing the code and defining the 'function_under_test' to address the NameError and pass the test.\\n-----\\n\\n[ProductOwner]says: As a Product Owner, I suggest prioritizing the revision of the code to define 'function_under_test' and address the error in order to pass the test.\\n-----\\n\\n[Tester]says: I will review the code and provide feedback on how to define the 'function_under_test' to pass the test.\\n-----\\n\\n[Architect]says: As an Architect, I recommend reviewing the code and defining the 'function_under_test' to address the NameError and pass the test.\\n-----\\n\\n[Tester]says: As a Tester, I will review the code and provide feedback on how to define the 'function_under_test' to pass the test.\\n-----\\n\\n[ProductOwner]says: As a Product Owner, I suggest prioritizing the revision of the code to define 'function_under_test' and address the error in order to pass the test.\\n-----\\n\\n[Developer]says: As a Developer, I will take responsibility for defining the 'function_under_test' and addressing the error to pass the test.\\n-----\\n\", \"Question\": \"Follow the Instruction section. The Discussion History is in the Context section. You only need to return a list as the Example section.\"}",
    "RepairResponse0": "{\n\t\"revised_code\": \"def match_parens(lst):\\n    open_count = 0\\n    for char in lst:\\n        if char == '(': \\n            open_count += 1\\n        else: \\n            if open_count == 0:\\n                return 'No'\\n            open_count -= 1\\n    if open_count == 0:\\n        return 'Yes'\\n    else:\\n        return 'No'\"\n}",
    "RepairResponse0_prompt": {
        "Role": "You are a professional software engineer. Your duty is to write code in Python that meets the requirements. Ensure that the code you write is efficient, readable, and follows best practices. Remember, do not need to explain the code you wrote.",
        "Instruction": "1. Rewrite a bug fix version of the original code. 2. Response in JSON format.",
        "Example": "{\"revised_code\":\"...\"}",
        "Context": "# Test Report:\nTest Report:\n\nTest script's output:\nE\n======================================================================\nERROR: test (__main__.Test)\n----------------------------------------------------------------------\nTraceback (most recent call last):\n  File \"/Users/watch/PycharmProjects/XXXX-1-LLM/workspace/2024-02-13_16-21-24-096867/test_script.py\", line 20, in test\n    self.assertEqual(function_under_test(['()(', ')']), 'Yes')\nNameError: name 'function_under_test' is not defined\n\n----------------------------------------------------------------------\nRan 1 test in 0.000s\n\nFAILED (errors=1)\n\nConclusion: Code Test Failed\n\nInput and Expected Output Example:\nInput: ['()(', ')']\nExpected Output: 'Yes'\n\nCode Test Failed\n\nExplanation:\nThe test script output shows that there is an error in the code, specifically a NameError for 'function_under_test' not being defined. This indicates a failure in the code test. Additionally, the input and expected output example is provided for reference.\n\nRecommendation:\nThe code needs to be revised to define the 'function_under_test' and address the error to pass the test.\n\nAdditional Notes:\nFurther testing and debugging may be required to ensure the code functions as intended.# suggestions:\n{\"product-owner\": [\"suggest prioritizing the revision of the code to define 'function_under_test' and address the error in order to pass the test.\"], \"architect\": [\"recommend reviewing the code and defining the 'function_under_test' to address the NameError and pass the test.\"], \"developer\": [\"take responsibility for defining the 'function_under_test' and addressing the error to pass the test.\"], \"tester\": [\"review the code and provide feedback on how to define the 'function_under_test' to pass the test.\"]}",
        "Question": "The original code has some bugs, according to the test report and suggestions, rewrite the code. Complete the following code:\n\ndef match_parens(lst):\n    '''\n    You are given a list of two strings, both strings consist of open\n    parentheses '(' or close parentheses ')' only.\n    Your job is to check if it is possible to concatenate the two strings in\n    some order, that the resulting string will be good.\n    A string S is considered to be good if and only if all parentheses in S\n    are balanced. For example: the string '(())()' is good, while the string\n    '())' is not.\n    Return 'Yes' if there's a way to make a good string, and return 'No' otherwise.\n\n    Examples:\n    match_parens(['()(', ')']) == 'Yes'\n    match_parens([')', ')']) == 'No'\n    '''\n"
    },
    "Code1": "def match_parens(lst):\n    open_count = 0\n    for char in lst:\n        if char == '(': \n            open_count += 1\n        else: \n            if open_count == 0:\n                return 'No'\n            open_count -= 1\n    if open_count == 0:\n        return 'Yes'\n    else:\n        return 'No'",
    "ScriptResult1": "E\n======================================================================\nERROR: test (__main__.Test)\n----------------------------------------------------------------------\nTraceback (most recent call last):\n  File \"/Users/watch/PycharmProjects/XXXX-1-LLM/workspace/2024-02-13_16-21-24-096867/test_script.py\", line 18, in test\n    self.assertEqual(function_under_test(['()(', ')']), 'Yes')\nNameError: name 'function_under_test' is not defined\n\n----------------------------------------------------------------------\nRan 1 test in 0.000s\n\nFAILED (errors=1)\n",
    "TestReport1": "Test Report:\n\nThe test script's output indicates an error in the code. The error message indicates a NameError: name 'function_under_test' is not defined. This suggests that there is a reference to a function 'function_under_test' that is not defined in the code.\n\nBased on this output, it is clear that the code has failed the test.\n\nExample of input and expected output:\nInput: ['()(', ')']\nExpected Output: 'Yes'\n\nConclusion: Code Test Failed",
    "SprintReview1": "[ScrumMaster]says: Here is our test Report: Test Report:\n\nThe test script's output indicates an error in the code. The error message indicates a NameError: name 'function_under_test' is not defined. This suggests that there is a reference to a function 'function_under_test' that is not defined in the code.\n\nBased on this output, it is clear that the code has failed the test.\n\nExample of input and expected output:\nInput: ['()(', ')']\nExpected Output: 'Yes'\n\nConclusion: Code Test Failed, do you have any ideas?\n-----\n\n[Architect]says: As an architect, it's important to thoroughly review the code and ensure that all necessary functions are defined before running the tests.\n-----\n\n[Developer]says: As a Developer, I believe we should review the code to ensure that the function 'function_under_test' is properly defined and called within the code.\n-----\n\n[Tester]says: As a Tester, it seems like there may be a problem with the function_under_test not being defined in the code. We should investigate and fix this issue before retesting the code.\n-----\n\n[Architect]says: As an architect, I suggest conducting a comprehensive review of the code to ensure all required functions are defined before running the tests.\n-----\n\n[Developer]says: As a Developer, I believe we should review the code to ensure that the function 'function_under_test' is properly defined and called within the code.\n-----\n\n[Tester]says: As a Tester, it seems like there may be a problem with the function_under_test not being defined in the code. We should investigate and fix this issue before retesting the code.\n-----\n\n[ProductOwner]says: As a Product Owner, I think we should prioritize fixing the NameError issue and ensuring the 'function_under_test' is defined in the code before moving forward with any other tasks.\n-----\n\n[ProductOwner]says: As a Product Owner, I think we should prioritize fixing the NameError issue and ensuring the 'function_under_test' is defined in the code before moving forward with any other tasks.\n-----\n",
    "SprintReviewMeetings1": "{\n  \"product-owner\": [\"We should prioritize fixing the NameError issue and ensuring the 'function_under_test' is defined in the code before moving forward with any other tasks.\"],\n  \"architect\": [\"It's important to thoroughly review the code and ensure that all necessary functions are defined before running the tests.\", \"I suggest conducting a comprehensive review of the code to ensure all required functions are defined before running the tests.\"],\n  \"developer\": [\"We should review the code to ensure that the function 'function_under_test' is properly defined and called within the code.\"],\n  \"tester\": [\"There may be a problem with the 'function_under_test' not being defined in the code. We should investigate and fix this issue before retesting the code.\"]\n}",
    "SprintReviewMeetings1_prompt": "{\"Role\": \"You are a professional scrum master. Your goal is to summary the Discussion History into a suggestions list for the scrum team.\", \"Instruction\": \"1. Read and Understand the Discussion History. 2. Summary the suggestions from four roles: product-owner/architect/developer/tester. 3. Response in JSON format.\", \"Example\": \"{\\\"product-owner\\\":[\\\"suggestion1\\\",\\\"suggestion2\\\"],\\\"architect\\\":[\\\"suggestion1\\\",\\\"suggestion2\\\"], \\\"developer\\\":[\\\"suggestion1\\\",\\\"suggestion2\\\"], \\\"tester\\\":[\\\"suggestion1\\\",\\\"suggestion2\\\"]}\", \"Context\": \"[ScrumMaster]says: Here is our test Report: Test Report:\\n\\nThe test script's output indicates an error in the code. The error message indicates a NameError: name 'function_under_test' is not defined. This suggests that there is a reference to a function 'function_under_test' that is not defined in the code.\\n\\nBased on this output, it is clear that the code has failed the test.\\n\\nExample of input and expected output:\\nInput: ['()(', ')']\\nExpected Output: 'Yes'\\n\\nConclusion: Code Test Failed, do you have any ideas?\\n-----\\n\\n[Architect]says: As an architect, it's important to thoroughly review the code and ensure that all necessary functions are defined before running the tests.\\n-----\\n\\n[Developer]says: As a Developer, I believe we should review the code to ensure that the function 'function_under_test' is properly defined and called within the code.\\n-----\\n\\n[Tester]says: As a Tester, it seems like there may be a problem with the function_under_test not being defined in the code. We should investigate and fix this issue before retesting the code.\\n-----\\n\\n[Architect]says: As an architect, I suggest conducting a comprehensive review of the code to ensure all required functions are defined before running the tests.\\n-----\\n\\n[Developer]says: As a Developer, I believe we should review the code to ensure that the function 'function_under_test' is properly defined and called within the code.\\n-----\\n\\n[Tester]says: As a Tester, it seems like there may be a problem with the function_under_test not being defined in the code. We should investigate and fix this issue before retesting the code.\\n-----\\n\\n[ProductOwner]says: As a Product Owner, I think we should prioritize fixing the NameError issue and ensuring the 'function_under_test' is defined in the code before moving forward with any other tasks.\\n-----\\n\\n[ProductOwner]says: As a Product Owner, I think we should prioritize fixing the NameError issue and ensuring the 'function_under_test' is defined in the code before moving forward with any other tasks.\\n-----\\n\", \"Question\": \"Follow the Instruction section. The Discussion History is in the Context section. You only need to return a list as the Example section.\"}",
    "RepairResponse1": "{\n  \"revised_code\": \"def match_parens(lst):\\n    open_count = 0\\n    for char in lst:\\n        if char == '(': open_count += 1\\n        else:\\n            if open_count == 0: return 'No'\\n            open_count -= 1\\n    return 'Yes'\"\n}",
    "RepairResponse1_prompt": {
        "Role": "You are a professional software engineer. Your duty is to write code in Python that meets the requirements. Ensure that the code you write is efficient, readable, and follows best practices. Remember, do not need to explain the code you wrote.",
        "Instruction": "1. Rewrite a bug fix version of the original code. 2. Response in JSON format.",
        "Example": "{\"revised_code\":\"...\"}",
        "Context": "# Test Report:\nTest Report:\n\nThe test script's output indicates an error in the code. The error message indicates a NameError: name 'function_under_test' is not defined. This suggests that there is a reference to a function 'function_under_test' that is not defined in the code.\n\nBased on this output, it is clear that the code has failed the test.\n\nExample of input and expected output:\nInput: ['()(', ')']\nExpected Output: 'Yes'\n\nConclusion: Code Test Failed# suggestions:\n{\"product-owner\": [\"We should prioritize fixing the NameError issue and ensuring the 'function_under_test' is defined in the code before moving forward with any other tasks.\"], \"architect\": [\"It's important to thoroughly review the code and ensure that all necessary functions are defined before running the tests.\", \"I suggest conducting a comprehensive review of the code to ensure all required functions are defined before running the tests.\"], \"developer\": [\"We should review the code to ensure that the function 'function_under_test' is properly defined and called within the code.\"], \"tester\": [\"There may be a problem with the 'function_under_test' not being defined in the code. We should investigate and fix this issue before retesting the code.\"]}",
        "Question": "The original code has some bugs, according to the test report and suggestions, rewrite the code. Complete the following code:\n\ndef match_parens(lst):\n    '''\n    You are given a list of two strings, both strings consist of open\n    parentheses '(' or close parentheses ')' only.\n    Your job is to check if it is possible to concatenate the two strings in\n    some order, that the resulting string will be good.\n    A string S is considered to be good if and only if all parentheses in S\n    are balanced. For example: the string '(())()' is good, while the string\n    '())' is not.\n    Return 'Yes' if there's a way to make a good string, and return 'No' otherwise.\n\n    Examples:\n    match_parens(['()(', ')']) == 'Yes'\n    match_parens([')', ')']) == 'No'\n    '''\n"
    },
    "Code2": "def match_parens(lst):\n    open_count = 0\n    for char in lst:\n        if char == '(': open_count += 1\n        else:\n            if open_count == 0: return 'No'\n            open_count -= 1\n    return 'Yes'",
    "ScriptResult2": "E\n======================================================================\nERROR: test (__main__.Test)\n----------------------------------------------------------------------\nTraceback (most recent call last):\n  File \"/Users/watch/PycharmProjects/XXXX-1-LLM/workspace/2024-02-13_16-21-24-096867/test_script.py\", line 13, in test\n    self.assertEqual(function_under_test(['()(', ')']), 'Yes')\nNameError: name 'function_under_test' is not defined\n\n----------------------------------------------------------------------\nRan 1 test in 0.000s\n\nFAILED (errors=1)\n",
    "TestReport2": "Test Report:\n\nTest Script's Output:\nE\n======================================================================\nERROR: test (__main__.Test)\n----------------------------------------------------------------------\nTraceback (most recent call last):\n  File \"/Users/watch/PycharmProjects/XXXX-1-LLM/workspace/2024-02-13_16-21-24-096867/test_script.py\", line 13, in test\n    self.assertEqual(function_under_test(['()(', ')']), 'Yes')\nNameError: name 'function_under_test' is not defined\n\n----------------------------------------------------------------------\nRan 1 test in 0.000s\n\nFAILED (errors=1)\n\nConclusion: Code Test Failed\n\nInput and Expected Output Example:\nFunction: match_parens(lst)\nInput: ['()(', ')']\nExpected Output: 'Yes'\n\nBased on the test script's output, it is evident that the code has failed the test. The error is due to the name 'function_under_test' not being defined. Additionally, the input and expected output example for the match_parens function is provided above.\n\nCode Test: FAILED",
    "SprintReview2": "[ScrumMaster]says: Here is our test Report: Test Report:\n\nTest Script's Output:\nE\n======================================================================\nERROR: test (__main__.Test)\n----------------------------------------------------------------------\nTraceback (most recent call last):\n  File \"/Users/watch/PycharmProjects/XXXX-1-LLM/workspace/2024-02-13_16-21-24-096867/test_script.py\", line 13, in test\n    self.assertEqual(function_under_test(['()(', ')']), 'Yes')\nNameError: name 'function_under_test' is not defined\n\n----------------------------------------------------------------------\nRan 1 test in 0.000s\n\nFAILED (errors=1)\n\nConclusion: Code Test Failed\n\nInput and Expected Output Example:\nFunction: match_parens(lst)\nInput: ['()(', ')']\nExpected Output: 'Yes'\n\nBased on the test script's output, it is evident that the code has failed the test. The error is due to the name 'function_under_test' not being defined. Additionally, the input and expected output example for the match_parens function is provided above.\n\nCode Test: FAILED, do you have any ideas?\n-----\n\n[Developer]says: As a Developer, I suggest that we review the code and ensure that the 'function_under_test' is properly defined before running the test again.\n-----\n\n[Architect]says: As an Architect, I believe we should review the code and ensure that the function_under_test is properly defined before running the test again.\n-----\n\n[Tester]says: As a Tester, I would suggest reviewing the code to ensure that the function_under_test is properly defined and to correct any errors in the code.\n-----\n\n[ProductOwner]says: As the Product Owner, we should prioritize fixing the code test failure and ensure that the function_under_test is defined correctly before proceeding with any further development.\n-----\n\n[Tester]says: As a Tester, I would suggest reviewing the code to ensure that the function_under_test is properly defined and to correct any errors in the code.\n-----\n\n[ProductOwner]says: As the Product Owner, we should prioritize fixing the code test failure and ensure that the function_under_test is defined correctly before proceeding with any further development.\n-----\n\n[Architect]says: As an Architect, to create a product, we should prioritize reviewing and defining the function_under_test before proceeding with any further development.\n-----\n\n[Developer]says: As a Developer, I suggest that we review the code and ensure that the 'function_under_test' is properly defined before running the test again.\n-----\n",
    "SprintReviewMeetings2": "{\n\t\"product-owner\":[\"We should prioritize fixing the code test failure and ensure that the function_under_test is defined correctly before proceeding with any further development.\"],\n\t\"architect\":[\"We should review the code and ensure that the function_under_test is properly defined before running the test again.\",\"To create a product, we should prioritize reviewing and defining the function_under_test before proceeding with any further development.\"],\n\t\"developer\":[\"We should review the code and ensure that the 'function_under_test' is properly defined before running the test again.\"],\n\t\"tester\":[\"We should review the code to ensure that the function_under_test is properly defined and to correct any errors in the code.\"]\n}",
    "SprintReviewMeetings2_prompt": "{\"Role\": \"You are a professional scrum master. Your goal is to summary the Discussion History into a suggestions list for the scrum team.\", \"Instruction\": \"1. Read and Understand the Discussion History. 2. Summary the suggestions from four roles: product-owner/architect/developer/tester. 3. Response in JSON format.\", \"Example\": \"{\\\"product-owner\\\":[\\\"suggestion1\\\",\\\"suggestion2\\\"],\\\"architect\\\":[\\\"suggestion1\\\",\\\"suggestion2\\\"], \\\"developer\\\":[\\\"suggestion1\\\",\\\"suggestion2\\\"], \\\"tester\\\":[\\\"suggestion1\\\",\\\"suggestion2\\\"]}\", \"Context\": \"[ScrumMaster]says: Here is our test Report: Test Report:\\n\\nTest Script's Output:\\nE\\n======================================================================\\nERROR: test (__main__.Test)\\n----------------------------------------------------------------------\\nTraceback (most recent call last):\\n  File \\\"/Users/watch/PycharmProjects/XXXX-1-LLM/workspace/2024-02-13_16-21-24-096867/test_script.py\\\", line 13, in test\\n    self.assertEqual(function_under_test(['()(', ')']), 'Yes')\\nNameError: name 'function_under_test' is not defined\\n\\n----------------------------------------------------------------------\\nRan 1 test in 0.000s\\n\\nFAILED (errors=1)\\n\\nConclusion: Code Test Failed\\n\\nInput and Expected Output Example:\\nFunction: match_parens(lst)\\nInput: ['()(', ')']\\nExpected Output: 'Yes'\\n\\nBased on the test script's output, it is evident that the code has failed the test. The error is due to the name 'function_under_test' not being defined. Additionally, the input and expected output example for the match_parens function is provided above.\\n\\nCode Test: FAILED, do you have any ideas?\\n-----\\n\\n[Developer]says: As a Developer, I suggest that we review the code and ensure that the 'function_under_test' is properly defined before running the test again.\\n-----\\n\\n[Architect]says: As an Architect, I believe we should review the code and ensure that the function_under_test is properly defined before running the test again.\\n-----\\n\\n[Tester]says: As a Tester, I would suggest reviewing the code to ensure that the function_under_test is properly defined and to correct any errors in the code.\\n-----\\n\\n[ProductOwner]says: As the Product Owner, we should prioritize fixing the code test failure and ensure that the function_under_test is defined correctly before proceeding with any further development.\\n-----\\n\\n[Tester]says: As a Tester, I would suggest reviewing the code to ensure that the function_under_test is properly defined and to correct any errors in the code.\\n-----\\n\\n[ProductOwner]says: As the Product Owner, we should prioritize fixing the code test failure and ensure that the function_under_test is defined correctly before proceeding with any further development.\\n-----\\n\\n[Architect]says: As an Architect, to create a product, we should prioritize reviewing and defining the function_under_test before proceeding with any further development.\\n-----\\n\\n[Developer]says: As a Developer, I suggest that we review the code and ensure that the 'function_under_test' is properly defined before running the test again.\\n-----\\n\", \"Question\": \"Follow the Instruction section. The Discussion History is in the Context section. You only need to return a list as the Example section.\"}",
    "RepairResponse2": "{\n  \"revised_code\": \"def match_parens(lst):\\n    stack = []\\n    for s in lst:\\n        for c in s:\\n            if c == '(':\\n                stack.append(c)\\n            else:\\n                if not stack or stack.pop() != '(': return 'No'\\n    return 'Yes'\"\n}",
    "RepairResponse2_prompt": {
        "Role": "You are a professional software engineer. Your duty is to write code in Python that meets the requirements. Ensure that the code you write is efficient, readable, and follows best practices. Remember, do not need to explain the code you wrote.",
        "Instruction": "1. Rewrite a bug fix version of the original code. 2. Response in JSON format.",
        "Example": "{\"revised_code\":\"...\"}",
        "Context": "# Test Report:\nTest Report:\n\nTest Script's Output:\nE\n======================================================================\nERROR: test (__main__.Test)\n----------------------------------------------------------------------\nTraceback (most recent call last):\n  File \"/Users/watch/PycharmProjects/XXXX-1-LLM/workspace/2024-02-13_16-21-24-096867/test_script.py\", line 13, in test\n    self.assertEqual(function_under_test(['()(', ')']), 'Yes')\nNameError: name 'function_under_test' is not defined\n\n----------------------------------------------------------------------\nRan 1 test in 0.000s\n\nFAILED (errors=1)\n\nConclusion: Code Test Failed\n\nInput and Expected Output Example:\nFunction: match_parens(lst)\nInput: ['()(', ')']\nExpected Output: 'Yes'\n\nBased on the test script's output, it is evident that the code has failed the test. The error is due to the name 'function_under_test' not being defined. Additionally, the input and expected output example for the match_parens function is provided above.\n\nCode Test: FAILED# suggestions:\n{\"product-owner\": [\"We should prioritize fixing the code test failure and ensure that the function_under_test is defined correctly before proceeding with any further development.\"], \"architect\": [\"We should review the code and ensure that the function_under_test is properly defined before running the test again.\", \"To create a product, we should prioritize reviewing and defining the function_under_test before proceeding with any further development.\"], \"developer\": [\"We should review the code and ensure that the 'function_under_test' is properly defined before running the test again.\"], \"tester\": [\"We should review the code to ensure that the function_under_test is properly defined and to correct any errors in the code.\"]}",
        "Question": "The original code has some bugs, according to the test report and suggestions, rewrite the code. Complete the following code:\n\ndef match_parens(lst):\n    '''\n    You are given a list of two strings, both strings consist of open\n    parentheses '(' or close parentheses ')' only.\n    Your job is to check if it is possible to concatenate the two strings in\n    some order, that the resulting string will be good.\n    A string S is considered to be good if and only if all parentheses in S\n    are balanced. For example: the string '(())()' is good, while the string\n    '())' is not.\n    Return 'Yes' if there's a way to make a good string, and return 'No' otherwise.\n\n    Examples:\n    match_parens(['()(', ')']) == 'Yes'\n    match_parens([')', ')']) == 'No'\n    '''\n"
    },
    "Code3": "def match_parens(lst):\n    stack = []\n    for s in lst:\n        for c in s:\n            if c == '(':\n                stack.append(c)\n            else:\n                if not stack or stack.pop() != '(': return 'No'\n    return 'Yes'",
    "ScriptResult3": "E\n======================================================================\nERROR: test (__main__.Test)\n----------------------------------------------------------------------\nTraceback (most recent call last):\n  File \"/Users/watch/PycharmProjects/XXXX-1-LLM/workspace/2024-02-13_16-21-24-096867/test_script.py\", line 14, in test\n    self.assertEqual(function_under_test(['()(', ')']), 'Yes')\nNameError: name 'function_under_test' is not defined\n\n----------------------------------------------------------------------\nRan 1 test in 0.000s\n\nFAILED (errors=1)\n",
    "TestReport3": "Test Report:\n\nTest Script Output:\n# test script's output:\nE\n======================================================================\nERROR: test (__main__.Test)\n----------------------------------------------------------------------\nTraceback (most recent call last):\n  File \"/Users/watch/PycharmProjects/XXXX-1-LLM/workspace/2024-02-13_16-21-24-096867/test_script.py\", line 14, in test\n    self.assertEqual(function_under_test(['()(', ')']), 'Yes')\nNameError: name 'function_under_test' is not defined\n\n----------------------------------------------------------------------\nRan 1 test in 0.000s\n\nFAILED (errors=1)\n\nAnalysis:\nThe test script output shows that there is an error in the test case. The function \"function_under_test\" is not defined, causing the test to fail.\n\nConclusion:\nCode Test Failed\n\nInput and Expected Output Example:\ndef match_parens(lst):\n    stack = []\n    for s in lst:\n        for c in s:\n            if c == '(':\n                stack.append(c)\n            else:\n                if not stack or stack.pop() != '(': return 'No'\n    return 'Yes'\n\nRecommendation:\nThe function \"function_under_test\" should be defined before running the test cases to avoid the NameError. Additionally, the test cases should be reviewed to ensure proper coverage of all possible scenarios.\n\nCode Test Failed"
}