{
    "start_time": "2024-03-10_22-19-31-386837",
    "task": "def text_match_three(text):\n'''Write a function that matches a string that has an a followed by three 'b'.\nassert not text_match_three(\"ac\")'''\n",
    "datetime": {
        "task": "2024-03-10 22:19:31",
        "task-id": "2024-03-10 22:19:31",
        "workflow": "2024-03-10 22:19:31",
        "AnalyzeDraft": "2024-03-10 22:19:32",
        "AnalyzeMeetings": "2024-03-10 22:19:33",
        "Analyze": "2024-03-10 22:19:35",
        "Test Cases Draft": "2024-03-10 22:19:37",
        "Test Cases Meetings": "2024-03-10 22:19:38",
        "Test Cases": "2024-03-10 22:19:42",
        "Code0draft": "2024-03-10 22:19:42",
        "Code Review Meetings": "2024-03-10 22:19:43",
        "Code0": "2024-03-10 22:19:44",
        "TestScriptOriginal": "2024-03-10 22:19:45",
        "TestScript": "2024-03-10 22:19:45",
        "ScriptResult0": "2024-03-10 22:19:45",
        "TestReport0": "2024-03-10 22:19:46",
        "RepairResponse1": "2024-03-10 22:19:47",
        "Code1": "2024-03-10 22:19:47",
        "ScriptResult1": "2024-03-10 22:19:47",
        "TestReport1": "2024-03-10 22:19:49",
        "RepairResponse2": "2024-03-10 22:19:50",
        "Code2": "2024-03-10 22:19:50",
        "ScriptResult2": "2024-03-10 22:19:50",
        "TestReport2": "2024-03-10 22:19:52",
        "FinalCode": "2024-03-10 22:19:52"
    },
    "task-id": 787,
    "workflow": "testdriven/testdriven_version_0.0.5_remove.json",
    "AnalyzeDraft": "{\n  \"Requirement\": \"The system should be able to match a string that contains 'a' followed by exactly three occurrences of the letter 'b'.\"\n}",
    "AnalyzeMeetings": "{\n  \"Architect\": \"As an architect, I suggest that we use a regular expression to match the string with the specified pattern. We should also consider edge cases such as the position of the 'a' and the 'b' in the string.\",\n  \"Tester\": \"As a tester, I suggest that we thoroughly test the system with various input strings to ensure that it accurately matches strings that contain 'a' followed by exactly three occurrences of the letter 'b'. We should also consider testing for edge cases and invalid input.\"\n}",
    "Analyze": "{\n  \"RevisedDocument\": \"# Requirement:\\n\\nThe system should be able to match a string that contains 'a' followed by exactly three occurrences of the letter 'b'.\\n\\n# Suggestion:\\n\\n{\\n  \\\"Architect\\\": \\\"As an architect, I suggest that we use a regular expression to match the string with the specified pattern. We should also consider edge cases such as the position of the 'a' and the 'b' in the string.\\\",\\n  \\\"Tester\\\": \\\"As a tester, I suggest that we thoroughly test the system with various input strings to ensure that it accurately matches strings that contain 'a' followed by exactly three occurrences of the letter 'b'. We should also consider testing for edge cases and invalid input.\\\"\\n}\"\n}",
    "Test Cases Draft": "{\n  \"test_cases\": [\n    {\n      \"Test Title\": \"Valid input with 'a' followed by three 'b'\",\n      \"Input Data\": \"parameter1='abbb'\",\n      \"Expected Output\": \"Match found\"\n    },\n    {\n      \"Test Title\": \"Valid input with 'a' followed by more than three 'b'\",\n      \"Input Data\": \"parameter1='abbbb'\",\n      \"Expected Output\": \"Match found\"\n    },\n    {\n      \"Test Title\": \"Valid input with 'a' followed by less than three 'b'\",\n      \"Input Data\": \"parameter1='abb'\",\n      \"Expected Output\": \"No match found\"\n    },\n    {\n      \"Test Title\": \"Invalid input with no 'a'\",\n      \"Input Data\": \"parameter1='cb'\",\n      \"Expected Output\": \"No match found\"\n    },\n    {\n      \"Test Title\": \"Invalid input with 'a' but not followed by 'b'\",\n      \"Input Data\": \"parameter1='abcd'\",\n      \"Expected Output\": \"No match found\"\n    }\n  ]\n}",
    "Test Cases Draft_prompt": "{\"Role\": \"You are a quality assurance engineer. Your duty is to design test cases for the developers.\", \"Instruction\": \"According to the Context section, write test cases. Don't write long strings in your test cases. Response in JSON format.\", \"Example\": \"{\\\"requirement analysis\\\":\\\"analysis\\\",\\\"test_cases\\\":[{\\\"Test Title\\\":\\\"title\\\", \\\"Input Data\\\":\\\"parameter1=[1,2,3],parameter2='123'\\\", \\\"Expected Output\\\":\\\"456\\\"},]}\", \"Context\": \"# Requirement Analysis:\\n{\\n  \\\"RevisedDocument\\\": \\\"# Requirement:\\\\n\\\\nThe system should be able to match a string that contains 'a' followed by exactly three occurrences of the letter 'b'.\\\\n\\\\n# Suggestion:\\\\n\\\\n{\\\\n  \\\\\\\"Architect\\\\\\\": \\\\\\\"As an architect, I suggest that we use a regular expression to match the string with the specified pattern. We should also consider edge cases such as the position of the 'a' and the 'b' in the string.\\\\\\\",\\\\n  \\\\\\\"Tester\\\\\\\": \\\\\\\"As a tester, I suggest that we thoroughly test the system with various input strings to ensure that it accurately matches strings that contain 'a' followed by exactly three occurrences of the letter 'b'. We should also consider testing for edge cases and invalid input.\\\\\\\"\\\\n}\\\"\\n}\", \"Question\": \"def text_match_three(text):\\n'''Write a function that matches a string that has an a followed by three 'b'.\\nassert not text_match_three(\\\"ac\\\")'''\\n\"}",
    "Test Cases Meetings": "{\n  \"Architect\": \"I suggest adding test cases for edge cases such as empty input, null input, and special characters input. We should also consider adding test cases for performance and scalability testing.\",\n  \"Developer\": \"I suggest revising the test cases to include more detailed steps for executing the test, and also to include assertions for the expected output. Additionally, we should consider adding negative test cases to cover all possible scenarios.\"\n}",
    "Test Cases Meetings_prompt": "{\"Role\": \"I want you to act as a different roles and then give some suggestions about how to revise the test cases.\", \"Instruction\": \"1. Read the Context section. 2. Act as an Architect, give your suggestions. 3. Act as a Developer, give your suggestions. 4. Response in JSON format.\", \"Example\": \"{\\\"Architect\\\":\\\"Suggestion\\\",\\\"Developer\\\":\\\"Suggestion\\\"}\", \"Context\": \"{\\n  \\\"test_cases\\\": [\\n    {\\n      \\\"Test Title\\\": \\\"Valid input with 'a' followed by three 'b'\\\",\\n      \\\"Input Data\\\": \\\"parameter1='abbb'\\\",\\n      \\\"Expected Output\\\": \\\"Match found\\\"\\n    },\\n    {\\n      \\\"Test Title\\\": \\\"Valid input with 'a' followed by more than three 'b'\\\",\\n      \\\"Input Data\\\": \\\"parameter1='abbbb'\\\",\\n      \\\"Expected Output\\\": \\\"Match found\\\"\\n    },\\n    {\\n      \\\"Test Title\\\": \\\"Valid input with 'a' followed by less than three 'b'\\\",\\n      \\\"Input Data\\\": \\\"parameter1='abb'\\\",\\n      \\\"Expected Output\\\": \\\"No match found\\\"\\n    },\\n    {\\n      \\\"Test Title\\\": \\\"Invalid input with no 'a'\\\",\\n      \\\"Input Data\\\": \\\"parameter1='cb'\\\",\\n      \\\"Expected Output\\\": \\\"No match found\\\"\\n    },\\n    {\\n      \\\"Test Title\\\": \\\"Invalid input with 'a' but not followed by 'b'\\\",\\n      \\\"Input Data\\\": \\\"parameter1='abcd'\\\",\\n      \\\"Expected Output\\\": \\\"No match found\\\"\\n    }\\n  ]\\n}\", \"Question\": \"Follow the Instruction. The Context section include the test cases.\"}",
    "Test Cases": "{\n  \"test_cases\": [\n    {\n      \"Test Title\": \"Valid input with 'a' followed by three 'b'\",\n      \"Input Data\": \"parameter1='abbb'\",\n      \"Expected Output\": \"Match found\"\n    },\n    {\n      \"Test Title\": \"Valid input with 'a' followed by more than three 'b'\",\n      \"Input Data\": \"parameter1='abbbb'\",\n      \"Expected Output\": \"Match found\"\n    },\n    {\n      \"Test Title\": \"Valid input with 'a' followed by less than three 'b'\",\n      \"Input Data\": \"parameter1='abb'\",\n      \"Expected Output\": \"No match found\"\n    },\n    {\n      \"Test Title\": \"Invalid input with no 'a'\",\n      \"Input Data\": \"parameter1='cb'\",\n      \"Expected Output\": \"No match found\"\n    },\n    {\n      \"Test Title\": \"Invalid input with 'a' but not followed by 'b'\",\n      \"Input Data\": \"parameter1='abcd'\",\n      \"Expected Output\": \"No match found\"\n    },\n    {\n      \"Test Title\": \"Edge case: Empty input\",\n      \"Input Data\": \"parameter1=''\",\n      \"Expected Output\": \"No match found\"\n    },\n    {\n      \"Test Title\": \"Edge case: Null input\",\n      \"Input Data\": \"parameter1=null\",\n      \"Expected Output\": \"No match found\"\n    },\n    {\n      \"Test Title\": \"Edge case: Special characters input\",\n      \"Input Data\": \"parameter1='!@#'\",\n      \"Expected Output\": \"No match found\"\n    }\n  ]\n}",
    "Test Cases_prompt": "{\"Role\": \"You are a quality assurance engineer. Your duty is to revise the test cases based on the suggestions.\", \"Instruction\": \"1. Your colleague give you some suggestions(in the Context section) about the draft test cases, read these suggestions. 2. Revise your draft version test cases, but don't use long parameters. 3. Response in JSON format.\", \"Example\": \"{\\\"requirement analysis\\\":\\\"analysis\\\",\\\"test_cases\\\":[{\\\"Test Title\\\":\\\"title\\\", \\\"Input Data\\\":\\\"parameter1=[1,2,3],parameter2='123'\\\", \\\"Expected Output\\\":\\\"456\\\"},]}\", \"Context\": \"# Suggestions:\\n{\\n  \\\"Architect\\\": \\\"I suggest adding test cases for edge cases such as empty input, null input, and special characters input. We should also consider adding test cases for performance and scalability testing.\\\",\\n  \\\"Developer\\\": \\\"I suggest revising the test cases to include more detailed steps for executing the test, and also to include assertions for the expected output. Additionally, we should consider adding negative test cases to cover all possible scenarios.\\\"\\n}\\n # Draft Test cases:\\n{\\n  \\\"test_cases\\\": [\\n    {\\n      \\\"Test Title\\\": \\\"Valid input with 'a' followed by three 'b'\\\",\\n      \\\"Input Data\\\": \\\"parameter1='abbb'\\\",\\n      \\\"Expected Output\\\": \\\"Match found\\\"\\n    },\\n    {\\n      \\\"Test Title\\\": \\\"Valid input with 'a' followed by more than three 'b'\\\",\\n      \\\"Input Data\\\": \\\"parameter1='abbbb'\\\",\\n      \\\"Expected Output\\\": \\\"Match found\\\"\\n    },\\n    {\\n      \\\"Test Title\\\": \\\"Valid input with 'a' followed by less than three 'b'\\\",\\n      \\\"Input Data\\\": \\\"parameter1='abb'\\\",\\n      \\\"Expected Output\\\": \\\"No match found\\\"\\n    },\\n    {\\n      \\\"Test Title\\\": \\\"Invalid input with no 'a'\\\",\\n      \\\"Input Data\\\": \\\"parameter1='cb'\\\",\\n      \\\"Expected Output\\\": \\\"No match found\\\"\\n    },\\n    {\\n      \\\"Test Title\\\": \\\"Invalid input with 'a' but not followed by 'b'\\\",\\n      \\\"Input Data\\\": \\\"parameter1='abcd'\\\",\\n      \\\"Expected Output\\\": \\\"No match found\\\"\\n    }\\n  ]\\n}\", \"Question\": \"Follow the Instruction. Please make sure your response length are less than 512. Your test cases is for the below question:\\ndef text_match_three(text):\\n'''Write a function that matches a string that has an a followed by three 'b'.\\nassert not text_match_three(\\\"ac\\\")'''\\n\"}",
    "Code0draft": "def text_match_three(text):\n    if 'abbb' in text:\n        return \"Match found\"\n    else:\n        return \"No match found\"",
    "Code0draft_prompt": "{\"Role\": \"You are a professional engineer. Your duty is to write code in Python that meets the requirements. Ensure that the code you write is efficient, readable, and follows best practices. Remember, do not need to explain the code you wrote.\", \"Instruction\": \"According to the Context section, write your code.\", \"Example\": \"\", \"Context\": \"# Test Cases:\\n{\\n  \\\"test_cases\\\": [\\n    {\\n      \\\"Test Title\\\": \\\"Valid input with 'a' followed by three 'b'\\\",\\n      \\\"Input Data\\\": \\\"parameter1='abbb'\\\",\\n      \\\"Expected Output\\\": \\\"Match found\\\"\\n    },\\n    {\\n      \\\"Test Title\\\": \\\"Valid input with 'a' followed by more than three 'b'\\\",\\n      \\\"Input Data\\\": \\\"parameter1='abbbb'\\\",\\n      \\\"Expected Output\\\": \\\"Match found\\\"\\n    },\\n    {\\n      \\\"Test Title\\\": \\\"Valid input with 'a' followed by less than three 'b'\\\",\\n      \\\"Input Data\\\": \\\"parameter1='abb'\\\",\\n      \\\"Expected Output\\\": \\\"No match found\\\"\\n    },\\n    {\\n      \\\"Test Title\\\": \\\"Invalid input with no 'a'\\\",\\n      \\\"Input Data\\\": \\\"parameter1='cb'\\\",\\n      \\\"Expected Output\\\": \\\"No match found\\\"\\n    },\\n    {\\n      \\\"Test Title\\\": \\\"Invalid input with 'a' but not followed by 'b'\\\",\\n      \\\"Input Data\\\": \\\"parameter1='abcd'\\\",\\n      \\\"Expected Output\\\": \\\"No match found\\\"\\n    },\\n    {\\n      \\\"Test Title\\\": \\\"Edge case: Empty input\\\",\\n      \\\"Input Data\\\": \\\"parameter1=''\\\",\\n      \\\"Expected Output\\\": \\\"No match found\\\"\\n    },\\n    {\\n      \\\"Test Title\\\": \\\"Edge case: Null input\\\",\\n      \\\"Input Data\\\": \\\"parameter1=null\\\",\\n      \\\"Expected Output\\\": \\\"No match found\\\"\\n    },\\n    {\\n      \\\"Test Title\\\": \\\"Edge case: Special characters input\\\",\\n      \\\"Input Data\\\": \\\"parameter1='!@#'\\\",\\n      \\\"Expected Output\\\": \\\"No match found\\\"\\n    }\\n  ]\\n}\", \"Question\": \"Follow the Instruction section. Complete the following code:\\ndef text_match_three(text):\\n'''Write a function that matches a string that has an a followed by three 'b'.\\nassert not text_match_three(\\\"ac\\\")'''\\n\"}",
    "Code Review Meetings": "{\n  \"Architect\": \"The function name 'text_match_three' is not descriptive and doesn't accurately reflect what the function does. It should be renamed to something like 'check_for_pattern'. Also, it is better to use regular expressions to check for patterns in the text rather than using 'if' conditions for specific strings.\",\n  \"Tester\": \"The function should have some test cases written to cover different scenarios, such as when the pattern is found in the text, when it is not found, and when the input text is empty. Additionally, the function should handle case-insensitive matching if that is a requirement.\"\n}",
    "Code0": "def check_for_pattern(text):\n    import re\n    pattern = r'a{1}b{3}'\n    if re.search(pattern, text, re.IGNORECASE):\n        return \"Match found\"\n    else:\n        return \"No match found\"",
    "Code0_prompt": "{\"Role\": \"You are a professional software engineer. Your duty is to write code in Python that meets the requirements. Ensure that the code you write is efficient, readable, and follows best practices. Remember, do not need to explain the code you wrote.\", \"Instruction\": \"1. Understand the suggestions(in the Context section) about the original code. 2. Rewrite your code.\", \"Example\": \"\", \"Context\": \"# Suggestions:\\n{\\n  \\\"Architect\\\": \\\"The function name 'text_match_three' is not descriptive and doesn't accurately reflect what the function does. It should be renamed to something like 'check_for_pattern'. Also, it is better to use regular expressions to check for patterns in the text rather than using 'if' conditions for specific strings.\\\",\\n  \\\"Tester\\\": \\\"The function should have some test cases written to cover different scenarios, such as when the pattern is found in the text, when it is not found, and when the input text is empty. Additionally, the function should handle case-insensitive matching if that is a requirement.\\\"\\n}\\n# Original code:\\ndef text_match_three(text):\\n    if 'abbb' in text:\\n        return \\\"Match found\\\"\\n    else:\\n        return \\\"No match found\\\"\", \"Question\": \"Follow the Instruction section. Complete the following code:\\ndef text_match_three(text):\\n'''Write a function that matches a string that has an a followed by three 'b'.\\nassert not text_match_three(\\\"ac\\\")'''\\n\"}",
    "TestScriptOriginal": "import unittest\n\ndef text_match_three(text):\n    if 'abbb' in text:\n        return True\n    else:\n        return False\n\nclass Test(unittest.TestCase):\n    def test(self):\n        self.assertEqual(text_match_three('ac'), False)\n\nif __name__ == '__main__':\n    unittest.main()",
    "TestScriptOriginal_prompt": "{\"Role\": \"You are a quality assurance engineer. Your duty is to write a python test script in unittest framework.\", \"Instruction\": \"1. Write a python test script. 2. Use the input and output given by the question.\", \"Example\": \"import unittest\\n\\nclass Test(unittest.TestCase):\\n    def test(self):\\n        self.assertEqual(function_under_test('a'), 1)\\n\\nif __name__ == '__main__':\\n    unittest.main()\", \"Context\": \"\", \"Question\": \"def text_match_three(text):\\n'''Write a function that matches a string that has an a followed by three 'b'.\\nassert not text_match_three(\\\"ac\\\")'''\\n\"}",
    "TestScript": "import unittest\n\nclass Test(unittest.TestCase):\n    def test(self):\n        self.assertEqual(text_match_three('ac'), False)\n\nif __name__ == '__main__':\n    unittest.main()",
    "TestScript_prompt": "{\"Role\": \"You are a quality assurance engineer. Your duty is to write a python test script in unittest framework.\", \"Instruction\": \"1. Write a python test script. 2. Use the input and output given by the question.\", \"Example\": \"import unittest\\n\\nclass Test(unittest.TestCase):\\n    def test(self):\\n        self.assertEqual(function_under_test('a'), 1)\\n\\nif __name__ == '__main__':\\n    unittest.main()\", \"Context\": \"\", \"Question\": \"def text_match_three(text):\\n'''Write a function that matches a string that has an a followed by three 'b'.\\nassert not text_match_three(\\\"ac\\\")'''\\n\"}",
    "ScriptResult0": "E\n======================================================================\nERROR: test (__main__.Test)\n----------------------------------------------------------------------\nTraceback (most recent call last):\n  File \"/Users/watch/PycharmProjects/XXXX-1-LLM/workspace/2024-03-10_22-19-31-386837/test_script.py\", line 12, in test\n    self.assertEqual(text_match_three('ac'), False)\nNameError: name 'text_match_three' is not defined\n\n----------------------------------------------------------------------\nRan 1 test in 0.000s\n\nFAILED (errors=1)\n",
    "TestReport0": "Test Report:\n\nThe test script's output shows an error in the code. The NameError: name 'text_match_three' is not defined, indicating a failure in the test. Therefore, the code has failed the test.\n\nInput: 'ac'\nExpected Output: False\n\nConclusion: Code Test Failed.",
    "RepairResponse1": "{\n  \"revised_code\": \"import re\\n\\ndef text_match_three(text):\\n    pattern = r'a{1}b{3}'\\n    if re.search(pattern, text, re.IGNORECASE):\\n        return \\\"Match found\\\"\\n    else:\\n        return \\\"No match found\\\"\"\n}",
    "RepairResponse1_prompt": "{\"Role\": \"You are a professional software engineer. Your duty is to write code in Python that meets the requirements. Ensure that the code you write is efficient, readable, and follows best practices. Remember, do not need to explain the code you wrote.\", \"Instruction\": \"1. Rewrite a bug fix version of the original code. 2. Response in JSON format.\", \"Example\": \"{\\\"revised_code\\\":\\\"...\\\"}\", \"Context\": \"# the original code:\\ndef check_for_pattern(text):\\n    import re\\n    pattern = r'a{1}b{3}'\\n    if re.search(pattern, text, re.IGNORECASE):\\n        return \\\"Match found\\\"\\n    else:\\n        return \\\"No match found\\\"\\n# test report:\\nTest Report:\\n\\nThe test script's output shows an error in the code. The NameError: name 'text_match_three' is not defined, indicating a failure in the test. Therefore, the code has failed the test.\\n\\nInput: 'ac'\\nExpected Output: False\\n\\nConclusion: Code Test Failed.\", \"Question\": \"The original code has some bugs, according to the test report and suggestions, rewrite the code. Complete the following code:\\ndef text_match_three(text):\\n'''Write a function that matches a string that has an a followed by three 'b'.\\nassert not text_match_three(\\\"ac\\\")'''\\n\"}",
    "Code1": "import re\n\ndef text_match_three(text):\n    pattern = r'a{1}b{3}'\n    if re.search(pattern, text, re.IGNORECASE):\n        return \"Match found\"\n    else:\n        return \"No match found\"",
    "ScriptResult1": "F\n======================================================================\nFAIL: test (__main__.Test)\n----------------------------------------------------------------------\nTraceback (most recent call last):\n  File \"/Users/watch/PycharmProjects/XXXX-1-LLM/workspace/2024-03-10_22-19-31-386837/test_script.py\", line 13, in test\n    self.assertEqual(text_match_three('ac'), False)\nAssertionError: 'No match found' != False\n\n----------------------------------------------------------------------\nRan 1 test in 0.000s\n\nFAILED (failures=1)\n",
    "TestReport1": "Test Report:\n\nTest Script Output:\n======================================================================\nFAIL: test (__main__.Test)\n----------------------------------------------------------------------\nTraceback (most recent call last):\n  File \"/Users/watch/PycharmProjects/XXXX-1-LLM/workspace/2024-03-10_22-19-31-386837/test_script.py\", line 13, in test\n    self.assertEqual(text_match_three('ac'), False)\nAssertionError: 'No match found' != False\n\n----------------------------------------------------------------------\nRan 1 test in 0.000s\n\nFAILED (failures=1)\n\nTest Report Analysis:\nThe test script output indicates that the code has failed the test. The specific failure occurred in the test method, where the expected output did not match the actual output. The assertion error indicates that the function text_match_three('ac') did not return the expected result.\n\nConclusion:\nCode Test Failed\n\nInput and Expected Output Example:\nInput: 'ac'\nExpected Output: False\n\nNote: The actual output was 'No match found' which did not match the expected output.\n\nEnd of Report",
    "RepairResponse2": "{\n  \"revised_code\": \"import re\\n\\ndef text_match_three(text):\\n    pattern = r'a{1}b{3}'\\n    if re.search(pattern, text, re.IGNORECASE):\\n        return False\\n    else:\\n        return True\"\n}",
    "RepairResponse2_prompt": "{\"Role\": \"You are a professional software engineer. Your duty is to write code in Python that meets the requirements. Ensure that the code you write is efficient, readable, and follows best practices. Remember, do not need to explain the code you wrote.\", \"Instruction\": \"1. Rewrite a bug fix version of the original code. 2. Response in JSON format.\", \"Example\": \"{\\\"revised_code\\\":\\\"...\\\"}\", \"Context\": \"# the original code:\\nimport re\\n\\ndef text_match_three(text):\\n    pattern = r'a{1}b{3}'\\n    if re.search(pattern, text, re.IGNORECASE):\\n        return \\\"Match found\\\"\\n    else:\\n        return \\\"No match found\\\"\\n# test report:\\nTest Report:\\n\\nTest Script Output:\\n======================================================================\\nFAIL: test (__main__.Test)\\n----------------------------------------------------------------------\\nTraceback (most recent call last):\\n  File \\\"/Users/watch/PycharmProjects/XXXX-1-LLM/workspace/2024-03-10_22-19-31-386837/test_script.py\\\", line 13, in test\\n    self.assertEqual(text_match_three('ac'), False)\\nAssertionError: 'No match found' != False\\n\\n----------------------------------------------------------------------\\nRan 1 test in 0.000s\\n\\nFAILED (failures=1)\\n\\nTest Report Analysis:\\nThe test script output indicates that the code has failed the test. The specific failure occurred in the test method, where the expected output did not match the actual output. The assertion error indicates that the function text_match_three('ac') did not return the expected result.\\n\\nConclusion:\\nCode Test Failed\\n\\nInput and Expected Output Example:\\nInput: 'ac'\\nExpected Output: False\\n\\nNote: The actual output was 'No match found' which did not match the expected output.\\n\\nEnd of Report\", \"Question\": \"The original code has some bugs, according to the test report and suggestions, rewrite the code. Complete the following code:\\ndef text_match_three(text):\\n'''Write a function that matches a string that has an a followed by three 'b'.\\nassert not text_match_three(\\\"ac\\\")'''\\n\"}",
    "Code2": "import re\n\ndef text_match_three(text):\n    pattern = r'a{1}b{3}'\n    if re.search(pattern, text, re.IGNORECASE):\n        return False\n    else:\n        return True",
    "ScriptResult2": "F\n======================================================================\nFAIL: test (__main__.Test)\n----------------------------------------------------------------------\nTraceback (most recent call last):\n  File \"/Users/watch/PycharmProjects/XXXX-1-LLM/workspace/2024-03-10_22-19-31-386837/test_script.py\", line 13, in test\n    self.assertEqual(text_match_three('ac'), False)\nAssertionError: True != False\n\n----------------------------------------------------------------------\nRan 1 test in 0.000s\n\nFAILED (failures=1)\n",
    "TestReport2": "Test Report\n\nTest Script Output:\n\nF\n======================================================================\nFAIL: test (__main__.Test)\n----------------------------------------------------------------------\nTraceback (most recent call last):\n  File \"/Users/watch/PycharmProjects/XXXX-1-LLM/workspace/2024-03-10_22-19-31-386837/test_script.py\", line 13, in test\n    self.assertEqual(text_match_three('ac'), False)\nAssertionError: True != False\n\n----------------------------------------------------------------------\nRan 1 test in 0.000s\n\nFAILED (failures=1)\n\nTest Report:\n\nThe test script output indicates that the code has failed the test. The specific failure occurred during the execution of the 'test' function. The assertion error shows that the expected output was False, but the actual output was True.\n\nExample:\n\nInput: 'ac'\nExpected Output: False\n\nConclusion:\n\nCode Test Failed.",
    "FinalCode": "import re\n\ndef text_match_three(text):\n    pattern = r'a{1}b{3}'\n    if re.search(pattern, text, re.IGNORECASE):\n        return False\n    else:\n        return True"
}