{
    "start_time": "2024-01-30_13-01-03-199195",
    "task": "def find_Element(arr,ranges,rotations,index) :  \n'''Write a python function to find element at a given index after number of rotations.\nassert find_Element([1,2,3,4,5],[[0,2],[0,3]],2,1) == 3'''\n",
    "datetime": {
        "task": "2024-01-30 13:01:03",
        "task-id": "2024-01-30 13:01:03",
        "workflow": "2024-01-30 13:01:03",
        "Original PRD": "2024-01-30 13:01:11",
        "PRD Review": "2024-01-30 13:01:18",
        "Final PRD": "2024-01-30 13:01:21",
        "Original_architect_design": "2024-01-30 13:01:30",
        "Design Review": "2024-01-30 13:01:38",
        "Final Design": "2024-01-30 13:01:50",
        "Code0Draft": "2024-01-30 13:01:52",
        "Code Review": "2024-01-30 13:01:58",
        "Code0Revise": "2024-01-30 13:02:00",
        "Test Cases": "2024-01-30 13:02:05",
        "Test Cases Review": "2024-01-30 13:02:06",
        "Final Test Cases": "2024-01-30 13:02:18",
        "Code0": "2024-01-30 13:02:21",
        "TestScriptOriginal": "2024-01-30 13:02:30",
        "TestScript": "2024-01-30 13:02:30",
        "ScriptResult0": "2024-01-30 13:02:30",
        "TestReport0": "2024-01-30 13:02:36",
        "RepairResponse1": "2024-01-30 13:02:40",
        "Code1": "2024-01-30 13:02:40",
        "ScriptResult1": "2024-01-30 13:02:41",
        "TestReport1": "2024-01-30 13:02:48",
        "RepairResponse2": "2024-01-30 13:03:10"
    },
    "task-id": 304,
    "workflow": "waterfall/waterfall_version_0.0.4.json",
    "Original PRD": "{\n  \"ProductRequirementDocument\": {\n    \"Title\": \"Element Rotation Finder\",\n    \"Description\": \"The product requirement is to develop a Python function that can find the element at a given index after a certain number of rotations in an array.\",\n    \"Features\": [\n      \"A Python function find_Element(arr, ranges, rotations, index) that takes an array, a list of rotation ranges, the number of rotations, and the index as input parameters.\",\n      \"The function should return the element at the given index after the specified number of rotations.\",\n      \"Assertion to validate the function's correctness.\"\n    ],\n    \"NonFunctionalRequirements\": {\n      \"Performance\": \"The function should have efficient time complexity for finding the element after rotations.\",\n      \"Usability\": \"The function should be easy to use and understand for developers.\"\n    }\n  }\n}",
    "Original PRD_prompt": "{\"Role\": \"You need to act as a professional product owner. Your task is to write a Product Requirement Document\", \"Instruction\": \"According to the Context, please analyze the requirement and write your response. Response in JSON format. Your response should be high-level, rather than providing implementation details.\", \"Example\": \"\", \"Context\": \"\", \"Question\": \"Follow the Instruction. The requirement is as follows:\\ndef find_Element(arr,ranges,rotations,index) :  \\n'''Write a python function to find element at a given index after number of rotations.\\nassert find_Element([1,2,3,4,5],[[0,2],[0,3]],2,1) == 3'''\\n\"}",
    "PRD Review": "{\n  \"Architect\": {\n    \"Suggestion\": \"The function find_Element should be designed to handle edge cases and invalid inputs, such as empty arrays, negative rotations, and out-of-bounds indices. Additionally, consider using data structures like a circular buffer to optimize the performance of the rotation operation.\"\n  },\n  \"Tester\": {\n    \"Suggestion\": \"When testing the find_Element function, make sure to include test cases for various rotation ranges, different array sizes, and edge cases like empty arrays or out-of-bounds indices. Also, perform performance testing to ensure the function meets the specified time complexity requirements.\"\n  }\n}",
    "Final PRD": "{\n  \"ProductRequirementDocument\": {\n    \"Title\": \"Element Rotation Finder\",\n    \"Description\": \"The product requirement is to develop a Python function that can find the element at a given index after a certain number of rotations in an array.\",\n    \"Features\": [\n      \"A Python function find_Element(arr, ranges, rotations, index) that takes an array, a list of rotation ranges, the number of rotations, and the index as input parameters.\",\n      \"The function should return the element at the given index after the specified number of rotations.\",\n      \"Assertion to validate the function's correctness.\"\n    ],\n    \"NonFunctionalRequirements\": {\n      \"Performance\": \"The function should have efficient time complexity for finding the element after rotations.\",\n      \"Usability\": \"The function should be easy to use and understand for developers.\"\n    }\n  }\n}",
    "Final PRD_prompt": {
        "Role": "You need to act as a professional product owner. Your duty is to revise the document based on the suggestions.",
        "Instruction": "1. Read the suggestions. 2. Revise your draft version document. 3. Response in JSON format. 4. REMEMBER: Your analysis should be high-level, rather than providing implementation details.",
        "Example": "",
        "Context": "# Suggestion:\n{\n  \"Architect\": {\n    \"Suggestion\": \"The function find_Element should be designed to handle edge cases and invalid inputs, such as empty arrays, negative rotations, and out-of-bounds indices. Additionally, consider using data structures like a circular buffer to optimize the performance of the rotation operation.\"\n  },\n  \"Tester\": {\n    \"Suggestion\": \"When testing the find_Element function, make sure to include test cases for various rotation ranges, different array sizes, and edge cases like empty arrays or out-of-bounds indices. Also, perform performance testing to ensure the function meets the specified time complexity requirements.\"\n  }\n}",
        "Question": "Follow the Instruction. Your colleague give you some suggestions(in the Context section) about this draft document:{\n  \"ProductRequirementDocument\": {\n    \"Title\": \"Element Rotation Finder\",\n    \"Description\": \"The product requirement is to develop a Python function that can find the element at a given index after a certain number of rotations in an array.\",\n    \"Features\": [\n      \"A Python function find_Element(arr, ranges, rotations, index) that takes an array, a list of rotation ranges, the number of rotations, and the index as input parameters.\",\n      \"The function should return the element at the given index after the specified number of rotations.\",\n      \"Assertion to validate the function's correctness.\"\n    ],\n    \"NonFunctionalRequirements\": {\n      \"Performance\": \"The function should have efficient time complexity for finding the element after rotations.\",\n      \"Usability\": \"The function should be easy to use and understand for developers.\"\n    }\n  }\n}"
    },
    "Original_architect_design": "# Design for Element Rotation Finder Function\n\ndef find_Element(arr, ranges, rotations, index):\n    '''\n    This Python function is designed to find the element at a given index after a certain number of rotations in an array.\n\n    Parameters:\n    - arr: The input array\n    - ranges: List of rotation ranges\n    - rotations: The number of rotations to perform\n    - index: The index of the element to find after rotations\n\n    Returns:\n    - The element at the given index after the specified number of rotations\n\n    Example Usage:\n    assert find_Element([1,2,3,4,5],[[0,2],[0,3]],2,1) == 3\n    '''\n    # Implementation details go here\n\n'''\nThis high-level design provides guidance for the developer on how to write the Python function to meet the product requirement. It focuses on the input parameters, the purpose of the function, and an example assertion for validation. The developer can use this design to create an efficient and easy-to-use function for finding the element after rotations.\n'''",
    "Original_architect_design_prompt": "{\"Role\": \"You need to act as a professional architect.\", \"Instruction\": \"According to the Context, please write your design. Your design should be high-level and focused on guiding the developer in writing code, rather than providing implementation details.\", \"Example\": \"\", \"Context\": \"# Product Requirement Document:\\n{\\n  \\\"ProductRequirementDocument\\\": {\\n    \\\"Title\\\": \\\"Element Rotation Finder\\\",\\n    \\\"Description\\\": \\\"The product requirement is to develop a Python function that can find the element at a given index after a certain number of rotations in an array.\\\",\\n    \\\"Features\\\": [\\n      \\\"A Python function find_Element(arr, ranges, rotations, index) that takes an array, a list of rotation ranges, the number of rotations, and the index as input parameters.\\\",\\n      \\\"The function should return the element at the given index after the specified number of rotations.\\\",\\n      \\\"Assertion to validate the function's correctness.\\\"\\n    ],\\n    \\\"NonFunctionalRequirements\\\": {\\n      \\\"Performance\\\": \\\"The function should have efficient time complexity for finding the element after rotations.\\\",\\n      \\\"Usability\\\": \\\"The function should be easy to use and understand for developers.\\\"\\n    }\\n  }\\n}\", \"Question\": \"Follow the Instruction. Write your design for this requirement:\\ndef find_Element(arr,ranges,rotations,index) :  \\n'''Write a python function to find element at a given index after number of rotations.\\nassert find_Element([1,2,3,4,5],[[0,2],[0,3]],2,1) == 3'''\\n\"}",
    "Design Review": "{\n  \"Developer\": \"The implementation details section is missing. It would be helpful to include some details on how the rotation should be performed and how to find the element at the given index after rotations. Also, providing some error handling for invalid inputs would be a good addition.\",\n  \"Tester\": \"The example usage provided in the design is helpful for testing. It would be good to add some edge cases to test, such as empty input array or negative rotations. Also, testing for out of bounds index would be important to ensure the function handles such cases correctly.\"\n}",
    "Design Review_prompt": "{\"Role\": \"I want you to act as a different roles and then give some suggestions about how to revise the design.\", \"Instruction\": \"1. Read the Context section. 2. Act as an Developer, give your suggestions. 3. Act as a tester, give your suggestions. 4. Response in JSON format.\", \"Example\": \"{\\\"Developer\\\":\\\"Suggestion\\\",\\\"Tester\\\":\\\"Suggestion\\\"}\", \"Context\": \"# Design for Element Rotation Finder Function\\n\\ndef find_Element(arr, ranges, rotations, index):\\n    '''\\n    This Python function is designed to find the element at a given index after a certain number of rotations in an array.\\n\\n    Parameters:\\n    - arr: The input array\\n    - ranges: List of rotation ranges\\n    - rotations: The number of rotations to perform\\n    - index: The index of the element to find after rotations\\n\\n    Returns:\\n    - The element at the given index after the specified number of rotations\\n\\n    Example Usage:\\n    assert find_Element([1,2,3,4,5],[[0,2],[0,3]],2,1) == 3\\n    '''\\n    # Implementation details go here\\n\\n'''\\nThis high-level design provides guidance for the developer on how to write the Python function to meet the product requirement. It focuses on the input parameters, the purpose of the function, and an example assertion for validation. The developer can use this design to create an efficient and easy-to-use function for finding the element after rotations.\\n'''\", \"Question\": \"Follow the Instruction. The Context section include the design.\"}",
    "Final Design": "Based on the suggestions, I would update the design as follows:\n\n# Design for Element Rotation Finder Function\n\ndef find_Element(arr, ranges, rotations, index):\n    '''\n    This Python function is designed to find the element at a given index after a certain number of rotations in an array.\n\n    Parameters:\n    - arr: The input array\n    - ranges: List of rotation ranges\n    - rotations: The number of rotations to perform\n    - index: The index of the element to find after rotations\n\n    Returns:\n    - The element at the given index after the specified number of rotations\n\n    Example Usage:\n    assert find_Element([1,2,3,4,5],[[0,2],[0,3]],2,1) == 3\n    '''\n\n    # Implementation details:\n    # - Add details on how the rotation is performed\n    # - Include how to find the element at the given index after rotations\n    # - Provide error handling for invalid inputs, such as empty input array, negative rotations, and out of bounds index\n\n'''\nThis high-level design provides guidance for the developer on how to write the Python function to meet the product requirement. It focuses on the input parameters, the purpose of the function, and an example assertion for validation. The developer can use this design to create an efficient and easy-to-use function for finding the element after rotations.\n'''",
    "Final Design_prompt": "{\"Role\": \"I want you to act as a professional architect. Your duty is to write a new design based on the suggestions.\", \"Instruction\": \"1. Read the suggestions. 2. Write your new design base on the draft version. 3. Only response your new design.\", \"Example\": \"\", \"Context\": \"# Suggestions:\\n{\\n  \\\"Developer\\\": \\\"The implementation details section is missing. It would be helpful to include some details on how the rotation should be performed and how to find the element at the given index after rotations. Also, providing some error handling for invalid inputs would be a good addition.\\\",\\n  \\\"Tester\\\": \\\"The example usage provided in the design is helpful for testing. It would be good to add some edge cases to test, such as empty input array or negative rotations. Also, testing for out of bounds index would be important to ensure the function handles such cases correctly.\\\"\\n}\", \"Question\": \"Follow the Instruction. Your colleague give you some suggestions(in the Context section) about this draft version design:# Design for Element Rotation Finder Function\\n\\ndef find_Element(arr, ranges, rotations, index):\\n    '''\\n    This Python function is designed to find the element at a given index after a certain number of rotations in an array.\\n\\n    Parameters:\\n    - arr: The input array\\n    - ranges: List of rotation ranges\\n    - rotations: The number of rotations to perform\\n    - index: The index of the element to find after rotations\\n\\n    Returns:\\n    - The element at the given index after the specified number of rotations\\n\\n    Example Usage:\\n    assert find_Element([1,2,3,4,5],[[0,2],[0,3]],2,1) == 3\\n    '''\\n    # Implementation details go here\\n\\n'''\\nThis high-level design provides guidance for the developer on how to write the Python function to meet the product requirement. It focuses on the input parameters, the purpose of the function, and an example assertion for validation. The developer can use this design to create an efficient and easy-to-use function for finding the element after rotations.\\n'''\"}",
    "Code0Draft": "def find_Element(arr, ranges, rotations, index):\n    # Write your code here\n    pass",
    "Code0Draft_prompt": "{\"Role\": \"You are a professional engineer. Your duty is to write code in Python that meets the requirements. Ensure that the code you write is efficient, readable, and follows best practices. Remember, do not need to explain the code you wrote.\", \"Instruction\": \"According to the Context section, write your code.\", \"Example\": \"\", \"Context\": \"# Design:\\nBased on the suggestions, I would update the design as follows:\\n\\n# Design for Element Rotation Finder Function\\n\\ndef find_Element(arr, ranges, rotations, index):\\n    '''\\n    This Python function is designed to find the element at a given index after a certain number of rotations in an array.\\n\\n    Parameters:\\n    - arr: The input array\\n    - ranges: List of rotation ranges\\n    - rotations: The number of rotations to perform\\n    - index: The index of the element to find after rotations\\n\\n    Returns:\\n    - The element at the given index after the specified number of rotations\\n\\n    Example Usage:\\n    assert find_Element([1,2,3,4,5],[[0,2],[0,3]],2,1) == 3\\n    '''\\n\\n    # Implementation details:\\n    # - Add details on how the rotation is performed\\n    # - Include how to find the element at the given index after rotations\\n    # - Provide error handling for invalid inputs, such as empty input array, negative rotations, and out of bounds index\\n\\n'''\\nThis high-level design provides guidance for the developer on how to write the Python function to meet the product requirement. It focuses on the input parameters, the purpose of the function, and an example assertion for validation. The developer can use this design to create an efficient and easy-to-use function for finding the element after rotations.\\n'''\", \"Question\": \"Follow the Instruction section. Complete the following code:\\ndef find_Element(arr,ranges,rotations,index) :  \\n'''Write a python function to find element at a given index after number of rotations.\\nassert find_Element([1,2,3,4,5],[[0,2],[0,3]],2,1) == 3'''\\n\"}",
    "Code Review": "{\n  \"Architect\": \"Consider using a more descriptive function name that reflects the purpose of the function. Also, add comments to explain the purpose of the parameters and the logic inside the function.\",\n  \"Tester\": \"Ensure to write test cases to cover different scenarios such as empty array, negative rotations, and out of range index. Also, consider adding assertions to validate the output of the function.\"\n}",
    "Code Review_prompt": "{\"Role\": \"I want you to act as a different roles and then give some suggestions about how to revise the code.\", \"Instruction\": \"1. Read the Context section. 2. Act as an architect, give your suggestions. 3. Act as a tester, give your suggestions. 4. Response in JSON format.\", \"Example\": \"{\\\"Architect\\\":\\\"Suggestion\\\",\\\"Tester\\\":\\\"Suggestion\\\"}\", \"Context\": \"def find_Element(arr, ranges, rotations, index):\\n    # Write your code here\\n    pass\", \"Question\": \"Follow the Instruction. The Context section include the code.\"}",
    "Code0Revise": "def find_element_in_rotated_array(arr, ranges, rotations, index):\n    # Write your code here\n    pass",
    "Code0Revise_prompt": "{\"Role\": \"You are a professional software engineer. Your duty is to write code in Python that meets the requirements. Ensure that the code you write is efficient, readable, and follows best practices. Remember, do not need to explain the code you wrote.\", \"Instruction\": \"1. Understand the suggestions(in the Context section) about the original code. 2. Rewrite your code.\", \"Example\": \"\", \"Context\": \"# Original Code:\\ndef find_Element(arr, ranges, rotations, index):\\n    # Write your code here\\n    pass\\n# Advices:\\n\\\"{\\\\n  \\\\\\\"Architect\\\\\\\": \\\\\\\"Consider using a more descriptive function name that reflects the purpose of the function. Also, add comments to explain the purpose of the parameters and the logic inside the function.\\\\\\\",\\\\n  \\\\\\\"Tester\\\\\\\": \\\\\\\"Ensure to write test cases to cover different scenarios such as empty array, negative rotations, and out of range index. Also, consider adding assertions to validate the output of the function.\\\\\\\"\\\\n}\\\"\", \"Question\": \"Follow the Instruction section. Complete the following code:\\n\"}",
    "Test Cases": "{\n  \"test_cases\": [\n    {\n      \"Test Title\": \"Valid Input Test\",\n      \"Input Data\": \"arr=[1,2,3,4,5], ranges=[[0,2],[0,3]], rotations=2, index=1\",\n      \"Expected Output\": \"3\"\n    },\n    {\n      \"Test Title\": \"Empty Input Array Test\",\n      \"Input Data\": \"arr=[], ranges=[[0,2],[0,3]], rotations=2, index=1\",\n      \"Expected Output\": \"Error: Input Array is empty\"\n    },\n    {\n      \"Test Title\": \"Negative Rotations Test\",\n      \"Input Data\": \"arr=[1,2,3,4,5], ranges=[[0,2],[0,3]], rotations=-2, index=1\",\n      \"Expected Output\": \"Error: Negative rotations not allowed\"\n    },\n    {\n      \"Test Title\": \"Out of Bounds Index Test\",\n      \"Input Data\": \"arr=[1,2,3,4,5], ranges=[[0,2],[0,3]], rotations=2, index=10\",\n      \"Expected Output\": \"Error: Index out of bounds\"\n    }\n  ]\n}",
    "Test Cases_prompt": "{\"Role\": \"You are a quality assurance engineer. Your duty is to design test cases for the developers.\", \"Instruction\": \"According to the Context section, write test cases. Don't write long strings in your test cases. Response in JSON format.\", \"Example\": \"{\\\"requirement analysis\\\":\\\"analysis\\\",\\\"test_cases\\\":[{\\\"Test Title\\\":\\\"title\\\", \\\"Input Data\\\":\\\"parameter1=[1,2,3],parameter2='123'\\\", \\\"Expected Output\\\":\\\"456\\\"},]}\", \"Context\": \"# ProductRequirementDocument:\\n{\\n  \\\"ProductRequirementDocument\\\": {\\n    \\\"Title\\\": \\\"Element Rotation Finder\\\",\\n    \\\"Description\\\": \\\"The product requirement is to develop a Python function that can find the element at a given index after a certain number of rotations in an array.\\\",\\n    \\\"Features\\\": [\\n      \\\"A Python function find_Element(arr, ranges, rotations, index) that takes an array, a list of rotation ranges, the number of rotations, and the index as input parameters.\\\",\\n      \\\"The function should return the element at the given index after the specified number of rotations.\\\",\\n      \\\"Assertion to validate the function's correctness.\\\"\\n    ],\\n    \\\"NonFunctionalRequirements\\\": {\\n      \\\"Performance\\\": \\\"The function should have efficient time complexity for finding the element after rotations.\\\",\\n      \\\"Usability\\\": \\\"The function should be easy to use and understand for developers.\\\"\\n    }\\n  }\\n}\\n# Design:\\nBased on the suggestions, I would update the design as follows:\\n\\n# Design for Element Rotation Finder Function\\n\\ndef find_Element(arr, ranges, rotations, index):\\n    '''\\n    This Python function is designed to find the element at a given index after a certain number of rotations in an array.\\n\\n    Parameters:\\n    - arr: The input array\\n    - ranges: List of rotation ranges\\n    - rotations: The number of rotations to perform\\n    - index: The index of the element to find after rotations\\n\\n    Returns:\\n    - The element at the given index after the specified number of rotations\\n\\n    Example Usage:\\n    assert find_Element([1,2,3,4,5],[[0,2],[0,3]],2,1) == 3\\n    '''\\n\\n    # Implementation details:\\n    # - Add details on how the rotation is performed\\n    # - Include how to find the element at the given index after rotations\\n    # - Provide error handling for invalid inputs, such as empty input array, negative rotations, and out of bounds index\\n\\n'''\\nThis high-level design provides guidance for the developer on how to write the Python function to meet the product requirement. It focuses on the input parameters, the purpose of the function, and an example assertion for validation. The developer can use this design to create an efficient and easy-to-use function for finding the element after rotations.\\n'''\", \"Question\": \"def find_Element(arr,ranges,rotations,index) :  \\n'''Write a python function to find element at a given index after number of rotations.\\nassert find_Element([1,2,3,4,5],[[0,2],[0,3]],2,1) == 3'''\\n\"}",
    "Test Cases Review": "{\n  \"Architect\": \"As an Architect, I would suggest adding additional test cases to cover edge cases such as when the input array contains duplicate elements or when the rotation value is larger than the length of the array. This will help ensure comprehensive test coverage.\",\n  \"Developer\": \"As a Developer, I would suggest revising the test cases to include assertions for the expected behavior of the code in addition to the expected output. This will help ensure that the test cases accurately capture the intended functionality of the code.\"\n}",
    "Test Cases Review_prompt": "{\"Role\": \"I want you to act as a different roles and then give some suggestions about how to revise the test cases.\", \"Instruction\": \"1. Read the Context section. 2. Act as an Architect, give your suggestions. 3. Act as a Developer, give your suggestions. 4. Response in JSON format.\", \"Example\": \"{\\\"Architect\\\":\\\"Suggestion\\\",\\\"Developer\\\":\\\"Suggestion\\\"}\", \"Context\": \"{\\n  \\\"test_cases\\\": [\\n    {\\n      \\\"Test Title\\\": \\\"Valid Input Test\\\",\\n      \\\"Input Data\\\": \\\"arr=[1,2,3,4,5], ranges=[[0,2],[0,3]], rotations=2, index=1\\\",\\n      \\\"Expected Output\\\": \\\"3\\\"\\n    },\\n    {\\n      \\\"Test Title\\\": \\\"Empty Input Array Test\\\",\\n      \\\"Input Data\\\": \\\"arr=[], ranges=[[0,2],[0,3]], rotations=2, index=1\\\",\\n      \\\"Expected Output\\\": \\\"Error: Input Array is empty\\\"\\n    },\\n    {\\n      \\\"Test Title\\\": \\\"Negative Rotations Test\\\",\\n      \\\"Input Data\\\": \\\"arr=[1,2,3,4,5], ranges=[[0,2],[0,3]], rotations=-2, index=1\\\",\\n      \\\"Expected Output\\\": \\\"Error: Negative rotations not allowed\\\"\\n    },\\n    {\\n      \\\"Test Title\\\": \\\"Out of Bounds Index Test\\\",\\n      \\\"Input Data\\\": \\\"arr=[1,2,3,4,5], ranges=[[0,2],[0,3]], rotations=2, index=10\\\",\\n      \\\"Expected Output\\\": \\\"Error: Index out of bounds\\\"\\n    }\\n  ]\\n}\", \"Question\": \"Follow the Instruction. The Context section include the test cases.\"}",
    "Final Test Cases": "{\n  \"test_cases\": [\n    {\n      \"Test Title\": \"Valid Input Test\",\n      \"Input Data\": \"arr=[1,2,3,4,5], ranges=[[0,2],[0,3]], rotations=2, index=1\",\n      \"Expected Output\": \"3\"\n    },\n    {\n      \"Test Title\": \"Empty Input Array Test\",\n      \"Input Data\": \"arr=[], ranges=[[0,2],[0,3]], rotations=2, index=1\",\n      \"Expected Output\": \"Error: Input Array is empty\"\n    },\n    {\n      \"Test Title\": \"Negative Rotations Test\",\n      \"Input Data\": \"arr=[1,2,3,4,5], ranges=[[0,2],[0,3]], rotations=-2, index=1\",\n      \"Expected Output\": \"Error: Negative rotations not allowed\"\n    },\n    {\n      \"Test Title\": \"Out of Bounds Index Test\",\n      \"Input Data\": \"arr=[1,2,3,4,5], ranges=[[0,2],[0,3]], rotations=2, index=10\",\n      \"Expected Output\": \"Error: Index out of bounds\"\n    },\n    {\n      \"Test Title\": \"Duplicate Elements Test\",\n      \"Input Data\": \"arr=[1,2,2,4,5], ranges=[[0,3],[0,4]], rotations=3, index=2\",\n      \"Expected Output\": \"2\"\n    },\n    {\n      \"Test Title\": \"Large Rotation Value Test\",\n      \"Input Data\": \"arr=[1,2,3,4,5], ranges=[[0,2],[0,3]], rotations=10, index=2\",\n      \"Expected Output\": \"4\"\n    },\n    {\n      \"Test Title\": \"Assertions Test\",\n      \"Input Data\": \"arr=[1,2,3,4,5], ranges=[[0,2],[0,3]], rotations=2, index=3\",\n      \"Expected Output\": \"Error: Index out of bounds, Expected Behavior: Element at index 3 after 2 rotations should be 1\"\n    }\n  ]\n}",
    "Final Test Cases_prompt": "{\"Role\": \"You are a quality assurance engineer. Your duty is to revise the test cases based on the suggestions.\", \"Instruction\": \"1. Your colleague give you some suggestions(in the Context section) about the draft test cases, read these suggestions. 2. Revise your draft version test cases, but don't use long parameters. 3. Response in JSON format.\", \"Example\": \"{\\\"requirement analysis\\\":\\\"analysis\\\",\\\"test_cases\\\":[{\\\"Test Title\\\":\\\"title\\\", \\\"Input Data\\\":\\\"parameter1=[1,2,3],parameter2='123'\\\", \\\"Expected Output\\\":\\\"456\\\"},]}\", \"Context\": \"# Suggestions:\\n{\\n  \\\"Architect\\\": \\\"As an Architect, I would suggest adding additional test cases to cover edge cases such as when the input array contains duplicate elements or when the rotation value is larger than the length of the array. This will help ensure comprehensive test coverage.\\\",\\n  \\\"Developer\\\": \\\"As a Developer, I would suggest revising the test cases to include assertions for the expected behavior of the code in addition to the expected output. This will help ensure that the test cases accurately capture the intended functionality of the code.\\\"\\n}\\n # Draft Test cases:\\n{\\n  \\\"test_cases\\\": [\\n    {\\n      \\\"Test Title\\\": \\\"Valid Input Test\\\",\\n      \\\"Input Data\\\": \\\"arr=[1,2,3,4,5], ranges=[[0,2],[0,3]], rotations=2, index=1\\\",\\n      \\\"Expected Output\\\": \\\"3\\\"\\n    },\\n    {\\n      \\\"Test Title\\\": \\\"Empty Input Array Test\\\",\\n      \\\"Input Data\\\": \\\"arr=[], ranges=[[0,2],[0,3]], rotations=2, index=1\\\",\\n      \\\"Expected Output\\\": \\\"Error: Input Array is empty\\\"\\n    },\\n    {\\n      \\\"Test Title\\\": \\\"Negative Rotations Test\\\",\\n      \\\"Input Data\\\": \\\"arr=[1,2,3,4,5], ranges=[[0,2],[0,3]], rotations=-2, index=1\\\",\\n      \\\"Expected Output\\\": \\\"Error: Negative rotations not allowed\\\"\\n    },\\n    {\\n      \\\"Test Title\\\": \\\"Out of Bounds Index Test\\\",\\n      \\\"Input Data\\\": \\\"arr=[1,2,3,4,5], ranges=[[0,2],[0,3]], rotations=2, index=10\\\",\\n      \\\"Expected Output\\\": \\\"Error: Index out of bounds\\\"\\n    }\\n  ]\\n}\", \"Question\": \"Follow the Instruction. Please make sure your response length are less than 512. Your test cases is for the below question:\\ndef find_Element(arr,ranges,rotations,index) :  \\n'''Write a python function to find element at a given index after number of rotations.\\nassert find_Element([1,2,3,4,5],[[0,2],[0,3]],2,1) == 3'''\\n\"}",
    "Code0": "def find_Element(arr, ranges, rotations, index):\n    if len(arr) == 0:\n        return \"Error: Input Array is empty\"\n    if rotations < 0:\n        return \"Error: Negative rotations not allowed\"\n    if index >= len(arr):\n        return \"Error: Index out of bounds\"\n    \n    for i in range(rotations % len(arr)):\n        temp = arr.pop()\n        arr.insert(0, temp)\n    \n    for r in ranges:\n        start = r[0]\n        end = r[1]\n        if end >= len(arr):\n            return \"Error: Range out of bounds\"\n        sub_arr = arr[start:end+1]\n        if index >= start and index <= end:\n            return arr[index]\n    return \"Error: Index out of bounds\"",
    "Code0_prompt": "{\"Role\": \"You are a professional software engineer. Your duty is to write code in Python that meets the requirements. Ensure that the code you write is efficient, readable, and follows best practices. Remember, do not need to explain the code you wrote.\", \"Instruction\": \"1. Understand the test cases(in the Context section) about the original code. 2. Rewrite your code, make sure your code pass all test cases.\", \"Example\": \"\", \"Context\": \"# Original Code:\\ndef find_element_in_rotated_array(arr, ranges, rotations, index):\\n    # Write your code here\\n    pass\\n# Test Cases:\\n{\\n  \\\"test_cases\\\": [\\n    {\\n      \\\"Test Title\\\": \\\"Valid Input Test\\\",\\n      \\\"Input Data\\\": \\\"arr=[1,2,3,4,5], ranges=[[0,2],[0,3]], rotations=2, index=1\\\",\\n      \\\"Expected Output\\\": \\\"3\\\"\\n    },\\n    {\\n      \\\"Test Title\\\": \\\"Empty Input Array Test\\\",\\n      \\\"Input Data\\\": \\\"arr=[], ranges=[[0,2],[0,3]], rotations=2, index=1\\\",\\n      \\\"Expected Output\\\": \\\"Error: Input Array is empty\\\"\\n    },\\n    {\\n      \\\"Test Title\\\": \\\"Negative Rotations Test\\\",\\n      \\\"Input Data\\\": \\\"arr=[1,2,3,4,5], ranges=[[0,2],[0,3]], rotations=-2, index=1\\\",\\n      \\\"Expected Output\\\": \\\"Error: Negative rotations not allowed\\\"\\n    },\\n    {\\n      \\\"Test Title\\\": \\\"Out of Bounds Index Test\\\",\\n      \\\"Input Data\\\": \\\"arr=[1,2,3,4,5], ranges=[[0,2],[0,3]], rotations=2, index=10\\\",\\n      \\\"Expected Output\\\": \\\"Error: Index out of bounds\\\"\\n    },\\n    {\\n      \\\"Test Title\\\": \\\"Duplicate Elements Test\\\",\\n      \\\"Input Data\\\": \\\"arr=[1,2,2,4,5], ranges=[[0,3],[0,4]], rotations=3, index=2\\\",\\n      \\\"Expected Output\\\": \\\"2\\\"\\n    },\\n    {\\n      \\\"Test Title\\\": \\\"Large Rotation Value Test\\\",\\n      \\\"Input Data\\\": \\\"arr=[1,2,3,4,5], ranges=[[0,2],[0,3]], rotations=10, index=2\\\",\\n      \\\"Expected Output\\\": \\\"4\\\"\\n    },\\n    {\\n      \\\"Test Title\\\": \\\"Assertions Test\\\",\\n      \\\"Input Data\\\": \\\"arr=[1,2,3,4,5], ranges=[[0,2],[0,3]], rotations=2, index=3\\\",\\n      \\\"Expected Output\\\": \\\"Error: Index out of bounds, Expected Behavior: Element at index 3 after 2 rotations should be 1\\\"\\n    }\\n  ]\\n}\", \"Question\": \"def find_Element(arr,ranges,rotations,index) :  \\n'''Write a python function to find element at a given index after number of rotations.\\nassert find_Element([1,2,3,4,5],[[0,2],[0,3]],2,1) == 3'''\\n\"}",
    "TestScriptOriginal": "import unittest\n\ndef find_Element(arr, ranges, rotations, index):\n    for i in range(rotations):\n        l, r = ranges[i % len(ranges)]\n        arr = arr[l:r+1] + arr[:l] + arr[r+1:]\n    return arr[index]\n\nclass Test(unittest.TestCase):\n    def test(self):\n        self.assertEqual(find_Element([1,2,3,4,5],[[0,2],[0,3]],2,1), 3)\n\nif __name__ == '__main__':\n    unittest.main()",
    "TestScriptOriginal_prompt": "{\"Role\": \"You are a quality assurance engineer. Your duty is to write a python test script in unittest framework.\", \"Instruction\": \"1. Write a python test script. 2. Use the input and output given by the question.\", \"Example\": \"import unittest\\n\\nclass Test(unittest.TestCase):\\n    def test(self):\\n        self.assertEqual(function_under_test('a'), 1)\\n\\nif __name__ == '__main__':\\n    unittest.main()\", \"Context\": \"\", \"Question\": \"def find_Element(arr,ranges,rotations,index) :  \\n'''Write a python function to find element at a given index after number of rotations.\\nassert find_Element([1,2,3,4,5],[[0,2],[0,3]],2,1) == 3'''\\n\"}",
    "TestScript": "import unittest\n\nclass Test(unittest.TestCase):\n    def test(self):\n        self.assertEqual(find_Element([1,2,3,4,5],[[0,2],[0,3]],2,1), 3)\n\nif __name__ == '__main__':\n    unittest.main()",
    "TestScript_prompt": "{\"Role\": \"You are a quality assurance engineer. Your duty is to write a python test script in unittest framework.\", \"Instruction\": \"1. Write a python test script. 2. Use the input and output given by the question.\", \"Example\": \"import unittest\\n\\nclass Test(unittest.TestCase):\\n    def test(self):\\n        self.assertEqual(function_under_test('a'), 1)\\n\\nif __name__ == '__main__':\\n    unittest.main()\", \"Context\": \"\", \"Question\": \"def find_Element(arr,ranges,rotations,index) :  \\n'''Write a python function to find element at a given index after number of rotations.\\nassert find_Element([1,2,3,4,5],[[0,2],[0,3]],2,1) == 3'''\\n\"}",
    "ScriptResult0": "F\n======================================================================\nFAIL: test (__main__.Test)\n----------------------------------------------------------------------\nTraceback (most recent call last):\n  File \"/Users/watch/PycharmProjects/XXXX-1-LLM/workspace/2024-01-30_13-01-03-199195/test_script.py\", line 26, in test\n    self.assertEqual(find_Element([1,2,3,4,5],[[0,2],[0,3]],2,1), 3)\nAssertionError: 5 != 3\n\n----------------------------------------------------------------------\nRan 1 test in 0.000s\n\nFAILED (failures=1)\n",
    "TestReport0": "Test Report:\n\nTest Script Output:\n======================================================================\nFAIL: test (__main__.Test)\n----------------------------------------------------------------------\nTraceback (most recent call last):\n  File \"/Users/watch/PycharmProjects/XXXX-1-LLM/workspace/2024-01-30_13-01-03-199195/test_script.py\", line 26, in test\n    self.assertEqual(find_Element([1,2,3,4,5],[[0,2],[0,3]],2,1), 3)\nAssertionError: 5 != 3\n\n----------------------------------------------------------------------\nRan 1 test in 0.000s\n\nFAILED (failures=1)\n\nConclusion: Code Test FAIL\n\nExample of Input and Expected Output:\nInput: \nList: [1,2,3,4,5]\nSublists: [[0,2],[0,3]]\nIndex: 2\nValue: 1\nExpected Output: 3\n\nNote: The code failed the test as the expected output was 3, but the actual output was 5.\n\nEnd of Test Report",
    "RepairResponse1": "{\n  \"revised_code\": \"def find_element(arr, ranges, rotations, index):\\n    if len(arr) == 0:\\n        return \\\"Error: Input Array is empty\\\"\\n    if rotations < 0:\\n        return \\\"Error: Negative rotations not allowed\\\"\\n    if index >= len(arr):\\n        return \\\"Error: Index out of bounds\\\"\\n    \\n    for i in range(rotations % len(arr)):\\n        temp = arr.pop()\\n        arr.insert(0, temp)\\n    \\n    for r in ranges:\\n        start = r[0]\\n        end = r[1]\\n        if end >= len(arr):\\n            return \\\"Error: Range out of bounds\\\"\\n        sub_arr = arr[start:end+1]\\n        if index >= start and index <= end:\\n            return arr[index]\\n    return \\\"Error: Index out of bounds\\\"\"\n}",
    "RepairResponse1_prompt": "{\"Role\": \"You are a professional software engineer. Your duty is to write code in Python that meets the requirements. Ensure that the code you write is efficient, readable, and follows best practices. Remember, do not need to explain the code you wrote.\", \"Instruction\": \"1. Rewrite a bug fix version of the original code. 2. Response in JSON format.\", \"Example\": \"{\\\"revised_code\\\":\\\"...\\\"}\", \"Context\": \"# the original code:\\ndef find_Element(arr, ranges, rotations, index):\\n    if len(arr) == 0:\\n        return \\\"Error: Input Array is empty\\\"\\n    if rotations < 0:\\n        return \\\"Error: Negative rotations not allowed\\\"\\n    if index >= len(arr):\\n        return \\\"Error: Index out of bounds\\\"\\n    \\n    for i in range(rotations % len(arr)):\\n        temp = arr.pop()\\n        arr.insert(0, temp)\\n    \\n    for r in ranges:\\n        start = r[0]\\n        end = r[1]\\n        if end >= len(arr):\\n            return \\\"Error: Range out of bounds\\\"\\n        sub_arr = arr[start:end+1]\\n        if index >= start and index <= end:\\n            return arr[index]\\n    return \\\"Error: Index out of bounds\\\"\\n# test report:\\nTest Report:\\n\\nTest Script Output:\\n======================================================================\\nFAIL: test (__main__.Test)\\n----------------------------------------------------------------------\\nTraceback (most recent call last):\\n  File \\\"/Users/watch/PycharmProjects/XXXX-1-LLM/workspace/2024-01-30_13-01-03-199195/test_script.py\\\", line 26, in test\\n    self.assertEqual(find_Element([1,2,3,4,5],[[0,2],[0,3]],2,1), 3)\\nAssertionError: 5 != 3\\n\\n----------------------------------------------------------------------\\nRan 1 test in 0.000s\\n\\nFAILED (failures=1)\\n\\nConclusion: Code Test FAIL\\n\\nExample of Input and Expected Output:\\nInput: \\nList: [1,2,3,4,5]\\nSublists: [[0,2],[0,3]]\\nIndex: 2\\nValue: 1\\nExpected Output: 3\\n\\nNote: The code failed the test as the expected output was 3, but the actual output was 5.\\n\\nEnd of Test Report\", \"Question\": \"The original code has some bugs, according to the test report and suggestions, rewrite the code. Complete the following code:\\ndef find_Element(arr,ranges,rotations,index) :  \\n'''Write a python function to find element at a given index after number of rotations.\\nassert find_Element([1,2,3,4,5],[[0,2],[0,3]],2,1) == 3'''\\n\"}",
    "Code1": "def find_element(arr, ranges, rotations, index):\n    if len(arr) == 0:\n        return \"Error: Input Array is empty\"\n    if rotations < 0:\n        return \"Error: Negative rotations not allowed\"\n    if index >= len(arr):\n        return \"Error: Index out of bounds\"\n    \n    for i in range(rotations % len(arr)):\n        temp = arr.pop()\n        arr.insert(0, temp)\n    \n    for r in ranges:\n        start = r[0]\n        end = r[1]\n        if end >= len(arr):\n            return \"Error: Range out of bounds\"\n        sub_arr = arr[start:end+1]\n        if index >= start and index <= end:\n            return arr[index]\n    return \"Error: Index out of bounds\"",
    "ScriptResult1": "E\n======================================================================\nERROR: test (__main__.Test)\n----------------------------------------------------------------------\nTraceback (most recent call last):\n  File \"/Users/watch/PycharmProjects/XXXX-1-LLM/workspace/2024-01-30_13-01-03-199195/test_script.py\", line 26, in test\n    self.assertEqual(find_Element([1,2,3,4,5],[[0,2],[0,3]],2,1), 3)\nNameError: name 'find_Element' is not defined\n\n----------------------------------------------------------------------\nRan 1 test in 0.000s\n\nFAILED (errors=1)\n",
    "TestReport1": "Test Report:\n\nTest Script's Output:\nE\n======================================================================\nERROR: test (__main__.Test)\n----------------------------------------------------------------------\nTraceback (most recent call last):\n  File \"/Users/watch/PycharmProjects/XXXX-1-LLM/workspace/2024-01-30_13-01-03-199195/test_script.py\", line 26, in test\n    self.assertEqual(find_Element([1,2,3,4,5],[[0,2],[0,3]],2,1), 3)\nNameError: name 'find_Element' is not defined\n\n----------------------------------------------------------------------\nRan 1 test in 0.000s\n\nFAILED (errors=1)\n\nTest Report:\nThe test script has failed with the following error:\n- NameError: name 'find_Element' is not defined\n\nConclusion:\nCode Test Failed\n\nInput and Expected Output Example:\nInput: [1,2,3,4,5], [[0,2],[0,3]], 2, 1\nExpected Output: 3\n\nPlease investigate and fix the 'find_Element' name error to ensure the code passes the test.",
    "RepairResponse2": "{\n  \"revised_code\": \"def find_element(arr, ranges, rotations, index):\\n    if len(arr) == 0:\\n        return \\\"Error: Input Array is empty\\\"\\n    if rotations < 0:\\n        return \\\"Error: Negative rotations not allowed\\\"\\n    if index >= len(arr):\\n        return \\\"Error: Index out of bounds\\\"\\n    \\n    for i in range(rotations % len(arr)):\\n        temp = arr.pop()\\n        arr.insert(0, temp)\\n    \\n    for r in ranges:\\n        start = r[0]\\n        end = r[1]\\n        if end >= len(arr):\\n            return \\\"Error: Range out of bounds\\\"\\n        sub_arr = arr[start:end+1]\\n        if index >= start and index <= end:\\n            return arr[index]\\n    return \\\"Error: Index out of bounds\\\"\"\n}",
    "RepairResponse2_prompt": "{\"Role\": \"You are a professional software engineer. Your duty is to write code in Python that meets the requirements. Ensure that the code you write is efficient, readable, and follows best practices. Remember, do not need to explain the code you wrote.\", \"Instruction\": \"1. Rewrite a bug fix version of the original code. 2. Response in JSON format.\", \"Example\": \"{\\\"revised_code\\\":\\\"...\\\"}\", \"Context\": \"# the original code:\\ndef find_element(arr, ranges, rotations, index):\\n    if len(arr) == 0:\\n        return \\\"Error: Input Array is empty\\\"\\n    if rotations < 0:\\n        return \\\"Error: Negative rotations not allowed\\\"\\n    if index >= len(arr):\\n        return \\\"Error: Index out of bounds\\\"\\n    \\n    for i in range(rotations % len(arr)):\\n        temp = arr.pop()\\n        arr.insert(0, temp)\\n    \\n    for r in ranges:\\n        start = r[0]\\n        end = r[1]\\n        if end >= len(arr):\\n            return \\\"Error: Range out of bounds\\\"\\n        sub_arr = arr[start:end+1]\\n        if index >= start and index <= end:\\n            return arr[index]\\n    return \\\"Error: Index out of bounds\\\"\\n# test report:\\nTest Report:\\n\\nTest Script's Output:\\nE\\n======================================================================\\nERROR: test (__main__.Test)\\n----------------------------------------------------------------------\\nTraceback (most recent call last):\\n  File \\\"/Users/watch/PycharmProjects/XXXX-1-LLM/workspace/2024-01-30_13-01-03-199195/test_script.py\\\", line 26, in test\\n    self.assertEqual(find_Element([1,2,3,4,5],[[0,2],[0,3]],2,1), 3)\\nNameError: name 'find_Element' is not defined\\n\\n----------------------------------------------------------------------\\nRan 1 test in 0.000s\\n\\nFAILED (errors=1)\\n\\nTest Report:\\nThe test script has failed with the following error:\\n- NameError: name 'find_Element' is not defined\\n\\nConclusion:\\nCode Test Failed\\n\\nInput and Expected Output Example:\\nInput: [1,2,3,4,5], [[0,2],[0,3]], 2, 1\\nExpected Output: 3\\n\\nPlease investigate and fix the 'find_Element' name error to ensure the code passes the test.\", \"Question\": \"The original code has some bugs, according to the test report and suggestions, rewrite the code. Complete the following code:\\ndef find_Element(arr,ranges,rotations,index) :  \\n'''Write a python function to find element at a given index after number of rotations.\\nassert find_Element([1,2,3,4,5],[[0,2],[0,3]],2,1) == 3'''\\n\"}"
}