{
    "start_time": "2024-03-10_21-55-01-691330",
    "task": "def find_char_long(text):\n'''Write a function to find all words which are at least 4 characters long in a string.\nassert set(find_char_long('Please move back to stream')) == set(['Please', 'move', 'back', 'stream'])'''\n",
    "datetime": {
        "task": "2024-03-10 21:55:01",
        "task-id": "2024-03-10 21:55:01",
        "workflow": "2024-03-10 21:55:01",
        "AnalyzeDraft": "2024-03-10 21:55:03",
        "AnalyzeMeetings": "2024-03-10 21:55:04",
        "Analyze": "2024-03-10 21:55:05",
        "Test Cases Draft": "2024-03-10 21:55:08",
        "Test Cases Meetings": "2024-03-10 21:55:10",
        "Test Cases": "2024-03-10 21:55:13",
        "Code0draft": "2024-03-10 21:55:14",
        "Code Review Meetings": "2024-03-10 21:55:15",
        "Code0": "2024-03-10 21:55:16",
        "TestScriptOriginal": "2024-03-10 21:55:17",
        "TestScript": "2024-03-10 21:55:17",
        "ScriptResult0": "2024-03-10 21:55:17",
        "TestReport0": "2024-03-10 21:55:19",
        "RepairResponse1": "2024-03-10 21:55:20",
        "Code1": "2024-03-10 21:55:20",
        "ScriptResult1": "2024-03-10 21:55:20",
        "TestReport1": "2024-03-10 21:55:21",
        "FinalCode": "2024-03-10 21:55:21"
    },
    "task-id": 7,
    "workflow": "testdriven/testdriven_version_0.0.5_remove.json",
    "AnalyzeDraft": "{\n  \"Requirement\": \"The system should have a function find_char_long which takes a string input and returns a set of words that are at least 4 characters long.\",\n  \"Constraints\": \"The function should only consider words separated by spaces, and should not consider any special characters or punctuation marks.\",\n  \"Acceptance Criteria\": \"The function should pass the given assertion test case, and should return a set of words that are at least 4 characters long from the input string.\"\n}",
    "AnalyzeMeetings": "{\n  \"Architect\": \"We should consider using a regular expression to match words that are at least 4 characters long and are separated by spaces. This can help us efficiently identify the words that meet the criteria without having to iterate through the entire string.\",\n  \"Tester\": \"We should create test cases with different input strings, including strings with special characters and punctuation marks, to ensure that the function only considers words separated by spaces and ignores any special characters or punctuation marks.\"\n}",
    "Analyze": "{\n  \"Revised Document\": {\n    \"Requirement\": \"The system should have a function find_char_long which takes a string input and returns a set of words that are at least 4 characters long.\",\n    \"Constraints\": \"The function should only consider words separated by spaces, and should not consider any special characters or punctuation marks.\",\n    \"Acceptance Criteria\": \"The function should pass the given assertion test case, and should return a set of words that are at least 4 characters long from the input string.\"\n  }\n}",
    "Test Cases Draft": "{\n  \"requirement analysis\": \"test cases for find_char_long function\",\n  \"test_cases\": [\n    {\n      \"Test Title\": \"Test with no words of 4 characters or more\",\n      \"Input Data\": \"parameter1='short words only'\",\n      \"Expected Output\": \"set([])\"\n    },\n    {\n      \"Test Title\": \"Test with 4 characters long words\",\n      \"Input Data\": \"parameter1='find_char_long function should work properly'\",\n      \"Expected Output\": \"set(['find', 'char', 'long', 'function', 'should', 'work', 'properly'])\"\n    },\n    {\n      \"Test Title\": \"Test with special characters and punctuation marks\",\n      \"Input Data\": \"parameter1='@#$% special characters should be ignored!'\",\n      \"Expected Output\": \"set(['special', 'characters', 'should', 'ignored'])\"\n    }\n  ]\n}",
    "Test Cases Draft_prompt": "{\"Role\": \"You are a quality assurance engineer. Your duty is to design test cases for the developers.\", \"Instruction\": \"According to the Context section, write test cases. Don't write long strings in your test cases. Response in JSON format.\", \"Example\": \"{\\\"requirement analysis\\\":\\\"analysis\\\",\\\"test_cases\\\":[{\\\"Test Title\\\":\\\"title\\\", \\\"Input Data\\\":\\\"parameter1=[1,2,3],parameter2='123'\\\", \\\"Expected Output\\\":\\\"456\\\"},]}\", \"Context\": \"# Requirement Analysis:\\n{\\n  \\\"Revised Document\\\": {\\n    \\\"Requirement\\\": \\\"The system should have a function find_char_long which takes a string input and returns a set of words that are at least 4 characters long.\\\",\\n    \\\"Constraints\\\": \\\"The function should only consider words separated by spaces, and should not consider any special characters or punctuation marks.\\\",\\n    \\\"Acceptance Criteria\\\": \\\"The function should pass the given assertion test case, and should return a set of words that are at least 4 characters long from the input string.\\\"\\n  }\\n}\", \"Question\": \"def find_char_long(text):\\n'''Write a function to find all words which are at least 4 characters long in a string.\\nassert set(find_char_long('Please move back to stream')) == set(['Please', 'move', 'back', 'stream'])'''\\n\"}",
    "Test Cases Meetings": "{\n  \"Architect\": \"As an Architect, I suggest adding test cases for edge cases such as empty input, null input, and large input data to ensure the robustness of the find_char_long function. Additionally, we should consider adding negative test cases to test the function's ability to handle invalid input data.\",\n  \"Developer\": \"As a Developer, I suggest revising the test cases to include boundary value testing, equivalence partitioning, and error guessing techniques to ensure comprehensive coverage of the find_char_long function. We should also consider adding assertions for the expected behavior of the function in different scenarios.\"\n}",
    "Test Cases Meetings_prompt": "{\"Role\": \"I want you to act as a different roles and then give some suggestions about how to revise the test cases.\", \"Instruction\": \"1. Read the Context section. 2. Act as an Architect, give your suggestions. 3. Act as a Developer, give your suggestions. 4. Response in JSON format.\", \"Example\": \"{\\\"Architect\\\":\\\"Suggestion\\\",\\\"Developer\\\":\\\"Suggestion\\\"}\", \"Context\": \"{\\n  \\\"requirement analysis\\\": \\\"test cases for find_char_long function\\\",\\n  \\\"test_cases\\\": [\\n    {\\n      \\\"Test Title\\\": \\\"Test with no words of 4 characters or more\\\",\\n      \\\"Input Data\\\": \\\"parameter1='short words only'\\\",\\n      \\\"Expected Output\\\": \\\"set([])\\\"\\n    },\\n    {\\n      \\\"Test Title\\\": \\\"Test with 4 characters long words\\\",\\n      \\\"Input Data\\\": \\\"parameter1='find_char_long function should work properly'\\\",\\n      \\\"Expected Output\\\": \\\"set(['find', 'char', 'long', 'function', 'should', 'work', 'properly'])\\\"\\n    },\\n    {\\n      \\\"Test Title\\\": \\\"Test with special characters and punctuation marks\\\",\\n      \\\"Input Data\\\": \\\"parameter1='@#$% special characters should be ignored!'\\\",\\n      \\\"Expected Output\\\": \\\"set(['special', 'characters', 'should', 'ignored'])\\\"\\n    }\\n  ]\\n}\", \"Question\": \"Follow the Instruction. The Context section include the test cases.\"}",
    "Test Cases": "{\n  \"requirement analysis\": \"test cases for find_char_long function\",\n  \"test_cases\": [\n    {\n      \"Test Title\": \"Test with no words of 4 characters or more\",\n      \"Input Data\": \"parameter1='short words only'\",\n      \"Expected Output\": \"set([])\"\n    },\n    {\n      \"Test Title\": \"Test with 4 characters long words\",\n      \"Input Data\": \"parameter1='find_char_long function should work properly'\",\n      \"Expected Output\": \"set(['find', 'char', 'long', 'function', 'should', 'work', 'properly'])\"\n    },\n    {\n      \"Test Title\": \"Test with special characters and punctuation marks\",\n      \"Input Data\": \"parameter1='@#$% special characters should be ignored!'\",\n      \"Expected Output\": \"set(['special', 'characters', 'should', 'ignored'])\"\n    },\n    {\n      \"Test Title\": \"Test with empty input\",\n      \"Input Data\": \"parameter1=''\",\n      \"Expected Output\": \"set([])\"\n    },\n    {\n      \"Test Title\": \"Test with null input\",\n      \"Input Data\": \"parameter1=None\",\n      \"Expected Output\": \"TypeError\"\n    },\n    {\n      \"Test Title\": \"Test with large input data\",\n      \"Input Data\": \"parameter1='A'*1000\",\n      \"Expected Output\": \"set(['A'*1000])\"\n    },\n    {\n      \"Test Title\": \"Test with invalid input data\",\n      \"Input Data\": \"parameter1=123\",\n      \"Expected Output\": \"TypeError\"\n    }\n  ]\n}",
    "Test Cases_prompt": "{\"Role\": \"You are a quality assurance engineer. Your duty is to revise the test cases based on the suggestions.\", \"Instruction\": \"1. Your colleague give you some suggestions(in the Context section) about the draft test cases, read these suggestions. 2. Revise your draft version test cases, but don't use long parameters. 3. Response in JSON format.\", \"Example\": \"{\\\"requirement analysis\\\":\\\"analysis\\\",\\\"test_cases\\\":[{\\\"Test Title\\\":\\\"title\\\", \\\"Input Data\\\":\\\"parameter1=[1,2,3],parameter2='123'\\\", \\\"Expected Output\\\":\\\"456\\\"},]}\", \"Context\": \"# Suggestions:\\n{\\n  \\\"Architect\\\": \\\"As an Architect, I suggest adding test cases for edge cases such as empty input, null input, and large input data to ensure the robustness of the find_char_long function. Additionally, we should consider adding negative test cases to test the function's ability to handle invalid input data.\\\",\\n  \\\"Developer\\\": \\\"As a Developer, I suggest revising the test cases to include boundary value testing, equivalence partitioning, and error guessing techniques to ensure comprehensive coverage of the find_char_long function. We should also consider adding assertions for the expected behavior of the function in different scenarios.\\\"\\n}\\n # Draft Test cases:\\n{\\n  \\\"requirement analysis\\\": \\\"test cases for find_char_long function\\\",\\n  \\\"test_cases\\\": [\\n    {\\n      \\\"Test Title\\\": \\\"Test with no words of 4 characters or more\\\",\\n      \\\"Input Data\\\": \\\"parameter1='short words only'\\\",\\n      \\\"Expected Output\\\": \\\"set([])\\\"\\n    },\\n    {\\n      \\\"Test Title\\\": \\\"Test with 4 characters long words\\\",\\n      \\\"Input Data\\\": \\\"parameter1='find_char_long function should work properly'\\\",\\n      \\\"Expected Output\\\": \\\"set(['find', 'char', 'long', 'function', 'should', 'work', 'properly'])\\\"\\n    },\\n    {\\n      \\\"Test Title\\\": \\\"Test with special characters and punctuation marks\\\",\\n      \\\"Input Data\\\": \\\"parameter1='@#$% special characters should be ignored!'\\\",\\n      \\\"Expected Output\\\": \\\"set(['special', 'characters', 'should', 'ignored'])\\\"\\n    }\\n  ]\\n}\", \"Question\": \"Follow the Instruction. Please make sure your response length are less than 512. Your test cases is for the below question:\\ndef find_char_long(text):\\n'''Write a function to find all words which are at least 4 characters long in a string.\\nassert set(find_char_long('Please move back to stream')) == set(['Please', 'move', 'back', 'stream'])'''\\n\"}",
    "Code0draft": "def find_char_long(text):\n    import re\n    if not isinstance(text, str):\n        raise TypeError(\"Input data should be a string\")\n\n    words = re.findall(r'\\b\\w{4,}\\b', text)\n    return set(words)",
    "Code0draft_prompt": "{\"Role\": \"You are a professional engineer. Your duty is to write code in Python that meets the requirements. Ensure that the code you write is efficient, readable, and follows best practices. Remember, do not need to explain the code you wrote.\", \"Instruction\": \"According to the Context section, write your code.\", \"Example\": \"\", \"Context\": \"# Test Cases:\\n{\\n  \\\"requirement analysis\\\": \\\"test cases for find_char_long function\\\",\\n  \\\"test_cases\\\": [\\n    {\\n      \\\"Test Title\\\": \\\"Test with no words of 4 characters or more\\\",\\n      \\\"Input Data\\\": \\\"parameter1='short words only'\\\",\\n      \\\"Expected Output\\\": \\\"set([])\\\"\\n    },\\n    {\\n      \\\"Test Title\\\": \\\"Test with 4 characters long words\\\",\\n      \\\"Input Data\\\": \\\"parameter1='find_char_long function should work properly'\\\",\\n      \\\"Expected Output\\\": \\\"set(['find', 'char', 'long', 'function', 'should', 'work', 'properly'])\\\"\\n    },\\n    {\\n      \\\"Test Title\\\": \\\"Test with special characters and punctuation marks\\\",\\n      \\\"Input Data\\\": \\\"parameter1='@#$% special characters should be ignored!'\\\",\\n      \\\"Expected Output\\\": \\\"set(['special', 'characters', 'should', 'ignored'])\\\"\\n    },\\n    {\\n      \\\"Test Title\\\": \\\"Test with empty input\\\",\\n      \\\"Input Data\\\": \\\"parameter1=''\\\",\\n      \\\"Expected Output\\\": \\\"set([])\\\"\\n    },\\n    {\\n      \\\"Test Title\\\": \\\"Test with null input\\\",\\n      \\\"Input Data\\\": \\\"parameter1=None\\\",\\n      \\\"Expected Output\\\": \\\"TypeError\\\"\\n    },\\n    {\\n      \\\"Test Title\\\": \\\"Test with large input data\\\",\\n      \\\"Input Data\\\": \\\"parameter1='A'*1000\\\",\\n      \\\"Expected Output\\\": \\\"set(['A'*1000])\\\"\\n    },\\n    {\\n      \\\"Test Title\\\": \\\"Test with invalid input data\\\",\\n      \\\"Input Data\\\": \\\"parameter1=123\\\",\\n      \\\"Expected Output\\\": \\\"TypeError\\\"\\n    }\\n  ]\\n}\", \"Question\": \"Follow the Instruction section. Complete the following code:\\ndef find_char_long(text):\\n'''Write a function to find all words which are at least 4 characters long in a string.\\nassert set(find_char_long('Please move back to stream')) == set(['Please', 'move', 'back', 'stream'])'''\\n\"}",
    "Code Review Meetings": "{\n  \"Architect\": \"Consider using a more descriptive function name to indicate the purpose of the function, such as 'find_long_words' or 'extract_long_words'. Also, instead of importing the 're' module within the function, it should be imported at the beginning of the script for better performance.\",\n  \"Tester\": \"Test for various types of input data, including empty string, special characters, and numbers to validate the function's behavior. Also, consider testing the performance of the function with a large input text to ensure it runs efficiently.\"\n}",
    "Code0": "def find_long_words(text):\n    '''Write a function to find all words which are at least 4 characters long in a string.'''\n    import re\n    if not isinstance(text, str):\n        raise TypeError(\"Input data should be a string\")\n\n    words = re.findall(r'\\b\\w{4,}\\b', text)\n    return set(words)",
    "Code0_prompt": "{\"Role\": \"You are a professional software engineer. Your duty is to write code in Python that meets the requirements. Ensure that the code you write is efficient, readable, and follows best practices. Remember, do not need to explain the code you wrote.\", \"Instruction\": \"1. Understand the suggestions(in the Context section) about the original code. 2. Rewrite your code.\", \"Example\": \"\", \"Context\": \"# Suggestions:\\n{\\n  \\\"Architect\\\": \\\"Consider using a more descriptive function name to indicate the purpose of the function, such as 'find_long_words' or 'extract_long_words'. Also, instead of importing the 're' module within the function, it should be imported at the beginning of the script for better performance.\\\",\\n  \\\"Tester\\\": \\\"Test for various types of input data, including empty string, special characters, and numbers to validate the function's behavior. Also, consider testing the performance of the function with a large input text to ensure it runs efficiently.\\\"\\n}\\n# Original code:\\ndef find_char_long(text):\\n    import re\\n    if not isinstance(text, str):\\n        raise TypeError(\\\"Input data should be a string\\\")\\n\\n    words = re.findall(r'\\\\b\\\\w{4,}\\\\b', text)\\n    return set(words)\", \"Question\": \"Follow the Instruction section. Complete the following code:\\ndef find_char_long(text):\\n'''Write a function to find all words which are at least 4 characters long in a string.\\nassert set(find_char_long('Please move back to stream')) == set(['Please', 'move', 'back', 'stream'])'''\\n\"}",
    "TestScriptOriginal": "import unittest\n\ndef find_char_long(text):\n    words = text.split()\n    return [word for word in words if len(word) >= 4]\n\nclass Test(unittest.TestCase):\n    def test(self):\n        self.assertEqual(set(find_char_long('Please move back to stream')), set(['Please', 'move', 'back', 'stream']))\n\nif __name__ == '__main__':\n    unittest.main()",
    "TestScriptOriginal_prompt": "{\"Role\": \"You are a quality assurance engineer. Your duty is to write a python test script in unittest framework.\", \"Instruction\": \"1. Write a python test script. 2. Use the input and output given by the question.\", \"Example\": \"import unittest\\n\\nclass Test(unittest.TestCase):\\n    def test(self):\\n        self.assertEqual(function_under_test('a'), 1)\\n\\nif __name__ == '__main__':\\n    unittest.main()\", \"Context\": \"\", \"Question\": \"def find_char_long(text):\\n'''Write a function to find all words which are at least 4 characters long in a string.\\nassert set(find_char_long('Please move back to stream')) == set(['Please', 'move', 'back', 'stream'])'''\\n\"}",
    "TestScript": "import unittest\n\nclass Test(unittest.TestCase):\n    def test(self):\n        self.assertEqual(set(find_char_long('Please move back to stream')), set(['Please', 'move', 'back', 'stream']))\n\nif __name__ == '__main__':\n    unittest.main()",
    "TestScript_prompt": "{\"Role\": \"You are a quality assurance engineer. Your duty is to write a python test script in unittest framework.\", \"Instruction\": \"1. Write a python test script. 2. Use the input and output given by the question.\", \"Example\": \"import unittest\\n\\nclass Test(unittest.TestCase):\\n    def test(self):\\n        self.assertEqual(function_under_test('a'), 1)\\n\\nif __name__ == '__main__':\\n    unittest.main()\", \"Context\": \"\", \"Question\": \"def find_char_long(text):\\n'''Write a function to find all words which are at least 4 characters long in a string.\\nassert set(find_char_long('Please move back to stream')) == set(['Please', 'move', 'back', 'stream'])'''\\n\"}",
    "ScriptResult0": "E\n======================================================================\nERROR: test (__main__.Test)\n----------------------------------------------------------------------\nTraceback (most recent call last):\n  File \"/Users/watch/PycharmProjects/XXXX-1-LLM/workspace/2024-03-10_21-55-01-691330/test_script.py\", line 13, in test\n    self.assertEqual(set(find_char_long('Please move back to stream')), set(['Please', 'move', 'back', 'stream']))\nNameError: name 'find_char_long' is not defined\n\n----------------------------------------------------------------------\nRan 1 test in 0.000s\n\nFAILED (errors=1)\n",
    "TestReport0": "Test Report:\n\nTest script's output:\nE\n======================================================================\nERROR: test (__main__.Test)\n----------------------------------------------------------------------\nTraceback (most recent call last):\n  File \"/Users/watch/PycharmProjects/XXXX-1-LLM/workspace/2024-03-10_21-55-01-691330/test_script.py\", line 13, in test\n    self.assertEqual(set(find_char_long('Please move back to stream')), set(['Please', 'move', 'back', 'stream']))\nNameError: name 'find_char_long' is not defined\n\n----------------------------------------------------------------------\nRan 1 test in 0.000s\n\nFAILED (errors=1)\n\nTest Report:\nThe test script failed with 1 error. The 'find_char_long' function is not defined, leading to the failure of the test. The expected output was a set containing the words 'Please', 'move', 'back', and 'stream'. However, the function 'find_char_long' is not found, resulting in a NameError.\n\nConclusion:\nCode Test Failed.",
    "RepairResponse1": "{\n  \"revised_code\": \"import re\\n\\ndef find_char_long(text):\\n    '''Write a function to find all words which are at least 4 characters long in a string.'''\\n    if not isinstance(text, str):\\n        raise TypeError(\\\"Input data should be a string\\\")\\n\\n    words = re.findall(r'\\\\b\\\\w{4,}\\\\b', text)\\n    return set(words)\"\n}",
    "RepairResponse1_prompt": "{\"Role\": \"You are a professional software engineer. Your duty is to write code in Python that meets the requirements. Ensure that the code you write is efficient, readable, and follows best practices. Remember, do not need to explain the code you wrote.\", \"Instruction\": \"1. Rewrite a bug fix version of the original code. 2. Response in JSON format.\", \"Example\": \"{\\\"revised_code\\\":\\\"...\\\"}\", \"Context\": \"# the original code:\\ndef find_long_words(text):\\n    '''Write a function to find all words which are at least 4 characters long in a string.'''\\n    import re\\n    if not isinstance(text, str):\\n        raise TypeError(\\\"Input data should be a string\\\")\\n\\n    words = re.findall(r'\\\\b\\\\w{4,}\\\\b', text)\\n    return set(words)\\n# test report:\\nTest Report:\\n\\nTest script's output:\\nE\\n======================================================================\\nERROR: test (__main__.Test)\\n----------------------------------------------------------------------\\nTraceback (most recent call last):\\n  File \\\"/Users/watch/PycharmProjects/XXXX-1-LLM/workspace/2024-03-10_21-55-01-691330/test_script.py\\\", line 13, in test\\n    self.assertEqual(set(find_char_long('Please move back to stream')), set(['Please', 'move', 'back', 'stream']))\\nNameError: name 'find_char_long' is not defined\\n\\n----------------------------------------------------------------------\\nRan 1 test in 0.000s\\n\\nFAILED (errors=1)\\n\\nTest Report:\\nThe test script failed with 1 error. The 'find_char_long' function is not defined, leading to the failure of the test. The expected output was a set containing the words 'Please', 'move', 'back', and 'stream'. However, the function 'find_char_long' is not found, resulting in a NameError.\\n\\nConclusion:\\nCode Test Failed.\", \"Question\": \"The original code has some bugs, according to the test report and suggestions, rewrite the code. Complete the following code:\\ndef find_char_long(text):\\n'''Write a function to find all words which are at least 4 characters long in a string.\\nassert set(find_char_long('Please move back to stream')) == set(['Please', 'move', 'back', 'stream'])'''\\n\"}",
    "Code1": "import re\n\ndef find_char_long(text):\n    '''Write a function to find all words which are at least 4 characters long in a string.'''\n    if not isinstance(text, str):\n        raise TypeError(\"Input data should be a string\")\n\n    words = re.findall(r'\\b\\w{4,}\\b', text)\n    return set(words)",
    "ScriptResult1": ".\n----------------------------------------------------------------------\nRan 1 test in 0.000s\n\nOK\n",
    "TestReport1": "Test Report\n\nTest Script Output:\n----------------------------------------------------------------------\nRan 1 test in 0.000s\n\nOK\n\nConclusion:\nCode Test Passed\n\nSigned,\n[Your Name]\nQuality Assurance Engineer",
    "FinalCode": "import re\n\ndef find_char_long(text):\n    '''Write a function to find all words which are at least 4 characters long in a string.'''\n    if not isinstance(text, str):\n        raise TypeError(\"Input data should be a string\")\n\n    words = re.findall(r'\\b\\w{4,}\\b', text)\n    return set(words)"
}