{
    "start_time": "2024-03-10_18-34-20-675100",
    "task": "def square_Sum(n):  \n'''Write a python function takes in an integer n and returns the sum of squares of first n even natural numbers.\nassert square_Sum(2) == 20'''\n",
    "datetime": {
        "task": "2024-03-10 18:34:20",
        "task-id": "2024-03-10 18:34:20",
        "workflow": "2024-03-10 18:34:20",
        "Original_architect_design": "2024-03-10 18:34:22",
        "Design Review": "2024-03-10 18:34:23",
        "Final Design": "2024-03-10 18:34:25",
        "Code0Draft": "2024-03-10 18:34:26",
        "Code Review": "2024-03-10 18:34:27",
        "Code0Revise": "2024-03-10 18:34:28",
        "Test Cases": "2024-03-10 18:34:29",
        "Test Cases Review": "2024-03-10 18:34:31",
        "Final Test Cases": "2024-03-10 18:34:33",
        "Code0": "2024-03-10 18:34:34",
        "TestScriptOriginal": "2024-03-10 18:34:35",
        "TestScript": "2024-03-10 18:34:35",
        "ScriptResult0": "2024-03-10 18:34:35",
        "TestReport0": "2024-03-10 18:34:37",
        "RepairResponse1": "2024-03-10 18:34:41",
        "Code1": "2024-03-10 18:34:41",
        "ScriptResult1": "2024-03-10 18:34:41",
        "TestReport1": "2024-03-10 18:34:43",
        "RepairResponse2": "2024-03-10 18:34:44",
        "Code2": "2024-03-10 18:34:44",
        "ScriptResult2": "2024-03-10 18:34:44",
        "TestReport2": "2024-03-10 18:34:45",
        "FinalCode": "2024-03-10 18:34:45"
    },
    "task-id": 287,
    "workflow": "waterfall/waterfall_version_0.0.5_remove.json",
    "Original_architect_design": "Design:\n\nThe square_Sum function should take in an integer n as input and calculate the sum of squares of the first n even natural numbers. The function should follow the given signature:\n\n```python\ndef square_Sum(n):\n```\n\nThe function should start by validating the input n to ensure it is a positive integer. Then, it should iterate through the first n even natural numbers, squaring each number and summing the results. Finally, the function should return the total sum.\n\nIt is important to handle edge cases such as when n is 0 or 1. Additionally, the function should be efficient in its calculation to handle large values of n.\n\nExample usage:\n```python\nassert square_Sum(2) == 20\n```",
    "Original_architect_design_prompt": "{\"Role\": \"You need to act as a professional architect.\", \"Instruction\": \"According to the Context, please write your design. Your design should be high-level and focused on guiding the developer in writing code, rather than providing implementation details.\", \"Example\": \"\", \"Context\": \"\", \"Question\": \"Follow the Instruction. Write your design for this requirement:\\ndef square_Sum(n):  \\n'''Write a python function takes in an integer n and returns the sum of squares of first n even natural numbers.\\nassert square_Sum(2) == 20'''\\n\"}",
    "Design Review": "{\n  \"Developer\": \"Suggestion: Validate the input n to ensure it is a positive integer before performing any calculations. Use a loop to iterate through the first n even natural numbers and calculate the sum of squares. Consider using a more efficient algorithm to handle large values of n, such as using mathematical formulas to calculate the sum directly.\",\n  \"Tester\": \"Suggestion: Test the function with different input values including 0, 1, and larger values of n to ensure it handles edge cases correctly and efficiently. Verify that the function returns the correct sum of squares for the first n even natural numbers.\"\n}",
    "Design Review_prompt": "{\"Role\": \"I want you to act as a different roles and then give some suggestions about how to revise the design.\", \"Instruction\": \"1. Read the Context section. 2. Act as an Developer, give your suggestions. 3. Act as a tester, give your suggestions. 4. Response in JSON format.\", \"Example\": \"{\\\"Developer\\\":\\\"Suggestion\\\",\\\"Tester\\\":\\\"Suggestion\\\"}\", \"Context\": \"Design:\\n\\nThe square_Sum function should take in an integer n as input and calculate the sum of squares of the first n even natural numbers. The function should follow the given signature:\\n\\n```python\\ndef square_Sum(n):\\n```\\n\\nThe function should start by validating the input n to ensure it is a positive integer. Then, it should iterate through the first n even natural numbers, squaring each number and summing the results. Finally, the function should return the total sum.\\n\\nIt is important to handle edge cases such as when n is 0 or 1. Additionally, the function should be efficient in its calculation to handle large values of n.\\n\\nExample usage:\\n```python\\nassert square_Sum(2) == 20\\n```\", \"Question\": \"Follow the Instruction. The Context section include the design.\"}",
    "Final Design": "Based on the suggestions, I have revised the design as follows:\n\nDesign:\n\nThe square_Sum function should take in an integer n as input and calculate the sum of squares of the first n even natural numbers. The function should follow the given signature:\n\n```python\ndef square_Sum(n):\n```\n\nThe function should start by validating the input n to ensure it is a positive integer. It should use a loop to iterate through the first n even natural numbers and calculate the sum of squares. Consider using a more efficient algorithm to handle large values of n, such as using mathematical formulas to calculate the sum directly.\n\nIt is important to handle edge cases such as when n is 0 or 1, and to ensure the function returns the correct sum of squares for the first n even natural numbers. Efficiency in the calculation is crucial to handle large values of n.\n\nExample usage:\n\n```python\nassert square_Sum(2) == 20\n```",
    "Final Design_prompt": "{\"Role\": \"I want you to act as a professional architect. Your duty is to write a new design based on the suggestions.\", \"Instruction\": \"1. Read the suggestions. 2. Write your new design base on the draft version. 3. Only response your new design.\", \"Example\": \"\", \"Context\": \"# Suggestions:\\n{\\n  \\\"Developer\\\": \\\"Suggestion: Validate the input n to ensure it is a positive integer before performing any calculations. Use a loop to iterate through the first n even natural numbers and calculate the sum of squares. Consider using a more efficient algorithm to handle large values of n, such as using mathematical formulas to calculate the sum directly.\\\",\\n  \\\"Tester\\\": \\\"Suggestion: Test the function with different input values including 0, 1, and larger values of n to ensure it handles edge cases correctly and efficiently. Verify that the function returns the correct sum of squares for the first n even natural numbers.\\\"\\n}\", \"Question\": \"Follow the Instruction. Your colleague give you some suggestions(in the Context section) about this draft version design:Design:\\n\\nThe square_Sum function should take in an integer n as input and calculate the sum of squares of the first n even natural numbers. The function should follow the given signature:\\n\\n```python\\ndef square_Sum(n):\\n```\\n\\nThe function should start by validating the input n to ensure it is a positive integer. Then, it should iterate through the first n even natural numbers, squaring each number and summing the results. Finally, the function should return the total sum.\\n\\nIt is important to handle edge cases such as when n is 0 or 1. Additionally, the function should be efficient in its calculation to handle large values of n.\\n\\nExample usage:\\n```python\\nassert square_Sum(2) == 20\\n```\"}",
    "Code0Draft": "def square_Sum(n):\n    if n <= 0:\n        return 0\n    sum = 0\n    for i in range(1, n+1):\n        sum += (2*i)**2\n    return sum",
    "Code0Draft_prompt": "{\"Role\": \"You are a professional engineer. Your duty is to write code in Python that meets the requirements. Ensure that the code you write is efficient, readable, and follows best practices. Remember, do not need to explain the code you wrote.\", \"Instruction\": \"According to the Context section, write your code.\", \"Example\": \"\", \"Context\": \"# Design:\\nBased on the suggestions, I have revised the design as follows:\\n\\nDesign:\\n\\nThe square_Sum function should take in an integer n as input and calculate the sum of squares of the first n even natural numbers. The function should follow the given signature:\\n\\n```python\\ndef square_Sum(n):\\n```\\n\\nThe function should start by validating the input n to ensure it is a positive integer. It should use a loop to iterate through the first n even natural numbers and calculate the sum of squares. Consider using a more efficient algorithm to handle large values of n, such as using mathematical formulas to calculate the sum directly.\\n\\nIt is important to handle edge cases such as when n is 0 or 1, and to ensure the function returns the correct sum of squares for the first n even natural numbers. Efficiency in the calculation is crucial to handle large values of n.\\n\\nExample usage:\\n\\n```python\\nassert square_Sum(2) == 20\\n```\", \"Question\": \"Follow the Instruction section. Complete the following code:\\ndef square_Sum(n):  \\n'''Write a python function takes in an integer n and returns the sum of squares of first n even natural numbers.\\nassert square_Sum(2) == 20'''\\n\"}",
    "Code Review": "{\n  \"Architect\": \"The function name 'square_Sum' is not following the Python naming convention. It should be 'square_sum'. Also, the variable name 'sum' is a built-in function in Python, so it's better to use a different variable name to avoid confusion.\",\n  \"Tester\": \"The code does not handle negative input properly. It should return an error message or raise an exception when the input is negative. This scenario needs to be tested and addressed.\"\n}",
    "Code Review_prompt": "{\"Role\": \"I want you to act as a different roles and then give some suggestions about how to revise the code.\", \"Instruction\": \"1. Read the Context section. 2. Act as an architect, give your suggestions. 3. Act as a tester, give your suggestions. 4. Response in JSON format.\", \"Example\": \"{\\\"Architect\\\":\\\"Suggestion\\\",\\\"Tester\\\":\\\"Suggestion\\\"}\", \"Context\": \"def square_Sum(n):\\n    if n <= 0:\\n        return 0\\n    sum = 0\\n    for i in range(1, n+1):\\n        sum += (2*i)**2\\n    return sum\", \"Question\": \"Follow the Instruction. The Context section include the code.\"}",
    "Code0Revise": "def square_sum(n):\n    if n <= 0:\n        raise ValueError(\"Input n must be a positive integer\")\n\n    result = 0\n    for i in range(1, n+1):\n        result += (2*i)**2\n\n    return result",
    "Code0Revise_prompt": "{\"Role\": \"You are a professional software engineer. Your duty is to write code in Python that meets the requirements. Ensure that the code you write is efficient, readable, and follows best practices. Remember, do not need to explain the code you wrote.\", \"Instruction\": \"1. Understand the suggestions(in the Context section) about the original code. 2. Rewrite your code.\", \"Example\": \"\", \"Context\": \"# Original Code:\\ndef square_Sum(n):\\n    if n <= 0:\\n        return 0\\n    sum = 0\\n    for i in range(1, n+1):\\n        sum += (2*i)**2\\n    return sum\\n# Advices:\\n\\\"{\\\\n  \\\\\\\"Architect\\\\\\\": \\\\\\\"The function name 'square_Sum' is not following the Python naming convention. It should be 'square_sum'. Also, the variable name 'sum' is a built-in function in Python, so it's better to use a different variable name to avoid confusion.\\\\\\\",\\\\n  \\\\\\\"Tester\\\\\\\": \\\\\\\"The code does not handle negative input properly. It should return an error message or raise an exception when the input is negative. This scenario needs to be tested and addressed.\\\\\\\"\\\\n}\\\"\", \"Question\": \"Follow the Instruction section. Complete the following code:\\n\"}",
    "Test Cases": "{\n  \"requirement analysis\": \"analysis\",\n  \"test_cases\": [\n    {\n      \"Test Title\": \"Valid Input\",\n      \"Input Data\": \"parameter1 = 2\",\n      \"Expected Output\": \"20\"\n    },\n    {\n      \"Test Title\": \"Edge Case - n = 0\",\n      \"Input Data\": \"parameter1 = 0\",\n      \"Expected Output\": \"0\"\n    },\n    {\n      \"Test Title\": \"Edge Case - n = 1\",\n      \"Input Data\": \"parameter1 = 1\",\n      \"Expected Output\": \"0\"\n    },\n    {\n      \"Test Title\": \"Large Value of n\",\n      \"Input Data\": \"parameter1 = 100\",\n      \"Expected Output\": \"338350\"\n    }\n  ]\n}",
    "Test Cases_prompt": "{\"Role\": \"You are a quality assurance engineer. Your duty is to design test cases for the developers.\", \"Instruction\": \"According to the Context section, write test cases. Don't write long strings in your test cases. Response in JSON format.\", \"Example\": \"{\\\"requirement analysis\\\":\\\"analysis\\\",\\\"test_cases\\\":[{\\\"Test Title\\\":\\\"title\\\", \\\"Input Data\\\":\\\"parameter1=[1,2,3],parameter2='123'\\\", \\\"Expected Output\\\":\\\"456\\\"},]}\", \"Context\": \"# Design:\\nBased on the suggestions, I have revised the design as follows:\\n\\nDesign:\\n\\nThe square_Sum function should take in an integer n as input and calculate the sum of squares of the first n even natural numbers. The function should follow the given signature:\\n\\n```python\\ndef square_Sum(n):\\n```\\n\\nThe function should start by validating the input n to ensure it is a positive integer. It should use a loop to iterate through the first n even natural numbers and calculate the sum of squares. Consider using a more efficient algorithm to handle large values of n, such as using mathematical formulas to calculate the sum directly.\\n\\nIt is important to handle edge cases such as when n is 0 or 1, and to ensure the function returns the correct sum of squares for the first n even natural numbers. Efficiency in the calculation is crucial to handle large values of n.\\n\\nExample usage:\\n\\n```python\\nassert square_Sum(2) == 20\\n```\", \"Question\": \"def square_Sum(n):  \\n'''Write a python function takes in an integer n and returns the sum of squares of first n even natural numbers.\\nassert square_Sum(2) == 20'''\\n\"}",
    "Test Cases Review": "{\n  \"Architect\": \"As an Architect, I suggest revising the test cases to include more boundary and negative test cases. For example, testing with negative input values or with extremely large input values to ensure the functionality is robust and can handle various scenarios.\",\n  \"Developer\": \"As a Developer, I suggest revising the test cases to include more detailed and descriptive test titles. It will help in better understanding the purpose of each test case and make it easier to identify any issues during testing.\"\n}",
    "Test Cases Review_prompt": "{\"Role\": \"I want you to act as a different roles and then give some suggestions about how to revise the test cases.\", \"Instruction\": \"1. Read the Context section. 2. Act as an Architect, give your suggestions. 3. Act as a Developer, give your suggestions. 4. Response in JSON format.\", \"Example\": \"{\\\"Architect\\\":\\\"Suggestion\\\",\\\"Developer\\\":\\\"Suggestion\\\"}\", \"Context\": \"{\\n  \\\"requirement analysis\\\": \\\"analysis\\\",\\n  \\\"test_cases\\\": [\\n    {\\n      \\\"Test Title\\\": \\\"Valid Input\\\",\\n      \\\"Input Data\\\": \\\"parameter1 = 2\\\",\\n      \\\"Expected Output\\\": \\\"20\\\"\\n    },\\n    {\\n      \\\"Test Title\\\": \\\"Edge Case - n = 0\\\",\\n      \\\"Input Data\\\": \\\"parameter1 = 0\\\",\\n      \\\"Expected Output\\\": \\\"0\\\"\\n    },\\n    {\\n      \\\"Test Title\\\": \\\"Edge Case - n = 1\\\",\\n      \\\"Input Data\\\": \\\"parameter1 = 1\\\",\\n      \\\"Expected Output\\\": \\\"0\\\"\\n    },\\n    {\\n      \\\"Test Title\\\": \\\"Large Value of n\\\",\\n      \\\"Input Data\\\": \\\"parameter1 = 100\\\",\\n      \\\"Expected Output\\\": \\\"338350\\\"\\n    }\\n  ]\\n}\", \"Question\": \"Follow the Instruction. The Context section include the test cases.\"}",
    "Final Test Cases": "{\n  \"requirement analysis\": \"analysis\",\n  \"test_cases\": [\n    {\n      \"Test Title\": \"Valid Input\",\n      \"Input Data\": \"n = 2\",\n      \"Expected Output\": \"20\"\n    },\n    {\n      \"Test Title\": \"Edge Case - n = 0\",\n      \"Input Data\": \"n = 0\",\n      \"Expected Output\": \"0\"\n    },\n    {\n      \"Test Title\": \"Edge Case - n = 1\",\n      \"Input Data\": \"n = 1\",\n      \"Expected Output\": \"0\"\n    },\n    {\n      \"Test Title\": \"Large Value of n\",\n      \"Input Data\": \"n = 100\",\n      \"Expected Output\": \"338350\"\n    },\n    {\n      \"Test Title\": \"Negative Input\",\n      \"Input Data\": \"n = -2\",\n      \"Expected Output\": \"0\"\n    },\n    {\n      \"Test Title\": \"Large Negative Value of n\",\n      \"Input Data\": \"n = -100\",\n      \"Expected Output\": \"0\"\n    }\n  ]\n}",
    "Final Test Cases_prompt": "{\"Role\": \"You are a quality assurance engineer. Your duty is to revise the test cases based on the suggestions.\", \"Instruction\": \"1. Your colleague give you some suggestions(in the Context section) about the draft test cases, read these suggestions. 2. Revise your draft version test cases, but don't use long parameters. 3. Response in JSON format.\", \"Example\": \"{\\\"requirement analysis\\\":\\\"analysis\\\",\\\"test_cases\\\":[{\\\"Test Title\\\":\\\"title\\\", \\\"Input Data\\\":\\\"parameter1=[1,2,3],parameter2='123'\\\", \\\"Expected Output\\\":\\\"456\\\"},]}\", \"Context\": \"# Suggestions:\\n{\\n  \\\"Architect\\\": \\\"As an Architect, I suggest revising the test cases to include more boundary and negative test cases. For example, testing with negative input values or with extremely large input values to ensure the functionality is robust and can handle various scenarios.\\\",\\n  \\\"Developer\\\": \\\"As a Developer, I suggest revising the test cases to include more detailed and descriptive test titles. It will help in better understanding the purpose of each test case and make it easier to identify any issues during testing.\\\"\\n}\\n # Draft Test cases:\\n{\\n  \\\"requirement analysis\\\": \\\"analysis\\\",\\n  \\\"test_cases\\\": [\\n    {\\n      \\\"Test Title\\\": \\\"Valid Input\\\",\\n      \\\"Input Data\\\": \\\"parameter1 = 2\\\",\\n      \\\"Expected Output\\\": \\\"20\\\"\\n    },\\n    {\\n      \\\"Test Title\\\": \\\"Edge Case - n = 0\\\",\\n      \\\"Input Data\\\": \\\"parameter1 = 0\\\",\\n      \\\"Expected Output\\\": \\\"0\\\"\\n    },\\n    {\\n      \\\"Test Title\\\": \\\"Edge Case - n = 1\\\",\\n      \\\"Input Data\\\": \\\"parameter1 = 1\\\",\\n      \\\"Expected Output\\\": \\\"0\\\"\\n    },\\n    {\\n      \\\"Test Title\\\": \\\"Large Value of n\\\",\\n      \\\"Input Data\\\": \\\"parameter1 = 100\\\",\\n      \\\"Expected Output\\\": \\\"338350\\\"\\n    }\\n  ]\\n}\", \"Question\": \"Follow the Instruction. Please make sure your response length are less than 512. Your test cases is for the below question:\\ndef square_Sum(n):  \\n'''Write a python function takes in an integer n and returns the sum of squares of first n even natural numbers.\\nassert square_Sum(2) == 20'''\\n\"}",
    "Code0": "def square_sum(n):\n    if n <= 0:\n        raise ValueError(\"Input n must be a positive integer\")\n\n    result = 0\n    for i in range(1, n+1):\n        result += (2*i)**2\n\n    return result",
    "Code0_prompt": "{\"Role\": \"You are a professional software engineer. Your duty is to write code in Python that meets the requirements. Ensure that the code you write is efficient, readable, and follows best practices. Remember, do not need to explain the code you wrote.\", \"Instruction\": \"1. Understand the test cases(in the Context section) about the original code. 2. Rewrite your code, make sure your code pass all test cases.\", \"Example\": \"\", \"Context\": \"# Original Code:\\ndef square_sum(n):\\n    if n <= 0:\\n        raise ValueError(\\\"Input n must be a positive integer\\\")\\n\\n    result = 0\\n    for i in range(1, n+1):\\n        result += (2*i)**2\\n\\n    return result\\n# Test Cases:\\n{\\n  \\\"requirement analysis\\\": \\\"analysis\\\",\\n  \\\"test_cases\\\": [\\n    {\\n      \\\"Test Title\\\": \\\"Valid Input\\\",\\n      \\\"Input Data\\\": \\\"n = 2\\\",\\n      \\\"Expected Output\\\": \\\"20\\\"\\n    },\\n    {\\n      \\\"Test Title\\\": \\\"Edge Case - n = 0\\\",\\n      \\\"Input Data\\\": \\\"n = 0\\\",\\n      \\\"Expected Output\\\": \\\"0\\\"\\n    },\\n    {\\n      \\\"Test Title\\\": \\\"Edge Case - n = 1\\\",\\n      \\\"Input Data\\\": \\\"n = 1\\\",\\n      \\\"Expected Output\\\": \\\"0\\\"\\n    },\\n    {\\n      \\\"Test Title\\\": \\\"Large Value of n\\\",\\n      \\\"Input Data\\\": \\\"n = 100\\\",\\n      \\\"Expected Output\\\": \\\"338350\\\"\\n    },\\n    {\\n      \\\"Test Title\\\": \\\"Negative Input\\\",\\n      \\\"Input Data\\\": \\\"n = -2\\\",\\n      \\\"Expected Output\\\": \\\"0\\\"\\n    },\\n    {\\n      \\\"Test Title\\\": \\\"Large Negative Value of n\\\",\\n      \\\"Input Data\\\": \\\"n = -100\\\",\\n      \\\"Expected Output\\\": \\\"0\\\"\\n    }\\n  ]\\n}\", \"Question\": \"def square_Sum(n):  \\n'''Write a python function takes in an integer n and returns the sum of squares of first n even natural numbers.\\nassert square_Sum(2) == 20'''\\n\"}",
    "TestScriptOriginal": "import unittest\n\ndef square_Sum(n):\n    sum = 0\n    for i in range(1, 2*n+1):\n        if i % 2 == 0:\n            sum += i*i\n    return sum\n\nclass Test(unittest.TestCase):\n    def test(self):\n        self.assertEqual(square_Sum(2), 20)\n\nif __name__ == '__main__':\n    unittest.main()",
    "TestScriptOriginal_prompt": "{\"Role\": \"You are a quality assurance engineer. Your duty is to write a python test script in unittest framework.\", \"Instruction\": \"1. Write a python test script. 2. Use the input and output given by the question.\", \"Example\": \"import unittest\\n\\nclass Test(unittest.TestCase):\\n    def test(self):\\n        self.assertEqual(function_under_test('a'), 1)\\n\\nif __name__ == '__main__':\\n    unittest.main()\", \"Context\": \"\", \"Question\": \"def square_Sum(n):  \\n'''Write a python function takes in an integer n and returns the sum of squares of first n even natural numbers.\\nassert square_Sum(2) == 20'''\\n\"}",
    "TestScript": "import unittest\n\nclass Test(unittest.TestCase):\n    def test(self):\n        self.assertEqual(square_Sum(2), 20)\n\nif __name__ == '__main__':\n    unittest.main()",
    "TestScript_prompt": "{\"Role\": \"You are a quality assurance engineer. Your duty is to write a python test script in unittest framework.\", \"Instruction\": \"1. Write a python test script. 2. Use the input and output given by the question.\", \"Example\": \"import unittest\\n\\nclass Test(unittest.TestCase):\\n    def test(self):\\n        self.assertEqual(function_under_test('a'), 1)\\n\\nif __name__ == '__main__':\\n    unittest.main()\", \"Context\": \"\", \"Question\": \"def square_Sum(n):  \\n'''Write a python function takes in an integer n and returns the sum of squares of first n even natural numbers.\\nassert square_Sum(2) == 20'''\\n\"}",
    "ScriptResult0": "E\n======================================================================\nERROR: test (__main__.Test)\n----------------------------------------------------------------------\nTraceback (most recent call last):\n  File \"/Users/watch/PycharmProjects/XXXX-1-LLM/workspace/2024-03-10_18-34-20-675100/test_script.py\", line 14, in test\n    self.assertEqual(square_Sum(2), 20)\nNameError: name 'square_Sum' is not defined\n\n----------------------------------------------------------------------\nRan 1 test in 0.000s\n\nFAILED (errors=1)\n",
    "TestReport0": "Test Report:\n\nTest Script Output:\nE\n======================================================================\nERROR: test (__main__.Test)\n----------------------------------------------------------------------\nTraceback (most recent call last):\n  File \"/Users/watch/PycharmProjects/XXXX-1-LLM/workspace/2024-03-10_18-34-20-675100/test_script.py\", line 14, in test\n    self.assertEqual(square_Sum(2), 20)\nNameError: name 'square_Sum' is not defined\n\n----------------------------------------------------------------------\nRan 1 test in 0.000s\n\nFAILED (errors=1)\n\nConclusion:\nThe test script has failed as it encountered an error. The function square_Sum is not defined, leading to a NameError.\n\nInput and Expected Output Example:\nInput: square_Sum(2)\nExpected Output: 20\n\nBased on the test script's output, the code has FAILED.\n\nEnd of Test Report.",
    "RepairResponse1": "{\n  \"revised_code\": \"def square_sum(n):\\n    if n <= 0:\\n        raise ValueError(\\\"Input n must be a positive integer\\\")\\n\\n    result = 0\\n    for i in range(1, n+1):\\n        result += (2*i)**2\\n\\n    return result\\n\"\n}",
    "RepairResponse1_prompt": "{\"Role\": \"You are a professional software engineer. Your duty is to write code in Python that meets the requirements. Ensure that the code you write is efficient, readable, and follows best practices. Remember, do not need to explain the code you wrote.\", \"Instruction\": \"1. Rewrite a bug fix version of the original code. 2. Response in JSON format.\", \"Example\": \"{\\\"revised_code\\\":\\\"...\\\"}\", \"Context\": \"# the original code:\\ndef square_sum(n):\\n    if n <= 0:\\n        raise ValueError(\\\"Input n must be a positive integer\\\")\\n\\n    result = 0\\n    for i in range(1, n+1):\\n        result += (2*i)**2\\n\\n    return result\\n# test report:\\nTest Report:\\n\\nTest Script Output:\\nE\\n======================================================================\\nERROR: test (__main__.Test)\\n----------------------------------------------------------------------\\nTraceback (most recent call last):\\n  File \\\"/Users/watch/PycharmProjects/XXXX-1-LLM/workspace/2024-03-10_18-34-20-675100/test_script.py\\\", line 14, in test\\n    self.assertEqual(square_Sum(2), 20)\\nNameError: name 'square_Sum' is not defined\\n\\n----------------------------------------------------------------------\\nRan 1 test in 0.000s\\n\\nFAILED (errors=1)\\n\\nConclusion:\\nThe test script has failed as it encountered an error. The function square_Sum is not defined, leading to a NameError.\\n\\nInput and Expected Output Example:\\nInput: square_Sum(2)\\nExpected Output: 20\\n\\nBased on the test script's output, the code has FAILED.\\n\\nEnd of Test Report.\", \"Question\": \"The original code has some bugs, according to the test report and suggestions, rewrite the code. Complete the following code:\\ndef square_Sum(n):  \\n'''Write a python function takes in an integer n and returns the sum of squares of first n even natural numbers.\\nassert square_Sum(2) == 20'''\\n\"}",
    "Code1": "def square_sum(n):\n    if n <= 0:\n        raise ValueError(\"Input n must be a positive integer\")\n\n    result = 0\n    for i in range(1, n+1):\n        result += (2*i)**2\n\n    return result\n",
    "ScriptResult1": "E\n======================================================================\nERROR: test (__main__.Test)\n----------------------------------------------------------------------\nTraceback (most recent call last):\n  File \"/Users/watch/PycharmProjects/XXXX-1-LLM/workspace/2024-03-10_18-34-20-675100/test_script.py\", line 15, in test\n    self.assertEqual(square_Sum(2), 20)\nNameError: name 'square_Sum' is not defined\n\n----------------------------------------------------------------------\nRan 1 test in 0.000s\n\nFAILED (errors=1)\n",
    "TestReport1": "Test Report:\n\nTest Script Output:\nE\n======================================================================\nERROR: test (__main__.Test)\n----------------------------------------------------------------------\nTraceback (most recent call last):\n  File \"/Users/watch/PycharmProjects/XXXX-1-LLM/workspace/2024-03-10_18-34-20-675100/test_script.py\", line 15, in test\n    self.assertEqual(square_Sum(2), 20)\nNameError: name 'square_Sum' is not defined\n\n----------------------------------------------------------------------\nRan 1 test in 0.000s\n\nFAILED (errors=1)\n\nTest Report:\nThe test script has failed due to a NameError. The 'square_Sum' function is not defined, which resulted in the test failure.\n\nConclusion:\nCode Test Failed\nInput and Expected Output Example:\nExample input: 2\nExpected output: 20\n\nPlease rectify the NameError and rerun the test script.\n\nSigned,\n[Your Name]\nQuality Assurance Engineer",
    "RepairResponse2": "{\n\t\"revised_code\": \"def square_Sum(n):\\n    if n <= 0:\\n        raise ValueError(\\\"Input n must be a positive integer\\\")\\n\\n    result = 0\\n    for i in range(1, n+1):\\n        result += (2*i)**2\\n\\n    return result\"\n}",
    "RepairResponse2_prompt": "{\"Role\": \"You are a professional software engineer. Your duty is to write code in Python that meets the requirements. Ensure that the code you write is efficient, readable, and follows best practices. Remember, do not need to explain the code you wrote.\", \"Instruction\": \"1. Rewrite a bug fix version of the original code. 2. Response in JSON format.\", \"Example\": \"{\\\"revised_code\\\":\\\"...\\\"}\", \"Context\": \"# the original code:\\ndef square_sum(n):\\n    if n <= 0:\\n        raise ValueError(\\\"Input n must be a positive integer\\\")\\n\\n    result = 0\\n    for i in range(1, n+1):\\n        result += (2*i)**2\\n\\n    return result\\n\\n# test report:\\nTest Report:\\n\\nTest Script Output:\\nE\\n======================================================================\\nERROR: test (__main__.Test)\\n----------------------------------------------------------------------\\nTraceback (most recent call last):\\n  File \\\"/Users/watch/PycharmProjects/XXXX-1-LLM/workspace/2024-03-10_18-34-20-675100/test_script.py\\\", line 15, in test\\n    self.assertEqual(square_Sum(2), 20)\\nNameError: name 'square_Sum' is not defined\\n\\n----------------------------------------------------------------------\\nRan 1 test in 0.000s\\n\\nFAILED (errors=1)\\n\\nTest Report:\\nThe test script has failed due to a NameError. The 'square_Sum' function is not defined, which resulted in the test failure.\\n\\nConclusion:\\nCode Test Failed\\nInput and Expected Output Example:\\nExample input: 2\\nExpected output: 20\\n\\nPlease rectify the NameError and rerun the test script.\\n\\nSigned,\\n[Your Name]\\nQuality Assurance Engineer\", \"Question\": \"The original code has some bugs, according to the test report and suggestions, rewrite the code. Complete the following code:\\ndef square_Sum(n):  \\n'''Write a python function takes in an integer n and returns the sum of squares of first n even natural numbers.\\nassert square_Sum(2) == 20'''\\n\"}",
    "Code2": "def square_Sum(n):\n    if n <= 0:\n        raise ValueError(\"Input n must be a positive integer\")\n\n    result = 0\n    for i in range(1, n+1):\n        result += (2*i)**2\n\n    return result",
    "ScriptResult2": ".\n----------------------------------------------------------------------\nRan 1 test in 0.000s\n\nOK\n",
    "TestReport2": "Test Report\n\nTest Script Output:\n----------------------------------------------------------------------\nRan 1 test in 0.000s\n\nOK\n\nConclusion:\nCode Test Passed\n\nReported by: [Your Name]\nDate: [Current Date]",
    "FinalCode": "def square_Sum(n):\n    if n <= 0:\n        raise ValueError(\"Input n must be a positive integer\")\n\n    result = 0\n    for i in range(1, n+1):\n        result += (2*i)**2\n\n    return result"
}