{
    "start_time": "2024-03-11_14-14-00-687695",
    "task": "def occurance_substring(text,pattern):\n'''Write a function to find the occurrence and position of the substrings within a string. Return None if there is no match.\nassert occurance_substring('python programming, python language','python')==('python', 0, 6)'''\n",
    "datetime": {
        "task": "2024-03-11 14:14:00",
        "task-id": "2024-03-11 14:14:00",
        "workflow": "2024-03-11 14:14:00",
        "Discussion": "2024-03-11 14:14:02",
        "DisorderedSprintMeetings": "2024-03-11 14:14:04",
        "UserStoryDraft0": "2024-03-11 14:14:05",
        "AnalyzeMeetings": "2024-03-11 14:14:07",
        "UserStory0": "2024-03-11 14:14:09",
        "DesignDraft0": "2024-03-11 14:14:11",
        "DesignMeetings0": "2024-03-11 14:14:14",
        "Design0": "2024-03-11 14:14:18",
        "CodeDraft0": "2024-03-11 14:14:19",
        "Code0CR": "2024-03-11 14:14:19",
        "FinalCode": "2024-03-11 14:14:58",
        "Test Cases Draft": "2024-03-11 14:14:22",
        "Test Cases Meetings": "2024-03-11 14:14:24",
        "Test Cases": "2024-03-11 14:14:28",
        "Code0": "2024-03-11 14:14:28",
        "TestScriptOriginal": "2024-03-11 14:14:30",
        "TestScript": "2024-03-11 14:14:30",
        "ScriptResult0": "2024-03-11 14:14:30",
        "TestReport0": "2024-03-11 14:14:35",
        "SprintReview0": "2024-03-11 14:14:36",
        "SprintReviewMeetings0": "2024-03-11 14:14:38",
        "RepairResponse0": "2024-03-11 14:14:39",
        "Code1": "2024-03-11 14:14:39",
        "ScriptResult1": "2024-03-11 14:14:39",
        "TestReport1": "2024-03-11 14:14:45",
        "SprintReview1": "2024-03-11 14:14:46",
        "SprintReviewMeetings1": "2024-03-11 14:14:48",
        "RepairResponse1": "2024-03-11 14:14:49",
        "Code2": "2024-03-11 14:14:49",
        "ScriptResult2": "2024-03-11 14:14:49",
        "TestReport2": "2024-03-11 14:14:52",
        "SprintReview2": "2024-03-11 14:14:54",
        "SprintReviewMeetings2": "2024-03-11 14:14:57",
        "RepairResponse2": "2024-03-11 14:14:58",
        "Code3": "2024-03-11 14:14:58",
        "ScriptResult3": "2024-03-11 14:14:58",
        "TestReport3": "2024-03-11 14:15:02"
    },
    "task-id": 773,
    "workflow": "agile/agile_version_0.0.5_remove.json",
    "Discussion": "[ScrumMaster]says: We have a job: def occurance_substring(text,pattern):\n'''Write a function to find the occurrence and position of the substrings within a string. Return None if there is no match.\nassert occurance_substring('python programming, python language','python')==('python', 0, 6)'''\n, do you have any ideas?\n-----\n\n[ProductOwner]says: As a Product Owner, I think we should prioritize creating a user-friendly interface for this function and consider potential use cases.\n-----\n\n[Architect]says: As an architect, in order to develop a product, it is important that we define the requirements and design the solution architecture to meet those requirements.\n-----\n\n[Tester]says: As a Tester, I would like to suggest writing test cases for various scenarios such as multiple occurrences of the substring in the text, no match found, and edge cases.\n-----\n\n[Developer]says: As a Developer, I suggest using the find() method to locate the occurrence and position of the substring within the given text.\n-----\n\n[ProductOwner]says: As a Product Owner, I think we should prioritize creating a user-friendly interface for this function and consider potential use cases.\n-----\n\n[Architect]says: As an architect, I think the first step is to gather and analyze the functional and non-functional requirements for the occurance_substring function.\n-----\n\n[Developer]says: As a Developer, I suggest implementing the occurance_substring function using the find() method to locate the occurrence and position of the substring within the given text.\n-----\n\n[Tester]says: As a Tester, I would like to suggest writing test cases for various scenarios such as multiple occurrences of the substring in the text, no match found, and edge cases.\n-----\n",
    "DisorderedSprintMeetings": "{\n  \"product-owner\": [\"Prioritize creating a user-friendly interface for the function\", \"Consider potential use cases\"],\n  \"architect\": [\"Define requirements and design solution architecture\", \"Gather and analyze functional and non-functional requirements\"],\n  \"developer\": [\"Implement the occurance_substring function using the find() method\", \"Locate the occurrence and position of the substring within the given text\"],\n  \"tester\": [\"Write test cases for various scenarios\", \"Test multiple occurrences of the substring, no match found, and edge cases\"]\n}",
    "DisorderedSprintMeetings_prompt": "{\"Role\": \"You are a professional scrum master. Your goal is to breakdown the Discussion History into a task list for the scrum team.\", \"Instruction\": \"1. Read and Understand the Discussion History. 2. Define the tasks for four roles: product-owner/architect/developer/tester. 3. Response in JSON format.\", \"Example\": \"{\\\"product-owner\\\":[\\\"task1\\\",\\\"task2\\\"],\\\"architect\\\":[\\\"task1\\\",\\\"task2\\\"], \\\"developer\\\":[\\\"task1\\\",\\\"task2\\\"], \\\"tester\\\":[\\\"task1\\\",\\\"task2\\\"]}\", \"Context\": \"[ScrumMaster]says: We have a job: def occurance_substring(text,pattern):\\n'''Write a function to find the occurrence and position of the substrings within a string. Return None if there is no match.\\nassert occurance_substring('python programming, python language','python')==('python', 0, 6)'''\\n, do you have any ideas?\\n-----\\n\\n[ProductOwner]says: As a Product Owner, I think we should prioritize creating a user-friendly interface for this function and consider potential use cases.\\n-----\\n\\n[Architect]says: As an architect, in order to develop a product, it is important that we define the requirements and design the solution architecture to meet those requirements.\\n-----\\n\\n[Tester]says: As a Tester, I would like to suggest writing test cases for various scenarios such as multiple occurrences of the substring in the text, no match found, and edge cases.\\n-----\\n\\n[Developer]says: As a Developer, I suggest using the find() method to locate the occurrence and position of the substring within the given text.\\n-----\\n\\n[ProductOwner]says: As a Product Owner, I think we should prioritize creating a user-friendly interface for this function and consider potential use cases.\\n-----\\n\\n[Architect]says: As an architect, I think the first step is to gather and analyze the functional and non-functional requirements for the occurance_substring function.\\n-----\\n\\n[Developer]says: As a Developer, I suggest implementing the occurance_substring function using the find() method to locate the occurrence and position of the substring within the given text.\\n-----\\n\\n[Tester]says: As a Tester, I would like to suggest writing test cases for various scenarios such as multiple occurrences of the substring in the text, no match found, and edge cases.\\n-----\\n\", \"Question\": \"Follow the Instruction section. The Discussion History is in the Context section. You only need to return a task list as the Example section.\"}",
    "UserStoryDraft0": "{\n  \"UserStory\": \"As a product owner, I want to prioritize creating a user-friendly interface for the function that finds the occurrence and position of substrings within a string, so that users can easily input the text and pattern, and receive the result. Additionally, I want to consider potential use cases to ensure the function meets the needs of different scenarios.\"\n}",
    "UserStoryDraft0_prompt": "{\"Role\": \"You need to act as a professional product owner. Your task is to write a UserStory\", \"Instruction\": \"According to the Context, please analyze the requirement and write your response. Response in JSON format. Your response should be high-level, rather than providing implementation details.\", \"Example\": \"\", \"Context\": [\"Prioritize creating a user-friendly interface for the function\", \"Consider potential use cases\"], \"Question\": \"Follow the Instruction. The requirement is as follows:\\ndef occurance_substring(text,pattern):\\n'''Write a function to find the occurrence and position of the substrings within a string. Return None if there is no match.\\nassert occurance_substring('python programming, python language','python')==('python', 0, 6)'''\\n\"}",
    "AnalyzeMeetings": "{\n  \"Architect\": \"As an architect, I suggest incorporating a modular and scalable design for the function that finds the occurrence and position of substrings within a string. This will allow for easier maintenance and future enhancements. Additionally, considering potential use cases should involve creating flexible input parameters to accommodate various scenarios.\",\n  \"Tester\": \"As a tester, I suggest conducting thorough boundary and edge case testing to ensure the function accurately handles different input scenarios, including empty strings, long strings, and special characters. Additionally, testing the user interface for usability and error handling would be crucial to ensure a user-friendly experience.\"\n}",
    "UserStory0": "{\n  \"RevisedDocument\": {\n    \"UserStory\": \"As a product owner, I want to prioritize creating a user-friendly interface for the function that finds the occurrence and position of substrings within a string, so that users can easily input the text and pattern, and receive the result. Additionally, I want to consider potential use cases to ensure the function meets the needs of different scenarios. It should incorporate a modular and scalable design for easier maintenance and future enhancements. Thorough boundary and edge case testing should be conducted to ensure accurate handling of different input scenarios, including empty strings, long strings, and special characters. Usability and error handling testing for the user interface is crucial to ensure a user-friendly experience.\"\n  }\n}",
    "UserStory0_prompt": {
        "Role": "You need to act as a professional product owner. Your duty is to revise the document based on the suggestions.",
        "Instruction": "1. Read the suggestions. 2. Revise your draft version document. 3. Response in JSON format. 4. REMEMBER: Your analysis should be high-level, rather than providing implementation details.",
        "Example": "",
        "Context": "# Suggestion:\n{\n  \"Architect\": \"As an architect, I suggest incorporating a modular and scalable design for the function that finds the occurrence and position of substrings within a string. This will allow for easier maintenance and future enhancements. Additionally, considering potential use cases should involve creating flexible input parameters to accommodate various scenarios.\",\n  \"Tester\": \"As a tester, I suggest conducting thorough boundary and edge case testing to ensure the function accurately handles different input scenarios, including empty strings, long strings, and special characters. Additionally, testing the user interface for usability and error handling would be crucial to ensure a user-friendly experience.\"\n}",
        "Question": "Follow the Instruction. Your colleague give you some suggestions(in the Context section) about this draft document:{\n  \"UserStory\": \"As a product owner, I want to prioritize creating a user-friendly interface for the function that finds the occurrence and position of substrings within a string, so that users can easily input the text and pattern, and receive the result. Additionally, I want to consider potential use cases to ensure the function meets the needs of different scenarios.\"\n}"
    },
    "DesignDraft0": "Design:\n- The function occurance_substring(text, pattern) should take in two parameters: the text in which the substrings need to be found, and the pattern to be searched for within the text.\n- The function should return a tuple containing the substring, its occurrence position in the text, and the end position of the substring.\n- If no match is found, the function should return None.\n- The function should handle boundary and edge case scenarios, such as empty strings, long strings, and special characters, to ensure accurate handling of different input scenarios.\n- The design should incorporate a modular and scalable approach for easier maintenance and future enhancements.\n- Thorough usability and error handling testing for the user interface is crucial to ensure a user-friendly experience.",
    "DesignMeetings0": "{\n  \"Developer\": \"1. Ensure the function parameters are properly validated to handle different input scenarios, such as empty strings and special characters. 2. Consider using regular expressions for efficient pattern matching. 3. Implement error handling for potential exceptions like index out of range or invalid input. 4. Consider creating reusable helper functions for common tasks like string manipulation or position calculation.\",\n  \"Tester\": \"1. Test the function with various input scenarios including empty strings, long strings, and special characters to ensure accurate handling. 2. Perform boundary and edge case testing to check the function's behavior in different scenarios. 3. Verify the error handling mechanism to ensure it provides appropriate messages or responses. 4. Test the modularity and scalability of the design to ensure it can be easily maintained and enhanced in the future.\"\n}",
    "Design0": "Based on the suggestions provided by my colleagues, I have updated the design as follows:\n\nDesign:\n- The function occurance_substring(text, pattern) should take in two parameters: the text in which the substrings need to be found, and the pattern to be searched for within the text.\n- The function should return a tuple containing the substring, its occurrence position in the text, and the end position of the substring.\n- If no match is found, the function should return None.\n- The function parameters will be properly validated to handle different input scenarios, such as empty strings and special characters, using regular expressions for efficient pattern matching.\n- Error handling will be implemented for potential exceptions like index out of range or invalid input.\n- Reusable helper functions for common tasks like string manipulation or position calculation will be created to enhance modularity and scalability.\n- Thorough testing will be conducted with various input scenarios including empty strings, long strings, and special characters to ensure accurate handling. Boundary and edge case testing will also be performed to check the function's behavior in different scenarios.\n- The error handling mechanism will be verified to ensure it provides appropriate messages or responses, and the modularity and scalability of the design will be tested to ensure it can be easily maintained and enhanced in the future.\n\nI believe these updates address the suggestions provided and enhance the overall design of the function.",
    "CodeDraft0": "def occurance_substring(text, pattern):\n    start = text.find(pattern)\n    if start == -1:\n        return None\n    end = start + len(pattern)\n    return (pattern, start, end)",
    "CodeDraft0_prompt": {
        "Role": "You are a professional engineer. Your duty is to write code in Python that meets the requirements. Ensure that the code you write is efficient, readable, and follows best practices. Remember, do not need to explain the code you wrote.",
        "Instruction": "According to the Context section, write your code.",
        "Example": "",
        "Context": "# Tasks:\n['Implement the occurance_substring function using the find() method', 'Locate the occurrence and position of the substring within the given text']\n# Design:\nBased on the suggestions provided by my colleagues, I have updated the design as follows:\n\nDesign:\n- The function occurance_substring(text, pattern) should take in two parameters: the text in which the substrings need to be found, and the pattern to be searched for within the text.\n- The function should return a tuple containing the substring, its occurrence position in the text, and the end position of the substring.\n- If no match is found, the function should return None.\n- The function parameters will be properly validated to handle different input scenarios, such as empty strings and special characters, using regular expressions for efficient pattern matching.\n- Error handling will be implemented for potential exceptions like index out of range or invalid input.\n- Reusable helper functions for common tasks like string manipulation or position calculation will be created to enhance modularity and scalability.\n- Thorough testing will be conducted with various input scenarios including empty strings, long strings, and special characters to ensure accurate handling. Boundary and edge case testing will also be performed to check the function's behavior in different scenarios.\n- The error handling mechanism will be verified to ensure it provides appropriate messages or responses, and the modularity and scalability of the design will be tested to ensure it can be easily maintained and enhanced in the future.\n\nI believe these updates address the suggestions provided and enhance the overall design of the function.",
        "Question": "Follow the Instruction section. Complete the following code:\ndef occurance_substring(text,pattern):\n'''Write a function to find the occurrence and position of the substrings within a string. Return None if there is no match.\nassert occurance_substring('python programming, python language','python')==('python', 0, 6)'''\n"
    },
    "Code0CR": "def occurance_substring(text, pattern):\n    start = text.find(pattern)\n    if start == -1:\n        return None\n    end = start + len(pattern)\n    return (pattern, start, end)",
    "FinalCode": "def occurrence_substring(text, pattern):\n    index = text.find(pattern)\n    if index != -1:\n        return (pattern, index, index + len(pattern))\n    else:\n        return None",
    "Test Cases Draft": "{\n  \"test_cases\": [\n    {\n      \"Test Title\": \"Test for multiple occurrences of the substring\",\n      \"Input Data\": \"text='python programming, python language', pattern='python'\",\n      \"Expected Output\": \"('python', 0, 6)\"\n    },\n    {\n      \"Test Title\": \"Test for no match found\",\n      \"Input Data\": \"text='python programming, python language', pattern='java'\",\n      \"Expected Output\": \"None\"\n    },\n    {\n      \"Test Title\": \"Test for empty string input\",\n      \"Input Data\": \"text='', pattern='python'\",\n      \"Expected Output\": \"None\"\n    },\n    {\n      \"Test Title\": \"Test for long string input\",\n      \"Input Data\": \"text='abcdefghijklmnopqrstuvwxyz', pattern='xyz'\",\n      \"Expected Output\": \"('xyz', 23, 25)\"\n    },\n    {\n      \"Test Title\": \"Test for special characters in input\",\n      \"Input Data\": \"text='hello#world#hello#world', pattern='#'\",\n      \"Expected Output\": \"('hello#', 5, 10)\"\n    }\n  ]\n}",
    "Test Cases Draft_prompt": "{\"Role\": \"You are a quality assurance engineer. Your duty is to design test cases for the developers.\", \"Instruction\": \"According to the Context section, write test cases. Don't write long strings in your test cases. Response in JSON format.\", \"Example\": \"{\\\"requirement analysis\\\":\\\"analysis\\\",\\\"test_cases\\\":[{\\\"Test Title\\\":\\\"title\\\", \\\"Input Data\\\":\\\"parameter1=[1,2,3],parameter2='123'\\\", \\\"Expected Output\\\":\\\"456\\\"},]}\", \"Context\": \"# UsrtStory:\\n{\\n  \\\"RevisedDocument\\\": {\\n    \\\"UserStory\\\": \\\"As a product owner, I want to prioritize creating a user-friendly interface for the function that finds the occurrence and position of substrings within a string, so that users can easily input the text and pattern, and receive the result. Additionally, I want to consider potential use cases to ensure the function meets the needs of different scenarios. It should incorporate a modular and scalable design for easier maintenance and future enhancements. Thorough boundary and edge case testing should be conducted to ensure accurate handling of different input scenarios, including empty strings, long strings, and special characters. Usability and error handling testing for the user interface is crucial to ensure a user-friendly experience.\\\"\\n  }\\n}\\n# Tasks:\\n['Write test cases for various scenarios', 'Test multiple occurrences of the substring, no match found, and edge cases']\\n# Design:\\nBased on the suggestions provided by my colleagues, I have updated the design as follows:\\n\\nDesign:\\n- The function occurance_substring(text, pattern) should take in two parameters: the text in which the substrings need to be found, and the pattern to be searched for within the text.\\n- The function should return a tuple containing the substring, its occurrence position in the text, and the end position of the substring.\\n- If no match is found, the function should return None.\\n- The function parameters will be properly validated to handle different input scenarios, such as empty strings and special characters, using regular expressions for efficient pattern matching.\\n- Error handling will be implemented for potential exceptions like index out of range or invalid input.\\n- Reusable helper functions for common tasks like string manipulation or position calculation will be created to enhance modularity and scalability.\\n- Thorough testing will be conducted with various input scenarios including empty strings, long strings, and special characters to ensure accurate handling. Boundary and edge case testing will also be performed to check the function's behavior in different scenarios.\\n- The error handling mechanism will be verified to ensure it provides appropriate messages or responses, and the modularity and scalability of the design will be tested to ensure it can be easily maintained and enhanced in the future.\\n\\nI believe these updates address the suggestions provided and enhance the overall design of the function.\", \"Question\": \"def occurance_substring(text,pattern):\\n'''Write a function to find the occurrence and position of the substrings within a string. Return None if there is no match.\\nassert occurance_substring('python programming, python language','python')==('python', 0, 6)'''\\n\"}",
    "Test Cases Meetings": "{\n  \"Architect\": \"As an architect, I suggest revising the test cases to include edge cases such as input with very large strings, input with special characters, and input with multiple patterns to ensure the robustness of the substring search algorithm.\"\n\n  ,\"Developer\": \"As a developer, I suggest revising the test cases to include negative test cases, such as passing null or undefined input, to ensure the algorithm handles such cases gracefully. Additionally, we should consider adding test cases for performance optimization, such as for large input data, to ensure the algorithm is efficient.\"\n}",
    "Test Cases": "{\n  \"test_cases\": [\n    {\n      \"Test Title\": \"Test for multiple occurrences of the substring\",\n      \"Input Data\": \"text='python programming, python language', pattern='python'\",\n      \"Expected Output\": \"('python', 0, 6)\"\n    },\n    {\n      \"Test Title\": \"Test for no match found\",\n      \"Input Data\": \"text='python programming, python language', pattern='java'\",\n      \"Expected Output\": \"None\"\n    },\n    {\n      \"Test Title\": \"Test for empty string input\",\n      \"Input Data\": \"text='', pattern='python'\",\n      \"Expected Output\": \"None\"\n    },\n    {\n      \"Test Title\": \"Test for special characters in input\",\n      \"Input Data\": \"text='hello#world#hello#world', pattern='#'\",\n      \"Expected Output\": \"('hello#', 5, 10)\"\n    },\n    {\n      \"Test Title\": \"Test for negative test cases\",\n      \"Input Data\": \"text='', pattern=null\",\n      \"Expected Output\": \"None\"\n    },\n    {\n      \"Test Title\": \"Test for performance optimization\",\n      \"Input Data\": \"text='abcdefghijklmnopqrstuvwxyz', pattern='xyz'\",\n      \"Expected Output\": \"('xyz', 23, 25)\"\n    }\n  ]\n}",
    "Test Cases_prompt": "{\"Role\": \"You are a quality assurance engineer. Your duty is to revise the test cases based on the suggestions.\", \"Instruction\": \"1. Your colleague give you some suggestions(in the Context section) about the draft test cases, read these suggestions. 2. Revise your draft version test cases, but don't use long parameters. 3. Response in JSON format.\", \"Example\": \"{\\\"requirement analysis\\\":\\\"analysis\\\",\\\"test_cases\\\":[{\\\"Test Title\\\":\\\"title\\\", \\\"Input Data\\\":\\\"parameter1=[1,2,3],parameter2='123'\\\", \\\"Expected Output\\\":\\\"456\\\"},]}\", \"Context\": \"# Suggestions:\\n{\\n  \\\"Architect\\\": \\\"As an architect, I suggest revising the test cases to include edge cases such as input with very large strings, input with special characters, and input with multiple patterns to ensure the robustness of the substring search algorithm.\\\"\\n\\n  ,\\\"Developer\\\": \\\"As a developer, I suggest revising the test cases to include negative test cases, such as passing null or undefined input, to ensure the algorithm handles such cases gracefully. Additionally, we should consider adding test cases for performance optimization, such as for large input data, to ensure the algorithm is efficient.\\\"\\n}\\n # Draft Test cases:\\n{\\n  \\\"test_cases\\\": [\\n    {\\n      \\\"Test Title\\\": \\\"Test for multiple occurrences of the substring\\\",\\n      \\\"Input Data\\\": \\\"text='python programming, python language', pattern='python'\\\",\\n      \\\"Expected Output\\\": \\\"('python', 0, 6)\\\"\\n    },\\n    {\\n      \\\"Test Title\\\": \\\"Test for no match found\\\",\\n      \\\"Input Data\\\": \\\"text='python programming, python language', pattern='java'\\\",\\n      \\\"Expected Output\\\": \\\"None\\\"\\n    },\\n    {\\n      \\\"Test Title\\\": \\\"Test for empty string input\\\",\\n      \\\"Input Data\\\": \\\"text='', pattern='python'\\\",\\n      \\\"Expected Output\\\": \\\"None\\\"\\n    },\\n    {\\n      \\\"Test Title\\\": \\\"Test for long string input\\\",\\n      \\\"Input Data\\\": \\\"text='abcdefghijklmnopqrstuvwxyz', pattern='xyz'\\\",\\n      \\\"Expected Output\\\": \\\"('xyz', 23, 25)\\\"\\n    },\\n    {\\n      \\\"Test Title\\\": \\\"Test for special characters in input\\\",\\n      \\\"Input Data\\\": \\\"text='hello#world#hello#world', pattern='#'\\\",\\n      \\\"Expected Output\\\": \\\"('hello#', 5, 10)\\\"\\n    }\\n  ]\\n}\", \"Question\": \"Follow the Instruction. Please make sure your response length are less than 512. Your test cases is for the below question:\\ndef occurance_substring(text,pattern):\\n'''Write a function to find the occurrence and position of the substrings within a string. Return None if there is no match.\\nassert occurance_substring('python programming, python language','python')==('python', 0, 6)'''\\n\"}",
    "Code0": "def occurrence_substring(text, pattern):\n    start = text.find(pattern)\n    if start == -1:\n        return None\n    end = start + len(pattern)\n    return (pattern, start, end)",
    "Code0_prompt": {
        "Role": "You are a professional software engineer. Your duty is to write code in Python that meets the requirements. Ensure that the code you write is efficient, readable, and follows best practices. Remember, do not need to explain the code you wrote.",
        "Instruction": "1. Understand the test cases(in the Context section) about the original code. 2. Rewrite your code, make sure your code pass all test cases.",
        "Example": "",
        "Context": "# Original Code:\ndef occurance_substring(text, pattern):\n    start = text.find(pattern)\n    if start == -1:\n        return None\n    end = start + len(pattern)\n    return (pattern, start, end)\n# Test Cases:\n{\n  \"test_cases\": [\n    {\n      \"Test Title\": \"Test for multiple occurrences of the substring\",\n      \"Input Data\": \"text='python programming, python language', pattern='python'\",\n      \"Expected Output\": \"('python', 0, 6)\"\n    },\n    {\n      \"Test Title\": \"Test for no match found\",\n      \"Input Data\": \"text='python programming, python language', pattern='java'\",\n      \"Expected Output\": \"None\"\n    },\n    {\n      \"Test Title\": \"Test for empty string input\",\n      \"Input Data\": \"text='', pattern='python'\",\n      \"Expected Output\": \"None\"\n    },\n    {\n      \"Test Title\": \"Test for special characters in input\",\n      \"Input Data\": \"text='hello#world#hello#world', pattern='#'\",\n      \"Expected Output\": \"('hello#', 5, 10)\"\n    },\n    {\n      \"Test Title\": \"Test for negative test cases\",\n      \"Input Data\": \"text='', pattern=null\",\n      \"Expected Output\": \"None\"\n    },\n    {\n      \"Test Title\": \"Test for performance optimization\",\n      \"Input Data\": \"text='abcdefghijklmnopqrstuvwxyz', pattern='xyz'\",\n      \"Expected Output\": \"('xyz', 23, 25)\"\n    }\n  ]\n}",
        "Question": "def occurance_substring(text,pattern):\n'''Write a function to find the occurrence and position of the substrings within a string. Return None if there is no match.\nassert occurance_substring('python programming, python language','python')==('python', 0, 6)'''\n"
    },
    "TestScriptOriginal": "import unittest\n\ndef occurance_substring(text, pattern):\n    '''Write a function to find the occurrence and position of the substrings within a string. Return None if there is no match.'''\n    # Your implementation of the occurance_substring function here\n\nclass Test(unittest.TestCase):\n    def test(self):\n        self.assertEqual(occurance_substring('python programming, python language', 'python'), ('python', 0, 6))\n        self.assertEqual(occurance_substring('hello world', 'python'), None)\n\nif __name__ == '__main__':\n    unittest.main()",
    "TestScriptOriginal_prompt": "{\"Role\": \"You are a quality assurance engineer. Your duty is to write a python test script in unittest framework.\", \"Instruction\": \"1. Write a python test script. 2. Use the input and output given by the question.\", \"Example\": \"import unittest\\n\\nclass Test(unittest.TestCase):\\n    def test(self):\\n        self.assertEqual(function_under_test('a'), 1)\\n\\nif __name__ == '__main__':\\n    unittest.main()\", \"Context\": \"\", \"Question\": \"def occurance_substring(text,pattern):\\n'''Write a function to find the occurrence and position of the substrings within a string. Return None if there is no match.\\nassert occurance_substring('python programming, python language','python')==('python', 0, 6)'''\\n\"}",
    "TestScript": "import unittest\n\nclass Test(unittest.TestCase):\n    def test(self):\n        self.assertEqual(occurance_substring('python programming, python language', 'python'), ('python', 0, 6))\n        self.assertEqual(occurance_substring('hello world', 'python'), None)\n\nif __name__ == '__main__':\n    unittest.main()",
    "ScriptResult0": "E\n======================================================================\nERROR: test (__main__.Test)\n----------------------------------------------------------------------\nTraceback (most recent call last):\n  File \"/Users/watch/PycharmProjects/XXXX-1-LLM/workspace/2024-03-11_14-14-00-687695/test_script.py\", line 11, in test\n    self.assertEqual(occurance_substring('python programming, python language', 'python'), ('python', 0, 6))\nNameError: name 'occurance_substring' is not defined\n\n----------------------------------------------------------------------\nRan 1 test in 0.000s\n\nFAILED (errors=1)\n",
    "TestReport0": "Test Report:\n\nTest script's output:\n\nE\n======================================================================\nERROR: test (__main__.Test)\n----------------------------------------------------------------------\nTraceback (most recent call last):\n  File \"/Users/watch/PycharmProjects/XXXX-1-LLM/workspace/2024-03-11_14-14-00-687695/test_script.py\", line 11, in test\n    self.assertEqual(occurance_substring('python programming, python language', 'python'), ('python', 0, 6))\nNameError: name 'occurance_substring' is not defined\n\n----------------------------------------------------------------------\nRan 1 test in 0.000s\n\nFAILED (errors=1)\n\nBased on the test script's output, it is observed that the code has failed the tests. The error is due to the name 'occurance_substring' not being defined.\n\nExample of input and expected output:\n\nInput: occurrence_substring('python programming, python language', 'python')\nExpected Output: ('python', 0, 6)\n\nConclusion: Code Test Failed. \n\nRecommendation: The function 'occurrence_substring' needs to be defined and spelled correctly to pass the test.",
    "SprintReview0": "[ScrumMaster]says: Here is our test Report: Test Report:\n\nTest script's output:\n\nE\n======================================================================\nERROR: test (__main__.Test)\n----------------------------------------------------------------------\nTraceback (most recent call last):\n  File \"/Users/watch/PycharmProjects/XXXX-1-LLM/workspace/2024-03-11_14-14-00-687695/test_script.py\", line 11, in test\n    self.assertEqual(occurance_substring('python programming, python language', 'python'), ('python', 0, 6))\nNameError: name 'occurance_substring' is not defined\n\n----------------------------------------------------------------------\nRan 1 test in 0.000s\n\nFAILED (errors=1)\n\nBased on the test script's output, it is observed that the code has failed the tests. The error is due to the name 'occurance_substring' not being defined.\n\nExample of input and expected output:\n\nInput: occurrence_substring('python programming, python language', 'python')\nExpected Output: ('python', 0, 6)\n\nConclusion: Code Test Failed. \n\nRecommendation: The function 'occurrence_substring' needs to be defined and spelled correctly to pass the test., do you have any ideas?\n-----\n\n[Tester]says: As a Tester, it is important to define and spell the function 'occurrence_substring' correctly in order to pass the test.\n-----\n\n[ProductOwner]says: As a Product Owner, I think we should prioritize defining and correcting the 'occurrence_substring' function in order to address the test failure and ensure the product's functionality.\n-----\n\n[Architect]says: As an Architect, I recommend reviewing the code to ensure that the function 'occurrence_substring' is defined and spelled correctly to pass the test.\n-----\n\n[Developer]says: As a Developer, I think we should define the function 'occurrence_substring' as recommended and ensure it is spelled correctly to pass the test.\n-----\n\n[Tester]says: [Tester]says: As a Tester, it is important to define and spell the function 'occurrence_substring' correctly in order to pass the test.\n-----\n\n[Architect]says: As an Architect, I recommend reviewing the code to ensure that the function 'occurrence_substring' is defined and spelled correctly to pass the test.\n-----\n\n[Developer]says: As a Developer, I think we should define the function 'occurrence_substring' as recommended and ensure it is spelled correctly to pass the test.\n-----\n\n[ProductOwner]says: As a Product Owner, I think we should prioritize defining and correcting the 'occurrence_substring' function in order to address the test failure and ensure the product's functionality.\n-----\n",
    "SprintReviewMeetings0": "{\n  \"product-owner\": [\n    \"We should prioritize defining and correcting the 'occurrence_substring' function to address the test failure and ensure the product's functionality.\"\n  ],\n  \"architect\": [\n    \"Recommend reviewing the code to ensure that the function 'occurrence_substring' is defined and spelled correctly to pass the test.\"\n  ],\n  \"developer\": [\n    \"Define the function 'occurrence_substring' as recommended and ensure it is spelled correctly to pass the test.\"\n  ],\n  \"tester\": [\n    \"It is important to define and spell the function 'occurrence_substring' correctly in order to pass the test.\"\n  ]\n}",
    "SprintReviewMeetings0_prompt": "{\"Role\": \"You are a professional scrum master. Your goal is to summary the Discussion History into a suggestions list for the scrum team.\", \"Instruction\": \"1. Read and Understand the Discussion History. 2. Summary the suggestions from four roles: product-owner/architect/developer/tester. 3. Response in JSON format.\", \"Example\": \"{\\\"product-owner\\\":[\\\"suggestion1\\\",\\\"suggestion2\\\"],\\\"architect\\\":[\\\"suggestion1\\\",\\\"suggestion2\\\"], \\\"developer\\\":[\\\"suggestion1\\\",\\\"suggestion2\\\"], \\\"tester\\\":[\\\"suggestion1\\\",\\\"suggestion2\\\"]}\", \"Context\": \"[ScrumMaster]says: Here is our test Report: Test Report:\\n\\nTest script's output:\\n\\nE\\n======================================================================\\nERROR: test (__main__.Test)\\n----------------------------------------------------------------------\\nTraceback (most recent call last):\\n  File \\\"/Users/watch/PycharmProjects/XXXX-1-LLM/workspace/2024-03-11_14-14-00-687695/test_script.py\\\", line 11, in test\\n    self.assertEqual(occurance_substring('python programming, python language', 'python'), ('python', 0, 6))\\nNameError: name 'occurance_substring' is not defined\\n\\n----------------------------------------------------------------------\\nRan 1 test in 0.000s\\n\\nFAILED (errors=1)\\n\\nBased on the test script's output, it is observed that the code has failed the tests. The error is due to the name 'occurance_substring' not being defined.\\n\\nExample of input and expected output:\\n\\nInput: occurrence_substring('python programming, python language', 'python')\\nExpected Output: ('python', 0, 6)\\n\\nConclusion: Code Test Failed. \\n\\nRecommendation: The function 'occurrence_substring' needs to be defined and spelled correctly to pass the test., do you have any ideas?\\n-----\\n\\n[Tester]says: As a Tester, it is important to define and spell the function 'occurrence_substring' correctly in order to pass the test.\\n-----\\n\\n[ProductOwner]says: As a Product Owner, I think we should prioritize defining and correcting the 'occurrence_substring' function in order to address the test failure and ensure the product's functionality.\\n-----\\n\\n[Architect]says: As an Architect, I recommend reviewing the code to ensure that the function 'occurrence_substring' is defined and spelled correctly to pass the test.\\n-----\\n\\n[Developer]says: As a Developer, I think we should define the function 'occurrence_substring' as recommended and ensure it is spelled correctly to pass the test.\\n-----\\n\\n[Tester]says: [Tester]says: As a Tester, it is important to define and spell the function 'occurrence_substring' correctly in order to pass the test.\\n-----\\n\\n[Architect]says: As an Architect, I recommend reviewing the code to ensure that the function 'occurrence_substring' is defined and spelled correctly to pass the test.\\n-----\\n\\n[Developer]says: As a Developer, I think we should define the function 'occurrence_substring' as recommended and ensure it is spelled correctly to pass the test.\\n-----\\n\\n[ProductOwner]says: As a Product Owner, I think we should prioritize defining and correcting the 'occurrence_substring' function in order to address the test failure and ensure the product's functionality.\\n-----\\n\", \"Question\": \"Follow the Instruction section. The Discussion History is in the Context section. You only need to return a list as the Example section.\"}",
    "RepairResponse0": "{\n  \"revised_code\": \"def occurrence_substring(text, pattern):\\n    index = text.find(pattern)\\n    if index != -1:\\n        return pattern, index, index + len(pattern)\\n    else:\\n        return None\"\n}",
    "RepairResponse0_prompt": {
        "Role": "You are a professional software engineer. Your duty is to write code in Python that meets the requirements. Ensure that the code you write is efficient, readable, and follows best practices. Remember, do not need to explain the code you wrote.",
        "Instruction": "1. Rewrite a bug fix version of the original code. 2. Response in JSON format.",
        "Example": "{\"revised_code\":\"...\"}",
        "Context": "# Test Report:\nTest Report:\n\nTest script's output:\n\nE\n======================================================================\nERROR: test (__main__.Test)\n----------------------------------------------------------------------\nTraceback (most recent call last):\n  File \"/Users/watch/PycharmProjects/XXXX-1-LLM/workspace/2024-03-11_14-14-00-687695/test_script.py\", line 11, in test\n    self.assertEqual(occurance_substring('python programming, python language', 'python'), ('python', 0, 6))\nNameError: name 'occurance_substring' is not defined\n\n----------------------------------------------------------------------\nRan 1 test in 0.000s\n\nFAILED (errors=1)\n\nBased on the test script's output, it is observed that the code has failed the tests. The error is due to the name 'occurance_substring' not being defined.\n\nExample of input and expected output:\n\nInput: occurrence_substring('python programming, python language', 'python')\nExpected Output: ('python', 0, 6)\n\nConclusion: Code Test Failed. \n\nRecommendation: The function 'occurrence_substring' needs to be defined and spelled correctly to pass the test.# suggestions:\n{\"product-owner\": [\"We should prioritize defining and correcting the 'occurrence_substring' function to address the test failure and ensure the product's functionality.\"], \"architect\": [\"Recommend reviewing the code to ensure that the function 'occurrence_substring' is defined and spelled correctly to pass the test.\"], \"developer\": [\"Define the function 'occurrence_substring' as recommended and ensure it is spelled correctly to pass the test.\"], \"tester\": [\"It is important to define and spell the function 'occurrence_substring' correctly in order to pass the test.\"]}",
        "Question": "The original code has some bugs, according to the test report and suggestions, rewrite the code. Complete the following code:\ndef occurance_substring(text,pattern):\n'''Write a function to find the occurrence and position of the substrings within a string. Return None if there is no match.\nassert occurance_substring('python programming, python language','python')==('python', 0, 6)'''\n"
    },
    "Code1": "def occurrence_substring(text, pattern):\n    index = text.find(pattern)\n    if index != -1:\n        return pattern, index, index + len(pattern)\n    else:\n        return None",
    "ScriptResult1": "E\n======================================================================\nERROR: test (__main__.Test)\n----------------------------------------------------------------------\nTraceback (most recent call last):\n  File \"/Users/watch/PycharmProjects/XXXX-1-LLM/workspace/2024-03-11_14-14-00-687695/test_script.py\", line 11, in test\n    self.assertEqual(occurance_substring('python programming, python language', 'python'), ('python', 0, 6))\nNameError: name 'occurance_substring' is not defined\n\n----------------------------------------------------------------------\nRan 1 test in 0.000s\n\nFAILED (errors=1)\n",
    "TestReport1": "Test Report:\n\nTest Script's Output:\nE\n======================================================================\nERROR: test (__main__.Test)\n----------------------------------------------------------------------\nTraceback (most recent call last):\n  File \"/Users/watch/PycharmProjects/XXXX-1-LLM/workspace/2024-03-11_14-14-00-687695/test_script.py\", line 11, in test\n    self.assertEqual(occurance_substring('python programming, python language', 'python'), ('python', 0, 6))\nNameError: name 'occurance_substring' is not defined\n\n----------------------------------------------------------------------\nRan 1 test in 0.000s\n\nFAILED (errors=1)\n\nTest Analysis:\nThe test script encountered an error due to the occurrence_substring function not being defined. The test case for the function failed to execute as a result.\n\nConclusion:\nCode Test Failed\n\nInput and Expected Output Example:\nInput: 'python programming, python language', 'python'\nExpected Output: ('python', 0, 6)\n\nCode Test Failed\n",
    "SprintReview1": "[ScrumMaster]says: Here is our test Report: Test Report:\n\nTest Script's Output:\nE\n======================================================================\nERROR: test (__main__.Test)\n----------------------------------------------------------------------\nTraceback (most recent call last):\n  File \"/Users/watch/PycharmProjects/XXXX-1-LLM/workspace/2024-03-11_14-14-00-687695/test_script.py\", line 11, in test\n    self.assertEqual(occurance_substring('python programming, python language', 'python'), ('python', 0, 6))\nNameError: name 'occurance_substring' is not defined\n\n----------------------------------------------------------------------\nRan 1 test in 0.000s\n\nFAILED (errors=1)\n\nTest Analysis:\nThe test script encountered an error due to the occurrence_substring function not being defined. The test case for the function failed to execute as a result.\n\nConclusion:\nCode Test Failed\n\nInput and Expected Output Example:\nInput: 'python programming, python language', 'python'\nExpected Output: ('python', 0, 6)\n\nCode Test Failed\n, do you have any ideas?\n-----\n\n[Developer]says: As a Developer, I suggest that we review the code to ensure that the occurrence_substring function is properly defined and accessible within the test script.\n-----\n\n[Architect]says: As an Architect, I think the first step is to define and implement the 'occurance_substring' function to resolve the error in the test script.\n-----\n\n[ProductOwner]says: As a Product Owner, I think the first step is to prioritize fixing the occurrence_substring function in order to ensure the success of the test case.\n-----\n\n[Tester]says: As a Tester, I think we need to define the occurrence_substring function before running the test script to avoid the NameError.\n-----\n\n[Developer]says: As a Developer, I suggest that we review the code to ensure that the occurrence_substring function is properly defined and accessible within the test script.\n-----\n\n[Architect]says: As an Architect, I suggest that we define and implement the 'occurance_substring' function to resolve the error in the test script.\n-----\n\n[ProductOwner]says: As a Product Owner, I think the first step is to prioritize fixing the occurrence_substring function in order to ensure the success of the test case.\n-----\n\n[Tester]says: As a Tester, I think we need to define the occurrence_substring function before running the test script to avoid the NameError.\n-----\n",
    "SprintReviewMeetings1": "{\n  \"product-owner\":[\"I think the first step is to prioritize fixing the occurrence_substring function in order to ensure the success of the test case.\"],\n  \"architect\":[\"I think the first step is to define and implement the 'occurance_substring' function to resolve the error in the test script.\"],\n  \"developer\":[\"I suggest that we review the code to ensure that the occurrence_substring function is properly defined and accessible within the test script.\"],\n  \"tester\":[\"We need to define the occurrence_substring function before running the test script to avoid the NameError.\"]\n}",
    "SprintReviewMeetings1_prompt": "{\"Role\": \"You are a professional scrum master. Your goal is to summary the Discussion History into a suggestions list for the scrum team.\", \"Instruction\": \"1. Read and Understand the Discussion History. 2. Summary the suggestions from four roles: product-owner/architect/developer/tester. 3. Response in JSON format.\", \"Example\": \"{\\\"product-owner\\\":[\\\"suggestion1\\\",\\\"suggestion2\\\"],\\\"architect\\\":[\\\"suggestion1\\\",\\\"suggestion2\\\"], \\\"developer\\\":[\\\"suggestion1\\\",\\\"suggestion2\\\"], \\\"tester\\\":[\\\"suggestion1\\\",\\\"suggestion2\\\"]}\", \"Context\": \"[ScrumMaster]says: Here is our test Report: Test Report:\\n\\nTest Script's Output:\\nE\\n======================================================================\\nERROR: test (__main__.Test)\\n----------------------------------------------------------------------\\nTraceback (most recent call last):\\n  File \\\"/Users/watch/PycharmProjects/XXXX-1-LLM/workspace/2024-03-11_14-14-00-687695/test_script.py\\\", line 11, in test\\n    self.assertEqual(occurance_substring('python programming, python language', 'python'), ('python', 0, 6))\\nNameError: name 'occurance_substring' is not defined\\n\\n----------------------------------------------------------------------\\nRan 1 test in 0.000s\\n\\nFAILED (errors=1)\\n\\nTest Analysis:\\nThe test script encountered an error due to the occurrence_substring function not being defined. The test case for the function failed to execute as a result.\\n\\nConclusion:\\nCode Test Failed\\n\\nInput and Expected Output Example:\\nInput: 'python programming, python language', 'python'\\nExpected Output: ('python', 0, 6)\\n\\nCode Test Failed\\n, do you have any ideas?\\n-----\\n\\n[Developer]says: As a Developer, I suggest that we review the code to ensure that the occurrence_substring function is properly defined and accessible within the test script.\\n-----\\n\\n[Architect]says: As an Architect, I think the first step is to define and implement the 'occurance_substring' function to resolve the error in the test script.\\n-----\\n\\n[ProductOwner]says: As a Product Owner, I think the first step is to prioritize fixing the occurrence_substring function in order to ensure the success of the test case.\\n-----\\n\\n[Tester]says: As a Tester, I think we need to define the occurrence_substring function before running the test script to avoid the NameError.\\n-----\\n\\n[Developer]says: As a Developer, I suggest that we review the code to ensure that the occurrence_substring function is properly defined and accessible within the test script.\\n-----\\n\\n[Architect]says: As an Architect, I suggest that we define and implement the 'occurance_substring' function to resolve the error in the test script.\\n-----\\n\\n[ProductOwner]says: As a Product Owner, I think the first step is to prioritize fixing the occurrence_substring function in order to ensure the success of the test case.\\n-----\\n\\n[Tester]says: As a Tester, I think we need to define the occurrence_substring function before running the test script to avoid the NameError.\\n-----\\n\", \"Question\": \"Follow the Instruction section. The Discussion History is in the Context section. You only need to return a list as the Example section.\"}",
    "RepairResponse1": "{\n  \"revised_code\": \"def occurrence_substring(text, pattern):\\n    index = text.find(pattern)\\n    if index != -1:\\n        return (pattern, index, index + len(pattern))\\n    else:\\n        return None\\n\\nassert occurrence_substring('python programming, python language', 'python') == ('python', 0, 6)\"\n}",
    "RepairResponse1_prompt": {
        "Role": "You are a professional software engineer. Your duty is to write code in Python that meets the requirements. Ensure that the code you write is efficient, readable, and follows best practices. Remember, do not need to explain the code you wrote.",
        "Instruction": "1. Rewrite a bug fix version of the original code. 2. Response in JSON format.",
        "Example": "{\"revised_code\":\"...\"}",
        "Context": "# Test Report:\nTest Report:\n\nTest Script's Output:\nE\n======================================================================\nERROR: test (__main__.Test)\n----------------------------------------------------------------------\nTraceback (most recent call last):\n  File \"/Users/watch/PycharmProjects/XXXX-1-LLM/workspace/2024-03-11_14-14-00-687695/test_script.py\", line 11, in test\n    self.assertEqual(occurance_substring('python programming, python language', 'python'), ('python', 0, 6))\nNameError: name 'occurance_substring' is not defined\n\n----------------------------------------------------------------------\nRan 1 test in 0.000s\n\nFAILED (errors=1)\n\nTest Analysis:\nThe test script encountered an error due to the occurrence_substring function not being defined. The test case for the function failed to execute as a result.\n\nConclusion:\nCode Test Failed\n\nInput and Expected Output Example:\nInput: 'python programming, python language', 'python'\nExpected Output: ('python', 0, 6)\n\nCode Test Failed\n# suggestions:\n{\"product-owner\": [\"I think the first step is to prioritize fixing the occurrence_substring function in order to ensure the success of the test case.\"], \"architect\": [\"I think the first step is to define and implement the 'occurance_substring' function to resolve the error in the test script.\"], \"developer\": [\"I suggest that we review the code to ensure that the occurrence_substring function is properly defined and accessible within the test script.\"], \"tester\": [\"We need to define the occurrence_substring function before running the test script to avoid the NameError.\"]}",
        "Question": "The original code has some bugs, according to the test report and suggestions, rewrite the code. Complete the following code:\ndef occurance_substring(text,pattern):\n'''Write a function to find the occurrence and position of the substrings within a string. Return None if there is no match.\nassert occurance_substring('python programming, python language','python')==('python', 0, 6)'''\n"
    },
    "Code2": "def occurrence_substring(text, pattern):\n    index = text.find(pattern)\n    if index != -1:\n        return (pattern, index, index + len(pattern))\n    else:\n        return None\n\nassert occurrence_substring('python programming, python language', 'python') == ('python', 0, 6)",
    "ScriptResult2": "E\n======================================================================\nERROR: test (__main__.Test)\n----------------------------------------------------------------------\nTraceback (most recent call last):\n  File \"/Users/watch/PycharmProjects/XXXX-1-LLM/workspace/2024-03-11_14-14-00-687695/test_script.py\", line 13, in test\n    self.assertEqual(occurance_substring('python programming, python language', 'python'), ('python', 0, 6))\nNameError: name 'occurance_substring' is not defined\n\n----------------------------------------------------------------------\nRan 1 test in 0.000s\n\nFAILED (errors=1)\n",
    "TestReport2": "Test Report:\n\nTest script's output:\nE\n======================================================================\nERROR: test (__main__.Test)\n----------------------------------------------------------------------\nTraceback (most recent call last):\n  File \"/Users/watch/PycharmProjects/XXXX-1-LLM/workspace/2024-03-11_14-14-00-687695/test_script.py\", line 13, in test\n    self.assertEqual(occurance_substring('python programming, python language', 'python'), ('python', 0, 6))\nNameError: name 'occurance_substring' is not defined\n\n----------------------------------------------------------------------\nRan 1 test in 0.000s\n\nFAILED (errors=1)\n\nConclusion: Code Test Failed\n\nInput and expected output example:\ndef occurrence_substring(text, pattern):\n    index = text.find(pattern)\n    if index != -1:\n        return (pattern, index, index + len(pattern))\n    else:\n        return None\n\nassert occurrence_substring('python programming, python language', 'python') == ('python', 0, 6)\n\nThe code failed the test due to the 'NameError: name 'occurance_substring' is not defined' error. The expected output was ('python', 0, 6) but the actual output was a NameError.",
    "SprintReview2": "[ScrumMaster]says: Here is our test Report: Test Report:\n\nTest script's output:\nE\n======================================================================\nERROR: test (__main__.Test)\n----------------------------------------------------------------------\nTraceback (most recent call last):\n  File \"/Users/watch/PycharmProjects/XXXX-1-LLM/workspace/2024-03-11_14-14-00-687695/test_script.py\", line 13, in test\n    self.assertEqual(occurance_substring('python programming, python language', 'python'), ('python', 0, 6))\nNameError: name 'occurance_substring' is not defined\n\n----------------------------------------------------------------------\nRan 1 test in 0.000s\n\nFAILED (errors=1)\n\nConclusion: Code Test Failed\n\nInput and expected output example:\ndef occurrence_substring(text, pattern):\n    index = text.find(pattern)\n    if index != -1:\n        return (pattern, index, index + len(pattern))\n    else:\n        return None\n\nassert occurrence_substring('python programming, python language', 'python') == ('python', 0, 6)\n\nThe code failed the test due to the 'NameError: name 'occurance_substring' is not defined' error. The expected output was ('python', 0, 6) but the actual output was a NameError., do you have any ideas?\n-----\n\n[Tester]says: As a Tester, it seems that the function 'occurance_substring' is not defined in the test script, which is causing the NameError. It needs to be defined or imported correctly to fix the error.\n-----\n\n[Developer]says: As a Developer, I think we need to define the occurrence_substring function before using it in the test script.\n-----\n\n[Architect]says: As an Architect, to address the 'NameError: name 'occurance_substring' is not defined' error, we should ensure that the occurrence_substring function is properly defined and accessible within the test_script.py file.\n-----\n\n[ProductOwner]says: As the Product Owner, I think we should prioritize fixing the 'NameError: name 'occurance_substring' is not defined' error in the code before moving forward with any further development.\n-----\n\n[Developer]says: As a Developer, I think we need to define the occurrence_substring function before using it in the test script.\n-----\n\n[Architect]says: As an Architect, we should ensure that the occurrence_substring function is properly defined and accessible within the test_script.py file.\n-----\n\n[Tester]says: As a Tester, it seems that the function 'occurance_substring' is not defined in the test script, which is causing the NameError. It needs to be defined or imported correctly to fix the error.\n-----\n\n[ProductOwner]says: As the Product Owner, I think we should prioritize fixing the 'NameError: name 'occurance_substring' is not defined' error in the code before moving forward with any further development.\n-----\n",
    "SprintReviewMeetings2": "{\n  \"product-owner\": [\n    \"I think we should prioritize fixing the 'NameError: name 'occurance_substring' is not defined' error in the code before moving forward with any further development.\"\n  ],\n  \"architect\": [\n    \"To address the 'NameError: name 'occurance_substring' is not defined' error, we should ensure that the occurrence_substring function is properly defined and accessible within the test_script.py file.\"\n  ],\n  \"developer\": [\n    \"I think we need to define the occurrence_substring function before using it in the test script.\"\n  ],\n  \"tester\": [\n    \"It seems that the function 'occurance_substring' is not defined in the test script, which is causing the NameError. It needs to be defined or imported correctly to fix the error.\"\n  ]\n}",
    "SprintReviewMeetings2_prompt": "{\"Role\": \"You are a professional scrum master. Your goal is to summary the Discussion History into a suggestions list for the scrum team.\", \"Instruction\": \"1. Read and Understand the Discussion History. 2. Summary the suggestions from four roles: product-owner/architect/developer/tester. 3. Response in JSON format.\", \"Example\": \"{\\\"product-owner\\\":[\\\"suggestion1\\\",\\\"suggestion2\\\"],\\\"architect\\\":[\\\"suggestion1\\\",\\\"suggestion2\\\"], \\\"developer\\\":[\\\"suggestion1\\\",\\\"suggestion2\\\"], \\\"tester\\\":[\\\"suggestion1\\\",\\\"suggestion2\\\"]}\", \"Context\": \"[ScrumMaster]says: Here is our test Report: Test Report:\\n\\nTest script's output:\\nE\\n======================================================================\\nERROR: test (__main__.Test)\\n----------------------------------------------------------------------\\nTraceback (most recent call last):\\n  File \\\"/Users/watch/PycharmProjects/XXXX-1-LLM/workspace/2024-03-11_14-14-00-687695/test_script.py\\\", line 13, in test\\n    self.assertEqual(occurance_substring('python programming, python language', 'python'), ('python', 0, 6))\\nNameError: name 'occurance_substring' is not defined\\n\\n----------------------------------------------------------------------\\nRan 1 test in 0.000s\\n\\nFAILED (errors=1)\\n\\nConclusion: Code Test Failed\\n\\nInput and expected output example:\\ndef occurrence_substring(text, pattern):\\n    index = text.find(pattern)\\n    if index != -1:\\n        return (pattern, index, index + len(pattern))\\n    else:\\n        return None\\n\\nassert occurrence_substring('python programming, python language', 'python') == ('python', 0, 6)\\n\\nThe code failed the test due to the 'NameError: name 'occurance_substring' is not defined' error. The expected output was ('python', 0, 6) but the actual output was a NameError., do you have any ideas?\\n-----\\n\\n[Tester]says: As a Tester, it seems that the function 'occurance_substring' is not defined in the test script, which is causing the NameError. It needs to be defined or imported correctly to fix the error.\\n-----\\n\\n[Developer]says: As a Developer, I think we need to define the occurrence_substring function before using it in the test script.\\n-----\\n\\n[Architect]says: As an Architect, to address the 'NameError: name 'occurance_substring' is not defined' error, we should ensure that the occurrence_substring function is properly defined and accessible within the test_script.py file.\\n-----\\n\\n[ProductOwner]says: As the Product Owner, I think we should prioritize fixing the 'NameError: name 'occurance_substring' is not defined' error in the code before moving forward with any further development.\\n-----\\n\\n[Developer]says: As a Developer, I think we need to define the occurrence_substring function before using it in the test script.\\n-----\\n\\n[Architect]says: As an Architect, we should ensure that the occurrence_substring function is properly defined and accessible within the test_script.py file.\\n-----\\n\\n[Tester]says: As a Tester, it seems that the function 'occurance_substring' is not defined in the test script, which is causing the NameError. It needs to be defined or imported correctly to fix the error.\\n-----\\n\\n[ProductOwner]says: As the Product Owner, I think we should prioritize fixing the 'NameError: name 'occurance_substring' is not defined' error in the code before moving forward with any further development.\\n-----\\n\", \"Question\": \"Follow the Instruction section. The Discussion History is in the Context section. You only need to return a list as the Example section.\"}",
    "RepairResponse2": "{\n  \"revised_code\": \"def occurrence_substring(text, pattern):\\n    index = text.find(pattern)\\n    if index != -1:\\n        return (pattern, index, index + len(pattern))\\n    else:\\n        return None\"\n}",
    "RepairResponse2_prompt": {
        "Role": "You are a professional software engineer. Your duty is to write code in Python that meets the requirements. Ensure that the code you write is efficient, readable, and follows best practices. Remember, do not need to explain the code you wrote.",
        "Instruction": "1. Rewrite a bug fix version of the original code. 2. Response in JSON format.",
        "Example": "{\"revised_code\":\"...\"}",
        "Context": "# Test Report:\nTest Report:\n\nTest script's output:\nE\n======================================================================\nERROR: test (__main__.Test)\n----------------------------------------------------------------------\nTraceback (most recent call last):\n  File \"/Users/watch/PycharmProjects/XXXX-1-LLM/workspace/2024-03-11_14-14-00-687695/test_script.py\", line 13, in test\n    self.assertEqual(occurance_substring('python programming, python language', 'python'), ('python', 0, 6))\nNameError: name 'occurance_substring' is not defined\n\n----------------------------------------------------------------------\nRan 1 test in 0.000s\n\nFAILED (errors=1)\n\nConclusion: Code Test Failed\n\nInput and expected output example:\ndef occurrence_substring(text, pattern):\n    index = text.find(pattern)\n    if index != -1:\n        return (pattern, index, index + len(pattern))\n    else:\n        return None\n\nassert occurrence_substring('python programming, python language', 'python') == ('python', 0, 6)\n\nThe code failed the test due to the 'NameError: name 'occurance_substring' is not defined' error. The expected output was ('python', 0, 6) but the actual output was a NameError.# suggestions:\n{\"product-owner\": [\"I think we should prioritize fixing the 'NameError: name 'occurance_substring' is not defined' error in the code before moving forward with any further development.\"], \"architect\": [\"To address the 'NameError: name 'occurance_substring' is not defined' error, we should ensure that the occurrence_substring function is properly defined and accessible within the test_script.py file.\"], \"developer\": [\"I think we need to define the occurrence_substring function before using it in the test script.\"], \"tester\": [\"It seems that the function 'occurance_substring' is not defined in the test script, which is causing the NameError. It needs to be defined or imported correctly to fix the error.\"]}",
        "Question": "The original code has some bugs, according to the test report and suggestions, rewrite the code. Complete the following code:\ndef occurance_substring(text,pattern):\n'''Write a function to find the occurrence and position of the substrings within a string. Return None if there is no match.\nassert occurance_substring('python programming, python language','python')==('python', 0, 6)'''\n"
    },
    "Code3": "def occurrence_substring(text, pattern):\n    index = text.find(pattern)\n    if index != -1:\n        return (pattern, index, index + len(pattern))\n    else:\n        return None",
    "ScriptResult3": "E\n======================================================================\nERROR: test (__main__.Test)\n----------------------------------------------------------------------\nTraceback (most recent call last):\n  File \"/Users/watch/PycharmProjects/XXXX-1-LLM/workspace/2024-03-11_14-14-00-687695/test_script.py\", line 11, in test\n    self.assertEqual(occurance_substring('python programming, python language', 'python'), ('python', 0, 6))\nNameError: name 'occurance_substring' is not defined\n\n----------------------------------------------------------------------\nRan 1 test in 0.000s\n\nFAILED (errors=1)\n",
    "TestReport3": "Test Report:\n\nTest Script Output:\n# test script's output:\nE\n======================================================================\nERROR: test (__main__.Test)\n----------------------------------------------------------------------\nTraceback (most recent call last):\n  File \"/Users/watch/PycharmProjects/XXXX-1-LLM/workspace/2024-03-11_14-14-00-687695/test_script.py\", line 11, in test\n    self.assertEqual(occurance_substring('python programming, python language', 'python'), ('python', 0, 6))\nNameError: name 'occurance_substring' is not defined\n\n----------------------------------------------------------------------\nRan 1 test in 0.000s\n\nFAILED (errors=1)\n\nAnalysis:\nThe test script output indicates that there is an error in the code. The error is caused by a NameError as the function 'occurance_substring' is not defined. This means that the code failed to execute the test due to this error.\n\nInput and Expected Output Example:\nFunction Definition:\ndef occurrence_substring(text, pattern):\n    index = text.find(pattern)\n    if index != -1:\n        return (pattern, index, index + len(pattern))\n    else:\n        return None\n\nConclusion:\nCode Test Failed. The error in the code needs to be addressed, specifically the definition of the 'occurrence_substring' function.\n\nNote to Developers:\nPlease ensure that the 'occurrence_substring' function is defined correctly to avoid the NameError and enable the code to pass the test successfully."
}