{
    "start_time": "2024-02-13_14-15-17-279240",
    "task": "\ndef count_nums(arr):\n    \"\"\"\n    Write a function count_nums which takes an array of integers and returns\n    the number of elements which has a sum of digits > 0.\n    If a number is negative, then its first signed digit will be negative:\n    e.g. -123 has signed digits -1, 2, and 3.\n    >>> count_nums([]) == 0\n    >>> count_nums([-1, 11, -11]) == 1\n    >>> count_nums([1, 1, 2]) == 3\n    \"\"\"\n",
    "datetime": {
        "task": "2024-02-13 14:15:17",
        "task-id": "2024-02-13 14:15:17",
        "workflow": "2024-02-13 14:15:17",
        "UserStoryDraft0": "2024-02-13 14:15:19",
        "AnalyzeMeetings": "2024-02-13 14:15:23",
        "UserStory0": "2024-02-13 14:15:27",
        "DesignDraft0": "2024-02-13 14:15:31",
        "DesignMeetings0": "2024-02-13 14:15:33",
        "Design0": "2024-02-13 14:15:37",
        "CodeDraft0": "2024-02-13 14:15:40",
        "CodeReviewMeetings0": "2024-02-13 14:15:42",
        "Code0CR": "2024-02-13 14:15:49",
        "FinalCode": "2024-02-13 14:16:50",
        "Test Cases Draft": "2024-02-13 14:15:51",
        "Test Cases Meetings": "2024-02-13 14:15:54",
        "Test Cases": "2024-02-13 14:15:59",
        "Code0": "2024-02-13 14:16:01",
        "TestScriptOriginal": "2024-02-13 14:16:04",
        "TestScript": "2024-02-13 14:16:04",
        "ScriptResult0": "2024-02-13 14:16:04",
        "TestReport0": "2024-02-13 14:16:08",
        "SprintReview0": "2024-02-13 14:16:12",
        "SprintReviewMeetings0": "2024-02-13 14:16:15",
        "RepairResponse0": "2024-02-13 14:16:20",
        "Code1": "2024-02-13 14:16:20",
        "ScriptResult1": "2024-02-13 14:16:21",
        "TestReport1": "2024-02-13 14:16:29",
        "SprintReview1": "2024-02-13 14:16:34",
        "SprintReviewMeetings1": "2024-02-13 14:16:36",
        "RepairResponse1": "2024-02-13 14:16:37",
        "Code2": "2024-02-13 14:16:37",
        "ScriptResult2": "2024-02-13 14:16:37",
        "TestReport2": "2024-02-13 14:16:42",
        "SprintReview2": "2024-02-13 14:16:45",
        "SprintReviewMeetings2": "2024-02-13 14:16:47",
        "RepairResponse2": "2024-02-13 14:16:50",
        "Code3": "2024-02-13 14:16:50",
        "ScriptResult3": "2024-02-13 14:16:50",
        "TestReport3": "2024-02-13 14:16:53"
    },
    "task-id": "HumanEval/108",
    "workflow": "agile/agile_version_0.0.5_remove_stage.json",
    "UserStoryDraft0": "{\n  \"UserStory\": \"As a product owner, I want to create a function called count_nums, which takes an array of integers as input and returns the count of elements that have a sum of digits greater than 0. If a number is negative, its first signed digit will be negative. The function should return 0 if the input array is empty. The function should return the count of elements that meet the specified criteria.\"\n}",
    "UserStoryDraft0_prompt": "{\"Role\": \"You need to act as a professional product owner. Your task is to write a UserStory\", \"Instruction\": \"According to the Context, please analyze the requirement and write your response. Response in JSON format. Your response should be high-level, rather than providing implementation details.\", \"Example\": \"\", \"Context\": [], \"Question\": \"Follow the Instruction. The requirement is as follows:\\n\\ndef count_nums(arr):\\n    \\\"\\\"\\\"\\n    Write a function count_nums which takes an array of integers and returns\\n    the number of elements which has a sum of digits > 0.\\n    If a number is negative, then its first signed digit will be negative:\\n    e.g. -123 has signed digits -1, 2, and 3.\\n    >>> count_nums([]) == 0\\n    >>> count_nums([-1, 11, -11]) == 1\\n    >>> count_nums([1, 1, 2]) == 3\\n    \\\"\\\"\\\"\\n\"}",
    "AnalyzeMeetings": "{\n  \"Architect\": \"The user story is clear and well-defined. The function count_nums should accept an array of integers as input and check the sum of digits for each element. It should handle negative numbers properly by considering the first signed digit as negative. The function should also return 0 if the input array is empty. It seems like the user story covers all the necessary details for implementing the function.\",\n  \"Tester\": \"The user story provides clear acceptance criteria for the count_nums function. As a tester, I would suggest writing test cases to cover various scenarios such as positive numbers, negative numbers, empty array, and large numbers. Testing the function with edge cases will ensure its robustness and accuracy in counting the elements that meet the specified criteria.\"\n}",
    "UserStory0": "{\n  \"RevisedDocument\": {\n    \"UserStory\": \"As a product owner, I want to create a function called count_nums, which takes an array of integers as input and returns the count of elements that have a sum of digits greater than 0. If a number is negative, its first signed digit will be negative. The function should return 0 if the input array is empty. The function should return the count of elements that meet the specified criteria.\",\n    \"ArchitectReview\": \"The user story is clear and well-defined. The function count_nums should accept an array of integers as input and check the sum of digits for each element. It should handle negative numbers properly by considering the first signed digit as negative. The function should also return 0 if the input array is empty. It seems like the user story covers all the necessary details for implementing the function.\",\n    \"TesterReview\": \"The user story provides clear acceptance criteria for the count_nums function. As a tester, I would suggest writing test cases to cover various scenarios such as positive numbers, negative numbers, empty array, and large numbers. Testing the function with edge cases will ensure its robustness and accuracy in counting the elements that meet the specified criteria.\"\n  }\n}",
    "UserStory0_prompt": {
        "Role": "You need to act as a professional product owner. Your duty is to revise the document based on the suggestions.",
        "Instruction": "1. Read the suggestions. 2. Revise your draft version document. 3. Response in JSON format. 4. REMEMBER: Your analysis should be high-level, rather than providing implementation details.",
        "Example": "",
        "Context": "# Suggestion:\n{\n  \"Architect\": \"The user story is clear and well-defined. The function count_nums should accept an array of integers as input and check the sum of digits for each element. It should handle negative numbers properly by considering the first signed digit as negative. The function should also return 0 if the input array is empty. It seems like the user story covers all the necessary details for implementing the function.\",\n  \"Tester\": \"The user story provides clear acceptance criteria for the count_nums function. As a tester, I would suggest writing test cases to cover various scenarios such as positive numbers, negative numbers, empty array, and large numbers. Testing the function with edge cases will ensure its robustness and accuracy in counting the elements that meet the specified criteria.\"\n}",
        "Question": "Follow the Instruction. Your colleague give you some suggestions(in the Context section) about this draft document:{\n  \"UserStory\": \"As a product owner, I want to create a function called count_nums, which takes an array of integers as input and returns the count of elements that have a sum of digits greater than 0. If a number is negative, its first signed digit will be negative. The function should return 0 if the input array is empty. The function should return the count of elements that meet the specified criteria.\"\n}"
    },
    "DesignDraft0": "Design:\n\nThe count_nums function should accept an array of integers as input and iterate through each element to calculate the sum of its digits. If the sum of digits is greater than 0, the function should increment a counter. If the input array is empty, the function should return 0.\n\nPseudocode:\n1. Initialize a variable count to 0\n2. Iterate through each element in the input array\n3. For each element, calculate the sum of its digits, considering the first signed digit as negative for negative numbers\n4. If the sum of digits is greater than 0, increment the count\n5. After iterating through all elements, return the count\n\nThis high-level design should guide the developer in writing the code for the count_nums function. It provides a clear outline of the steps to be implemented without getting into specific implementation details.",
    "DesignMeetings0": "{\n  \"Developer\": \"The pseudocode is clear and provides a good outline for implementation. One suggestion would be to add error handling for non-integer inputs in the array, to ensure the function can handle unexpected input without crashing.\",\n  \"Tester\": \"As a tester, I would suggest creating test cases for different scenarios, including an empty array, negative numbers, and large numbers to ensure the function handles all cases correctly. Additionally, testing for non-integer inputs should be included to ensure the function behaves as expected.\"\n}",
    "Design0": "Based on the suggestions provided by the developer and tester, I have updated the design as follows:\n\nDesign:\n\nThe count_nums function should accept an array of integers as input and iterate through each element to calculate the sum of its digits. If the sum of digits is greater than 0, the function should increment a counter. If the input array is empty or contains non-integer inputs, the function should return an error message.\n\nPseudocode:\n1. Initialize a variable count to 0\n2. Check if the input array is empty or contains non-integer inputs, return an error message\n3. Iterate through each element in the input array\n4. For each element, calculate the sum of its digits, considering the first signed digit as negative for negative numbers\n5. If the sum of digits is greater than 0, increment the count\n6. After iterating through all elements, return the count\n\nThis updated design includes error handling for non-integer inputs and also considers testing scenarios suggested by the tester, such as empty array, negative numbers, and large numbers.",
    "CodeDraft0": "def count_nums(arr):\n    \"\"\"\n    Write a function count_nums which takes an array of integers and returns\n    the number of elements which has a sum of digits > 0.\n    If a number is negative, then its first signed digit will be negative:\n    e.g. -123 has signed digits -1, 2, and 3.\n    >>> count_nums([]) == 0\n    >>> count_nums([-1, 11, -11]) == 1\n    >>> count_nums([1, 1, 2]) == 3\n    \"\"\"\n    count = 0\n\n    if len(arr) == 0 or not all(isinstance(x, int) for x in arr):\n        return \"Error: Input array is empty or contains non-integer inputs\"\n\n    for num in arr:\n        if num < 0:\n            num_str = str(num)[1:]  # Remove the negative sign\n        else:\n            num_str = str(num)\n\n        digit_sum = sum(int(digit) for digit in num_str)\n        if digit_sum > 0:\n            count += 1\n\n    return count",
    "CodeDraft0_prompt": {
        "Role": "You are a professional engineer. Your duty is to write code in Python that meets the requirements. Ensure that the code you write is efficient, readable, and follows best practices. Remember, do not need to explain the code you wrote.",
        "Instruction": "According to the Context section, write your code.",
        "Example": "",
        "Context": "# Tasks:\n[]\n# Design:\nBased on the suggestions provided by the developer and tester, I have updated the design as follows:\n\nDesign:\n\nThe count_nums function should accept an array of integers as input and iterate through each element to calculate the sum of its digits. If the sum of digits is greater than 0, the function should increment a counter. If the input array is empty or contains non-integer inputs, the function should return an error message.\n\nPseudocode:\n1. Initialize a variable count to 0\n2. Check if the input array is empty or contains non-integer inputs, return an error message\n3. Iterate through each element in the input array\n4. For each element, calculate the sum of its digits, considering the first signed digit as negative for negative numbers\n5. If the sum of digits is greater than 0, increment the count\n6. After iterating through all elements, return the count\n\nThis updated design includes error handling for non-integer inputs and also considers testing scenarios suggested by the tester, such as empty array, negative numbers, and large numbers.",
        "Question": "Follow the Instruction section. Complete the following code:\n\ndef count_nums(arr):\n    \"\"\"\n    Write a function count_nums which takes an array of integers and returns\n    the number of elements which has a sum of digits > 0.\n    If a number is negative, then its first signed digit will be negative:\n    e.g. -123 has signed digits -1, 2, and 3.\n    >>> count_nums([]) == 0\n    >>> count_nums([-1, 11, -11]) == 1\n    >>> count_nums([1, 1, 2]) == 3\n    \"\"\"\n"
    },
    "CodeReviewMeetings0": "{\n  \"Architect\": \"The function should have clearer variable names for better readability. Also, it would be beneficial to add more comments to explain the logic behind the code.\",\n  \"Tester\": \"The test cases seem to cover the basic scenarios, but additional edge cases such as large numbers and zero should be included for thorough testing.\"\n}",
    "Code0CR": "def count_nums(arr):\n    \"\"\"\n    Write a function count_nums which takes an array of integers and returns\n    the number of elements which has a sum of digits > 0.\n    If a number is negative, then its first signed digit will be negative:\n    e.g. -123 has signed digits -1, 2, and 3.\n    >>> count_nums([]) == 0\n    >>> count_nums([-1, 11, -11]) == 1\n    >>> count_nums([1, 1, 2]) == 3\n    \"\"\"\n    # Initialize a variable count to 0\n    count = 0\n    \n    # Check if the input array is empty or contains non-integer inputs, return an error message\n    if len(arr) == 0 or not all(isinstance(x, int) for x in arr):\n        return \"Error: Input array is empty or contains non-integer inputs\"\n\n    # Iterate through each element in the input array\n    for num in arr:\n        # For each element, calculate the sum of its digits, considering the first signed digit as negative for negative numbers\n        sum_of_digits = sum(int(digit) for digit in str(abs(num)))\n        \n        # If the sum of digits is greater than 0, increment the count\n        if sum_of_digits > 0:\n            count += 1\n    \n    # After iterating through all elements, return the count\n    return count",
    "Code0CR_prompt": "{\"Role\": \"You are a professional software engineer. Your duty is to write code in Python that meets the requirements. Ensure that the code you write is efficient, readable, and follows best practices. Remember, do not need to explain the code you wrote.\", \"Instruction\": \"1. Understand the suggestions(in the Context section) about the original code. 2. Rewrite your code.\", \"Example\": \"\", \"Context\": \"# Tasks:\\n[]\\n# Design:\\nBased on the suggestions provided by the developer and tester, I have updated the design as follows:\\n\\nDesign:\\n\\nThe count_nums function should accept an array of integers as input and iterate through each element to calculate the sum of its digits. If the sum of digits is greater than 0, the function should increment a counter. If the input array is empty or contains non-integer inputs, the function should return an error message.\\n\\nPseudocode:\\n1. Initialize a variable count to 0\\n2. Check if the input array is empty or contains non-integer inputs, return an error message\\n3. Iterate through each element in the input array\\n4. For each element, calculate the sum of its digits, considering the first signed digit as negative for negative numbers\\n5. If the sum of digits is greater than 0, increment the count\\n6. After iterating through all elements, return the count\\n\\nThis updated design includes error handling for non-integer inputs and also considers testing scenarios suggested by the tester, such as empty array, negative numbers, and large numbers.# Suggestions:\\n{\\n  \\\"Architect\\\": \\\"The function should have clearer variable names for better readability. Also, it would be beneficial to add more comments to explain the logic behind the code.\\\",\\n  \\\"Tester\\\": \\\"The test cases seem to cover the basic scenarios, but additional edge cases such as large numbers and zero should be included for thorough testing.\\\"\\n}\", \"Question\": \"Follow the Instruction section. Complete the following code:\\n\\ndef count_nums(arr):\\n    \\\"\\\"\\\"\\n    Write a function count_nums which takes an array of integers and returns\\n    the number of elements which has a sum of digits > 0.\\n    If a number is negative, then its first signed digit will be negative:\\n    e.g. -123 has signed digits -1, 2, and 3.\\n    >>> count_nums([]) == 0\\n    >>> count_nums([-1, 11, -11]) == 1\\n    >>> count_nums([1, 1, 2]) == 3\\n    \\\"\\\"\\\"\\n\"}",
    "FinalCode": "def count_nums(arr):\n    count = 0\n    for num in arr:\n        num_str = str(abs(num))\n        sum_of_digits = sum(int(digit) for digit in num_str)\n        if sum_of_digits > 0:\n            count += 1\n    return count\n",
    "Test Cases Draft": "{\n  \"test_cases\": [\n    {\n      \"Test Title\": \"Empty Array Input\",\n      \"Input Data\": \"arr=[]\",\n      \"Expected Output\": 0\n    },\n    {\n      \"Test Title\": \"Negative Numbers\",\n      \"Input Data\": \"arr=[-1, 11, -11]\",\n      \"Expected Output\": 1\n    },\n    {\n      \"Test Title\": \"Positive Numbers\",\n      \"Input Data\": \"arr=[1, 1, 2]\",\n      \"Expected Output\": 3\n    }\n  ]\n}",
    "Test Cases Draft_prompt": "{\"Role\": \"You are a quality assurance engineer. Your duty is to design test cases for the developers.\", \"Instruction\": \"According to the Context section, write test cases. Don't write long strings in your test cases. Response in JSON format.\", \"Example\": \"{\\\"requirement analysis\\\":\\\"analysis\\\",\\\"test_cases\\\":[{\\\"Test Title\\\":\\\"title\\\", \\\"Input Data\\\":\\\"parameter1=[1,2,3],parameter2='123'\\\", \\\"Expected Output\\\":\\\"456\\\"},]}\", \"Context\": \"# UsrtStory:\\n{\\n  \\\"RevisedDocument\\\": {\\n    \\\"UserStory\\\": \\\"As a product owner, I want to create a function called count_nums, which takes an array of integers as input and returns the count of elements that have a sum of digits greater than 0. If a number is negative, its first signed digit will be negative. The function should return 0 if the input array is empty. The function should return the count of elements that meet the specified criteria.\\\",\\n    \\\"ArchitectReview\\\": \\\"The user story is clear and well-defined. The function count_nums should accept an array of integers as input and check the sum of digits for each element. It should handle negative numbers properly by considering the first signed digit as negative. The function should also return 0 if the input array is empty. It seems like the user story covers all the necessary details for implementing the function.\\\",\\n    \\\"TesterReview\\\": \\\"The user story provides clear acceptance criteria for the count_nums function. As a tester, I would suggest writing test cases to cover various scenarios such as positive numbers, negative numbers, empty array, and large numbers. Testing the function with edge cases will ensure its robustness and accuracy in counting the elements that meet the specified criteria.\\\"\\n  }\\n}\\n# Tasks:\\n[]\\n# Design:\\nBased on the suggestions provided by the developer and tester, I have updated the design as follows:\\n\\nDesign:\\n\\nThe count_nums function should accept an array of integers as input and iterate through each element to calculate the sum of its digits. If the sum of digits is greater than 0, the function should increment a counter. If the input array is empty or contains non-integer inputs, the function should return an error message.\\n\\nPseudocode:\\n1. Initialize a variable count to 0\\n2. Check if the input array is empty or contains non-integer inputs, return an error message\\n3. Iterate through each element in the input array\\n4. For each element, calculate the sum of its digits, considering the first signed digit as negative for negative numbers\\n5. If the sum of digits is greater than 0, increment the count\\n6. After iterating through all elements, return the count\\n\\nThis updated design includes error handling for non-integer inputs and also considers testing scenarios suggested by the tester, such as empty array, negative numbers, and large numbers.\", \"Question\": \"\\ndef count_nums(arr):\\n    \\\"\\\"\\\"\\n    Write a function count_nums which takes an array of integers and returns\\n    the number of elements which has a sum of digits > 0.\\n    If a number is negative, then its first signed digit will be negative:\\n    e.g. -123 has signed digits -1, 2, and 3.\\n    >>> count_nums([]) == 0\\n    >>> count_nums([-1, 11, -11]) == 1\\n    >>> count_nums([1, 1, 2]) == 3\\n    \\\"\\\"\\\"\\n\"}",
    "Test Cases Meetings": "{\n  \"Architect\": \"As an Architect, I suggest adding more test cases to cover edge cases such as large arrays, arrays with duplicate elements, and arrays with mixed positive and negative numbers. This will help ensure the robustness of the test cases and the accuracy of the code.\"\n  ,\n  \"Developer\": \"As a Developer, I suggest revising the test cases to include boundary values for the input data, such as an array with only one element or arrays with very large numbers. This will help catch any potential issues with handling extreme input values in the code.\"\n}",
    "Test Cases": "{\n  \"test_cases\": [\n    {\n      \"Test Title\": \"Empty Array Input\",\n      \"Input Data\": \"arr=[]\",\n      \"Expected Output\": 0\n    },\n    {\n      \"Test Title\": \"Negative Numbers\",\n      \"Input Data\": \"arr=[-1, 11, -11]\",\n      \"Expected Output\": 1\n    },\n    {\n      \"Test Title\": \"Positive Numbers\",\n      \"Input Data\": \"arr=[1, 1, 2]\",\n      \"Expected Output\": 3\n    },\n    {\n      \"Test Title\": \"Large Array\",\n      \"Input Data\": \"arr=[1000, 999, 888]\",\n      \"Expected Output\": 3\n    },\n    {\n      \"Test Title\": \"Array with Duplicate Elements\",\n      \"Input Data\": \"arr=[5, 5, 5]\",\n      \"Expected Output\": 3\n    },\n    {\n      \"Test Title\": \"Array with Mixed Positive and Negative Numbers\",\n      \"Input Data\": \"arr=[-1, 2, 3, -4, 5]\",\n      \"Expected Output\": 5\n    },\n    {\n      \"Test Title\": \"Array with Only One Element\",\n      \"Input Data\": \"arr=[5]\",\n      \"Expected Output\": 1\n    },\n    {\n      \"Test Title\": \"Array with Very Large Numbers\",\n      \"Input Data\": \"arr=[999999999, 888888888, 777777777]\",\n      \"Expected Output\": 3\n    }\n  ]\n}",
    "Test Cases_prompt": "{\"Role\": \"You are a quality assurance engineer. Your duty is to revise the test cases based on the suggestions.\", \"Instruction\": \"1. Your colleague give you some suggestions(in the Context section) about the draft test cases, read these suggestions. 2. Revise your draft version test cases, but don't use long parameters. 3. Response in JSON format.\", \"Example\": \"{\\\"requirement analysis\\\":\\\"analysis\\\",\\\"test_cases\\\":[{\\\"Test Title\\\":\\\"title\\\", \\\"Input Data\\\":\\\"parameter1=[1,2,3],parameter2='123'\\\", \\\"Expected Output\\\":\\\"456\\\"},]}\", \"Context\": \"# Suggestions:\\n{\\n  \\\"Architect\\\": \\\"As an Architect, I suggest adding more test cases to cover edge cases such as large arrays, arrays with duplicate elements, and arrays with mixed positive and negative numbers. This will help ensure the robustness of the test cases and the accuracy of the code.\\\"\\n  ,\\n  \\\"Developer\\\": \\\"As a Developer, I suggest revising the test cases to include boundary values for the input data, such as an array with only one element or arrays with very large numbers. This will help catch any potential issues with handling extreme input values in the code.\\\"\\n}\\n # Draft Test cases:\\n{\\n  \\\"test_cases\\\": [\\n    {\\n      \\\"Test Title\\\": \\\"Empty Array Input\\\",\\n      \\\"Input Data\\\": \\\"arr=[]\\\",\\n      \\\"Expected Output\\\": 0\\n    },\\n    {\\n      \\\"Test Title\\\": \\\"Negative Numbers\\\",\\n      \\\"Input Data\\\": \\\"arr=[-1, 11, -11]\\\",\\n      \\\"Expected Output\\\": 1\\n    },\\n    {\\n      \\\"Test Title\\\": \\\"Positive Numbers\\\",\\n      \\\"Input Data\\\": \\\"arr=[1, 1, 2]\\\",\\n      \\\"Expected Output\\\": 3\\n    }\\n  ]\\n}\", \"Question\": \"Follow the Instruction. Please make sure your response length are less than 512. Your test cases is for the below question:\\n\\ndef count_nums(arr):\\n    \\\"\\\"\\\"\\n    Write a function count_nums which takes an array of integers and returns\\n    the number of elements which has a sum of digits > 0.\\n    If a number is negative, then its first signed digit will be negative:\\n    e.g. -123 has signed digits -1, 2, and 3.\\n    >>> count_nums([]) == 0\\n    >>> count_nums([-1, 11, -11]) == 1\\n    >>> count_nums([1, 1, 2]) == 3\\n    \\\"\\\"\\\"\\n\"}",
    "Code0": "def count_nums(arr):\n    count = 0\n    \n    if len(arr) == 0 or not all(isinstance(x, int) for x in arr):\n        return \"Error: Input array is empty or contains non-integer inputs\"\n\n    for num in arr:\n        sum_of_digits = sum(int(digit) for digit in str(abs(num)))\n        \n        if sum_of_digits > 0:\n            count += 1\n    \n    return count",
    "Code0_prompt": {
        "Role": "You are a professional software engineer. Your duty is to write code in Python that meets the requirements. Ensure that the code you write is efficient, readable, and follows best practices. Remember, do not need to explain the code you wrote.",
        "Instruction": "1. Understand the test cases(in the Context section) about the original code. 2. Rewrite your code, make sure your code pass all test cases.",
        "Example": "",
        "Context": "# Original Code:\ndef count_nums(arr):\n    \"\"\"\n    Write a function count_nums which takes an array of integers and returns\n    the number of elements which has a sum of digits > 0.\n    If a number is negative, then its first signed digit will be negative:\n    e.g. -123 has signed digits -1, 2, and 3.\n    >>> count_nums([]) == 0\n    >>> count_nums([-1, 11, -11]) == 1\n    >>> count_nums([1, 1, 2]) == 3\n    \"\"\"\n    # Initialize a variable count to 0\n    count = 0\n    \n    # Check if the input array is empty or contains non-integer inputs, return an error message\n    if len(arr) == 0 or not all(isinstance(x, int) for x in arr):\n        return \"Error: Input array is empty or contains non-integer inputs\"\n\n    # Iterate through each element in the input array\n    for num in arr:\n        # For each element, calculate the sum of its digits, considering the first signed digit as negative for negative numbers\n        sum_of_digits = sum(int(digit) for digit in str(abs(num)))\n        \n        # If the sum of digits is greater than 0, increment the count\n        if sum_of_digits > 0:\n            count += 1\n    \n    # After iterating through all elements, return the count\n    return count\n# Test Cases:\n{\n  \"test_cases\": [\n    {\n      \"Test Title\": \"Empty Array Input\",\n      \"Input Data\": \"arr=[]\",\n      \"Expected Output\": 0\n    },\n    {\n      \"Test Title\": \"Negative Numbers\",\n      \"Input Data\": \"arr=[-1, 11, -11]\",\n      \"Expected Output\": 1\n    },\n    {\n      \"Test Title\": \"Positive Numbers\",\n      \"Input Data\": \"arr=[1, 1, 2]\",\n      \"Expected Output\": 3\n    },\n    {\n      \"Test Title\": \"Large Array\",\n      \"Input Data\": \"arr=[1000, 999, 888]\",\n      \"Expected Output\": 3\n    },\n    {\n      \"Test Title\": \"Array with Duplicate Elements\",\n      \"Input Data\": \"arr=[5, 5, 5]\",\n      \"Expected Output\": 3\n    },\n    {\n      \"Test Title\": \"Array with Mixed Positive and Negative Numbers\",\n      \"Input Data\": \"arr=[-1, 2, 3, -4, 5]\",\n      \"Expected Output\": 5\n    },\n    {\n      \"Test Title\": \"Array with Only One Element\",\n      \"Input Data\": \"arr=[5]\",\n      \"Expected Output\": 1\n    },\n    {\n      \"Test Title\": \"Array with Very Large Numbers\",\n      \"Input Data\": \"arr=[999999999, 888888888, 777777777]\",\n      \"Expected Output\": 3\n    }\n  ]\n}",
        "Question": "\ndef count_nums(arr):\n    \"\"\"\n    Write a function count_nums which takes an array of integers and returns\n    the number of elements which has a sum of digits > 0.\n    If a number is negative, then its first signed digit will be negative:\n    e.g. -123 has signed digits -1, 2, and 3.\n    >>> count_nums([]) == 0\n    >>> count_nums([-1, 11, -11]) == 1\n    >>> count_nums([1, 1, 2]) == 3\n    \"\"\"\n"
    },
    "TestScriptOriginal": "import unittest\n\ndef count_nums(arr):\n    count = 0\n    for num in arr:\n        if sum(int(digit) for digit in str(abs(num))) > 0:\n            count += 1\n    return count\n\nclass Test(unittest.TestCase):\n    def test_empty_array(self):\n        self.assertEqual(count_nums([]), 0)\n\n    def test_negative_numbers(self):\n        self.assertEqual(count_nums([-1, 11, -11]), 1)\n\n    def test_positive_numbers(self):\n        self.assertEqual(count_nums([1, 1, 2]), 3)\n\nif __name__ == '__main__':\n    unittest.main()",
    "TestScriptOriginal_prompt": "{\"Role\": \"You are a quality assurance engineer. Your duty is to write a python test script in unittest framework.\", \"Instruction\": \"1. Write a python test script. 2. Use the input and output given by the question.\", \"Example\": \"import unittest\\n\\nclass Test(unittest.TestCase):\\n    def test(self):\\n        self.assertEqual(function_under_test('a'), 1)\\n\\nif __name__ == '__main__':\\n    unittest.main()\", \"Context\": \"\", \"Question\": \"\\ndef count_nums(arr):\\n    \\\"\\\"\\\"\\n    Write a function count_nums which takes an array of integers and returns\\n    the number of elements which has a sum of digits > 0.\\n    If a number is negative, then its first signed digit will be negative:\\n    e.g. -123 has signed digits -1, 2, and 3.\\n    >>> count_nums([]) == 0\\n    >>> count_nums([-1, 11, -11]) == 1\\n    >>> count_nums([1, 1, 2]) == 3\\n    \\\"\\\"\\\"\\n\"}",
    "TestScript": "import unittest\n\nclass Test(unittest.TestCase):\n    def test_empty_array(self):\n        self.assertEqual(count_nums([]), 0)\n\n    def test_negative_numbers(self):\n        self.assertEqual(count_nums([-1, 11, -11]), 1)\n\n    def test_positive_numbers(self):\n        self.assertEqual(count_nums([1, 1, 2]), 3)\n\nif __name__ == '__main__':\n    unittest.main()",
    "ScriptResult0": "FF.\n======================================================================\nFAIL: test_empty_array (__main__.Test)\n----------------------------------------------------------------------\nTraceback (most recent call last):\n  File \"/Users/watch/PycharmProjects/XXXX-1-LLM/workspace/2024-02-13_14-15-17-279240/test_script.py\", line 18, in test_empty_array\n    self.assertEqual(count_nums([]), 0)\nAssertionError: 'Error: Input array is empty or contains non-integer inputs' != 0\n\n======================================================================\nFAIL: test_negative_numbers (__main__.Test)\n----------------------------------------------------------------------\nTraceback (most recent call last):\n  File \"/Users/watch/PycharmProjects/XXXX-1-LLM/workspace/2024-02-13_14-15-17-279240/test_script.py\", line 21, in test_negative_numbers\n    self.assertEqual(count_nums([-1, 11, -11]), 1)\nAssertionError: 3 != 1\n\n----------------------------------------------------------------------\nRan 3 tests in 0.000s\n\nFAILED (failures=2)\n",
    "TestReport0": "Test Report:\n\nTest Case 1:\n- Input: []\n- Expected Output: \"Error: Input array is empty or contains non-integer inputs\"\n- Actual Output: 0\n- Result: FAIL\n\nTest Case 2:\n- Input: [-1, 11, -11]\n- Expected Output: 1\n- Actual Output: 3\n- Result: FAIL\n\nConclusion: Code Test Failed\n\nNote: The test script output indicates that the code has failed the tests. The actual output does not match the expected output for both test cases. The test cases have been provided in the report as per the instruction.",
    "SprintReview0": "[ScrumMaster]says: Here is our test Report: Test Report:\n\nTest Case 1:\n- Input: []\n- Expected Output: \"Error: Input array is empty or contains non-integer inputs\"\n- Actual Output: 0\n- Result: FAIL\n\nTest Case 2:\n- Input: [-1, 11, -11]\n- Expected Output: 1\n- Actual Output: 3\n- Result: FAIL\n\nConclusion: Code Test Failed\n\nNote: The test script output indicates that the code has failed the tests. The actual output does not match the expected output for both test cases. The test cases have been provided in the report as per the instruction., do you have any ideas?\n-----\n\n[ProductOwner]says: As a Product Owner, I think we should prioritize fixing the code to ensure it passes the test cases before moving forward with any other product development.\n-----\n\n[Architect]says: As an Architect, I believe we should review the code to identify the discrepancies between the expected and actual outputs and then make appropriate changes to the code.\n-----\n\n[Tester]says: As a Tester, I think we should review the code and debug it to identify the issues causing the failed test cases.\n-----\n\n[Developer]says: As a Developer, I think we need to review the code and identify the issues causing the test failures. We can then work on fixing those issues to ensure the code passes the tests.\n-----\n\n[Architect]says: As an Architect, I think we should conduct a code review to identify and address the discrepancies between the expected and actual outputs before proceeding with any further development.\n-----\n\n[ProductOwner]says: As a Product Owner, I think we should prioritize fixing the code to ensure it passes the test cases before moving forward with any other product development.\n-----\n\n[Developer]says: As a Developer, I think we need to review the code and identify the issues causing the test failures. We can then work on fixing those issues to ensure the code passes the tests.\n-----\n\n[Tester]says: [Tester] To create a product, we should review the code and debug it to identify the issues causing the failed test cases.\n-----\n",
    "SprintReviewMeetings0": "{\n  \"product-owner\": [\"We should prioritize fixing the code to ensure it passes the test cases before moving forward with any other product development.\"],\n  \"architect\": [\"We should review the code to identify the discrepancies between the expected and actual outputs and then make appropriate changes to the code.\", \"We should conduct a code review to identify and address the discrepancies between the expected and actual outputs before proceeding with any further development.\"],\n  \"developer\": [\"We need to review the code and identify the issues causing the test failures. We can then work on fixing those issues to ensure the code passes the tests.\"],\n  \"tester\": [\"We should review the code and debug it to identify the issues causing the failed test cases.\", \"To create a product, we should review the code and debug it to identify the issues causing the failed test cases.\"]\n}",
    "SprintReviewMeetings0_prompt": "{\"Role\": \"You are a professional scrum master. Your goal is to summary the Discussion History into a suggestions list for the scrum team.\", \"Instruction\": \"1. Read and Understand the Discussion History. 2. Summary the suggestions from four roles: product-owner/architect/developer/tester. 3. Response in JSON format.\", \"Example\": \"{\\\"product-owner\\\":[\\\"suggestion1\\\",\\\"suggestion2\\\"],\\\"architect\\\":[\\\"suggestion1\\\",\\\"suggestion2\\\"], \\\"developer\\\":[\\\"suggestion1\\\",\\\"suggestion2\\\"], \\\"tester\\\":[\\\"suggestion1\\\",\\\"suggestion2\\\"]}\", \"Context\": \"[ScrumMaster]says: Here is our test Report: Test Report:\\n\\nTest Case 1:\\n- Input: []\\n- Expected Output: \\\"Error: Input array is empty or contains non-integer inputs\\\"\\n- Actual Output: 0\\n- Result: FAIL\\n\\nTest Case 2:\\n- Input: [-1, 11, -11]\\n- Expected Output: 1\\n- Actual Output: 3\\n- Result: FAIL\\n\\nConclusion: Code Test Failed\\n\\nNote: The test script output indicates that the code has failed the tests. The actual output does not match the expected output for both test cases. The test cases have been provided in the report as per the instruction., do you have any ideas?\\n-----\\n\\n[ProductOwner]says: As a Product Owner, I think we should prioritize fixing the code to ensure it passes the test cases before moving forward with any other product development.\\n-----\\n\\n[Architect]says: As an Architect, I believe we should review the code to identify the discrepancies between the expected and actual outputs and then make appropriate changes to the code.\\n-----\\n\\n[Tester]says: As a Tester, I think we should review the code and debug it to identify the issues causing the failed test cases.\\n-----\\n\\n[Developer]says: As a Developer, I think we need to review the code and identify the issues causing the test failures. We can then work on fixing those issues to ensure the code passes the tests.\\n-----\\n\\n[Architect]says: As an Architect, I think we should conduct a code review to identify and address the discrepancies between the expected and actual outputs before proceeding with any further development.\\n-----\\n\\n[ProductOwner]says: As a Product Owner, I think we should prioritize fixing the code to ensure it passes the test cases before moving forward with any other product development.\\n-----\\n\\n[Developer]says: As a Developer, I think we need to review the code and identify the issues causing the test failures. We can then work on fixing those issues to ensure the code passes the tests.\\n-----\\n\\n[Tester]says: [Tester] To create a product, we should review the code and debug it to identify the issues causing the failed test cases.\\n-----\\n\", \"Question\": \"Follow the Instruction section. The Discussion History is in the Context section. You only need to return a list as the Example section.\"}",
    "RepairResponse0": "{\n\"revised_code\": \"def count_nums(arr):\\n    \\\"\\\"\\\"\\n    Write a function count_nums which takes an array of integers and returns\\n    the number of elements which has a sum of digits > 0.\\n    If a number is negative, then its first signed digit will be negative:\\n    e.g. -123 has signed digits -1, 2, and 3.\\n    >>> count_nums([]) == 0\\n    >>> count_nums([-1, 11, -11]) == 1\\n    >>> count_nums([1, 1, 2]) == 3\\n    \\\"\\\"\\\"\\n    count = 0\\n    for num in arr:\\n        num_str = str(abs(num))\\n        sum_of_digits = sum(int(digit) for digit in num_str)\\n        if sum_of_digits > 0:\\n            count += 1\\n    return count\"\n}",
    "RepairResponse0_prompt": {
        "Role": "You are a professional software engineer. Your duty is to write code in Python that meets the requirements. Ensure that the code you write is efficient, readable, and follows best practices. Remember, do not need to explain the code you wrote.",
        "Instruction": "1. Rewrite a bug fix version of the original code. 2. Response in JSON format.",
        "Example": "{\"revised_code\":\"...\"}",
        "Context": "# Test Report:\nTest Report:\n\nTest Case 1:\n- Input: []\n- Expected Output: \"Error: Input array is empty or contains non-integer inputs\"\n- Actual Output: 0\n- Result: FAIL\n\nTest Case 2:\n- Input: [-1, 11, -11]\n- Expected Output: 1\n- Actual Output: 3\n- Result: FAIL\n\nConclusion: Code Test Failed\n\nNote: The test script output indicates that the code has failed the tests. The actual output does not match the expected output for both test cases. The test cases have been provided in the report as per the instruction.# suggestions:\n{\"product-owner\": [\"We should prioritize fixing the code to ensure it passes the test cases before moving forward with any other product development.\"], \"architect\": [\"We should review the code to identify the discrepancies between the expected and actual outputs and then make appropriate changes to the code.\", \"We should conduct a code review to identify and address the discrepancies between the expected and actual outputs before proceeding with any further development.\"], \"developer\": [\"We need to review the code and identify the issues causing the test failures. We can then work on fixing those issues to ensure the code passes the tests.\"], \"tester\": [\"We should review the code and debug it to identify the issues causing the failed test cases.\", \"To create a product, we should review the code and debug it to identify the issues causing the failed test cases.\"]}",
        "Question": "The original code has some bugs, according to the test report and suggestions, rewrite the code. Complete the following code:\n\ndef count_nums(arr):\n    \"\"\"\n    Write a function count_nums which takes an array of integers and returns\n    the number of elements which has a sum of digits > 0.\n    If a number is negative, then its first signed digit will be negative:\n    e.g. -123 has signed digits -1, 2, and 3.\n    >>> count_nums([]) == 0\n    >>> count_nums([-1, 11, -11]) == 1\n    >>> count_nums([1, 1, 2]) == 3\n    \"\"\"\n"
    },
    "Code1": "def count_nums(arr):\n    \"\"\"\n    Write a function count_nums which takes an array of integers and returns\n    the number of elements which has a sum of digits > 0.\n    If a number is negative, then its first signed digit will be negative:\n    e.g. -123 has signed digits -1, 2, and 3.\n    >>> count_nums([]) == 0\n    >>> count_nums([-1, 11, -11]) == 1\n    >>> count_nums([1, 1, 2]) == 3\n    \"\"\"\n    count = 0\n    for num in arr:\n        num_str = str(abs(num))\n        sum_of_digits = sum(int(digit) for digit in num_str)\n        if sum_of_digits > 0:\n            count += 1\n    return count",
    "ScriptResult1": ".F.\n======================================================================\nFAIL: test_negative_numbers (__main__.Test)\n----------------------------------------------------------------------\nTraceback (most recent call last):\n  File \"/Users/watch/PycharmProjects/XXXX-1-LLM/workspace/2024-02-13_14-15-17-279240/test_script.py\", line 25, in test_negative_numbers\n    self.assertEqual(count_nums([-1, 11, -11]), 1)\nAssertionError: 3 != 1\n\n----------------------------------------------------------------------\nRan 3 tests in 0.000s\n\nFAILED (failures=1)\n",
    "TestReport1": "Test Report\n\nTest Script's Output:\n.F.\n======================================================================\nFAIL: test_negative_numbers (__main__.Test)\n----------------------------------------------------------------------\nTraceback (most recent call last):\n  File \"/Users/watch/PycharmProjects/XXXX-1-LLM/workspace/2024-02-13_14-15-17-279240/test_script.py\", line 25, in test_negative_numbers\n    self.assertEqual(count_nums([-1, 11, -11]), 1)\nAssertionError: 3 != 1\n\n----------------------------------------------------------------------\nRan 3 tests in 0.000s\n\nFAILED (failures=1)\n\nConclusion: Code Test Failed\n\nInput and Expected Output Example:\ndef count_nums(arr):\n    \"\"\"\n    Write a function count_nums which takes an array of integers and returns\n    the number of elements which has a sum of digits > 0.\n    If a number is negative, then its first signed digit will be negative:\n    e.g. -123 has signed digits -1, 2, and 3.\n    >>> count_nums([]) == 0\n    >>> count_nums([-1, 11, -11]) == 1\n    >>> count_nums([1, 1, 2]) == 3\n    \"\"\"\n    count = 0\n    for num in arr:\n        num_str = str(abs(num))\n        sum_of_digits = sum(int(digit) for digit in num_str)\n        if sum_of_digits > 0:\n            count += 1\n    return count\n\nBased on the test script's output, the test for the function count_nums has failed. The assertion error indicates that the expected output of 1 does not match the actual output of 3 for the input [-1, 11, -11]. Further investigation and debugging are required to address this issue and ensure the function produces the expected output.\n\nCode Test Failed",
    "SprintReview1": "[ScrumMaster]says: Here is our test Report: Test Report\n\nTest Script's Output:\n.F.\n======================================================================\nFAIL: test_negative_numbers (__main__.Test)\n----------------------------------------------------------------------\nTraceback (most recent call last):\n  File \"/Users/watch/PycharmProjects/XXXX-1-LLM/workspace/2024-02-13_14-15-17-279240/test_script.py\", line 25, in test_negative_numbers\n    self.assertEqual(count_nums([-1, 11, -11]), 1)\nAssertionError: 3 != 1\n\n----------------------------------------------------------------------\nRan 3 tests in 0.000s\n\nFAILED (failures=1)\n\nConclusion: Code Test Failed\n\nInput and Expected Output Example:\ndef count_nums(arr):\n    \"\"\"\n    Write a function count_nums which takes an array of integers and returns\n    the number of elements which has a sum of digits > 0.\n    If a number is negative, then its first signed digit will be negative:\n    e.g. -123 has signed digits -1, 2, and 3.\n    >>> count_nums([]) == 0\n    >>> count_nums([-1, 11, -11]) == 1\n    >>> count_nums([1, 1, 2]) == 3\n    \"\"\"\n    count = 0\n    for num in arr:\n        num_str = str(abs(num))\n        sum_of_digits = sum(int(digit) for digit in num_str)\n        if sum_of_digits > 0:\n            count += 1\n    return count\n\nBased on the test script's output, the test for the function count_nums has failed. The assertion error indicates that the expected output of 1 does not match the actual output of 3 for the input [-1, 11, -11]. Further investigation and debugging are required to address this issue and ensure the function produces the expected output.\n\nCode Test Failed, do you have any ideas?\n-----\n\n[Developer]says: As a Developer, I will review the code for the count_nums function and debug it to address the assertion error in the test report.\n-----\n\n[Architect]says: As an Architect, I suggest reviewing the function count_nums and its implementation to identify the source of the discrepancy in the test results and debug the code accordingly.\n-----\n\n[Tester]says: As a Tester, based on the test script's output, it is clear that the test for the function count_nums has failed, and further investigation and debugging are required to address this issue.\n-----\n\n[Developer]says: As a Developer, I will review the code for the count_nums function and debug it to address the assertion error in the test report.\n-----\n\n[Architect]says: As an Architect, I would recommend conducting a thorough review of the count_nums function and its implementation to identify the source of the discrepancy in the test results.\n-----\n\n[ProductOwner]says: As a Product Owner, I suggest conducting a thorough review of the code and test script to identify and fix the issue.\n-----\n\n[Tester]says: As a Tester, I will conduct further investigation and debugging to address the issue with the count_nums function.\n-----\n\n[ProductOwner]says: As a Product Owner, I suggest conducting a thorough review of the code and test script to identify and fix the issue.\n-----\n",
    "SprintReviewMeetings1": "{\n  \"product-owner\": [\"conducting a thorough review of the code and test script to identify and fix the issue.\"],\n  \"architect\": [\"reviewing the function count_nums and its implementation to identify the source of the discrepancy in the test results and debug the code accordingly.\"],\n  \"developer\": [\"review the code for the count_nums function and debug it to address the assertion error in the test report.\"],\n  \"tester\": [\"conduct further investigation and debugging to address the issue with the count_nums function.\"]\n}",
    "SprintReviewMeetings1_prompt": "{\"Role\": \"You are a professional scrum master. Your goal is to summary the Discussion History into a suggestions list for the scrum team.\", \"Instruction\": \"1. Read and Understand the Discussion History. 2. Summary the suggestions from four roles: product-owner/architect/developer/tester. 3. Response in JSON format.\", \"Example\": \"{\\\"product-owner\\\":[\\\"suggestion1\\\",\\\"suggestion2\\\"],\\\"architect\\\":[\\\"suggestion1\\\",\\\"suggestion2\\\"], \\\"developer\\\":[\\\"suggestion1\\\",\\\"suggestion2\\\"], \\\"tester\\\":[\\\"suggestion1\\\",\\\"suggestion2\\\"]}\", \"Context\": \"[ScrumMaster]says: Here is our test Report: Test Report\\n\\nTest Script's Output:\\n.F.\\n======================================================================\\nFAIL: test_negative_numbers (__main__.Test)\\n----------------------------------------------------------------------\\nTraceback (most recent call last):\\n  File \\\"/Users/watch/PycharmProjects/XXXX-1-LLM/workspace/2024-02-13_14-15-17-279240/test_script.py\\\", line 25, in test_negative_numbers\\n    self.assertEqual(count_nums([-1, 11, -11]), 1)\\nAssertionError: 3 != 1\\n\\n----------------------------------------------------------------------\\nRan 3 tests in 0.000s\\n\\nFAILED (failures=1)\\n\\nConclusion: Code Test Failed\\n\\nInput and Expected Output Example:\\ndef count_nums(arr):\\n    \\\"\\\"\\\"\\n    Write a function count_nums which takes an array of integers and returns\\n    the number of elements which has a sum of digits > 0.\\n    If a number is negative, then its first signed digit will be negative:\\n    e.g. -123 has signed digits -1, 2, and 3.\\n    >>> count_nums([]) == 0\\n    >>> count_nums([-1, 11, -11]) == 1\\n    >>> count_nums([1, 1, 2]) == 3\\n    \\\"\\\"\\\"\\n    count = 0\\n    for num in arr:\\n        num_str = str(abs(num))\\n        sum_of_digits = sum(int(digit) for digit in num_str)\\n        if sum_of_digits > 0:\\n            count += 1\\n    return count\\n\\nBased on the test script's output, the test for the function count_nums has failed. The assertion error indicates that the expected output of 1 does not match the actual output of 3 for the input [-1, 11, -11]. Further investigation and debugging are required to address this issue and ensure the function produces the expected output.\\n\\nCode Test Failed, do you have any ideas?\\n-----\\n\\n[Developer]says: As a Developer, I will review the code for the count_nums function and debug it to address the assertion error in the test report.\\n-----\\n\\n[Architect]says: As an Architect, I suggest reviewing the function count_nums and its implementation to identify the source of the discrepancy in the test results and debug the code accordingly.\\n-----\\n\\n[Tester]says: As a Tester, based on the test script's output, it is clear that the test for the function count_nums has failed, and further investigation and debugging are required to address this issue.\\n-----\\n\\n[Developer]says: As a Developer, I will review the code for the count_nums function and debug it to address the assertion error in the test report.\\n-----\\n\\n[Architect]says: As an Architect, I would recommend conducting a thorough review of the count_nums function and its implementation to identify the source of the discrepancy in the test results.\\n-----\\n\\n[ProductOwner]says: As a Product Owner, I suggest conducting a thorough review of the code and test script to identify and fix the issue.\\n-----\\n\\n[Tester]says: As a Tester, I will conduct further investigation and debugging to address the issue with the count_nums function.\\n-----\\n\\n[ProductOwner]says: As a Product Owner, I suggest conducting a thorough review of the code and test script to identify and fix the issue.\\n-----\\n\", \"Question\": \"Follow the Instruction section. The Discussion History is in the Context section. You only need to return a list as the Example section.\"}",
    "RepairResponse1": "{\n  \"revised_code\": \"def count_nums(arr):\\n    count = 0\\n    for num in arr:\\n        num_str = str(abs(num))\\n        sum_of_digits = sum(int(digit) for digit in num_str)\\n        if sum_of_digits > 0:\\n            count += 1\\n    return count\"\n}",
    "RepairResponse1_prompt": {
        "Role": "You are a professional software engineer. Your duty is to write code in Python that meets the requirements. Ensure that the code you write is efficient, readable, and follows best practices. Remember, do not need to explain the code you wrote.",
        "Instruction": "1. Rewrite a bug fix version of the original code. 2. Response in JSON format.",
        "Example": "{\"revised_code\":\"...\"}",
        "Context": "# Test Report:\nTest Report\n\nTest Script's Output:\n.F.\n======================================================================\nFAIL: test_negative_numbers (__main__.Test)\n----------------------------------------------------------------------\nTraceback (most recent call last):\n  File \"/Users/watch/PycharmProjects/XXXX-1-LLM/workspace/2024-02-13_14-15-17-279240/test_script.py\", line 25, in test_negative_numbers\n    self.assertEqual(count_nums([-1, 11, -11]), 1)\nAssertionError: 3 != 1\n\n----------------------------------------------------------------------\nRan 3 tests in 0.000s\n\nFAILED (failures=1)\n\nConclusion: Code Test Failed\n\nInput and Expected Output Example:\ndef count_nums(arr):\n    \"\"\"\n    Write a function count_nums which takes an array of integers and returns\n    the number of elements which has a sum of digits > 0.\n    If a number is negative, then its first signed digit will be negative:\n    e.g. -123 has signed digits -1, 2, and 3.\n    >>> count_nums([]) == 0\n    >>> count_nums([-1, 11, -11]) == 1\n    >>> count_nums([1, 1, 2]) == 3\n    \"\"\"\n    count = 0\n    for num in arr:\n        num_str = str(abs(num))\n        sum_of_digits = sum(int(digit) for digit in num_str)\n        if sum_of_digits > 0:\n            count += 1\n    return count\n\nBased on the test script's output, the test for the function count_nums has failed. The assertion error indicates that the expected output of 1 does not match the actual output of 3 for the input [-1, 11, -11]. Further investigation and debugging are required to address this issue and ensure the function produces the expected output.\n\nCode Test Failed# suggestions:\n{\"product-owner\": [\"conducting a thorough review of the code and test script to identify and fix the issue.\"], \"architect\": [\"reviewing the function count_nums and its implementation to identify the source of the discrepancy in the test results and debug the code accordingly.\"], \"developer\": [\"review the code for the count_nums function and debug it to address the assertion error in the test report.\"], \"tester\": [\"conduct further investigation and debugging to address the issue with the count_nums function.\"]}",
        "Question": "The original code has some bugs, according to the test report and suggestions, rewrite the code. Complete the following code:\n\ndef count_nums(arr):\n    \"\"\"\n    Write a function count_nums which takes an array of integers and returns\n    the number of elements which has a sum of digits > 0.\n    If a number is negative, then its first signed digit will be negative:\n    e.g. -123 has signed digits -1, 2, and 3.\n    >>> count_nums([]) == 0\n    >>> count_nums([-1, 11, -11]) == 1\n    >>> count_nums([1, 1, 2]) == 3\n    \"\"\"\n"
    },
    "Code2": "def count_nums(arr):\n    count = 0\n    for num in arr:\n        num_str = str(abs(num))\n        sum_of_digits = sum(int(digit) for digit in num_str)\n        if sum_of_digits > 0:\n            count += 1\n    return count",
    "ScriptResult2": ".F.\n======================================================================\nFAIL: test_negative_numbers (__main__.Test)\n----------------------------------------------------------------------\nTraceback (most recent call last):\n  File \"/Users/watch/PycharmProjects/XXXX-1-LLM/workspace/2024-02-13_14-15-17-279240/test_script.py\", line 16, in test_negative_numbers\n    self.assertEqual(count_nums([-1, 11, -11]), 1)\nAssertionError: 3 != 1\n\n----------------------------------------------------------------------\nRan 3 tests in 0.000s\n\nFAILED (failures=1)\n",
    "TestReport2": "Test Report:\n\nTest Script's Output:\n.F.\n======================================================================\nFAIL: test_negative_numbers (__main__.Test)\n----------------------------------------------------------------------\nTraceback (most recent call last):\n  File \"/Users/watch/PycharmProjects/XXXX-1-LLM/workspace/2024-02-13_14-15-17-279240/test_script.py\", line 16, in test_negative_numbers\n    self.assertEqual(count_nums([-1, 11, -11]), 1)\nAssertionError: 3 != 1\n\n----------------------------------------------------------------------\nRan 3 tests in 0.000s\n\nFAILED (failures=1)\n\nTest Conclusion: Code Test Failed\n\nInput and Expected Output Example:\ndef count_nums(arr):\n    count = 0\n    for num in arr:\n        num_str = str(abs(num))\n        sum_of_digits = sum(int(digit) for digit in num_str)\n        if sum_of_digits > 0:\n            count += 1\n    return count\n\nThe test for counting negative numbers failed as the expected output was 1, but the actual output was 3. The test script detected a failure in the test for negative numbers.\n\nCode Test Failed",
    "SprintReview2": "[ScrumMaster]says: Here is our test Report: Test Report:\n\nTest Script's Output:\n.F.\n======================================================================\nFAIL: test_negative_numbers (__main__.Test)\n----------------------------------------------------------------------\nTraceback (most recent call last):\n  File \"/Users/watch/PycharmProjects/XXXX-1-LLM/workspace/2024-02-13_14-15-17-279240/test_script.py\", line 16, in test_negative_numbers\n    self.assertEqual(count_nums([-1, 11, -11]), 1)\nAssertionError: 3 != 1\n\n----------------------------------------------------------------------\nRan 3 tests in 0.000s\n\nFAILED (failures=1)\n\nTest Conclusion: Code Test Failed\n\nInput and Expected Output Example:\ndef count_nums(arr):\n    count = 0\n    for num in arr:\n        num_str = str(abs(num))\n        sum_of_digits = sum(int(digit) for digit in num_str)\n        if sum_of_digits > 0:\n            count += 1\n    return count\n\nThe test for counting negative numbers failed as the expected output was 1, but the actual output was 3. The test script detected a failure in the test for negative numbers.\n\nCode Test Failed, do you have any ideas?\n-----\n\n[Developer]says: As a Developer, I believe we should review the logic in the count_nums function and ensure it accurately counts negative numbers.\n-----\n\n[ProductOwner]says: As a Product Owner, we should prioritize fixing the failing test for counting negative numbers as it is essential for the functionality of the product.\n-----\n\n[Developer]says: As a Developer, I believe we should review the logic in the count_nums function and ensure it accurately counts negative numbers.\n-----\n\n[Architect]says: As an Architect, I would suggest reviewing the code for counting negative numbers and ensuring that it accurately reflects the expected output. Additionally, we should consider implementing additional test cases to cover various scenarios.\n-----\n\n[Tester]says: As a Tester, it seems like there might be an issue with the count_nums function when it comes to counting negative numbers. I suggest reviewing the logic and implementation of the function to identify and fix the issue.\n-----\n\n[Architect]says: As an Architect, I would suggest reviewing the code for counting negative numbers and ensuring that it accurately reflects the expected output. Additionally, we should consider implementing additional test cases to cover various scenarios.\n-----\n\n[ProductOwner]says: [ProductOwner] To create a product, we should prioritize fixing the failing test for counting negative numbers as it is essential for the functionality of the product.\n-----\n\n[Tester]says: As a Tester, I agree that there may be an issue with the count_nums function and recommend reviewing the implementation to identify and fix the issue.\n-----\n",
    "SprintReviewMeetings2": "{\n  \"product-owner\": [\n    \"We should prioritize fixing the failing test for counting negative numbers as it is essential for the functionality of the product.\"\n  ],\n  \"architect\": [\n    \"Review the code for counting negative numbers and ensure that it accurately reflects the expected output.\",\n    \"Consider implementing additional test cases to cover various scenarios.\"\n  ],\n  \"developer\": [\n    \"Review the logic in the count_nums function and ensure it accurately counts negative numbers.\"\n  ],\n  \"tester\": [\n    \"Review the logic and implementation of the count_nums function to identify and fix the issue.\"\n  ]\n}",
    "SprintReviewMeetings2_prompt": "{\"Role\": \"You are a professional scrum master. Your goal is to summary the Discussion History into a suggestions list for the scrum team.\", \"Instruction\": \"1. Read and Understand the Discussion History. 2. Summary the suggestions from four roles: product-owner/architect/developer/tester. 3. Response in JSON format.\", \"Example\": \"{\\\"product-owner\\\":[\\\"suggestion1\\\",\\\"suggestion2\\\"],\\\"architect\\\":[\\\"suggestion1\\\",\\\"suggestion2\\\"], \\\"developer\\\":[\\\"suggestion1\\\",\\\"suggestion2\\\"], \\\"tester\\\":[\\\"suggestion1\\\",\\\"suggestion2\\\"]}\", \"Context\": \"[ScrumMaster]says: Here is our test Report: Test Report:\\n\\nTest Script's Output:\\n.F.\\n======================================================================\\nFAIL: test_negative_numbers (__main__.Test)\\n----------------------------------------------------------------------\\nTraceback (most recent call last):\\n  File \\\"/Users/watch/PycharmProjects/XXXX-1-LLM/workspace/2024-02-13_14-15-17-279240/test_script.py\\\", line 16, in test_negative_numbers\\n    self.assertEqual(count_nums([-1, 11, -11]), 1)\\nAssertionError: 3 != 1\\n\\n----------------------------------------------------------------------\\nRan 3 tests in 0.000s\\n\\nFAILED (failures=1)\\n\\nTest Conclusion: Code Test Failed\\n\\nInput and Expected Output Example:\\ndef count_nums(arr):\\n    count = 0\\n    for num in arr:\\n        num_str = str(abs(num))\\n        sum_of_digits = sum(int(digit) for digit in num_str)\\n        if sum_of_digits > 0:\\n            count += 1\\n    return count\\n\\nThe test for counting negative numbers failed as the expected output was 1, but the actual output was 3. The test script detected a failure in the test for negative numbers.\\n\\nCode Test Failed, do you have any ideas?\\n-----\\n\\n[Developer]says: As a Developer, I believe we should review the logic in the count_nums function and ensure it accurately counts negative numbers.\\n-----\\n\\n[ProductOwner]says: As a Product Owner, we should prioritize fixing the failing test for counting negative numbers as it is essential for the functionality of the product.\\n-----\\n\\n[Developer]says: As a Developer, I believe we should review the logic in the count_nums function and ensure it accurately counts negative numbers.\\n-----\\n\\n[Architect]says: As an Architect, I would suggest reviewing the code for counting negative numbers and ensuring that it accurately reflects the expected output. Additionally, we should consider implementing additional test cases to cover various scenarios.\\n-----\\n\\n[Tester]says: As a Tester, it seems like there might be an issue with the count_nums function when it comes to counting negative numbers. I suggest reviewing the logic and implementation of the function to identify and fix the issue.\\n-----\\n\\n[Architect]says: As an Architect, I would suggest reviewing the code for counting negative numbers and ensuring that it accurately reflects the expected output. Additionally, we should consider implementing additional test cases to cover various scenarios.\\n-----\\n\\n[ProductOwner]says: [ProductOwner] To create a product, we should prioritize fixing the failing test for counting negative numbers as it is essential for the functionality of the product.\\n-----\\n\\n[Tester]says: As a Tester, I agree that there may be an issue with the count_nums function and recommend reviewing the implementation to identify and fix the issue.\\n-----\\n\", \"Question\": \"Follow the Instruction section. The Discussion History is in the Context section. You only need to return a list as the Example section.\"}",
    "RepairResponse2": "{\n  \"revised_code\": \"def count_nums(arr):\\n    count = 0\\n    for num in arr:\\n        num_str = str(abs(num))\\n        sum_of_digits = sum(int(digit) for digit in num_str)\\n        if sum_of_digits > 0:\\n            count += 1\\n    return count\\n\"\n}",
    "RepairResponse2_prompt": {
        "Role": "You are a professional software engineer. Your duty is to write code in Python that meets the requirements. Ensure that the code you write is efficient, readable, and follows best practices. Remember, do not need to explain the code you wrote.",
        "Instruction": "1. Rewrite a bug fix version of the original code. 2. Response in JSON format.",
        "Example": "{\"revised_code\":\"...\"}",
        "Context": "# Test Report:\nTest Report:\n\nTest Script's Output:\n.F.\n======================================================================\nFAIL: test_negative_numbers (__main__.Test)\n----------------------------------------------------------------------\nTraceback (most recent call last):\n  File \"/Users/watch/PycharmProjects/XXXX-1-LLM/workspace/2024-02-13_14-15-17-279240/test_script.py\", line 16, in test_negative_numbers\n    self.assertEqual(count_nums([-1, 11, -11]), 1)\nAssertionError: 3 != 1\n\n----------------------------------------------------------------------\nRan 3 tests in 0.000s\n\nFAILED (failures=1)\n\nTest Conclusion: Code Test Failed\n\nInput and Expected Output Example:\ndef count_nums(arr):\n    count = 0\n    for num in arr:\n        num_str = str(abs(num))\n        sum_of_digits = sum(int(digit) for digit in num_str)\n        if sum_of_digits > 0:\n            count += 1\n    return count\n\nThe test for counting negative numbers failed as the expected output was 1, but the actual output was 3. The test script detected a failure in the test for negative numbers.\n\nCode Test Failed# suggestions:\n{\"product-owner\": [\"We should prioritize fixing the failing test for counting negative numbers as it is essential for the functionality of the product.\"], \"architect\": [\"Review the code for counting negative numbers and ensure that it accurately reflects the expected output.\", \"Consider implementing additional test cases to cover various scenarios.\"], \"developer\": [\"Review the logic in the count_nums function and ensure it accurately counts negative numbers.\"], \"tester\": [\"Review the logic and implementation of the count_nums function to identify and fix the issue.\"]}",
        "Question": "The original code has some bugs, according to the test report and suggestions, rewrite the code. Complete the following code:\n\ndef count_nums(arr):\n    \"\"\"\n    Write a function count_nums which takes an array of integers and returns\n    the number of elements which has a sum of digits > 0.\n    If a number is negative, then its first signed digit will be negative:\n    e.g. -123 has signed digits -1, 2, and 3.\n    >>> count_nums([]) == 0\n    >>> count_nums([-1, 11, -11]) == 1\n    >>> count_nums([1, 1, 2]) == 3\n    \"\"\"\n"
    },
    "Code3": "def count_nums(arr):\n    count = 0\n    for num in arr:\n        num_str = str(abs(num))\n        sum_of_digits = sum(int(digit) for digit in num_str)\n        if sum_of_digits > 0:\n            count += 1\n    return count\n",
    "ScriptResult3": ".F.\n======================================================================\nFAIL: test_negative_numbers (__main__.Test)\n----------------------------------------------------------------------\nTraceback (most recent call last):\n  File \"/Users/watch/PycharmProjects/XXXX-1-LLM/workspace/2024-02-13_14-15-17-279240/test_script.py\", line 17, in test_negative_numbers\n    self.assertEqual(count_nums([-1, 11, -11]), 1)\nAssertionError: 3 != 1\n\n----------------------------------------------------------------------\nRan 3 tests in 0.000s\n\nFAILED (failures=1)\n",
    "TestReport3": "Test Report:\n\nTest Case: test_negative_numbers\nInput: [-1, 11, -11]\nExpected Output: 1\nActual Output: 3\nResult: FAIL\n\nConclusion: Code Test Failed\n\nExplanation: The test case for the function count_nums has failed. The input [-1, 11, -11] was expected to return 1, but the actual output was 3. This indicates a discrepancy in the code implementation for handling negative numbers.\n\nRecommendation: The code needs to be revised to correctly handle negative numbers and return the expected output.\n\nAdditional Comments: The remaining test cases passed successfully."
}