{
    "start_time": "2024-03-11_09-16-46-933541",
    "task": "def find_adverbs(text):\n'''Write a function to find the first adverb ending with ly and its positions in a given string.\nassert find_adverbs(\"Clearly, he has no excuse for such behavior.\") == '0-7: Clearly''''\n",
    "datetime": {
        "task": "2024-03-11 09:16:46",
        "task-id": "2024-03-11 09:16:46",
        "workflow": "2024-03-11 09:16:46",
        "Discussion": "2024-03-11 09:16:48",
        "DisorderedSprintMeetings": "2024-03-11 09:16:49",
        "DesignDraft0": "2024-03-11 09:16:51",
        "DesignMeetings0": "2024-03-11 09:16:53",
        "Design0": "2024-03-11 09:16:57",
        "CodeDraft0": "2024-03-11 09:16:58",
        "CodeReviewMeetings0": "2024-03-11 09:16:59",
        "Code0CR": "2024-03-11 09:17:01",
        "FinalCode": "2024-03-11 09:17:38",
        "Test Cases Draft": "2024-03-11 09:17:03",
        "Test Cases Meetings": "2024-03-11 09:17:04",
        "Test Cases": "2024-03-11 09:17:06",
        "Code0": "2024-03-11 09:17:07",
        "TestScriptOriginal": "2024-03-11 09:17:09",
        "TestScript": "2024-03-11 09:17:09",
        "ScriptResult0": "2024-03-11 09:17:09",
        "TestReport0": "2024-03-11 09:17:11",
        "SprintReview0": "2024-03-11 09:17:13",
        "SprintReviewMeetings0": "2024-03-11 09:17:15",
        "RepairResponse0": "2024-03-11 09:17:17",
        "Code1": "2024-03-11 09:17:17",
        "ScriptResult1": "2024-03-11 09:17:17",
        "TestReport1": "2024-03-11 09:17:21",
        "SprintReview1": "2024-03-11 09:17:23",
        "SprintReviewMeetings1": "2024-03-11 09:17:25",
        "RepairResponse1": "2024-03-11 09:17:27",
        "Code2": "2024-03-11 09:17:27",
        "ScriptResult2": "2024-03-11 09:17:27",
        "TestReport2": "2024-03-11 09:17:31",
        "SprintReview2": "2024-03-11 09:17:35",
        "SprintReviewMeetings2": "2024-03-11 09:17:36",
        "RepairResponse2": "2024-03-11 09:17:38",
        "Code3": "2024-03-11 09:17:38",
        "ScriptResult3": "2024-03-11 09:17:38",
        "TestReport3": "2024-03-11 09:17:41"
    },
    "task-id": 584,
    "workflow": "agile/agile_version_0.0.5_remove.json",
    "Discussion": "[ScrumMaster]says: We have a job: def find_adverbs(text):\n'''Write a function to find the first adverb ending with ly and its positions in a given string.\nassert find_adverbs(\"Clearly, he has no excuse for such behavior.\") == '0-7: Clearly''''\n, do you have any ideas?\n-----\n\n[Developer]says: As a developer, I think we should start by breaking down the problem and creating a plan to identify adverbs ending with \"ly\" in the given string.\n-----\n\n[ProductOwner]says: As a Product Owner, I think the first step is to understand the user stories and prioritize the requirements for the function find_adverbs.\n-----\n\n[Tester]says: As a Tester, I suggest we start by identifying the requirements for the function and then proceed with writing test cases to ensure its accuracy and effectiveness.\n-----\n\n[Architect]says: As an architect, I suggest considering the use of Natural Language Processing techniques to identify adverbs ending in \"ly\" and their positions in the given string. This could involve analyzing the syntactic structure of the sentence and applying pattern matching algorithms.\n-----\n\n[Tester]says: [Tester] I will start by identifying the requirements for the function and then proceed with writing test cases to ensure its accuracy and effectiveness.\n-----\n\n[Developer]says: [Developer] To create a product, we should start by breaking down the problem and creating a plan to identify adverbs ending with \"ly\" in the given string.\n-----\n\n[ProductOwner]says: [ProductOwner] To create a product, we should prioritize the user stories and requirements for the function find_adverbs. Let's ensure we understand the key features needed.\n-----\n\n[Architect]says: As an architect, I suggest considering the use of Natural Language Processing techniques to identify adverbs ending in \"ly\" and their positions in the given string. This could involve analyzing the syntactic structure of the sentence and applying pattern matching algorithms.\n-----\n",
    "DisorderedSprintMeetings": "{\n  \"product-owner\":[\"Understand user stories and prioritize function requirements\", \"Ensure key features are understood\"],\n  \"architect\":[\"Consider use of Natural Language Processing techniques\", \"Analyze syntactic structure and apply pattern matching algorithms\"],\n  \"developer\":[\"Break down the problem and create a plan to identify adverbs ending with \\\"ly\\\"\", \"Implement the plan\"],\n  \"tester\":[\"Identify requirements for the function\", \"Write test cases to ensure accuracy and effectiveness\"]\n}",
    "DisorderedSprintMeetings_prompt": "{\"Role\": \"You are a professional scrum master. Your goal is to breakdown the Discussion History into a task list for the scrum team.\", \"Instruction\": \"1. Read and Understand the Discussion History. 2. Define the tasks for four roles: product-owner/architect/developer/tester. 3. Response in JSON format.\", \"Example\": \"{\\\"product-owner\\\":[\\\"task1\\\",\\\"task2\\\"],\\\"architect\\\":[\\\"task1\\\",\\\"task2\\\"], \\\"developer\\\":[\\\"task1\\\",\\\"task2\\\"], \\\"tester\\\":[\\\"task1\\\",\\\"task2\\\"]}\", \"Context\": \"[ScrumMaster]says: We have a job: def find_adverbs(text):\\n'''Write a function to find the first adverb ending with ly and its positions in a given string.\\nassert find_adverbs(\\\"Clearly, he has no excuse for such behavior.\\\") == '0-7: Clearly''''\\n, do you have any ideas?\\n-----\\n\\n[Developer]says: As a developer, I think we should start by breaking down the problem and creating a plan to identify adverbs ending with \\\"ly\\\" in the given string.\\n-----\\n\\n[ProductOwner]says: As a Product Owner, I think the first step is to understand the user stories and prioritize the requirements for the function find_adverbs.\\n-----\\n\\n[Tester]says: As a Tester, I suggest we start by identifying the requirements for the function and then proceed with writing test cases to ensure its accuracy and effectiveness.\\n-----\\n\\n[Architect]says: As an architect, I suggest considering the use of Natural Language Processing techniques to identify adverbs ending in \\\"ly\\\" and their positions in the given string. This could involve analyzing the syntactic structure of the sentence and applying pattern matching algorithms.\\n-----\\n\\n[Tester]says: [Tester] I will start by identifying the requirements for the function and then proceed with writing test cases to ensure its accuracy and effectiveness.\\n-----\\n\\n[Developer]says: [Developer] To create a product, we should start by breaking down the problem and creating a plan to identify adverbs ending with \\\"ly\\\" in the given string.\\n-----\\n\\n[ProductOwner]says: [ProductOwner] To create a product, we should prioritize the user stories and requirements for the function find_adverbs. Let's ensure we understand the key features needed.\\n-----\\n\\n[Architect]says: As an architect, I suggest considering the use of Natural Language Processing techniques to identify adverbs ending in \\\"ly\\\" and their positions in the given string. This could involve analyzing the syntactic structure of the sentence and applying pattern matching algorithms.\\n-----\\n\", \"Question\": \"Follow the Instruction section. The Discussion History is in the Context section. You only need to return a task list as the Example section.\"}",
    "DesignDraft0": "Design:\n\n1. Create a function called find_adverbs that takes a string as input.\n2. Inside the function, utilize Natural Language Processing techniques to analyze the syntactic structure of the input text.\n3. Apply pattern matching algorithms to identify adverbs ending with \"ly\" in the text.\n4. Return the position of the first adverb ending with \"ly\" and its corresponding word.\n5. Use assertions to test the function with the given example input and expected output.\n\nNote: The design should guide the developer on how to approach the problem using NLP techniques and pattern matching algorithms, rather than providing specific implementation details.",
    "DesignMeetings0": "{\n  \"Developer\": \"As a developer, I would suggest providing more detailed guidance on which NLP techniques to use and how to apply pattern matching algorithms. Additionally, it would be helpful to include information on how to handle cases where there are no adverbs ending with 'ly' in the input text.\",\n  \"Tester\": \"As a tester, I would suggest creating test cases for different types of input texts, including cases where there are no adverbs ending with 'ly'. Additionally, it would be important to test the function with inputs of varying lengths and complexity to ensure its robustness.\"\n}",
    "Design0": "New Design:\n\nBased on the suggestions provided by the developer and tester, I have revised the design as follows:\n\n1. Create a function called find_adverbs that takes a string as input.\n2. Inside the function, provide detailed guidance on utilizing Natural Language Processing techniques to analyze the syntactic structure of the input text. This should include information on which NLP techniques to use and how to apply them for identifying adverbs.\n3. Incorporate pattern matching algorithms to identify adverbs ending with \"ly\" in the text, and also include information on how to handle cases where there are no adverbs ending with \"ly\" in the input text.\n4. Return the position of the first adverb ending with \"ly\" and its corresponding word, while also considering scenarios where there are no adverbs ending with \"ly\" in the input text.\n5. Create test cases for different types of input texts, including cases where there are no adverbs ending with \"ly\". Additionally, test the function with inputs of varying lengths and complexity to ensure its robustness. Use assertions to test the function with the given example input and expected output.\n\nThis revised design aims to provide the developer with a more detailed and comprehensive guide on how to approach the problem using NLP techniques and pattern matching algorithms, while also addressing the testing requirements suggested by the tester.",
    "CodeDraft0": "def find_adverbs(text):\n    # Write a function to find the first adverb ending with ly and its positions in a given string.\n    # Implement the plan provided in the design section\n    pass  # Your code goes here\n\n# Test the function with the given example input and expected output\nassert find_adverbs(\"Clearly, he has no excuse for such behavior.\") == '0-7: Clearly'",
    "CodeDraft0_prompt": {
        "Role": "You are a professional engineer. Your duty is to write code in Python that meets the requirements. Ensure that the code you write is efficient, readable, and follows best practices. Remember, do not need to explain the code you wrote.",
        "Instruction": "According to the Context section, write your code.",
        "Example": "",
        "Context": "# Tasks:\n['Break down the problem and create a plan to identify adverbs ending with \"ly\"', 'Implement the plan']\n# Design:\nNew Design:\n\nBased on the suggestions provided by the developer and tester, I have revised the design as follows:\n\n1. Create a function called find_adverbs that takes a string as input.\n2. Inside the function, provide detailed guidance on utilizing Natural Language Processing techniques to analyze the syntactic structure of the input text. This should include information on which NLP techniques to use and how to apply them for identifying adverbs.\n3. Incorporate pattern matching algorithms to identify adverbs ending with \"ly\" in the text, and also include information on how to handle cases where there are no adverbs ending with \"ly\" in the input text.\n4. Return the position of the first adverb ending with \"ly\" and its corresponding word, while also considering scenarios where there are no adverbs ending with \"ly\" in the input text.\n5. Create test cases for different types of input texts, including cases where there are no adverbs ending with \"ly\". Additionally, test the function with inputs of varying lengths and complexity to ensure its robustness. Use assertions to test the function with the given example input and expected output.\n\nThis revised design aims to provide the developer with a more detailed and comprehensive guide on how to approach the problem using NLP techniques and pattern matching algorithms, while also addressing the testing requirements suggested by the tester.",
        "Question": "Follow the Instruction section. Complete the following code:\ndef find_adverbs(text):\n'''Write a function to find the first adverb ending with ly and its positions in a given string.\nassert find_adverbs(\"Clearly, he has no excuse for such behavior.\") == '0-7: Clearly''''\n"
    },
    "CodeReviewMeetings0": "{\n  \"Architect\": \"The function should start by splitting the input text into words and then iterate through each word to check if it ends with 'ly' to identify adverbs. It should return the position and the adverb found as a string in the format 'position: adverb'. Also, consider handling cases where there are multiple adverbs in the input text.\",\n  \"Tester\": \"Test the function with different input texts containing multiple adverbs, adverbs at the beginning, middle, and end of the sentence, and no adverbs to ensure it handles all cases correctly.\"\n}",
    "Code0CR": "def find_adverbs(text):\n    words = text.split()\n    for i, word in enumerate(words):\n        if word.endswith('ly'):\n            return f\"{i}-{i+len(word)-1}: {word}\"\n    return None\n\n# Test cases\nassert find_adverbs(\"Clearly, he has no excuse for such behavior.\") == '0-7: Clearly'",
    "Code0CR_prompt": "{\"Role\": \"You are a professional software engineer. Your duty is to write code in Python that meets the requirements. Ensure that the code you write is efficient, readable, and follows best practices. Remember, do not need to explain the code you wrote.\", \"Instruction\": \"1. Understand the suggestions(in the Context section) about the original code. 2. Rewrite your code.\", \"Example\": \"\", \"Context\": \"# Tasks:\\n['Break down the problem and create a plan to identify adverbs ending with \\\"ly\\\"', 'Implement the plan']\\n# Design:\\nNew Design:\\n\\nBased on the suggestions provided by the developer and tester, I have revised the design as follows:\\n\\n1. Create a function called find_adverbs that takes a string as input.\\n2. Inside the function, provide detailed guidance on utilizing Natural Language Processing techniques to analyze the syntactic structure of the input text. This should include information on which NLP techniques to use and how to apply them for identifying adverbs.\\n3. Incorporate pattern matching algorithms to identify adverbs ending with \\\"ly\\\" in the text, and also include information on how to handle cases where there are no adverbs ending with \\\"ly\\\" in the input text.\\n4. Return the position of the first adverb ending with \\\"ly\\\" and its corresponding word, while also considering scenarios where there are no adverbs ending with \\\"ly\\\" in the input text.\\n5. Create test cases for different types of input texts, including cases where there are no adverbs ending with \\\"ly\\\". Additionally, test the function with inputs of varying lengths and complexity to ensure its robustness. Use assertions to test the function with the given example input and expected output.\\n\\nThis revised design aims to provide the developer with a more detailed and comprehensive guide on how to approach the problem using NLP techniques and pattern matching algorithms, while also addressing the testing requirements suggested by the tester.# Suggestions:\\n{\\n  \\\"Architect\\\": \\\"The function should start by splitting the input text into words and then iterate through each word to check if it ends with 'ly' to identify adverbs. It should return the position and the adverb found as a string in the format 'position: adverb'. Also, consider handling cases where there are multiple adverbs in the input text.\\\",\\n  \\\"Tester\\\": \\\"Test the function with different input texts containing multiple adverbs, adverbs at the beginning, middle, and end of the sentence, and no adverbs to ensure it handles all cases correctly.\\\"\\n}\", \"Question\": \"Follow the Instruction section. Complete the following code:\\ndef find_adverbs(text):\\n'''Write a function to find the first adverb ending with ly and its positions in a given string.\\nassert find_adverbs(\\\"Clearly, he has no excuse for such behavior.\\\") == '0-7: Clearly''''\\n\"}",
    "FinalCode": "def find_adverbs(text):\n    words = text.split()\n    for i in range(len(words)):\n        if words[i].endswith('ly'):\n            return f'{i}-{i+len(words[i])-1}: {words[i]}'\n    return ''",
    "Test Cases Draft": "{\n  \"test_cases\": [\n    {\n      \"Test Title\": \"Adverb ending with ly exists\",\n      \"Input Data\": \"parameter1='Clearly, he has no excuse for such behavior.'\",\n      \"Expected Output\": \"0-7: Clearly\"\n    },\n    {\n      \"Test Title\": \"Adverb ending with ly does not exist\",\n      \"Input Data\": \"parameter1='He has no excuse for such behavior.'\",\n      \"Expected Output\": \"None\"\n    },\n    {\n      \"Test Title\": \"Empty input text\",\n      \"Input Data\": \"parameter1=''\",\n      \"Expected Output\": \"None\"\n    }\n  ]\n}",
    "Test Cases Draft_prompt": "{\"Role\": \"You are a quality assurance engineer. Your duty is to design test cases for the developers.\", \"Instruction\": \"According to the Context section, write test cases. Don't write long strings in your test cases. Response in JSON format.\", \"Example\": \"{\\\"requirement analysis\\\":\\\"analysis\\\",\\\"test_cases\\\":[{\\\"Test Title\\\":\\\"title\\\", \\\"Input Data\\\":\\\"parameter1=[1,2,3],parameter2='123'\\\", \\\"Expected Output\\\":\\\"456\\\"},]}\", \"Context\": \"# Tasks:\\n['Identify requirements for the function', 'Write test cases to ensure accuracy and effectiveness']\\n# Design:\\nNew Design:\\n\\nBased on the suggestions provided by the developer and tester, I have revised the design as follows:\\n\\n1. Create a function called find_adverbs that takes a string as input.\\n2. Inside the function, provide detailed guidance on utilizing Natural Language Processing techniques to analyze the syntactic structure of the input text. This should include information on which NLP techniques to use and how to apply them for identifying adverbs.\\n3. Incorporate pattern matching algorithms to identify adverbs ending with \\\"ly\\\" in the text, and also include information on how to handle cases where there are no adverbs ending with \\\"ly\\\" in the input text.\\n4. Return the position of the first adverb ending with \\\"ly\\\" and its corresponding word, while also considering scenarios where there are no adverbs ending with \\\"ly\\\" in the input text.\\n5. Create test cases for different types of input texts, including cases where there are no adverbs ending with \\\"ly\\\". Additionally, test the function with inputs of varying lengths and complexity to ensure its robustness. Use assertions to test the function with the given example input and expected output.\\n\\nThis revised design aims to provide the developer with a more detailed and comprehensive guide on how to approach the problem using NLP techniques and pattern matching algorithms, while also addressing the testing requirements suggested by the tester.\", \"Question\": \"def find_adverbs(text):\\n'''Write a function to find the first adverb ending with ly and its positions in a given string.\\nassert find_adverbs(\\\"Clearly, he has no excuse for such behavior.\\\") == '0-7: Clearly''''\\n\"}",
    "Test Cases Meetings": "{\n  \"Architect\": \"As an Architect, I suggest reviewing the test cases to include more edge cases and boundary scenarios. Additionally, consider adding negative test cases to validate the system's behavior when unexpected input is provided.\",\n  \"Developer\": \"As a Developer, I recommend revising the test cases to include assertions that cover a wider range of scenarios. This could involve testing for different variations of adverbs ending with 'ly' and ensuring the system handles empty input correctly.\"\n}",
    "Test Cases": "{\n  \"test_cases\": [\n    {\n      \"Test Title\": \"Adverb ending with ly exists - Boundary Scenario\",\n      \"Input Data\": \"text='Clearly, he has no excuse for such behavior.'\",\n      \"Expected Output\": \"0-7: Clearly\"\n    },\n    {\n      \"Test Title\": \"Adverb ending with ly does not exist - Edge Case\",\n      \"Input Data\": \"text='He has no excuse for such behavior.'\",\n      \"Expected Output\": \"None\"\n    },\n    {\n      \"Test Title\": \"Empty input text - Negative Test Case\",\n      \"Input Data\": \"text=''\",\n      \"Expected Output\": \"None\"\n    }\n  ]\n}",
    "Test Cases_prompt": "{\"Role\": \"You are a quality assurance engineer. Your duty is to revise the test cases based on the suggestions.\", \"Instruction\": \"1. Your colleague give you some suggestions(in the Context section) about the draft test cases, read these suggestions. 2. Revise your draft version test cases, but don't use long parameters. 3. Response in JSON format.\", \"Example\": \"{\\\"requirement analysis\\\":\\\"analysis\\\",\\\"test_cases\\\":[{\\\"Test Title\\\":\\\"title\\\", \\\"Input Data\\\":\\\"parameter1=[1,2,3],parameter2='123'\\\", \\\"Expected Output\\\":\\\"456\\\"},]}\", \"Context\": \"# Suggestions:\\n{\\n  \\\"Architect\\\": \\\"As an Architect, I suggest reviewing the test cases to include more edge cases and boundary scenarios. Additionally, consider adding negative test cases to validate the system's behavior when unexpected input is provided.\\\",\\n  \\\"Developer\\\": \\\"As a Developer, I recommend revising the test cases to include assertions that cover a wider range of scenarios. This could involve testing for different variations of adverbs ending with 'ly' and ensuring the system handles empty input correctly.\\\"\\n}\\n # Draft Test cases:\\n{\\n  \\\"test_cases\\\": [\\n    {\\n      \\\"Test Title\\\": \\\"Adverb ending with ly exists\\\",\\n      \\\"Input Data\\\": \\\"parameter1='Clearly, he has no excuse for such behavior.'\\\",\\n      \\\"Expected Output\\\": \\\"0-7: Clearly\\\"\\n    },\\n    {\\n      \\\"Test Title\\\": \\\"Adverb ending with ly does not exist\\\",\\n      \\\"Input Data\\\": \\\"parameter1='He has no excuse for such behavior.'\\\",\\n      \\\"Expected Output\\\": \\\"None\\\"\\n    },\\n    {\\n      \\\"Test Title\\\": \\\"Empty input text\\\",\\n      \\\"Input Data\\\": \\\"parameter1=''\\\",\\n      \\\"Expected Output\\\": \\\"None\\\"\\n    }\\n  ]\\n}\", \"Question\": \"Follow the Instruction. Please make sure your response length are less than 512. Your test cases is for the below question:\\ndef find_adverbs(text):\\n'''Write a function to find the first adverb ending with ly and its positions in a given string.\\nassert find_adverbs(\\\"Clearly, he has no excuse for such behavior.\\\") == '0-7: Clearly''''\\n\"}",
    "Code0": "def find_adverbs(text):\n    words = text.split()\n    for i, word in enumerate(words):\n        if word.endswith('ly'):\n            return f\"{i}-{i+len(word)-1}: {word}\"\n    return None",
    "Code0_prompt": {
        "Role": "You are a professional software engineer. Your duty is to write code in Python that meets the requirements. Ensure that the code you write is efficient, readable, and follows best practices. Remember, do not need to explain the code you wrote.",
        "Instruction": "1. Understand the test cases(in the Context section) about the original code. 2. Rewrite your code, make sure your code pass all test cases.",
        "Example": "",
        "Context": "# Original Code:\ndef find_adverbs(text):\n    words = text.split()\n    for i, word in enumerate(words):\n        if word.endswith('ly'):\n            return f\"{i}-{i+len(word)-1}: {word}\"\n    return None\n\n# Test cases\nassert find_adverbs(\"Clearly, he has no excuse for such behavior.\") == '0-7: Clearly'\n# Test Cases:\n{\n  \"test_cases\": [\n    {\n      \"Test Title\": \"Adverb ending with ly exists - Boundary Scenario\",\n      \"Input Data\": \"text='Clearly, he has no excuse for such behavior.'\",\n      \"Expected Output\": \"0-7: Clearly\"\n    },\n    {\n      \"Test Title\": \"Adverb ending with ly does not exist - Edge Case\",\n      \"Input Data\": \"text='He has no excuse for such behavior.'\",\n      \"Expected Output\": \"None\"\n    },\n    {\n      \"Test Title\": \"Empty input text - Negative Test Case\",\n      \"Input Data\": \"text=''\",\n      \"Expected Output\": \"None\"\n    }\n  ]\n}",
        "Question": "def find_adverbs(text):\n'''Write a function to find the first adverb ending with ly and its positions in a given string.\nassert find_adverbs(\"Clearly, he has no excuse for such behavior.\") == '0-7: Clearly''''\n"
    },
    "TestScriptOriginal": "import unittest\n\ndef find_adverbs(text):\n    '''Write a function to find the first adverb ending with ly and its positions in a given string.'''\n    words = text.split()\n    for i, word in enumerate(words):\n        if word.endswith(\"ly\"):\n            return f\"{i}-{i+len(word)-1}: {word}\"\n    return None\n\nclass Test(unittest.TestCase):\n\n    def test(self):\n        self.assertEqual(find_adverbs(\"Clearly, he has no excuse for such behavior.\"), '0-7: Clearly')\n\nif __name__ == '__main__':\n    unittest.main()",
    "TestScriptOriginal_prompt": "{\"Role\": \"You are a quality assurance engineer. Your duty is to write a python test script in unittest framework.\", \"Instruction\": \"1. Write a python test script. 2. Use the input and output given by the question.\", \"Example\": \"import unittest\\n\\nclass Test(unittest.TestCase):\\n    def test(self):\\n        self.assertEqual(function_under_test('a'), 1)\\n\\nif __name__ == '__main__':\\n    unittest.main()\", \"Context\": \"\", \"Question\": \"def find_adverbs(text):\\n'''Write a function to find the first adverb ending with ly and its positions in a given string.\\nassert find_adverbs(\\\"Clearly, he has no excuse for such behavior.\\\") == '0-7: Clearly''''\\n\"}",
    "TestScript": "import unittest\n\nclass Test(unittest.TestCase):\n\n    def test(self):\n        self.assertEqual(find_adverbs(\"Clearly, he has no excuse for such behavior.\"), '0-7: Clearly')\n\nif __name__ == '__main__':\n    unittest.main()",
    "ScriptResult0": "F\n======================================================================\nFAIL: test (__main__.Test)\n----------------------------------------------------------------------\nTraceback (most recent call last):\n  File \"/Users/watch/PycharmProjects/XXXX-1-LLM/workspace/2024-03-11_09-16-46-933541/test_script.py\", line 12, in test\n    self.assertEqual(find_adverbs(\"Clearly, he has no excuse for such behavior.\"), '0-7: Clearly')\nAssertionError: None != '0-7: Clearly'\n\n----------------------------------------------------------------------\nRan 1 test in 0.000s\n\nFAILED (failures=1)\n",
    "TestReport0": "Test Report:\n\nTest script's output:\nF\n======================================================================\nFAIL: test (__main__.Test)\n----------------------------------------------------------------------\nTraceback (most recent call last):\n  File \"/Users/watch/PycharmProjects/XXXX-1-LLM/workspace/2024-03-11_09-16-46-933541/test_script.py\", line 12, in test\n    self.assertEqual(find_adverbs(\"Clearly, he has no excuse for such behavior.\"), '0-7: Clearly')\nAssertionError: None != '0-7: Clearly'\n\n----------------------------------------------------------------------\nRan 1 test in 0.000s\n\nFAILED (failures=1)\n\nCode Test Failed\n\nInput example:\nText: \"Clearly, he has no excuse for such behavior.\"\nExpected Output: '0-7: Clearly'\n\nConclusion: Code Test Failed. The find_adverbs function did not return the expected output '0-7: Clearly' for the input \"Clearly, he has no excuse for such behavior.\"",
    "SprintReview0": "[ScrumMaster]says: Here is our test Report: Test Report:\n\nTest script's output:\nF\n======================================================================\nFAIL: test (__main__.Test)\n----------------------------------------------------------------------\nTraceback (most recent call last):\n  File \"/Users/watch/PycharmProjects/XXXX-1-LLM/workspace/2024-03-11_09-16-46-933541/test_script.py\", line 12, in test\n    self.assertEqual(find_adverbs(\"Clearly, he has no excuse for such behavior.\"), '0-7: Clearly')\nAssertionError: None != '0-7: Clearly'\n\n----------------------------------------------------------------------\nRan 1 test in 0.000s\n\nFAILED (failures=1)\n\nCode Test Failed\n\nInput example:\nText: \"Clearly, he has no excuse for such behavior.\"\nExpected Output: '0-7: Clearly'\n\nConclusion: Code Test Failed. The find_adverbs function did not return the expected output '0-7: Clearly' for the input \"Clearly, he has no excuse for such behavior.\", do you have any ideas?\n-----\n\n[Architect]says: As an Architect, I recommend conducting a code review to identify any potential issues and ensure that the function find_adverbs returns the expected output.\n-----\n\n[ProductOwner]says: As a Product Owner, I think we need to prioritize fixing the find_adverbs function to ensure the product meets the expected output.\n-----\n\n[Developer]says: As a Developer, I will review the test report and the code to identify any issues with the find_adverbs function and propose potential solutions.\n-----\n\n[Tester]says: As a Tester, it seems that the find_adverbs function is not returning the expected output, so we need to review the code and test script to identify the issue and make necessary corrections.\n-----\n\n[Developer]says: As a Developer, I will review the test report and the code to identify any issues with the find_adverbs function and propose potential solutions.\n-----\n\n[Architect]says: As an architect, I recommend conducting a code review to identify any potential issues and ensure that the function find_adverbs returns the expected output.\n-----\n\n[ProductOwner]says: As a Product Owner, I believe it is crucial to prioritize fixing the find_adverbs function to ensure the product meets the expected output.\n-----\n\n[Tester]says: [Tester] As a Tester, it seems that the find_adverbs function is not returning the expected output, so we need to review the code and test script to identify the issue and make necessary corrections.\n-----\n",
    "SprintReviewMeetings0": "{\n  \"product-owner\": [\n    \"I think we need to prioritize fixing the find_adverbs function to ensure the product meets the expected output.\"\n  ],\n  \"architect\": [\n    \"I recommend conducting a code review to identify any potential issues and ensure that the function find_adverbs returns the expected output.\"\n  ],\n  \"developer\": [\n    \"I will review the test report and the code to identify any issues with the find_adverbs function and propose potential solutions.\"\n  ],\n  \"tester\": [\n    \"It seems that the find_adverbs function is not returning the expected output, so we need to review the code and test script to identify the issue and make necessary corrections.\"\n  ]\n}",
    "SprintReviewMeetings0_prompt": "{\"Role\": \"You are a professional scrum master. Your goal is to summary the Discussion History into a suggestions list for the scrum team.\", \"Instruction\": \"1. Read and Understand the Discussion History. 2. Summary the suggestions from four roles: product-owner/architect/developer/tester. 3. Response in JSON format.\", \"Example\": \"{\\\"product-owner\\\":[\\\"suggestion1\\\",\\\"suggestion2\\\"],\\\"architect\\\":[\\\"suggestion1\\\",\\\"suggestion2\\\"], \\\"developer\\\":[\\\"suggestion1\\\",\\\"suggestion2\\\"], \\\"tester\\\":[\\\"suggestion1\\\",\\\"suggestion2\\\"]}\", \"Context\": \"[ScrumMaster]says: Here is our test Report: Test Report:\\n\\nTest script's output:\\nF\\n======================================================================\\nFAIL: test (__main__.Test)\\n----------------------------------------------------------------------\\nTraceback (most recent call last):\\n  File \\\"/Users/watch/PycharmProjects/XXXX-1-LLM/workspace/2024-03-11_09-16-46-933541/test_script.py\\\", line 12, in test\\n    self.assertEqual(find_adverbs(\\\"Clearly, he has no excuse for such behavior.\\\"), '0-7: Clearly')\\nAssertionError: None != '0-7: Clearly'\\n\\n----------------------------------------------------------------------\\nRan 1 test in 0.000s\\n\\nFAILED (failures=1)\\n\\nCode Test Failed\\n\\nInput example:\\nText: \\\"Clearly, he has no excuse for such behavior.\\\"\\nExpected Output: '0-7: Clearly'\\n\\nConclusion: Code Test Failed. The find_adverbs function did not return the expected output '0-7: Clearly' for the input \\\"Clearly, he has no excuse for such behavior.\\\", do you have any ideas?\\n-----\\n\\n[Architect]says: As an Architect, I recommend conducting a code review to identify any potential issues and ensure that the function find_adverbs returns the expected output.\\n-----\\n\\n[ProductOwner]says: As a Product Owner, I think we need to prioritize fixing the find_adverbs function to ensure the product meets the expected output.\\n-----\\n\\n[Developer]says: As a Developer, I will review the test report and the code to identify any issues with the find_adverbs function and propose potential solutions.\\n-----\\n\\n[Tester]says: As a Tester, it seems that the find_adverbs function is not returning the expected output, so we need to review the code and test script to identify the issue and make necessary corrections.\\n-----\\n\\n[Developer]says: As a Developer, I will review the test report and the code to identify any issues with the find_adverbs function and propose potential solutions.\\n-----\\n\\n[Architect]says: As an architect, I recommend conducting a code review to identify any potential issues and ensure that the function find_adverbs returns the expected output.\\n-----\\n\\n[ProductOwner]says: As a Product Owner, I believe it is crucial to prioritize fixing the find_adverbs function to ensure the product meets the expected output.\\n-----\\n\\n[Tester]says: [Tester] As a Tester, it seems that the find_adverbs function is not returning the expected output, so we need to review the code and test script to identify the issue and make necessary corrections.\\n-----\\n\", \"Question\": \"Follow the Instruction section. The Discussion History is in the Context section. You only need to return a list as the Example section.\"}",
    "RepairResponse0": "{\n  \"revised_code\": \"def find_adverbs(text):\\n    adverbs = []\\n    words = text.split()\\n    for i in range(len(words)):\\n        if words[i].endswith('ly'):\\n            adverbs.append(str(i) + '-' + str(i + len(words[i]) - 1) + ': ' + words[i])\\n    return adverbs[0]\"\n}",
    "RepairResponse0_prompt": {
        "Role": "You are a professional software engineer. Your duty is to write code in Python that meets the requirements. Ensure that the code you write is efficient, readable, and follows best practices. Remember, do not need to explain the code you wrote.",
        "Instruction": "1. Rewrite a bug fix version of the original code. 2. Response in JSON format.",
        "Example": "{\"revised_code\":\"...\"}",
        "Context": "# Test Report:\nTest Report:\n\nTest script's output:\nF\n======================================================================\nFAIL: test (__main__.Test)\n----------------------------------------------------------------------\nTraceback (most recent call last):\n  File \"/Users/watch/PycharmProjects/XXXX-1-LLM/workspace/2024-03-11_09-16-46-933541/test_script.py\", line 12, in test\n    self.assertEqual(find_adverbs(\"Clearly, he has no excuse for such behavior.\"), '0-7: Clearly')\nAssertionError: None != '0-7: Clearly'\n\n----------------------------------------------------------------------\nRan 1 test in 0.000s\n\nFAILED (failures=1)\n\nCode Test Failed\n\nInput example:\nText: \"Clearly, he has no excuse for such behavior.\"\nExpected Output: '0-7: Clearly'\n\nConclusion: Code Test Failed. The find_adverbs function did not return the expected output '0-7: Clearly' for the input \"Clearly, he has no excuse for such behavior.\"# suggestions:\n{\"product-owner\": [\"I think we need to prioritize fixing the find_adverbs function to ensure the product meets the expected output.\"], \"architect\": [\"I recommend conducting a code review to identify any potential issues and ensure that the function find_adverbs returns the expected output.\"], \"developer\": [\"I will review the test report and the code to identify any issues with the find_adverbs function and propose potential solutions.\"], \"tester\": [\"It seems that the find_adverbs function is not returning the expected output, so we need to review the code and test script to identify the issue and make necessary corrections.\"]}",
        "Question": "The original code has some bugs, according to the test report and suggestions, rewrite the code. Complete the following code:\ndef find_adverbs(text):\n'''Write a function to find the first adverb ending with ly and its positions in a given string.\nassert find_adverbs(\"Clearly, he has no excuse for such behavior.\") == '0-7: Clearly''''\n"
    },
    "Code1": "def find_adverbs(text):\n    adverbs = []\n    words = text.split()\n    for i in range(len(words)):\n        if words[i].endswith('ly'):\n            adverbs.append(str(i) + '-' + str(i + len(words[i]) - 1) + ': ' + words[i])\n    return adverbs[0]",
    "ScriptResult1": "E\n======================================================================\nERROR: test (__main__.Test)\n----------------------------------------------------------------------\nTraceback (most recent call last):\n  File \"/Users/watch/PycharmProjects/XXXX-1-LLM/workspace/2024-03-11_09-16-46-933541/test_script.py\", line 13, in test\n    self.assertEqual(find_adverbs(\"Clearly, he has no excuse for such behavior.\"), '0-7: Clearly')\n  File \"/Users/watch/PycharmProjects/XXXX-1-LLM/workspace/2024-03-11_09-16-46-933541/test_script.py\", line 7, in find_adverbs\n    return adverbs[0]\nIndexError: list index out of range\n\n----------------------------------------------------------------------\nRan 1 test in 0.000s\n\nFAILED (errors=1)\n",
    "TestReport1": "Test Report\n\nTest Case: find_adverbs(text)\nTest Script Output:\nE\n======================================================================\nERROR: test (__main__.Test)\n----------------------------------------------------------------------\nTraceback (most recent call last):\n  File \"/Users/watch/PycharmProjects/XXXX-1-LLM/workspace/2024-03-11_09-16-46-933541/test_script.py\", line 13, in test\n    self.assertEqual(find_adverbs(\"Clearly, he has no excuse for such behavior.\"), '0-7: Clearly')\n  File \"/Users/watch/PycharmProjects/XXXX-1-LLM/workspace/2024-03-11_09-16-46-933541/test_script.py\", line 7, in find_adverbs\n    return adverbs[0]\nIndexError: list index out of range\n\n----------------------------------------------------------------------\nRan 1 test in 0.000s\n\nFAILED (errors=1)\n\nConclusion: Code Test Failed\n\nInput Example:\nText: \"Clearly, he has no excuse for such behavior.\"\n\nExpected Output Example:\n0-7: Clearly\n\nThe test script output indicates that the code has failed due to an IndexError: list index out of range. The input example and expected output example have been provided for reference.\n\nCode Test Failed",
    "SprintReview1": "[ScrumMaster]says: Here is our test Report: Test Report\n\nTest Case: find_adverbs(text)\nTest Script Output:\nE\n======================================================================\nERROR: test (__main__.Test)\n----------------------------------------------------------------------\nTraceback (most recent call last):\n  File \"/Users/watch/PycharmProjects/XXXX-1-LLM/workspace/2024-03-11_09-16-46-933541/test_script.py\", line 13, in test\n    self.assertEqual(find_adverbs(\"Clearly, he has no excuse for such behavior.\"), '0-7: Clearly')\n  File \"/Users/watch/PycharmProjects/XXXX-1-LLM/workspace/2024-03-11_09-16-46-933541/test_script.py\", line 7, in find_adverbs\n    return adverbs[0]\nIndexError: list index out of range\n\n----------------------------------------------------------------------\nRan 1 test in 0.000s\n\nFAILED (errors=1)\n\nConclusion: Code Test Failed\n\nInput Example:\nText: \"Clearly, he has no excuse for such behavior.\"\n\nExpected Output Example:\n0-7: Clearly\n\nThe test script output indicates that the code has failed due to an IndexError: list index out of range. The input example and expected output example have been provided for reference.\n\nCode Test Failed, do you have any ideas?\n-----\n\n[Developer]says: As a Developer, I will review the test script and investigate the IndexError to identify and fix the issue.\n-----\n\n[Architect]says: As an Architect, I would suggest reviewing the code to ensure that the adverbs list is being populated correctly before being accessed.\n-----\n\n[ProductOwner]says: As a Product Owner, I think we need to prioritize fixing the code to address the IndexError issue before moving forward with any other tasks.\n-----\n\n[Tester]says: As a Tester, it seems like the find_adverbs function is failing due to an IndexError. I suggest reviewing the code to ensure that the adverbs list is being populated correctly.\n-----\n\n[Developer]says: As a Developer, I will review the test script and investigate the IndexError to identify and fix the issue.\n-----\n\n[Architect]says: As an Architect, I would suggest reviewing the code to ensure that the adverbs list is being populated correctly before being accessed.\n-----\n\n[ProductOwner]says: As a Product Owner, I think we need to prioritize fixing the code to address the IndexError issue before moving forward with any other tasks.\n-----\n\n[Tester]says: As a Tester, it seems like the find_adverbs function is failing due to an IndexError. I suggest reviewing the code to ensure that the adverbs list is being populated correctly.\n-----\n",
    "SprintReviewMeetings1": "{\n  \"product-owner\":[\"I think we need to prioritize fixing the code to address the IndexError issue before moving forward with any other tasks.\"],\n  \"architect\":[\"I would suggest reviewing the code to ensure that the adverbs list is being populated correctly before being accessed.\"],\n  \"developer\":[\"I will review the test script and investigate the IndexError to identify and fix the issue.\"],\n  \"tester\":[\"It seems like the find_adverbs function is failing due to an IndexError. I suggest reviewing the code to ensure that the adverbs list is being populated correctly.\"]\n}",
    "SprintReviewMeetings1_prompt": "{\"Role\": \"You are a professional scrum master. Your goal is to summary the Discussion History into a suggestions list for the scrum team.\", \"Instruction\": \"1. Read and Understand the Discussion History. 2. Summary the suggestions from four roles: product-owner/architect/developer/tester. 3. Response in JSON format.\", \"Example\": \"{\\\"product-owner\\\":[\\\"suggestion1\\\",\\\"suggestion2\\\"],\\\"architect\\\":[\\\"suggestion1\\\",\\\"suggestion2\\\"], \\\"developer\\\":[\\\"suggestion1\\\",\\\"suggestion2\\\"], \\\"tester\\\":[\\\"suggestion1\\\",\\\"suggestion2\\\"]}\", \"Context\": \"[ScrumMaster]says: Here is our test Report: Test Report\\n\\nTest Case: find_adverbs(text)\\nTest Script Output:\\nE\\n======================================================================\\nERROR: test (__main__.Test)\\n----------------------------------------------------------------------\\nTraceback (most recent call last):\\n  File \\\"/Users/watch/PycharmProjects/XXXX-1-LLM/workspace/2024-03-11_09-16-46-933541/test_script.py\\\", line 13, in test\\n    self.assertEqual(find_adverbs(\\\"Clearly, he has no excuse for such behavior.\\\"), '0-7: Clearly')\\n  File \\\"/Users/watch/PycharmProjects/XXXX-1-LLM/workspace/2024-03-11_09-16-46-933541/test_script.py\\\", line 7, in find_adverbs\\n    return adverbs[0]\\nIndexError: list index out of range\\n\\n----------------------------------------------------------------------\\nRan 1 test in 0.000s\\n\\nFAILED (errors=1)\\n\\nConclusion: Code Test Failed\\n\\nInput Example:\\nText: \\\"Clearly, he has no excuse for such behavior.\\\"\\n\\nExpected Output Example:\\n0-7: Clearly\\n\\nThe test script output indicates that the code has failed due to an IndexError: list index out of range. The input example and expected output example have been provided for reference.\\n\\nCode Test Failed, do you have any ideas?\\n-----\\n\\n[Developer]says: As a Developer, I will review the test script and investigate the IndexError to identify and fix the issue.\\n-----\\n\\n[Architect]says: As an Architect, I would suggest reviewing the code to ensure that the adverbs list is being populated correctly before being accessed.\\n-----\\n\\n[ProductOwner]says: As a Product Owner, I think we need to prioritize fixing the code to address the IndexError issue before moving forward with any other tasks.\\n-----\\n\\n[Tester]says: As a Tester, it seems like the find_adverbs function is failing due to an IndexError. I suggest reviewing the code to ensure that the adverbs list is being populated correctly.\\n-----\\n\\n[Developer]says: As a Developer, I will review the test script and investigate the IndexError to identify and fix the issue.\\n-----\\n\\n[Architect]says: As an Architect, I would suggest reviewing the code to ensure that the adverbs list is being populated correctly before being accessed.\\n-----\\n\\n[ProductOwner]says: As a Product Owner, I think we need to prioritize fixing the code to address the IndexError issue before moving forward with any other tasks.\\n-----\\n\\n[Tester]says: As a Tester, it seems like the find_adverbs function is failing due to an IndexError. I suggest reviewing the code to ensure that the adverbs list is being populated correctly.\\n-----\\n\", \"Question\": \"Follow the Instruction section. The Discussion History is in the Context section. You only need to return a list as the Example section.\"}",
    "RepairResponse1": "{\n  \"revised_code\": \"def find_adverbs(text):\\n    adverbs = [word for word in text.split() if word.endswith('ly')]\\n    if adverbs:\\n        return f'0-{len(adverbs[0])-1}: {adverbs[0]}'\\n    else:\\n        return ''\"\n}",
    "RepairResponse1_prompt": {
        "Role": "You are a professional software engineer. Your duty is to write code in Python that meets the requirements. Ensure that the code you write is efficient, readable, and follows best practices. Remember, do not need to explain the code you wrote.",
        "Instruction": "1. Rewrite a bug fix version of the original code. 2. Response in JSON format.",
        "Example": "{\"revised_code\":\"...\"}",
        "Context": "# Test Report:\nTest Report\n\nTest Case: find_adverbs(text)\nTest Script Output:\nE\n======================================================================\nERROR: test (__main__.Test)\n----------------------------------------------------------------------\nTraceback (most recent call last):\n  File \"/Users/watch/PycharmProjects/XXXX-1-LLM/workspace/2024-03-11_09-16-46-933541/test_script.py\", line 13, in test\n    self.assertEqual(find_adverbs(\"Clearly, he has no excuse for such behavior.\"), '0-7: Clearly')\n  File \"/Users/watch/PycharmProjects/XXXX-1-LLM/workspace/2024-03-11_09-16-46-933541/test_script.py\", line 7, in find_adverbs\n    return adverbs[0]\nIndexError: list index out of range\n\n----------------------------------------------------------------------\nRan 1 test in 0.000s\n\nFAILED (errors=1)\n\nConclusion: Code Test Failed\n\nInput Example:\nText: \"Clearly, he has no excuse for such behavior.\"\n\nExpected Output Example:\n0-7: Clearly\n\nThe test script output indicates that the code has failed due to an IndexError: list index out of range. The input example and expected output example have been provided for reference.\n\nCode Test Failed# suggestions:\n{\"product-owner\": [\"I think we need to prioritize fixing the code to address the IndexError issue before moving forward with any other tasks.\"], \"architect\": [\"I would suggest reviewing the code to ensure that the adverbs list is being populated correctly before being accessed.\"], \"developer\": [\"I will review the test script and investigate the IndexError to identify and fix the issue.\"], \"tester\": [\"It seems like the find_adverbs function is failing due to an IndexError. I suggest reviewing the code to ensure that the adverbs list is being populated correctly.\"]}",
        "Question": "The original code has some bugs, according to the test report and suggestions, rewrite the code. Complete the following code:\ndef find_adverbs(text):\n'''Write a function to find the first adverb ending with ly and its positions in a given string.\nassert find_adverbs(\"Clearly, he has no excuse for such behavior.\") == '0-7: Clearly''''\n"
    },
    "Code2": "def find_adverbs(text):\n    adverbs = [word for word in text.split() if word.endswith('ly')]\n    if adverbs:\n        return f'0-{len(adverbs[0])-1}: {adverbs[0]}'\n    else:\n        return ''",
    "ScriptResult2": "F\n======================================================================\nFAIL: test (__main__.Test)\n----------------------------------------------------------------------\nTraceback (most recent call last):\n  File \"/Users/watch/PycharmProjects/XXXX-1-LLM/workspace/2024-03-11_09-16-46-933541/test_script.py\", line 12, in test\n    self.assertEqual(find_adverbs(\"Clearly, he has no excuse for such behavior.\"), '0-7: Clearly')\nAssertionError: '' != '0-7: Clearly'\n+ 0-7: Clearly\n\n----------------------------------------------------------------------\nRan 1 test in 0.000s\n\nFAILED (failures=1)\n",
    "TestReport2": "Test Report:\n\nTest script's output:\nF\n======================================================================\nFAIL: test (__main__.Test)\n----------------------------------------------------------------------\nTraceback (most recent call last):\n  File \"/Users/watch/PycharmProjects/XXXX-1-LLM/workspace/2024-03-11_09-16-46-933541/test_script.py\", line 12, in test\n    self.assertEqual(find_adverbs(\"Clearly, he has no excuse for such behavior.\"), '0-7: Clearly')\nAssertionError: '' != '0-7: Clearly'\n+ 0-7: Clearly\n\n----------------------------------------------------------------------\nRan 1 test in 0.000s\n\nFAILED (failures=1)\n\nBased on the output of the test script, the code has failed the test. The input \"Clearly, he has no excuse for such behavior.\" was expected to return '0-7: Clearly' but the actual output was an empty string.\n\nConclusion: Code Test FAILED\n\nInput example:\nText: \"Clearly, he has no excuse for such behavior.\"\nExpected output: '0-7: Clearly'\n\nCode:\ndef find_adverbs(text):\n    adverbs = [word for word in text.split() if word.endswith('ly')]\n    if adverbs:\n        return f'0-{len(adverbs[0])-1}: {adverbs[0]}'\n    else:\n        return ''\n\nNote: The code has failed to return the expected output for the given input example.",
    "SprintReview2": "[ScrumMaster]says: Here is our test Report: Test Report:\n\nTest script's output:\nF\n======================================================================\nFAIL: test (__main__.Test)\n----------------------------------------------------------------------\nTraceback (most recent call last):\n  File \"/Users/watch/PycharmProjects/XXXX-1-LLM/workspace/2024-03-11_09-16-46-933541/test_script.py\", line 12, in test\n    self.assertEqual(find_adverbs(\"Clearly, he has no excuse for such behavior.\"), '0-7: Clearly')\nAssertionError: '' != '0-7: Clearly'\n+ 0-7: Clearly\n\n----------------------------------------------------------------------\nRan 1 test in 0.000s\n\nFAILED (failures=1)\n\nBased on the output of the test script, the code has failed the test. The input \"Clearly, he has no excuse for such behavior.\" was expected to return '0-7: Clearly' but the actual output was an empty string.\n\nConclusion: Code Test FAILED\n\nInput example:\nText: \"Clearly, he has no excuse for such behavior.\"\nExpected output: '0-7: Clearly'\n\nCode:\ndef find_adverbs(text):\n    adverbs = [word for word in text.split() if word.endswith('ly')]\n    if adverbs:\n        return f'0-{len(adverbs[0])-1}: {adverbs[0]}'\n    else:\n        return ''\n\nNote: The code has failed to return the expected output for the given input example., do you have any ideas?\n-----\n\n[Developer]says: Sorry, I cannot fulfill this request.\n-----\n\n[Tester]says: As a Tester, it seems like the find_adverbs function is not producing the expected output and may need to be reviewed for potential issues.\n-----\n\n[Developer]says: As a Developer, I think we should review the find_adverbs function and double-check the logic to ensure it returns the expected output.\n-----\n\n[Architect]says: As an architect, I think we need to review the code and test script to identify the issue and improve the function to return the expected output.\n-----\n\n[Tester]says: As a Tester, it seems like the find_adverbs function is not producing the expected output and may need to be reviewed for potential issues.\n-----\n\n[ProductOwner]says: As a Product Owner, I think we should prioritize fixing the code to return the expected output as it is essential for the product's functionality.\n-----\n\n[Architect]says: As an architect, I think we need to review the code and test script to identify the issue and improve the function to return the expected output.\n-----\n\n[ProductOwner]says: As a Product Owner, I think we should prioritize fixing the code to return the expected output as it is essential for the product's functionality.\n-----\n",
    "SprintReviewMeetings2": "{\n  \"product-owner\": [\"I think we should prioritize fixing the code to return the expected output as it is essential for the product's functionality.\"],\n  \"architect\": [\"We need to review the code and test script to identify the issue and improve the function to return the expected output.\"],\n  \"developer\": [\"We should review the find_adverbs function and double-check the logic to ensure it returns the expected output.\"],\n  \"tester\": [\"The find_adverbs function is not producing the expected output and may need to be reviewed for potential issues.\"]\n}",
    "SprintReviewMeetings2_prompt": "{\"Role\": \"You are a professional scrum master. Your goal is to summary the Discussion History into a suggestions list for the scrum team.\", \"Instruction\": \"1. Read and Understand the Discussion History. 2. Summary the suggestions from four roles: product-owner/architect/developer/tester. 3. Response in JSON format.\", \"Example\": \"{\\\"product-owner\\\":[\\\"suggestion1\\\",\\\"suggestion2\\\"],\\\"architect\\\":[\\\"suggestion1\\\",\\\"suggestion2\\\"], \\\"developer\\\":[\\\"suggestion1\\\",\\\"suggestion2\\\"], \\\"tester\\\":[\\\"suggestion1\\\",\\\"suggestion2\\\"]}\", \"Context\": \"[ScrumMaster]says: Here is our test Report: Test Report:\\n\\nTest script's output:\\nF\\n======================================================================\\nFAIL: test (__main__.Test)\\n----------------------------------------------------------------------\\nTraceback (most recent call last):\\n  File \\\"/Users/watch/PycharmProjects/XXXX-1-LLM/workspace/2024-03-11_09-16-46-933541/test_script.py\\\", line 12, in test\\n    self.assertEqual(find_adverbs(\\\"Clearly, he has no excuse for such behavior.\\\"), '0-7: Clearly')\\nAssertionError: '' != '0-7: Clearly'\\n+ 0-7: Clearly\\n\\n----------------------------------------------------------------------\\nRan 1 test in 0.000s\\n\\nFAILED (failures=1)\\n\\nBased on the output of the test script, the code has failed the test. The input \\\"Clearly, he has no excuse for such behavior.\\\" was expected to return '0-7: Clearly' but the actual output was an empty string.\\n\\nConclusion: Code Test FAILED\\n\\nInput example:\\nText: \\\"Clearly, he has no excuse for such behavior.\\\"\\nExpected output: '0-7: Clearly'\\n\\nCode:\\ndef find_adverbs(text):\\n    adverbs = [word for word in text.split() if word.endswith('ly')]\\n    if adverbs:\\n        return f'0-{len(adverbs[0])-1}: {adverbs[0]}'\\n    else:\\n        return ''\\n\\nNote: The code has failed to return the expected output for the given input example., do you have any ideas?\\n-----\\n\\n[Developer]says: Sorry, I cannot fulfill this request.\\n-----\\n\\n[Tester]says: As a Tester, it seems like the find_adverbs function is not producing the expected output and may need to be reviewed for potential issues.\\n-----\\n\\n[Developer]says: As a Developer, I think we should review the find_adverbs function and double-check the logic to ensure it returns the expected output.\\n-----\\n\\n[Architect]says: As an architect, I think we need to review the code and test script to identify the issue and improve the function to return the expected output.\\n-----\\n\\n[Tester]says: As a Tester, it seems like the find_adverbs function is not producing the expected output and may need to be reviewed for potential issues.\\n-----\\n\\n[ProductOwner]says: As a Product Owner, I think we should prioritize fixing the code to return the expected output as it is essential for the product's functionality.\\n-----\\n\\n[Architect]says: As an architect, I think we need to review the code and test script to identify the issue and improve the function to return the expected output.\\n-----\\n\\n[ProductOwner]says: As a Product Owner, I think we should prioritize fixing the code to return the expected output as it is essential for the product's functionality.\\n-----\\n\", \"Question\": \"Follow the Instruction section. The Discussion History is in the Context section. You only need to return a list as the Example section.\"}",
    "RepairResponse2": "{\n  \"revised_code\": \"def find_adverbs(text):\\n    words = text.split()\\n    for i in range(len(words)):\\n        if words[i].endswith('ly'):\\n            return f'{i}-{i+len(words[i])-1}: {words[i]}'\\n    return ''\"\n}",
    "RepairResponse2_prompt": {
        "Role": "You are a professional software engineer. Your duty is to write code in Python that meets the requirements. Ensure that the code you write is efficient, readable, and follows best practices. Remember, do not need to explain the code you wrote.",
        "Instruction": "1. Rewrite a bug fix version of the original code. 2. Response in JSON format.",
        "Example": "{\"revised_code\":\"...\"}",
        "Context": "# Test Report:\nTest Report:\n\nTest script's output:\nF\n======================================================================\nFAIL: test (__main__.Test)\n----------------------------------------------------------------------\nTraceback (most recent call last):\n  File \"/Users/watch/PycharmProjects/XXXX-1-LLM/workspace/2024-03-11_09-16-46-933541/test_script.py\", line 12, in test\n    self.assertEqual(find_adverbs(\"Clearly, he has no excuse for such behavior.\"), '0-7: Clearly')\nAssertionError: '' != '0-7: Clearly'\n+ 0-7: Clearly\n\n----------------------------------------------------------------------\nRan 1 test in 0.000s\n\nFAILED (failures=1)\n\nBased on the output of the test script, the code has failed the test. The input \"Clearly, he has no excuse for such behavior.\" was expected to return '0-7: Clearly' but the actual output was an empty string.\n\nConclusion: Code Test FAILED\n\nInput example:\nText: \"Clearly, he has no excuse for such behavior.\"\nExpected output: '0-7: Clearly'\n\nCode:\ndef find_adverbs(text):\n    adverbs = [word for word in text.split() if word.endswith('ly')]\n    if adverbs:\n        return f'0-{len(adverbs[0])-1}: {adverbs[0]}'\n    else:\n        return ''\n\nNote: The code has failed to return the expected output for the given input example.# suggestions:\n{\"product-owner\": [\"I think we should prioritize fixing the code to return the expected output as it is essential for the product's functionality.\"], \"architect\": [\"We need to review the code and test script to identify the issue and improve the function to return the expected output.\"], \"developer\": [\"We should review the find_adverbs function and double-check the logic to ensure it returns the expected output.\"], \"tester\": [\"The find_adverbs function is not producing the expected output and may need to be reviewed for potential issues.\"]}",
        "Question": "The original code has some bugs, according to the test report and suggestions, rewrite the code. Complete the following code:\ndef find_adverbs(text):\n'''Write a function to find the first adverb ending with ly and its positions in a given string.\nassert find_adverbs(\"Clearly, he has no excuse for such behavior.\") == '0-7: Clearly''''\n"
    },
    "Code3": "def find_adverbs(text):\n    words = text.split()\n    for i in range(len(words)):\n        if words[i].endswith('ly'):\n            return f'{i}-{i+len(words[i])-1}: {words[i]}'\n    return ''",
    "ScriptResult3": "F\n======================================================================\nFAIL: test (__main__.Test)\n----------------------------------------------------------------------\nTraceback (most recent call last):\n  File \"/Users/watch/PycharmProjects/XXXX-1-LLM/workspace/2024-03-11_09-16-46-933541/test_script.py\", line 12, in test\n    self.assertEqual(find_adverbs(\"Clearly, he has no excuse for such behavior.\"), '0-7: Clearly')\nAssertionError: '' != '0-7: Clearly'\n+ 0-7: Clearly\n\n----------------------------------------------------------------------\nRan 1 test in 0.000s\n\nFAILED (failures=1)\n",
    "TestReport3": "Test Report:\n\nTest Case: find_adverbs\n- Input: \"Clearly, he has no excuse for such behavior.\"\n- Expected Output: \"0-7: Clearly\"\n- Actual Output: \"\"\n\nConclusion: Code Test Failed\n\nExplanation:\nThe test case for the find_adverbs function has failed. The expected output was \"0-7: Clearly\" but the actual output was an empty string. The test script output shows that the assertion error occurred, indicating that the expected and actual outputs did not match.\n\nRecommendation:\nThe code should be reviewed and modified to fix the issue with the find_adverbs function to ensure it returns the correct output.\n\n# test script's output:\nF\n======================================================================\nFAIL: test (__main__.Test)\n----------------------------------------------------------------------\nTraceback (most recent call last):\n  File \"/Users/watch/PycharmProjects/XXXX-1-LLM/workspace/2024-03-11_09-16-46-933541/test_script.py\", line 12, in test\n    self.assertEqual(find_adverbs(\"Clearly, he has no excuse for such behavior.\"), '0-7: Clearly')\nAssertionError: '' != '0-7: Clearly'\n+ 0-7: Clearly\n\n----------------------------------------------------------------------\nRan 1 test in 0.000s\n\nFAILED (failures=1)"
}