{
    "start_time": "2024-02-13_13-49-49-511818",
    "task": "\n\ndef encode_cyclic(s: str):\n    \"\"\"\n    returns encoded string by cycling groups of three characters.\n    \"\"\"\n    # split string to groups. Each of length 3.\n    groups = [s[(3 * i):min((3 * i + 3), len(s))] for i in range((len(s) + 2) // 3)]\n    # cycle elements in each group. Unless group has fewer elements than 3.\n    groups = [(group[1:] + group[0]) if len(group) == 3 else group for group in groups]\n    return \"\".join(groups)\n\n\ndef decode_cyclic(s: str):\n    \"\"\"\n    takes as input string encoded with encode_cyclic function. Returns decoded string.\n    \"\"\"\n",
    "datetime": {
        "task": "2024-02-13 13:49:49",
        "task-id": "2024-02-13 13:49:49",
        "workflow": "2024-02-13 13:49:49",
        "UserStoryDraft0": "2024-02-13 13:49:50",
        "AnalyzeMeetings": "2024-02-13 13:49:54",
        "UserStory0": "2024-02-13 13:49:57",
        "DesignDraft0": "2024-02-13 13:50:00",
        "DesignMeetings0": "2024-02-13 13:50:04",
        "Design0": "2024-02-13 13:50:08",
        "CodeDraft0": "2024-02-13 13:50:14",
        "CodeReviewMeetings0": "2024-02-13 13:50:17",
        "Code0CR": "2024-02-13 13:50:22",
        "FinalCode": "2024-02-13 13:51:29",
        "Test Cases Draft": "2024-02-13 13:50:26",
        "Test Cases Meetings": "2024-02-13 13:50:29",
        "Test Cases": "2024-02-13 13:50:34",
        "Code0": "2024-02-13 13:50:39",
        "TestScriptOriginal": "2024-02-13 13:50:42",
        "TestScript": "2024-02-13 13:50:42",
        "ScriptResult0": "2024-02-13 13:50:42",
        "TestReport0": "2024-02-13 13:50:46",
        "SprintReview0": "2024-02-13 13:50:50",
        "SprintReviewMeetings0": "2024-02-13 13:50:54",
        "RepairResponse0": "2024-02-13 13:50:59",
        "Code1": "2024-02-13 13:50:59",
        "ScriptResult1": "2024-02-13 13:50:59",
        "TestReport1": "2024-02-13 13:51:03",
        "SprintReview1": "2024-02-13 13:51:07",
        "SprintReviewMeetings1": "2024-02-13 13:51:11",
        "RepairResponse1": "2024-02-13 13:51:14",
        "Code2": "2024-02-13 13:51:14",
        "ScriptResult2": "2024-02-13 13:51:14",
        "TestReport2": "2024-02-13 13:51:20",
        "SprintReview2": "2024-02-13 13:51:23",
        "SprintReviewMeetings2": "2024-02-13 13:51:26",
        "RepairResponse2": "2024-02-13 13:51:29",
        "Code3": "2024-02-13 13:51:29",
        "ScriptResult3": "2024-02-13 13:51:29",
        "TestReport3": "2024-02-13 13:51:36"
    },
    "task-id": "HumanEval/38",
    "workflow": "agile/agile_version_0.0.5_remove_stage.json",
    "UserStoryDraft0": "{\n  \"UserStory\": \"As a user, I want to be able to encode a string by cycling groups of three characters, so that I can securely transmit information.\",\n  \"AcceptanceCriteria\": [\n    \"I should be able to input a string and get the encoded string as output.\",\n    \"The encoding should cycle groups of three characters in the input string.\",\n    \"The output should be securely encoded and can be decoded back to the original input string.\"\n  ]\n}",
    "UserStoryDraft0_prompt": "{\"Role\": \"You need to act as a professional product owner. Your task is to write a UserStory\", \"Instruction\": \"According to the Context, please analyze the requirement and write your response. Response in JSON format. Your response should be high-level, rather than providing implementation details.\", \"Example\": \"\", \"Context\": [], \"Question\": \"Follow the Instruction. The requirement is as follows:\\n\\n\\ndef encode_cyclic(s: str):\\n    \\\"\\\"\\\"\\n    returns encoded string by cycling groups of three characters.\\n    \\\"\\\"\\\"\\n    # split string to groups. Each of length 3.\\n    groups = [s[(3 * i):min((3 * i + 3), len(s))] for i in range((len(s) + 2) // 3)]\\n    # cycle elements in each group. Unless group has fewer elements than 3.\\n    groups = [(group[1:] + group[0]) if len(group) == 3 else group for group in groups]\\n    return \\\"\\\".join(groups)\\n\\n\\ndef decode_cyclic(s: str):\\n    \\\"\\\"\\\"\\n    takes as input string encoded with encode_cyclic function. Returns decoded string.\\n    \\\"\\\"\\\"\\n\"}",
    "AnalyzeMeetings": "{\n  \"Architect\": \"The UserStory and AcceptanceCriteria are clear and well-defined. It would be beneficial to consider the specific encoding algorithm to be used and any potential security measures to be implemented for securely encoding the string.\",\n  \"Tester\": \"The AcceptanceCriteria are clear and testable. It would be important to verify that the encoding and decoding functions work as expected, and to perform security testing to ensure the encoded string is secure.\"\n}",
    "UserStory0": "{\n  \"RevisedDocument\": {\n    \"UserStory\": \"As a user, I want to be able to securely encode a string by cycling groups of three characters, so that I can securely transmit information.\",\n    \"AcceptanceCriteria\": [\n      \"I should be able to input a string and get the securely encoded string as output.\",\n      \"The encoding should cycle groups of three characters in the input string.\",\n      \"The output should be securely encoded and can be decoded back to the original input string.\"\n    ],\n    \"AdditionalConsiderations\": {\n      \"EncodingAlgorithm\": \"Consider implementing a specific encoding algorithm to securely encode the string.\",\n      \"SecurityMeasures\": \"Implement potential security measures to ensure the encoded string is secure, and perform security testing.\"\n    }\n  }\n}",
    "UserStory0_prompt": {
        "Role": "You need to act as a professional product owner. Your duty is to revise the document based on the suggestions.",
        "Instruction": "1. Read the suggestions. 2. Revise your draft version document. 3. Response in JSON format. 4. REMEMBER: Your analysis should be high-level, rather than providing implementation details.",
        "Example": "",
        "Context": "# Suggestion:\n{\n  \"Architect\": \"The UserStory and AcceptanceCriteria are clear and well-defined. It would be beneficial to consider the specific encoding algorithm to be used and any potential security measures to be implemented for securely encoding the string.\",\n  \"Tester\": \"The AcceptanceCriteria are clear and testable. It would be important to verify that the encoding and decoding functions work as expected, and to perform security testing to ensure the encoded string is secure.\"\n}",
        "Question": "Follow the Instruction. Your colleague give you some suggestions(in the Context section) about this draft document:{\n  \"UserStory\": \"As a user, I want to be able to encode a string by cycling groups of three characters, so that I can securely transmit information.\",\n  \"AcceptanceCriteria\": [\n    \"I should be able to input a string and get the encoded string as output.\",\n    \"The encoding should cycle groups of three characters in the input string.\",\n    \"The output should be securely encoded and can be decoded back to the original input string.\"\n  ]\n}"
    },
    "DesignDraft0": "Design:\n\n1. Function encode_cyclic(s: str):\n   - Description: Returns the encoded string by cycling groups of three characters.\n   - Steps:\n     a. Split the input string into groups, each of length 3.\n     b. Cycle the elements in each group, unless the group has fewer elements than 3.\n     c. Join the groups to form the encoded string.\n   \n2. Function decode_cyclic(s: str):\n   - Description: Takes as input a string encoded with the encode_cyclic function and returns the decoded string.",
    "DesignMeetings0": "{\n  \"Developer\": \"For the encode_cyclic function, we should handle the case where the input string length is not a multiple of 3. We can add padding to the input string to make sure it can be split into groups of 3. For the decode_cyclic function, we should add error handling to check if the input string is correctly encoded before decoding it.\",\n  \"Tester\": \"For the encode_cyclic function, we should test with different input string lengths to make sure the encoding and cycling of groups works correctly. We should also test with special characters and numbers to ensure the function handles all cases. For the decode_cyclic function, we should test with encoded strings that are not produced by the encode_cyclic function to check if the error handling works as expected.\"\n}",
    "Design0": "Design:\n\n1. Function encode_cyclic(s: str):\n   - Description: Returns the encoded string by cycling groups of three characters.\n   - Steps:\n     a. Add padding to the input string to make sure it can be split into groups of 3.\n     b. Split the padded input string into groups, each of length 3.\n     c. Cycle the elements in each group, unless the group has fewer elements than 3.\n     d. Join the groups to form the encoded string.\n\n2. Function decode_cyclic(s: str):\n   - Description: Takes as input a string encoded with the encode_cyclic function and returns the decoded string.\n   - Steps:\n     a. Add error handling to check if the input string is correctly encoded before decoding it.",
    "CodeDraft0": "def encode_cyclic(s: str):\n    \"\"\"\n    Returns the encoded string by cycling groups of three characters.\n    \"\"\"\n    # Add padding to the input string to make sure it can be split into groups of 3.\n    padded_s = s.ljust((len(s) + 2) // 3 * 3, ' ')\n\n    # Split the padded input string into groups, each of length 3.\n    groups = [padded_s[i:i+3] for i in range(0, len(padded_s), 3)]\n\n    # Cycle the elements in each group, unless the group has fewer elements than 3.\n    encoded_groups = [(group[1:] + group[0]) if len(group) == 3 else group for group in groups]\n\n    # Join the groups to form the encoded string.\n    encoded_string = \"\".join(encoded_groups)\n    return encoded_string\n\n\ndef decode_cyclic(s: str):\n    \"\"\"\n    Takes as input a string encoded with the encode_cyclic function and returns the decoded string.\n    \"\"\"\n    # Add error handling to check if the input string is correctly encoded before decoding it.\n    if len(s) % 3 != 0:\n        return \"Invalid encoded string length\"\n\n    # Split the input string into groups, each of length 3.\n    groups = [s[i:i+3] for i in range(0, len(s), 3)]\n\n    # Reverse the cycling of elements in each group to decode the string.\n    decoded_groups = [(group[-1] + group[:-1]) if len(group) == 3 else group for group in groups]\n\n    # Join the groups to form the decoded string.\n    decoded_string = \"\".join(decoded_groups)\n    return decoded_string",
    "CodeDraft0_prompt": {
        "Role": "You are a professional engineer. Your duty is to write code in Python that meets the requirements. Ensure that the code you write is efficient, readable, and follows best practices. Remember, do not need to explain the code you wrote.",
        "Instruction": "According to the Context section, write your code.",
        "Example": "",
        "Context": "# Tasks:\n[]\n# Design:\nDesign:\n\n1. Function encode_cyclic(s: str):\n   - Description: Returns the encoded string by cycling groups of three characters.\n   - Steps:\n     a. Add padding to the input string to make sure it can be split into groups of 3.\n     b. Split the padded input string into groups, each of length 3.\n     c. Cycle the elements in each group, unless the group has fewer elements than 3.\n     d. Join the groups to form the encoded string.\n\n2. Function decode_cyclic(s: str):\n   - Description: Takes as input a string encoded with the encode_cyclic function and returns the decoded string.\n   - Steps:\n     a. Add error handling to check if the input string is correctly encoded before decoding it.",
        "Question": "Follow the Instruction section. Complete the following code:\n\n\ndef encode_cyclic(s: str):\n    \"\"\"\n    returns encoded string by cycling groups of three characters.\n    \"\"\"\n    # split string to groups. Each of length 3.\n    groups = [s[(3 * i):min((3 * i + 3), len(s))] for i in range((len(s) + 2) // 3)]\n    # cycle elements in each group. Unless group has fewer elements than 3.\n    groups = [(group[1:] + group[0]) if len(group) == 3 else group for group in groups]\n    return \"\".join(groups)\n\n\ndef decode_cyclic(s: str):\n    \"\"\"\n    takes as input string encoded with encode_cyclic function. Returns decoded string.\n    \"\"\"\n"
    },
    "CodeReviewMeetings0": "{\n  \"Architect\": \"The encode_cyclic and decode_cyclic functions are well-documented and follow a clear logic. However, it would be beneficial to add more error handling and validation to ensure the input strings are correctly formatted and to handle edge cases more effectively.\",\n  \"Tester\": \"As a tester, I would suggest adding more test cases to cover a wider range of input scenarios, including empty strings, strings with lengths not divisible by 3, and special characters. Additionally, testing the decode_cyclic function with invalid encoded strings would help identify and handle potential errors.\"\n}",
    "Code0CR": "def encode_cyclic(s: str):\n    \"\"\"\n    Returns the encoded string by cycling groups of three characters.\n    \"\"\"\n    # Add padding to the input string to make sure it can be split into groups of 3.\n    padded_s = s + \" \" * (3 - len(s) % 3)\n    # Split the padded input string into groups, each of length 3.\n    groups = [padded_s[i:i+3] for i in range(0, len(padded_s), 3)]\n    # Cycle the elements in each group, unless the group has fewer elements than 3.\n    for i in range(len(groups)):\n        if len(groups[i]) == 3:\n            groups[i] = groups[i][1:] + groups[i][0]\n    # Join the groups to form the encoded string.\n    return \"\".join(groups)\n\ndef decode_cyclic(s: str):\n    \"\"\"\n    Takes as input a string encoded with the encode_cyclic function and returns the decoded string.\n    \"\"\"\n    # Add error handling to check if the input string is correctly encoded before decoding it.\n    if len(s) % 3 != 0:\n        return \"Invalid encoded string\"\n    else:\n        # Split the input string into groups, each of length 3.\n        groups = [s[i:i+3] for i in range(0, len(s), 3)]\n        # Reverse cycle the elements in each group.\n        for i in range(len(groups)):\n            groups[i] = groups[i][-1] + groups[i][:-1]\n        # Join the groups to form the decoded string.\n        return \"\".join(groups)",
    "Code0CR_prompt": "{\"Role\": \"You are a professional software engineer. Your duty is to write code in Python that meets the requirements. Ensure that the code you write is efficient, readable, and follows best practices. Remember, do not need to explain the code you wrote.\", \"Instruction\": \"1. Understand the suggestions(in the Context section) about the original code. 2. Rewrite your code.\", \"Example\": \"\", \"Context\": \"# Tasks:\\n[]\\n# Design:\\nDesign:\\n\\n1. Function encode_cyclic(s: str):\\n   - Description: Returns the encoded string by cycling groups of three characters.\\n   - Steps:\\n     a. Add padding to the input string to make sure it can be split into groups of 3.\\n     b. Split the padded input string into groups, each of length 3.\\n     c. Cycle the elements in each group, unless the group has fewer elements than 3.\\n     d. Join the groups to form the encoded string.\\n\\n2. Function decode_cyclic(s: str):\\n   - Description: Takes as input a string encoded with the encode_cyclic function and returns the decoded string.\\n   - Steps:\\n     a. Add error handling to check if the input string is correctly encoded before decoding it.# Suggestions:\\n{\\n  \\\"Architect\\\": \\\"The encode_cyclic and decode_cyclic functions are well-documented and follow a clear logic. However, it would be beneficial to add more error handling and validation to ensure the input strings are correctly formatted and to handle edge cases more effectively.\\\",\\n  \\\"Tester\\\": \\\"As a tester, I would suggest adding more test cases to cover a wider range of input scenarios, including empty strings, strings with lengths not divisible by 3, and special characters. Additionally, testing the decode_cyclic function with invalid encoded strings would help identify and handle potential errors.\\\"\\n}\", \"Question\": \"Follow the Instruction section. Complete the following code:\\n\\n\\ndef encode_cyclic(s: str):\\n    \\\"\\\"\\\"\\n    returns encoded string by cycling groups of three characters.\\n    \\\"\\\"\\\"\\n    # split string to groups. Each of length 3.\\n    groups = [s[(3 * i):min((3 * i + 3), len(s))] for i in range((len(s) + 2) // 3)]\\n    # cycle elements in each group. Unless group has fewer elements than 3.\\n    groups = [(group[1:] + group[0]) if len(group) == 3 else group for group in groups]\\n    return \\\"\\\".join(groups)\\n\\n\\ndef decode_cyclic(s: str):\\n    \\\"\\\"\\\"\\n    takes as input string encoded with encode_cyclic function. Returns decoded string.\\n    \\\"\\\"\\\"\\n\"}",
    "FinalCode": "def encode_cyclic(s: str):\n    groups = [s[(3 * i):min((3 * i + 3), len(s))] for i in range((len(s) + 2) // 3)]\n    groups = [(group[2] + group[:2]) if len(group) == 3 else group for group in groups]\n    return \"\".join(groups)\n\ndef decode_cyclic(s: str):\n    groups = [s[(3 * i):min((3 * i + 3), len(s))] for i in range((len(s) + 2) // 3)]\n    groups = [(group[1] + group[:1]) if len(group) == 3 else group for group in groups]\n    return \"\".join(groups)",
    "Test Cases Draft": "{\n  \"requirement analysis\": \"analysis\",\n  \"test_cases\": [\n    {\n      \"Test Title\": \"input_string_less_than_3_characters\",\n      \"Input Data\": \"parameter1='ab'\",\n      \"Expected Output\": \"ab\"\n    },\n    {\n      \"Test Title\": \"input_string_multiple_of_3_characters\",\n      \"Input Data\": \"parameter1='abcdefgh'\",\n      \"Expected Output\": \"defghabc\"\n    },\n    {\n      \"Test Title\": \"input_string_non_multiple_of_3_characters\",\n      \"Input Data\": \"parameter1='abcd'\",\n      \"Expected Output\": \"bcdA\"\n    }\n  ]\n}",
    "Test Cases Draft_prompt": "{\"Role\": \"You are a quality assurance engineer. Your duty is to design test cases for the developers.\", \"Instruction\": \"According to the Context section, write test cases. Don't write long strings in your test cases. Response in JSON format.\", \"Example\": \"{\\\"requirement analysis\\\":\\\"analysis\\\",\\\"test_cases\\\":[{\\\"Test Title\\\":\\\"title\\\", \\\"Input Data\\\":\\\"parameter1=[1,2,3],parameter2='123'\\\", \\\"Expected Output\\\":\\\"456\\\"},]}\", \"Context\": \"# UsrtStory:\\n{\\n  \\\"RevisedDocument\\\": {\\n    \\\"UserStory\\\": \\\"As a user, I want to be able to securely encode a string by cycling groups of three characters, so that I can securely transmit information.\\\",\\n    \\\"AcceptanceCriteria\\\": [\\n      \\\"I should be able to input a string and get the securely encoded string as output.\\\",\\n      \\\"The encoding should cycle groups of three characters in the input string.\\\",\\n      \\\"The output should be securely encoded and can be decoded back to the original input string.\\\"\\n    ],\\n    \\\"AdditionalConsiderations\\\": {\\n      \\\"EncodingAlgorithm\\\": \\\"Consider implementing a specific encoding algorithm to securely encode the string.\\\",\\n      \\\"SecurityMeasures\\\": \\\"Implement potential security measures to ensure the encoded string is secure, and perform security testing.\\\"\\n    }\\n  }\\n}\\n# Tasks:\\n[]\\n# Design:\\nDesign:\\n\\n1. Function encode_cyclic(s: str):\\n   - Description: Returns the encoded string by cycling groups of three characters.\\n   - Steps:\\n     a. Add padding to the input string to make sure it can be split into groups of 3.\\n     b. Split the padded input string into groups, each of length 3.\\n     c. Cycle the elements in each group, unless the group has fewer elements than 3.\\n     d. Join the groups to form the encoded string.\\n\\n2. Function decode_cyclic(s: str):\\n   - Description: Takes as input a string encoded with the encode_cyclic function and returns the decoded string.\\n   - Steps:\\n     a. Add error handling to check if the input string is correctly encoded before decoding it.\", \"Question\": \"\\n\\ndef encode_cyclic(s: str):\\n    \\\"\\\"\\\"\\n    returns encoded string by cycling groups of three characters.\\n    \\\"\\\"\\\"\\n    # split string to groups. Each of length 3.\\n    groups = [s[(3 * i):min((3 * i + 3), len(s))] for i in range((len(s) + 2) // 3)]\\n    # cycle elements in each group. Unless group has fewer elements than 3.\\n    groups = [(group[1:] + group[0]) if len(group) == 3 else group for group in groups]\\n    return \\\"\\\".join(groups)\\n\\n\\ndef decode_cyclic(s: str):\\n    \\\"\\\"\\\"\\n    takes as input string encoded with encode_cyclic function. Returns decoded string.\\n    \\\"\\\"\\\"\\n\"}",
    "Test Cases Meetings": "{\n  \"Architect\": \"As an Architect, I would suggest revising the test cases to include boundary and error cases as well. For example, testing with an empty string, null input, or special characters input. This will help in ensuring that the functionality is tested thoroughly.\"\n  ,\n  \"Developer\": \"As a Developer, I would suggest revising the test cases to include more descriptive test titles and input data. This will help in better understanding the purpose of each test case and make it easier to identify any issues during testing.\"\n}",
    "Test Cases": "{\n  \"requirement analysis\": \"analysis\",\n  \"test_cases\": [\n    {\n      \"Test Title\": \"input_string_less_than_3_characters\",\n      \"Input Data\": \"parameter1='ab'\",\n      \"Expected Output\": \"ab\"\n    },\n    {\n      \"Test Title\": \"input_string_multiple_of_3_characters\",\n      \"Input Data\": \"parameter1='abcdefgh'\",\n      \"Expected Output\": \"defghabc\"\n    },\n    {\n      \"Test Title\": \"input_string_non_multiple_of_3_characters\",\n      \"Input Data\": \"parameter1='abcd'\",\n      \"Expected Output\": \"bcdA\"\n    },\n    {\n      \"Test Title\": \"empty_string_input\",\n      \"Input Data\": \"parameter1=''\",\n      \"Expected Output\": \"\"\n    },\n    {\n      \"Test Title\": \"null_input\",\n      \"Input Data\": \"parameter1=null\",\n      \"Expected Output\": \"null\" \n    },\n    {\n      \"Test Title\": \"special_characters_input\",\n      \"Input Data\": \"parameter1='!@#'\",\n      \"Expected Output\": \"#!@\"\n    }\n  ]\n}",
    "Test Cases_prompt": "{\"Role\": \"You are a quality assurance engineer. Your duty is to revise the test cases based on the suggestions.\", \"Instruction\": \"1. Your colleague give you some suggestions(in the Context section) about the draft test cases, read these suggestions. 2. Revise your draft version test cases, but don't use long parameters. 3. Response in JSON format.\", \"Example\": \"{\\\"requirement analysis\\\":\\\"analysis\\\",\\\"test_cases\\\":[{\\\"Test Title\\\":\\\"title\\\", \\\"Input Data\\\":\\\"parameter1=[1,2,3],parameter2='123'\\\", \\\"Expected Output\\\":\\\"456\\\"},]}\", \"Context\": \"# Suggestions:\\n{\\n  \\\"Architect\\\": \\\"As an Architect, I would suggest revising the test cases to include boundary and error cases as well. For example, testing with an empty string, null input, or special characters input. This will help in ensuring that the functionality is tested thoroughly.\\\"\\n  ,\\n  \\\"Developer\\\": \\\"As a Developer, I would suggest revising the test cases to include more descriptive test titles and input data. This will help in better understanding the purpose of each test case and make it easier to identify any issues during testing.\\\"\\n}\\n # Draft Test cases:\\n{\\n  \\\"requirement analysis\\\": \\\"analysis\\\",\\n  \\\"test_cases\\\": [\\n    {\\n      \\\"Test Title\\\": \\\"input_string_less_than_3_characters\\\",\\n      \\\"Input Data\\\": \\\"parameter1='ab'\\\",\\n      \\\"Expected Output\\\": \\\"ab\\\"\\n    },\\n    {\\n      \\\"Test Title\\\": \\\"input_string_multiple_of_3_characters\\\",\\n      \\\"Input Data\\\": \\\"parameter1='abcdefgh'\\\",\\n      \\\"Expected Output\\\": \\\"defghabc\\\"\\n    },\\n    {\\n      \\\"Test Title\\\": \\\"input_string_non_multiple_of_3_characters\\\",\\n      \\\"Input Data\\\": \\\"parameter1='abcd'\\\",\\n      \\\"Expected Output\\\": \\\"bcdA\\\"\\n    }\\n  ]\\n}\", \"Question\": \"Follow the Instruction. Please make sure your response length are less than 512. Your test cases is for the below question:\\n\\n\\ndef encode_cyclic(s: str):\\n    \\\"\\\"\\\"\\n    returns encoded string by cycling groups of three characters.\\n    \\\"\\\"\\\"\\n    # split string to groups. Each of length 3.\\n    groups = [s[(3 * i):min((3 * i + 3), len(s))] for i in range((len(s) + 2) // 3)]\\n    # cycle elements in each group. Unless group has fewer elements than 3.\\n    groups = [(group[1:] + group[0]) if len(group) == 3 else group for group in groups]\\n    return \\\"\\\".join(groups)\\n\\n\\ndef decode_cyclic(s: str):\\n    \\\"\\\"\\\"\\n    takes as input string encoded with encode_cyclic function. Returns decoded string.\\n    \\\"\\\"\\\"\\n\"}",
    "Code0": "def encode_cyclic(s: str):\n    \"\"\"\n    Returns the encoded string by cycling groups of three characters.\n    \"\"\"\n    # Split the input string into groups, each of length 3.\n    groups = [s[(3 * i):min((3 * i + 3), len(s))] for i in range((len(s) + 2) // 3)]\n    # Cycle the elements in each group, unless the group has fewer elements than 3.\n    groups = [(group[1:] + group[0]) if len(group) == 3 else group for group in groups]\n    return \"\".join(groups)\n\n\ndef decode_cyclic(s: str):\n    \"\"\"\n    Takes as input a string encoded with the encode_cyclic function and returns the decoded string.\n    \"\"\"\n    # Split the input string into groups, each of length 3.\n    groups = [s[i:i+3] for i in range(0, len(s), 3)]\n    # Reverse cycle the elements in each group.\n    for i in range(len(groups)):\n        groups[i] = groups[i][-1] + groups[i][:-1]\n    # Join the groups to form the decoded string.\n    return \"\".join(groups)",
    "Code0_prompt": {
        "Role": "You are a professional software engineer. Your duty is to write code in Python that meets the requirements. Ensure that the code you write is efficient, readable, and follows best practices. Remember, do not need to explain the code you wrote.",
        "Instruction": "1. Understand the test cases(in the Context section) about the original code. 2. Rewrite your code, make sure your code pass all test cases.",
        "Example": "",
        "Context": "# Original Code:\ndef encode_cyclic(s: str):\n    \"\"\"\n    Returns the encoded string by cycling groups of three characters.\n    \"\"\"\n    # Add padding to the input string to make sure it can be split into groups of 3.\n    padded_s = s + \" \" * (3 - len(s) % 3)\n    # Split the padded input string into groups, each of length 3.\n    groups = [padded_s[i:i+3] for i in range(0, len(padded_s), 3)]\n    # Cycle the elements in each group, unless the group has fewer elements than 3.\n    for i in range(len(groups)):\n        if len(groups[i]) == 3:\n            groups[i] = groups[i][1:] + groups[i][0]\n    # Join the groups to form the encoded string.\n    return \"\".join(groups)\n\ndef decode_cyclic(s: str):\n    \"\"\"\n    Takes as input a string encoded with the encode_cyclic function and returns the decoded string.\n    \"\"\"\n    # Add error handling to check if the input string is correctly encoded before decoding it.\n    if len(s) % 3 != 0:\n        return \"Invalid encoded string\"\n    else:\n        # Split the input string into groups, each of length 3.\n        groups = [s[i:i+3] for i in range(0, len(s), 3)]\n        # Reverse cycle the elements in each group.\n        for i in range(len(groups)):\n            groups[i] = groups[i][-1] + groups[i][:-1]\n        # Join the groups to form the decoded string.\n        return \"\".join(groups)\n# Test Cases:\n{\n  \"requirement analysis\": \"analysis\",\n  \"test_cases\": [\n    {\n      \"Test Title\": \"input_string_less_than_3_characters\",\n      \"Input Data\": \"parameter1='ab'\",\n      \"Expected Output\": \"ab\"\n    },\n    {\n      \"Test Title\": \"input_string_multiple_of_3_characters\",\n      \"Input Data\": \"parameter1='abcdefgh'\",\n      \"Expected Output\": \"defghabc\"\n    },\n    {\n      \"Test Title\": \"input_string_non_multiple_of_3_characters\",\n      \"Input Data\": \"parameter1='abcd'\",\n      \"Expected Output\": \"bcdA\"\n    },\n    {\n      \"Test Title\": \"empty_string_input\",\n      \"Input Data\": \"parameter1=''\",\n      \"Expected Output\": \"\"\n    },\n    {\n      \"Test Title\": \"null_input\",\n      \"Input Data\": \"parameter1=null\",\n      \"Expected Output\": \"null\" \n    },\n    {\n      \"Test Title\": \"special_characters_input\",\n      \"Input Data\": \"parameter1='!@#'\",\n      \"Expected Output\": \"#!@\"\n    }\n  ]\n}",
        "Question": "\n\ndef encode_cyclic(s: str):\n    \"\"\"\n    returns encoded string by cycling groups of three characters.\n    \"\"\"\n    # split string to groups. Each of length 3.\n    groups = [s[(3 * i):min((3 * i + 3), len(s))] for i in range((len(s) + 2) // 3)]\n    # cycle elements in each group. Unless group has fewer elements than 3.\n    groups = [(group[1:] + group[0]) if len(group) == 3 else group for group in groups]\n    return \"\".join(groups)\n\n\ndef decode_cyclic(s: str):\n    \"\"\"\n    takes as input string encoded with encode_cyclic function. Returns decoded string.\n    \"\"\"\n"
    },
    "TestScriptOriginal": "import unittest\n\nclass Test(unittest.TestCase):\n    def test_encode_cyclic(self):\n        self.assertEqual(encode_cyclic('abcdefgh'), 'defghabc')\n\n    def test_decode_cyclic(self):\n        self.assertEqual(decode_cyclic('defghabc'), 'abcdefgh')\n\nif __name__ == '__main__':\n    unittest.main()",
    "TestScriptOriginal_prompt": "{\"Role\": \"You are a quality assurance engineer. Your duty is to write a python test script in unittest framework.\", \"Instruction\": \"1. Write a python test script. 2. Use the input and output given by the question.\", \"Example\": \"import unittest\\n\\nclass Test(unittest.TestCase):\\n    def test(self):\\n        self.assertEqual(function_under_test('a'), 1)\\n\\nif __name__ == '__main__':\\n    unittest.main()\", \"Context\": \"\", \"Question\": \"\\n\\ndef encode_cyclic(s: str):\\n    \\\"\\\"\\\"\\n    returns encoded string by cycling groups of three characters.\\n    \\\"\\\"\\\"\\n    # split string to groups. Each of length 3.\\n    groups = [s[(3 * i):min((3 * i + 3), len(s))] for i in range((len(s) + 2) // 3)]\\n    # cycle elements in each group. Unless group has fewer elements than 3.\\n    groups = [(group[1:] + group[0]) if len(group) == 3 else group for group in groups]\\n    return \\\"\\\".join(groups)\\n\\n\\ndef decode_cyclic(s: str):\\n    \\\"\\\"\\\"\\n    takes as input string encoded with encode_cyclic function. Returns decoded string.\\n    \\\"\\\"\\\"\\n\"}",
    "TestScript": "import unittest\n\nclass Test(unittest.TestCase):\n    def test_encode_cyclic(self):\n        self.assertEqual(encode_cyclic('abcdefgh'), 'defghabc')\n\n    def test_decode_cyclic(self):\n        self.assertEqual(decode_cyclic('defghabc'), 'abcdefgh')\n\nif __name__ == '__main__':\n    unittest.main()",
    "ScriptResult0": "FF\n======================================================================\nFAIL: test_decode_cyclic (__main__.Test)\n----------------------------------------------------------------------\nTraceback (most recent call last):\n  File \"/Users/watch/PycharmProjects/XXXX-1-LLM/workspace/2024-02-13_13-49-49-511818/test_script.py\", line 30, in test_decode_cyclic\n    self.assertEqual(decode_cyclic('defghabc'), 'abcdefgh')\nAssertionError: 'fdeaghcb' != 'abcdefgh'\n- fdeaghcb\n+ abcdefgh\n\n\n======================================================================\nFAIL: test_encode_cyclic (__main__.Test)\n----------------------------------------------------------------------\nTraceback (most recent call last):\n  File \"/Users/watch/PycharmProjects/XXXX-1-LLM/workspace/2024-02-13_13-49-49-511818/test_script.py\", line 27, in test_encode_cyclic\n    self.assertEqual(encode_cyclic('abcdefgh'), 'defghabc')\nAssertionError: 'bcaefdgh' != 'defghabc'\n- bcaefdgh\n+ defghabc\n\n\n----------------------------------------------------------------------\nRan 2 tests in 0.000s\n\nFAILED (failures=2)\n",
    "TestReport0": "Test Report:\n\nTest Script Output:\nFF\n======================================================================\nFAIL: test_decode_cyclic (__main__.Test)\n----------------------------------------------------------------------\nTraceback (most recent call last):\n  File \"/Users/watch/PycharmProjects/XXXX-1-LLM/workspace/2024-02-13_13-49-49-511818/test_script.py\", line 30, in test_decode_cyclic\n    self.assertEqual(decode_cyclic('defghabc'), 'abcdefgh')\nAssertionError: 'fdeaghcb' != 'abcdefgh'\n- fdeaghcb\n+ abcdefgh\n\n\n======================================================================\nFAIL: test_encode_cyclic (__main__.Test)\n----------------------------------------------------------------------\nTraceback (most recent call last):\n  File \"/Users/watch/PycharmProjects/XXXX-1-LLM/workspace/2024-02-13_13-49-49-511818/test_script.py\", line 27, in test_encode_cyclic\n    self.assertEqual(encode_cyclic('abcdefgh'), 'defghabc')\nAssertionError: 'bcaefdgh' != 'defghabc'\n- bcaefdgh\n+ defghabc\n\n\n----------------------------------------------------------------------\nRan 2 tests in 0.000s\n\nFAILED (failures=2)\n\nConclusion: Code Test Failed\n\nInput and Expected Output Example:\nFor encode_cyclic function:\nInput: 'abcdefgh'\nExpected Output: 'defghabc'\n\nFor decode_cyclic function:\nInput: 'defghabc'\nExpected Output: 'abcdefgh'",
    "SprintReview0": "[ScrumMaster]says: Here is our test Report: Test Report:\n\nTest Script Output:\nFF\n======================================================================\nFAIL: test_decode_cyclic (__main__.Test)\n----------------------------------------------------------------------\nTraceback (most recent call last):\n  File \"/Users/watch/PycharmProjects/XXXX-1-LLM/workspace/2024-02-13_13-49-49-511818/test_script.py\", line 30, in test_decode_cyclic\n    self.assertEqual(decode_cyclic('defghabc'), 'abcdefgh')\nAssertionError: 'fdeaghcb' != 'abcdefgh'\n- fdeaghcb\n+ abcdefgh\n\n\n======================================================================\nFAIL: test_encode_cyclic (__main__.Test)\n----------------------------------------------------------------------\nTraceback (most recent call last):\n  File \"/Users/watch/PycharmProjects/XXXX-1-LLM/workspace/2024-02-13_13-49-49-511818/test_script.py\", line 27, in test_encode_cyclic\n    self.assertEqual(encode_cyclic('abcdefgh'), 'defghabc')\nAssertionError: 'bcaefdgh' != 'defghabc'\n- bcaefdgh\n+ defghabc\n\n\n----------------------------------------------------------------------\nRan 2 tests in 0.000s\n\nFAILED (failures=2)\n\nConclusion: Code Test Failed\n\nInput and Expected Output Example:\nFor encode_cyclic function:\nInput: 'abcdefgh'\nExpected Output: 'defghabc'\n\nFor decode_cyclic function:\nInput: 'defghabc'\nExpected Output: 'abcdefgh', do you have any ideas?\n-----\n\n[Tester]says: As a Tester, it is important to review the test report and identify the specific issues with the code, such as the incorrect expected output for both encode_cyclic and decode_cyclic functions.\n-----\n\n[Developer]says: As a Developer, I suggest reviewing the test cases and ensuring that the encode_cyclic and decode_cyclic functions are implemented correctly to match the expected output.\n-----\n\n[ProductOwner]says: As a Product Owner, I think we need to prioritize fixing the failed code tests in order to ensure the quality of our product and meet the expected outputs.\n-----\n\n[Architect]says: As an Architect, I believe we should review the test script and code to identify the root cause of the failures before making any changes to the product.\n-----\n\n[Tester]says: As a Tester, it is important to review the test report and identify the specific issues with the code, such as the incorrect expected output for both encode_cyclic and decode_cyclic functions.\n-----\n\n[Architect]says: As an Architect, I believe we should review the test script and code to identify the root cause of the failures before making any changes to the product.\n-----\n\n[ProductOwner]says: As a Product Owner, I think we need to prioritize fixing the failed code tests in order to ensure the quality of our product and meet the expected outputs.\n-----\n\n[Developer]says: As a Developer, I suggest reviewing the test cases and ensuring that the encode_cyclic and decode_cyclic functions are implemented correctly to match the expected output.\n-----\n",
    "SprintReviewMeetings0": "{\n  \"product-owner\":[\"I think we need to prioritize fixing the failed code tests in order to ensure the quality of our product and meet the expected outputs.\"],\n  \"architect\":[\"I believe we should review the test script and code to identify the root cause of the failures before making any changes to the product.\"],\n  \"developer\":[\"I suggest reviewing the test cases and ensuring that the encode_cyclic and decode_cyclic functions are implemented correctly to match the expected output.\"],\n  \"tester\":[\"It is important to review the test report and identify the specific issues with the code, such as the incorrect expected output for both encode_cyclic and decode_cyclic functions.\"]\n}",
    "SprintReviewMeetings0_prompt": "{\"Role\": \"You are a professional scrum master. Your goal is to summary the Discussion History into a suggestions list for the scrum team.\", \"Instruction\": \"1. Read and Understand the Discussion History. 2. Summary the suggestions from four roles: product-owner/architect/developer/tester. 3. Response in JSON format.\", \"Example\": \"{\\\"product-owner\\\":[\\\"suggestion1\\\",\\\"suggestion2\\\"],\\\"architect\\\":[\\\"suggestion1\\\",\\\"suggestion2\\\"], \\\"developer\\\":[\\\"suggestion1\\\",\\\"suggestion2\\\"], \\\"tester\\\":[\\\"suggestion1\\\",\\\"suggestion2\\\"]}\", \"Context\": \"[ScrumMaster]says: Here is our test Report: Test Report:\\n\\nTest Script Output:\\nFF\\n======================================================================\\nFAIL: test_decode_cyclic (__main__.Test)\\n----------------------------------------------------------------------\\nTraceback (most recent call last):\\n  File \\\"/Users/watch/PycharmProjects/XXXX-1-LLM/workspace/2024-02-13_13-49-49-511818/test_script.py\\\", line 30, in test_decode_cyclic\\n    self.assertEqual(decode_cyclic('defghabc'), 'abcdefgh')\\nAssertionError: 'fdeaghcb' != 'abcdefgh'\\n- fdeaghcb\\n+ abcdefgh\\n\\n\\n======================================================================\\nFAIL: test_encode_cyclic (__main__.Test)\\n----------------------------------------------------------------------\\nTraceback (most recent call last):\\n  File \\\"/Users/watch/PycharmProjects/XXXX-1-LLM/workspace/2024-02-13_13-49-49-511818/test_script.py\\\", line 27, in test_encode_cyclic\\n    self.assertEqual(encode_cyclic('abcdefgh'), 'defghabc')\\nAssertionError: 'bcaefdgh' != 'defghabc'\\n- bcaefdgh\\n+ defghabc\\n\\n\\n----------------------------------------------------------------------\\nRan 2 tests in 0.000s\\n\\nFAILED (failures=2)\\n\\nConclusion: Code Test Failed\\n\\nInput and Expected Output Example:\\nFor encode_cyclic function:\\nInput: 'abcdefgh'\\nExpected Output: 'defghabc'\\n\\nFor decode_cyclic function:\\nInput: 'defghabc'\\nExpected Output: 'abcdefgh', do you have any ideas?\\n-----\\n\\n[Tester]says: As a Tester, it is important to review the test report and identify the specific issues with the code, such as the incorrect expected output for both encode_cyclic and decode_cyclic functions.\\n-----\\n\\n[Developer]says: As a Developer, I suggest reviewing the test cases and ensuring that the encode_cyclic and decode_cyclic functions are implemented correctly to match the expected output.\\n-----\\n\\n[ProductOwner]says: As a Product Owner, I think we need to prioritize fixing the failed code tests in order to ensure the quality of our product and meet the expected outputs.\\n-----\\n\\n[Architect]says: As an Architect, I believe we should review the test script and code to identify the root cause of the failures before making any changes to the product.\\n-----\\n\\n[Tester]says: As a Tester, it is important to review the test report and identify the specific issues with the code, such as the incorrect expected output for both encode_cyclic and decode_cyclic functions.\\n-----\\n\\n[Architect]says: As an Architect, I believe we should review the test script and code to identify the root cause of the failures before making any changes to the product.\\n-----\\n\\n[ProductOwner]says: As a Product Owner, I think we need to prioritize fixing the failed code tests in order to ensure the quality of our product and meet the expected outputs.\\n-----\\n\\n[Developer]says: As a Developer, I suggest reviewing the test cases and ensuring that the encode_cyclic and decode_cyclic functions are implemented correctly to match the expected output.\\n-----\\n\", \"Question\": \"Follow the Instruction section. The Discussion History is in the Context section. You only need to return a list as the Example section.\"}",
    "RepairResponse0": "{\n    \"revised_code\": \"def encode_cyclic(s: str):\\n    \\\"\\\"\\\"\\n    returns encoded string by cycling groups of three characters.\\n    \\\"\\\"\\\"\\n    # split string to groups. Each of length 3.\\n    groups = [s[(3 * i):min((3 * i + 3), len(s))] for i in range((len(s) + 2) // 3)]\\n    # cycle elements in each group. Unless group has fewer elements than 3.\\n    groups = [(group[-1] + group[:-1]) if len(group) == 3 else group for group in groups]\\n    return \\\"\\\".join(groups)\\n\\n\\ndef decode_cyclic(s: str):\\n    \\\"\\\"\\\"\\n    takes as input string encoded with encode_cyclic function. Returns decoded string.\\n    \\\"\\\"\\\"\\n    # split string to groups. Each of length 3.\\n    groups = [s[(3 * i):min((3 * i + 3), len(s))] for i in range((len(s) + 2) // 3)]\\n    # cycle elements in each group in reverse. Unless group has fewer elements than 3.\\n    groups = [(group[-1] + group[:-1]) if len(group) == 3 else group for group in groups]\\n    return \\\"\\\".join(groups)\"\n}",
    "RepairResponse0_prompt": {
        "Role": "You are a professional software engineer. Your duty is to write code in Python that meets the requirements. Ensure that the code you write is efficient, readable, and follows best practices. Remember, do not need to explain the code you wrote.",
        "Instruction": "1. Rewrite a bug fix version of the original code. 2. Response in JSON format.",
        "Example": "{\"revised_code\":\"...\"}",
        "Context": "# Test Report:\nTest Report:\n\nTest Script Output:\nFF\n======================================================================\nFAIL: test_decode_cyclic (__main__.Test)\n----------------------------------------------------------------------\nTraceback (most recent call last):\n  File \"/Users/watch/PycharmProjects/XXXX-1-LLM/workspace/2024-02-13_13-49-49-511818/test_script.py\", line 30, in test_decode_cyclic\n    self.assertEqual(decode_cyclic('defghabc'), 'abcdefgh')\nAssertionError: 'fdeaghcb' != 'abcdefgh'\n- fdeaghcb\n+ abcdefgh\n\n\n======================================================================\nFAIL: test_encode_cyclic (__main__.Test)\n----------------------------------------------------------------------\nTraceback (most recent call last):\n  File \"/Users/watch/PycharmProjects/XXXX-1-LLM/workspace/2024-02-13_13-49-49-511818/test_script.py\", line 27, in test_encode_cyclic\n    self.assertEqual(encode_cyclic('abcdefgh'), 'defghabc')\nAssertionError: 'bcaefdgh' != 'defghabc'\n- bcaefdgh\n+ defghabc\n\n\n----------------------------------------------------------------------\nRan 2 tests in 0.000s\n\nFAILED (failures=2)\n\nConclusion: Code Test Failed\n\nInput and Expected Output Example:\nFor encode_cyclic function:\nInput: 'abcdefgh'\nExpected Output: 'defghabc'\n\nFor decode_cyclic function:\nInput: 'defghabc'\nExpected Output: 'abcdefgh'# suggestions:\n{\"product-owner\": [\"I think we need to prioritize fixing the failed code tests in order to ensure the quality of our product and meet the expected outputs.\"], \"architect\": [\"I believe we should review the test script and code to identify the root cause of the failures before making any changes to the product.\"], \"developer\": [\"I suggest reviewing the test cases and ensuring that the encode_cyclic and decode_cyclic functions are implemented correctly to match the expected output.\"], \"tester\": [\"It is important to review the test report and identify the specific issues with the code, such as the incorrect expected output for both encode_cyclic and decode_cyclic functions.\"]}",
        "Question": "The original code has some bugs, according to the test report and suggestions, rewrite the code. Complete the following code:\n\n\ndef encode_cyclic(s: str):\n    \"\"\"\n    returns encoded string by cycling groups of three characters.\n    \"\"\"\n    # split string to groups. Each of length 3.\n    groups = [s[(3 * i):min((3 * i + 3), len(s))] for i in range((len(s) + 2) // 3)]\n    # cycle elements in each group. Unless group has fewer elements than 3.\n    groups = [(group[1:] + group[0]) if len(group) == 3 else group for group in groups]\n    return \"\".join(groups)\n\n\ndef decode_cyclic(s: str):\n    \"\"\"\n    takes as input string encoded with encode_cyclic function. Returns decoded string.\n    \"\"\"\n"
    },
    "Code1": "def encode_cyclic(s: str):\n    \"\"\"\n    returns encoded string by cycling groups of three characters.\n    \"\"\"\n    # split string to groups. Each of length 3.\n    groups = [s[(3 * i):min((3 * i + 3), len(s))] for i in range((len(s) + 2) // 3)]\n    # cycle elements in each group. Unless group has fewer elements than 3.\n    groups = [(group[-1] + group[:-1]) if len(group) == 3 else group for group in groups]\n    return \"\".join(groups)\n\n\ndef decode_cyclic(s: str):\n    \"\"\"\n    takes as input string encoded with encode_cyclic function. Returns decoded string.\n    \"\"\"\n    # split string to groups. Each of length 3.\n    groups = [s[(3 * i):min((3 * i + 3), len(s))] for i in range((len(s) + 2) // 3)]\n    # cycle elements in each group in reverse. Unless group has fewer elements than 3.\n    groups = [(group[-1] + group[:-1]) if len(group) == 3 else group for group in groups]\n    return \"\".join(groups)",
    "ScriptResult1": "FF\n======================================================================\nFAIL: test_decode_cyclic (__main__.Test)\n----------------------------------------------------------------------\nTraceback (most recent call last):\n  File \"/Users/watch/PycharmProjects/XXXX-1-LLM/workspace/2024-02-13_13-49-49-511818/test_script.py\", line 28, in test_decode_cyclic\n    self.assertEqual(decode_cyclic('defghabc'), 'abcdefgh')\nAssertionError: 'fdeaghbc' != 'abcdefgh'\n- fdeaghbc\n+ abcdefgh\n\n\n======================================================================\nFAIL: test_encode_cyclic (__main__.Test)\n----------------------------------------------------------------------\nTraceback (most recent call last):\n  File \"/Users/watch/PycharmProjects/XXXX-1-LLM/workspace/2024-02-13_13-49-49-511818/test_script.py\", line 25, in test_encode_cyclic\n    self.assertEqual(encode_cyclic('abcdefgh'), 'defghabc')\nAssertionError: 'cabfdegh' != 'defghabc'\n- cabfdegh\n+ defghabc\n\n\n----------------------------------------------------------------------\nRan 2 tests in 0.000s\n\nFAILED (failures=2)\n",
    "TestReport1": "Test Report\n\nTest script's output:\n\nFF\n======================================================================\nFAIL: test_decode_cyclic (__main__.Test)\n----------------------------------------------------------------------\nTraceback (most recent call last):\n  File \"/Users/watch/PycharmProjects/XXXX-1-LLM/workspace/2024-02-13_13-49-49-511818/test_script.py\", line 28, in test_decode_cyclic\n    self.assertEqual(decode_cyclic('defghabc'), 'abcdefgh')\nAssertionError: 'fdeaghbc' != 'abcdefgh'\n- fdeaghbc\n+ abcdefgh\n\n\n======================================================================\nFAIL: test_encode_cyclic (__main__.Test)\n----------------------------------------------------------------------\nTraceback (most recent call last):\n  File \"/Users/watch/PycharmProjects/XXXX-1-LLM/workspace/2024-02-13_13-49-49-511818/test_script.py\", line 25, in test_encode_cyclic\n    self.assertEqual(encode_cyclic('abcdefgh'), 'defghabc')\nAssertionError: 'cabfdegh' != 'defghabc'\n- cabfdegh\n+ defghabc\n\n\n----------------------------------------------------------------------\nRan 2 tests in 0.000s\n\nFAILED (failures=2)\n\n---\n\nBased on the test script's output, the code has FAILED the tests. The input and expected output examples are as follows:\nFor encode_cyclic:\nInput: 'abcdefgh'\nExpected Output: 'defghabc'\n\nFor decode_cyclic:\nInput: 'defghabc'\nExpected Output: 'abcdefgh'\n\nConclusion: Code Test Failed",
    "SprintReview1": "[ScrumMaster]says: Here is our test Report: Test Report\n\nTest script's output:\n\nFF\n======================================================================\nFAIL: test_decode_cyclic (__main__.Test)\n----------------------------------------------------------------------\nTraceback (most recent call last):\n  File \"/Users/watch/PycharmProjects/XXXX-1-LLM/workspace/2024-02-13_13-49-49-511818/test_script.py\", line 28, in test_decode_cyclic\n    self.assertEqual(decode_cyclic('defghabc'), 'abcdefgh')\nAssertionError: 'fdeaghbc' != 'abcdefgh'\n- fdeaghbc\n+ abcdefgh\n\n\n======================================================================\nFAIL: test_encode_cyclic (__main__.Test)\n----------------------------------------------------------------------\nTraceback (most recent call last):\n  File \"/Users/watch/PycharmProjects/XXXX-1-LLM/workspace/2024-02-13_13-49-49-511818/test_script.py\", line 25, in test_encode_cyclic\n    self.assertEqual(encode_cyclic('abcdefgh'), 'defghabc')\nAssertionError: 'cabfdegh' != 'defghabc'\n- cabfdegh\n+ defghabc\n\n\n----------------------------------------------------------------------\nRan 2 tests in 0.000s\n\nFAILED (failures=2)\n\n---\n\nBased on the test script's output, the code has FAILED the tests. The input and expected output examples are as follows:\nFor encode_cyclic:\nInput: 'abcdefgh'\nExpected Output: 'defghabc'\n\nFor decode_cyclic:\nInput: 'defghabc'\nExpected Output: 'abcdefgh'\n\nConclusion: Code Test Failed, do you have any ideas?\n-----\n\n[ProductOwner]says: As a Product Owner, I think we should prioritize fixing the failed tests and ensuring the code meets the expected outputs before moving forward with any new features.\n-----\n\n[Developer]says: As a Developer, I will review the test script and re-evaluate the encode_cyclic and decode_cyclic functions to fix the failures.\n-----\n\n[Tester]says: As a Tester, it appears that the code has failed the tests based on the test script's output, and I suggest reviewing the code to identify and fix the issues.\n-----\n\n[Architect]says: As an architect, I believe it is important to review the code and identify the root cause of the test failures before making any changes to the product.\n-----\n\n[Tester]says: As a Tester, it appears that the code has failed the tests based on the test script's output, and I suggest reviewing the code to identify and fix the issues.\n-----\n\n[ProductOwner]says: As a Product Owner, I think we should prioritize fixing the failed tests and ensuring the code meets the expected outputs before moving forward with any new features.\n-----\n\n[Developer]says: As a Developer, I will review the test script and re-evaluate the encode_cyclic and decode_cyclic functions to fix the failures.\n-----\n\n[Architect]says: As an architect, I believe it is important to review the code and identify the root cause of the test failures before making any changes to the product.\n-----\n",
    "SprintReviewMeetings1": "{\n  \"product-owner\": [\n    \"We should prioritize fixing the failed tests and ensuring the code meets the expected outputs before moving forward with any new features.\"\n  ],\n  \"architect\": [\n    \"It is important to review the code and identify the root cause of the test failures before making any changes to the product.\"\n  ],\n  \"developer\": [\n    \"I will review the test script and re-evaluate the encode_cyclic and decode_cyclic functions to fix the failures.\"\n  ],\n  \"tester\": [\n    \"Review the code to identify and fix the issues.\"\n  ]\n}",
    "SprintReviewMeetings1_prompt": "{\"Role\": \"You are a professional scrum master. Your goal is to summary the Discussion History into a suggestions list for the scrum team.\", \"Instruction\": \"1. Read and Understand the Discussion History. 2. Summary the suggestions from four roles: product-owner/architect/developer/tester. 3. Response in JSON format.\", \"Example\": \"{\\\"product-owner\\\":[\\\"suggestion1\\\",\\\"suggestion2\\\"],\\\"architect\\\":[\\\"suggestion1\\\",\\\"suggestion2\\\"], \\\"developer\\\":[\\\"suggestion1\\\",\\\"suggestion2\\\"], \\\"tester\\\":[\\\"suggestion1\\\",\\\"suggestion2\\\"]}\", \"Context\": \"[ScrumMaster]says: Here is our test Report: Test Report\\n\\nTest script's output:\\n\\nFF\\n======================================================================\\nFAIL: test_decode_cyclic (__main__.Test)\\n----------------------------------------------------------------------\\nTraceback (most recent call last):\\n  File \\\"/Users/watch/PycharmProjects/XXXX-1-LLM/workspace/2024-02-13_13-49-49-511818/test_script.py\\\", line 28, in test_decode_cyclic\\n    self.assertEqual(decode_cyclic('defghabc'), 'abcdefgh')\\nAssertionError: 'fdeaghbc' != 'abcdefgh'\\n- fdeaghbc\\n+ abcdefgh\\n\\n\\n======================================================================\\nFAIL: test_encode_cyclic (__main__.Test)\\n----------------------------------------------------------------------\\nTraceback (most recent call last):\\n  File \\\"/Users/watch/PycharmProjects/XXXX-1-LLM/workspace/2024-02-13_13-49-49-511818/test_script.py\\\", line 25, in test_encode_cyclic\\n    self.assertEqual(encode_cyclic('abcdefgh'), 'defghabc')\\nAssertionError: 'cabfdegh' != 'defghabc'\\n- cabfdegh\\n+ defghabc\\n\\n\\n----------------------------------------------------------------------\\nRan 2 tests in 0.000s\\n\\nFAILED (failures=2)\\n\\n---\\n\\nBased on the test script's output, the code has FAILED the tests. The input and expected output examples are as follows:\\nFor encode_cyclic:\\nInput: 'abcdefgh'\\nExpected Output: 'defghabc'\\n\\nFor decode_cyclic:\\nInput: 'defghabc'\\nExpected Output: 'abcdefgh'\\n\\nConclusion: Code Test Failed, do you have any ideas?\\n-----\\n\\n[ProductOwner]says: As a Product Owner, I think we should prioritize fixing the failed tests and ensuring the code meets the expected outputs before moving forward with any new features.\\n-----\\n\\n[Developer]says: As a Developer, I will review the test script and re-evaluate the encode_cyclic and decode_cyclic functions to fix the failures.\\n-----\\n\\n[Tester]says: As a Tester, it appears that the code has failed the tests based on the test script's output, and I suggest reviewing the code to identify and fix the issues.\\n-----\\n\\n[Architect]says: As an architect, I believe it is important to review the code and identify the root cause of the test failures before making any changes to the product.\\n-----\\n\\n[Tester]says: As a Tester, it appears that the code has failed the tests based on the test script's output, and I suggest reviewing the code to identify and fix the issues.\\n-----\\n\\n[ProductOwner]says: As a Product Owner, I think we should prioritize fixing the failed tests and ensuring the code meets the expected outputs before moving forward with any new features.\\n-----\\n\\n[Developer]says: As a Developer, I will review the test script and re-evaluate the encode_cyclic and decode_cyclic functions to fix the failures.\\n-----\\n\\n[Architect]says: As an architect, I believe it is important to review the code and identify the root cause of the test failures before making any changes to the product.\\n-----\\n\", \"Question\": \"Follow the Instruction section. The Discussion History is in the Context section. You only need to return a list as the Example section.\"}",
    "RepairResponse1": "{\n  \"revised_code\": \"def encode_cyclic(s: str):\\n    \\\"\\\"\\\"\\n    returns encoded string by cycling groups of three characters.\\n    \\\"\\\"\\\"\\n    # split string to groups. Each of length 3.\\n    groups = [s[(3 * i):min((3 * i + 3), len(s))] for i in range((len(s) + 2) // 3)]\\n    # cycle elements in each group. Unless group has fewer elements than 3.\\n    groups = [(group[-1] + group[:-1]) if len(group) == 3 else group for group in groups]\\n    return \\\"\\\".join(groups)\\n\\n\\ndef decode_cyclic(s: str):\\n    \\\"\\\"\\\"\\n    takes as input string encoded with encode_cyclic function. Returns decoded string.\\n    \\\"\\\"\\\"\\n    # split string to groups. Each of length 3.\\n    groups = [s[(3 * i):min((3 * i + 3), len(s))] for i in range((len(s) + 2) // 3)]\\n    # cycle elements in each group. Unless group has fewer elements than 3.\\n    groups = [(group[-1] + group[:-1]) if len(group) == 3 else group for group in groups]\\n    return \\\"\\\".join(groups)\"\n}",
    "RepairResponse1_prompt": {
        "Role": "You are a professional software engineer. Your duty is to write code in Python that meets the requirements. Ensure that the code you write is efficient, readable, and follows best practices. Remember, do not need to explain the code you wrote.",
        "Instruction": "1. Rewrite a bug fix version of the original code. 2. Response in JSON format.",
        "Example": "{\"revised_code\":\"...\"}",
        "Context": "# Test Report:\nTest Report\n\nTest script's output:\n\nFF\n======================================================================\nFAIL: test_decode_cyclic (__main__.Test)\n----------------------------------------------------------------------\nTraceback (most recent call last):\n  File \"/Users/watch/PycharmProjects/XXXX-1-LLM/workspace/2024-02-13_13-49-49-511818/test_script.py\", line 28, in test_decode_cyclic\n    self.assertEqual(decode_cyclic('defghabc'), 'abcdefgh')\nAssertionError: 'fdeaghbc' != 'abcdefgh'\n- fdeaghbc\n+ abcdefgh\n\n\n======================================================================\nFAIL: test_encode_cyclic (__main__.Test)\n----------------------------------------------------------------------\nTraceback (most recent call last):\n  File \"/Users/watch/PycharmProjects/XXXX-1-LLM/workspace/2024-02-13_13-49-49-511818/test_script.py\", line 25, in test_encode_cyclic\n    self.assertEqual(encode_cyclic('abcdefgh'), 'defghabc')\nAssertionError: 'cabfdegh' != 'defghabc'\n- cabfdegh\n+ defghabc\n\n\n----------------------------------------------------------------------\nRan 2 tests in 0.000s\n\nFAILED (failures=2)\n\n---\n\nBased on the test script's output, the code has FAILED the tests. The input and expected output examples are as follows:\nFor encode_cyclic:\nInput: 'abcdefgh'\nExpected Output: 'defghabc'\n\nFor decode_cyclic:\nInput: 'defghabc'\nExpected Output: 'abcdefgh'\n\nConclusion: Code Test Failed# suggestions:\n{\"product-owner\": [\"We should prioritize fixing the failed tests and ensuring the code meets the expected outputs before moving forward with any new features.\"], \"architect\": [\"It is important to review the code and identify the root cause of the test failures before making any changes to the product.\"], \"developer\": [\"I will review the test script and re-evaluate the encode_cyclic and decode_cyclic functions to fix the failures.\"], \"tester\": [\"Review the code to identify and fix the issues.\"]}",
        "Question": "The original code has some bugs, according to the test report and suggestions, rewrite the code. Complete the following code:\n\n\ndef encode_cyclic(s: str):\n    \"\"\"\n    returns encoded string by cycling groups of three characters.\n    \"\"\"\n    # split string to groups. Each of length 3.\n    groups = [s[(3 * i):min((3 * i + 3), len(s))] for i in range((len(s) + 2) // 3)]\n    # cycle elements in each group. Unless group has fewer elements than 3.\n    groups = [(group[1:] + group[0]) if len(group) == 3 else group for group in groups]\n    return \"\".join(groups)\n\n\ndef decode_cyclic(s: str):\n    \"\"\"\n    takes as input string encoded with encode_cyclic function. Returns decoded string.\n    \"\"\"\n"
    },
    "Code2": "def encode_cyclic(s: str):\n    \"\"\"\n    returns encoded string by cycling groups of three characters.\n    \"\"\"\n    # split string to groups. Each of length 3.\n    groups = [s[(3 * i):min((3 * i + 3), len(s))] for i in range((len(s) + 2) // 3)]\n    # cycle elements in each group. Unless group has fewer elements than 3.\n    groups = [(group[-1] + group[:-1]) if len(group) == 3 else group for group in groups]\n    return \"\".join(groups)\n\n\ndef decode_cyclic(s: str):\n    \"\"\"\n    takes as input string encoded with encode_cyclic function. Returns decoded string.\n    \"\"\"\n    # split string to groups. Each of length 3.\n    groups = [s[(3 * i):min((3 * i + 3), len(s))] for i in range((len(s) + 2) // 3)]\n    # cycle elements in each group. Unless group has fewer elements than 3.\n    groups = [(group[-1] + group[:-1]) if len(group) == 3 else group for group in groups]\n    return \"\".join(groups)",
    "ScriptResult2": "FF\n======================================================================\nFAIL: test_decode_cyclic (__main__.Test)\n----------------------------------------------------------------------\nTraceback (most recent call last):\n  File \"/Users/watch/PycharmProjects/XXXX-1-LLM/workspace/2024-02-13_13-49-49-511818/test_script.py\", line 28, in test_decode_cyclic\n    self.assertEqual(decode_cyclic('defghabc'), 'abcdefgh')\nAssertionError: 'fdeaghbc' != 'abcdefgh'\n- fdeaghbc\n+ abcdefgh\n\n\n======================================================================\nFAIL: test_encode_cyclic (__main__.Test)\n----------------------------------------------------------------------\nTraceback (most recent call last):\n  File \"/Users/watch/PycharmProjects/XXXX-1-LLM/workspace/2024-02-13_13-49-49-511818/test_script.py\", line 25, in test_encode_cyclic\n    self.assertEqual(encode_cyclic('abcdefgh'), 'defghabc')\nAssertionError: 'cabfdegh' != 'defghabc'\n- cabfdegh\n+ defghabc\n\n\n----------------------------------------------------------------------\nRan 2 tests in 0.000s\n\nFAILED (failures=2)\n",
    "TestReport2": "Test Report:\n\nTest script's output:\nFF\n======================================================================\nFAIL: test_decode_cyclic (__main__.Test)\n----------------------------------------------------------------------\nTraceback (most recent call last):\n  File \"/Users/watch/PycharmProjects/XXXX-1-LLM/workspace/2024-02-13_13-49-49-511818/test_script.py\", line 28, in test_decode_cyclic\n    self.assertEqual(decode_cyclic('defghabc'), 'abcdefgh')\nAssertionError: 'fdeaghbc' != 'abcdefgh'\n- fdeaghbc\n+ abcdefgh\n\n\n======================================================================\nFAIL: test_encode_cyclic (__main__.Test)\n----------------------------------------------------------------------\nTraceback (most recent call last):\n  File \"/Users/watch/PycharmProjects/XXXX-1-LLM/workspace/2024-02-13_13-49-49-511818/test_script.py\", line 25, in test_encode_cyclic\n    self.assertEqual(encode_cyclic('abcdefgh'), 'defghabc')\nAssertionError: 'cabfdegh' != 'defghabc'\n- cabfdegh\n+ defghabc\n\n\n----------------------------------------------------------------------\nRan 2 tests in 0.000s\n\nFAILED (failures=2)\n\nConclusion: Code Test Failed\n\nExample of input and expected output:\nFor the encode_cyclic function:\nInput: 'abcdefgh'\nExpected Output: 'defghabc'",
    "SprintReview2": "[ScrumMaster]says: Here is our test Report: Test Report:\n\nTest script's output:\nFF\n======================================================================\nFAIL: test_decode_cyclic (__main__.Test)\n----------------------------------------------------------------------\nTraceback (most recent call last):\n  File \"/Users/watch/PycharmProjects/XXXX-1-LLM/workspace/2024-02-13_13-49-49-511818/test_script.py\", line 28, in test_decode_cyclic\n    self.assertEqual(decode_cyclic('defghabc'), 'abcdefgh')\nAssertionError: 'fdeaghbc' != 'abcdefgh'\n- fdeaghbc\n+ abcdefgh\n\n\n======================================================================\nFAIL: test_encode_cyclic (__main__.Test)\n----------------------------------------------------------------------\nTraceback (most recent call last):\n  File \"/Users/watch/PycharmProjects/XXXX-1-LLM/workspace/2024-02-13_13-49-49-511818/test_script.py\", line 25, in test_encode_cyclic\n    self.assertEqual(encode_cyclic('abcdefgh'), 'defghabc')\nAssertionError: 'cabfdegh' != 'defghabc'\n- cabfdegh\n+ defghabc\n\n\n----------------------------------------------------------------------\nRan 2 tests in 0.000s\n\nFAILED (failures=2)\n\nConclusion: Code Test Failed\n\nExample of input and expected output:\nFor the encode_cyclic function:\nInput: 'abcdefgh'\nExpected Output: 'defghabc', do you have any ideas?\n-----\n\n[ProductOwner]says: As the Product Owner, I believe we need to prioritize fixing the failed code tests to ensure the quality of our product.\n-----\n\n[Developer]says: As a Developer, I think we should review the test script to identify the issues and make necessary corrections.\n-----\n\n[Architect]says: As an Architect, I think it's important to review the code and identify the areas of improvement before proceeding with any further development.\n-----\n\n[Tester]says: As a Tester, I recommend reviewing the test script and debugging the encode_cyclic and decode_cyclic functions to ensure the expected output matches the actual output.\n-----\n\n[ProductOwner]says: As the Product Owner, I believe we need to prioritize fixing the failed code tests to ensure the quality of our product.\n-----\n\n[Developer]says: As a Developer, I will review the test script and identify the issues to make necessary corrections.\n-----\n\n[Architect]says: As an Architect, I believe we should review the code and identify the areas of improvement before proceeding with any further development.\n-----\n\n[Tester]says: As a Tester, I recommend reviewing the test script and debugging the encode_cyclic and decode_cyclic functions to ensure the expected output matches the actual output.\n-----\n",
    "SprintReviewMeetings2": "{\n  \"product-owner\": [\"Prioritize fixing the failed code tests to ensure the quality of our product.\"],\n  \"architect\": [\"Review the code and identify the areas of improvement before proceeding with any further development.\"],\n  \"developer\": [\"Review the test script to identify the issues and make necessary corrections.\"],\n  \"tester\": [\"Review the test script and debug the encode_cyclic and decode_cyclic functions to ensure the expected output matches the actual output.\"]\n}",
    "SprintReviewMeetings2_prompt": "{\"Role\": \"You are a professional scrum master. Your goal is to summary the Discussion History into a suggestions list for the scrum team.\", \"Instruction\": \"1. Read and Understand the Discussion History. 2. Summary the suggestions from four roles: product-owner/architect/developer/tester. 3. Response in JSON format.\", \"Example\": \"{\\\"product-owner\\\":[\\\"suggestion1\\\",\\\"suggestion2\\\"],\\\"architect\\\":[\\\"suggestion1\\\",\\\"suggestion2\\\"], \\\"developer\\\":[\\\"suggestion1\\\",\\\"suggestion2\\\"], \\\"tester\\\":[\\\"suggestion1\\\",\\\"suggestion2\\\"]}\", \"Context\": \"[ScrumMaster]says: Here is our test Report: Test Report:\\n\\nTest script's output:\\nFF\\n======================================================================\\nFAIL: test_decode_cyclic (__main__.Test)\\n----------------------------------------------------------------------\\nTraceback (most recent call last):\\n  File \\\"/Users/watch/PycharmProjects/XXXX-1-LLM/workspace/2024-02-13_13-49-49-511818/test_script.py\\\", line 28, in test_decode_cyclic\\n    self.assertEqual(decode_cyclic('defghabc'), 'abcdefgh')\\nAssertionError: 'fdeaghbc' != 'abcdefgh'\\n- fdeaghbc\\n+ abcdefgh\\n\\n\\n======================================================================\\nFAIL: test_encode_cyclic (__main__.Test)\\n----------------------------------------------------------------------\\nTraceback (most recent call last):\\n  File \\\"/Users/watch/PycharmProjects/XXXX-1-LLM/workspace/2024-02-13_13-49-49-511818/test_script.py\\\", line 25, in test_encode_cyclic\\n    self.assertEqual(encode_cyclic('abcdefgh'), 'defghabc')\\nAssertionError: 'cabfdegh' != 'defghabc'\\n- cabfdegh\\n+ defghabc\\n\\n\\n----------------------------------------------------------------------\\nRan 2 tests in 0.000s\\n\\nFAILED (failures=2)\\n\\nConclusion: Code Test Failed\\n\\nExample of input and expected output:\\nFor the encode_cyclic function:\\nInput: 'abcdefgh'\\nExpected Output: 'defghabc', do you have any ideas?\\n-----\\n\\n[ProductOwner]says: As the Product Owner, I believe we need to prioritize fixing the failed code tests to ensure the quality of our product.\\n-----\\n\\n[Developer]says: As a Developer, I think we should review the test script to identify the issues and make necessary corrections.\\n-----\\n\\n[Architect]says: As an Architect, I think it's important to review the code and identify the areas of improvement before proceeding with any further development.\\n-----\\n\\n[Tester]says: As a Tester, I recommend reviewing the test script and debugging the encode_cyclic and decode_cyclic functions to ensure the expected output matches the actual output.\\n-----\\n\\n[ProductOwner]says: As the Product Owner, I believe we need to prioritize fixing the failed code tests to ensure the quality of our product.\\n-----\\n\\n[Developer]says: As a Developer, I will review the test script and identify the issues to make necessary corrections.\\n-----\\n\\n[Architect]says: As an Architect, I believe we should review the code and identify the areas of improvement before proceeding with any further development.\\n-----\\n\\n[Tester]says: As a Tester, I recommend reviewing the test script and debugging the encode_cyclic and decode_cyclic functions to ensure the expected output matches the actual output.\\n-----\\n\", \"Question\": \"Follow the Instruction section. The Discussion History is in the Context section. You only need to return a list as the Example section.\"}",
    "RepairResponse2": "{\n\t\"revised_code\": \"def encode_cyclic(s: str):\\n    groups = [s[(3 * i):min((3 * i + 3), len(s))] for i in range((len(s) + 2) // 3)]\\n    groups = [(group[2] + group[:2]) if len(group) == 3 else group for group in groups]\\n    return \\\"\\\".join(groups)\\n\\ndef decode_cyclic(s: str):\\n    groups = [s[(3 * i):min((3 * i + 3), len(s))] for i in range((len(s) + 2) // 3)]\\n    groups = [(group[1] + group[:1]) if len(group) == 3 else group for group in groups]\\n    return \\\"\\\".join(groups)\"\n}",
    "RepairResponse2_prompt": {
        "Role": "You are a professional software engineer. Your duty is to write code in Python that meets the requirements. Ensure that the code you write is efficient, readable, and follows best practices. Remember, do not need to explain the code you wrote.",
        "Instruction": "1. Rewrite a bug fix version of the original code. 2. Response in JSON format.",
        "Example": "{\"revised_code\":\"...\"}",
        "Context": "# Test Report:\nTest Report:\n\nTest script's output:\nFF\n======================================================================\nFAIL: test_decode_cyclic (__main__.Test)\n----------------------------------------------------------------------\nTraceback (most recent call last):\n  File \"/Users/watch/PycharmProjects/XXXX-1-LLM/workspace/2024-02-13_13-49-49-511818/test_script.py\", line 28, in test_decode_cyclic\n    self.assertEqual(decode_cyclic('defghabc'), 'abcdefgh')\nAssertionError: 'fdeaghbc' != 'abcdefgh'\n- fdeaghbc\n+ abcdefgh\n\n\n======================================================================\nFAIL: test_encode_cyclic (__main__.Test)\n----------------------------------------------------------------------\nTraceback (most recent call last):\n  File \"/Users/watch/PycharmProjects/XXXX-1-LLM/workspace/2024-02-13_13-49-49-511818/test_script.py\", line 25, in test_encode_cyclic\n    self.assertEqual(encode_cyclic('abcdefgh'), 'defghabc')\nAssertionError: 'cabfdegh' != 'defghabc'\n- cabfdegh\n+ defghabc\n\n\n----------------------------------------------------------------------\nRan 2 tests in 0.000s\n\nFAILED (failures=2)\n\nConclusion: Code Test Failed\n\nExample of input and expected output:\nFor the encode_cyclic function:\nInput: 'abcdefgh'\nExpected Output: 'defghabc'# suggestions:\n{\"product-owner\": [\"Prioritize fixing the failed code tests to ensure the quality of our product.\"], \"architect\": [\"Review the code and identify the areas of improvement before proceeding with any further development.\"], \"developer\": [\"Review the test script to identify the issues and make necessary corrections.\"], \"tester\": [\"Review the test script and debug the encode_cyclic and decode_cyclic functions to ensure the expected output matches the actual output.\"]}",
        "Question": "The original code has some bugs, according to the test report and suggestions, rewrite the code. Complete the following code:\n\n\ndef encode_cyclic(s: str):\n    \"\"\"\n    returns encoded string by cycling groups of three characters.\n    \"\"\"\n    # split string to groups. Each of length 3.\n    groups = [s[(3 * i):min((3 * i + 3), len(s))] for i in range((len(s) + 2) // 3)]\n    # cycle elements in each group. Unless group has fewer elements than 3.\n    groups = [(group[1:] + group[0]) if len(group) == 3 else group for group in groups]\n    return \"\".join(groups)\n\n\ndef decode_cyclic(s: str):\n    \"\"\"\n    takes as input string encoded with encode_cyclic function. Returns decoded string.\n    \"\"\"\n"
    },
    "Code3": "def encode_cyclic(s: str):\n    groups = [s[(3 * i):min((3 * i + 3), len(s))] for i in range((len(s) + 2) // 3)]\n    groups = [(group[2] + group[:2]) if len(group) == 3 else group for group in groups]\n    return \"\".join(groups)\n\ndef decode_cyclic(s: str):\n    groups = [s[(3 * i):min((3 * i + 3), len(s))] for i in range((len(s) + 2) // 3)]\n    groups = [(group[1] + group[:1]) if len(group) == 3 else group for group in groups]\n    return \"\".join(groups)",
    "ScriptResult3": "FF\n======================================================================\nFAIL: test_decode_cyclic (__main__.Test)\n----------------------------------------------------------------------\nTraceback (most recent call last):\n  File \"/Users/watch/PycharmProjects/XXXX-1-LLM/workspace/2024-02-13_13-49-49-511818/test_script.py\", line 17, in test_decode_cyclic\n    self.assertEqual(decode_cyclic('defghabc'), 'abcdefgh')\nAssertionError: 'edhgbc' != 'abcdefgh'\n- edhgbc\n+ abcdefgh\n\n\n======================================================================\nFAIL: test_encode_cyclic (__main__.Test)\n----------------------------------------------------------------------\nTraceback (most recent call last):\n  File \"/Users/watch/PycharmProjects/XXXX-1-LLM/workspace/2024-02-13_13-49-49-511818/test_script.py\", line 14, in test_encode_cyclic\n    self.assertEqual(encode_cyclic('abcdefgh'), 'defghabc')\nAssertionError: 'cabfdegh' != 'defghabc'\n- cabfdegh\n+ defghabc\n\n\n----------------------------------------------------------------------\nRan 2 tests in 0.000s\n\nFAILED (failures=2)\n",
    "TestReport3": "Test Report:\n======================================================================\nFAIL: test_decode_cyclic (__main__.Test)\n----------------------------------------------------------------------\nTraceback (most recent call last):\n  File \"/Users/watch/PycharmProjects/XXXX-1-LLM/workspace/2024-02-13_13-49-49-511818/test_script.py\", line 17, in test_decode_cyclic\n    self.assertEqual(decode_cyclic('defghabc'), 'abcdefgh')\nAssertionError: 'edhgbc' != 'abcdefgh'\n- edhgbc\n+ abcdefgh\n\n\n======================================================================\nFAIL: test_encode_cyclic (__main__.Test)\n----------------------------------------------------------------------\nTraceback (most recent call last):\n  File \"/Users/watch/PycharmProjects/XXXX-1-LLM/workspace/2024-02-13_13-49-49-511818/test_script.py\", line 14, in test_encode_cyclic\n    self.assertEqual(encode_cyclic('abcdefgh'), 'defghabc')\nAssertionError: 'cabfdegh' != 'defghabc'\n- cabfdegh\n+ defghabc\n\n\nRan 2 tests in 0.000s\n\nFAILED (failures=2)\n\nConclusion: Code Test Fail\n\nInput and Expected Output Example:\nFor encode_cyclic('abcdefgh'), the expected output is 'defghabc' but the actual output is 'cabfdegh'.\n\nFor decode_cyclic('defghabc'), the expected output is 'abcdefgh' but the actual output is 'edhgbc'.\n"
}