{
    "start_time": "2024-03-11_10-34-12-771910",
    "task": "def group_tuples(Input): \n'''Write a function to find common first element in given list of tuple.\nassert group_tuples([('x', 'y'), ('x', 'z'), ('w', 't')]) == [('x', 'y', 'z'), ('w', 't')]'''\n",
    "datetime": {
        "task": "2024-03-11 10:34:12",
        "task-id": "2024-03-11 10:34:12",
        "workflow": "2024-03-11 10:34:12",
        "Discussion": "2024-03-11 10:34:14",
        "DisorderedSprintMeetings": "2024-03-11 10:34:15",
        "UserStoryDraft0": "2024-03-11 10:34:54",
        "AnalyzeMeetings": "2024-03-11 10:34:55",
        "UserStory0": "2024-03-11 10:35:38",
        "CodeDraft0": "2024-03-11 10:35:39",
        "CodeReviewMeetings0": "2024-03-11 10:35:40",
        "Code0CR": "2024-03-11 10:35:41",
        "FinalCode": "2024-03-11 10:36:11",
        "Test Cases Draft": "2024-03-11 10:35:44",
        "Test Cases Meetings": "2024-03-11 10:35:46",
        "Test Cases": "2024-03-11 10:35:50",
        "Code0": "2024-03-11 10:35:52",
        "TestScriptOriginal": "2024-03-11 10:35:53",
        "TestScript": "2024-03-11 10:35:53",
        "ScriptResult0": "2024-03-11 10:35:53",
        "TestReport0": "2024-03-11 10:35:57",
        "SprintReview0": "2024-03-11 10:35:59",
        "SprintReviewMeetings0": "2024-03-11 10:36:00",
        "RepairResponse0": "2024-03-11 10:36:02",
        "Code1": "2024-03-11 10:36:02",
        "ScriptResult1": "2024-03-11 10:36:02",
        "TestReport1": "2024-03-11 10:36:06",
        "SprintReview1": "2024-03-11 10:36:07",
        "SprintReviewMeetings1": "2024-03-11 10:36:09",
        "RepairResponse1": "2024-03-11 10:36:11",
        "Code2": "2024-03-11 10:36:11",
        "ScriptResult2": "2024-03-11 10:36:11",
        "TestReport2": "2024-03-11 10:36:12"
    },
    "task-id": 417,
    "workflow": "agile/agile_version_0.0.5_remove.json",
    "Discussion": "[ScrumMaster]says: We have a job: def group_tuples(Input): \n'''Write a function to find common first element in given list of tuple.\nassert group_tuples([('x', 'y'), ('x', 'z'), ('w', 't')]) == [('x', 'y', 'z'), ('w', 't')]'''\n, do you have any ideas?\n-----\n\n[ProductOwner]says: As a Product Owner, I think it's important to gather user requirements before developing the function.\n-----\n\n[Architect]says: As an architect, I suggest using a dictionary to group the tuples by their first element. This will allow us to easily find the common elements.\n-----\n\n[Developer]says: As a Developer, I suggest we can use a dictionary to group the tuples by their first element and then filter out the groups with only one tuple.\n-----\n\n[ProductOwner]says: As a Product Owner, I think it's important to gather user requirements before developing the function.\n-----\n\n[Tester]says: As a Tester, I would suggest considering edge cases and potential error scenarios when developing the function.\n-----\n\n[Architect]says: As an architect, I suggest using a dictionary to group the tuples by their first element. This will allow us to easily find the common elements.\n-----\n\n[Developer]says: As a Developer, I agree with the suggestion to use a dictionary to group the tuples and then filter out the groups with only one tuple.\n-----\n\n[Tester]says: As a Tester, I would suggest considering edge cases and potential error scenarios when developing the function.\n-----\n",
    "DisorderedSprintMeetings": "{\n  \"product-owner\":[\"Gather user requirements for the function development\"],\n  \"architect\":[\"Use a dictionary to group the tuples by their first element\"],\n  \"developer\":[\"Use a dictionary to group the tuples by their first element and filter out groups with only one tuple\"],\n  \"tester\":[\"Consider edge cases and potential error scenarios when developing the function\"]\n}",
    "DisorderedSprintMeetings_prompt": "{\"Role\": \"You are a professional scrum master. Your goal is to breakdown the Discussion History into a task list for the scrum team.\", \"Instruction\": \"1. Read and Understand the Discussion History. 2. Define the tasks for four roles: product-owner/architect/developer/tester. 3. Response in JSON format.\", \"Example\": \"{\\\"product-owner\\\":[\\\"task1\\\",\\\"task2\\\"],\\\"architect\\\":[\\\"task1\\\",\\\"task2\\\"], \\\"developer\\\":[\\\"task1\\\",\\\"task2\\\"], \\\"tester\\\":[\\\"task1\\\",\\\"task2\\\"]}\", \"Context\": \"[ScrumMaster]says: We have a job: def group_tuples(Input): \\n'''Write a function to find common first element in given list of tuple.\\nassert group_tuples([('x', 'y'), ('x', 'z'), ('w', 't')]) == [('x', 'y', 'z'), ('w', 't')]'''\\n, do you have any ideas?\\n-----\\n\\n[ProductOwner]says: As a Product Owner, I think it's important to gather user requirements before developing the function.\\n-----\\n\\n[Architect]says: As an architect, I suggest using a dictionary to group the tuples by their first element. This will allow us to easily find the common elements.\\n-----\\n\\n[Developer]says: As a Developer, I suggest we can use a dictionary to group the tuples by their first element and then filter out the groups with only one tuple.\\n-----\\n\\n[ProductOwner]says: As a Product Owner, I think it's important to gather user requirements before developing the function.\\n-----\\n\\n[Tester]says: As a Tester, I would suggest considering edge cases and potential error scenarios when developing the function.\\n-----\\n\\n[Architect]says: As an architect, I suggest using a dictionary to group the tuples by their first element. This will allow us to easily find the common elements.\\n-----\\n\\n[Developer]says: As a Developer, I agree with the suggestion to use a dictionary to group the tuples and then filter out the groups with only one tuple.\\n-----\\n\\n[Tester]says: As a Tester, I would suggest considering edge cases and potential error scenarios when developing the function.\\n-----\\n\", \"Question\": \"Follow the Instruction section. The Discussion History is in the Context section. You only need to return a task list as the Example section.\"}",
    "UserStoryDraft0": "{\n  \"UserStory\": {\n    \"As a product owner, I want to gather user requirements for the development of a function that finds the common first element in a given list of tuples, so that the development team can understand and fulfill the user needs.\"\n \t\t\t\n \t\n \t\n \t\n \t\n \t\n \t\n \t\n \t\n \t\n \t\n \t\n \t\n \t\n \t\n \t\n \t\n \t\n \t\n \t\n \t\n \t\n \t\n \t\n \t\n \t\n \t\n \t\n \t\n \t\n \t\n \t\n \t\n \t\n \t\n \t\n \t\n \t\n \t\n \t\n \t\n \t\n \t\n \t\n \t\n \t\n \t\n \t\n \t\n \t\n \t\n \t\n \t\n \t\n \t\n \t\n \t\n \t\n \t\n \t\n \t\n \t\n \t\n \t\n \t\n \t\n \t\n \t\n \t\n \t\n \t\n \t\n \t\n \t\n \t\n \t\n \t\n \t\n \t\n \t\n \t\n \t\n \t\n \t\n \t\n \t\n \t\n \t\n \t\n \t\n \t\n \t\n \t\n \t\n \t\n \t\n \t\n \t\n \t\n \t\n \t\n",
    "UserStoryDraft0_prompt": "{\"Role\": \"You need to act as a professional product owner. Your task is to write a UserStory\", \"Instruction\": \"According to the Context, please analyze the requirement and write your response. Response in JSON format. Your response should be high-level, rather than providing implementation details.\", \"Example\": \"\", \"Context\": [\"Gather user requirements for the function development\"], \"Question\": \"Follow the Instruction. The requirement is as follows:\\ndef group_tuples(Input): \\n'''Write a function to find common first element in given list of tuple.\\nassert group_tuples([('x', 'y'), ('x', 'z'), ('w', 't')]) == [('x', 'y', 'z'), ('w', 't')]'''\\n\"}",
    "AnalyzeMeetings": "{\n  \"Architect\": \"I suggest breaking down the user requirements into smaller, more manageable tasks. It would also be helpful to create a design document outlining the proposed solution for finding the common first element in a list of tuples.\",\n  \"Tester\": \"I suggest creating test cases for different scenarios, such as empty input, single tuple input, and multiple tuple input, to ensure that the function works as expected in all cases.\"\n}",
    "UserStory0": "{\n  \"RevisedUserStoryDocument\": {\n    \"UserStory\": {\n      \"As a product owner, I want to gather user requirements for the development of a function that finds the common first element in a given list of tuples, so that the development team can understand and fulfill the user needs.\"\n   \t\t\n     \t\n  \t\t\n  \t\n  \t\n  \t\n  \t\n  \t\n  \t\n  \t\n  \t\n  \t\n  \t\n  \t\n  \t\n  \t\n  \t\n  \t\n  \t\n  \t\n  \t\n  \t\n  \t\n  \t\n  \t\n  \t\n  \t\n  \t\n  \t\n  \t\n  \t\n  \t\n  \t\n  \t\n  \t\n  \t\n  \t\n  \t\n  \t\n  \t\n  \t\n  \t\n  \t\n  \t\n  \t\n  \t\n  \t\n  \t\n  \t\n  \t\n  \t\n  \t\n  \t\n  \t\n  \t\n  \t\n  \t\n  \t\n  \t\n  \t\n  \t\n  \t\n  \t\n  \t\n  \t\n  \t\n  \t\n  \t\n  \t\n  \t\n  \t\n  \t\n  \t\n  \t\n  \t\n  \t\n  \t\n  \t\n  \t\n  \t\n  \t\n  \t\n  \t\n  \t\n  \t\n  \t\n  \t\n  \t\n  \t\n  \t\n  \t\n  \t\n  \t\n  \t\n  \t\n  \t\n  \t\n  \t\n  \t\n  \t\n  \t\n  \t\n  \t\n",
    "UserStory0_prompt": {
        "Role": "You need to act as a professional product owner. Your duty is to revise the document based on the suggestions.",
        "Instruction": "1. Read the suggestions. 2. Revise your draft version document. 3. Response in JSON format. 4. REMEMBER: Your analysis should be high-level, rather than providing implementation details.",
        "Example": "",
        "Context": "# Suggestion:\n{\n  \"Architect\": \"I suggest breaking down the user requirements into smaller, more manageable tasks. It would also be helpful to create a design document outlining the proposed solution for finding the common first element in a list of tuples.\",\n  \"Tester\": \"I suggest creating test cases for different scenarios, such as empty input, single tuple input, and multiple tuple input, to ensure that the function works as expected in all cases.\"\n}",
        "Question": "Follow the Instruction. Your colleague give you some suggestions(in the Context section) about this draft document:{\n  \"UserStory\": {\n    \"As a product owner, I want to gather user requirements for the development of a function that finds the common first element in a given list of tuples, so that the development team can understand and fulfill the user needs.\"\n \t\t\t\n \t\n \t\n \t\n \t\n \t\n \t\n \t\n \t\n \t\n \t\n \t\n \t\n \t\n \t\n \t\n \t\n \t\n \t\n \t\n \t\n \t\n \t\n \t\n \t\n \t\n \t\n \t\n \t\n \t\n \t\n \t\n \t\n \t\n \t\n \t\n \t\n \t\n \t\n \t\n \t\n \t\n \t\n \t\n \t\n \t\n \t\n \t\n \t\n \t\n \t\n \t\n \t\n \t\n \t\n \t\n \t\n \t\n \t\n \t\n \t\n \t\n \t\n \t\n \t\n \t\n \t\n \t\n \t\n \t\n \t\n \t\n \t\n \t\n \t\n \t\n \t\n \t\n \t\n \t\n \t\n \t\n \t\n \t\n \t\n \t\n \t\n \t\n \t\n \t\n \t\n \t\n \t\n \t\n \t\n \t\n \t\n \t\n \t\n \t\n \t\n"
    },
    "CodeDraft0": "def group_tuples(Input):\n    grouped_dict = {}\n    for item in Input:\n        key = item[0]\n        if key in grouped_dict:\n            grouped_dict[key].append(item)\n        else:\n            grouped_dict[key] = [item]\n    \n    result = [tuple(group) for group in grouped_dict.values() if len(group) > 1]\n    return result",
    "CodeDraft0_prompt": {
        "Role": "You are a professional engineer. Your duty is to write code in Python that meets the requirements. Ensure that the code you write is efficient, readable, and follows best practices. Remember, do not need to explain the code you wrote.",
        "Instruction": "According to the Context section, write your code.",
        "Example": "",
        "Context": "# Tasks:\n['Use a dictionary to group the tuples by their first element and filter out groups with only one tuple']",
        "Question": "Follow the Instruction section. Complete the following code:\ndef group_tuples(Input): \n'''Write a function to find common first element in given list of tuple.\nassert group_tuples([('x', 'y'), ('x', 'z'), ('w', 't')]) == [('x', 'y', 'z'), ('w', 't')]'''\n"
    },
    "CodeReviewMeetings0": "{\n  \"Architect\": \"Consider using defaultdict from the collections module to simplify the code and make it more readable and maintainable.\",\n  \"Tester\": \"Make sure to test the function with different input data including edge cases to ensure it handles all scenarios correctly.\"\n}",
    "Code0CR": "def group_tuples(Input):\n    from collections import defaultdict\n    groups = defaultdict(list)\n    \n    for item in Input:\n        groups[item[0]].append(item)\n    \n    result = [tuple(group) for group in groups.values() if len(group) > 1]\n    \n    return result",
    "Code0CR_prompt": "{\"Role\": \"You are a professional software engineer. Your duty is to write code in Python that meets the requirements. Ensure that the code you write is efficient, readable, and follows best practices. Remember, do not need to explain the code you wrote.\", \"Instruction\": \"1. Understand the suggestions(in the Context section) about the original code. 2. Rewrite your code.\", \"Example\": \"\", \"Context\": \"# Tasks:\\n['Use a dictionary to group the tuples by their first element and filter out groups with only one tuple']\\n# Suggestions:\\n{\\n  \\\"Architect\\\": \\\"Consider using defaultdict from the collections module to simplify the code and make it more readable and maintainable.\\\",\\n  \\\"Tester\\\": \\\"Make sure to test the function with different input data including edge cases to ensure it handles all scenarios correctly.\\\"\\n}\", \"Question\": \"Follow the Instruction section. Complete the following code:\\ndef group_tuples(Input): \\n'''Write a function to find common first element in given list of tuple.\\nassert group_tuples([('x', 'y'), ('x', 'z'), ('w', 't')]) == [('x', 'y', 'z'), ('w', 't')]'''\\n\"}",
    "FinalCode": "def group_tuples(input_list):\n    result_dict = {}\n    for tup in input_list:\n        if tup[0] in result_dict:\n            result_dict[tup[0]].append(tup[1])\n        else:\n            result_dict[tup[0]] = [tup[1]]\n    result_list = [(key, *value) for key, value in result_dict.items()]\n    return result_list",
    "Test Cases Draft": "{\n  \"test_cases\": [\n    {\n      \"Test Title\": \"Valid input with common first element\",\n      \"Input Data\": \"Input: [('x', 'y'), ('x', 'z'), ('w', 't')]\",\n      \"Expected Output\": \"[('x', 'y', 'z'), ('w', 't')]\"\n    },\n    {\n      \"Test Title\": \"Empty input list\",\n      \"Input Data\": \"Input: []\",\n      \"Expected Output\": \"[]\"\n    },\n    {\n      \"Test Title\": \"Input with single tuple\",\n      \"Input Data\": \"Input: [('x', 'y')]\",\n      \"Expected Output\": \"Error: Insufficient tuples to compare\"\n    }\n  ]\n}",
    "Test Cases Draft_prompt": "{\"Role\": \"You are a quality assurance engineer. Your duty is to design test cases for the developers.\", \"Instruction\": \"According to the Context section, write test cases. Don't write long strings in your test cases. Response in JSON format.\", \"Example\": \"{\\\"requirement analysis\\\":\\\"analysis\\\",\\\"test_cases\\\":[{\\\"Test Title\\\":\\\"title\\\", \\\"Input Data\\\":\\\"parameter1=[1,2,3],parameter2='123'\\\", \\\"Expected Output\\\":\\\"456\\\"},]}\", \"Context\": \"# UsrtStory:\\n{\\n  \\\"RevisedUserStoryDocument\\\": {\\n    \\\"UserStory\\\": {\\n      \\\"As a product owner, I want to gather user requirements for the development of a function that finds the common first element in a given list of tuples, so that the development team can understand and fulfill the user needs.\\\"\\n   \\t\\t\\n     \\t\\n  \\t\\t\\n  \\t\\n  \\t\\n  \\t\\n  \\t\\n  \\t\\n  \\t\\n  \\t\\n  \\t\\n  \\t\\n  \\t\\n  \\t\\n  \\t\\n  \\t\\n  \\t\\n  \\t\\n  \\t\\n  \\t\\n  \\t\\n  \\t\\n  \\t\\n  \\t\\n  \\t\\n  \\t\\n  \\t\\n  \\t\\n  \\t\\n  \\t\\n  \\t\\n  \\t\\n  \\t\\n  \\t\\n  \\t\\n  \\t\\n  \\t\\n  \\t\\n  \\t\\n  \\t\\n  \\t\\n  \\t\\n  \\t\\n  \\t\\n  \\t\\n  \\t\\n  \\t\\n  \\t\\n  \\t\\n  \\t\\n  \\t\\n  \\t\\n  \\t\\n  \\t\\n  \\t\\n  \\t\\n  \\t\\n  \\t\\n  \\t\\n  \\t\\n  \\t\\n  \\t\\n  \\t\\n  \\t\\n  \\t\\n  \\t\\n  \\t\\n  \\t\\n  \\t\\n  \\t\\n  \\t\\n  \\t\\n  \\t\\n  \\t\\n  \\t\\n  \\t\\n  \\t\\n  \\t\\n  \\t\\n  \\t\\n  \\t\\n  \\t\\n  \\t\\n  \\t\\n  \\t\\n  \\t\\n  \\t\\n  \\t\\n  \\t\\n  \\t\\n  \\t\\n  \\t\\n  \\t\\n  \\t\\n  \\t\\n  \\t\\n  \\t\\n  \\t\\n  \\t\\n  \\t\\n  \\t\\n  \\t\\n  \\t\\n\\n# Tasks:\\n['Consider edge cases and potential error scenarios when developing the function']\\n\", \"Question\": \"def group_tuples(Input): \\n'''Write a function to find common first element in given list of tuple.\\nassert group_tuples([('x', 'y'), ('x', 'z'), ('w', 't')]) == [('x', 'y', 'z'), ('w', 't')]'''\\n\"}",
    "Test Cases Meetings": "{\n  \"Architect\": \"The test cases cover the valid input with common first element, empty input list, and input with a single tuple. It would be good to also include test cases for invalid input, such as input with non-tuple elements or input with non-matching data types.\",\n  \"Developer\": \"For the test case 'Valid input with common first element', we should consider adding test cases with different combinations of input tuples to ensure thorough coverage. Additionally, for 'Input with single tuple', we can consider adding test cases with multiple single tuples to check the error handling.\"\n}",
    "Test Cases": "{\n  \"test_cases\": [\n    {\n      \"Test Title\": \"Valid input with common first element\",\n      \"Input Data\": \"Input: [('x', 'y'), ('x', 'z'), ('w', 't')]\",\n      \"Expected Output\": \"[('x', 'y', 'z'), ('w', 't')]\"\n    },\n    {\n      \"Test Title\": \"Empty input list\",\n      \"Input Data\": \"Input: []\",\n      \"Expected Output\": \"[]\"\n    },\n    {\n      \"Test Title\": \"Input with single tuple\",\n      \"Input Data\": \"Input: [('x', 'y'), ('p', 'q')]\",\n      \"Expected Output\": \"Error: Insufficient tuples to compare\"\n    },\n    {\n      \"Test Title\": \"Invalid input - non-tuple elements\",\n      \"Input Data\": \"Input: [('x', 'y'), 'z', ('w', 't')]\",\n      \"Expected Output\": \"Error: Non-tuple elements found\"\n    },\n    {\n      \"Test Title\": \"Invalid input - non-matching data types\",\n      \"Input Data\": \"Input: [('x', 'y'), (1, 2), ('w', 't')]\",\n      \"Expected Output\": \"Error: Non-matching data types found\"\n    }\n  ]\n}",
    "Test Cases_prompt": "{\"Role\": \"You are a quality assurance engineer. Your duty is to revise the test cases based on the suggestions.\", \"Instruction\": \"1. Your colleague give you some suggestions(in the Context section) about the draft test cases, read these suggestions. 2. Revise your draft version test cases, but don't use long parameters. 3. Response in JSON format.\", \"Example\": \"{\\\"requirement analysis\\\":\\\"analysis\\\",\\\"test_cases\\\":[{\\\"Test Title\\\":\\\"title\\\", \\\"Input Data\\\":\\\"parameter1=[1,2,3],parameter2='123'\\\", \\\"Expected Output\\\":\\\"456\\\"},]}\", \"Context\": \"# Suggestions:\\n{\\n  \\\"Architect\\\": \\\"The test cases cover the valid input with common first element, empty input list, and input with a single tuple. It would be good to also include test cases for invalid input, such as input with non-tuple elements or input with non-matching data types.\\\",\\n  \\\"Developer\\\": \\\"For the test case 'Valid input with common first element', we should consider adding test cases with different combinations of input tuples to ensure thorough coverage. Additionally, for 'Input with single tuple', we can consider adding test cases with multiple single tuples to check the error handling.\\\"\\n}\\n # Draft Test cases:\\n{\\n  \\\"test_cases\\\": [\\n    {\\n      \\\"Test Title\\\": \\\"Valid input with common first element\\\",\\n      \\\"Input Data\\\": \\\"Input: [('x', 'y'), ('x', 'z'), ('w', 't')]\\\",\\n      \\\"Expected Output\\\": \\\"[('x', 'y', 'z'), ('w', 't')]\\\"\\n    },\\n    {\\n      \\\"Test Title\\\": \\\"Empty input list\\\",\\n      \\\"Input Data\\\": \\\"Input: []\\\",\\n      \\\"Expected Output\\\": \\\"[]\\\"\\n    },\\n    {\\n      \\\"Test Title\\\": \\\"Input with single tuple\\\",\\n      \\\"Input Data\\\": \\\"Input: [('x', 'y')]\\\",\\n      \\\"Expected Output\\\": \\\"Error: Insufficient tuples to compare\\\"\\n    }\\n  ]\\n}\", \"Question\": \"Follow the Instruction. Please make sure your response length are less than 512. Your test cases is for the below question:\\ndef group_tuples(Input): \\n'''Write a function to find common first element in given list of tuple.\\nassert group_tuples([('x', 'y'), ('x', 'z'), ('w', 't')]) == [('x', 'y', 'z'), ('w', 't')]'''\\n\"}",
    "Code0": "def group_tuples(Input):\n    from collections import defaultdict\n    groups = defaultdict(list)\n    \n    for item in Input:\n        if isinstance(item, tuple):\n            groups[item[0]].append(item)\n        else:\n            return \"Error: Non-tuple elements found\"\n    \n    result = [tuple(group) for group in groups.values() if len(group) > 1]\n\n    if len(result) == 0:\n        return \"Error: Insufficient tuples to compare\"\n    elif any(not all(isinstance(x, str) for x in group) for group in result):\n        return \"Error: Non-matching data types found\"\n    else:\n        return result",
    "Code0_prompt": {
        "Role": "You are a professional software engineer. Your duty is to write code in Python that meets the requirements. Ensure that the code you write is efficient, readable, and follows best practices. Remember, do not need to explain the code you wrote.",
        "Instruction": "1. Understand the test cases(in the Context section) about the original code. 2. Rewrite your code, make sure your code pass all test cases.",
        "Example": "",
        "Context": "# Original Code:\ndef group_tuples(Input):\n    from collections import defaultdict\n    groups = defaultdict(list)\n    \n    for item in Input:\n        groups[item[0]].append(item)\n    \n    result = [tuple(group) for group in groups.values() if len(group) > 1]\n    \n    return result\n# Test Cases:\n{\n  \"test_cases\": [\n    {\n      \"Test Title\": \"Valid input with common first element\",\n      \"Input Data\": \"Input: [('x', 'y'), ('x', 'z'), ('w', 't')]\",\n      \"Expected Output\": \"[('x', 'y', 'z'), ('w', 't')]\"\n    },\n    {\n      \"Test Title\": \"Empty input list\",\n      \"Input Data\": \"Input: []\",\n      \"Expected Output\": \"[]\"\n    },\n    {\n      \"Test Title\": \"Input with single tuple\",\n      \"Input Data\": \"Input: [('x', 'y'), ('p', 'q')]\",\n      \"Expected Output\": \"Error: Insufficient tuples to compare\"\n    },\n    {\n      \"Test Title\": \"Invalid input - non-tuple elements\",\n      \"Input Data\": \"Input: [('x', 'y'), 'z', ('w', 't')]\",\n      \"Expected Output\": \"Error: Non-tuple elements found\"\n    },\n    {\n      \"Test Title\": \"Invalid input - non-matching data types\",\n      \"Input Data\": \"Input: [('x', 'y'), (1, 2), ('w', 't')]\",\n      \"Expected Output\": \"Error: Non-matching data types found\"\n    }\n  ]\n}",
        "Question": "def group_tuples(Input): \n'''Write a function to find common first element in given list of tuple.\nassert group_tuples([('x', 'y'), ('x', 'z'), ('w', 't')]) == [('x', 'y', 'z'), ('w', 't')]'''\n"
    },
    "TestScriptOriginal": "import unittest\n\nclass Test(unittest.TestCase):\n    def test(self):\n        self.assertEqual(group_tuples([('x', 'y'), ('x', 'z'), ('w', 't')]), [('x', 'y', 'z'), ('w', 't')])\n\nif __name__ == '__main__':\n    unittest.main()",
    "TestScriptOriginal_prompt": "{\"Role\": \"You are a quality assurance engineer. Your duty is to write a python test script in unittest framework.\", \"Instruction\": \"1. Write a python test script. 2. Use the input and output given by the question.\", \"Example\": \"import unittest\\n\\nclass Test(unittest.TestCase):\\n    def test(self):\\n        self.assertEqual(function_under_test('a'), 1)\\n\\nif __name__ == '__main__':\\n    unittest.main()\", \"Context\": \"\", \"Question\": \"def group_tuples(Input): \\n'''Write a function to find common first element in given list of tuple.\\nassert group_tuples([('x', 'y'), ('x', 'z'), ('w', 't')]) == [('x', 'y', 'z'), ('w', 't')]'''\\n\"}",
    "TestScript": "import unittest\n\nclass Test(unittest.TestCase):\n    def test(self):\n        self.assertEqual(group_tuples([('x', 'y'), ('x', 'z'), ('w', 't')]), [('x', 'y', 'z'), ('w', 't')])\n\nif __name__ == '__main__':\n    unittest.main()",
    "ScriptResult0": "F\n======================================================================\nFAIL: test (__main__.Test)\n----------------------------------------------------------------------\nTraceback (most recent call last):\n  File \"/Users/watch/PycharmProjects/XXXX-1-LLM/workspace/2024-03-11_10-34-12-771910/test_script.py\", line 23, in test\n    self.assertEqual(group_tuples([('x', 'y'), ('x', 'z'), ('w', 't')]), [('x', 'y', 'z'), ('w', 't')])\nAssertionError: 'Error: Non-matching data types found' != [('x', 'y', 'z'), ('w', 't')]\n\n----------------------------------------------------------------------\nRan 1 test in 0.000s\n\nFAILED (failures=1)\n",
    "TestReport0": "Test Report:\n\nTest Script's Output:\nF\n======================================================================\nFAIL: test (__main__.Test)\n----------------------------------------------------------------------\nTraceback (most recent call last):\n  File \"/Users/watch/PycharmProjects/XXXX-1-LLM/workspace/2024-03-11_10-34-12-771910/test_script.py\", line 23, in test\n    self.assertEqual(group_tuples([('x', 'y'), ('x', 'z'), ('w', 't')]), [('x', 'y', 'z'), ('w', 't')])\nAssertionError: 'Error: Non-matching data types found' != [('x', 'y', 'z'), ('w', 't')]\n\n----------------------------------------------------------------------\nRan 1 test in 0.000s\n\nFAILED (failures=1)\n\nAnalysis:\nThe test script has failed with the following error: 'Error: Non-matching data types found' != [('x', 'y', 'z'), ('w', 't')]. This indicates that the code is not producing the expected output.\n\nConclusion:\nThe code test has failed to produce the expected output. The input and expected output examples are as follows:\nInput: [('x', 'y'), ('x', 'z'), ('w', 't')]\nExpected Output: [('x', 'y', 'z'), ('w', 't')]\n\nCode Test Failed",
    "SprintReview0": "[ScrumMaster]says: Here is our test Report: Test Report:\n\nTest Script's Output:\nF\n======================================================================\nFAIL: test (__main__.Test)\n----------------------------------------------------------------------\nTraceback (most recent call last):\n  File \"/Users/watch/PycharmProjects/XXXX-1-LLM/workspace/2024-03-11_10-34-12-771910/test_script.py\", line 23, in test\n    self.assertEqual(group_tuples([('x', 'y'), ('x', 'z'), ('w', 't')]), [('x', 'y', 'z'), ('w', 't')])\nAssertionError: 'Error: Non-matching data types found' != [('x', 'y', 'z'), ('w', 't')]\n\n----------------------------------------------------------------------\nRan 1 test in 0.000s\n\nFAILED (failures=1)\n\nAnalysis:\nThe test script has failed with the following error: 'Error: Non-matching data types found' != [('x', 'y', 'z'), ('w', 't')]. This indicates that the code is not producing the expected output.\n\nConclusion:\nThe code test has failed to produce the expected output. The input and expected output examples are as follows:\nInput: [('x', 'y'), ('x', 'z'), ('w', 't')]\nExpected Output: [('x', 'y', 'z'), ('w', 't')]\n\nCode Test Failed, do you have any ideas?\n-----\n\n[Developer]says: As a Developer, I will review the test script and analyze the code to identify the reason for the failure and suggest potential solutions to fix it.\n-----\n\n[ProductOwner]says: As a Product Owner, I think it's important to review the requirements and expected output to ensure the development team understands the desired functionality.\n-----\n\n[Architect]says: As an Architect, it is important to review the code and identify any potential issues in the logic or implementation that may be causing the test failure.\n-----\n\n[Tester]says: As a Tester, it seems like the code is not producing the expected output due to non-matching data types, so we need to review the code and ensure that it handles the input properly.\n-----\n\n[Developer]says: As a Developer, I will review the test script and analyze the code to identify the reason for the failure and suggest potential solutions to fix it.\n-----\n\n[ProductOwner]says: As a Product Owner, I will review the requirements and expected output to ensure the development team understands the desired functionality.\n-----\n\n[Architect]says: As an Architect, I will review the code and identify any potential issues in the logic or implementation that may be causing the test failure.\n-----\n\n[Tester]says: As a Tester, it seems like the code is not producing the expected output due to non-matching data types, so we need to review the code and ensure that it handles the input properly.\n-----\n",
    "SprintReviewMeetings0": "{\n  \"product-owner\": [\"Review the requirements and expected output to ensure the team understands the desired functionality.\"],\n  \"architect\": [\"Review the code and identify potential issues in the logic or implementation that may be causing the test failure.\"],\n  \"developer\": [\"Review the test script, analyze the code to identify the reason for the failure, and suggest potential solutions to fix it.\"],\n  \"tester\": [\"Review the code to ensure it handles the input properly.\"]\n}",
    "SprintReviewMeetings0_prompt": "{\"Role\": \"You are a professional scrum master. Your goal is to summary the Discussion History into a suggestions list for the scrum team.\", \"Instruction\": \"1. Read and Understand the Discussion History. 2. Summary the suggestions from four roles: product-owner/architect/developer/tester. 3. Response in JSON format.\", \"Example\": \"{\\\"product-owner\\\":[\\\"suggestion1\\\",\\\"suggestion2\\\"],\\\"architect\\\":[\\\"suggestion1\\\",\\\"suggestion2\\\"], \\\"developer\\\":[\\\"suggestion1\\\",\\\"suggestion2\\\"], \\\"tester\\\":[\\\"suggestion1\\\",\\\"suggestion2\\\"]}\", \"Context\": \"[ScrumMaster]says: Here is our test Report: Test Report:\\n\\nTest Script's Output:\\nF\\n======================================================================\\nFAIL: test (__main__.Test)\\n----------------------------------------------------------------------\\nTraceback (most recent call last):\\n  File \\\"/Users/watch/PycharmProjects/XXXX-1-LLM/workspace/2024-03-11_10-34-12-771910/test_script.py\\\", line 23, in test\\n    self.assertEqual(group_tuples([('x', 'y'), ('x', 'z'), ('w', 't')]), [('x', 'y', 'z'), ('w', 't')])\\nAssertionError: 'Error: Non-matching data types found' != [('x', 'y', 'z'), ('w', 't')]\\n\\n----------------------------------------------------------------------\\nRan 1 test in 0.000s\\n\\nFAILED (failures=1)\\n\\nAnalysis:\\nThe test script has failed with the following error: 'Error: Non-matching data types found' != [('x', 'y', 'z'), ('w', 't')]. This indicates that the code is not producing the expected output.\\n\\nConclusion:\\nThe code test has failed to produce the expected output. The input and expected output examples are as follows:\\nInput: [('x', 'y'), ('x', 'z'), ('w', 't')]\\nExpected Output: [('x', 'y', 'z'), ('w', 't')]\\n\\nCode Test Failed, do you have any ideas?\\n-----\\n\\n[Developer]says: As a Developer, I will review the test script and analyze the code to identify the reason for the failure and suggest potential solutions to fix it.\\n-----\\n\\n[ProductOwner]says: As a Product Owner, I think it's important to review the requirements and expected output to ensure the development team understands the desired functionality.\\n-----\\n\\n[Architect]says: As an Architect, it is important to review the code and identify any potential issues in the logic or implementation that may be causing the test failure.\\n-----\\n\\n[Tester]says: As a Tester, it seems like the code is not producing the expected output due to non-matching data types, so we need to review the code and ensure that it handles the input properly.\\n-----\\n\\n[Developer]says: As a Developer, I will review the test script and analyze the code to identify the reason for the failure and suggest potential solutions to fix it.\\n-----\\n\\n[ProductOwner]says: As a Product Owner, I will review the requirements and expected output to ensure the development team understands the desired functionality.\\n-----\\n\\n[Architect]says: As an Architect, I will review the code and identify any potential issues in the logic or implementation that may be causing the test failure.\\n-----\\n\\n[Tester]says: As a Tester, it seems like the code is not producing the expected output due to non-matching data types, so we need to review the code and ensure that it handles the input properly.\\n-----\\n\", \"Question\": \"Follow the Instruction section. The Discussion History is in the Context section. You only need to return a list as the Example section.\"}",
    "RepairResponse0": "{\n\"revised_code\": \"def group_tuples(input_list):\\n    result = []\\n    for i in range(len(input_list)):\\n        common_first = input_list[i][0]\\n        rest = [input_list[i][1]]\\n        for j in range(i+1, len(input_list)):\\n            if input_list[j][0] == common_first:\\n                rest.append(input_list[j][1])\\n        result.append(tuple([common_first] + sorted(rest)))\\n    return result\"\n}",
    "RepairResponse0_prompt": {
        "Role": "You are a professional software engineer. Your duty is to write code in Python that meets the requirements. Ensure that the code you write is efficient, readable, and follows best practices. Remember, do not need to explain the code you wrote.",
        "Instruction": "1. Rewrite a bug fix version of the original code. 2. Response in JSON format.",
        "Example": "{\"revised_code\":\"...\"}",
        "Context": "# Test Report:\nTest Report:\n\nTest Script's Output:\nF\n======================================================================\nFAIL: test (__main__.Test)\n----------------------------------------------------------------------\nTraceback (most recent call last):\n  File \"/Users/watch/PycharmProjects/XXXX-1-LLM/workspace/2024-03-11_10-34-12-771910/test_script.py\", line 23, in test\n    self.assertEqual(group_tuples([('x', 'y'), ('x', 'z'), ('w', 't')]), [('x', 'y', 'z'), ('w', 't')])\nAssertionError: 'Error: Non-matching data types found' != [('x', 'y', 'z'), ('w', 't')]\n\n----------------------------------------------------------------------\nRan 1 test in 0.000s\n\nFAILED (failures=1)\n\nAnalysis:\nThe test script has failed with the following error: 'Error: Non-matching data types found' != [('x', 'y', 'z'), ('w', 't')]. This indicates that the code is not producing the expected output.\n\nConclusion:\nThe code test has failed to produce the expected output. The input and expected output examples are as follows:\nInput: [('x', 'y'), ('x', 'z'), ('w', 't')]\nExpected Output: [('x', 'y', 'z'), ('w', 't')]\n\nCode Test Failed# suggestions:\n{\"product-owner\": [\"Review the requirements and expected output to ensure the team understands the desired functionality.\"], \"architect\": [\"Review the code and identify potential issues in the logic or implementation that may be causing the test failure.\"], \"developer\": [\"Review the test script, analyze the code to identify the reason for the failure, and suggest potential solutions to fix it.\"], \"tester\": [\"Review the code to ensure it handles the input properly.\"]}",
        "Question": "The original code has some bugs, according to the test report and suggestions, rewrite the code. Complete the following code:\ndef group_tuples(Input): \n'''Write a function to find common first element in given list of tuple.\nassert group_tuples([('x', 'y'), ('x', 'z'), ('w', 't')]) == [('x', 'y', 'z'), ('w', 't')]'''\n"
    },
    "Code1": "def group_tuples(input_list):\n    result = []\n    for i in range(len(input_list)):\n        common_first = input_list[i][0]\n        rest = [input_list[i][1]]\n        for j in range(i+1, len(input_list)):\n            if input_list[j][0] == common_first:\n                rest.append(input_list[j][1])\n        result.append(tuple([common_first] + sorted(rest)))\n    return result",
    "ScriptResult1": "F\n======================================================================\nFAIL: test (__main__.Test)\n----------------------------------------------------------------------\nTraceback (most recent call last):\n  File \"/Users/watch/PycharmProjects/XXXX-1-LLM/workspace/2024-03-11_10-34-12-771910/test_script.py\", line 15, in test\n    self.assertEqual(group_tuples([('x', 'y'), ('x', 'z'), ('w', 't')]), [('x', 'y', 'z'), ('w', 't')])\nAssertionError: Lists differ: [('x', 'y', 'z'), ('x', 'z'), ('w', 't')] != [('x', 'y', 'z'), ('w', 't')]\n\nFirst differing element 1:\n('x', 'z')\n('w', 't')\n\nFirst list contains 1 additional elements.\nFirst extra element 2:\n('w', 't')\n\n- [('x', 'y', 'z'), ('x', 'z'), ('w', 't')]\n?                   ------------\n\n+ [('x', 'y', 'z'), ('w', 't')]\n\n----------------------------------------------------------------------\nRan 1 test in 0.000s\n\nFAILED (failures=1)\n",
    "TestReport1": "Test Report:\n\nTest script's output:\nF\n======================================================================\nFAIL: test (__main__.Test)\n----------------------------------------------------------------------\nTraceback (most recent call last):\n  File \"/Users/watch/PycharmProjects/XXXX-1-LLM/workspace/2024-03-11_10-34-12-771910/test_script.py\", line 15, in test\n    self.assertEqual(group_tuples([('x', 'y'), ('x', 'z'), ('w', 't')]), [('x', 'y', 'z'), ('w', 't')])\nAssertionError: Lists differ: [('x', 'y', 'z'), ('x', 'z'), ('w', 't')] != [('x', 'y', 'z'), ('w', 't')]\n\nFirst differing element 1:\n('x', 'z')\n('w', 't')\n\nFirst list contains 1 additional elements.\nFirst extra element 2:\n('w', 't')\n\n- [('x', 'y', 'z'), ('x', 'z'), ('w', 't')]\n?                   ------------\n\n+ [('x', 'y', 'z'), ('w', 't')]\n\n----------------------------------------------------------------------\nRan 1 test in 0.000s\n\nFAILED (failures=1)\n\nTest Conclusion:\nThe code has FAILED the test. The input example used in the test was [('x', 'y'), ('x', 'z'), ('w', 't')], and the expected output was [('x', 'y', 'z'), ('w', 't')].\n\nSuggested Action:\nThe code needs to be reviewed and updated to correct the failure in the test.\n\nInstruction Followed:\nCode FAIL. Input and expected output example provided in the report.",
    "SprintReview1": "[ScrumMaster]says: Here is our test Report: Test Report:\n\nTest script's output:\nF\n======================================================================\nFAIL: test (__main__.Test)\n----------------------------------------------------------------------\nTraceback (most recent call last):\n  File \"/Users/watch/PycharmProjects/XXXX-1-LLM/workspace/2024-03-11_10-34-12-771910/test_script.py\", line 15, in test\n    self.assertEqual(group_tuples([('x', 'y'), ('x', 'z'), ('w', 't')]), [('x', 'y', 'z'), ('w', 't')])\nAssertionError: Lists differ: [('x', 'y', 'z'), ('x', 'z'), ('w', 't')] != [('x', 'y', 'z'), ('w', 't')]\n\nFirst differing element 1:\n('x', 'z')\n('w', 't')\n\nFirst list contains 1 additional elements.\nFirst extra element 2:\n('w', 't')\n\n- [('x', 'y', 'z'), ('x', 'z'), ('w', 't')]\n?                   ------------\n\n+ [('x', 'y', 'z'), ('w', 't')]\n\n----------------------------------------------------------------------\nRan 1 test in 0.000s\n\nFAILED (failures=1)\n\nTest Conclusion:\nThe code has FAILED the test. The input example used in the test was [('x', 'y'), ('x', 'z'), ('w', 't')], and the expected output was [('x', 'y', 'z'), ('w', 't')].\n\nSuggested Action:\nThe code needs to be reviewed and updated to correct the failure in the test.\n\nInstruction Followed:\nCode FAIL. Input and expected output example provided in the report., do you have any ideas?\n-----\n\n[Architect]says: As an architect, I think we need to review the code and update it to correct the test failure. We should also consider refining the test cases to cover more scenarios.\n-----\n\n[Developer]says: As a Developer, I will review the test script and identify the issue in the code to correct the failure in the test.\n-----\n\n[Tester]says: As a Tester, it is important to review the code and identify the issue that caused the test to fail.\n-----\n\n[ProductOwner]says: As a Product Owner, I think we need to review the code and update it to correct the failure in the test.\n-----\n\n[Tester]says: As a Tester, I will review the code and identify the issue that caused the test to fail.\n-----\n\n[Developer]says: As a Developer, I will review the test script and identify the issue in the code to correct the failure in the test.\n-----\n\n[Architect]says: As an architect, I think we need to review the code and update it to correct the test failure. We should also consider refining the test cases to cover more scenarios.\n-----\n\n[ProductOwner]says: As a Product Owner, I believe we should prioritize reviewing and updating the code to correct the test failure in order to ensure the product's quality.\n-----\n",
    "SprintReviewMeetings1": "{\n  \"product-owner\": [\n    \"we should prioritize reviewing and updating the code to correct the test failure in order to ensure the product's quality.\"\n  ],\n  \"architect\": [\n    \"we need to review the code and update it to correct the test failure. We should also consider refining the test cases to cover more scenarios.\"\n  ],\n  \"developer\": [\n    \"I will review the test script and identify the issue in the code to correct the failure in the test.\"\n  ],\n  \"tester\": [\n    \"it is important to review the code and identify the issue that caused the test to fail.\"\n  ]\n}",
    "SprintReviewMeetings1_prompt": "{\"Role\": \"You are a professional scrum master. Your goal is to summary the Discussion History into a suggestions list for the scrum team.\", \"Instruction\": \"1. Read and Understand the Discussion History. 2. Summary the suggestions from four roles: product-owner/architect/developer/tester. 3. Response in JSON format.\", \"Example\": \"{\\\"product-owner\\\":[\\\"suggestion1\\\",\\\"suggestion2\\\"],\\\"architect\\\":[\\\"suggestion1\\\",\\\"suggestion2\\\"], \\\"developer\\\":[\\\"suggestion1\\\",\\\"suggestion2\\\"], \\\"tester\\\":[\\\"suggestion1\\\",\\\"suggestion2\\\"]}\", \"Context\": \"[ScrumMaster]says: Here is our test Report: Test Report:\\n\\nTest script's output:\\nF\\n======================================================================\\nFAIL: test (__main__.Test)\\n----------------------------------------------------------------------\\nTraceback (most recent call last):\\n  File \\\"/Users/watch/PycharmProjects/XXXX-1-LLM/workspace/2024-03-11_10-34-12-771910/test_script.py\\\", line 15, in test\\n    self.assertEqual(group_tuples([('x', 'y'), ('x', 'z'), ('w', 't')]), [('x', 'y', 'z'), ('w', 't')])\\nAssertionError: Lists differ: [('x', 'y', 'z'), ('x', 'z'), ('w', 't')] != [('x', 'y', 'z'), ('w', 't')]\\n\\nFirst differing element 1:\\n('x', 'z')\\n('w', 't')\\n\\nFirst list contains 1 additional elements.\\nFirst extra element 2:\\n('w', 't')\\n\\n- [('x', 'y', 'z'), ('x', 'z'), ('w', 't')]\\n?                   ------------\\n\\n+ [('x', 'y', 'z'), ('w', 't')]\\n\\n----------------------------------------------------------------------\\nRan 1 test in 0.000s\\n\\nFAILED (failures=1)\\n\\nTest Conclusion:\\nThe code has FAILED the test. The input example used in the test was [('x', 'y'), ('x', 'z'), ('w', 't')], and the expected output was [('x', 'y', 'z'), ('w', 't')].\\n\\nSuggested Action:\\nThe code needs to be reviewed and updated to correct the failure in the test.\\n\\nInstruction Followed:\\nCode FAIL. Input and expected output example provided in the report., do you have any ideas?\\n-----\\n\\n[Architect]says: As an architect, I think we need to review the code and update it to correct the test failure. We should also consider refining the test cases to cover more scenarios.\\n-----\\n\\n[Developer]says: As a Developer, I will review the test script and identify the issue in the code to correct the failure in the test.\\n-----\\n\\n[Tester]says: As a Tester, it is important to review the code and identify the issue that caused the test to fail.\\n-----\\n\\n[ProductOwner]says: As a Product Owner, I think we need to review the code and update it to correct the failure in the test.\\n-----\\n\\n[Tester]says: As a Tester, I will review the code and identify the issue that caused the test to fail.\\n-----\\n\\n[Developer]says: As a Developer, I will review the test script and identify the issue in the code to correct the failure in the test.\\n-----\\n\\n[Architect]says: As an architect, I think we need to review the code and update it to correct the test failure. We should also consider refining the test cases to cover more scenarios.\\n-----\\n\\n[ProductOwner]says: As a Product Owner, I believe we should prioritize reviewing and updating the code to correct the test failure in order to ensure the product's quality.\\n-----\\n\", \"Question\": \"Follow the Instruction section. The Discussion History is in the Context section. You only need to return a list as the Example section.\"}",
    "RepairResponse1": "{\n  \"revised_code\": \"def group_tuples(input_list):\\n    result_dict = {}\\n    for tup in input_list:\\n        if tup[0] in result_dict:\\n            result_dict[tup[0]].append(tup[1])\\n        else:\\n            result_dict[tup[0]] = [tup[1]]\\n    result_list = [(key, *value) for key, value in result_dict.items()]\\n    return result_list\"\n}",
    "RepairResponse1_prompt": {
        "Role": "You are a professional software engineer. Your duty is to write code in Python that meets the requirements. Ensure that the code you write is efficient, readable, and follows best practices. Remember, do not need to explain the code you wrote.",
        "Instruction": "1. Rewrite a bug fix version of the original code. 2. Response in JSON format.",
        "Example": "{\"revised_code\":\"...\"}",
        "Context": "# Test Report:\nTest Report:\n\nTest script's output:\nF\n======================================================================\nFAIL: test (__main__.Test)\n----------------------------------------------------------------------\nTraceback (most recent call last):\n  File \"/Users/watch/PycharmProjects/XXXX-1-LLM/workspace/2024-03-11_10-34-12-771910/test_script.py\", line 15, in test\n    self.assertEqual(group_tuples([('x', 'y'), ('x', 'z'), ('w', 't')]), [('x', 'y', 'z'), ('w', 't')])\nAssertionError: Lists differ: [('x', 'y', 'z'), ('x', 'z'), ('w', 't')] != [('x', 'y', 'z'), ('w', 't')]\n\nFirst differing element 1:\n('x', 'z')\n('w', 't')\n\nFirst list contains 1 additional elements.\nFirst extra element 2:\n('w', 't')\n\n- [('x', 'y', 'z'), ('x', 'z'), ('w', 't')]\n?                   ------------\n\n+ [('x', 'y', 'z'), ('w', 't')]\n\n----------------------------------------------------------------------\nRan 1 test in 0.000s\n\nFAILED (failures=1)\n\nTest Conclusion:\nThe code has FAILED the test. The input example used in the test was [('x', 'y'), ('x', 'z'), ('w', 't')], and the expected output was [('x', 'y', 'z'), ('w', 't')].\n\nSuggested Action:\nThe code needs to be reviewed and updated to correct the failure in the test.\n\nInstruction Followed:\nCode FAIL. Input and expected output example provided in the report.# suggestions:\n{\"product-owner\": [\"we should prioritize reviewing and updating the code to correct the test failure in order to ensure the product's quality.\"], \"architect\": [\"we need to review the code and update it to correct the test failure. We should also consider refining the test cases to cover more scenarios.\"], \"developer\": [\"I will review the test script and identify the issue in the code to correct the failure in the test.\"], \"tester\": [\"it is important to review the code and identify the issue that caused the test to fail.\"]}",
        "Question": "The original code has some bugs, according to the test report and suggestions, rewrite the code. Complete the following code:\ndef group_tuples(Input): \n'''Write a function to find common first element in given list of tuple.\nassert group_tuples([('x', 'y'), ('x', 'z'), ('w', 't')]) == [('x', 'y', 'z'), ('w', 't')]'''\n"
    },
    "Code2": "def group_tuples(input_list):\n    result_dict = {}\n    for tup in input_list:\n        if tup[0] in result_dict:\n            result_dict[tup[0]].append(tup[1])\n        else:\n            result_dict[tup[0]] = [tup[1]]\n    result_list = [(key, *value) for key, value in result_dict.items()]\n    return result_list",
    "ScriptResult2": ".\n----------------------------------------------------------------------\nRan 1 test in 0.000s\n\nOK\n",
    "TestReport2": "Test Report\n\nTest Script's Output:\n.\n----------------------------------------------------------------------\nRan 1 test in 0.000s\n\nOK\n\nConclusion: Code Test Passed\n\nNote: Since the code has passed the tests, no input and expected output examples are provided in this report."
}