{
    "start_time": "2024-03-10_19-04-06-265830",
    "task": "def rev(num):    \n'''Write a python function to check if a given number is one less than twice its reverse.\nassert check(70) == False'''\n",
    "datetime": {
        "task": "2024-03-10 19:04:06",
        "task-id": "2024-03-10 19:04:06",
        "workflow": "2024-03-10 19:04:06",
        "Original PRD": "2024-03-10 19:04:07",
        "PRD Review": "2024-03-10 19:04:09",
        "Final PRD": "2024-03-10 19:04:12",
        "Code0Draft": "2024-03-10 19:04:13",
        "Code Review": "2024-03-10 19:04:14",
        "Code0Revise": "2024-03-10 19:04:15",
        "Test Cases": "2024-03-10 19:04:17",
        "Test Cases Review": "2024-03-10 19:04:18",
        "Final Test Cases": "2024-03-10 19:04:20",
        "Code0": "2024-03-10 19:04:21",
        "TestScriptOriginal": "2024-03-10 19:04:22",
        "TestScript": "2024-03-10 19:04:22",
        "ScriptResult0": "2024-03-10 19:04:22",
        "TestReport0": "2024-03-10 19:04:23",
        "RepairResponse1": "2024-03-10 19:04:26",
        "Code1": "2024-03-10 19:04:26",
        "ScriptResult1": "2024-03-10 19:04:26",
        "TestReport1": "2024-03-10 19:04:27",
        "RepairResponse2": "2024-03-10 19:04:29",
        "Code2": "2024-03-10 19:04:29",
        "ScriptResult2": "2024-03-10 19:04:29",
        "TestReport2": "2024-03-10 19:04:30",
        "FinalCode": "2024-03-10 19:04:31"
    },
    "task-id": 56,
    "workflow": "waterfall/waterfall_version_0.0.5_remove.json",
    "Original PRD": "{\n  \"ProductRequirementDocument\": {\n    \"Title\": \"Number Reversal Check Function\",\n    \"Description\": \"The product requirement is to develop a Python function that checks if a given number is one less than twice its reverse.\",\n    \"Features\": [\n      \"The function should take a number as input and return True if the number is one less than twice its reverse, otherwise it should return False.\"\n    ],\n    \"Constraints\": [\n      \"The function should only accept numerical inputs.\",\n      \"The function should handle both positive and negative numbers.\"\n    ],\n    \"Assumptions\": [\n      \"The function will be used in a Python environment.\"\n    ]\n  }\n}",
    "Original PRD_prompt": "{\"Role\": \"You need to act as a professional product owner. Your task is to write a Product Requirement Document\", \"Instruction\": \"According to the Context, please analyze the requirement and write your response. Response in JSON format. Your response should be high-level, rather than providing implementation details.\", \"Example\": \"\", \"Context\": \"\", \"Question\": \"Follow the Instruction. The requirement is as follows:\\ndef rev(num):    \\n'''Write a python function to check if a given number is one less than twice its reverse.\\nassert check(70) == False'''\\n\"}",
    "PRD Review": "{\n  \"Architect\": {\n    \"Suggestion\": \"Consider adding more detailed technical requirements, such as performance expectations and error handling criteria. This will help ensure that the development team has a clear understanding of the functional and non-functional requirements for the function.\"\n  },\n  \"Tester\": {\n    \"Suggestion\": \"Create test cases for both positive and negative numbers, including edge cases such as 0, maximum and minimum values, and non-numeric inputs. Also, consider testing the function in different Python environments to ensure compatibility.\"\n  }\n}",
    "Final PRD": "{\n  \"ProductRequirementDocument\": {\n    \"Title\": \"Number Reversal Check Function\",\n    \"Description\": \"The product requirement is to develop a Python function that checks if a given number is one less than twice its reverse.\",\n    \"Features\": [\n      \"The function should take a number as input and return True if the number is one less than twice its reverse, otherwise it should return False.\"\n    ],\n    \"TechnicalRequirements\": {\n      \"PerformanceExpectations\": \"The function should have a maximum time complexity of O(1) for input validation and reversal calculation.\",\n      \"ErrorHandlingCriteria\": \"The function should handle input errors gracefully and provide clear error messages to the user.\"\n    },\n    \"TestCases\": {\n      \"PositiveNumbers\": \"Test cases should include positive numbers such as 5, 10, and 100.\",\n      \"NegativeNumbers\": \"Test cases should include negative numbers such as -5, -10, and -100.\",\n      \"EdgeCases\": {\n        \"Zero\": \"Test cases should include the number 0 as input.\",\n        \"MaxMinValues\": \"Test cases should include the maximum and minimum values for numerical inputs.\",\n        \"NonNumericInputs\": \"Test cases should include non-numeric inputs such as strings and special characters.\"\n      },\n      \"PythonEnvironmentCompatibility\": \"The function should be tested in different Python environments to ensure compatibility.\"\n    },\n    \"Assumptions\": [\n      \"The function will be used in a Python environment.\"\n    ]\n  }\n}",
    "Final PRD_prompt": {
        "Role": "You need to act as a professional product owner. Your duty is to revise the document based on the suggestions.",
        "Instruction": "1. Read the suggestions. 2. Revise your draft version document. 3. Response in JSON format. 4. REMEMBER: Your analysis should be high-level, rather than providing implementation details.",
        "Example": "",
        "Context": "# Suggestion:\n{\n  \"Architect\": {\n    \"Suggestion\": \"Consider adding more detailed technical requirements, such as performance expectations and error handling criteria. This will help ensure that the development team has a clear understanding of the functional and non-functional requirements for the function.\"\n  },\n  \"Tester\": {\n    \"Suggestion\": \"Create test cases for both positive and negative numbers, including edge cases such as 0, maximum and minimum values, and non-numeric inputs. Also, consider testing the function in different Python environments to ensure compatibility.\"\n  }\n}",
        "Question": "Follow the Instruction. Your colleague give you some suggestions(in the Context section) about this draft document:{\n  \"ProductRequirementDocument\": {\n    \"Title\": \"Number Reversal Check Function\",\n    \"Description\": \"The product requirement is to develop a Python function that checks if a given number is one less than twice its reverse.\",\n    \"Features\": [\n      \"The function should take a number as input and return True if the number is one less than twice its reverse, otherwise it should return False.\"\n    ],\n    \"Constraints\": [\n      \"The function should only accept numerical inputs.\",\n      \"The function should handle both positive and negative numbers.\"\n    ],\n    \"Assumptions\": [\n      \"The function will be used in a Python environment.\"\n    ]\n  }\n}"
    },
    "Code0Draft": "def rev(num):\n    rev_num = int(str(num)[::-1])\n    if num == (2*rev_num - 1):\n        return True\n    else:\n        return False",
    "Code0Draft_prompt": "{\"Role\": \"You are a professional engineer. Your duty is to write code in Python that meets the requirements. Ensure that the code you write is efficient, readable, and follows best practices. Remember, do not need to explain the code you wrote.\", \"Instruction\": \"According to the Context section, write your code.\", \"Example\": \"\", \"Context\": \"\", \"Question\": \"Follow the Instruction section. Complete the following code:\\ndef rev(num):    \\n'''Write a python function to check if a given number is one less than twice its reverse.\\nassert check(70) == False'''\\n\"}",
    "Code Review": "{\n  \"Architect\": \"The code could be made more readable by using more descriptive variable names. It would also be helpful to include comments to explain the logic behind the calculations.\",\n  \"Tester\": \"Test cases should be added to cover different scenarios, such as positive and negative numbers, zero, and large numbers. Additionally, boundary cases should be considered to ensure the code handles edge cases properly.\"\n}",
    "Code Review_prompt": "{\"Role\": \"I want you to act as a different roles and then give some suggestions about how to revise the code.\", \"Instruction\": \"1. Read the Context section. 2. Act as an architect, give your suggestions. 3. Act as a tester, give your suggestions. 4. Response in JSON format.\", \"Example\": \"{\\\"Architect\\\":\\\"Suggestion\\\",\\\"Tester\\\":\\\"Suggestion\\\"}\", \"Context\": \"def rev(num):\\n    rev_num = int(str(num)[::-1])\\n    if num == (2*rev_num - 1):\\n        return True\\n    else:\\n        return False\", \"Question\": \"Follow the Instruction. The Context section include the code.\"}",
    "Code0Revise": "def is_special_number(num):\n    # Reverse the number\n    reversed_num = int(str(num)[::-1])\n\n    # Check if the number is special\n    if num == (2 * reversed_num - 1):\n        return True\n    else:\n        return False\n\n# Test cases\nprint(is_special_number(12))\nprint(is_special_number(11))\nprint(is_special_number(0))\nprint(is_special_number(-121))\nprint(is_special_number(12345678987654321))",
    "Code0Revise_prompt": "{\"Role\": \"You are a professional software engineer. Your duty is to write code in Python that meets the requirements. Ensure that the code you write is efficient, readable, and follows best practices. Remember, do not need to explain the code you wrote.\", \"Instruction\": \"1. Understand the suggestions(in the Context section) about the original code. 2. Rewrite your code.\", \"Example\": \"\", \"Context\": \"# Original Code:\\ndef rev(num):\\n    rev_num = int(str(num)[::-1])\\n    if num == (2*rev_num - 1):\\n        return True\\n    else:\\n        return False\\n# Advices:\\n\\\"{\\\\n  \\\\\\\"Architect\\\\\\\": \\\\\\\"The code could be made more readable by using more descriptive variable names. It would also be helpful to include comments to explain the logic behind the calculations.\\\\\\\",\\\\n  \\\\\\\"Tester\\\\\\\": \\\\\\\"Test cases should be added to cover different scenarios, such as positive and negative numbers, zero, and large numbers. Additionally, boundary cases should be considered to ensure the code handles edge cases properly.\\\\\\\"\\\\n}\\\"\", \"Question\": \"Follow the Instruction section. Complete the following code:\\n\"}",
    "Test Cases": "{\n  \"test_cases\": [\n    {\n      \"Test Title\": \"PositiveNumberCheck\",\n      \"Input Data\": \"parameter1=5\",\n      \"Expected Output\": \"True\"\n    },\n    {\n      \"Test Title\": \"NegativeNumberCheck\",\n      \"Input Data\": \"parameter1=-5\",\n      \"Expected Output\": \"False\"\n    },\n    {\n      \"Test Title\": \"ZeroInputCheck\",\n      \"Input Data\": \"parameter1=0\",\n      \"Expected Output\": \"False\"\n    },\n    {\n      \"Test Title\": \"MaxMinValueCheck\",\n      \"Input Data\": \"parameter1=9223372036854775807, parameter2=-9223372036854775808\",\n      \"Expected Output\": \"True\"\n    },\n    {\n      \"Test Title\": \"NonNumericInputCheck\",\n      \"Input Data\": \"parameter1='abc'\",\n      \"Expected Output\": \"InvalidInputError\"\n    }\n  ]\n}",
    "Test Cases_prompt": "{\"Role\": \"You are a quality assurance engineer. Your duty is to design test cases for the developers.\", \"Instruction\": \"According to the Context section, write test cases. Don't write long strings in your test cases. Response in JSON format.\", \"Example\": \"{\\\"requirement analysis\\\":\\\"analysis\\\",\\\"test_cases\\\":[{\\\"Test Title\\\":\\\"title\\\", \\\"Input Data\\\":\\\"parameter1=[1,2,3],parameter2='123'\\\", \\\"Expected Output\\\":\\\"456\\\"},]}\", \"Context\": \"# ProductRequirementDocument:\\n{\\n  \\\"ProductRequirementDocument\\\": {\\n    \\\"Title\\\": \\\"Number Reversal Check Function\\\",\\n    \\\"Description\\\": \\\"The product requirement is to develop a Python function that checks if a given number is one less than twice its reverse.\\\",\\n    \\\"Features\\\": [\\n      \\\"The function should take a number as input and return True if the number is one less than twice its reverse, otherwise it should return False.\\\"\\n    ],\\n    \\\"TechnicalRequirements\\\": {\\n      \\\"PerformanceExpectations\\\": \\\"The function should have a maximum time complexity of O(1) for input validation and reversal calculation.\\\",\\n      \\\"ErrorHandlingCriteria\\\": \\\"The function should handle input errors gracefully and provide clear error messages to the user.\\\"\\n    },\\n    \\\"TestCases\\\": {\\n      \\\"PositiveNumbers\\\": \\\"Test cases should include positive numbers such as 5, 10, and 100.\\\",\\n      \\\"NegativeNumbers\\\": \\\"Test cases should include negative numbers such as -5, -10, and -100.\\\",\\n      \\\"EdgeCases\\\": {\\n        \\\"Zero\\\": \\\"Test cases should include the number 0 as input.\\\",\\n        \\\"MaxMinValues\\\": \\\"Test cases should include the maximum and minimum values for numerical inputs.\\\",\\n        \\\"NonNumericInputs\\\": \\\"Test cases should include non-numeric inputs such as strings and special characters.\\\"\\n      },\\n      \\\"PythonEnvironmentCompatibility\\\": \\\"The function should be tested in different Python environments to ensure compatibility.\\\"\\n    },\\n    \\\"Assumptions\\\": [\\n      \\\"The function will be used in a Python environment.\\\"\\n    ]\\n  }\\n}\", \"Question\": \"def rev(num):    \\n'''Write a python function to check if a given number is one less than twice its reverse.\\nassert check(70) == False'''\\n\"}",
    "Test Cases Review": "{\n  \"Architect\": \"As an Architect, I would suggest revising the test cases to include boundary value analysis and equivalence partitioning. This will help in covering all possible scenarios and ensure comprehensive testing.\",\n  \"Developer\": \"As a Developer, I would suggest adding more edge cases to the test cases, such as testing for large numbers, special characters, and empty inputs. This will help in identifying any potential issues or bugs in the code.\"\n}",
    "Test Cases Review_prompt": "{\"Role\": \"I want you to act as a different roles and then give some suggestions about how to revise the test cases.\", \"Instruction\": \"1. Read the Context section. 2. Act as an Architect, give your suggestions. 3. Act as a Developer, give your suggestions. 4. Response in JSON format.\", \"Example\": \"{\\\"Architect\\\":\\\"Suggestion\\\",\\\"Developer\\\":\\\"Suggestion\\\"}\", \"Context\": \"{\\n  \\\"test_cases\\\": [\\n    {\\n      \\\"Test Title\\\": \\\"PositiveNumberCheck\\\",\\n      \\\"Input Data\\\": \\\"parameter1=5\\\",\\n      \\\"Expected Output\\\": \\\"True\\\"\\n    },\\n    {\\n      \\\"Test Title\\\": \\\"NegativeNumberCheck\\\",\\n      \\\"Input Data\\\": \\\"parameter1=-5\\\",\\n      \\\"Expected Output\\\": \\\"False\\\"\\n    },\\n    {\\n      \\\"Test Title\\\": \\\"ZeroInputCheck\\\",\\n      \\\"Input Data\\\": \\\"parameter1=0\\\",\\n      \\\"Expected Output\\\": \\\"False\\\"\\n    },\\n    {\\n      \\\"Test Title\\\": \\\"MaxMinValueCheck\\\",\\n      \\\"Input Data\\\": \\\"parameter1=9223372036854775807, parameter2=-9223372036854775808\\\",\\n      \\\"Expected Output\\\": \\\"True\\\"\\n    },\\n    {\\n      \\\"Test Title\\\": \\\"NonNumericInputCheck\\\",\\n      \\\"Input Data\\\": \\\"parameter1='abc'\\\",\\n      \\\"Expected Output\\\": \\\"InvalidInputError\\\"\\n    }\\n  ]\\n}\", \"Question\": \"Follow the Instruction. The Context section include the test cases.\"}",
    "Final Test Cases": "{\n  \"test_cases\": [\n    {\n      \"Test Title\": \"BoundaryValueAnalysis\",\n      \"Input Data\": \"parameter1=1, parameter2='', parameter3=9223372036854775806, parameter4='-9223372036854775807'\",\n      \"Expected Output\": \"False\"\n    },\n    {\n      \"Test Title\": \"EquivalencePartitioning\",\n      \"Input Data\": \"parameter1=123, parameter2='12345'\",\n      \"Expected Output\": \"False\"\n    },\n    {\n      \"Test Title\": \"EdgeCases\",\n      \"Input Data\": \"parameter1=999999999999999, parameter2='!@#', parameter3='', parameter4=0\",\n      \"Expected Output\": \"InvalidInputError\"\n    }\n  ]\n}",
    "Final Test Cases_prompt": "{\"Role\": \"You are a quality assurance engineer. Your duty is to revise the test cases based on the suggestions.\", \"Instruction\": \"1. Your colleague give you some suggestions(in the Context section) about the draft test cases, read these suggestions. 2. Revise your draft version test cases, but don't use long parameters. 3. Response in JSON format.\", \"Example\": \"{\\\"requirement analysis\\\":\\\"analysis\\\",\\\"test_cases\\\":[{\\\"Test Title\\\":\\\"title\\\", \\\"Input Data\\\":\\\"parameter1=[1,2,3],parameter2='123'\\\", \\\"Expected Output\\\":\\\"456\\\"},]}\", \"Context\": \"# Suggestions:\\n{\\n  \\\"Architect\\\": \\\"As an Architect, I would suggest revising the test cases to include boundary value analysis and equivalence partitioning. This will help in covering all possible scenarios and ensure comprehensive testing.\\\",\\n  \\\"Developer\\\": \\\"As a Developer, I would suggest adding more edge cases to the test cases, such as testing for large numbers, special characters, and empty inputs. This will help in identifying any potential issues or bugs in the code.\\\"\\n}\\n # Draft Test cases:\\n{\\n  \\\"test_cases\\\": [\\n    {\\n      \\\"Test Title\\\": \\\"PositiveNumberCheck\\\",\\n      \\\"Input Data\\\": \\\"parameter1=5\\\",\\n      \\\"Expected Output\\\": \\\"True\\\"\\n    },\\n    {\\n      \\\"Test Title\\\": \\\"NegativeNumberCheck\\\",\\n      \\\"Input Data\\\": \\\"parameter1=-5\\\",\\n      \\\"Expected Output\\\": \\\"False\\\"\\n    },\\n    {\\n      \\\"Test Title\\\": \\\"ZeroInputCheck\\\",\\n      \\\"Input Data\\\": \\\"parameter1=0\\\",\\n      \\\"Expected Output\\\": \\\"False\\\"\\n    },\\n    {\\n      \\\"Test Title\\\": \\\"MaxMinValueCheck\\\",\\n      \\\"Input Data\\\": \\\"parameter1=9223372036854775807, parameter2=-9223372036854775808\\\",\\n      \\\"Expected Output\\\": \\\"True\\\"\\n    },\\n    {\\n      \\\"Test Title\\\": \\\"NonNumericInputCheck\\\",\\n      \\\"Input Data\\\": \\\"parameter1='abc'\\\",\\n      \\\"Expected Output\\\": \\\"InvalidInputError\\\"\\n    }\\n  ]\\n}\", \"Question\": \"Follow the Instruction. Please make sure your response length are less than 512. Your test cases is for the below question:\\ndef rev(num):    \\n'''Write a python function to check if a given number is one less than twice its reverse.\\nassert check(70) == False'''\\n\"}",
    "Code0": "def is_special_number(num):\n    reversed_num = int(str(num)[::-1])\n    if num == (2 * reversed_num - 1):\n        return True\n    else:\n        return False",
    "Code0_prompt": "{\"Role\": \"You are a professional software engineer. Your duty is to write code in Python that meets the requirements. Ensure that the code you write is efficient, readable, and follows best practices. Remember, do not need to explain the code you wrote.\", \"Instruction\": \"1. Understand the test cases(in the Context section) about the original code. 2. Rewrite your code, make sure your code pass all test cases.\", \"Example\": \"\", \"Context\": \"# Original Code:\\ndef is_special_number(num):\\n    # Reverse the number\\n    reversed_num = int(str(num)[::-1])\\n\\n    # Check if the number is special\\n    if num == (2 * reversed_num - 1):\\n        return True\\n    else:\\n        return False\\n\\n# Test cases\\nprint(is_special_number(12))\\nprint(is_special_number(11))\\nprint(is_special_number(0))\\nprint(is_special_number(-121))\\nprint(is_special_number(12345678987654321))\\n# Test Cases:\\n{\\n  \\\"test_cases\\\": [\\n    {\\n      \\\"Test Title\\\": \\\"BoundaryValueAnalysis\\\",\\n      \\\"Input Data\\\": \\\"parameter1=1, parameter2='', parameter3=9223372036854775806, parameter4='-9223372036854775807'\\\",\\n      \\\"Expected Output\\\": \\\"False\\\"\\n    },\\n    {\\n      \\\"Test Title\\\": \\\"EquivalencePartitioning\\\",\\n      \\\"Input Data\\\": \\\"parameter1=123, parameter2='12345'\\\",\\n      \\\"Expected Output\\\": \\\"False\\\"\\n    },\\n    {\\n      \\\"Test Title\\\": \\\"EdgeCases\\\",\\n      \\\"Input Data\\\": \\\"parameter1=999999999999999, parameter2='!@#', parameter3='', parameter4=0\\\",\\n      \\\"Expected Output\\\": \\\"InvalidInputError\\\"\\n    }\\n  ]\\n}\", \"Question\": \"def rev(num):    \\n'''Write a python function to check if a given number is one less than twice its reverse.\\nassert check(70) == False'''\\n\"}",
    "TestScriptOriginal": "import unittest\n\ndef check(num):\n    rev = int(str(num)[::-1])\n    if num == (2 * rev) - 1:\n        return True\n    else:\n        return False\n\nclass Test(unittest.TestCase):\n    def test(self):\n        self.assertEqual(check(70), False)\n\nif __name__ == '__main__':\n    unittest.main()",
    "TestScriptOriginal_prompt": "{\"Role\": \"You are a quality assurance engineer. Your duty is to write a python test script in unittest framework.\", \"Instruction\": \"1. Write a python test script. 2. Use the input and output given by the question.\", \"Example\": \"import unittest\\n\\nclass Test(unittest.TestCase):\\n    def test(self):\\n        self.assertEqual(function_under_test('a'), 1)\\n\\nif __name__ == '__main__':\\n    unittest.main()\", \"Context\": \"\", \"Question\": \"def rev(num):    \\n'''Write a python function to check if a given number is one less than twice its reverse.\\nassert check(70) == False'''\\n\"}",
    "TestScript": "import unittest\n\nclass Test(unittest.TestCase):\n    def test(self):\n        self.assertEqual(check(70), False)\n\nif __name__ == '__main__':\n    unittest.main()",
    "TestScript_prompt": "{\"Role\": \"You are a quality assurance engineer. Your duty is to write a python test script in unittest framework.\", \"Instruction\": \"1. Write a python test script. 2. Use the input and output given by the question.\", \"Example\": \"import unittest\\n\\nclass Test(unittest.TestCase):\\n    def test(self):\\n        self.assertEqual(function_under_test('a'), 1)\\n\\nif __name__ == '__main__':\\n    unittest.main()\", \"Context\": \"\", \"Question\": \"def rev(num):    \\n'''Write a python function to check if a given number is one less than twice its reverse.\\nassert check(70) == False'''\\n\"}",
    "ScriptResult0": "E\n======================================================================\nERROR: test (__main__.Test)\n----------------------------------------------------------------------\nTraceback (most recent call last):\n  File \"/Users/watch/PycharmProjects/XXXX-1-LLM/workspace/2024-03-10_19-04-06-265830/test_script.py\", line 11, in test\n    self.assertEqual(check(70), False)\nNameError: name 'check' is not defined\n\n----------------------------------------------------------------------\nRan 1 test in 0.000s\n\nFAILED (errors=1)\n",
    "TestReport0": "Test Report:\n\nTest Script Output:\nE\n======================================================================\nERROR: test (__main__.Test)\n----------------------------------------------------------------------\nTraceback (most recent call last):\n  File \"/Users/watch/PycharmProjects/XXXX-1-LLM/workspace/2024-03-10_19-04-06-265830/test_script.py\", line 11, in test\n    self.assertEqual(check(70), False)\nNameError: name 'check' is not defined\n\n----------------------------------------------------------------------\nRan 1 test in 0.000s\n\nFAILED (errors=1)\n\nConclusion:\nThe code has failed the tests as it resulted in an error due to 'check' not being defined.\n\nInput and Expected Output Example:\nInput: 70\nExpected Output: False\n\nRecommendation:\nThe 'check' function needs to be defined in order to pass the test.\n\nCode Test Result: FAIL",
    "RepairResponse1": "{\n  \"revised_code\": \"def is_special_number(num):\\n    def reverse_num(n):\\n        return int(str(n)[::-1])\\n    if num == (2 * reverse_num(num) - 1):\\n        return True\\n    else:\\n        return False\"\n}",
    "RepairResponse1_prompt": "{\"Role\": \"You are a professional software engineer. Your duty is to write code in Python that meets the requirements. Ensure that the code you write is efficient, readable, and follows best practices. Remember, do not need to explain the code you wrote.\", \"Instruction\": \"1. Rewrite a bug fix version of the original code. 2. Response in JSON format.\", \"Example\": \"{\\\"revised_code\\\":\\\"...\\\"}\", \"Context\": \"# the original code:\\ndef is_special_number(num):\\n    reversed_num = int(str(num)[::-1])\\n    if num == (2 * reversed_num - 1):\\n        return True\\n    else:\\n        return False\\n# test report:\\nTest Report:\\n\\nTest Script Output:\\nE\\n======================================================================\\nERROR: test (__main__.Test)\\n----------------------------------------------------------------------\\nTraceback (most recent call last):\\n  File \\\"/Users/watch/PycharmProjects/XXXX-1-LLM/workspace/2024-03-10_19-04-06-265830/test_script.py\\\", line 11, in test\\n    self.assertEqual(check(70), False)\\nNameError: name 'check' is not defined\\n\\n----------------------------------------------------------------------\\nRan 1 test in 0.000s\\n\\nFAILED (errors=1)\\n\\nConclusion:\\nThe code has failed the tests as it resulted in an error due to 'check' not being defined.\\n\\nInput and Expected Output Example:\\nInput: 70\\nExpected Output: False\\n\\nRecommendation:\\nThe 'check' function needs to be defined in order to pass the test.\\n\\nCode Test Result: FAIL\", \"Question\": \"The original code has some bugs, according to the test report and suggestions, rewrite the code. Complete the following code:\\ndef rev(num):    \\n'''Write a python function to check if a given number is one less than twice its reverse.\\nassert check(70) == False'''\\n\"}",
    "Code1": "def is_special_number(num):\n    def reverse_num(n):\n        return int(str(n)[::-1])\n    if num == (2 * reverse_num(num) - 1):\n        return True\n    else:\n        return False",
    "ScriptResult1": "E\n======================================================================\nERROR: test (__main__.Test)\n----------------------------------------------------------------------\nTraceback (most recent call last):\n  File \"/Users/watch/PycharmProjects/XXXX-1-LLM/workspace/2024-03-10_19-04-06-265830/test_script.py\", line 12, in test\n    self.assertEqual(check(70), False)\nNameError: name 'check' is not defined\n\n----------------------------------------------------------------------\nRan 1 test in 0.000s\n\nFAILED (errors=1)\n",
    "TestReport1": "Test Report\n\nTest Script Output:\nE\n======================================================================\nERROR: test (__main__.Test)\n----------------------------------------------------------------------\nTraceback (most recent call last):\n  File \"/Users/watch/PycharmProjects/XXXX-1-LLM/workspace/2024-03-10_19-04-06-265830/test_script.py\", line 12, in test\n    self.assertEqual(check(70), False)\nNameError: name 'check' is not defined\n\n----------------------------------------------------------------------\nRan 1 test in 0.000s\n\nFAILED (errors=1)\n\nTest Report:\nThe test script has resulted in an error. The code has failed the test as it encountered a NameError for the 'check' function which was not defined.\n\nConclusion:\nCode Test Failed\nExample:\nInput: 70\nExpected Output: False",
    "RepairResponse2": "{\n  \"revised_code\": \"def is_special_number(num):\\n    def reverse_num(n):\\n        return int(str(n)[::-1])\\n    if num == (2 * reverse_num(num) + 1):\\n        return True\\n    else:\\n        return False\"\n}",
    "RepairResponse2_prompt": "{\"Role\": \"You are a professional software engineer. Your duty is to write code in Python that meets the requirements. Ensure that the code you write is efficient, readable, and follows best practices. Remember, do not need to explain the code you wrote.\", \"Instruction\": \"1. Rewrite a bug fix version of the original code. 2. Response in JSON format.\", \"Example\": \"{\\\"revised_code\\\":\\\"...\\\"}\", \"Context\": \"# the original code:\\ndef is_special_number(num):\\n    def reverse_num(n):\\n        return int(str(n)[::-1])\\n    if num == (2 * reverse_num(num) - 1):\\n        return True\\n    else:\\n        return False\\n# test report:\\nTest Report\\n\\nTest Script Output:\\nE\\n======================================================================\\nERROR: test (__main__.Test)\\n----------------------------------------------------------------------\\nTraceback (most recent call last):\\n  File \\\"/Users/watch/PycharmProjects/XXXX-1-LLM/workspace/2024-03-10_19-04-06-265830/test_script.py\\\", line 12, in test\\n    self.assertEqual(check(70), False)\\nNameError: name 'check' is not defined\\n\\n----------------------------------------------------------------------\\nRan 1 test in 0.000s\\n\\nFAILED (errors=1)\\n\\nTest Report:\\nThe test script has resulted in an error. The code has failed the test as it encountered a NameError for the 'check' function which was not defined.\\n\\nConclusion:\\nCode Test Failed\\nExample:\\nInput: 70\\nExpected Output: False\", \"Question\": \"The original code has some bugs, according to the test report and suggestions, rewrite the code. Complete the following code:\\ndef rev(num):    \\n'''Write a python function to check if a given number is one less than twice its reverse.\\nassert check(70) == False'''\\n\"}",
    "Code2": "def is_special_number(num):\n    def reverse_num(n):\n        return int(str(n)[::-1])\n    if num == (2 * reverse_num(num) + 1):\n        return True\n    else:\n        return False",
    "ScriptResult2": "E\n======================================================================\nERROR: test (__main__.Test)\n----------------------------------------------------------------------\nTraceback (most recent call last):\n  File \"/Users/watch/PycharmProjects/XXXX-1-LLM/workspace/2024-03-10_19-04-06-265830/test_script.py\", line 12, in test\n    self.assertEqual(check(70), False)\nNameError: name 'check' is not defined\n\n----------------------------------------------------------------------\nRan 1 test in 0.000s\n\nFAILED (errors=1)\n",
    "TestReport2": "Test Report:\n\n- Test Script Output:\n  \nE\n======================================================================\nERROR: test (__main__.Test)\n----------------------------------------------------------------------\nTraceback (most recent call last):\n  File \"/Users/watch/PycharmProjects/XXXX-1-LLM/workspace/2024-03-10_19-04-06-265830/test_script.py\", line 12, in test\n    self.assertEqual(check(70), False)\nNameError: name 'check' is not defined\n\n----------------------------------------------------------------------\nRan 1 test in 0.000s\n\nFAILED (errors=1)\n\n- Conclusion: Code Test Failed\n\n- Input and Expected Output Example:\n  \nInput: 70\nExpected Output: False\n\nBased on the test script's output, it is evident that the code has failed the test due to a NameError where 'check' is not defined. The input and expected output example provided above also confirms the failure. Therefore, the conclusion is 'Code Test Failed'.",
    "FinalCode": "def is_special_number(num):\n    def reverse_num(n):\n        return int(str(n)[::-1])\n    if num == (2 * reverse_num(num) + 1):\n        return True\n    else:\n        return False"
}