{
    "start_time": "2024-03-11_10-59-27-848724",
    "task": "def average_tuple(nums):\n'''Write a function which takes a tuple of tuples and returns the average value for each tuple as a list.\nassert average_tuple(((10, 10, 10, 12), (30, 45, 56, 45), (81, 80, 39, 32), (1, 2, 3, 4)))==[30.5, 34.25, 27.0, 23.25]'''\n",
    "datetime": {
        "task": "2024-03-11 10:59:27",
        "task-id": "2024-03-11 10:59:27",
        "workflow": "2024-03-11 10:59:27",
        "Discussion": "2024-03-11 10:59:29",
        "DisorderedSprintMeetings": "2024-03-11 10:59:30",
        "UserStoryDraft0": "2024-03-11 10:59:32",
        "AnalyzeMeetings": "2024-03-11 10:59:33",
        "UserStory0": "2024-03-11 10:59:35",
        "CodeDraft0": "2024-03-11 10:59:36",
        "CodeReviewMeetings0": "2024-03-11 10:59:37",
        "Code0CR": "2024-03-11 10:59:40",
        "FinalCode": "2024-03-11 11:00:04",
        "Test Cases Draft": "2024-03-11 10:59:44",
        "Test Cases Meetings": "2024-03-11 10:59:45",
        "Test Cases": "2024-03-11 10:59:49",
        "Code0": "2024-03-11 10:59:50",
        "TestScriptOriginal": "2024-03-11 10:59:52",
        "TestScript": "2024-03-11 10:59:52",
        "ScriptResult0": "2024-03-11 10:59:52",
        "TestReport0": "2024-03-11 11:00:00",
        "SprintReview0": "2024-03-11 11:00:01",
        "SprintReviewMeetings0": "2024-03-11 11:00:03",
        "RepairResponse0": "2024-03-11 11:00:04",
        "Code1": "2024-03-11 11:00:04",
        "ScriptResult1": "2024-03-11 11:00:04",
        "TestReport1": "2024-03-11 11:00:09",
        "SprintReview1": "2024-03-11 11:00:11",
        "SprintReviewMeetings1": "2024-03-11 11:00:14",
        "RepairResponse1": "2024-03-11 11:00:17"
    },
    "task-id": 615,
    "workflow": "agile/agile_version_0.0.5_remove.json",
    "Discussion": "[ScrumMaster]says: We have a job: def average_tuple(nums):\n'''Write a function which takes a tuple of tuples and returns the average value for each tuple as a list.\nassert average_tuple(((10, 10, 10, 12), (30, 45, 56, 45), (81, 80, 39, 32), (1, 2, 3, 4)))==[30.5, 34.25, 27.0, 23.25]'''\n, do you have any ideas?\n-----\n\n[ProductOwner]says: As a Product Owner, I think we should prioritize creating a clear user story and acceptance criteria for this task.\n-----\n\n[Architect]says: As an architect, I think the first step is to analyze the input data structure and determine the best approach for calculating the average values for each tuple.\n-----\n\n[Tester]says: As a Tester, I would suggest creating test cases for the average_tuple function to ensure it returns the correct average values for each tuple.\n-----\n\n[Developer]says: As a Developer, I would suggest breaking down the task into smaller steps and then write a function to calculate the average for each tuple.\n-----\n\n[ProductOwner]says: As a Product Owner, I think we should prioritize creating a clear user story and acceptance criteria for this task.\n-----\n\n[Architect]says: As an architect, I will start by analyzing the input data structure and determining the best approach for calculating the average values for each tuple.\n-----\n\n[Developer]says: As a Developer, I would suggest breaking down the task into smaller steps and then write a function to calculate the average for each tuple.\n-----\n\n[Tester]says: [Tester] To create a product, we should focus on creating effective test cases for the average_tuple function to ensure its accuracy. Let's prioritize thorough testing before moving forward.\n-----\n",
    "DisorderedSprintMeetings": "{\n  \"product-owner\":[\"Create clear user story for the task\",\"Define acceptance criteria for the task\"],\n  \"architect\":[\"Analyze the input data structure\",\"Determine the best approach for calculating average values for each tuple\"],\n  \"developer\":[\"Break down the task into smaller steps\",\"Write a function to calculate the average for each tuple\"],\n  \"tester\":[\"Create test cases for average_tuple function\",\"Prioritize thorough testing before moving forward\"]\n}",
    "DisorderedSprintMeetings_prompt": "{\"Role\": \"You are a professional scrum master. Your goal is to breakdown the Discussion History into a task list for the scrum team.\", \"Instruction\": \"1. Read and Understand the Discussion History. 2. Define the tasks for four roles: product-owner/architect/developer/tester. 3. Response in JSON format.\", \"Example\": \"{\\\"product-owner\\\":[\\\"task1\\\",\\\"task2\\\"],\\\"architect\\\":[\\\"task1\\\",\\\"task2\\\"], \\\"developer\\\":[\\\"task1\\\",\\\"task2\\\"], \\\"tester\\\":[\\\"task1\\\",\\\"task2\\\"]}\", \"Context\": \"[ScrumMaster]says: We have a job: def average_tuple(nums):\\n'''Write a function which takes a tuple of tuples and returns the average value for each tuple as a list.\\nassert average_tuple(((10, 10, 10, 12), (30, 45, 56, 45), (81, 80, 39, 32), (1, 2, 3, 4)))==[30.5, 34.25, 27.0, 23.25]'''\\n, do you have any ideas?\\n-----\\n\\n[ProductOwner]says: As a Product Owner, I think we should prioritize creating a clear user story and acceptance criteria for this task.\\n-----\\n\\n[Architect]says: As an architect, I think the first step is to analyze the input data structure and determine the best approach for calculating the average values for each tuple.\\n-----\\n\\n[Tester]says: As a Tester, I would suggest creating test cases for the average_tuple function to ensure it returns the correct average values for each tuple.\\n-----\\n\\n[Developer]says: As a Developer, I would suggest breaking down the task into smaller steps and then write a function to calculate the average for each tuple.\\n-----\\n\\n[ProductOwner]says: As a Product Owner, I think we should prioritize creating a clear user story and acceptance criteria for this task.\\n-----\\n\\n[Architect]says: As an architect, I will start by analyzing the input data structure and determining the best approach for calculating the average values for each tuple.\\n-----\\n\\n[Developer]says: As a Developer, I would suggest breaking down the task into smaller steps and then write a function to calculate the average for each tuple.\\n-----\\n\\n[Tester]says: [Tester] To create a product, we should focus on creating effective test cases for the average_tuple function to ensure its accuracy. Let's prioritize thorough testing before moving forward.\\n-----\\n\", \"Question\": \"Follow the Instruction section. The Discussion History is in the Context section. You only need to return a task list as the Example section.\"}",
    "UserStoryDraft0": "{\n  \"UserStory\": \"As a product owner, I want to create a function called average_tuple that takes a tuple of tuples as input and returns the average value for each tuple as a list, so that users can easily calculate the average values for multiple sets of numbers.\",\n  \"AcceptanceCriteria\": \"1. The function should take a tuple of tuples as input.\\n2. It should calculate the average value for each tuple.\\n3. It should return the average values as a list.\\n4. It should pass the given assertion test case.\"\n}",
    "UserStoryDraft0_prompt": "{\"Role\": \"You need to act as a professional product owner. Your task is to write a UserStory\", \"Instruction\": \"According to the Context, please analyze the requirement and write your response. Response in JSON format. Your response should be high-level, rather than providing implementation details.\", \"Example\": \"\", \"Context\": [\"Create clear user story for the task\", \"Define acceptance criteria for the task\"], \"Question\": \"Follow the Instruction. The requirement is as follows:\\ndef average_tuple(nums):\\n'''Write a function which takes a tuple of tuples and returns the average value for each tuple as a list.\\nassert average_tuple(((10, 10, 10, 12), (30, 45, 56, 45), (81, 80, 39, 32), (1, 2, 3, 4)))==[30.5, 34.25, 27.0, 23.25]'''\\n\"}",
    "AnalyzeMeetings": "{\n  \"Architect\": \"The function should be designed to handle edge cases, such as empty input or input containing non-numeric values. It should also consider performance optimization for large sets of numbers.\",\n  \"Tester\": \"Tests should cover various scenarios, including different sizes of input tuples and different types of numeric values. Boundary cases and edge cases should also be included in the test suite.\"\n}",
    "UserStory0": "{\n  \"RevisedDocument\": {\n    \"UserStory\": \"As a product owner, I want to create a function called average_tuple that takes a tuple of tuples as input and returns the average value for each tuple as a list, so that users can easily calculate the average values for multiple sets of numbers.\",\n    \"AcceptanceCriteria\": \"1. The function should take a tuple of tuples as input.\\n2. It should calculate the average value for each tuple.\\n3. It should return the average values as a list.\\n4. It should pass the given assertion test case.\"\n  }\n}",
    "UserStory0_prompt": {
        "Role": "You need to act as a professional product owner. Your duty is to revise the document based on the suggestions.",
        "Instruction": "1. Read the suggestions. 2. Revise your draft version document. 3. Response in JSON format. 4. REMEMBER: Your analysis should be high-level, rather than providing implementation details.",
        "Example": "",
        "Context": "# Suggestion:\n{\n  \"Architect\": \"The function should be designed to handle edge cases, such as empty input or input containing non-numeric values. It should also consider performance optimization for large sets of numbers.\",\n  \"Tester\": \"Tests should cover various scenarios, including different sizes of input tuples and different types of numeric values. Boundary cases and edge cases should also be included in the test suite.\"\n}",
        "Question": "Follow the Instruction. Your colleague give you some suggestions(in the Context section) about this draft document:{\n  \"UserStory\": \"As a product owner, I want to create a function called average_tuple that takes a tuple of tuples as input and returns the average value for each tuple as a list, so that users can easily calculate the average values for multiple sets of numbers.\",\n  \"AcceptanceCriteria\": \"1. The function should take a tuple of tuples as input.\\n2. It should calculate the average value for each tuple.\\n3. It should return the average values as a list.\\n4. It should pass the given assertion test case.\"\n}"
    },
    "CodeDraft0": "def average_tuple(nums):\n    averages = []\n    for t in nums:\n        avg = sum(t) / len(t)\n        averages.append(avg)\n    return averages",
    "CodeDraft0_prompt": {
        "Role": "You are a professional engineer. Your duty is to write code in Python that meets the requirements. Ensure that the code you write is efficient, readable, and follows best practices. Remember, do not need to explain the code you wrote.",
        "Instruction": "According to the Context section, write your code.",
        "Example": "",
        "Context": "# Tasks:\n['Break down the task into smaller steps', 'Write a function to calculate the average for each tuple']",
        "Question": "Follow the Instruction section. Complete the following code:\ndef average_tuple(nums):\n'''Write a function which takes a tuple of tuples and returns the average value for each tuple as a list.\nassert average_tuple(((10, 10, 10, 12), (30, 45, 56, 45), (81, 80, 39, 32), (1, 2, 3, 4)))==[30.5, 34.25, 27.0, 23.25]'''\n"
    },
    "CodeReviewMeetings0": "{\n  \"Architect\": \"Consider using a list comprehension to make the code more concise and readable. Also, add input validation to ensure that the input is a list of tuples.\",\n  \"Tester\": \"Test the function with different inputs, including empty lists and tuples, to ensure it handles edge cases correctly. Also, verify the accuracy of the average calculation.\"\n}",
    "Code0CR": "def average_tuple(nums):\n    '''Write a function which takes a tuple of tuples and returns the average value for each tuple as a list.'''\n    assert isinstance(nums, tuple) and all(isinstance(t, tuple) for t in nums), \"Input must be a tuple of tuples\"\n    \n    return [sum(t) / len(t) for t in nums]\n\n# Test cases\nprint(average_tuple(((10, 10, 10, 12), (30, 45, 56, 45), (81, 80, 39, 32), (1, 2, 3, 4))) == [30.5, 34.25, 27.0, 23.25])\nprint(average_tuple(()) == [])\nprint(average_tuple(((1, 2, 3),)) == [2.0])\nprint(average_tuple(((1, 2), (3, 4), (5, 6))) == [1.5, 3.5, 5.5])",
    "Code0CR_prompt": "{\"Role\": \"You are a professional software engineer. Your duty is to write code in Python that meets the requirements. Ensure that the code you write is efficient, readable, and follows best practices. Remember, do not need to explain the code you wrote.\", \"Instruction\": \"1. Understand the suggestions(in the Context section) about the original code. 2. Rewrite your code.\", \"Example\": \"\", \"Context\": \"# Tasks:\\n['Break down the task into smaller steps', 'Write a function to calculate the average for each tuple']\\n# Suggestions:\\n{\\n  \\\"Architect\\\": \\\"Consider using a list comprehension to make the code more concise and readable. Also, add input validation to ensure that the input is a list of tuples.\\\",\\n  \\\"Tester\\\": \\\"Test the function with different inputs, including empty lists and tuples, to ensure it handles edge cases correctly. Also, verify the accuracy of the average calculation.\\\"\\n}\", \"Question\": \"Follow the Instruction section. Complete the following code:\\ndef average_tuple(nums):\\n'''Write a function which takes a tuple of tuples and returns the average value for each tuple as a list.\\nassert average_tuple(((10, 10, 10, 12), (30, 45, 56, 45), (81, 80, 39, 32), (1, 2, 3, 4)))==[30.5, 34.25, 27.0, 23.25]'''\\n\"}",
    "FinalCode": "def average_tuple(nums):\n    averages = []\n    for tup in nums:\n        avg = sum(tup) / len(tup)\n        averages.append(avg)\n    return averages",
    "Test Cases Draft": "{\n  \"TestCases\": [\n    {\n      \"TestTitle\": \"Valid input\",\n      \"InputData\": \"nums=((10, 10, 10, 12), (30, 45, 56, 45), (81, 80, 39, 32), (1, 2, 3, 4))\",\n      \"ExpectedOutput\": \"[30.5, 34.25, 27.0, 23.25]\"\n    },\n    {\n      \"TestTitle\": \"Empty input\",\n      \"InputData\": \"nums=()\",\n      \"ExpectedOutput\": \"[]\"\n    },\n    {\n      \"TestTitle\": \"Single tuple input\",\n      \"InputData\": \"nums=((1, 2, 3, 4))\",\n      \"ExpectedOutput\": \"[2.5]\"\n    },\n    {\n      \"TestTitle\": \"Negative numbers input\",\n      \"InputData\": \"nums=((-10, -20, -30), (10, 20, 30))\",\n      \"ExpectedOutput\": \"[-20.0, 20.0]\"\n    }\n  ]\n}",
    "Test Cases Draft_prompt": "{\"Role\": \"You are a quality assurance engineer. Your duty is to design test cases for the developers.\", \"Instruction\": \"According to the Context section, write test cases. Don't write long strings in your test cases. Response in JSON format.\", \"Example\": \"{\\\"requirement analysis\\\":\\\"analysis\\\",\\\"test_cases\\\":[{\\\"Test Title\\\":\\\"title\\\", \\\"Input Data\\\":\\\"parameter1=[1,2,3],parameter2='123'\\\", \\\"Expected Output\\\":\\\"456\\\"},]}\", \"Context\": \"# UsrtStory:\\n{\\n  \\\"RevisedDocument\\\": {\\n    \\\"UserStory\\\": \\\"As a product owner, I want to create a function called average_tuple that takes a tuple of tuples as input and returns the average value for each tuple as a list, so that users can easily calculate the average values for multiple sets of numbers.\\\",\\n    \\\"AcceptanceCriteria\\\": \\\"1. The function should take a tuple of tuples as input.\\\\n2. It should calculate the average value for each tuple.\\\\n3. It should return the average values as a list.\\\\n4. It should pass the given assertion test case.\\\"\\n  }\\n}\\n# Tasks:\\n['Create test cases for average_tuple function', 'Prioritize thorough testing before moving forward']\\n\", \"Question\": \"def average_tuple(nums):\\n'''Write a function which takes a tuple of tuples and returns the average value for each tuple as a list.\\nassert average_tuple(((10, 10, 10, 12), (30, 45, 56, 45), (81, 80, 39, 32), (1, 2, 3, 4)))==[30.5, 34.25, 27.0, 23.25]'''\\n\"}",
    "Test Cases Meetings": "{\n  \"Architect\": \"As an Architect, I would suggest revising the test cases to include edge cases such as large input data, boundary values, and invalid input data to ensure the robustness of the code. Additionally, it would be beneficial to include test cases for performance and scalability testing.\"\n  ,\n  \"Developer\": \"As a Developer, I would suggest revising the test cases to include more specific and detailed test titles that clearly describe the scenario being tested. Additionally, providing more context and examples for the input and expected output data would be helpful for writing thorough test cases.\"\n}",
    "Test Cases": "{\n  \"requirement analysis\": \"analysis\",\n  \"test_cases\": [\n    {\n      \"Test Title\": \"Valid input\",\n      \"Input Data\": \"nums=((10, 10, 10, 12), (30, 45, 56, 45), (81, 80, 39, 32), (1, 2, 3, 4))\",\n      \"Expected Output\": \"[30.5, 34.25, 27.0, 23.25]\"\n    },\n    {\n      \"Test Title\": \"Empty input\",\n      \"Input Data\": \"nums=()\",\n      \"Expected Output\": \"[]\"\n    },\n    {\n      \"Test Title\": \"Single tuple input\",\n      \"Input Data\": \"nums=((1, 2, 3, 4))\",\n      \"Expected Output\": \"[2.5]\"\n    },\n    {\n      \"Test Title\": \"Negative numbers input\",\n      \"Input Data\": \"nums=((-10, -20, -30), (10, 20, 30))\",\n      \"Expected Output\": \"[-20.0, 20.0]\"\n    }\n  ]\n}",
    "Test Cases_prompt": "{\"Role\": \"You are a quality assurance engineer. Your duty is to revise the test cases based on the suggestions.\", \"Instruction\": \"1. Your colleague give you some suggestions(in the Context section) about the draft test cases, read these suggestions. 2. Revise your draft version test cases, but don't use long parameters. 3. Response in JSON format.\", \"Example\": \"{\\\"requirement analysis\\\":\\\"analysis\\\",\\\"test_cases\\\":[{\\\"Test Title\\\":\\\"title\\\", \\\"Input Data\\\":\\\"parameter1=[1,2,3],parameter2='123'\\\", \\\"Expected Output\\\":\\\"456\\\"},]}\", \"Context\": \"# Suggestions:\\n{\\n  \\\"Architect\\\": \\\"As an Architect, I would suggest revising the test cases to include edge cases such as large input data, boundary values, and invalid input data to ensure the robustness of the code. Additionally, it would be beneficial to include test cases for performance and scalability testing.\\\"\\n  ,\\n  \\\"Developer\\\": \\\"As a Developer, I would suggest revising the test cases to include more specific and detailed test titles that clearly describe the scenario being tested. Additionally, providing more context and examples for the input and expected output data would be helpful for writing thorough test cases.\\\"\\n}\\n # Draft Test cases:\\n{\\n  \\\"TestCases\\\": [\\n    {\\n      \\\"TestTitle\\\": \\\"Valid input\\\",\\n      \\\"InputData\\\": \\\"nums=((10, 10, 10, 12), (30, 45, 56, 45), (81, 80, 39, 32), (1, 2, 3, 4))\\\",\\n      \\\"ExpectedOutput\\\": \\\"[30.5, 34.25, 27.0, 23.25]\\\"\\n    },\\n    {\\n      \\\"TestTitle\\\": \\\"Empty input\\\",\\n      \\\"InputData\\\": \\\"nums=()\\\",\\n      \\\"ExpectedOutput\\\": \\\"[]\\\"\\n    },\\n    {\\n      \\\"TestTitle\\\": \\\"Single tuple input\\\",\\n      \\\"InputData\\\": \\\"nums=((1, 2, 3, 4))\\\",\\n      \\\"ExpectedOutput\\\": \\\"[2.5]\\\"\\n    },\\n    {\\n      \\\"TestTitle\\\": \\\"Negative numbers input\\\",\\n      \\\"InputData\\\": \\\"nums=((-10, -20, -30), (10, 20, 30))\\\",\\n      \\\"ExpectedOutput\\\": \\\"[-20.0, 20.0]\\\"\\n    }\\n  ]\\n}\", \"Question\": \"Follow the Instruction. Please make sure your response length are less than 512. Your test cases is for the below question:\\ndef average_tuple(nums):\\n'''Write a function which takes a tuple of tuples and returns the average value for each tuple as a list.\\nassert average_tuple(((10, 10, 10, 12), (30, 45, 56, 45), (81, 80, 39, 32), (1, 2, 3, 4)))==[30.5, 34.25, 27.0, 23.25]'''\\n\"}",
    "Code0": "def average_tuple(nums):\n    assert isinstance(nums, tuple) and all(isinstance(t, tuple) for t in nums), \"Input must be a tuple of tuples\"\n    \n    return [sum(t) / len(t) for t in nums]",
    "Code0_prompt": {
        "Role": "You are a professional software engineer. Your duty is to write code in Python that meets the requirements. Ensure that the code you write is efficient, readable, and follows best practices. Remember, do not need to explain the code you wrote.",
        "Instruction": "1. Understand the test cases(in the Context section) about the original code. 2. Rewrite your code, make sure your code pass all test cases.",
        "Example": "",
        "Context": "# Original Code:\ndef average_tuple(nums):\n    '''Write a function which takes a tuple of tuples and returns the average value for each tuple as a list.'''\n    assert isinstance(nums, tuple) and all(isinstance(t, tuple) for t in nums), \"Input must be a tuple of tuples\"\n    \n    return [sum(t) / len(t) for t in nums]\n\n# Test cases\nprint(average_tuple(((10, 10, 10, 12), (30, 45, 56, 45), (81, 80, 39, 32), (1, 2, 3, 4))) == [30.5, 34.25, 27.0, 23.25])\nprint(average_tuple(()) == [])\nprint(average_tuple(((1, 2, 3),)) == [2.0])\nprint(average_tuple(((1, 2), (3, 4), (5, 6))) == [1.5, 3.5, 5.5])\n# Test Cases:\n{\n  \"requirement analysis\": \"analysis\",\n  \"test_cases\": [\n    {\n      \"Test Title\": \"Valid input\",\n      \"Input Data\": \"nums=((10, 10, 10, 12), (30, 45, 56, 45), (81, 80, 39, 32), (1, 2, 3, 4))\",\n      \"Expected Output\": \"[30.5, 34.25, 27.0, 23.25]\"\n    },\n    {\n      \"Test Title\": \"Empty input\",\n      \"Input Data\": \"nums=()\",\n      \"Expected Output\": \"[]\"\n    },\n    {\n      \"Test Title\": \"Single tuple input\",\n      \"Input Data\": \"nums=((1, 2, 3, 4))\",\n      \"Expected Output\": \"[2.5]\"\n    },\n    {\n      \"Test Title\": \"Negative numbers input\",\n      \"Input Data\": \"nums=((-10, -20, -30), (10, 20, 30))\",\n      \"Expected Output\": \"[-20.0, 20.0]\"\n    }\n  ]\n}",
        "Question": "def average_tuple(nums):\n'''Write a function which takes a tuple of tuples and returns the average value for each tuple as a list.\nassert average_tuple(((10, 10, 10, 12), (30, 45, 56, 45), (81, 80, 39, 32), (1, 2, 3, 4)))==[30.5, 34.25, 27.0, 23.25]'''\n"
    },
    "TestScriptOriginal": "import unittest\n\ndef average_tuple(nums):\n    '''Write a function which takes a tuple of tuples and returns the average value for each tuple as a list.'''\n    result = []\n    for tpl in nums:\n        average = sum(tpl) / len(tpl)\n        result.append(average)\n    return result\n\nclass Test(unittest.TestCase):\n    def test(self):\n        self.assertEqual(average_tuple(((10, 10, 10, 12), (30, 45, 56, 45), (81, 80, 39, 32), (1, 2, 3, 4))), [30.5, 34.25, 58.0, 2.5])\n\nif __name__ == '__main__':\n    unittest.main()",
    "TestScriptOriginal_prompt": "{\"Role\": \"You are a quality assurance engineer. Your duty is to write a python test script in unittest framework.\", \"Instruction\": \"1. Write a python test script. 2. Use the input and output given by the question.\", \"Example\": \"import unittest\\n\\nclass Test(unittest.TestCase):\\n    def test(self):\\n        self.assertEqual(function_under_test('a'), 1)\\n\\nif __name__ == '__main__':\\n    unittest.main()\", \"Context\": \"\", \"Question\": \"def average_tuple(nums):\\n'''Write a function which takes a tuple of tuples and returns the average value for each tuple as a list.\\nassert average_tuple(((10, 10, 10, 12), (30, 45, 56, 45), (81, 80, 39, 32), (1, 2, 3, 4)))==[30.5, 34.25, 27.0, 23.25]'''\\n\"}",
    "TestScript": "import unittest\n\nclass Test(unittest.TestCase):\n    def test(self):\n        self.assertEqual(average_tuple(((10, 10, 10, 12), (30, 45, 56, 45), (81, 80, 39, 32), (1, 2, 3, 4))), [30.5, 34.25, 58.0, 2.5])\n\nif __name__ == '__main__':\n    unittest.main()",
    "ScriptResult0": "F\n======================================================================\nFAIL: test (__main__.Test)\n----------------------------------------------------------------------\nTraceback (most recent call last):\n  File \"/Users/watch/PycharmProjects/XXXX-1-LLM/workspace/2024-03-11_10-59-27-848724/test_script.py\", line 9, in test\n    self.assertEqual(average_tuple(((10, 10, 10, 12), (30, 45, 56, 45), (81, 80, 39, 32), (1, 2, 3, 4))), [30.5, 34.25, 58.0, 2.5])\nAssertionError: Lists differ: [10.5, 44.0, 58.0, 2.5] != [30.5, 34.25, 58.0, 2.5]\n\nFirst differing element 0:\n10.5\n30.5\n\n- [10.5, 44.0, 58.0, 2.5]\n?  ^     ^  ^\n\n+ [30.5, 34.25, 58.0, 2.5]\n?  ^     ^  ^^\n\n\n----------------------------------------------------------------------\nRan 1 test in 0.000s\n\nFAILED (failures=1)\n",
    "TestReport0": "Test Report\n\nContext:\nThe test script's output is as follows:\n# test script's output:\nF\n======================================================================\nFAIL: test (__main__.Test)\n----------------------------------------------------------------------\nTraceback (most recent call last):\n  File \"/Users/watch/PycharmProjects/XXXX-1-LLM/workspace/2024-03-11_10-59-27-848724/test_script.py\", line 9, in test\n    self.assertEqual(average_tuple(((10, 10, 10, 12), (30, 45, 56, 45), (81, 80, 39, 32), (1, 2, 3, 4))), [30.5, 34.25, 58.0, 2.5])\nAssertionError: Lists differ: [10.5, 44.0, 58.0, 2.5] != [30.5, 34.25, 58.0, 2.5]\n\nFirst differing element 0:\n10.5\n30.5\n\n- [10.5, 44.0, 58.0, 2.5]\n?  ^     ^  ^\n\n+ [30.5, 34.25, 58.0, 2.5]\n?  ^     ^  ^^\n\n\nRan 1 test in 0.000s\n\nFAILED (failures=1)\n\nTest Report:\nThe test script has failed with the given input and expected output example:\nInput: ((10, 10, 10, 12), (30, 45, 56, 45), (81, 80, 39, 32), (1, 2, 3, 4))\nExpected Output: [30.5, 34.25, 58.0, 2.5]\n\nConclusion:\nCode Test Failed",
    "SprintReview0": "[ScrumMaster]says: Here is our test Report: Test Report\n\nContext:\nThe test script's output is as follows:\n# test script's output:\nF\n======================================================================\nFAIL: test (__main__.Test)\n----------------------------------------------------------------------\nTraceback (most recent call last):\n  File \"/Users/watch/PycharmProjects/XXXX-1-LLM/workspace/2024-03-11_10-59-27-848724/test_script.py\", line 9, in test\n    self.assertEqual(average_tuple(((10, 10, 10, 12), (30, 45, 56, 45), (81, 80, 39, 32), (1, 2, 3, 4))), [30.5, 34.25, 58.0, 2.5])\nAssertionError: Lists differ: [10.5, 44.0, 58.0, 2.5] != [30.5, 34.25, 58.0, 2.5]\n\nFirst differing element 0:\n10.5\n30.5\n\n- [10.5, 44.0, 58.0, 2.5]\n?  ^     ^  ^\n\n+ [30.5, 34.25, 58.0, 2.5]\n?  ^     ^  ^^\n\n\nRan 1 test in 0.000s\n\nFAILED (failures=1)\n\nTest Report:\nThe test script has failed with the given input and expected output example:\nInput: ((10, 10, 10, 12), (30, 45, 56, 45), (81, 80, 39, 32), (1, 2, 3, 4))\nExpected Output: [30.5, 34.25, 58.0, 2.5]\n\nConclusion:\nCode Test Failed, do you have any ideas?\n-----\n\n[Developer]says: As a Developer, I will review the test script and identify the error in the code to fix the failing test.\n-----\n\n[ProductOwner]says: As a Product Owner, I think we should prioritize fixing this failed test script to ensure the quality of the product.\n-----\n\n[Architect]says: As an architect, I think the first step is to review the test script and identify the source of the error in order to develop a product.\n-----\n\n[Tester]says: As a Tester, it seems that the code test has failed due to a difference in the expected and actual output. I suggest reviewing the code to identify and fix the issue.\n-----\n\n[ProductOwner]says: As a Product Owner, I will prioritize fixing this failed test script to ensure the quality of the product.\n-----\n\n[Developer]says: As a Developer, I will review the test script and identify the error in the code to fix the failing test.\n-----\n\n[Architect]says: As an architect, I believe it is important to review the test script and identify the source of the error in order to develop a product.\n-----\n\n[Tester]says: As a Tester, it seems that the code test has failed due to a difference in the expected and actual output. I suggest reviewing the code to identify and fix the issue.\n-----\n",
    "SprintReviewMeetings0": "{\n  \"product-owner\":[\"Priority fixing the failed test script to ensure product quality\"],\n  \"architect\":[\"Review test script and identify source of error for product development\"],\n  \"developer\":[\"Review test script, identify error, and fix failing test\"],\n  \"tester\":[\"Review code to identify and fix issue\"]\n}",
    "SprintReviewMeetings0_prompt": "{\"Role\": \"You are a professional scrum master. Your goal is to summary the Discussion History into a suggestions list for the scrum team.\", \"Instruction\": \"1. Read and Understand the Discussion History. 2. Summary the suggestions from four roles: product-owner/architect/developer/tester. 3. Response in JSON format.\", \"Example\": \"{\\\"product-owner\\\":[\\\"suggestion1\\\",\\\"suggestion2\\\"],\\\"architect\\\":[\\\"suggestion1\\\",\\\"suggestion2\\\"], \\\"developer\\\":[\\\"suggestion1\\\",\\\"suggestion2\\\"], \\\"tester\\\":[\\\"suggestion1\\\",\\\"suggestion2\\\"]}\", \"Context\": \"[ScrumMaster]says: Here is our test Report: Test Report\\n\\nContext:\\nThe test script's output is as follows:\\n# test script's output:\\nF\\n======================================================================\\nFAIL: test (__main__.Test)\\n----------------------------------------------------------------------\\nTraceback (most recent call last):\\n  File \\\"/Users/watch/PycharmProjects/XXXX-1-LLM/workspace/2024-03-11_10-59-27-848724/test_script.py\\\", line 9, in test\\n    self.assertEqual(average_tuple(((10, 10, 10, 12), (30, 45, 56, 45), (81, 80, 39, 32), (1, 2, 3, 4))), [30.5, 34.25, 58.0, 2.5])\\nAssertionError: Lists differ: [10.5, 44.0, 58.0, 2.5] != [30.5, 34.25, 58.0, 2.5]\\n\\nFirst differing element 0:\\n10.5\\n30.5\\n\\n- [10.5, 44.0, 58.0, 2.5]\\n?  ^     ^  ^\\n\\n+ [30.5, 34.25, 58.0, 2.5]\\n?  ^     ^  ^^\\n\\n\\nRan 1 test in 0.000s\\n\\nFAILED (failures=1)\\n\\nTest Report:\\nThe test script has failed with the given input and expected output example:\\nInput: ((10, 10, 10, 12), (30, 45, 56, 45), (81, 80, 39, 32), (1, 2, 3, 4))\\nExpected Output: [30.5, 34.25, 58.0, 2.5]\\n\\nConclusion:\\nCode Test Failed, do you have any ideas?\\n-----\\n\\n[Developer]says: As a Developer, I will review the test script and identify the error in the code to fix the failing test.\\n-----\\n\\n[ProductOwner]says: As a Product Owner, I think we should prioritize fixing this failed test script to ensure the quality of the product.\\n-----\\n\\n[Architect]says: As an architect, I think the first step is to review the test script and identify the source of the error in order to develop a product.\\n-----\\n\\n[Tester]says: As a Tester, it seems that the code test has failed due to a difference in the expected and actual output. I suggest reviewing the code to identify and fix the issue.\\n-----\\n\\n[ProductOwner]says: As a Product Owner, I will prioritize fixing this failed test script to ensure the quality of the product.\\n-----\\n\\n[Developer]says: As a Developer, I will review the test script and identify the error in the code to fix the failing test.\\n-----\\n\\n[Architect]says: As an architect, I believe it is important to review the test script and identify the source of the error in order to develop a product.\\n-----\\n\\n[Tester]says: As a Tester, it seems that the code test has failed due to a difference in the expected and actual output. I suggest reviewing the code to identify and fix the issue.\\n-----\\n\", \"Question\": \"Follow the Instruction section. The Discussion History is in the Context section. You only need to return a list as the Example section.\"}",
    "RepairResponse0": "{\n  \"revised_code\": \"def average_tuple(nums):\\n    averages = []\\n    for tup in nums:\\n        avg = sum(tup) / len(tup)\\n        averages.append(avg)\\n    return averages\"\n}",
    "RepairResponse0_prompt": {
        "Role": "You are a professional software engineer. Your duty is to write code in Python that meets the requirements. Ensure that the code you write is efficient, readable, and follows best practices. Remember, do not need to explain the code you wrote.",
        "Instruction": "1. Rewrite a bug fix version of the original code. 2. Response in JSON format.",
        "Example": "{\"revised_code\":\"...\"}",
        "Context": "# Test Report:\nTest Report\n\nContext:\nThe test script's output is as follows:\n# test script's output:\nF\n======================================================================\nFAIL: test (__main__.Test)\n----------------------------------------------------------------------\nTraceback (most recent call last):\n  File \"/Users/watch/PycharmProjects/XXXX-1-LLM/workspace/2024-03-11_10-59-27-848724/test_script.py\", line 9, in test\n    self.assertEqual(average_tuple(((10, 10, 10, 12), (30, 45, 56, 45), (81, 80, 39, 32), (1, 2, 3, 4))), [30.5, 34.25, 58.0, 2.5])\nAssertionError: Lists differ: [10.5, 44.0, 58.0, 2.5] != [30.5, 34.25, 58.0, 2.5]\n\nFirst differing element 0:\n10.5\n30.5\n\n- [10.5, 44.0, 58.0, 2.5]\n?  ^     ^  ^\n\n+ [30.5, 34.25, 58.0, 2.5]\n?  ^     ^  ^^\n\n\nRan 1 test in 0.000s\n\nFAILED (failures=1)\n\nTest Report:\nThe test script has failed with the given input and expected output example:\nInput: ((10, 10, 10, 12), (30, 45, 56, 45), (81, 80, 39, 32), (1, 2, 3, 4))\nExpected Output: [30.5, 34.25, 58.0, 2.5]\n\nConclusion:\nCode Test Failed# suggestions:\n{\"product-owner\": [\"Priority fixing the failed test script to ensure product quality\"], \"architect\": [\"Review test script and identify source of error for product development\"], \"developer\": [\"Review test script, identify error, and fix failing test\"], \"tester\": [\"Review code to identify and fix issue\"]}",
        "Question": "The original code has some bugs, according to the test report and suggestions, rewrite the code. Complete the following code:\ndef average_tuple(nums):\n'''Write a function which takes a tuple of tuples and returns the average value for each tuple as a list.\nassert average_tuple(((10, 10, 10, 12), (30, 45, 56, 45), (81, 80, 39, 32), (1, 2, 3, 4)))==[30.5, 34.25, 27.0, 23.25]'''\n"
    },
    "Code1": "def average_tuple(nums):\n    averages = []\n    for tup in nums:\n        avg = sum(tup) / len(tup)\n        averages.append(avg)\n    return averages",
    "ScriptResult1": "F\n======================================================================\nFAIL: test (__main__.Test)\n----------------------------------------------------------------------\nTraceback (most recent call last):\n  File \"/Users/watch/PycharmProjects/XXXX-1-LLM/workspace/2024-03-11_10-59-27-848724/test_script.py\", line 11, in test\n    self.assertEqual(average_tuple(((10, 10, 10, 12), (30, 45, 56, 45), (81, 80, 39, 32), (1, 2, 3, 4))), [30.5, 34.25, 58.0, 2.5])\nAssertionError: Lists differ: [10.5, 44.0, 58.0, 2.5] != [30.5, 34.25, 58.0, 2.5]\n\nFirst differing element 0:\n10.5\n30.5\n\n- [10.5, 44.0, 58.0, 2.5]\n?  ^     ^  ^\n\n+ [30.5, 34.25, 58.0, 2.5]\n?  ^     ^  ^^\n\n\n----------------------------------------------------------------------\nRan 1 test in 0.000s\n\nFAILED (failures=1)\n",
    "TestReport1": "Test Report:\n\nTest Script's Output:\n# test script's output:\nF\n======================================================================\nFAIL: test (__main__.Test)\n----------------------------------------------------------------------\nTraceback (most recent call last):\n  File \"/Users/watch/PycharmProjects/XXXX-1-LLM/workspace/2024-03-11_10-59-27-848724/test_script.py\", line 11, in test\n    self.assertEqual(average_tuple(((10, 10, 10, 12), (30, 45, 56, 45), (81, 80, 39, 32), (1, 2, 3, 4))), [30.5, 34.25, 58.0, 2.5])\nAssertionError: Lists differ: [10.5, 44.0, 58.0, 2.5] != [30.5, 34.25, 58.0, 2.5]\n\nFirst differing element 0:\n10.5\n30.5\n\n- [10.5, 44.0, 58.0, 2.5]\n?  ^     ^  ^\n\n+ [30.5, 34.25, 58.0, 2.5]\n?  ^     ^  ^^\n\n\n----------------------------------------------------------------------\nRan 1 test in 0.000s\n\nFAILED (failures=1)\n\nConclusion: Code Test Failed\n\nInput and Expected Output Example:\ndef average_tuple(nums):\n    averages = []\n    for tup in nums:\n        avg = sum(tup) / len(tup)\n        averages.append(avg)\n    return averages\n\nInput: ((10, 10, 10, 12), (30, 45, 56, 45), (81, 80, 39, 32), (1, 2, 3, 4))\nExpected Output: [30.5, 34.25, 58.0, 2.5]\n\nThe code failed to produce the expected output. The lists of actual and expected outputs differ, as shown in the test script's output.\n\nPlease review and make the necessary changes to the code to ensure it passes the test.",
    "SprintReview1": "[ScrumMaster]says: Here is our test Report: Test Report:\n\nTest Script's Output:\n# test script's output:\nF\n======================================================================\nFAIL: test (__main__.Test)\n----------------------------------------------------------------------\nTraceback (most recent call last):\n  File \"/Users/watch/PycharmProjects/XXXX-1-LLM/workspace/2024-03-11_10-59-27-848724/test_script.py\", line 11, in test\n    self.assertEqual(average_tuple(((10, 10, 10, 12), (30, 45, 56, 45), (81, 80, 39, 32), (1, 2, 3, 4))), [30.5, 34.25, 58.0, 2.5])\nAssertionError: Lists differ: [10.5, 44.0, 58.0, 2.5] != [30.5, 34.25, 58.0, 2.5]\n\nFirst differing element 0:\n10.5\n30.5\n\n- [10.5, 44.0, 58.0, 2.5]\n?  ^     ^  ^\n\n+ [30.5, 34.25, 58.0, 2.5]\n?  ^     ^  ^^\n\n\n----------------------------------------------------------------------\nRan 1 test in 0.000s\n\nFAILED (failures=1)\n\nConclusion: Code Test Failed\n\nInput and Expected Output Example:\ndef average_tuple(nums):\n    averages = []\n    for tup in nums:\n        avg = sum(tup) / len(tup)\n        averages.append(avg)\n    return averages\n\nInput: ((10, 10, 10, 12), (30, 45, 56, 45), (81, 80, 39, 32), (1, 2, 3, 4))\nExpected Output: [30.5, 34.25, 58.0, 2.5]\n\nThe code failed to produce the expected output. The lists of actual and expected outputs differ, as shown in the test script's output.\n\nPlease review and make the necessary changes to the code to ensure it passes the test., do you have any ideas?\n-----\n\n[Architect]says: As an Architect, I think we should review the code and make necessary changes to ensure it passes the test.\n-----\n\n[Tester]says: As a Tester, I think we should review the code and identify the issue to ensure it passes the test.\n-----\n\n[Developer]says: As a Developer, I will review the test script and the code to identify the discrepancy and make the necessary changes to ensure it passes the test.\n-----\n\n[ProductOwner]says: As the Product Owner, I think we should prioritize fixing the code to ensure it produces the expected output and passes the test. We need to ensure the product meets the required quality standards.\n-----\n\n[Architect]says: As an Architect, I think we should review the code and make necessary changes to ensure it passes the test.\n-----\n\n[Developer]says: As a Developer, I will review the test script and the code to identify the discrepancy and make the necessary changes to ensure it passes the test.\n-----\n\n[Tester]says: As a Tester, I agree that we should review the code and identify the issue to ensure it passes the test.\n-----\n\n[ProductOwner]says: As the Product Owner, I think we should prioritize fixing the code to ensure it produces the expected output and passes the test. We need to ensure the product meets the required quality standards.\n-----\n",
    "SprintReviewMeetings1": "{\n  \"product-owner\": [\n    \"We should prioritize fixing the code to ensure it produces the expected output and passes the test. We need to ensure the product meets the required quality standards.\"\n  ],\n  \"architect\": [\n    \"We should review the code and make necessary changes to ensure it passes the test.\"\n  ],\n  \"developer\": [\n    \"I will review the test script and the code to identify the discrepancy and make the necessary changes to ensure it passes the test.\"\n  ],\n  \"tester\": [\n    \"We should review the code and identify the issue to ensure it passes the test.\"\n  ]\n}",
    "SprintReviewMeetings1_prompt": "{\"Role\": \"You are a professional scrum master. Your goal is to summary the Discussion History into a suggestions list for the scrum team.\", \"Instruction\": \"1. Read and Understand the Discussion History. 2. Summary the suggestions from four roles: product-owner/architect/developer/tester. 3. Response in JSON format.\", \"Example\": \"{\\\"product-owner\\\":[\\\"suggestion1\\\",\\\"suggestion2\\\"],\\\"architect\\\":[\\\"suggestion1\\\",\\\"suggestion2\\\"], \\\"developer\\\":[\\\"suggestion1\\\",\\\"suggestion2\\\"], \\\"tester\\\":[\\\"suggestion1\\\",\\\"suggestion2\\\"]}\", \"Context\": \"[ScrumMaster]says: Here is our test Report: Test Report:\\n\\nTest Script's Output:\\n# test script's output:\\nF\\n======================================================================\\nFAIL: test (__main__.Test)\\n----------------------------------------------------------------------\\nTraceback (most recent call last):\\n  File \\\"/Users/watch/PycharmProjects/XXXX-1-LLM/workspace/2024-03-11_10-59-27-848724/test_script.py\\\", line 11, in test\\n    self.assertEqual(average_tuple(((10, 10, 10, 12), (30, 45, 56, 45), (81, 80, 39, 32), (1, 2, 3, 4))), [30.5, 34.25, 58.0, 2.5])\\nAssertionError: Lists differ: [10.5, 44.0, 58.0, 2.5] != [30.5, 34.25, 58.0, 2.5]\\n\\nFirst differing element 0:\\n10.5\\n30.5\\n\\n- [10.5, 44.0, 58.0, 2.5]\\n?  ^     ^  ^\\n\\n+ [30.5, 34.25, 58.0, 2.5]\\n?  ^     ^  ^^\\n\\n\\n----------------------------------------------------------------------\\nRan 1 test in 0.000s\\n\\nFAILED (failures=1)\\n\\nConclusion: Code Test Failed\\n\\nInput and Expected Output Example:\\ndef average_tuple(nums):\\n    averages = []\\n    for tup in nums:\\n        avg = sum(tup) / len(tup)\\n        averages.append(avg)\\n    return averages\\n\\nInput: ((10, 10, 10, 12), (30, 45, 56, 45), (81, 80, 39, 32), (1, 2, 3, 4))\\nExpected Output: [30.5, 34.25, 58.0, 2.5]\\n\\nThe code failed to produce the expected output. The lists of actual and expected outputs differ, as shown in the test script's output.\\n\\nPlease review and make the necessary changes to the code to ensure it passes the test., do you have any ideas?\\n-----\\n\\n[Architect]says: As an Architect, I think we should review the code and make necessary changes to ensure it passes the test.\\n-----\\n\\n[Tester]says: As a Tester, I think we should review the code and identify the issue to ensure it passes the test.\\n-----\\n\\n[Developer]says: As a Developer, I will review the test script and the code to identify the discrepancy and make the necessary changes to ensure it passes the test.\\n-----\\n\\n[ProductOwner]says: As the Product Owner, I think we should prioritize fixing the code to ensure it produces the expected output and passes the test. We need to ensure the product meets the required quality standards.\\n-----\\n\\n[Architect]says: As an Architect, I think we should review the code and make necessary changes to ensure it passes the test.\\n-----\\n\\n[Developer]says: As a Developer, I will review the test script and the code to identify the discrepancy and make the necessary changes to ensure it passes the test.\\n-----\\n\\n[Tester]says: As a Tester, I agree that we should review the code and identify the issue to ensure it passes the test.\\n-----\\n\\n[ProductOwner]says: As the Product Owner, I think we should prioritize fixing the code to ensure it produces the expected output and passes the test. We need to ensure the product meets the required quality standards.\\n-----\\n\", \"Question\": \"Follow the Instruction section. The Discussion History is in the Context section. You only need to return a list as the Example section.\"}",
    "RepairResponse1": "{\n  \"revised_code\": \"def average_tuple(nums):\\n    averages = []\\n    for tup in nums:\\n        avg = sum(tup) / len(tup)\\n        averages.append(avg)\\n    return averages\"\n}",
    "RepairResponse1_prompt": {
        "Role": "You are a professional software engineer. Your duty is to write code in Python that meets the requirements. Ensure that the code you write is efficient, readable, and follows best practices. Remember, do not need to explain the code you wrote.",
        "Instruction": "1. Rewrite a bug fix version of the original code. 2. Response in JSON format.",
        "Example": "{\"revised_code\":\"...\"}",
        "Context": "# Test Report:\nTest Report:\n\nTest Script's Output:\n# test script's output:\nF\n======================================================================\nFAIL: test (__main__.Test)\n----------------------------------------------------------------------\nTraceback (most recent call last):\n  File \"/Users/watch/PycharmProjects/XXXX-1-LLM/workspace/2024-03-11_10-59-27-848724/test_script.py\", line 11, in test\n    self.assertEqual(average_tuple(((10, 10, 10, 12), (30, 45, 56, 45), (81, 80, 39, 32), (1, 2, 3, 4))), [30.5, 34.25, 58.0, 2.5])\nAssertionError: Lists differ: [10.5, 44.0, 58.0, 2.5] != [30.5, 34.25, 58.0, 2.5]\n\nFirst differing element 0:\n10.5\n30.5\n\n- [10.5, 44.0, 58.0, 2.5]\n?  ^     ^  ^\n\n+ [30.5, 34.25, 58.0, 2.5]\n?  ^     ^  ^^\n\n\n----------------------------------------------------------------------\nRan 1 test in 0.000s\n\nFAILED (failures=1)\n\nConclusion: Code Test Failed\n\nInput and Expected Output Example:\ndef average_tuple(nums):\n    averages = []\n    for tup in nums:\n        avg = sum(tup) / len(tup)\n        averages.append(avg)\n    return averages\n\nInput: ((10, 10, 10, 12), (30, 45, 56, 45), (81, 80, 39, 32), (1, 2, 3, 4))\nExpected Output: [30.5, 34.25, 58.0, 2.5]\n\nThe code failed to produce the expected output. The lists of actual and expected outputs differ, as shown in the test script's output.\n\nPlease review and make the necessary changes to the code to ensure it passes the test.# suggestions:\n{\"product-owner\": [\"We should prioritize fixing the code to ensure it produces the expected output and passes the test. We need to ensure the product meets the required quality standards.\"], \"architect\": [\"We should review the code and make necessary changes to ensure it passes the test.\"], \"developer\": [\"I will review the test script and the code to identify the discrepancy and make the necessary changes to ensure it passes the test.\"], \"tester\": [\"We should review the code and identify the issue to ensure it passes the test.\"]}",
        "Question": "The original code has some bugs, according to the test report and suggestions, rewrite the code. Complete the following code:\ndef average_tuple(nums):\n'''Write a function which takes a tuple of tuples and returns the average value for each tuple as a list.\nassert average_tuple(((10, 10, 10, 12), (30, 45, 56, 45), (81, 80, 39, 32), (1, 2, 3, 4)))==[30.5, 34.25, 27.0, 23.25]'''\n"
    }
}