{
    "start_time": "2024-03-11_09-33-43-555039",
    "task": "def lateralsuface_cylinder(r,h):\n'''Write a function to find the lateral surface area of a cylinder.\nassert math.isclose(lateralsuface_cylinder(10,5), 314.15000000000003, rel_tol=0.001)'''\n",
    "datetime": {
        "task": "2024-03-11 09:33:43",
        "task-id": "2024-03-11 09:33:43",
        "workflow": "2024-03-11 09:33:43",
        "Discussion": "2024-03-11 09:33:44",
        "DisorderedSprintMeetings": "2024-03-11 09:33:46",
        "DesignDraft0": "2024-03-11 09:33:47",
        "DesignMeetings0": "2024-03-11 09:33:50",
        "Design0": "2024-03-11 09:33:52",
        "CodeDraft0": "2024-03-11 09:33:55",
        "CodeReviewMeetings0": "2024-03-11 09:33:56",
        "Code0CR": "2024-03-11 09:33:59",
        "FinalCode": "2024-03-11 09:34:25",
        "Test Cases Draft": "2024-03-11 09:34:01",
        "Test Cases Meetings": "2024-03-11 09:34:04",
        "Test Cases": "2024-03-11 09:34:07",
        "Code0": "2024-03-11 09:34:10",
        "TestScriptOriginal": "2024-03-11 09:34:11",
        "TestScript": "2024-03-11 09:34:11",
        "ScriptResult0": "2024-03-11 09:34:11",
        "TestReport0": "2024-03-11 09:34:13",
        "SprintReview0": "2024-03-11 09:34:15",
        "SprintReviewMeetings0": "2024-03-11 09:34:17",
        "RepairResponse0": "2024-03-11 09:34:18",
        "Code1": "2024-03-11 09:34:18",
        "ScriptResult1": "2024-03-11 09:34:18",
        "TestReport1": "2024-03-11 09:34:21",
        "SprintReview1": "2024-03-11 09:34:22",
        "SprintReviewMeetings1": "2024-03-11 09:34:25",
        "RepairResponse1": "2024-03-11 09:34:25",
        "Code2": "2024-03-11 09:34:25",
        "ScriptResult2": "2024-03-11 09:34:25",
        "TestReport2": "2024-03-11 09:34:30",
        "SprintReview2": "2024-03-11 09:34:32",
        "SprintReviewMeetings2": "2024-03-11 09:34:34",
        "RepairResponse2": "2024-03-11 09:34:36"
    },
    "task-id": 233,
    "workflow": "agile/agile_version_0.0.5_remove.json",
    "Discussion": "[ScrumMaster]says: We have a job: def lateralsuface_cylinder(r,h):\n'''Write a function to find the lateral surface area of a cylinder.\nassert math.isclose(lateralsuface_cylinder(10,5), 314.15000000000003, rel_tol=0.001)'''\n, do you have any ideas?\n-----\n\n[Tester]says: As a Tester, I would suggest writing test cases to cover different scenarios and edge cases for the lateralsuface_cylinder function.\n-----\n\n[Developer]says: As a developer, I think first we need to define the formula for lateral surface area of a cylinder and then implement it in the function.\n-----\n\n[Architect]says: As an architect, I suggest we start by defining the requirements and constraints for the function before diving into the code.\n-----\n\n[ProductOwner]says: As a Product Owner, I think we should consider the user experience and potential market demand when creating this product.\n-----\n\n[Architect]says: As an Architect, I suggest we start by defining the requirements and constraints for the function before diving into the code.\n-----\n\n[Tester]says: As a Tester, I would suggest writing test cases to cover different scenarios and edge cases for the lateralsuface_cylinder function.\n-----\n\n[ProductOwner]says: [ProductOwner] To create a product, we should consider the user experience and potential market demand. Let's prioritize the features that will add the most value to our users.\n-----\n\n[Developer]says: As a Developer, I think the first step is to define the formula for lateral surface area of a cylinder and then implement it in the function.\n-----\n",
    "DisorderedSprintMeetings": "{\n  \"product-owner\": [\"Consider user experience and market demand\", \"Prioritize features for user value\"],\n  \"architect\": [\"Define requirements and constraints for the function\"],\n  \"developer\": [\"Define formula for lateral surface area of a cylinder\", \"Implement formula in the function\"],\n  \"tester\": [\"Write test cases for different scenarios and edge cases\"]\n}",
    "DisorderedSprintMeetings_prompt": "{\"Role\": \"You are a professional scrum master. Your goal is to breakdown the Discussion History into a task list for the scrum team.\", \"Instruction\": \"1. Read and Understand the Discussion History. 2. Define the tasks for four roles: product-owner/architect/developer/tester. 3. Response in JSON format.\", \"Example\": \"{\\\"product-owner\\\":[\\\"task1\\\",\\\"task2\\\"],\\\"architect\\\":[\\\"task1\\\",\\\"task2\\\"], \\\"developer\\\":[\\\"task1\\\",\\\"task2\\\"], \\\"tester\\\":[\\\"task1\\\",\\\"task2\\\"]}\", \"Context\": \"[ScrumMaster]says: We have a job: def lateralsuface_cylinder(r,h):\\n'''Write a function to find the lateral surface area of a cylinder.\\nassert math.isclose(lateralsuface_cylinder(10,5), 314.15000000000003, rel_tol=0.001)'''\\n, do you have any ideas?\\n-----\\n\\n[Tester]says: As a Tester, I would suggest writing test cases to cover different scenarios and edge cases for the lateralsuface_cylinder function.\\n-----\\n\\n[Developer]says: As a developer, I think first we need to define the formula for lateral surface area of a cylinder and then implement it in the function.\\n-----\\n\\n[Architect]says: As an architect, I suggest we start by defining the requirements and constraints for the function before diving into the code.\\n-----\\n\\n[ProductOwner]says: As a Product Owner, I think we should consider the user experience and potential market demand when creating this product.\\n-----\\n\\n[Architect]says: As an Architect, I suggest we start by defining the requirements and constraints for the function before diving into the code.\\n-----\\n\\n[Tester]says: As a Tester, I would suggest writing test cases to cover different scenarios and edge cases for the lateralsuface_cylinder function.\\n-----\\n\\n[ProductOwner]says: [ProductOwner] To create a product, we should consider the user experience and potential market demand. Let's prioritize the features that will add the most value to our users.\\n-----\\n\\n[Developer]says: As a Developer, I think the first step is to define the formula for lateral surface area of a cylinder and then implement it in the function.\\n-----\\n\", \"Question\": \"Follow the Instruction section. The Discussion History is in the Context section. You only need to return a task list as the Example section.\"}",
    "DesignDraft0": "Design:\n- The function lateralsuface_cylinder(r, h) should take two parameters: r for the radius of the cylinder and h for the height of the cylinder.\n- The function should calculate the lateral surface area of the cylinder using the formula 2 * pi * r * h.\n- The function should return the calculated lateral surface area.\n- The function should use the math module for the value of pi and for the isclose function to assert the result.\n- The function should include an assertion to validate the result, using math.isclose with a relative tolerance of 0.001.\n\nThe design should focus on the inputs, expected output, and any specific mathematical formulas or libraries to be used, rather than specific code implementation.",
    "DesignMeetings0": "{\n  \"Developer\": \"I suggest adding error handling to the function to handle cases where negative values are passed for the radius or height parameters. Also, it would be a good idea to include comments in the code to explain the purpose of the function and how the calculations are being done.\",\n  \"Tester\": \"I suggest testing the function with various input values, including positive and negative numbers for the radius and height parameters. Also, test with large values to ensure the function can handle them without causing any issues. Additionally, verify that the assertion for the calculated result is working as expected by deliberately causing the assertion to fail during testing.\"\n}",
    "Design0": "New Design:\n\nFunction: calculate_lateral_surface_area_cylinder(radius, height)\n- The function should take two parameters: radius for the radius of the cylinder and height for the height of the cylinder.\n- The function should calculate the lateral surface area of the cylinder using the formula 2 * pi * radius * height.\n- The function should return the calculated lateral surface area.\n- The function should include error handling to handle cases where negative values are passed for the radius or height parameters.\n- The function should include comments to explain the purpose of the function and how the calculations are being done.\n- The function should use the math module for the value of pi and for the isclose function to assert the result.\n- The function should include assertions to validate the result, using math.isclose with a relative tolerance of 0.001.\n- The function should be thoroughly tested with various input values, including positive and negative numbers for the radius and height parameters, as well as large values to ensure it can handle them without causing any issues. Additionally, deliberate testing should be done to verify that the assertion for the calculated result is working as expected.",
    "CodeDraft0": "def calculate_lateral_surface_area_cylinder(radius, height):\n    '''\n    Function to calculate the lateral surface area of a cylinder\n    :param radius: radius of the cylinder\n    :param height: height of the cylinder\n    :return: calculated lateral surface area\n    '''\n    import math\n    if radius < 0 or height < 0:\n        raise ValueError(\"Radius and height must be positive values\")\n\n    lateral_surface_area = 2 * math.pi * radius * height\n    assert math.isclose(calculate_lateral_surface_area_cylinder(10, 5), 314.15000000000003, rel_tol=0.001)\n    return lateral_surface_area\n",
    "CodeDraft0_prompt": {
        "Role": "You are a professional engineer. Your duty is to write code in Python that meets the requirements. Ensure that the code you write is efficient, readable, and follows best practices. Remember, do not need to explain the code you wrote.",
        "Instruction": "According to the Context section, write your code.",
        "Example": "",
        "Context": "# Tasks:\n['Define formula for lateral surface area of a cylinder', 'Implement formula in the function']\n# Design:\nNew Design:\n\nFunction: calculate_lateral_surface_area_cylinder(radius, height)\n- The function should take two parameters: radius for the radius of the cylinder and height for the height of the cylinder.\n- The function should calculate the lateral surface area of the cylinder using the formula 2 * pi * radius * height.\n- The function should return the calculated lateral surface area.\n- The function should include error handling to handle cases where negative values are passed for the radius or height parameters.\n- The function should include comments to explain the purpose of the function and how the calculations are being done.\n- The function should use the math module for the value of pi and for the isclose function to assert the result.\n- The function should include assertions to validate the result, using math.isclose with a relative tolerance of 0.001.\n- The function should be thoroughly tested with various input values, including positive and negative numbers for the radius and height parameters, as well as large values to ensure it can handle them without causing any issues. Additionally, deliberate testing should be done to verify that the assertion for the calculated result is working as expected.",
        "Question": "Follow the Instruction section. Complete the following code:\ndef lateralsuface_cylinder(r,h):\n'''Write a function to find the lateral surface area of a cylinder.\nassert math.isclose(lateralsuface_cylinder(10,5), 314.15000000000003, rel_tol=0.001)'''\n"
    },
    "CodeReviewMeetings0": "{\n  \"Architect\": \"The function should include more error handling for invalid input values such as non-numeric inputs. It should also have better documentation and comments to explain the purpose of the code.\",\n  \"Tester\": \"The assertion statement should be moved outside the function and placed in a separate test function. Additionally, more test cases should be added to cover different input scenarios.\"\n}",
    "Code0CR": "def calculate_lateral_surface_area_cylinder(radius, height):\n    '''\n    Calculate the lateral surface area of a cylinder.\n    Args:\n    - radius: The radius of the cylinder\n    - height: The height of the cylinder\n    Returns:\n    - The calculated lateral surface area\n    '''\n    import math\n    if not (isinstance(radius, (int, float)) and isinstance(height, (int, float))):\n        raise ValueError(\"Invalid input. Please provide numeric values for radius and height\")\n\n    if radius < 0 or height < 0:\n        raise ValueError(\"Radius and height cannot be negative\")\n\n    lateral_surface_area = 2 * math.pi * radius * height\n    return lateral_surface_area\n\ndef test_lateral_surface_area_cylinder():\n    assert math.isclose(calculate_lateral_surface_area_cylinder(10,5), 314.15000000000003, rel_tol=0.001)\n    # Add more test cases here to cover different input scenarios\n\ntest_lateral_surface_area_cylinder()",
    "Code0CR_prompt": "{\"Role\": \"You are a professional software engineer. Your duty is to write code in Python that meets the requirements. Ensure that the code you write is efficient, readable, and follows best practices. Remember, do not need to explain the code you wrote.\", \"Instruction\": \"1. Understand the suggestions(in the Context section) about the original code. 2. Rewrite your code.\", \"Example\": \"\", \"Context\": \"# Tasks:\\n['Define formula for lateral surface area of a cylinder', 'Implement formula in the function']\\n# Design:\\nNew Design:\\n\\nFunction: calculate_lateral_surface_area_cylinder(radius, height)\\n- The function should take two parameters: radius for the radius of the cylinder and height for the height of the cylinder.\\n- The function should calculate the lateral surface area of the cylinder using the formula 2 * pi * radius * height.\\n- The function should return the calculated lateral surface area.\\n- The function should include error handling to handle cases where negative values are passed for the radius or height parameters.\\n- The function should include comments to explain the purpose of the function and how the calculations are being done.\\n- The function should use the math module for the value of pi and for the isclose function to assert the result.\\n- The function should include assertions to validate the result, using math.isclose with a relative tolerance of 0.001.\\n- The function should be thoroughly tested with various input values, including positive and negative numbers for the radius and height parameters, as well as large values to ensure it can handle them without causing any issues. Additionally, deliberate testing should be done to verify that the assertion for the calculated result is working as expected.# Suggestions:\\n{\\n  \\\"Architect\\\": \\\"The function should include more error handling for invalid input values such as non-numeric inputs. It should also have better documentation and comments to explain the purpose of the code.\\\",\\n  \\\"Tester\\\": \\\"The assertion statement should be moved outside the function and placed in a separate test function. Additionally, more test cases should be added to cover different input scenarios.\\\"\\n}\", \"Question\": \"Follow the Instruction section. Complete the following code:\\ndef lateralsuface_cylinder(r,h):\\n'''Write a function to find the lateral surface area of a cylinder.\\nassert math.isclose(lateralsuface_cylinder(10,5), 314.15000000000003, rel_tol=0.001)'''\\n\"}",
    "FinalCode": "import math\n\ndef lateralsuface_cylinder(r, h):\n    return 2 * math.pi * r * h",
    "Test Cases Draft": "{\n  \"requirement_analysis\": \"analysis\",\n  \"test_cases\": [\n    {\n      \"Test Title\": \"positive_radius_and_height\",\n      \"Input Data\": \"radius=5, height=10\",\n      \"Expected Output\": \"expected_lateral_surface_area=2 * 3.14159 * 5 * 10\"\n    },\n    {\n      \"Test Title\": \"negative_radius_and_height\",\n      \"Input Data\": \"radius=-5, height=-10\",\n      \"Expected Output\": \"expected_lateral_surface_area=error_handling_expected_output\"\n    },\n    {\n      \"Test Title\": \"large_values\",\n      \"Input Data\": \"radius=100000, height=50000\",\n      \"Expected Output\": \"expected_lateral_surface_area=2 * 3.14159 * 100000 * 50000\"\n    }\n  ]\n}",
    "Test Cases Draft_prompt": "{\"Role\": \"You are a quality assurance engineer. Your duty is to design test cases for the developers.\", \"Instruction\": \"According to the Context section, write test cases. Don't write long strings in your test cases. Response in JSON format.\", \"Example\": \"{\\\"requirement analysis\\\":\\\"analysis\\\",\\\"test_cases\\\":[{\\\"Test Title\\\":\\\"title\\\", \\\"Input Data\\\":\\\"parameter1=[1,2,3],parameter2='123'\\\", \\\"Expected Output\\\":\\\"456\\\"},]}\", \"Context\": \"# Tasks:\\n['Write test cases for different scenarios and edge cases']\\n# Design:\\nNew Design:\\n\\nFunction: calculate_lateral_surface_area_cylinder(radius, height)\\n- The function should take two parameters: radius for the radius of the cylinder and height for the height of the cylinder.\\n- The function should calculate the lateral surface area of the cylinder using the formula 2 * pi * radius * height.\\n- The function should return the calculated lateral surface area.\\n- The function should include error handling to handle cases where negative values are passed for the radius or height parameters.\\n- The function should include comments to explain the purpose of the function and how the calculations are being done.\\n- The function should use the math module for the value of pi and for the isclose function to assert the result.\\n- The function should include assertions to validate the result, using math.isclose with a relative tolerance of 0.001.\\n- The function should be thoroughly tested with various input values, including positive and negative numbers for the radius and height parameters, as well as large values to ensure it can handle them without causing any issues. Additionally, deliberate testing should be done to verify that the assertion for the calculated result is working as expected.\", \"Question\": \"def lateralsuface_cylinder(r,h):\\n'''Write a function to find the lateral surface area of a cylinder.\\nassert math.isclose(lateralsuface_cylinder(10,5), 314.15000000000003, rel_tol=0.001)'''\\n\"}",
    "Test Cases Meetings": "{\n  \"Architect\": \"As an architect, I suggest revising the test cases to include boundary test cases, edge cases, and equivalence partitioning. We should also consider adding test cases for different units of measurement for radius and height, and for different data types for input data.\",\n  \"Developer\": \"As a developer, I suggest revising the test cases to include more detailed steps for input data preparation and expected output verification. We should also consider adding test cases for handling invalid input data, such as non-numeric values or missing data.\"\n}",
    "Test Cases": "{\n  \"requirement_analysis\": \"analysis\",\n  \"test_cases\": [\n    {\n      \"Test Title\": \"positive_radius_and_height\",\n      \"Input Data\": \"r=10, h=5\",\n      \"Expected Output\": \"314.15000000000003\"\n    },\n    {\n      \"Test Title\": \"negative_radius_and_height\",\n      \"Input Data\": \"r=-5, h=-10\",\n      \"Expected Output\": \"error_handling_expected_output\"\n    },\n    {\n      \"Test Title\": \"large_values\",\n      \"Input Data\": \"r=100000, h=50000\",\n      \"Expected Output\": \"expected_lateral_surface_area=2 * 3.14159 * 100000 * 50000\"\n    }\n  ]\n}",
    "Test Cases_prompt": "{\"Role\": \"You are a quality assurance engineer. Your duty is to revise the test cases based on the suggestions.\", \"Instruction\": \"1. Your colleague give you some suggestions(in the Context section) about the draft test cases, read these suggestions. 2. Revise your draft version test cases, but don't use long parameters. 3. Response in JSON format.\", \"Example\": \"{\\\"requirement analysis\\\":\\\"analysis\\\",\\\"test_cases\\\":[{\\\"Test Title\\\":\\\"title\\\", \\\"Input Data\\\":\\\"parameter1=[1,2,3],parameter2='123'\\\", \\\"Expected Output\\\":\\\"456\\\"},]}\", \"Context\": \"# Suggestions:\\n{\\n  \\\"Architect\\\": \\\"As an architect, I suggest revising the test cases to include boundary test cases, edge cases, and equivalence partitioning. We should also consider adding test cases for different units of measurement for radius and height, and for different data types for input data.\\\",\\n  \\\"Developer\\\": \\\"As a developer, I suggest revising the test cases to include more detailed steps for input data preparation and expected output verification. We should also consider adding test cases for handling invalid input data, such as non-numeric values or missing data.\\\"\\n}\\n # Draft Test cases:\\n{\\n  \\\"requirement_analysis\\\": \\\"analysis\\\",\\n  \\\"test_cases\\\": [\\n    {\\n      \\\"Test Title\\\": \\\"positive_radius_and_height\\\",\\n      \\\"Input Data\\\": \\\"radius=5, height=10\\\",\\n      \\\"Expected Output\\\": \\\"expected_lateral_surface_area=2 * 3.14159 * 5 * 10\\\"\\n    },\\n    {\\n      \\\"Test Title\\\": \\\"negative_radius_and_height\\\",\\n      \\\"Input Data\\\": \\\"radius=-5, height=-10\\\",\\n      \\\"Expected Output\\\": \\\"expected_lateral_surface_area=error_handling_expected_output\\\"\\n    },\\n    {\\n      \\\"Test Title\\\": \\\"large_values\\\",\\n      \\\"Input Data\\\": \\\"radius=100000, height=50000\\\",\\n      \\\"Expected Output\\\": \\\"expected_lateral_surface_area=2 * 3.14159 * 100000 * 50000\\\"\\n    }\\n  ]\\n}\", \"Question\": \"Follow the Instruction. Please make sure your response length are less than 512. Your test cases is for the below question:\\ndef lateralsuface_cylinder(r,h):\\n'''Write a function to find the lateral surface area of a cylinder.\\nassert math.isclose(lateralsuface_cylinder(10,5), 314.15000000000003, rel_tol=0.001)'''\\n\"}",
    "Code0": "def calculate_lateral_surface_area_cylinder(radius, height):\n    import math\n    if not (isinstance(radius, (int, float)) and isinstance(height, (int, float))):\n        raise ValueError(\"Invalid input. Please provide numeric values for radius and height\")\n\n    if radius < 0 or height < 0:\n        raise ValueError(\"Radius and height cannot be negative\")\n\n    lateral_surface_area = 2 * math.pi * radius * height\n    return lateral_surface_area\n\ndef test_lateral_surface_area_cylinder():\n    assert math.isclose(calculate_lateral_surface_area_cylinder(10,5), 314.15000000000003, rel_tol=0.001)\n    assert math.isclose(calculate_lateral_surface_area_cylinder(-5,-10), error_handling_expected_output, rel_tol=0.001)\n    assert calculate_lateral_surface_area_cylinder(100000,50000) == 2 * 3.14159 * 100000 * 50000\n\ntest_lateral_surface_area_cylinder()",
    "Code0_prompt": {
        "Role": "You are a professional software engineer. Your duty is to write code in Python that meets the requirements. Ensure that the code you write is efficient, readable, and follows best practices. Remember, do not need to explain the code you wrote.",
        "Instruction": "1. Understand the test cases(in the Context section) about the original code. 2. Rewrite your code, make sure your code pass all test cases.",
        "Example": "",
        "Context": "# Original Code:\ndef calculate_lateral_surface_area_cylinder(radius, height):\n    '''\n    Calculate the lateral surface area of a cylinder.\n    Args:\n    - radius: The radius of the cylinder\n    - height: The height of the cylinder\n    Returns:\n    - The calculated lateral surface area\n    '''\n    import math\n    if not (isinstance(radius, (int, float)) and isinstance(height, (int, float))):\n        raise ValueError(\"Invalid input. Please provide numeric values for radius and height\")\n\n    if radius < 0 or height < 0:\n        raise ValueError(\"Radius and height cannot be negative\")\n\n    lateral_surface_area = 2 * math.pi * radius * height\n    return lateral_surface_area\n\ndef test_lateral_surface_area_cylinder():\n    assert math.isclose(calculate_lateral_surface_area_cylinder(10,5), 314.15000000000003, rel_tol=0.001)\n    # Add more test cases here to cover different input scenarios\n\ntest_lateral_surface_area_cylinder()\n# Test Cases:\n{\n  \"requirement_analysis\": \"analysis\",\n  \"test_cases\": [\n    {\n      \"Test Title\": \"positive_radius_and_height\",\n      \"Input Data\": \"r=10, h=5\",\n      \"Expected Output\": \"314.15000000000003\"\n    },\n    {\n      \"Test Title\": \"negative_radius_and_height\",\n      \"Input Data\": \"r=-5, h=-10\",\n      \"Expected Output\": \"error_handling_expected_output\"\n    },\n    {\n      \"Test Title\": \"large_values\",\n      \"Input Data\": \"r=100000, h=50000\",\n      \"Expected Output\": \"expected_lateral_surface_area=2 * 3.14159 * 100000 * 50000\"\n    }\n  ]\n}",
        "Question": "def lateralsuface_cylinder(r,h):\n'''Write a function to find the lateral surface area of a cylinder.\nassert math.isclose(lateralsuface_cylinder(10,5), 314.15000000000003, rel_tol=0.001)'''\n"
    },
    "TestScriptOriginal": "import unittest\nimport math\n\ndef lateralsuface_cylinder(r, h):\n    return 2 * math.pi * r * h\n\nclass Test(unittest.TestCase):\n    def test_lateralsuface_cylinder(self):\n        self.assertAlmostEqual(lateralsuface_cylinder(10, 5), 314.15, places=2)\n\nif __name__ == '__main__':\n    unittest.main()",
    "TestScriptOriginal_prompt": "{\"Role\": \"You are a quality assurance engineer. Your duty is to write a python test script in unittest framework.\", \"Instruction\": \"1. Write a python test script. 2. Use the input and output given by the question.\", \"Example\": \"import unittest\\n\\nclass Test(unittest.TestCase):\\n    def test(self):\\n        self.assertEqual(function_under_test('a'), 1)\\n\\nif __name__ == '__main__':\\n    unittest.main()\", \"Context\": \"\", \"Question\": \"def lateralsuface_cylinder(r,h):\\n'''Write a function to find the lateral surface area of a cylinder.\\nassert math.isclose(lateralsuface_cylinder(10,5), 314.15000000000003, rel_tol=0.001)'''\\n\"}",
    "TestScript": "import unittest\nimport math\n\nclass Test(unittest.TestCase):\n    def test_lateralsuface_cylinder(self):\n        self.assertAlmostEqual(lateralsuface_cylinder(10, 5), 314.15, places=2)\n\nif __name__ == '__main__':\n    unittest.main()",
    "ScriptResult0": "Traceback (most recent call last):\n  File \"/Users/watch/PycharmProjects/XXXX-1-LLM/workspace/2024-03-11_09-33-43-555039/test_script.py\", line 17, in <module>\n    test_lateral_surface_area_cylinder()\n  File \"/Users/watch/PycharmProjects/XXXX-1-LLM/workspace/2024-03-11_09-33-43-555039/test_script.py\", line 13, in test_lateral_surface_area_cylinder\n    assert math.isclose(calculate_lateral_surface_area_cylinder(10,5), 314.15000000000003, rel_tol=0.001)\nNameError: name 'math' is not defined\n",
    "TestReport0": "Test Report:\n\n- The test script's output indicates a NameError, stating that 'math' is not defined. This error occurs when the 'math' module is not imported in the script.\n\n- The code has failed the test due to the NameError. The input and expected output example are as follows:\n  Input: calculate_lateral_surface_area_cylinder(10,5)\n  Expected Output: 314.15000000000003\n\nConclusion: Code Test Failed\n\nRecommendation: The 'math' module needs to be imported at the beginning of the script to resolve the NameError.\n\nNote: Once the above recommendation is implemented, the code should be retested to ensure it passes the test.",
    "SprintReview0": "[ScrumMaster]says: Here is our test Report: Test Report:\n\n- The test script's output indicates a NameError, stating that 'math' is not defined. This error occurs when the 'math' module is not imported in the script.\n\n- The code has failed the test due to the NameError. The input and expected output example are as follows:\n  Input: calculate_lateral_surface_area_cylinder(10,5)\n  Expected Output: 314.15000000000003\n\nConclusion: Code Test Failed\n\nRecommendation: The 'math' module needs to be imported at the beginning of the script to resolve the NameError.\n\nNote: Once the above recommendation is implemented, the code should be retested to ensure it passes the test., do you have any ideas?\n-----\n\n[ProductOwner]says: As a Product Owner, I recommend prioritizing the import of the 'math' module to resolve the NameError and ensure the code passes the test.\n-----\n\n[Architect]says: As an Architect, to resolve the NameError issue, we should include the 'import math' statement at the beginning of the script to ensure the 'math' module is available for use.\n-----\n\n[Developer]says: As a Developer, I will ensure to import the 'math' module at the beginning of the script to resolve the NameError and retest the code to ensure it passes the test.\n-----\n\n[Tester]says: As a Tester, I agree with the recommendation to import the 'math' module at the beginning of the script to resolve the NameError and ensure the code passes the test.\n-----\n\n[Architect]says: As an Architect, to resolve the NameError issue, we should include the 'import math' statement at the beginning of the script to ensure the 'math' module is available for use.\n-----\n\n[ProductOwner]says: As a Product Owner, I recommend prioritizing the import of the 'math' module to resolve the NameError and ensure the code passes the test.\n-----\n\n[Tester]says: As a Tester, I agree with the recommendation to import the 'math' module at the beginning of the script to resolve the NameError and ensure the code passes the test.\n-----\n\n[Developer]says: As a Developer, I will ensure to import the 'math' module at the beginning of the script to resolve the NameError and retest the code to ensure it passes the test.\n-----\n",
    "SprintReviewMeetings0": "{\n  \"product-owner\":[\"Prioritize the import of the 'math' module to resolve the NameError and ensure the code passes the test.\"],\n  \"architect\":[\"Include the 'import math' statement at the beginning of the script to ensure the 'math' module is available for use.\"],\n  \"developer\":[\"Ensure to import the 'math' module at the beginning of the script to resolve the NameError and retest the code to ensure it passes the test.\"],\n  \"tester\":[\"Agree with the recommendation to import the 'math' module at the beginning of the script to resolve the NameError and ensure the code passes the test.\"]\n}",
    "SprintReviewMeetings0_prompt": "{\"Role\": \"You are a professional scrum master. Your goal is to summary the Discussion History into a suggestions list for the scrum team.\", \"Instruction\": \"1. Read and Understand the Discussion History. 2. Summary the suggestions from four roles: product-owner/architect/developer/tester. 3. Response in JSON format.\", \"Example\": \"{\\\"product-owner\\\":[\\\"suggestion1\\\",\\\"suggestion2\\\"],\\\"architect\\\":[\\\"suggestion1\\\",\\\"suggestion2\\\"], \\\"developer\\\":[\\\"suggestion1\\\",\\\"suggestion2\\\"], \\\"tester\\\":[\\\"suggestion1\\\",\\\"suggestion2\\\"]}\", \"Context\": \"[ScrumMaster]says: Here is our test Report: Test Report:\\n\\n- The test script's output indicates a NameError, stating that 'math' is not defined. This error occurs when the 'math' module is not imported in the script.\\n\\n- The code has failed the test due to the NameError. The input and expected output example are as follows:\\n  Input: calculate_lateral_surface_area_cylinder(10,5)\\n  Expected Output: 314.15000000000003\\n\\nConclusion: Code Test Failed\\n\\nRecommendation: The 'math' module needs to be imported at the beginning of the script to resolve the NameError.\\n\\nNote: Once the above recommendation is implemented, the code should be retested to ensure it passes the test., do you have any ideas?\\n-----\\n\\n[ProductOwner]says: As a Product Owner, I recommend prioritizing the import of the 'math' module to resolve the NameError and ensure the code passes the test.\\n-----\\n\\n[Architect]says: As an Architect, to resolve the NameError issue, we should include the 'import math' statement at the beginning of the script to ensure the 'math' module is available for use.\\n-----\\n\\n[Developer]says: As a Developer, I will ensure to import the 'math' module at the beginning of the script to resolve the NameError and retest the code to ensure it passes the test.\\n-----\\n\\n[Tester]says: As a Tester, I agree with the recommendation to import the 'math' module at the beginning of the script to resolve the NameError and ensure the code passes the test.\\n-----\\n\\n[Architect]says: As an Architect, to resolve the NameError issue, we should include the 'import math' statement at the beginning of the script to ensure the 'math' module is available for use.\\n-----\\n\\n[ProductOwner]says: As a Product Owner, I recommend prioritizing the import of the 'math' module to resolve the NameError and ensure the code passes the test.\\n-----\\n\\n[Tester]says: As a Tester, I agree with the recommendation to import the 'math' module at the beginning of the script to resolve the NameError and ensure the code passes the test.\\n-----\\n\\n[Developer]says: As a Developer, I will ensure to import the 'math' module at the beginning of the script to resolve the NameError and retest the code to ensure it passes the test.\\n-----\\n\", \"Question\": \"Follow the Instruction section. The Discussion History is in the Context section. You only need to return a list as the Example section.\"}",
    "RepairResponse0": "{\n  \"revised_code\": \"import math\\n\\ndef calculate_lateral_surface_area_cylinder(radius, height):\\n    return 2 * math.pi * radius * height\"\n}",
    "RepairResponse0_prompt": {
        "Role": "You are a professional software engineer. Your duty is to write code in Python that meets the requirements. Ensure that the code you write is efficient, readable, and follows best practices. Remember, do not need to explain the code you wrote.",
        "Instruction": "1. Rewrite a bug fix version of the original code. 2. Response in JSON format.",
        "Example": "{\"revised_code\":\"...\"}",
        "Context": "# Test Report:\nTest Report:\n\n- The test script's output indicates a NameError, stating that 'math' is not defined. This error occurs when the 'math' module is not imported in the script.\n\n- The code has failed the test due to the NameError. The input and expected output example are as follows:\n  Input: calculate_lateral_surface_area_cylinder(10,5)\n  Expected Output: 314.15000000000003\n\nConclusion: Code Test Failed\n\nRecommendation: The 'math' module needs to be imported at the beginning of the script to resolve the NameError.\n\nNote: Once the above recommendation is implemented, the code should be retested to ensure it passes the test.# suggestions:\n{\"product-owner\": [\"Prioritize the import of the 'math' module to resolve the NameError and ensure the code passes the test.\"], \"architect\": [\"Include the 'import math' statement at the beginning of the script to ensure the 'math' module is available for use.\"], \"developer\": [\"Ensure to import the 'math' module at the beginning of the script to resolve the NameError and retest the code to ensure it passes the test.\"], \"tester\": [\"Agree with the recommendation to import the 'math' module at the beginning of the script to resolve the NameError and ensure the code passes the test.\"]}",
        "Question": "The original code has some bugs, according to the test report and suggestions, rewrite the code. Complete the following code:\ndef lateralsuface_cylinder(r,h):\n'''Write a function to find the lateral surface area of a cylinder.\nassert math.isclose(lateralsuface_cylinder(10,5), 314.15000000000003, rel_tol=0.001)'''\n"
    },
    "Code1": "import math\n\ndef calculate_lateral_surface_area_cylinder(radius, height):\n    return 2 * math.pi * radius * height",
    "ScriptResult1": "E\n======================================================================\nERROR: test_lateralsuface_cylinder (__main__.Test)\n----------------------------------------------------------------------\nTraceback (most recent call last):\n  File \"/Users/watch/PycharmProjects/XXXX-1-LLM/workspace/2024-03-11_09-33-43-555039/test_script.py\", line 10, in test_lateralsuface_cylinder\n    self.assertAlmostEqual(lateralsuface_cylinder(10, 5), 314.15, places=2)\nNameError: name 'lateralsuface_cylinder' is not defined\n\n----------------------------------------------------------------------\nRan 1 test in 0.000s\n\nFAILED (errors=1)\n",
    "TestReport1": "Test Report:\n\nTest Script's Output:\nE\n======================================================================\nERROR: test_lateralsuface_cylinder (__main__.Test)\n----------------------------------------------------------------------\nTraceback (most recent call last):\n  File \"/Users/watch/PycharmProjects/XXXX-1-LLM/workspace/2024-03-11_09-33-43-555039/test_script.py\", line 10, in test_lateralsuface_cylinder\n    self.assertAlmostEqual(lateralsuface_cylinder(10, 5), 314.15, places=2)\nNameError: name 'lateralsuface_cylinder' is not defined\n\n----------------------------------------------------------------------\nRan 1 test in 0.000s\n\nFAILED (errors=1)\n\nConclusion: Code Test Failed\n\nInput and Expected Output Example:\n- Input: radius = 10, height = 5\n- Expected Output: 314.15\n\nThe code failed the test due to the 'lateralsuface_cylinder' function not being defined. This caused the test to result in an error. The expected output of 314.15 was not achieved.\n\nEnd of Test Report.",
    "SprintReview1": "[ScrumMaster]says: Here is our test Report: Test Report:\n\nTest Script's Output:\nE\n======================================================================\nERROR: test_lateralsuface_cylinder (__main__.Test)\n----------------------------------------------------------------------\nTraceback (most recent call last):\n  File \"/Users/watch/PycharmProjects/XXXX-1-LLM/workspace/2024-03-11_09-33-43-555039/test_script.py\", line 10, in test_lateralsuface_cylinder\n    self.assertAlmostEqual(lateralsuface_cylinder(10, 5), 314.15, places=2)\nNameError: name 'lateralsuface_cylinder' is not defined\n\n----------------------------------------------------------------------\nRan 1 test in 0.000s\n\nFAILED (errors=1)\n\nConclusion: Code Test Failed\n\nInput and Expected Output Example:\n- Input: radius = 10, height = 5\n- Expected Output: 314.15\n\nThe code failed the test due to the 'lateralsuface_cylinder' function not being defined. This caused the test to result in an error. The expected output of 314.15 was not achieved.\n\nEnd of Test Report., do you have any ideas?\n-----\n\n[Tester]says: As a Tester, I suggest reviewing the code to ensure that the 'lateralsuface_cylinder' function is properly defined in order to pass the test.\n-----\n\n[Architect]says: As an architect, I think the first step is to define the 'lateralsuface_cylinder' function and ensure it is properly integrated into the code.\n-----\n\n[ProductOwner]says: As a ProductOwner, I think we need to prioritize fixing the 'lateralsuface_cylinder' function in order to pass the test and ensure the product's functionality.\n-----\n\n[Developer]says: As a Developer, I will make sure to define the 'lateralsuface_cylinder' function in order to pass the test and achieve the expected output of 314.15.\n-----\n\n[Architect]says: As an architect, I will work on defining the 'lateralsuface_cylinder' function and ensuring its proper integration into the code.\n-----\n\n[Tester]says: As a Tester, I suggest reviewing the code to ensure that the 'lateralsuface_cylinder' function is properly defined in order to pass the test.\n-----\n\n[ProductOwner]says: [ProductOwner] To create a product, we should prioritize fixing the 'lateralsuface_cylinder' function in order to pass the test and ensure the product's functionality.\n-----\n\n[Developer]says: As a Developer, I will make sure to define the 'lateralsuface_cylinder' function in order to pass the test and achieve the expected output of 314.15.\n-----\n",
    "SprintReviewMeetings1": "{\n  \"product-owner\":[\"I think we need to prioritize fixing the 'lateralsuface_cylinder' function in order to pass the test and ensure the product's functionality.\"],\n  \"architect\":[\"I think the first step is to define the 'lateralsuface_cylinder' function and ensure it is properly integrated into the code.\"],\n  \"developer\":[\"I will make sure to define the 'lateralsuface_cylinder' function in order to pass the test and achieve the expected output of 314.15.\"],\n  \"tester\":[\"I suggest reviewing the code to ensure that the 'lateralsuface_cylinder' function is properly defined in order to pass the test.\"]\n}",
    "SprintReviewMeetings1_prompt": "{\"Role\": \"You are a professional scrum master. Your goal is to summary the Discussion History into a suggestions list for the scrum team.\", \"Instruction\": \"1. Read and Understand the Discussion History. 2. Summary the suggestions from four roles: product-owner/architect/developer/tester. 3. Response in JSON format.\", \"Example\": \"{\\\"product-owner\\\":[\\\"suggestion1\\\",\\\"suggestion2\\\"],\\\"architect\\\":[\\\"suggestion1\\\",\\\"suggestion2\\\"], \\\"developer\\\":[\\\"suggestion1\\\",\\\"suggestion2\\\"], \\\"tester\\\":[\\\"suggestion1\\\",\\\"suggestion2\\\"]}\", \"Context\": \"[ScrumMaster]says: Here is our test Report: Test Report:\\n\\nTest Script's Output:\\nE\\n======================================================================\\nERROR: test_lateralsuface_cylinder (__main__.Test)\\n----------------------------------------------------------------------\\nTraceback (most recent call last):\\n  File \\\"/Users/watch/PycharmProjects/XXXX-1-LLM/workspace/2024-03-11_09-33-43-555039/test_script.py\\\", line 10, in test_lateralsuface_cylinder\\n    self.assertAlmostEqual(lateralsuface_cylinder(10, 5), 314.15, places=2)\\nNameError: name 'lateralsuface_cylinder' is not defined\\n\\n----------------------------------------------------------------------\\nRan 1 test in 0.000s\\n\\nFAILED (errors=1)\\n\\nConclusion: Code Test Failed\\n\\nInput and Expected Output Example:\\n- Input: radius = 10, height = 5\\n- Expected Output: 314.15\\n\\nThe code failed the test due to the 'lateralsuface_cylinder' function not being defined. This caused the test to result in an error. The expected output of 314.15 was not achieved.\\n\\nEnd of Test Report., do you have any ideas?\\n-----\\n\\n[Tester]says: As a Tester, I suggest reviewing the code to ensure that the 'lateralsuface_cylinder' function is properly defined in order to pass the test.\\n-----\\n\\n[Architect]says: As an architect, I think the first step is to define the 'lateralsuface_cylinder' function and ensure it is properly integrated into the code.\\n-----\\n\\n[ProductOwner]says: As a ProductOwner, I think we need to prioritize fixing the 'lateralsuface_cylinder' function in order to pass the test and ensure the product's functionality.\\n-----\\n\\n[Developer]says: As a Developer, I will make sure to define the 'lateralsuface_cylinder' function in order to pass the test and achieve the expected output of 314.15.\\n-----\\n\\n[Architect]says: As an architect, I will work on defining the 'lateralsuface_cylinder' function and ensuring its proper integration into the code.\\n-----\\n\\n[Tester]says: As a Tester, I suggest reviewing the code to ensure that the 'lateralsuface_cylinder' function is properly defined in order to pass the test.\\n-----\\n\\n[ProductOwner]says: [ProductOwner] To create a product, we should prioritize fixing the 'lateralsuface_cylinder' function in order to pass the test and ensure the product's functionality.\\n-----\\n\\n[Developer]says: As a Developer, I will make sure to define the 'lateralsuface_cylinder' function in order to pass the test and achieve the expected output of 314.15.\\n-----\\n\", \"Question\": \"Follow the Instruction section. The Discussion History is in the Context section. You only need to return a list as the Example section.\"}",
    "RepairResponse1": "{\n  \"revised_code\": \"import math\\n\\ndef lateralsuface_cylinder(r, h):\\n    return 2 * math.pi * r * h\"\n}",
    "RepairResponse1_prompt": {
        "Role": "You are a professional software engineer. Your duty is to write code in Python that meets the requirements. Ensure that the code you write is efficient, readable, and follows best practices. Remember, do not need to explain the code you wrote.",
        "Instruction": "1. Rewrite a bug fix version of the original code. 2. Response in JSON format.",
        "Example": "{\"revised_code\":\"...\"}",
        "Context": "# Test Report:\nTest Report:\n\nTest Script's Output:\nE\n======================================================================\nERROR: test_lateralsuface_cylinder (__main__.Test)\n----------------------------------------------------------------------\nTraceback (most recent call last):\n  File \"/Users/watch/PycharmProjects/XXXX-1-LLM/workspace/2024-03-11_09-33-43-555039/test_script.py\", line 10, in test_lateralsuface_cylinder\n    self.assertAlmostEqual(lateralsuface_cylinder(10, 5), 314.15, places=2)\nNameError: name 'lateralsuface_cylinder' is not defined\n\n----------------------------------------------------------------------\nRan 1 test in 0.000s\n\nFAILED (errors=1)\n\nConclusion: Code Test Failed\n\nInput and Expected Output Example:\n- Input: radius = 10, height = 5\n- Expected Output: 314.15\n\nThe code failed the test due to the 'lateralsuface_cylinder' function not being defined. This caused the test to result in an error. The expected output of 314.15 was not achieved.\n\nEnd of Test Report.# suggestions:\n{\"product-owner\": [\"I think we need to prioritize fixing the 'lateralsuface_cylinder' function in order to pass the test and ensure the product's functionality.\"], \"architect\": [\"I think the first step is to define the 'lateralsuface_cylinder' function and ensure it is properly integrated into the code.\"], \"developer\": [\"I will make sure to define the 'lateralsuface_cylinder' function in order to pass the test and achieve the expected output of 314.15.\"], \"tester\": [\"I suggest reviewing the code to ensure that the 'lateralsuface_cylinder' function is properly defined in order to pass the test.\"]}",
        "Question": "The original code has some bugs, according to the test report and suggestions, rewrite the code. Complete the following code:\ndef lateralsuface_cylinder(r,h):\n'''Write a function to find the lateral surface area of a cylinder.\nassert math.isclose(lateralsuface_cylinder(10,5), 314.15000000000003, rel_tol=0.001)'''\n"
    },
    "Code2": "import math\n\ndef lateralsuface_cylinder(r, h):\n    return 2 * math.pi * r * h",
    "ScriptResult2": "F\n======================================================================\nFAIL: test_lateralsuface_cylinder (__main__.Test)\n----------------------------------------------------------------------\nTraceback (most recent call last):\n  File \"/Users/watch/PycharmProjects/XXXX-1-LLM/workspace/2024-03-11_09-33-43-555039/test_script.py\", line 10, in test_lateralsuface_cylinder\n    self.assertAlmostEqual(lateralsuface_cylinder(10, 5), 314.15, places=2)\nAssertionError: 314.1592653589793 != 314.15 within 2 places (0.009265358979348548 difference)\n\n----------------------------------------------------------------------\nRan 1 test in 0.000s\n\nFAILED (failures=1)\n",
    "TestReport2": "Test Report:\n\nTest script's output:\nF\n======================================================================\nFAIL: test_lateralsuface_cylinder (__main__.Test)\n----------------------------------------------------------------------\nTraceback (most recent call last):\n  File \"/Users/watch/PycharmProjects/XXXX-1-LLM/workspace/2024-03-11_09-33-43-555039/test_script.py\", line 10, in test_lateralsuface_cylinder\n    self.assertAlmostEqual(lateralsuface_cylinder(10, 5), 314.15, places=2)\nAssertionError: 314.1592653589793 != 314.15 within 2 places (0.009265358979348548 difference)\n\n----------------------------------------------------------------------\nRan 1 test in 0.000s\n\nFAILED (failures=1)\n\nConclusion: Code Test Failed\n\nInput example: \nr = 10\nh = 5\n\nExpected output example:\n314.15\n\nThe test_lateralsuface_cylinder function failed as the actual output 314.1592653589793 does not match the expected output 314.15 within 2 places.\n\nRecommendation: Review and debug the lateralsuface_cylinder function to ensure it returns the correct output. Once the issue is fixed, rerun the test to validate the changes.\n\nEnd of Test Report.",
    "SprintReview2": "[ScrumMaster]says: Here is our test Report: Test Report:\n\nTest script's output:\nF\n======================================================================\nFAIL: test_lateralsuface_cylinder (__main__.Test)\n----------------------------------------------------------------------\nTraceback (most recent call last):\n  File \"/Users/watch/PycharmProjects/XXXX-1-LLM/workspace/2024-03-11_09-33-43-555039/test_script.py\", line 10, in test_lateralsuface_cylinder\n    self.assertAlmostEqual(lateralsuface_cylinder(10, 5), 314.15, places=2)\nAssertionError: 314.1592653589793 != 314.15 within 2 places (0.009265358979348548 difference)\n\n----------------------------------------------------------------------\nRan 1 test in 0.000s\n\nFAILED (failures=1)\n\nConclusion: Code Test Failed\n\nInput example: \nr = 10\nh = 5\n\nExpected output example:\n314.15\n\nThe test_lateralsuface_cylinder function failed as the actual output 314.1592653589793 does not match the expected output 314.15 within 2 places.\n\nRecommendation: Review and debug the lateralsuface_cylinder function to ensure it returns the correct output. Once the issue is fixed, rerun the test to validate the changes.\n\nEnd of Test Report., do you have any ideas?\n-----\n\n[Developer]says: As a Developer, I will review the test report and debug the lateralsuface_cylinder function to ensure it returns the correct output.\n-----\n\n[Tester]says: As a Tester, I recommend reviewing and debugging the lateralsuface_cylinder function to ensure it returns the correct output. Once the issue is fixed, rerun the test to validate the changes.\n-----\n\n[Architect]says: As an Architect, I recommend reviewing the lateralsuface_cylinder function to ensure it returns the correct output and debugging it to fix the issue.\n-----\n\n[ProductOwner]says: As the Product Owner, I think we should prioritize fixing the lateralsuface_cylinder function to ensure the correct output is returned.\n-----\n\n[Architect]says: As an Architect, I suggest reviewing and debugging the lateralsurface_cylinder function to ensure it returns the correct output and fixing the issue.\n-----\n\n[Developer]says: As a Developer, I will review the test report and debug the lateralsuface_cylinder function to ensure it returns the correct output.\n-----\n\n[Tester]says: As a Tester, I recommend reviewing and debugging the lateralsuface_cylinder function to ensure it returns the correct output. Once the issue is fixed, rerun the test to validate the changes.\n-----\n\n[ProductOwner]says: As the Product Owner, I think we should prioritize fixing the lateralsuface_cylinder function to ensure the correct output is returned.\n-----\n",
    "SprintReviewMeetings2": "{\n  \"product-owner\": [\n    \"I think we should prioritize fixing the lateralsuface_cylinder function to ensure the correct output is returned.\"\n  ],\n  \"architect\": [\n    \"I suggest reviewing and debugging the lateralsurface_cylinder function to ensure it returns the correct output and fixing the issue.\"\n  ],\n  \"developer\": [\n    \"I will review the test report and debug the lateralsuface_cylinder function to ensure it returns the correct output.\"\n  ],\n  \"tester\": [\n    \"I recommend reviewing and debugging the lateralsuface_cylinder function to ensure it returns the correct output. Once the issue is fixed, rerun the test to validate the changes.\"\n  ]\n}",
    "SprintReviewMeetings2_prompt": "{\"Role\": \"You are a professional scrum master. Your goal is to summary the Discussion History into a suggestions list for the scrum team.\", \"Instruction\": \"1. Read and Understand the Discussion History. 2. Summary the suggestions from four roles: product-owner/architect/developer/tester. 3. Response in JSON format.\", \"Example\": \"{\\\"product-owner\\\":[\\\"suggestion1\\\",\\\"suggestion2\\\"],\\\"architect\\\":[\\\"suggestion1\\\",\\\"suggestion2\\\"], \\\"developer\\\":[\\\"suggestion1\\\",\\\"suggestion2\\\"], \\\"tester\\\":[\\\"suggestion1\\\",\\\"suggestion2\\\"]}\", \"Context\": \"[ScrumMaster]says: Here is our test Report: Test Report:\\n\\nTest script's output:\\nF\\n======================================================================\\nFAIL: test_lateralsuface_cylinder (__main__.Test)\\n----------------------------------------------------------------------\\nTraceback (most recent call last):\\n  File \\\"/Users/watch/PycharmProjects/XXXX-1-LLM/workspace/2024-03-11_09-33-43-555039/test_script.py\\\", line 10, in test_lateralsuface_cylinder\\n    self.assertAlmostEqual(lateralsuface_cylinder(10, 5), 314.15, places=2)\\nAssertionError: 314.1592653589793 != 314.15 within 2 places (0.009265358979348548 difference)\\n\\n----------------------------------------------------------------------\\nRan 1 test in 0.000s\\n\\nFAILED (failures=1)\\n\\nConclusion: Code Test Failed\\n\\nInput example: \\nr = 10\\nh = 5\\n\\nExpected output example:\\n314.15\\n\\nThe test_lateralsuface_cylinder function failed as the actual output 314.1592653589793 does not match the expected output 314.15 within 2 places.\\n\\nRecommendation: Review and debug the lateralsuface_cylinder function to ensure it returns the correct output. Once the issue is fixed, rerun the test to validate the changes.\\n\\nEnd of Test Report., do you have any ideas?\\n-----\\n\\n[Developer]says: As a Developer, I will review the test report and debug the lateralsuface_cylinder function to ensure it returns the correct output.\\n-----\\n\\n[Tester]says: As a Tester, I recommend reviewing and debugging the lateralsuface_cylinder function to ensure it returns the correct output. Once the issue is fixed, rerun the test to validate the changes.\\n-----\\n\\n[Architect]says: As an Architect, I recommend reviewing the lateralsuface_cylinder function to ensure it returns the correct output and debugging it to fix the issue.\\n-----\\n\\n[ProductOwner]says: As the Product Owner, I think we should prioritize fixing the lateralsuface_cylinder function to ensure the correct output is returned.\\n-----\\n\\n[Architect]says: As an Architect, I suggest reviewing and debugging the lateralsurface_cylinder function to ensure it returns the correct output and fixing the issue.\\n-----\\n\\n[Developer]says: As a Developer, I will review the test report and debug the lateralsuface_cylinder function to ensure it returns the correct output.\\n-----\\n\\n[Tester]says: As a Tester, I recommend reviewing and debugging the lateralsuface_cylinder function to ensure it returns the correct output. Once the issue is fixed, rerun the test to validate the changes.\\n-----\\n\\n[ProductOwner]says: As the Product Owner, I think we should prioritize fixing the lateralsuface_cylinder function to ensure the correct output is returned.\\n-----\\n\", \"Question\": \"Follow the Instruction section. The Discussion History is in the Context section. You only need to return a list as the Example section.\"}",
    "RepairResponse2": "{\n  \"revised_code\": \"import math\\n\\ndef lateralsuface_cylinder(r, h):\\n    return 2 * math.pi * r * h\"\n}",
    "RepairResponse2_prompt": {
        "Role": "You are a professional software engineer. Your duty is to write code in Python that meets the requirements. Ensure that the code you write is efficient, readable, and follows best practices. Remember, do not need to explain the code you wrote.",
        "Instruction": "1. Rewrite a bug fix version of the original code. 2. Response in JSON format.",
        "Example": "{\"revised_code\":\"...\"}",
        "Context": "# Test Report:\nTest Report:\n\nTest script's output:\nF\n======================================================================\nFAIL: test_lateralsuface_cylinder (__main__.Test)\n----------------------------------------------------------------------\nTraceback (most recent call last):\n  File \"/Users/watch/PycharmProjects/XXXX-1-LLM/workspace/2024-03-11_09-33-43-555039/test_script.py\", line 10, in test_lateralsuface_cylinder\n    self.assertAlmostEqual(lateralsuface_cylinder(10, 5), 314.15, places=2)\nAssertionError: 314.1592653589793 != 314.15 within 2 places (0.009265358979348548 difference)\n\n----------------------------------------------------------------------\nRan 1 test in 0.000s\n\nFAILED (failures=1)\n\nConclusion: Code Test Failed\n\nInput example: \nr = 10\nh = 5\n\nExpected output example:\n314.15\n\nThe test_lateralsuface_cylinder function failed as the actual output 314.1592653589793 does not match the expected output 314.15 within 2 places.\n\nRecommendation: Review and debug the lateralsuface_cylinder function to ensure it returns the correct output. Once the issue is fixed, rerun the test to validate the changes.\n\nEnd of Test Report.# suggestions:\n{\"product-owner\": [\"I think we should prioritize fixing the lateralsuface_cylinder function to ensure the correct output is returned.\"], \"architect\": [\"I suggest reviewing and debugging the lateralsurface_cylinder function to ensure it returns the correct output and fixing the issue.\"], \"developer\": [\"I will review the test report and debug the lateralsuface_cylinder function to ensure it returns the correct output.\"], \"tester\": [\"I recommend reviewing and debugging the lateralsuface_cylinder function to ensure it returns the correct output. Once the issue is fixed, rerun the test to validate the changes.\"]}",
        "Question": "The original code has some bugs, according to the test report and suggestions, rewrite the code. Complete the following code:\ndef lateralsuface_cylinder(r,h):\n'''Write a function to find the lateral surface area of a cylinder.\nassert math.isclose(lateralsuface_cylinder(10,5), 314.15000000000003, rel_tol=0.001)'''\n"
    }
}