{
    "start_time": "2024-03-11_10-34-49-434972",
    "task": "def cube_Sum(n): \n'''Write a python function to find the cube sum of first n even natural numbers.\nassert cube_Sum(2) == 72'''\n",
    "datetime": {
        "task": "2024-03-11 10:34:49",
        "task-id": "2024-03-11 10:34:49",
        "workflow": "2024-03-11 10:34:49",
        "Discussion": "2024-03-11 10:34:50",
        "DisorderedSprintMeetings": "2024-03-11 10:34:52",
        "UserStoryDraft0": "2024-03-11 10:34:53",
        "AnalyzeMeetings": "2024-03-11 10:34:55",
        "UserStory0": "2024-03-11 10:34:56",
        "CodeDraft0": "2024-03-11 10:34:57",
        "CodeReviewMeetings0": "2024-03-11 10:34:59",
        "Code0CR": "2024-03-11 10:35:00",
        "FinalCode": "2024-03-11 10:35:15",
        "Test Cases Draft": "2024-03-11 10:35:02",
        "Test Cases Meetings": "2024-03-11 10:35:03",
        "Test Cases": "2024-03-11 10:35:05",
        "Code0": "2024-03-11 10:35:06",
        "TestScriptOriginal": "2024-03-11 10:35:07",
        "TestScript": "2024-03-11 10:35:07",
        "ScriptResult0": "2024-03-11 10:35:07",
        "TestReport0": "2024-03-11 10:35:10",
        "SprintReview0": "2024-03-11 10:35:11",
        "SprintReviewMeetings0": "2024-03-11 10:35:13",
        "RepairResponse0": "2024-03-11 10:35:15",
        "Code1": "2024-03-11 10:35:15",
        "ScriptResult1": "2024-03-11 10:35:15",
        "TestReport1": "2024-03-11 10:35:19",
        "SprintReview1": "2024-03-11 10:35:20",
        "SprintReviewMeetings1": "2024-03-11 10:35:24",
        "RepairResponse1": "2024-03-11 10:35:28"
    },
    "task-id": 420,
    "workflow": "agile/agile_version_0.0.5_remove.json",
    "Discussion": "[ScrumMaster]says: We have a job: def cube_Sum(n): \n'''Write a python function to find the cube sum of first n even natural numbers.\nassert cube_Sum(2) == 72'''\n, do you have any ideas?\n-----\n\n[ProductOwner]says: As a Product Owner, I think we should consider the user experience and performance requirements for the function.\n-----\n\n[Developer]says: As a Developer, I think we can start by creating a function that iterates through the first n even natural numbers and calculates their cube sum.\n-----\n\n[Tester]says: As a Tester, I would suggest writing test cases to cover different scenarios for the cube_Sum function to ensure it handles all cases correctly.\n-----\n\n[Architect]says: As an Architect, I think the first step is to define the overall architecture and design of the function to efficiently calculate the cube sum of the first n even natural numbers.\n-----\n\n[ProductOwner]says: [ProductOwner] To create a product, we should prioritize the user experience and ensure that the function meets performance requirements. Let's discuss how we can achieve these goals.\n-----\n\n[Developer]says: As a Developer, I believe we should focus on optimizing the algorithm for calculating the cube sum to meet the performance requirements.\n-----\n\n[Architect]says: As an Architect, I will define the overall architecture and design of the function to efficiently calculate the cube sum of the first n even natural numbers.\n-----\n\n[Tester]says: As a Tester, I would suggest writing test cases to cover different scenarios for the cube_Sum function to ensure it handles all cases correctly.\n-----\n",
    "DisorderedSprintMeetings": "{\n  \"product-owner\": [\n    \"Consider user experience and performance requirements for the function\",\n    \"Prioritize user experience and ensure the function meets performance requirements\"\n  ],\n  \"architect\": [\n    \"Define the overall architecture and design of the function to efficiently calculate the cube sum of the first n even natural numbers\"\n  ],\n  \"developer\": [\n    \"Create a function that iterates through the first n even natural numbers and calculates their cube sum\",\n    \"Focus on optimizing the algorithm for calculating the cube sum to meet the performance requirements\"\n  ],\n  \"tester\": [\n    \"Write test cases to cover different scenarios for the cube_Sum function to ensure it handles all cases correctly\"\n  ]\n}",
    "DisorderedSprintMeetings_prompt": "{\"Role\": \"You are a professional scrum master. Your goal is to breakdown the Discussion History into a task list for the scrum team.\", \"Instruction\": \"1. Read and Understand the Discussion History. 2. Define the tasks for four roles: product-owner/architect/developer/tester. 3. Response in JSON format.\", \"Example\": \"{\\\"product-owner\\\":[\\\"task1\\\",\\\"task2\\\"],\\\"architect\\\":[\\\"task1\\\",\\\"task2\\\"], \\\"developer\\\":[\\\"task1\\\",\\\"task2\\\"], \\\"tester\\\":[\\\"task1\\\",\\\"task2\\\"]}\", \"Context\": \"[ScrumMaster]says: We have a job: def cube_Sum(n): \\n'''Write a python function to find the cube sum of first n even natural numbers.\\nassert cube_Sum(2) == 72'''\\n, do you have any ideas?\\n-----\\n\\n[ProductOwner]says: As a Product Owner, I think we should consider the user experience and performance requirements for the function.\\n-----\\n\\n[Developer]says: As a Developer, I think we can start by creating a function that iterates through the first n even natural numbers and calculates their cube sum.\\n-----\\n\\n[Tester]says: As a Tester, I would suggest writing test cases to cover different scenarios for the cube_Sum function to ensure it handles all cases correctly.\\n-----\\n\\n[Architect]says: As an Architect, I think the first step is to define the overall architecture and design of the function to efficiently calculate the cube sum of the first n even natural numbers.\\n-----\\n\\n[ProductOwner]says: [ProductOwner] To create a product, we should prioritize the user experience and ensure that the function meets performance requirements. Let's discuss how we can achieve these goals.\\n-----\\n\\n[Developer]says: As a Developer, I believe we should focus on optimizing the algorithm for calculating the cube sum to meet the performance requirements.\\n-----\\n\\n[Architect]says: As an Architect, I will define the overall architecture and design of the function to efficiently calculate the cube sum of the first n even natural numbers.\\n-----\\n\\n[Tester]says: As a Tester, I would suggest writing test cases to cover different scenarios for the cube_Sum function to ensure it handles all cases correctly.\\n-----\\n\", \"Question\": \"Follow the Instruction section. The Discussion History is in the Context section. You only need to return a task list as the Example section.\"}",
    "UserStoryDraft0": "{\n  \"UserStory\": \"As a product owner, I want to ensure that there is a python function to find the cube sum of the first n even natural numbers, in order to prioritize user experience and ensure the function meets performance requirements.\"\n}",
    "UserStoryDraft0_prompt": "{\"Role\": \"You need to act as a professional product owner. Your task is to write a UserStory\", \"Instruction\": \"According to the Context, please analyze the requirement and write your response. Response in JSON format. Your response should be high-level, rather than providing implementation details.\", \"Example\": \"\", \"Context\": [\"Consider user experience and performance requirements for the function\", \"Prioritize user experience and ensure the function meets performance requirements\"], \"Question\": \"Follow the Instruction. The requirement is as follows:\\ndef cube_Sum(n): \\n'''Write a python function to find the cube sum of first n even natural numbers.\\nassert cube_Sum(2) == 72'''\\n\"}",
    "AnalyzeMeetings": "{\n  \"Architect\": \"I suggest using a generator function to efficiently generate the first n even natural numbers and then creating a separate function to calculate the cube sum. This will help improve the performance and modularity of the code.\",\n  \"Tester\": \"I recommend writing test cases to cover different scenarios, such as when n is 0, when n is a large number, and when n is a negative number. Also, we should test the performance of the function with large inputs to ensure it meets the performance requirements.\"\n}",
    "UserStory0": "{\n  \"RevisedDocument\": {\n    \"UserStory\": \"As a product owner, I want to ensure that there is a python function to efficiently generate the first n even natural numbers and then calculate the cube sum. This is to prioritize user experience and ensure the function meets performance requirements.\",\n    \"SuggestedActions\": {\n      \"Architect\": \"Using a generator function to efficiently generate the first n even natural numbers and then creating a separate function to calculate the cube sum will help improve the performance and modularity of the code.\",\n      \"Tester\": \"We should write test cases to cover different scenarios, such as when n is 0, a large number, or a negative number. Additionally, testing the performance of the function with large inputs is necessary to ensure it meets the performance requirements.\"\n    }\n  }\n}",
    "UserStory0_prompt": {
        "Role": "You need to act as a professional product owner. Your duty is to revise the document based on the suggestions.",
        "Instruction": "1. Read the suggestions. 2. Revise your draft version document. 3. Response in JSON format. 4. REMEMBER: Your analysis should be high-level, rather than providing implementation details.",
        "Example": "",
        "Context": "# Suggestion:\n{\n  \"Architect\": \"I suggest using a generator function to efficiently generate the first n even natural numbers and then creating a separate function to calculate the cube sum. This will help improve the performance and modularity of the code.\",\n  \"Tester\": \"I recommend writing test cases to cover different scenarios, such as when n is 0, when n is a large number, and when n is a negative number. Also, we should test the performance of the function with large inputs to ensure it meets the performance requirements.\"\n}",
        "Question": "Follow the Instruction. Your colleague give you some suggestions(in the Context section) about this draft document:{\n  \"UserStory\": \"As a product owner, I want to ensure that there is a python function to find the cube sum of the first n even natural numbers, in order to prioritize user experience and ensure the function meets performance requirements.\"\n}"
    },
    "CodeDraft0": "def cube_Sum(n):\n    cube_sum = 0\n    for i in range(1, 2*n+1):\n        cube_sum += (2*i) ** 3\n    return cube_sum",
    "CodeDraft0_prompt": {
        "Role": "You are a professional engineer. Your duty is to write code in Python that meets the requirements. Ensure that the code you write is efficient, readable, and follows best practices. Remember, do not need to explain the code you wrote.",
        "Instruction": "According to the Context section, write your code.",
        "Example": "",
        "Context": "# Tasks:\n['Create a function that iterates through the first n even natural numbers and calculates their cube sum', 'Focus on optimizing the algorithm for calculating the cube sum to meet the performance requirements']",
        "Question": "Follow the Instruction section. Complete the following code:\ndef cube_Sum(n): \n'''Write a python function to find the cube sum of first n even natural numbers.\nassert cube_Sum(2) == 72'''\n"
    },
    "CodeReviewMeetings0": "{\n  \"Architect\": \"The variable names could be more descriptive to improve readability. Consider renaming 'cube_sum' to 'total_cube_sum'. Also, consider adding comments to explain the purpose of the code and the logic behind it.\",\n  \"Tester\": \"Test the function with different values of 'n' to ensure that it returns the correct cube sum. Also, consider adding edge cases such as negative values of 'n' or zero to check for robustness of the code.\"\n}",
    "Code0CR": "def cube_sum(n):\n    '''\n    Write a python function to find the cube sum of the first n even natural numbers.\n    assert cube_sum(2) == 24\n    '''\n    total_cube_sum = 0\n    for i in range(1, n*2 + 1):\n        total_cube_sum += (i*2)**3\n    return total_cube_sum",
    "Code0CR_prompt": "{\"Role\": \"You are a professional software engineer. Your duty is to write code in Python that meets the requirements. Ensure that the code you write is efficient, readable, and follows best practices. Remember, do not need to explain the code you wrote.\", \"Instruction\": \"1. Understand the suggestions(in the Context section) about the original code. 2. Rewrite your code.\", \"Example\": \"\", \"Context\": \"# Tasks:\\n['Create a function that iterates through the first n even natural numbers and calculates their cube sum', 'Focus on optimizing the algorithm for calculating the cube sum to meet the performance requirements']\\n# Suggestions:\\n{\\n  \\\"Architect\\\": \\\"The variable names could be more descriptive to improve readability. Consider renaming 'cube_sum' to 'total_cube_sum'. Also, consider adding comments to explain the purpose of the code and the logic behind it.\\\",\\n  \\\"Tester\\\": \\\"Test the function with different values of 'n' to ensure that it returns the correct cube sum. Also, consider adding edge cases such as negative values of 'n' or zero to check for robustness of the code.\\\"\\n}\", \"Question\": \"Follow the Instruction section. Complete the following code:\\ndef cube_Sum(n): \\n'''Write a python function to find the cube sum of first n even natural numbers.\\nassert cube_Sum(2) == 72'''\\n\"}",
    "FinalCode": "def cube_Sum(n):\n    total_cube_sum = 0\n    for i in range(1, n*2 + 1):\n        total_cube_sum += (i*2)**3\n    return total_cube_sum",
    "Test Cases Draft": "{\n  \"test_cases\": [\n    {\n      \"Test Title\": \"n equals 0\",\n      \"Input Data\": \"n=0\",\n      \"Expected Output\": \"0\"\n    },\n    {\n      \"Test Title\": \"n is a large number\",\n      \"Input Data\": \"n=1000\",\n      \"Expected Output\": \"567000000\"\n    },\n    {\n      \"Test Title\": \"n is a negative number\",\n      \"Input Data\": \"n=-5\",\n      \"Expected Output\": \"0\"\n    }\n  ]\n}",
    "Test Cases Draft_prompt": "{\"Role\": \"You are a quality assurance engineer. Your duty is to design test cases for the developers.\", \"Instruction\": \"According to the Context section, write test cases. Don't write long strings in your test cases. Response in JSON format.\", \"Example\": \"{\\\"requirement analysis\\\":\\\"analysis\\\",\\\"test_cases\\\":[{\\\"Test Title\\\":\\\"title\\\", \\\"Input Data\\\":\\\"parameter1=[1,2,3],parameter2='123'\\\", \\\"Expected Output\\\":\\\"456\\\"},]}\", \"Context\": \"# UsrtStory:\\n{\\n  \\\"RevisedDocument\\\": {\\n    \\\"UserStory\\\": \\\"As a product owner, I want to ensure that there is a python function to efficiently generate the first n even natural numbers and then calculate the cube sum. This is to prioritize user experience and ensure the function meets performance requirements.\\\",\\n    \\\"SuggestedActions\\\": {\\n      \\\"Architect\\\": \\\"Using a generator function to efficiently generate the first n even natural numbers and then creating a separate function to calculate the cube sum will help improve the performance and modularity of the code.\\\",\\n      \\\"Tester\\\": \\\"We should write test cases to cover different scenarios, such as when n is 0, a large number, or a negative number. Additionally, testing the performance of the function with large inputs is necessary to ensure it meets the performance requirements.\\\"\\n    }\\n  }\\n}\\n# Tasks:\\n['Write test cases to cover different scenarios for the cube_Sum function to ensure it handles all cases correctly']\\n\", \"Question\": \"def cube_Sum(n): \\n'''Write a python function to find the cube sum of first n even natural numbers.\\nassert cube_Sum(2) == 72'''\\n\"}",
    "Test Cases Meetings": "{\n  \"Architect\": \"As an architect, I suggest adding additional test cases to cover edge cases such as n=1, n=1000000, and n=-1000 to ensure comprehensive test coverage. It's also important to consider boundary conditions and error handling scenarios in the test cases.\",\n  \"Developer\": \"As a developer, I recommend revising the test cases to include more descriptive test titles that clearly indicate the purpose of each test case. Additionally, it would be helpful to include a section for preconditions or setup steps required for each test case to ensure reproducibility and consistency in test execution.\"\n}",
    "Test Cases": "{\n  \"test_cases\": [\n    {\n      \"Test Title\": \"n equals 1\",\n      \"Input Data\": \"n=1\",\n      \"Expected Output\": \"8\"\n    },\n    {\n      \"Test Title\": \"n equals 1000000\",\n      \"Input Data\": \"n=1000000\",\n      \"Expected Output\": \"666667000000000000000000\"\n    },\n    {\n      \"Test Title\": \"n is a negative number\",\n      \"Input Data\": \"n=-1000\",\n      \"Expected Output\": \"0\"\n    }\n  ]\n}",
    "Test Cases_prompt": "{\"Role\": \"You are a quality assurance engineer. Your duty is to revise the test cases based on the suggestions.\", \"Instruction\": \"1. Your colleague give you some suggestions(in the Context section) about the draft test cases, read these suggestions. 2. Revise your draft version test cases, but don't use long parameters. 3. Response in JSON format.\", \"Example\": \"{\\\"requirement analysis\\\":\\\"analysis\\\",\\\"test_cases\\\":[{\\\"Test Title\\\":\\\"title\\\", \\\"Input Data\\\":\\\"parameter1=[1,2,3],parameter2='123'\\\", \\\"Expected Output\\\":\\\"456\\\"},]}\", \"Context\": \"# Suggestions:\\n{\\n  \\\"Architect\\\": \\\"As an architect, I suggest adding additional test cases to cover edge cases such as n=1, n=1000000, and n=-1000 to ensure comprehensive test coverage. It's also important to consider boundary conditions and error handling scenarios in the test cases.\\\",\\n  \\\"Developer\\\": \\\"As a developer, I recommend revising the test cases to include more descriptive test titles that clearly indicate the purpose of each test case. Additionally, it would be helpful to include a section for preconditions or setup steps required for each test case to ensure reproducibility and consistency in test execution.\\\"\\n}\\n # Draft Test cases:\\n{\\n  \\\"test_cases\\\": [\\n    {\\n      \\\"Test Title\\\": \\\"n equals 0\\\",\\n      \\\"Input Data\\\": \\\"n=0\\\",\\n      \\\"Expected Output\\\": \\\"0\\\"\\n    },\\n    {\\n      \\\"Test Title\\\": \\\"n is a large number\\\",\\n      \\\"Input Data\\\": \\\"n=1000\\\",\\n      \\\"Expected Output\\\": \\\"567000000\\\"\\n    },\\n    {\\n      \\\"Test Title\\\": \\\"n is a negative number\\\",\\n      \\\"Input Data\\\": \\\"n=-5\\\",\\n      \\\"Expected Output\\\": \\\"0\\\"\\n    }\\n  ]\\n}\", \"Question\": \"Follow the Instruction. Please make sure your response length are less than 512. Your test cases is for the below question:\\ndef cube_Sum(n): \\n'''Write a python function to find the cube sum of first n even natural numbers.\\nassert cube_Sum(2) == 72'''\\n\"}",
    "Code0": "def cube_sum(n):\n    total_cube_sum = 0\n    for i in range(1, n*2 + 1):\n        total_cube_sum += (i*2)**3\n    return total_cube_sum",
    "Code0_prompt": {
        "Role": "You are a professional software engineer. Your duty is to write code in Python that meets the requirements. Ensure that the code you write is efficient, readable, and follows best practices. Remember, do not need to explain the code you wrote.",
        "Instruction": "1. Understand the test cases(in the Context section) about the original code. 2. Rewrite your code, make sure your code pass all test cases.",
        "Example": "",
        "Context": "# Original Code:\ndef cube_sum(n):\n    '''\n    Write a python function to find the cube sum of the first n even natural numbers.\n    assert cube_sum(2) == 24\n    '''\n    total_cube_sum = 0\n    for i in range(1, n*2 + 1):\n        total_cube_sum += (i*2)**3\n    return total_cube_sum\n# Test Cases:\n{\n  \"test_cases\": [\n    {\n      \"Test Title\": \"n equals 1\",\n      \"Input Data\": \"n=1\",\n      \"Expected Output\": \"8\"\n    },\n    {\n      \"Test Title\": \"n equals 1000000\",\n      \"Input Data\": \"n=1000000\",\n      \"Expected Output\": \"666667000000000000000000\"\n    },\n    {\n      \"Test Title\": \"n is a negative number\",\n      \"Input Data\": \"n=-1000\",\n      \"Expected Output\": \"0\"\n    }\n  ]\n}",
        "Question": "def cube_Sum(n): \n'''Write a python function to find the cube sum of first n even natural numbers.\nassert cube_Sum(2) == 72'''\n"
    },
    "TestScriptOriginal": "import unittest\n\ndef cube_Sum(n):\n    # Write your code here to find the cube sum of first n even natural numbers\n    sum = 0\n    for i in range(1, n*2+1, 2):\n        sum += i**3\n    return sum\n\nclass Test(unittest.TestCase):\n    def test(self):\n        self.assertEqual(cube_Sum(2), 72)\n\nif __name__ == '__main__':\n    unittest.main()",
    "TestScriptOriginal_prompt": "{\"Role\": \"You are a quality assurance engineer. Your duty is to write a python test script in unittest framework.\", \"Instruction\": \"1. Write a python test script. 2. Use the input and output given by the question.\", \"Example\": \"import unittest\\n\\nclass Test(unittest.TestCase):\\n    def test(self):\\n        self.assertEqual(function_under_test('a'), 1)\\n\\nif __name__ == '__main__':\\n    unittest.main()\", \"Context\": \"\", \"Question\": \"def cube_Sum(n): \\n'''Write a python function to find the cube sum of first n even natural numbers.\\nassert cube_Sum(2) == 72'''\\n\"}",
    "TestScript": "import unittest\n\nclass Test(unittest.TestCase):\n    def test(self):\n        self.assertEqual(cube_Sum(2), 72)\n\nif __name__ == '__main__':\n    unittest.main()",
    "ScriptResult0": "E\n======================================================================\nERROR: test (__main__.Test)\n----------------------------------------------------------------------\nTraceback (most recent call last):\n  File \"/Users/watch/PycharmProjects/XXXX-1-LLM/workspace/2024-03-11_10-34-49-434972/test_script.py\", line 10, in test\n    self.assertEqual(cube_Sum(2), 72)\nNameError: name 'cube_Sum' is not defined\n\n----------------------------------------------------------------------\nRan 1 test in 0.000s\n\nFAILED (errors=1)\n",
    "TestReport0": "Test Report:\n\nTest script's output:\nE\n======================================================================\nERROR: test (__main__.Test)\n----------------------------------------------------------------------\nTraceback (most recent call last):\n  File \"/Users/watch/PycharmProjects/XXXX-1-LLM/workspace/2024-03-11_10-34-49-434972/test_script.py\", line 10, in test\n    self.assertEqual(cube_Sum(2), 72)\nNameError: name 'cube_Sum' is not defined\n\n----------------------------------------------------------------------\nRan 1 test in 0.000s\n\nFAILED (errors=1)\n\nConclusion: \nThe code has failed the test due to a NameError. The 'cube_Sum' function is not defined. \n\nInput and Expected Output Example:\ndef cube_sum(n):\n    total_cube_sum = 0\n    for i in range(1, n*2 + 1):\n        total_cube_sum += (i*2)**3\n    return total_cube_sum\n\nCode Test Failed.",
    "SprintReview0": "[ScrumMaster]says: Here is our test Report: Test Report:\n\nTest script's output:\nE\n======================================================================\nERROR: test (__main__.Test)\n----------------------------------------------------------------------\nTraceback (most recent call last):\n  File \"/Users/watch/PycharmProjects/XXXX-1-LLM/workspace/2024-03-11_10-34-49-434972/test_script.py\", line 10, in test\n    self.assertEqual(cube_Sum(2), 72)\nNameError: name 'cube_Sum' is not defined\n\n----------------------------------------------------------------------\nRan 1 test in 0.000s\n\nFAILED (errors=1)\n\nConclusion: \nThe code has failed the test due to a NameError. The 'cube_Sum' function is not defined. \n\nInput and Expected Output Example:\ndef cube_sum(n):\n    total_cube_sum = 0\n    for i in range(1, n*2 + 1):\n        total_cube_sum += (i*2)**3\n    return total_cube_sum\n\nCode Test Failed., do you have any ideas?\n-----\n\n[Developer]says: As a Developer, I think we should define the cube_Sum function before running the test script.\n-----\n\n[Tester]says: As a Tester, I suggest reviewing the code to ensure that the 'cube_Sum' function is properly defined and called within the test script.\n-----\n\n[Architect]says: As an architect, I suggest reviewing the code to ensure that the 'cube_sum' function is correctly defined and called in the test script.\n-----\n\n[ProductOwner]says: As a Product Owner, I believe we need to prioritize defining the 'cube_Sum' function and ensuring it is integrated into the code for successful testing and product development.\n-----\n\n[Developer]says: [Developer] I will work on defining the cube_Sum function before running the test script.\n-----\n\n[Tester]says: As a Tester, I suggest reviewing the code to ensure that the 'cube_Sum' function is properly defined and called within the test script.\n-----\n\n[Architect]says: As an architect, I suggest reviewing the code to ensure that the 'cube_sum' function is correctly defined and called in the test script.\n-----\n\n[ProductOwner]says: [ProductOwner] To create a product, we should prioritize defining the 'cube_Sum' function and ensuring it is integrated into the code for successful testing and product development.\n-----\n",
    "SprintReviewMeetings0": "{\n  \"product-owner\": [\"We need to prioritize defining the 'cube_Sum' function and ensuring it is integrated into the code for successful testing and product development.\"],\n  \"architect\": [\"Review the code to ensure that the 'cube_sum' function is correctly defined and called in the test script.\"],\n  \"developer\": [\"Define the cube_Sum function before running the test script.\"],\n  \"tester\": [\"Review the code to ensure that the 'cube_Sum' function is properly defined and called within the test script.\"]\n}",
    "SprintReviewMeetings0_prompt": "{\"Role\": \"You are a professional scrum master. Your goal is to summary the Discussion History into a suggestions list for the scrum team.\", \"Instruction\": \"1. Read and Understand the Discussion History. 2. Summary the suggestions from four roles: product-owner/architect/developer/tester. 3. Response in JSON format.\", \"Example\": \"{\\\"product-owner\\\":[\\\"suggestion1\\\",\\\"suggestion2\\\"],\\\"architect\\\":[\\\"suggestion1\\\",\\\"suggestion2\\\"], \\\"developer\\\":[\\\"suggestion1\\\",\\\"suggestion2\\\"], \\\"tester\\\":[\\\"suggestion1\\\",\\\"suggestion2\\\"]}\", \"Context\": \"[ScrumMaster]says: Here is our test Report: Test Report:\\n\\nTest script's output:\\nE\\n======================================================================\\nERROR: test (__main__.Test)\\n----------------------------------------------------------------------\\nTraceback (most recent call last):\\n  File \\\"/Users/watch/PycharmProjects/XXXX-1-LLM/workspace/2024-03-11_10-34-49-434972/test_script.py\\\", line 10, in test\\n    self.assertEqual(cube_Sum(2), 72)\\nNameError: name 'cube_Sum' is not defined\\n\\n----------------------------------------------------------------------\\nRan 1 test in 0.000s\\n\\nFAILED (errors=1)\\n\\nConclusion: \\nThe code has failed the test due to a NameError. The 'cube_Sum' function is not defined. \\n\\nInput and Expected Output Example:\\ndef cube_sum(n):\\n    total_cube_sum = 0\\n    for i in range(1, n*2 + 1):\\n        total_cube_sum += (i*2)**3\\n    return total_cube_sum\\n\\nCode Test Failed., do you have any ideas?\\n-----\\n\\n[Developer]says: As a Developer, I think we should define the cube_Sum function before running the test script.\\n-----\\n\\n[Tester]says: As a Tester, I suggest reviewing the code to ensure that the 'cube_Sum' function is properly defined and called within the test script.\\n-----\\n\\n[Architect]says: As an architect, I suggest reviewing the code to ensure that the 'cube_sum' function is correctly defined and called in the test script.\\n-----\\n\\n[ProductOwner]says: As a Product Owner, I believe we need to prioritize defining the 'cube_Sum' function and ensuring it is integrated into the code for successful testing and product development.\\n-----\\n\\n[Developer]says: [Developer] I will work on defining the cube_Sum function before running the test script.\\n-----\\n\\n[Tester]says: As a Tester, I suggest reviewing the code to ensure that the 'cube_Sum' function is properly defined and called within the test script.\\n-----\\n\\n[Architect]says: As an architect, I suggest reviewing the code to ensure that the 'cube_sum' function is correctly defined and called in the test script.\\n-----\\n\\n[ProductOwner]says: [ProductOwner] To create a product, we should prioritize defining the 'cube_Sum' function and ensuring it is integrated into the code for successful testing and product development.\\n-----\\n\", \"Question\": \"Follow the Instruction section. The Discussion History is in the Context section. You only need to return a list as the Example section.\"}",
    "RepairResponse0": "{\n  \"revised_code\": \"def cube_Sum(n):\\n    total_cube_sum = 0\\n    for i in range(1, n*2 + 1):\\n        total_cube_sum += (i*2)**3\\n    return total_cube_sum\"\n}",
    "RepairResponse0_prompt": {
        "Role": "You are a professional software engineer. Your duty is to write code in Python that meets the requirements. Ensure that the code you write is efficient, readable, and follows best practices. Remember, do not need to explain the code you wrote.",
        "Instruction": "1. Rewrite a bug fix version of the original code. 2. Response in JSON format.",
        "Example": "{\"revised_code\":\"...\"}",
        "Context": "# Test Report:\nTest Report:\n\nTest script's output:\nE\n======================================================================\nERROR: test (__main__.Test)\n----------------------------------------------------------------------\nTraceback (most recent call last):\n  File \"/Users/watch/PycharmProjects/XXXX-1-LLM/workspace/2024-03-11_10-34-49-434972/test_script.py\", line 10, in test\n    self.assertEqual(cube_Sum(2), 72)\nNameError: name 'cube_Sum' is not defined\n\n----------------------------------------------------------------------\nRan 1 test in 0.000s\n\nFAILED (errors=1)\n\nConclusion: \nThe code has failed the test due to a NameError. The 'cube_Sum' function is not defined. \n\nInput and Expected Output Example:\ndef cube_sum(n):\n    total_cube_sum = 0\n    for i in range(1, n*2 + 1):\n        total_cube_sum += (i*2)**3\n    return total_cube_sum\n\nCode Test Failed.# suggestions:\n{\"product-owner\": [\"We need to prioritize defining the 'cube_Sum' function and ensuring it is integrated into the code for successful testing and product development.\"], \"architect\": [\"Review the code to ensure that the 'cube_sum' function is correctly defined and called in the test script.\"], \"developer\": [\"Define the cube_Sum function before running the test script.\"], \"tester\": [\"Review the code to ensure that the 'cube_Sum' function is properly defined and called within the test script.\"]}",
        "Question": "The original code has some bugs, according to the test report and suggestions, rewrite the code. Complete the following code:\ndef cube_Sum(n): \n'''Write a python function to find the cube sum of first n even natural numbers.\nassert cube_Sum(2) == 72'''\n"
    },
    "Code1": "def cube_Sum(n):\n    total_cube_sum = 0\n    for i in range(1, n*2 + 1):\n        total_cube_sum += (i*2)**3\n    return total_cube_sum",
    "ScriptResult1": "F\n======================================================================\nFAIL: test (__main__.Test)\n----------------------------------------------------------------------\nTraceback (most recent call last):\n  File \"/Users/watch/PycharmProjects/XXXX-1-LLM/workspace/2024-03-11_10-34-49-434972/test_script.py\", line 10, in test\n    self.assertEqual(cube_Sum(2), 72)\nAssertionError: 800 != 72\n\n----------------------------------------------------------------------\nRan 1 test in 0.000s\n\nFAILED (failures=1)\n",
    "TestReport1": "Test Report:\n\nTest Script's Output:\nF\n======================================================================\nFAIL: test (__main__.Test)\n----------------------------------------------------------------------\nTraceback (most recent call last):\n  File \"/Users/watch/PycharmProjects/XXXX-1-LLM/workspace/2024-03-11_10-34-49-434972/test_script.py\", line 10, in test\n    self.assertEqual(cube_Sum(2), 72)\nAssertionError: 800 != 72\n\n----------------------------------------------------------------------\nRan 1 test in 0.000s\n\nFAILED (failures=1)\n\nAnalysis:\nThe test script output indicates that the code has failed the test. The expected output for the input of 2 is 72, but the actual output is 800.\n\nConclusion:\nCode Test Failed\n\nExample:\nInput: 2\nExpected Output: 72\n\ndef cube_Sum(n):\n    total_cube_sum = 0\n    for i in range(1, n*2 + 1):\n        total_cube_sum += (i*2)**3\n    return total_cube_sum",
    "SprintReview1": "[ScrumMaster]says: Here is our test Report: Test Report:\n\nTest Script's Output:\nF\n======================================================================\nFAIL: test (__main__.Test)\n----------------------------------------------------------------------\nTraceback (most recent call last):\n  File \"/Users/watch/PycharmProjects/XXXX-1-LLM/workspace/2024-03-11_10-34-49-434972/test_script.py\", line 10, in test\n    self.assertEqual(cube_Sum(2), 72)\nAssertionError: 800 != 72\n\n----------------------------------------------------------------------\nRan 1 test in 0.000s\n\nFAILED (failures=1)\n\nAnalysis:\nThe test script output indicates that the code has failed the test. The expected output for the input of 2 is 72, but the actual output is 800.\n\nConclusion:\nCode Test Failed\n\nExample:\nInput: 2\nExpected Output: 72\n\ndef cube_Sum(n):\n    total_cube_sum = 0\n    for i in range(1, n*2 + 1):\n        total_cube_sum += (i*2)**3\n    return total_cube_sum, do you have any ideas?\n-----\n\n[Tester]says: As a Tester, I suggest reviewing the code logic and checking the calculation of the cube sum to identify the issue.\n-----\n\n[Architect]says: As an Architect, I think we should review the code and identify the error in the cube_Sum function to ensure it produces the expected output.\n-----\n\n[Developer]says: As a developer, it seems that the cube_Sum function is not providing the expected output, and I think we should review the logic and implementation of the function to fix the issue.\n-----\n\n[ProductOwner]says: As a Product Owner, we should prioritize fixing the failed test in order to ensure the quality of the product. I suggest collaborating with the development team to identify and resolve the issue.\n-----\n\n[Tester]says: As a Tester, I suggest reviewing the code logic and checking the calculation of the cube sum to identify the issue.\n-----\n\n[Architect]says: As an Architect, I suggest reviewing the code and identifying the error in the cube_Sum function to ensure it produces the expected output.\n-----\n\n[Developer]says: As a developer, I agree that we should review the logic and implementation of the cube_Sum function to fix the issue.\n-----\n\n[ProductOwner]says: As a Product Owner, we should prioritize fixing the failed test in order to ensure the quality of the product. I suggest collaborating with the development team to identify and resolve the issue.\n-----\n",
    "SprintReviewMeetings1": "{\n  \"product-owner\": [\n    \"We should prioritize fixing the failed test to ensure product quality. Collaborate with the development team to identify and resolve the issue.\"\n  ],\n  \"architect\": [\n    \"Review the code and identify the error in the cube_Sum function to ensure it produces the expected output.\"\n  ],\n  \"developer\": [\n    \"Review the logic and implementation of the cube_Sum function to fix the issue.\"\n  ],\n  \"tester\": [\n    \"Review the code logic and check the calculation of the cube sum to identify the issue.\"\n  ]\n}",
    "SprintReviewMeetings1_prompt": "{\"Role\": \"You are a professional scrum master. Your goal is to summary the Discussion History into a suggestions list for the scrum team.\", \"Instruction\": \"1. Read and Understand the Discussion History. 2. Summary the suggestions from four roles: product-owner/architect/developer/tester. 3. Response in JSON format.\", \"Example\": \"{\\\"product-owner\\\":[\\\"suggestion1\\\",\\\"suggestion2\\\"],\\\"architect\\\":[\\\"suggestion1\\\",\\\"suggestion2\\\"], \\\"developer\\\":[\\\"suggestion1\\\",\\\"suggestion2\\\"], \\\"tester\\\":[\\\"suggestion1\\\",\\\"suggestion2\\\"]}\", \"Context\": \"[ScrumMaster]says: Here is our test Report: Test Report:\\n\\nTest Script's Output:\\nF\\n======================================================================\\nFAIL: test (__main__.Test)\\n----------------------------------------------------------------------\\nTraceback (most recent call last):\\n  File \\\"/Users/watch/PycharmProjects/XXXX-1-LLM/workspace/2024-03-11_10-34-49-434972/test_script.py\\\", line 10, in test\\n    self.assertEqual(cube_Sum(2), 72)\\nAssertionError: 800 != 72\\n\\n----------------------------------------------------------------------\\nRan 1 test in 0.000s\\n\\nFAILED (failures=1)\\n\\nAnalysis:\\nThe test script output indicates that the code has failed the test. The expected output for the input of 2 is 72, but the actual output is 800.\\n\\nConclusion:\\nCode Test Failed\\n\\nExample:\\nInput: 2\\nExpected Output: 72\\n\\ndef cube_Sum(n):\\n    total_cube_sum = 0\\n    for i in range(1, n*2 + 1):\\n        total_cube_sum += (i*2)**3\\n    return total_cube_sum, do you have any ideas?\\n-----\\n\\n[Tester]says: As a Tester, I suggest reviewing the code logic and checking the calculation of the cube sum to identify the issue.\\n-----\\n\\n[Architect]says: As an Architect, I think we should review the code and identify the error in the cube_Sum function to ensure it produces the expected output.\\n-----\\n\\n[Developer]says: As a developer, it seems that the cube_Sum function is not providing the expected output, and I think we should review the logic and implementation of the function to fix the issue.\\n-----\\n\\n[ProductOwner]says: As a Product Owner, we should prioritize fixing the failed test in order to ensure the quality of the product. I suggest collaborating with the development team to identify and resolve the issue.\\n-----\\n\\n[Tester]says: As a Tester, I suggest reviewing the code logic and checking the calculation of the cube sum to identify the issue.\\n-----\\n\\n[Architect]says: As an Architect, I suggest reviewing the code and identifying the error in the cube_Sum function to ensure it produces the expected output.\\n-----\\n\\n[Developer]says: As a developer, I agree that we should review the logic and implementation of the cube_Sum function to fix the issue.\\n-----\\n\\n[ProductOwner]says: As a Product Owner, we should prioritize fixing the failed test in order to ensure the quality of the product. I suggest collaborating with the development team to identify and resolve the issue.\\n-----\\n\", \"Question\": \"Follow the Instruction section. The Discussion History is in the Context section. You only need to return a list as the Example section.\"}",
    "RepairResponse1": "{\n  \"revised_code\": \"def cube_Sum(n):\\n    total_cube_sum = 0\\n    for i in range(1, n*2 + 1):\\n        total_cube_sum += (i*2)**3\\n    return total_cube_sum\"\n}",
    "RepairResponse1_prompt": {
        "Role": "You are a professional software engineer. Your duty is to write code in Python that meets the requirements. Ensure that the code you write is efficient, readable, and follows best practices. Remember, do not need to explain the code you wrote.",
        "Instruction": "1. Rewrite a bug fix version of the original code. 2. Response in JSON format.",
        "Example": "{\"revised_code\":\"...\"}",
        "Context": "# Test Report:\nTest Report:\n\nTest Script's Output:\nF\n======================================================================\nFAIL: test (__main__.Test)\n----------------------------------------------------------------------\nTraceback (most recent call last):\n  File \"/Users/watch/PycharmProjects/XXXX-1-LLM/workspace/2024-03-11_10-34-49-434972/test_script.py\", line 10, in test\n    self.assertEqual(cube_Sum(2), 72)\nAssertionError: 800 != 72\n\n----------------------------------------------------------------------\nRan 1 test in 0.000s\n\nFAILED (failures=1)\n\nAnalysis:\nThe test script output indicates that the code has failed the test. The expected output for the input of 2 is 72, but the actual output is 800.\n\nConclusion:\nCode Test Failed\n\nExample:\nInput: 2\nExpected Output: 72\n\ndef cube_Sum(n):\n    total_cube_sum = 0\n    for i in range(1, n*2 + 1):\n        total_cube_sum += (i*2)**3\n    return total_cube_sum# suggestions:\n{\"product-owner\": [\"We should prioritize fixing the failed test to ensure product quality. Collaborate with the development team to identify and resolve the issue.\"], \"architect\": [\"Review the code and identify the error in the cube_Sum function to ensure it produces the expected output.\"], \"developer\": [\"Review the logic and implementation of the cube_Sum function to fix the issue.\"], \"tester\": [\"Review the code logic and check the calculation of the cube sum to identify the issue.\"]}",
        "Question": "The original code has some bugs, according to the test report and suggestions, rewrite the code. Complete the following code:\ndef cube_Sum(n): \n'''Write a python function to find the cube sum of first n even natural numbers.\nassert cube_Sum(2) == 72'''\n"
    }
}