{
    "start_time": "2024-03-11_18-22-32-268803",
    "task": "def multiply_int(x, y):\n'''Write a function to multiply two integers.\nassert multiply_int(10,20)==200'''\n",
    "datetime": {
        "task": "2024-03-11 18:22:32",
        "task-id": "2024-03-11 18:22:32",
        "workflow": "2024-03-11 18:22:32",
        "UserStoryDraft0": "2024-03-11 18:22:33",
        "AnalyzeMeetings": "2024-03-11 18:22:33",
        "UserStory0": "2024-03-11 18:22:35",
        "DesignDraft0": "2024-03-11 18:22:36",
        "DesignMeetings0": "2024-03-11 18:22:38",
        "Design0": "2024-03-11 18:22:41",
        "CodeDraft0": "2024-03-11 18:22:43",
        "CodeReviewMeetings0": "2024-03-11 18:22:46",
        "Code0CR": "2024-03-11 18:22:48",
        "FinalCode": "2024-03-11 18:23:03",
        "Test Cases Draft": "2024-03-11 18:22:50",
        "Test Cases Meetings": "2024-03-11 18:22:51",
        "Test Cases": "2024-03-11 18:22:54",
        "Code0": "2024-03-11 18:22:55",
        "TestScriptOriginal": "2024-03-11 18:22:56",
        "TestScript": "2024-03-11 18:22:56",
        "ScriptResult0": "2024-03-11 18:22:56",
        "TestReport0": "2024-03-11 18:22:59",
        "SprintReview0": "2024-03-11 18:23:00",
        "SprintReviewMeetings0": "2024-03-11 18:23:02",
        "RepairResponse0": "2024-03-11 18:23:03",
        "Code1": "2024-03-11 18:23:03",
        "ScriptResult1": "2024-03-11 18:23:03",
        "TestReport1": "2024-03-11 18:23:04"
    },
    "task-id": 127,
    "workflow": "agile/agile_version_0.0.5_remove.json",
    "UserStoryDraft0": "{\n  \"UserStory\": {\n    \"title\": \"Multiply Integers\",\n    \"story\": \"As a user, I want to be able to multiply two integers so that I can perform mathematical operations in my application.\"\n  }\n}",
    "UserStoryDraft0_prompt": "{\"Role\": \"You need to act as a professional product owner. Your task is to write a UserStory\", \"Instruction\": \"According to the Context, please analyze the requirement and write your response. Response in JSON format. Your response should be high-level, rather than providing implementation details.\", \"Example\": \"\", \"Context\": [], \"Question\": \"Follow the Instruction. The requirement is as follows:\\ndef multiply_int(x, y):\\n'''Write a function to multiply two integers.\\nassert multiply_int(10,20)==200'''\\n\"}",
    "AnalyzeMeetings": "{\n  \"Architect\": \"I suggest incorporating error handling to handle cases where the user inputs non-integer values or exceeds the limitations of integer multiplication. This will ensure the application can handle various scenarios and provide a better user experience.\"\n}",
    "UserStory0": "{\n  \"RevisedDocument\": {\n    \"UserStory\": {\n      \"title\": \"Multiply Integers\",\n      \"story\": \"As a user, I want to be able to multiply two integers so that I can perform mathematical operations in my application. We will incorporate error handling to handle cases where the user inputs non-integer values or exceeds the limitations of integer multiplication. This will ensure the application can handle various scenarios and provide a better user experience.\"\n    }\n  }\n}",
    "UserStory0_prompt": {
        "Role": "You need to act as a professional product owner. Your duty is to revise the document based on the suggestions.",
        "Instruction": "1. Read the suggestions. 2. Revise your draft version document. 3. Response in JSON format. 4. REMEMBER: Your analysis should be high-level, rather than providing implementation details.",
        "Example": "",
        "Context": "# Suggestion:\n{\n  \"Architect\": \"I suggest incorporating error handling to handle cases where the user inputs non-integer values or exceeds the limitations of integer multiplication. This will ensure the application can handle various scenarios and provide a better user experience.\"\n}",
        "Question": "Follow the Instruction. Your colleague give you some suggestions(in the Context section) about this draft document:{\n  \"UserStory\": {\n    \"title\": \"Multiply Integers\",\n    \"story\": \"As a user, I want to be able to multiply two integers so that I can perform mathematical operations in my application.\"\n  }\n}"
    },
    "DesignDraft0": "Design:\n\n1. Define a function named multiply_int that takes two integer parameters x and y.\n2. Inside the function, use the * operator to multiply the two integers and return the result.\n3. Implement error handling to check if both x and y are integers. If not, raise a ValueError.\n4. Additionally, handle cases where the result of the multiplication exceeds the limitations of integer multiplication. If this occurs, raise an OverflowError.\n5. Write unit tests to verify that the function works as expected for valid inputs and handles errors appropriately.\n\nNote: The design should focus on the structure and requirements of the function without delving into specific implementation details.",
    "DesignMeetings0": "{\n  \"Developer\": \"I suggest using the try-except block to implement error handling for checking if both x and y are integers. Additionally, for handling cases where the result of the multiplication exceeds the limitations of integer multiplication, we can use the sys.maxsize constant to compare the result with the maximum integer value.\",\n  \"Requirement Engineer\": \"I suggest adding a requirement to include detailed comments and documentation for the function, explaining the purpose of the function, expected input parameters, and the type of error handling that has been implemented. Additionally, we should include a requirement to ensure that the unit tests cover all possible scenarios, including valid inputs and error cases.\"\n}",
    "Design0": "Based on the suggestions provided, I have revised the design as follows:\n\nDesign:\n\n1. Define a function named multiply_int that takes two integer parameters x and y.\n2. Inside the function, use the * operator to multiply the two integers and return the result.\n3. Implement error handling using the try-except block to check if both x and y are integers. If not, raise a ValueError.\n4. For handling cases where the result of the multiplication exceeds the limitations of integer multiplication, compare the result with the sys.maxsize constant and raise an OverflowError if necessary.\n5. Include detailed comments and documentation for the function, explaining the purpose of the function, expected input parameters, and the type of error handling that has been implemented.\n6. Ensure that the unit tests cover all possible scenarios, including valid inputs and error cases.\n\nThis design incorporates the suggestions provided by the developer and requirement engineer, focusing on the structure and requirements of the function while addressing error handling and documentation needs.",
    "CodeDraft0": "def multiply_int(x, y):\n    '''Write a function to multiply two integers.\n    assert multiply_int(10,20)==200'''\n    \n    try:\n        if type(x) is not int or type(y) is not int:\n            raise ValueError(\"Both parameters must be integers\")\n        \n        result = x * y\n        \n        if result > sys.maxsize:\n            raise OverflowError(\"Result exceeds the limitations of integer multiplication\")\n        \n        return result\n    except ValueError as ve:\n        return ve\n    except OverflowError as oe:\n        return oe\n\n# Unit tests\nprint(multiply_int(10, 20))  # Output: 200\nprint(multiply_int(5, 'a'))   # Output: ValueError: Both parameters must be integers\nprint(multiply_int(sys.maxsize, sys.maxsize))  # Output: OverflowError: Result exceeds the limitations of integer multiplication",
    "CodeDraft0_prompt": {
        "Role": "You are a professional engineer. Your duty is to write code in Python that meets the requirements. Ensure that the code you write is efficient, readable, and follows best practices. Remember, do not need to explain the code you wrote.",
        "Instruction": "According to the Context section, write your code.",
        "Example": "",
        "Context": "# Tasks:\n[]\n# Design:\nBased on the suggestions provided, I have revised the design as follows:\n\nDesign:\n\n1. Define a function named multiply_int that takes two integer parameters x and y.\n2. Inside the function, use the * operator to multiply the two integers and return the result.\n3. Implement error handling using the try-except block to check if both x and y are integers. If not, raise a ValueError.\n4. For handling cases where the result of the multiplication exceeds the limitations of integer multiplication, compare the result with the sys.maxsize constant and raise an OverflowError if necessary.\n5. Include detailed comments and documentation for the function, explaining the purpose of the function, expected input parameters, and the type of error handling that has been implemented.\n6. Ensure that the unit tests cover all possible scenarios, including valid inputs and error cases.\n\nThis design incorporates the suggestions provided by the developer and requirement engineer, focusing on the structure and requirements of the function while addressing error handling and documentation needs.",
        "Question": "Follow the Instruction section. Complete the following code:\ndef multiply_int(x, y):\n'''Write a function to multiply two integers.\nassert multiply_int(10,20)==200'''\n"
    },
    "CodeReviewMeetings0": "{\n  \"Architect\": \"The function should have a more descriptive name, such as 'multiply_two_integers'. Also, instead of returning exceptions, it should raise them so that the calling code can handle the errors appropriately. Finally, it should have more comprehensive unit tests to cover edge cases and negative scenarios.\",\n  \"Tester\": \"The unit tests should cover more scenarios, such as negative numbers and zero. Also, it would be helpful to test the behavior when one of the parameters is not an integer, and when the result exceeds the limitations of integer multiplication.\"\n}",
    "Code0CR": "def multiply_two_integers(x, y):\n    '''Function to multiply two integers'''\n    try:\n        result = x * y\n        if result > sys.maxsize:\n            raise OverflowError(\"Result exceeds the limitations of integer multiplication\")\n        return result\n    except TypeError:\n        raise ValueError(\"Both x and y should be integers\")\n\n# Unit tests\nassert multiply_two_integers(10, 20) == 200\nassert multiply_two_integers(0, 5) == 0\nassert multiply_two_integers(-10, 20) == -200\nassert multiply_two_integers(999999999999, 999999999999) == 999999999998000000000001\nassert multiply_two_integers(2.5, 4)  # This should raise a ValueError\nassert multiply_two_integers(9999999999999999999999999999999, 2)  # This should raise an OverflowError",
    "Code0CR_prompt": "{\"Role\": \"You are a professional software engineer. Your duty is to write code in Python that meets the requirements. Ensure that the code you write is efficient, readable, and follows best practices. Remember, do not need to explain the code you wrote.\", \"Instruction\": \"1. Understand the suggestions(in the Context section) about the original code. 2. Rewrite your code.\", \"Example\": \"\", \"Context\": \"# Tasks:\\n[]\\n# Design:\\nBased on the suggestions provided, I have revised the design as follows:\\n\\nDesign:\\n\\n1. Define a function named multiply_int that takes two integer parameters x and y.\\n2. Inside the function, use the * operator to multiply the two integers and return the result.\\n3. Implement error handling using the try-except block to check if both x and y are integers. If not, raise a ValueError.\\n4. For handling cases where the result of the multiplication exceeds the limitations of integer multiplication, compare the result with the sys.maxsize constant and raise an OverflowError if necessary.\\n5. Include detailed comments and documentation for the function, explaining the purpose of the function, expected input parameters, and the type of error handling that has been implemented.\\n6. Ensure that the unit tests cover all possible scenarios, including valid inputs and error cases.\\n\\nThis design incorporates the suggestions provided by the developer and requirement engineer, focusing on the structure and requirements of the function while addressing error handling and documentation needs.# Suggestions:\\n{\\n  \\\"Architect\\\": \\\"The function should have a more descriptive name, such as 'multiply_two_integers'. Also, instead of returning exceptions, it should raise them so that the calling code can handle the errors appropriately. Finally, it should have more comprehensive unit tests to cover edge cases and negative scenarios.\\\",\\n  \\\"Tester\\\": \\\"The unit tests should cover more scenarios, such as negative numbers and zero. Also, it would be helpful to test the behavior when one of the parameters is not an integer, and when the result exceeds the limitations of integer multiplication.\\\"\\n}\", \"Question\": \"Follow the Instruction section. Complete the following code:\\ndef multiply_int(x, y):\\n'''Write a function to multiply two integers.\\nassert multiply_int(10,20)==200'''\\n\"}",
    "FinalCode": "import sys\n\ndef multiply_int(x, y):\n    result = x * y\n    if result > sys.maxsize:\n        return 'Result exceeds maximum integer value'\n    else:\n        return result",
    "Test Cases Draft": "{\n  \"test_cases\": [\n    {\n      \"Test Title\": \"Valid Inputs\",\n      \"Input Data\": \"parameter1=10, parameter2=20\",\n      \"Expected Output\": \"200\"\n    },\n    {\n      \"Test Title\": \"Non-integer Input\",\n      \"Input Data\": \"parameter1='abc', parameter2=20\",\n      \"Expected Output\": \"ValueError\"\n    },\n    {\n      \"Test Title\": \"Overflow Error\",\n      \"Input Data\": \"parameter1=999999, parameter2=999999\",\n      \"Expected Output\": \"OverflowError\"\n    }\n  ]\n}",
    "Test Cases Draft_prompt": "{\"Role\": \"You are a quality assurance engineer. Your duty is to design test cases for the developers.\", \"Instruction\": \"According to the Context section, write test cases. Don't write long strings in your test cases. Response in JSON format.\", \"Example\": \"{\\\"requirement analysis\\\":\\\"analysis\\\",\\\"test_cases\\\":[{\\\"Test Title\\\":\\\"title\\\", \\\"Input Data\\\":\\\"parameter1=[1,2,3],parameter2='123'\\\", \\\"Expected Output\\\":\\\"456\\\"},]}\", \"Context\": \"# UsrtStory:\\n{\\n  \\\"RevisedDocument\\\": {\\n    \\\"UserStory\\\": {\\n      \\\"title\\\": \\\"Multiply Integers\\\",\\n      \\\"story\\\": \\\"As a user, I want to be able to multiply two integers so that I can perform mathematical operations in my application. We will incorporate error handling to handle cases where the user inputs non-integer values or exceeds the limitations of integer multiplication. This will ensure the application can handle various scenarios and provide a better user experience.\\\"\\n    }\\n  }\\n}\\n# Tasks:\\n[]\\n# Design:\\nBased on the suggestions provided, I have revised the design as follows:\\n\\nDesign:\\n\\n1. Define a function named multiply_int that takes two integer parameters x and y.\\n2. Inside the function, use the * operator to multiply the two integers and return the result.\\n3. Implement error handling using the try-except block to check if both x and y are integers. If not, raise a ValueError.\\n4. For handling cases where the result of the multiplication exceeds the limitations of integer multiplication, compare the result with the sys.maxsize constant and raise an OverflowError if necessary.\\n5. Include detailed comments and documentation for the function, explaining the purpose of the function, expected input parameters, and the type of error handling that has been implemented.\\n6. Ensure that the unit tests cover all possible scenarios, including valid inputs and error cases.\\n\\nThis design incorporates the suggestions provided by the developer and requirement engineer, focusing on the structure and requirements of the function while addressing error handling and documentation needs.\", \"Question\": \"def multiply_int(x, y):\\n'''Write a function to multiply two integers.\\nassert multiply_int(10,20)==200'''\\n\"}",
    "Test Cases Meetings": "{\"Developer\": \"The test cases should also include edge cases such as negative input values or zero, to ensure the function handles all possible scenarios. Additionally, the expected output should be clarified for each test case to avoid ambiguity.\"}",
    "Test Cases": "{\n  \"test_cases\": [\n    {\n      \"Test Title\": \"Valid Inputs\",\n      \"Input Data\": \"parameter1=10, parameter2=20\",\n      \"Expected Output\": \"200\"\n    },\n    {\n      \"Test Title\": \"Non-integer Input\",\n      \"Input Data\": \"parameter1='abc', parameter2=20\",\n      \"Expected Output\": \"ValueError\"\n    },\n    {\n      \"Test Title\": \"Overflow Error\",\n      \"Input Data\": \"parameter1=999999, parameter2=999999\",\n      \"Expected Output\": \"OverflowError\"\n    },\n    {\n      \"Test Title\": \"Negative Input\",\n      \"Input Data\": \"parameter1=-10, parameter2=20\",\n      \"Expected Output\": \"-200\"\n    },\n    {\n      \"Test Title\": \"Zero Input\",\n      \"Input Data\": \"parameter1=0, parameter2=20\",\n      \"Expected Output\": \"0\"\n    }\n  ]\n}",
    "Test Cases_prompt": "{\"Role\": \"You are a quality assurance engineer. Your duty is to revise the test cases based on the suggestions.\", \"Instruction\": \"1. Your colleague give you some suggestions(in the Context section) about the draft test cases, read these suggestions. 2. Revise your draft version test cases, but don't use long parameters. 3. Response in JSON format.\", \"Example\": \"{\\\"requirement analysis\\\":\\\"analysis\\\",\\\"test_cases\\\":[{\\\"Test Title\\\":\\\"title\\\", \\\"Input Data\\\":\\\"parameter1=[1,2,3],parameter2='123'\\\", \\\"Expected Output\\\":\\\"456\\\"},]}\", \"Context\": \"# Suggestions:\\n{\\\"Developer\\\": \\\"The test cases should also include edge cases such as negative input values or zero, to ensure the function handles all possible scenarios. Additionally, the expected output should be clarified for each test case to avoid ambiguity.\\\"}\\n # Draft Test cases:\\n{\\n  \\\"test_cases\\\": [\\n    {\\n      \\\"Test Title\\\": \\\"Valid Inputs\\\",\\n      \\\"Input Data\\\": \\\"parameter1=10, parameter2=20\\\",\\n      \\\"Expected Output\\\": \\\"200\\\"\\n    },\\n    {\\n      \\\"Test Title\\\": \\\"Non-integer Input\\\",\\n      \\\"Input Data\\\": \\\"parameter1='abc', parameter2=20\\\",\\n      \\\"Expected Output\\\": \\\"ValueError\\\"\\n    },\\n    {\\n      \\\"Test Title\\\": \\\"Overflow Error\\\",\\n      \\\"Input Data\\\": \\\"parameter1=999999, parameter2=999999\\\",\\n      \\\"Expected Output\\\": \\\"OverflowError\\\"\\n    }\\n  ]\\n}\", \"Question\": \"Follow the Instruction. Please make sure your response length are less than 512. Your test cases is for the below question:\\ndef multiply_int(x, y):\\n'''Write a function to multiply two integers.\\nassert multiply_int(10,20)==200'''\\n\"}",
    "Code0": "def multiply_int(x, y):\n    result = x * y\n    if result > sys.maxsize:\n        raise OverflowError(\"Result exceeds the limitations of integer multiplication\")\n    return result",
    "Code0_prompt": {
        "Role": "You are a professional software engineer. Your duty is to write code in Python that meets the requirements. Ensure that the code you write is efficient, readable, and follows best practices. Remember, do not need to explain the code you wrote.",
        "Instruction": "1. Understand the test cases(in the Context section) about the original code. 2. Rewrite your code, make sure your code pass all test cases.",
        "Example": "",
        "Context": "# Original Code:\ndef multiply_two_integers(x, y):\n    '''Function to multiply two integers'''\n    try:\n        result = x * y\n        if result > sys.maxsize:\n            raise OverflowError(\"Result exceeds the limitations of integer multiplication\")\n        return result\n    except TypeError:\n        raise ValueError(\"Both x and y should be integers\")\n\n# Unit tests\nassert multiply_two_integers(10, 20) == 200\nassert multiply_two_integers(0, 5) == 0\nassert multiply_two_integers(-10, 20) == -200\nassert multiply_two_integers(999999999999, 999999999999) == 999999999998000000000001\nassert multiply_two_integers(2.5, 4)  # This should raise a ValueError\nassert multiply_two_integers(9999999999999999999999999999999, 2)  # This should raise an OverflowError\n# Test Cases:\n{\n  \"test_cases\": [\n    {\n      \"Test Title\": \"Valid Inputs\",\n      \"Input Data\": \"parameter1=10, parameter2=20\",\n      \"Expected Output\": \"200\"\n    },\n    {\n      \"Test Title\": \"Non-integer Input\",\n      \"Input Data\": \"parameter1='abc', parameter2=20\",\n      \"Expected Output\": \"ValueError\"\n    },\n    {\n      \"Test Title\": \"Overflow Error\",\n      \"Input Data\": \"parameter1=999999, parameter2=999999\",\n      \"Expected Output\": \"OverflowError\"\n    },\n    {\n      \"Test Title\": \"Negative Input\",\n      \"Input Data\": \"parameter1=-10, parameter2=20\",\n      \"Expected Output\": \"-200\"\n    },\n    {\n      \"Test Title\": \"Zero Input\",\n      \"Input Data\": \"parameter1=0, parameter2=20\",\n      \"Expected Output\": \"0\"\n    }\n  ]\n}",
        "Question": "def multiply_int(x, y):\n'''Write a function to multiply two integers.\nassert multiply_int(10,20)==200'''\n"
    },
    "TestScriptOriginal": "import unittest\n\ndef multiply_int(x, y):\n    return x * y\n\nclass Test(unittest.TestCase):\n    def test_multiply_int(self):\n        self.assertEqual(multiply_int(10, 20), 200)\n\nif __name__ == '__main__':\n    unittest.main()",
    "TestScriptOriginal_prompt": "{\"Role\": \"You are a quality assurance engineer. Your duty is to write a python test script in unittest framework.\", \"Instruction\": \"1. Write a python test script. 2. Use the input and output given by the question.\", \"Example\": \"import unittest\\n\\nclass Test(unittest.TestCase):\\n    def test(self):\\n        self.assertEqual(function_under_test('a'), 1)\\n\\nif __name__ == '__main__':\\n    unittest.main()\", \"Context\": \"\", \"Question\": \"def multiply_int(x, y):\\n'''Write a function to multiply two integers.\\nassert multiply_int(10,20)==200'''\\n\"}",
    "TestScript": "import unittest\n\nclass Test(unittest.TestCase):\n    def test_multiply_int(self):\n        self.assertEqual(multiply_int(10, 20), 200)\n\nif __name__ == '__main__':\n    unittest.main()",
    "ScriptResult0": "E\n======================================================================\nERROR: test_multiply_int (__main__.Test)\n----------------------------------------------------------------------\nTraceback (most recent call last):\n  File \"/Users/watch/PycharmProjects/XXXX-1-LLM/workspace/2024-03-11_18-22-32-268803/test_script.py\", line 10, in test_multiply_int\n    self.assertEqual(multiply_int(10, 20), 200)\n  File \"/Users/watch/PycharmProjects/XXXX-1-LLM/workspace/2024-03-11_18-22-32-268803/test_script.py\", line 3, in multiply_int\n    if result > sys.maxsize:\nNameError: name 'sys' is not defined\n\n----------------------------------------------------------------------\nRan 1 test in 0.000s\n\nFAILED (errors=1)\n",
    "TestReport0": "Test Report:\n\nTest Script Output:\nE \n======================================================================\nERROR: test_multiply_int (__main__.Test)\n----------------------------------------------------------------------\nTraceback (most recent call last):\n  File \"/Users/watch/PycharmProjects/XXXX-1-LLM/workspace/2024-03-11_18-22-32-268803/test_script.py\", line 10, in test_multiply_int\n    self.assertEqual(multiply_int(10, 20), 200)\n  File \"/Users/watch/PycharmProjects/XXXX-1-LLM/workspace/2024-03-11_18-22-32-268803/test_script.py\", line 3, in multiply_int\n    if result > sys.maxsize:\nNameError: name 'sys' is not defined\n\n----------------------------------------------------------------------\nRan 1 test in 0.000s\n\nFAILED (errors=1)\n\nTest Report:\nThe test script for the function multiply_int has failed. The error is related to the name 'sys' not being defined in the code.\n\nCode Test Failed\n\nExample of input and expected output:\nInput: multiply_int(10, 20)\nExpected Output: 200",
    "SprintReview0": "[ScrumMaster]says: Here is our test Report: Test Report:\n\nTest Script Output:\nE \n======================================================================\nERROR: test_multiply_int (__main__.Test)\n----------------------------------------------------------------------\nTraceback (most recent call last):\n  File \"/Users/watch/PycharmProjects/XXXX-1-LLM/workspace/2024-03-11_18-22-32-268803/test_script.py\", line 10, in test_multiply_int\n    self.assertEqual(multiply_int(10, 20), 200)\n  File \"/Users/watch/PycharmProjects/XXXX-1-LLM/workspace/2024-03-11_18-22-32-268803/test_script.py\", line 3, in multiply_int\n    if result > sys.maxsize:\nNameError: name 'sys' is not defined\n\n----------------------------------------------------------------------\nRan 1 test in 0.000s\n\nFAILED (errors=1)\n\nTest Report:\nThe test script for the function multiply_int has failed. The error is related to the name 'sys' not being defined in the code.\n\nCode Test Failed\n\nExample of input and expected output:\nInput: multiply_int(10, 20)\nExpected Output: 200, do you have any ideas?\n-----\n\n[ProductOwner]says: As the Product Owner, I think we need to prioritize fixing the error related to the name 'sys' not being defined in the code before proceeding with further development.\n-----\n\n[Tester]says: As a Tester, it seems like there is an issue with the code where 'sys' is not defined, so the first step is to define 'sys' in the code in order to fix the error.\n-----\n\n[Architect]says: As an Architect, I think we should review the code for the function multiply_int and ensure that all necessary libraries, including 'sys', are properly imported and defined.\n-----\n\n[Developer]says: As a Developer, I will investigate the error related to the name 'sys' not being defined in the code and provide a solution to fix it.\n-----\n\n[Developer]says: As a Developer, I will investigate the error related to the name 'sys' not being defined in the code and provide a solution to fix it.\n-----\n\n[Tester]says: As a Tester, it seems like there is an issue with the code where 'sys' is not defined, so the first step is to define 'sys' in the code in order to fix the error.\n-----\n\n[ProductOwner]says: As the Product Owner, I think we need to prioritize fixing the error related to the name 'sys' not being defined in the code before proceeding with further development.\n-----\n\n[Architect]says: As an Architect, I think we should review the code for the function multiply_int and ensure that all necessary libraries, including 'sys', are properly imported and defined.\n-----\n",
    "SprintReviewMeetings0": "{\n  \"product-owner\": [\n    \"We need to prioritize fixing the error related to the name 'sys' not being defined in the code before proceeding with further development.\"\n  ],\n  \"architect\": [\n    \"Review the code for the function multiply_int and ensure that all necessary libraries, including 'sys', are properly imported and defined.\"\n  ],\n  \"developer\": [\n    \"Investigate the error related to the name 'sys' not being defined in the code and provide a solution to fix it.\"\n  ],\n  \"tester\": [\n    \"There is an issue with the code where 'sys' is not defined, so the first step is to define 'sys' in the code in order to fix the error.\"\n  ]\n}",
    "SprintReviewMeetings0_prompt": "{\"Role\": \"You are a professional scrum master. Your goal is to summary the Discussion History into a suggestions list for the scrum team.\", \"Instruction\": \"1. Read and Understand the Discussion History. 2. Summary the suggestions from four roles: product-owner/architect/developer/tester. 3. Response in JSON format.\", \"Example\": \"{\\\"product-owner\\\":[\\\"suggestion1\\\",\\\"suggestion2\\\"],\\\"architect\\\":[\\\"suggestion1\\\",\\\"suggestion2\\\"], \\\"developer\\\":[\\\"suggestion1\\\",\\\"suggestion2\\\"], \\\"tester\\\":[\\\"suggestion1\\\",\\\"suggestion2\\\"]}\", \"Context\": \"[ScrumMaster]says: Here is our test Report: Test Report:\\n\\nTest Script Output:\\nE \\n======================================================================\\nERROR: test_multiply_int (__main__.Test)\\n----------------------------------------------------------------------\\nTraceback (most recent call last):\\n  File \\\"/Users/watch/PycharmProjects/XXXX-1-LLM/workspace/2024-03-11_18-22-32-268803/test_script.py\\\", line 10, in test_multiply_int\\n    self.assertEqual(multiply_int(10, 20), 200)\\n  File \\\"/Users/watch/PycharmProjects/XXXX-1-LLM/workspace/2024-03-11_18-22-32-268803/test_script.py\\\", line 3, in multiply_int\\n    if result > sys.maxsize:\\nNameError: name 'sys' is not defined\\n\\n----------------------------------------------------------------------\\nRan 1 test in 0.000s\\n\\nFAILED (errors=1)\\n\\nTest Report:\\nThe test script for the function multiply_int has failed. The error is related to the name 'sys' not being defined in the code.\\n\\nCode Test Failed\\n\\nExample of input and expected output:\\nInput: multiply_int(10, 20)\\nExpected Output: 200, do you have any ideas?\\n-----\\n\\n[ProductOwner]says: As the Product Owner, I think we need to prioritize fixing the error related to the name 'sys' not being defined in the code before proceeding with further development.\\n-----\\n\\n[Tester]says: As a Tester, it seems like there is an issue with the code where 'sys' is not defined, so the first step is to define 'sys' in the code in order to fix the error.\\n-----\\n\\n[Architect]says: As an Architect, I think we should review the code for the function multiply_int and ensure that all necessary libraries, including 'sys', are properly imported and defined.\\n-----\\n\\n[Developer]says: As a Developer, I will investigate the error related to the name 'sys' not being defined in the code and provide a solution to fix it.\\n-----\\n\\n[Developer]says: As a Developer, I will investigate the error related to the name 'sys' not being defined in the code and provide a solution to fix it.\\n-----\\n\\n[Tester]says: As a Tester, it seems like there is an issue with the code where 'sys' is not defined, so the first step is to define 'sys' in the code in order to fix the error.\\n-----\\n\\n[ProductOwner]says: As the Product Owner, I think we need to prioritize fixing the error related to the name 'sys' not being defined in the code before proceeding with further development.\\n-----\\n\\n[Architect]says: As an Architect, I think we should review the code for the function multiply_int and ensure that all necessary libraries, including 'sys', are properly imported and defined.\\n-----\\n\", \"Question\": \"Follow the Instruction section. The Discussion History is in the Context section. You only need to return a list as the Example section.\"}",
    "RepairResponse0": "{\n  \"revised_code\": \"import sys\\n\\ndef multiply_int(x, y):\\n    result = x * y\\n    if result > sys.maxsize:\\n        return 'Result exceeds maximum integer value'\\n    else:\\n        return result\"\n}",
    "RepairResponse0_prompt": {
        "Role": "You are a professional software engineer. Your duty is to write code in Python that meets the requirements. Ensure that the code you write is efficient, readable, and follows best practices. Remember, do not need to explain the code you wrote.",
        "Instruction": "1. Rewrite a bug fix version of the original code. 2. Response in JSON format.",
        "Example": "{\"revised_code\":\"...\"}",
        "Context": "# Test Report:\nTest Report:\n\nTest Script Output:\nE \n======================================================================\nERROR: test_multiply_int (__main__.Test)\n----------------------------------------------------------------------\nTraceback (most recent call last):\n  File \"/Users/watch/PycharmProjects/XXXX-1-LLM/workspace/2024-03-11_18-22-32-268803/test_script.py\", line 10, in test_multiply_int\n    self.assertEqual(multiply_int(10, 20), 200)\n  File \"/Users/watch/PycharmProjects/XXXX-1-LLM/workspace/2024-03-11_18-22-32-268803/test_script.py\", line 3, in multiply_int\n    if result > sys.maxsize:\nNameError: name 'sys' is not defined\n\n----------------------------------------------------------------------\nRan 1 test in 0.000s\n\nFAILED (errors=1)\n\nTest Report:\nThe test script for the function multiply_int has failed. The error is related to the name 'sys' not being defined in the code.\n\nCode Test Failed\n\nExample of input and expected output:\nInput: multiply_int(10, 20)\nExpected Output: 200# suggestions:\n{\"product-owner\": [\"We need to prioritize fixing the error related to the name 'sys' not being defined in the code before proceeding with further development.\"], \"architect\": [\"Review the code for the function multiply_int and ensure that all necessary libraries, including 'sys', are properly imported and defined.\"], \"developer\": [\"Investigate the error related to the name 'sys' not being defined in the code and provide a solution to fix it.\"], \"tester\": [\"There is an issue with the code where 'sys' is not defined, so the first step is to define 'sys' in the code in order to fix the error.\"]}",
        "Question": "The original code has some bugs, according to the test report and suggestions, rewrite the code. Complete the following code:\ndef multiply_int(x, y):\n'''Write a function to multiply two integers.\nassert multiply_int(10,20)==200'''\n"
    },
    "Code1": "import sys\n\ndef multiply_int(x, y):\n    result = x * y\n    if result > sys.maxsize:\n        return 'Result exceeds maximum integer value'\n    else:\n        return result",
    "ScriptResult1": ".\n----------------------------------------------------------------------\nRan 1 test in 0.000s\n\nOK\n",
    "TestReport1": "Test Report\n\nTest Script Output:\n.\n----------------------------------------------------------------------\nRan 1 test in 0.000s\n\nOK\n\nConclusion:\nCode Test Passed\n\nNote: The test script output indicates that the code has passed the tests. No input and expected output examples are provided as the code has passed the tests."
}