{
    "start_time": "2024-03-11_18-30-56-136542",
    "task": "def convert(numbers):    \n'''Write a python function to convert complex numbers to polar coordinates.\nassert convert(1) == (1.0, 0.0)'''\n",
    "datetime": {
        "task": "2024-03-11 18:30:56",
        "task-id": "2024-03-11 18:30:56",
        "workflow": "2024-03-11 18:30:56",
        "UserStoryDraft0": "2024-03-11 18:30:56",
        "AnalyzeMeetings": "2024-03-11 18:30:57",
        "UserStory0": "2024-03-11 18:30:58",
        "DesignDraft0": "2024-03-11 18:30:59",
        "DesignMeetings0": "2024-03-11 18:31:01",
        "Design0": "2024-03-11 18:31:02",
        "CodeDraft0": "2024-03-11 18:31:03",
        "CodeReviewMeetings0": "2024-03-11 18:31:04",
        "Code0CR": "2024-03-11 18:31:07",
        "FinalCode": "2024-03-11 18:31:51",
        "Test Cases Draft": "2024-03-11 18:31:09",
        "Test Cases Meetings": "2024-03-11 18:31:10",
        "Test Cases": "2024-03-11 18:31:13",
        "Code0": "2024-03-11 18:31:14",
        "TestScriptOriginal": "2024-03-11 18:31:15",
        "TestScript": "2024-03-11 18:31:15",
        "ScriptResult0": "2024-03-11 18:31:15",
        "TestReport0": "2024-03-11 18:31:19",
        "SprintReview0": "2024-03-11 18:31:21",
        "SprintReviewMeetings0": "2024-03-11 18:31:23",
        "RepairResponse0": "2024-03-11 18:31:24",
        "Code1": "2024-03-11 18:31:24",
        "ScriptResult1": "2024-03-11 18:31:24",
        "TestReport1": "2024-03-11 18:31:47",
        "SprintReview1": "2024-03-11 18:31:49",
        "SprintReviewMeetings1": "2024-03-11 18:31:50",
        "RepairResponse1": "2024-03-11 18:31:51",
        "Code2": "2024-03-11 18:31:51",
        "ScriptResult2": "2024-03-11 18:31:51",
        "TestReport2": "2024-03-11 18:31:52"
    },
    "task-id": 252,
    "workflow": "agile/agile_version_0.0.5_remove.json",
    "UserStoryDraft0": "{\n  \"UserStory\": \"As a product owner, I want a Python function that can convert complex numbers to polar coordinates, so that I can use it in my software development project.\"\n}",
    "UserStoryDraft0_prompt": "{\"Role\": \"You need to act as a professional product owner. Your task is to write a UserStory\", \"Instruction\": \"According to the Context, please analyze the requirement and write your response. Response in JSON format. Your response should be high-level, rather than providing implementation details.\", \"Example\": \"\", \"Context\": [], \"Question\": \"Follow the Instruction. The requirement is as follows:\\ndef convert(numbers):    \\n'''Write a python function to convert complex numbers to polar coordinates.\\nassert convert(1) == (1.0, 0.0)'''\\n\"}",
    "AnalyzeMeetings": "{\"Architect\": \"I suggest adding input validation to the Python function to ensure that the input is a complex number. This will help prevent errors and improve the reliability of the function.\"}",
    "UserStory0": "{\n  \"RevisedDocument\": {\n    \"UserStory\": \"As a product owner, I want a Python function that can convert complex numbers to polar coordinates, so that I can use it in my software development project.\",\n    \"ArchitectSuggestion\": \"I have added input validation to the Python function to ensure that the input is a complex number. This will help prevent errors and improve the reliability of the function.\"\n  }\n}",
    "UserStory0_prompt": {
        "Role": "You need to act as a professional product owner. Your duty is to revise the document based on the suggestions.",
        "Instruction": "1. Read the suggestions. 2. Revise your draft version document. 3. Response in JSON format. 4. REMEMBER: Your analysis should be high-level, rather than providing implementation details.",
        "Example": "",
        "Context": "# Suggestion:\n{\"Architect\": \"I suggest adding input validation to the Python function to ensure that the input is a complex number. This will help prevent errors and improve the reliability of the function.\"}",
        "Question": "Follow the Instruction. Your colleague give you some suggestions(in the Context section) about this draft document:{\n  \"UserStory\": \"As a product owner, I want a Python function that can convert complex numbers to polar coordinates, so that I can use it in my software development project.\"\n}"
    },
    "DesignDraft0": "Design:\n- Create a Python function named \"convert\" that takes a complex number as input and returns its polar coordinates.\n- Add input validation to ensure that the input is a complex number.\n- Use assert statements to provide sample input and expected output for testing purposes.\n- Include comments in the code to explain the purpose of the function and any relevant details for the developer to understand its functionality.",
    "DesignMeetings0": "{\n  \"Developer\": \"Ensure that the input validation covers all possible cases of complex numbers, including real and imaginary parts, and also handle the case where the input is not a valid complex number.\",\n  \"Requirement Engineer\": \"Verify that the input validation and error handling are in line with the specified requirements. Additionally, consider adding requirements for performance and efficiency of the function.\"\n}",
    "Design0": "Design:\n- The Python function named \"convert\" will take a complex number as input and return its polar coordinates.\n- Input validation will cover all possible cases of complex numbers, including real and imaginary parts, and also handle the case where the input is not a valid complex number.\n- Error handling will be in line with the specified requirements, and additional requirements for performance and efficiency of the function will be added.\n- Assert statements will be used to provide sample input and expected output for testing purposes.\n- Comments will be included in the code to explain the purpose of the function and any relevant details for the developer to understand its functionality.",
    "CodeDraft0": "def convert(numbers):\n    import cmath\n    \n    if isinstance(numbers, complex):\n        polar_coordinates = cmath.polar(numbers)\n        return polar_coordinates\n    else:\n        raise ValueError(\"Input is not a valid complex number\")\n\n# Test cases\nassert convert(1) == (1.0, 0.0)",
    "CodeDraft0_prompt": {
        "Role": "You are a professional engineer. Your duty is to write code in Python that meets the requirements. Ensure that the code you write is efficient, readable, and follows best practices. Remember, do not need to explain the code you wrote.",
        "Instruction": "According to the Context section, write your code.",
        "Example": "",
        "Context": "# Tasks:\n[]\n# Design:\nDesign:\n- The Python function named \"convert\" will take a complex number as input and return its polar coordinates.\n- Input validation will cover all possible cases of complex numbers, including real and imaginary parts, and also handle the case where the input is not a valid complex number.\n- Error handling will be in line with the specified requirements, and additional requirements for performance and efficiency of the function will be added.\n- Assert statements will be used to provide sample input and expected output for testing purposes.\n- Comments will be included in the code to explain the purpose of the function and any relevant details for the developer to understand its functionality.",
        "Question": "Follow the Instruction section. Complete the following code:\ndef convert(numbers):    \n'''Write a python function to convert complex numbers to polar coordinates.\nassert convert(1) == (1.0, 0.0)'''\n"
    },
    "CodeReviewMeetings0": "{\n  \"Architect\": \"It's better to move the import statement outside of the function to improve readability and performance. Also, consider adding comments to explain the purpose and usage of the function.\",\n  \"Tester\": \"Test cases should cover the scenario where the input is a complex number, not just when it's a real number. Also, add more test cases to cover different scenarios and edge cases.\"\n}",
    "Code0CR": "def convert(numbers):\n    import cmath  # Importing cmath library for complex number operations\n    if isinstance(numbers, complex):  # Checking if the input is a complex number\n        polar_coordinates = cmath.polar(numbers)  # Converting complex number to polar coordinates\n        return polar_coordinates\n    else:\n        raise ValueError(\"Input is not a valid complex number\")  # Handling the case where the input is not a valid complex number\n\n# Sample test cases\nassert convert(1) == (1.0, 0.0)  # Testing with a real number\nassert convert(1+1j) == (1.4142135623730951, 0.7853981633974483)  # Testing with a complex number\nassert convert(-1-1j) == (1.4142135623730951, -2.356194490192345)  # Testing with a negative complex number\nassert convert(0) == (0.0, 0.0)  # Testing with zero\n\n# Additional test cases for edge cases\nassert convert(1j) == (1.0, 1.5707963267948966)  # Testing with a pure imaginary number\nassert convert(-1j) == (1.0, -1.5707963267948966)  # Testing with a negative pure imaginary number\nassert convert(1e-10 + 1e-10j) == (1.4142135623730951e-10, 0.7853981633974483)  # Testing with small complex numbers",
    "Code0CR_prompt": "{\"Role\": \"You are a professional software engineer. Your duty is to write code in Python that meets the requirements. Ensure that the code you write is efficient, readable, and follows best practices. Remember, do not need to explain the code you wrote.\", \"Instruction\": \"1. Understand the suggestions(in the Context section) about the original code. 2. Rewrite your code.\", \"Example\": \"\", \"Context\": \"# Tasks:\\n[]\\n# Design:\\nDesign:\\n- The Python function named \\\"convert\\\" will take a complex number as input and return its polar coordinates.\\n- Input validation will cover all possible cases of complex numbers, including real and imaginary parts, and also handle the case where the input is not a valid complex number.\\n- Error handling will be in line with the specified requirements, and additional requirements for performance and efficiency of the function will be added.\\n- Assert statements will be used to provide sample input and expected output for testing purposes.\\n- Comments will be included in the code to explain the purpose of the function and any relevant details for the developer to understand its functionality.# Suggestions:\\n{\\n  \\\"Architect\\\": \\\"It's better to move the import statement outside of the function to improve readability and performance. Also, consider adding comments to explain the purpose and usage of the function.\\\",\\n  \\\"Tester\\\": \\\"Test cases should cover the scenario where the input is a complex number, not just when it's a real number. Also, add more test cases to cover different scenarios and edge cases.\\\"\\n}\", \"Question\": \"Follow the Instruction section. Complete the following code:\\ndef convert(numbers):    \\n'''Write a python function to convert complex numbers to polar coordinates.\\nassert convert(1) == (1.0, 0.0)'''\\n\"}",
    "FinalCode": "import cmath\n\ndef convert(number):\n    try:\n        polar = (abs(number), cmath.phase(number))\n        return polar\n    except TypeError:\n        raise ValueError(\"Invalid input\")",
    "Test Cases Draft": "{\n  \"test_cases\": [\n    {\n      \"Test Title\": \"Valid complex number input\",\n      \"Input Data\": \"parameter1=3+4j\",\n      \"Expected Output\": \"(5.0, 0.9272952180016122)\"\n    },\n    {\n      \"Test Title\": \"Invalid complex number input\",\n      \"Input Data\": \"parameter1='abc'\",\n      \"Expected Output\": \"Invalid input\"\n    },\n    {\n      \"Test Title\": \"Zero as input\",\n      \"Input Data\": \"parameter1=0\",\n      \"Expected Output\": \"(0.0, 0.0)\"\n    }\n  ]\n}",
    "Test Cases Draft_prompt": "{\"Role\": \"You are a quality assurance engineer. Your duty is to design test cases for the developers.\", \"Instruction\": \"According to the Context section, write test cases. Don't write long strings in your test cases. Response in JSON format.\", \"Example\": \"{\\\"requirement analysis\\\":\\\"analysis\\\",\\\"test_cases\\\":[{\\\"Test Title\\\":\\\"title\\\", \\\"Input Data\\\":\\\"parameter1=[1,2,3],parameter2='123'\\\", \\\"Expected Output\\\":\\\"456\\\"},]}\", \"Context\": \"# UsrtStory:\\n{\\n  \\\"RevisedDocument\\\": {\\n    \\\"UserStory\\\": \\\"As a product owner, I want a Python function that can convert complex numbers to polar coordinates, so that I can use it in my software development project.\\\",\\n    \\\"ArchitectSuggestion\\\": \\\"I have added input validation to the Python function to ensure that the input is a complex number. This will help prevent errors and improve the reliability of the function.\\\"\\n  }\\n}\\n# Tasks:\\n[]\\n# Design:\\nDesign:\\n- The Python function named \\\"convert\\\" will take a complex number as input and return its polar coordinates.\\n- Input validation will cover all possible cases of complex numbers, including real and imaginary parts, and also handle the case where the input is not a valid complex number.\\n- Error handling will be in line with the specified requirements, and additional requirements for performance and efficiency of the function will be added.\\n- Assert statements will be used to provide sample input and expected output for testing purposes.\\n- Comments will be included in the code to explain the purpose of the function and any relevant details for the developer to understand its functionality.\", \"Question\": \"def convert(numbers):    \\n'''Write a python function to convert complex numbers to polar coordinates.\\nassert convert(1) == (1.0, 0.0)'''\\n\"}",
    "Test Cases Meetings": "{\n  \"Developer\": \"For the 'Valid complex number input' test case, we should consider adding additional test cases with different complex numbers to ensure the function handles a variety of inputs correctly. Also, we may need to revise the expected output to include the imaginary part of the complex number as well. For the 'Invalid complex number input' test case, we should include more invalid input scenarios to cover edge cases. Finally, for the 'Zero as input' test case, we may want to add test cases with different types of zero inputs (e.g., 0+0j) to ensure the function handles them properly.\"\n}",
    "Test Cases": "{\n  \"test_cases\": [\n    {\n      \"Test Title\": \"Valid complex number input\",\n      \"Input Data\": \"parameter1=3+4j\",\n      \"Expected Output\": \"(5.0, 0.9272952180016122)\"\n    },\n    {\n      \"Test Title\": \"Valid complex number input with different complex number\",\n      \"Input Data\": \"parameter1=2+3j\",\n      \"Expected Output\": \"(3.605551275463989, 0.982793723247329)\"\n    },\n    {\n      \"Test Title\": \"Invalid complex number input\",\n      \"Input Data\": \"parameter1='abc'\",\n      \"Expected Output\": \"Invalid input\"\n    },\n    {\n      \"Test Title\": \"Zero as input\",\n      \"Input Data\": \"parameter1=0\",\n      \"Expected Output\": \"(0.0, 0.0)\"\n    },\n    {\n      \"Test Title\": \"Zero as input with different types of zero inputs\",\n      \"Input Data\": \"parameter1=0+0j\",\n      \"Expected Output\": \"(0.0, 0.0)\"\n    }\n  ]\n}",
    "Test Cases_prompt": "{\"Role\": \"You are a quality assurance engineer. Your duty is to revise the test cases based on the suggestions.\", \"Instruction\": \"1. Your colleague give you some suggestions(in the Context section) about the draft test cases, read these suggestions. 2. Revise your draft version test cases, but don't use long parameters. 3. Response in JSON format.\", \"Example\": \"{\\\"requirement analysis\\\":\\\"analysis\\\",\\\"test_cases\\\":[{\\\"Test Title\\\":\\\"title\\\", \\\"Input Data\\\":\\\"parameter1=[1,2,3],parameter2='123'\\\", \\\"Expected Output\\\":\\\"456\\\"},]}\", \"Context\": \"# Suggestions:\\n{\\n  \\\"Developer\\\": \\\"For the 'Valid complex number input' test case, we should consider adding additional test cases with different complex numbers to ensure the function handles a variety of inputs correctly. Also, we may need to revise the expected output to include the imaginary part of the complex number as well. For the 'Invalid complex number input' test case, we should include more invalid input scenarios to cover edge cases. Finally, for the 'Zero as input' test case, we may want to add test cases with different types of zero inputs (e.g., 0+0j) to ensure the function handles them properly.\\\"\\n}\\n # Draft Test cases:\\n{\\n  \\\"test_cases\\\": [\\n    {\\n      \\\"Test Title\\\": \\\"Valid complex number input\\\",\\n      \\\"Input Data\\\": \\\"parameter1=3+4j\\\",\\n      \\\"Expected Output\\\": \\\"(5.0, 0.9272952180016122)\\\"\\n    },\\n    {\\n      \\\"Test Title\\\": \\\"Invalid complex number input\\\",\\n      \\\"Input Data\\\": \\\"parameter1='abc'\\\",\\n      \\\"Expected Output\\\": \\\"Invalid input\\\"\\n    },\\n    {\\n      \\\"Test Title\\\": \\\"Zero as input\\\",\\n      \\\"Input Data\\\": \\\"parameter1=0\\\",\\n      \\\"Expected Output\\\": \\\"(0.0, 0.0)\\\"\\n    }\\n  ]\\n}\", \"Question\": \"Follow the Instruction. Please make sure your response length are less than 512. Your test cases is for the below question:\\ndef convert(numbers):    \\n'''Write a python function to convert complex numbers to polar coordinates.\\nassert convert(1) == (1.0, 0.0)'''\\n\"}",
    "Code0": "def convert(numbers):\n    import cmath  # Importing cmath library for complex number operations\n    if isinstance(numbers, complex):  # Checking if the input is a complex number\n        polar_coordinates = cmath.polar(numbers)  # Converting complex number to polar coordinates\n        return polar_coordinates\n    else:\n        raise ValueError(\"Invalid input\")  # Handling the case where the input is not a valid complex number",
    "Code0_prompt": {
        "Role": "You are a professional software engineer. Your duty is to write code in Python that meets the requirements. Ensure that the code you write is efficient, readable, and follows best practices. Remember, do not need to explain the code you wrote.",
        "Instruction": "1. Understand the test cases(in the Context section) about the original code. 2. Rewrite your code, make sure your code pass all test cases.",
        "Example": "",
        "Context": "# Original Code:\ndef convert(numbers):\n    import cmath  # Importing cmath library for complex number operations\n    if isinstance(numbers, complex):  # Checking if the input is a complex number\n        polar_coordinates = cmath.polar(numbers)  # Converting complex number to polar coordinates\n        return polar_coordinates\n    else:\n        raise ValueError(\"Input is not a valid complex number\")  # Handling the case where the input is not a valid complex number\n\n# Sample test cases\nassert convert(1) == (1.0, 0.0)  # Testing with a real number\nassert convert(1+1j) == (1.4142135623730951, 0.7853981633974483)  # Testing with a complex number\nassert convert(-1-1j) == (1.4142135623730951, -2.356194490192345)  # Testing with a negative complex number\nassert convert(0) == (0.0, 0.0)  # Testing with zero\n\n# Additional test cases for edge cases\nassert convert(1j) == (1.0, 1.5707963267948966)  # Testing with a pure imaginary number\nassert convert(-1j) == (1.0, -1.5707963267948966)  # Testing with a negative pure imaginary number\nassert convert(1e-10 + 1e-10j) == (1.4142135623730951e-10, 0.7853981633974483)  # Testing with small complex numbers\n# Test Cases:\n{\n  \"test_cases\": [\n    {\n      \"Test Title\": \"Valid complex number input\",\n      \"Input Data\": \"parameter1=3+4j\",\n      \"Expected Output\": \"(5.0, 0.9272952180016122)\"\n    },\n    {\n      \"Test Title\": \"Valid complex number input with different complex number\",\n      \"Input Data\": \"parameter1=2+3j\",\n      \"Expected Output\": \"(3.605551275463989, 0.982793723247329)\"\n    },\n    {\n      \"Test Title\": \"Invalid complex number input\",\n      \"Input Data\": \"parameter1='abc'\",\n      \"Expected Output\": \"Invalid input\"\n    },\n    {\n      \"Test Title\": \"Zero as input\",\n      \"Input Data\": \"parameter1=0\",\n      \"Expected Output\": \"(0.0, 0.0)\"\n    },\n    {\n      \"Test Title\": \"Zero as input with different types of zero inputs\",\n      \"Input Data\": \"parameter1=0+0j\",\n      \"Expected Output\": \"(0.0, 0.0)\"\n    }\n  ]\n}",
        "Question": "def convert(numbers):    \n'''Write a python function to convert complex numbers to polar coordinates.\nassert convert(1) == (1.0, 0.0)'''\n"
    },
    "TestScriptOriginal": "import unittest\n\ndef convert(numbers):\n    # Your implementation of the convert function here\n    pass\n\nclass Test(unittest.TestCase):\n    def test(self):\n        self.assertEqual(convert(1), (1.0, 0.0))\n\nif __name__ == '__main__':\n    unittest.main()",
    "TestScriptOriginal_prompt": "{\"Role\": \"You are a quality assurance engineer. Your duty is to write a python test script in unittest framework.\", \"Instruction\": \"1. Write a python test script. 2. Use the input and output given by the question.\", \"Example\": \"import unittest\\n\\nclass Test(unittest.TestCase):\\n    def test(self):\\n        self.assertEqual(function_under_test('a'), 1)\\n\\nif __name__ == '__main__':\\n    unittest.main()\", \"Context\": \"\", \"Question\": \"def convert(numbers):    \\n'''Write a python function to convert complex numbers to polar coordinates.\\nassert convert(1) == (1.0, 0.0)'''\\n\"}",
    "TestScript": "import unittest\n\nclass Test(unittest.TestCase):\n    def test(self):\n        self.assertEqual(convert(1), (1.0, 0.0))\n\nif __name__ == '__main__':\n    unittest.main()",
    "ScriptResult0": "E\n======================================================================\nERROR: test (__main__.Test)\n----------------------------------------------------------------------\nTraceback (most recent call last):\n  File \"/Users/watch/PycharmProjects/XXXX-1-LLM/workspace/2024-03-11_18-30-56-136542/test_script.py\", line 12, in test\n    self.assertEqual(convert(1), (1.0, 0.0))\n  File \"/Users/watch/PycharmProjects/XXXX-1-LLM/workspace/2024-03-11_18-30-56-136542/test_script.py\", line 7, in convert\n    raise ValueError(\"Invalid input\")  # Handling the case where the input is not a valid complex number\nValueError: Invalid input\n\n----------------------------------------------------------------------\nRan 1 test in 0.001s\n\nFAILED (errors=1)\n",
    "TestReport0": "Test Report:\n\nTest Script Output:\nE\n======================================================================\nERROR: test (__main__.Test)\n----------------------------------------------------------------------\nTraceback (most recent call last):\n  File \"/Users/watch/PycharmProjects/XXXX-1-LLM/workspace/2024-03-11_18-30-56-136542/test_script.py\", line 12, in test\n    self.assertEqual(convert(1), (1.0, 0.0))\n  File \"/Users/watch/PycharmProjects/XXXX-1-LLM/workspace/2024-03-11_18-30-56-136542/test_script.py\", line 7, in convert\n    raise ValueError(\"Invalid input\")  # Handling the case where the input is not a valid complex number\nValueError: Invalid input\n\n----------------------------------------------------------------------\nRan 1 test in 0.001s\n\nFAILED (errors=1)\n\nConclusion:\nCode Test Failed\n\nInput and Expected Output Example:\nInput: 1\nExpected Output: (1.0, 0.0)\n\nThe test script failed with the input of 1, as it raised a ValueError for invalid input instead of returning the expected output of (1.0, 0.0). The test did not pass the assertion.\n\nAction:\nThe code needs to be reviewed and updated to handle the input appropriately and return the expected output. Further testing and debugging are required to ensure the function works as intended.",
    "SprintReview0": "[ScrumMaster]says: Here is our test Report: Test Report:\n\nTest Script Output:\nE\n======================================================================\nERROR: test (__main__.Test)\n----------------------------------------------------------------------\nTraceback (most recent call last):\n  File \"/Users/watch/PycharmProjects/XXXX-1-LLM/workspace/2024-03-11_18-30-56-136542/test_script.py\", line 12, in test\n    self.assertEqual(convert(1), (1.0, 0.0))\n  File \"/Users/watch/PycharmProjects/XXXX-1-LLM/workspace/2024-03-11_18-30-56-136542/test_script.py\", line 7, in convert\n    raise ValueError(\"Invalid input\")  # Handling the case where the input is not a valid complex number\nValueError: Invalid input\n\n----------------------------------------------------------------------\nRan 1 test in 0.001s\n\nFAILED (errors=1)\n\nConclusion:\nCode Test Failed\n\nInput and Expected Output Example:\nInput: 1\nExpected Output: (1.0, 0.0)\n\nThe test script failed with the input of 1, as it raised a ValueError for invalid input instead of returning the expected output of (1.0, 0.0). The test did not pass the assertion.\n\nAction:\nThe code needs to be reviewed and updated to handle the input appropriately and return the expected output. Further testing and debugging are required to ensure the function works as intended., do you have any ideas?\n-----\n\n[Tester]says: As a Tester, I recommend reviewing and updating the code to handle the input appropriately and return the expected output to ensure the function works as intended.\n-----\n\n[Developer]says: As a Developer, I will review the code and update it to handle the input appropriately in order to return the expected output.\n-----\n\n[Architect]says: As an Architect, I think we need to review the code and update it to handle the input appropriately in order to return the expected output.\n-----\n\n[ProductOwner]says: As a Product Owner, I think we need to prioritize fixing the code to handle the input appropriately and return the expected output before further testing and debugging.\n-----\n\n[Developer]says: [Developer] I will review the code and update it to handle the input appropriately in order to return the expected output.\n-----\n\n[Tester]says: As a Tester, I recommend reviewing and updating the code to handle the input appropriately and return the expected output to ensure the function works as intended.\n-----\n\n[Architect]says: As an Architect, I recommend conducting a code review and updating it to handle the input appropriately to return the expected output.\n-----\n\n[ProductOwner]says: As a Product Owner, I think we need to prioritize fixing the code to handle the input appropriately and return the expected output before further testing and debugging.\n-----\n",
    "SprintReviewMeetings0": "{\n  \"product-owner\": [\n    \"Prioritize fixing the code to handle the input appropriately and return the expected output before further testing and debugging\"\n  ],\n  \"architect\": [\n    \"Review and update the code to handle the input appropriately in order to return the expected output\",\n    \"Conduct a code review and update it to handle the input appropriately to return the expected output\"\n  ],\n  \"developer\": [\n    \"Review the code and update it to handle the input appropriately in order to return the expected output\"\n  ],\n  \"tester\": [\n    \"Review and update the code to handle the input appropriately and return the expected output to ensure the function works as intended\"\n  ]\n}",
    "SprintReviewMeetings0_prompt": "{\"Role\": \"You are a professional scrum master. Your goal is to summary the Discussion History into a suggestions list for the scrum team.\", \"Instruction\": \"1. Read and Understand the Discussion History. 2. Summary the suggestions from four roles: product-owner/architect/developer/tester. 3. Response in JSON format.\", \"Example\": \"{\\\"product-owner\\\":[\\\"suggestion1\\\",\\\"suggestion2\\\"],\\\"architect\\\":[\\\"suggestion1\\\",\\\"suggestion2\\\"], \\\"developer\\\":[\\\"suggestion1\\\",\\\"suggestion2\\\"], \\\"tester\\\":[\\\"suggestion1\\\",\\\"suggestion2\\\"]}\", \"Context\": \"[ScrumMaster]says: Here is our test Report: Test Report:\\n\\nTest Script Output:\\nE\\n======================================================================\\nERROR: test (__main__.Test)\\n----------------------------------------------------------------------\\nTraceback (most recent call last):\\n  File \\\"/Users/watch/PycharmProjects/XXXX-1-LLM/workspace/2024-03-11_18-30-56-136542/test_script.py\\\", line 12, in test\\n    self.assertEqual(convert(1), (1.0, 0.0))\\n  File \\\"/Users/watch/PycharmProjects/XXXX-1-LLM/workspace/2024-03-11_18-30-56-136542/test_script.py\\\", line 7, in convert\\n    raise ValueError(\\\"Invalid input\\\")  # Handling the case where the input is not a valid complex number\\nValueError: Invalid input\\n\\n----------------------------------------------------------------------\\nRan 1 test in 0.001s\\n\\nFAILED (errors=1)\\n\\nConclusion:\\nCode Test Failed\\n\\nInput and Expected Output Example:\\nInput: 1\\nExpected Output: (1.0, 0.0)\\n\\nThe test script failed with the input of 1, as it raised a ValueError for invalid input instead of returning the expected output of (1.0, 0.0). The test did not pass the assertion.\\n\\nAction:\\nThe code needs to be reviewed and updated to handle the input appropriately and return the expected output. Further testing and debugging are required to ensure the function works as intended., do you have any ideas?\\n-----\\n\\n[Tester]says: As a Tester, I recommend reviewing and updating the code to handle the input appropriately and return the expected output to ensure the function works as intended.\\n-----\\n\\n[Developer]says: As a Developer, I will review the code and update it to handle the input appropriately in order to return the expected output.\\n-----\\n\\n[Architect]says: As an Architect, I think we need to review the code and update it to handle the input appropriately in order to return the expected output.\\n-----\\n\\n[ProductOwner]says: As a Product Owner, I think we need to prioritize fixing the code to handle the input appropriately and return the expected output before further testing and debugging.\\n-----\\n\\n[Developer]says: [Developer] I will review the code and update it to handle the input appropriately in order to return the expected output.\\n-----\\n\\n[Tester]says: As a Tester, I recommend reviewing and updating the code to handle the input appropriately and return the expected output to ensure the function works as intended.\\n-----\\n\\n[Architect]says: As an Architect, I recommend conducting a code review and updating it to handle the input appropriately to return the expected output.\\n-----\\n\\n[ProductOwner]says: As a Product Owner, I think we need to prioritize fixing the code to handle the input appropriately and return the expected output before further testing and debugging.\\n-----\\n\", \"Question\": \"Follow the Instruction section. The Discussion History is in the Context section. You only need to return a list as the Example section.\"}",
    "RepairResponse0": "{\n  \"revised_code\": \"def convert(number):\\n    try:\\n        polar = (abs(number), cmath.phase(number))\\n        return polar\\n    except TypeError:\\n        raise ValueError(\\\"Invalid input\\\")\"\n}",
    "RepairResponse0_prompt": {
        "Role": "You are a professional software engineer. Your duty is to write code in Python that meets the requirements. Ensure that the code you write is efficient, readable, and follows best practices. Remember, do not need to explain the code you wrote.",
        "Instruction": "1. Rewrite a bug fix version of the original code. 2. Response in JSON format.",
        "Example": "{\"revised_code\":\"...\"}",
        "Context": "# Test Report:\nTest Report:\n\nTest Script Output:\nE\n======================================================================\nERROR: test (__main__.Test)\n----------------------------------------------------------------------\nTraceback (most recent call last):\n  File \"/Users/watch/PycharmProjects/XXXX-1-LLM/workspace/2024-03-11_18-30-56-136542/test_script.py\", line 12, in test\n    self.assertEqual(convert(1), (1.0, 0.0))\n  File \"/Users/watch/PycharmProjects/XXXX-1-LLM/workspace/2024-03-11_18-30-56-136542/test_script.py\", line 7, in convert\n    raise ValueError(\"Invalid input\")  # Handling the case where the input is not a valid complex number\nValueError: Invalid input\n\n----------------------------------------------------------------------\nRan 1 test in 0.001s\n\nFAILED (errors=1)\n\nConclusion:\nCode Test Failed\n\nInput and Expected Output Example:\nInput: 1\nExpected Output: (1.0, 0.0)\n\nThe test script failed with the input of 1, as it raised a ValueError for invalid input instead of returning the expected output of (1.0, 0.0). The test did not pass the assertion.\n\nAction:\nThe code needs to be reviewed and updated to handle the input appropriately and return the expected output. Further testing and debugging are required to ensure the function works as intended.# suggestions:\n{\"product-owner\": [\"Prioritize fixing the code to handle the input appropriately and return the expected output before further testing and debugging\"], \"architect\": [\"Review and update the code to handle the input appropriately in order to return the expected output\", \"Conduct a code review and update it to handle the input appropriately to return the expected output\"], \"developer\": [\"Review the code and update it to handle the input appropriately in order to return the expected output\"], \"tester\": [\"Review and update the code to handle the input appropriately and return the expected output to ensure the function works as intended\"]}",
        "Question": "The original code has some bugs, according to the test report and suggestions, rewrite the code. Complete the following code:\ndef convert(numbers):    \n'''Write a python function to convert complex numbers to polar coordinates.\nassert convert(1) == (1.0, 0.0)'''\n"
    },
    "Code1": "def convert(number):\n    try:\n        polar = (abs(number), cmath.phase(number))\n        return polar\n    except TypeError:\n        raise ValueError(\"Invalid input\")",
    "ScriptResult1": "E\n======================================================================\nERROR: test (__main__.Test)\n----------------------------------------------------------------------\nTraceback (most recent call last):\n  File \"/Users/watch/PycharmProjects/XXXX-1-LLM/workspace/2024-03-11_18-30-56-136542/test_script.py\", line 11, in test\n    self.assertEqual(convert(1), (1.0, 0.0))\n  File \"/Users/watch/PycharmProjects/XXXX-1-LLM/workspace/2024-03-11_18-30-56-136542/test_script.py\", line 3, in convert\n    polar = (abs(number), cmath.phase(number))\nNameError: name 'cmath' is not defined\n\n----------------------------------------------------------------------\nRan 1 test in 0.000s\n\nFAILED (errors=1)\n",
    "TestReport1": "Test Report:\n\nTest Script Output:\nE\n======================================================================\nERROR: test (__main__.Test)\n----------------------------------------------------------------------\nTraceback (most recent call last):\n  File \"/Users/watch/PycharmProjects/XXXX-1-LLM/workspace/2024-03-11_18-30-56-136542/test_script.py\", line 11, in test\n    self.assertEqual(convert(1), (1.0, 0.0))\n  File \"/Users/watch/PycharmProjects/XXXX-1-LLM/workspace/2024-03-11_18-30-56-136542/test_script.py\", line 3, in convert\n    polar = (abs(number), cmath.phase(number))\nNameError: name 'cmath' is not defined\n\n----------------------------------------------------------------------\nRan 1 test in 0.000s\n\nFAILED (errors=1)\n\nConclusion: Code Test Failed\n\nInput and Expected Output Example:\ndef convert(number):\n    try:\n        polar = (abs(number), cmath.phase(number))\n        return polar\n    except TypeError:\n        raise ValueError(\"Invalid input\")\n\nIn this case, the test failed due to the NameError 'cmath' is not defined. The code did not pass the test.",
    "SprintReview1": "[ScrumMaster]says: Here is our test Report: Test Report:\n\nTest Script Output:\nE\n======================================================================\nERROR: test (__main__.Test)\n----------------------------------------------------------------------\nTraceback (most recent call last):\n  File \"/Users/watch/PycharmProjects/XXXX-1-LLM/workspace/2024-03-11_18-30-56-136542/test_script.py\", line 11, in test\n    self.assertEqual(convert(1), (1.0, 0.0))\n  File \"/Users/watch/PycharmProjects/XXXX-1-LLM/workspace/2024-03-11_18-30-56-136542/test_script.py\", line 3, in convert\n    polar = (abs(number), cmath.phase(number))\nNameError: name 'cmath' is not defined\n\n----------------------------------------------------------------------\nRan 1 test in 0.000s\n\nFAILED (errors=1)\n\nConclusion: Code Test Failed\n\nInput and Expected Output Example:\ndef convert(number):\n    try:\n        polar = (abs(number), cmath.phase(number))\n        return polar\n    except TypeError:\n        raise ValueError(\"Invalid input\")\n\nIn this case, the test failed due to the NameError 'cmath' is not defined. The code did not pass the test., do you have any ideas?\n-----\n\n[Developer]says: As a Developer, I will investigate the NameError 'cmath' and ensure that the required module is imported correctly in the code.\n-----\n\n[Tester]says: As a Tester, I suggest checking if the 'cmath' library is properly imported before its usage in the code.\n-----\n\n[ProductOwner]says: As a Product Owner, I think we should prioritize fixing the NameError 'cmath' issue as it is preventing the code from passing the test. This should be the first step in our product development process.\n-----\n\n[Architect]says: As an Architect, I believe we should review the code and ensure that the required libraries, such as 'cmath', are properly imported and utilized in the test script.\n-----\n\n[Developer]says: As a Developer, I will investigate the NameError 'cmath' and ensure that the required module is imported correctly in the code.\n-----\n\n[ProductOwner]says: As a Product Owner, I think we should prioritize fixing the NameError 'cmath' issue as it is preventing the code from passing the test. This should be the first step in our product development process.\n-----\n\n[Architect]says: As an Architect, I think the first step is to review the code and ensure that the required libraries, such as 'cmath', are properly imported and utilized in the test script.\n-----\n\n[Tester]says: As a Tester, I suggest checking if the 'cmath' library is properly imported before its usage in the code.\n-----\n",
    "SprintReviewMeetings1": "{\n  \"product-owner\": [\"we should prioritize fixing the NameError 'cmath' issue as it is preventing the code from passing the test. This should be the first step in our product development process.\"],\n  \"architect\": [\"the first step is to review the code and ensure that the required libraries, such as 'cmath', are properly imported and utilized in the test script.\"],\n  \"developer\": [\"I will investigate the NameError 'cmath' and ensure that the required module is imported correctly in the code.\"],\n  \"tester\": [\"checking if the 'cmath' library is properly imported before its usage in the code.\"]\n}",
    "SprintReviewMeetings1_prompt": "{\"Role\": \"You are a professional scrum master. Your goal is to summary the Discussion History into a suggestions list for the scrum team.\", \"Instruction\": \"1. Read and Understand the Discussion History. 2. Summary the suggestions from four roles: product-owner/architect/developer/tester. 3. Response in JSON format.\", \"Example\": \"{\\\"product-owner\\\":[\\\"suggestion1\\\",\\\"suggestion2\\\"],\\\"architect\\\":[\\\"suggestion1\\\",\\\"suggestion2\\\"], \\\"developer\\\":[\\\"suggestion1\\\",\\\"suggestion2\\\"], \\\"tester\\\":[\\\"suggestion1\\\",\\\"suggestion2\\\"]}\", \"Context\": \"[ScrumMaster]says: Here is our test Report: Test Report:\\n\\nTest Script Output:\\nE\\n======================================================================\\nERROR: test (__main__.Test)\\n----------------------------------------------------------------------\\nTraceback (most recent call last):\\n  File \\\"/Users/watch/PycharmProjects/XXXX-1-LLM/workspace/2024-03-11_18-30-56-136542/test_script.py\\\", line 11, in test\\n    self.assertEqual(convert(1), (1.0, 0.0))\\n  File \\\"/Users/watch/PycharmProjects/XXXX-1-LLM/workspace/2024-03-11_18-30-56-136542/test_script.py\\\", line 3, in convert\\n    polar = (abs(number), cmath.phase(number))\\nNameError: name 'cmath' is not defined\\n\\n----------------------------------------------------------------------\\nRan 1 test in 0.000s\\n\\nFAILED (errors=1)\\n\\nConclusion: Code Test Failed\\n\\nInput and Expected Output Example:\\ndef convert(number):\\n    try:\\n        polar = (abs(number), cmath.phase(number))\\n        return polar\\n    except TypeError:\\n        raise ValueError(\\\"Invalid input\\\")\\n\\nIn this case, the test failed due to the NameError 'cmath' is not defined. The code did not pass the test., do you have any ideas?\\n-----\\n\\n[Developer]says: As a Developer, I will investigate the NameError 'cmath' and ensure that the required module is imported correctly in the code.\\n-----\\n\\n[Tester]says: As a Tester, I suggest checking if the 'cmath' library is properly imported before its usage in the code.\\n-----\\n\\n[ProductOwner]says: As a Product Owner, I think we should prioritize fixing the NameError 'cmath' issue as it is preventing the code from passing the test. This should be the first step in our product development process.\\n-----\\n\\n[Architect]says: As an Architect, I believe we should review the code and ensure that the required libraries, such as 'cmath', are properly imported and utilized in the test script.\\n-----\\n\\n[Developer]says: As a Developer, I will investigate the NameError 'cmath' and ensure that the required module is imported correctly in the code.\\n-----\\n\\n[ProductOwner]says: As a Product Owner, I think we should prioritize fixing the NameError 'cmath' issue as it is preventing the code from passing the test. This should be the first step in our product development process.\\n-----\\n\\n[Architect]says: As an Architect, I think the first step is to review the code and ensure that the required libraries, such as 'cmath', are properly imported and utilized in the test script.\\n-----\\n\\n[Tester]says: As a Tester, I suggest checking if the 'cmath' library is properly imported before its usage in the code.\\n-----\\n\", \"Question\": \"Follow the Instruction section. The Discussion History is in the Context section. You only need to return a list as the Example section.\"}",
    "RepairResponse1": "{\n  \"revised_code\": \"import cmath\\n\\ndef convert(number):\\n    try:\\n        polar = (abs(number), cmath.phase(number))\\n        return polar\\n    except TypeError:\\n        raise ValueError(\\\"Invalid input\\\")\"\n}",
    "RepairResponse1_prompt": {
        "Role": "You are a professional software engineer. Your duty is to write code in Python that meets the requirements. Ensure that the code you write is efficient, readable, and follows best practices. Remember, do not need to explain the code you wrote.",
        "Instruction": "1. Rewrite a bug fix version of the original code. 2. Response in JSON format.",
        "Example": "{\"revised_code\":\"...\"}",
        "Context": "# Test Report:\nTest Report:\n\nTest Script Output:\nE\n======================================================================\nERROR: test (__main__.Test)\n----------------------------------------------------------------------\nTraceback (most recent call last):\n  File \"/Users/watch/PycharmProjects/XXXX-1-LLM/workspace/2024-03-11_18-30-56-136542/test_script.py\", line 11, in test\n    self.assertEqual(convert(1), (1.0, 0.0))\n  File \"/Users/watch/PycharmProjects/XXXX-1-LLM/workspace/2024-03-11_18-30-56-136542/test_script.py\", line 3, in convert\n    polar = (abs(number), cmath.phase(number))\nNameError: name 'cmath' is not defined\n\n----------------------------------------------------------------------\nRan 1 test in 0.000s\n\nFAILED (errors=1)\n\nConclusion: Code Test Failed\n\nInput and Expected Output Example:\ndef convert(number):\n    try:\n        polar = (abs(number), cmath.phase(number))\n        return polar\n    except TypeError:\n        raise ValueError(\"Invalid input\")\n\nIn this case, the test failed due to the NameError 'cmath' is not defined. The code did not pass the test.# suggestions:\n{\"product-owner\": [\"we should prioritize fixing the NameError 'cmath' issue as it is preventing the code from passing the test. This should be the first step in our product development process.\"], \"architect\": [\"the first step is to review the code and ensure that the required libraries, such as 'cmath', are properly imported and utilized in the test script.\"], \"developer\": [\"I will investigate the NameError 'cmath' and ensure that the required module is imported correctly in the code.\"], \"tester\": [\"checking if the 'cmath' library is properly imported before its usage in the code.\"]}",
        "Question": "The original code has some bugs, according to the test report and suggestions, rewrite the code. Complete the following code:\ndef convert(numbers):    \n'''Write a python function to convert complex numbers to polar coordinates.\nassert convert(1) == (1.0, 0.0)'''\n"
    },
    "Code2": "import cmath\n\ndef convert(number):\n    try:\n        polar = (abs(number), cmath.phase(number))\n        return polar\n    except TypeError:\n        raise ValueError(\"Invalid input\")",
    "ScriptResult2": ".\n----------------------------------------------------------------------\nRan 1 test in 0.000s\n\nOK\n",
    "TestReport2": "Test Report:\n\n- Test script's output:\n  .\n  ----------------------------------------------------------------------\n  Ran 1 test in 0.000s\n\n  OK\n\nConclusion: Code Test Passed\n\nNote: The code has passed the test with the given output."
}