{
    "start_time": "2024-02-13_16-31-50-164021",
    "task": "\n\n\ndef sum_squares(lst):\n    \"\"\"\"\n    This function will take a list of integers. For all entries in the list, the function shall square the integer entry if its index is a \n    multiple of 3 and will cube the integer entry if its index is a multiple of 4 and not a multiple of 3. The function will not \n    change the entries in the list whose indexes are not a multiple of 3 or 4. The function shall then return the sum of all entries. \n    \n    Examples:\n    For lst = [1,2,3] the output should be 6\n    For lst = []  the output should be 0\n    For lst = [-1,-5,2,-1,-5]  the output should be -126\n    \"\"\"\n",
    "datetime": {
        "task": "2024-02-13 16:31:50",
        "task-id": "2024-02-13 16:31:50",
        "workflow": "2024-02-13 16:31:50",
        "Discussion": "2024-02-13 16:31:52",
        "DisorderedSprintMeetings": "2024-02-13 16:31:53",
        "UserStoryDraft0": "2024-02-13 16:31:56",
        "AnalyzeMeetings": "2024-02-13 16:31:58",
        "UserStory0": "2024-02-13 16:32:00",
        "CodeDraft0": "2024-02-13 16:32:01",
        "CodeReviewMeetings0": "2024-02-13 16:32:03",
        "Code0CR": "2024-02-13 16:32:04",
        "FinalCode": "2024-02-13 16:32:38",
        "Test Cases Draft": "2024-02-13 16:32:06",
        "Test Cases Meetings": "2024-02-13 16:32:08",
        "Test Cases": "2024-02-13 16:32:10",
        "Code0": "2024-02-13 16:32:12",
        "TestScriptOriginal": "2024-02-13 16:32:14",
        "TestScript": "2024-02-13 16:32:14",
        "ScriptResult0": "2024-02-13 16:32:14",
        "TestReport0": "2024-02-13 16:32:19",
        "SprintReview0": "2024-02-13 16:32:21",
        "SprintReviewMeetings0": "2024-02-13 16:32:23",
        "RepairResponse0": "2024-02-13 16:32:26",
        "Code1": "2024-02-13 16:32:26",
        "ScriptResult1": "2024-02-13 16:32:26",
        "TestReport1": "2024-02-13 16:32:32",
        "SprintReview1": "2024-02-13 16:32:34",
        "SprintReviewMeetings1": "2024-02-13 16:32:36",
        "RepairResponse1": "2024-02-13 16:32:38",
        "Code2": "2024-02-13 16:32:38",
        "ScriptResult2": "2024-02-13 16:32:38",
        "TestReport2": "2024-02-13 16:32:44",
        "SprintReview2": "2024-02-13 16:32:45",
        "SprintReviewMeetings2": "2024-02-13 16:32:48",
        "RepairResponse2": "2024-02-13 16:32:54"
    },
    "task-id": "HumanEval/142",
    "workflow": "agile/agile_version_0.0.5_remove_stage.json",
    "Discussion": "[ScrumMaster]says: We have a job: \n\n\ndef sum_squares(lst):\n    \"\"\"\"\n    This function will take a list of integers. For all entries in the list, the function shall square the integer entry if its index is a \n    multiple of 3 and will cube the integer entry if its index is a multiple of 4 and not a multiple of 3. The function will not \n    change the entries in the list whose indexes are not a multiple of 3 or 4. The function shall then return the sum of all entries. \n    \n    Examples:\n    For lst = [1,2,3] the output should be 6\n    For lst = []  the output should be 0\n    For lst = [-1,-5,2,-1,-5]  the output should be -126\n    \"\"\"\n, do you have any ideas?\n-----\n\n[Tester]says: As a Tester, I would like to verify if the function returns the correct sum for the given list examples.\n-----\n\n[ProductOwner]says: As a Product Owner, I think we should prioritize creating clear user stories and acceptance criteria for this task before development begins.\n-----\n\n[Developer]says: As a developer, I think the first step is to define the logic for identifying and squaring or cubing the entries based on their index.\n-----\n\n[Architect]says: As an Architect, I would suggest creating a clear plan for the function before writing any code to ensure efficient and effective implementation.\n-----\n\n[ProductOwner]says: As a Product Owner, I think we should prioritize creating clear user stories and acceptance criteria for this task before development begins.\n-----\n\n[Tester]says: As a Tester, I will make sure to test the function with the given list examples to verify the correctness of the sum.\n-----\n\n[Developer]says: As a developer, I will start by defining the logic for identifying and squaring or cubing the entries based on their index.\n-----\n\n[Architect]says: As an Architect, I would suggest creating a clear plan for the function before writing any code to ensure efficient and effective implementation.\n-----\n",
    "DisorderedSprintMeetings": "{\n  \"product-owner\": [\"Create user stories and acceptance criteria\", \"Prioritize user stories and acceptance criteria\"],\n  \"architect\": [\"Create a clear plan for the function\", \"Ensure efficient and effective implementation\"],\n  \"developer\": [\"Define logic for identifying and squaring or cubing the entries\", \"Start coding based on the defined logic\"],\n  \"tester\": [\"Verify function returns correct sum for given list examples\", \"Test function with given list examples\"]\n}",
    "DisorderedSprintMeetings_prompt": "{\"Role\": \"You are a professional scrum master. Your goal is to breakdown the Discussion History into a task list for the scrum team.\", \"Instruction\": \"1. Read and Understand the Discussion History. 2. Define the tasks for four roles: product-owner/architect/developer/tester. 3. Response in JSON format.\", \"Example\": \"{\\\"product-owner\\\":[\\\"task1\\\",\\\"task2\\\"],\\\"architect\\\":[\\\"task1\\\",\\\"task2\\\"], \\\"developer\\\":[\\\"task1\\\",\\\"task2\\\"], \\\"tester\\\":[\\\"task1\\\",\\\"task2\\\"]}\", \"Context\": \"[ScrumMaster]says: We have a job: \\n\\n\\ndef sum_squares(lst):\\n    \\\"\\\"\\\"\\\"\\n    This function will take a list of integers. For all entries in the list, the function shall square the integer entry if its index is a \\n    multiple of 3 and will cube the integer entry if its index is a multiple of 4 and not a multiple of 3. The function will not \\n    change the entries in the list whose indexes are not a multiple of 3 or 4. The function shall then return the sum of all entries. \\n    \\n    Examples:\\n    For lst = [1,2,3] the output should be 6\\n    For lst = []  the output should be 0\\n    For lst = [-1,-5,2,-1,-5]  the output should be -126\\n    \\\"\\\"\\\"\\n, do you have any ideas?\\n-----\\n\\n[Tester]says: As a Tester, I would like to verify if the function returns the correct sum for the given list examples.\\n-----\\n\\n[ProductOwner]says: As a Product Owner, I think we should prioritize creating clear user stories and acceptance criteria for this task before development begins.\\n-----\\n\\n[Developer]says: As a developer, I think the first step is to define the logic for identifying and squaring or cubing the entries based on their index.\\n-----\\n\\n[Architect]says: As an Architect, I would suggest creating a clear plan for the function before writing any code to ensure efficient and effective implementation.\\n-----\\n\\n[ProductOwner]says: As a Product Owner, I think we should prioritize creating clear user stories and acceptance criteria for this task before development begins.\\n-----\\n\\n[Tester]says: As a Tester, I will make sure to test the function with the given list examples to verify the correctness of the sum.\\n-----\\n\\n[Developer]says: As a developer, I will start by defining the logic for identifying and squaring or cubing the entries based on their index.\\n-----\\n\\n[Architect]says: As an Architect, I would suggest creating a clear plan for the function before writing any code to ensure efficient and effective implementation.\\n-----\\n\", \"Question\": \"Follow the Instruction section. The Discussion History is in the Context section. You only need to return a task list as the Example section.\"}",
    "UserStoryDraft0": "{\n  \"UserStory\": \"As a product owner, I want a function that takes a list of integers and squares the integer if its index is a multiple of 3, cubes the integer if its index is a multiple of 4 and not a multiple of 3, and returns the sum of all entries. The function should not change the entries in the list whose indexes are not a multiple of 3 or 4.\",\n  \"AcceptanceCriteria\": \"1. The function should return the sum of squared and cubed entries in the list according to the specified conditions.\\n2. The function should handle empty lists and return 0.\\n3. The function should handle negative integers and return the correct sum.\"\n}",
    "UserStoryDraft0_prompt": "{\"Role\": \"You need to act as a professional product owner. Your task is to write a UserStory\", \"Instruction\": \"According to the Context, please analyze the requirement and write your response. Response in JSON format. Your response should be high-level, rather than providing implementation details.\", \"Example\": \"\", \"Context\": [\"Create user stories and acceptance criteria\", \"Prioritize user stories and acceptance criteria\"], \"Question\": \"Follow the Instruction. The requirement is as follows:\\n\\n\\n\\ndef sum_squares(lst):\\n    \\\"\\\"\\\"\\\"\\n    This function will take a list of integers. For all entries in the list, the function shall square the integer entry if its index is a \\n    multiple of 3 and will cube the integer entry if its index is a multiple of 4 and not a multiple of 3. The function will not \\n    change the entries in the list whose indexes are not a multiple of 3 or 4. The function shall then return the sum of all entries. \\n    \\n    Examples:\\n    For lst = [1,2,3] the output should be 6\\n    For lst = []  the output should be 0\\n    For lst = [-1,-5,2,-1,-5]  the output should be -126\\n    \\\"\\\"\\\"\\n\"}",
    "AnalyzeMeetings": "{\n  \"Architect\": \"I suggest breaking down the function into smaller, more manageable sub-functions to handle the different calculations for squared and cubed integers. This will improve the readability and maintainability of the code. Also, consider adding error handling for invalid input such as non-integer entries or non-list input.\",\n  \"Tester\": \"I suggest writing test cases to cover different scenarios such as empty lists, lists with only one entry, lists with negative integers, and lists with both squared and cubed integers. Additionally, ensure that the function returns the correct sum according to the specified conditions and handles edge cases appropriately.\"\n}",
    "UserStory0": "{\n  \"RevisedDocument\": {\n    \"UserStory\": \"As a product owner, I want a function that takes a list of integers and squares the integer if its index is a multiple of 3, cubes the integer if its index is a multiple of 4 and not a multiple of 3, and returns the sum of all entries. The function should not change the entries in the list whose indexes are not a multiple of 3 or 4.\",\n    \"AcceptanceCriteria\": \"1. The function should return the sum of squared and cubed entries in the list according to the specified conditions.\\n2. The function should handle empty lists and return 0.\\n3. The function should handle negative integers and return the correct sum.\"\n  }\n}",
    "UserStory0_prompt": {
        "Role": "You need to act as a professional product owner. Your duty is to revise the document based on the suggestions.",
        "Instruction": "1. Read the suggestions. 2. Revise your draft version document. 3. Response in JSON format. 4. REMEMBER: Your analysis should be high-level, rather than providing implementation details.",
        "Example": "",
        "Context": "# Suggestion:\n{\n  \"Architect\": \"I suggest breaking down the function into smaller, more manageable sub-functions to handle the different calculations for squared and cubed integers. This will improve the readability and maintainability of the code. Also, consider adding error handling for invalid input such as non-integer entries or non-list input.\",\n  \"Tester\": \"I suggest writing test cases to cover different scenarios such as empty lists, lists with only one entry, lists with negative integers, and lists with both squared and cubed integers. Additionally, ensure that the function returns the correct sum according to the specified conditions and handles edge cases appropriately.\"\n}",
        "Question": "Follow the Instruction. Your colleague give you some suggestions(in the Context section) about this draft document:{\n  \"UserStory\": \"As a product owner, I want a function that takes a list of integers and squares the integer if its index is a multiple of 3, cubes the integer if its index is a multiple of 4 and not a multiple of 3, and returns the sum of all entries. The function should not change the entries in the list whose indexes are not a multiple of 3 or 4.\",\n  \"AcceptanceCriteria\": \"1. The function should return the sum of squared and cubed entries in the list according to the specified conditions.\\n2. The function should handle empty lists and return 0.\\n3. The function should handle negative integers and return the correct sum.\"\n}"
    },
    "CodeDraft0": "def sum_squares(lst):\n    sum = 0\n    for i in range(len(lst)):\n        if i % 3 == 0:\n            sum += lst[i] ** 2\n        elif i % 4 == 0 and i % 3 != 0:\n            sum += lst[i] ** 3\n        else:\n            sum += lst[i]\n    return sum",
    "CodeDraft0_prompt": {
        "Role": "You are a professional engineer. Your duty is to write code in Python that meets the requirements. Ensure that the code you write is efficient, readable, and follows best practices. Remember, do not need to explain the code you wrote.",
        "Instruction": "According to the Context section, write your code.",
        "Example": "",
        "Context": "# Tasks:\n['Define logic for identifying and squaring or cubing the entries', 'Start coding based on the defined logic']\n",
        "Question": "Follow the Instruction section. Complete the following code:\n\n\n\ndef sum_squares(lst):\n    \"\"\"\"\n    This function will take a list of integers. For all entries in the list, the function shall square the integer entry if its index is a \n    multiple of 3 and will cube the integer entry if its index is a multiple of 4 and not a multiple of 3. The function will not \n    change the entries in the list whose indexes are not a multiple of 3 or 4. The function shall then return the sum of all entries. \n    \n    Examples:\n    For lst = [1,2,3] the output should be 6\n    For lst = []  the output should be 0\n    For lst = [-1,-5,2,-1,-5]  the output should be -126\n    \"\"\"\n"
    },
    "CodeReviewMeetings0": "{\n  \"Architect\": \"Consider using a more descriptive variable name instead of 'sum' to avoid shadowing the built-in 'sum' function. Also, consider using a more readable way to check for conditions in the loop.\",\n  \"Tester\": \"Test the function with different input lists to ensure it produces the correct sum of squares according to the given conditions. Also, test edge cases such as empty list or single element list.\"\n}",
    "Code0CR": "def calculate_sum_of_squares_and_cubes(lst):\n    sum_total = 0\n    for i in range(len(lst)):\n        if i % 3 == 0:\n            sum_total += lst[i] ** 2\n        elif i % 4 == 0 and i % 3 != 0:\n            sum_total += lst[i] ** 3\n    return sum_total",
    "Code0CR_prompt": "{\"Role\": \"You are a professional software engineer. Your duty is to write code in Python that meets the requirements. Ensure that the code you write is efficient, readable, and follows best practices. Remember, do not need to explain the code you wrote.\", \"Instruction\": \"1. Understand the suggestions(in the Context section) about the original code. 2. Rewrite your code.\", \"Example\": \"\", \"Context\": \"# Tasks:\\n['Define logic for identifying and squaring or cubing the entries', 'Start coding based on the defined logic']\\n# Suggestions:\\n{\\n  \\\"Architect\\\": \\\"Consider using a more descriptive variable name instead of 'sum' to avoid shadowing the built-in 'sum' function. Also, consider using a more readable way to check for conditions in the loop.\\\",\\n  \\\"Tester\\\": \\\"Test the function with different input lists to ensure it produces the correct sum of squares according to the given conditions. Also, test edge cases such as empty list or single element list.\\\"\\n}\", \"Question\": \"Follow the Instruction section. Complete the following code:\\n\\n\\n\\ndef sum_squares(lst):\\n    \\\"\\\"\\\"\\\"\\n    This function will take a list of integers. For all entries in the list, the function shall square the integer entry if its index is a \\n    multiple of 3 and will cube the integer entry if its index is a multiple of 4 and not a multiple of 3. The function will not \\n    change the entries in the list whose indexes are not a multiple of 3 or 4. The function shall then return the sum of all entries. \\n    \\n    Examples:\\n    For lst = [1,2,3] the output should be 6\\n    For lst = []  the output should be 0\\n    For lst = [-1,-5,2,-1,-5]  the output should be -126\\n    \\\"\\\"\\\"\\n\"}",
    "FinalCode": "def sum_squares(lst):\n    sum_total = 0\n    for i in range(len(lst)):\n        if (i + 1) % 3 == 0:\n            sum_total += lst[i] ** 2\n        elif (i + 1) % 4 == 0 and (i + 1) % 3 != 0:\n            sum_total += lst[i] ** 3\n    return sum_total",
    "Test Cases Draft": "{\n  \"test_cases\": [\n    {\n      \"Test Title\": \"Empty List\",\n      \"Input Data\": \"lst=[]\",\n      \"Expected Output\": \"0\"\n    },\n    {\n      \"Test Title\": \"List with positive integers\",\n      \"Input Data\": \"lst=[1,2,3]\",\n      \"Expected Output\": \"6\"\n    },\n    {\n      \"Test Title\": \"List with negative integers\",\n      \"Input Data\": \"lst=[-1,-5,2,-1,-5]\",\n      \"Expected Output\": \"-126\"\n    }\n  ]\n}",
    "Test Cases Draft_prompt": "{\"Role\": \"You are a quality assurance engineer. Your duty is to design test cases for the developers.\", \"Instruction\": \"According to the Context section, write test cases. Don't write long strings in your test cases. Response in JSON format.\", \"Example\": \"{\\\"requirement analysis\\\":\\\"analysis\\\",\\\"test_cases\\\":[{\\\"Test Title\\\":\\\"title\\\", \\\"Input Data\\\":\\\"parameter1=[1,2,3],parameter2='123'\\\", \\\"Expected Output\\\":\\\"456\\\"},]}\", \"Context\": \"# UsrtStory:\\n{\\n  \\\"RevisedDocument\\\": {\\n    \\\"UserStory\\\": \\\"As a product owner, I want a function that takes a list of integers and squares the integer if its index is a multiple of 3, cubes the integer if its index is a multiple of 4 and not a multiple of 3, and returns the sum of all entries. The function should not change the entries in the list whose indexes are not a multiple of 3 or 4.\\\",\\n    \\\"AcceptanceCriteria\\\": \\\"1. The function should return the sum of squared and cubed entries in the list according to the specified conditions.\\\\n2. The function should handle empty lists and return 0.\\\\n3. The function should handle negative integers and return the correct sum.\\\"\\n  }\\n}\\n# Tasks:\\n['Verify function returns correct sum for given list examples', 'Test function with given list examples']\\n\", \"Question\": \"\\n\\n\\ndef sum_squares(lst):\\n    \\\"\\\"\\\"\\\"\\n    This function will take a list of integers. For all entries in the list, the function shall square the integer entry if its index is a \\n    multiple of 3 and will cube the integer entry if its index is a multiple of 4 and not a multiple of 3. The function will not \\n    change the entries in the list whose indexes are not a multiple of 3 or 4. The function shall then return the sum of all entries. \\n    \\n    Examples:\\n    For lst = [1,2,3] the output should be 6\\n    For lst = []  the output should be 0\\n    For lst = [-1,-5,2,-1,-5]  the output should be -126\\n    \\\"\\\"\\\"\\n\"}",
    "Test Cases Meetings": "{\n  \"Architect\": \"As an Architect, I suggest revising the test cases to include boundary cases such as an input list with only one element, a list with a mix of positive and negative integers, and an input list with a large number of elements to ensure the robustness of the function.\",\n  \"Developer\": \"As a Developer, I recommend revising the test cases to include edge cases such as an empty list, a list with one element, and a list with a large number of elements to cover all possible scenarios and ensure the accuracy of the function.\"\n}",
    "Test Cases": "{\n  \"test_cases\": [\n    {\n      \"Test Title\": \"Empty List\",\n      \"Input Data\": \"lst=[]\",\n      \"Expected Output\": \"0\"\n    },\n    {\n      \"Test Title\": \"List with one element\",\n      \"Input Data\": \"lst=[1]\",\n      \"Expected Output\": \"1\"\n    },\n    {\n      \"Test Title\": \"List with a large number of elements\",\n      \"Input Data\": \"lst=[1,2,3,4,5,6,7,8,9,10,11,12,13,14,15,16,17,18,19,20]\",\n      \"Expected Output\": \"1330\"\n    }\n  ]\n}",
    "Test Cases_prompt": "{\"Role\": \"You are a quality assurance engineer. Your duty is to revise the test cases based on the suggestions.\", \"Instruction\": \"1. Your colleague give you some suggestions(in the Context section) about the draft test cases, read these suggestions. 2. Revise your draft version test cases, but don't use long parameters. 3. Response in JSON format.\", \"Example\": \"{\\\"requirement analysis\\\":\\\"analysis\\\",\\\"test_cases\\\":[{\\\"Test Title\\\":\\\"title\\\", \\\"Input Data\\\":\\\"parameter1=[1,2,3],parameter2='123'\\\", \\\"Expected Output\\\":\\\"456\\\"},]}\", \"Context\": \"# Suggestions:\\n{\\n  \\\"Architect\\\": \\\"As an Architect, I suggest revising the test cases to include boundary cases such as an input list with only one element, a list with a mix of positive and negative integers, and an input list with a large number of elements to ensure the robustness of the function.\\\",\\n  \\\"Developer\\\": \\\"As a Developer, I recommend revising the test cases to include edge cases such as an empty list, a list with one element, and a list with a large number of elements to cover all possible scenarios and ensure the accuracy of the function.\\\"\\n}\\n # Draft Test cases:\\n{\\n  \\\"test_cases\\\": [\\n    {\\n      \\\"Test Title\\\": \\\"Empty List\\\",\\n      \\\"Input Data\\\": \\\"lst=[]\\\",\\n      \\\"Expected Output\\\": \\\"0\\\"\\n    },\\n    {\\n      \\\"Test Title\\\": \\\"List with positive integers\\\",\\n      \\\"Input Data\\\": \\\"lst=[1,2,3]\\\",\\n      \\\"Expected Output\\\": \\\"6\\\"\\n    },\\n    {\\n      \\\"Test Title\\\": \\\"List with negative integers\\\",\\n      \\\"Input Data\\\": \\\"lst=[-1,-5,2,-1,-5]\\\",\\n      \\\"Expected Output\\\": \\\"-126\\\"\\n    }\\n  ]\\n}\", \"Question\": \"Follow the Instruction. Please make sure your response length are less than 512. Your test cases is for the below question:\\n\\n\\n\\ndef sum_squares(lst):\\n    \\\"\\\"\\\"\\\"\\n    This function will take a list of integers. For all entries in the list, the function shall square the integer entry if its index is a \\n    multiple of 3 and will cube the integer entry if its index is a multiple of 4 and not a multiple of 3. The function will not \\n    change the entries in the list whose indexes are not a multiple of 3 or 4. The function shall then return the sum of all entries. \\n    \\n    Examples:\\n    For lst = [1,2,3] the output should be 6\\n    For lst = []  the output should be 0\\n    For lst = [-1,-5,2,-1,-5]  the output should be -126\\n    \\\"\\\"\\\"\\n\"}",
    "Code0": "def sum_squares(lst):\n    sum_total = 0\n    for i in range(len(lst)):\n        if i % 3 == 0:\n            sum_total += lst[i] ** 2\n        elif i % 4 == 0 and i % 3 != 0:\n            sum_total += lst[i] ** 3\n    return sum_total",
    "Code0_prompt": {
        "Role": "You are a professional software engineer. Your duty is to write code in Python that meets the requirements. Ensure that the code you write is efficient, readable, and follows best practices. Remember, do not need to explain the code you wrote.",
        "Instruction": "1. Understand the test cases(in the Context section) about the original code. 2. Rewrite your code, make sure your code pass all test cases.",
        "Example": "",
        "Context": "# Original Code:\ndef calculate_sum_of_squares_and_cubes(lst):\n    sum_total = 0\n    for i in range(len(lst)):\n        if i % 3 == 0:\n            sum_total += lst[i] ** 2\n        elif i % 4 == 0 and i % 3 != 0:\n            sum_total += lst[i] ** 3\n    return sum_total\n# Test Cases:\n{\n  \"test_cases\": [\n    {\n      \"Test Title\": \"Empty List\",\n      \"Input Data\": \"lst=[]\",\n      \"Expected Output\": \"0\"\n    },\n    {\n      \"Test Title\": \"List with one element\",\n      \"Input Data\": \"lst=[1]\",\n      \"Expected Output\": \"1\"\n    },\n    {\n      \"Test Title\": \"List with a large number of elements\",\n      \"Input Data\": \"lst=[1,2,3,4,5,6,7,8,9,10,11,12,13,14,15,16,17,18,19,20]\",\n      \"Expected Output\": \"1330\"\n    }\n  ]\n}",
        "Question": "\n\n\ndef sum_squares(lst):\n    \"\"\"\"\n    This function will take a list of integers. For all entries in the list, the function shall square the integer entry if its index is a \n    multiple of 3 and will cube the integer entry if its index is a multiple of 4 and not a multiple of 3. The function will not \n    change the entries in the list whose indexes are not a multiple of 3 or 4. The function shall then return the sum of all entries. \n    \n    Examples:\n    For lst = [1,2,3] the output should be 6\n    For lst = []  the output should be 0\n    For lst = [-1,-5,2,-1,-5]  the output should be -126\n    \"\"\"\n"
    },
    "TestScriptOriginal": "import unittest\n\ndef sum_squares(lst):\n    total = 0\n    for i in range(len(lst)):\n        if i % 3 == 0:\n            total += lst[i] ** 2\n        elif i % 4 == 0 and i % 3 != 0:\n            total += lst[i] ** 3\n    return total\n\nclass Test(unittest.TestCase):\n    def test1(self):\n        self.assertEqual(sum_squares([1,2,3]), 6)\n\n    def test2(self):\n        self.assertEqual(sum_squares([]), 0)\n\n    def test3(self):\n        self.assertEqual(sum_squares([-1,-5,2,-1,-5]), -126)\n\nif __name__ == '__main__':\n    unittest.main()",
    "TestScriptOriginal_prompt": "{\"Role\": \"You are a quality assurance engineer. Your duty is to write a python test script in unittest framework.\", \"Instruction\": \"1. Write a python test script. 2. Use the input and output given by the question.\", \"Example\": \"import unittest\\n\\nclass Test(unittest.TestCase):\\n    def test(self):\\n        self.assertEqual(function_under_test('a'), 1)\\n\\nif __name__ == '__main__':\\n    unittest.main()\", \"Context\": \"\", \"Question\": \"\\n\\n\\ndef sum_squares(lst):\\n    \\\"\\\"\\\"\\\"\\n    This function will take a list of integers. For all entries in the list, the function shall square the integer entry if its index is a \\n    multiple of 3 and will cube the integer entry if its index is a multiple of 4 and not a multiple of 3. The function will not \\n    change the entries in the list whose indexes are not a multiple of 3 or 4. The function shall then return the sum of all entries. \\n    \\n    Examples:\\n    For lst = [1,2,3] the output should be 6\\n    For lst = []  the output should be 0\\n    For lst = [-1,-5,2,-1,-5]  the output should be -126\\n    \\\"\\\"\\\"\\n\"}",
    "TestScript": "import unittest\n\nclass Test(unittest.TestCase):\n    def test1(self):\n        self.assertEqual(sum_squares([1,2,3]), 6)\n\n    def test2(self):\n        self.assertEqual(sum_squares([]), 0)\n\n    def test3(self):\n        self.assertEqual(sum_squares([-1,-5,2,-1,-5]), -126)\n\nif __name__ == '__main__':\n    unittest.main()",
    "ScriptResult0": "F.F\n======================================================================\nFAIL: test1 (__main__.Test)\n----------------------------------------------------------------------\nTraceback (most recent call last):\n  File \"/Users/watch/PycharmProjects/XXXX-1-LLM/workspace/2024-02-13_16-31-50-164021/test_script.py\", line 13, in test1\n    self.assertEqual(sum_squares([1,2,3]), 6)\nAssertionError: 1 != 6\n\n======================================================================\nFAIL: test3 (__main__.Test)\n----------------------------------------------------------------------\nTraceback (most recent call last):\n  File \"/Users/watch/PycharmProjects/XXXX-1-LLM/workspace/2024-02-13_16-31-50-164021/test_script.py\", line 19, in test3\n    self.assertEqual(sum_squares([-1,-5,2,-1,-5]), -126)\nAssertionError: -123 != -126\n\n----------------------------------------------------------------------\nRan 3 tests in 0.000s\n\nFAILED (failures=2)\n",
    "TestReport0": "Test Report:\n\nTest script's output:\nF.F\n======================================================================\nFAIL: test1 (__main__.Test)\n----------------------------------------------------------------------\nTraceback (most recent call last):\n  File \"/Users/watch/PycharmProjects/XXXX-1-LLM/workspace/2024-02-13_16-31-50-164021/test_script.py\", line 13, in test1\n    self.assertEqual(sum_squares([1,2,3]), 6)\nAssertionError: 1 != 6\n\n======================================================================\nFAIL: test3 (__main__.Test)\n----------------------------------------------------------------------\nTraceback (most recent call last):\n  File \"/Users/watch/PycharmProjects/XXXX-1-LLM/workspace/2024-02-13_16-31-50-164021/test_script.py\", line 19, in test3\n    self.assertEqual(sum_squares([-1,-5,2,-1,-5]), -126)\nAssertionError: -123 != -126\n\n----------------------------------------------------------------------\nRan 3 tests in 0.000s\n\nFAILED (failures=2)\n\nConclusion: Code Test Failed\n\nInput and expected output example:\ndef sum_squares(lst):\n    sum_total = 0\n    for i in range(len(lst)):\n        if i % 3 == 0:\n            sum_total += lst[i] ** 2\n        elif i % 4 == 0 and i % 3 != 0:\n            sum_total += lst[i] ** 3\n    return sum_total\n\nThe code has failed the test cases for sum_squares function. The expected output for the given inputs did not match the actual output. Further debugging and modification of the code is required to pass the tests.\n\nNote: Please let me know if you need further information or assistance.",
    "SprintReview0": "[ScrumMaster]says: Here is our test Report: Test Report:\n\nTest script's output:\nF.F\n======================================================================\nFAIL: test1 (__main__.Test)\n----------------------------------------------------------------------\nTraceback (most recent call last):\n  File \"/Users/watch/PycharmProjects/XXXX-1-LLM/workspace/2024-02-13_16-31-50-164021/test_script.py\", line 13, in test1\n    self.assertEqual(sum_squares([1,2,3]), 6)\nAssertionError: 1 != 6\n\n======================================================================\nFAIL: test3 (__main__.Test)\n----------------------------------------------------------------------\nTraceback (most recent call last):\n  File \"/Users/watch/PycharmProjects/XXXX-1-LLM/workspace/2024-02-13_16-31-50-164021/test_script.py\", line 19, in test3\n    self.assertEqual(sum_squares([-1,-5,2,-1,-5]), -126)\nAssertionError: -123 != -126\n\n----------------------------------------------------------------------\nRan 3 tests in 0.000s\n\nFAILED (failures=2)\n\nConclusion: Code Test Failed\n\nInput and expected output example:\ndef sum_squares(lst):\n    sum_total = 0\n    for i in range(len(lst)):\n        if i % 3 == 0:\n            sum_total += lst[i] ** 2\n        elif i % 4 == 0 and i % 3 != 0:\n            sum_total += lst[i] ** 3\n    return sum_total\n\nThe code has failed the test cases for sum_squares function. The expected output for the given inputs did not match the actual output. Further debugging and modification of the code is required to pass the tests.\n\nNote: Please let me know if you need further information or assistance., do you have any ideas?\n-----\n\n[ProductOwner]says: As a Product Owner, I think we need to prioritize fixing the issues in the code to ensure the product meets the expected quality standards.\n-----\n\n[Developer]says: As a Developer, I suggest reviewing the sum_squares function and checking the logic for calculating the sum_total.\n-----\n\n[Tester]says: As a Tester, I suggest reviewing the code to identify the issues and make necessary modifications to pass the tests.\n-----\n\n[Architect]says: As an Architect, I recommend thoroughly reviewing the code and identifying potential errors in the sum_squares function before making any modifications.\n-----\n\n[ProductOwner]says: As a Product Owner, I think we need to prioritize fixing the issues in the code to ensure the product meets the expected quality standards.\n-----\n\n[Tester]says: As a Tester, I suggest reviewing the code to identify the issues and make necessary modifications to pass the tests.\n-----\n\n[Developer]says: As a Developer, I will review the sum_squares function and check the logic for calculating the sum_total to fix the issues in the code.\n-----\n\n[Architect]says: As an Architect, I recommend thoroughly reviewing the code and identifying potential errors in the sum_squares function before making any modifications.\n-----\n",
    "SprintReviewMeetings0": "{\n  \"product-owner\": [\"I think we need to prioritize fixing the issues in the code to ensure the product meets the expected quality standards.\"],\n  \"architect\": [\"I recommend thoroughly reviewing the code and identifying potential errors in the sum_squares function before making any modifications.\"],\n  \"developer\": [\"I suggest reviewing the sum_squares function and checking the logic for calculating the sum_total.\"],\n  \"tester\": [\"I suggest reviewing the code to identify the issues and make necessary modifications to pass the tests.\"]\n}",
    "SprintReviewMeetings0_prompt": "{\"Role\": \"You are a professional scrum master. Your goal is to summary the Discussion History into a suggestions list for the scrum team.\", \"Instruction\": \"1. Read and Understand the Discussion History. 2. Summary the suggestions from four roles: product-owner/architect/developer/tester. 3. Response in JSON format.\", \"Example\": \"{\\\"product-owner\\\":[\\\"suggestion1\\\",\\\"suggestion2\\\"],\\\"architect\\\":[\\\"suggestion1\\\",\\\"suggestion2\\\"], \\\"developer\\\":[\\\"suggestion1\\\",\\\"suggestion2\\\"], \\\"tester\\\":[\\\"suggestion1\\\",\\\"suggestion2\\\"]}\", \"Context\": \"[ScrumMaster]says: Here is our test Report: Test Report:\\n\\nTest script's output:\\nF.F\\n======================================================================\\nFAIL: test1 (__main__.Test)\\n----------------------------------------------------------------------\\nTraceback (most recent call last):\\n  File \\\"/Users/watch/PycharmProjects/XXXX-1-LLM/workspace/2024-02-13_16-31-50-164021/test_script.py\\\", line 13, in test1\\n    self.assertEqual(sum_squares([1,2,3]), 6)\\nAssertionError: 1 != 6\\n\\n======================================================================\\nFAIL: test3 (__main__.Test)\\n----------------------------------------------------------------------\\nTraceback (most recent call last):\\n  File \\\"/Users/watch/PycharmProjects/XXXX-1-LLM/workspace/2024-02-13_16-31-50-164021/test_script.py\\\", line 19, in test3\\n    self.assertEqual(sum_squares([-1,-5,2,-1,-5]), -126)\\nAssertionError: -123 != -126\\n\\n----------------------------------------------------------------------\\nRan 3 tests in 0.000s\\n\\nFAILED (failures=2)\\n\\nConclusion: Code Test Failed\\n\\nInput and expected output example:\\ndef sum_squares(lst):\\n    sum_total = 0\\n    for i in range(len(lst)):\\n        if i % 3 == 0:\\n            sum_total += lst[i] ** 2\\n        elif i % 4 == 0 and i % 3 != 0:\\n            sum_total += lst[i] ** 3\\n    return sum_total\\n\\nThe code has failed the test cases for sum_squares function. The expected output for the given inputs did not match the actual output. Further debugging and modification of the code is required to pass the tests.\\n\\nNote: Please let me know if you need further information or assistance., do you have any ideas?\\n-----\\n\\n[ProductOwner]says: As a Product Owner, I think we need to prioritize fixing the issues in the code to ensure the product meets the expected quality standards.\\n-----\\n\\n[Developer]says: As a Developer, I suggest reviewing the sum_squares function and checking the logic for calculating the sum_total.\\n-----\\n\\n[Tester]says: As a Tester, I suggest reviewing the code to identify the issues and make necessary modifications to pass the tests.\\n-----\\n\\n[Architect]says: As an Architect, I recommend thoroughly reviewing the code and identifying potential errors in the sum_squares function before making any modifications.\\n-----\\n\\n[ProductOwner]says: As a Product Owner, I think we need to prioritize fixing the issues in the code to ensure the product meets the expected quality standards.\\n-----\\n\\n[Tester]says: As a Tester, I suggest reviewing the code to identify the issues and make necessary modifications to pass the tests.\\n-----\\n\\n[Developer]says: As a Developer, I will review the sum_squares function and check the logic for calculating the sum_total to fix the issues in the code.\\n-----\\n\\n[Architect]says: As an Architect, I recommend thoroughly reviewing the code and identifying potential errors in the sum_squares function before making any modifications.\\n-----\\n\", \"Question\": \"Follow the Instruction section. The Discussion History is in the Context section. You only need to return a list as the Example section.\"}",
    "RepairResponse0": "{\n\"revised_code\": \"def sum_squares(lst):\\n    sum_total = 0\\n    for i in range(len(lst)):\\n        if i % 3 == 0:\\n            sum_total += lst[i] ** 2\\n        elif i % 4 == 0 and i % 3 != 0:\\n            sum_total += lst[i] ** 3\\n    return sum_total\\n\"\n}",
    "RepairResponse0_prompt": {
        "Role": "You are a professional software engineer. Your duty is to write code in Python that meets the requirements. Ensure that the code you write is efficient, readable, and follows best practices. Remember, do not need to explain the code you wrote.",
        "Instruction": "1. Rewrite a bug fix version of the original code. 2. Response in JSON format.",
        "Example": "{\"revised_code\":\"...\"}",
        "Context": "# Test Report:\nTest Report:\n\nTest script's output:\nF.F\n======================================================================\nFAIL: test1 (__main__.Test)\n----------------------------------------------------------------------\nTraceback (most recent call last):\n  File \"/Users/watch/PycharmProjects/XXXX-1-LLM/workspace/2024-02-13_16-31-50-164021/test_script.py\", line 13, in test1\n    self.assertEqual(sum_squares([1,2,3]), 6)\nAssertionError: 1 != 6\n\n======================================================================\nFAIL: test3 (__main__.Test)\n----------------------------------------------------------------------\nTraceback (most recent call last):\n  File \"/Users/watch/PycharmProjects/XXXX-1-LLM/workspace/2024-02-13_16-31-50-164021/test_script.py\", line 19, in test3\n    self.assertEqual(sum_squares([-1,-5,2,-1,-5]), -126)\nAssertionError: -123 != -126\n\n----------------------------------------------------------------------\nRan 3 tests in 0.000s\n\nFAILED (failures=2)\n\nConclusion: Code Test Failed\n\nInput and expected output example:\ndef sum_squares(lst):\n    sum_total = 0\n    for i in range(len(lst)):\n        if i % 3 == 0:\n            sum_total += lst[i] ** 2\n        elif i % 4 == 0 and i % 3 != 0:\n            sum_total += lst[i] ** 3\n    return sum_total\n\nThe code has failed the test cases for sum_squares function. The expected output for the given inputs did not match the actual output. Further debugging and modification of the code is required to pass the tests.\n\nNote: Please let me know if you need further information or assistance.# suggestions:\n{\"product-owner\": [\"I think we need to prioritize fixing the issues in the code to ensure the product meets the expected quality standards.\"], \"architect\": [\"I recommend thoroughly reviewing the code and identifying potential errors in the sum_squares function before making any modifications.\"], \"developer\": [\"I suggest reviewing the sum_squares function and checking the logic for calculating the sum_total.\"], \"tester\": [\"I suggest reviewing the code to identify the issues and make necessary modifications to pass the tests.\"]}",
        "Question": "The original code has some bugs, according to the test report and suggestions, rewrite the code. Complete the following code:\n\n\n\ndef sum_squares(lst):\n    \"\"\"\"\n    This function will take a list of integers. For all entries in the list, the function shall square the integer entry if its index is a \n    multiple of 3 and will cube the integer entry if its index is a multiple of 4 and not a multiple of 3. The function will not \n    change the entries in the list whose indexes are not a multiple of 3 or 4. The function shall then return the sum of all entries. \n    \n    Examples:\n    For lst = [1,2,3] the output should be 6\n    For lst = []  the output should be 0\n    For lst = [-1,-5,2,-1,-5]  the output should be -126\n    \"\"\"\n"
    },
    "Code1": "def sum_squares(lst):\n    sum_total = 0\n    for i in range(len(lst)):\n        if i % 3 == 0:\n            sum_total += lst[i] ** 2\n        elif i % 4 == 0 and i % 3 != 0:\n            sum_total += lst[i] ** 3\n    return sum_total\n",
    "ScriptResult1": "F.F\n======================================================================\nFAIL: test1 (__main__.Test)\n----------------------------------------------------------------------\nTraceback (most recent call last):\n  File \"/Users/watch/PycharmProjects/XXXX-1-LLM/workspace/2024-02-13_16-31-50-164021/test_script.py\", line 14, in test1\n    self.assertEqual(sum_squares([1,2,3]), 6)\nAssertionError: 1 != 6\n\n======================================================================\nFAIL: test3 (__main__.Test)\n----------------------------------------------------------------------\nTraceback (most recent call last):\n  File \"/Users/watch/PycharmProjects/XXXX-1-LLM/workspace/2024-02-13_16-31-50-164021/test_script.py\", line 20, in test3\n    self.assertEqual(sum_squares([-1,-5,2,-1,-5]), -126)\nAssertionError: -123 != -126\n\n----------------------------------------------------------------------\nRan 3 tests in 0.000s\n\nFAILED (failures=2)\n",
    "TestReport1": "Test Report\n\nTest script's output:\nF.F\n======================================================================\nFAIL: test1 (__main__.Test)\n----------------------------------------------------------------------\nTraceback (most recent call last):\n  File \"/Users/watch/PycharmProjects/XXXX-1-LLM/workspace/2024-02-13_16-31-50-164021/test_script.py\", line 14, in test1\n    self.assertEqual(sum_squares([1,2,3]), 6)\nAssertionError: 1 != 6\n\n======================================================================\nFAIL: test3 (__main__.Test)\n----------------------------------------------------------------------\nTraceback (most recent call last):\n  File \"/Users/watch/PycharmProjects/XXXX-1-LLM/workspace/2024-02-13_16-31-50-164021/test_script.py\", line 20, in test3\n    self.assertEqual(sum_squares([-1,-5,2,-1,-5]), -126)\nAssertionError: -123 != -126\n\n----------------------------------------------------------------------\nRan 3 tests in 0.000s\n\nFAILED (failures=2)\n\nSummary:\nThe test script output shows that there are two failed tests (test1 and test3) out of 3 total tests. The test script has failed to produce the expected output for the provided input.\n\nInput and Expected Output Example:\nFor the given function:\ndef sum_squares(lst):\n    sum_total = 0\n    for i in range(len(lst)):\n        if i % 3 == 0:\n            sum_total += lst[i] ** 2\n        elif i % 4 == 0 and i % 3 != 0:\n            sum_total += lst[i] ** 3\n    return sum_total\n\nInput: [1,2,3]\nExpected Output: 6\nActual Output: 1\n\nInput: [-1,-5,2,-1,-5]\nExpected Output: -126\nActual Output: -123\n\nConclusion:\nThe test code has FAILED to pass the tests as the actual outputs did not match the expected outputs.\n\nCode Test FAILED",
    "SprintReview1": "[ScrumMaster]says: Here is our test Report: Test Report\n\nTest script's output:\nF.F\n======================================================================\nFAIL: test1 (__main__.Test)\n----------------------------------------------------------------------\nTraceback (most recent call last):\n  File \"/Users/watch/PycharmProjects/XXXX-1-LLM/workspace/2024-02-13_16-31-50-164021/test_script.py\", line 14, in test1\n    self.assertEqual(sum_squares([1,2,3]), 6)\nAssertionError: 1 != 6\n\n======================================================================\nFAIL: test3 (__main__.Test)\n----------------------------------------------------------------------\nTraceback (most recent call last):\n  File \"/Users/watch/PycharmProjects/XXXX-1-LLM/workspace/2024-02-13_16-31-50-164021/test_script.py\", line 20, in test3\n    self.assertEqual(sum_squares([-1,-5,2,-1,-5]), -126)\nAssertionError: -123 != -126\n\n----------------------------------------------------------------------\nRan 3 tests in 0.000s\n\nFAILED (failures=2)\n\nSummary:\nThe test script output shows that there are two failed tests (test1 and test3) out of 3 total tests. The test script has failed to produce the expected output for the provided input.\n\nInput and Expected Output Example:\nFor the given function:\ndef sum_squares(lst):\n    sum_total = 0\n    for i in range(len(lst)):\n        if i % 3 == 0:\n            sum_total += lst[i] ** 2\n        elif i % 4 == 0 and i % 3 != 0:\n            sum_total += lst[i] ** 3\n    return sum_total\n\nInput: [1,2,3]\nExpected Output: 6\nActual Output: 1\n\nInput: [-1,-5,2,-1,-5]\nExpected Output: -126\nActual Output: -123\n\nConclusion:\nThe test code has FAILED to pass the tests as the actual outputs did not match the expected outputs.\n\nCode Test FAILED, do you have any ideas?\n-----\n\n[Tester]says: As a Tester, it is important to review the test report and the failed tests in order to identify the issues and propose potential solutions for the code test failure.\n-----\n\n[ProductOwner]says: As a Product Owner, I think we should prioritize fixing the failed tests and ensuring the expected outputs match the actual outputs.\n-----\n\n[Architect]says: As an architect, I suggest reviewing the sum_squares function to identify the issues and improve the test coverage to catch such errors in the future.\n-----\n\n[Developer]says: As a Developer, in order to address the failed test cases, we should review the sum_squares function and debug it to ensure it produces the expected output for the provided input.\n-----\n\n[Tester]says: [Tester] I will review the test report and failed tests to identify the issues and propose potential solutions for the code test failure.\n-----\n\n[ProductOwner]says: [ProductOwner] To create a product, we should prioritize fixing the failed tests and ensuring the expected outputs match the actual outputs.\n-----\n\n[Developer]says: As a Developer, I will review the sum_squares function and debug it to ensure it produces the expected output for the provided input.\n-----\n\n[Architect]says: As an architect, I suggest reviewing the sum_squares function to identify the issues and improve the test coverage to catch such errors in the future.\n-----\n",
    "SprintReviewMeetings1": "{\n  \"product-owner\":[\"We should prioritize fixing the failed tests and ensuring the expected outputs match the actual outputs.\"],\n  \"architect\":[\"Review the sum_squares function to identify the issues and improve the test coverage to catch such errors in the future.\"],\n  \"developer\":[\"Review the sum_squares function and debug it to ensure it produces the expected output for the provided input.\"],\n  \"tester\":[\"Review the test report and the failed tests to identify the issues and propose potential solutions for the code test failure.\"]\n}",
    "SprintReviewMeetings1_prompt": "{\"Role\": \"You are a professional scrum master. Your goal is to summary the Discussion History into a suggestions list for the scrum team.\", \"Instruction\": \"1. Read and Understand the Discussion History. 2. Summary the suggestions from four roles: product-owner/architect/developer/tester. 3. Response in JSON format.\", \"Example\": \"{\\\"product-owner\\\":[\\\"suggestion1\\\",\\\"suggestion2\\\"],\\\"architect\\\":[\\\"suggestion1\\\",\\\"suggestion2\\\"], \\\"developer\\\":[\\\"suggestion1\\\",\\\"suggestion2\\\"], \\\"tester\\\":[\\\"suggestion1\\\",\\\"suggestion2\\\"]}\", \"Context\": \"[ScrumMaster]says: Here is our test Report: Test Report\\n\\nTest script's output:\\nF.F\\n======================================================================\\nFAIL: test1 (__main__.Test)\\n----------------------------------------------------------------------\\nTraceback (most recent call last):\\n  File \\\"/Users/watch/PycharmProjects/XXXX-1-LLM/workspace/2024-02-13_16-31-50-164021/test_script.py\\\", line 14, in test1\\n    self.assertEqual(sum_squares([1,2,3]), 6)\\nAssertionError: 1 != 6\\n\\n======================================================================\\nFAIL: test3 (__main__.Test)\\n----------------------------------------------------------------------\\nTraceback (most recent call last):\\n  File \\\"/Users/watch/PycharmProjects/XXXX-1-LLM/workspace/2024-02-13_16-31-50-164021/test_script.py\\\", line 20, in test3\\n    self.assertEqual(sum_squares([-1,-5,2,-1,-5]), -126)\\nAssertionError: -123 != -126\\n\\n----------------------------------------------------------------------\\nRan 3 tests in 0.000s\\n\\nFAILED (failures=2)\\n\\nSummary:\\nThe test script output shows that there are two failed tests (test1 and test3) out of 3 total tests. The test script has failed to produce the expected output for the provided input.\\n\\nInput and Expected Output Example:\\nFor the given function:\\ndef sum_squares(lst):\\n    sum_total = 0\\n    for i in range(len(lst)):\\n        if i % 3 == 0:\\n            sum_total += lst[i] ** 2\\n        elif i % 4 == 0 and i % 3 != 0:\\n            sum_total += lst[i] ** 3\\n    return sum_total\\n\\nInput: [1,2,3]\\nExpected Output: 6\\nActual Output: 1\\n\\nInput: [-1,-5,2,-1,-5]\\nExpected Output: -126\\nActual Output: -123\\n\\nConclusion:\\nThe test code has FAILED to pass the tests as the actual outputs did not match the expected outputs.\\n\\nCode Test FAILED, do you have any ideas?\\n-----\\n\\n[Tester]says: As a Tester, it is important to review the test report and the failed tests in order to identify the issues and propose potential solutions for the code test failure.\\n-----\\n\\n[ProductOwner]says: As a Product Owner, I think we should prioritize fixing the failed tests and ensuring the expected outputs match the actual outputs.\\n-----\\n\\n[Architect]says: As an architect, I suggest reviewing the sum_squares function to identify the issues and improve the test coverage to catch such errors in the future.\\n-----\\n\\n[Developer]says: As a Developer, in order to address the failed test cases, we should review the sum_squares function and debug it to ensure it produces the expected output for the provided input.\\n-----\\n\\n[Tester]says: [Tester] I will review the test report and failed tests to identify the issues and propose potential solutions for the code test failure.\\n-----\\n\\n[ProductOwner]says: [ProductOwner] To create a product, we should prioritize fixing the failed tests and ensuring the expected outputs match the actual outputs.\\n-----\\n\\n[Developer]says: As a Developer, I will review the sum_squares function and debug it to ensure it produces the expected output for the provided input.\\n-----\\n\\n[Architect]says: As an architect, I suggest reviewing the sum_squares function to identify the issues and improve the test coverage to catch such errors in the future.\\n-----\\n\", \"Question\": \"Follow the Instruction section. The Discussion History is in the Context section. You only need to return a list as the Example section.\"}",
    "RepairResponse1": "{\n  \"revised_code\": \"def sum_squares(lst):\\n    sum_total = 0\\n    for i in range(len(lst)):\\n        if (i + 1) % 3 == 0:\\n            sum_total += lst[i] ** 2\\n        elif (i + 1) % 4 == 0 and (i + 1) % 3 != 0:\\n            sum_total += lst[i] ** 3\\n    return sum_total\"\n}",
    "RepairResponse1_prompt": {
        "Role": "You are a professional software engineer. Your duty is to write code in Python that meets the requirements. Ensure that the code you write is efficient, readable, and follows best practices. Remember, do not need to explain the code you wrote.",
        "Instruction": "1. Rewrite a bug fix version of the original code. 2. Response in JSON format.",
        "Example": "{\"revised_code\":\"...\"}",
        "Context": "# Test Report:\nTest Report\n\nTest script's output:\nF.F\n======================================================================\nFAIL: test1 (__main__.Test)\n----------------------------------------------------------------------\nTraceback (most recent call last):\n  File \"/Users/watch/PycharmProjects/XXXX-1-LLM/workspace/2024-02-13_16-31-50-164021/test_script.py\", line 14, in test1\n    self.assertEqual(sum_squares([1,2,3]), 6)\nAssertionError: 1 != 6\n\n======================================================================\nFAIL: test3 (__main__.Test)\n----------------------------------------------------------------------\nTraceback (most recent call last):\n  File \"/Users/watch/PycharmProjects/XXXX-1-LLM/workspace/2024-02-13_16-31-50-164021/test_script.py\", line 20, in test3\n    self.assertEqual(sum_squares([-1,-5,2,-1,-5]), -126)\nAssertionError: -123 != -126\n\n----------------------------------------------------------------------\nRan 3 tests in 0.000s\n\nFAILED (failures=2)\n\nSummary:\nThe test script output shows that there are two failed tests (test1 and test3) out of 3 total tests. The test script has failed to produce the expected output for the provided input.\n\nInput and Expected Output Example:\nFor the given function:\ndef sum_squares(lst):\n    sum_total = 0\n    for i in range(len(lst)):\n        if i % 3 == 0:\n            sum_total += lst[i] ** 2\n        elif i % 4 == 0 and i % 3 != 0:\n            sum_total += lst[i] ** 3\n    return sum_total\n\nInput: [1,2,3]\nExpected Output: 6\nActual Output: 1\n\nInput: [-1,-5,2,-1,-5]\nExpected Output: -126\nActual Output: -123\n\nConclusion:\nThe test code has FAILED to pass the tests as the actual outputs did not match the expected outputs.\n\nCode Test FAILED# suggestions:\n{\"product-owner\": [\"We should prioritize fixing the failed tests and ensuring the expected outputs match the actual outputs.\"], \"architect\": [\"Review the sum_squares function to identify the issues and improve the test coverage to catch such errors in the future.\"], \"developer\": [\"Review the sum_squares function and debug it to ensure it produces the expected output for the provided input.\"], \"tester\": [\"Review the test report and the failed tests to identify the issues and propose potential solutions for the code test failure.\"]}",
        "Question": "The original code has some bugs, according to the test report and suggestions, rewrite the code. Complete the following code:\n\n\n\ndef sum_squares(lst):\n    \"\"\"\"\n    This function will take a list of integers. For all entries in the list, the function shall square the integer entry if its index is a \n    multiple of 3 and will cube the integer entry if its index is a multiple of 4 and not a multiple of 3. The function will not \n    change the entries in the list whose indexes are not a multiple of 3 or 4. The function shall then return the sum of all entries. \n    \n    Examples:\n    For lst = [1,2,3] the output should be 6\n    For lst = []  the output should be 0\n    For lst = [-1,-5,2,-1,-5]  the output should be -126\n    \"\"\"\n"
    },
    "Code2": "def sum_squares(lst):\n    sum_total = 0\n    for i in range(len(lst)):\n        if (i + 1) % 3 == 0:\n            sum_total += lst[i] ** 2\n        elif (i + 1) % 4 == 0 and (i + 1) % 3 != 0:\n            sum_total += lst[i] ** 3\n    return sum_total",
    "ScriptResult2": "F.F\n======================================================================\nFAIL: test1 (__main__.Test)\n----------------------------------------------------------------------\nTraceback (most recent call last):\n  File \"/Users/watch/PycharmProjects/XXXX-1-LLM/workspace/2024-02-13_16-31-50-164021/test_script.py\", line 13, in test1\n    self.assertEqual(sum_squares([1,2,3]), 6)\nAssertionError: 9 != 6\n\n======================================================================\nFAIL: test3 (__main__.Test)\n----------------------------------------------------------------------\nTraceback (most recent call last):\n  File \"/Users/watch/PycharmProjects/XXXX-1-LLM/workspace/2024-02-13_16-31-50-164021/test_script.py\", line 19, in test3\n    self.assertEqual(sum_squares([-1,-5,2,-1,-5]), -126)\nAssertionError: 3 != -126\n\n----------------------------------------------------------------------\nRan 3 tests in 0.000s\n\nFAILED (failures=2)\n",
    "TestReport2": "Test Report:\nTest script's output:\n\nF.F\n======================================================================\nFAIL: test1 (__main__.Test)\n----------------------------------------------------------------------\nTraceback (most recent call last):\n  File \"/Users/watch/PycharmProjects/XXXX-1-LLM/workspace/2024-02-13_16-31-50-164021/test_script.py\", line 13, in test1\n    self.assertEqual(sum_squares([1,2,3]), 6)\nAssertionError: 9 != 6\n\n======================================================================\nFAIL: test3 (__main__.Test)\n----------------------------------------------------------------------\nTraceback (most recent call last):\n  File \"/Users/watch/PycharmProjects/XXXX-1-LLM/workspace/2024-02-13_16-31-50-164021/test_script.py\", line 19, in test3\n    self.assertEqual(sum_squares([-1,-5,2,-1,-5]), -126)\nAssertionError: 3 != -126\n\n----------------------------------------------------------------------\nRan 3 tests in 0.000s\n\nFAILED (failures=2)\nCode Test Failed\n\nExample:\nInput: [1,2,3] \nExpected Output: 6\nActual Output: 9\n\nInput: [-1,-5,2,-1,-5]\nExpected Output: -126\nActual Output: 3\n\nConclusion: Code Test Failed\n\ndef sum_squares(lst):\n    sum_total = 0\n    for i in range(len(lst)):\n        if (i + 1) % 3 == 0:\n            sum_total += lst[i] ** 2\n        elif (i + 1) % 4 == 0 and (i + 1) % 3 != 0:\n            sum_total += lst[i] ** 3\n    return sum_total",
    "SprintReview2": "[ScrumMaster]says: Here is our test Report: Test Report:\nTest script's output:\n\nF.F\n======================================================================\nFAIL: test1 (__main__.Test)\n----------------------------------------------------------------------\nTraceback (most recent call last):\n  File \"/Users/watch/PycharmProjects/XXXX-1-LLM/workspace/2024-02-13_16-31-50-164021/test_script.py\", line 13, in test1\n    self.assertEqual(sum_squares([1,2,3]), 6)\nAssertionError: 9 != 6\n\n======================================================================\nFAIL: test3 (__main__.Test)\n----------------------------------------------------------------------\nTraceback (most recent call last):\n  File \"/Users/watch/PycharmProjects/XXXX-1-LLM/workspace/2024-02-13_16-31-50-164021/test_script.py\", line 19, in test3\n    self.assertEqual(sum_squares([-1,-5,2,-1,-5]), -126)\nAssertionError: 3 != -126\n\n----------------------------------------------------------------------\nRan 3 tests in 0.000s\n\nFAILED (failures=2)\nCode Test Failed\n\nExample:\nInput: [1,2,3] \nExpected Output: 6\nActual Output: 9\n\nInput: [-1,-5,2,-1,-5]\nExpected Output: -126\nActual Output: 3\n\nConclusion: Code Test Failed\n\ndef sum_squares(lst):\n    sum_total = 0\n    for i in range(len(lst)):\n        if (i + 1) % 3 == 0:\n            sum_total += lst[i] ** 2\n        elif (i + 1) % 4 == 0 and (i + 1) % 3 != 0:\n            sum_total += lst[i] ** 3\n    return sum_total, do you have any ideas?\n-----\n\n[Tester]says: As a Tester, it is important to review the test report and identify the failures in the code.\n-----\n\n[Developer]says: As a Developer, I think we should review and refactor the sum_squares function to address the failures in the test report.\n-----\n\n[Architect]says: As an architect, I recommend reviewing the code and identifying the root cause of the test failures to ensure the product meets the required specifications.\n-----\n\n[ProductOwner]says: As a Product Owner, I think we need to review the test script and make sure it covers all the necessary test cases to avoid any code test failures in the future.\n-----\n\n[Tester]says: As a Tester, I will review the test report and work on identifying the failures in the code.\n-----\n\n[Developer]says: As a Developer, I think we should review and refactor the sum_squares function to address the failures in the test report.\n-----\n\n[Architect]says: As an architect, I recommend reviewing the code and identifying the root cause of the test failures to ensure the product meets the required specifications.\n-----\n\n[ProductOwner]says: As a Product Owner, I believe we should work on enhancing the test script to cover all necessary test cases and prevent future code test failures.\n-----\n",
    "SprintReviewMeetings2": "{\n  \"product-owner\": [\n    \"review the test script and ensure it covers all necessary test cases\",\n    \"enhance the test script to prevent future code test failures\"\n  ],\n  \"architect\": [\n    \"review the code and identify the root cause of the test failures\",\n    \"ensure the product meets the required specifications\"\n  ],\n  \"developer\": [\n    \"review and refactor the sum_squares function\",\n    \"address the failures in the test report\"\n  ],\n  \"tester\": [\n    \"review the test report and identify the failures in the code\"\n  ]\n}",
    "SprintReviewMeetings2_prompt": "{\"Role\": \"You are a professional scrum master. Your goal is to summary the Discussion History into a suggestions list for the scrum team.\", \"Instruction\": \"1. Read and Understand the Discussion History. 2. Summary the suggestions from four roles: product-owner/architect/developer/tester. 3. Response in JSON format.\", \"Example\": \"{\\\"product-owner\\\":[\\\"suggestion1\\\",\\\"suggestion2\\\"],\\\"architect\\\":[\\\"suggestion1\\\",\\\"suggestion2\\\"], \\\"developer\\\":[\\\"suggestion1\\\",\\\"suggestion2\\\"], \\\"tester\\\":[\\\"suggestion1\\\",\\\"suggestion2\\\"]}\", \"Context\": \"[ScrumMaster]says: Here is our test Report: Test Report:\\nTest script's output:\\n\\nF.F\\n======================================================================\\nFAIL: test1 (__main__.Test)\\n----------------------------------------------------------------------\\nTraceback (most recent call last):\\n  File \\\"/Users/watch/PycharmProjects/XXXX-1-LLM/workspace/2024-02-13_16-31-50-164021/test_script.py\\\", line 13, in test1\\n    self.assertEqual(sum_squares([1,2,3]), 6)\\nAssertionError: 9 != 6\\n\\n======================================================================\\nFAIL: test3 (__main__.Test)\\n----------------------------------------------------------------------\\nTraceback (most recent call last):\\n  File \\\"/Users/watch/PycharmProjects/XXXX-1-LLM/workspace/2024-02-13_16-31-50-164021/test_script.py\\\", line 19, in test3\\n    self.assertEqual(sum_squares([-1,-5,2,-1,-5]), -126)\\nAssertionError: 3 != -126\\n\\n----------------------------------------------------------------------\\nRan 3 tests in 0.000s\\n\\nFAILED (failures=2)\\nCode Test Failed\\n\\nExample:\\nInput: [1,2,3] \\nExpected Output: 6\\nActual Output: 9\\n\\nInput: [-1,-5,2,-1,-5]\\nExpected Output: -126\\nActual Output: 3\\n\\nConclusion: Code Test Failed\\n\\ndef sum_squares(lst):\\n    sum_total = 0\\n    for i in range(len(lst)):\\n        if (i + 1) % 3 == 0:\\n            sum_total += lst[i] ** 2\\n        elif (i + 1) % 4 == 0 and (i + 1) % 3 != 0:\\n            sum_total += lst[i] ** 3\\n    return sum_total, do you have any ideas?\\n-----\\n\\n[Tester]says: As a Tester, it is important to review the test report and identify the failures in the code.\\n-----\\n\\n[Developer]says: As a Developer, I think we should review and refactor the sum_squares function to address the failures in the test report.\\n-----\\n\\n[Architect]says: As an architect, I recommend reviewing the code and identifying the root cause of the test failures to ensure the product meets the required specifications.\\n-----\\n\\n[ProductOwner]says: As a Product Owner, I think we need to review the test script and make sure it covers all the necessary test cases to avoid any code test failures in the future.\\n-----\\n\\n[Tester]says: As a Tester, I will review the test report and work on identifying the failures in the code.\\n-----\\n\\n[Developer]says: As a Developer, I think we should review and refactor the sum_squares function to address the failures in the test report.\\n-----\\n\\n[Architect]says: As an architect, I recommend reviewing the code and identifying the root cause of the test failures to ensure the product meets the required specifications.\\n-----\\n\\n[ProductOwner]says: As a Product Owner, I believe we should work on enhancing the test script to cover all necessary test cases and prevent future code test failures.\\n-----\\n\", \"Question\": \"Follow the Instruction section. The Discussion History is in the Context section. You only need to return a list as the Example section.\"}",
    "RepairResponse2": "{\n\t\"revised_code\": \"def sum_squares(lst):\\n    sum_total = 0\\n    for i in range(len(lst)):\\n        if (i + 1) % 3 == 0:\\n            sum_total += lst[i] ** 2\\n        elif (i + 1) % 4 == 0 and (i + 1) % 3 != 0:\\n            sum_total += lst[i] ** 3\\n    return sum_total\"\n}",
    "RepairResponse2_prompt": {
        "Role": "You are a professional software engineer. Your duty is to write code in Python that meets the requirements. Ensure that the code you write is efficient, readable, and follows best practices. Remember, do not need to explain the code you wrote.",
        "Instruction": "1. Rewrite a bug fix version of the original code. 2. Response in JSON format.",
        "Example": "{\"revised_code\":\"...\"}",
        "Context": "# Test Report:\nTest Report:\nTest script's output:\n\nF.F\n======================================================================\nFAIL: test1 (__main__.Test)\n----------------------------------------------------------------------\nTraceback (most recent call last):\n  File \"/Users/watch/PycharmProjects/XXXX-1-LLM/workspace/2024-02-13_16-31-50-164021/test_script.py\", line 13, in test1\n    self.assertEqual(sum_squares([1,2,3]), 6)\nAssertionError: 9 != 6\n\n======================================================================\nFAIL: test3 (__main__.Test)\n----------------------------------------------------------------------\nTraceback (most recent call last):\n  File \"/Users/watch/PycharmProjects/XXXX-1-LLM/workspace/2024-02-13_16-31-50-164021/test_script.py\", line 19, in test3\n    self.assertEqual(sum_squares([-1,-5,2,-1,-5]), -126)\nAssertionError: 3 != -126\n\n----------------------------------------------------------------------\nRan 3 tests in 0.000s\n\nFAILED (failures=2)\nCode Test Failed\n\nExample:\nInput: [1,2,3] \nExpected Output: 6\nActual Output: 9\n\nInput: [-1,-5,2,-1,-5]\nExpected Output: -126\nActual Output: 3\n\nConclusion: Code Test Failed\n\ndef sum_squares(lst):\n    sum_total = 0\n    for i in range(len(lst)):\n        if (i + 1) % 3 == 0:\n            sum_total += lst[i] ** 2\n        elif (i + 1) % 4 == 0 and (i + 1) % 3 != 0:\n            sum_total += lst[i] ** 3\n    return sum_total# suggestions:\n{\"product-owner\": [\"review the test script and ensure it covers all necessary test cases\", \"enhance the test script to prevent future code test failures\"], \"architect\": [\"review the code and identify the root cause of the test failures\", \"ensure the product meets the required specifications\"], \"developer\": [\"review and refactor the sum_squares function\", \"address the failures in the test report\"], \"tester\": [\"review the test report and identify the failures in the code\"]}",
        "Question": "The original code has some bugs, according to the test report and suggestions, rewrite the code. Complete the following code:\n\n\n\ndef sum_squares(lst):\n    \"\"\"\"\n    This function will take a list of integers. For all entries in the list, the function shall square the integer entry if its index is a \n    multiple of 3 and will cube the integer entry if its index is a multiple of 4 and not a multiple of 3. The function will not \n    change the entries in the list whose indexes are not a multiple of 3 or 4. The function shall then return the sum of all entries. \n    \n    Examples:\n    For lst = [1,2,3] the output should be 6\n    For lst = []  the output should be 0\n    For lst = [-1,-5,2,-1,-5]  the output should be -126\n    \"\"\"\n"
    }
}