{
    "start_time": "2024-03-10_22-54-10-202381",
    "task": "def text_match_three(text):\n'''Write a function that matches a string that has an a followed by three 'b'.\nassert not text_match_three(\"ac\")'''\n",
    "datetime": {
        "task": "2024-03-10 22:54:10",
        "task-id": "2024-03-10 22:54:10",
        "workflow": "2024-03-10 22:54:10",
        "AnalyzeDraft": "2024-03-10 22:54:10",
        "AnalyzeMeetings": "2024-03-10 22:54:12",
        "Analyze": "2024-03-10 22:54:14",
        "DesignDraft": "2024-03-10 22:54:16",
        "DesignMeetings": "2024-03-10 22:54:18",
        "Design": "2024-03-10 22:54:20",
        "Test Cases Draft": "2024-03-10 22:54:22",
        "Test Cases Meetings": "2024-03-10 22:54:25",
        "Test Cases": "2024-03-10 22:54:28",
        "Code0draft": "2024-03-10 22:54:29",
        "Code0": "2024-03-10 22:54:29",
        "TestScriptOriginal": "2024-03-10 22:54:30",
        "TestScript": "2024-03-10 22:54:30",
        "ScriptResult0": "2024-03-10 22:54:30",
        "TestReport0": "2024-03-10 22:54:33",
        "RepairResponse1": "2024-03-10 22:54:34",
        "Code1": "2024-03-10 22:54:34",
        "ScriptResult1": "2024-03-10 22:54:34",
        "TestReport1": "2024-03-10 22:54:36",
        "RepairResponse2": "2024-03-10 22:54:39"
    },
    "task-id": 787,
    "workflow": "testdriven/testdriven_version_0.0.5_remove.json",
    "AnalyzeDraft": "{\n  \"Requirement\": \"The system should have a function text_match_three that takes a string as input and returns true if the string contains an 'a' followed by exactly three 'b's, otherwise it should return false.\"\n}",
    "AnalyzeMeetings": "{\n  \"Architect\": \"As an architect, I suggest adding more details to the requirement specification, such as the expected behavior for edge cases (e.g., empty string, string with less than three 'b's after 'a'), and any performance considerations for the text matching algorithm.\",\n  \"Tester\": \"As a tester, I suggest creating test cases to cover all possible scenarios, including valid input strings with three 'b's after 'a', invalid input strings without 'a' or with less than three 'b's after 'a', and edge cases like empty input string. Additionally, I recommend testing the performance of the text_matching_three function with large input strings to ensure it meets the performance requirements.\"\n}",
    "Analyze": "{\n  \"RevisedDocument\": {\n    \"Requirement\": \"The system should have a function text_match_three that takes a string as input and returns true if the string contains an 'a' followed by exactly three 'b's, otherwise it should return false. It should also include detailed requirement specifications for edge cases such as empty string, string with less than three 'b's after 'a', and any performance considerations for the text matching algorithm.\",\n    \"TestCases\": \"Test cases should cover all possible scenarios, including valid input strings with three 'b's after 'a', invalid input strings without 'a' or with less than three 'b's after 'a', and edge cases like empty input string. Additionally, testing the performance of the text_matching_three function with large input strings is recommended to ensure it meets performance requirements.\"\n  }\n}",
    "DesignDraft": "High-level Design:\n\n1. Function Name: text_match_three\n2. Input: string\n3. Output: boolean (true if the string contains an 'a' followed by exactly three 'b's, otherwise false)\n4. Edge Cases:\n   - Empty string: Return false\n   - String with less than three 'b's after 'a': Return false\n5. Performance considerations:\n   - Test the performance of the text_match_three function with large input strings to ensure it meets performance requirements.\n\nPseudocode:\n```python\ndef text_match_three(text):\n    # Check if the string contains an 'a' followed by exactly three 'b's\n    # Return true if condition is met, otherwise return false\n```\n\nThis high-level design provides a clear outline for the developer to implement the text_match_three function. It emphasizes the input, output, edge cases, and performance considerations without diving into specific implementation details.",
    "DesignMeetings": "{\n  \"Developer\": \"As a developer, I would suggest adding more specific implementation details to the pseudocode. For example, we could use regular expressions to check for the pattern 'ab{3}' in the input string. This would make the implementation clearer and more efficient.\",\n  \"Tester\": \"As a tester, I would suggest creating test cases for the edge cases mentioned in the design, such as an empty string and a string with less than three 'b's after 'a'. Additionally, I would focus on performance testing with large input strings to ensure the function meets the performance requirements.\"\n}",
    "Design": "New Design:\n\nHigh-level Design:\n\n1. Function Name: text_match_three\n2. Input: string\n3. Output: boolean (true if the string contains an 'a' followed by exactly three 'b's, otherwise false)\n4. Edge Cases:\n   - Empty string: Return false\n   - String with less than three 'b's after 'a': Return false\n   - Use regular expressions to check for the pattern 'ab{3}' in the input string for more specific implementation details.\n\n5. Performance considerations:\n   - Test the performance of the text_match_three function with large input strings to ensure it meets performance requirements, including performance testing with large input strings.\n\nPseudocode:\n```python\nimport re\n\ndef text_match_three(text):\n    # Use regular expressions to check for the pattern 'ab{3}' in the input string\n    if re.search(r'ab{3}', text):\n        return True\n    else:\n        return False\n```",
    "Test Cases Draft": "{\n  \"requirement analysis\": \"analysis\",\n  \"test_cases\": [\n    {\n      \"Test Title\": \"Valid Input with 3 'b's after 'a'\",\n      \"Input Data\": \"parameter1='abb', parameter2='123'\",\n      \"Expected Output\": \"True\"\n    },\n    {\n      \"Test Title\": \"Invalid Input without 'a'\",\n      \"Input Data\": \"parameter1='bcd', parameter2='123'\",\n      \"Expected Output\": \"False\"\n    },\n    {\n      \"Test Title\": \"Invalid Input with less than 3 'b's after 'a'\",\n      \"Input Data\": \"parameter1='abbb', parameter2='123'\",\n      \"Expected Output\": \"False\"\n    },\n    {\n      \"Test Title\": \"Edge Case: Empty Input String\",\n      \"Input Data\": \"parameter1='', parameter2='123'\",\n      \"Expected Output\": \"False\"\n    },\n    {\n      \"Test Title\": \"Performance Test with Large Input String\",\n      \"Input Data\": \"parameter1='abbbabbbabbb...', parameter2='123'\",\n      \"Expected Output\": \"True\"\n    }\n  ]\n}",
    "Test Cases Draft_prompt": "{\"Role\": \"You are a quality assurance engineer. Your duty is to design test cases for the developers.\", \"Instruction\": \"According to the Context section, write test cases. Don't write long strings in your test cases. Response in JSON format.\", \"Example\": \"{\\\"requirement analysis\\\":\\\"analysis\\\",\\\"test_cases\\\":[{\\\"Test Title\\\":\\\"title\\\", \\\"Input Data\\\":\\\"parameter1=[1,2,3],parameter2='123'\\\", \\\"Expected Output\\\":\\\"456\\\"},]}\", \"Context\": \"# Requirement Analysis:\\n{\\n  \\\"RevisedDocument\\\": {\\n    \\\"Requirement\\\": \\\"The system should have a function text_match_three that takes a string as input and returns true if the string contains an 'a' followed by exactly three 'b's, otherwise it should return false. It should also include detailed requirement specifications for edge cases such as empty string, string with less than three 'b's after 'a', and any performance considerations for the text matching algorithm.\\\",\\n    \\\"TestCases\\\": \\\"Test cases should cover all possible scenarios, including valid input strings with three 'b's after 'a', invalid input strings without 'a' or with less than three 'b's after 'a', and edge cases like empty input string. Additionally, testing the performance of the text_matching_three function with large input strings is recommended to ensure it meets performance requirements.\\\"\\n  }\\n}\", \"Question\": \"def text_match_three(text):\\n'''Write a function that matches a string that has an a followed by three 'b'.\\nassert not text_match_three(\\\"ac\\\")'''\\n\"}",
    "Test Cases Meetings": "{\n  \"Architect\": \"As an Architect, I suggest revising the test cases to include boundary test cases, negative test cases, and integration test cases to cover all possible scenarios. Also, it would be helpful to add more detailed descriptions for each test case to provide better understanding of the test scenarios.\",\n  \"Developer\": \"As a Developer, I suggest revising the test cases to include more edge cases and boundary test cases to ensure thorough testing of the functionality. It would also be helpful to include pre-conditions and post-conditions for each test case to provide more context for the testing process.\"\n}",
    "Test Cases Meetings_prompt": "{\"Role\": \"I want you to act as a different roles and then give some suggestions about how to revise the test cases.\", \"Instruction\": \"1. Read the Context section. 2. Act as an Architect, give your suggestions. 3. Act as a Developer, give your suggestions. 4. Response in JSON format.\", \"Example\": \"{\\\"Architect\\\":\\\"Suggestion\\\",\\\"Developer\\\":\\\"Suggestion\\\"}\", \"Context\": \"{\\n  \\\"requirement analysis\\\": \\\"analysis\\\",\\n  \\\"test_cases\\\": [\\n    {\\n      \\\"Test Title\\\": \\\"Valid Input with 3 'b's after 'a'\\\",\\n      \\\"Input Data\\\": \\\"parameter1='abb', parameter2='123'\\\",\\n      \\\"Expected Output\\\": \\\"True\\\"\\n    },\\n    {\\n      \\\"Test Title\\\": \\\"Invalid Input without 'a'\\\",\\n      \\\"Input Data\\\": \\\"parameter1='bcd', parameter2='123'\\\",\\n      \\\"Expected Output\\\": \\\"False\\\"\\n    },\\n    {\\n      \\\"Test Title\\\": \\\"Invalid Input with less than 3 'b's after 'a'\\\",\\n      \\\"Input Data\\\": \\\"parameter1='abbb', parameter2='123'\\\",\\n      \\\"Expected Output\\\": \\\"False\\\"\\n    },\\n    {\\n      \\\"Test Title\\\": \\\"Edge Case: Empty Input String\\\",\\n      \\\"Input Data\\\": \\\"parameter1='', parameter2='123'\\\",\\n      \\\"Expected Output\\\": \\\"False\\\"\\n    },\\n    {\\n      \\\"Test Title\\\": \\\"Performance Test with Large Input String\\\",\\n      \\\"Input Data\\\": \\\"parameter1='abbbabbbabbb...', parameter2='123'\\\",\\n      \\\"Expected Output\\\": \\\"True\\\"\\n    }\\n  ]\\n}\", \"Question\": \"Follow the Instruction. The Context section include the test cases.\"}",
    "Test Cases": "{\n  \"requirement analysis\": \"analysis\",\n  \"test_cases\": [\n    {\n      \"Test Title\": \"Valid Input with 3 'b's after 'a'\",\n      \"Input Data\": \"parameter1='abb', parameter2='123'\",\n      \"Expected Output\": \"True\"\n    },\n    {\n      \"Test Title\": \"Invalid Input without 'a'\",\n      \"Input Data\": \"parameter1='bcd', parameter2='123'\",\n      \"Expected Output\": \"False\"\n    },\n    {\n      \"Test Title\": \"Invalid Input with less than 3 'b's after 'a'\",\n      \"Input Data\": \"parameter1='abbb', parameter2='123'\",\n      \"Expected Output\": \"False\"\n    },\n    {\n      \"Test Title\": \"Edge Case: Empty Input String\",\n      \"Input Data\": \"parameter1='', parameter2='123'\",\n      \"Expected Output\": \"False\"\n    },\n    {\n      \"Test Title\": \"Performance Test with Large Input String\",\n      \"Input Data\": \"parameter1='abbbabbbabbb...', parameter2='123'\",\n      \"Expected Output\": \"True\"\n    }\n  ]\n}",
    "Test Cases_prompt": "{\"Role\": \"You are a quality assurance engineer. Your duty is to revise the test cases based on the suggestions.\", \"Instruction\": \"1. Your colleague give you some suggestions(in the Context section) about the draft test cases, read these suggestions. 2. Revise your draft version test cases, but don't use long parameters. 3. Response in JSON format.\", \"Example\": \"{\\\"requirement analysis\\\":\\\"analysis\\\",\\\"test_cases\\\":[{\\\"Test Title\\\":\\\"title\\\", \\\"Input Data\\\":\\\"parameter1=[1,2,3],parameter2='123'\\\", \\\"Expected Output\\\":\\\"456\\\"},]}\", \"Context\": \"# Suggestions:\\n{\\n  \\\"Architect\\\": \\\"As an Architect, I suggest revising the test cases to include boundary test cases, negative test cases, and integration test cases to cover all possible scenarios. Also, it would be helpful to add more detailed descriptions for each test case to provide better understanding of the test scenarios.\\\",\\n  \\\"Developer\\\": \\\"As a Developer, I suggest revising the test cases to include more edge cases and boundary test cases to ensure thorough testing of the functionality. It would also be helpful to include pre-conditions and post-conditions for each test case to provide more context for the testing process.\\\"\\n}\\n # Draft Test cases:\\n{\\n  \\\"requirement analysis\\\": \\\"analysis\\\",\\n  \\\"test_cases\\\": [\\n    {\\n      \\\"Test Title\\\": \\\"Valid Input with 3 'b's after 'a'\\\",\\n      \\\"Input Data\\\": \\\"parameter1='abb', parameter2='123'\\\",\\n      \\\"Expected Output\\\": \\\"True\\\"\\n    },\\n    {\\n      \\\"Test Title\\\": \\\"Invalid Input without 'a'\\\",\\n      \\\"Input Data\\\": \\\"parameter1='bcd', parameter2='123'\\\",\\n      \\\"Expected Output\\\": \\\"False\\\"\\n    },\\n    {\\n      \\\"Test Title\\\": \\\"Invalid Input with less than 3 'b's after 'a'\\\",\\n      \\\"Input Data\\\": \\\"parameter1='abbb', parameter2='123'\\\",\\n      \\\"Expected Output\\\": \\\"False\\\"\\n    },\\n    {\\n      \\\"Test Title\\\": \\\"Edge Case: Empty Input String\\\",\\n      \\\"Input Data\\\": \\\"parameter1='', parameter2='123'\\\",\\n      \\\"Expected Output\\\": \\\"False\\\"\\n    },\\n    {\\n      \\\"Test Title\\\": \\\"Performance Test with Large Input String\\\",\\n      \\\"Input Data\\\": \\\"parameter1='abbbabbbabbb...', parameter2='123'\\\",\\n      \\\"Expected Output\\\": \\\"True\\\"\\n    }\\n  ]\\n}\", \"Question\": \"Follow the Instruction. Please make sure your response length are less than 512. Your test cases is for the below question:\\ndef text_match_three(text):\\n'''Write a function that matches a string that has an a followed by three 'b'.\\nassert not text_match_three(\\\"ac\\\")'''\\n\"}",
    "Code0draft": "def text_match_three(text):\n    # Use regular expressions to check for the pattern 'ab{3}' in the input string\n    if re.search(r'ab{3}', text):\n        return True\n    else:\n        return False",
    "Code0draft_prompt": "{\"Role\": \"You are a professional engineer. Your duty is to write code in Python that meets the requirements. Ensure that the code you write is efficient, readable, and follows best practices. Remember, do not need to explain the code you wrote.\", \"Instruction\": \"According to the Context section, write your code.\", \"Example\": \"\", \"Context\": \"# Test Cases:\\n{\\n  \\\"requirement analysis\\\": \\\"analysis\\\",\\n  \\\"test_cases\\\": [\\n    {\\n      \\\"Test Title\\\": \\\"Valid Input with 3 'b's after 'a'\\\",\\n      \\\"Input Data\\\": \\\"parameter1='abb', parameter2='123'\\\",\\n      \\\"Expected Output\\\": \\\"True\\\"\\n    },\\n    {\\n      \\\"Test Title\\\": \\\"Invalid Input without 'a'\\\",\\n      \\\"Input Data\\\": \\\"parameter1='bcd', parameter2='123'\\\",\\n      \\\"Expected Output\\\": \\\"False\\\"\\n    },\\n    {\\n      \\\"Test Title\\\": \\\"Invalid Input with less than 3 'b's after 'a'\\\",\\n      \\\"Input Data\\\": \\\"parameter1='abbb', parameter2='123'\\\",\\n      \\\"Expected Output\\\": \\\"False\\\"\\n    },\\n    {\\n      \\\"Test Title\\\": \\\"Edge Case: Empty Input String\\\",\\n      \\\"Input Data\\\": \\\"parameter1='', parameter2='123'\\\",\\n      \\\"Expected Output\\\": \\\"False\\\"\\n    },\\n    {\\n      \\\"Test Title\\\": \\\"Performance Test with Large Input String\\\",\\n      \\\"Input Data\\\": \\\"parameter1='abbbabbbabbb...', parameter2='123'\\\",\\n      \\\"Expected Output\\\": \\\"True\\\"\\n    }\\n  ]\\n}\\n# Design:\\nNew Design:\\n\\nHigh-level Design:\\n\\n1. Function Name: text_match_three\\n2. Input: string\\n3. Output: boolean (true if the string contains an 'a' followed by exactly three 'b's, otherwise false)\\n4. Edge Cases:\\n   - Empty string: Return false\\n   - String with less than three 'b's after 'a': Return false\\n   - Use regular expressions to check for the pattern 'ab{3}' in the input string for more specific implementation details.\\n\\n5. Performance considerations:\\n   - Test the performance of the text_match_three function with large input strings to ensure it meets performance requirements, including performance testing with large input strings.\\n\\nPseudocode:\\n```python\\nimport re\\n\\ndef text_match_three(text):\\n    # Use regular expressions to check for the pattern 'ab{3}' in the input string\\n    if re.search(r'ab{3}', text):\\n        return True\\n    else:\\n        return False\\n```\", \"Question\": \"Follow the Instruction section. Complete the following code:\\ndef text_match_three(text):\\n'''Write a function that matches a string that has an a followed by three 'b'.\\nassert not text_match_three(\\\"ac\\\")'''\\n\"}",
    "Code0": "def text_match_three(text):\n    # Use regular expressions to check for the pattern 'ab{3}' in the input string\n    if re.search(r'ab{3}', text):\n        return True\n    else:\n        return False",
    "TestScriptOriginal": "import unittest\n\ndef text_match_three(text):\n    return 'abb' in text\n\nclass Test(unittest.TestCase):\n    def test_text_match_three(self):\n        self.assertTrue(text_match_three('ac'))\n\nif __name__ == '__main__':\n    unittest.main()",
    "TestScriptOriginal_prompt": "{\"Role\": \"You are a quality assurance engineer. Your duty is to write a python test script in unittest framework.\", \"Instruction\": \"1. Write a python test script. 2. Use the input and output given by the question.\", \"Example\": \"import unittest\\n\\nclass Test(unittest.TestCase):\\n    def test(self):\\n        self.assertEqual(function_under_test('a'), 1)\\n\\nif __name__ == '__main__':\\n    unittest.main()\", \"Context\": \"\", \"Question\": \"def text_match_three(text):\\n'''Write a function that matches a string that has an a followed by three 'b'.\\nassert not text_match_three(\\\"ac\\\")'''\\n\"}",
    "TestScript": "import unittest\n\nclass Test(unittest.TestCase):\n    def test_text_match_three(self):\n        self.assertTrue(text_match_three('ac'))\n\nif __name__ == '__main__':\n    unittest.main()",
    "TestScript_prompt": "{\"Role\": \"You are a quality assurance engineer. Your duty is to write a python test script in unittest framework.\", \"Instruction\": \"1. Write a python test script. 2. Use the input and output given by the question.\", \"Example\": \"import unittest\\n\\nclass Test(unittest.TestCase):\\n    def test(self):\\n        self.assertEqual(function_under_test('a'), 1)\\n\\nif __name__ == '__main__':\\n    unittest.main()\", \"Context\": \"\", \"Question\": \"def text_match_three(text):\\n'''Write a function that matches a string that has an a followed by three 'b'.\\nassert not text_match_three(\\\"ac\\\")'''\\n\"}",
    "ScriptResult0": "E\n======================================================================\nERROR: test_text_match_three (__main__.Test)\n----------------------------------------------------------------------\nTraceback (most recent call last):\n  File \"/Users/watch/PycharmProjects/XXXX-1-LLM/workspace/2024-03-10_22-54-10-202381/test_script.py\", line 11, in test_text_match_three\n    self.assertTrue(text_match_three('ac'))\n  File \"/Users/watch/PycharmProjects/XXXX-1-LLM/workspace/2024-03-10_22-54-10-202381/test_script.py\", line 3, in text_match_three\n    if re.search(r'ab{3}', text):\nNameError: name 're' is not defined\n\n----------------------------------------------------------------------\nRan 1 test in 0.000s\n\nFAILED (errors=1)\n",
    "TestReport0": "Test Report:\n\nTest Script Output:\n======================================================================\nERROR: test_text_match_three (__main__.Test)\n----------------------------------------------------------------------\nTraceback (most recent call last):\n  File \"/Users/watch/PycharmProjects/XXXX-1-LLM/workspace/2024-03-10_22-54-10-202381/test_script.py\", line 11, in test_text_match_three\n    self.assertTrue(text_match_three('ac'))\n  File \"/Users/watch/PycharmProjects/XXXX-1-LLM/workspace/2024-03-10_22-54-10-202381/test_script.py\", line 3, in text_match_three\n    if re.search(r'ab{3}', text):\nNameError: name 're' is not defined\n\n----------------------------------------------------------------------\nRan 1 test in 0.000s\n\nFAILED (errors=1)\n\nTest Report:\nThe test script failed with an error. The 're' module is not defined, leading to the failure of the test_text_match_three function. The expected output was not achieved due to this error. Example of input and expected output:\nInput: 'ac'\nExpected Output: 'ababab'\n\nConclusion:\nCode Test FAILED.",
    "RepairResponse1": "{\n  \"revised_code\": \"import re\\n\\ndef text_match_three(text):\\n    # Use regular expressions to check for the pattern 'ab{3}' in the input string\\n    if re.search(r'ab{3}', text):\\n        return True\\n    else:\\n        return False\"\n}",
    "RepairResponse1_prompt": "{\"Role\": \"You are a professional software engineer. Your duty is to write code in Python that meets the requirements. Ensure that the code you write is efficient, readable, and follows best practices. Remember, do not need to explain the code you wrote.\", \"Instruction\": \"1. Rewrite a bug fix version of the original code. 2. Response in JSON format.\", \"Example\": \"{\\\"revised_code\\\":\\\"...\\\"}\", \"Context\": \"# the original code:\\ndef text_match_three(text):\\n    # Use regular expressions to check for the pattern 'ab{3}' in the input string\\n    if re.search(r'ab{3}', text):\\n        return True\\n    else:\\n        return False\\n# test report:\\nTest Report:\\n\\nTest Script Output:\\n======================================================================\\nERROR: test_text_match_three (__main__.Test)\\n----------------------------------------------------------------------\\nTraceback (most recent call last):\\n  File \\\"/Users/watch/PycharmProjects/XXXX-1-LLM/workspace/2024-03-10_22-54-10-202381/test_script.py\\\", line 11, in test_text_match_three\\n    self.assertTrue(text_match_three('ac'))\\n  File \\\"/Users/watch/PycharmProjects/XXXX-1-LLM/workspace/2024-03-10_22-54-10-202381/test_script.py\\\", line 3, in text_match_three\\n    if re.search(r'ab{3}', text):\\nNameError: name 're' is not defined\\n\\n----------------------------------------------------------------------\\nRan 1 test in 0.000s\\n\\nFAILED (errors=1)\\n\\nTest Report:\\nThe test script failed with an error. The 're' module is not defined, leading to the failure of the test_text_match_three function. The expected output was not achieved due to this error. Example of input and expected output:\\nInput: 'ac'\\nExpected Output: 'ababab'\\n\\nConclusion:\\nCode Test FAILED.\", \"Question\": \"The original code has some bugs, according to the test report and suggestions, rewrite the code. Complete the following code:\\ndef text_match_three(text):\\n'''Write a function that matches a string that has an a followed by three 'b'.\\nassert not text_match_three(\\\"ac\\\")'''\\n\"}",
    "Code1": "import re\n\ndef text_match_three(text):\n    # Use regular expressions to check for the pattern 'ab{3}' in the input string\n    if re.search(r'ab{3}', text):\n        return True\n    else:\n        return False",
    "ScriptResult1": "F\n======================================================================\nFAIL: test_text_match_three (__main__.Test)\n----------------------------------------------------------------------\nTraceback (most recent call last):\n  File \"/Users/watch/PycharmProjects/XXXX-1-LLM/workspace/2024-03-10_22-54-10-202381/test_script.py\", line 13, in test_text_match_three\n    self.assertTrue(text_match_three('ac'))\nAssertionError: False is not true\n\n----------------------------------------------------------------------\nRan 1 test in 0.000s\n\nFAILED (failures=1)\n",
    "TestReport1": "Test Report:\n\nTest Script Output:\n======================================================================\nFAIL: test_text_match_three (__main__.Test)\n----------------------------------------------------------------------\nTraceback (most recent call last):\n  File \"/Users/watch/PycharmProjects/XXXX-1-LLM/workspace/2024-03-10_22-54-10-202381/test_script.py\", line 13, in test_text_match_three\n    self.assertTrue(text_match_three('ac'))\nAssertionError: False is not true\n\n----------------------------------------------------------------------\nRan 1 test in 0.000s\n\nFAILED (failures=1)\n\nConclusion:\nCode Test Failed\n\nInput Example:\nInput: 'ac'\nExpected Output: True\n\nRecommendation:\nThe code test for the function text_match_three has failed due to the input 'ac' not returning the expected output of True. Further investigation and debugging are required to resolve this issue.\n\nReported by: [Your Name]\nDate: [Current Date]",
    "RepairResponse2": "{\n  \"revised_code\": \"import re\\n\\ndef text_match_three(text):\\n    # Use regular expressions to check for the pattern 'ab{3}' in the input string\\n    if re.search(r'ab{3}', text):\\n        return True\\n    else:\\n        return False\"\n}",
    "RepairResponse2_prompt": "{\"Role\": \"You are a professional software engineer. Your duty is to write code in Python that meets the requirements. Ensure that the code you write is efficient, readable, and follows best practices. Remember, do not need to explain the code you wrote.\", \"Instruction\": \"1. Rewrite a bug fix version of the original code. 2. Response in JSON format.\", \"Example\": \"{\\\"revised_code\\\":\\\"...\\\"}\", \"Context\": \"# the original code:\\nimport re\\n\\ndef text_match_three(text):\\n    # Use regular expressions to check for the pattern 'ab{3}' in the input string\\n    if re.search(r'ab{3}', text):\\n        return True\\n    else:\\n        return False\\n# test report:\\nTest Report:\\n\\nTest Script Output:\\n======================================================================\\nFAIL: test_text_match_three (__main__.Test)\\n----------------------------------------------------------------------\\nTraceback (most recent call last):\\n  File \\\"/Users/watch/PycharmProjects/XXXX-1-LLM/workspace/2024-03-10_22-54-10-202381/test_script.py\\\", line 13, in test_text_match_three\\n    self.assertTrue(text_match_three('ac'))\\nAssertionError: False is not true\\n\\n----------------------------------------------------------------------\\nRan 1 test in 0.000s\\n\\nFAILED (failures=1)\\n\\nConclusion:\\nCode Test Failed\\n\\nInput Example:\\nInput: 'ac'\\nExpected Output: True\\n\\nRecommendation:\\nThe code test for the function text_match_three has failed due to the input 'ac' not returning the expected output of True. Further investigation and debugging are required to resolve this issue.\\n\\nReported by: [Your Name]\\nDate: [Current Date]\", \"Question\": \"The original code has some bugs, according to the test report and suggestions, rewrite the code. Complete the following code:\\ndef text_match_three(text):\\n'''Write a function that matches a string that has an a followed by three 'b'.\\nassert not text_match_three(\\\"ac\\\")'''\\n\"}"
}