{
    "start_time": "2024-03-11_09-32-53-685748",
    "task": "def lateralsuface_cylinder(r,h):\n'''Write a function to find the lateral surface area of a cylinder.\nassert math.isclose(lateralsuface_cylinder(10,5), 314.15000000000003, rel_tol=0.001)'''\n",
    "datetime": {
        "task": "2024-03-11 09:32:53",
        "task-id": "2024-03-11 09:32:53",
        "workflow": "2024-03-11 09:32:53",
        "Discussion": "2024-03-11 09:32:54",
        "DisorderedSprintMeetings": "2024-03-11 09:32:56",
        "DesignDraft0": "2024-03-11 09:32:57",
        "DesignMeetings0": "2024-03-11 09:33:00",
        "Design0": "2024-03-11 09:33:02",
        "CodeDraft0": "2024-03-11 09:33:03",
        "CodeReviewMeetings0": "2024-03-11 09:33:04",
        "Code0CR": "2024-03-11 09:33:05",
        "FinalCode": "2024-03-11 09:33:28",
        "Test Cases Draft": "2024-03-11 09:33:09",
        "Test Cases Meetings": "2024-03-11 09:33:12",
        "Test Cases": "2024-03-11 09:33:17",
        "Code0": "2024-03-11 09:33:18",
        "TestScriptOriginal": "2024-03-11 09:33:19",
        "TestScript": "2024-03-11 09:33:19",
        "ScriptResult0": "2024-03-11 09:33:19",
        "TestReport0": "2024-03-11 09:33:22",
        "SprintReview0": "2024-03-11 09:33:23",
        "SprintReviewMeetings0": "2024-03-11 09:33:27",
        "RepairResponse0": "2024-03-11 09:33:28",
        "Code1": "2024-03-11 09:33:28",
        "ScriptResult1": "2024-03-11 09:33:28",
        "TestReport1": "2024-03-11 09:33:37",
        "SprintReview1": "2024-03-11 09:33:38",
        "SprintReviewMeetings1": "2024-03-11 09:33:40",
        "RepairResponse1": "2024-03-11 09:33:43"
    },
    "task-id": 233,
    "workflow": "agile/agile_version_0.0.5_remove.json",
    "Discussion": "[ScrumMaster]says: We have a job: def lateralsuface_cylinder(r,h):\n'''Write a function to find the lateral surface area of a cylinder.\nassert math.isclose(lateralsuface_cylinder(10,5), 314.15000000000003, rel_tol=0.001)'''\n, do you have any ideas?\n-----\n\n[ProductOwner]says: As a Product Owner, I think we should consider the user experience and how this function will be used in our product.\n-----\n\n[Developer]says: As a Developer, I think we should start by defining the input parameters and then calculating the lateral surface area using the formula 2 * pi * r * h.\n-----\n\n[Architect]says: As an Architect, I believe the first step is to define the requirements for the function and create a design that meets those requirements.\n-----\n\n[Tester]says: As a tester, I would suggest adding more test cases to ensure the accuracy of the lateral surface area calculation for different input values.\n-----\n\n[Architect]says: As an Architect, I think we should also consider the scalability and performance implications of the function design.\n-----\n\n[ProductOwner]says: As a Product Owner, I think we should consider how the lateral surface area function aligns with our product's user experience and functionality.\n-----\n\n[Developer]says: [Developer] I will begin by defining the input parameters and then calculating the lateral surface area using the formula 2 * pi * r * h.\n-----\n\n[Tester]says: As a tester, I would suggest adding more test cases to ensure the accuracy of the lateral surface area calculation for different input values.\n-----\n",
    "DisorderedSprintMeetings": "{\n  \"product-owner\":[\"Consider user experience and function integration\",\"Align function with product's user experience and functionality\"],\n  \"architect\":[\"Define requirements for the function\",\"Create a design that meets the requirements\",\"Consider scalability and performance implications of the function design\"],\n  \"developer\":[\"Define input parameters\",\"Calculate lateral surface area using the formula 2 * pi * r * h\"],\n  \"tester\":[\"Add more test cases to ensure accuracy of lateral surface area calculation for different input values\"]\n}",
    "DisorderedSprintMeetings_prompt": "{\"Role\": \"You are a professional scrum master. Your goal is to breakdown the Discussion History into a task list for the scrum team.\", \"Instruction\": \"1. Read and Understand the Discussion History. 2. Define the tasks for four roles: product-owner/architect/developer/tester. 3. Response in JSON format.\", \"Example\": \"{\\\"product-owner\\\":[\\\"task1\\\",\\\"task2\\\"],\\\"architect\\\":[\\\"task1\\\",\\\"task2\\\"], \\\"developer\\\":[\\\"task1\\\",\\\"task2\\\"], \\\"tester\\\":[\\\"task1\\\",\\\"task2\\\"]}\", \"Context\": \"[ScrumMaster]says: We have a job: def lateralsuface_cylinder(r,h):\\n'''Write a function to find the lateral surface area of a cylinder.\\nassert math.isclose(lateralsuface_cylinder(10,5), 314.15000000000003, rel_tol=0.001)'''\\n, do you have any ideas?\\n-----\\n\\n[ProductOwner]says: As a Product Owner, I think we should consider the user experience and how this function will be used in our product.\\n-----\\n\\n[Developer]says: As a Developer, I think we should start by defining the input parameters and then calculating the lateral surface area using the formula 2 * pi * r * h.\\n-----\\n\\n[Architect]says: As an Architect, I believe the first step is to define the requirements for the function and create a design that meets those requirements.\\n-----\\n\\n[Tester]says: As a tester, I would suggest adding more test cases to ensure the accuracy of the lateral surface area calculation for different input values.\\n-----\\n\\n[Architect]says: As an Architect, I think we should also consider the scalability and performance implications of the function design.\\n-----\\n\\n[ProductOwner]says: As a Product Owner, I think we should consider how the lateral surface area function aligns with our product's user experience and functionality.\\n-----\\n\\n[Developer]says: [Developer] I will begin by defining the input parameters and then calculating the lateral surface area using the formula 2 * pi * r * h.\\n-----\\n\\n[Tester]says: As a tester, I would suggest adding more test cases to ensure the accuracy of the lateral surface area calculation for different input values.\\n-----\\n\", \"Question\": \"Follow the Instruction section. The Discussion History is in the Context section. You only need to return a task list as the Example section.\"}",
    "DesignDraft0": "Design:\n- The function lateralsuface_cylinder(r,h) should take two parameters: r (radius of the cylinder) and h (height of the cylinder).\n- The function should calculate the lateral surface area of the cylinder using the formula 2 * \u03c0 * r * h.\n- The function should return the calculated lateral surface area.\n- The function should include error handling to ensure that the input parameters are valid.\n- Consider the scalability and performance implications of the function design, especially for large values of r and h. Ensure that the function can handle such inputs efficiently and effectively.",
    "DesignMeetings0": "{\n  \"Developer\": \"1. Add input parameter validation to ensure that r and h are positive numbers. 2. Consider using a more efficient algorithm to calculate the lateral surface area, especially for large values of r and h.\",\n  \"Tester\": \"1. Test the function with valid input parameters to ensure that it returns the correct lateral surface area. 2. Test the function with invalid input parameters to ensure that the error handling works as expected.\"\n}",
    "Design0": "New Design:\n\n- The function lateralsurface_cylinder(r,h) should take two parameters: r (radius of the cylinder) and h (height of the cylinder).\n- The function should calculate the lateral surface area of the cylinder using the formula 2 * \u03c0 * (r + h).\n- The function should return the calculated lateral surface area.\n- Input parameter validation will be added to ensure that r and h are positive numbers.\n- A more efficient algorithm will be implemented to calculate the lateral surface area, especially for large values of r and h, considering the scalability and performance implications. \n- The function will be thoroughly tested with both valid and invalid input parameters to ensure that error handling works as expected.",
    "CodeDraft0": "def lateralsurface_cylinder(r, h):\n    import math\n\n    assert r > 0 and h > 0, \"Input parameters must be positive numbers\"\n\n    lateral_surface_area = 2 * math.pi * (r + h)\n\n    return lateral_surface_area",
    "CodeDraft0_prompt": {
        "Role": "You are a professional engineer. Your duty is to write code in Python that meets the requirements. Ensure that the code you write is efficient, readable, and follows best practices. Remember, do not need to explain the code you wrote.",
        "Instruction": "According to the Context section, write your code.",
        "Example": "",
        "Context": "# Tasks:\n['Define input parameters', 'Calculate lateral surface area using the formula 2 * pi * r * h']\n# Design:\nNew Design:\n\n- The function lateralsurface_cylinder(r,h) should take two parameters: r (radius of the cylinder) and h (height of the cylinder).\n- The function should calculate the lateral surface area of the cylinder using the formula 2 * \u03c0 * (r + h).\n- The function should return the calculated lateral surface area.\n- Input parameter validation will be added to ensure that r and h are positive numbers.\n- A more efficient algorithm will be implemented to calculate the lateral surface area, especially for large values of r and h, considering the scalability and performance implications. \n- The function will be thoroughly tested with both valid and invalid input parameters to ensure that error handling works as expected.",
        "Question": "Follow the Instruction section. Complete the following code:\ndef lateralsuface_cylinder(r,h):\n'''Write a function to find the lateral surface area of a cylinder.\nassert math.isclose(lateralsuface_cylinder(10,5), 314.15000000000003, rel_tol=0.001)'''\n"
    },
    "CodeReviewMeetings0": "{\n    \"Architect\": \"The code should be revised to calculate the lateral surface area of a cylinder using the formula 2 * math.pi * r * h instead of 2 * math.pi * (r + h). Also, it would be better to import the math module outside the function definition for better performance.\",\n    \"Tester\": \"The code should be tested with various input values including positive, negative, and zero values for r and h to ensure that the assertion for positive numbers is working correctly. Additionally, the function should be tested with known input values to verify the accuracy of the lateral surface area calculation.\"\n}",
    "Code0CR": "def lateralsurface_cylinder(r, h):\n    import math\n    assert r > 0 and h > 0\n    return 2 * math.pi * r * h",
    "Code0CR_prompt": "{\"Role\": \"You are a professional software engineer. Your duty is to write code in Python that meets the requirements. Ensure that the code you write is efficient, readable, and follows best practices. Remember, do not need to explain the code you wrote.\", \"Instruction\": \"1. Understand the suggestions(in the Context section) about the original code. 2. Rewrite your code.\", \"Example\": \"\", \"Context\": \"# Tasks:\\n['Define input parameters', 'Calculate lateral surface area using the formula 2 * pi * r * h']\\n# Design:\\nNew Design:\\n\\n- The function lateralsurface_cylinder(r,h) should take two parameters: r (radius of the cylinder) and h (height of the cylinder).\\n- The function should calculate the lateral surface area of the cylinder using the formula 2 * \\u03c0 * (r + h).\\n- The function should return the calculated lateral surface area.\\n- Input parameter validation will be added to ensure that r and h are positive numbers.\\n- A more efficient algorithm will be implemented to calculate the lateral surface area, especially for large values of r and h, considering the scalability and performance implications. \\n- The function will be thoroughly tested with both valid and invalid input parameters to ensure that error handling works as expected.# Suggestions:\\n{\\n    \\\"Architect\\\": \\\"The code should be revised to calculate the lateral surface area of a cylinder using the formula 2 * math.pi * r * h instead of 2 * math.pi * (r + h). Also, it would be better to import the math module outside the function definition for better performance.\\\",\\n    \\\"Tester\\\": \\\"The code should be tested with various input values including positive, negative, and zero values for r and h to ensure that the assertion for positive numbers is working correctly. Additionally, the function should be tested with known input values to verify the accuracy of the lateral surface area calculation.\\\"\\n}\", \"Question\": \"Follow the Instruction section. Complete the following code:\\ndef lateralsuface_cylinder(r,h):\\n'''Write a function to find the lateral surface area of a cylinder.\\nassert math.isclose(lateralsuface_cylinder(10,5), 314.15000000000003, rel_tol=0.001)'''\\n\"}",
    "FinalCode": "import math\n\ndef lateral_surface_cylinder(r, h):\n    return 2 * math.pi * r * h",
    "Test Cases Draft": "{\n  \"requirement analysis\": \"analysis\",\n  \"test_cases\": [\n    {\n      \"Test Title\": \"valid input test case\",\n      \"Input Data\": \"parameter1=10,parameter2=5\",\n      \"Expected Output\": \"314.15\"\n    },\n    {\n      \"Test Title\": \"invalid input test case - negative radius\",\n      \"Input Data\": \"parameter1=-10,parameter2=5\",\n      \"Expected Output\": \"Invalid input: radius must be a positive number\"\n    },\n    {\n      \"Test Title\": \"invalid input test case - negative height\",\n      \"Input Data\": \"parameter1=10,parameter2=-5\",\n      \"Expected Output\": \"Invalid input: height must be a positive number\"\n    },\n    {\n      \"Test Title\": \"invalid input test case - zero radius\",\n      \"Input Data\": \"parameter1=0,parameter2=5\",\n      \"Expected Output\": \"Invalid input: radius must be a positive number\"\n    },\n    {\n      \"Test Title\": \"invalid input test case - zero height\",\n      \"Input Data\": \"parameter1=10,parameter2=0\",\n      \"Expected Output\": \"Invalid input: height must be a positive number\"\n    }\n  ]\n}",
    "Test Cases Draft_prompt": "{\"Role\": \"You are a quality assurance engineer. Your duty is to design test cases for the developers.\", \"Instruction\": \"According to the Context section, write test cases. Don't write long strings in your test cases. Response in JSON format.\", \"Example\": \"{\\\"requirement analysis\\\":\\\"analysis\\\",\\\"test_cases\\\":[{\\\"Test Title\\\":\\\"title\\\", \\\"Input Data\\\":\\\"parameter1=[1,2,3],parameter2='123'\\\", \\\"Expected Output\\\":\\\"456\\\"},]}\", \"Context\": \"# Tasks:\\n['Add more test cases to ensure accuracy of lateral surface area calculation for different input values']\\n# Design:\\nNew Design:\\n\\n- The function lateralsurface_cylinder(r,h) should take two parameters: r (radius of the cylinder) and h (height of the cylinder).\\n- The function should calculate the lateral surface area of the cylinder using the formula 2 * \\u03c0 * (r + h).\\n- The function should return the calculated lateral surface area.\\n- Input parameter validation will be added to ensure that r and h are positive numbers.\\n- A more efficient algorithm will be implemented to calculate the lateral surface area, especially for large values of r and h, considering the scalability and performance implications. \\n- The function will be thoroughly tested with both valid and invalid input parameters to ensure that error handling works as expected.\", \"Question\": \"def lateralsuface_cylinder(r,h):\\n'''Write a function to find the lateral surface area of a cylinder.\\nassert math.isclose(lateralsuface_cylinder(10,5), 314.15000000000003, rel_tol=0.001)'''\\n\"}",
    "Test Cases Meetings": "{\n  \"Architect\": \"As an architect, I would suggest revising the test cases to include boundary test cases such as the maximum allowed input for the radius and height, as well as edge cases such as very large input values. Additionally, it would be beneficial to include test cases for the scenario where the input data is not provided at all.\",\n  \"Developer\": \"As a developer, I would suggest revising the test cases to ensure that the expected outputs are clearly defined and cover all possible outcomes. It would also be helpful to include test cases for scenarios where the input data is in a different format or is provided in an unexpected manner.\"\n}",
    "Test Cases": "{\n  \"requirement analysis\": \"analysis\",\n  \"test_cases\": [\n    {\n      \"Test Title\": \"valid input test case\",\n      \"Input Data\": \"r=10,h=5\",\n      \"Expected Output\": \"314.15\"\n    },\n    {\n      \"Test Title\": \"boundary test case - maximum allowed input for radius and height\",\n      \"Input Data\": \"r=1000000000,h=1000000000\",\n      \"Expected Output\": \"6283185307.189999\"\n    },\n    {\n      \"Test Title\": \"edge case - very large input values\",\n      \"Input Data\": \"r=100000000000,h=100000000000\",\n      \"Expected Output\": \"6283185307189.999\"\n    },\n    {\n      \"Test Title\": \"test case for no input data provided\",\n      \"Input Data\": \"\",\n      \"Expected Output\": \"Invalid input: radius and height must be provided\"\n    },\n    {\n      \"Test Title\": \"invalid input test case - negative radius\",\n      \"Input Data\": \"r=-10,h=5\",\n      \"Expected Output\": \"Invalid input: radius must be a positive number\"\n    },\n    {\n      \"Test Title\": \"invalid input test case - negative height\",\n      \"Input Data\": \"r=10,h=-5\",\n      \"Expected Output\": \"Invalid input: height must be a positive number\"\n    },\n    {\n      \"Test Title\": \"invalid input test case - zero radius\",\n      \"Input Data\": \"r=0,h=5\",\n      \"Expected Output\": \"Invalid input: radius must be a positive number\"\n    },\n    {\n      \"Test Title\": \"invalid input test case - zero height\",\n      \"Input Data\": \"r=10,h=0\",\n      \"Expected Output\": \"Invalid input: height must be a positive number\"\n    }\n  ]\n}",
    "Test Cases_prompt": "{\"Role\": \"You are a quality assurance engineer. Your duty is to revise the test cases based on the suggestions.\", \"Instruction\": \"1. Your colleague give you some suggestions(in the Context section) about the draft test cases, read these suggestions. 2. Revise your draft version test cases, but don't use long parameters. 3. Response in JSON format.\", \"Example\": \"{\\\"requirement analysis\\\":\\\"analysis\\\",\\\"test_cases\\\":[{\\\"Test Title\\\":\\\"title\\\", \\\"Input Data\\\":\\\"parameter1=[1,2,3],parameter2='123'\\\", \\\"Expected Output\\\":\\\"456\\\"},]}\", \"Context\": \"# Suggestions:\\n{\\n  \\\"Architect\\\": \\\"As an architect, I would suggest revising the test cases to include boundary test cases such as the maximum allowed input for the radius and height, as well as edge cases such as very large input values. Additionally, it would be beneficial to include test cases for the scenario where the input data is not provided at all.\\\",\\n  \\\"Developer\\\": \\\"As a developer, I would suggest revising the test cases to ensure that the expected outputs are clearly defined and cover all possible outcomes. It would also be helpful to include test cases for scenarios where the input data is in a different format or is provided in an unexpected manner.\\\"\\n}\\n # Draft Test cases:\\n{\\n  \\\"requirement analysis\\\": \\\"analysis\\\",\\n  \\\"test_cases\\\": [\\n    {\\n      \\\"Test Title\\\": \\\"valid input test case\\\",\\n      \\\"Input Data\\\": \\\"parameter1=10,parameter2=5\\\",\\n      \\\"Expected Output\\\": \\\"314.15\\\"\\n    },\\n    {\\n      \\\"Test Title\\\": \\\"invalid input test case - negative radius\\\",\\n      \\\"Input Data\\\": \\\"parameter1=-10,parameter2=5\\\",\\n      \\\"Expected Output\\\": \\\"Invalid input: radius must be a positive number\\\"\\n    },\\n    {\\n      \\\"Test Title\\\": \\\"invalid input test case - negative height\\\",\\n      \\\"Input Data\\\": \\\"parameter1=10,parameter2=-5\\\",\\n      \\\"Expected Output\\\": \\\"Invalid input: height must be a positive number\\\"\\n    },\\n    {\\n      \\\"Test Title\\\": \\\"invalid input test case - zero radius\\\",\\n      \\\"Input Data\\\": \\\"parameter1=0,parameter2=5\\\",\\n      \\\"Expected Output\\\": \\\"Invalid input: radius must be a positive number\\\"\\n    },\\n    {\\n      \\\"Test Title\\\": \\\"invalid input test case - zero height\\\",\\n      \\\"Input Data\\\": \\\"parameter1=10,parameter2=0\\\",\\n      \\\"Expected Output\\\": \\\"Invalid input: height must be a positive number\\\"\\n    }\\n  ]\\n}\", \"Question\": \"Follow the Instruction. Please make sure your response length are less than 512. Your test cases is for the below question:\\ndef lateralsuface_cylinder(r,h):\\n'''Write a function to find the lateral surface area of a cylinder.\\nassert math.isclose(lateralsuface_cylinder(10,5), 314.15000000000003, rel_tol=0.001)'''\\n\"}",
    "Code0": "def lateral_surface_cylinder(r, h):\n    import math\n    assert r > 0 and h > 0\n    return 2 * math.pi * r * h",
    "Code0_prompt": {
        "Role": "You are a professional software engineer. Your duty is to write code in Python that meets the requirements. Ensure that the code you write is efficient, readable, and follows best practices. Remember, do not need to explain the code you wrote.",
        "Instruction": "1. Understand the test cases(in the Context section) about the original code. 2. Rewrite your code, make sure your code pass all test cases.",
        "Example": "",
        "Context": "# Original Code:\ndef lateralsurface_cylinder(r, h):\n    import math\n    assert r > 0 and h > 0\n    return 2 * math.pi * r * h\n# Test Cases:\n{\n  \"requirement analysis\": \"analysis\",\n  \"test_cases\": [\n    {\n      \"Test Title\": \"valid input test case\",\n      \"Input Data\": \"r=10,h=5\",\n      \"Expected Output\": \"314.15\"\n    },\n    {\n      \"Test Title\": \"boundary test case - maximum allowed input for radius and height\",\n      \"Input Data\": \"r=1000000000,h=1000000000\",\n      \"Expected Output\": \"6283185307.189999\"\n    },\n    {\n      \"Test Title\": \"edge case - very large input values\",\n      \"Input Data\": \"r=100000000000,h=100000000000\",\n      \"Expected Output\": \"6283185307189.999\"\n    },\n    {\n      \"Test Title\": \"test case for no input data provided\",\n      \"Input Data\": \"\",\n      \"Expected Output\": \"Invalid input: radius and height must be provided\"\n    },\n    {\n      \"Test Title\": \"invalid input test case - negative radius\",\n      \"Input Data\": \"r=-10,h=5\",\n      \"Expected Output\": \"Invalid input: radius must be a positive number\"\n    },\n    {\n      \"Test Title\": \"invalid input test case - negative height\",\n      \"Input Data\": \"r=10,h=-5\",\n      \"Expected Output\": \"Invalid input: height must be a positive number\"\n    },\n    {\n      \"Test Title\": \"invalid input test case - zero radius\",\n      \"Input Data\": \"r=0,h=5\",\n      \"Expected Output\": \"Invalid input: radius must be a positive number\"\n    },\n    {\n      \"Test Title\": \"invalid input test case - zero height\",\n      \"Input Data\": \"r=10,h=0\",\n      \"Expected Output\": \"Invalid input: height must be a positive number\"\n    }\n  ]\n}",
        "Question": "def lateralsuface_cylinder(r,h):\n'''Write a function to find the lateral surface area of a cylinder.\nassert math.isclose(lateralsuface_cylinder(10,5), 314.15000000000003, rel_tol=0.001)'''\n"
    },
    "TestScriptOriginal": "import unittest\nimport math\n\ndef lateralsuface_cylinder(r, h):\n    return 2 * math.pi * r * h\n\nclass Test(unittest.TestCase):\n    def test(self):\n        self.assertAlmostEqual(lateralsuface_cylinder(10, 5), 314.15, places=2)\n\nif __name__ == '__main__':\n    unittest.main()",
    "TestScriptOriginal_prompt": "{\"Role\": \"You are a quality assurance engineer. Your duty is to write a python test script in unittest framework.\", \"Instruction\": \"1. Write a python test script. 2. Use the input and output given by the question.\", \"Example\": \"import unittest\\n\\nclass Test(unittest.TestCase):\\n    def test(self):\\n        self.assertEqual(function_under_test('a'), 1)\\n\\nif __name__ == '__main__':\\n    unittest.main()\", \"Context\": \"\", \"Question\": \"def lateralsuface_cylinder(r,h):\\n'''Write a function to find the lateral surface area of a cylinder.\\nassert math.isclose(lateralsuface_cylinder(10,5), 314.15000000000003, rel_tol=0.001)'''\\n\"}",
    "TestScript": "import unittest\nimport math\n\nclass Test(unittest.TestCase):\n    def test(self):\n        self.assertAlmostEqual(lateralsuface_cylinder(10, 5), 314.15, places=2)\n\nif __name__ == '__main__':\n    unittest.main()",
    "ScriptResult0": "E\n======================================================================\nERROR: test (__main__.Test)\n----------------------------------------------------------------------\nTraceback (most recent call last):\n  File \"/Users/watch/PycharmProjects/XXXX-1-LLM/workspace/2024-03-11_09-32-53-685748/test_script.py\", line 10, in test\n    self.assertAlmostEqual(lateralsuface_cylinder(10, 5), 314.15, places=2)\nNameError: name 'lateralsuface_cylinder' is not defined\n\n----------------------------------------------------------------------\nRan 1 test in 0.000s\n\nFAILED (errors=1)\n",
    "TestReport0": "Test Report:\n\nTest script's output:\nE\n======================================================================\nERROR: test (__main__.Test)\n----------------------------------------------------------------------\nTraceback (most recent call last):\n  File \"/Users/watch/PycharmProjects/XXXX-1-LLM/workspace/2024-03-11_09-32-53-685748/test_script.py\", line 10, in test\n    self.assertAlmostEqual(lateralsuface_cylinder(10, 5), 314.15, places=2)\nNameError: name 'lateralsuface_cylinder' is not defined\n\n----------------------------------------------------------------------\nRan 1 test in 0.000s\n\nFAILED (errors=1)\n\nConclusion: Code Test Failed\n\nInput and Expected Output Example:\nExample Input: lateral_surface_cylinder(10, 5)\nExpected Output: 314.15\n\nBased on the test script's output, the function 'lateralsuface_cylinder' was not defined, resulting in a test failure. The code has not passed the tests.\n\nTest Report End.",
    "SprintReview0": "[ScrumMaster]says: Here is our test Report: Test Report:\n\nTest script's output:\nE\n======================================================================\nERROR: test (__main__.Test)\n----------------------------------------------------------------------\nTraceback (most recent call last):\n  File \"/Users/watch/PycharmProjects/XXXX-1-LLM/workspace/2024-03-11_09-32-53-685748/test_script.py\", line 10, in test\n    self.assertAlmostEqual(lateralsuface_cylinder(10, 5), 314.15, places=2)\nNameError: name 'lateralsuface_cylinder' is not defined\n\n----------------------------------------------------------------------\nRan 1 test in 0.000s\n\nFAILED (errors=1)\n\nConclusion: Code Test Failed\n\nInput and Expected Output Example:\nExample Input: lateral_surface_cylinder(10, 5)\nExpected Output: 314.15\n\nBased on the test script's output, the function 'lateralsuface_cylinder' was not defined, resulting in a test failure. The code has not passed the tests.\n\nTest Report End., do you have any ideas?\n-----\n\n[Developer]says: As a Developer, I will review the code and define the 'lateralsuface_cylinder' function to ensure it passes the test.\n-----\n\n[Architect]says: As an Architect, I believe we should review the code to ensure that the function 'lateralsuface_cylinder' is properly defined and implemented to pass the tests.\n-----\n\n[ProductOwner]says: As a Product Owner, it is important to ensure that the development team addresses the issue of the undefined function 'lateralsuface_cylinder' in order to pass the tests and improve the product.\n-----\n\n[Tester]says: As a Tester, based on the test report, it seems like the function 'lateralsuface_cylinder' was not defined in the code, which resulted in the test failure.\n-----\n\n[Developer]says: As a Developer, I will review the code and define the 'lateralsuface_cylinder' function to ensure it passes the test.\n-----\n\n[Architect]says: As an Architect, I think we should also consider refactoring the code to ensure it is well-designed and scalable for future changes.\n-----\n\n[ProductOwner]says: [ProductOwner] To create a successful product, we need to prioritize fixing the undefined function 'lateralsuface_cylinder' to ensure the code passes the tests and meets the product requirements.\n-----\n\n[Tester]says: As a Tester, it is important to address the issue of the undefined function 'lateralsuface_cylinder' in order to pass the tests and improve the product.\n-----\n",
    "SprintReviewMeetings0": "{\n  \"product-owner\": [\n    \"To create a successful product, we need to prioritize fixing the undefined function 'lateralsuface_cylinder' to ensure the code passes the tests and meets the product requirements.\"\n  ],\n  \"architect\": [\n    \"As an Architect, I believe we should review the code to ensure that the function 'lateralsuface_cylinder' is properly defined and implemented to pass the tests.\",\n    \"As an Architect, I think we should also consider refactoring the code to ensure it is well-designed and scalable for future changes.\"\n  ],\n  \"developer\": [\n    \"As a Developer, I will review the code and define the 'lateralsuface_cylinder' function to ensure it passes the test.\"\n  ],\n  \"tester\": [\n    \"As a Tester, based on the test report, it seems like the function 'lateralsuface_cylinder' was not defined in the code, which resulted in the test failure.\",\n    \"As a Tester, it is important to address the issue of the undefined function 'lateralsuface_cylinder' in order to pass the tests and improve the product.\"\n  ]\n}",
    "SprintReviewMeetings0_prompt": "{\"Role\": \"You are a professional scrum master. Your goal is to summary the Discussion History into a suggestions list for the scrum team.\", \"Instruction\": \"1. Read and Understand the Discussion History. 2. Summary the suggestions from four roles: product-owner/architect/developer/tester. 3. Response in JSON format.\", \"Example\": \"{\\\"product-owner\\\":[\\\"suggestion1\\\",\\\"suggestion2\\\"],\\\"architect\\\":[\\\"suggestion1\\\",\\\"suggestion2\\\"], \\\"developer\\\":[\\\"suggestion1\\\",\\\"suggestion2\\\"], \\\"tester\\\":[\\\"suggestion1\\\",\\\"suggestion2\\\"]}\", \"Context\": \"[ScrumMaster]says: Here is our test Report: Test Report:\\n\\nTest script's output:\\nE\\n======================================================================\\nERROR: test (__main__.Test)\\n----------------------------------------------------------------------\\nTraceback (most recent call last):\\n  File \\\"/Users/watch/PycharmProjects/XXXX-1-LLM/workspace/2024-03-11_09-32-53-685748/test_script.py\\\", line 10, in test\\n    self.assertAlmostEqual(lateralsuface_cylinder(10, 5), 314.15, places=2)\\nNameError: name 'lateralsuface_cylinder' is not defined\\n\\n----------------------------------------------------------------------\\nRan 1 test in 0.000s\\n\\nFAILED (errors=1)\\n\\nConclusion: Code Test Failed\\n\\nInput and Expected Output Example:\\nExample Input: lateral_surface_cylinder(10, 5)\\nExpected Output: 314.15\\n\\nBased on the test script's output, the function 'lateralsuface_cylinder' was not defined, resulting in a test failure. The code has not passed the tests.\\n\\nTest Report End., do you have any ideas?\\n-----\\n\\n[Developer]says: As a Developer, I will review the code and define the 'lateralsuface_cylinder' function to ensure it passes the test.\\n-----\\n\\n[Architect]says: As an Architect, I believe we should review the code to ensure that the function 'lateralsuface_cylinder' is properly defined and implemented to pass the tests.\\n-----\\n\\n[ProductOwner]says: As a Product Owner, it is important to ensure that the development team addresses the issue of the undefined function 'lateralsuface_cylinder' in order to pass the tests and improve the product.\\n-----\\n\\n[Tester]says: As a Tester, based on the test report, it seems like the function 'lateralsuface_cylinder' was not defined in the code, which resulted in the test failure.\\n-----\\n\\n[Developer]says: As a Developer, I will review the code and define the 'lateralsuface_cylinder' function to ensure it passes the test.\\n-----\\n\\n[Architect]says: As an Architect, I think we should also consider refactoring the code to ensure it is well-designed and scalable for future changes.\\n-----\\n\\n[ProductOwner]says: [ProductOwner] To create a successful product, we need to prioritize fixing the undefined function 'lateralsuface_cylinder' to ensure the code passes the tests and meets the product requirements.\\n-----\\n\\n[Tester]says: As a Tester, it is important to address the issue of the undefined function 'lateralsuface_cylinder' in order to pass the tests and improve the product.\\n-----\\n\", \"Question\": \"Follow the Instruction section. The Discussion History is in the Context section. You only need to return a list as the Example section.\"}",
    "RepairResponse0": "{\n  \"revised_code\": \"import math\\n\\ndef lateral_surface_cylinder(r, h):\\n    return 2 * math.pi * r * h\"\n}",
    "RepairResponse0_prompt": {
        "Role": "You are a professional software engineer. Your duty is to write code in Python that meets the requirements. Ensure that the code you write is efficient, readable, and follows best practices. Remember, do not need to explain the code you wrote.",
        "Instruction": "1. Rewrite a bug fix version of the original code. 2. Response in JSON format.",
        "Example": "{\"revised_code\":\"...\"}",
        "Context": "# Test Report:\nTest Report:\n\nTest script's output:\nE\n======================================================================\nERROR: test (__main__.Test)\n----------------------------------------------------------------------\nTraceback (most recent call last):\n  File \"/Users/watch/PycharmProjects/XXXX-1-LLM/workspace/2024-03-11_09-32-53-685748/test_script.py\", line 10, in test\n    self.assertAlmostEqual(lateralsuface_cylinder(10, 5), 314.15, places=2)\nNameError: name 'lateralsuface_cylinder' is not defined\n\n----------------------------------------------------------------------\nRan 1 test in 0.000s\n\nFAILED (errors=1)\n\nConclusion: Code Test Failed\n\nInput and Expected Output Example:\nExample Input: lateral_surface_cylinder(10, 5)\nExpected Output: 314.15\n\nBased on the test script's output, the function 'lateralsuface_cylinder' was not defined, resulting in a test failure. The code has not passed the tests.\n\nTest Report End.# suggestions:\n{\"product-owner\": [\"To create a successful product, we need to prioritize fixing the undefined function 'lateralsuface_cylinder' to ensure the code passes the tests and meets the product requirements.\"], \"architect\": [\"As an Architect, I believe we should review the code to ensure that the function 'lateralsuface_cylinder' is properly defined and implemented to pass the tests.\", \"As an Architect, I think we should also consider refactoring the code to ensure it is well-designed and scalable for future changes.\"], \"developer\": [\"As a Developer, I will review the code and define the 'lateralsuface_cylinder' function to ensure it passes the test.\"], \"tester\": [\"As a Tester, based on the test report, it seems like the function 'lateralsuface_cylinder' was not defined in the code, which resulted in the test failure.\", \"As a Tester, it is important to address the issue of the undefined function 'lateralsuface_cylinder' in order to pass the tests and improve the product.\"]}",
        "Question": "The original code has some bugs, according to the test report and suggestions, rewrite the code. Complete the following code:\ndef lateralsuface_cylinder(r,h):\n'''Write a function to find the lateral surface area of a cylinder.\nassert math.isclose(lateralsuface_cylinder(10,5), 314.15000000000003, rel_tol=0.001)'''\n"
    },
    "Code1": "import math\n\ndef lateral_surface_cylinder(r, h):\n    return 2 * math.pi * r * h",
    "ScriptResult1": "E\n======================================================================\nERROR: test (__main__.Test)\n----------------------------------------------------------------------\nTraceback (most recent call last):\n  File \"/Users/watch/PycharmProjects/XXXX-1-LLM/workspace/2024-03-11_09-32-53-685748/test_script.py\", line 10, in test\n    self.assertAlmostEqual(lateralsuface_cylinder(10, 5), 314.15, places=2)\nNameError: name 'lateralsuface_cylinder' is not defined\n\n----------------------------------------------------------------------\nRan 1 test in 0.000s\n\nFAILED (errors=1)\n",
    "TestReport1": "Test Report:\n\nTest script's output:\nE\n======================================================================\nERROR: test (__main__.Test)\n----------------------------------------------------------------------\nTraceback (most recent call last):\n  File \"/Users/watch/PycharmProjects/XXXX-1-LLM/workspace/2024-03-11_09-32-53-685748/test_script.py\", line 10, in test\n    self.assertAlmostEqual(lateralsuface_cylinder(10, 5), 314.15, places=2)\nNameError: name 'lateralsuface_cylinder' is not defined\n\n----------------------------------------------------------------------\nRan 1 test in 0.000s\n\nFAILED (errors=1)\n\nConclusion: Code Test Failed\n\nInput and Expected Output Example:\nimport math\n\ndef lateral_surface_cylinder(r, h):\n    return 2 * math.pi * r * h\n\nBased on the output of the test script, it is evident that the code has failed the test. The error is caused by the name error 'lateralsuface_cylinder' not being defined. The expected behavior of the function 'lateral_surface_cylinder' is to calculate the lateral surface of a cylinder, but it is not defined or called correctly in the test script.\n\nTherefore, the code test has failed to meet the expected outcome.",
    "SprintReview1": "[ScrumMaster]says: Here is our test Report: Test Report:\n\nTest script's output:\nE\n======================================================================\nERROR: test (__main__.Test)\n----------------------------------------------------------------------\nTraceback (most recent call last):\n  File \"/Users/watch/PycharmProjects/XXXX-1-LLM/workspace/2024-03-11_09-32-53-685748/test_script.py\", line 10, in test\n    self.assertAlmostEqual(lateralsuface_cylinder(10, 5), 314.15, places=2)\nNameError: name 'lateralsuface_cylinder' is not defined\n\n----------------------------------------------------------------------\nRan 1 test in 0.000s\n\nFAILED (errors=1)\n\nConclusion: Code Test Failed\n\nInput and Expected Output Example:\nimport math\n\ndef lateral_surface_cylinder(r, h):\n    return 2 * math.pi * r * h\n\nBased on the output of the test script, it is evident that the code has failed the test. The error is caused by the name error 'lateralsuface_cylinder' not being defined. The expected behavior of the function 'lateral_surface_cylinder' is to calculate the lateral surface of a cylinder, but it is not defined or called correctly in the test script.\n\nTherefore, the code test has failed to meet the expected outcome., do you have any ideas?\n-----\n\n[ProductOwner]says: As a Product Owner, I think we should prioritize fixing the code to ensure it meets the expected outcome before moving forward with any other development tasks.\n-----\n\n[Tester]says: As a Tester, I suggest reviewing the code and correcting the misspelled function name 'lateralsuface_cylinder' to 'lateral_surface_cylinder' in the test script.\n-----\n\n[Architect]says: As an Architect, I suggest reviewing the code and ensuring that the function 'lateral_surface_cylinder' is defined and called correctly in the test script before running the test again.\n-----\n\n[Developer]says: As a Developer, I will review the code and ensure that the function 'lateral_surface_cylinder' is defined and called correctly in the test script to address the error.\n-----\n\n[ProductOwner]says: As a Product Owner, I think we should prioritize fixing the code to ensure it meets the expected outcome before moving forward with any other development tasks.\n-----\n\n[Tester]says: As a Tester, I suggest reviewing the code and correcting the misspelled function name 'lateralsuface_cylinder' to 'lateral_surface_cylinder' in the test script.\n-----\n\n[Developer]says: As a Developer, I will review the code and ensure that the function 'lateral_surface_cylinder' is defined and called correctly in the test script to address the error.\n-----\n\n[Architect]says: As an Architect, it is crucial to review the code and ensure that the function 'lateral_surface_cylinder' is defined and called correctly in the test script before running the test again.\n-----\n",
    "SprintReviewMeetings1": "{\n  \"product-owner\": [\"I think we should prioritize fixing the code to ensure it meets the expected outcome before moving forward with any other development tasks.\"],\n  \"architect\": [\"I suggest reviewing the code and ensuring that the function 'lateral_surface_cylinder' is defined and called correctly in the test script before running the test again.\"],\n  \"developer\": [\"I will review the code and ensure that the function 'lateral_surface_cylinder' is defined and called correctly in the test script to address the error.\"],\n  \"tester\": [\"I suggest reviewing the code and correcting the misspelled function name 'lateralsuface_cylinder' to 'lateral_surface_cylinder' in the test script.\"]\n}",
    "SprintReviewMeetings1_prompt": "{\"Role\": \"You are a professional scrum master. Your goal is to summary the Discussion History into a suggestions list for the scrum team.\", \"Instruction\": \"1. Read and Understand the Discussion History. 2. Summary the suggestions from four roles: product-owner/architect/developer/tester. 3. Response in JSON format.\", \"Example\": \"{\\\"product-owner\\\":[\\\"suggestion1\\\",\\\"suggestion2\\\"],\\\"architect\\\":[\\\"suggestion1\\\",\\\"suggestion2\\\"], \\\"developer\\\":[\\\"suggestion1\\\",\\\"suggestion2\\\"], \\\"tester\\\":[\\\"suggestion1\\\",\\\"suggestion2\\\"]}\", \"Context\": \"[ScrumMaster]says: Here is our test Report: Test Report:\\n\\nTest script's output:\\nE\\n======================================================================\\nERROR: test (__main__.Test)\\n----------------------------------------------------------------------\\nTraceback (most recent call last):\\n  File \\\"/Users/watch/PycharmProjects/XXXX-1-LLM/workspace/2024-03-11_09-32-53-685748/test_script.py\\\", line 10, in test\\n    self.assertAlmostEqual(lateralsuface_cylinder(10, 5), 314.15, places=2)\\nNameError: name 'lateralsuface_cylinder' is not defined\\n\\n----------------------------------------------------------------------\\nRan 1 test in 0.000s\\n\\nFAILED (errors=1)\\n\\nConclusion: Code Test Failed\\n\\nInput and Expected Output Example:\\nimport math\\n\\ndef lateral_surface_cylinder(r, h):\\n    return 2 * math.pi * r * h\\n\\nBased on the output of the test script, it is evident that the code has failed the test. The error is caused by the name error 'lateralsuface_cylinder' not being defined. The expected behavior of the function 'lateral_surface_cylinder' is to calculate the lateral surface of a cylinder, but it is not defined or called correctly in the test script.\\n\\nTherefore, the code test has failed to meet the expected outcome., do you have any ideas?\\n-----\\n\\n[ProductOwner]says: As a Product Owner, I think we should prioritize fixing the code to ensure it meets the expected outcome before moving forward with any other development tasks.\\n-----\\n\\n[Tester]says: As a Tester, I suggest reviewing the code and correcting the misspelled function name 'lateralsuface_cylinder' to 'lateral_surface_cylinder' in the test script.\\n-----\\n\\n[Architect]says: As an Architect, I suggest reviewing the code and ensuring that the function 'lateral_surface_cylinder' is defined and called correctly in the test script before running the test again.\\n-----\\n\\n[Developer]says: As a Developer, I will review the code and ensure that the function 'lateral_surface_cylinder' is defined and called correctly in the test script to address the error.\\n-----\\n\\n[ProductOwner]says: As a Product Owner, I think we should prioritize fixing the code to ensure it meets the expected outcome before moving forward with any other development tasks.\\n-----\\n\\n[Tester]says: As a Tester, I suggest reviewing the code and correcting the misspelled function name 'lateralsuface_cylinder' to 'lateral_surface_cylinder' in the test script.\\n-----\\n\\n[Developer]says: As a Developer, I will review the code and ensure that the function 'lateral_surface_cylinder' is defined and called correctly in the test script to address the error.\\n-----\\n\\n[Architect]says: As an Architect, it is crucial to review the code and ensure that the function 'lateral_surface_cylinder' is defined and called correctly in the test script before running the test again.\\n-----\\n\", \"Question\": \"Follow the Instruction section. The Discussion History is in the Context section. You only need to return a list as the Example section.\"}",
    "RepairResponse1": "{\n\"revised_code\":\"import math\\n\\ndef lateral_surface_cylinder(r, h):\\n    return 2 * math.pi * r * h\"\n}",
    "RepairResponse1_prompt": {
        "Role": "You are a professional software engineer. Your duty is to write code in Python that meets the requirements. Ensure that the code you write is efficient, readable, and follows best practices. Remember, do not need to explain the code you wrote.",
        "Instruction": "1. Rewrite a bug fix version of the original code. 2. Response in JSON format.",
        "Example": "{\"revised_code\":\"...\"}",
        "Context": "# Test Report:\nTest Report:\n\nTest script's output:\nE\n======================================================================\nERROR: test (__main__.Test)\n----------------------------------------------------------------------\nTraceback (most recent call last):\n  File \"/Users/watch/PycharmProjects/XXXX-1-LLM/workspace/2024-03-11_09-32-53-685748/test_script.py\", line 10, in test\n    self.assertAlmostEqual(lateralsuface_cylinder(10, 5), 314.15, places=2)\nNameError: name 'lateralsuface_cylinder' is not defined\n\n----------------------------------------------------------------------\nRan 1 test in 0.000s\n\nFAILED (errors=1)\n\nConclusion: Code Test Failed\n\nInput and Expected Output Example:\nimport math\n\ndef lateral_surface_cylinder(r, h):\n    return 2 * math.pi * r * h\n\nBased on the output of the test script, it is evident that the code has failed the test. The error is caused by the name error 'lateralsuface_cylinder' not being defined. The expected behavior of the function 'lateral_surface_cylinder' is to calculate the lateral surface of a cylinder, but it is not defined or called correctly in the test script.\n\nTherefore, the code test has failed to meet the expected outcome.# suggestions:\n{\"product-owner\": [\"I think we should prioritize fixing the code to ensure it meets the expected outcome before moving forward with any other development tasks.\"], \"architect\": [\"I suggest reviewing the code and ensuring that the function 'lateral_surface_cylinder' is defined and called correctly in the test script before running the test again.\"], \"developer\": [\"I will review the code and ensure that the function 'lateral_surface_cylinder' is defined and called correctly in the test script to address the error.\"], \"tester\": [\"I suggest reviewing the code and correcting the misspelled function name 'lateralsuface_cylinder' to 'lateral_surface_cylinder' in the test script.\"]}",
        "Question": "The original code has some bugs, according to the test report and suggestions, rewrite the code. Complete the following code:\ndef lateralsuface_cylinder(r,h):\n'''Write a function to find the lateral surface area of a cylinder.\nassert math.isclose(lateralsuface_cylinder(10,5), 314.15000000000003, rel_tol=0.001)'''\n"
    }
}