{
    "start_time": "2024-03-11_09-31-58-146158",
    "task": "def lateralsuface_cylinder(r,h):\n'''Write a function to find the lateral surface area of a cylinder.\nassert math.isclose(lateralsuface_cylinder(10,5), 314.15000000000003, rel_tol=0.001)'''\n",
    "datetime": {
        "task": "2024-03-11 09:31:58",
        "task-id": "2024-03-11 09:31:58",
        "workflow": "2024-03-11 09:31:58",
        "Discussion": "2024-03-11 09:32:00",
        "DisorderedSprintMeetings": "2024-03-11 09:32:01",
        "DesignDraft0": "2024-03-11 09:32:03",
        "DesignMeetings0": "2024-03-11 09:32:05",
        "Design0": "2024-03-11 09:32:09",
        "CodeDraft0": "2024-03-11 09:32:11",
        "CodeReviewMeetings0": "2024-03-11 09:32:13",
        "Code0CR": "2024-03-11 09:32:17",
        "FinalCode": "2024-03-11 09:32:39",
        "Test Cases Draft": "2024-03-11 09:32:18",
        "Test Cases Meetings": "2024-03-11 09:32:20",
        "Test Cases": "2024-03-11 09:32:22",
        "Code0": "2024-03-11 09:32:23",
        "TestScriptOriginal": "2024-03-11 09:32:25",
        "TestScript": "2024-03-11 09:32:25",
        "ScriptResult0": "2024-03-11 09:32:25",
        "TestReport0": "2024-03-11 09:32:27",
        "SprintReview0": "2024-03-11 09:32:28",
        "SprintReviewMeetings0": "2024-03-11 09:32:30",
        "RepairResponse0": "2024-03-11 09:32:32",
        "Code1": "2024-03-11 09:32:32",
        "ScriptResult1": "2024-03-11 09:32:32",
        "TestReport1": "2024-03-11 09:32:34",
        "SprintReview1": "2024-03-11 09:32:36",
        "SprintReviewMeetings1": "2024-03-11 09:32:38",
        "RepairResponse1": "2024-03-11 09:32:39",
        "Code2": "2024-03-11 09:32:39",
        "ScriptResult2": "2024-03-11 09:32:39",
        "TestReport2": "2024-03-11 09:32:40",
        "SprintReview2": "2024-03-11 09:32:42",
        "SprintReviewMeetings2": "2024-03-11 09:32:50",
        "RepairResponse2": "2024-03-11 09:32:53"
    },
    "task-id": 233,
    "workflow": "agile/agile_version_0.0.5_remove.json",
    "Discussion": "[ScrumMaster]says: We have a job: def lateralsuface_cylinder(r,h):\n'''Write a function to find the lateral surface area of a cylinder.\nassert math.isclose(lateralsuface_cylinder(10,5), 314.15000000000003, rel_tol=0.001)'''\n, do you have any ideas?\n-----\n\n[Architect]says: As an Architect, I would suggest looking into the mathematical formula for finding the lateral surface area of a cylinder and then creating a function based on that formula.\n-----\n\n[ProductOwner]says: As a Product Owner, I believe we should prioritize adding this function to our product backlog as it aligns with our customer needs.\n-----\n\n[Tester]says: As a tester, I would suggest verifying the input values and expected output for the lateralsuface_cylinder function to ensure accuracy.\n-----\n\n[Architect]says: As an Architect, I would suggest looking into the mathematical formula for finding the lateral surface area of a cylinder and then creating a function based on that formula.\n-----\n\n[Tester]says: As a tester, I would suggest creating test cases for different input values to ensure the accuracy of the lateralsuface_cylinder function.\n-----\n\n[Developer]says: As a Developer, I suggest using the formula 2 * \u03c0 * r * h to calculate the lateral surface area of the cylinder.\n-----\n\n[ProductOwner]says: As a Product Owner, I believe we should prioritize adding the lateralsuface_cylinder function to our product backlog as it aligns with our customer needs.\n-----\n\n[Developer]says: As a Developer, I suggest using the formula 2 * \u03c0 * r * h to calculate the lateral surface area of the cylinder.\n-----\n",
    "DisorderedSprintMeetings": "{\n  \"product-owner\":[\"Prioritize adding lateralsuface_cylinder function to product backlog\"],\n  \"architect\":[\"Look into mathematical formula for lateral surface area of cylinder, Create function based on formula\"],\n  \"developer\":[\"Write function using formula 2 * \u03c0 * r * h to calculate lateral surface area of cylinder\"],\n  \"tester\":[\"Verify input values and expected output for lateralsuface_cylinder function, Create test cases for different input values\"]\n}",
    "DisorderedSprintMeetings_prompt": "{\"Role\": \"You are a professional scrum master. Your goal is to breakdown the Discussion History into a task list for the scrum team.\", \"Instruction\": \"1. Read and Understand the Discussion History. 2. Define the tasks for four roles: product-owner/architect/developer/tester. 3. Response in JSON format.\", \"Example\": \"{\\\"product-owner\\\":[\\\"task1\\\",\\\"task2\\\"],\\\"architect\\\":[\\\"task1\\\",\\\"task2\\\"], \\\"developer\\\":[\\\"task1\\\",\\\"task2\\\"], \\\"tester\\\":[\\\"task1\\\",\\\"task2\\\"]}\", \"Context\": \"[ScrumMaster]says: We have a job: def lateralsuface_cylinder(r,h):\\n'''Write a function to find the lateral surface area of a cylinder.\\nassert math.isclose(lateralsuface_cylinder(10,5), 314.15000000000003, rel_tol=0.001)'''\\n, do you have any ideas?\\n-----\\n\\n[Architect]says: As an Architect, I would suggest looking into the mathematical formula for finding the lateral surface area of a cylinder and then creating a function based on that formula.\\n-----\\n\\n[ProductOwner]says: As a Product Owner, I believe we should prioritize adding this function to our product backlog as it aligns with our customer needs.\\n-----\\n\\n[Tester]says: As a tester, I would suggest verifying the input values and expected output for the lateralsuface_cylinder function to ensure accuracy.\\n-----\\n\\n[Architect]says: As an Architect, I would suggest looking into the mathematical formula for finding the lateral surface area of a cylinder and then creating a function based on that formula.\\n-----\\n\\n[Tester]says: As a tester, I would suggest creating test cases for different input values to ensure the accuracy of the lateralsuface_cylinder function.\\n-----\\n\\n[Developer]says: As a Developer, I suggest using the formula 2 * \\u03c0 * r * h to calculate the lateral surface area of the cylinder.\\n-----\\n\\n[ProductOwner]says: As a Product Owner, I believe we should prioritize adding the lateralsuface_cylinder function to our product backlog as it aligns with our customer needs.\\n-----\\n\\n[Developer]says: As a Developer, I suggest using the formula 2 * \\u03c0 * r * h to calculate the lateral surface area of the cylinder.\\n-----\\n\", \"Question\": \"Follow the Instruction section. The Discussion History is in the Context section. You only need to return a task list as the Example section.\"}",
    "DesignDraft0": "Design:\n- Create a function called lateral_surface_cylinder(r, h) to find the lateral surface area of a cylinder.\n- Use the mathematical formula for lateral surface area of a cylinder: 2 * \u03c0 * r * h.\n- The function should take two parameters: r for the radius and h for the height of the cylinder.\n- Inside the function, calculate the lateral surface area using the formula.\n- Return the calculated lateral surface area as the output of the function.\n- Provide an example usage of the function with assert statement to validate the result.\n\nNote: The design should focus on the structure and functionality of the function without delving into specific implementation details.",
    "DesignMeetings0": "{\n  \"Developer\": \"The design looks good, but it would be helpful to include some input validation to ensure that the parameters r and h are valid (i.e., non-negative numbers). Additionally, it would be beneficial to include comments in the function to explain the purpose of the code and any important details.\",\n  \"Tester\": \"As a tester, I would suggest creating test cases to cover different scenarios such as positive and negative values for r and h, as well as zero values. Also, it would be helpful to test the function with large input values to check for any potential overflow or performance issues.\"\n}",
    "Design0": "New Design:\n\nFunction Name: calculate_lateral_surface_area_cylinder(r, h)\n\nDescription: This function calculates the lateral surface area of a cylinder based on the input parameters for the radius (r) and height (h).\n\nInput Validation:\n- Include input validation to ensure that the parameters r and h are valid non-negative numbers.\n\nFunction Structure:\n- Use the mathematical formula for lateral surface area of a cylinder: 2 * \u03c0 * r * h.\n- Calculate the lateral surface area inside the function using the formula.\n- Return the calculated lateral surface area as the output of the function.\n\nComments:\n- Include comments in the function to explain the purpose of the code and any important details.\n\nTesting:\n- Create test cases to cover different scenarios such as positive and negative values for r and h, as well as zero values.\n- Test the function with large input values to check for any potential overflow or performance issues.\n- Provide an example usage of the function with assert statement to validate the result.\n\nNote: The design maintains the focus on the structure and functionality of the function without delving into specific implementation details.",
    "CodeDraft0": "def calculate_lateral_surface_area_cylinder(r, h):\n    '''\n    Function to calculate the lateral surface area of a cylinder.\n    '''\n    import math\n    \n    # Input validation\n    if r < 0 or h < 0:\n        return \"Invalid input: r and h must be non-negative numbers\"\n    \n    # Calculate lateral surface area\n    lateral_surface_area = 2 * math.pi * r * h\n    \n    return lateral_surface_area\n\n# Test cases\nassert math.isclose(calculate_lateral_surface_area_cylinder(10, 5), 314.1592653589793, rel_tol=0.001)",
    "CodeDraft0_prompt": {
        "Role": "You are a professional engineer. Your duty is to write code in Python that meets the requirements. Ensure that the code you write is efficient, readable, and follows best practices. Remember, do not need to explain the code you wrote.",
        "Instruction": "According to the Context section, write your code.",
        "Example": "",
        "Context": "# Tasks:\n['Write function using formula 2 * \u03c0 * r * h to calculate lateral surface area of cylinder']\n# Design:\nNew Design:\n\nFunction Name: calculate_lateral_surface_area_cylinder(r, h)\n\nDescription: This function calculates the lateral surface area of a cylinder based on the input parameters for the radius (r) and height (h).\n\nInput Validation:\n- Include input validation to ensure that the parameters r and h are valid non-negative numbers.\n\nFunction Structure:\n- Use the mathematical formula for lateral surface area of a cylinder: 2 * \u03c0 * r * h.\n- Calculate the lateral surface area inside the function using the formula.\n- Return the calculated lateral surface area as the output of the function.\n\nComments:\n- Include comments in the function to explain the purpose of the code and any important details.\n\nTesting:\n- Create test cases to cover different scenarios such as positive and negative values for r and h, as well as zero values.\n- Test the function with large input values to check for any potential overflow or performance issues.\n- Provide an example usage of the function with assert statement to validate the result.\n\nNote: The design maintains the focus on the structure and functionality of the function without delving into specific implementation details.",
        "Question": "Follow the Instruction section. Complete the following code:\ndef lateralsuface_cylinder(r,h):\n'''Write a function to find the lateral surface area of a cylinder.\nassert math.isclose(lateralsuface_cylinder(10,5), 314.15000000000003, rel_tol=0.001)'''\n"
    },
    "CodeReviewMeetings0": "{\n  \"Architect\": \"The code should include comments to explain the logic and purpose of each section. It should also handle the case when r or h is equal to 0, as this is a valid input for a cylinder but not currently accounted for in the code.\",\n  \"Tester\": \"Test cases should also cover scenarios where r or h is equal to 0, to ensure the function handles these cases correctly. Additionally, it would be beneficial to have more test cases to cover a wider range of input values.\"\n}",
    "Code0CR": "def calculate_lateral_surface_area_cylinder(r, h):\n    '''Function to calculate the lateral surface area of a cylinder.'''\n    # Input validation\n    if r < 0 or h < 0:\n        raise ValueError(\"Radius and height must be non-negative numbers\")\n    \n    # Calculate the lateral surface area using the formula\n    lateral_surface_area = 2 * 3.14159 * r * h\n    \n    # Return the calculated lateral surface area\n    return lateral_surface_area\n\n# Test cases\nassert math.isclose(calculate_lateral_surface_area_cylinder(10, 5), 314.1592653589793, rel_tol=0.001)\nassert math.isclose(calculate_lateral_surface_area_cylinder(0, 5), 0, rel_tol=0.001)\nassert math.isclose(calculate_lateral_surface_area_cylinder(10, 0), 0, rel_tol=0.001)\nassert math.isclose(calculate_lateral_surface_area_cylinder(0, 0), 0, rel_tol=0.001)\nassert math.isclose(calculate_lateral_surface_area_cylinder(100, 100), 6283.185307179586, rel_tol=0.001)",
    "Code0CR_prompt": "{\"Role\": \"You are a professional software engineer. Your duty is to write code in Python that meets the requirements. Ensure that the code you write is efficient, readable, and follows best practices. Remember, do not need to explain the code you wrote.\", \"Instruction\": \"1. Understand the suggestions(in the Context section) about the original code. 2. Rewrite your code.\", \"Example\": \"\", \"Context\": \"# Tasks:\\n['Write function using formula 2 * \\u03c0 * r * h to calculate lateral surface area of cylinder']\\n# Design:\\nNew Design:\\n\\nFunction Name: calculate_lateral_surface_area_cylinder(r, h)\\n\\nDescription: This function calculates the lateral surface area of a cylinder based on the input parameters for the radius (r) and height (h).\\n\\nInput Validation:\\n- Include input validation to ensure that the parameters r and h are valid non-negative numbers.\\n\\nFunction Structure:\\n- Use the mathematical formula for lateral surface area of a cylinder: 2 * \\u03c0 * r * h.\\n- Calculate the lateral surface area inside the function using the formula.\\n- Return the calculated lateral surface area as the output of the function.\\n\\nComments:\\n- Include comments in the function to explain the purpose of the code and any important details.\\n\\nTesting:\\n- Create test cases to cover different scenarios such as positive and negative values for r and h, as well as zero values.\\n- Test the function with large input values to check for any potential overflow or performance issues.\\n- Provide an example usage of the function with assert statement to validate the result.\\n\\nNote: The design maintains the focus on the structure and functionality of the function without delving into specific implementation details.# Suggestions:\\n{\\n  \\\"Architect\\\": \\\"The code should include comments to explain the logic and purpose of each section. It should also handle the case when r or h is equal to 0, as this is a valid input for a cylinder but not currently accounted for in the code.\\\",\\n  \\\"Tester\\\": \\\"Test cases should also cover scenarios where r or h is equal to 0, to ensure the function handles these cases correctly. Additionally, it would be beneficial to have more test cases to cover a wider range of input values.\\\"\\n}\", \"Question\": \"Follow the Instruction section. Complete the following code:\\ndef lateralsuface_cylinder(r,h):\\n'''Write a function to find the lateral surface area of a cylinder.\\nassert math.isclose(lateralsuface_cylinder(10,5), 314.15000000000003, rel_tol=0.001)'''\\n\"}",
    "FinalCode": "import math\n\ndef lateral_surface_cylinder(r, h):\n    return 2 * math.pi * r * h",
    "Test Cases Draft": "{\n  \"test_cases\": [\n    {\n      \"Test Title\": \"Positive Values\",\n      \"Input Data\": \"r=5, h=10\",\n      \"Expected Output\": \"314.16\"\n    },\n    {\n      \"Test Title\": \"Zero Values\",\n      \"Input Data\": \"r=0, h=0\",\n      \"Expected Output\": \"0\"\n    },\n    {\n      \"Test Title\": \"Negative Values\",\n      \"Input Data\": \"r=-5, h=-10\",\n      \"Expected Output\": \"Invalid input\"\n    }\n  ]\n}",
    "Test Cases Draft_prompt": "{\"Role\": \"You are a quality assurance engineer. Your duty is to design test cases for the developers.\", \"Instruction\": \"According to the Context section, write test cases. Don't write long strings in your test cases. Response in JSON format.\", \"Example\": \"{\\\"requirement analysis\\\":\\\"analysis\\\",\\\"test_cases\\\":[{\\\"Test Title\\\":\\\"title\\\", \\\"Input Data\\\":\\\"parameter1=[1,2,3],parameter2='123'\\\", \\\"Expected Output\\\":\\\"456\\\"},]}\", \"Context\": \"# Tasks:\\n['Verify input values and expected output for lateralsuface_cylinder function, Create test cases for different input values']\\n# Design:\\nNew Design:\\n\\nFunction Name: calculate_lateral_surface_area_cylinder(r, h)\\n\\nDescription: This function calculates the lateral surface area of a cylinder based on the input parameters for the radius (r) and height (h).\\n\\nInput Validation:\\n- Include input validation to ensure that the parameters r and h are valid non-negative numbers.\\n\\nFunction Structure:\\n- Use the mathematical formula for lateral surface area of a cylinder: 2 * \\u03c0 * r * h.\\n- Calculate the lateral surface area inside the function using the formula.\\n- Return the calculated lateral surface area as the output of the function.\\n\\nComments:\\n- Include comments in the function to explain the purpose of the code and any important details.\\n\\nTesting:\\n- Create test cases to cover different scenarios such as positive and negative values for r and h, as well as zero values.\\n- Test the function with large input values to check for any potential overflow or performance issues.\\n- Provide an example usage of the function with assert statement to validate the result.\\n\\nNote: The design maintains the focus on the structure and functionality of the function without delving into specific implementation details.\", \"Question\": \"def lateralsuface_cylinder(r,h):\\n'''Write a function to find the lateral surface area of a cylinder.\\nassert math.isclose(lateralsuface_cylinder(10,5), 314.15000000000003, rel_tol=0.001)'''\\n\"}",
    "Test Cases Meetings": "{\n  \"Architect\": \"As an architect, I suggest revising the test cases to include edge cases such as very large values for radius and height, as well as non-integer values for radius and height. Additionally, we should consider including test cases for different units of measurement for the input data, such as inches or centimeters.\",\n  \"Developer\": \"As a developer, I suggest revising the test cases to include boundary values for radius and height, such as the maximum and minimum values that our system can handle. We should also consider adding test cases for unexpected input types, such as strings or special characters, to ensure our system can handle them appropriately.\"\n}",
    "Test Cases": "{\n  \"test_cases\": [\n    {\n      \"Test Title\": \"Positive Values\",\n      \"Input Data\": \"r=10, h=5\",\n      \"Expected Output\": \"314.15000000000003\"\n    },\n    {\n      \"Test Title\": \"Zero Values\",\n      \"Input Data\": \"r=0, h=0\",\n      \"Expected Output\": \"0\"\n    },\n    {\n      \"Test Title\": \"Negative Values\",\n      \"Input Data\": \"r=-10, h=-5\",\n      \"Expected Output\": \"Invalid input\"\n    }\n  ]\n}",
    "Test Cases_prompt": "{\"Role\": \"You are a quality assurance engineer. Your duty is to revise the test cases based on the suggestions.\", \"Instruction\": \"1. Your colleague give you some suggestions(in the Context section) about the draft test cases, read these suggestions. 2. Revise your draft version test cases, but don't use long parameters. 3. Response in JSON format.\", \"Example\": \"{\\\"requirement analysis\\\":\\\"analysis\\\",\\\"test_cases\\\":[{\\\"Test Title\\\":\\\"title\\\", \\\"Input Data\\\":\\\"parameter1=[1,2,3],parameter2='123'\\\", \\\"Expected Output\\\":\\\"456\\\"},]}\", \"Context\": \"# Suggestions:\\n{\\n  \\\"Architect\\\": \\\"As an architect, I suggest revising the test cases to include edge cases such as very large values for radius and height, as well as non-integer values for radius and height. Additionally, we should consider including test cases for different units of measurement for the input data, such as inches or centimeters.\\\",\\n  \\\"Developer\\\": \\\"As a developer, I suggest revising the test cases to include boundary values for radius and height, such as the maximum and minimum values that our system can handle. We should also consider adding test cases for unexpected input types, such as strings or special characters, to ensure our system can handle them appropriately.\\\"\\n}\\n # Draft Test cases:\\n{\\n  \\\"test_cases\\\": [\\n    {\\n      \\\"Test Title\\\": \\\"Positive Values\\\",\\n      \\\"Input Data\\\": \\\"r=5, h=10\\\",\\n      \\\"Expected Output\\\": \\\"314.16\\\"\\n    },\\n    {\\n      \\\"Test Title\\\": \\\"Zero Values\\\",\\n      \\\"Input Data\\\": \\\"r=0, h=0\\\",\\n      \\\"Expected Output\\\": \\\"0\\\"\\n    },\\n    {\\n      \\\"Test Title\\\": \\\"Negative Values\\\",\\n      \\\"Input Data\\\": \\\"r=-5, h=-10\\\",\\n      \\\"Expected Output\\\": \\\"Invalid input\\\"\\n    }\\n  ]\\n}\", \"Question\": \"Follow the Instruction. Please make sure your response length are less than 512. Your test cases is for the below question:\\ndef lateralsuface_cylinder(r,h):\\n'''Write a function to find the lateral surface area of a cylinder.\\nassert math.isclose(lateralsuface_cylinder(10,5), 314.15000000000003, rel_tol=0.001)'''\\n\"}",
    "Code0": "def lateralsuface_cylinder(r, h):\n    if r < 0 or h < 0:\n        return \"Invalid input\"\n    lateral_surface_area = 2 * 3.14159 * r * h\n    return round(lateral_surface_area, 2)",
    "Code0_prompt": {
        "Role": "You are a professional software engineer. Your duty is to write code in Python that meets the requirements. Ensure that the code you write is efficient, readable, and follows best practices. Remember, do not need to explain the code you wrote.",
        "Instruction": "1. Understand the test cases(in the Context section) about the original code. 2. Rewrite your code, make sure your code pass all test cases.",
        "Example": "",
        "Context": "# Original Code:\ndef calculate_lateral_surface_area_cylinder(r, h):\n    '''Function to calculate the lateral surface area of a cylinder.'''\n    # Input validation\n    if r < 0 or h < 0:\n        raise ValueError(\"Radius and height must be non-negative numbers\")\n    \n    # Calculate the lateral surface area using the formula\n    lateral_surface_area = 2 * 3.14159 * r * h\n    \n    # Return the calculated lateral surface area\n    return lateral_surface_area\n\n# Test cases\nassert math.isclose(calculate_lateral_surface_area_cylinder(10, 5), 314.1592653589793, rel_tol=0.001)\nassert math.isclose(calculate_lateral_surface_area_cylinder(0, 5), 0, rel_tol=0.001)\nassert math.isclose(calculate_lateral_surface_area_cylinder(10, 0), 0, rel_tol=0.001)\nassert math.isclose(calculate_lateral_surface_area_cylinder(0, 0), 0, rel_tol=0.001)\nassert math.isclose(calculate_lateral_surface_area_cylinder(100, 100), 6283.185307179586, rel_tol=0.001)\n# Test Cases:\n{\n  \"test_cases\": [\n    {\n      \"Test Title\": \"Positive Values\",\n      \"Input Data\": \"r=10, h=5\",\n      \"Expected Output\": \"314.15000000000003\"\n    },\n    {\n      \"Test Title\": \"Zero Values\",\n      \"Input Data\": \"r=0, h=0\",\n      \"Expected Output\": \"0\"\n    },\n    {\n      \"Test Title\": \"Negative Values\",\n      \"Input Data\": \"r=-10, h=-5\",\n      \"Expected Output\": \"Invalid input\"\n    }\n  ]\n}",
        "Question": "def lateralsuface_cylinder(r,h):\n'''Write a function to find the lateral surface area of a cylinder.\nassert math.isclose(lateralsuface_cylinder(10,5), 314.15000000000003, rel_tol=0.001)'''\n"
    },
    "TestScriptOriginal": "import math\n\ndef lateralsuface_cylinder(r, h):\n    return 2 * math.pi * r * h\n\nimport unittest\n\nclass Test(unittest.TestCase):\n    def test(self):\n        self.assertAlmostEqual(lateralsuface_cylinder(10, 5), 314.15, places=3)\n\nif __name__ == '__main__':\n    unittest.main()",
    "TestScriptOriginal_prompt": "{\"Role\": \"You are a quality assurance engineer. Your duty is to write a python test script in unittest framework.\", \"Instruction\": \"1. Write a python test script. 2. Use the input and output given by the question.\", \"Example\": \"import unittest\\n\\nclass Test(unittest.TestCase):\\n    def test(self):\\n        self.assertEqual(function_under_test('a'), 1)\\n\\nif __name__ == '__main__':\\n    unittest.main()\", \"Context\": \"\", \"Question\": \"def lateralsuface_cylinder(r,h):\\n'''Write a function to find the lateral surface area of a cylinder.\\nassert math.isclose(lateralsuface_cylinder(10,5), 314.15000000000003, rel_tol=0.001)'''\\n\"}",
    "TestScript": "import math\n\nclass Test(unittest.TestCase):\n    def test(self):\n        self.assertAlmostEqual(lateralsuface_cylinder(10, 5), 314.15, places=3)\n\nif __name__ == '__main__':\n    unittest.main()",
    "ScriptResult0": "Traceback (most recent call last):\n  File \"/Users/watch/PycharmProjects/XXXX-1-LLM/workspace/2024-03-11_09-31-58-146158/test_script.py\", line 8, in <module>\n    class Test(unittest.TestCase):\nNameError: name 'unittest' is not defined\n",
    "TestReport0": "Test Report:\n\nContext:\nThe test script's output shows a NameError indicating that 'unittest' is not defined.\n\nAnalysis:\nBased on the test script's output, it is evident that there is an issue with the definition of 'unittest' in the code.\n\nConclusion:\nCode Test Failed\n\nInput and Expected Output Example:\ndef lateralsuface_cylinder(r, h):\n    if r < 0 or h < 0:\n        return \"Invalid input\"\n    lateral_surface_area = 2 * 3.14159 * r * h\n    return round(lateral_surface_area, 2)\n\nRecommendation:\nThe code needs to be modified to correctly define 'unittest' in order to pass the test.\n\nTested By: [Your Name]\nDate: [Current Date]",
    "SprintReview0": "[ScrumMaster]says: Here is our test Report: Test Report:\n\nContext:\nThe test script's output shows a NameError indicating that 'unittest' is not defined.\n\nAnalysis:\nBased on the test script's output, it is evident that there is an issue with the definition of 'unittest' in the code.\n\nConclusion:\nCode Test Failed\n\nInput and Expected Output Example:\ndef lateralsuface_cylinder(r, h):\n    if r < 0 or h < 0:\n        return \"Invalid input\"\n    lateral_surface_area = 2 * 3.14159 * r * h\n    return round(lateral_surface_area, 2)\n\nRecommendation:\nThe code needs to be modified to correctly define 'unittest' in order to pass the test.\n\nTested By: [Your Name]\nDate: [Current Date], do you have any ideas?\n-----\n\n[Tester]says: As a Tester, I suggest reviewing the code to correctly define 'unittest' in order to pass the test.\n-----\n\n[Architect]says: As an Architect, I recommend reviewing the code to ensure that 'unittest' is correctly defined in order to pass the test.\n-----\n\n[Developer]says: As a Developer, I will begin by modifying the code to correctly define 'unittest' in order to pass the test.\n-----\n\n[ProductOwner]says: As a Product Owner, I believe we should prioritize fixing the issue with the definition of 'unittest' in the code to ensure the product meets quality standards and functionality.\n-----\n\n[Tester]says: As a Tester, I suggest reviewing the code to correctly define 'unittest' in order to pass the test.\n-----\n\n[Developer]says: As a Developer, I will begin by modifying the code to correctly define 'unittest' in order to pass the test.\n-----\n\n[ProductOwner]says: As a Product Owner, I think the first step is to prioritize fixing the issue with the definition of 'unittest' in the code to ensure the product meets quality standards and functionality.\n-----\n\n[Architect]says: [Architect] To create a product, we should review the code and ensure that 'unittest' is correctly defined. Let's prioritize fixing this issue in order to pass the test.\n-----\n",
    "SprintReviewMeetings0": "{\n  \"product-owner\":[\"I believe we should prioritize fixing the issue with the definition of 'unittest' in the code to ensure the product meets quality standards and functionality.\", \"I think the first step is to prioritize fixing the issue with the definition of 'unittest' in the code to ensure the product meets quality standards and functionality.\"],\n  \"architect\":[\"I recommend reviewing the code to ensure that 'unittest' is correctly defined in order to pass the test.\", \"To create a product, we should review the code and ensure that 'unittest' is correctly defined. Let's prioritize fixing this issue in order to pass the test.\"],\n  \"developer\":[\"I will begin by modifying the code to correctly define 'unittest' in order to pass the test.\", \"I will begin by modifying the code to correctly define 'unittest' in order to pass the test.\"],\n  \"tester\":[\"I suggest reviewing the code to correctly define 'unittest' in order to pass the test.\", \"As a Tester, I suggest reviewing the code to correctly define 'unittest' in order to pass the test.\"]\n}",
    "SprintReviewMeetings0_prompt": "{\"Role\": \"You are a professional scrum master. Your goal is to summary the Discussion History into a suggestions list for the scrum team.\", \"Instruction\": \"1. Read and Understand the Discussion History. 2. Summary the suggestions from four roles: product-owner/architect/developer/tester. 3. Response in JSON format.\", \"Example\": \"{\\\"product-owner\\\":[\\\"suggestion1\\\",\\\"suggestion2\\\"],\\\"architect\\\":[\\\"suggestion1\\\",\\\"suggestion2\\\"], \\\"developer\\\":[\\\"suggestion1\\\",\\\"suggestion2\\\"], \\\"tester\\\":[\\\"suggestion1\\\",\\\"suggestion2\\\"]}\", \"Context\": \"[ScrumMaster]says: Here is our test Report: Test Report:\\n\\nContext:\\nThe test script's output shows a NameError indicating that 'unittest' is not defined.\\n\\nAnalysis:\\nBased on the test script's output, it is evident that there is an issue with the definition of 'unittest' in the code.\\n\\nConclusion:\\nCode Test Failed\\n\\nInput and Expected Output Example:\\ndef lateralsuface_cylinder(r, h):\\n    if r < 0 or h < 0:\\n        return \\\"Invalid input\\\"\\n    lateral_surface_area = 2 * 3.14159 * r * h\\n    return round(lateral_surface_area, 2)\\n\\nRecommendation:\\nThe code needs to be modified to correctly define 'unittest' in order to pass the test.\\n\\nTested By: [Your Name]\\nDate: [Current Date], do you have any ideas?\\n-----\\n\\n[Tester]says: As a Tester, I suggest reviewing the code to correctly define 'unittest' in order to pass the test.\\n-----\\n\\n[Architect]says: As an Architect, I recommend reviewing the code to ensure that 'unittest' is correctly defined in order to pass the test.\\n-----\\n\\n[Developer]says: As a Developer, I will begin by modifying the code to correctly define 'unittest' in order to pass the test.\\n-----\\n\\n[ProductOwner]says: As a Product Owner, I believe we should prioritize fixing the issue with the definition of 'unittest' in the code to ensure the product meets quality standards and functionality.\\n-----\\n\\n[Tester]says: As a Tester, I suggest reviewing the code to correctly define 'unittest' in order to pass the test.\\n-----\\n\\n[Developer]says: As a Developer, I will begin by modifying the code to correctly define 'unittest' in order to pass the test.\\n-----\\n\\n[ProductOwner]says: As a Product Owner, I think the first step is to prioritize fixing the issue with the definition of 'unittest' in the code to ensure the product meets quality standards and functionality.\\n-----\\n\\n[Architect]says: [Architect] To create a product, we should review the code and ensure that 'unittest' is correctly defined. Let's prioritize fixing this issue in order to pass the test.\\n-----\\n\", \"Question\": \"Follow the Instruction section. The Discussion History is in the Context section. You only need to return a list as the Example section.\"}",
    "RepairResponse0": "{\n  \"revised_code\": \"import math\\n\\ndef lateral_surface_cylinder(r, h):\\n    if r < 0 or h < 0:\\n        return \\\"Invalid input\\\"\\n    lateral_surface_area = 2 * math.pi * r * h\\n    return round(lateral_surface_area, 2)\"\n}",
    "RepairResponse0_prompt": {
        "Role": "You are a professional software engineer. Your duty is to write code in Python that meets the requirements. Ensure that the code you write is efficient, readable, and follows best practices. Remember, do not need to explain the code you wrote.",
        "Instruction": "1. Rewrite a bug fix version of the original code. 2. Response in JSON format.",
        "Example": "{\"revised_code\":\"...\"}",
        "Context": "# Test Report:\nTest Report:\n\nContext:\nThe test script's output shows a NameError indicating that 'unittest' is not defined.\n\nAnalysis:\nBased on the test script's output, it is evident that there is an issue with the definition of 'unittest' in the code.\n\nConclusion:\nCode Test Failed\n\nInput and Expected Output Example:\ndef lateralsuface_cylinder(r, h):\n    if r < 0 or h < 0:\n        return \"Invalid input\"\n    lateral_surface_area = 2 * 3.14159 * r * h\n    return round(lateral_surface_area, 2)\n\nRecommendation:\nThe code needs to be modified to correctly define 'unittest' in order to pass the test.\n\nTested By: [Your Name]\nDate: [Current Date]# suggestions:\n{\"product-owner\": [\"I believe we should prioritize fixing the issue with the definition of 'unittest' in the code to ensure the product meets quality standards and functionality.\", \"I think the first step is to prioritize fixing the issue with the definition of 'unittest' in the code to ensure the product meets quality standards and functionality.\"], \"architect\": [\"I recommend reviewing the code to ensure that 'unittest' is correctly defined in order to pass the test.\", \"To create a product, we should review the code and ensure that 'unittest' is correctly defined. Let's prioritize fixing this issue in order to pass the test.\"], \"developer\": [\"I will begin by modifying the code to correctly define 'unittest' in order to pass the test.\", \"I will begin by modifying the code to correctly define 'unittest' in order to pass the test.\"], \"tester\": [\"I suggest reviewing the code to correctly define 'unittest' in order to pass the test.\", \"As a Tester, I suggest reviewing the code to correctly define 'unittest' in order to pass the test.\"]}",
        "Question": "The original code has some bugs, according to the test report and suggestions, rewrite the code. Complete the following code:\ndef lateralsuface_cylinder(r,h):\n'''Write a function to find the lateral surface area of a cylinder.\nassert math.isclose(lateralsuface_cylinder(10,5), 314.15000000000003, rel_tol=0.001)'''\n"
    },
    "Code1": "import math\n\ndef lateral_surface_cylinder(r, h):\n    if r < 0 or h < 0:\n        return \"Invalid input\"\n    lateral_surface_area = 2 * math.pi * r * h\n    return round(lateral_surface_area, 2)",
    "ScriptResult1": "Traceback (most recent call last):\n  File \"/Users/watch/PycharmProjects/XXXX-1-LLM/workspace/2024-03-11_09-31-58-146158/test_script.py\", line 10, in <module>\n    class Test(unittest.TestCase):\nNameError: name 'unittest' is not defined\n",
    "TestReport1": "Test Report:\n\nContext:\nThe test script's output shows a NameError: name 'unittest' is not defined, indicating a failure in the code.\n\nAnalysis:\nThe code appears to be attempting to use the 'unittest' module, but it is not defined, leading to the failure.\n\nConclusion:\nCode Test Failed\n\nInput and Expected Output Example:\nInput: lateral_surface_cylinder(3, 4)\nExpected Output: 75.4\n\nRecommendations:\nThe code should be modified to properly define the 'unittest' module to resolve the NameError and ensure the code passes the test.\n\nSigned,\n[Your Name]\nQuality Assurance Engineer",
    "SprintReview1": "[ScrumMaster]says: Here is our test Report: Test Report:\n\nContext:\nThe test script's output shows a NameError: name 'unittest' is not defined, indicating a failure in the code.\n\nAnalysis:\nThe code appears to be attempting to use the 'unittest' module, but it is not defined, leading to the failure.\n\nConclusion:\nCode Test Failed\n\nInput and Expected Output Example:\nInput: lateral_surface_cylinder(3, 4)\nExpected Output: 75.4\n\nRecommendations:\nThe code should be modified to properly define the 'unittest' module to resolve the NameError and ensure the code passes the test.\n\nSigned,\n[Your Name]\nQuality Assurance Engineer, do you have any ideas?\n-----\n\n[Developer]says: As a Developer, I can update the code to properly define the 'unittest' module to resolve the NameError.\n-----\n\n[Architect]says: As an Architect, I recommend reviewing the code to ensure the 'unittest' module is properly defined and integrated in the codebase to avoid any future failures.\n-----\n\n[ProductOwner]says: As the Product Owner, I think we should prioritize fixing the NameError issue with the 'unittest' module before proceeding with any other product development tasks.\n-----\n\n[Developer]says: As a Developer, I can update the code to properly define the 'unittest' module to resolve the NameError.\n-----\n\n[Architect]says: As an Architect, I recommend reviewing the code to ensure the 'unittest' module is properly defined and integrated in the codebase to avoid any future failures.\n-----\n\n[ProductOwner]says: As the Product Owner, I think we should prioritize fixing the NameError issue with the 'unittest' module before proceeding with any other product development tasks.\n-----\n\n[Tester]says: As a Tester, I suggest ensuring that the 'unittest' module is properly defined in the code to resolve the NameError and pass the test.\n-----\n\n[Tester]says: As a Tester, I suggest ensuring that the 'unittest' module is properly defined in the code to resolve the NameError and pass the test.\n-----\n",
    "SprintReviewMeetings1": "{\n  \"product-owner\":[\"Prioritize fixing the NameError issue with the 'unittest' module before proceeding with any other product development tasks.\"],\n  \"architect\":[\"Review the code to ensure the 'unittest' module is properly defined and integrated in the codebase to avoid any future failures.\"],\n  \"developer\":[\"Update the code to properly define the 'unittest' module to resolve the NameError.\"],\n  \"tester\":[\"Ensure that the 'unittest' module is properly defined in the code to resolve the NameError and pass the test.\"]\n}",
    "SprintReviewMeetings1_prompt": "{\"Role\": \"You are a professional scrum master. Your goal is to summary the Discussion History into a suggestions list for the scrum team.\", \"Instruction\": \"1. Read and Understand the Discussion History. 2. Summary the suggestions from four roles: product-owner/architect/developer/tester. 3. Response in JSON format.\", \"Example\": \"{\\\"product-owner\\\":[\\\"suggestion1\\\",\\\"suggestion2\\\"],\\\"architect\\\":[\\\"suggestion1\\\",\\\"suggestion2\\\"], \\\"developer\\\":[\\\"suggestion1\\\",\\\"suggestion2\\\"], \\\"tester\\\":[\\\"suggestion1\\\",\\\"suggestion2\\\"]}\", \"Context\": \"[ScrumMaster]says: Here is our test Report: Test Report:\\n\\nContext:\\nThe test script's output shows a NameError: name 'unittest' is not defined, indicating a failure in the code.\\n\\nAnalysis:\\nThe code appears to be attempting to use the 'unittest' module, but it is not defined, leading to the failure.\\n\\nConclusion:\\nCode Test Failed\\n\\nInput and Expected Output Example:\\nInput: lateral_surface_cylinder(3, 4)\\nExpected Output: 75.4\\n\\nRecommendations:\\nThe code should be modified to properly define the 'unittest' module to resolve the NameError and ensure the code passes the test.\\n\\nSigned,\\n[Your Name]\\nQuality Assurance Engineer, do you have any ideas?\\n-----\\n\\n[Developer]says: As a Developer, I can update the code to properly define the 'unittest' module to resolve the NameError.\\n-----\\n\\n[Architect]says: As an Architect, I recommend reviewing the code to ensure the 'unittest' module is properly defined and integrated in the codebase to avoid any future failures.\\n-----\\n\\n[ProductOwner]says: As the Product Owner, I think we should prioritize fixing the NameError issue with the 'unittest' module before proceeding with any other product development tasks.\\n-----\\n\\n[Developer]says: As a Developer, I can update the code to properly define the 'unittest' module to resolve the NameError.\\n-----\\n\\n[Architect]says: As an Architect, I recommend reviewing the code to ensure the 'unittest' module is properly defined and integrated in the codebase to avoid any future failures.\\n-----\\n\\n[ProductOwner]says: As the Product Owner, I think we should prioritize fixing the NameError issue with the 'unittest' module before proceeding with any other product development tasks.\\n-----\\n\\n[Tester]says: As a Tester, I suggest ensuring that the 'unittest' module is properly defined in the code to resolve the NameError and pass the test.\\n-----\\n\\n[Tester]says: As a Tester, I suggest ensuring that the 'unittest' module is properly defined in the code to resolve the NameError and pass the test.\\n-----\\n\", \"Question\": \"Follow the Instruction section. The Discussion History is in the Context section. You only need to return a list as the Example section.\"}",
    "RepairResponse1": "{\n  \"revised_code\": \"import math\\n\\ndef lateral_surface_cylinder(r, h):\\n    return 2 * math.pi * r * h\"\n}",
    "RepairResponse1_prompt": {
        "Role": "You are a professional software engineer. Your duty is to write code in Python that meets the requirements. Ensure that the code you write is efficient, readable, and follows best practices. Remember, do not need to explain the code you wrote.",
        "Instruction": "1. Rewrite a bug fix version of the original code. 2. Response in JSON format.",
        "Example": "{\"revised_code\":\"...\"}",
        "Context": "# Test Report:\nTest Report:\n\nContext:\nThe test script's output shows a NameError: name 'unittest' is not defined, indicating a failure in the code.\n\nAnalysis:\nThe code appears to be attempting to use the 'unittest' module, but it is not defined, leading to the failure.\n\nConclusion:\nCode Test Failed\n\nInput and Expected Output Example:\nInput: lateral_surface_cylinder(3, 4)\nExpected Output: 75.4\n\nRecommendations:\nThe code should be modified to properly define the 'unittest' module to resolve the NameError and ensure the code passes the test.\n\nSigned,\n[Your Name]\nQuality Assurance Engineer# suggestions:\n{\"product-owner\": [\"Prioritize fixing the NameError issue with the 'unittest' module before proceeding with any other product development tasks.\"], \"architect\": [\"Review the code to ensure the 'unittest' module is properly defined and integrated in the codebase to avoid any future failures.\"], \"developer\": [\"Update the code to properly define the 'unittest' module to resolve the NameError.\"], \"tester\": [\"Ensure that the 'unittest' module is properly defined in the code to resolve the NameError and pass the test.\"]}",
        "Question": "The original code has some bugs, according to the test report and suggestions, rewrite the code. Complete the following code:\ndef lateralsuface_cylinder(r,h):\n'''Write a function to find the lateral surface area of a cylinder.\nassert math.isclose(lateralsuface_cylinder(10,5), 314.15000000000003, rel_tol=0.001)'''\n"
    },
    "Code2": "import math\n\ndef lateral_surface_cylinder(r, h):\n    return 2 * math.pi * r * h",
    "ScriptResult2": "Traceback (most recent call last):\n  File \"/Users/watch/PycharmProjects/XXXX-1-LLM/workspace/2024-03-11_09-31-58-146158/test_script.py\", line 7, in <module>\n    class Test(unittest.TestCase):\nNameError: name 'unittest' is not defined\n",
    "TestReport2": "Test Report:\n\nContext:\nThe test script's output shows a NameError indicating that 'unittest' is not defined.\n\nAnalysis:\nThe code in the test_script.py file is trying to use the 'unittest' module, but it is not defined, leading to a NameError.\n\nConclusion:\nCode Test Failed\n\nInput and Expected Output Example:\nimport math\n\ndef lateral_surface_cylinder(r, h):\n    return 2 * math.pi * r * h\n\nNote: The input and expected output example are not directly related to the test script's output, but it is included here for reference.\n\nPlease let me know if you need further details or information.",
    "SprintReview2": "[ScrumMaster]says: Here is our test Report: Test Report:\n\nContext:\nThe test script's output shows a NameError indicating that 'unittest' is not defined.\n\nAnalysis:\nThe code in the test_script.py file is trying to use the 'unittest' module, but it is not defined, leading to a NameError.\n\nConclusion:\nCode Test Failed\n\nInput and Expected Output Example:\nimport math\n\ndef lateral_surface_cylinder(r, h):\n    return 2 * math.pi * r * h\n\nNote: The input and expected output example are not directly related to the test script's output, but it is included here for reference.\n\nPlease let me know if you need further details or information., do you have any ideas?\n-----\n\n[Tester]says: As a Tester, I would suggest reviewing the test_script.py file to ensure that the 'unittest' module is properly imported and defined before its usage in the code.\n-----\n\n[ProductOwner]says: As a Product Owner, I think we should prioritize fixing the 'unittest' module issue in the test_script.py file to ensure successful code testing.\n-----\n\n[Developer]says: As a Developer, I think we should review the test_script.py file to check if the 'unittest' module is being imported correctly and if it is being used properly in the code.\n-----\n\n[Architect]says: As an Architect, to address the NameError issue, we should review the architecture of the test script and ensure that the 'unittest' module is properly imported and utilized.\n-----\n\n[Developer]says: As a Developer, I will review the test_script.py file to ensure the 'unittest' module is being imported and used correctly in the code.\n-----\n\n[ProductOwner]says: As a Product Owner, I agree that fixing the 'unittest' module issue should be our top priority to ensure successful code testing.\n-----\n\n[Tester]says: As a Tester, I would suggest reviewing the test_script.py file to ensure that the 'unittest' module is properly imported and defined before its usage in the code.\n-----\n\n[Architect]says: As an Architect, to address the NameError issue, we should review the architecture of the test script and ensure that the 'unittest' module is properly imported and utilized.\n-----\n",
    "SprintReviewMeetings2": "{\n  \"product-owner\": [\n    \"I think we should prioritize fixing the 'unittest' module issue in the test_script.py file to ensure successful code testing.\",\n    \"I agree that fixing the 'unittest' module issue should be our top priority to ensure successful code testing.\"\n  ],\n  \"architect\": [\n    \"To address the NameError issue, we should review the architecture of the test script and ensure that the 'unittest' module is properly imported and utilized.\"\n  ],\n  \"developer\": [\n    \"I think we should review the test_script.py file to check if the 'unittest' module is being imported correctly and if it is being used properly in the code.\",\n    \"I will review the test_script.py file to ensure the 'unittest' module is being imported and used correctly in the code.\"\n  ],\n  \"tester\": [\n    \"I would suggest reviewing the test_script.py file to ensure that the 'unittest' module is properly imported and defined before its usage in the code.\"\n  ]\n}",
    "SprintReviewMeetings2_prompt": "{\"Role\": \"You are a professional scrum master. Your goal is to summary the Discussion History into a suggestions list for the scrum team.\", \"Instruction\": \"1. Read and Understand the Discussion History. 2. Summary the suggestions from four roles: product-owner/architect/developer/tester. 3. Response in JSON format.\", \"Example\": \"{\\\"product-owner\\\":[\\\"suggestion1\\\",\\\"suggestion2\\\"],\\\"architect\\\":[\\\"suggestion1\\\",\\\"suggestion2\\\"], \\\"developer\\\":[\\\"suggestion1\\\",\\\"suggestion2\\\"], \\\"tester\\\":[\\\"suggestion1\\\",\\\"suggestion2\\\"]}\", \"Context\": \"[ScrumMaster]says: Here is our test Report: Test Report:\\n\\nContext:\\nThe test script's output shows a NameError indicating that 'unittest' is not defined.\\n\\nAnalysis:\\nThe code in the test_script.py file is trying to use the 'unittest' module, but it is not defined, leading to a NameError.\\n\\nConclusion:\\nCode Test Failed\\n\\nInput and Expected Output Example:\\nimport math\\n\\ndef lateral_surface_cylinder(r, h):\\n    return 2 * math.pi * r * h\\n\\nNote: The input and expected output example are not directly related to the test script's output, but it is included here for reference.\\n\\nPlease let me know if you need further details or information., do you have any ideas?\\n-----\\n\\n[Tester]says: As a Tester, I would suggest reviewing the test_script.py file to ensure that the 'unittest' module is properly imported and defined before its usage in the code.\\n-----\\n\\n[ProductOwner]says: As a Product Owner, I think we should prioritize fixing the 'unittest' module issue in the test_script.py file to ensure successful code testing.\\n-----\\n\\n[Developer]says: As a Developer, I think we should review the test_script.py file to check if the 'unittest' module is being imported correctly and if it is being used properly in the code.\\n-----\\n\\n[Architect]says: As an Architect, to address the NameError issue, we should review the architecture of the test script and ensure that the 'unittest' module is properly imported and utilized.\\n-----\\n\\n[Developer]says: As a Developer, I will review the test_script.py file to ensure the 'unittest' module is being imported and used correctly in the code.\\n-----\\n\\n[ProductOwner]says: As a Product Owner, I agree that fixing the 'unittest' module issue should be our top priority to ensure successful code testing.\\n-----\\n\\n[Tester]says: As a Tester, I would suggest reviewing the test_script.py file to ensure that the 'unittest' module is properly imported and defined before its usage in the code.\\n-----\\n\\n[Architect]says: As an Architect, to address the NameError issue, we should review the architecture of the test script and ensure that the 'unittest' module is properly imported and utilized.\\n-----\\n\", \"Question\": \"Follow the Instruction section. The Discussion History is in the Context section. You only need to return a list as the Example section.\"}",
    "RepairResponse2": "{\n  \"revised_code\": \"import math\\n\\ndef lateral_surface_cylinder(r, h):\\n    return 2 * math.pi * r * h\"\n}",
    "RepairResponse2_prompt": {
        "Role": "You are a professional software engineer. Your duty is to write code in Python that meets the requirements. Ensure that the code you write is efficient, readable, and follows best practices. Remember, do not need to explain the code you wrote.",
        "Instruction": "1. Rewrite a bug fix version of the original code. 2. Response in JSON format.",
        "Example": "{\"revised_code\":\"...\"}",
        "Context": "# Test Report:\nTest Report:\n\nContext:\nThe test script's output shows a NameError indicating that 'unittest' is not defined.\n\nAnalysis:\nThe code in the test_script.py file is trying to use the 'unittest' module, but it is not defined, leading to a NameError.\n\nConclusion:\nCode Test Failed\n\nInput and Expected Output Example:\nimport math\n\ndef lateral_surface_cylinder(r, h):\n    return 2 * math.pi * r * h\n\nNote: The input and expected output example are not directly related to the test script's output, but it is included here for reference.\n\nPlease let me know if you need further details or information.# suggestions:\n{\"product-owner\": [\"I think we should prioritize fixing the 'unittest' module issue in the test_script.py file to ensure successful code testing.\", \"I agree that fixing the 'unittest' module issue should be our top priority to ensure successful code testing.\"], \"architect\": [\"To address the NameError issue, we should review the architecture of the test script and ensure that the 'unittest' module is properly imported and utilized.\"], \"developer\": [\"I think we should review the test_script.py file to check if the 'unittest' module is being imported correctly and if it is being used properly in the code.\", \"I will review the test_script.py file to ensure the 'unittest' module is being imported and used correctly in the code.\"], \"tester\": [\"I would suggest reviewing the test_script.py file to ensure that the 'unittest' module is properly imported and defined before its usage in the code.\"]}",
        "Question": "The original code has some bugs, according to the test report and suggestions, rewrite the code. Complete the following code:\ndef lateralsuface_cylinder(r,h):\n'''Write a function to find the lateral surface area of a cylinder.\nassert math.isclose(lateralsuface_cylinder(10,5), 314.15000000000003, rel_tol=0.001)'''\n"
    }
}