{
    "start_time": "2024-03-11_09-59-27-180640",
    "task": "def word_len(s): \n'''Write a python function to check whether the length of the word is odd or not.\nassert word_len(\"Hadoop\") == False'''\n",
    "datetime": {
        "task": "2024-03-11 09:59:27",
        "task-id": "2024-03-11 09:59:27",
        "workflow": "2024-03-11 09:59:27",
        "Discussion": "2024-03-11 09:59:28",
        "DisorderedSprintMeetings": "2024-03-11 09:59:30",
        "UserStoryDraft0": "2024-03-11 10:00:28",
        "AnalyzeMeetings": "2024-03-11 10:00:29",
        "UserStory0": "2024-03-11 10:02:10",
        "CodeDraft0": "2024-03-11 10:02:11",
        "CodeReviewMeetings0": "2024-03-11 10:02:12",
        "Code0CR": "2024-03-11 10:02:13",
        "FinalCode": "2024-03-11 10:02:35",
        "Test Cases Draft": "2024-03-11 10:02:15",
        "Test Cases Meetings": "2024-03-11 10:02:16",
        "Test Cases": "2024-03-11 10:02:18",
        "Code0": "2024-03-11 10:02:20",
        "TestScriptOriginal": "2024-03-11 10:02:21",
        "TestScript": "2024-03-11 10:02:21",
        "ScriptResult0": "2024-03-11 10:02:21",
        "TestReport0": "2024-03-11 10:02:24",
        "SprintReview0": "2024-03-11 10:02:27",
        "SprintReviewMeetings0": "2024-03-11 10:02:28",
        "RepairResponse0": "2024-03-11 10:02:29",
        "Code1": "2024-03-11 10:02:29",
        "ScriptResult1": "2024-03-11 10:02:29",
        "TestReport1": "2024-03-11 10:02:30",
        "SprintReview1": "2024-03-11 10:02:32",
        "SprintReviewMeetings1": "2024-03-11 10:02:33",
        "RepairResponse1": "2024-03-11 10:02:35",
        "Code2": "2024-03-11 10:02:35",
        "ScriptResult2": "2024-03-11 10:02:35",
        "TestReport2": "2024-03-11 10:02:35"
    },
    "task-id": 79,
    "workflow": "agile/agile_version_0.0.5_remove.json",
    "Discussion": "[ScrumMaster]says: We have a job: def word_len(s): \n'''Write a python function to check whether the length of the word is odd or not.\nassert word_len(\"Hadoop\") == False'''\n, do you have any ideas?\n-----\n\n[Architect]says: As an Architect, to create a product, we should first analyze the requirements and design the solution architecture.\n-----\n\n[Tester]says: As a Tester, I think it's important to consider edge cases and test for both odd and even length words in the function.\n-----\n\n[Developer]says: As a Developer, I think the first step is to define the input parameters for the word_len function and then implement the logic to check the length of the word.\n-----\n\n[ProductOwner]says: As a Product Owner, I think the first step is to gather user requirements and prioritize the features for the product.\n-----\n\n[Architect]says: As an Architect, to create a product, we should first analyze the requirements and design the solution architecture.\n-----\n\n[Tester]says: As a Tester, I think it's important to consider edge cases and test for both odd and even length words in the function.\n-----\n\n[Developer]says: As a Developer, I will define the input parameters for the word_len function and implement the logic to check the length of the word.\n-----\n\n[ProductOwner]says: [ProductOwner]says: In order to develop a product, it is important that we gather user requirements and prioritize the features for the product.\n-----\n",
    "DisorderedSprintMeetings": "{\n  \"product-owner\": [\n    \"Gather user requirements\",\n    \"Prioritize features for the product\"\n  ],\n  \"architect\": [\n    \"Analyze requirements\",\n    \"Design solution architecture\"\n  ],\n  \"developer\": [\n    \"Define input parameters for word_len function\",\n    \"Implement logic to check word length\"\n  ],\n  \"tester\": [\n    \"Consider edge cases\",\n    \"Test for both odd and even length words\"\n  ]\n}",
    "DisorderedSprintMeetings_prompt": "{\"Role\": \"You are a professional scrum master. Your goal is to breakdown the Discussion History into a task list for the scrum team.\", \"Instruction\": \"1. Read and Understand the Discussion History. 2. Define the tasks for four roles: product-owner/architect/developer/tester. 3. Response in JSON format.\", \"Example\": \"{\\\"product-owner\\\":[\\\"task1\\\",\\\"task2\\\"],\\\"architect\\\":[\\\"task1\\\",\\\"task2\\\"], \\\"developer\\\":[\\\"task1\\\",\\\"task2\\\"], \\\"tester\\\":[\\\"task1\\\",\\\"task2\\\"]}\", \"Context\": \"[ScrumMaster]says: We have a job: def word_len(s): \\n'''Write a python function to check whether the length of the word is odd or not.\\nassert word_len(\\\"Hadoop\\\") == False'''\\n, do you have any ideas?\\n-----\\n\\n[Architect]says: As an Architect, to create a product, we should first analyze the requirements and design the solution architecture.\\n-----\\n\\n[Tester]says: As a Tester, I think it's important to consider edge cases and test for both odd and even length words in the function.\\n-----\\n\\n[Developer]says: As a Developer, I think the first step is to define the input parameters for the word_len function and then implement the logic to check the length of the word.\\n-----\\n\\n[ProductOwner]says: As a Product Owner, I think the first step is to gather user requirements and prioritize the features for the product.\\n-----\\n\\n[Architect]says: As an Architect, to create a product, we should first analyze the requirements and design the solution architecture.\\n-----\\n\\n[Tester]says: As a Tester, I think it's important to consider edge cases and test for both odd and even length words in the function.\\n-----\\n\\n[Developer]says: As a Developer, I will define the input parameters for the word_len function and implement the logic to check the length of the word.\\n-----\\n\\n[ProductOwner]says: [ProductOwner]says: In order to develop a product, it is important that we gather user requirements and prioritize the features for the product.\\n-----\\n\", \"Question\": \"Follow the Instruction section. The Discussion History is in the Context section. You only need to return a task list as the Example section.\"}",
    "UserStoryDraft0": "{\n  \"UserStory\": {\n    \"As a product owner, I want a python function to check whether the length of a word is odd or not, so that it can be used to determine odd-length words in the product features.\"\n \t\t\t\n \t\t\n \t\n \t\n \t\n \t\n \t\n \t\n \t\n \t\n \t\n \t\n \t\n \t\n \t\n \t\n \t\n \t\n \t\n \t\n \t\n \t\n \t\n \t\n \t\n \t\n \t\n \t\n \t\n \t\n \t\n \t\n \t\n \t\n \t\n \t\n \t\n \t\n \t\n \t\n \t\n \t\n \t\n \t\n \t\n \t\n \t\n \t\n \t\n \t\n \t\n \t\n \t\n \t\n \t\n \t\n \t\n \t\n \t\n \t\n \t\n \t\n \t\n \t\n \t\n \t\n \t\n \t\n \t\n \t\n \t\n \t\n \t\n \t\n \t\n \t\n \t\n \t\n \t\n \t\n \t\n \t\n \t\n \t\n \t\n \t\n \t\n \t\n \t\n \t\n \t\n \t\n \t\n \t\n \t\n \t\n \t\n \t\n \t\n \t\n \t\n \t\n",
    "UserStoryDraft0_prompt": "{\"Role\": \"You need to act as a professional product owner. Your task is to write a UserStory\", \"Instruction\": \"According to the Context, please analyze the requirement and write your response. Response in JSON format. Your response should be high-level, rather than providing implementation details.\", \"Example\": \"\", \"Context\": [\"Gather user requirements\", \"Prioritize features for the product\"], \"Question\": \"Follow the Instruction. The requirement is as follows:\\ndef word_len(s): \\n'''Write a python function to check whether the length of the word is odd or not.\\nassert word_len(\\\"Hadoop\\\") == False'''\\n\"}",
    "AnalyzeMeetings": "{\n  \"Architect\": \"The python function should take a word as input and return a boolean value indicating whether the length of the word is odd or not. It should handle edge cases such as empty strings or non-string inputs.\",\n  \"Tester\": \"Make sure to test the python function with a variety of inputs including empty strings, single character words, and multi-character words to ensure it accurately determines whether the length is odd or not.\"\n}",
    "UserStory0": "{\n  \"RevisedDocument\": {\n    \"UserStory\": {\n      \"As a product owner, I want a python function that takes a word as input and returns a boolean value indicating whether the length of the word is odd or not, so that it can be used to determine odd-length words in the product features.\"\n   \n    \n \n \n \n \n \n \n \n \n \n \n \n \n \n \n \n \n \n \n \n \n \n \n \n \n \n \n \n \n \n \n \n \n \n \n \n \n \n \n \n \n \n \n \n \n \n \n \n \n \n \n \n \n \n \n \n \n \n \n \n \n \n \n \n \n \n \n \n \n \n \n \n \n \n \n \n \n \n \n \n \n \n \n \n \n \n \n \n \n \n \n \n \n \n \n \n \n \n \n \n ",
    "UserStory0_prompt": {
        "Role": "You need to act as a professional product owner. Your duty is to revise the document based on the suggestions.",
        "Instruction": "1. Read the suggestions. 2. Revise your draft version document. 3. Response in JSON format. 4. REMEMBER: Your analysis should be high-level, rather than providing implementation details.",
        "Example": "",
        "Context": "# Suggestion:\n{\n  \"Architect\": \"The python function should take a word as input and return a boolean value indicating whether the length of the word is odd or not. It should handle edge cases such as empty strings or non-string inputs.\",\n  \"Tester\": \"Make sure to test the python function with a variety of inputs including empty strings, single character words, and multi-character words to ensure it accurately determines whether the length is odd or not.\"\n}",
        "Question": "Follow the Instruction. Your colleague give you some suggestions(in the Context section) about this draft document:{\n  \"UserStory\": {\n    \"As a product owner, I want a python function to check whether the length of a word is odd or not, so that it can be used to determine odd-length words in the product features.\"\n \t\t\t\n \t\t\n \t\n \t\n \t\n \t\n \t\n \t\n \t\n \t\n \t\n \t\n \t\n \t\n \t\n \t\n \t\n \t\n \t\n \t\n \t\n \t\n \t\n \t\n \t\n \t\n \t\n \t\n \t\n \t\n \t\n \t\n \t\n \t\n \t\n \t\n \t\n \t\n \t\n \t\n \t\n \t\n \t\n \t\n \t\n \t\n \t\n \t\n \t\n \t\n \t\n \t\n \t\n \t\n \t\n \t\n \t\n \t\n \t\n \t\n \t\n \t\n \t\n \t\n \t\n \t\n \t\n \t\n \t\n \t\n \t\n \t\n \t\n \t\n \t\n \t\n \t\n \t\n \t\n \t\n \t\n \t\n \t\n \t\n \t\n \t\n \t\n \t\n \t\n \t\n \t\n \t\n \t\n \t\n \t\n \t\n \t\n \t\n \t\n \t\n \t\n \t\n"
    },
    "CodeDraft0": "def word_len(s):\n    return len(s) % 2 != 0\n\nassert word_len(\"Hadoop\") == False\n",
    "CodeDraft0_prompt": {
        "Role": "You are a professional engineer. Your duty is to write code in Python that meets the requirements. Ensure that the code you write is efficient, readable, and follows best practices. Remember, do not need to explain the code you wrote.",
        "Instruction": "According to the Context section, write your code.",
        "Example": "",
        "Context": "# Tasks:\n['Define input parameters for word_len function', 'Implement logic to check word length']",
        "Question": "Follow the Instruction section. Complete the following code:\ndef word_len(s): \n'''Write a python function to check whether the length of the word is odd or not.\nassert word_len(\"Hadoop\") == False'''\n"
    },
    "CodeReviewMeetings0": "{\n  \"Architect\": \"The function name 'word_len' is not descriptive, consider renaming it to something more meaningful like 'is_odd_length'. Also, the function should handle edge cases such as empty string input.\",\n  \"Tester\": \"The test case provided is limited, consider adding more test cases to cover different scenarios such as empty string, odd length, and even length.\"\n}",
    "Code0CR": "def is_odd_length(word):\n    '''Write a python function to check whether the length of the word is odd or not.'''\n    if word == \"\":\n        return False\n    return len(word) % 2 != 0\n\n# Test cases\nassert is_odd_length(\"Hadoop\") == False\nassert is_odd_length(\"\") == False\nassert is_odd_length(\"Python\") == True\nassert is_odd_length(\"Java\") == True",
    "Code0CR_prompt": "{\"Role\": \"You are a professional software engineer. Your duty is to write code in Python that meets the requirements. Ensure that the code you write is efficient, readable, and follows best practices. Remember, do not need to explain the code you wrote.\", \"Instruction\": \"1. Understand the suggestions(in the Context section) about the original code. 2. Rewrite your code.\", \"Example\": \"\", \"Context\": \"# Tasks:\\n['Define input parameters for word_len function', 'Implement logic to check word length']\\n# Suggestions:\\n{\\n  \\\"Architect\\\": \\\"The function name 'word_len' is not descriptive, consider renaming it to something more meaningful like 'is_odd_length'. Also, the function should handle edge cases such as empty string input.\\\",\\n  \\\"Tester\\\": \\\"The test case provided is limited, consider adding more test cases to cover different scenarios such as empty string, odd length, and even length.\\\"\\n}\", \"Question\": \"Follow the Instruction section. Complete the following code:\\ndef word_len(s): \\n'''Write a python function to check whether the length of the word is odd or not.\\nassert word_len(\\\"Hadoop\\\") == False'''\\n\"}",
    "FinalCode": "def word_len(s):\n    '''Write a python function to check whether the length of the word is odd or not.'''\n    if len(s) % 2 != 0:\n        return True\n    else:\n        return False",
    "Test Cases Draft": "{\n  \"test_cases\": [\n    {\n      \"Test Title\": \"Test for odd length word\",\n      \"Input Data\": \"parameter1='Hadoop'\",\n      \"Expected Output\": \"False\"\n    },\n    {\n      \"Test Title\": \"Test for even length word\",\n      \"Input Data\": \"parameter1='Python'\",\n      \"Expected Output\": \"True\"\n    },\n    {\n      \"Test Title\": \"Test for empty word\",\n      \"Input Data\": \"parameter1=''\",\n      \"Expected Output\": \"False\"\n    }\n  ]\n}",
    "Test Cases Draft_prompt": "{\"Role\": \"You are a quality assurance engineer. Your duty is to design test cases for the developers.\", \"Instruction\": \"According to the Context section, write test cases. Don't write long strings in your test cases. Response in JSON format.\", \"Example\": \"{\\\"requirement analysis\\\":\\\"analysis\\\",\\\"test_cases\\\":[{\\\"Test Title\\\":\\\"title\\\", \\\"Input Data\\\":\\\"parameter1=[1,2,3],parameter2='123'\\\", \\\"Expected Output\\\":\\\"456\\\"},]}\", \"Context\": \"# UsrtStory:\\n{\\n  \\\"RevisedDocument\\\": {\\n    \\\"UserStory\\\": {\\n      \\\"As a product owner, I want a python function that takes a word as input and returns a boolean value indicating whether the length of the word is odd or not, so that it can be used to determine odd-length words in the product features.\\\"\\n   \\n    \\n \\n \\n \\n \\n \\n \\n \\n \\n \\n \\n \\n \\n \\n \\n \\n \\n \\n \\n \\n \\n \\n \\n \\n \\n \\n \\n \\n \\n \\n \\n \\n \\n \\n \\n \\n \\n \\n \\n \\n \\n \\n \\n \\n \\n \\n \\n \\n \\n \\n \\n \\n \\n \\n \\n \\n \\n \\n \\n \\n \\n \\n \\n \\n \\n \\n \\n \\n \\n \\n \\n \\n \\n \\n \\n \\n \\n \\n \\n \\n \\n \\n \\n \\n \\n \\n \\n \\n \\n \\n \\n \\n \\n \\n \\n \\n \\n \\n \\n \\n \\n# Tasks:\\n['Consider edge cases', 'Test for both odd and even length words']\\n\", \"Question\": \"def word_len(s): \\n'''Write a python function to check whether the length of the word is odd or not.\\nassert word_len(\\\"Hadoop\\\") == False'''\\n\"}",
    "Test Cases Meetings": "{\n  \"Architect\": \"As an Architect, I suggest revising the test cases to include boundary value testing for the input data. For example, testing with a word of length 1 to cover the edge case.\",\n  \"Developer\": \"As a Developer, I suggest revising the test cases to include negative testing scenarios, such as testing with special characters or numbers as input data to ensure the function handles these cases correctly.\"\n}",
    "Test Cases": "{\n  \"test_cases\": [\n    {\n      \"Test Title\": \"Test for odd length word\",\n      \"Input Data\": \"parameter1='H'\",\n      \"Expected Output\": \"False\"\n    },\n    {\n      \"Test Title\": \"Test for even length word\",\n      \"Input Data\": \"parameter1='Py'\",\n      \"Expected Output\": \"True\"\n    },\n    {\n      \"Test Title\": \"Test for empty word\",\n      \"Input Data\": \"parameter1=''\",\n      \"Expected Output\": \"False\"\n    }\n  ]\n}",
    "Test Cases_prompt": "{\"Role\": \"You are a quality assurance engineer. Your duty is to revise the test cases based on the suggestions.\", \"Instruction\": \"1. Your colleague give you some suggestions(in the Context section) about the draft test cases, read these suggestions. 2. Revise your draft version test cases, but don't use long parameters. 3. Response in JSON format.\", \"Example\": \"{\\\"requirement analysis\\\":\\\"analysis\\\",\\\"test_cases\\\":[{\\\"Test Title\\\":\\\"title\\\", \\\"Input Data\\\":\\\"parameter1=[1,2,3],parameter2='123'\\\", \\\"Expected Output\\\":\\\"456\\\"},]}\", \"Context\": \"# Suggestions:\\n{\\n  \\\"Architect\\\": \\\"As an Architect, I suggest revising the test cases to include boundary value testing for the input data. For example, testing with a word of length 1 to cover the edge case.\\\",\\n  \\\"Developer\\\": \\\"As a Developer, I suggest revising the test cases to include negative testing scenarios, such as testing with special characters or numbers as input data to ensure the function handles these cases correctly.\\\"\\n}\\n # Draft Test cases:\\n{\\n  \\\"test_cases\\\": [\\n    {\\n      \\\"Test Title\\\": \\\"Test for odd length word\\\",\\n      \\\"Input Data\\\": \\\"parameter1='Hadoop'\\\",\\n      \\\"Expected Output\\\": \\\"False\\\"\\n    },\\n    {\\n      \\\"Test Title\\\": \\\"Test for even length word\\\",\\n      \\\"Input Data\\\": \\\"parameter1='Python'\\\",\\n      \\\"Expected Output\\\": \\\"True\\\"\\n    },\\n    {\\n      \\\"Test Title\\\": \\\"Test for empty word\\\",\\n      \\\"Input Data\\\": \\\"parameter1=''\\\",\\n      \\\"Expected Output\\\": \\\"False\\\"\\n    }\\n  ]\\n}\", \"Question\": \"Follow the Instruction. Please make sure your response length are less than 512. Your test cases is for the below question:\\ndef word_len(s): \\n'''Write a python function to check whether the length of the word is odd or not.\\nassert word_len(\\\"Hadoop\\\") == False'''\\n\"}",
    "Code0": "def is_odd_length(word):\n    if word == \"\":\n        return False\n    return len(word) % 2 != 0\n\n# Test cases\nassert is_odd_length(\"Hadoop\") == False\nassert is_odd_length(\"\") == False\nassert is_odd_length(\"Python\") == True\nassert is_odd_length(\"Java\") == True\n\n#def word_len(s): \n#'''Write a python function to check whether the length of the word is odd or not.\n#assert word_len(\"Hadoop\") == False'''",
    "Code0_prompt": {
        "Role": "You are a professional software engineer. Your duty is to write code in Python that meets the requirements. Ensure that the code you write is efficient, readable, and follows best practices. Remember, do not need to explain the code you wrote.",
        "Instruction": "1. Understand the test cases(in the Context section) about the original code. 2. Rewrite your code, make sure your code pass all test cases.",
        "Example": "",
        "Context": "# Original Code:\ndef is_odd_length(word):\n    '''Write a python function to check whether the length of the word is odd or not.'''\n    if word == \"\":\n        return False\n    return len(word) % 2 != 0\n\n# Test cases\nassert is_odd_length(\"Hadoop\") == False\nassert is_odd_length(\"\") == False\nassert is_odd_length(\"Python\") == True\nassert is_odd_length(\"Java\") == True\n# Test Cases:\n{\n  \"test_cases\": [\n    {\n      \"Test Title\": \"Test for odd length word\",\n      \"Input Data\": \"parameter1='H'\",\n      \"Expected Output\": \"False\"\n    },\n    {\n      \"Test Title\": \"Test for even length word\",\n      \"Input Data\": \"parameter1='Py'\",\n      \"Expected Output\": \"True\"\n    },\n    {\n      \"Test Title\": \"Test for empty word\",\n      \"Input Data\": \"parameter1=''\",\n      \"Expected Output\": \"False\"\n    }\n  ]\n}",
        "Question": "def word_len(s): \n'''Write a python function to check whether the length of the word is odd or not.\nassert word_len(\"Hadoop\") == False'''\n"
    },
    "TestScriptOriginal": "import unittest\n\ndef word_len(s):\n    return len(s) % 2 != 0\n\nclass Test(unittest.TestCase):\n    def test(self):\n        self.assertEqual(word_len('Hadoop'), False)\n\nif __name__ == '__main__':\n    unittest.main()",
    "TestScriptOriginal_prompt": "{\"Role\": \"You are a quality assurance engineer. Your duty is to write a python test script in unittest framework.\", \"Instruction\": \"1. Write a python test script. 2. Use the input and output given by the question.\", \"Example\": \"import unittest\\n\\nclass Test(unittest.TestCase):\\n    def test(self):\\n        self.assertEqual(function_under_test('a'), 1)\\n\\nif __name__ == '__main__':\\n    unittest.main()\", \"Context\": \"\", \"Question\": \"def word_len(s): \\n'''Write a python function to check whether the length of the word is odd or not.\\nassert word_len(\\\"Hadoop\\\") == False'''\\n\"}",
    "TestScript": "import unittest\n\nclass Test(unittest.TestCase):\n    def test(self):\n        self.assertEqual(word_len('Hadoop'), False)\n\nif __name__ == '__main__':\n    unittest.main()",
    "ScriptResult0": "Traceback (most recent call last):\n  File \"/Users/watch/PycharmProjects/XXXX-1-LLM/workspace/2024-03-11_09-59-27-180640/test_script.py\", line 9, in <module>\n    assert is_odd_length(\"Python\") == True\nAssertionError\n",
    "TestReport0": "Test Report\n\n- Test Script's Output:\n  Traceback (most recent call last):\n    File \"/Users/watch/PycharmProjects/XXXX-1-LLM/workspace/2024-03-11_09-59-27-180640/test_script.py\", line 9, in <module>\n      assert is_odd_length(\"Python\") == True\n  AssertionError\n\n- Analysis:\n  The test script's output indicates that the assertion for the test case is_odd_length(\"Python\") == True has failed.\n\n- Input and Expected Output Example:\n  Input: is_odd_length(\"Python\")\n  Expected Output: True\n\n- Conclusion:\n  Code Test Failed\n\n- Test Case Examples:\n  1. Input: is_odd_length(\"Hadoop\")\n     Expected Output: False\n\n  2. Input: is_odd_length(\"\")\n     Expected Output: False\n\n  3. Input: is_odd_length(\"Python\")\n     Expected Output: True\n\n  4. Input: is_odd_length(\"Java\")\n     Expected Output: True\n\n- Additional Notes:\n  The test script has encountered an assertion error for the test case is_odd_length(\"Python\") == True, indicating that the code has failed to produce the expected output. Further investigation and debugging are required to address this issue.",
    "SprintReview0": "[ScrumMaster]says: Here is our test Report: Test Report\n\n- Test Script's Output:\n  Traceback (most recent call last):\n    File \"/Users/watch/PycharmProjects/XXXX-1-LLM/workspace/2024-03-11_09-59-27-180640/test_script.py\", line 9, in <module>\n      assert is_odd_length(\"Python\") == True\n  AssertionError\n\n- Analysis:\n  The test script's output indicates that the assertion for the test case is_odd_length(\"Python\") == True has failed.\n\n- Input and Expected Output Example:\n  Input: is_odd_length(\"Python\")\n  Expected Output: True\n\n- Conclusion:\n  Code Test Failed\n\n- Test Case Examples:\n  1. Input: is_odd_length(\"Hadoop\")\n     Expected Output: False\n\n  2. Input: is_odd_length(\"\")\n     Expected Output: False\n\n  3. Input: is_odd_length(\"Python\")\n     Expected Output: True\n\n  4. Input: is_odd_length(\"Java\")\n     Expected Output: True\n\n- Additional Notes:\n  The test script has encountered an assertion error for the test case is_odd_length(\"Python\") == True, indicating that the code has failed to produce the expected output. Further investigation and debugging are required to address this issue., do you have any ideas?\n-----\n\n[Tester]says: As a Tester, I recommend reviewing the code and running additional tests to identify and fix the issue.\n-----\n\n[ProductOwner]says: As a Product Owner, I think we should prioritize fixing the failed test case for is_odd_length(\"Python\") == True in order to ensure the quality of our product.\n-----\n\n[Architect]says: As an architect, I recommend reviewing the code to identify any issues and further debugging to address the failed test case.\n-----\n\n[Architect]says: As an architect, I recommend reviewing the code to identify any issues and further debugging to address the failed test case.\n-----\n\n[Developer]says: As a Developer, I will review the test script and investigate the assertion error to identify and fix the issue.\n-----\n\n[ProductOwner]says: As a Product Owner, I think we should prioritize fixing the failed test case for is_odd_length(\"Python\") == True in order to ensure the quality of our product.\n-----\n\n[Developer]says: As a Developer, I will review the test script and investigate the assertion error to identify and fix the issue.\n-----\n\n[Tester]says: As a Tester, I recommend reviewing the code and running additional tests to identify and fix the issue.\n-----\n",
    "SprintReviewMeetings0": "{\n  \"product-owner\": [\"We should prioritize fixing the failed test case for is_odd_length(\\\"Python\\\") == True in order to ensure the quality of our product.\"],\n  \"architect\": [\"Review the code to identify any issues and further debugging to address the failed test case.\"],\n  \"developer\": [\"Review the test script and investigate the assertion error to identify and fix the issue.\"],\n  \"tester\": [\"Review the code and run additional tests to identify and fix the issue.\"]\n}",
    "SprintReviewMeetings0_prompt": "{\"Role\": \"You are a professional scrum master. Your goal is to summary the Discussion History into a suggestions list for the scrum team.\", \"Instruction\": \"1. Read and Understand the Discussion History. 2. Summary the suggestions from four roles: product-owner/architect/developer/tester. 3. Response in JSON format.\", \"Example\": \"{\\\"product-owner\\\":[\\\"suggestion1\\\",\\\"suggestion2\\\"],\\\"architect\\\":[\\\"suggestion1\\\",\\\"suggestion2\\\"], \\\"developer\\\":[\\\"suggestion1\\\",\\\"suggestion2\\\"], \\\"tester\\\":[\\\"suggestion1\\\",\\\"suggestion2\\\"]}\", \"Context\": \"[ScrumMaster]says: Here is our test Report: Test Report\\n\\n- Test Script's Output:\\n  Traceback (most recent call last):\\n    File \\\"/Users/watch/PycharmProjects/XXXX-1-LLM/workspace/2024-03-11_09-59-27-180640/test_script.py\\\", line 9, in <module>\\n      assert is_odd_length(\\\"Python\\\") == True\\n  AssertionError\\n\\n- Analysis:\\n  The test script's output indicates that the assertion for the test case is_odd_length(\\\"Python\\\") == True has failed.\\n\\n- Input and Expected Output Example:\\n  Input: is_odd_length(\\\"Python\\\")\\n  Expected Output: True\\n\\n- Conclusion:\\n  Code Test Failed\\n\\n- Test Case Examples:\\n  1. Input: is_odd_length(\\\"Hadoop\\\")\\n     Expected Output: False\\n\\n  2. Input: is_odd_length(\\\"\\\")\\n     Expected Output: False\\n\\n  3. Input: is_odd_length(\\\"Python\\\")\\n     Expected Output: True\\n\\n  4. Input: is_odd_length(\\\"Java\\\")\\n     Expected Output: True\\n\\n- Additional Notes:\\n  The test script has encountered an assertion error for the test case is_odd_length(\\\"Python\\\") == True, indicating that the code has failed to produce the expected output. Further investigation and debugging are required to address this issue., do you have any ideas?\\n-----\\n\\n[Tester]says: As a Tester, I recommend reviewing the code and running additional tests to identify and fix the issue.\\n-----\\n\\n[ProductOwner]says: As a Product Owner, I think we should prioritize fixing the failed test case for is_odd_length(\\\"Python\\\") == True in order to ensure the quality of our product.\\n-----\\n\\n[Architect]says: As an architect, I recommend reviewing the code to identify any issues and further debugging to address the failed test case.\\n-----\\n\\n[Architect]says: As an architect, I recommend reviewing the code to identify any issues and further debugging to address the failed test case.\\n-----\\n\\n[Developer]says: As a Developer, I will review the test script and investigate the assertion error to identify and fix the issue.\\n-----\\n\\n[ProductOwner]says: As a Product Owner, I think we should prioritize fixing the failed test case for is_odd_length(\\\"Python\\\") == True in order to ensure the quality of our product.\\n-----\\n\\n[Developer]says: As a Developer, I will review the test script and investigate the assertion error to identify and fix the issue.\\n-----\\n\\n[Tester]says: As a Tester, I recommend reviewing the code and running additional tests to identify and fix the issue.\\n-----\\n\", \"Question\": \"Follow the Instruction section. The Discussion History is in the Context section. You only need to return a list as the Example section.\"}",
    "RepairResponse0": "{\n  \"revised_code\": \"def is_odd_length(s):\\n    return len(s) % 2 != 0\"\n}",
    "RepairResponse0_prompt": {
        "Role": "You are a professional software engineer. Your duty is to write code in Python that meets the requirements. Ensure that the code you write is efficient, readable, and follows best practices. Remember, do not need to explain the code you wrote.",
        "Instruction": "1. Rewrite a bug fix version of the original code. 2. Response in JSON format.",
        "Example": "{\"revised_code\":\"...\"}",
        "Context": "# Test Report:\nTest Report\n\n- Test Script's Output:\n  Traceback (most recent call last):\n    File \"/Users/watch/PycharmProjects/XXXX-1-LLM/workspace/2024-03-11_09-59-27-180640/test_script.py\", line 9, in <module>\n      assert is_odd_length(\"Python\") == True\n  AssertionError\n\n- Analysis:\n  The test script's output indicates that the assertion for the test case is_odd_length(\"Python\") == True has failed.\n\n- Input and Expected Output Example:\n  Input: is_odd_length(\"Python\")\n  Expected Output: True\n\n- Conclusion:\n  Code Test Failed\n\n- Test Case Examples:\n  1. Input: is_odd_length(\"Hadoop\")\n     Expected Output: False\n\n  2. Input: is_odd_length(\"\")\n     Expected Output: False\n\n  3. Input: is_odd_length(\"Python\")\n     Expected Output: True\n\n  4. Input: is_odd_length(\"Java\")\n     Expected Output: True\n\n- Additional Notes:\n  The test script has encountered an assertion error for the test case is_odd_length(\"Python\") == True, indicating that the code has failed to produce the expected output. Further investigation and debugging are required to address this issue.# suggestions:\n{\"product-owner\": [\"We should prioritize fixing the failed test case for is_odd_length(\\\"Python\\\") == True in order to ensure the quality of our product.\"], \"architect\": [\"Review the code to identify any issues and further debugging to address the failed test case.\"], \"developer\": [\"Review the test script and investigate the assertion error to identify and fix the issue.\"], \"tester\": [\"Review the code and run additional tests to identify and fix the issue.\"]}",
        "Question": "The original code has some bugs, according to the test report and suggestions, rewrite the code. Complete the following code:\ndef word_len(s): \n'''Write a python function to check whether the length of the word is odd or not.\nassert word_len(\"Hadoop\") == False'''\n"
    },
    "Code1": "def is_odd_length(s):\n    return len(s) % 2 != 0",
    "ScriptResult1": "E\n======================================================================\nERROR: test (__main__.Test)\n----------------------------------------------------------------------\nTraceback (most recent call last):\n  File \"/Users/watch/PycharmProjects/XXXX-1-LLM/workspace/2024-03-11_09-59-27-180640/test_script.py\", line 7, in test\n    self.assertEqual(word_len('Hadoop'), False)\nNameError: name 'word_len' is not defined\n\n----------------------------------------------------------------------\nRan 1 test in 0.000s\n\nFAILED (errors=1)\n",
    "TestReport1": "Test Report:\n\nThe test script's output shows an error in the code. The test failed with the following error message:\nNameError: name 'word_len' is not defined\n\nBased on the output, it is evident that the code has failed the test. The input and expected output example is not provided in the context.\n\nConclusion: Code Test Failed",
    "SprintReview1": "[ScrumMaster]says: Here is our test Report: Test Report:\n\nThe test script's output shows an error in the code. The test failed with the following error message:\nNameError: name 'word_len' is not defined\n\nBased on the output, it is evident that the code has failed the test. The input and expected output example is not provided in the context.\n\nConclusion: Code Test Failed, do you have any ideas?\n-----\n\n[ProductOwner]says: As a Product Owner, I think we should prioritize fixing the error in the code before proceeding with any further testing or development.\n-----\n\n[Architect]says: As an architect, I believe we should review the code to ensure that all variables are properly defined and that the input and expected output examples are also provided.\n-----\n\n[Developer]says: As a Developer, I will investigate the code to determine why 'word_len' is not defined and provide a fix to pass the test.\n-----\n\n[Tester]says: As a Tester, I suggest reviewing the code to ensure that the variable 'word_len' is properly defined and used in the test script.\n-----\n\n[ProductOwner]says: [ProductOwner] To create a product, we should prioritize fixing the error in the code before proceeding with any further testing or development.\n-----\n\n[Developer]says: As a Developer, I will investigate the code to determine why 'word_len' is not defined and provide a fix to pass the test.\n-----\n\n[Architect]says: As an architect, I believe we should review the code to ensure that all variables are properly defined and that the input and expected output examples are also provided.\n-----\n\n[Tester]says: As a Tester, I suggest reviewing the code to ensure that the variable 'word_len' is properly defined and used in the test script.\n-----\n",
    "SprintReviewMeetings1": "{\n  \"product-owner\":[\"We should prioritize fixing the error in the code before proceeding with any further testing or development.\"],\n  \"architect\":[\"We should review the code to ensure that all variables are properly defined and that the input and expected output examples are also provided.\"],\n  \"developer\":[\"I will investigate the code to determine why 'word_len' is not defined and provide a fix to pass the test.\"],\n  \"tester\":[\"Review the code to ensure that the variable 'word_len' is properly defined and used in the test script.\"]\n}",
    "SprintReviewMeetings1_prompt": "{\"Role\": \"You are a professional scrum master. Your goal is to summary the Discussion History into a suggestions list for the scrum team.\", \"Instruction\": \"1. Read and Understand the Discussion History. 2. Summary the suggestions from four roles: product-owner/architect/developer/tester. 3. Response in JSON format.\", \"Example\": \"{\\\"product-owner\\\":[\\\"suggestion1\\\",\\\"suggestion2\\\"],\\\"architect\\\":[\\\"suggestion1\\\",\\\"suggestion2\\\"], \\\"developer\\\":[\\\"suggestion1\\\",\\\"suggestion2\\\"], \\\"tester\\\":[\\\"suggestion1\\\",\\\"suggestion2\\\"]}\", \"Context\": \"[ScrumMaster]says: Here is our test Report: Test Report:\\n\\nThe test script's output shows an error in the code. The test failed with the following error message:\\nNameError: name 'word_len' is not defined\\n\\nBased on the output, it is evident that the code has failed the test. The input and expected output example is not provided in the context.\\n\\nConclusion: Code Test Failed, do you have any ideas?\\n-----\\n\\n[ProductOwner]says: As a Product Owner, I think we should prioritize fixing the error in the code before proceeding with any further testing or development.\\n-----\\n\\n[Architect]says: As an architect, I believe we should review the code to ensure that all variables are properly defined and that the input and expected output examples are also provided.\\n-----\\n\\n[Developer]says: As a Developer, I will investigate the code to determine why 'word_len' is not defined and provide a fix to pass the test.\\n-----\\n\\n[Tester]says: As a Tester, I suggest reviewing the code to ensure that the variable 'word_len' is properly defined and used in the test script.\\n-----\\n\\n[ProductOwner]says: [ProductOwner] To create a product, we should prioritize fixing the error in the code before proceeding with any further testing or development.\\n-----\\n\\n[Developer]says: As a Developer, I will investigate the code to determine why 'word_len' is not defined and provide a fix to pass the test.\\n-----\\n\\n[Architect]says: As an architect, I believe we should review the code to ensure that all variables are properly defined and that the input and expected output examples are also provided.\\n-----\\n\\n[Tester]says: As a Tester, I suggest reviewing the code to ensure that the variable 'word_len' is properly defined and used in the test script.\\n-----\\n\", \"Question\": \"Follow the Instruction section. The Discussion History is in the Context section. You only need to return a list as the Example section.\"}",
    "RepairResponse1": "{\n  \"revised_code\": \"def word_len(s):\\n    '''Write a python function to check whether the length of the word is odd or not.'''\\n    if len(s) % 2 != 0:\\n        return True\\n    else:\\n        return False\"\n}",
    "RepairResponse1_prompt": {
        "Role": "You are a professional software engineer. Your duty is to write code in Python that meets the requirements. Ensure that the code you write is efficient, readable, and follows best practices. Remember, do not need to explain the code you wrote.",
        "Instruction": "1. Rewrite a bug fix version of the original code. 2. Response in JSON format.",
        "Example": "{\"revised_code\":\"...\"}",
        "Context": "# Test Report:\nTest Report:\n\nThe test script's output shows an error in the code. The test failed with the following error message:\nNameError: name 'word_len' is not defined\n\nBased on the output, it is evident that the code has failed the test. The input and expected output example is not provided in the context.\n\nConclusion: Code Test Failed# suggestions:\n{\"product-owner\": [\"We should prioritize fixing the error in the code before proceeding with any further testing or development.\"], \"architect\": [\"We should review the code to ensure that all variables are properly defined and that the input and expected output examples are also provided.\"], \"developer\": [\"I will investigate the code to determine why 'word_len' is not defined and provide a fix to pass the test.\"], \"tester\": [\"Review the code to ensure that the variable 'word_len' is properly defined and used in the test script.\"]}",
        "Question": "The original code has some bugs, according to the test report and suggestions, rewrite the code. Complete the following code:\ndef word_len(s): \n'''Write a python function to check whether the length of the word is odd or not.\nassert word_len(\"Hadoop\") == False'''\n"
    },
    "Code2": "def word_len(s):\n    '''Write a python function to check whether the length of the word is odd or not.'''\n    if len(s) % 2 != 0:\n        return True\n    else:\n        return False",
    "ScriptResult2": ".\n----------------------------------------------------------------------\nRan 1 test in 0.000s\n\nOK\n",
    "TestReport2": "Test Report:\n\nTest script's output:\n.\n----------------------------------------------------------------------\nRan 1 test in 0.000s\n\nOK\n\nConclusion:\nCode Test Passed"
}