{
    "start_time": "2024-03-11_18-12-58-545384",
    "task": "def rev(num):    \n'''Write a python function to check if a given number is one less than twice its reverse.\nassert check(70) == False'''\n",
    "datetime": {
        "task": "2024-03-11 18:12:58",
        "task-id": "2024-03-11 18:12:58",
        "workflow": "2024-03-11 18:12:58",
        "UserStoryDraft0": "2024-03-11 18:12:59",
        "AnalyzeMeetings": "2024-03-11 18:13:00",
        "UserStory0": "2024-03-11 18:13:01",
        "DesignDraft0": "2024-03-11 18:13:02",
        "DesignMeetings0": "2024-03-11 18:13:04",
        "Design0": "2024-03-11 18:13:06",
        "CodeDraft0": "2024-03-11 18:13:07",
        "CodeReviewMeetings0": "2024-03-11 18:13:09",
        "Code0CR": "2024-03-11 18:13:12",
        "FinalCode": "2024-03-11 18:13:39",
        "Test Cases Draft": "2024-03-11 18:13:15",
        "Test Cases Meetings": "2024-03-11 18:13:16",
        "Test Cases": "2024-03-11 18:13:19",
        "Code0": "2024-03-11 18:13:20",
        "TestScriptOriginal": "2024-03-11 18:13:21",
        "TestScript": "2024-03-11 18:13:21",
        "ScriptResult0": "2024-03-11 18:13:21",
        "TestReport0": "2024-03-11 18:13:22",
        "SprintReview0": "2024-03-11 18:13:24",
        "SprintReviewMeetings0": "2024-03-11 18:13:25",
        "RepairResponse0": "2024-03-11 18:13:26",
        "Code1": "2024-03-11 18:13:26",
        "ScriptResult1": "2024-03-11 18:13:26",
        "TestReport1": "2024-03-11 18:13:29",
        "SprintReview1": "2024-03-11 18:13:30",
        "SprintReviewMeetings1": "2024-03-11 18:13:32",
        "RepairResponse1": "2024-03-11 18:13:33",
        "Code2": "2024-03-11 18:13:33",
        "ScriptResult2": "2024-03-11 18:13:33",
        "TestReport2": "2024-03-11 18:13:34",
        "SprintReview2": "2024-03-11 18:13:36",
        "SprintReviewMeetings2": "2024-03-11 18:13:38",
        "RepairResponse2": "2024-03-11 18:13:39",
        "Code3": "2024-03-11 18:13:39",
        "ScriptResult3": "2024-03-11 18:13:39",
        "TestReport3": "2024-03-11 18:13:42"
    },
    "task-id": 56,
    "workflow": "agile/agile_version_0.0.5_remove.json",
    "UserStoryDraft0": "{\n  \"UserStory\": \"As a user, I want a Python function that can check if a given number is one less than twice its reverse, so that I can verify the property for any given number.\"\n}",
    "UserStoryDraft0_prompt": "{\"Role\": \"You need to act as a professional product owner. Your task is to write a UserStory\", \"Instruction\": \"According to the Context, please analyze the requirement and write your response. Response in JSON format. Your response should be high-level, rather than providing implementation details.\", \"Example\": \"\", \"Context\": [], \"Question\": \"Follow the Instruction. The requirement is as follows:\\ndef rev(num):    \\n'''Write a python function to check if a given number is one less than twice its reverse.\\nassert check(70) == False'''\\n\"}",
    "AnalyzeMeetings": "{\n  \"Architect\": \"I suggest breaking down the Python function into smaller, modular functions to improve readability and maintainability. Also, consider adding input validation to handle edge cases and improve the overall robustness of the function.\"\n}",
    "UserStory0": "{\n  \"RevisedDocument\": {\n    \"UserStory\": \"As a user, I want a Python function that can check if a given number is one less than twice its reverse, so that I can verify the property for any given number.\",\n    \"Analysis\": \"Based on the suggestion, I have revised the Python function to break it down into smaller, modular functions to improve readability and maintainability. Additionally, input validation has been added to handle edge cases and improve the overall robustness of the function.\"\n  }\n}",
    "UserStory0_prompt": {
        "Role": "You need to act as a professional product owner. Your duty is to revise the document based on the suggestions.",
        "Instruction": "1. Read the suggestions. 2. Revise your draft version document. 3. Response in JSON format. 4. REMEMBER: Your analysis should be high-level, rather than providing implementation details.",
        "Example": "",
        "Context": "# Suggestion:\n{\n  \"Architect\": \"I suggest breaking down the Python function into smaller, modular functions to improve readability and maintainability. Also, consider adding input validation to handle edge cases and improve the overall robustness of the function.\"\n}",
        "Question": "Follow the Instruction. Your colleague give you some suggestions(in the Context section) about this draft document:{\n  \"UserStory\": \"As a user, I want a Python function that can check if a given number is one less than twice its reverse, so that I can verify the property for any given number.\"\n}"
    },
    "DesignDraft0": "Design:\n\n- Create a Python function to check if a given number is one less than twice its reverse.\n- Break down the function into smaller, modular functions to improve readability and maintainability.\n- Add input validation to handle edge cases and improve the overall robustness of the function.\n\nThis design will guide the developer in structuring the code and considering the necessary components for the implementation without going into specific coding details.",
    "DesignMeetings0": "{\n  \"Developer\": \"I suggest breaking down the main function into smaller, modular functions such as one for reversing the number, one for checking if it is one less than twice its reverse, and one for input validation. This will improve the readability and maintainability of the code. Additionally, we can use built-in Python functions like str, int, and len to handle string manipulation and input validation.\",\n  \"Requirement Engineer\": \"I suggest adding specific requirements for input validation, such as handling negative numbers, non-numeric inputs, and empty inputs. It would also be helpful to define the expected behavior of the function when the input number is one less than twice its reverse, and when it's not, to ensure the robustness of the function.\" \n}",
    "Design0": "New Design:\n\nBased on the suggestions provided by my colleagues, I have updated the design as follows:\n\n1. Create a Python function to check if a given number is one less than twice its reverse.\n2. Break down the main function into smaller, modular functions such as one for reversing the number, one for checking if it is one less than twice its reverse, and one for input validation. This will improve the readability and maintainability of the code.\n3. Add specific requirements for input validation, such as handling negative numbers, non-numeric inputs, and empty inputs. Define the expected behavior of the function when the input number is one less than twice its reverse, and when it's not, to ensure the robustness of the function.\n\nThis updated design will provide a clear structure for the developer to implement the necessary components for the code while considering input validation and modularity for improved readability and maintainability.",
    "CodeDraft0": "def rev(num):\n    # Write a python function to reverse the given number\n    # Your code here\n\ndef check(num):\n    # Write a python function to check if a given number is one less than twice its reverse\n    # Your code here\n\ndef validate_input(num):\n    # Write a python function to validate the input number\n    # Your code here\n\n# Write the main function to implement the design\n# Your code here",
    "CodeDraft0_prompt": {
        "Role": "You are a professional engineer. Your duty is to write code in Python that meets the requirements. Ensure that the code you write is efficient, readable, and follows best practices. Remember, do not need to explain the code you wrote.",
        "Instruction": "According to the Context section, write your code.",
        "Example": "",
        "Context": "# Tasks:\n[]\n# Design:\nNew Design:\n\nBased on the suggestions provided by my colleagues, I have updated the design as follows:\n\n1. Create a Python function to check if a given number is one less than twice its reverse.\n2. Break down the main function into smaller, modular functions such as one for reversing the number, one for checking if it is one less than twice its reverse, and one for input validation. This will improve the readability and maintainability of the code.\n3. Add specific requirements for input validation, such as handling negative numbers, non-numeric inputs, and empty inputs. Define the expected behavior of the function when the input number is one less than twice its reverse, and when it's not, to ensure the robustness of the function.\n\nThis updated design will provide a clear structure for the developer to implement the necessary components for the code while considering input validation and modularity for improved readability and maintainability.",
        "Question": "Follow the Instruction section. Complete the following code:\ndef rev(num):    \n'''Write a python function to check if a given number is one less than twice its reverse.\nassert check(70) == False'''\n"
    },
    "CodeReviewMeetings0": "{\n  \"Architect\": \"1. Use meaningful function names such as 'reverse_number' instead of 'rev', 'check_if_twice_reverse_minus_one' instead of 'check' and 'validate_input_number' instead of 'validate_input'\\n2. Add comments to explain the input parameters and return types for each function\\n3. Consider using built-in functions like 'str()' and 'int()' for converting between strings and integers\",\n  \"Tester\": \"1. Test the 'reverse_number' function with positive, negative, and zero inputs to ensure it returns the correct reversed number\\n2. Test the 'check_if_twice_reverse_minus_one' function with a variety of input numbers to validate its correctness\\n3. Test the 'validate_input_number' function with valid and invalid input numbers to ensure it correctly validates the input\"\n}",
    "Code0CR": "def reverse_number(num):\n    '''This function reverses the given number'''\n    return int(str(num)[::-1])\n\ndef check_if_twice_reverse_minus_one(num):\n    '''This function checks if the given number is one less than twice its reverse'''\n    return num == 2 * reverse_number(num) - 1\n\ndef validate_input_number(num):\n    '''This function validates the input number'''\n    if type(num) != int:\n        return False\n    if num < 0:\n        return False\n    return True\n\n# Test the 'reverse_number' function with positive, negative, and zero inputs\nassert reverse_number(123) == 321\nassert reverse_number(-456) == -654\nassert reverse_number(0) == 0\n\n# Test the 'check_if_twice_reverse_minus_one' function with a variety of input numbers\nassert check_if_twice_reverse_minus_one(10) == False\nassert check_if_twice_reverse_minus_one(25) == False\nassert check_if_twice_reverse_minus_one(79) == True\n\n# Test the 'validate_input_number' function with valid and invalid input numbers\nassert validate_input_number(100) == True\nassert validate_input_number(-50) == False\nassert validate_input_number('abc') == False\nassert validate_input_number('123') == False\nassert validate_input_number(0) == True",
    "Code0CR_prompt": "{\"Role\": \"You are a professional software engineer. Your duty is to write code in Python that meets the requirements. Ensure that the code you write is efficient, readable, and follows best practices. Remember, do not need to explain the code you wrote.\", \"Instruction\": \"1. Understand the suggestions(in the Context section) about the original code. 2. Rewrite your code.\", \"Example\": \"\", \"Context\": \"# Tasks:\\n[]\\n# Design:\\nNew Design:\\n\\nBased on the suggestions provided by my colleagues, I have updated the design as follows:\\n\\n1. Create a Python function to check if a given number is one less than twice its reverse.\\n2. Break down the main function into smaller, modular functions such as one for reversing the number, one for checking if it is one less than twice its reverse, and one for input validation. This will improve the readability and maintainability of the code.\\n3. Add specific requirements for input validation, such as handling negative numbers, non-numeric inputs, and empty inputs. Define the expected behavior of the function when the input number is one less than twice its reverse, and when it's not, to ensure the robustness of the function.\\n\\nThis updated design will provide a clear structure for the developer to implement the necessary components for the code while considering input validation and modularity for improved readability and maintainability.# Suggestions:\\n{\\n  \\\"Architect\\\": \\\"1. Use meaningful function names such as 'reverse_number' instead of 'rev', 'check_if_twice_reverse_minus_one' instead of 'check' and 'validate_input_number' instead of 'validate_input'\\\\n2. Add comments to explain the input parameters and return types for each function\\\\n3. Consider using built-in functions like 'str()' and 'int()' for converting between strings and integers\\\",\\n  \\\"Tester\\\": \\\"1. Test the 'reverse_number' function with positive, negative, and zero inputs to ensure it returns the correct reversed number\\\\n2. Test the 'check_if_twice_reverse_minus_one' function with a variety of input numbers to validate its correctness\\\\n3. Test the 'validate_input_number' function with valid and invalid input numbers to ensure it correctly validates the input\\\"\\n}\", \"Question\": \"Follow the Instruction section. Complete the following code:\\ndef rev(num):    \\n'''Write a python function to check if a given number is one less than twice its reverse.\\nassert check(70) == False'''\\n\"}",
    "FinalCode": "def rev(num):    \n    def check(num):\n        reverse = int(str(num)[::-1])\n        if num == (2 * reverse - 1):\n            return True\n        else:\n            return False\n    return check(num)",
    "Test Cases Draft": "{\n  \"test_cases\": [\n    {\n      \"Test Title\": \"Valid Input: Number is one less than twice its reverse\",\n      \"Input Data\": \"num = 70\",\n      \"Expected Output\": \"False\"\n    },\n    {\n      \"Test Title\": \"Valid Input: Number is not one less than twice its reverse\",\n      \"Input Data\": \"num = 25\",\n      \"Expected Output\": \"True\"\n    },\n    {\n      \"Test Title\": \"Invalid Input: Negative Number\",\n      \"Input Data\": \"num = -10\",\n      \"Expected Output\": \"Invalid input\"\n    },\n    {\n      \"Test Title\": \"Invalid Input: Non-Numeric Input\",\n      \"Input Data\": \"num = 'abc'\",\n      \"Expected Output\": \"Invalid input\"\n    },\n    {\n      \"Test Title\": \"Invalid Input: Empty Input\",\n      \"Input Data\": \"num = ''\",\n      \"Expected Output\": \"Invalid input\"\n    }\n  ]\n}",
    "Test Cases Draft_prompt": "{\"Role\": \"You are a quality assurance engineer. Your duty is to design test cases for the developers.\", \"Instruction\": \"According to the Context section, write test cases. Don't write long strings in your test cases. Response in JSON format.\", \"Example\": \"{\\\"requirement analysis\\\":\\\"analysis\\\",\\\"test_cases\\\":[{\\\"Test Title\\\":\\\"title\\\", \\\"Input Data\\\":\\\"parameter1=[1,2,3],parameter2='123'\\\", \\\"Expected Output\\\":\\\"456\\\"},]}\", \"Context\": \"# UsrtStory:\\n{\\n  \\\"RevisedDocument\\\": {\\n    \\\"UserStory\\\": \\\"As a user, I want a Python function that can check if a given number is one less than twice its reverse, so that I can verify the property for any given number.\\\",\\n    \\\"Analysis\\\": \\\"Based on the suggestion, I have revised the Python function to break it down into smaller, modular functions to improve readability and maintainability. Additionally, input validation has been added to handle edge cases and improve the overall robustness of the function.\\\"\\n  }\\n}\\n# Tasks:\\n[]\\n# Design:\\nNew Design:\\n\\nBased on the suggestions provided by my colleagues, I have updated the design as follows:\\n\\n1. Create a Python function to check if a given number is one less than twice its reverse.\\n2. Break down the main function into smaller, modular functions such as one for reversing the number, one for checking if it is one less than twice its reverse, and one for input validation. This will improve the readability and maintainability of the code.\\n3. Add specific requirements for input validation, such as handling negative numbers, non-numeric inputs, and empty inputs. Define the expected behavior of the function when the input number is one less than twice its reverse, and when it's not, to ensure the robustness of the function.\\n\\nThis updated design will provide a clear structure for the developer to implement the necessary components for the code while considering input validation and modularity for improved readability and maintainability.\", \"Question\": \"def rev(num):    \\n'''Write a python function to check if a given number is one less than twice its reverse.\\nassert check(70) == False'''\\n\"}",
    "Test Cases Meetings": "{\n  \"Developer\": \"I suggest revising the test cases to include boundary cases such as the smallest and largest possible input values. For example, for the valid input test cases, we should include the smallest possible input value (e.g. 0) and the largest possible input value. This will help ensure that the code handles edge cases and boundary conditions properly.\"\n}",
    "Test Cases": "{\n  \"test_cases\": [\n    {\n      \"Test Title\": \"Valid Input: Smallest Possible Input Value\",\n      \"Input Data\": \"num = 0\",\n      \"Expected Output\": \"False\"\n    },\n    {\n      \"Test Title\": \"Valid Input: Largest Possible Input Value\",\n      \"Input Data\": \"num = 999999\",\n      \"Expected Output\": \"True\"\n    },\n    {\n      \"Test Title\": \"Valid Input: Number is one less than twice its reverse\",\n      \"Input Data\": \"num = 70\",\n      \"Expected Output\": \"False\"\n    },\n    {\n      \"Test Title\": \"Valid Input: Number is not one less than twice its reverse\",\n      \"Input Data\": \"num = 25\",\n      \"Expected Output\": \"True\"\n    },\n    {\n      \"Test Title\": \"Invalid Input: Negative Number\",\n      \"Input Data\": \"num = -10\",\n      \"Expected Output\": \"Invalid input\"\n    },\n    {\n      \"Test Title\": \"Invalid Input: Non-Numeric Input\",\n      \"Input Data\": \"num = 'abc'\",\n      \"Expected Output\": \"Invalid input\"\n    },\n    {\n      \"Test Title\": \"Invalid Input: Empty Input\",\n      \"Input Data\": \"num = ''\",\n      \"Expected Output\": \"Invalid input\"\n    }\n  ]\n}",
    "Test Cases_prompt": "{\"Role\": \"You are a quality assurance engineer. Your duty is to revise the test cases based on the suggestions.\", \"Instruction\": \"1. Your colleague give you some suggestions(in the Context section) about the draft test cases, read these suggestions. 2. Revise your draft version test cases, but don't use long parameters. 3. Response in JSON format.\", \"Example\": \"{\\\"requirement analysis\\\":\\\"analysis\\\",\\\"test_cases\\\":[{\\\"Test Title\\\":\\\"title\\\", \\\"Input Data\\\":\\\"parameter1=[1,2,3],parameter2='123'\\\", \\\"Expected Output\\\":\\\"456\\\"},]}\", \"Context\": \"# Suggestions:\\n{\\n  \\\"Developer\\\": \\\"I suggest revising the test cases to include boundary cases such as the smallest and largest possible input values. For example, for the valid input test cases, we should include the smallest possible input value (e.g. 0) and the largest possible input value. This will help ensure that the code handles edge cases and boundary conditions properly.\\\"\\n}\\n # Draft Test cases:\\n{\\n  \\\"test_cases\\\": [\\n    {\\n      \\\"Test Title\\\": \\\"Valid Input: Number is one less than twice its reverse\\\",\\n      \\\"Input Data\\\": \\\"num = 70\\\",\\n      \\\"Expected Output\\\": \\\"False\\\"\\n    },\\n    {\\n      \\\"Test Title\\\": \\\"Valid Input: Number is not one less than twice its reverse\\\",\\n      \\\"Input Data\\\": \\\"num = 25\\\",\\n      \\\"Expected Output\\\": \\\"True\\\"\\n    },\\n    {\\n      \\\"Test Title\\\": \\\"Invalid Input: Negative Number\\\",\\n      \\\"Input Data\\\": \\\"num = -10\\\",\\n      \\\"Expected Output\\\": \\\"Invalid input\\\"\\n    },\\n    {\\n      \\\"Test Title\\\": \\\"Invalid Input: Non-Numeric Input\\\",\\n      \\\"Input Data\\\": \\\"num = 'abc'\\\",\\n      \\\"Expected Output\\\": \\\"Invalid input\\\"\\n    },\\n    {\\n      \\\"Test Title\\\": \\\"Invalid Input: Empty Input\\\",\\n      \\\"Input Data\\\": \\\"num = ''\\\",\\n      \\\"Expected Output\\\": \\\"Invalid input\\\"\\n    }\\n  ]\\n}\", \"Question\": \"Follow the Instruction. Please make sure your response length are less than 512. Your test cases is for the below question:\\ndef rev(num):    \\n'''Write a python function to check if a given number is one less than twice its reverse.\\nassert check(70) == False'''\\n\"}",
    "Code0": "def rev(num):\n    '''This function checks if the given number is one less than twice its reverse'''\n    return num == 2 * int(str(num)[::-1]) - 1\n# Test Case:\nassert rev(70) == False",
    "Code0_prompt": {
        "Role": "You are a professional software engineer. Your duty is to write code in Python that meets the requirements. Ensure that the code you write is efficient, readable, and follows best practices. Remember, do not need to explain the code you wrote.",
        "Instruction": "1. Understand the test cases(in the Context section) about the original code. 2. Rewrite your code, make sure your code pass all test cases.",
        "Example": "",
        "Context": "# Original Code:\ndef reverse_number(num):\n    '''This function reverses the given number'''\n    return int(str(num)[::-1])\n\ndef check_if_twice_reverse_minus_one(num):\n    '''This function checks if the given number is one less than twice its reverse'''\n    return num == 2 * reverse_number(num) - 1\n\ndef validate_input_number(num):\n    '''This function validates the input number'''\n    if type(num) != int:\n        return False\n    if num < 0:\n        return False\n    return True\n\n# Test the 'reverse_number' function with positive, negative, and zero inputs\nassert reverse_number(123) == 321\nassert reverse_number(-456) == -654\nassert reverse_number(0) == 0\n\n# Test the 'check_if_twice_reverse_minus_one' function with a variety of input numbers\nassert check_if_twice_reverse_minus_one(10) == False\nassert check_if_twice_reverse_minus_one(25) == False\nassert check_if_twice_reverse_minus_one(79) == True\n\n# Test the 'validate_input_number' function with valid and invalid input numbers\nassert validate_input_number(100) == True\nassert validate_input_number(-50) == False\nassert validate_input_number('abc') == False\nassert validate_input_number('123') == False\nassert validate_input_number(0) == True\n# Test Cases:\n{\n  \"test_cases\": [\n    {\n      \"Test Title\": \"Valid Input: Smallest Possible Input Value\",\n      \"Input Data\": \"num = 0\",\n      \"Expected Output\": \"False\"\n    },\n    {\n      \"Test Title\": \"Valid Input: Largest Possible Input Value\",\n      \"Input Data\": \"num = 999999\",\n      \"Expected Output\": \"True\"\n    },\n    {\n      \"Test Title\": \"Valid Input: Number is one less than twice its reverse\",\n      \"Input Data\": \"num = 70\",\n      \"Expected Output\": \"False\"\n    },\n    {\n      \"Test Title\": \"Valid Input: Number is not one less than twice its reverse\",\n      \"Input Data\": \"num = 25\",\n      \"Expected Output\": \"True\"\n    },\n    {\n      \"Test Title\": \"Invalid Input: Negative Number\",\n      \"Input Data\": \"num = -10\",\n      \"Expected Output\": \"Invalid input\"\n    },\n    {\n      \"Test Title\": \"Invalid Input: Non-Numeric Input\",\n      \"Input Data\": \"num = 'abc'\",\n      \"Expected Output\": \"Invalid input\"\n    },\n    {\n      \"Test Title\": \"Invalid Input: Empty Input\",\n      \"Input Data\": \"num = ''\",\n      \"Expected Output\": \"Invalid input\"\n    }\n  ]\n}",
        "Question": "def rev(num):    \n'''Write a python function to check if a given number is one less than twice its reverse.\nassert check(70) == False'''\n"
    },
    "TestScriptOriginal": "import unittest\n\nclass Test(unittest.TestCase):\n    def test(self):\n        self.assertEqual(check(70), False)\n\nif __name__ == '__main__':\n    unittest.main()",
    "TestScriptOriginal_prompt": "{\"Role\": \"You are a quality assurance engineer. Your duty is to write a python test script in unittest framework.\", \"Instruction\": \"1. Write a python test script. 2. Use the input and output given by the question.\", \"Example\": \"import unittest\\n\\nclass Test(unittest.TestCase):\\n    def test(self):\\n        self.assertEqual(function_under_test('a'), 1)\\n\\nif __name__ == '__main__':\\n    unittest.main()\", \"Context\": \"\", \"Question\": \"def rev(num):    \\n'''Write a python function to check if a given number is one less than twice its reverse.\\nassert check(70) == False'''\\n\"}",
    "TestScript": "import unittest\n\nclass Test(unittest.TestCase):\n    def test(self):\n        self.assertEqual(check(70), False)\n\nif __name__ == '__main__':\n    unittest.main()",
    "ScriptResult0": "E\n======================================================================\nERROR: test (__main__.Test)\n----------------------------------------------------------------------\nTraceback (most recent call last):\n  File \"/Users/watch/PycharmProjects/XXXX-1-LLM/workspace/2024-03-11_18-12-58-545384/test_script.py\", line 10, in test\n    self.assertEqual(check(70), False)\nNameError: name 'check' is not defined\n\n----------------------------------------------------------------------\nRan 1 test in 0.000s\n\nFAILED (errors=1)\n",
    "TestReport0": "Test Report:\n\nTest Case:\nFunction: rev(num)\nDescription: This function checks if the given number is one less than twice its reverse.\n\nInput: 70\nExpected Output: False\nActual Output: NameError: name 'check' is not defined\n\nConclusion: Code Test Failed\nExample:\n```python\ndef rev(num):\n    '''This function checks if the given number is one less than twice its reverse'''\n    return num == 2 * int(str(num)[::-1]) - 1\n# Test Case:\nassert rev(70) == False\n```",
    "SprintReview0": "[ScrumMaster]says: Here is our test Report: Test Report:\n\nTest Case:\nFunction: rev(num)\nDescription: This function checks if the given number is one less than twice its reverse.\n\nInput: 70\nExpected Output: False\nActual Output: NameError: name 'check' is not defined\n\nConclusion: Code Test Failed\nExample:\n```python\ndef rev(num):\n    '''This function checks if the given number is one less than twice its reverse'''\n    return num == 2 * int(str(num)[::-1]) - 1\n# Test Case:\nassert rev(70) == False\n```, do you have any ideas?\n-----\n\n[Architect]says: As an Architect, it is important that we review the code and identify the root cause of the NameError to ensure the test case passes.\n-----\n\n[ProductOwner]says: As a Product Owner, I think we should prioritize fixing the NameError issue in the code before proceeding with any other tasks.\n-----\n\n[Developer]says: As a Developer, I think we should review the code and check for any syntax errors in the 'rev' function.\n-----\n\n[Tester]says: As a Tester, I think the first step is to identify the root cause of the NameError and then re-run the test case for the rev(num) function.\n-----\n\n[Architect]says: As an Architect, it is important that we review the code and identify the root cause of the NameError to ensure the test case passes.\n-----\n\n[ProductOwner]says: As a Product Owner, I think we should prioritize fixing the NameError issue in the code before proceeding with any other tasks.\n-----\n\n[Developer]says: As a Developer, I will review the code and check for any syntax errors in the 'rev' function.\n-----\n\n[Tester]says: As a Tester, I think the first step is to identify the root cause of the NameError and then re-run the test case for the rev(num) function.\n-----\n",
    "SprintReviewMeetings0": "{\n  \"product-owner\": [\"We should prioritize fixing the NameError issue in the code before proceeding with any other tasks.\"],\n  \"architect\": [\"It is important that we review the code and identify the root cause of the NameError to ensure the test case passes.\"],\n  \"developer\": [\"We should review the code and check for any syntax errors in the 'rev' function.\"],\n  \"tester\": [\"Identify the root cause of the NameError and then re-run the test case for the rev(num) function.\"]\n}",
    "SprintReviewMeetings0_prompt": "{\"Role\": \"You are a professional scrum master. Your goal is to summary the Discussion History into a suggestions list for the scrum team.\", \"Instruction\": \"1. Read and Understand the Discussion History. 2. Summary the suggestions from four roles: product-owner/architect/developer/tester. 3. Response in JSON format.\", \"Example\": \"{\\\"product-owner\\\":[\\\"suggestion1\\\",\\\"suggestion2\\\"],\\\"architect\\\":[\\\"suggestion1\\\",\\\"suggestion2\\\"], \\\"developer\\\":[\\\"suggestion1\\\",\\\"suggestion2\\\"], \\\"tester\\\":[\\\"suggestion1\\\",\\\"suggestion2\\\"]}\", \"Context\": \"[ScrumMaster]says: Here is our test Report: Test Report:\\n\\nTest Case:\\nFunction: rev(num)\\nDescription: This function checks if the given number is one less than twice its reverse.\\n\\nInput: 70\\nExpected Output: False\\nActual Output: NameError: name 'check' is not defined\\n\\nConclusion: Code Test Failed\\nExample:\\n```python\\ndef rev(num):\\n    '''This function checks if the given number is one less than twice its reverse'''\\n    return num == 2 * int(str(num)[::-1]) - 1\\n# Test Case:\\nassert rev(70) == False\\n```, do you have any ideas?\\n-----\\n\\n[Architect]says: As an Architect, it is important that we review the code and identify the root cause of the NameError to ensure the test case passes.\\n-----\\n\\n[ProductOwner]says: As a Product Owner, I think we should prioritize fixing the NameError issue in the code before proceeding with any other tasks.\\n-----\\n\\n[Developer]says: As a Developer, I think we should review the code and check for any syntax errors in the 'rev' function.\\n-----\\n\\n[Tester]says: As a Tester, I think the first step is to identify the root cause of the NameError and then re-run the test case for the rev(num) function.\\n-----\\n\\n[Architect]says: As an Architect, it is important that we review the code and identify the root cause of the NameError to ensure the test case passes.\\n-----\\n\\n[ProductOwner]says: As a Product Owner, I think we should prioritize fixing the NameError issue in the code before proceeding with any other tasks.\\n-----\\n\\n[Developer]says: As a Developer, I will review the code and check for any syntax errors in the 'rev' function.\\n-----\\n\\n[Tester]says: As a Tester, I think the first step is to identify the root cause of the NameError and then re-run the test case for the rev(num) function.\\n-----\\n\", \"Question\": \"Follow the Instruction section. The Discussion History is in the Context section. You only need to return a list as the Example section.\"}",
    "RepairResponse0": "{\n  \"revised_code\": \"def rev(num):\\n    '''This function checks if the given number is one less than twice its reverse'''\\n    return num == 2 * int(str(num)[::-1]) - 1\\n\\n# Test Case:\\nassert rev(70) == False\"\n}",
    "RepairResponse0_prompt": {
        "Role": "You are a professional software engineer. Your duty is to write code in Python that meets the requirements. Ensure that the code you write is efficient, readable, and follows best practices. Remember, do not need to explain the code you wrote.",
        "Instruction": "1. Rewrite a bug fix version of the original code. 2. Response in JSON format.",
        "Example": "{\"revised_code\":\"...\"}",
        "Context": "# Test Report:\nTest Report:\n\nTest Case:\nFunction: rev(num)\nDescription: This function checks if the given number is one less than twice its reverse.\n\nInput: 70\nExpected Output: False\nActual Output: NameError: name 'check' is not defined\n\nConclusion: Code Test Failed\nExample:\n```python\ndef rev(num):\n    '''This function checks if the given number is one less than twice its reverse'''\n    return num == 2 * int(str(num)[::-1]) - 1\n# Test Case:\nassert rev(70) == False\n```# suggestions:\n{\"product-owner\": [\"We should prioritize fixing the NameError issue in the code before proceeding with any other tasks.\"], \"architect\": [\"It is important that we review the code and identify the root cause of the NameError to ensure the test case passes.\"], \"developer\": [\"We should review the code and check for any syntax errors in the 'rev' function.\"], \"tester\": [\"Identify the root cause of the NameError and then re-run the test case for the rev(num) function.\"]}",
        "Question": "The original code has some bugs, according to the test report and suggestions, rewrite the code. Complete the following code:\ndef rev(num):    \n'''Write a python function to check if a given number is one less than twice its reverse.\nassert check(70) == False'''\n"
    },
    "Code1": "def rev(num):\n    '''This function checks if the given number is one less than twice its reverse'''\n    return num == 2 * int(str(num)[::-1]) - 1\n\n# Test Case:\nassert rev(70) == False",
    "ScriptResult1": "E\n======================================================================\nERROR: test (__main__.Test)\n----------------------------------------------------------------------\nTraceback (most recent call last):\n  File \"/Users/watch/PycharmProjects/XXXX-1-LLM/workspace/2024-03-11_18-12-58-545384/test_script.py\", line 11, in test\n    self.assertEqual(check(70), False)\nNameError: name 'check' is not defined\n\n----------------------------------------------------------------------\nRan 1 test in 0.000s\n\nFAILED (errors=1)\n",
    "TestReport1": "Test Report:\n\n- Test script's output:\n  # test script's output:\n  E\n  ======================================================================\n  ERROR: test (__main__.Test)\n  ----------------------------------------------------------------------\n  Traceback (most recent call last):\n    File \"/Users/watch/PycharmProjects/XXXX-1-LLM/workspace/2024-03-11_18-12-58-545384/test_script.py\", line 11, in test\n      self.assertEqual(check(70), False)\n  NameError: name 'check' is not defined\n\n  ----------------------------------------------------------------------\n  Ran 1 test in 0.000s\n\n  FAILED (errors=1)\n\n- Conclusion: Code Test Failed\n\n- Input and Expected Output Example:\n  - Input: rev(70)\n  - Expected Output: False\n\nThe test script has failed with an error related to the name 'check' not being defined. The expected output for the input rev(70) is False. However, the test script has encountered an error and failed.\n\nCode Test Failed.",
    "SprintReview1": "[ScrumMaster]says: Here is our test Report: Test Report:\n\n- Test script's output:\n  # test script's output:\n  E\n  ======================================================================\n  ERROR: test (__main__.Test)\n  ----------------------------------------------------------------------\n  Traceback (most recent call last):\n    File \"/Users/watch/PycharmProjects/XXXX-1-LLM/workspace/2024-03-11_18-12-58-545384/test_script.py\", line 11, in test\n      self.assertEqual(check(70), False)\n  NameError: name 'check' is not defined\n\n  ----------------------------------------------------------------------\n  Ran 1 test in 0.000s\n\n  FAILED (errors=1)\n\n- Conclusion: Code Test Failed\n\n- Input and Expected Output Example:\n  - Input: rev(70)\n  - Expected Output: False\n\nThe test script has failed with an error related to the name 'check' not being defined. The expected output for the input rev(70) is False. However, the test script has encountered an error and failed.\n\nCode Test Failed., do you have any ideas?\n-----\n\n[Developer]says: As a Developer, I believe we should review the test script and ensure that the function 'check' is properly defined before running the code test again.\n-----\n\n[ProductOwner]says: As the Product Owner, I think we need to prioritize fixing the error related to the undefined 'check' function in order to ensure the test script passes successfully.\n-----\n\n[Architect]says: As an Architect, I recommend reviewing the test script and ensuring that the 'check' function is defined properly before running the test again.\n-----\n\n[Tester]says: As a Tester, I recommend reviewing the test script to ensure that the 'check' function is properly defined before running the test.\n-----\n\n[Developer]says: As a Developer, I believe we should review the test script and ensure that the function 'check' is properly defined before running the code test again.\n-----\n\n[Tester]says: As a Tester, I recommend reviewing the test script to ensure that the 'check' function is properly defined before running the test.\n-----\n\n[ProductOwner]says: As the Product Owner, I think we need to prioritize fixing the error related to the undefined 'check' function in order to ensure the test script passes successfully.\n-----\n\n[Architect]says: As an Architect, I recommend reviewing the test script and ensuring that the 'check' function is defined properly before running the test again.\n-----\n",
    "SprintReviewMeetings1": "{\n  \"product-owner\": [\n    \"We need to prioritize fixing the error related to the undefined 'check' function in order to ensure the test script passes successfully.\"\n  ],\n  \"architect\": [\n    \"Recommend reviewing the test script and ensuring that the 'check' function is defined properly before running the test again.\"\n  ],\n  \"developer\": [\n    \"Review the test script and ensure that the function 'check' is properly defined before running the code test again.\"\n  ],\n  \"tester\": [\n    \"Review the test script to ensure that the 'check' function is properly defined before running the test.\"\n  ]\n}",
    "SprintReviewMeetings1_prompt": "{\"Role\": \"You are a professional scrum master. Your goal is to summary the Discussion History into a suggestions list for the scrum team.\", \"Instruction\": \"1. Read and Understand the Discussion History. 2. Summary the suggestions from four roles: product-owner/architect/developer/tester. 3. Response in JSON format.\", \"Example\": \"{\\\"product-owner\\\":[\\\"suggestion1\\\",\\\"suggestion2\\\"],\\\"architect\\\":[\\\"suggestion1\\\",\\\"suggestion2\\\"], \\\"developer\\\":[\\\"suggestion1\\\",\\\"suggestion2\\\"], \\\"tester\\\":[\\\"suggestion1\\\",\\\"suggestion2\\\"]}\", \"Context\": \"[ScrumMaster]says: Here is our test Report: Test Report:\\n\\n- Test script's output:\\n  # test script's output:\\n  E\\n  ======================================================================\\n  ERROR: test (__main__.Test)\\n  ----------------------------------------------------------------------\\n  Traceback (most recent call last):\\n    File \\\"/Users/watch/PycharmProjects/XXXX-1-LLM/workspace/2024-03-11_18-12-58-545384/test_script.py\\\", line 11, in test\\n      self.assertEqual(check(70), False)\\n  NameError: name 'check' is not defined\\n\\n  ----------------------------------------------------------------------\\n  Ran 1 test in 0.000s\\n\\n  FAILED (errors=1)\\n\\n- Conclusion: Code Test Failed\\n\\n- Input and Expected Output Example:\\n  - Input: rev(70)\\n  - Expected Output: False\\n\\nThe test script has failed with an error related to the name 'check' not being defined. The expected output for the input rev(70) is False. However, the test script has encountered an error and failed.\\n\\nCode Test Failed., do you have any ideas?\\n-----\\n\\n[Developer]says: As a Developer, I believe we should review the test script and ensure that the function 'check' is properly defined before running the code test again.\\n-----\\n\\n[ProductOwner]says: As the Product Owner, I think we need to prioritize fixing the error related to the undefined 'check' function in order to ensure the test script passes successfully.\\n-----\\n\\n[Architect]says: As an Architect, I recommend reviewing the test script and ensuring that the 'check' function is defined properly before running the test again.\\n-----\\n\\n[Tester]says: As a Tester, I recommend reviewing the test script to ensure that the 'check' function is properly defined before running the test.\\n-----\\n\\n[Developer]says: As a Developer, I believe we should review the test script and ensure that the function 'check' is properly defined before running the code test again.\\n-----\\n\\n[Tester]says: As a Tester, I recommend reviewing the test script to ensure that the 'check' function is properly defined before running the test.\\n-----\\n\\n[ProductOwner]says: As the Product Owner, I think we need to prioritize fixing the error related to the undefined 'check' function in order to ensure the test script passes successfully.\\n-----\\n\\n[Architect]says: As an Architect, I recommend reviewing the test script and ensuring that the 'check' function is defined properly before running the test again.\\n-----\\n\", \"Question\": \"Follow the Instruction section. The Discussion History is in the Context section. You only need to return a list as the Example section.\"}",
    "RepairResponse1": "{\n  \"revised_code\": \"def rev(num):\\n    def check(num):\\n        return num == 2 * int(str(num)[::-1]) - 1\\n    return check(num)\"\n}",
    "RepairResponse1_prompt": {
        "Role": "You are a professional software engineer. Your duty is to write code in Python that meets the requirements. Ensure that the code you write is efficient, readable, and follows best practices. Remember, do not need to explain the code you wrote.",
        "Instruction": "1. Rewrite a bug fix version of the original code. 2. Response in JSON format.",
        "Example": "{\"revised_code\":\"...\"}",
        "Context": "# Test Report:\nTest Report:\n\n- Test script's output:\n  # test script's output:\n  E\n  ======================================================================\n  ERROR: test (__main__.Test)\n  ----------------------------------------------------------------------\n  Traceback (most recent call last):\n    File \"/Users/watch/PycharmProjects/XXXX-1-LLM/workspace/2024-03-11_18-12-58-545384/test_script.py\", line 11, in test\n      self.assertEqual(check(70), False)\n  NameError: name 'check' is not defined\n\n  ----------------------------------------------------------------------\n  Ran 1 test in 0.000s\n\n  FAILED (errors=1)\n\n- Conclusion: Code Test Failed\n\n- Input and Expected Output Example:\n  - Input: rev(70)\n  - Expected Output: False\n\nThe test script has failed with an error related to the name 'check' not being defined. The expected output for the input rev(70) is False. However, the test script has encountered an error and failed.\n\nCode Test Failed.# suggestions:\n{\"product-owner\": [\"We need to prioritize fixing the error related to the undefined 'check' function in order to ensure the test script passes successfully.\"], \"architect\": [\"Recommend reviewing the test script and ensuring that the 'check' function is defined properly before running the test again.\"], \"developer\": [\"Review the test script and ensure that the function 'check' is properly defined before running the code test again.\"], \"tester\": [\"Review the test script to ensure that the 'check' function is properly defined before running the test.\"]}",
        "Question": "The original code has some bugs, according to the test report and suggestions, rewrite the code. Complete the following code:\ndef rev(num):    \n'''Write a python function to check if a given number is one less than twice its reverse.\nassert check(70) == False'''\n"
    },
    "Code2": "def rev(num):\n    def check(num):\n        return num == 2 * int(str(num)[::-1]) - 1\n    return check(num)",
    "ScriptResult2": "E\n======================================================================\nERROR: test (__main__.Test)\n----------------------------------------------------------------------\nTraceback (most recent call last):\n  File \"/Users/watch/PycharmProjects/XXXX-1-LLM/workspace/2024-03-11_18-12-58-545384/test_script.py\", line 9, in test\n    self.assertEqual(check(70), False)\nNameError: name 'check' is not defined\n\n----------------------------------------------------------------------\nRan 1 test in 0.000s\n\nFAILED (errors=1)\n",
    "TestReport2": "Test Report:\n\nTest script's output:\nE\n======================================================================\nERROR: test (__main__.Test)\n----------------------------------------------------------------------\nTraceback (most recent call last):\n  File \"/Users/watch/PycharmProjects/XXXX-1-LLM/workspace/2024-03-11_18-12-58-545384/test_script.py\", line 9, in test\n    self.assertEqual(check(70), False)\nNameError: name 'check' is not defined\n\n----------------------------------------------------------------------\nRan 1 test in 0.000s\n\nFAILED (errors=1)\n\nConclusion: Code Test Failed\n\nInput example:\nnum = 70\nExpected output: False",
    "SprintReview2": "[ScrumMaster]says: Here is our test Report: Test Report:\n\nTest script's output:\nE\n======================================================================\nERROR: test (__main__.Test)\n----------------------------------------------------------------------\nTraceback (most recent call last):\n  File \"/Users/watch/PycharmProjects/XXXX-1-LLM/workspace/2024-03-11_18-12-58-545384/test_script.py\", line 9, in test\n    self.assertEqual(check(70), False)\nNameError: name 'check' is not defined\n\n----------------------------------------------------------------------\nRan 1 test in 0.000s\n\nFAILED (errors=1)\n\nConclusion: Code Test Failed\n\nInput example:\nnum = 70\nExpected output: False, do you have any ideas?\n-----\n\n[ProductOwner]says: As a Product Owner, I think we need to prioritize fixing the NameError issue in the test script before moving forward with any product development.\n-----\n\n[Architect]says: As an architect, I suggest conducting a code review to identify and fix the error in the test script.\n-----\n\n[Tester]says: As a Tester, it seems like the test script is encountering an error due to a missing definition for the 'check' function. We should review the code and ensure that the 'check' function is properly defined to resolve the issue.\n-----\n\n[Developer]says: As a Developer, I think we should review the test script to address the NameError and ensure the 'check' function is properly defined.\n-----\n\n[Architect]says: As an architect, I suggest conducting a code review to identify and fix the error in the test script.\n-----\n\n[ProductOwner]says: [ProductOwner] To create a product, we should prioritize fixing the NameError issue in the test script before moving forward with any product development.\n-----\n\n[Developer]says: As a Developer, I agree that we should review the test script to address the NameError and ensure the 'check' function is properly defined.\n-----\n\n[Tester]says: As a Tester, it seems like the test script is encountering an error due to a missing definition for the 'check' function. We should review the code and ensure that the 'check' function is properly defined to resolve the issue.\n-----\n",
    "SprintReviewMeetings2": "{\n  \"product-owner\":[\"I think we need to prioritize fixing the NameError issue in the test script before moving forward with any product development.\",\"To create a product, we should prioritize fixing the NameError issue in the test script before moving forward with any product development.\"],\n  \"architect\":[\"I suggest conducting a code review to identify and fix the error in the test script.\"],\n  \"developer\":[\"I think we should review the test script to address the NameError and ensure the 'check' function is properly defined.\",\"I agree that we should review the test script to address the NameError and ensure the 'check' function is properly defined.\"],\n  \"tester\":[\"It seems like the test script is encountering an error due to a missing definition for the 'check' function. We should review the code and ensure that the 'check' function is properly defined to resolve the issue.\"]\n}",
    "SprintReviewMeetings2_prompt": "{\"Role\": \"You are a professional scrum master. Your goal is to summary the Discussion History into a suggestions list for the scrum team.\", \"Instruction\": \"1. Read and Understand the Discussion History. 2. Summary the suggestions from four roles: product-owner/architect/developer/tester. 3. Response in JSON format.\", \"Example\": \"{\\\"product-owner\\\":[\\\"suggestion1\\\",\\\"suggestion2\\\"],\\\"architect\\\":[\\\"suggestion1\\\",\\\"suggestion2\\\"], \\\"developer\\\":[\\\"suggestion1\\\",\\\"suggestion2\\\"], \\\"tester\\\":[\\\"suggestion1\\\",\\\"suggestion2\\\"]}\", \"Context\": \"[ScrumMaster]says: Here is our test Report: Test Report:\\n\\nTest script's output:\\nE\\n======================================================================\\nERROR: test (__main__.Test)\\n----------------------------------------------------------------------\\nTraceback (most recent call last):\\n  File \\\"/Users/watch/PycharmProjects/XXXX-1-LLM/workspace/2024-03-11_18-12-58-545384/test_script.py\\\", line 9, in test\\n    self.assertEqual(check(70), False)\\nNameError: name 'check' is not defined\\n\\n----------------------------------------------------------------------\\nRan 1 test in 0.000s\\n\\nFAILED (errors=1)\\n\\nConclusion: Code Test Failed\\n\\nInput example:\\nnum = 70\\nExpected output: False, do you have any ideas?\\n-----\\n\\n[ProductOwner]says: As a Product Owner, I think we need to prioritize fixing the NameError issue in the test script before moving forward with any product development.\\n-----\\n\\n[Architect]says: As an architect, I suggest conducting a code review to identify and fix the error in the test script.\\n-----\\n\\n[Tester]says: As a Tester, it seems like the test script is encountering an error due to a missing definition for the 'check' function. We should review the code and ensure that the 'check' function is properly defined to resolve the issue.\\n-----\\n\\n[Developer]says: As a Developer, I think we should review the test script to address the NameError and ensure the 'check' function is properly defined.\\n-----\\n\\n[Architect]says: As an architect, I suggest conducting a code review to identify and fix the error in the test script.\\n-----\\n\\n[ProductOwner]says: [ProductOwner] To create a product, we should prioritize fixing the NameError issue in the test script before moving forward with any product development.\\n-----\\n\\n[Developer]says: As a Developer, I agree that we should review the test script to address the NameError and ensure the 'check' function is properly defined.\\n-----\\n\\n[Tester]says: As a Tester, it seems like the test script is encountering an error due to a missing definition for the 'check' function. We should review the code and ensure that the 'check' function is properly defined to resolve the issue.\\n-----\\n\", \"Question\": \"Follow the Instruction section. The Discussion History is in the Context section. You only need to return a list as the Example section.\"}",
    "RepairResponse2": "{\n  \"revised_code\": \"def rev(num):    \\n    def check(num):\\n        reverse = int(str(num)[::-1])\\n        if num == (2 * reverse - 1):\\n            return True\\n        else:\\n            return False\\n    return check(num)\"\n}",
    "RepairResponse2_prompt": {
        "Role": "You are a professional software engineer. Your duty is to write code in Python that meets the requirements. Ensure that the code you write is efficient, readable, and follows best practices. Remember, do not need to explain the code you wrote.",
        "Instruction": "1. Rewrite a bug fix version of the original code. 2. Response in JSON format.",
        "Example": "{\"revised_code\":\"...\"}",
        "Context": "# Test Report:\nTest Report:\n\nTest script's output:\nE\n======================================================================\nERROR: test (__main__.Test)\n----------------------------------------------------------------------\nTraceback (most recent call last):\n  File \"/Users/watch/PycharmProjects/XXXX-1-LLM/workspace/2024-03-11_18-12-58-545384/test_script.py\", line 9, in test\n    self.assertEqual(check(70), False)\nNameError: name 'check' is not defined\n\n----------------------------------------------------------------------\nRan 1 test in 0.000s\n\nFAILED (errors=1)\n\nConclusion: Code Test Failed\n\nInput example:\nnum = 70\nExpected output: False# suggestions:\n{\"product-owner\": [\"I think we need to prioritize fixing the NameError issue in the test script before moving forward with any product development.\", \"To create a product, we should prioritize fixing the NameError issue in the test script before moving forward with any product development.\"], \"architect\": [\"I suggest conducting a code review to identify and fix the error in the test script.\"], \"developer\": [\"I think we should review the test script to address the NameError and ensure the 'check' function is properly defined.\", \"I agree that we should review the test script to address the NameError and ensure the 'check' function is properly defined.\"], \"tester\": [\"It seems like the test script is encountering an error due to a missing definition for the 'check' function. We should review the code and ensure that the 'check' function is properly defined to resolve the issue.\"]}",
        "Question": "The original code has some bugs, according to the test report and suggestions, rewrite the code. Complete the following code:\ndef rev(num):    \n'''Write a python function to check if a given number is one less than twice its reverse.\nassert check(70) == False'''\n"
    },
    "Code3": "def rev(num):    \n    def check(num):\n        reverse = int(str(num)[::-1])\n        if num == (2 * reverse - 1):\n            return True\n        else:\n            return False\n    return check(num)",
    "ScriptResult3": "E\n======================================================================\nERROR: test (__main__.Test)\n----------------------------------------------------------------------\nTraceback (most recent call last):\n  File \"/Users/watch/PycharmProjects/XXXX-1-LLM/workspace/2024-03-11_18-12-58-545384/test_script.py\", line 13, in test\n    self.assertEqual(check(70), False)\nNameError: name 'check' is not defined\n\n----------------------------------------------------------------------\nRan 1 test in 0.000s\n\nFAILED (errors=1)\n",
    "TestReport3": "Test Report:\n\nContext:\nThe test script's output shows an error in the test case execution. The error is related to a NameError: name 'check' is not defined.\n\nAnalysis:\nThe test script failed due to a NameError, where the 'check' function is not defined.\n\nConclusion:\nCode Test Failed\n\nInput and Expected Output Example:\nInput: 70\nExpected Output: False\n\nQuestion:\ndef rev(num):\n    def check(num):\n        reverse = int(str(num)[::-1])\n        if num == (2 * reverse - 1):\n            return True\n        else:\n            return False\n    return check(num)"
}