{
    "start_time": "2024-03-10_21-29-44-549091",
    "task": "def find_sum(arr): \n'''Write a python function to find the sum of non-repeated elements in a given list.\nassert find_sum([1,2,3,1,1,4,5,6]) == 21'''\n",
    "datetime": {
        "task": "2024-03-10 21:29:44",
        "task-id": "2024-03-10 21:29:44",
        "workflow": "2024-03-10 21:29:44",
        "DesignDraft": "2024-03-10 21:29:45",
        "DesignMeetings": "2024-03-10 21:29:47",
        "Design": "2024-03-10 21:29:49",
        "Test Cases Draft": "2024-03-10 21:29:51",
        "Test Cases Meetings": "2024-03-10 21:29:52",
        "Test Cases": "2024-03-10 21:29:55",
        "Code0draft": "2024-03-10 21:29:56",
        "Code Review Meetings": "2024-03-10 21:29:57",
        "Code0": "2024-03-10 21:29:58",
        "TestScriptOriginal": "2024-03-10 21:29:59",
        "TestScript": "2024-03-10 21:29:59",
        "ScriptResult0": "2024-03-10 21:29:59",
        "TestReport0": "2024-03-10 21:30:01",
        "RepairResponse1": "2024-03-10 21:30:02",
        "Code1": "2024-03-10 21:30:02",
        "ScriptResult1": "2024-03-10 21:30:02",
        "TestReport1": "2024-03-10 21:30:06",
        "RepairResponse2": "2024-03-10 21:30:06",
        "Code2": "2024-03-10 21:30:06",
        "ScriptResult2": "2024-03-10 21:30:06",
        "TestReport2": "2024-03-10 21:30:09",
        "FinalCode": "2024-03-10 21:30:09"
    },
    "task-id": 777,
    "workflow": "testdriven/testdriven_version_0.0.5_remove.json",
    "DesignDraft": "Design:\nThe design for the find_sum function should focus on efficiently identifying and summing non-repeated elements in a given list. This can be achieved by using a data structure to keep track of the elements that have been encountered and a way to calculate the sum of the non-repeated elements. The function should handle the input validation and edge cases, providing the expected result as per the given assertion. It should also be well-documented to guide the developer in understanding the purpose and usage of the function.",
    "DesignMeetings": "{\n  \"Developer\": \"The find_sum function can be implemented using a hash set to keep track of encountered elements and a variable to calculate the sum of non-repeated elements. Input validation should be handled at the beginning of the function to ensure that the input is a list. Edge cases such as an empty list or a list with only one element should also be considered. The function documentation should include the purpose of the function, its parameters, return value, and any potential errors or edge cases.\",\n  \"Tester\": \"When testing the find_sum function, make sure to include test cases with different types of input lists, including empty lists, lists with repeated elements, and lists with no repeated elements. Verify that the function correctly identifies and sums the non-repeated elements, and handles input validation and edge cases appropriately. Additionally, check that the function documentation is clear and provides relevant information for developers.\" \n}",
    "Design": "Based on the suggestions provided by my colleagues, I have updated the design for the find_sum function as follows:\n\nThe find_sum function will be implemented using a hash set to efficiently keep track of encountered elements and a variable to calculate the sum of non-repeated elements. Input validation will be handled at the beginning of the function to ensure that the input is a list. Edge cases such as an empty list or a list with only one element will also be considered. The function documentation will include the purpose of the function, its parameters, return value, and any potential errors or edge cases.\n\nWhen testing the find_sum function, I will include test cases with different types of input lists, including empty lists, lists with repeated elements, and lists with no repeated elements. I will verify that the function correctly identifies and sums the non-repeated elements, and handles input validation and edge cases appropriately. Additionally, I will ensure that the function documentation is clear and provides relevant information for developers.\n\nI believe these updates will enhance the efficiency, reliability, and usability of the find_sum function.",
    "Test Cases Draft": "{\n  \"requirement analysis\": \"The requirement is to design a test case for the function find_sum that finds the sum of non-repeated elements in a given list.\",\n  \"test_cases\": [\n    {\n      \"Test Title\": \"Non-repeated elements sum\",\n      \"Input Data\": \"arr=[1,2,3,1,1,4,5,6]\",\n      \"Expected Output\": \"21\"\n    }\n  ]\n}",
    "Test Cases Draft_prompt": "{\"Role\": \"You are a quality assurance engineer. Your duty is to design test cases for the developers.\", \"Instruction\": \"According to the Context section, write test cases. Don't write long strings in your test cases. Response in JSON format.\", \"Example\": \"{\\\"requirement analysis\\\":\\\"analysis\\\",\\\"test_cases\\\":[{\\\"Test Title\\\":\\\"title\\\", \\\"Input Data\\\":\\\"parameter1=[1,2,3],parameter2='123'\\\", \\\"Expected Output\\\":\\\"456\\\"},]}\", \"Context\": \"\", \"Question\": \"def find_sum(arr): \\n'''Write a python function to find the sum of non-repeated elements in a given list.\\nassert find_sum([1,2,3,1,1,4,5,6]) == 21'''\\n\"}",
    "Test Cases Meetings": "{\n  \"Architect\": \"As an Architect, I would suggest adding more test cases with different input data to cover various scenarios. It's important to include test cases with empty lists, negative numbers, and large lists to ensure the function works as expected in different scenarios.\"\n  ,\n  \"Developer\": \"As a Developer, I would suggest revising the test cases to include edge cases like an empty list, a list with negative numbers, and a large list to cover a wider range of scenarios. Additionally, adding test cases with repeated non-repeated elements could help ensure the function handles those cases correctly.\"\n}",
    "Test Cases Meetings_prompt": "{\"Role\": \"I want you to act as a different roles and then give some suggestions about how to revise the test cases.\", \"Instruction\": \"1. Read the Context section. 2. Act as an Architect, give your suggestions. 3. Act as a Developer, give your suggestions. 4. Response in JSON format.\", \"Example\": \"{\\\"Architect\\\":\\\"Suggestion\\\",\\\"Developer\\\":\\\"Suggestion\\\"}\", \"Context\": \"{\\n  \\\"requirement analysis\\\": \\\"The requirement is to design a test case for the function find_sum that finds the sum of non-repeated elements in a given list.\\\",\\n  \\\"test_cases\\\": [\\n    {\\n      \\\"Test Title\\\": \\\"Non-repeated elements sum\\\",\\n      \\\"Input Data\\\": \\\"arr=[1,2,3,1,1,4,5,6]\\\",\\n      \\\"Expected Output\\\": \\\"21\\\"\\n    }\\n  ]\\n}\", \"Question\": \"Follow the Instruction. The Context section include the test cases.\"}",
    "Test Cases": "{\n  \"requirement analysis\": \"The requirement is to design a test case for the function find_sum that finds the sum of non-repeated elements in a given list.\",\n  \"test_cases\": [\n    {\n      \"Test Title\": \"Non-repeated elements sum\",\n      \"Input Data\": \"arr=[1,2,3,1,1,4,5,6]\",\n      \"Expected Output\": \"21\"\n    },\n    {\n      \"Test Title\": \"Empty list\",\n      \"Input Data\": \"arr=[]\",\n      \"Expected Output\": \"0\"\n    },\n    {\n      \"Test Title\": \"List with negative numbers\",\n      \"Input Data\": \"arr=[-1,-2,-3,-4]\",\n      \"Expected Output\": \"-10\"\n    },\n    {\n      \"Test Title\": \"Large list\",\n      \"Input Data\": \"arr=[1,2,3,4,5,6,7,8,9,10,11,12,13,14,15]\",\n      \"Expected Output\": \"120\"\n    }\n  ]\n}",
    "Test Cases_prompt": "{\"Role\": \"You are a quality assurance engineer. Your duty is to revise the test cases based on the suggestions.\", \"Instruction\": \"1. Your colleague give you some suggestions(in the Context section) about the draft test cases, read these suggestions. 2. Revise your draft version test cases, but don't use long parameters. 3. Response in JSON format.\", \"Example\": \"{\\\"requirement analysis\\\":\\\"analysis\\\",\\\"test_cases\\\":[{\\\"Test Title\\\":\\\"title\\\", \\\"Input Data\\\":\\\"parameter1=[1,2,3],parameter2='123'\\\", \\\"Expected Output\\\":\\\"456\\\"},]}\", \"Context\": \"# Suggestions:\\n{\\n  \\\"Architect\\\": \\\"As an Architect, I would suggest adding more test cases with different input data to cover various scenarios. It's important to include test cases with empty lists, negative numbers, and large lists to ensure the function works as expected in different scenarios.\\\"\\n  ,\\n  \\\"Developer\\\": \\\"As a Developer, I would suggest revising the test cases to include edge cases like an empty list, a list with negative numbers, and a large list to cover a wider range of scenarios. Additionally, adding test cases with repeated non-repeated elements could help ensure the function handles those cases correctly.\\\"\\n}\\n # Draft Test cases:\\n{\\n  \\\"requirement analysis\\\": \\\"The requirement is to design a test case for the function find_sum that finds the sum of non-repeated elements in a given list.\\\",\\n  \\\"test_cases\\\": [\\n    {\\n      \\\"Test Title\\\": \\\"Non-repeated elements sum\\\",\\n      \\\"Input Data\\\": \\\"arr=[1,2,3,1,1,4,5,6]\\\",\\n      \\\"Expected Output\\\": \\\"21\\\"\\n    }\\n  ]\\n}\", \"Question\": \"Follow the Instruction. Please make sure your response length are less than 512. Your test cases is for the below question:\\ndef find_sum(arr): \\n'''Write a python function to find the sum of non-repeated elements in a given list.\\nassert find_sum([1,2,3,1,1,4,5,6]) == 21'''\\n\"}",
    "Code0draft": "def find_sum(arr):\n    seen = set()\n    total = 0\n    for num in arr:\n        if arr.count(num) == 1 and num not in seen:\n            total += num\n            seen.add(num)\n    return total",
    "Code0draft_prompt": "{\"Role\": \"You are a professional engineer. Your duty is to write code in Python that meets the requirements. Ensure that the code you write is efficient, readable, and follows best practices. Remember, do not need to explain the code you wrote.\", \"Instruction\": \"According to the Context section, write your code.\", \"Example\": \"\", \"Context\": \"# Test Cases:\\n{\\n  \\\"requirement analysis\\\": \\\"The requirement is to design a test case for the function find_sum that finds the sum of non-repeated elements in a given list.\\\",\\n  \\\"test_cases\\\": [\\n    {\\n      \\\"Test Title\\\": \\\"Non-repeated elements sum\\\",\\n      \\\"Input Data\\\": \\\"arr=[1,2,3,1,1,4,5,6]\\\",\\n      \\\"Expected Output\\\": \\\"21\\\"\\n    },\\n    {\\n      \\\"Test Title\\\": \\\"Empty list\\\",\\n      \\\"Input Data\\\": \\\"arr=[]\\\",\\n      \\\"Expected Output\\\": \\\"0\\\"\\n    },\\n    {\\n      \\\"Test Title\\\": \\\"List with negative numbers\\\",\\n      \\\"Input Data\\\": \\\"arr=[-1,-2,-3,-4]\\\",\\n      \\\"Expected Output\\\": \\\"-10\\\"\\n    },\\n    {\\n      \\\"Test Title\\\": \\\"Large list\\\",\\n      \\\"Input Data\\\": \\\"arr=[1,2,3,4,5,6,7,8,9,10,11,12,13,14,15]\\\",\\n      \\\"Expected Output\\\": \\\"120\\\"\\n    }\\n  ]\\n}\\n# Design:\\nBased on the suggestions provided by my colleagues, I have updated the design for the find_sum function as follows:\\n\\nThe find_sum function will be implemented using a hash set to efficiently keep track of encountered elements and a variable to calculate the sum of non-repeated elements. Input validation will be handled at the beginning of the function to ensure that the input is a list. Edge cases such as an empty list or a list with only one element will also be considered. The function documentation will include the purpose of the function, its parameters, return value, and any potential errors or edge cases.\\n\\nWhen testing the find_sum function, I will include test cases with different types of input lists, including empty lists, lists with repeated elements, and lists with no repeated elements. I will verify that the function correctly identifies and sums the non-repeated elements, and handles input validation and edge cases appropriately. Additionally, I will ensure that the function documentation is clear and provides relevant information for developers.\\n\\nI believe these updates will enhance the efficiency, reliability, and usability of the find_sum function.\", \"Question\": \"Follow the Instruction section. Complete the following code:\\ndef find_sum(arr): \\n'''Write a python function to find the sum of non-repeated elements in a given list.\\nassert find_sum([1,2,3,1,1,4,5,6]) == 21'''\\n\"}",
    "Code Review Meetings": "{\n  \"Architect\": \"I suggest using a dictionary to store the count of each element in the array, and then iterate through the dictionary to find the unique elements and sum them up. This will improve the time complexity of the code.\",\n  \"Tester\": \"I suggest writing test cases for the function, including arrays with both positive and negative numbers, arrays with duplicate elements, and empty arrays. Additionally, I would check for edge cases to ensure the function handles all scenarios correctly.\"\n}",
    "Code0": "def find_sum(arr):\n    element_count = {}\n    total = 0\n    for num in arr:\n        if arr.count(num) == 1 and num not in element_count:\n            total += num\n            element_count[num] = True\n    return total",
    "Code0_prompt": "{\"Role\": \"You are a professional software engineer. Your duty is to write code in Python that meets the requirements. Ensure that the code you write is efficient, readable, and follows best practices. Remember, do not need to explain the code you wrote.\", \"Instruction\": \"1. Understand the suggestions(in the Context section) about the original code. 2. Rewrite your code.\", \"Example\": \"\", \"Context\": \"# Suggestions:\\n{\\n  \\\"Architect\\\": \\\"I suggest using a dictionary to store the count of each element in the array, and then iterate through the dictionary to find the unique elements and sum them up. This will improve the time complexity of the code.\\\",\\n  \\\"Tester\\\": \\\"I suggest writing test cases for the function, including arrays with both positive and negative numbers, arrays with duplicate elements, and empty arrays. Additionally, I would check for edge cases to ensure the function handles all scenarios correctly.\\\"\\n}\\n# Original code:\\ndef find_sum(arr):\\n    seen = set()\\n    total = 0\\n    for num in arr:\\n        if arr.count(num) == 1 and num not in seen:\\n            total += num\\n            seen.add(num)\\n    return total\", \"Question\": \"Follow the Instruction section. Complete the following code:\\ndef find_sum(arr): \\n'''Write a python function to find the sum of non-repeated elements in a given list.\\nassert find_sum([1,2,3,1,1,4,5,6]) == 21'''\\n\"}",
    "TestScriptOriginal": "import unittest\n\ndef find_sum(arr):\n    unique_elements = set(arr)\n    return sum(unique_elements)\n\nclass Test(unittest.TestCase):\n    def test(self):\n        self.assertEqual(find_sum([1,2,3,1,1,4,5,6]), 21)\n\nif __name__ == '__main__':\n    unittest.main()",
    "TestScriptOriginal_prompt": "{\"Role\": \"You are a quality assurance engineer. Your duty is to write a python test script in unittest framework.\", \"Instruction\": \"1. Write a python test script. 2. Use the input and output given by the question.\", \"Example\": \"import unittest\\n\\nclass Test(unittest.TestCase):\\n    def test(self):\\n        self.assertEqual(function_under_test('a'), 1)\\n\\nif __name__ == '__main__':\\n    unittest.main()\", \"Context\": \"\", \"Question\": \"def find_sum(arr): \\n'''Write a python function to find the sum of non-repeated elements in a given list.\\nassert find_sum([1,2,3,1,1,4,5,6]) == 21'''\\n\"}",
    "TestScript": "import unittest\n\nclass Test(unittest.TestCase):\n    def test(self):\n        self.assertEqual(find_sum([1,2,3,1,1,4,5,6]), 21)\n\nif __name__ == '__main__':\n    unittest.main()",
    "TestScript_prompt": "{\"Role\": \"You are a quality assurance engineer. Your duty is to write a python test script in unittest framework.\", \"Instruction\": \"1. Write a python test script. 2. Use the input and output given by the question.\", \"Example\": \"import unittest\\n\\nclass Test(unittest.TestCase):\\n    def test(self):\\n        self.assertEqual(function_under_test('a'), 1)\\n\\nif __name__ == '__main__':\\n    unittest.main()\", \"Context\": \"\", \"Question\": \"def find_sum(arr): \\n'''Write a python function to find the sum of non-repeated elements in a given list.\\nassert find_sum([1,2,3,1,1,4,5,6]) == 21'''\\n\"}",
    "ScriptResult0": "F\n======================================================================\nFAIL: test (__main__.Test)\n----------------------------------------------------------------------\nTraceback (most recent call last):\n  File \"/Users/watch/PycharmProjects/XXXX-1-LLM/workspace/2024-03-10_21-29-44-549091/test_script.py\", line 13, in test\n    self.assertEqual(find_sum([1,2,3,1,1,4,5,6]), 21)\nAssertionError: 20 != 21\n\n----------------------------------------------------------------------\nRan 1 test in 0.000s\n\nFAILED (failures=1)\n",
    "TestReport0": "Test Report\n\nTest Script Output:\n======================================================================\nFAIL: test (__main__.Test)\n----------------------------------------------------------------------\nTraceback (most recent call last):\n  File \"/Users/watch/PycharmProjects/XXXX-1-LLM/workspace/2024-03-10_21-29-44-549091/test_script.py\", line 13, in test\n    self.assertEqual(find_sum([1,2,3,1,1,4,5,6]), 21)\nAssertionError: 20 != 21\n\n----------------------------------------------------------------------\nRan 1 test in 0.000s\n\nFAILED (failures=1)\n\nTest Report:\nThe test script has failed. The input [1,2,3,1,1,4,5,6] did not produce the expected output of 21. The actual output was 20.\n\nConclusion:\nCode Test Failed",
    "RepairResponse1": "{\n  \"revised_code\": \"def find_sum(arr):\\n    element_count = {}\\n    total = 0\\n    for num in arr:\\n        if arr.count(num) == 1:\\n            total += num\\n    return total\\n\"\n}",
    "RepairResponse1_prompt": "{\"Role\": \"You are a professional software engineer. Your duty is to write code in Python that meets the requirements. Ensure that the code you write is efficient, readable, and follows best practices. Remember, do not need to explain the code you wrote.\", \"Instruction\": \"1. Rewrite a bug fix version of the original code. 2. Response in JSON format.\", \"Example\": \"{\\\"revised_code\\\":\\\"...\\\"}\", \"Context\": \"# the original code:\\ndef find_sum(arr):\\n    element_count = {}\\n    total = 0\\n    for num in arr:\\n        if arr.count(num) == 1 and num not in element_count:\\n            total += num\\n            element_count[num] = True\\n    return total\\n# test report:\\nTest Report\\n\\nTest Script Output:\\n======================================================================\\nFAIL: test (__main__.Test)\\n----------------------------------------------------------------------\\nTraceback (most recent call last):\\n  File \\\"/Users/watch/PycharmProjects/XXXX-1-LLM/workspace/2024-03-10_21-29-44-549091/test_script.py\\\", line 13, in test\\n    self.assertEqual(find_sum([1,2,3,1,1,4,5,6]), 21)\\nAssertionError: 20 != 21\\n\\n----------------------------------------------------------------------\\nRan 1 test in 0.000s\\n\\nFAILED (failures=1)\\n\\nTest Report:\\nThe test script has failed. The input [1,2,3,1,1,4,5,6] did not produce the expected output of 21. The actual output was 20.\\n\\nConclusion:\\nCode Test Failed\", \"Question\": \"The original code has some bugs, according to the test report and suggestions, rewrite the code. Complete the following code:\\ndef find_sum(arr): \\n'''Write a python function to find the sum of non-repeated elements in a given list.\\nassert find_sum([1,2,3,1,1,4,5,6]) == 21'''\\n\"}",
    "Code1": "def find_sum(arr):\n    element_count = {}\n    total = 0\n    for num in arr:\n        if arr.count(num) == 1:\n            total += num\n    return total\n",
    "ScriptResult1": "F\n======================================================================\nFAIL: test (__main__.Test)\n----------------------------------------------------------------------\nTraceback (most recent call last):\n  File \"/Users/watch/PycharmProjects/XXXX-1-LLM/workspace/2024-03-10_21-29-44-549091/test_script.py\", line 13, in test\n    self.assertEqual(find_sum([1,2,3,1,1,4,5,6]), 21)\nAssertionError: 20 != 21\n\n----------------------------------------------------------------------\nRan 1 test in 0.000s\n\nFAILED (failures=1)\n",
    "TestReport1": "Test Report\n\nTest Script Output:\n======================================================================\nFAIL: test (__main__.Test)\n----------------------------------------------------------------------\nTraceback (most recent call last):\n  File \"/Users/watch/PycharmProjects/XXXX-1-LLM/workspace/2024-03-10_21-29-44-549091/test_script.py\", line 13, in test\n    self.assertEqual(find_sum([1,2,3,1,1,4,5,6]), 21)\nAssertionError: 20 != 21\n\n----------------------------------------------------------------------\nRan 1 test in 0.000s\n\nFAILED (failures=1)\n\nTest Report:\nThe test script output indicates that the code has failed the test. The expected output was 21, but the actual output was 20. This indicates a discrepancy in the code's functionality.\n\nExample of Input and Expected Output:\nInput: [1,2,3,1,1,4,5,6]\nExpected Output: 21\n\nConclusion:\nCode Test Failed. \n\nAs a quality assurance engineer, it is important to further investigate and address the issues identified in the test report to ensure the code meets the required quality standards.",
    "RepairResponse2": "{\n  \"revised_code\": \"def find_sum(arr):\\n    total = 0\\n    for num in arr:\\n        if arr.count(num) == 1:\\n            total += num\\n    return total\"\n}",
    "RepairResponse2_prompt": "{\"Role\": \"You are a professional software engineer. Your duty is to write code in Python that meets the requirements. Ensure that the code you write is efficient, readable, and follows best practices. Remember, do not need to explain the code you wrote.\", \"Instruction\": \"1. Rewrite a bug fix version of the original code. 2. Response in JSON format.\", \"Example\": \"{\\\"revised_code\\\":\\\"...\\\"}\", \"Context\": \"# the original code:\\ndef find_sum(arr):\\n    element_count = {}\\n    total = 0\\n    for num in arr:\\n        if arr.count(num) == 1:\\n            total += num\\n    return total\\n\\n# test report:\\nTest Report\\n\\nTest Script Output:\\n======================================================================\\nFAIL: test (__main__.Test)\\n----------------------------------------------------------------------\\nTraceback (most recent call last):\\n  File \\\"/Users/watch/PycharmProjects/XXXX-1-LLM/workspace/2024-03-10_21-29-44-549091/test_script.py\\\", line 13, in test\\n    self.assertEqual(find_sum([1,2,3,1,1,4,5,6]), 21)\\nAssertionError: 20 != 21\\n\\n----------------------------------------------------------------------\\nRan 1 test in 0.000s\\n\\nFAILED (failures=1)\\n\\nTest Report:\\nThe test script output indicates that the code has failed the test. The expected output was 21, but the actual output was 20. This indicates a discrepancy in the code's functionality.\\n\\nExample of Input and Expected Output:\\nInput: [1,2,3,1,1,4,5,6]\\nExpected Output: 21\\n\\nConclusion:\\nCode Test Failed. \\n\\nAs a quality assurance engineer, it is important to further investigate and address the issues identified in the test report to ensure the code meets the required quality standards.\", \"Question\": \"The original code has some bugs, according to the test report and suggestions, rewrite the code. Complete the following code:\\ndef find_sum(arr): \\n'''Write a python function to find the sum of non-repeated elements in a given list.\\nassert find_sum([1,2,3,1,1,4,5,6]) == 21'''\\n\"}",
    "Code2": "def find_sum(arr):\n    total = 0\n    for num in arr:\n        if arr.count(num) == 1:\n            total += num\n    return total",
    "ScriptResult2": "F\n======================================================================\nFAIL: test (__main__.Test)\n----------------------------------------------------------------------\nTraceback (most recent call last):\n  File \"/Users/watch/PycharmProjects/XXXX-1-LLM/workspace/2024-03-10_21-29-44-549091/test_script.py\", line 11, in test\n    self.assertEqual(find_sum([1,2,3,1,1,4,5,6]), 21)\nAssertionError: 20 != 21\n\n----------------------------------------------------------------------\nRan 1 test in 0.000s\n\nFAILED (failures=1)\n",
    "TestReport2": "Test Report:\n\nTest Script Output:\n======================================================================\nFAIL: test (__main__.Test)\n----------------------------------------------------------------------\nTraceback (most recent call last):\n  File \"/Users/watch/PycharmProjects/XXXX-1-LLM/workspace/2024-03-10_21-29-44-549091/test_script.py\", line 11, in test\n    self.assertEqual(find_sum([1,2,3,1,1,4,5,6]), 21)\nAssertionError: 20 != 21\n\n----------------------------------------------------------------------\nRan 1 test in 0.000s\n\nFAILED (failures=1)\n\nTest Report Analysis:\nThe test script has failed with the following error:\n- Test case: find_sum([1,2,3,1,1,4,5,6])\n- Actual output: 20\n- Expected output: 21\n\nConclusion:\nCode Test Failed\n\nInput and Expected Output Example:\n- Input: [1,2,3,1,1,4,5,6]\n- Actual Output: 20\n- Expected Output: 21",
    "FinalCode": "def find_sum(arr):\n    total = 0\n    for num in arr:\n        if arr.count(num) == 1:\n            total += num\n    return total"
}